8602 1065.032000 33.5798870924530632465 -0.107358555267372743347 7.54874993415033745947
8603 1065.038000 33.5795254336213844226 -0.107109364818310653922 7.54848515175676038069
8604 1065.044000 33.5791746285460419585 -0.106918781590036565676 7.54813081946510333609
8605 1065.052000 33.5787232567183551168 -0.106762493615739542663 7.5475731708557178834
8606 1065.060000 33.5782898668546607723 -0.106714309549267888366 7.54698219079833432232
8607 1065.068000 33.5778735846702289791 -0.106759238834545147623 7.5464190839420659529
8608 1065.075000 33.5775226539563647066 -0.10685718204757913008 7.54598783478433343674
8609 1065.082000 33.5771835132652753941 -0.106991440442732399507 7.5456388286850666347
8610 1065.090000 33.5768095907754400287 -0.107166532072838396883 7.54535870850601408932
8611 1065.098000 33.5764493855191332727 -0.107341543955904519803 7.54521182407312629437
8612 1065.105000 33.5761447276692024388 -0.107478929281485544034 7.54518786107133010432
8613 1065.113000 33.5758076803867311355 -0.107604990619311557953 7.54526452676355763316
8614 1065.121000 33.5754814761941915435 -0.10768990798636891848 7.54542772063333533339
8615 1065.129000 33.5751649471869058061 -0.107730837551213834424 7.5456468113501085071
8616 1065.137000 33.5748568416072501464 -0.10772993460405487498 7.54588932333655559859
8617 1065.145000 33.5745558486426958211 -0.107693176735897927498 7.54612425326846558704
8618 1065.152000 33.5742972661255265621 -0.107638229501769613905 7.54630246550112016024
8619 1065.159000 33.5740422279844992204 -0.107568782709566573841 7.54644045895404858015
8620 1065.168000 33.573718184555879418 -0.107468734427486001248 7.54654426033711533961
8621 1065.175000 33.5734682026484776429 -0.107390150756310892577 7.54656291018715208452
8622 1065.184000 33.5731483017138074842 -0.107297048881631718054 7.54650965156787378874
8623 1065.192000 33.5728645699649419498 -0.107227810196989042923 7.54639933899896142577
8624 1065.199000 33.5726163652817817251 -0.107180672854523498239 7.54626619053515579338
8625 1065.207000 33.5723325420845881695 -0.107143642873374661528 7.54608845447341813895
8626 1065.215000 33.5720485397440029374 -0.107124461987445143696 7.54590214864107888815
8627 1065.224000 33.5717291054490161173 -0.107122226048700294743 7.545705865244840993
8628 1065.233000 33.5714087420641362769 -0.107137683176525652651 7.54554527070795622024
8629 1065.241000 33.5711253990859148644 -0.107159768066533087061 7.54544860037560205512
8630 1065.250000 33.5708092220392231297 -0.107191910246613869573 7.54539922461238887763
8631 1065.258000 33.5705314920505770715 -0.107222944813539056153 7.54541023997876081353
8632 1065.267000 33.5702232943229716966 -0.107257081097082929144 7.54547986745374643647
8633 1065.275000 33.5699535043060421913 -0.107283975950112908659 7.54558425927956299972
8634 1065.283000 33.569688203421797823 -0.107306309540056890595 7.54571737532735919984
8635 1065.291000 33.5694275746151333806 -0.10732326196337707569 7.54586656119969134693
8636 1065.299000 33.5691716104088513362 -0.107334511566965412621 7.54601884693068925003
8637 1065.307000 33.5689200023960054864 -0.10734050493306451779 7.54616165768848023987
8638 1065.315000 33.5686731245290133074 -0.107341825637684226691 7.54628442801706711407
8639 1065.322000 33.568460451944169165 -0.107340042072437719112 7.5463686747053930759
8640 1065.330000 33.5682207522945432743 -0.107335291419889983233 7.54643364892313250891
8641 1065.337000 33.5680136743498565011 -0.107329511603000415931 7.54646112259676016265
8642 1065.345000 33.5677797763545129328 -0.107321727426911026071 7.5464593468611225191
8643 1065.352000 33.5675770500062711221 -0.107314339217106369251 7.54643095216577908246
8644 1065.360000 33.5673474259518584972 -0.107305746826450207343 7.54637239796122472058
8645 1065.368000 33.5671195936299042728 -0.107297160545715919433 7.54629257383499663092
8646 1065.375000 33.566921607717958409 -0.107289789290405043753 7.54621138706835825616
8647 1065.383000 33.5666965657531122247 -0.107281375880552809488 7.54611303095398522345
8648 1065.391000 33.5664728788155954931 -0.107272973080369427024 7.5460162261859462518
8649 1065.400000 33.5662227954055509827 -0.107263364301735927842 7.54591787421779525147
8650 1065.407000 33.5660297371329789939 -0.10725588148890216611 7.54585395559312743785
8651 1065.412000 33.5658924499428295007 -0.107250375789975260776 7.54581681704020823531
8652 1065.419000 33.5657016211754779533 -0.107242772327048874192 7.5457779626340153456
8653 1065.425000 33.5655391319169353892 -0.107236259166409511612 7.5457574969254155306
8654 1065.434000 33.5652977146957240961 -0.107226686338069018833 7.54574875058848260068
8655 1065.442000 33.5650856347419548342 -0.107218761888220839862 7.54576142620114165283
8656 1065.450000 33.5648761052728374921 -0.107211678478960861782 7.54579037950229114529
8657 1065.457000 33.5646948442253503231 -0.107206450970226171981 7.5458260687667708666
8658 1065.465000 33.5644905827876343096 -0.107201655357204786445 7.54587509280226331754
8659 1065.473000 33.5642890847931170129 -0.10719847700926850298 7.54592853852594025454
8660 1065.481000 33.5640901894464960264 -0.107196953600520061833 7.54598222906836113566
8661 1065.489000 33.5638944290778695745 -0.107196970486670081768 7.54603261347528331271
8662 1065.497000 33.5637012506436391845 -0.107198539719527266567 7.54607650525909434691
8663 1065.506000 33.563487018340730117 -0.107201803694611130791 7.5461154675770796274
8664 1065.514000 33.5632988994386352033 -0.107205463016611241001 7.54613951093775270351
8665 1065.522000 33.5631130365669818616 -0.107209564305741897328 7.54615318002994772684
8666 1065.531000 33.5629063807178269485 -0.107214147577044963122 7.54615667034078363429
8667 1065.539000 33.5627244955128958281 -0.10721759234320270282 7.54615047683667761191
8668 1065.547000 33.5625442355271275119 -0.107220086611433229606 7.5461371566380499587
8669 1065.555000 33.562365378832723195 -0.107221429658202790924 7.5461184612226235302
8670 1065.562000 33.5622101569765405316 -0.107221110945555711536 7.54609957423429644763
8671 1065.569000 33.5620560877007534373 -0.107219846823716227768 7.54607933774465955423
8672 1065.576000 33.561902910117844101 -0.1072172724104948488 7.54605914965940094419
8673 1065.584000 33.5617292493368495343 -0.107213026419967979996 7.5460373688091495481
8674 1065.593000 33.5615356514655189812 -0.10720681385981088718 7.54601602491622180935
8675 1065.601000 33.5613649343697133531 -0.107200219684438907697 7.54600079695270498092
8676 1065.608000 33.5612170969299725698 -0.107193714494066019705 7.5459910529653839717
8677 1065.617000 33.5610289066428038041 -0.10718526689340361624 7.54598317835859333513
8678 1065.624000 33.5608838943750882322 -0.107178629748585219073 7.54598072735506697484
8679 1065.632000 33.5607200063250772359 -0.107171520577188539303 7.54598136241448624872
8680 1065.639000 33.5605780318775970272 -0.107165667060994784787 7.54598469388664039315
8681 1065.646000 33.5604376866636116006 -0.107160577689398572865 7.54598996925778653377
8682 1065.654000 33.5602789866751649583 -0.107155584690848335039 7.54599787021198675774
8683 1065.661000 33.5601415627562715827 -0.107152093565587108737 7.54600577669282035487
8684 1065.669000 33.5599865562002293018 -0.107148941444962716996 7.5460155119408423019
8685 1065.677000 33.5598333235306256483 -0.107146795534388022952 7.5460252055532652804
8686 1065.685000 33.5596818815047583939 -0.107145471983299100938 7.54603436935270721619
8687 1065.692000 33.5595507090368343484 -0.107144925606344365576 7.54604155510992669065
8688 1065.697000 33.5594578290217668837 -0.107144568243037016653 7.54604625998518319108
8689 1065.703000 33.5593472196259909879 -0.107144470532529650919 7.54605113331518584374
8690 1065.707000 33.5592739813550551276 -0.107144471253217896112 7.5460539310232936927
8691 1065.712000 33.5591830360309018033 -0.107144557854531211061 7.54605688465125101771
8692 1065.718000 33.5590745389619868888 -0.107144562133674917104 7.54605970443001705661
8693 1065.723000 33.5589846338496897715 -0.107144430874167889689 7.5460614677373696324
8694 1065.728000 33.5588953955172186738 -0.107144332164559236142 7.54606264064853426987
8695 1065.734000 33.5587888328343950661 -0.107144012908011856955 7.5460633135745176503
8696 1065.738000 33.5587182899255935808 -0.107143504647943990649 7.54606353960977127571
8697 1065.744000 33.5586129991521744387 -0.107142631182033376547 7.54606334844912218784
8698 1065.749000 33.5585256977636703368 -0.107141647088543151556 7.54606280744491275669
8699 1065.754000 33.5584390177014526557 -0.107140581884547461677 7.54606191556577865498
8700 1065.760000 33.5583355010789929906 -0.107138965310329722924 7.54606056141403946924
8701 1065.765000 33.5582499177338107188 -0.107137496649156019335 7.54605925029138724369
8702 1065.770000 33.5581642543241400745 -0.107135626385093121749 7.54605776012538953523
8703 1065.775000 33.5580795573865202641 -0.107133739130303565212 7.54605623694706562077
8704 1065.780000 33.5579950925977357201 -0.107131627729052492093 7.54605469995231104008
8705 1065.785000 33.55791126434522198 -0.107129516068726157729 7.54605311578763959801
8706 1065.792000 33.5577944843300599587 -0.107126261182649798465 7.54605104168544027488
8707 1065.800000 33.5576622647723397108 -0.107122467081210051565 7.54604884714749246655
8708 1065.808000 33.5575314154442878589 -0.107118731980230114109 7.54604690398643995763
8709 1065.816000 33.5574015763492567999 -0.10711476899886833436 7.54604546740021842055
8710 1065.825000 33.5572573052897098478 -0.107110657547229370934 7.54604431365700989431
8711 1065.833000 33.5571303806646596968 -0.107107136974255584549 7.54604379246231360412
8712 1065.841000 33.5570046595546855883 -0.107103759765827269423 7.54604372444403992404
8713 1065.849000 33.5568803501236772036 -0.107100663374118679205 7.54604408934948533982
8714 1065.858000 33.5567421506097929296 -0.107097514624831358088 7.54604492276691996011
8715 1065.867000 33.5566053868509044378 -0.107094500173778472973 7.54604622441686245793
8716 1065.875000 33.5564852646245128653 -0.107092115243807017855 7.5460475756627456434
8717 1065.882000 33.5563810507544388884 -0.107089994168275498554 7.54604902677565370084
8718 1065.887000 33.5563073168833696514 -0.107088640262583356666 7.54605006706644143577
8719 1065.894000 33.556204629408114215 -0.107086645534662891488 7.54605164679640072478
8720 1065.900000 33.5561173697059373922 -0.107085008823157593061 7.54605299575019827785
8721 1065.904000 33.5560595396567862281 -0.107083920675403745926 7.54605389181041363855
8722 1065.911000 33.5559588934901213975 -0.107082032689849948603 7.54605538291892408154
8723 1065.916000 33.5558877125000663 -0.107080671700986201911 7.54605645033943606137
8724 1065.921000 33.5558167040251333901 -0.107079212523361444465 7.54605748991833813477
8725 1065.928000 33.5557181574183402972 -0.107077277788132044223 7.54605878046814471105
8726 1065.933000 33.5556480781477972641 -0.107075764191674679959 7.5460596649017785964
8727 1065.939000 33.5555645847095718182 -0.107073984733414825921 7.54606058871882101613
8728 1065.944000 33.5554955035106345917 -0.107072531894101208305 7.54606123927715977118
8729 1065.949000 33.5554265687891088987 -0.107071037477304578656 7.54606177219655194222
8730 1065.956000 33.5553308881250700324 -0.10706871905395284883 7.54606254425289346699
8731 1065.963000 33.5552360035923342707 -0.107066535637106899359 7.54606304521987336642
8732 1065.968000 33.5551685068239109455 -0.107064852538102120438 7.54606335687179097249
8733 1065.975000 33.5550748205584881134 -0.10706261504175060284 7.54606359829487249868
8734 1065.980000 33.5550081837065050649 -0.107060899874663301157 7.54606374023590387168
8735 1065.986000 33.554928805336288633 -0.107059036563496495775 7.54606370341016940984
8736 1065.993000 33.5548368222841588704 -0.107056543846460669456 7.546063781492176048
8737 1066.001000 33.5547325987529418967 -0.107053860000937584029 7.5460636956970947864
8738 1066.009000 33.5546293053218604996 -0.107051180192225384169 7.54606356250355592152
8739 1066.017000 33.5545269338727152331 -0.107048508593008268042 7.54606341555658666209
8740 1066.026000 33.5544127807441299183 -0.107045539427608943361 7.54606323554238223039
8741 1066.034000 33.554312437717094042 -0.107042849941359402566 7.54606321835293503142
8742 1066.042000 33.5542129616914550638 -0.107040211223937919982 7.54606325177379577696
8743 1066.050000 33.5541143813548004005 -0.107037586021176717166 7.54606337997167564424
8744 1066.058000 33.5540169588659438205 -0.107035122217164060943 7.54606360398144992985
8745 1066.067000 33.5539078282132336994 -0.1070320180343178329 7.54606400362995177744
8746 1066.075000 33.5538119991568350997 -0.107029411825676518122 7.5460644762565101118
8747 1066.083000 33.5537170203537797875 -0.107026812225668066514 7.54606504406353284509
8748 1066.091000 33.5536228652988270937 -0.107024217428398960017 7.54606568773889740953
8749 1066.100000 33.5535183368225347067 -0.107021495325077722893 7.54606647593932766682
8750 1066.108000 33.5534255317561047605 -0.107018752722191010096 7.54606717723397668607
8751 1066.116000 33.5533338454478951007 -0.107016161025021261377 7.5460679694564598563
8752 1066.124000 33.5532429384720671806 -0.10701358519082983245 7.54606875464503179529
8753 1066.132000 33.5531527387002554974 -0.107011044261165033653 7.54606951084297516985
8754 1066.140000 33.5530632266161745747 -0.107008393106248073101 7.54607025335104797392
8755 1066.148000 33.5529745144243918276 -0.107005848529632047184 7.54607093448611987441
8756 1066.157000 33.5528756553406637408 -0.107003059877046211024 7.54607160599418769209
8757 1066.165000 33.5527884478342954822 -0.107000537442434109914 7.54607216151933357651
8758 1066.173000 33.5527017056643401816 -0.106998024165580379874 7.54607261369614601421
8759 1066.181000 33.5526160062180238697 -0.106995432337371784715 7.54607312054501466747
8760 1066.190000 33.5525203943551346697 -0.106992665404310419164 7.54607353656665580388
8761 1066.198000 33.5524360441076439088 -0.106990155420272223252 7.54607388569904369291
8762 1066.206000 33.5523523682829818426 -0.106987643250607736278 7.54607420124431627073
8763 1066.215000 33.5522587294196270591 -0.106984845579902607127 7.54607443922552967308
8764 1066.223000 33.5521766617659551457 -0.106982197008817392359 7.54607482502660875667
8765 1066.231000 33.5520951031255023622 -0.106979655122848849036 7.54607512249152190265
8766 1066.239000 33.5520141805400129442 -0.106977111890462453503 7.5460754202683846259
8767 1066.248000 33.551923818239416164 -0.106974267547534584999 7.54607571750521355369
8768 1066.256000 33.5518443188191213267 -0.106971668903117420046 7.54607607925565115892
8769 1066.264000 33.5517653990371584882 -0.106969102397467430432 7.54607642793008981386
8770 1066.272000 33.5516870877104693704 -0.106966533041633324319 7.5460767925761045305
8771 1066.278000 33.5516287522933680521 -0.106964603523175161293 7.54607707834191998586
8772 1066.283000 33.5515804543504216895 -0.106963076381117072611 7.54607729522297621116
8773 1066.290000 33.551513169869615183 -0.106960785843189465361 7.54607764192394459002
8774 1066.296000 33.5514558310763177928 -0.106958850702731950166 7.54607796725708190877
8775 1066.301000 33.5514082293868156626 -0.106957180781248661905 7.54607827312166179468
8776 1066.308000 33.5513421653765462338 -0.106954991487399217465 7.54607863814842705352
8777 1066.313000 33.5512950920541115352 -0.106953328141725464984 7.54607895107684090164
8778 1066.318000 33.5512484105273713908 -0.106951787034029882628 7.54607920965044076667
8779 1066.325000 33.5511831635194610612 -0.106949595130242713914 7.54607955372595018417
8780 1066.333000 33.5511093769520485353 -0.10694698427005290553 7.54608007465963837035
8781 1066.341000 33.5510360452662368402 -0.106944440496616000047 7.54608054625411917016
8782 1066.349000 33.5509632371558126351 -0.10694190816681482803 7.54608100959310146294
8783 1066.356000 33.5508998747102111793 -0.106939639306123032703 7.54608143516515905702
8784 1066.364000 33.5508280003841790062 -0.106937225422264650665 7.5460817892470499757
8785 1066.370000 33.5507745856924870509 -0.106935278044406723019 7.5460821694742197252
8786 1066.376000 33.5507213611280405985 -0.106933392789600831274 7.54608249159626875979
8787 1066.382000 33.5506684199642535305 -0.10693151105462575523 7.54608280909180706431
8788 1066.388000 33.5506157612416586744 -0.106929631570720065636 7.54608311555407684779
8789 1066.395000 33.5505545943907605988 -0.106927380006189953754 7.54608349111738352377
8790 1066.403000 33.5504852050311797029 -0.106924979301074390969 7.54608378607591756548
8791 1066.411000 33.5504164689834922797 -0.106922410265433087684 7.54608421559389963562
8792 1066.419000 33.5503481330277963934 -0.106919897352027698512 7.54608458785227842469
8793 1066.427000 33.550280267111872945 -0.10691738427343702722 7.54608494915652183721
8794 1066.435000 33.550212873921950063 -0.106914867853991707447 7.54608530236582186745
8795 1066.443000 33.5501457748139486625 -0.106912311147401684064 7.54608563415319455459
8796 1066.451000 33.5500793846398792653 -0.106909744700579220633 7.54608602186998567163
8797 1066.458000 33.5500217153772908318 -0.106907589817888767914 7.54608630453005257976
8798 1066.467000 33.5499478686147440953 -0.106904682727451488811 7.54608672964970939034
8799 1066.475000 33.5498827750684469606 -0.106902150167530823888 7.54608708245489978594
8800 1066.483000 33.5498181657839396053 -0.106899681237227345276 7.54608737855538080908
8801 1066.491000 33.5497539731269540653 -0.106897123398563415053 7.54608776474036524462
8802 1066.499000 33.5496901998580128179 -0.106894588101686394133 7.54608813708683356936
8803 1066.507000 33.5496268419190286636 -0.106892056872662483125 7.54608850810505060736
8804 1066.515000 33.5495638986106925472 -0.106889528310775389075 7.54608888097328200928
8805 1066.524000 33.5494935701367253955 -0.10688667230503340333 7.54608929106906689555
8806 1066.532000 33.5494314962169752903 -0.106884145108291264692 7.54608967843192601777
8807 1066.539000 33.5493774356887755062 -0.106881880438705431646 7.54609004508713443471
