16432 639.672000 -0.335306872091770236111 -0.012557573415111959389 -0.0510185003988968543975 -0.0181964086857780045492 -0.0264057716703585479423 0.999485680704547574393 3.03874136876363243331
16433 639.678000 -0.335304974122979104756 -0.0125585947230507088967 -0.0510176900197023691641 -0.018200482852135393963 -0.0264058318818730063116 0.999485604932144666712 3.03874298522133745593
16434 639.684000 -0.335302773733163861358 -0.0125588007286678692703 -0.0510164140785532155276 -0.0182036373750074607913 -0.0264069527988143176733 0.999485517869168726968 3.03874246177632967303
16435 639.692000 -0.335301144145750018577 -0.0125580190775546954307 -0.0510121731344759521409 -0.0182003930935517380107 -0.0264126028740905363645 0.999485427657980318727 3.03874112692128361957
16436 639.701000 -0.335299221864847285524 -0.0125556640392507287696 -0.0510069360266365220968 -0.0181941793903433526869 -0.0264211872108157733163 0.999485313900451033398 3.03873626257434503728
16437 639.710000 -0.335297552285574951281 -0.0125514668452340310417 -0.0510011532459566166442 -0.0181842952490972493973 -0.0264331369760115175715 0.999485177817010517209 3.03872777756930911863
16438 639.719000 -0.335296479430905458585 -0.0125458469725439458048 -0.0509950044503475752311 -0.0181715276935550291981 -0.0264476278106383945465 0.999485026683477828513 3.03871681983540220529
16439 639.728000 -0.335295840640953413114 -0.0125390774964820352066 -0.0509890801214016031739 -0.0181578850760149880517 -0.0264634844019158745054 0.99948485491420813176 3.03870364048422691994
16440 639.737000 -0.335295392612980136526 -0.012530551785869599446 -0.050983491282664931965 -0.0181439077881448938834 -0.0264814145740895692804 0.999484633845028391796 3.03868669771899613252
16441 639.746000 -0.335295124728673288317 -0.0125223209393988711702 -0.0509791603298936218946 -0.0181327080102468805867 -0.0264972142773147630035 0.999484418355662596056 3.03866992722195616849
16442 639.756000 -0.335294795894943431502 -0.0125138861135193485419 -0.0509760595777999092615 -0.0181239725069314919215 -0.0265117962918177269005 0.999484190109052761386 3.0386521054780333273
16443 639.765000 -0.335294347493598099419 -0.0125045318202932700946 -0.0509735866046905003457 -0.0181164562459510229686 -0.0265267754832408594878 0.999483928933102117043 3.03863173402640773801
16444 639.774000 -0.335293827798651022931 -0.0124965041401568516949 -0.0509723910173576072458 -0.0181118932863643250508 -0.0265386124774679987848 0.999483697400489812246 3.03861382477221786402
16445 639.783000 -0.335293190952510644642 -0.0124889139433114818023 -0.0509718231869396992684 -0.0181088398286848237251 -0.0265488970355632764031 0.999483479596463553207 3.03859619235710987084
16446 639.793000 -0.335292453265298773246 -0.012481941469544103121 -0.0509718872381014070916 -0.0181073020107336765672 -0.0265574572864931482408 0.999483280038424681813 3.03857945265717788175
16447 639.802000 -0.33529174914616555192 -0.0124756688125958071361 -0.0509717738244149093374 -0.0181060971151484201291 -0.0265647742640789420732 0.999483107418807303901 3.0385641463705472809
16448 639.810000 -0.3352910957471944009 -0.0124701670615587935365 -0.0509714472453755701453 -0.0181052683344381341868 -0.026570782367784231276 0.999482962727680557258 3.03855054193986617861
16449 639.820000 -0.335290448648710048829 -0.0124654410604739095819 -0.0509712651175959624572 -0.0181054554720878127516 -0.0265751505870673379595 0.999482843201134008027 3.03853859780171386973
16450 639.829000 -0.335289832556829037191 -0.0124610856888222494565 -0.0509706485166696587896 -0.0181059366610404476328 -0.0265786713768506356603 0.999482740864227059419 3.03852756781438015921
16451 639.838000 -0.335289327337255804728 -0.0124578758112060157537 -0.0509699721476079836702 -0.0181069981088675356629 -0.0265806042864369547474 0.999482670232582748326 3.0385193587869943066
16452 639.847000 -0.335288864744043069166 -0.012455250173063562788 -0.0509691770721926451504 -0.0181084812267996962676 -0.0265815993505847912581 0.99948261689917539119 3.03851265008841142645
16453 639.856000 -0.335288423129565804626 -0.0124531027292377281107 -0.050968353509472610896 -0.0181103533317022134808 -0.0265819103959173998197 0.999482574706485049632 3.03850719996986873284
16454 639.865000 -0.335287981774091858878 -0.0124513247613433700178 -0.0509676005043230087588 -0.0181125315243892831552 -0.0265817636870836239427 0.999482539137659053985 3.0385027605927605876
16455 639.873000 -0.335287558033895261023 -0.0124499416480163341281 -0.0509670718552109741628 -0.0181146855051620980781 -0.0265814478155427073858 0.999482508501813859958 3.03849937555087334928
16456 639.880000 -0.335287080897618938735 -0.0124486753920617573832 -0.0509668093078477144053 -0.0181171152316713067465 -0.0265811084112860217255 0.999482473488810030382 3.03849631108603324137
16457 639.889000 -0.335286581362822910801 -0.0124474499358206980304 -0.0509665946375123940504 -0.0181193135828408673216 -0.0265809323661416810336 0.999482438319870380994 3.03849341554824459166
16458 639.897000 -0.335286000459227351289 -0.0124462064891374003112 -0.0509666976777058688963 -0.0181216716787877922534 -0.0265809723076561484068 0.999482394505648796823 3.03849047153363693852
16459 639.906000 -0.335285273140452644292 -0.0124447411576826486718 -0.0509670779670815810025 -0.0181241942973792910521 -0.0265813201470048686426 0.999482339513967255051 3.03848700071768407227
16460 639.915000 -0.335284469022593789589 -0.0124431613200211739489 -0.0509676956519955273728 -0.0181265287435400587746 -0.0265820820475486455092 0.999482276916267897704 3.03848318880240952922
16461 639.925000 -0.335283604678220714668 -0.0124414679536912348157 -0.0509685384912386130196 -0.0181286111669755403697 -0.026583220154206256558 0.999482208877871758368 3.03847906089429864451
16462 639.934000 -0.335282707446993510914 -0.0124396439244745405511 -0.0509694130039243034624 -0.0181302340831749723982 -0.0265846704586891711963 0.999482140865304402588 3.03847449507206501806
16463 639.943000 -0.33528181146670404944 -0.0124377318960487374261 -0.0509702606890648640681 -0.0181313571256492764294 -0.0265863748252053652688 0.999482075158147020844 3.03846963279062665109
16464 639.952000 -0.335280945986262235436 -0.0124357582105309154991 -0.0509709925386842219175 -0.018131925457178895561 -0.0265882195789645982276 0.999482015775589593964 3.03846453998503029936
16465 639.961000 -0.33528014119007842897 -0.0124337636469075175916 -0.0509715303133003311276 -0.0181319575646063657626 -0.0265901686296096916029 0.999481963342572998776 3.03845931301344496234
16466 639.970000 -0.335279423987051683476 -0.0124317830686692630537 -0.0509718236478388098121 -0.0181314419604034528233 -0.0265920800642988237883 0.999481921842656606536 3.03845409379121633719
16467 639.978000 -0.335278815606240954139 -0.0124298614993484934921 -0.0509718404242454486974 -0.0181304631239265941212 -0.0265939377426454744147 0.999481890172229214819 3.03844900525019179227
16468 639.988000 -0.335278340944893171738 -0.012428022559808973857 -0.0509715807512043928007 -0.0181290646096615055971 -0.0265956097084167342182 0.99948187105150465559 3.03844415455100724799
16469 639.994000 -0.335277980699707323087 -0.0124263328945159318151 -0.0509711795169822887153 -0.0181275396182915028709 -0.0265971486992182953868 0.999481857758538372316 3.03843978134263670299
16470 640.000000 -0.335277815117357713692 -0.012425249965416279227 -0.0509707522477104643666 -0.0181263747545296373398 -0.0265980489280201667923 0.999481854928582991171 3.03843701120021103534
16471 640.006000 -0.335277703969387386174 -0.012424221149321653182 -0.0509702424826222327825 -0.0181251696001532153213 -0.0265988610562957368544 0.999481855171705180219 3.0384344170374935068
16472 640.015000 -0.335277675668782804141 -0.0124232196445107148652 -0.050969489668408543559 -0.0181236854258719909394 -0.0265995522595099641305 0.999481863690471206141 3.03843192145196283604
16473 640.024000 -0.335277658579892334778 -0.0124218481104631395945 -0.050968564671695290591 -0.0181219630755549802881 -0.0266004920792217575132 0.999481869908319664475 3.03842865635224956833
16474 640.033000 -0.335277709357272857282 -0.012420581171845589824 -0.0509676442745285035452 -0.0181204731109873944106 -0.0266012666844915070252 0.999481876306426264556 3.03842579867662720972
16475 640.042000 -0.335277791266998137498 -0.0124193907497521290745 -0.0509667991392527830463 -0.0181193313035819050794 -0.0266019137022709233065 0.999481879785966031982 3.03842324376318062562
16476 640.051000 -0.335277865416054865477 -0.012418240103512459549 -0.0509660918197313642097 -0.0181186281060061009363 -0.0266024684367791343365 0.999481877768990001343 3.03842088216021588565
16477 640.059000 -0.335277913670977811833 -0.0124171411055677295004 -0.0509655709632134135134 -0.0181183681937623665414 -0.026602914593870992388 0.999481870605518629702 3.03841872984284755432
16478 640.069000 -0.335277911368074443832 -0.0124160146990495417335 -0.0509652183705690264848 -0.0181185370305451780293 -0.0266033468813322224178 0.999481856038709981505 3.03841650274682262278
16479 640.078000 -0.335277830420757705365 -0.0124148830488117929705 -0.0509650846349341407615 -0.0181191314628426844435 -0.0266037166390193542675 0.999481835420745867715 3.03841426626347343998
16480 640.087000 -0.335277661375151359024 -0.0124137152652634384642 -0.0509651398635940361403 -0.01812009912169236861 -0.0266040875162509779517 0.999481808006152716573 3.03841186599719126349
16481 640.096000 -0.335277409889774613561 -0.0124125196814695009512 -0.0509653529096477930782 -0.018121305888697560732 -0.0266044242851511507364 0.999481777163217621762 3.03840932447087697099
16482 640.105000 -0.335277043244836481239 -0.0124111640684527440442 -0.0509656894584931546843 -0.018122748738285211767 -0.0266047567137328924702 0.999481742153588204047 3.03840631867705068814
16483 640.114000 -0.33527667300631874836 -0.0124100102483802633702 -0.05096609325754959674 -0.0181240731354008477449 -0.0266050577020150620655 0.999481710126631006652 3.03840361153688220952
16484 640.124000 -0.335276156143094528073 -0.0124085502416896673733 -0.0509665792432128367251 -0.0181255787816637405074 -0.0266053899643982974532 0.999481673978403706293 3.03840006868956757913
16485 640.133000 -0.335275658279193367051 -0.0124072188793207492663 -0.0509669922845239348197 -0.0181267870371748483771 -0.0266057097170952737419 0.999481643554376852912 3.03839670929784677611
16486 640.142000 -0.33527514573965433442 -0.0124058699711845667191 -0.050967349832483244132 -0.0181277698517643554021 -0.0266060105157298019962 0.99948161772222621213 3.03839322936146993825
16487 640.151000 -0.335274637292903798791 -0.0124045127719490805296 -0.0509676223162514527298 -0.0181285175487729856292 -0.0266063463133989347442 0.999481595221910712468 3.0383896461501418429
16488 640.160000 -0.335274166010595009446 -0.012403182495229703175 -0.0509677867806841156106 -0.0181289335585563121667 -0.0266066536481394874669 0.999481579494928662477 3.03838611912870737441
16489 640.169000 -0.335273722094746984279 -0.0124018484064383344156 -0.0509678452798325992701 -0.0181291284934617241698 -0.0266070358216090735448 0.999481565785410142055 3.03838256100295867057
16490 640.178000 -0.33527333461466957143 -0.0124005459711083419749 -0.0509677954950419065394 -0.01812904007718167676 -0.0266074218028302458827 0.999481557113930052516 3.03837913200121034762
16491 640.184000 -0.335272989337938365217 -0.0123993262710111983027 -0.0509677133194711348696 -0.018128824948604092826 -0.0266078383776703480956 0.999481549926185874888 3.03837599595187368706
16492 640.192000 -0.335272839050011484119 -0.0123985625587177648865 -0.050967534612557832685 -0.0181285083354649836918 -0.0266080950582237886481 0.999481548835646882445 3.03837400237511356949
16493 640.198000 -0.335272602866807822863 -0.0123974907263388056666 -0.0509673567475061803367 -0.0181281306271141307018 -0.0266085270982796447126 0.999481544184596892855 3.03837132557869660232
16494 640.206000 -0.335272441522717734586 -0.0123965125235461839925 -0.0509671063953312519779 -0.0181276540867370168642 -0.0266089222465167654641 0.99948154230790586805 3.03836890981202589757
16495 640.215000 -0.335272289617931595895 -0.0123954109786849082236 -0.0509668054704643172514 -0.0181270846092593876375 -0.0266093815583294014682 0.999481540408151736266 3.03836626496107875539
16496 640.224000 -0.335272141172150095478 -0.0123942042187801700071 -0.0509664863482326702115 -0.0181265328207557974149 -0.0266099577647530942393 0.999481535074888904902 3.03836344332937624557
16497 640.233000 -0.335272010458397162758 -0.0123929957008437081206 -0.0509661839489849860518 -0.0181260475687869543338 -0.026610531954632414553 0.999481528588010426084 3.03836069762764049429
16498 640.241000 -0.33527188167953642095 -0.012391802747379913538 -0.0509659209733157453348 -0.0181257124472864288023 -0.0266111347996226994816 0.99948151861500400539 3.03835803283341476799
16499 640.247000 -0.335271771062982559819 -0.0123907760276695550622 -0.0509657179238142271638 -0.0181254899537885844074 -0.0266116239571557167132 0.999481509626015007797 3.03835580556045314893
16500 640.255000 -0.335271682035144902301 -0.0123899025823969999305 -0.0509655778459090907928 -0.018125409574653833511 -0.0266120409819751435609 0.999481499980127141569 3.03835382701294998142
16501 640.261000 -0.335271552988511634119 -0.0123888591847257645284 -0.0509654319408170408678 -0.0181253727889975173315 -0.026612504891125529638 0.999481488295145825695 3.03835156270198547546
16502 640.268000 -0.335271440886684202187 -0.0123879933346696998603 -0.0509653535713683394914 -0.0181254551367015792618 -0.0266128889030383466996 0.999481476576890681685 3.03834960019708200107
16503 640.275000 -0.335271322530544313434 -0.012387129942316558312 -0.0509653003136133625484 -0.0181255784413565899926 -0.0266132360648185656293 0.999481465096939580839 3.03834764937804724383
16504 640.281000 -0.335271139379159810456 -0.0123860452667145671396 -0.050965242091298219862 -0.0181258072764619859729 -0.0266136575972746314278 0.99948144972274088893 3.03834520224496751339
16505 640.288000 -0.335270992117393196175 -0.0123851642961401199605 -0.0509652353261300927745 -0.0181260443611315595625 -0.0266139639964813497219 0.999481437264450822688 3.03834315958875489372
16506 640.295000 -0.335270802228910203002 -0.01238415442184285023 -0.0509652388536944306319 -0.0181263583481491297178 -0.0266142952280344867455 0.999481422750092662888 3.03834079398124634608
16507 640.302000 -0.335270597406969905752 -0.0123831370682735992378 -0.0509652580759723458637 -0.0181267039492151449398 -0.0266146030280963903636 0.999481408286114314521 3.03833837575380227847
16508 640.311000 -0.335270379487829728316 -0.0123820578131875955186 -0.0509653024979427049512 -0.0181270898121886590848 -0.026614896269216758995 0.999481393479398350088 3.03833574324648436615
16509 640.320000 -0.335270085253025373895 -0.0123807352890679157886 -0.0509653464249571475086 -0.0181275447368977569995 -0.0266152195602411059672 0.999481376619680617068 3.03833251073316379376
16510 640.329000 -0.335269780377254578152 -0.0123794139923126180619 -0.0509653874939297799052 -0.0181279908580947966834 -0.0266155485348180988192 0.999481359767974475439 3.03832923170805990765
16511 640.338000 -0.335269467744120641672 -0.0123780879133015917631 -0.0509654226649554203954 -0.0181283841066400761011 -0.026615844523077462902 0.999481344753370359868 3.03832592311836835464
16512 640.346000 -0.335269150009584682159 -0.0123767883453816396333 -0.0509654451892308929528 -0.0181287452958861887431 -0.0266161648872842611369 0.999481329670889762085 3.03832265998996131628
16513 640.355000 -0.335268880812973013583 -0.0123755926944649850135 -0.0509654470167362552702 -0.0181289769971959800754 -0.0266164202541288585913 0.999481318667783114051 3.03831964379746111149
16514 640.364000 -0.3352685827302266941 -0.0123742857800536714546 -0.0509654292961590205113 -0.0181291951011008679873 -0.0266167539080455692324 0.999481305826369514911 3.03831635208629613487
16515 640.372000 -0.335268292385712429748 -0.0123730107989088108922 -0.0509653974259153957904 -0.0181293420558476629789 -0.0266170855559621048758 0.99948129432877774736 3.03831318457566146307
16516 640.380000 -0.335268045785092727584 -0.0123718547001778027272 -0.0509653490271849141102 -0.0181294361106490962976 -0.0266174239198077242086 0.999481283611745707773 3.03831030767125032099
16517 640.389000 -0.33526781091680035729 -0.0123706703381720080348 -0.0509652819613086727202 -0.018129478768496510438 -0.0266177745947895061374 0.999481273499010502981 3.03830736115360222627
16518 640.398000 -0.335267567472338323675 -0.0123693926772491455401 -0.0509651935511940060164 -0.0181294579654897383691 -0.0266181604358831855328 0.99948126360071753993 3.03830424746737959296
16519 640.407000 -0.335267323625903501672 -0.0123680978662407074081 -0.0509650978811894417309 -0.0181294680596818282015 -0.0266186212144783884703 0.999481251146069893387 3.03830109890498167857
16520 640.416000 -0.335267096665299524361 -0.0123668140175973769596 -0.0509649932713617179192 -0.0181294356099724884857 -0.0266190750202262883806 0.999481239648614683269 3.03829802441138285829
16521 640.426000 -0.33526687859449849638 -0.0123654936621487993031 -0.0509648814030787544738 -0.01812939265997813576 -0.0266195323708449636813 0.999481228247003139487 3.03829485486936690108
16522 640.435000 -0.335266636184744060145 -0.0123640873245693914961 -0.0509647632608961342893 -0.0181293925821646891017 -0.0266200740532717729236 0.999481213821450720225 3.03829151795533913827
16523 640.445000 -0.335266426010217388765 -0.0123627578283286715388 -0.0509646553439282029574 -0.0181293914850723970889 -0.0266205551295208044105 0.999481201028302068678 3.03828835268761787702
16524 640.454000 -0.33526621299903391904 -0.0123614536235119431423 -0.0509645563354018116264 -0.018129414453593475226 -0.0266210125647175638308 0.999481188428075983943 3.03828525722651310303
16525 640.463000 -0.335265969742277902821 -0.0123600264678608712243 -0.050964454111307150308 -0.0181294989829669031534 -0.0266215395872920271292 0.999481172857512367713 3.03828186404479971827
16526 640.472000 -0.33526575023708732326 -0.0123587090946018877957 -0.0509643703191147573461 -0.0181295895845963797588 -0.0266219883798447069789 0.99948115926024216904 3.03827872132975729258
16527 640.481000 -0.33526552485324512265 -0.0123573819496627622383 -0.0509642953704406570514 -0.0181297021725022391991 -0.0266224073421646029169 0.999481146058515901309 3.03827552885644935898
16528 640.490000 -0.335265294783598455375 -0.0123560531679621603274 -0.0509642262435445331237 -0.0181298523232181936493 -0.0266228388920740494106 0.9994811318399486888 3.03827230685185778469
16529 640.499000 -0.335265057085618878308 -0.0123547143832521983536 -0.0509641667875378318042 -0.018130011766340731888 -0.0266232357996925017574 0.999481118375383004171 3.03826905521557488754
16530 640.508000 -0.335264810488605236038 -0.0123533652316967206691 -0.0509641144895666628467 -0.018130210918674033449 -0.0266236474116690220726 0.999481103798637970925 3.03826574245274771968
16531 640.516000 -0.335264594672378235529 -0.0123521756893316507486 -0.0509640700215861081057 -0.0181303600944732710987 -0.0266239710436526229309 0.99948109247184424575 3.03826283180521672378
16532 640.525000 -0.335264346764471143914 -0.012350834508376328652 -0.0509640218303659825461 -0.0181305533420771519681 -0.0266243619857227629966 0.999481078552447388397 3.03825952248343256201
16533 640.534000 -0.335264094776984211688 -0.0123494879542782112769 -0.0509639776547643127969 -0.0181307342904987976728 -0.0266247292847054603526 0.999481065485786746017 3.03825620636436388722
16534 640.543000 -0.335263838140651193598 -0.0123481353242276808285 -0.0509639346960304717715 -0.0181309347847094654016 -0.0266251234477850283466 0.999481051348760085595 3.03825285338130779422
16535 640.552000 -0.335263593161988282532 -0.0123468027726476008848 -0.0509638861357136346841 -0.0181310755393206020358 -0.0266254765138997824547 0.999481039390040182369 3.03824957285969743381
16536 640.561000 -0.335263336833190650488 -0.0123454522705361523227 -0.0509638396577564087297 -0.0181312614361008005159 -0.026625886348081415772 0.999481025099983932947 3.03824623054018871926
16537 640.569000 -0.335263087686837157886 -0.0123441508902218111121 -0.0509637901825951908363 -0.0181314053414653349183 -0.0266262722008221118519 0.999481012210352681713 3.03824305610809863865
16538 640.578000 -0.335262867702766254041 -0.0123429182961392221174 -0.0509637417959300578763 -0.0181315318715367483626 -0.0266266331054277952117 0.999481000300386002166 3.03823999880636064219
16539 640.586000 -0.335262629702494818762 -0.012341628264430401507 -0.0509636830271161106465 -0.018131626888472137521 -0.0266270066644799519029 0.999480988624829702616 3.03823686559313754785
16540 640.595000 -0.335262415092751286938 -0.0123403999804285995773 -0.0509636274907477385132 -0.0181317436994883479651 -0.0266273948259076222167 0.999480976164729861821 3.03823383475356223471
16541 640.603000 -0.335262200352084371868 -0.0123392051445685851929 -0.0509635714112213616955 -0.0181318480913426824386 -0.0266277702071896493763 0.999480964270248350978 3.03823090914321314315
16542 640.611000 -0.335261964276460155965 -0.0123379074817664430991 -0.0509635064975990093039 -0.0181319468214203340095 -0.0266281835787180801156 0.999480951466191425148 3.03822777373276098345
16543 640.620000 -0.335261755798500260539 -0.0123366741183607159238 -0.0509634445491902038361 -0.0181320392713702309428 -0.0266285661335338534605 0.999480939596915751721 3.03822473665676806576
16544 640.628000 -0.335261552951142682844 -0.0123354876223957417303 -0.050963381361171039563 -0.0181321072332974141117 -0.0266289228011574764798 0.99948092886144168645 3.03822185512503262217
16545 640.636000 -0.335261322259594762851 -0.0123341864033425698682 -0.050963309969687176082 -0.0181322086478901932372 -0.0266293517719836253521 0.999480915592565688499 3.03821869657208498694
16546 640.644000 -0.335261114720410202672 -0.0123329870219473381604 -0.0509632472294285834846 -0.0181323052753168956208 -0.0266297333595991447819 0.999480903672801179738 3.03821576473740639912
16547 640.652000 -0.335260913438111762819 -0.0123317951124772336863 -0.0509631828728546315554 -0.0181323785039244414485 -0.0266300894433471220524 0.999480892856901781407 3.03821286622497677143
16548 640.661000 -0.335260709493880648679 -0.0123305539261543660456 -0.0509631187172665187091 -0.0181324824295195294321 -0.0266304780775200485021 0.99948088061668594051 3.03820980533384776834
16549 640.669000 -0.335260502423609052514 -0.0123293469398941604731 -0.050963057640042830343 -0.0181325867887852203164 -0.0266308481328654464426 0.999480868863467097896 3.03820683885478093345
16550 640.676000 -0.335260298918274357582 -0.012328189586987945911 -0.050962997796970929687 -0.0181326717065156926834 -0.0266311907594191273063 0.999480858193651955368 3.03820403269150096648
16551 640.684000 -0.335260097411262503186 -0.0123269885829006015793 -0.0509629354711060578165 -0.0181327630747027991609 -0.0266315438633787232581 0.999480847127512284089 3.03820107909176417849
16552 640.692000 -0.335259918712483284686 -0.012325892682752611143 -0.0509628828364674726914 -0.0181328568167242118458 -0.026631862820615644083 0.999480836928036353584 3.0381983615326162429
16553 640.697000 -0.33525970440367935943 -0.0123248025917765003517 -0.0509628303338436963732 -0.0181329876530504086052 -0.0266322284048929984468 0.999480824813044566035 3.03819573576598234155
16554 640.702000 -0.335259549501454312548 -0.0123239409146074629237 -0.0509627886839797428209 -0.0181330561765805781116 -0.0266324737372073093444 0.999480817032690205259 3.03819363983974399801
16555 640.707000 -0.335259303275564968239 -0.0123227328746186703262 -0.0509627335799579944675 -0.0181332160992499734353 -0.0266328835123686991082 0.999480803212204893526 3.03819073406219475331
16556 640.713000 -0.335259148648095139933 -0.0123218703131745942886 -0.0509626928604565640479 -0.0181332947250847538456 -0.0266331383835091070611 0.999480794994210053339 3.03818863168397390595
16557 640.718000 -0.335259018369118477754 -0.0123210728105178825981 -0.0509626598401494018686 -0.0181333638201024369141 -0.0266333548058745872567 0.999480787973611839448 3.03818665063179782493
16558 640.723000 -0.335258887622861156963 -0.0123203150364587839943 -0.0509626254196643285743 -0.0181334467937891152811 -0.0266335913402441226694 0.999480780165230453527 3.03818477693768640435
16559 640.729000 -0.335258730910351521182 -0.0123194509732478633957 -0.0509625867996818526784 -0.0181335245133341753376 -0.0266338402196941888278 0.999480772123143901275 3.03818266943522719004
16560 640.734000 -0.335258601086613428066 -0.0123186933584059285507 -0.0509625530444539898145 -0.0181336046387209383346 -0.0266340708119737375192 0.999480764524655285186 3.03818079071482083364
16561 640.738000 -0.335258493669696511219 -0.0123180409496933956914 -0.0509625278194421396649 -0.0181336762708808885147 -0.0266342622607169017546 0.999480758123301948892 3.0381791564999320876
16562 640.743000 -0.335258367699562964681 -0.0123172913389770540687 -0.0509624931706416997579 -0.0181337298911924058031 -0.0266344671077863928699 0.999480751691655844304 3.03817731823544390224
16563 640.751000 -0.335258156216014457929 -0.0123161196652020691472 -0.0509624422274283783718 -0.0181338592681963665931 -0.0266348341980063851864 0.999480739561941722293 3.03817444654277535321
16564 640.759000 -0.335257945661602552168 -0.0123149047233730782325 -0.0509623908251712470774 -0.0181339825038084011266 -0.0266351962610604092729 0.999480727677470759396 3.0381714424420560583
16565 640.766000 -0.335257765920715544716 -0.012313804459528319285 -0.0509623434080335030449 -0.0181340819779071994733 -0.0266355156126218232948 0.99948071736220522876 3.03816870887196355255
16566 640.774000 -0.335257560415868571813 -0.0123126426535081698321 -0.050962291115658614471 -0.0181341784937354560947 -0.0266358533881771407381 0.999480706609507718596 3.03816588010133914466
16567 640.781000 -0.335257381717307012536 -0.0123115411237086462559 -0.0509622425594912081825 -0.0181342749155562234231 -0.0266361728001540676303 0.999480696347782027189 3.03816314334726866875
16568 640.789000 -0.335257179978942720933 -0.0123103354623189161637 -0.0509621857751719753438 -0.0181343713397698509671 -0.026636525071308897461 0.999480685210192842938 3.03816017092400469934
16569 640.797000 -0.335256972462452451644 -0.0123091218778278634755 -0.05096213154924290889 -0.0181344967073946497504 -0.0266369049358929806115 0.999480672811938752886 3.03815717544449359622
16570 640.805000 -0.335256764553556740882 -0.0123079071017379148428 -0.0509620774278147781189 -0.0181346135435180022544 -0.0266372735226048928947 0.999480660868887982318 3.03815417767901596591
16571 640.813000 -0.335256561283524490147 -0.0123067439587232815151 -0.0509620228214771944786 -0.0181347046028303600373 -0.0266376145757307378203 0.99948065012719622402 3.03815134716692503147
16572 640.820000 -0.335256384836788157155 -0.0123056417616127840992 -0.0509619719950564348254 -0.0181347954232548708164 -0.0266379338692609331229 0.999480639969646089682 3.03814860724270641157
16573 640.829000 -0.335256149925092616915 -0.0123043140340304037184 -0.0509619116549825251772 -0.0181349337504633674467 -0.0266383522470558416206 0.999480626309198649793 3.03814534331344177076
16574 640.837000 -0.33525594988513918171 -0.0123031084413736686162 -0.050961855013413458193 -0.0181350214223940861547 -0.0266386942722400092698 0.999480615602663768904 3.0381423807154082084
16575 640.845000 -0.335255751005773483531 -0.0123019003101238165454 -0.0509617958771775708682 -0.0181351123553177180636 -0.0266390446277455436586 0.999480604614807477404 3.03813939573926949933
16576 640.853000 -0.335255546090052092278 -0.012300681168377155042 -0.0509617395186111182825 -0.01813523358992382567 -0.0266394199983588271519 0.999480592410272983273 3.03813637615289833249
16577 640.860437 -0.335255370678035180543 -0.0122995756172539216777 -0.0509616883668932776907 -0.0181353239995530636508 -0.0266397372686268778252 0.999480582313478360668 3.03813362100219430673
16578 640.869000 -0.33525514051653199088 -0.0122982524733504603592 -0.0509616269809940874991 -0.018135436667391820198 -0.0266401262619770512474 0.999480569901000648336 3.03813037985570844057
16579 640.876000 -0.335254965330085530351 -0.0122971450392702335436 -0.0509615758095760540414 -0.0181355274778909648925 -0.0266404419897208685764 0.999480559837804261036 3.03812761677363152302
16580 640.883500 -0.335254788316559637629 -0.0122960805554161028974 -0.0509615265527079211449 -0.0181356199266909691448 -0.0266407538542217867117 0.999480549847746257974 3.03812498197389002641
16581 640.892000 -0.335254554692455464249 -0.0122947478760893451344 -0.0509614665000011346496 -0.0181357597803170692008 -0.0266411678067323444419 0.999480536276261877227 3.03812169338279369768
16582 640.900000 -0.335254357510011868904 -0.012293492228417019288 -0.05096140902677798179 -0.0181358488414320728754 -0.0266415102389534301508 0.99948052553263322384 3.03811857261986295597
16583 640.908000 -0.335254159481225499917 -0.01229227866888543165 -0.0509613509134433234626 -0.0181359426450383651175 -0.0266418575138112831424 0.999480514573740652651 3.0381155642404822359
16584 640.916000 -0.335254174383234682111 -0.0122919255217721536816 -0.05096133911727701582 -0.0181359356988164376057 -0.0266418921038438262505 0.999480513777760259941 3.03811450662983784099
16585 640.924000 -0.33525375016792213767 -0.0122898343345633834223 -0.0509612420774938901236 -0.0181361848636599799767 -0.0266425958464546371041 0.999480490497515194903 3.03810949836838073423
16586 640.932000 -0.335253551277753580884 -0.012288621093932299011 -0.0509611864406525061355 -0.0181362767253450338223 -0.0266429359702718901448 0.999480479764075169236 3.03810650592569553297
16587 640.940000 -0.335253346433217802591 -0.0122874446454728798034 -0.0509611333061721419324 -0.0181363977192195539867 -0.0266433018956755141016 0.999480467814087059075 3.03810361115424765188
16588 640.947000 -0.335253361422918727541 -0.0122870876046325041425 -0.0509611218438551366594 -0.0181363913539406909625 -0.0266433372723225321554 0.999480466986548909958 3.03810254208844243706
16589 640.955000 -0.335253187160688137514 -0.0122859765663032461519 -0.0509610728317388544939 -0.0181364858269656391287 -0.0266436544371815714483 0.999480456817480988896 3.03809976678984261511
16590 640.963000 -0.335252770685773471282 -0.0122838987561792352399 -0.0509609759220809171998 -0.0181366995574458178542 -0.026644317025747168981 0.999480435275945877649 3.03809480712519697221
16591 640.971000 -0.335252785834928512809 -0.0122835382440606624005 -0.0509609642561482806267 -0.0181366931325870096858 -0.0266443512804315739417 0.999480434479364410194 3.03809372697887525305
16592 640.979000 -0.335252589178030580008 -0.0122823257266085235362 -0.0509609074082377003223 -0.0181367881513340399591 -0.0266446999832446497491 0.999480423459287448118 3.03809072171833305376
16593 640.987000 -0.335252168018347396217 -0.0122802413060391288346 -0.0509608116457295201585 -0.0181370371847909932217 -0.0266454023215646727818 0.999480400216672171254 3.03808573150253291573
16594 640.995000 -0.335251968932585020511 -0.0122790736813844190978 -0.0509607581696155526041 -0.0181371295584529454437 -0.0266457377077269109977 0.999480389599211149765 3.03808287412024791152
16595 641.003000 -0.335251767765877839444 -0.0122778533992410170128 -0.0509607036561110712802 -0.0181372483807965070857 -0.0266461062603383855296 0.999480377617457782513 3.03807984537704811601
16596 641.010000 -0.335251595124009371673 -0.0122767423317081715572 -0.050960654538621266707 -0.0181373413291285208448 -0.0266464215096896966939 0.999480367526165536241 3.0380770669806032025
16597 641.019000 -0.335251369386056152777 -0.0122754198395753754552 -0.0509605956404104165625 -0.0181374530093987886004 -0.0266468019116961711557 0.999480355357828198493 3.03807381423710864965
16598 641.026000 -0.335251197169968984113 -0.0122743077869889392201 -0.0509605462432934155914 -0.018137545259281146609 -0.0266471157164175215248 0.999480345317487195445 3.03807103108787490697
16599 641.035000 -0.335250973246974282027 -0.0122729834847314506208 -0.0509604841743063058379 -0.0181376691622897150136 -0.0266475188215073155451 0.999480332321760367442 3.03806775928846484192
16600 641.043000 -0.335250771373088229943 -0.0122717598194306588832 -0.0509604305425491871384 -0.018137784834502269915 -0.0266478792921999753374 0.999480320611929595742 3.03806471607382988509
16601 641.050000 -0.335250786673692457995 -0.0122713954872751846575 -0.0509604187102653954922 -0.0181377781927457987221 -0.0266479148324903006295 0.999480319784892601298 3.03806362490222259254
16602 641.059000 -0.335250377672854205091 -0.0122692813547576363986 -0.0509603191505744179679 -0.0181379907503003250102 -0.0266485885890047069502 0.999480297963774688697 3.03805854870462210826
16603 641.064000 -0.335250387288954287968 -0.0122690519105412773615 -0.0509603118231535812122 -0.0181379867853586410065 -0.0266486106404770078937 0.999480297447781995679 3.03805786137226441213
16604 641.072000 -0.335250057376119070529 -0.0122673041417438975775 -0.0509602296211128791281 -0.0181381498848637405519 -0.0266491480475894264301 0.999480280159189438116 3.03805363997244803898
16605 641.080000 -0.335249858027325653431 -0.0122660827447909938359 -0.0509601751254671053726 -0.0181382670724547570562 -0.0266495149386484601883 0.999480268250025449817 3.0380506015773383055
16606 641.088000 -0.335249657613616469654 -0.0122648599719030245575 -0.0509601217307418946634 -0.0181383801216969398062 -0.02664987165584364881 0.999480256687088397527 3.03804755480760313446
16607 641.096000 -0.335249463321386775849 -0.0122636469067428921509 -0.0509600665058323187839 -0.018138468235397598588 -0.0266502056964785759285 0.999480246181188469734 3.03804455082716584613
16608 641.104000 -0.335249270072578875457 -0.012262432749061738177 -0.0509600092349055885932 -0.0181385600840642952081 -0.0266505494054505333301 0.999480235349586298987 3.03804153017169298323
16609 641.112000 -0.335249070659704773156 -0.0122612108766653564451 -0.0509599550925812910807 -0.0181386823372179407932 -0.026650920442683329048 0.999480223237372289447 3.03803848672965370881
16610 641.120000 -0.335248870506161977811 -0.0122599881778252123299 -0.0509599016064480325738 -0.0181387973501403489129 -0.0266512801647280396511 0.999480211558123721183 3.0380354420866426679
16611 641.128000 -0.335248676541368084703 -0.0122587751936214049003 -0.0509598463874159079978 -0.0181388863720010132252 -0.0266516162186705984904 0.999480200981548216888 3.03803243926080179804
16612 641.136000 -0.335248478491694812398 -0.0122575544429228151105 -0.0509597922421143600946 -0.0181390037061968309451 -0.026651982558151925129 0.999480189083438830266 3.03802940048025815756
16613 641.144000 -0.335248277491503154923 -0.0122563788606884233739 -0.0509597404277069010448 -0.0181391173911017930531 -0.0266523334629170660648 0.999480177662995572518 3.03802649249529155284
16614 641.152000 -0.335248086400486811076 -0.0122551205514927295109 -0.0509596844643091934079 -0.0181392053259351627992 -0.0266526719723476600288 0.99948016704028597168 3.0380233511263576851
16615 641.160000 -0.335248102092549515874 -0.0122547452764181340895 -0.0509596726254486764862 -0.0181391991543105382534 -0.0266527070778078932489 0.9994801662161509892 3.03802222648929065585
16616 641.168000 -0.335247910063808773895 -0.0122535338219621706829 -0.0509596160192623062746 -0.0181392913523269784515 -0.0266530511832295050056 0.999480155366708422626 3.03801921230947069574
16617 641.176000 -0.335247495609777790282 -0.0122515112390814990412 -0.0509595223775234779096 -0.0181395357349214310372 -0.0266537381618978490294 0.999480132611608507176 3.03801438272799906315
16618 641.184000 -0.335247513181012590788 -0.0122510909117964691267 -0.0509595090946958068079 -0.0181395286513920707405 -0.0266537789328379348675 0.999480131652903058814 3.03801312374760890123
16619 641.192000 -0.335247320475639043469 -0.0122498788097625630616 -0.0509594546556615332622 -0.0181396181029105374449 -0.0266541144151398803896 0.999480121082868322446 3.03801012108773127451
16620 641.200000 -0.335247123667667790148 -0.0122486597908697588538 -0.0509594011008848990496 -0.0181397355105806200315 -0.0266544796066696121351 0.999480109213036760352 3.03800708460641732955
16621 641.208000 -0.335246718459965176162 -0.0122466049641279852572 -0.0509593053632237807937 -0.0181399419744164916435 -0.0266551288998007687714 0.999480088150084156062 3.03800216365142716768
16622 641.216000 -0.33524652775319424558 -0.0122453937283988987389 -0.0509592488272387345027 -0.0181400334814813650464 -0.0266554699530503688698 0.999480077393678056907 3.03799914576157270574
16623 641.224000 -0.335246330866547703753 -0.0122441749076552114373 -0.0509591953769841649047 -0.0181401552208024438584 -0.026655838149826589778 0.999480065364535263939 3.03799610519333285197
16624 641.232000 -0.335246133222499742566 -0.0122429553551605761058 -0.0509591425276755549678 -0.0181402695331366499432 -0.0266561948745699731078 0.999480053775999244259 3.03799306342369979106
16625 641.239000 -0.335245963279198422313 -0.0122418923136122358847 -0.0509590952686257009363 -0.018140360905473718045 -0.0266565004828476850851 0.999480043966975428837 3.03799041579745709996
16626 641.246000 -0.335245793467811359356 -0.0122408294513823932143 -0.0509590480120298977562 -0.0181404521721580426485 -0.026656805937256812522 0.999480034163871100539 3.03798776829610650552
16627 641.254000 -0.335245602298646305783 -0.012239620098008101301 -0.0509589933728458246986 -0.018140540070052581928 -0.0266571385365137469847 0.999480023697828512397 3.03798476861431954177
16628 641.262000 -0.335245407030644870794 -0.0122384030405242143213 -0.0509589397412687494793 -0.0181406561121307714768 -0.0266575013638907579172 0.999480011914623323044 3.03798173296862916715
16629 641.271000 -0.335245189667771559261 -0.0122370386481212584801 -0.0509588800366765071193 -0.0181407638765166551176 -0.0266578788784785497556 0.999479999889780978961 3.03797833646330239787
16630 641.278000 -0.335245020469995158585 -0.0122359766956345022287 -0.0509588328047221039707 -0.0181408547325724658905 -0.0266581837434088086969 0.99947999010939392317 3.03797568999905731602
16631 641.287000 -0.335244804812968422159 -0.012234612520964131821 -0.0509587701629811151705 -0.0181409751553308455641 -0.0266585851484535639455 0.999479977217300863401 3.03797228171925670637
16632 641.295000 -0.335244608549650324747 -0.012233395054269895208 -0.0509587173866941356426 -0.0181410885710540856208 -0.0266589405154307214352 0.999479965680178938925 3.03796924240050669752
16633 641.303000 -0.3352444184663114779 -0.0122321874683196021166 -0.0509586628361987578617 -0.0181411758805084463719 -0.0266592721612890631855 0.999479955249480078727 3.03796624528922176722
16634 641.311000 -0.335244222313942630276 -0.0122310201174156349402 -0.0509586106819014186819 -0.0181412920025950906433 -0.026659629174462334128 0.999479943619058674997 3.03796335577785292514
16635 641.318000 -0.335244238179802866995 -0.0122306385137292659981 -0.0509585990408825059705 -0.0181412862191184347249 -0.0266596660219171055495 0.999479942741181792698 3.03796221271317667956
16636 641.326000 -0.33524386077993273414 -0.012228695861193485811 -0.0509585098241351480697 -0.0181414932524791433499 -0.0266602897383520116847 0.999479922346435789571 3.03795752923233308707
16637 641.334000 -0.335243671803679310628 -0.0122274900444450888154 -0.050958455629590587721 -0.018141579586933725271 -0.0266606184376021321247 0.999479912011549953554 3.03795453371847790081
