10363 595.994000 -0.301137251389757609754 -0.0238313016184996118163 -0.0561256368199088209736 -0.0228285140590149468465 -0.0414479525910910889808 0.998879835701904639222 2.97165729937047107256
10364 595.998000 -0.301136645879976627693 -0.0238321942845693308943 -0.056125903536673238392 -0.0228321770286208404477 -0.041447828320859150808 0.998879757137773993669 2.9716609722776019531
10365 596.002000 -0.301136083154985800814 -0.0238330964473445899854 -0.0561258989131474955725 -0.0228352733098003031487 -0.041447607148492930651 0.998879695536219691654 2.97166475392964946067
10366 596.006000 -0.301135566508229424176 -0.0238340197244976924329 -0.0561256684057715726777 -0.0228379127403565591881 -0.0414472192746312070866 0.998879651287413405925 2.97166863155975669031
10367 596.010000 -0.301135094904533828775 -0.0238349726260195515781 -0.056125261155284940362 -0.0228402083813927722633 -0.0414466053413870480493 0.998879624272499544446 2.97167258311969195717
10368 596.015000 -0.301134745178022411594 -0.0238360419386835567512 -0.0561242512160225748286 -0.0228414384266505503251 -0.0414458469068029189408 0.998879627615249510164 2.97167689324669836992
10369 596.019000 -0.301134171236275838268 -0.0238372498677194531724 -0.0561239615291638169192 -0.0228446642150138268246 -0.0414441850205126971485 0.998879622799909050457 2.97168159081186811221
10370 596.023000 -0.301133803228612106917 -0.0238383244355287876592 -0.0561233274176403396094 -0.0228465359629628356197 -0.0414426015409420436808 0.998879645689114914475 2.97168556875663281147
10371 596.028000 -0.301133359801483591056 -0.023839717836591958755 -0.0561225816038794234064 -0.0228489230250517420806 -0.0414401887323341197589 0.998879691191298491049 2.97169044618009392522
10372 596.032000 -0.301133006339636133397 -0.0238408669249276228275 -0.0561220700626596444294 -0.0228509210768797106639 -0.0414379415891645425107 0.998879738708715270157 2.97169423162997414778
10373 596.036000 -0.301132644019845130412 -0.0238420392923234907012 -0.056121669902926961393 -0.022853021134078589649 -0.0414354551488013075899 0.998879793809874239052 2.97169788015289038086
10374 596.041000 -0.301132312598221874023 -0.0238433748216292235034 -0.0561210939406951020425 -0.0228547427292524404918 -0.0414324767883847283612 0.998879877964292339776 2.97170167797291817635
10375 596.045000 -0.301131756660029947792 -0.0238447166659742429418 -0.0561213016055965435713 -0.0228581113528609457253 -0.0414292648802376956008 0.998879934104626721059 2.97170545109723516219
10376 596.049000 -0.301131317108382812187 -0.0238459004975698565798 -0.0561214094309272076844 -0.0228604903676308326976 -0.0414263946897608301145 0.998879998700124005495 2.97170848209418014818
10377 596.053000 -0.301130844884590298527 -0.0238470646278271455887 -0.0561216934332663605622 -0.0228628936335570492888 -0.0414235477224872833402 0.998880061763564919275 2.97171128399141570853
10378 596.058000 -0.30113034532779037189 -0.0238483496317755151728 -0.0561220604366077444047 -0.0228651726275645519881 -0.0414204657680990184776 0.998880137402013423831 2.97171417376094026963
10379 596.062000 -0.301129660012743327613 -0.0238495517782663819795 -0.0561229573320632391109 -0.0228681642438315797794 -0.0414175745094545050273 0.998880188804378454925 2.97171669780461300547
10380 596.066000 -0.301129082770773881528 -0.0238505726362252812311 -0.0561237717876430855513 -0.0228703399060302438317 -0.0414152533686890991782 0.998880235233929214544 2.9717186965358335371
10381 596.071000 -0.301128325122697382277 -0.0238517539823995365633 -0.0561249724515350892351 -0.0228728213303083550978 -0.0414127502072100112107 0.998880282198355784473 2.97172084252870227772
10382 596.075000 -0.301127696633700148166 -0.0238526126531910520612 -0.0561260522619917295861 -0.0228745679490779500742 -0.041411114817340256844 0.998880310002518756463 2.97172228331316468086
10383 596.080000 -0.301127018335329732501 -0.023853511899700509391 -0.0561273598364185610787 -0.0228763356308961038343 -0.0414096797517502016039 0.998880329013921430814 2.97172383169094356248
10384 596.084000 -0.301126245651225143973 -0.0238542269938447140665 -0.056128731807940805687 -0.0228775501896608217389 -0.0414087705878584191876 0.9988803388873572775 2.97172467846448462581
10385 596.089000 -0.301125555538373335107 -0.0238549029180703045516 -0.056130172510594503188 -0.0228787454148341277971 -0.0414082804611034527298 0.998880331830343859423 2.97172574074746886907
10386 596.093000 -0.30112481208714164671 -0.0238553656015693393844 -0.0561315086584403266645 -0.0228790354774508035429 -0.0414083544950024293185 0.998880322117538632654 2.97172603024969195218
10387 596.098000 -0.301124154778716679459 -0.0238558109245492928896 -0.0561329147251982407685 -0.0228795514651379851279 -0.0414087799681017026954 0.998880292660891067058 2.97172668793608796278
10388 596.102000 -0.301123482220524762987 -0.0238560243779049538371 -0.0561340849045966691633 -0.0228789531152380314072 -0.041409753852742495206 0.998880265992979743395 2.9717265482266372878
10389 596.106000 -0.301122945614413162208 -0.0238561723367142347607 -0.0561350960855926117699 -0.022878432791557247461 -0.0414108831807924876456 0.998880231092391324133 2.97172657636909942624
10390 596.111000 -0.301122335042936728478 -0.0238562441759368609739 -0.0561362036784525744726 -0.0228773974244032111958 -0.0414126598179848856573 0.998880181149814250219 2.97172648791664650858
10391 596.116000 -0.301121800706163289529 -0.0238562044399352052304 -0.0561371103335197019213 -0.0228759750628534166972 -0.0414147681311496027035 0.998880126314247385189 2.97172630861086517484
10392 596.120000 -0.301121433592986875727 -0.0238561040584416919619 -0.0561376763444505350042 -0.0228745929852358122203 -0.0414166374761227792933 0.998880080458075414462 2.97172613383145245436
10393 596.125000 -0.301121055159434491966 -0.0238559091031617723222 -0.0561381732069454811307 -0.0228726083719112370518 -0.0414191312239505574078 0.998880022502661835127 2.97172591877034664165
10394 596.129000 -0.301120819156618257928 -0.0238557103771908397827 -0.0561383984517384165835 -0.0228708534740039957922 -0.0414211998165189068666 0.998879976907701583322 2.97172578049391855615
10395 596.134000 -0.301120608932966604687 -0.0238554262630976919579 -0.0561384660540622318359 -0.0228685047397881591191 -0.0414238106979762030213 0.998879922412211018745 2.97172569006981213136
10396 596.138000 -0.30112050820844366017 -0.0238551835969447560692 -0.0561383544915547982868 -0.0228665425096773421154 -0.0414258734352027993553 0.998879881789489165733 2.97172571180751887709
10397 596.143000 -0.301120464320178693463 -0.0238548783430471769695 -0.0561380210294200182597 -0.022864040703598893095 -0.0414283634986750901041 0.998879835786330216862 2.97172589138307063905
10398 596.147000 -0.301120491832906012064 -0.0238546448059977385381 -0.0561376124957984889985 -0.022862040299907980534 -0.041430248578635621437 0.998879803387794029668 2.97172618004303323858
10399 596.152000 -0.301120598867645583585 -0.0238543813915173645579 -0.0561369470651952168216 -0.0228595935959180658614 -0.041432430050371449326 0.998879768901518305668 2.97172674879003562154
10400 596.157000 -0.301120791300552526071 -0.0238541936891981179447 -0.0561361445429139696572 -0.022857255764458211944 -0.0414343720601967613337 0.998879741846282143136 2.97172776752365486175
10401 596.161000 -0.301121015528459157196 -0.0238541355156633473611 -0.0561354022719964956822 -0.0228554991367889877296 -0.0414357749408924835866 0.998879723847799327885 2.97172896126226460112
10402 596.166000 -0.301121301340061819918 -0.0238540635443841089747 -0.0561344300787182184931 -0.0228535576135087264982 -0.041437285857562629332 0.998879705592803035508 2.97173041434570217589
10403 596.170000 -0.301121554656162526697 -0.0238540461743657825067 -0.0561336229697631736157 -0.0228521658674477115558 -0.0414382521792839159103 0.998879697346728878671 2.97173169586899366124
10404 596.175000 -0.30112191198733034847 -0.0238541141540639135832 -0.056132599950100989239 -0.0228506395357350317044 -0.0414391630838270921822 0.998879694475625967698 2.97173359512144985572
10405 596.179000 -0.301122208511599709357 -0.0238542237601910359079 -0.0561317968946956485921 -0.0228496549235153514901 -0.0414396941756903641751 0.998879694966566811232 2.97173527571328266461
10406 596.184000 -0.301122567028830112612 -0.0238544172332129447711 -0.056130846761507063869 -0.022848789586979511429 -0.0414401643437992267538 0.998879695255424082667 2.97173754875985451918
10407 596.189000 -0.301122928099455511308 -0.0238547083577593452275 -0.0561299794486190412046 -0.0228482496261014807193 -0.0414403433067099535858 0.998879700181981577956 2.97174011030643647757
10408 596.193000 -0.301123206351921024471 -0.0238550048896690770894 -0.0561293669285944651914 -0.0228480648081480636202 -0.0414402944692887770239 0.99887970643557522088 2.97174234299365647161
10409 596.198000 -0.301123519657069849131 -0.0238554365100859602777 -0.0561287174429914992313 -0.0228482085774661461408 -0.0414400936594777544175 0.998879711477960730015 2.97174526601042998664
10410 596.204000 -0.301123843550373249123 -0.0238560517122334385387 -0.056128142959899832154 -0.022848836284274903069 -0.0414395696815489100739 0.998879718857612175498 2.97174900702480693226
10411 596.213000 -0.301124146527440739174 -0.0238570959439234203669 -0.0561277235959848214142 -0.0228504384452589658083 -0.0414385383855056035896 0.998879724991618922481 2.97175452875703083322
10412 596.222000 -0.301124309904807874183 -0.0238583487866171131686 -0.0561278925322520744201 -0.0228535834095229747898 -0.0414369610727973874953 0.998879718475850997272 2.97176098805147770321
10413 596.231000 -0.301124201886607267831 -0.0238596358261455449012 -0.0561285891785136201171 -0.0228572240804110655976 -0.0414353994572360107007 0.998879699953481581254 2.97176700023253603788
10414 596.239000 -0.301123919897182235061 -0.0238608015042030760511 -0.0561295947055901744971 -0.0228608448574459700853 -0.0414339936813012052474 0.998879675406413203298 2.97177215606209754739
10415 596.247000 -0.301123484360771020985 -0.0238619598918939149201 -0.0561308814287650170716 -0.0228645963553930006706 -0.0414326505242360101922 0.998879645254643011576 2.97177708869366519195
10416 596.256000 -0.301122818167074812745 -0.0238631820021591722902 -0.0561325472246323037284 -0.022868799339063810433 -0.041431382807861259765 0.998879601621445734061 2.97178212949867948112
10417 596.265000 -0.301122032401874295537 -0.0238643171067662862583 -0.0561343054022981763351 -0.0228726364327994508008 -0.0414303442540903330005 0.998879556842365512459 2.97178669420071805973
10418 596.274000 -0.301121175457675971376 -0.0238653368955149304542 -0.0561360135380725017162 -0.0228759215331732317089 -0.0414296260022138582158 0.998879511404315856282 2.97179073631672174827
10419 596.283000 -0.301120307227510153325 -0.0238662396639486920624 -0.0561375533041757607267 -0.0228784738920281595365 -0.0414292161990923585302 0.998879469944948361615 2.97179432694002487736
10420 596.291000 -0.301119567145243127726 -0.0238669445163195159676 -0.0561387050572724477515 -0.0228800545766065337172 -0.041429106147528670101 0.998879438303936773025 2.97179719422255050887
10421 596.300000 -0.301118816695822244522 -0.0238676464710165028849 -0.0561396956436704674953 -0.0228810429237799872748 -0.0414292595725159681908 0.998879409301239640229 2.97180016395884560865
10422 596.309000 -0.301118259160295442811 -0.0238683118815822409298 -0.056140281001309681741 -0.0228811777203921477841 -0.0414295646886106497253 0.998879393558521733176 2.97180307398221632553
10423 596.317000 -0.301117772083313417486 -0.0238688176332140893077 -0.0561406257927173774069 -0.0228807363829044846382 -0.0414300999439065412155 0.998879381467659421823 2.97180566259684120212
10424 596.326000 -0.301117443578922783232 -0.0238693972608953614012 -0.0561406553641786015829 -0.0228796887955304596718 -0.0414307743017620008774 0.998879377493286702006 2.97180871642752997275
10425 596.334000 -0.301117297441600095809 -0.0238699362889327228177 -0.0561404561708151172983 -0.0228785106485972604407 -0.0414313657082272732146 0.998879379948376500131 2.97181154285910720247
10426 596.342000 -0.301117232770488962856 -0.0238704498811310623918 -0.0561401332708678368899 -0.0228769826297036127372 -0.041432148525361763014 0.998879382475348132076 2.97181479918070756696
10427 596.350000 -0.30111727651365816083 -0.0238710127346990694241 -0.0561397035167804092648 -0.0228755344660393662715 -0.0414328870214994912646 0.998879385008999309825 2.97181823526250843415
10428 596.358000 -0.301117393652936937709 -0.0238716128885891297473 -0.0561392385512931302305 -0.0228741719702007274828 -0.041433588885376869404 0.998879387097739157575 2.97182195528687032038
10429 596.367000 -0.3011175997099697077 -0.0238723615686789597534 -0.0561387323986265243669 -0.0228728350525139213778 -0.0414342786645463742601 0.998879389099709635857 2.97182656141714840459
10430 596.374000 -0.301117772913008452385 -0.0238729729147339198025 -0.0561383948006438510125 -0.022872075239292823795 -0.041434781347468647994 0.998879385646202822002 2.97183033316900058196
10431 596.383000 -0.301117987321028846015 -0.0238737987352668004637 -0.0561380734862032965138 -0.0228715160172870204947 -0.0414353590119450401752 0.998879374488542581823 2.971835398179739407
10432 596.391000 -0.301118157235889361001 -0.0238745750604851536547 -0.0561379163507599726612 -0.022871392939098889735 -0.0414357478384957400586 0.998879361177359537116 2.97184005995423516922
10433 596.399000 -0.301118294753156212629 -0.0238753954181913641275 -0.0561378922354873882705 -0.0228716242313822225307 -0.041436020433477091518 0.998879344573534999618 2.97184487263812879831
10434 596.407000 -0.301118369903266847043 -0.023876224749263860736 -0.056138005770448945464 -0.0228722155029312500252 -0.0414361957897088767355 0.99887932376061550066 2.97184965310064397315
10435 596.415000 -0.30111839201926793308 -0.0238770823108777618948 -0.0561382472901312962188 -0.0228730790205815132099 -0.0414362396542523672704 0.998879302167901439446 2.9718544749736999222
10436 596.423000 -0.301118340723334598774 -0.0238779335920399071735 -0.0561386000925108430426 -0.0228742088543347939222 -0.0414362149336166551983 0.998879277320969927167 2.97185916486093759659
10437 596.431000 -0.301118226163203106527 -0.0238787838710052269242 -0.0561390397771560009654 -0.0228755193664971767653 -0.0414361227475166515877 0.998879251133672152463 2.971863731966053912
10438 596.440000 -0.301118038784535690944 -0.0238797154994365226632 -0.0561395749581983863341 -0.0228769653469120294587 -0.0414359534859857839284 0.998879225039355445048 2.97186845330586324465
10439 596.448000 -0.30111780356832440475 -0.0238805652102140018866 -0.056140161118747471114 -0.022878521120534307115 -0.0414356803674769610946 0.998879200736416228423 2.97187295982268473438
10440 596.456000 -0.301117537955469805055 -0.023881377011443320757 -0.0561407206087868732025 -0.022879905902400639317 -0.0414354174153250751078 0.998879179925938331941 2.97187704062451896192
10441 596.464000 -0.301117245985647374873 -0.0238821699961989097893 -0.0561412682620244934961 -0.0228812008011042254674 -0.0414351504707419007745 0.998879161338030341355 2.97188095825057674304
10442 596.471000 -0.301116984783605046161 -0.0238828569776412570624 -0.056141723114252237159 -0.022882209534138806678 -0.0414349149038326786121 0.998879148002273620222 2.97188432004092994987
10443 596.478000 -0.301116719970826174357 -0.0238835286783629224816 -0.0561421448931848227071 -0.0228831002889096184194 -0.041434706200115863084 0.99887913625387003691 2.97188758570960986916
10444 596.485000 -0.301116460922678130796 -0.0238841906478582284568 -0.0561425291438724591297 -0.0228838586187221776358 -0.0414345253932806162345 0.998879126381241322363 2.97189080012185602442
10445 596.493000 -0.301116177475988788803 -0.0238849323186326630009 -0.0561429161799912590514 -0.0228845578194843829456 -0.0414343692707479574477 0.998879116838740421791 2.97189442454426844265
10446 596.500000 -0.301115950344219562851 -0.0238855778360163202578 -0.0561432060689366074779 -0.0228850240571215682306 -0.0414342828760734943616 0.998879109740738568846 2.97189759916096862824
10447 596.508000 -0.30111573810395875217 -0.023886311129119097707 -0.056143450509115053193 -0.0228853564360677018408 -0.0414342462634140970557 0.99887910364436849342 2.97190110087462944222
10448 596.515000 -0.301115534506108728507 -0.0238869474711520084209 -0.0561436908920414229351 -0.0228856410359274120569 -0.0414342684342146605481 0.998879096204188354768 2.97190446519269713122
10449 596.522000 -0.301115380785627106963 -0.023887591897466507046 -0.0561438622424373715014 -0.0228857778090758336165 -0.0414343353646480713759 0.998879090294197413691 2.97190777965600227972
10450 596.530000 -0.301115237373237976115 -0.0238883361176173564244 -0.0561440229866917300816 -0.0228858417910554681751 -0.0414344525915443240294 0.998879083965598990602 2.97191165106372467974
10451 596.537000 -0.301115135938963551787 -0.0238889776744646148421 -0.0561441216042859320146 -0.0228858565097671377842 -0.0414345936912323895007 0.998879077775411627904 2.97191488675360337979
10452 596.544000 -0.301115037226673931681 -0.0238896337971078037699 -0.056144248895547171907 -0.0228859106822376853763 -0.0414348329681975338645 0.998879066608737264943 2.97191857890496935468
10453 596.552000 -0.301114963551296188626 -0.0238904008876419174379 -0.0561443609229113210768 -0.0228859038640171902346 -0.0414350583355814622299 0.998879057416389160018 2.97192273144773677629
10454 596.559000 -0.301114900183512168574 -0.0238910630172871583932 -0.0561444596685047037088 -0.0228859657250293363484 -0.0414353122465420525833 0.998879045466399051456 2.97192636513324526248
10455 596.567000 -0.301114851293015239886 -0.0238918478167543246737 -0.0561445742543815948244 -0.0228860409230888066368 -0.0414355759664211953375 0.998879032803871358404 2.97193066867067878789
10456 596.574000 -0.301114809596350896381 -0.0238925348208370337544 -0.0561446849054960672731 -0.0228861599629432768688 -0.0414357994318362843345 0.998879020806621720219 2.97193444821958818736
10457 596.580000 -0.301114767348561407356 -0.0238931193012154180488 -0.0561447916951355041615 -0.0228863236693123278664 -0.041435995213677676019 0.998879008934293155519 2.9719376892790729805
10458 596.588000 -0.301114716633763879194 -0.0238939080751388518986 -0.0561449318130735064436 -0.0228865444072911990159 -0.0414361946340096320984 0.998878995604245090156 2.97194184461852106693
10459 596.595000 -0.301114672406568140151 -0.0238946213254322276098 -0.0561450984831212834836 -0.0228868535636734087013 -0.0414363608952087597581 0.99887898162375854394 2.97194593339460766401
10460 596.602000 -0.301114606417489327761 -0.0238953099337357449672 -0.0561452668223513945422 -0.0228872279164066064205 -0.0414365245425489525655 0.998878966257742861856 2.97194970616141773689
10461 596.609000 -0.301114540268507702159 -0.023896010623920646565 -0.0561454478077377805434 -0.0228876223472302339768 -0.0414366309309559463503 0.998878952806786513108 2.9719535004625705632
10462 596.616000 -0.301114464107102297596 -0.0238967117984566768119 -0.0561456446493839231304 -0.0228880609320303886334 -0.041436704243173312634 0.998878939716037583807 2.97195728417579196901
10463 596.623000 -0.301114377213579531567 -0.0238974103738490636917 -0.0561458525122615625946 -0.0228885380427342223497 -0.0414367507120425374034 0.998878926855849891275 2.97196101512281929402
10464 596.630000 -0.301114280378181664588 -0.0238981056273370809362 -0.0561460702602381150905 -0.0228890384863113180436 -0.0414367673481967971338 0.998878914698325015564 2.9719646961749166536
10465 596.638000 -0.301114162468196666644 -0.0238988857886432114197 -0.0561463066967862467482 -0.0228895611363158398011 -0.0414367575437878110645 0.998878903128524564536 2.97196865137829302483
10466 596.645000 -0.301114034625445781135 -0.0238995782246512016023 -0.0561465676635531929506 -0.0228901848038932896612 -0.0414367463329737770183 0.998878889301891503827 2.9719724439564751961
10467 596.653000 -0.301113901527976013384 -0.0239003535874569780773 -0.0561468116532968034016 -0.0228907210241420071284 -0.0414367121160994916762 0.998878878433217542998 2.97197630471578433387
10468 596.659000 -0.301113776648853526119 -0.0239009393208240543405 -0.0561470503013140331827 -0.0228912455115132702776 -0.0414366562395162493782 0.99887886873164932755 2.9719795205342807165
10469 596.667000 -0.301113618627171231168 -0.0239017087926879714943 -0.056147326101449741842 -0.0228918550566980863459 -0.0414366256212943262494 0.998878856032694328881 2.97198349926122729059
10470 596.674000 -0.301113480305311764784 -0.0239023816617749129687 -0.0561475659854452982533 -0.0228923530503971940642 -0.0414365848296085192981 0.998878846311941126501 2.97198696490430336326
10471 596.681000 -0.301113338282046116845 -0.0239030502192768938563 -0.0561478072292267704757 -0.022892830339507969778 -0.04143654511314338873 0.998878837020853449502 2.97199043073338531329
10472 596.689000 -0.301113176480579947114 -0.0239038112129814801776 -0.0561480766014327420388 -0.0228933575393154703503 -0.0414365266169243531835 0.998878825705351469644 2.9719943710311378382
10473 596.696000 -0.301113038133524968387 -0.023904478984598249991 -0.0561483037166069925972 -0.0228938047773113821648 -0.0414365468102767808833 0.998878814617297994261 2.97199782784191279816
10474 596.702000 -0.301112917103439681199 -0.0239050438701378722972 -0.0561484982470074681093 -0.0228941695139069818776 -0.0414365659931890048528 0.998878805461884233807 2.97200077223777103796
10475 596.707000 -0.30111283195392801737 -0.0239055325706780882888 -0.0561486543779310259827 -0.0228944161192159365004 -0.0414365513170312296798 0.99887880041850485302 2.97200329980192456958
10476 596.712000 -0.30111273695293672148 -0.0239060084450346647944 -0.0561488102950652434586 -0.0228947000878546372271 -0.0414365911475333553726 0.998878792257578806968 2.97200579662574959627
10477 596.717000 -0.301112646036656605997 -0.0239064861032773912086 -0.0561489634161615180918 -0.0228949651724589843538 -0.0414366274334613052255 0.998878784676445419244 2.97200830109056779449
10478 596.723000 -0.301112537683012215783 -0.0239070565398349019204 -0.0561491444620642321528 -0.0228952754372052404153 -0.0414366834067034228717 0.998878775242975636139 2.97201130869163998582
10479 596.728000 -0.301112451834568528586 -0.0239075359434591620811 -0.0561492883160056438507 -0.0228955337744576464809 -0.041436756288745477117 0.998878766298217812825 2.97201383336818691916
10480 596.733000 -0.30111236871840441065 -0.0239080170821623326505 -0.0561494333349778357301 -0.0228957758669887864733 -0.0414368144623131692827 0.998878758335897565246 2.97201637559425657642
10481 596.738000 -0.3011122884350492801 -0.0239084998166110250517 -0.0561495752366820213841 -0.0228960113117445580866 -0.0414368781338553329729 0.998878750297818918114 2.97201893037235675976
10482 596.743000 -0.301112209262237473517 -0.0239089815547332308621 -0.0561497140460830712616 -0.0228962466135343295504 -0.0414369498935379734772 0.998878741927433866366 2.97202147605929223317
10483 596.751000 -0.301112097472271966758 -0.0239097545744361497655 -0.0561499101178126111544 -0.0228965609388859826778 -0.0414370505338450198507 0.998878730547521187511 2.97202541185714297356
10484 596.758000 -0.301111996075450805144 -0.0239104523813376892982 -0.0561501225550449442614 -0.0228968974219199740416 -0.0414371326979376952693 0.998878719426048888863 2.97202927215655865467
10485 596.767000 -0.301111871046128354301 -0.0239113202309612637997 -0.0561503416061798835135 -0.0228972765889780584259 -0.0414372681916062093888 0.998878705113701248486 2.97203373056098563154
10486 596.775000 -0.301111760226179692168 -0.0239121027701339541882 -0.056150553919447121487 -0.0228976472412777652676 -0.0414373771477416774633 0.998878692097258436 2.97203789252775907315
10487 596.783000 -0.301111647582801844614 -0.0239128839073977431107 -0.0561507640953870651446 -0.0228980469128314129135 -0.0414375082695602192651 0.998878677495914968354 2.97204203908684894131
10488 596.791000 -0.301111537504530735188 -0.0239136826985955654179 -0.0561510018735424665248 -0.022898466962593594376 -0.0414375875180406985643 0.998878664579160968628 2.97204644852926636034
10489 596.799000 -0.301111434416529655245 -0.0239144622899573194852 -0.0561511894671154754288 -0.0228988278756974243666 -0.041437687510574076899 0.998878652157355606533 2.97205039563759676469
10490 596.807000 -0.301111322197585296045 -0.0239152434568395896863 -0.0561514058312813507667 -0.0228992409949302887229 -0.0414377630984937711522 0.99887863955099620572 2.97205453102773553553
10491 596.813000 -0.301111232653171967399 -0.0239158386458676874842 -0.0561515912024652188994 -0.0228996083463511648781 -0.0414378167216910217596 0.998878628904895204954 2.97205783730632155937
10492 596.820000 -0.301111133176379386356 -0.0239165238644897734654 -0.0561517839387838113563 -0.0228999851018258683555 -0.041437865883842253667 0.998878618228125292333 2.97206144062991306498
10493 596.827000 -0.301111032521315324928 -0.0239172070649085050098 -0.0561519773995381929477 -0.0229003624931877411419 -0.0414379058402933111993 0.998878607918525562859 2.97206502147530526869
10494 596.834000 -0.301110927038661491117 -0.0239178863600677214796 -0.056152176999292230386 -0.0229007451553252215637 -0.0414379331136804779367 0.998878598014091401147 2.97206859909360288086
10495 596.841000 -0.301110824909189334075 -0.0239185542071914669648 -0.0561523511556825186131 -0.022901097460558593466 -0.0414379861324180934212 0.998878587737464407326 2.97207193880309761269
10496 596.849000 -0.30111070561125630185 -0.0239193332998146740431 -0.056152579875804367604 -0.0229015317700078865903 -0.041438004854065610405 0.998878577003382228661 2.97207600980422448345
10497 596.855000 -0.301110595035477102144 -0.0239199069116141568858 -0.0561527805049510109203 -0.0229019597423270396264 -0.0414380566325822652374 0.998878565043056720896 2.9720791912626367548
10498 596.863000 -0.301110472388761041262 -0.0239206836810522335823 -0.0561530140452416934305 -0.0229023942159132971874 -0.0414380707567573725036 0.998878554495558734772 2.97208325148787766423
10499 596.869000 -0.301110371652941244403 -0.0239212551995059002907 -0.0561531909906138534949 -0.0229027550796920310872 -0.0414381173907226868502 0.998878544286978087285 2.97208625106570067942
10500 596.877000 -0.301110247628864236002 -0.023922029674141434552 -0.0561534259581505657 -0.0229031820139189053187 -0.041438128651350422671 0.99887853403079573944 2.97209028760957716386
10501 596.885000 -0.301110115021072488606 -0.023922778021469658094 -0.0561536378780067846339 -0.0229036148837988458304 -0.0414382081095895846157 0.998878520809172720796 2.97209406250772945057
10502 596.893000 -0.301109981840186224922 -0.0239235411608818837603 -0.0561538760037488676735 -0.0229040669867839712104 -0.0414382562001603393931 0.998878508447626378697 2.9720980697934322734
10503 596.900000 -0.301109863886125594945 -0.023924226248803720507 -0.0561541072118290351955 -0.0229045045240912209517 -0.0414383017573735426553 0.998878496524963077619 2.97210182094854946655
10504 596.908000 -0.301109731321563545148 -0.023924990158333367396 -0.0561543440097211007944 -0.0229049479577871153979 -0.0414383604816509903968 0.99887848392066380665 2.97210583975313191729
10505 596.916000 -0.301109610724397513959 -0.023925752184752572399 -0.0561545514508865195591 -0.0229053269831471055518 -0.0414384205886742726377 0.998878472735753475398 2.97210967379200274863
10506 596.924000 -0.301109478961649912332 -0.0239265169247845979617 -0.0561547852392111843112 -0.0229057670009930221255 -0.0414384914755028394007 0.998878459704848564726 2.97211369443182293892
10507 596.932000 -0.301109357918459608072 -0.0239272945663179525955 -0.0561550164772406795732 -0.0229061706893321226364 -0.0414385391523512322531 0.998878448469717517 2.97211777718549141625
10508 596.939000 -0.30110923855248161729 -0.0239279747988858752794 -0.056155242174913445885 -0.022906610412475117422 -0.0414386214918959563946 0.99887843497007300364 2.9721215213457368165
10509 596.947000 -0.301109111705308740703 -0.0239287423818420608157 -0.0561554697169467931239 -0.0229070350571998586353 -0.0414386982404700010552 0.998878422047960512486 2.97212555575421388809
10510 596.955000 -0.301108994944535357519 -0.0239295248044144523436 -0.0561556966886492814339 -0.0229074299087634394856 -0.0414387463054152124786 0.998878410998861432368 2.97212966417111923434
10511 596.963000 -0.301108883215241707187 -0.023930294193879202147 -0.0561558955255844760579 -0.0229077805311306594016 -0.0414388047341250620459 0.99887840053399123974 2.97213352842880151883
10512 596.971000 -0.301108748442744766916 -0.0239310673454350766876 -0.0561561448653590256086 -0.0229082771272576327104 -0.0414389087510000364567 0.998878384829998799965 2.97213777624181929582
10513 596.978000 -0.301108644867232100317 -0.0239317466278635357368 -0.0561563414010189665415 -0.0229086252450600783015 -0.0414389497545924398447 0.998878375145151431447 2.97214134117461803442
10514 596.986000 -0.301108521341703294638 -0.0239325155948059073441 -0.0561565616533322292669 -0.0229090593303523347435 -0.0414390415787611390841 0.99887836138021945942 2.97214537441925008565
10515 596.994000 -0.301108400491000405275 -0.0239332868345834212653 -0.0561567843515698023049 -0.0229094748892319441391 -0.0414391050753103590276 0.998878349215187033572 2.9721494229116722785
10516 597.003000 -0.301108278612706115052 -0.0239341584531856214901 -0.0561570074514484984807 -0.0229098794505725074366 -0.0414391687368215397291 0.998878337295369234106 2.97215381362085162564
10517 597.010000 -0.30110816494857733927 -0.0239348368728407659423 -0.0561572263650408076696 -0.0229102990578138182576 -0.0414392238021515021962 0.998878325386909460271 2.97215754114954000542
10518 597.017000 -0.301108060471173777373 -0.0239355116984340116071 -0.0561574194860454331546 -0.0229106633686172733722 -0.0414392766364025597059 0.998878314839130809766 2.97216107269741103281
10519 597.024000 -0.301107955662926418672 -0.0239361864612057592683 -0.0561576142952231044392 -0.0229110309905895190297 -0.0414393259929185242552 0.998878304359545499125 2.9721646019571261732
10520 597.032000 -0.301107831528837410762 -0.0239369493905296909508 -0.056157836858196259755 -0.0229114573862549790462 -0.0414393879671663620257 0.998878292008262946844 2.9721685952223095839
10521 597.040000 -0.301107715519241869728 -0.0239377249191561718156 -0.0561580610805311186695 -0.0229118581763440784527 -0.0414394206227796033093 0.998878281460436778794 2.97217265169477196096
10522 597.048000 -0.301107603034091730887 -0.0239384862303327755617 -0.056158259264819918033 -0.0229122167742990649753 -0.0414394660124590627492 0.998878271351964941438 2.97217646220908093824
10523 597.055000 -0.301107483392954622392 -0.0239391564447069653265 -0.0561584822323256196985 -0.0229126579986616805973 -0.0414395302915181104608 0.998878258564403043174 2.9721801530103042488
10524 597.061000 -0.301107388319575675073 -0.0239397257213660522024 -0.0561586503178617135745 -0.022912991810522781444 -0.0414395904556660726881 0.998878248411265268203 2.97218313855352400665
10525 597.069000 -0.301107269644852904023 -0.0239404957323421235804 -0.0561588747952622008297 -0.0229133982143518225016 -0.0414396290330328875839 0.99887823748837134552 2.9721871592149411434
10526 597.077000 -0.301107145825701694175 -0.0239412418181974770426 -0.0561590760375585348885 -0.0229137959010480111999 -0.0414397090642686719009 0.998878225045512824209 2.97219091328057860579
10527 597.083000 -0.301107046393482347124 -0.0239418209300294067277 -0.056159269628908811689 -0.0229141671111477603084 -0.0414397554411552321296 0.998878214606054859459 2.97219410542581474743
10528 597.090000 -0.301106939340754387047 -0.0239424907231132709506 -0.0561594680729709874734 -0.0229145360394790408021 -0.0414398042351281775675 0.998878204118525014898 2.97219762056627256896
10529 597.097000 -0.301106832278892677657 -0.0239431593610977579145 -0.0561596674072798243693 -0.0229148944811426967527 -0.0414398382470141588008 0.998878194484682624399 2.9722011231557003974
10530 597.104000 -0.301106724290203464633 -0.0239438275925563243129 -0.0561598620108200094481 -0.0229152774110662899032 -0.0414399110191478944887 0.99887818268090067253 2.97220461744374997437
10531 597.112000 -0.301106598864312791086 -0.0239445873935058943516 -0.0561600886368370591506 -0.0229157032005635821759 -0.0414399727641521636867 0.998878170351184535569 2.97220860492888139248
10532 597.119000 -0.301106491746368443163 -0.0239452556894911086638 -0.0561602845871193787075 -0.0229160712428612585445 -0.041440028190561049859 0.998878159608246662948 2.97221210269562696737
10533 597.127000 -0.301106365456323077368 -0.0239460142837224984613 -0.0561605105669382986822 -0.0229165017827747084789 -0.0414400953178596931359 0.998878146945905931453 2.9722160772299668352
10534 597.134000 -0.301106259558533373433 -0.0239466834904861827771 -0.0561607056686719424698 -0.0229168660933207549157 -0.0414401485052225404537 0.998878136381173287184 2.972219574068867054
10535 597.141000 -0.301106154090320266015 -0.0239473542791353646852 -0.0561609023898929915486 -0.0229172295636428172139 -0.0414401994927856565099 0.998878125926844662175 2.97222309153539576698
10536 597.148000 -0.301106048823831462524 -0.0239480239569172734249 -0.0561610996477468621402 -0.0229175821730361710393 -0.0414402349576671810705 0.998878116365553125888 2.97222659574385028591
10537 597.156000 -0.301105923301462519159 -0.0239487822146492237985 -0.0561613208858550427838 -0.0229180202682396014224 -0.0414403220660442897505 0.998878102700247905155 2.97223056202559732242
10538 597.161000 -0.301105858540010207225 -0.0239492594639305438065 -0.0561614355316867319701 -0.0229182200285918472038 -0.0414403519489869379133 0.998878096877224175287 2.97223288955548747836
10539 597.166000 -0.301105781279491391267 -0.023949748049935527805 -0.0561615974188487410146 -0.022918504055243215517 -0.041440363269499666532 0.998878089890834264253 2.97223559390699554328
10540 597.171000 -0.301105703441277738897 -0.0239502235226961290859 -0.0561617369430573165623 -0.0229187744412482352629 -0.0414404122596421023439 0.998878081654544058843 2.97223808928763277848
10541 597.176000 -0.301105630375110400188 -0.023950687015148755532 -0.0561618516058731004348 -0.0229190002289955535586 -0.0414404659776959616302 0.998878074245327929326 2.97224036003996161526
10542 597.181000 -0.301105543520032437055 -0.0239511641332481456379 -0.0561620159115686218287 -0.0229193212685570059384 -0.0414405125465217641367 0.998878064947103738724 2.97224302146347607589
10543 597.187000 -0.301105457457628400419 -0.0239517422290669995677 -0.0561621798495190449607 -0.0229196224414630542188 -0.0414405541396033749724 0.998878056311051087945 2.97224603740805770613
10544 597.194000 -0.301105352629331524117 -0.0239524102767321445118 -0.0561623736529620470881 -0.0229199853596433883451 -0.0414406053253187842134 0.998878045860146501767 2.97224952485225824006
10545 597.201000 -0.30110524880493444444 -0.0239530775771103418559 -0.0561625657185470389399 -0.0229203416124547608435 -0.0414406533919559547097 0.998878035691453169953 2.97225300170426232071
10546 597.208000 -0.301105142389924418378 -0.0239537423257078427308 -0.0561627614646999021031 -0.0229206969546682202965 -0.0414406937217242504756 0.998878025864506913223 2.97225648694646737979
10547 597.216000 -0.301105020623899266585 -0.0239545000469350150007 -0.0561629831693306047491 -0.022921111858964757918 -0.0414407516780000845236 0.998878013939395459353 2.9722604493778788104
10548 597.224000 -0.301104907276831257334 -0.0239552540540474145914 -0.0561631773185030797046 -0.0229214852200583379949 -0.0414408286807448483779 0.998878002177222668045 2.97226422002033929815
10549 597.231000 -0.301104792482627892092 -0.023955920157154475536 -0.0561633950118380631533 -0.0229219015767882609846 -0.0414408824570068681781 0.998877990391863979092 2.97226787042059958921
10550 597.238000 -0.301104687379417645943 -0.0239565835696656584397 -0.0561635869086917413617 -0.022922262025909773131 -0.0414409356210185403357 0.998877979914699176689 2.97227133434098433895
10551 597.246000 -0.301104574357875964807 -0.0239573364909459393668 -0.0561637841077821109437 -0.0229226242148493318529 -0.0414409920409301371635 0.99887796926239613704 2.9722751020620945539
10552 597.253000 -0.301104458416574960467 -0.0239579985692611741044 -0.0561640003707822299539 -0.0229230436652904968897 -0.0414410508641376365557 0.998877957196170784826 2.97227872343876642347
10553 597.260000 -0.301104353956262615899 -0.023958662477684040254 -0.0561641941028744873243 -0.0229234023828484845264 -0.0414410996651714894079 0.998877946939332073129 2.97228219912763780286
10554 597.268000 -0.301104239915940763428 -0.0239594256742315103725 -0.0561644130544113329151 -0.0229237863706246852713 -0.0414411297401358624803 0.998877936879324357378 2.97228616704378367785
10555 597.275000 -0.30110412443592976528 -0.023960074419224233061 -0.0561646074242607012961 -0.0229241855677012676407 -0.0414412185036574232111 0.998877924035259545654 2.97228957653689063179
10556 597.283000 -0.301104013035570661216 -0.0239608262667651075728 -0.0561648043879207914397 -0.0229245407840616977069 -0.0414412709964315228994 0.998877913705193631877 2.97229334592095995049
10557 597.290000 -0.301103905007575556318 -0.0239614990973685167142 -0.0561650197852073540528 -0.0229249350115822703167 -0.0414413066172070188031 0.998877903179649528909 2.97229701087115705249
10558 597.298000 -0.301103781507711443233 -0.0239622494948594430553 -0.0561652415863503756688 -0.0229253536686721375026 -0.0414413690499354711583 0.99887789098089130313 2.97230094016056067829
10559 597.305000 -0.301103676851206536469 -0.0239629099967028427742 -0.0561654330188329845019 -0.0229257127389728039557 -0.0414414221189378789711 0.998877880538041607039 2.97230438663991769488
10560 597.313000 -0.301103554423308106269 -0.0239636617604936999482 -0.0561656526796779492772 -0.0229261412313118383144 -0.0414414994737814929016 0.998877867494122773095 2.97230831497591907464
10561 597.321000 -0.30110343106720716122 -0.0239644100751306571295 -0.0561658722714601862935 -0.0229265588728060111523 -0.0414415645947915634029 0.99887785520662497607 2.97231222242792236798
10562 597.328000 -0.301103327212453364403 -0.0239650717579131325441 -0.056166065301309076041 -0.0229269159474751599292 -0.0414416137242996571177 0.998877844972578921023 2.97231568433217629988
10563 597.335000 -0.301103223381419093929 -0.0239657320686579404512 -0.0561662591015286913332 -0.0229272626564391117376 -0.041441647376393941915 0.998877835618457110556 2.97231913200823383292
10564 597.342000 -0.301103118583874784786 -0.0239663916422167208586 -0.0561664481259919468048 -0.0229276340984675072732 -0.0414417191491406530779 0.998877824114946744061 2.97232256926744664582
10565 597.350000 -0.301102996672886535912 -0.0239671410274238071147 -0.0561666684099095814275 -0.0229280472052733122479 -0.0414417790824538265215 0.998877812146127253001 2.97232648861526893569
10566 597.358000 -0.30110288480295027691 -0.0239678870888413303453 -0.056166862004146375642 -0.0229284032669308454611 -0.0414418362174775456452 0.998877801602654935564 2.97233021999883284536
10567 597.363000 -0.301102806408980738784 -0.0239683689619797427039 -0.0561670238683074155017 -0.0229286955373143759573 -0.0414418561327703563468 0.998877794067536628475 2.97233288679488616424
10568 597.368000 -0.30110273408096366321 -0.0239688259151125682145 -0.0561671373025668246859 -0.022928918816115383128 -0.0414419118259113025693 0.998877786631646613635 2.97233512247114006755
