20691 911.734000 29.7612181719254813572 -0.0770364722492986875313 -0.137405418866212325479
20692 911.740000 29.7610006163457647688 -0.0766965537565634791761 -0.137588517497641338316
20693 911.748000 29.7607569354244567705 -0.076088357666093328624 -0.137988810720716587044
20694 911.757000 29.760531093581043649 -0.0752979024008661179668 -0.138570826102297373073
20695 911.765000 29.7603622346163767531 -0.0745905063783780242215 -0.1391308035491373718
20696 911.773000 29.760215810468988451 -0.0739440393856665295624 -0.139671655608742367738
20697 911.780000 29.7601019341826997788 -0.073461624341424988649 -0.140095321589482207925
20698 911.787000 29.759998644845321536 -0.0730732944281290569544 -0.140452443862484066539
20699 911.794000 29.759904111219679379 -0.072783835407070160417 -0.140732632948533886719
20700 911.801000 29.7598171216311762066 -0.0725895799711730599357 -0.140933180072615654721
20701 911.808000 29.7597369985964199657 -0.0724806830373289773251 -0.141057664219276901463
20702 911.816000 29.7596535553656700301 -0.072443013345822829252 -0.141117537601377823764
20703 911.824000 29.7595789700660127153 -0.0724755368726796994627 -0.141105963356283170551
20704 911.831000 29.7595213814802015406 -0.0725432892263099676766 -0.14105238499401065444
20705 911.839000 29.7594648891408048996 -0.0726467503930243868604 -0.140958782448983077629
20706 911.845000 29.7594293368357405427 -0.0727324233694954108698 -0.140876051423965975573
20707 911.853000 29.7593912055997442678 -0.0728464058096712219204 -0.140761053610893221988
20708 911.860000 29.7593664116155522947 -0.0729389113879538170115 -0.140664457637922984956
20709 911.867000 29.7593491851059681608 -0.0730203267104731768011 -0.140577517937562512795
20710 911.875000 29.759337815003426897 -0.0730972708738502063852 -0.140494226768165364483
20711 911.880000 29.7593345745363606625 -0.0731363847316790077757 -0.14045176737173442616
20712 911.888000 29.7593342528556199511 -0.0731854381805343984224 -0.140398926785072958312
20713 911.895000 29.7593374395390490861 -0.0732162948291644744003 -0.140366352056934373671
20714 911.901000 29.7593415554794944455 -0.0732353368806761551024 -0.140346663557836343061
20715 911.908000 29.7593466362599308184 -0.0732507650007232502531 -0.14033067312477978672
20716 911.915000 29.7593506390596438393 -0.0732607947438344009328 -0.140319188180144355238
20717 911.922000 29.7593522485637222985 -0.0732671926165418818666 -0.140309154960610610319
20718 911.930000 29.7593497321561848423 -0.0732718634446986732955 -0.14029604891025579394
20719 911.939000 29.7593398500575752053 -0.0732754970418636325524 -0.14027562565223924973
20720 911.948000 29.7593212660611037279 -0.0732793358528948529651 -0.140247431115460674533
20721 911.956000 29.7592944102747480883 -0.0732814135331927574146 -0.140213890684409703269
20722 911.965000 29.7592581392797477235 -0.0732832259981804207127 -0.140168886163849371052
20723 911.974000 29.759214825147207506 -0.0732841008805319854558 -0.140119598073007334271
20724 911.982000 29.7591715258441951164 -0.0732833659369886286639 -0.140075321050133733136
20725 911.991000 29.7591185458445615097 -0.0732801940104141347199 -0.140029006885803275484
20726 912.000000 29.7590626769383561623 -0.0732740208086288952183 -0.139990249733746685568
20727 912.009000 29.7590059745209281061 -0.0732649543207261333411 -0.139962676416700043669
20728 912.018000 29.7589498960018197238 -0.0732533688935645271867 -0.139948490408290687759
20729 912.026000 29.7589016303179363376 -0.0732414370968227784742 -0.139947910026524624527
20730 912.034000 29.7588552719852188488 -0.0732285088743335477179 -0.139958093590725501931
20731 912.041000 29.7588170517533363579 -0.0732171672674251511337 -0.139975011205648147694
20732 912.048000 29.7587806621164112642 -0.0732060431670487621325 -0.139997793696738981328
20733 912.056000 29.7587417454833058628 -0.0731943638726602896494 -0.140029052826803779297
20734 912.063000 29.7587095075071559336 -0.0731853334916356124129 -0.140058575679651076129
20735 912.069000 29.7586831599204124643 -0.0731787325160341561858 -0.140083992384701511158
20736 912.077000 29.7586496248800749242 -0.0731718766934254111201 -0.140115676429543783987
20737 912.085000 29.7586168939768782593 -0.073167211098578738282 -0.140142325021944541552
20738 912.092000 29.7585887357946035081 -0.0731649233627961331772 -0.140159722653914825541
20739 912.099000 29.7585606176363306474 -0.0731641752484486207475 -0.140170386964808019181
20740 912.106000 29.7585319149406473116 -0.0731647504230614337262 -0.140173550924576478804
20741 912.110000 29.7585151156660749905 -0.0731656561173036484869 -0.14017194156431478369
20742 912.116000 29.7584893084865171886 -0.0731674269336147625742 -0.140164658493368343706
20743 912.120000 29.7584715242109503208 -0.0731688887053508069114 -0.140156761786862538166
20744 912.126000 29.7584441547340752265 -0.0731715097587349178054 -0.14014066390398216555
20745 912.133000 29.7584110575295035517 -0.0731747894493211398226 -0.140116083111295336439
20746 912.137000 29.7583912919041395639 -0.0731766496739250232872 -0.140099617785853503005
20747 912.143000 29.7583608465135469601 -0.0731794969731402872304 -0.140072343383289832364
20748 912.148000 29.7583346836224791332 -0.0731816999955868519034 -0.140047799433588637807
20749 912.154000 29.7583024754917424559 -0.0731841557344252852113 -0.140017051653360646846
20750 912.161000 29.7582634522857247816 -0.0731864887433427840913 -0.139980394938496122137
20751 912.165000 29.7582407629330809584 -0.0731875854447022744509 -0.139959701164533267814
20752 912.172000 29.7582000402432136354 -0.073189059315777224568 -0.139924769457137776474
20753 912.178000 29.7581645914744186143 -0.0731899033835919227142 -0.139896915826204393252
20754 912.186000 29.7581167264931032435 -0.073190376726614492231 -0.139863951261447821972
20755 912.193000 29.7580743375971543685 -0.0731901803794731270481 -0.139839790475001113368
20756 912.200000 29.7580319750083077679 -0.0731895386525423796709 -0.139820506840362068779
20757 912.207000 29.7579893679574496446 -0.0731884485450070704227 -0.139806228354399236791
20758 912.213000 29.7579530597740777864 -0.0731872720165086393385 -0.139797898723970415169
20759 912.219000 29.7579170861422070971 -0.0731859051208714056491 -0.13979302716551167407
20760 912.226000 29.7578751405356811688 -0.0731839633414512746867 -0.13979105083254550479
20761 912.232000 29.7578394872962022077 -0.073182101697047780009 -0.139792195036939487229
20762 912.239000 29.7577984134214013068 -0.0731798727814256810831 -0.139796116578625312377
20763 912.246000 29.7577574337805792482 -0.0731773549071692008816 -0.139801831540748017213
20764 912.253000 29.7577167563055802191 -0.0731746881180194291838 -0.139808597989159566488
20765 912.261000 29.757670628955427361 -0.0731715136257805320863 -0.139816454781688775943
20766 912.268000 29.7576302648382444715 -0.0731685557963360766465 -0.139822528269268081536
20767 912.275000 29.7575900880035213447 -0.0731655195317160722546 -0.139827168467207496594
20768 912.282000 29.7575495598614203629 -0.0731623680790590563694 -0.139829805762386710777
20769 912.290000 29.7575031357066919213 -0.0731587618420432433952 -0.139829892922256310284
20770 912.297000 29.7574623619541149822 -0.0731555862808326295976 -0.13982719358554904221
20771 912.304000 29.757420982457013281 -0.0731524221388819839706 -0.139821809307935668309
20772 912.311000 29.757379475036781713 -0.0731494586257099843607 -0.139813900429930554337
20773 912.318000 29.7573373222136083882 -0.0731465353457913802782 -0.139803521711677980477
20774 912.325000 29.7572947720434832775 -0.0731438266152522470476 -0.139791141206352886872
20775 912.332000 29.7572518579744489386 -0.073141396055821997213 -0.139777099076670213718
20776 912.339000 29.7572086818006305009 -0.0731392602570194033662 -0.139761834409704632787
20777 912.346000 29.7571648789678739888 -0.0731374104613779912887 -0.139745763620671925587
20778 912.353000 29.7571210180438470161 -0.0731359970849111001856 -0.139729394642628068635
20779 912.360000 29.7570766577417842313 -0.0731348027614382167894 -0.139712977250129960494
20780 912.368000 29.7570258852748779077 -0.0731338897008278060463 -0.139694863897227267158
20781 912.375000 29.7569811148903156095 -0.0731333196350000269703 -0.13967970970995824409
20782 912.382000 29.756936258478418722 -0.073132980282334184019 -0.139665583501320217374
20783 912.389000 29.7568915135226141899 -0.0731328281369642146936 -0.139652599775505564805
20784 912.397000 29.7568400407972077915 -0.0731327441826357393939 -0.139639206617039435265
20785 912.405000 29.7567887286487966492 -0.0731326931828739784658 -0.139627398795062307446
20786 912.412000 29.756743710844968831 -0.0731325217808992955604 -0.139618269614253887045
20787 912.420000 29.7566923764905837402 -0.0731321888559054583689 -0.139609077562530520256
20788 912.427000 29.7566473319815933962 -0.0731316256128509284418 -0.139601928582904349918
20789 912.435000 29.7565959375312196755 -0.0731307100475918764326 -0.139594564491118622307
20790 912.442000 29.7565508005882861653 -0.0731295518672299554863 -0.139588595591627229187
20791 912.449000 29.7565057746598462529 -0.0731281173052664296153 -0.139582900063151604808
20792 912.456000 29.7564603931005038362 -0.0731263489592539617234 -0.139577270269209685605
20793 912.463000 29.7564151470367654895 -0.073124404074543791765 -0.139571617399198572018
20794 912.469000 29.7563761115051619299 -0.0731224222805906681755 -0.139566515907449922862
20795 912.477000 29.7563237668160809335 -0.0731196091961033162177 -0.139559406859255219491
20796 912.484000 29.7562780178972836609 -0.0731169995158738594832 -0.139552785793794598135
20797 912.489000 29.7562451314515286072 -0.0731150742170703082934 -0.13954777553485755992
20798 912.494000 29.7562121469690694653 -0.0731131268117323901423 -0.139542526345324824355
20799 912.499000 29.7561790642713859256 -0.0731111794173355811211 -0.139537035155325034319
20800 912.504000 29.7561458845146802332 -0.0731092533183044790412 -0.13953130495956672652
20801 912.509000 29.756112610103439664 -0.0731073683935129364775 -0.139525344144943552749
20802 912.517000 29.7560590526885064833 -0.0731044759511329661494 -0.139515349444522346323
20803 912.525000 29.7560054706941414793 -0.073101823876959376447 -0.139504888750144523391
20804 912.534000 29.7559449724989413255 -0.0730991010344772262908 -0.139492656147685661905
20805 912.542000 29.7558908304650806542 -0.0730969818175091906598 -0.139481461790383037824
20806 912.550000 29.755836744713700881 -0.0730951658624607036874 -0.139470103839596459849
20807 912.558000 29.7557825824614887722 -0.0730936139138572138485 -0.139458710844491517999
20808 912.567000 29.7557213007623424517 -0.0730920297735621338209 -0.139445778466722097866
20809 912.576000 29.7556600908388020343 -0.0730906851893887710148 -0.139433020454542755395
20810 912.584000 29.7556057396505444501 -0.0730896391701426895171 -0.139421828939689101956
20811 912.592000 29.7555510862769203584 -0.0730885955044052876284 -0.139410808455474016787
20812 912.602000 29.7554828627909309091 -0.0730872604573668538386 -0.139397343343141216776
20813 912.610000 29.7554282787174706471 -0.073086123409628014902 -0.139386822414706401663
20814 912.619000 29.7553667970792972142 -0.0730846500649475899758 -0.13937524046722429838
20815 912.627000 29.7553118647744838654 -0.0730831856186449357882 -0.139365134614253843859
20816 912.635000 29.7552570247366041656 -0.0730815828487978574879 -0.139355214683635181272
20817 912.644000 29.7551952031422182188 -0.0730795372542409338301 -0.139344220009392338877
20818 912.652000 29.7551399228065633906 -0.0730775644630386606027 -0.139334539364013909601
20819 912.660000 29.7550846956265750975 -0.0730754907120234609152 -0.13932494400477674068
20820 912.668000 29.7550293563024723653 -0.0730733272564913632907 -0.139315433770770130684
20821 912.676000 29.7549736418319916709 -0.073070986624522174524 -0.139305823160137148831
20822 912.684000 29.7549180425492956203 -0.0730687196270756456062 -0.139296245692868608801
20823 912.692000 29.754862047271252834 -0.0730664236862252902682 -0.139286610193759097243
20824 912.700000 29.7548061050955539031 -0.0730641917876500013307 -0.139276931098150480448
20825 912.707000 29.7547569425234463836 -0.073062244152243480122 -0.139268392764201692779
20826 912.714000 29.7547078800609483551 -0.0730603847071045059414 -0.139259810727294236488
20827 912.721000 29.7546584840905765645 -0.0730585596981618429213 -0.13925115121807962737
20828 912.729000 29.7546022069785536246 -0.0730566186020266267187 -0.139241185192928745851
20829 912.737000 29.7545455962513756276 -0.0730547367809475794997 -0.139231127900972501132
20830 912.744000 29.7544962504249674851 -0.0730531717577707906397 -0.139222293125282087223
20831 912.751000 29.7544466061675692004 -0.0730516305332852555754 -0.139213397936762017792
20832 912.759000 29.7543900845140427691 -0.0730499819865034205613 -0.139203192888957494322
20833 912.767000 29.754333264907881329 -0.0730483420795838833683 -0.139192936866174094002
20834 912.775000 29.7542765936772894975 -0.0730467534466153617378 -0.139182674864405886428
20835 912.783000 29.7542199144542003353 -0.0730451782492767126564 -0.139172452313220174069
20836 912.790000 29.754170120372123165 -0.0730437252756673538467 -0.139163406290990915304
20837 912.799000 29.7541062391115893604 -0.073041851395695453486 -0.13915186596358580795
20838 912.806000 29.7540563344443178551 -0.0730403459085329775924 -0.139142899860706131809
20839 912.812000 29.7540136247421536098 -0.0730390706677796625046 -0.139135224738050761184
20840 912.819000 29.7539638972411459861 -0.0730375298259784561106 -0.139126314067302969679
20841 912.827000 29.753906728429011963 -0.0730357087621449352355 -0.139116136462952677544
20842 912.834000 29.7538568962067380141 -0.0730340880278634585476 -0.139107281119200343333
20843 912.841000 29.753806756300352987 -0.0730324020342994761901 -0.139098436815789400223
20844 912.848000 29.7537568208540648129 -0.0730307930427276652541 -0.139089671097879757911
20845 912.855000 29.7537065974722167994 -0.073029052152230100603 -0.139080821695352685463
20846 912.861000 29.7536635270374425488 -0.0730275338178149324708 -0.139073302297336304223
20847 912.868000 29.75361341944996596 -0.0730258835951097945438 -0.139064592003568993084
20848 912.874000 29.7535702858209809563 -0.0730243509260618955947 -0.139057044523748313258
20849 912.881000 29.7535198056029805969 -0.0730225992327212941602 -0.139048301372052263147
20850 912.887000 29.7534765882347187471 -0.0730211486247321767129 -0.139040806384004289598
20851 912.895000 29.7534189723244288928 -0.0730192258963765911117 -0.139030833548547949619
20852 912.901000 29.7533756229174564112 -0.0730177372909876915008 -0.139023353703655122571
20853 912.909000 29.7533179593509551353 -0.0730158590190005535314 -0.139013376055129006525
20854 912.915000 29.7532745105243172645 -0.0730144639970312786525 -0.139005880012612659247
20855 912.923000 29.7532167202631434577 -0.0730126369676476066894 -0.138995941054083888
20856 912.930000 29.7531659493363420665 -0.0730109939262278268002 -0.138987133560377285058
20857 912.937000 29.753115178639752969 -0.0730093765394165400417 -0.138978366743115283599
20858 912.944000 29.7530645695419124763 -0.0730078004463319135686 -0.138969607754903135
20859 912.951000 29.7530136828093283441 -0.0730061999515737719557 -0.1389608249388913086
20860 912.957000 29.7529701447031484918 -0.0730048755571035129508 -0.138953283743744909762
20861 912.964000 29.7529194713380462645 -0.0730033141766541771034 -0.138944499953923578106
20862 912.969000 29.7528831707639866977 -0.0730021936908014507095 -0.138938212879934963606
20863 912.975000 29.7528395249070243267 -0.0730008633860463745924 -0.138930657430662046758
20864 912.981000 29.7527958875397544602 -0.0729994680534005180306 -0.138923107695293784891
20865 912.986000 29.7527595541840952365 -0.072998337250540848431 -0.138916810632684156745
20866 912.993000 29.7527088101798504738 -0.0729968235718470581652 -0.138908042602027798074
20867 912.998000 29.7526724526375225821 -0.072995680918698652162 -0.138901741382255083934
20868 913.003000 29.7526360844077188972 -0.0729945328744845967073 -0.13889543914358531973
20869 913.009000 29.7525924109585027111 -0.0729930974556542017107 -0.138887827532942959019
20870 913.014000 29.7525560176368237819 -0.0729919377118842527263 -0.138881524446769849535
20871 913.020000 29.7525122571786262426 -0.0729905564912831789082 -0.138873954554012912777
20872 913.025000 29.7524758365203538801 -0.072989386516152277018 -0.138867652354018683569
20873 913.030000 29.7524394027562664178 -0.0729882127054250900988 -0.138861351056640436319
20874 913.036000 29.7523956143463372825 -0.0729867563010404563073 -0.138853794538599362163
20875 913.041000 29.7523591505877327279 -0.0729855763089434089741 -0.138847496143413628999
20876 913.046000 29.7523226728303136213 -0.0729843946148170524824 -0.138841199415449229049
20877 913.052000 29.7522788727179801072 -0.0729829958526681393804 -0.138833637094040868165
20878 913.059000 29.7522278870997638478 -0.0729813459490871313529 -0.138824839901463881198
20879 913.066000 29.7521766210008919984 -0.072979664457611018169 -0.138816032176925341357
20880 913.073000 29.7521255900240007009 -0.0729780898521099757881 -0.13880728297937650062
20881 913.080000 29.7520743048037381584 -0.0729764081401323705389 -0.138798432383912428989
20882 913.087000 29.7520230261420373097 -0.0729747418036176542788 -0.138789635488577339784
20883 913.094000 29.7519719135255478193 -0.0729731100309794350478 -0.138780859645918935863
20884 913.102000 29.7519131933109939325 -0.0729712384136286945635 -0.13877080969025556989
20885 913.109000 29.7518620375419615698 -0.0729696178492651725822 -0.138762041595275692485
20886 913.116000 29.7518106114078584312 -0.0729679689160841193907 -0.138753261708071284897
20887 913.123000 29.7517594316824798284 -0.0729664278766305185453 -0.138744538404766665218
20888 913.130000 29.7517080097381629855 -0.0729647786664104347487 -0.138735711177982806719
20889 913.135000 29.7516713360609195149 -0.0729636259569587802831 -0.13872944583094845572
20890 913.141000 29.7516272701996484784 -0.0729621998033640473125 -0.13872193141653046955
20891 913.146000 29.7515905848243775722 -0.072961047893987288071 -0.138715666711611951278
20892 913.151000 29.7515538948308275735 -0.0729598957700121480974 -0.138709401961046085994
20893 913.158000 29.7515026610814139474 -0.0729583591717324342341 -0.138700682008112308186
20894 913.162000 29.7514731540808590182 -0.0729573792974388402044 -0.138695609705509870224
20895 913.168000 29.7514292579521040238 -0.0729560501603290084693 -0.138688150077342170485
20896 913.174000 29.751385192428127624 -0.072954611595395693624 -0.13868058134581845442
