20513 389.646000 -0.350868528704508408911 -0.00262746359329625589485 -0.0500310472557872892851 -0.0161713279338136541041 -0.0227147598579722186096 0.999611188331469113777 3.0426049625405493515
20514 389.652000 -0.350865513262034356412 -0.00262954695350756714051 -0.0500296679694662432825 -0.0161779915762661624656 -0.0227163995047092552582 0.999611043247372710319 3.04261085612560178149
20515 389.657000 -0.35086343683668280713 -0.00263064082763397703857 -0.050026965941068618493 -0.0161793468764448375441 -0.022719698695361841001 0.999610946331543348542 3.04261505667570908429
20516 389.664000 -0.350861207316849998961 -0.0026312673677699738306 -0.050021311431495844857 -0.0161760161859487057445 -0.0227265530117931012499 0.999610844423245659129 3.04261982468653435774
20517 389.670000 -0.350859879824935161352 -0.00263103804190003252861 -0.0500152279547988951047 -0.0161695838344453474145 -0.0227338159595690640635 0.999610783340464603697 3.04262280761349002134
20518 389.677000 -0.350859196216318947048 -0.00263039905898208598717 -0.0500071620285716667009 -0.0161591574950141828038 -0.0227423395569321604159 0.999610758055618608964 3.04262555635864950787
20519 389.683000 -0.350858660033292024671 -0.00262899319803041459087 -0.0500003597703347624215 -0.0161499321751120764046 -0.0227501633969340692765 0.99961072911216386494 3.04262618728296185822
20520 389.689000 -0.350858364784903287159 -0.00262711986773690037156 -0.0499937835228337207338 -0.0161406937681639744975 -0.0227577795072884357663 0.999610704962977214549 3.04262563700420285429
20521 389.695000 -0.350858074392175034451 -0.00262422701073576972175 -0.0499876237353004820863 -0.0161319050419412579611 -0.0227661539000110560438 0.999610656143840259347 3.0426229073777215639
20522 389.701000 -0.350857990055212565217 -0.00262162355358859511245 -0.0499823366740517333051 -0.0161242639795487301135 -0.0227727729414681778763 0.999610628656815602966 3.04261992092643662744
20523 389.707000 -0.350857865129798052184 -0.00261880808876853096723 -0.049978035207392114414 -0.0161179047644650005888 -0.022778750520597416257 0.999610595017241698734 3.04261588459884624314
20524 389.713000 -0.350857646971781567125 -0.00261585038977709630897 -0.0499748064048113685431 -0.0161128421906328173074 -0.022784154574179326519 0.999610553474141627639 3.04261091716146303554
20525 389.719000 -0.350857303601993575359 -0.00261281273167785280109 -0.0499726639138092509906 -0.0161089655501630533985 -0.02278910187539301066 0.999610503178421261339 3.04260516355135912647
20526 389.725000 -0.350856822118832512025 -0.00260974961240772410781 -0.0499715570029551081621 -0.0161060856988317034622 -0.0227937300423009872596 0.99961044406019528008 3.04259878727097810014
20527 389.732000 -0.350856091081798437958 -0.00260620607891416059682 -0.0499714338516886527608 -0.0161036847641685826327 -0.0227989041616850594829 0.999610364745205370873 3.0425907938577578804
20528 389.739000 -0.350855204034343559627 -0.0026027543937464422269 -0.0499723459831589028601 -0.0161019762619005885051 -0.0228039990552223771625 0.999610276051397184105 3.04258247082489141633
20529 389.746000 -0.35085420356237262407 -0.00259944632147098963343 -0.0499740163315796209753 -0.0161006488484163427788 -0.0228091233726492419176 0.99961018051920169647 3.0425740899934754502
20530 389.753000 -0.350853140438464050632 -0.0025963242201237270862 -0.0499761497916601099556 -0.0160994649612526720406 -0.0228143124456295087743 0.999610081169450159777 3.04256590232511259231
20531 389.760000 -0.350852067129797662304 -0.00259342237595745414569 -0.0499784577882552566441 -0.0160982687177672299794 -0.0228195333696331395523 0.999609981263233859927 3.04255812898557920221
20532 389.767000 -0.350851032668323126185 -0.00259076784960953626635 -0.0499806787485943468385 -0.0160969799479411188048 -0.0228246997817404921605 0.999609884062992226639 3.04255095532348107668
20533 389.775000 -0.350849951295762574333 -0.00258806252943709607511 -0.0499828320127281774954 -0.0160953724774025030975 -0.0228303832173681088558 0.999609780157718286198 3.04254367670334779916
20534 389.783000 -0.350849022109625208188 -0.0025857254684739910261 -0.0499843467324739276769 -0.0160936648589327588321 -0.022835643090507094094 0.999609687506104127586 3.04253752404634836282
20535 389.790000 -0.350848356730826871352 -0.00258398835669077994726 -0.0499850358167381880747 -0.0160921586750574531488 -0.0228397562522077123004 0.99960961778262047428 3.04253313266988190122
20536 389.797000 -0.3508478369206425862 -0.00258253540137928956633 -0.049985097387652263623 -0.0160907200825480267703 -0.0228433143024504327345 0.999609559637614109029 3.04252968597023043529
20537 389.805000 -0.35084746589774151726 -0.00258149274193295117513 -0.0499845001679775080561 -0.0160893394480696137749 -0.0228463397790848662949 0.999609512717252846059 3.04252759834300823272
20538 389.811000 -0.350847209155732697727 -0.00258043268176966385241 -0.0499834865166693051441 -0.0160883678571810163904 -0.0228485693065650571909 0.999609477396215528877 3.04252552241968432511
20539 389.818000 -0.350847065771631827502 -0.00257974169230146960219 -0.0499819977366113624151 -0.0160876104508113938751 -0.0228502616373772726721 0.999609450902244178749 3.04252468047983182231
20540 389.826000 -0.350846995397238181624 -0.00257919945741502849856 -0.0499799601469856358271 -0.0160872059244397992706 -0.0228515011606119575194 0.999609429077302769073 3.04252457372221263299
20541 389.833000 -0.350846978312520207943 -0.00257890504531986444053 -0.0499780530775010001232 -0.0160873211037843300009 -0.0228520607170025306931 0.999609414431802068002 3.04252510042915469413
20542 389.840000 -0.350846965597363946721 -0.00257874262409290254394 -0.0499761896510013542416 -0.0160879210930232573185 -0.0228522247318575753849 0.999609401026075650165 3.04252607523700113745
20543 389.848000 -0.350846911290091933999 -0.00257867432698910895028 -0.0499742938304848088871 -0.0160892343371477550273 -0.0228520536474720210862 0.999609383800761253092 3.04252757219783065423
20544 389.855000 -0.350846873658708036103 -0.00257889171924498891014 -0.0499729287383936307543 -0.0160903354021086283931 -0.0228517477302856847343 0.999609373071460804994 3.04252956677332031532
20545 389.862000 -0.350846662710521062234 -0.00257893688836752146137 -0.0499720208518295710975 -0.016092608775366133711 -0.0228513316340375020885 0.999609345987398256739 3.04253120072366156634
20546 389.867000 -0.350846385486799139386 -0.00257883648394175140489 -0.0499716924199265777329 -0.0160950107625992648586 -0.0228509523373298106819 0.99960931598591507008 3.04253212749058343789
20547 389.872000 -0.350846101189661974118 -0.00257886956341275147553 -0.0499715714938781113696 -0.0160970618751625597909 -0.0228506273187125373558 0.999609290388063786992 3.04253316780315463674
20548 389.878000 -0.35084566661763050277 -0.00257888578774165440344 -0.0499717554279586334554 -0.0160997530601423265162 -0.0228502924287817647808 0.999609254702717109353 3.04253427392805964047
20549 389.883000 -0.350845231106418298239 -0.00257888173195237012381 -0.0499721681297465789018 -0.0161021215131934188058 -0.0228500642637371638444 0.999609221769145905867 3.04253507370265419141
20550 389.891000 -0.350844397405972452386 -0.00257882549387502928162 -0.0499732703253367993579 -0.0161060881726581284212 -0.0228498938116323026259 0.999609161761021214332 3.04253604980076675091
20551 389.899000 -0.350843414904582595604 -0.00257870748467578601165 -0.0499748220497344269875 -0.0161100468780597527729 -0.0228499060989842787961 0.999609097688118342084 3.04253664208633400889
20552 389.908000 -0.350842172161988430368 -0.00257849970390036566797 -0.0499769218627757055851 -0.0161142813575747140264 -0.0228502279078906245235 0.99960902207857571522 3.04253682907548750336
20553 389.916000 -0.350840998735615805515 -0.00257826774458760031583 -0.049978927912929675681 -0.0161175831739326924641 -0.0228507162571193085665 0.99960895768253688054 3.04253664759451236677
20554 389.923000 -0.350840077744339784438 -0.00257819318834773790472 -0.0499805755845542792892 -0.0161199133442850028874 -0.0228511927745798995582 0.999608909215274898941 3.0425366699870175502
20555 389.931000 -0.350838783426703992863 -0.00257773617597879464713 -0.049982470856242952606 -0.016122082959250029488 -0.0228521463173362165966 0.99960885242666108752 3.04253556188043550179
20556 389.939000 -0.350837691086379632743 -0.00257743906768550211372 -0.0499839854741905773028 -0.0161233497403791732616 -0.0228531062056706903152 0.99960881005016244405 3.04253478059843995851
20557 389.947000 -0.350836710736685930545 -0.00257714418080199833549 -0.0499851085106151268866 -0.0161237860472537575252 -0.0228541709323515224161 0.999608778670184272563 3.04253395294765116574
20558 389.954000 -0.350835969340272946226 -0.00257689537199967157177 -0.0499857240648794304283 -0.0161235054126014146214 -0.0228551618578422370553 0.999608760540673491057 3.04253325547660580241
20559 389.961000 -0.350835362220360769125 -0.00257667771886465907932 -0.0499859783516467814923 -0.0161226218451276485932 -0.0228561587355083604967 0.999608751998848799047 3.04253269692260985835
20560 389.969000 -0.350834825588694665388 -0.00257644668934145244094 -0.0499858447015997658935 -0.0161210569280553286942 -0.0228573541343264526049 0.999608749904431492794 3.04253219511504280348
20561 389.976000 -0.350834507541951390319 -0.00257628612960321239089 -0.0499853865281430082002 -0.016119243047179938888 -0.0228583602494876504674 0.999608756149270027969 3.0425319996545430179
20562 389.983000 -0.350834311317240021832 -0.00257614529657419245867 -0.0499846642536020263625 -0.0161172099283698883054 -0.0228593832262993026938 0.999608765539117372079 3.04253198615133735316
20563 389.990000 -0.350834226254380376897 -0.00257602966756643580321 -0.0499837385030330733082 -0.0161150521056644402407 -0.0228603714487510961684 0.999608777728995812062 3.04253219008082131936
20564 389.998000 -0.350834256960983748019 -0.0025760499432761260058 -0.0499825600948712381322 -0.0161127083085984314226 -0.0228612876778818870094 0.99960879455748641309 3.04253293829046089769
20565 390.004000 -0.350834322033407419728 -0.00257587677964360786675 -0.0499815510220369199623 -0.0161108666685030807453 -0.0228622224476935226312 0.999608802862370526832 3.04253328468902184412
20566 390.010000 -0.350834429377128165228 -0.0025758293990758886205 -0.0499805905033663747106 -0.0161093265962691661874 -0.0228629635671834217925 0.999608810732248498354 3.04253398053782309063
20567 390.017000 -0.350834565909134643569 -0.00257588804937755860153 -0.0499795864080855301026 -0.0161078954039474177284 -0.0228636546311266619647 0.999608817989599329756 3.04253506859793576567
20568 390.023000 -0.350834688969080210619 -0.00257584977732049427712 -0.0499787720609211755241 -0.0161069067485923173022 -0.0228643185594999513721 0.9996088187345097964 3.04253596081018740094
20569 390.029000 -0.350834803641724424228 -0.00257570410737297753739 -0.0499780244114190405624 -0.0161062523892239115031 -0.0228650551543564499457 0.999608812429523929666 3.0425367868901118662
20570 390.035000 -0.350834880996198694714 -0.00257566255746413067668 -0.0499774699315917378395 -0.0161059623693719615456 -0.0228656221693068553713 0.999608804132380068808 3.04253777715019513295
20571 390.041000 -0.350834916984073375001 -0.00257561432937151394557 -0.0499770709029056653394 -0.0161060193565377880731 -0.0228661412877225328488 0.999608791339440361234 3.04253876744616391647
20572 390.047000 -0.350834910637355334995 -0.0025756632869639098371 -0.0499768629723318091873 -0.0161063161718881207862 -0.0228665208622841620301 0.99960877787413715545 3.04253985190466869071
20573 390.052000 -0.350834847864294141484 -0.00257550234263664683254 -0.0499767618496764626235 -0.016106982892617211639 -0.0228669649916197481598 0.999608756971530731938 3.04254050041216350664
20574 390.056000 -0.35083477702704851664 -0.00257545729908026550803 -0.0499767823467657801295 -0.0161075643863196026062 -0.022867201608831416032 0.999608742188723420341 3.04254109907252923151
20575 390.060000 -0.350834674200473151107 -0.00257539859351923160202 -0.0499768707795148203754 -0.016108293812022878716 -0.0228674494493451146981 0.999608724764918799011 3.04254163206493277727
20576 390.064000 -0.350834572968951263761 -0.00257544287988300396597 -0.0499770228063979513045 -0.0161089615151195041098 -0.0228676028414564122548 0.999608710495856978007 3.04254227330934545748
20577 390.067000 -0.350834427935690862377 -0.00257528281086406851674 -0.0499771735470221217801 -0.0161097975085031375198 -0.0228678108807510785394 0.999608692264006504224 3.0425424662973710177
20578 390.072000 -0.350834247833133217043 -0.00257530672910492950539 -0.0499774752541824948682 -0.0161108309812224778645 -0.0228679722776318934685 0.999608671915667157393 3.04254316765013355095
20579 390.076000 -0.350834001468902534349 -0.00257512145027887981441 -0.04997779283576665732 -0.0161120367577418585614 -0.0228681556992324959421 0.999608648285134071543 3.04254337276855801875
20580 390.080000 -0.350833820922168859724 -0.00257514489795231983627 -0.0499781100584855142444 -0.0161129352237517342594 -0.0228682453973304902761 0.999608631750908194213 3.04254385782443037556
20581 390.083000 -0.35083358323525520861 -0.00257496910847442635889 -0.0499784114796346656817 -0.0161139619212117245206 -0.0228683836310544195969 0.999608612038384136689 3.04254387053029162757
20582 390.089000 -0.350833184393097352594 -0.0025748380052393405118 -0.0499789992372807467813 -0.0161156098831913043024 -0.0228685033069585784415 0.999608582733558015399 3.04254420286120064176
20583 390.094000 -0.350832819352671299029 -0.00257471449704312592421 -0.0499795156070187499009 -0.0161169933629323053337 -0.0228685990439743414004 0.999608558238026079223 3.04254437677287326025
20584 390.099000 -0.3508324280066418277 -0.00257457656743479042227 -0.0499800410673364031711 -0.0161183700427787075793 -0.0228687071025952051717 0.999608533568326240726 3.04254445860675604152
20585 390.103000 -0.350832114086032598177 -0.00257447602628005454278 -0.0499804545262079041867 -0.0161193784146026856952 -0.0228687376899414825104 0.999608516608374686463 3.04254451631872147033
20586 390.107000 -0.350831796191588218825 -0.00257437351060748904202 -0.0499808540739645618123 -0.0161203347471679941938 -0.0228687729524152602578 0.99960850037966864079 3.04254452739077496659
20587 390.111000 -0.350831465212904980433 -0.00257425720575409425206 -0.0499812425215469535722 -0.0161212596813817554686 -0.022868825529868349461 0.999608484260297691648 3.04254448087238849041
20588 390.115000 -0.350831141828744641487 -0.00257414937513932885749 -0.0499816047113141592728 -0.0161220920895815585105 -0.0228688646528907926769 0.99960846994017760192 3.04254442910563582814
20589 390.119000 -0.350830816088317898327 -0.00257403325455045264153 -0.0499819443473221713958 -0.0161228666760689469395 -0.0228689193324089698467 0.999608456196081629486 3.04254433266512203105
20590 390.125000 -0.350830340940013085671 -0.0025738633640858448251 -0.0499823939255782251356 -0.016123847205340494787 -0.0228689867867176502281 0.999608438837251811471 3.04254416990128051523
20591 390.129000 -0.350830037770967440025 -0.0025737557094596755225 -0.0499826496594337893464 -0.0161243735365760310074 -0.0228690243844495884329 0.999608429487144900527 3.04254406253196840737
20592 390.134000 -0.350829663602431507385 -0.00257360660395813522355 -0.0499829228593336241659 -0.0161249543164366758441 -0.0228691284301086976416 0.999608417738236165739 3.04254387519671487539
20593 390.138000 -0.350829385607493771104 -0.00257349973386960303307 -0.0499830973572138251293 -0.0161252806007312100844 -0.0228691867723808325841 0.99960841114004128638 3.04254376473472243347
20594 390.142000 -0.350829116363673865209 -0.00257338505887429180863 -0.0499832357815763600462 -0.0161255537337371447626 -0.022869293063366772506 0.999608404302185893364 3.04254362807800715629
20595 390.146000 -0.350828860028018441053 -0.0025732693347074548848 -0.0499833383563848751563 -0.0161257421762364544504 -0.0228694063778025306888 0.999608398669795339408 3.04254349338421592464
20596 390.151000 -0.350828566996532975608 -0.00257313417024278984213 -0.0499834147714885712599 -0.0161258527038578639012 -0.0228695603827475529846 0.999608393363357716765 3.04254337287129761336
20597 390.157000 -0.350828244152065094053 -0.00257296774708532047932 -0.0499834397226353310817 -0.0161258555761387284422 -0.0228697896061536981582 0.999608388072702913618 3.04254324126970754349
20598 390.164000 -0.35082790876311603645 -0.0025727695232934961328 -0.0499833867377819096589 -0.0161257054406566090188 -0.0228701173860013130812 0.999608382995456734577 3.04254312381894775896
20599 390.171000 -0.35082762503552161748 -0.00257258010151483352407 -0.0499832574490467473893 -0.0161253934147381101927 -0.0228704806611634593738 0.999608379717550787902 3.04254310385177983989
20600 390.177000 -0.350827411305924541374 -0.00257240999562319879596 -0.0499831023923071673942 -0.0161250718237234726138 -0.0228708547934287978465 0.999608376345305305044 3.04254311705220414908
20601 390.184000 -0.350827191677125449498 -0.00257220191272059667265 -0.0499828862454306036001 -0.0161246733966129186799 -0.0228713618287399896023 0.999608371171405885036 3.04254316902231281006
20602 390.190000 -0.350827029128308431893 -0.00257202189475219753639 -0.0499826834289091304075 -0.0161243097769944859765 -0.0228718157800699116444 0.999608366650228674644 3.04254326952079612312
20603 390.196000 -0.350826883607832207268 -0.00257183654412637165143 -0.0499824760502940376727 -0.0161239664331923049367 -0.0228722997719712946296 0.999608361114292742755 3.04254340542807089065
20604 390.203000 -0.350826732071816527192 -0.00257161774318535353567 -0.0499822412005527239032 -0.016123601350990890424 -0.0228728742481706312506 0.999608353858200682218 3.04254361915939686156
20605 390.209000 -0.350826624873739167931 -0.00257150274739428603282 -0.0499820695858038538395 -0.0161233988820659798757 -0.0228733255584379520375 0.99960834679707799566 3.04254391485435160547
20606 390.214000 -0.350826497346033272517 -0.00257123448785805033129 -0.049981924764157671659 -0.0161232651637025145575 -0.0228738629241112371993 0.999608336657607843279 3.0425439306832480213
20607 390.220000 -0.350826375608928209271 -0.00257102457070173835013 -0.0499817868434240392128 -0.0161231638482053837857 -0.0228743753453565616673 0.999608326566002292068 3.04254414092891023458
20608 390.227000 -0.350826215090972948207 -0.00257075110694886949103 -0.0499816717865283893785 -0.0161232114876469628806 -0.0228750073637901708834 0.999608311334710286644 3.04254431943553838025
20609 390.233000 -0.350826069009705254764 -0.00257050865903251865574 -0.0499816100328692586308 -0.0161233410183708389396 -0.0228755204991131534664 0.999608297502726728112 3.04254445566610476348
20610 390.240000 -0.350825880063906025974 -0.00257020900057708390207 -0.0499815841261790350103 -0.0161236183703646375476 -0.0228761005938010984762 0.999608279753758877106 3.04254455942203616559
20611 390.246000 -0.35082571064558110141 -0.00256995374438973977343 -0.0499815963468865642749 -0.0161239185156114399333 -0.0228765462565301835873 0.999608264713269911717 3.04254464695560411513
20612 390.253000 -0.350825482891126527729 -0.00256962786100575334841 -0.0499816563012479495032 -0.0161244162091718837293 -0.0228770729938914986479 0.999608244630437958733 3.04254464178499350879
20613 390.259000 -0.350825272619966543886 -0.00256934186747311346655 -0.0499817381111969938345 -0.0161249015327242541107 -0.0228774774057402506544 0.999608227546227245952 3.04254459269491039919
20614 390.265000 -0.350825046983518906707 -0.00256904778655347044297 -0.049981844813071815703 -0.0161254419376717812729 -0.0228778512634150096861 0.999608210272346697778 3.04254449280881322792
20615 390.271000 -0.350824806668593669468 -0.00256874615793302278621 -0.0499819720500239983441 -0.0161260249115700027289 -0.0228781950776616727072 0.999608192998906908144 3.04254434158553888068
20616 390.277000 -0.350824550749255559268 -0.00256843482852610674461 -0.0499821157291901949082 -0.0161266455063023041172 -0.0228785168510400073461 0.999608175622533901006 3.04254412918041694525
20617 390.284000 -0.35082428303333418329 -0.00256816519600167741944 -0.0499822811053025201078 -0.0161272898070294185002 -0.0228787964973748460251 0.999608158827403614488 3.04254400635383648321
20618 390.289000 -0.350824009850794649168 -0.00256779980778251530615 -0.049982431364562956988 -0.0161279094952899576532 -0.0228790704706655426137 0.999608142558727985616 3.0425435818974371216
20619 390.296000 -0.350823683648502304688 -0.00256742821477361823218 -0.0499826203140652097767 -0.0161286195310817344339 -0.0228793383279382346596 0.999608124971829714589 3.04254321417285256146
20620 390.303000 -0.350823343673799192821 -0.00256704068120058945951 -0.0499828081849022290428 -0.016129345536170906078 -0.0228796276396236834827 0.999608106635618831604 3.04254276060628248146
20621 390.308000 -0.350823103299605698613 -0.00256676852117387454405 -0.0499829365372799899747 -0.0161298204068861111837 -0.022879806366489410796 0.999608094882326048136 3.04254244000250428925
20622 390.312000 -0.350822906091476149903 -0.00256654305660967540365 -0.0499830365419019553852 -0.0161301987074263901423 -0.0228799574105738763585 0.999608085320716654998 3.04254214909485609653
20623 390.316000 -0.350822715835936382867 -0.0025663272046873670737 -0.0499831299527494221646 -0.0161305324833227042847 -0.0228800838161619182753 0.999608077041382103722 3.04254188879324338757
20624 390.321000 -0.350822470759042603916 -0.00256604239110778172689 -0.0499832424641792269493 -0.016130971533327643358 -0.0228802867978341421817 0.999608065310319537922 3.04254150504083753503
20625 390.325000 -0.350822283208951979372 -0.00256582522664478267921 -0.049983324223535047226 -0.0161312662598259853874 -0.0228804176289463812033 0.999608057559551288485 3.04254123543424848108
20626 390.329000 -0.35082209264425046058 -0.00256559887999172932249 -0.0499834017270581534853 -0.0161315751258248075983 -0.0228805853371881993963 0.999608048736397414302 3.04254093239293776918
20627 390.334000 -0.350821907614435324341 -0.00256541778281201178491 -0.0499834689373482715657 -0.0161318354777814886025 -0.0228807237207757398212 0.999608041367280653056 3.04254076327265687851
20628 390.338000 -0.350821672559426034343 -0.0025650892593517844037 -0.049983555040767790878 -0.0161321859580005680379 -0.0228809563322765682769 0.999608030386679557999 3.04254025598670052588
20629 390.342000 -0.350821495169044761386 -0.00256486923142723068081 -0.0499836119833086955921 -0.0161324049552762083248 -0.0228811097399515411821 0.999608023340863072193 3.04253998491982091679
20630 390.346000 -0.350821316095412782943 -0.00256464012277445203847 -0.0499836646084183960914 -0.0161326396497199764379 -0.0228813034200375381433 0.999608015119792914227 3.04253968536457719551
20631 390.350000 -0.350821138686659317329 -0.0025644087555635863146 -0.0499837123824853207799 -0.0161328551873461401023 -0.0228814964638056513035 0.999608007222371530709 3.04253938374624732788
20632 390.354000 -0.35082097109283516545 -0.00256418680963892663127 -0.0499837526913480406643 -0.0161330277248459760808 -0.0228816731495509670391 0.999608000393307327691 3.04253912281390936911
20633 390.361000 -0.350820720780921857518 -0.00256387860472197075257 -0.0499837994159780529824 -0.0161332829846521363937 -0.0228819769345056239773 0.999607989319666212502 3.04253880656737552002
20634 390.365000 -0.350820518725326158105 -0.00256355678264185912751 -0.0499838412296985390437 -0.0161334897288117791458 -0.0228822517428686166008 0.999607979692212378353 3.0425383681707116601
20635 390.370000 -0.350820314318374626428 -0.00256325762357465826435 -0.0499838742117661855024 -0.0161337034126708585291 -0.0228825584363630575579 0.999607969222733983017 3.04253800443319422087
20636 390.377000 -0.350820081733775990251 -0.00256293696834302645732 -0.0499838984155624166394 -0.0161339055442471165924 -0.0228829085125241485366 0.99960795794646251089 3.04253769398269557911
20637 390.382000 -0.350819853952273330577 -0.00256254758909433590086 -0.0499839298661851477723 -0.0161341169595256295199 -0.022883283340718370974 0.99960794595355473291 3.0425372031864714728
20638 390.389000 -0.350819632551414462007 -0.00256221778413973436117 -0.0499839445946045068947 -0.0161343031850263544935 -0.0228836628505475932205 0.999607934259865715809 3.04253689666442905803
20639 390.395000 -0.350819381840177968446 -0.002561765779369266742 -0.049983970197256005763 -0.0161345193926406248186 -0.0228841071704541133836 0.9996079205983613436 3.04253636709025654383
20640 390.402000 -0.350819168449867602178 -0.00256142564668017207186 -0.0499839811996086180734 -0.0161347192972527420096 -0.0228845213932037279403 0.999607907888789726236 3.04253605326918208362
20641 390.409000 -0.350818916494617716317 -0.00256097516668649972937 -0.0499840046584072300595 -0.0161349748066746817576 -0.022885000120472946683 0.99960789280471051832 3.04253554159294115067
20642 390.415000 -0.350818673385987822577 -0.0025605030333536362569 -0.0499840301505480311128 -0.0161352183581738549412 -0.0228854594016143116086 0.999607878358564683197 3.04253498154770074535
20643 390.421000 -0.350818462300462652337 -0.00256011102596784018842 -0.0499840525018046960559 -0.0161354534240918806587 -0.0228858656680100032432 0.999607865262886252644 3.04253453593779887854
20644 390.427000 -0.350818250496224559587 -0.00255971288066744045997 -0.0499840783251834647194 -0.0161357034892644496393 -0.0228862683557610538387 0.999607852006803132561 3.042534072291957159
20645 390.434000 -0.350818036882399097998 -0.00255933423918022068255 -0.0499841060012093524323 -0.0161359773358702232593 -0.022886679421916342192 0.999607838174778939866 3.04253366150542969848
20646 390.440000 -0.350817782160012359149 -0.00255882273843077018283 -0.0499841498449238724744 -0.0161363206887936531941 -0.0228871394826882304518 0.999607822098710907532 3.04253297217764595572
20647 390.446000 -0.350817564167916984275 -0.00255840492131525782532 -0.0499841894850320961341 -0.016136620839189482618 -0.0228875199380521067438 0.999607808542418929676 3.04253243738597234369
20648 390.452000 -0.350817343625880462277 -0.00255798160067704713483 -0.0499842336666991085559 -0.016136935567534718694 -0.0228878920461237089778 0.999607794941683391876 3.04253187991966234094
20649 390.457000 -0.350817160433974428724 -0.00255762867543233261836 -0.0499842729381718420267 -0.0161371997797950077203 -0.0228881902165101423774 0.999607783849185360658 3.0425314119536541746
20650 390.464000 -0.350816898289249778919 -0.00255712614001989656243 -0.0499843338417132465601 -0.0161375833745905292171 -0.0228885920935742205595 0.999607768454608525133 3.04253072088174247867
20651 390.471000 -0.350816668805710552004 -0.00255670813919377758194 -0.0499843907451276159293 -0.0161379330444592662686 -0.0228889351801333171266 0.999607754953597882341 3.04253015376439872597
20652 390.477000 -0.350816397446325589637 -0.00255616669951184635745 -0.049984461860266053701 -0.0161383641060836198478 -0.0228893474824550108293 0.999607738553382252356 3.04252932696814637481
20653 390.483000 -0.35081616326099790415 -0.00255571880429357207315 -0.0499845256097142809359 -0.0161387289258752841814 -0.0228896801328041937795 0.999607725046217865383 3.04252865874532352208
20654 390.488000 -0.35081596823144878261 -0.00255534517938474804027 -0.049984579165986496585 -0.0161390325027973118022 -0.0228899538842977957886 0.999607713876322634405 3.0425280954842746084
20655 390.495000 -0.35081568666801293821 -0.0025548087916150491114 -0.0499846607767430103908 -0.0161394766894037595961 -0.0228903385542867307545 0.999607697896060853893 3.0425272612419367313
20656 390.501000 -0.350815489968487714822 -0.00255444970357668766497 -0.0499847167048177581927 -0.0161397755871601107647 -0.0228905994598725612277 0.999607687095474428673 3.04252673530803008362
20657 390.507000 -0.350815207395121786416 -0.0025538893083578923307 -0.0499848003300603499488 -0.01614021628907440567 -0.0228909826141952855993 0.99960767120560767296 3.0425258237273227202
20658 390.514000 -0.350814967089623674923 -0.00255344152006262928994 -0.0499848694791057562847 -0.0161405801907547157004 -0.0228913017053909845222 0.999607658022555800592 3.04252513591449158525
20659 390.520000 -0.350814690875887791321 -0.00255288864846853983531 -0.0499849501319238193053 -0.0161409922641899891693 -0.0228916782623416019404 0.999607642745422686481 3.04252424972531176905
20660 390.526000 -0.350814449284435780907 -0.0025524183802407094529 -0.0499850209424799324376 -0.0161413519570125472968 -0.0228920059164705973209 0.999607629433729383273 3.04252349934029941991
20661 390.532000 -0.35081420942463814594 -0.00255194711689250060965 -0.0499850894739778672804 -0.0161417025127368191084 -0.0228923360873597679654 0.999607616211708238652 3.04252274698094549166
20662 390.538000 -0.350813970750976700241 -0.00255147416183585176719 -0.0499851565418122298357 -0.0161420466074077978424 -0.022892670366247286351 0.999607602999710520564 3.0425219921434725201
20663 390.545000 -0.350813691067340727159 -0.00255091591526605647455 -0.0499852337107695027241 -0.0161424483579335233119 -0.0228930713701690803641 0.999607587328273483607 3.04252109407643533956
20664 390.549000 -0.350813535430820389038 -0.00255060619139687357743 -0.0499852798259485670007 -0.0161426888906471797946 -0.0228932942403756028993 0.999607578339721913885 3.04252065463033938286
20665 390.553000 -0.350813420395447661537 -0.00255037923572691387075 -0.0499853030310244902945 -0.0161428181765919040447 -0.0228934673511015998604 0.999607572287225853991 3.04252026800132346906
20666 390.556000 -0.35081325988448491815 -0.00255003993579581023782 -0.0499853481166889351828 -0.0161430493285070891796 -0.0228937068251848924172 0.999607563069717652837 3.04251970093882340151
20667 390.561000 -0.350813067434075198658 -0.00254964173540236579973 -0.0499853977253918724255 -0.0161433087456225518586 -0.0228939934408713512137 0.999607552315944003496 3.04251907336707239082
20668 390.567000 -0.350812874966989485248 -0.0025492522820956013338 -0.0499854444733099090303 -0.0161435571305547712062 -0.0228942742414855147925 0.999607541873373417474 3.04251847263870800475
20669 390.573000 -0.350812604246791781559 -0.00254867114206284734595 -0.0499855127496400611364 -0.0161439353077804693959 -0.022894706544025453937 0.99960752586454715285 3.04251752748908277368
20670 390.579000 -0.350812374824280792662 -0.00254818204620995379661 -0.0499855675765744703054 -0.0161442423255146946803 -0.0228950680155876155897 0.999607512626979555215 3.04251674801150517879
20671 390.585000 -0.350812145190391944105 -0.00254768819707671193009 -0.0499856204990193481175 -0.0161445522531219569362 -0.0228954385435334029086 0.99960749913475810402 3.04251595480662206938
20672 390.591000 -0.350811917012777696456 -0.00254719155531423629979 -0.0499856736996556472175 -0.0161448564724687021465 -0.0228958031826726193803 0.999607485869380529842 3.04251515637820046933
20673 390.598000 -0.350811656921713899138 -0.00254661578323524002282 -0.0499857316128733755733 -0.0161451860660307873474 -0.0228962115514478072031 0.999607471192309748886 3.04251424202910714101
20674 390.603000 -0.350811465462154914441 -0.00254619131387241910691 -0.0499857741950796782837 -0.0161454554108924307199 -0.0228965367093047940383 0.999607459394083686099 3.04251354321529365876
20675 390.609000 -0.35081124092985194185 -0.00254568652007883949873 -0.0499858231554650700446 -0.0161457540201212224051 -0.0228969040712290843043 0.999607446156277279492 3.04251272347081069825
20676 390.615000 -0.350811022932774663197 -0.00254518760086540514476 -0.04998586903505296275 -0.0161460272092475536077 -0.0228972496646033286949 0.999607433827477631638 3.0425119230230417422
20677 390.621000 -0.350810797317766487335 -0.00254467372450879140283 -0.0499859184056768851567 -0.0161463326369527190862 -0.0228976190766132271792 0.999607420432140902911 3.04251107741757431668
20678 390.627000 -0.350810573333155795162 -0.00254415769445573512059 -0.0499859667983208050268 -0.0161466343716604003589 -0.0228979835273661995465 0.999607407209874732068 3.04251022178109042926
20679 390.633000 -0.350810349765118545395 -0.0025436386951747692875 -0.0499860150984557383147 -0.0161469373004229921342 -0.0228983470246356020372 0.999607393989938142198 3.04250935591625948362
20680 390.639000 -0.350810126193174753872 -0.00254311639314934619105 -0.0499860636567043548073 -0.0161472421295734067104 -0.0228987093968468433114 0.999607380764851893851 3.04250847895945275567
20681 390.646000 -0.350809903263133160412 -0.00254259628043141706899 -0.0499861092902164419471 -0.0161475543440000000872 -0.0228990845137006064636 0.999607367128284907132 3.04250760396740149716
20682 390.652000 -0.350809677778027517725 -0.00254206433515350056773 -0.0499861603740907600724 -0.0161478674137028530011 -0.0228994446516185209961 0.999607353820807675859 3.04250669583079202951
20683 390.657000 -0.350809452830485202224 -0.00254152677891807728811 -0.0499862128569877398054 -0.0161481822827545910826 -0.0228998022893894016827 0.99960734054130961912 3.04250576853704579605
20684 390.663000 -0.35080922809333792145 -0.00254099097619971386192 -0.0499862638727826963381 -0.0161484958812031891007 -0.0229001591424342863801 0.999607327300088388533 3.0425048446070945829
20685 390.669000 -0.350809003050677692404 -0.00254045225868336239233 -0.0499863156136026443033 -0.0161488114789853920428 -0.0229005152828227059869 0.999607314042668004817 3.04250391090088934121
20686 390.676000 -0.350808777959274675773 -0.0025399115455169663999 -0.0499863659540326216169 -0.016149125863810540743 -0.0229008700347461714719 0.999607300836426793111 3.04250296975139944422
20687 390.681000 -0.350808549673209957298 -0.00253936329131636360362 -0.0499864219349856059305 -0.016149456131404449355 -0.0229012324217111352953 0.999607287198441052389 3.04250200409718773997
20688 390.687000 -0.350808323061374327523 -0.00253881514673246627689 -0.0499864763921108942735 -0.0161497775632089592135 -0.0229015860987586729325 0.999607273902516024755 3.04250103913311731318
20689 390.693000 -0.350808096667174329486 -0.00253826512200255351159 -0.049986531058300753827 -0.0161500992952088064103 -0.0229019404353103632477 0.999607260586402701641 3.04250006844506026837
20690 390.699000 -0.350807870457328085934 -0.00253771144987042368557 -0.0499865844021991911905 -0.0161504192507388594224 -0.0229022951092304298537 0.99960724729103234143 3.04249908708557237347
20691 390.705000 -0.350807643605173302692 -0.00253715843680215290268 -0.049986641862676421677 -0.0161507448583224112737 -0.0229026505892063261816 0.999607233885644652638 3.04249810802446818414
20692 390.712000 -0.350807421898381321945 -0.00253660828144867088463 -0.0499866942620966550614 -0.0161510444789582513492 -0.022902990382744056741 0.999607221259313671879 3.0424971435447178969
20693 390.717000 -0.35080719416132150057 -0.00253604956505680718959 -0.0499867530360605383244 -0.0161513718794520436117 -0.0229033441739899291945 0.999607207863198232722 3.04249614648462474165
20694 390.723000 -0.350806967420121795787 -0.00253548831399362083888 -0.0499868095988061506008 -0.0161516952338573750725 -0.0229037010634915647045 0.99960719446123791343 3.042495144002898666
20695 390.729000 -0.350806741003523825384 -0.0025349254215279162436 -0.0499868661736703051579 -0.0161520180486481798598 -0.0229040589384229206771 0.999607181045184867152 3.04249413755236419732
20696 390.736000 -0.350806515055608447717 -0.002534357711815324668 -0.0499869212781607619167 -0.0161523381998749521182 -0.0229044191373737222872 0.999607167618688285948 3.04249311839923386458
20697 390.742000 -0.350806248700719525146 -0.00253369536216662728789 -0.0499869884620052357116 -0.0161527332098711333408 -0.022904857898840946806 0.999607151182145492463 3.04249192501678500378
20698 390.748000 -0.350806021973545878456 -0.002533124995312823792 -0.0499870460433431834657 -0.0161530564047479043011 -0.0229052173595485075719 0.999607137722864025342 3.04249089801019012569
20699 390.754000 -0.35080579645664466959 -0.00253255389841210327984 -0.0499871021414513838632 -0.0161533761111482439266 -0.0229055780612874224089 0.999607124291283732909 3.04248986997164694301
20700 390.760000 -0.3508055715242610062 -0.00253198131509304105724 -0.0499871578635646546251 -0.0161536946113984905549 -0.0229059394300929371202 0.999607110863676595613 3.04248883801396541315
20701 390.767000 -0.350805313437333177173 -0.00253131739477822827883 -0.049987221213357510563 -0.0161540445621809816701 -0.0229063426498485149529 0.999607095968556569332 3.04248765112232710806
20702 390.771000 -0.350805162896321798272 -0.00253093094542245714701 -0.0499872581192107867665 -0.0161542674661052515495 -0.0229065981172944486965 0.999607086512158682368 3.04248694800695362872
20703 390.776000 -0.35080497698183704669 -0.00253045096293078551619 -0.0499873030117391203841 -0.0161545297457415283626 -0.0229069020401350825766 0.999607075308902359723 3.04248608128767283887
20704 390.780000 -0.350804824623496269709 -0.00253005997907499585731 -0.0499873410455544398001 -0.016154749336806700083 -0.0229071477709772985953 0.999607066128918253511 3.0424853627543551049
20705 390.784000 -0.350804679286300047369 -0.00252967890562867669946 -0.0499873760437085645769 -0.0161549387879604267049 -0.0229073702756688625526 0.999607057968185275243 3.0424846813889612207
20706 390.788000 -0.350804529331120995561 -0.0025292885377424436516 -0.0499874123115139484819 -0.0161551599996580634577 -0.0229076257431959952326 0.999607048538671882909 3.04248396628139872178
20707 390.792000 -0.350804377973348235908 -0.00252889576903600303559 -0.0499874491147738603258 -0.016155377174666439577 -0.022907872821842083233 0.999607039366531391344 3.04248324323420993309
20708 390.798000 -0.350804155276904172656 -0.0025283109301771945765 -0.0499875025700219216551 -0.0161556897876974393802 -0.0229082355881939959963 0.999607026000577714164 3.04248217508642859741
20709 390.805000 -0.350803900176091809637 -0.00252763241290544608819 -0.049987562150968271879 -0.0161560419687662402966 -0.0229086536176705095336 0.999607010728380762643 3.04248094133986146659
20710 390.811000 -0.350803676574365896901 -0.00252704122527116353814 -0.0499876163730196970691 -0.01615635701202502994 -0.0229090166992408153512 0.99960699731543178892 3.04247985410247201443
20711 390.817000 -0.350803454299127959182 -0.00252644909072501002573 -0.0499876691275130957681 -0.0161566682445400434942 -0.0229093787424122091734 0.999606983987643360479 3.04247876253335691743
20712 390.822000 -0.350803270571093839258 -0.00252595670247185433155 -0.0499877126045823044764 -0.0161569151217642523188 -0.0229096665684399118657 0.999606973400781750883 3.04247785711535545516
20713 390.828000 -0.350803048980504295074 -0.00252536124842356497766 -0.0499877648820945333363 -0.0161572254691301347984 -0.0229100287656718408502 0.999606960083359807889 3.0424767547702038506
20714 390.834000 -0.350802827549871354407 -0.00252476372644117215416 -0.0499878170305115138161 -0.0161575356390941636542 -0.0229103909608686581723 0.999606946768624493593 3.04247564579843077226
20715 390.840000 -0.350802644330255097849 -0.00252425572369167992154 -0.0499878577353764369517 -0.0161577904297563607061 -0.0229106968748439485117 0.999606935638772453601 3.04247469378316459654
20716 390.845000 -0.350802421892942528636 -0.00252366302661761153503 -0.0499879125079336350534 -0.0161581046767570561673 -0.0229110551909542450866 0.999606922346625292874 3.04247359541300577135
20717 390.851000 -0.350802200565089983275 -0.00252305910860088199871 -0.0499879645966358962528 -0.0161584149561397744099 -0.0229114169515152420187 0.999606909039437940834 3.04247246567690465824
