10559 1359.708000 -0.312660857312406503805 -0.0210035652644237277875 -0.0578321787267674219946 -0.0193307708119727743312 -0.0359064630706384529946 0.999168177640567201081 3.00210223847061241642
10560 1359.716000 -0.312658941961268033172 -0.0210104830907772571758 -0.0578389577686784228661 -0.0193577380342325675033 -0.0358882055722989784519 0.999168311486607563232 3.00211766981087802009
10561 1359.725000 -0.31265604054199985784 -0.0210186153062649379308 -0.0578469722928535226569 -0.0193876563196391238364 -0.0358668347576703364088 0.999168498776306202025 3.00213444853481226104
10562 1359.733000 -0.312652982486100350368 -0.0210258983202464347362 -0.0578541423930056530889 -0.0194121858433483757134 -0.0358482952912588942462 0.999168687842795777421 3.0021484738022023997
10563 1359.741000 -0.312649653565492791074 -0.0210329873057813268589 -0.0578610977150797178847 -0.0194335997761540431317 -0.0358311520448783143999 0.99916888649661061983 3.002161363744154432
10564 1359.751000 -0.312645373227639633562 -0.0210410817205890013359 -0.0578691675550108489134 -0.019454953539290855552 -0.0358128191964660752555 0.999169128208025170146 3.00217504460087658558
10565 1359.760000 -0.312641605440625303114 -0.0210476915153891309951 -0.0578755903655379586037 -0.019468631209889702971 -0.0357997664028763887267 0.999169329555462781833 3.00218578136189373495
10566 1359.769000 -0.312638104706417840895 -0.0210534851450902733838 -0.0578809962615623035953 -0.0194770575289009151287 -0.0357903604996745311473 0.999169502299444345361 3.0021950156708956392
10567 1359.778000 -0.312635021770686583054 -0.0210580698126544008097 -0.0578853063874758683172 -0.0194807068331131691408 -0.0357845977062174053218 0.999169637563254942059 3.00220184406958567891
10568 1359.788000 -0.312632201022721267769 -0.0210618039913699935106 -0.0578887552101731289733 -0.0194799383368748461887 -0.0357819970087232333555 0.99916974568511607302 3.00220697858184992768
10569 1359.797000 -0.312630263901176874697 -0.0210643979190624254516 -0.0578905738933325753059 -0.0194755218653831149722 -0.0357827734860960630647 0.999169803972134507042 3.00221105420821965382
10570 1359.807000 -0.312628828144054571325 -0.0210660622174604419965 -0.0578913759592825510891 -0.0194677720396183341622 -0.0357859861314945432165 0.999169839941343451706 3.00221352132413965563
10571 1359.816000 -0.312628169094401664463 -0.0210670115337805406719 -0.0578910139823265862402 -0.0194588797008999198068 -0.0357905608086711013449 0.999169849303804036289 3.00221563910731958913
10572 1359.825000 -0.312628075468999344633 -0.0210675432112461050171 -0.0578898095071525217725 -0.0194490402932972761274 -0.035795961896179631645 0.99916984739512482161 3.00221771186909025531
10573 1359.834000 -0.312628492005664782027 -0.0210679700189742649674 -0.0578878632838568385477 -0.0194388284341497734331 -0.0358016663769019083396 0.999169841735500385838 3.0022205339363656762
10574 1359.843000 -0.312629320305594815554 -0.0210682532691824353499 -0.0578855420227958675228 -0.0194292059540184906818 -0.0358069256597487520222 0.999169840432943545672 3.00222359060495280758
10575 1359.852000 -0.312630462370702133512 -0.0210686589335200777362 -0.0578829946715296583815 -0.0194206066608113500638 -0.0358114186683103352671 0.999169846587600551935 3.00222752227778721945
10576 1359.861000 -0.312631803666647722917 -0.0210693028711632576733 -0.0578804409756984994395 -0.0194134918234570991169 -0.0358148354271287105988 0.999169862385044349473 3.0022324460618672326
10577 1359.870000 -0.312633225592412355986 -0.0210702586265475652616 -0.0578780850389184753357 -0.0194081929756786883412 -0.0358169935766711050595 0.999169887965278724629 3.00223837428232398494
10578 1359.879000 -0.312634613047334086744 -0.0210715573664417357702 -0.0578761025675809948066 -0.0194049016809250962634 -0.0358178341921801604575 0.999169921757323109546 3.00224522281375172383
10579 1359.887000 -0.312635732688193723749 -0.0210729943642813735694 -0.0578747655692090079427 -0.0194037050701437452371 -0.0358175146119959070257 0.999169956452139573777 3.00225195157339364016
10580 1359.896000 -0.312636811707716288922 -0.0210749544738012897782 -0.0578738248057384385703 -0.0194042177213746905307 -0.0358160820110572514219 0.999169997850214985924 3.0022603738058681877
10581 1359.905000 -0.312637591063664732616 -0.0210771475437996486102 -0.0578735218370821438705 -0.0194065827558374606743 -0.0358137361073285198643 0.999170036005771811105 3.00226903376017473235
10582 1359.914000 -0.312638029692365759793 -0.0210794695142235317953 -0.0578738634990893369148 -0.0194104436289533853477 -0.0358106509870746367308 0.999170071586418795384 3.00227750199296261613
10583 1359.923000 -0.312638125327377891516 -0.0210818700510327222686 -0.0578747959998468647358 -0.0194154377894810610539 -0.0358070942968731001366 0.999170102021401440595 3.00228575826551802308
10584 1359.932000 -0.31263787869546016962 -0.0210842591262432668686 -0.0578762368708480925972 -0.0194211948264534396691 -0.0358033386345627743785 0.999170124720576091626 3.00229355786276252971
10585 1359.939000 -0.312637445858190199388 -0.0210861935150292827135 -0.0578777110709673414668 -0.0194260748736842618623 -0.035800431735193025129 0.999170134012509314481 3.00229961850075044438
10586 1359.949000 -0.312636629093922646661 -0.021088391121113526927 -0.0578798430776628070049 -0.0194326497775444903549 -0.0357965398030013967623 0.999170145601216197484 3.002306164923897569
10587 1359.958000 -0.312635614703659026059 -0.0210905676405457320755 -0.0578821367226001262662 -0.0194385660820034257557 -0.0357933766487147295154 0.99917014383775437647 3.00231248972188780044
10588 1359.967000 -0.312634495524886757423 -0.0210924452397247483293 -0.0578843537193882706759 -0.0194437231413770346411 -0.0357906720027855521082 0.999170140380501226041 3.00231773789735401081
10589 1359.976000 -0.312633315543471235198 -0.0210941453538782547339 -0.0578864561103337865733 -0.0194480484851928571433 -0.0357884907639280450131 0.999170134330964687663 3.00232238496761327795
10590 1359.985000 -0.312632159674251897119 -0.021095700967277614124 -0.0578883376791229434244 -0.0194513493031161881219 -0.0357868015388145832567 0.999170130581328752584 3.0023266244737363273
10591 1359.995000 -0.312630989964270911141 -0.0210971704280307620349 -0.0578900543675692838552 -0.0194537183801640929659 -0.035785460768875294868 0.99917013247932151554 3.0023306525965121061
10592 1360.004000 -0.312630059521838365999 -0.0210984931787104798562 -0.0578912776127634143286 -0.0194548417085867453302 -0.0357847578064163854283 0.999170135784106738797 3.0023344752119180967
10593 1360.013000 -0.312629305027254111859 -0.0210998923258904416689 -0.0578921323201950360771 -0.0194549606834318739024 -0.0357843878623572489439 0.999170146716825469113 3.00233878406472376454
10594 1360.022000 -0.312628758866779876691 -0.0211011636363939367178 -0.0578926248595064765756 -0.0194542663338727848943 -0.0357842976134020093748 0.999170163468528604866 3.00234292657862189557
10595 1360.031000 -0.312628408993868456278 -0.0211024391056803713174 -0.0578928019648095384952 -0.0194529640482831306381 -0.0357844178677778068653 0.99917018451693229153 3.00234734186588392291
10596 1360.040000 -0.31262825951041867123 -0.021103769182498254009 -0.0578927165744477917331 -0.019451209555408872226 -0.0357846236439891621228 0.999170211304104882721 3.00235222051225170148
10597 1360.049000 -0.312628280467026953282 -0.0211051583272614910747 -0.0578924356144553398096 -0.0194492324411703644549 -0.0357848498217221630546 0.999170241690917282362 3.00235753137832794835
10598 1360.059000 -0.312628464018877116892 -0.0211066472108555544529 -0.057892015478183025956 -0.0194471263007728045746 -0.035785106678548159187 0.999170273486279625352 3.00236349926108214703
10599 1360.068000 -0.312628733804387493045 -0.0211082900209536364344 -0.0578915148726705797166 -0.0194452731510192898534 -0.035785217471135319367 0.999170305584901718987 3.00237004800312989872
10600 1360.077000 -0.312629057786027064747 -0.0211098670248457617737 -0.0578910769337378505739 -0.0194438178532113301045 -0.035785191617501828365 0.999170334831949280563 3.00237650241732811907
10601 1360.085000 -0.312629353761205486251 -0.0211112934357786906359 -0.0578907512370736426766 -0.0194429232552508109155 -0.0357850767774334846405 0.999170356353371702518 3.00238237019834741659
10602 1360.095000 -0.312629713358599459205 -0.0211129980470128285341 -0.0578904931001882200325 -0.0194423482801030673983 -0.0357846950927101642437 0.999170381211571423385 3.00238948835780883329
10603 1360.104000 -0.31262996384001789929 -0.0211146364113793186257 -0.0578904076167232467531 -0.0194423955830362454877 -0.0357842066287849328021 0.999170397785053232553 3.00239619142835989507
10604 1360.113000 -0.312630128109521343571 -0.0211163941988710204822 -0.0578905035716691385161 -0.0194429374341820518368 -0.0357835264571839326009 0.999170411600653229911 3.00240321230892126536
10605 1360.122000 -0.312630196729479115092 -0.021118000653594912186 -0.0578907750818051097808 -0.0194439885589064859195 -0.0357827255858742115935 0.999170419827652200873 3.00240961667603345475
10606 1360.131000 -0.312630167669076086678 -0.0211195889666619986136 -0.0578912112683686586045 -0.019445404750809691663 -0.0357817672669118180817 0.999170426586642790312 3.00241584102997860484
10607 1360.140000 -0.31263003382819526399 -0.021121138069875297627 -0.0578917928849356985821 -0.0194471099174877912197 -0.0357806920029829847452 0.999170431906211242712 3.00242178682586580152
10608 1360.149000 -0.312629799986983147875 -0.0211226396021944179404 -0.0578924882947130167721 -0.0194490339541476438268 -0.0357795731151044002494 0.99917043452353571098 3.00242742492324099501
10609 1360.159000 -0.312629464484682928482 -0.0211241602220517792066 -0.0578933283850566055007 -0.0194512084852646489896 -0.035778255875956364862 0.999170439362042750453 3.00243304769417962419
10610 1360.168000 -0.312629090338230775092 -0.021125606855660603034 -0.0578941572239792742738 -0.0194531599213702520446 -0.0357770472523639207485 0.999170444648447175773 3.00243824656719260346
10611 1360.176000 -0.312628712556179411131 -0.0211269882070930607731 -0.0578949236972525760336 -0.0194548520134499615397 -0.0357760132272070888182 0.999170448727694004987 3.00244309913184936889
10612 1360.185000 -0.312628289715252916103 -0.0211284059891590908498 -0.0578957398844080622924 -0.0194565175552040489637 -0.0357748554886957517707 0.999170457749520846136 3.00244806833134303403
10613 1360.195000 -0.312627827738247932032 -0.0211298480485064554824 -0.0578965765993142353341 -0.0194581165519070661829 -0.0357736851342420683619 0.999170468514841814134 3.00245312162269017975
10614 1360.204000 -0.312627424574677570401 -0.0211313826882856062306 -0.0578972849893556323897 -0.0194592918518644263093 -0.0357726915267682910038 0.999170481200057580828 3.00245845887259577012
10615 1360.213000 -0.312627072562182251048 -0.0211328184539924454621 -0.0578979015445736377998 -0.0194601671688966956775 -0.0357717667962455382336 0.999170497259618706209 3.00246352924774217996
10616 1360.223000 -0.312626743088426639616 -0.0211343102463144652536 -0.0578984820804862576615 -0.0194608805774177939796 -0.0357708920995211399063 0.999170514679829646632 3.0024688980177125508
10617 1360.232000 -0.312626497772359235316 -0.0211357802250929233123 -0.0578989222393131164335 -0.0194612831160711347023 -0.0357701801255581389172 0.99917053232832142573 3.00247423283121150916
10618 1360.241000 -0.312626299578603161766 -0.0211373787996950168733 -0.0578992827241780472214 -0.0194614876445637699498 -0.0357695263614104599914 0.999170551749069990599 3.00248007877745282102
10619 1360.250000 -0.312626168146218852417 -0.0211387709626654346495 -0.0578995856196542757477 -0.019461595649040205197 -0.0357689474662715931053 0.999170570369217858619 3.00248534387313981142
10620 1360.259000 -0.312626057141778324056 -0.0211403888565013867162 -0.0578998324426003990739 -0.0194616459584950017569 -0.0357684506845712055223 0.999170587173287327865 3.00249143574349774966
10621 1360.267000 -0.312626004049504080395 -0.0211417463146306265631 -0.0579000269368272896253 -0.0194616395503754389951 -0.0357679857295217784596 0.999170603942521773355 3.00249664154057960275
10622 1360.273000 -0.31262596155901178907 -0.0211428685631533629097 -0.0579001603148472515636 -0.0194616777255818690362 -0.0357676918254437939404 0.999170613719992051216 3.0025009221416203431
10623 1360.279000 -0.312625933923811272219 -0.0211438728807575755664 -0.0579002966628499454727 -0.0194617394391493510331 -0.0357673724333103654205 0.999170623951294745169 3.00250482860594258838
10624 1360.285000 -0.312625918862914853324 -0.0211448906505258930888 -0.0579004330848410034283 -0.0194618158946098136763 -0.0357670357716604672693 0.999170634513541378041 3.00250879687638860815
10625 1360.292000 -0.312625895438332412901 -0.0211460621945397247989 -0.057900603164306521653 -0.019461970055871673918 -0.035766626791599774593 0.999170646150843833055 3.00251339203127587396
10626 1360.301000 -0.312625864614885284887 -0.0211474391767761879524 -0.0579008390360062213942 -0.0194623035324920090616 -0.035766099444729922141 0.999170658532224198467 3.00251885467636592253
10627 1360.310000 -0.312625819214449263139 -0.0211489293603658104481 -0.0579011066895229326024 -0.019462716945409096192 -0.0357654908221409842395 0.999170672265431547565 3.00252468438008524032
10628 1360.320000 -0.312625748869052810797 -0.0211504447957635705047 -0.0579014397545094955388 -0.0194633552999885252321 -0.0357647929315757437396 0.999170684811673037728 3.00253065213265557531
10629 1360.329000 -0.312625645354341674675 -0.0211520100511411873745 -0.0579017925006794012543 -0.0194640323410548224392 -0.0357640875888912274094 0.999170696870139596335 3.0025366381147073902
10630 1360.338563 -0.312625516407544545849 -0.0211534953896197266965 -0.0579022163305143444667 -0.0194649207672959491389 -0.0357632930750721098057 0.999170708001365093232 3.00254245660221252834
10631 1360.348000 -0.31262535299693477997 -0.0211550206692324369029 -0.0579026453342673386171 -0.0194658043157363742914 -0.0357624920329519951911 0.999170719459860134926 3.00254813528188702065
10632 1360.358000 -0.312625174965897478785 -0.021156488288868992298 -0.0579031378753893238853 -0.0194667995749431624319 -0.0357615572133347103811 0.999170733528552790226 3.0025537334580181259
10633 1360.367000 -0.312624968286191073918 -0.021157999508557762125 -0.0579036218516020967373 -0.0194677740409462708693 -0.0357607312179709022071 0.999170744105654207168 3.0025593439611761859
10634 1360.376563 -0.312624764171634206278 -0.0211594052177157022909 -0.0579041083865668299024 -0.0194687072557031340403 -0.0357598631720009857426 0.999170756989870900711 3.00256458624784006162
10635 1360.386000 -0.312624535977911566231 -0.021160855994596276114 -0.0579046438983653738442 -0.0194697339800041155367 -0.03575893797132910501 0.999170770095838434166 3.00257002753825785746
10636 1360.395000 -0.312624313547067211871 -0.0211623766048721628774 -0.0579051410626098411738 -0.0194706063062404441388 -0.0357580836415093417102 0.999170783672318041368 3.00257562411637080046
10637 1360.405000 -0.312624086852241911405 -0.0211638322364022142541 -0.0579056639419155347315 -0.0194715165079956155358 -0.0357571825705458173905 0.999170798181920338799 3.00258108782269994563
10638 1360.413000 -0.312623904003211106062 -0.0211650931745853768118 -0.057906076689003951885 -0.0194722112734076052698 -0.0357564967444350470527 0.999170809185641051187 3.00258578536686515648
10639 1360.421000 -0.312623719849588532771 -0.0211664627461502739825 -0.0579064812502157744145 -0.0194728531563739953869 -0.0357558212025425314895 0.999170820851010610397 3.00259084446317503492
10640 1360.430312 -0.312623538438040859955 -0.0211678979193098068534 -0.0579069126680007914554 -0.0194735084154541160384 -0.0357550805750094444213 0.999170834583890110636 3.00259623687937438063
10641 1360.440000 -0.312623356988347478325 -0.0211693782019178079745 -0.0579073654540990037654 -0.0194741832139382065048 -0.0357542932308829788934 0.999170849606667688114 3.00260187685583979089
10642 1360.449000 -0.312623192275675365615 -0.0211709288715811044801 -0.0579077647254014268863 -0.0194747392829129825631 -0.0357535928720716517093 0.999170863829906052977 3.00260769214501221924
10643 1360.459000 -0.312623038181139678571 -0.0211724193511500860532 -0.0579081803931448813039 -0.0194753485092388316235 -0.0357528669393274226018 0.999170877931328749177 3.00261341487384569859
10644 1360.468000 -0.312622903862890155757 -0.0211738602723736436817 -0.0579085468105372119796 -0.0194758551349824109156 -0.0357521925357401765266 0.999170892187942416562 3.00261891089899979335
10645 1360.476000 -0.312622779461465216677 -0.0211752447969547272222 -0.0579088673144800003545 -0.019476322994416647022 -0.0357516302503768229615 0.999170903187766801246 3.00262413229608737808
10646 1360.486000 -0.312622646206282828185 -0.0211767247598494690042 -0.0579092576372709985644 -0.0194769098877793679636 -0.0357509075144582244565 0.999170917607751563061 3.00262986338177517709
10647 1360.495000 -0.312622509523773906004 -0.0211782516828897329764 -0.0579096144093901171734 -0.0194774537147314602548 -0.0357502555573354918739 0.999170930333932116874 3.00263564278064620794
10648 1360.504000 -0.312622386075084413015 -0.0211796723043451602664 -0.057909967453774122137 -0.0194780086024387150134 -0.0357495895673297231498 0.999170943345857542894 3.00264107545966529855
10649 1360.514000 -0.312622252163869851493 -0.0211811319669081669914 -0.057910363056580926866 -0.0194786552577493020377 -0.0357488323707111782523 0.999170957831281514316 3.00264671349931466793
10650 1360.523000 -0.312622115139264855621 -0.0211826501996462968069 -0.0579107345908345672036 -0.0194792455845624323807 -0.0357481195180650440646 0.999170971827333831428 3.00265244840266376514
10651 1360.533000 -0.312621969996313586737 -0.0211840927265509598731 -0.0579111441736077092735 -0.0194799602384563910751 -0.0357473505412964354111 0.999170985406594658329 3.00265799806194877419
10652 1360.542000 -0.312621820173046960356 -0.0211855931810398037674 -0.0579115326458155277312 -0.0194806065897889790772 -0.0357466184943272813346 0.999170998995224657335 3.00266364153779186097
10653 1360.551000 -0.312621682494379049544 -0.0211868753762758654791 -0.0579119165103853528187 -0.0194812743997766178727 -0.0357458904980350045122 0.999171012019595683462 3.00266855968253354447
10654 1360.559000 -0.312621535984140885844 -0.0211882082076160216388 -0.0579122758979476182084 -0.0194818927805596314728 -0.0357452413154196735334 0.999171023187216511552 3.00267355458845530691
10655 1360.568000 -0.312621383479745496015 -0.0211895947096551948152 -0.0579126765629577738848 -0.0194825747310779368027 -0.0357444958667374398931 0.999171036558346603584 3.00267879176140084496
10656 1360.577000 -0.312621218393741795438 -0.0211909649324962395811 -0.0579130838422652755026 -0.0194833005393252080284 -0.0357437851135534931379 0.999171047832076775208 3.00268398404210223873
10657 1360.585000 -0.312621072812638067795 -0.021192185640433576499 -0.0579134474644202451588 -0.0194839283346177304101 -0.0357431366676270942384 0.999171058787138188784 3.00268859716122271664
10658 1360.595000 -0.31262090761757282964 -0.0211936201183913278112 -0.0579138959805594738528 -0.0194846733417585044057 -0.0357423024381151727136 0.999171074101520950705 3.00269408340542254265
10659 1360.604000 -0.312620733620483093329 -0.0211950994866807254646 -0.0579143117361561252099 -0.019485380673327834522 -0.0357415946219539759632 0.999171085627429067522 3.002699630233689021
10660 1360.613000 -0.312620576116359183416 -0.0211964839820722276975 -0.0579147179931842059908 -0.019486051117669316024 -0.0357408727212324209277 0.999171098375530530866 3.00270486673815062417
10661 1360.622000 -0.312620418476633410432 -0.0211978669812530329253 -0.0579151235554885707169 -0.0194867075248670480747 -0.0357401465529092396411 0.999171111549076229608 3.00271011922769526237
10662 1360.632000 -0.312620252695133382659 -0.021199292522531783256 -0.0579155628960292129248 -0.0194874330232479818503 -0.0357393636631740466147 0.999171125403009230403 3.00271558990262477096
10663 1360.639000 -0.3126201259602739424 -0.0212004768245722466369 -0.0579158772118510689619 -0.0194879348482687973776 -0.0357388176959344341932 0.999171135144048538912 3.00272003078325733227
10664 1360.649000 -0.312619959823722703973 -0.0212018943347525509746 -0.057916309184645270447 -0.0194886605509012704462 -0.0357380632692488042768 0.999171147974006856884 3.00272547583311899544
10665 1360.657000 -0.312619824297622417308 -0.0212032363762226089277 -0.057916658457962538753 -0.0194892102460912756967 -0.0357374455139884208976 0.999171159347645665427 3.0027305241675139591
10666 1360.667000 -0.31261966916324024357 -0.0212046633857212417362 -0.0579170834816738755446 -0.0194898994959737115185 -0.0357366775044824641627 0.999171173372499499266 3.00273601383609367588
10667 1360.675563 -0.312619510686456325566 -0.0212059545786741840412 -0.057917438606406260182 -0.0194904829563442155704 -0.035736106331047054474 0.999171182419921866114 3.00274092549285898102
10668 1360.683000 -0.312619406806302679858 -0.0212072190243020215761 -0.0579177678781252480711 -0.0194909802066990239799 -0.0357354363638057517805 0.999171196681765017011 3.00274568283425269399
10669 1360.692000 -0.312619260239611618246 -0.0212085843628992999632 -0.0579181474236225568575 -0.0194916098921682004463 -0.0357347628754040858023 0.999171208485337580818 3.0027508808882994451
10670 1360.700000 -0.312619129192609979118 -0.0212099132171530112279 -0.0579184881933224454675 -0.0194921406817513027943 -0.0357341330376150373427 0.999171220656245973046 3.00275587581518221825
10671 1360.707000 -0.312619020025029448195 -0.0212108602600311647868 -0.0579187791276166291654 -0.0194926427711540582732 -0.0357336151005564831018 0.999171229384454129274 3.00275953424370367628
10672 1360.715000 -0.312618891635464635215 -0.0212120713630601295807 -0.0579191171440587015962 -0.0194931946482109971774 -0.0357329974095364974462 0.999171240708286889642 3.0027641394539967834
10673 1360.721000 -0.312618799886930420762 -0.0212129826758061593162 -0.057919368364785776826 -0.0194936006306517008169 -0.0357325303857552525888 0.999171249489637758323 3.00276760781053120297
10674 1360.729000 -0.312618660838820561221 -0.0212142898784825825742 -0.057919712023608647955 -0.0194941659067835552921 -0.0357319157104295029304 0.999171260443004194407 3.00277251544145507012
10675 1360.735000 -0.312618576209542253785 -0.0212150961659623368827 -0.057919961966474795001 -0.0194945643532638095141 -0.0357314295683375388046 0.99917127005417805119 3.00277564158006837758
10676 1360.741000 -0.312618468660224135824 -0.0212160960570782000656 -0.0579202199080879193138 -0.0194950021956153962677 -0.0357309837297310403659 0.999171277455020878655 3.00277937481490297955
10677 1360.748000 -0.312618364083179611779 -0.0212170478303735608738 -0.0579205140950858066162 -0.0194954905866949884663 -0.0357304369139463048888 0.99917128748014094608 3.00278305617985807885
10678 1360.755000 -0.312618251127128043976 -0.0212181002444224511838 -0.0579208124891022468894 -0.0194959841678537873499 -0.0357298928489615183479 0.999171297305085914786 3.00278705267001200241
10679 1360.761000 -0.312618149450687221602 -0.0212191082360089974812 -0.0579210740967298076676 -0.0194963877334322355228 -0.0357294037671183339899 0.999171306919786506029 3.00279081989312723877
10680 1360.768000 -0.312618027215674887387 -0.0212201433039913844869 -0.0579213741058080683333 -0.0194969164927998213355 -0.0357288897579883524269 0.999171314982537972504 3.00279475680400143034
10681 1360.773500 -0.31261794484480048828 -0.0212208901518778844664 -0.0579215890833290267259 -0.0194972731853626651821 -0.0357285018386754860131 0.99917132189364754602 3.00279759635921816852
10682 1360.779000 -0.312617850000974417668 -0.0212217933290793636658 -0.0579218475785477013296 -0.0194976822762285839641 -0.0357280172930125802799 0.999171331237123316882 3.0028010349188503092
10683 1360.786000 -0.312617735780995886774 -0.0212228386539622566886 -0.0579221475382185740921 -0.0194981792594582058198 -0.035727475780889340895 0.999171340901995663764 3.00280500692367890991
10684 1360.792000 -0.312617634269391375668 -0.0212237327220203414457 -0.0579224065374858085309 -0.0194986226302122853116 -0.0357270283868682675399 0.999171348247220536543 3.00280840729798415012
10685 1360.798000 -0.312617538995423549508 -0.0212246333889501877235 -0.0579226643136562940883 -0.0194990336316536103101 -0.0357265468117440032625 0.999171357445928665086 3.00281183054432521118
10686 1360.804000 -0.31261743790610257987 -0.0212255235985750745353 -0.0579229236755989529417 -0.0194994650199475823282 -0.0357260852276754733992 0.999171365531579258601 3.00281521944163642956
10687 1360.809000 -0.312617355367385552078 -0.021226267902138409166 -0.0579231369748176225243 -0.0194998315539971385502 -0.035725718608309121882 0.999171371487036608094 3.00281804959621112516
10688 1360.816000 -0.312617249391411888837 -0.0212272106163273813206 -0.0579234323474417250877 -0.019500325559676769116 -0.0357251777266130166044 0.999171381185164242389 3.00282169094304896007
10689 1360.822000 -0.312617147602426592723 -0.0212282126519331044989 -0.0579236949557806191091 -0.0195007288922635947659 -0.0357246938536672567488 0.999171390614108867467 3.00282544106236448656
10690 1360.829000 -0.312617025890716493386 -0.0212292424278071600874 -0.0579239949343414439742 -0.0195012545700413465755 -0.0357241862756031286485 0.999171398502349483728 3.00282936357223251278
10691 1360.835000 -0.312616931837483680301 -0.0212301411961030583875 -0.0579242527067450954648 -0.0195016594937792338282 -0.0357237071956025900588 0.99917140772801915638 3.00283279101484845697
10692 1360.840000 -0.31261685065698718855 -0.021230884832387622585 -0.0579244663252729413694 -0.0195020109959640926267 -0.0357233243472196496104 0.999171414555428794024 3.00283562110129587097
10693 1360.847000 -0.312616738274007044396 -0.0212319253625456762224 -0.0579247638326761127292 -0.019502499752394767546 -0.0357227894329270670437 0.999171424140291697391 3.0028395794812818842
10694 1360.854000 -0.312616633893818995915 -0.0212328676469974650387 -0.0579250575993081814885 -0.0195029865183558893948 -0.0357222524804233568241 0.999171433836350986191 3.00284322089300026448
10695 1360.861000 -0.312616515444196829687 -0.0212338958696292323669 -0.0579253548524911870965 -0.0195034969400877562784 -0.0357217396301297562822 0.999171442208445670374 3.00284713197237085325
10696 1360.870000 -0.312616373691933846501 -0.0212352335111729989547 -0.0579257355545437432887 -0.0195041157397301753718 -0.0357210492390814815522 0.999171454811670578522 3.00285222665398698894
10697 1360.880000 -0.312616220569962521836 -0.0212366124883813650603 -0.0579261544406412878794 -0.0195048093965135040107 -0.0357202849423535750972 0.999171468594876821534 3.00285753072387029405
10698 1360.889000 -0.312616071339426759845 -0.02123804886846027834 -0.0579265386305305440828 -0.0195054289198289439178 -0.0357195979798117582704 0.99917148105958986104 3.0028629309748580134
10699 1360.899000 -0.312615917855206870701 -0.0212394216612512877485 -0.0579269560916338063783 -0.0195061240767311488975 -0.0357188390627751276019 0.999171494619172317897 3.00286821688609251169
10700 1360.908000 -0.312615761772901123994 -0.0212408405888315082732 -0.0579273412242999677368 -0.0195067567376012822311 -0.035718159031895929667 0.999171506577800849769 3.00287355761949603661
10701 1360.918000 -0.312615615222130771578 -0.0212422182555631854084 -0.0579277562178779487079 -0.0195074252768792713586 -0.0357173785522701403572 0.999171521425836428598 3.00287885880638283354
10702 1360.927000 -0.312615459631424952303 -0.0212436326827244448268 -0.0579281393706120029119 -0.0195080684529569739483 -0.0357167154964461303068 0.999171532570549358887 3.00288418027203052318
10703 1360.937000 -0.3126153061470783312 -0.0212451088155876273433 -0.0579285592290275791472 -0.0195087367606814332532 -0.0357159357892175982618 0.999171547393490788735 3.00288979872662986637
10704 1360.946000 -0.312615158663477554768 -0.0212464186744212822633 -0.0579289376822993626326 -0.0195093758734879094141 -0.0357152693439067650538 0.999171558736896447961 3.00289478599362569256
10705 1360.956000 -0.312615005951562052733 -0.0212477772149112092981 -0.0579293524030666251434 -0.0195100689634561015595 -0.035714515473334797202 0.999171572150422182546 3.00290000268728851651
10706 1360.964000 -0.312614875068034259176 -0.0212490540401199384801 -0.0579296940458731632329 -0.0195106056119620230316 -0.0357138897823053858005 0.999171584036131377182 3.00290481362978356472
10707 1360.973563 -0.312614722646227749525 -0.0212504078414308475442 -0.0579301085725749675959 -0.0195112969634438568334 -0.0357131350698929178611 0.999171597511800624325 3.00291002378310611931
10708 1360.983000 -0.312614566714874364539 -0.0212518111222534805682 -0.0579304916621455751047 -0.0195119431501698907538 -0.0357124760123523760091 0.999171608449505366245 3.00291530792461669463
10709 1360.993000 -0.312614415552188662506 -0.0212532779996971836478 -0.0579309101830702138924 -0.0195126028036736072491 -0.0357116911508153847543 0.999171623619773852099 3.00292088805886425718
10710 1361.002000 -0.312614266851652722323 -0.0212545771842744361801 -0.0579312887132073794927 -0.0195132518933285002694 -0.0357110385798515284073 0.999171634267154273878 3.00292584472283463626
10711 1361.010000 -0.312614145451423630639 -0.0212557467249082573946 -0.0579316232224113270011 -0.0195137791803071530827 -0.0357104108141274231847 0.999171646405955904413 3.00293028969249586879
10712 1361.017000 -0.312614018995669096235 -0.0212568489602831603436 -0.0579319222135383365968 -0.0195142973088341734056 -0.0357099150495500047842 0.999171654005304721302 3.00293443662514381032
10713 1361.024000 -0.312613917678674746448 -0.0212577675502268609309 -0.0579322109517323713401 -0.0195147731671866490888 -0.0357093833003692129324 0.999171663715770375092 3.00293799601650324149
10714 1361.031000 -0.312613800085016269037 -0.0212588823360979443933 -0.0579325102284372756012 -0.0195152466799729806812 -0.0357088415070166975696 0.999171673830501760882 3.00294218720393146782
10715 1361.037000 -0.312613715849949680425 -0.02125965633323661369 -0.0579327546262150133716 -0.0195156534119163005414 -0.03570839062994812102 0.999171681999907912441 3.00294518676660837642
10716 1361.043000 -0.312613610654840778924 -0.0212606183222458847148 -0.0579330103313016320232 -0.0195160846676811806921 -0.0357079573327956367734 0.999171689061676304711 3.00294879637899514435
10717 1361.050000 -0.312613509298601210951 -0.0212615329064921448898 -0.0579332972600365980753 -0.0195165594216251785109 -0.0357074282617869803724 0.999171698696110666127 3.00295232718319837772
10718 1361.056000 -0.312613402283089036882 -0.0212624896107018734881 -0.0579335531429179401153 -0.0195169862563236221065 -0.0357069865695533381067 0.999171706143439752879 3.00295591982543319531
10719 1361.062000 -0.312613319042351511801 -0.0212632621330462109888 -0.0579337993697118872061 -0.0195173781857209474588 -0.0357065157107535197101 0.999171715314516539763 3.00295892308104450663
10720 1361.068000 -0.312613207169143092479 -0.021264322210727083784 -0.0579340592052674657753 -0.0195178076272307307604 -0.0357060837782625442594 0.999171722361399838874 3.0029628499277336573
10721 1361.074000 -0.31261312322653128648 -0.0212650895070245031515 -0.0579343035558584212863 -0.0195182019926448506453 -0.0357056184174851520829 0.999171731287669562249 3.00296582572311532289
10722 1361.081000 -0.312613013897246938555 -0.0212661007343811631065 -0.0579345953412080116873 -0.0195186805586807093915 -0.0357050925968512497533 0.999171740729239532541 3.00296967526365632395
10723 1361.087000 -0.312612924667253044841 -0.0212668607636137124706 -0.0579348411889416825549 -0.0195190933605363450831 -0.0357046434068000601014 0.999171748716693786108 3.00297262669175024641
10724 1361.094000 -0.312612807557064553698 -0.0212679648675455704177 -0.0579351349888431454982 -0.0195195847018967902353 -0.0357041389436017209125 0.999171757144566852205 3.00297677392001904906
10725 1361.100000 -0.312612717282018726106 -0.0212687204061393630994 -0.0579353802712251828022 -0.0195200010923382259731 -0.0357036942534399506788 0.999171764900315895197 3.00297970423693039166
10726 1361.106000 -0.312612619293753113414 -0.0212696847971164081093 -0.0579356347930882059627 -0.0195203946359046483228 -0.0357032269689964987247 0.999171773909400706692 3.00298332789174748925
10727 1361.114000 -0.31261250049602606893 -0.0212707296817768107267 -0.0579359602426911396433 -0.019520949678786973791 -0.0357026456095597341522 0.999171783839053584408 3.00298735993685461665
10728 1361.124000 -0.312612343029411210438 -0.0212721602499496426075 -0.0579363755341794489651 -0.0195216336399635786991 -0.035701900036966979779 0.999171797116880977541 3.00299280917506150601
10729 1361.133562 -0.312612203687104517336 -0.0212734494835918538924 -0.057936747099563298824 -0.0195222450614766160348 -0.0357012304999585888821 0.9991718090941860142 3.00299771588688324542
10730 1361.143000 -0.312612046887553673979 -0.0212748753550904487475 -0.057937161403087078515 -0.0195229272821045123087 -0.0357004864685934036883 0.999171822349011029551 3.0030031479438705766
10731 1361.152000 -0.31261190011426864821 -0.0212762544784733179104 -0.0579375384324139069969 -0.0195235291423661062871 -0.0356998044154925586735 0.999171834958593296783 3.00300834917637882171
10732 1361.162000 -0.312611750728530313204 -0.0212775800831942266123 -0.0579379474069133121317 -0.0195242096078127834458 -0.035699061269413578934 0.99917184821414617435 3.00301345525138874137
10733 1361.172000 -0.312611594576820195357 -0.021279002717949864476 -0.0579383587244919062709 -0.0195249003482938533749 -0.0356983362544518248449 0.999171860620110319218 3.00301887101640962996
10734 1361.181000 -0.312611456149618549549 -0.021280283499516418344 -0.057938731455334929743 -0.0195254989675240318847 -0.0356976530526536550703 0.999171873331411219965 3.00302375251994391192
10735 1361.191000 -0.312611300016719440009 -0.02128169691786265319 -0.0579391424634835769392 -0.0195261788137655184494 -0.0356969144837325086383 0.999171886432596689787 3.00302913905421808849
10736 1361.200437 -0.312611155175302413145 -0.0212829658423277570667 -0.0579395139671577477647 -0.0195268114674715040358 -0.0356962702844346307929 0.999171897083627191805 3.00303397121682458248
10737 1361.210000 -0.312611005897139415666 -0.0212843915010780884711 -0.057939925208108242205 -0.0195274672955466285784 -0.0356955111350592615982 0.999171911387538913552 3.00303940565440807831
10738 1361.219000 -0.312610862402878220134 -0.0212856565021554075545 -0.0579402956851001738059 -0.019528094418361317125 -0.0356948632138297597405 0.999171922277909851928 3.00304422913901269965
10739 1361.228000 -0.31261072569661890741 -0.0212869318092485972083 -0.0579406645962186189758 -0.0195286979414269791511 -0.0356941969199480180208 0.999171934285062124381 3.00304907936752529807
10740 1361.238000 -0.312610569402674176587 -0.0212883402907647102664 -0.0579410756213818850524 -0.019529379866705869756 -0.0356934630925695647874 0.999171947171497376594 3.00305445363211998
10741 1361.247000 -0.312610431667422861146 -0.0212896070425631460388 -0.0579414447410611516132 -0.0195299751252858110051 -0.0356927854753374060315 0.999171959742975013263 3.00305928263259236388
10742 1361.256000 -0.312610287616386428589 -0.0212908673674467655013 -0.0579418145460841998995 -0.0195306049482717528076 -0.0356921445254738817221 0.999171970328194825051 3.00306408232531074631
10743 1361.265000 -0.312610151766434640752 -0.021292138571346819198 -0.0579421843311781897823 -0.0195311943907687281252 -0.035691461269739647999 0.999171983213150594061 3.00306893094487392659
10744 1361.274000 -0.312610013904778383242 -0.0212934024867129298442 -0.0579425516280067665065 -0.0195318006576633042271 -0.0356908021202997360888 0.999171994907322669199 3.00307374740075472275
10745 1361.282000 -0.312609889528385642699 -0.0212945237764263217706 -0.0579428799145538381277 -0.0195323411325658523319 -0.0356902142879358119654 0.999172005339402091728 3.0030780208603351511
10746 1361.291187 -0.31260975187395756425 -0.0212957848737388016902 -0.0579432466442650201399 -0.0195329463967153157955 -0.0356895561539748162883 0.99917201701538616021 3.00308282667961901069
10747 1361.301000 -0.312609597759670843065 -0.0212971831543149504873 -0.057943655269495950022 -0.0195336197488550043777 -0.0356888238878761004935 0.999172030007349554204 3.00308815645392712668
10748 1361.310000 -0.312609461474160965633 -0.0212984453497938458488 -0.0579440217200869467362 -0.0195342209800605862147 -0.0356881658729510803374 0.999172041756236750665 3.0030929635701051339
10749 1361.319000 -0.312609319306441368891 -0.0212996945425985712008 -0.0579443888871089413106 -0.0195348424256567565482 -0.0356875244519089182549 0.999172052516431818958 3.00309772757964665857
10750 1361.329000 -0.312609171397311369489 -0.0213009910750236036714 -0.0579447907066441628143 -0.0195355167436470772424 -0.0356867983484623202406 0.999172065266635933689 3.00310271589946653492
10751 1361.338000 -0.3126090290219056822 -0.021302344857578044135 -0.0579451618577372443153 -0.0195361159835083682268 -0.0356861380292668242675 0.999172077134281688693 3.00310782641839990603
10752 1361.346000 -0.312608904304200962976 -0.0213034518498528002706 -0.0579454868901448302831 -0.0195366567888344833115 -0.0356855596952738718386 0.999172087215585813524 3.00311203999719511515
10753 1361.356000 -0.312608757544440951648 -0.0213047461378987473823 -0.0579458888678397593397 -0.0195373270229844582524 -0.0356848317272322329563 0.999172100109583793959 3.00311703028080767552
10754 1361.364500 -0.312608625114691673907 -0.0213060516336868004117 -0.0579462231739273220255 -0.0195378467130372969474 -0.0356842323702530050955 0.999172111353176073401 3.00312190535023226801
10755 1361.372188 -0.312608508936400020239 -0.0213070669102841461773 -0.0579465426771520047966 -0.0195383927103413741755 -0.0356836651442303740001 0.999172120934211704935 3.00312582676598038844
10756 1361.381000 -0.312608367028371636476 -0.0213083061525116551627 -0.0579469091406558112212 -0.0195390032067205669797 -0.0356830163413910245174 0.999172132166659010544 3.00313054930995626535
10757 1361.389000 -0.3126082424595649778 -0.0213095154338490966328 -0.0579472361542208852514 -0.0195395305585693464245 -0.0356824335991951721581 0.999172142665111562287 3.00313510824701079827
10758 1361.398000 -0.312608107898312836959 -0.0213106576208672293671 -0.0579475975407957449859 -0.0195401385182472388247 -0.0356817841879795358273 0.999172153967398335439 3.00313951411820756476
10759 1361.406000 -0.31260799097072677899 -0.0213117707151096527629 -0.0579479190371718078101 -0.0195406624888210325719 -0.0356812007461048269485 0.99917216455564550337 3.00314375851836201647
10760 1361.414000 -0.312607860094732625811 -0.021312965669693578058 -0.0579482490077346951152 -0.0195412014029182970476 -0.0356806236520995218031 0.999172174624337716686 3.00314826580369897968
10761 1361.423000 -0.312607732489565415257 -0.0213141151738151131412 -0.0579486060018541207506 -0.0195417955014767427691 -0.035679971310632115078 0.99917218630016468861 3.00315269697302511531
10762 1361.432000 -0.312607597592172326006 -0.0213153575284809534973 -0.0579489707797779252108 -0.0195423813228850738744 -0.0356793042472167212797 0.999172198662805821634 3.00315743510240329428
10763 1361.441000 -0.312607464062572615315 -0.0213164927004835073887 -0.0579493280276162647802 -0.019542996518999076333 -0.0356786751421811487717 0.999172209094687180375 3.0031618088836853353
10764 1361.449000 -0.312607339899507730152 -0.0213176949050306908939 -0.0579496560597511714552 -0.0195435115604873990702 -0.0356780779921999219306 0.999172220343754080574 3.00316634657588288349
