16921 1413.233000 19.2005144284694395651 -0.0559370943792064298505 20.6861664660194932708
16922 1413.241000 19.2006939769110296368 -0.0560110245359939987186 20.6834881724477313014
16923 1413.249000 19.2009068486598692971 -0.0560646107796810080903 20.6812385883761500338
16924 1413.258000 19.2011883071574551707 -0.0560734504434514322013 20.6792909627724554866
16925 1413.268000 19.2015562948829874301 -0.0560037885764412823875 20.6778670438953930955
16926 1413.276000 19.2018941993827993997 -0.0558922871880445162884 20.6772555292394066839
16927 1413.285000 19.2023190692342744512 -0.0557257379711904171637 20.6770583889895291918
16928 1413.295000 19.2028399057598697652 -0.0555212119925908020868 20.6773352775420775629
16929 1413.304000 19.203342425135137006 -0.0553498646919586695381 20.6779127247418266222
16930 1413.313000 19.2038650448690972894 -0.0552143311290267321811 20.6786872054359562867
16931 1413.322000 19.2043956644825790647 -0.0551293607008010722037 20.6795549846911832503
16932 1413.332000 19.2049809292681814554 -0.0551008221756345839548 20.6805182709268216001
16933 1413.341000 19.2054935629149667875 -0.0551308620072389204969 20.6813049830807003104
16934 1413.350000 19.2059858022915115328 -0.0552033272784001882716 20.6819626153027407156
16935 1413.360000 19.2065041093381019266 -0.0553159534002931815855 20.6825077260899981013
16936 1413.369000 19.2069248597204982332 -0.0554306305631758408636 20.6828197808759561838
16937 1413.378000 19.2073288786796219085 -0.0555338682099725672314 20.6829821979257353348
16938 1413.387000 19.2077193181760641494 -0.0556232919365159117486 20.6830152321631608459
16939 1413.396000 19.2080978861580611294 -0.0556933986056249372143 20.6829506828592357692
16940 1413.406000 19.2085069455303312225 -0.0557444123924624654332 20.6828070349233748004
16941 1413.415000 19.2088706809976592638 -0.0557635057983804777182 20.6826492403605755044
16942 1413.422000 19.209147031424425478 -0.0557643931987337124201 20.6825271441341662637
16943 1413.428000 19.2093804140376533951 -0.0557576105308673075633 20.6824291778959512556
16944 1413.434000 19.20961115348037751 -0.0557448738145116598486 20.6823416479206194651
16945 1413.440000 19.2098405157061300486 -0.0557277390401700323252 20.6822669971313608528
16946 1413.445000 19.2100313754006890576 -0.0557114603286598120135 20.6822152185901728672
16947 1413.452000 19.2102992212683005846 -0.0556879171726000279929 20.6821579055463509178
16948 1413.459000 19.2105689031656083898 -0.0556661705668465150998 20.6821156668762959896
16949 1413.465000 19.2108022185889311118 -0.0556508829529168067007 20.6820882323424655169
16950 1413.470000 19.2109984756238674208 -0.0556414434732243334825 20.6820691066437944983
16951 1413.476000 19.2112363769248162271 -0.05563477153003349579 20.6820477030809151131
16952 1413.482000 19.2114769680711390265 -0.0556335296670896761739 20.6820248687734462578
16953 1413.488000 19.211720206753721385 -0.0556376651555798157345 20.6819976203394233494
16954 1413.494000 19.2119659434565193123 -0.0556467157969413733776 20.6819635047079088963
16955 1413.500000 19.2122139480946501067 -0.0556598683721956158377 20.6819207538134399726
16956 1413.506000 19.2124639355946804642 -0.0556760353822183182149 20.6818683836894869899
16957 1413.512000 19.2127155888753229362 -0.0556939437359548969453 20.6818062365907273659
16958 1413.519000 19.2130108500523171244 -0.0557152166946756968735 20.6817222914767953057
16959 1413.525000 19.2132649866029794339 -0.0557322254211417358882 20.6816422031742064291
16960 1413.531000 19.2135197713350649451 -0.0557467795605881347165 20.6815568383633561211
16961 1413.537000 19.2137749202984693397 -0.0557578086472113043648 20.6814688110111504216
16962 1413.543000 19.2140301787007459211 -0.0557644804927972734254 20.6813810391818684309
16963 1413.549000 19.2142853234260755357 -0.0557662434046921201558 20.6812965642105268671
16964 1413.556000 19.2145825959401008731 -0.0557617824806765291501 20.6812061457492717409
16965 1413.565000 19.2149638034416305743 -0.0557460333385943265783 20.681109311852235777
16966 1413.574000 19.2153435499243769868 -0.0557204271158930827812 20.6810408701612651328
16967 1413.583000 19.21571741943624545 -0.0556887514172843128835 20.6810033413245690781
16968 1413.592000 19.2160953223195782869 -0.0556509595225570946608 20.6810032682982196661
16969 1413.602000 19.2165123022759232185 -0.0556115430352047898643 20.6810392487618663893
16970 1413.611000 19.2168854096425647526 -0.0555817423655878342648 20.6810984556634664955
16971 1413.621000 19.2172976586971486768 -0.0555582972054202359202 20.6811844070531734019
16972 1413.631000 19.2177076354671321212 -0.0555475680536528584885 20.6812792280723627414
16973 1413.640000 19.2180749503673382605 -0.0555497790649912212557 20.6813611823797174338
16974 1413.649000 19.218441032495032772 -0.0555629602160789479171 20.681430687476225927
16975 1413.659000 19.2188467908438980203 -0.0555888279044454494682 20.681484529508921355
16976 1413.668000 19.2192114702471315013 -0.0556197565096393092832 20.6815065171787360043
16977 1413.678000 19.2196165283150541825 -0.0556589939982239170768 20.6814986497081427785
16978 1413.687000 19.2199812675336296763 -0.0556952115823002441575 20.6814629335778512598
16979 1413.697000 19.2203870380016788033 -0.0557325265795696397908 20.6813949827446812435
16980 1413.706000 19.220752885018086431 -0.0557604887754547390299 20.6813135933952345624
16981 1413.716000 19.2211602692333762832 -0.0557827158942697520772 20.6812082889324067025
16982 1413.725000 19.2215277952507115344 -0.0557934359731614010203 20.6811073747724023519
16983 1413.734000 19.221896179586931197 -0.0557950390258997314108 20.6810073863732455379
16984 1413.744000 19.222306470791846067 -0.0557868409024505490512 20.6809043906846312666
16985 1413.753000 19.2226765347863732813 -0.0557719468550897864989 20.6808240109480649949
16986 1413.762000 19.2230472482419258995 -0.0557519067695895001457 20.680758529579989613
16987 1413.772000 19.2234597487729388376 -0.0557263314822353111877 20.6807050345238785383
16988 1413.781000 19.2238313671949718753 -0.0557028777985373868553 20.6806741279024706159
16989 1413.791000 19.2242444801512029073 -0.0556790574652793329724 20.6806570568299115109
16990 1413.800000 19.2246162892383800624 -0.0556616035006985421241 20.6806543902272679247
16991 1413.810000 19.225029232012850855 -0.0556482561434920447452 20.6806613516339616865
16992 1413.819000 19.2254005804196808072 -0.0556424409725744181787 20.6806725564132527495
16993 1413.828000 19.2257715397147030956 -0.0556425989512343358023 20.680684710666490389
16994 1413.838000 19.2261831751693499371 -0.0556492182562960818748 20.6806954112909693322
16995 1413.847000 19.2265531178006803259 -0.0556599778024617700134 20.6806996567210070737
16996 1413.856000 19.2269225515592907527 -0.0556740094524966477874 20.6806968752513888887
16997 1413.865000 19.2272914977836002492 -0.0556899072294306726749 20.6806860320792260666
16998 1413.875000 19.2277009217621390746 -0.0557080227858725296475 20.6806642474440636192
16999 1413.884000 19.2280690095493973502 -0.0557232937897752522716 20.6806364088607175233
17000 1413.894000 19.2284776568204520686 -0.0557377512816810971596 20.6805976842692977868
17001 1413.903000 19.2288452272165493184 -0.0557476640974243764504 20.6805574465178452215
17002 1413.913000 19.2292535109011488714 -0.0557547178025427428438 20.6805089014285954363
17003 1413.922000 19.229620939278760261 -0.0557574431181733151663 20.6804636619622890237
17004 1413.932000 19.2300292519267621572 -0.0557567829802074060863 20.6804137041001681041
17005 1413.942000 19.2304377012696079419 -0.055752944113707306184 20.680365859293946329
17006 1413.951000 19.2308054677977402491 -0.0557475685421117486684 20.6803257495616996664
17007 1413.961000 19.2312143046838954774 -0.0557404524448409793846 20.6802852412147615269
17008 1413.971000 19.2316233641998231008 -0.0557331635981090159349 20.6802493094120194428
17009 1413.981000 19.232032626958897481 -0.0557266462080443711335 20.6802177888646845361
17010 1413.990000 19.2324011037586259931 -0.0557220528186080782396 20.6801927310282884775
17011 1414.000000 19.2328106253965813721 -0.0557188105593337951182 20.6801677989102081767
17012 1414.009000 19.2331792318265115682 -0.0557177465834393093047 20.6801471870939508335
17013 1414.018000 19.2335478151391470192 -0.0557184229189778834623 20.6801275232704568907
17014 1414.027000 19.2339163176689567081 -0.0557206693449529555373 20.6801080890498383269
17015 1414.036000 19.2342846835442209397 -0.0557241998283315859153 20.6800882551334410664
17016 1414.044000 19.234611963736121254 -0.0557281246083818487813 20.6800698795505191185
17017 1414.050000 19.2348573076374655955 -0.0557313797786725823036 20.6800554710712134465
17018 1414.056000 19.2351025395499029003 -0.05573477109766990234 20.6800404423502648399
17019 1414.062000 19.2353476505835025989 -0.055738186006815848561 20.6800247514391521975
17020 1414.069000 19.2356334519109530845 -0.055742062801303303432 20.6800055921091399114
17021 1414.077000 19.2359598612571112142 -0.0557461806606658408225 20.6799826029417346263
17022 1414.085000 19.2362860325011411078 -0.0557498079710191871139 20.6799585458045314112
17023 1414.095000 19.2366934185599802731 -0.0557534890989021952867 20.6799272109114156137
17024 1414.104000 19.2370597715736835198 -0.055755922323688152098 20.6798981010603597497
17025 1414.113000 19.2374258712444543562 -0.0557575397770111932938 20.6798684429739907387
17026 1414.121000 19.2377511055076624302 -0.0557583632723875483039 20.679841860977724366
17027 1414.131000 19.2381574384021476476 -0.055758734930532516394 20.6798086439694408512
17028 1414.140000 19.238522976111298135 -0.0557586264110754500911 20.6797789964811897789
17029 1414.149000 19.2388883955804494974 -0.0557582897351135350905 20.6797497588724965567
17030 1414.158000 19.239253726468913186 -0.0557579035037687881227 20.6797210370824977588
17031 1414.168000 19.2396595740892273341 -0.0557576062213938211665 20.6796897829405565972
17032 1414.177000 19.2400247856960540105 -0.0557575912297348305624 20.6796622357183110807
17033 1414.186000 19.2403899554843356157 -0.055757900314206777781 20.6796351822315251923
17034 1414.195000 19.2407550809251510771 -0.055758572869210834555 20.679608535420339166
17035 1414.204000 19.2411201511950480381 -0.0557596094065873001955 20.6795821901782517216
17036 1414.212000 19.2414445973284564673 -0.0557608104413358923734 20.6795589355970754752
17037 1414.220000 19.2417689691694029364 -0.0557622332264942136004 20.6795357564971240549
17038 1414.229000 19.2421337749301741837 -0.0557640348769853008704 20.6795096869339154466
17039 1414.238000 19.2424984334746191905 -0.0557659709519661081489 20.6794835496804623176
17040 1414.247000 19.242862915635427612 -0.0557679596938791127814 20.6794572879564810819
17041 1414.257000 19.2432676558777977505 -0.0557701406987450507002 20.6794279215889602597
17042 1414.266000 19.2436316805450715606 -0.0557720110215337086523 20.6794013112743577665
17043 1414.275000 19.2439954575092748712 -0.0557737483509295819961 20.6793745373803155019
17044 1414.284000 19.2443589746994092593 -0.0557753280028767881027 20.6793476213708444789
17045 1414.293000 19.2447222263709853962 -0.0557767434012095830731 20.6793205936147010959
17046 1414.303000 19.2451255286526752286 -0.0557781354882647822935 20.6792904736371880858
17047 1414.312000 19.2454882279658185951 -0.0557792510683790820902 20.6792633227159221576
17048 1414.321000 19.245850680210828898 -0.0557802697897640045732 20.6792361622767018048
17049 1414.330000 19.2462128995787793428 -0.0557812282692041472298 20.6792090158930896848
17050 1414.339000 19.2465749019715310908 -0.0557821634934462309841 20.6791818995971219408
17051 1414.347000 19.246896512787056821 -0.0557830027890040200389 20.6791578283944339489
17052 1414.356000 19.2472581484518237005 -0.0557839818616451682542 20.6791307860787760831
17053 1414.365000 19.2476196096207310404 -0.0557850181876292511296 20.6791037801748238678
17054 1414.375000 19.2480210402054794372 -0.0557862521970456728959 20.6790738070698303375
17055 1414.384000 19.2483821603034037651 -0.0557874413813019692787 20.6790468508641538392
17056 1414.392000 19.2487030240847971641 -0.0557885577070400609512 20.6790228971907481537
17057 1414.401000 19.2490638452044251494 -0.0557898709343538218297 20.6789959500338262899
17058 1414.410000 19.2494245009526672163 -0.0557912306613770267449 20.678968997929693785
17059 1414.419000 19.2497849822527236086 -0.0557926194221318103028 20.6789420379313746423
17060 1414.429000 19.2501852986025525638 -0.0557941742776604937548 20.678912073498963764
17061 1414.438000 19.2505453728559317028 -0.0557955653348266439329 20.6788851010291026
17062 1414.447000 19.2509052342744304553 -0.055796933232974715855 20.6788581298762430549
17063 1414.456000 19.2512648705506741464 -0.055798266885556196959 20.6788311665865336408
17064 1414.465000 19.2516242708251290594 -0.0557995593744321019547 20.6788042178248829828
17065 1414.474000 19.2519834262934601554 -0.0558008081056946964038 20.6787772894166437254
17066 1414.483000 19.2523423306035681435 -0.0558020145655026902909 20.6787503855538403741
17067 1414.492000 19.2527009800293669173 -0.0558031837477849235185 20.6787235082445484124
17068 1414.501000 19.2530593734256001426 -0.0558043233388988493826 20.6786966570538659482
17069 1414.510000 19.25341751198551421 -0.0558054427586805387729 20.6786698291440345088
17070 1414.520000 19.253815148693853132 -0.0558066752414307087893 20.6786400416140772052
17071 1414.529000 19.254172761247222212 -0.0558077850918648130096 20.6786132448183082033
17072 1414.538000 19.2545301326476767656 -0.0558089045639602668314 20.6785864517329542878
17073 1414.547000 19.2548872685115206593 -0.0558100405405391811198 20.6785596549495025442
17074 1414.556000 19.25524417408076161 -0.0558111976849562790859 20.6785328477677232684
17075 1414.566000 19.2556404710339741371 -0.0558125108818384937925 20.6785030433522258875
17076 1414.575000 19.2559969033889935019 -0.0558137172063838601921 20.6784761988215777251
17077 1414.584000 19.2563531148934714565 -0.0558149441426537759603 20.6784493334788024299
17078 1414.594000 19.2567486464474235675 -0.0558163263768085698979 20.6784194598585067126
17079 1414.603000 19.2571043900932714621 -0.0558175814350849869294 20.6783925559357584234
17080 1414.612000 19.2574599083920396936 -0.055818840588083833143 20.6783656400554463062
17081 1414.621000 19.257815197432048393 -0.0558200976456823608207 20.6783387179518314269
17082 1414.630000 19.2581702525893376787 -0.0558213469015074806312 20.6783117958831219596
17083 1414.639000 19.25852506887571991 -0.0558225835642698411942 20.6782848800541039225
17084 1414.648000 19.2588796412833751504 -0.0558238040777530794556 20.6782579760777167621
17085 1414.658000 19.2592733188805524946 -0.0558251387252120603866 20.6782281021850664615
17086 1414.667000 19.2596273616440782916 -0.0558263199647989830088 20.6782012365609766391
17087 1414.676000 19.2599811479365783384 -0.0558274832361348449794 20.6781743922767340393
17088 1414.685000 19.2603346753297941518 -0.0558286306916154981272 20.6781475692016449841
17089 1414.695000 19.2607271780814670592 -0.0558298908902789409181 20.6781177886714537806
17090 1414.704000 19.2610801549797479026 -0.0558310158970484332608 20.6780910036381442296
17091 1414.713000 19.2614328709808404483 -0.0558321363714511659238 20.678064231213262758
17092 1414.723000 19.2618244726234131292 -0.0558333807668798462465 20.6780344936664626232
17093 1414.732000 19.262176640891869539 -0.0558345039913173760149 20.6780077337702152818
17094 1414.741000 19.2625285517777875555 -0.0558356331782008247222 20.6779809734238106955
17095 1414.751000 19.2629192636908186387 -0.0558368970872739206479 20.6779512351522498648
17096 1414.760000 19.2632706355559193412 -0.0558380439127503028218 20.6779244639825954266
17097 1414.770000 19.2636607510778006258 -0.055839328374516855602 20.677894709093070702
17098 1414.779000 19.2640115875892377062 -0.0558404924750360437402 20.6778679212122185049
17099 1414.789000 19.2644011086313042824 -0.0558417926961711566514 20.6778381484749473884
17100 1414.798000 19.2647514093345968433 -0.0558429664967205682813 20.6778113472281361851
17101 1414.807000 19.2651014548310897112 -0.0558441410554124384458 20.6777845428344555501
17102 1414.816000 19.2654512436981946166 -0.055845313772028816468 20.6777577378935149
17103 1414.826000 19.2658395949504672728 -0.0558466116928850037082 20.6777279572457715062
17104 1414.835000 19.2661888363109383704 -0.0558477729999102903702 20.6777011597796978037
17105 1414.844000 19.2665378154009339084 -0.0558489262634400129848 20.6776743693931841506
17106 1414.854000 19.266925260120672192 -0.0558501971351289747125 20.6776446125621404803
17107 1414.863000 19.2672736796983805618 -0.0558513311459724326458 20.6776178417436220514
17108 1414.872000 19.2676218318824297171 -0.0558524562470898919275 20.6775910810775336302
17109 1414.882000 19.2680083526181569198 -0.0558536969766875793231 20.6775613585833539787
17110 1414.891000 19.2683559368031254166 -0.0558548065963915194021 20.677534617896338176
17111 1414.901000 19.2687418246332065053 -0.0558560336478738511667 20.67750491514042821
17112 1414.910000 19.2690888381883986824 -0.0558571345437997440753 20.6774781892895553881
17113 1414.920000 19.2694740914491724482 -0.0558583559633085077745 20.6774484993438996128
17114 1414.929000 19.269820533803759588 -0.0558594551842779701856 20.6774217816937699865
17115 1414.938000 19.2701667057330929822 -0.0558605555293826827601 20.6773950658526359803
17116 1414.947000 19.2705126073795476316 -0.0558616577707086517379 20.6773683508304095824
17117 1414.956000 19.2708582388534033214 -0.0558627622929757650105 20.6773416359665453967
17118 1414.965000 19.2712036001899775783 -0.0558638690942502569303 20.6773149209495059608
17119 1414.974000 19.2715486913177187489 -0.0558649778187171111576 20.6772882058051443721
17120 1414.982000 19.2718552119880968121 -0.0558659644452010745175 20.6772644591591827634
17121 1414.992000 19.2722380620243960436 -0.0558671982156433363786 20.677234776665795124
17122 1415.001000 19.2725823408174044005 -0.0558683080219058922355 20.6772080639550388526
17123 1415.010000 19.2729263478509444951 -0.0558694161990120063965 20.6771813535314343824
17124 1415.019000 19.2732700824704856757 -0.0558705217617530627838 20.6771546462072706163
17125 1415.029000 19.2736516894588447713 -0.0558717460581117028595 20.6771249759436983595
17126 1415.038000 19.2739948466062926968 -0.0558728435010238805303 20.6770982774714475738
17127 1415.046000 19.2742996446011858325 -0.0558738151167146313014 20.6770745496709622557
