11560 604.407000 -0.360276234361205316414 -0.0328073835026548854543 -0.0615118104317725206132 -0.0115498224243144338025 -0.00667511659095079180892 0.999911018251356198405 3.10029220880677280903
11561 604.415000 -0.3602723086841466138 -0.0328066461871777126369 -0.0615043675311529453031 -0.0115467959798159769402 -0.00667249501014278555838 0.999911070702260040832 3.10028615746951841103
11562 604.423000 -0.36026980959319121478 -0.0328037405454444375152 -0.0614942252563297903079 -0.0115346801104190214288 -0.00667799054245744698466 0.99991117385349037594 3.10027838114280340776
11563 604.432000 -0.360268551003245340869 -0.0327981583757440894877 -0.061481023336219610409 -0.0115126954425175693358 -0.00669284372426722125315 0.999911327911895519982 3.10026800358160414817
11564 604.440000 -0.360268532014359488258 -0.0327913205320222028716 -0.0614688771709031439583 -0.0114885117482782725395 -0.00671253755782882065295 0.999911474050250381751 3.10025729766945268295
11565 604.448000 -0.360269276573943586506 -0.0327829664932052025628 -0.0614572646235980110663 -0.0114623447760155636188 -0.00673674438475703723367 0.999911611557406709849 3.10024511672139624352
11566 604.457000 -0.360270656110132647676 -0.0327720757050359440266 -0.0614456775719543005221 -0.0114331987184203807961 -0.00676759192507826647794 0.999911736938116302298 3.10022965704255559771
11567 604.466000 -0.360272253662223984616 -0.0327600160131931300578 -0.0614362366060820785929 -0.0114065228993910066507 -0.00680029356426920666978 0.999911819733513174135 3.10021240716013357641
11568 604.474000 -0.360273512008301377563 -0.0327484597332823937355 -0.0614299343849396967121 -0.0113864441691680692154 -0.00682971118018098604513 0.999911848081808440902 3.10019467042872198803
11569 604.483000 -0.360274742855291874033 -0.0327352967099401245821 -0.0614250075680513804577 -0.011367732306902212161 -0.00686107907803575490374 0.999911846242499291471 3.10017455357342219813
11570 604.492000 -0.360275800800656964551 -0.0327226167080145735611 -0.061421967622329584624 -0.0113529347011471527795 -0.00688966055705388536606 0.999911817837493166472 3.10015438770088236353
11571 604.501000 -0.360276254626677006065 -0.0327099222769243885844 -0.0614206363040581404533 -0.0113431312165845604029 -0.00691543643668381374096 0.999911751162617989941 3.10013074336301830414
11572 604.510000 -0.360276322175679175608 -0.0326993481978899019902 -0.0614208271769794700301 -0.0113377789246589168876 -0.00693456981922348485864 0.999911679354970717171 3.10011191092013449477
11573 604.518000 -0.360276503745381726507 -0.0326887795934383620922 -0.0614201532178412362706 -0.0113322340581655679054 -0.00695182654201769670982 0.999911622384188847334 3.10009257639008284357
11574 604.528000 -0.360276194407211869386 -0.0326789986641326177241 -0.0614205715230959625739 -0.0113308245836625555436 -0.00696496893946696015582 0.999911546898987757537 3.10007228935171230688
11575 604.536000 -0.360275883750617198498 -0.0326703896247265701547 -0.061419955182943242189 -0.0113299655332403746005 -0.00697426360589449220728 0.99991149184723915333 3.10005330472506912542
11576 604.545000 -0.360275517981987758453 -0.0326629306505079111678 -0.0614191648205243065362 -0.011330722023279816979 -0.00697962338096440922802 0.999911445877029292362 3.1000356398216832865
11577 604.554000 -0.360275189299435971702 -0.0326566138370730646434 -0.0614177825104307018034 -0.0113322220960731037676 -0.006981819178548187739 0.999911413547881933184 3.10001968758675250371
11578 604.564000 -0.360274956325714434957 -0.0326512848876746725191 -0.0614156970784655864559 -0.0113340502460494638171 -0.0069812345262296893883 0.999911396909501148933 3.10000528894718785367
11579 604.573000 -0.360274732483269188865 -0.0326469062968889889298 -0.0614134036783103853807 -0.0113364171865720283344 -0.00697936643871758903568 0.999911383118267216297 3.09999308449831323387
11580 604.581000 -0.360274433575390018447 -0.0326432712291408327898 -0.0614113651042133279478 -0.0113396605108581193661 -0.00697700661137156102204 0.999911362810845916194 3.09998288838859714645
11581 604.590000 -0.360274137799957983042 -0.0326401074824373138572 -0.0614092543992901113148 -0.0113429397906388944317 -0.0069741237854752556255 0.999911345727375389103 3.09997386925861029283
11582 604.599000 -0.360273730717428519732 -0.0326372756487365855982 -0.0614075850551514396125 -0.0113465862735020479174 -0.00697167209904879774801 0.999911321452098267315 3.09996604466492087226
11583 604.608000 -0.360273160047386742377 -0.0326346096674596658493 -0.0614065474700617591752 -0.0113505594006793469886 -0.00697011467175327227574 0.999911287216398103617 3.09995911681750158095
11584 604.616000 -0.360272489767282488859 -0.0326322730425657459019 -0.0614062464501067273304 -0.0113543034606525365671 -0.0069697284564305449564 0.999911247400571578936 3.0999534612324555205
11585 604.625000 -0.360271535899143291459 -0.0326295809822840371384 -0.0614066332263449032869 -0.0113586387019280702498 -0.0069705271999367596561 0.999911192595319464615 3.09994736012767990729
11586 604.634000 -0.36027037426057645364 -0.0326267530175605446896 -0.0614077331958605976414 -0.0113629366973553042747 -0.00697260472838384052358 0.999911129277454069353 3.09994128796749590649
11587 604.643000 -0.360269036681228449481 -0.0326237543710599930957 -0.0614094115334093415548 -0.0113669888368433825293 -0.00697581374851154959599 0.999911060838577281373 3.09993501154649120366
11588 604.652000 -0.360267578859499892907 -0.0326205941292195891745 -0.0614114688045760415136 -0.0113705685054631185776 -0.00697993897344356510615 0.999910991350625000251 3.09992843798186923365
11589 604.661000 -0.36026605018425861271 -0.0326172695715685190265 -0.0614136817417225838733 -0.0113735068865063009003 -0.0069847502421511607415 0.999910924335341677605 3.09992145124204476758
11590 604.670000 -0.360264534868400376766 -0.0326138338559125370852 -0.0614158095302245327085 -0.0113755852244785526234 -0.00698993828974431817558 0.9999108644391789813 3.09991406952229331395
11591 604.678000 -0.360263263338873762631 -0.0326107357115385312896 -0.0614174464254112137396 -0.0113765981204032272378 -0.00699467021351762342773 0.999910819825353680557 3.09990727165033286283
11592 604.688000 -0.360261970967178157821 -0.0326071932552141133255 -0.0614189308187572252651 -0.0113768369389400866853 -0.00700004045124432306563 0.999910779527326321059 3.09989935134708938236
11593 604.696000 -0.360260967404830823035 -0.0326042479259397166569 -0.0614190587332988924274 -0.0113751144217488515259 -0.00700396780806363927069 0.999910771622566252326 3.09989235723917522236
11594 604.696000 -0.360260908730535789335 -0.0326037937633980590135 -0.0614196198367517737227 -0.0113757918058060968763 -0.00700491401932872275599 0.999910757288055562775 3.09989152970977333013
11595 604.712000 -0.360259648877832683311 -0.0325978971203132600332 -0.0614193470290056164895 -0.0113717613190443666421 -0.00701281506580772335396 0.999910747751695749841 3.09987774939094729021
11596 604.721000 -0.360259371501276126626 -0.0325950438601116804227 -0.0614183460078269669036 -0.0113687297970728271729 -0.00701621785247198617025 0.999910758352888229261 3.09987101138122067567
11597 604.729000 -0.3602592606160003319 -0.0325921067147385903895 -0.0614169116571553069805 -0.0113651766111275715626 -0.0070195749692588769314 0.99991077518339055441 3.09986416867784830842
11598 604.738000 -0.36025939904936588043 -0.0325892524099081759559 -0.0614149817211861598354 -0.0113613158021488198923 -0.00702249414776605178357 0.999910798561145841568 3.09985758232907038234
11599 604.746000 -0.36025967122619079186 -0.032586828987364438448 -0.0614130652063156201592 -0.0113579703471704141632 -0.00702476088139115592557 0.999910820645597442358 3.09985210708194269813
11600 604.755000 -0.360260092845334667366 -0.0325842184673002729922 -0.0614108432797746683907 -0.0113545280298650089201 -0.00702697919086141525175 0.999910844153952704794 3.09984635796563168242
11601 604.764000 -0.360260559851909079043 -0.032581687706390478898 -0.0614087198681056503635 -0.0113517081729706832 -0.00702897742353143523825 0.999910862126187516274 3.09984094277036570375
11602 604.772000 -0.360260961765569986959 -0.0325794879186999536413 -0.0614070361141928894311 -0.0113498412660936291718 -0.00703059540503486561647 0.999910871943837542553 3.09983635863389439535
11603 604.781000 -0.360261344513250869603 -0.032577042469659096835 -0.0614054784458440416905 -0.0113485576944928057141 -0.00703229271774468128048 0.999910874577022990017 3.09983135178208479843
11604 604.789000 -0.360261584015568903094 -0.032574877126356212298 -0.0614044543659032077132 -0.0113481762165623806249 -0.00703373970344771132918 0.999910868728979274067 3.09982696095482124221
11605 604.798000 -0.360261608589769410926 -0.0325731056285135447959 -0.0614039292563758054566 -0.0113488124019723787828 -0.00703546388671535006393 0.999910849378565114165 3.09982399095385652288
11606 604.806000 -0.360261625794392914557 -0.0325708559702483496645 -0.0614034127457660783289 -0.0113494437150355315103 -0.00703672163212466870302 0.999910833362671169766 3.09981925429600790878
11607 604.813000 -0.360261514729531995282 -0.0325682901004296088132 -0.0614035585963450397662 -0.0113508773918020357957 -0.00703798550883328634387 0.999910808193617661743 3.09981341846286051478
11608 604.822000 -0.360261155200672533727 -0.0325657467291411220622 -0.0614039663543265168411 -0.0113530294383548061715 -0.00703964979123280522322 0.999910772045880413827 3.0998079950783292702
11609 604.831000 -0.360260637220000123904 -0.0325631589981044411442 -0.0614046602350022674432 -0.011355475293639982412 -0.00704132348844017496442 0.999910732487849007732 3.09980230068694861956
11610 604.840000 -0.360260070576060409397 -0.0325607557147587142743 -0.0614055019211824648639 -0.0113578097444436022095 -0.0070428705552247417368 0.99991069507839103192 3.09979684469089544763
11611 604.848000 -0.360259348115580635419 -0.0325581876894287386426 -0.0614063731270463042389 -0.0113601943423219040041 -0.0070445812093072688459 0.999910655938864412207 3.09979091153195396302
11612 604.856000 -0.36025865730425948863 -0.0325558139368335927588 -0.0614072010146118618668 -0.0113621818555884376151 -0.00704616512398808982759 0.999910622196066967149 3.09978528838943478974
11613 604.865000 -0.360257867426657218957 -0.0325531299463780454673 -0.0614080387160712282135 -0.011364056976929045456 -0.00704797469722049686747 0.999910588133605227057 3.09977880691921425793
11614 604.874000 -0.36025719710028258902 -0.0325506693637889754633 -0.0614086608790390120483 -0.0113653244809184383185 -0.0070496414592526052828 0.999910561977789713595 3.09977278552848201087
11615 604.882000 -0.360256480506182585888 -0.0325480817080731135715 -0.0614091102753579476392 -0.0113662412395567121587 -0.00705149538945148545571 0.999910538484746980181 3.09976644425675873507
11616 604.890000 -0.360255915460009734641 -0.0325457164517787764235 -0.061409326089373675317 -0.0113666216722933567651 -0.00705320818003127552459 0.999910522079914931837 3.0997606340280263737
11617 604.899000 -0.360255441078188465287 -0.0325432766861951383586 -0.0614093165577417263168 -0.011366558848352579722 -0.0070549861108590780634 0.999910510251253770164 3.09975464302667669259
11618 604.907000 -0.360254979416571641249 -0.0325407395808526914149 -0.0614091447658084571559 -0.0113661604766119306298 -0.00705695346421388643859 0.999910500896867171505 3.09974851064739675977
11619 604.915000 -0.360254670522533404498 -0.0325384233808186928982 -0.0614087909854854063774 -0.0113654648273392531316 -0.00705876957922067435613 0.999910495985158798149 3.09974296843966445891
11620 604.924000 -0.360254417366813961543 -0.0325358378806554146556 -0.0614082346817580379539 -0.0113644420158086345563 -0.00706085701734072718888 0.999910492872162048883 3.09973689165325660966
11621 604.932000 -0.360254268887649053976 -0.0325335581807512860819 -0.0614076377530022518569 -0.0113633852652990762627 -0.00706272043407710648638 0.99991049172182533411 3.09973163110670490994
11622 604.940000 -0.360254169405807234128 -0.0325312768110715411218 -0.0614069865834176512043 -0.0113623258035547621686 -0.0070646411265790857309 0.99991049019304045764 3.09972645108725686214
11623 604.949000 -0.360254100002530441849 -0.0325287083096543194749 -0.0614062346397560021583 -0.0113611846792680236395 -0.00706681947382115874939 0.999910487766384137309 3.09972071954849059949
11624 604.957000 -0.36025406270990473212 -0.0325264225633708908836 -0.0614055851860685897314 -0.0113602761418007073418 -0.00706875383026975626088 0.999910484416114631046 3.09971567800860992037
11625 604.965000 -0.360254031126935103657 -0.0325241282476700366288 -0.0614049827265052555747 -0.0113595229970079123621 -0.00707068391488189194882 0.999910479326152623614 3.09971065708031101593
11626 604.973000 -0.360253991290888531118 -0.0325218215007582120424 -0.0614044486428178132309 -0.0113589576930882233535 -0.00707260131688509843112 0.999910472187754861828 3.09970562875437183337
11627 604.981000 -0.360253937448461070137 -0.032519509981108488117 -0.0614039949704578702505 -0.0113585735319476997113 -0.00707447768321486057663 0.999910463278002148435 3.0997005974997731137
11628 604.990000 -0.360253860004912163095 -0.0325170729343914680087 -0.0614036226194463255479 -0.01135841182459656519 -0.00707639205206547512034 0.999910451568713387616 3.09969521912567635979
11629 604.998000 -0.360253733864882130788 -0.0325147136195056488117 -0.061403359030195114876 -0.0113584701524916519694 -0.0070782419683931311824 0.999910437812523200662 3.09969003331273107449
11630 605.006000 -0.36025353684601341131 -0.0325121397791215682727 -0.061403161865733066338 -0.0113587383995483546389 -0.00708024038756703034958 0.99991042061677959385 3.09968436850877093747
11631 605.014000 -0.360253331076143046285 -0.0325097442889723253767 -0.0614030629075628733848 -0.0113591154476371646725 -0.00708199933563287940819 0.999910403877096065628 3.0996789825648183303
11632 605.022000 -0.360253095709471393704 -0.03250734359914592142 -0.0614030221983262528007 -0.0113595714366222996783 -0.00708369882401320514337 0.999910386658597993836 3.09967352681019292504
11633 605.031000 -0.360252785740205916376 -0.0325046149727467661994 -0.0614030316653018243267 -0.0113602035536948513944 -0.00708561486985764127366 0.999910365901431452684 3.09966725452561897569
11634 605.039000 -0.360252484622059443442 -0.032502180040248046522 -0.0614030692296531968588 -0.0113607821794627205508 -0.00708727570162019735595 0.999910347556919654188 3.09966160161179837829
11635 605.048000 -0.360252125214542473497 -0.0324994315510701917149 -0.0614031241582671180601 -0.011361419440997071531 -0.00708911481794374624676 0.99991032727909345823 3.09965515840653260682
11636 605.057000 -0.360251760856589053894 -0.0324966888747654295 -0.0614031693899828659444 -0.0113619776473633839198 -0.00709091178920850419287 0.999910308194659314118 3.09964868153452455246
11637 605.064000 -0.360251472141023598716 -0.0324945499869750201172 -0.061403189679954367497 -0.0113623732383742823832 -0.00709232486550951703175 0.999910293677584771643 3.09964361433418611469
11638 605.069000 -0.360251262899979718402 -0.0324930162248387097157 -0.0614031930520885088631 -0.0113626421024169404345 -0.00709336037358936338099 0.999910283276986167067 3.0996399803196608147
11639 605.075000 -0.360251022422056421668 -0.0324911867292128758722 -0.0614031786186511885361 -0.0113628918485270298533 -0.00709457725447258311102 0.999910271805635075815 3.09963563960641730333
11640 605.081000 -0.360250840335949007454 -0.032489554753534960474 -0.0614031409705324687787 -0.0113630397114997359898 -0.00709562421246378877832 0.999910262696383389525 3.09963172423254729182
11641 605.087000 -0.360250562806070817601 -0.0324875336146911650181 -0.0614030900626102021933 -0.0113632377983918977232 -0.00709702647563534034375 0.999910250493483698797 3.09962697222947625164
11642 605.094000 -0.360250359302138056794 -0.0324855998757667546739 -0.0614029994840638720932 -0.0113633093906873646611 -0.0070982943623220714352 0.9999102406800509657 3.09962235549932652034
11643 605.099000 -0.360250138547135945188 -0.0324838885784402425783 -0.0614029195755436546511 -0.0113633817233767045463 -0.00709950424016307559544 0.999910231268463789434 3.09961836125615564086
11644 605.105000 -0.360249935393915476922 -0.0324820602404994190904 -0.0614028063333299650717 -0.011363421202164892751 -0.00710079596770759637059 0.999910221647527297506 3.09961406581375120695
11645 605.111000 -0.360249748585173557025 -0.0324802442958655457339 -0.0614026728932932294724 -0.0113634007540283077375 -0.00710208005737723337136 0.999910212760206751348 3.09960981976881644329
11646 605.117000 -0.360249571800829060386 -0.0324784295827438146409 -0.061402523941696554588 -0.0113633499866622415114 -0.0071033762960437509329 0.999910204129489610381 3.09960559095159693399
11647 605.123000 -0.360249404456604915836 -0.032476615468937972131 -0.061402362119224451753 -0.0113632751583927701922 -0.00710468329945271662162 0.999910195694038050895 3.0996013764944545521
11648 605.130000 -0.360249218434805951183 -0.0324744971234272594707 -0.0614021612933503754816 -0.011363169964579358448 -0.00710622435799435243908 0.999910185938582163345 3.0995964743341422043
11649 605.135000 -0.360249094455495466605 -0.0324729867405553138116 -0.0614020112387170940993 -0.011363076001061327841 -0.00710732132104229582387 0.999910179209829608205 3.09959298212460465649
11650 605.141000 -0.360248980329539170153 -0.0324713451450225967787 -0.0614018417250450782019 -0.0113629754303288896949 -0.00710848121170529808482 0.999910172107591144197 3.09958915339622587126
11651 605.147000 -0.360248799958422571965 -0.0324693401545047416468 -0.0614016441556959335912 -0.0113628857063160278867 -0.00711001700536845280404 0.999910162207889974262 3.0995846000940598941
11652 605.155000 -0.360248620864083268778 -0.0324669173621762868764 -0.0614013952184392156064 -0.011362737207830099842 -0.00711179548625714714333 0.999910151247654588325 3.09957904662165795173
11653 605.163000 -0.360248439356464666972 -0.0324644795080484410699 -0.061401152926113283792 -0.0113626417932923343135 -0.00711361341917947798824 0.999910139400336128723 3.09957346340649619876
11654 605.172000 -0.360248232356720099467 -0.0324617238693762771851 -0.0614008928091562683482 -0.0113625690627857187792 -0.00711565622134704370977 0.999910125691720885754 3.09956715810791205712
11655 605.180000 -0.360248047480619448812 -0.0324592662807970389061 -0.0614006748763287063531 -0.0113625315895045878728 -0.00711745728298638583725 0.999910113299041558577 3.09956151922099865104
11656 605.189000 -0.360247834094399532745 -0.0324564882923239067525 -0.061400447087144843783 -0.0113625294022311369713 -0.00711946949695209559128 0.99991009899873761757 3.09955512133427868449
11657 605.198000 -0.360247620633813381286 -0.0324537109624771780148 -0.0614002337346524068584 -0.0113625518289510989839 -0.00712146051195021358854 0.999910084565662882206 3.09954871298129397417
11658 605.207000 -0.36024739089025498151 -0.0324509101005146446961 -0.0614000407959509192368 -0.0113626370988648764393 -0.00712345984670758030494 0.999910069355225417098 3.09954223515449811543
11659 605.216000 -0.36024715426328685064 -0.0324480985791733012036 -0.0613998641540154585505 -0.0113627462380272714615 -0.0071254323351746745932 0.999910054060847541813 3.09953569774361348266
11660 605.221000 -0.360247022467262922873 -0.0324465379724270114314 -0.0613997695803023685324 -0.0113628118702206962892 -0.00712652128335775937595 0.999910045554498805309 3.09953206412553416982
11661 605.228000 -0.360246831901874287052 -0.0324443440439947869414 -0.0613996445392281930964 -0.0113629182820624667627 -0.00712803997525896220616 0.999910033520129415407 3.09952694115200699798
11662 605.233000 -0.360246696566589363897 -0.0324427776246611343502 -0.0613995578468687769336 -0.0113629885008925905071 -0.00712910831563183002013 0.99991002510573545603 3.09952326851572923516
11663 605.239000 -0.360246528687208245056 -0.0324408913569434464996 -0.0613994575010229359791 -0.0113630802509996579192 -0.00713038914631597929572 0.99991001493025932767 3.09951884981150627141
11664 605.246000 -0.360246330835222006161 -0.0324386882510784776978 -0.0613993418621526787504 -0.0113631990376317944247 -0.00713189398429184186895 0.999910002848170442746 3.09951368236193758321
11665 605.252000 -0.360246154673694696235 -0.0324367895668146305477 -0.0613992453829648870967 -0.0113633236208258037864 -0.00713320482896266129524 0.999909992081865706126 3.09950922523652927509
11666 605.259000 -0.360245954880596574998 -0.0324345830299227061433 -0.0613991303348436628928 -0.0113634383093329221354 -0.00713470595196626089507 0.999909980068590553692 3.09950404237058929624
11667 605.266000 -0.360245755170532255818 -0.032432375583385721074 -0.0613990138562822695967 -0.0113635474464582261755 -0.00713620718735852570952 0.999909968115335612282 3.09949885652123358071
11668 605.271000 -0.360245614452279538931 -0.0324308023780464915742 -0.0613989278814015548846 -0.0113636190599635221454 -0.00713728309296395892203 0.999909959622320654304 3.09949516937255120652
11669 605.280000 -0.360245358699109285983 -0.0324279599129106699262 -0.0613987730948674301223 -0.0113637430557777963785 -0.00713921493282513707629 0.999909944421948915227 3.09948848776520469173
11670 605.288188 -0.360245140671073382777 -0.0324254455625711604516 -0.0613986275562597993982 -0.0113638157218612576016 -0.00714091594481327564259 0.999909931449682432003 3.09948258950819521829
11671 605.298000 -0.360244862615345662338 -0.0324222895169104727287 -0.0613984409705237293986 -0.0113639388892198666542 -0.00714310308354428567801 0.999909914427924761959 3.09947520351195748844
11672 605.306000 -0.360244645123505624618 -0.0324197660162850800902 -0.0613982870322156426557 -0.0113640120163887737431 -0.00714484039911418480212 0.999909901184382943207 3.09946929857843489486
11673 605.315000 -0.360244404085200475851 -0.0324169252502162844043 -0.0613981092968519798214 -0.0113640823483448175774 -0.00714679689456926368202 0.999909886403033687508 3.09946265026524514496
11674 605.324000 -0.360244173979412940501 -0.0324140965619342594217 -0.0613979230422226351926 -0.0113641258115520851768 -0.00714875121736998665745 0.99990987193875202621 3.09945604453736978101
11675 605.333000 -0.360243939035788385272 -0.0324112545356945447317 -0.0613977362218883215839 -0.0113641874739920222676 -0.00715073338061690023937 0.999909857064713247787 3.09944942041799365029
11676 605.342000 -0.360243708134506124274 -0.0324084101967870644168 -0.0613975479064772372562 -0.0113642372337233073243 -0.0071527069500939436178 0.999909842383493008278 3.09944278152137320248
11677 605.351000 -0.360243486155385372882 -0.0324055728534494089099 -0.0613973558260494586825 -0.0113642580604560259477 -0.0071546565694820480133 0.999909828198577210756 3.09943615598035648873
11678 605.360000 -0.36024325945849700048 -0.0324027235925384710091 -0.0613971643209001854968 -0.0113643167770919612664 -0.00715665216382100830006 0.999909813250173140631 3.0994295097134973993
11679 605.369000 -0.360243032977844712672 -0.0323998680722082724182 -0.0613969750693002525033 -0.0113643675039178920078 -0.00715863204075712147856 0.999909798501115276714 3.09942284302195636414
11680 605.378000 -0.3602428077929904493 -0.032397006974321414241 -0.0613967875771311705213 -0.011364416701243129984 -0.00716060172353804452738 0.9999097838385208048 3.09941614475716731292
11681 605.387000 -0.360242589560254178327 -0.0323941532005667456873 -0.0613965980788474530172 -0.0113644523862415913751 -0.00716256100354398933527 0.999909769400134984529 3.09940946450162302384
11682 605.396000 -0.360242362629934087526 -0.032391282036314465731 -0.0613964136148037881169 -0.0113645174652053509989 -0.00716454071955679398093 0.999909754477403156514 3.09940274440068330719
11683 605.405000 -0.360242136290936598719 -0.0323884055385871075239 -0.0613962320974886024971 -0.0113645793515198528095 -0.00716650585272091567718 0.999909739691551391338 3.09939599316725411526
11684 605.414000 -0.360241916042194076919 -0.0323855342525857514691 -0.0613960499724444108693 -0.0113646184404015554437 -0.00716844280257538084972 0.999909725362990164932 3.09938924517513747503
11685 605.423000 -0.360241688990306674345 -0.0323826505707426673397 -0.0613958702679717124862 -0.011364699048200022774 -0.00717042333218878211176 0.999909710246270622136 3.09938247283922274633
11686 605.432000 -0.360241460846197569801 -0.0323797614083187815237 -0.061395693470190138008 -0.0113647730700854182606 -0.0071723875129723136182 0.999909695317746760601 3.09937568272588626073
11687 605.440000 -0.360241259215444920017 -0.0323771917110003693008 -0.0613955370227002791839 -0.0113648366051471334803 -0.00717412694715120150685 0.999909682117082199149 3.09936963461380088347
11688 605.449000 -0.36024103813948110675 -0.0323743070778184718894 -0.0613953596894231956593 -0.0113648851760985263037 -0.0071760590637980582393 0.999909667700661253242 3.09936284183436194795
11689 605.457000 -0.360240837677707925746 -0.0323717357084739240647 -0.0613952029029264934046 -0.0113649581136519729069 -0.00717781126554726828931 0.999909654295082273023 3.09935679143341813457
11690 605.467000 -0.360240624171649759244 -0.0323687002942652998771 -0.0613950165263994207532 -0.0113650222836919698871 -0.00717982406597999448655 0.999909639114891501954 3.09934960781057311507
11691 605.475000 -0.360240383415264764366 -0.0323659393276952284113 -0.0613948537388933901493 -0.0113651182797969117766 -0.00718174006782510473273 0.999909624264155527662 3.09934315990450226508
11692 605.484000 -0.360240164597149636894 -0.0323630499522128758927 -0.0613946768919474278325 -0.0113651681032260823412 -0.00718367378370942701038 0.99990960980728393892 3.09933635863425838153
11693 605.493000 -0.360239940350992216 -0.0323601520383919177837 -0.0613945005528431092534 -0.0113652555945677920246 -0.00718565375505910656356 0.999909594586121830417 3.09932954886962841456
11694 605.502000 -0.360239716295513712208 -0.032357251965540005656 -0.0613943254951497263683 -0.0113653329415637667499 -0.00718761936007094974499 0.999909579579604801403 3.09932273429079607752
11695 605.510000 -0.360239519219261561389 -0.0323546747875231022196 -0.0613941695177606591716 -0.0113653967914581609938 -0.00718936108792814915214 0.999909566332335963956 3.09931667243991659788
11696 605.519000 -0.360239337960486960544 -0.0323519546546865641168 -0.0613940018416889929376 -0.0113654395425604338304 -0.00719114409606144006082 0.999909553024969310897 3.09931021959252328557
11697 605.527000 -0.360239109361008669197 -0.0323492071235431388754 -0.0613938342575253981348 -0.0113655123489154290251 -0.0071930508676886781641 0.99990953848248764757 3.09930381224642337301
11698 605.536000 -0.36023888811580312419 -0.0323463041635573891885 -0.0613936580635492876179 -0.011365590036191648704 -0.00719502287940120173471 0.999909523411440459562 3.09929699387578061476
11699 605.544000 -0.360238693630340334195 -0.0323437239257705760886 -0.0613935016022815957526 -0.0113656508531039465715 -0.00719676548465461498466 0.99990951017941820389 3.09929092447004794764
11700 605.553000 -0.360238475126278656635 -0.0323408176696158636276 -0.0613933262158329329239 -0.0113657176256934683983 -0.00719872084948286992956 0.999909495344945886686 3.09928407738306876951
11701 605.562000 -0.360238264162142440838 -0.0323379222048497116937 -0.0613931469879812410917 -0.0113657664060548575097 -0.00720066729267809530618 0.999909480775406533937 3.09927726079300880357
11702 605.571000 -0.360238045329337008837 -0.0323350126906068527366 -0.0613929707441996513895 -0.0113658397763277754788 -0.00720263589525934125324 0.99990946576294548187 3.09927041656696511396
11703 605.580000 -0.360237867689780610903 -0.0323322833260528061383 -0.0613928030410971908859 -0.0113658776442293919795 -0.00720441950685334325105 0.999909452483046301552 3.09926393415175205348
11704 605.588000 -0.360237636258144533485 -0.0323295119814963269333 -0.0613926389541140579698 -0.0113659601688957979937 -0.00720632681244056175207 0.999909437800899802973 3.09925744427406124615
11705 605.597000 -0.360237465828701031167 -0.0323267896419498351746 -0.0613924686848451167664 -0.0113659711229995834952 -0.00720808395818837554375 0.999909425011127006577 3.0992509728685666559
11706 605.605000 -0.360237235161745550371 -0.0323240164942251856361 -0.0613923028357181155279 -0.0113660661757631984564 -0.00721001361732316169845 0.999909410018390731878 3.09924448678845632088
11707 605.613000 -0.360237043841720061543 -0.03232142314506901426 -0.0613921461650137750832 -0.0113661233165181230209 -0.00721175335730749652446 0.999909396822665663684 3.09923837104955790522
11708 605.621000 -0.360236853168623305521 -0.0323188284771077222191 -0.0613919897698720420931 -0.0113661787825801458701 -0.0072134896739404191085 0.999909383667643258953 3.09923224720149859124
11709 605.630000 -0.360236678178989022658 -0.0323160878198096648828 -0.0613918223221901204756 -0.0113662140933221411654 -0.00721526833078308532654 0.999909370433190614058 3.09922572295117371155
11710 605.638000 -0.360236488868918569572 -0.0323134889079773474085 -0.0613916658117049165999 -0.0113662679150820997154 -0.00721699964698052816303 0.999909357326841941038 3.09921958058606294983
11711 605.646000 -0.360236305617419427794 -0.0323109041982609368482 -0.061391507143213640274 -0.0113662979900107669745 -0.00721871120100936632114 0.999909344630101282192 3.0992134791013730144
11712 605.654000 -0.360236077518106878603 -0.0323081255815894016759 -0.0613913416431725450506 -0.0113663934446919332594 -0.00722063805897046277066 0.999909329632483245831 3.09920697432755476441
11713 605.662000 -0.360235888672523762999 -0.0323055270116593545859 -0.0613911854319959121584 -0.0113664514615620017984 -0.00722237596682721253588 0.999909316421527138985 3.09920084219869140796
11714 605.670000 -0.360235700526019053669 -0.0323029280829718878909 -0.0613910296498376417684 -0.0113665081987161711158 -0.00722411054689461873402 0.99990930324613691571 3.09919470543941777407
11715 605.678000 -0.360235552319486784789 -0.0323005095361359323425 -0.0613908817525702643625 -0.0113665367469986920701 -0.00722567216794023272491 0.999909291638046759942 3.09918894266916833402
11716 605.686000 -0.360235326063232941252 -0.0322977290402901157096 -0.0613907187878175719664 -0.0113666199938325558627 -0.00722757319646148959497 0.999909276952467118704 3.09918242019051204394
11717 605.694000 -0.360235145612270990512 -0.0322951397977775042647 -0.0613905611474473145162 -0.0113666517484706866559 -0.00722928211436537574569 0.999909264237580641677 3.09917630521743303618
11718 605.703000 -0.36023497530237746922 -0.0322923977086372535061 -0.0613903930579994677741 -0.0113666953023703019843 -0.00723107119183282343738 0.999909250805952720675 3.09916977830685080875
11719 605.711000 -0.360234748961846318327 -0.032289615917346040086 -0.0613902307296604193843 -0.0113667886969096090799 -0.00723298550628731669321 0.99990923589863167642 3.0991632672056708131
11720 605.720000 -0.360234578417762241198 -0.0322868693014264074304 -0.0613900651421375592731 -0.0113668270114934966131 -0.0072347625380632298725 0.999909222607086811685 3.09915672718527090979
11721 605.728000 -0.36023435424858274434 -0.032284088883031407391 -0.0613899033335520150079 -0.0113669103665280206428 -0.00723665955335883997329 0.999909207932014321152 3.09915020162682441907
11722 605.737000 -0.360234152689071163156 -0.0322811740379649880772 -0.0613897267569852023161 -0.0113669572548253071387 -0.00723859329957139956829 0.999909193401986140515 3.09914331328441106095
11723 605.745000 -0.360233967390618525783 -0.0322785732480338413697 -0.0613895722291690065786 -0.0113670186823423540606 -0.007240329010006804622 0.999909180136927422389 3.09913717073677341673
11724 605.754000 -0.36023375876464441836 -0.0322756456078825623712 -0.0613893993496876927418 -0.0113670857460173076875 -0.00724227721126906136273 0.999909165265744470652 3.09913025345206083472
11725 605.763000 -0.360233590252908963958 -0.0322728959667504949893 -0.0613892345199852640381 -0.0113671216851542120074 -0.00724404826365594809584 0.999909152027997460976 3.09912369649047070297
11726 605.771000 -0.360233374157409191874 -0.032270125195271316676 -0.0613890704871575265678 -0.011367177945305917755 -0.00724591794903647022641 0.999909137841351935982 3.09911718973765237806
11727 605.780000 -0.36023320714307333068 -0.0322673787075684129211 -0.0613889034523368917751 -0.0113672189855188975061 -0.00724770030192690463411 0.999909124457252107554 3.09911064167536798308
11728 605.787000 -0.360233008218940997658 -0.0322649220569398570424 -0.06138876086148563338 -0.0113672985752749124144 -0.00724938625388295895119 0.999909111330646083182 3.09910488476764189869
11729 605.796000 -0.360232840566505452262 -0.0322621715104437628563 -0.0613885953325384592372 -0.0113673348806116805698 -0.00725115940029530305772 0.999909098060950518594 3.09909832797521556103
11730 605.804000 -0.360232619388278496597 -0.0322593889144295389859 -0.0613884339533775844067 -0.0113674161118184763319 -0.00725305133277558914534 0.999909083415739807776 3.09909179066746132136
11731 605.812000 -0.360232437768245705723 -0.0322567851251988613193 -0.0613882798906939114447 -0.0113674680482735539211 -0.00725477069943548068254 0.99990907035203469011 3.09908562189775649287
11732 605.820000 -0.360232262613040921106 -0.0322541918146194983574 -0.0613881233045683386007 -0.0113674956498161817964 -0.00725646838323085272698 0.999909057719377991624 3.09907948206981576078
11733 605.829000 -0.360232058300369750725 -0.0322512631415997896855 -0.0613879487212353955328 -0.0113675682853032616881 -0.00725842393760172798628 0.999909042699995254111 3.09907255266067238608
11734 605.836000 -0.360231900931844928326 -0.0322489864652385493926 -0.0613878133450290255912 -0.0113676126738476348382 -0.00725992850216702987481 0.999909031272465775864 3.09906716177148577884
11735 605.844000 -0.360231720101074570639 -0.0322463830325009706557 -0.0613876590442250305579 -0.0113676671588106240757 -0.00726165170741374394608 0.999909018140073935221 3.09906100052444610782
11736 605.852000 -0.360231539894684094083 -0.0322437797088022393144 -0.0613875050650980191858 -0.011367719990071073824 -0.00726337125246295876174 0.999909005050097721146 3.09905483542934279129
11737 605.860000 -0.360231360251689558538 -0.0322411763932299519353 -0.0613873512527418202511 -0.0113677718822179068398 -0.00726508810541069433714 0.99990899198739802145 3.09904866674477252886
11738 605.869000 -0.360231196765707251117 -0.0322384216832809072928 -0.0613871862411259627823 -0.0113678036559638016151 -0.00726684831924158999156 0.999908978835346129443 3.09904208341232356716
11739 605.877000 -0.360230986141489184504 -0.0322356558542585686089 -0.0613870214388312976372 -0.0113678649760784716144 -0.00726872296208833437725 0.999908964512462916652 3.09903558525118594247
11740 605.885000 -0.360230806720446328217 -0.0322330535450281868703 -0.0613868674073554526638 -0.0113679223260946711538 -0.00727044651185230518531 0.999908951329822937026 3.09902942536945102958
11741 605.894000 -0.360230604695719824893 -0.0322301249912590320745 -0.0613866951640963456893 -0.0113679852180229076092 -0.00727238110310202134912 0.999908936546310855853 3.09902249136767604654
11742 605.902000 -0.360230426701484085505 -0.0322275232315937382177 -0.0613865420196458982938 -0.0113680370007418034273 -0.00727409421203017991786 0.999908923496607315862 3.09901632399495152725
11743 605.910000 -0.360230249132553637104 -0.0322249216173460181767 -0.0613863889402536597184 -0.0113680879871336914383 -0.00727580522685981022357 0.999908910468257472459 3.0990101542540409163
11744 605.918000 -0.360230077951176119733 -0.0322223309430747298365 -0.0613862334860351271937 -0.0113681148008645069997 -0.00727749441179812404934 0.999908897870681379061 3.09900401469877007088
11745 605.926000 -0.360229901644215533274 -0.0322197322186356036045 -0.061386079369157790786 -0.0113681735194037635689 -0.00727921821296952011732 0.999908884655517415929 3.09899785585955633849
11746 605.934000 -0.360229723956302483323 -0.0322171319389797927712 -0.0613859260781772497761 -0.0113682303594375682526 -0.00728093692104982061902 0.999908871495821083286 3.09899169722806266947
11747 605.942000 -0.360229546832720015637 -0.0322145320831503309544 -0.0613857731253032307128 -0.011368284030327214032 -0.00728265099664689684322 0.999908858402937972265 3.09898553806624832418
11748 605.950000 -0.360229370246743729744 -0.0322119325282537519173 -0.0613856204894543122652 -0.0113683359114035587717 -0.00728436118819394094748 0.999908845355758191253 3.09897937523350419653
11749 605.959000 -0.36022917157315259562 -0.0322090064346961454933 -0.0613854494734338701489 -0.0113683934488507734639 -0.00728627982734549126814 0.999908830722416208658 3.09897242896649638411
11750 605.967000 -0.360229002022545541362 -0.0322064178674913367817 -0.0613852944458586208265 -0.0113684191646704849804 -0.00728796380316792512949 0.999908818157585699282 3.09896629024079928172
11751 605.975000 -0.360228827344991120452 -0.0322038213008490267764 -0.0613851406699363541519 -0.0113684766748205889203 -0.00728968234023261857368 0.999908804976469944847 3.09896013231102651631
11752 605.983000 -0.360228651290539103602 -0.0322012232558757244272 -0.0613849876471160432745 -0.0113685322330910262845 -0.0072913957564145126175 0.999908791851931044725 3.09895397481537315798
11753 605.992000 -0.360228453019189376327 -0.0321982996394672635332 -0.0613848163915126365797 -0.0113685928692688065222 -0.00729331879004679276696 0.999908777137794468892 3.09894704367952211754
11754 605.999000 -0.360228300880990559563 -0.0321960286460789280039 -0.0613846824256247328155 -0.0113686351034746491867 -0.00729480940018452199414 0.999908765784008446431 3.09894165618669914508
11755 606.008000 -0.360228142052992139632 -0.032193280400223477089 -0.0613845190925568565121 -0.0113686653694635847467 -0.00729655833174597256985 0.999908752679077417191 3.09893508076794255146
11756 606.016000 -0.3602279362235536464 -0.0321905197411072180325 -0.061384356649083079982 -0.0113687155391515356401 -0.00729840074661307607745 0.999908738662449891876 3.09892857704490509718
11757 606.024000 -0.360227763244571508316 -0.0321879261637973840271 -0.0613842029971322922233 -0.0113687717896125157352 -0.00730011399971117365404 0.999908725516277741008 3.09892242283957397575
11758 606.033000 -0.360227566010039024214 -0.0321850055972846271768 -0.0613840313712388230272 -0.0113688359282810066281 -0.00730203889329001862296 0.99990871073195297658 3.09891550060178699866
11759 606.041000 -0.360227392546403346607 -0.0321824114919963821801 -0.061383879059983992299 -0.0113688855288862338683 -0.00730373927458227364951 0.999908697749169461666 3.09890934429009190509
11760 606.050000 -0.360227197395340592578 -0.0321794918937636231782 -0.0613837084164258403596 -0.0113689405783516939152 -0.00730564688246525435755 0.999908683187497038247 3.0989024065541856956
11761 606.058000 -0.360227030980931672843 -0.0321769094483366074888 -0.0613835537546970899658 -0.0113689641916708446268 -0.00730732108013571780847 0.999908670685398237588 3.09889627661114364088
11762 606.067000 -0.360226836395331762031 -0.0321739938922106713526 -0.061383381405570654199 -0.0113690323872158681462 -0.00730924990380944338692 0.999908655812330682267 3.0988893606197316366
11763 606.076000 -0.360226679379524683533 -0.032171251824322268098 -0.0613832179310877731893 -0.0113690635495772660729 -0.00731099673354980265916 0.999908642687304616281 3.09888280348658007313
11764 606.084000 -0.360226469541634342075 -0.0321684869778089826964 -0.061383058774199236729 -0.0113691391001058995924 -0.0073128564732517472094 0.999908628228761586776 3.09887628822335514656
