31653 494.341000 -0.500153714162850371316 -0.00632766097285328808775 -0.102528390888181553109 0.00328203413966776441288 -0.0332965783410439641887 0.999440126332080458482 3.11265383069926704351
31654 494.345000 -0.500153926717234464938 -0.00632134807966724075745 -0.102538306949898377907 0.00325444005691959831195 -0.0333052781556571614319 0.999439926692390234741 3.11264079649130875893
31655 494.350000 -0.500144167282099205707 -0.00664453668258447455175 -0.102555167556154624986 0.00325051729829452717632 -0.0338477965372421113477 0.999421713195619454417 3.11358581629495523302
31656 494.354000 -0.50015105853325725338 -0.0063189232688085333195 -0.102529750031349620176 0.003233420430131726548 -0.0332782509518767116719 0.999440895203866475072 3.11256696327096893384
31657 494.357000 -0.500151065470571198901 -0.00631624821854391040044 -0.102525959191027207784 0.00322893571528879742838 -0.0332751235257446875693 0.999441013831478208829 3.11254878261706213749
31658 494.364000 -0.500144987388213779766 -0.00662955056681278909192 -0.102537118401062318784 0.00323472387610471709754 -0.0338357915907891923513 0.999422170941224430329 3.113499670597147162
31659 494.371000 -0.500157811218950199006 -0.00630888991866846837037 -0.102492209882152671141 0.00324253925912929398881 -0.033289915033724297444 0.999440477215226885654 3.11251984970361217364
31660 494.377000 -0.500153730523968942379 -0.00625980530116840641619 -0.10249861221869406569 0.00323713355777597265595 -0.0332871353182379176028 0.999440587323045748214 3.11237583540923079539
31661 494.384000 -0.500150121010643267105 -0.00659141254569138232422 -0.102485890037240109929 0.00327744349206562750332 -0.0338430502154648607527 0.999421785992415601108 3.11335222455953486431
31662 494.390000 -0.50016249017908120944 -0.00626156671759485299045 -0.102443506737478554069 0.00329507792304451797849 -0.0333017229396135316932 0.999439912006086617069 3.11234931230991218598
31663 494.397000 -0.500164711216311563824 -0.00622196260240917217721 -0.102431040391999544914 0.00332476741271334457622 -0.0333278262405108036126 0.999438943567706794546 3.11224718170765024539
31664 494.403000 -0.500167954403729075885 -0.00621017702220660709755 -0.102410370556561394761 0.00335586366295192225356 -0.0333376674728322955343 0.999438511418559771826 3.11219970755111674521
31665 494.409000 -0.500170530025839443766 -0.00619356592822832650175 -0.102391470560841690851 0.00338112212667787768311 -0.0333576158077534615232 0.99943776068386924738 3.1121500426688806229
31666 494.416000 -0.500170496550435661476 -0.00653445060488155177181 -0.102373070630970508521 0.00344986075962060287012 -0.033917425728681470376 0.999418684382415656309 3.11314046046927384026
31667 494.423000 -0.50018027219767469127 -0.00620251539065393413946 -0.102330899346974452113 0.00347630782667768300012 -0.0333717374405435099338 0.999436962706549913982 3.11210804939286544979
31668 494.430000 -0.500177645903909118275 -0.00614728616935304467833 -0.102339807453326686604 0.00347342198933209018313 -0.033404531074024912396 0.999435877204439937493 3.11199205104646825504
31669 494.437000 -0.500175658194855432548 -0.00648825056207254832058 -0.102331562495616326669 0.00353192597791151478154 -0.0339633375307689805433 0.999416838562697806836 3.11299407871206135212
31670 494.444000 -0.500183355466375934029 -0.00615784554828429416679 -0.102300124287202129358 0.00354716164015527130396 -0.0334171958003012734006 0.999435194832132611786 3.1119797776010349466
31671 494.451000 -0.500179195114875518868 -0.00610791142186489777188 -0.102318974463473266745 0.00353826560699417288006 -0.0334422935800161372222 0.999434386879200054032 3.1118815937875510258
31672 494.458000 -0.500171570164785084245 -0.00644024015414757303177 -0.102327270887896407126 0.00356676457354097344032 -0.033994321861642237681 0.99941566141002802226 3.11287404515779053682
31673 494.465000 -0.500184266167119195856 -0.0061289798557287488226 -0.102294981413072152976 0.00358473036276169172709 -0.0334709944052918942359 0.999433260524056787943 3.11195593577265805507
31674 494.471000 -0.500180014171446862825 -0.00611146103393003618798 -0.102301719362094784005 0.00358883425765364359392 -0.0334675055582766070583 0.999433362631235167051 3.11190461970126586166
31675 494.478000 -0.500174035360978486153 -0.00606196072944605209021 -0.10232971945581918749 0.00356109487722127988213 -0.0334957186766669315348 0.999432516698155581913 3.11183110868880330457
31676 494.484000 -0.500172540018691047514 -0.00605455078417552368386 -0.102334874004422538007 0.00356106907538959564785 -0.033504289318878027748 0.999432229510474279266 3.11182838311344367455
31677 494.491000 -0.500164341161188352736 -0.00639553325299647111579 -0.102348958575090728806 0.00358210879039325179665 -0.0340481009167545797811 0.999413775830899853148 3.11284038935059381714
31678 494.498000 -0.500171222628057465798 -0.00603659582929889915182 -0.102349650760185845177 0.00355682468445143876515 -0.0335341589115707439106 0.999431242849780798743 3.11183733696063891117
31679 494.504000 -0.50016790156721269156 -0.00603688841077314099909 -0.102353261693959141088 0.00354854968349464826652 -0.0335306666233004257993 0.999431389436483907929 3.11184118303407997175
31680 494.511000 -0.50016337764084617401 -0.00638893406870026485389 -0.102360549191931909929 0.00357579225489379481928 -0.0340808668295811967308 0.999412681641519973219 3.11289072870170890894
31681 494.518000 -0.500172496363192720104 -0.00607337402423412369562 -0.102335940989073337359 0.00356569348208562965016 -0.0335360714871313012053 0.999431147072774472839 3.11194604907494021262
31682 494.525000 -0.500164398734802673196 -0.00602281672026510044721 -0.102364747934294841869 0.00353079288358948114104 -0.0335376034222071919833 0.999431219573567286574 3.11182783449981270607
31683 494.532000 -0.500165450481940832006 -0.00604586301149042694425 -0.102354681789976573181 0.00352666638399605058413 -0.0335306962214110895748 0.999431465902051563432 3.11188029398371268641
31684 494.539000 -0.500162981818473850737 -0.00601506575406257366218 -0.102368284048408059173 0.00351101024589104467738 -0.0335462286151050476102 0.999430999795761887405 3.1118216263523872378
31685 494.546000 -0.500155602457855508192 -0.00635758235920310180167 -0.10237716755625268783 0.00351757713266569356503 -0.034086903775720579779 0.999412682350039327517 3.11283052965494855258
31686 494.553000 -0.500163827727213128327 -0.00600080421673099793922 -0.102370809890158342981 0.0034877073834454520862 -0.0335656540439672676501 0.999430429177443180322 3.11181282958834470875
31687 494.560000 -0.500158601424356086262 -0.00635941748219675476866 -0.102370540879036478477 0.00350997824640358370429 -0.0341027566024112716025 0.999412168249329657677 3.11284695623043772272
31688 494.568000 -0.500161842343523344034 -0.00599869802115879108967 -0.102364626040330031209 0.00347695361215720390863 -0.0335510983100008181035 0.999430955392002884352 3.11177230896744738686
31689 494.575000 -0.500154945504985848359 -0.00634026953335281237556 -0.102371023413309128469 0.00348778447981698503863 -0.0340924618157356223991 0.999412597182347428593 3.11277234307690653381
31690 494.581000 -0.500165674475871568916 -0.00602898099607664193084 -0.102338809986900314275 0.00349136513659962502074 -0.0335373466620275464956 0.999431366702263290769 3.11180619664299618066
31691 494.589000 -0.500155033679061444829 -0.00633248717250716169208 -0.102367036038473427362 0.00348137072592852531497 -0.0340957743170744592698 0.999412506541512035696 3.11274233146172418785
31692 494.595000 -0.500154983044898471256 -0.00632812251199871018265 -0.102365252155318969818 0.00348017028394136248778 -0.0340980277856091987254 0.999412433840967784349 3.11272706610711979991
31693 494.602000 -0.500168695858532408316 -0.00602257211613026199881 -0.102329071457438330883 0.00348914468945746162123 -0.0335625521314716207533 0.999430528332889367427 3.11180415565595858141
31694 494.608000 -0.500165507897433414541 -0.00601033080686703448381 -0.102331680406591296606 0.00348745541339497795372 -0.0335501315854457859977 0.999430951254432042852 3.11174541417284311606
31695 494.615000 -0.500154999825935586699 -0.00631599832439480937674 -0.102359260805706647757 0.00348630456458638325265 -0.0340978297220759993258 0.999412419218776548746 3.11267722549004099974
31696 494.622000 -0.500168591088730463134 -0.00601031347822826057803 -0.102325667730410671541 0.00349637558108365203297 -0.0335721476035469451604 0.999430180784571686736 3.11176821236439815621
31697 494.629000 -0.500161056923439595323 -0.0059575099670638705443 -0.102351580721008403319 0.00346823408285424662767 -0.0335796356389363795381 0.999430027276899002331 3.11164716256864348765
31698 494.636000 -0.500158134181978852872 -0.00631017727071869760636 -0.102352586603938866538 0.00350862680873706075935 -0.0341300867262162715976 0.999411240039843717931 3.11268629183835798813
31699 494.642000 -0.500158071820768768134 -0.00630611437630363303591 -0.102351952402823340171 0.00351350533688679330172 -0.0341342753410153743054 0.999411079850124450807 3.11267823576929858476
31700 494.649000 -0.500168265030407455107 -0.00599173399993579384321 -0.102322677353639937547 0.00351661061537511315453 -0.0335906681777233817598 0.999429487488313950116 3.11172944111847149529
31701 494.656000 -0.500161238952276265834 -0.00594164264308992377817 -0.102347548187510600792 0.00349759299515485120799 -0.0335935987990528747704 0.999429455721097204091 3.11160831512261282228
31702 494.662000 -0.500160822204813282355 -0.00593543159801396963404 -0.102348011819476072959 0.0034958371850823126599 -0.0336034375659536171943 0.999429131107416934832 3.11160776111552772605
31703 494.669000 -0.500165377624461782169 -0.00597262425323517257697 -0.102324130180291864023 0.00353425740713959879447 -0.0335885732402293329946 0.999429495648525345608 3.11167022502443213483
31704 494.676000 -0.500161102960652304006 -0.00592869320845554152732 -0.102346898606877970139 0.00350768760597675467033 -0.0336153931102008973753 0.999428687537888160719 3.11160902008353801307
31705 494.683000 -0.50015489377282473793 -0.00627347729866462294063 -0.1023531330835278641 0.00353637307796273760163 -0.0341562017788215391279 0.99941025007025918736 3.11262168946602368891
31706 494.688000 -0.500161712360808863309 -0.00592443495877590514676 -0.102343638103971526498 0.00352328893966500191273 -0.0336194314007120798049 0.999428496825731205178 3.11160043380661965884
31707 494.692000 -0.500158551038476173467 -0.00627756400873477962699 -0.102345867197996154285 0.00355311860865965617115 -0.0341735144577084773432 0.999409598842117108397 3.11265361627906322894
31708 494.699000 -0.500168902787824443124 -0.00596375442579147579253 -0.102315875078542797838 0.00355384335267119703949 -0.0336295924895918738051 0.999428046787966040121 3.11170784132503275288
31709 494.705000 -0.500163739044081401275 -0.0059091816269874371248 -0.102343420110284244462 0.00352577073414902467802 -0.0336493376043002154208 0.999427481621113944499 3.1116050984642620314
31710 494.710000 -0.500169187396832137793 -0.00596006691405064504413 -0.102313506397575165741 0.00355824819516323189589 -0.0336362205793187679648 0.999427808065655676195 3.11170702190676351506
31711 494.714000 -0.500161834294875040641 -0.0059093653536456645925 -0.102340434513488259816 0.00352448435794359233794 -0.0336423976787156575607 0.999427719791900481816 3.11159598628612465987
31712 494.720000 -0.50016187967522940383 -0.00590641826558993120883 -0.102339239499468409589 0.00352470928183803381556 -0.0336459733896797424935 0.999427598627904312245 3.11159238798727377784
31713 494.725000 -0.500169355219223010778 -0.00595151179185677940697 -0.102311382185260008049 0.00355795625467114672372 -0.0336458927173978045166 0.999427483537719818507 3.11169669654385794288
31714 494.730000 -0.500159095154005250983 -0.00625853652083472981882 -0.102339209790171636882 0.0035589541387104103691 -0.0341967454611502089112 0.999408783454149851622 3.11263133818446435797
31715 494.737000 -0.50016260821267188863 -0.00590519939492506994172 -0.102333824940856354946 0.00353367539065721839031 -0.0336437316891098070482 0.999427642431539253742 3.11157578104379117789
31716 494.744000 -0.50015564073265905698 -0.00624379134480943041169 -0.10234344842257522834 0.00354502895067277355723 -0.0341926391636608456581 0.999408973442185266656 3.11258724463222824497
31717 494.751000 -0.500169149471556218067 -0.00593936074079342950227 -0.102308716220826267929 0.00355121476818761987182 -0.0336581299740503214757 0.999427095470360016272 3.11167415969770555506
31718 494.759000 -0.500155164512145145039 -0.006235506914576994901 -0.102342449304433966151 0.00353885552327121979607 -0.0341985657360551545403 0.999408792538459600507 3.11256643169445990083
31719 494.763000 -0.500160565538785184536 -0.00587833903044034621066 -0.102343615320507258515 0.00350242786590867051857 -0.0336750717126704582349 0.99942669693389263319 3.11154359290735849086
31720 494.769000 -0.500161189587006060897 -0.00588414852252098705132 -0.102335745238411227054 0.00350952180698954792348 -0.0336701433164049643287 0.99942683809558519048 3.11154933019403534544
31721 494.775000 -0.500160764538586488648 -0.00588051782491159306249 -0.102335951288747423193 0.00350688006906897447798 -0.0336694457889851542221 0.999426870867720862357 3.11153741807778683182
31722 494.782000 -0.500157626054960613438 -0.00623415316589463752717 -0.102338026005489607373 0.0035391292812772959589 -0.0342175991894173026076 0.999408140085742302539 3.11257668818914412512
31723 494.790000 -0.500160393586888796236 -0.00587454885786299271788 -0.102335424726640533688 0.00350907421236287212635 -0.0336695337192891366862 0.999426860204036149327 3.1115105047557549689
31724 494.797000 -0.500161921016590405031 -0.00589849696333501725964 -0.102323846325047235206 0.00351258137833299977429 -0.0336618999896037551789 0.999427105026249984476 3.11155909566624755413
31725 494.804000 -0.500159351598622681223 -0.00586715514361606585436 -0.102338379516698857463 0.00349675807802497795596 -0.0336827009186459191969 0.999426459696644564623 3.11150685710574315124
31726 494.810000 -0.500158909065480550282 -0.00586364462267115540972 -0.102338868434695237641 0.00349574436383853033236 -0.0336822849717997446772 0.999426477261044388101 3.11149658614127622158
31727 494.817000 -0.500155824105564916771 -0.00621756304921602595548 -0.102341033217190957583 0.00353025514162361468348 -0.034231047888561259851 0.999407710926369818871 3.11253865465731127671
31728 494.824000 -0.500162613831346525295 -0.00589636276573898485132 -0.102316760847639465215 0.00352510847761231503605 -0.0336705405715974209757 0.999426769857520658213 3.11154779655753399581
31729 494.830000 -0.500162375887201471336 -0.00589328992824609404488 -0.102316872789390375664 0.00352524786576142263803 -0.033673104005067844291 0.999426683000883664398 3.11154102572770652202
31730 494.837000 -0.50015545462282884337 -0.00620966722667577568362 -0.102339894982099652299 0.00353330416620189092375 -0.0342355772265252114583 0.999407545005357667023 3.11252163352705846222
31731 494.843000 -0.500155062171471875843 -0.00620631140445776583597 -0.102341852023903889801 0.0035320054962543171069 -0.0342427442676724799742 0.999407304056856182761 3.1125206858720209091
31732 494.850000 -0.500162043481579443593 -0.00588537473527319353328 -0.102316953453807202301 0.00352853547993678710523 -0.0336829995995161085576 0.999426337943595477498 3.11153330803895356027
31733 494.858000 -0.500151380604930917428 -0.00618996522732362906838 -0.102346323100898681235 0.00352419995077494141097 -0.0342395286636813164782 0.999407441783177863392 3.11247359462061945479
31734 494.865000 -0.500165008622154405593 -0.00588584178566541136451 -0.102311375222443795563 0.00353491261490726472669 -0.033704997572518997917 0.999425573782981357951 3.11156232888015749083
31735 494.871000 -0.500156919672516409037 -0.005828517000249269428 -0.102345849091110940865 0.00349390477386078484798 -0.0337209024587710529119 0.999425181475230406392 3.11144557747016170524
31736 494.878000 -0.500155082752662627499 -0.00619131040084742578083 -0.102338945267685457741 0.00354088697136383315223 -0.0342630797043094320609 0.99940657566809720791 3.11250333338170470654
31737 494.886000 -0.500158283648822643563 -0.0058322701584926483348 -0.102334319526369010855 0.00351622413190706565103 -0.0337141456264580044455 0.999425331154124796385 3.111441926217532572
31738 494.893000 -0.500155201291882289816 -0.00618437695290798006287 -0.102335954512619523027 0.00354568477978426830829 -0.0342682567574722901638 0.999406381157458056919 3.11249090469663736158
31739 494.901000 -0.500158441226063898988 -0.00582517057576105792838 -0.102331448664848306818 0.00352028169074065228061 -0.0337210900587037176734 0.999425082586018920239 3.11142885020662829376
31740 494.907000 -0.500155408817381408326 -0.00617685145768469279215 -0.102336718434247381238 0.00354672522236302006221 -0.0342812896438089848017 0.999405930500992245591 3.11248151511585469109
31741 494.914000 -0.500162644971286041162 -0.00585826903261299491987 -0.102308408006443404825 0.00354533211929233338724 -0.0337165503407940506109 0.999425147198768737411 3.11149765337704398149
31742 494.922000 -0.500152119470451794747 -0.0061632926091553632067 -0.102336868813343626061 0.00354068274647865695662 -0.0342721353337496065228 0.999406265892581968657 3.11243822524289814879
31743 494.929000 -0.500165737099201201943 -0.00585934771637990417514 -0.102301725087512535017 0.00355017582746354693271 -0.0337373498060760113049 0.999424428098321215863 3.11152629140655712092
31744 494.936000 -0.500152081335175302534 -0.00616584412513190415622 -0.102333999744740444804 0.00354248059527393277177 -0.0342698147490095791912 0.999406339097516749348 3.11243774836968167818
31745 494.943000 -0.500165732632879889152 -0.0058549715795747940203 -0.102299858376875302257 0.00355187341496254055384 -0.0337429011387876259809 0.999424234656125620724 3.11151785651299217506
31746 494.951000 -0.500152019953651882922 -0.00615126996575374434401 -0.102333964483995620842 0.00354181511127560832639 -0.0342852571601316574723 0.999405811813790290188 3.11241627840610224354
31747 494.958000 -0.50016550822181515823 -0.00584730793152285141523 -0.102299385651836133304 0.00355031215100902290682 -0.0337503534379309938496 0.999423988568638010932 3.11150405730753210065
31748 494.965000 -0.500157852513028466923 -0.00579609035879828735777 -0.102325898917029131652 0.00351637188045061119604 -0.0337555823978751973202 0.99942393196569934144 3.11138566192478638328
31749 494.973000 -0.500159817981429388745 -0.00578875931900938930919 -0.10232743639791301582 0.00351890396808170495199 -0.0337721574599571597308 0.9994233630926200318 3.11138725585921571692
31750 494.979000 -0.500157691759425260258 -0.0057916982273074398696 -0.10232600069968769696 0.00351517207215182011029 -0.0337646502060390332756 0.999423629879625741168 3.11138166541217353611
31751 494.986000 -0.500154679212331920723 -0.00614548899254666915193 -0.102327650223949531694 0.00354985848797643218505 -0.0343108867216664753519 0.999404903708746239488 3.1124214643465162311
31752 494.994000 -0.500157534487879695817 -0.00578632559336657911059 -0.102324612723186200713 0.00352194612162863183655 -0.0337630366328419001531 0.999423660542838043774 3.111358357191189139
31753 495.001000 -0.500150689345426502364 -0.00612906591436002644302 -0.102333000110160984852 0.00353769887240575975698 -0.0343058757087619861648 0.999405118847478846078 3.11236885758301484728
31754 495.008000 -0.500156908895631469036 -0.00578154284648274650188 -0.102323999740994320273 0.0035161820971097109724 -0.0337698819800927585444 0.999423449562051646744 3.11135346559506986708
31755 495.015000 -0.500153835090597076452 -0.0061335610544541044678 -0.102328015359844481935 0.00354782243845524038542 -0.0343224613127782671174 0.999404513500603441933 3.11239915110283327238
31756 495.022000 -0.500160644905390139314 -0.00581287600205707653822 -0.102303489685316106872 0.00354252868887559380431 -0.0337623339903553587593 0.999423611535174782894 3.11141106568438852165
31757 495.029000 -0.500156519885151196192 -0.00577189580913741850238 -0.102324848263961445949 0.00351989368448928563113 -0.0337774991539334240587 0.99942317908849598318 3.1113323678351347823
31758 495.036000 -0.500153212893848175824 -0.00612396973747879845573 -0.102327518568352912598 0.00354705191929739500206 -0.0343310783819956930052 0.999404220263158005189 3.11237938488390808445
31759 495.043000 -0.500156470040448386527 -0.00577118649895772516112 -0.102323005900511507238 0.00352291764987253813723 -0.0337775739506467123641 0.999423165905834354206 3.11132539053798806705
31760 495.050000 -0.500153054570627086939 -0.00611953416516868454328 -0.102327396906492396056 0.00354768577394009958226 -0.0343370703004794303181 0.999404012163664146051 3.11237544513704467164
31761 495.058000 -0.500156013324273618359 -0.00576079726906971595346 -0.102323967365346435443 0.00352070354410581815366 -0.0337898189704356546881 0.999422759787118142327 3.11131546192068597634
31762 495.065000 -0.500149329638352124761 -0.00610381096426139673622 -0.102331814395167045029 0.00353755710554104442142 -0.0343327730942827383243 0.999404195699308384171 3.11232774341020190789
31763 495.072000 -0.500159709396116758384 -0.00579231252497337464891 -0.102301212587987550018 0.00354399585304630360474 -0.0337829677943265391238 0.999422909073231613419 3.1113740973916637067
31764 495.079000 -0.500153028157680479282 -0.0061090602699143438381 -0.102323449708159014415 0.00355207471915561928677 -0.0343450296844716312927 0.999403723077497030403 3.11235518120234289086
31765 495.086000 -0.500159711430380515829 -0.00578817892198137552012 -0.102300383931711702523 0.00354555260381013859911 -0.0337890735391466537352 0.999422697143755978111 3.11137148471516811199
31766 495.094000 -0.500149171978315987275 -0.00609307193323736784318 -0.102329525330060067123 0.00354031379221792603593 -0.0343451745367622934824 0.999403759830976401446 3.11231208502648826197
31767 495.101000 -0.500162670452252045017 -0.00578938368619052057956 -0.102294757692363652568 0.00354963566137127782552 -0.0338102252238227027337 0.999421967317601911418 3.11140105543846789971
31768 495.108000 -0.500149230058061666782 -0.00608753997892946471793 -0.102331914222042311136 0.00353665896972289728328 -0.0343653661843846339186 0.999403078667634114929 3.11231387579881202399
31769 495.115000 -0.500162760387064198042 -0.00578478586124910737487 -0.102294055651596257905 0.00355069670233537160522 -0.0338185952492162725247 0.99942168035734424425 3.11139793193881875055
31770 495.122000 -0.500155615730956015774 -0.00573667630480459520698 -0.102318750006852046686 0.00352629822556653482746 -0.0338172961189888154898 0.999421810700579560383 3.11127780726038372094
31771 495.129000 -0.500148993161486643544 -0.00607977072784410266237 -0.102326377439002857983 0.00354331197290553732634 -0.0343598758321995989551 0.999403243877594382738 3.11228957616693291399
31772 495.136000 -0.500162451138932651062 -0.00577604830045005002842 -0.10229169347232032472 0.00355239722190856107784 -0.0338248557179769496206 0.999421462451970610275 3.11137750183668870818
31773 495.143000 -0.500148988332652200128 -0.00607414311572214947466 -0.102328954930330423556 0.00353918637599548576919 -0.0343799117824187192016 0.999402569451184219496 3.1122896779054718408
31774 495.150000 -0.50016246287999810427 -0.00577137230793717606603 -0.10229126961732427914 0.00355296860620663316685 -0.0338331565289837626898 0.999421179450069696593 3.11137328354316355927
31775 495.157000 -0.50015527173601481703 -0.00572322359903389057262 -0.102316140759421136952 0.00352833201138858746498 -0.033831816588628160769 0.999421312089916913379 3.11125279609342975107
31776 495.164000 -0.500148614321682560835 -0.00606628900789249643488 -0.102323948066678035995 0.00354512010780893031467 -0.0343743610368175203651 0.999402739353225766372 3.11226437977642067523
31777 495.172000 -0.500148929208073633745 -0.00607432978002053324679 -0.102321234151950921087 0.00355414109936293912823 -0.0343643123756536689184 0.999403052885068143851 3.11226655991567957571
31778 495.179000 -0.500159052175386253936 -0.00575455367319242360596 -0.102292791468808305644 0.00355228332513517599048 -0.0338298847556248033497 0.999421292639194769336 3.11131467749519030619
31779 495.186000 -0.500154820099662056343 -0.00571254787993870534468 -0.102314769000085653561 0.00352920085735450956774 -0.0338432245538888634706 0.99942092278133920491 3.11123336014683182782
31780 495.194000 -0.500161674093397512486 -0.00575447674983404350302 -0.102288726926612172363 0.00355445746732923782349 -0.033848923035680947291 0.999420640291883044526 3.11134017472551516192
31781 495.201000 -0.500154496010701277164 -0.00570591396677248320624 -0.102313903770978029129 0.00352921943790256284132 -0.0338491662864898179564 0.999420721494140740226 3.11121918760318116881
31782 495.209000 -0.50015603902613281484 -0.0056967019491126662592 -0.102316610054777074046 0.00352434219277916998408 -0.0338704218246466334796 0.999420018579540325732 3.11122643027311163166
31783 495.215000 -0.500153971946198927512 -0.00569996517324370798735 -0.102314974974777261885 0.00352130457708034602313 -0.0338628095919267374514 0.999420287236864490765 3.11122219789691101255
31784 495.224000 -0.500154126383607344764 -0.00569789187088800240522 -0.102313284875184234979 0.00352947000863187759431 -0.0338589799485155412695 0.999420388184223629224 3.1112072817660441082
31785 495.232000 -0.50016096369572426994 -0.00574001528919748822688 -0.102287184969615363439 0.00355481403196050097654 -0.0338640495945150762913 0.999420126594545932264 3.11131382493665098465
31786 495.240000 -0.500147272555452548914 -0.00603718438392039733614 -0.102320590776127984256 0.003546183306559138812 -0.0344047146045695084737 0.999401691111704293391 3.11221050449232983226
31787 495.248000 -0.500147340406906448784 -0.00603607267551631906238 -0.10231889076074131284 0.00354900876955930883599 -0.0343996713138502233087 0.999401854686218116264 3.11220293722471819109
31788 495.256000 -0.500153589177765534046 -0.0056863914103016536053 -0.102311838972701282802 0.00353023008056094949117 -0.033871064109061051195 0.999419976031947210338 3.11118711362935274067
31789 495.264000 -0.500160473213455580854 -0.00572852990668049327078 -0.102285703885569762006 0.00355565622312141969841 -0.0338767267540256503122 0.999419693969083144935 3.11129493406870283323
31790 495.271000 -0.500146850194876257945 -0.00603557901566495122458 -0.102318280478069623118 0.00354794045098401084753 -0.0344087697458409294549 0.99940154526753355313 3.11220821795970881141
31791 495.279000 -0.500153358398718994593 -0.00567844509007990778937 -0.102310682864981933315 0.00353105043290544064888 -0.0338828960700605780199 0.999419572070081918547 3.11117762188213653474
31792 495.287000 -0.500160216735802798382 -0.00572094559458228603399 -0.102284666985823280427 0.00355636891000652138189 -0.0338861004602472523639 0.999419373654410359009 3.11128480250942329732
31793 495.294000 -0.500153088055663830325 -0.00567268987082455208165 -0.102309655704519109065 0.00353146503754921559787 -0.0338860565115203446473 0.999419463453052103752 3.11116478698553100557
31794 495.301000 -0.50014996184210558372 -0.00602505955833941824612 -0.102311883912208384517 0.00355901843488053192324 -0.0344392921647194288903 0.999400454544109750898 3.11221203872447782501
31795 495.308000 -0.500151743911243951146 -0.00565793571527066063015 -0.102318210488685626403 0.00351406836150041073513 -0.0339063170108504507994 0.999418837620299371771 3.11115300626548618723
31796 495.315000 -0.500149930968467604231 -0.00602108817180411690084 -0.102311652922404294763 0.00355936997572101282775 -0.0344473940682695836668 0.999400174068066249333 3.11220952946029294495
31797 495.323000 -0.500152765184501690854 -0.00566262625092760381318 -0.102307910803861479287 0.00353269635766424250703 -0.0338976272516979607041 0.999419066719836712842 3.11114754970004270263
31798 495.330000 -0.500149656119705077195 -0.00601509459479631237305 -0.102310104297289539144 0.00356051667249615479832 -0.0344506587502622224628 0.999400057450817724813 3.11219538501223391691
31799 495.338000 -0.500152511846646108395 -0.0056564299085903888345 -0.102306610716311613407 0.0035334280863491243814 -0.0339026994647732629606 0.999418892084275034549 3.11113305759220448721
31800 495.345000 -0.500160188322624543744 -0.00570372778201660209779 -0.10228008324888976377 0.00356054709160940740381 -0.0339088654367194486383 0.999418586653861851232 3.11125268639186502995
31801 495.353000 -0.500145972573195152222 -0.00599843204271670749766 -0.102314342818392439716 0.00355098724343621370211 -0.034448801150257356285 0.999400155387674016261 3.11214683267535630051
31802 495.361000 -0.500152275625183273533 -0.00564904440662956659064 -0.102305459177772825607 0.00353475001211935773229 -0.0339120056861443516794 0.999418571676899847311 3.11112254498796536595
31803 495.368000 -0.500145688889023554147 -0.00599224731506328538166 -0.102313226771883480914 0.0035515359173229456638 -0.0344546119476997272923 0.99939995312595497623 3.11213449435510947083
31804 495.375000 -0.50015090578338117222 -0.00563436245957002652951 -0.102314155662826866688 0.00351740106369477067288 -0.0339323196294610066048 0.999417943392213237175 3.11111154189730276798
31805 495.382000 -0.500145657361973805521 -0.00598806154641018471146 -0.102313000379839563747 0.00355185909300686011858 -0.0344638114328855091339 0.999399634780052226191 3.11213257112234664703
31806 495.390000 -0.50015188519170428183 -0.00563914646732017674213 -0.102304044844063551922 0.00353578461122731326979 -0.0339235669841226536447 0.999418175655344298569 3.1111064192567656761
31807 495.396000 -0.500151768149899256244 -0.00563676622323483391547 -0.102303588762005279178 0.00353600687880565754326 -0.033925400794324052367 0.999418112621688337072 3.11110099716885546428
31808 495.403000 -0.50014865904274929953 -0.00598918059995763411851 -0.102305861412456428061 0.0035635494474755670738 -0.0344786045232459217869 0.999399082922065029599 3.11214832650566242123
31809 495.410000 -0.500151369099503084747 -0.00563297188547878628639 -0.102302053791450478504 0.00353179751516734599659 -0.033931732291171023963 0.999417912562123422759 3.11109829245884395021
31810 495.418000 -0.500158508606320384438 -0.00567542114257969191465 -0.102277050806781732994 0.00356197775313796304378 -0.0339357464595323454759 0.999417669158755850312 3.11120362019471841108
31811 495.425000 -0.500151363473974042151 -0.005627079390262713747 -0.102302182132453858832 0.00353690268382674324887 -0.0339364498938487732516 0.999417734327346818368 3.11108474298196924224
31812 495.432000 -0.500144791083360851225 -0.00597033186624101614576 -0.102309946742258753294 0.00355360669986437864229 -0.0344789556807790220638 0.99939910621061978091 3.11209667193150929521
31813 495.436000 -0.500155062817496665062 -0.00566037263392374194459 -0.102279855982805048531 0.00355946726908052844471 -0.0339278351360049537644 0.999417946704852955264 3.11114596646344843123
31814 495.441000 -0.500158847984253029928 -0.00567076297814282041104 -0.102275061241347803298 0.00356400849218969049959 -0.0339455295366857326411 0.99941732968162089179 3.11119600555492326066
31815 495.445000 -0.500150775151522286599 -0.00561917385166079905168 -0.102302603302188169221 0.00352939342917784953588 -0.0339517243245054459178 0.99941724209531968004 3.11108312945289755547
31816 495.450000 -0.500154953681817060485 -0.00565677194515696365323 -0.102279424874035948512 0.00356013051358759205142 -0.0339331649034376667262 0.999417763395449521013 3.11114309476470340954
31817 495.456000 -0.50015795178615307659 -0.00566212060005738017365 -0.10227500150711185678 0.00356305224380913058285 -0.0339504660026742760559 0.999417165410375063495 3.11118091549674646856
31818 495.464000 -0.500144352043939477426 -0.00595956132566136283224 -0.1023082405371734116 0.00355462741675390903398 -0.0344908717977730830406 0.999398691407267003584 3.11207823219432100359
31819 495.471000 -0.500157655906003695279 -0.0056561301281367300578 -0.102273860501162994208 0.00356336555271134693829 -0.0339555959128385806411 0.999416990015750017484 3.11116671747811635029
31820 495.478000 -0.500144321323666485313 -0.00595621347788879464125 -0.10230599324660480387 0.00355766804420645007395 -0.0344876637811984271265 0.999398791296548405505 3.11206473481357193123
31821 495.485000 -0.500157553663151954737 -0.00565266284314189237925 -0.102273427442908557139 0.00356412586370169004804 -0.0339606438351629930095 0.999416815786650980513 3.11116355984072878726
31822 495.492000 -0.50015041473476051781 -0.00560437872965362932076 -0.102298532080477289075 0.00353912109132233435038 -0.0339613067698460169286 0.999416882118961069636 3.111044858873561747
31823 495.498000 -0.500149834143103433348 -0.00559971578070802590565 -0.102299401828451208551 0.00353120427471500120814 -0.033968169452143183451 0.999416676897299294247 3.11104378584335972135
31824 495.505000 -0.500152130069718925398 -0.00562697725513139346276 -0.102285477809453351217 0.00354536054620078642727 -0.033955708489336211553 0.999417050224572056649 3.11109238883474858994
31825 495.513000 -0.500143845705562695159 -0.00594374036109826617974 -0.102306007555902633843 0.00355620899331343187991 -0.034512734879409645572 0.999397931010835960386 3.11205557828271661691
31826 495.520000 -0.500157067224435203379 -0.00564078884225176907519 -0.102271575030077721546 0.00356524975288547525329 -0.0339743308933735457811 0.999416346591622817286 3.11114419789928042803
31827 495.527000 -0.500149458674311819806 -0.00559041641788244302036 -0.102297915761388358291 0.0035322838622198395736 -0.0339789647580515247194 0.999416306113067087757 3.11102877550879908242
31828 495.535000 -0.500156792132519956162 -0.0056350437981101432483 -0.102270410324509120059 0.00356572485155399673817 -0.0339792332361636417737 0.999416178233555219101 3.11113088778859081529
31829 495.542000 -0.50014347766435074405 -0.00593518529594996846477 -0.102302526405997379344 0.00356003514848282718447 -0.0345112417701105428369 0.999397968949920612047 3.11202901803746412313
31830 495.549000 -0.500153592011177261512 -0.00562386384269881241943 -0.102274019212561212422 0.00356363396333991486187 -0.0339696252338385976111 0.999416512308280768906 3.11108575692069155849
31831 495.557000 -0.500143138279713128647 -0.00592912089081996593332 -0.10230323896061419009 0.00355808834461035722666 -0.0345251613949261182412 0.999397495112923750504 3.11202634805155575748
31832 495.564000 -0.500156416783491875044 -0.00562578272394526936184 -0.102268912305847031741 0.00356681906314874766842 -0.0339898510169939285785 0.99941581327774342558 3.11111545230129626916
31833 495.571000 -0.500146419697438116003 -0.00593204790035049400049 -0.102300112019859903989 0.00356710793478829616548 -0.0345469552720471875795 0.999396709831692819925 3.11205298792833184862
31834 495.579000 -0.500149328812967697289 -0.00557636049732974231619 -0.102294083892679021908 0.00354224120020826208771 -0.0339940024963354403553 0.999415759492293998001 3.11099776975835062842
31835 495.586000 -0.500142774188586880513 -0.00591986109015815373247 -0.102301725997743800378 0.00355917816445101712133 -0.0345359967078494867199 0.999397116857052458805 3.11201096988214587213
31836 495.593000 -0.500156042466346928421 -0.00561654496087952721101 -0.102267394427591945538 0.00356797827215951787391 -0.0340004422219881835554 0.999415448879873213883 3.11110001504722211152
31837 495.601000 -0.500150831196952583291 -0.00559567819463278534609 -0.102280275988934979403 0.00354890459594306992633 -0.0339906563842220857397 0.999415849661560384831 3.11103780794110651442
31838 495.608000 -0.500148542846975074916 -0.00556543549344992640598 -0.1022937047967379387 0.00353530435571747887399 -0.0340113995938157304133 0.999415192160286292022 3.11098961690741848685
31839 495.616000 -0.500155768597074001924 -0.00560957554351013479299 -0.102266356450686518587 0.00356881617051487244965 -0.0340091419937444405797 0.999415149881164421863 3.11108966741183667892
31840 495.623000 -0.500148620950575995003 -0.00556151437387600658391 -0.10229137587749342897 0.00354393430518852494554 -0.0340089061441258555529 0.999415246447901806093 3.11096993120890985551
31841 495.630000 -0.500145596047770979453 -0.0059140737303659532062 -0.102293534908467126376 0.00357160176046549589918 -0.0345619109090163564857 0.999396176686293880032 3.1120174587463833582
31842 495.637000 -0.500150085149549283869 -0.0055503900516279498431 -0.102293466759598744575 0.00353943177855516044605 -0.0340317332949612166848 0.999414485362117077649 3.11097238353889249396
31843 495.644000 -0.500142092075869459933 -0.0059010490129161362674 -0.102298775265603200668 0.00356107164247135938792 -0.0345600753631862683823 0.999396277739540206397 3.11198038447376168492
31844 495.651000 -0.500152181277843999041 -0.00559050796170272503577 -0.102268453110792856275 0.00356732600199492202661 -0.0340068119382906167147 0.999415234488142623093 3.11102711076588267503
31845 495.658000 -0.500147660195910170877 -0.00554786075711232330027 -0.1022907341294953254 0.00353718236073933146174 -0.0340262003891610292916 0.99941468171526459674 3.11095385319455797202
31846 495.666000 -0.500149704868407041225 -0.00554140189526976766066 -0.102292000435961455418 0.00354061093328411494521 -0.0340422310320187410104 0.999414123664750686515 3.1109580163661347818
31847 495.673000 -0.500141720183144622425 -0.00589211204367744937477 -0.102297314283002760416 0.00356220505662870967969 -0.0345705274060459574748 0.999395912203968617149 3.11196625878816401922
31848 495.680000 -0.500154890580446709336 -0.00558923386974446122222 -0.102262951140992333632 0.00357114767221679849443 -0.0340319983559960251296 0.999414363511051839772 3.11105481130441408055
31849 495.687000 -0.500147738931317031863 -0.00554122279573507608291 -0.102287985592991348405 0.00354619863868829753376 -0.034031700835153978757 0.999414462479646825699 3.11093510060793354555
31850 495.694000 -0.500141257906759229002 -0.00588464076596325116886 -0.102295625426173680816 0.00356297986542211328476 -0.0345739779110093362058 0.999395790078128953837 3.1119469118020903764
31851 495.702000 -0.500141294031570371459 -0.00588220885394605177282 -0.102298975271264067088 0.00355831541019503878875 -0.0345911985190229046006 0.999395210803243339015 3.11195445755417088307
31852 495.708000 -0.50014122608323885455 -0.00588087463525615791737 -0.102295381721773853689 0.00356322724666006951377 -0.0345826902392094084893 0.999395487756177258731 3.11194540812153430664
31853 495.715000 -0.500151296312653759202 -0.00557036806461505811655 -0.102265080519908513335 0.00356945362361578552232 -0.0340293848385253769329 0.999414458554778284416 3.11099208238570001939
31854 495.722000 -0.50014677510408456218 -0.00552775073224556767748 -0.102287353880342435364 0.00353932164556200641592 -0.0340487311683588048106 0.999413906801438378658 3.11091878270321187117
31855 495.730000 -0.500148821763009898689 -0.00552132537540176316498 -0.102288609760374557545 0.00354277556859147659679 -0.0340647239129557369286 0.999413349583646803964 3.11092293585785251153
31856 495.737000 -0.500144302699064402518 -0.00588154849785051114797 -0.102288554481047927469 0.00357519430215240971785 -0.0346025243234175522433 0.999394758489431489501 3.11196665611154710263
31857 495.744000 -0.500154013848939871245 -0.00556921540914814480749 -0.102259540617378436034 0.00357337689963749651281 -0.0340544354749276259597 0.999413591263405343135 3.11101976145611613944
31858 495.751000 -0.500146863124969032199 -0.00552123201983063978393 -0.102284563236319056556 0.00354845963914378163817 -0.0340541088534031047286 0.99941369117317468973 3.11090008776755588826
