897 766.181000 -0.348366150712548838797 -0.0191647890938506267056 -0.0417206005826256942637 -0.0132554118008745003277 -0.0161027079596233017866 0.999782474768564966006 3.05781708825727527312
898 766.187000 -0.348362900954687360056 -0.0191674998366395919758 -0.0417225805598506124805 -0.013267035046177953761 -0.0161020145461722614944 0.999782331764588971801 3.05782393013079500932
899 766.193000 -0.348359927125805601822 -0.0191691636998353315269 -0.0417226377689734820309 -0.013274511029595986375 -0.016103950372918302697 0.99978220135153028636 3.05782927199457388312
900 766.199562 -0.348357352528755437326 -0.0191698952476629033703 -0.0417209538561660320255 -0.0132773485397448265388 -0.0161084784312666394468 0.999782090726966110594 3.05783333828428371959
901 766.207000 -0.3483546816266240298 -0.0191695652859312781757 -0.041716383388282304856 -0.0132738652795211745788 -0.01611826716280331806 0.999781979215573546327 3.05783697093563011649
902 766.214000 -0.34835312301658377665 -0.0191681686544972543218 -0.0417106370988970798219 -0.0132646554693017955373 -0.0161298655695972098512 0.999781914395328374923 3.05783854572109881076
903 766.222000 -0.348352219717861677495 -0.0191654427652132343385 -0.0417026604285465340993 -0.0132485778460299449821 -0.0161457733692052483876 0.99978187080351077487 3.05783852715349269147
904 766.229000 -0.348352122499966720959 -0.0191621903598807874491 -0.041694947586740700729 -0.0132312120841905876689 -0.0161612365401878933791 0.999781850935630544974 3.05783691683178959764
905 766.237000 -0.348352659804489706019 -0.0191576429329001624025 -0.0416858621654227351483 -0.0132095133905185627837 -0.0161797416530209091368 0.999781838560806712657 3.05783327653738767893
906 766.245000 -0.348353704041585721107 -0.019152397784307436529 -0.0416770196777152060474 -0.0131876672113896333677 -0.0161982407681989584725 0.999781827415130108783 3.05782779685728778318
907 766.252000 -0.348354877787177719117 -0.019147398244444561316 -0.0416698354264258136181 -0.0131696225141159362071 -0.0162138216942592817971 0.999781812711604711552 3.05782161600161472848
908 766.260000 -0.348356352458340623457 -0.0191414025066583941281 -0.0416625467061198934138 -0.0131511589955243483191 -0.0162304339320103185873 0.999781786207096789809 3.05781317679026010126
909 766.268000 -0.34835782333570447511 -0.0191352968242003949884 -0.0416564242415458779734 -0.0131355580958606495828 -0.0162454291010096264769 0.99978174775639627736 3.05780355780737433946
910 766.275000 -0.348359015743349875738 -0.0191300078226593825437 -0.0416520797818075716457 -0.0131244237480572616128 -0.0162570736924396441747 0.999781704701701356974 3.05779444803352973281
911 766.283000 -0.34836019980289084641 -0.0191241676987242495422 -0.0416482411090390997055 -0.0131145138680157542777 -0.0162686434378845751203 0.999781646544232405205 3.05778358582235876284
912 766.291000 -0.348361150722508283728 -0.0191186723673908709475 -0.0416454934190935294192 -0.0131073717847846656775 -0.0162783922643436676503 0.999781581521775875032 3.05777261337713834877
913 766.298000 -0.348361777951671225395 -0.0191142284554957526954 -0.0416438522475134006995 -0.013103130620760168254 -0.0162855002444770996517 0.999781521358402702759 3.05776321528331074262
914 766.306000 -0.348362306727362236458 -0.0191095023866939411894 -0.0416423703122872079785 -0.0130998012673675494344 -0.0162922995116324999254 0.999781454210558306883 3.05775269635805058144
915 766.313000 -0.348362500355375637184 -0.0191060699613124912455 -0.0416420990616979472265 -0.0130991936791875710627 -0.0162966792311602659549 0.999781390790502655364 3.05774477159677404714
916 766.321000 -0.348362577262417538737 -0.0191025397571856006551 -0.0416417991941115672727 -0.0130993593772158571642 -0.0163006532862772605952 0.999781323833540680468 3.05773635166692248077
917 766.329000 -0.348362475741130328544 -0.0190995839721026308689 -0.0416417257566386866952 -0.0131007170715901188202 -0.01630345979108508217 0.999781260281993322536 3.05772915388107158208
918 766.334000 -0.348362334683350094444 -0.0190980179884134779189 -0.0416417380268919862241 -0.01310205613027276908 -0.0163047013644130010801 0.999781222487488241413 3.05772532139632513548
919 766.340000 -0.348362097979612816978 -0.0190964084242861015239 -0.041641773360674053106 -0.0131040656149745120967 -0.016305748841093564705 0.999781179068244818531 3.0577214158539258726
920 766.345000 -0.348361851876257622163 -0.0190952770490702625206 -0.0416418015614575254268 -0.013106013977534976267 -0.0163063098536480495515 0.999781144379397468391 3.05771873630191715066
921 766.350000 -0.348361567428680907188 -0.0190943208709622065655 -0.04164181829097933496 -0.0131081587441639092761 -0.0163066399765523610543 0.999781110877282386262 3.0577165660587288798
922 766.356000 -0.348361182575751993085 -0.0190933816623295865567 -0.0416418175095350923121 -0.0131109269748500758407 -0.0163068010698507633027 0.999781071951619026983 3.05771460254130955647
923 766.361000 -0.348360830792852349536 -0.0190927519306277604372 -0.0416418000811035471376 -0.0131133454456114611347 -0.0163067965970977654666 0.999781040306308765864 3.05771346440559321778
924 766.366000 -0.348360454852422674055 -0.0190922418095547039019 -0.0416417718714219425857 -0.0131158226477634826806 -0.0163067160421654089308 0.999781009125594755105 3.05771273911670071755
925 766.373000 -0.348359894135791992031 -0.019091693485143210185 -0.0416417277508174532574 -0.013119319458711579951 -0.0163065586124001571378 0.99978096581359299222 3.05771233441721612678
926 766.380000 -0.348359300061295840134 -0.0190912937076267857917 -0.0416417001092905941784 -0.0131227675092915798544 -0.0163064459986638869704 0.999780922398397109419 3.05771252311270869129
927 766.388000 -0.348358588293153859095 -0.0190909584763663507656 -0.0416417213730815513606 -0.0131265462773175918543 -0.0163064866304969136035 0.999780872129787723246 3.0577132867781138259
928 766.396000 -0.34835786396061202419 -0.019090730348823740925 -0.0416418266732851288792 -0.0131300376777178477716 -0.0163068043043077468002 0.999780821102286609836 3.05771461635405117363
929 766.403000 -0.348357201595856424969 -0.0190905264405278156381 -0.0416420156649693548601 -0.013132857084822020452 -0.0163073869025889932327 0.999780774568704622141 3.05771583762633714088
930 766.410000 -0.348356532850991829076 -0.019090306429989999798 -0.0416422950888363646582 -0.0131353278749053066499 -0.0163082066697043844006 0.999780728738475343853 3.05771706009918187164
931 766.415000 -0.348356055652082940988 -0.0190901280946784816794 -0.0416425462608423363475 -0.0131368627043219644845 -0.0163089478142049749965 0.999780696482724273721 3.05771787482620638343
932 766.422000 -0.348355376483132472831 -0.0190898204787589113873 -0.0416429717202249360941 -0.0131387324647536003763 -0.0163102350841413425153 0.999780650913348889475 3.05771885604680448978
933 766.428000 -0.348354802127812945844 -0.0190895113849368705528 -0.0416433839352794640809 -0.0131400127749594503035 -0.0163115125976865844859 0.999780613245250693311 3.05771952537543434403
934 766.435000 -0.34835414576134049458 -0.019089092523177628169 -0.0416438982693609210939 -0.0131411257653200608253 -0.0163131748835882404991 0.99978057149498444911 3.05772006770217208427
935 766.441000 -0.348353597815945437155 -0.0190886794928090304524 -0.0416443416644378533453 -0.0131417596221865638079 -0.0163147303114430895776 0.999780537782616329778 3.05772028486430258454
936 766.448000 -0.348352996699698880256 -0.0190881596651039202317 -0.0416448256759693602458 -0.0131420865258863456271 -0.0163166286714962333049 0.99978050250569616697 3.05772031237021568728
937 766.454000 -0.348352516450417148963 -0.0190876805394625988221 -0.0416451872500274850042 -0.0131420162211654933254 -0.0163182821232105736142 0.99978047644379919312 3.05772012985261820717
938 766.460000 -0.348352067257469866224 -0.0190871674991277898159 -0.0416454773220830201663 -0.0131416883532582216138 -0.0163199892543970520586 0.999780452888514026277 3.057719738150909361
939 766.467000 -0.348351604249519775092 -0.0190865570173562246192 -0.0416456937300989787909 -0.0131409118694288465368 -0.0163219299624610680866 0.999780431413588299705 3.05771912292937342315
940 766.472000 -0.348351309957559918118 -0.0190861094141189790996 -0.0416457568473468583981 -0.0131401504020064122807 -0.0163232955769046991779 0.999780419126580777167 3.05771857307427508132
941 766.479000 -0.348350965228550524255 -0.0190854914208878345683 -0.0416456970043466712106 -0.0131387835532370544911 -0.016325128279635742895 0.999780407166190987489 3.05771773852979178443
942 766.485000 -0.348350731343712471944 -0.0190849720837691708142 -0.0416455008013990463089 -0.0131373823559657980364 -0.0163266262858532372471 0.999780401117643102715 3.05771697810564635489
943 766.490000 -0.348350579927015346904 -0.0190845520732463372338 -0.0416452371958259959239 -0.0131360728002706036305 -0.0163278025000368823272 0.99978039911617877511 3.05771636125495449576
944 766.495000 -0.348350459023489267274 -0.0190841352290729814045 -0.0416448878581954645695 -0.0131347095094551859912 -0.0163289584344690694162 0.99978039814878727487 3.05771574657088063276
945 766.499000 -0.34835039498089070964 -0.0190838192135841799857 -0.0416445443723199304475 -0.0131335537677809560675 -0.016329831445284694047 0.999780399072915160197 3.05771529679396758539
946 766.504000 -0.348350347643998470293 -0.0190834398857570933239 -0.0416440430558773638792 -0.013132080179608955281 -0.0163308933679009726792 0.99978040108413934739 3.05771478534188201337
947 766.508000 -0.348350335294334456648 -0.0190831505438361082039 -0.041643592622333622244 -0.0131308666015452907283 -0.0163316771426996396044 0.999780404220846574681 3.05771443202210013723
948 766.513000 -0.348350345367920422035 -0.019082803132543443847 -0.0416429731533468350246 -0.0131293912763329970878 -0.0163326625313519532834 0.99978040749924168562 3.05771405461201783993
949 766.518000 -0.348350393644710987218 -0.0190824903691706009023 -0.0416423055286112980822 -0.0131279038789310770197 -0.0163335509964292850682 0.999780412516464878081 3.05771382525176305123
950 766.522000 -0.34835043927151493337 -0.0190822379435845249085 -0.0416417488478789815654 -0.0131268037872376251707 -0.0163342773299172822066 0.999780415094454921743 3.05771365849574250362
951 766.527000 -0.348350526786392611367 -0.01908196023463760993 -0.0416410270493279346948 -0.0131254632474034679118 -0.0163351263599454676889 0.999780418822726169026 3.05771361750726367035
952 766.532000 -0.348350624471986891617 -0.0190816916534021635554 -0.0416403042610262244527 -0.0131242444913292361647 -0.016335938852046007902 0.999780421546828446111 3.05771365575179387974
953 766.536000 -0.348350711981557370489 -0.0190814927254497751496 -0.0416397281773216998424 -0.0131233582280958858274 -0.0163365723124025731539 0.999780422829882664537 3.05771377862544735393
954 766.541000 -0.348350830907978581408 -0.0190812643140369081474 -0.0416390231442618358182 -0.0131223716541857340911 -0.016337337264754552002 0.999780423279665431124 3.0577140375472331435
955 766.545000 -0.348350922567403298302 -0.0190810858626868362631 -0.0416384877668381780946 -0.0131217084294107475678 -0.0163379312334484619318 0.999780422278264357949 3.05771430600339622075
956 766.551000 -0.348351050818061058756 -0.0190808286328536767795 -0.0416377379490138754825 -0.0131209400634981852157 -0.0163388159075431027567 0.999780417905146601143 3.05771480565918629679
957 766.556000 -0.348351148780289832096 -0.0190806267446875996163 -0.041637175037170924552 -0.0131204938634961864458 -0.0163395255811785017341 0.999780412162870724124 3.05771530834939087029
958 766.561000 -0.348351236705537969929 -0.019080442075767114346 -0.0416366747225545147382 -0.0131202279978345978662 -0.0163402232260961843835 0.999780404249956400342 3.0577159137253318022
959 766.566000 -0.348351299654560131458 -0.0190802530659517979861 -0.0416362552316459702539 -0.013120165566265674581 -0.0163408999711248462128 0.999780394008428108243 3.05771653923987773993
960 766.570000 -0.348351335154489571977 -0.0190801078043652816429 -0.0416359739899845177069 -0.0131202450660675463967 -0.016341433569401066922 0.999780384243611375261 3.057717080997093273
961 766.575000 -0.348351354731743612092 -0.0190799241244889172808 -0.0416356976515617274726 -0.0131205071657802315593 -0.0163420828590179235962 0.999780370191144518444 3.05771776189827981796
962 766.580000 -0.348351351301182166065 -0.0190797504610617230103 -0.0416354999692784902288 -0.0131209273742925770778 -0.0163427191542080373077 0.999780354275620397608 3.05771849078446278369
963 766.585000 -0.348351311169654564992 -0.0190796538213246665017 -0.0416354009324004931125 -0.013121519916711885112 -0.0163433358136887002532 0.999780336418733761583 3.0577194415778015113
964 766.593000 -0.348351189376533865172 -0.0190792694858977346373 -0.0416353706468970199972 -0.0131227121909876648376 -0.0163442796407329352104 0.999780305341017472287 3.05772026495342119645
965 766.601000 -0.34835099978419814537 -0.0190789778463777703887 -0.0416355247719169194176 -0.0131241241472126249357 -0.0163451323566087027006 0.999780272866800268083 3.05772129600713027386
966 766.608000 -0.348350792579053880615 -0.019078817258900288012 -0.0416357803746922883192 -0.0131253805621145275273 -0.0163457625869726369539 0.999780246069379985308 3.05772218457014766102
967 766.615000 -0.348350475888943966751 -0.0190784038615622389412 -0.0416361238528943286563 -0.0131270184633439507271 -0.0163465842200949951213 0.99978021113172588219 3.05772268520610346343
968 766.622000 -0.348350149715477064305 -0.0190781009343687982249 -0.0416365181777528514662 -0.0131284663878847209645 -0.016347236033546364703 0.999780181462088024524 3.05772319341557885508
969 766.630000 -0.348349746729593123806 -0.0190777506666973406535 -0.0416369942285474969879 -0.0131299940327195968637 -0.0163479078011979327145 0.999780150416692547921 3.05772363676815039923
970 766.635000 -0.348349475446162237802 -0.0190775155557403978956 -0.0416372878117089173511 -0.0131308975116070387329 -0.0163483472473287365367 0.999780131365301749646 3.05772379243773961832
971 766.642000 -0.348349100666251076941 -0.0190771982924000348125 -0.0416376696372765392473 -0.0131319527476899504392 -0.0163488864649911844196 0.999780108688099189429 3.05772397787972272099
972 766.649000 -0.348348728488840686524 -0.0190768732498469220649 -0.0416379954950045483297 -0.0131328049558722403933 -0.01634942562085085066 0.999780088677434619626 3.05772404262519037488
973 766.657000 -0.348348354651751346278 -0.0190766053367401565433 -0.0416382647880561146403 -0.0131334813654372887376 -0.0163499800236421161115 0.999780070725782343821 3.0577242075340103078
974 766.664000 -0.34834796196243145161 -0.0190761326536611937332 -0.0416384444219242977336 -0.0131339185052271045784 -0.016350657964050076959 0.999780053896275999747 3.05772387320898841878
975 766.672000 -0.348347611640190901738 -0.0190757394537443870919 -0.0416385097878978205355 -0.013134019810589142932 -0.016351310283576274418 0.999780041897029070341 3.05772372529982572331
976 766.679000 -0.348347339956548318618 -0.0190753871832921514939 -0.0416384629742212394876 -0.0131338999364355654698 -0.0163519535601714220696 0.99978003295086148583 3.05772356196871797351
977 766.686000 -0.348347108996005072612 -0.019075035890732453675 -0.0416383225872168985515 -0.013133558093472323669 -0.016352612025950816893 0.999780026671734489696 3.05772342690790122077
978 766.694000 -0.348346911527249392115 -0.0190747375594934702459 -0.0416380728956770029825 -0.0131330521852101849561 -0.01635334221664060117 0.999780021374024996383 3.05772346540560313599
979 766.701000 -0.348346744518653439471 -0.0190742687507077721132 -0.0416377505559832813975 -0.0131323488449458115196 -0.0163542288487030888777 0.999780016109833358229 3.0577232144226607069
980 766.708000 -0.348346630929160128165 -0.0190739036799710409698 -0.0416373867039994891015 -0.0131316524073406964979 -0.0163550812622746954972 0.999780011313467498191 3.0577231817223942123
981 766.715000 -0.348346550160175238986 -0.01907353752826252552 -0.0416369823167611341486 -0.0131308960007058463798 -0.016355953981129559005 0.999780006971326629106 3.05772322117534400832
982 766.723000 -0.348346481232464866284 -0.0190730999643051561676 -0.0416364948705781404148 -0.0131300806768657307017 -0.0163570442161563439631 0.999779999842930311438 3.05772328057186504324
983 766.730000 -0.348346453110196740965 -0.0190727308054352978628 -0.0416360572149040292222 -0.0131293640449505130685 -0.0163579965668963316083 0.999779993672654243575 3.05772345739669137998
984 766.737000 -0.348346429163227166992 -0.0190723431644128846307 -0.0416356330776711455743 -0.0131287670084771056905 -0.0163590099466337547673 0.999779984931886356314 3.0577236327154846407
985 766.744000 -0.348346411990571702688 -0.0190719518135009646898 -0.0416352318211165167705 -0.0131282472878067393851 -0.0163600080043625750736 0.999779975425217015683 3.05772385802397961285
986 766.752000 -0.34834638294790820634 -0.0190714825143246391459 -0.0416348175627254679654 -0.0131278407480350921971 -0.0163611904324918351616 0.999779961413973405904 3.05772408644289050983
987 766.760000 -0.348346362905074535821 -0.0190710315202084791653 -0.0416344497221371248608 -0.0131275304252065506266 -0.0163623053507822718844 0.999779947242663613594 3.05772440885237983821
988 766.768000 -0.348346315425157870838 -0.0190706638337752448775 -0.0416341829548013547813 -0.0131274584529598881827 -0.0163633129383633224574 0.999779931697094670362 3.05772478639093181485
989 766.775000 -0.348346246343225474096 -0.019070117789823037846 -0.0416339461312534991899 -0.0131275173275561141822 -0.0163643841683337835924 0.999779913390745234025 3.05772485771335489346
990 766.782000 -0.348346172748953519793 -0.0190697917815723233526 -0.0416338110316498838381 -0.0131276831997955596709 -0.0163651887712216795312 0.999779898042708281558 3.05772513601315232279
991 766.789000 -0.34834606425306086086 -0.0190692374499463780657 -0.0416336681637138883438 -0.0131279734397250977262 -0.0163661825401369351307 0.999779877964358965059 3.0577251284462980685
992 766.797000 -0.348345934268620927021 -0.0190687337119414684894 -0.0416335772187142599821 -0.0131283325932960385357 -0.0163670865908817735057 0.999779858448771818757 3.05772521891501369851
993 766.804000 -0.34834579162020434806 -0.0190682765492845088251 -0.0416335343210517613843 -0.0131287596240371503414 -0.0163678866739938831676 0.999779839743011433661 3.0577252151522640311
994 766.811000 -0.348345630261545302631 -0.0190678111388992328756 -0.0416335170104390125956 -0.0131292139065226094036 -0.016368633712886361542 0.999779821547009395211 3.0577251522669284256
995 766.819000 -0.348345427666238161013 -0.0190672692626437448316 -0.0416335173257661519952 -0.0131297416950082110332 -0.0163694367964817948102 0.999779801467297390971 3.05772499422954080472
996 766.826000 -0.348345248490152747944 -0.0190668050357496489389 -0.0416335220749270012996 -0.0131301583234963714641 -0.0163700810622958471685 0.999779785446982094399 3.05772484659121257522
997 766.834000 -0.34834503285595636024 -0.0190662647908152807497 -0.0416335242060487040194 -0.0131306272544400356311 -0.0163708301340479284169 0.999779767023031507023 3.0577245892147142392
998 766.842000 -0.348344831116624564782 -0.0190658250982001786777 -0.0416335252950477546774 -0.0131310069021171177406 -0.0163714664764033797362 0.99977975161689913719 3.05772444060866854798
999 766.849000 -0.348344609861681142604 -0.0190652268396899159109 -0.0416335054012589231287 -0.0131313502057451032129 -0.0163721925853987544663 0.999779735217573128914 3.05772397021002184658
1000 766.856000 -0.348344419046626552205 -0.0190647424220825728591 -0.0416334701116413408162 -0.0131315768245339661163 -0.0163728163899304959839 0.999779722025588624135 3.05772365406986335046
1001 766.864000 -0.348344199979017665747 -0.0190641717584747530378 -0.0416334079411641022617 -0.0131317998341196912754 -0.0163735850533817048347 0.999779706508196919224 3.05772322429492637852
1002 766.871000 -0.348344028737709088261 -0.0190636889902057529711 -0.0416333259268977934342 -0.0131318778204405333526 -0.0163742379775359166161 0.999779694790589368303 3.05772291222662895294
1003 766.878000 -0.348343865775572136823 -0.0190631994403948970551 -0.0416332221456254397696 -0.0131319091002669603024 -0.0163749235584830475643 0.999779683151161169263 3.05772257407905145854
1004 766.886000 -0.348343673846389145776 -0.0190626122344840151501 -0.0416330893902489562741 -0.0131319507185657501774 -0.0163757845737878202086 0.999779668501974305705 3.05772213927510350118
1005 766.894000 -0.348343527725947788021 -0.0190621495555306809389 -0.0416329388353716411952 -0.0131318852045186635485 -0.0163765311064111261652 0.999779657134458932255 3.05772192453553248725
1006 766.901000 -0.348343373127820987722 -0.0190615309937876009627 -0.0416327668607136130996 -0.0131318028838595460273 -0.0163774267750577857961 0.999779643544139728917 3.05772144175905324914
1007 766.908000 -0.348343246367910253092 -0.0190610177780385879609 -0.0416325942696917639108 -0.013131696546502010306 -0.0163782363770292663241 0.999779631678395674932 3.05772112222665404246
1008 766.915000 -0.348343125445257528749 -0.0190604966562838221145 -0.041632416034824676343 -0.0131315854643246146538 -0.0163790639652933479875 0.999779619579642009342 3.05772080072779273152
1009 766.922000 -0.348343018121019476485 -0.0190599817106081419193 -0.0416322301963790650237 -0.0131314453910690628197 -0.0163798826011788446755 0.999779608007641207301 3.05772052478549438703
1010 766.929000 -0.348342922147114819609 -0.019059559518264823641 -0.0416320633837268250232 -0.0131313609837504334521 -0.0163806330798257730741 0.999779596820528526635 3.05772035376397877116
1011 766.936000 -0.348342805569618774175 -0.019058918115586520603 -0.041631856224146245038 -0.0131312601323836965206 -0.0163816160737066743303 0.999779582039036052166 3.05771991293365541509
1012 766.943000 -0.34834271465341376528 -0.0190584809305384336731 -0.0416316935354401895797 -0.0131311894349652978631 -0.01638235512052590645 0.999779570857860733213 3.05771971434544864721
1013 766.950000 -0.34834262099432811155 -0.0190579480660777317302 -0.0416315111190502795679 -0.013131105087112713431 -0.0163831956272141865405 0.999779558192820605456 3.0577194354080519112
1014 766.956000 -0.348342527165455828619 -0.0190573787596960385338 -0.0416313385438112637527 -0.0131310628769286501238 -0.016384041948175168818 0.999779544878351078552 3.0577190387111343739
1015 766.964000 -0.348342420909750039026 -0.0190568535881669373633 -0.0416311690729071412487 -0.0131310732418105681474 -0.0163849099137527189074 0.999779530517921899424 3.05771877672165315332
1016 766.971000 -0.34834229869803751134 -0.0190561785962983856746 -0.0416309973765471436069 -0.0131311077252862316161 -0.0163858521475873653017 0.999779514622751497299 3.05771826704529381402
1017 766.979000 -0.348342184268685961523 -0.0190556331604771582444 -0.0416308487965354884208 -0.013131180118165925938 -0.0163866916635910901678 0.999779499912369140624 3.05771793170561823061
1018 766.986000 -0.348342057299500906797 -0.0190549553622900019745 -0.0416306924372918663035 -0.0131312683681785915407 -0.0163876133902786345897 0.999779483645475530729 3.05771738185417740752
1019 766.994000 -0.348341928448513082905 -0.0190543039550959726613 -0.0416305421246258716694 -0.013131351777371128714 -0.016388492449231639031 0.99977946814071971815 3.05771689545039970781
1020 767.001000 -0.348341812981057208365 -0.0190537297014774856252 -0.0416304163356551459874 -0.0131314453541841111295 -0.0163892553343521034381 0.999779454406068301964 3.05771643435650863907
1021 767.008000 -0.348341685326957306579 -0.0190531401891153445716 -0.0416303005530161418513 -0.0131315886141763222411 -0.0163900400459455926339 0.999779439660448354665 3.05771592351507637275
1022 767.016000 -0.348341552191482717316 -0.019052571020721161682 -0.041630188932053738271 -0.013131728443733390807 -0.0163908005184445239311 0.999779425356635664812 3.05771546669529170615
1023 767.023000 -0.348341402899310981223 -0.0190518636827774826004 -0.0416300692081641998676 -0.0131318799922229435123 -0.0163916491721425236494 0.999779409452548950554 3.05771476760329408151
1024 767.030000 -0.348341271062144131054 -0.0190512668528309732363 -0.0416299631511673207118 -0.0131319960446183003205 -0.0163923749412676483805 0.999779396028778521988 3.05771420973246010888
1025 767.038000 -0.348341110911104534509 -0.0190505671386545158419 -0.0416298451283580589477 -0.0131321633004182532906 -0.016393242162295946357 0.999779379612552032697 3.05771350130159369485
1026 767.045000 -0.348340982378076924331 -0.019049971227728196288 -0.0416297363398256473066 -0.013132250299372944663 -0.0163939620730052769415 0.999779366665277446913 3.05771293845196145966
1027 767.053000 -0.348340852217062346696 -0.0190493906086782183174 -0.0416296226926845744365 -0.0131323341223452440263 -0.0163946918182915971074 0.999779353597923914343 3.05771240262618615446
1028 767.060000 -0.348340693305663751111 -0.0190486605947588205634 -0.0416295022079497048506 -0.0131324815543361964054 -0.0163955823542828865724 0.999779337057677408573 3.05771161057396678729
1029 767.067000 -0.348340560180754099662 -0.019048044065064544117 -0.0416293924166901835315 -0.0131325536291517133008 -0.0163963151037097958074 0.99977932409417091808 3.05771098771790050819
1030 767.075000 -0.348340410544993706043 -0.0190473373521811081832 -0.0416292597916068443653 -0.0131326364184444141503 -0.0163971856346694366824 0.999779308729663140909 3.05771026674631185571
1031 767.082000 -0.348340276518244784665 -0.0190467083121695565651 -0.0416291420134413531207 -0.0131327230637519817846 -0.0163979777156869031829 0.999779294600446566399 3.05770960423854321064
1032 767.090000 -0.348340136326844906911 -0.0190460015499540370743 -0.0416289994378650635154 -0.0131327566547643111161 -0.0163988435208963258261 0.999779279958243449755 3.05770889420022573546
1033 767.096000 -0.348340029280004515044 -0.0190454640801795624383 -0.0416288914840492324521 -0.0131327960478868962374 -0.0163995155619102057909 0.99977926841743380848 3.05770834331869645339
1034 767.104000 -0.348339885718262576297 -0.0190447391329622919831 -0.0416287461603173369884 -0.0131328639077873884911 -0.0164004353181796368177 0.999779252438734000741 3.057707585963257646
1035 767.110000 -0.348339785644998400915 -0.0190442018590154839297 -0.0416286324930058848626 -0.0131328730262531868933 -0.0164010936668005889716 0.999779241519151096185 3.05770704832249506921
1036 767.114000 -0.348339717761797063034 -0.0190438395951089411984 -0.0416285566664938294634 -0.0131328915599379786316 -0.0164015470839123794766 0.999779233837415182151 3.05770667554414909972
1037 767.121000 -0.348339595086351372366 -0.0190431956332537989651 -0.0416284242906277135443 -0.0131329475918427491382 -0.0164023662541547127214 0.999779219662428553228 3.05770599294195655204
1038 767.128000 -0.348339478521910217435 -0.0190425552021905586386 -0.0416282877399062611889 -0.0131329762367795484235 -0.0164031663701817917445 0.999779206159137956433 3.05770532344641710054
1039 767.136000 -0.34833936818136285174 -0.0190419331045262978097 -0.0416281472118121484427 -0.0131329786212625761188 -0.0164039396558414880822 0.999779193440382019098 3.05770471698658274917
1040 767.143000 -0.348339241080917572102 -0.0190411859689920553995 -0.0416279922206020461251 -0.0131330248727451383978 -0.0164048618704473458951 0.999779177701107801823 3.05770390273514758306
1041 767.151000 -0.348339118648566148373 -0.0190405369438257435211 -0.0416278583507174171352 -0.0131330821648659619438 -0.0164056662304670024255 0.999779163749868082789 3.05770321900265562576
1042 767.158000 -0.348338989982212909879 -0.0190397789122196958722 -0.0416277070896045736648 -0.0131331334737469062474 -0.016406573608492368288 0.999779148186033084222 3.05770238341595979037
1043 767.166000 -0.348338861217434736517 -0.0190390290228013500662 -0.0416275533272754336145 -0.0131331833740145498962 -0.0164074746979231515798 0.999779132743078169376 3.05770156577909579809
1044 767.174000 -0.348338736735942344769 -0.0190382811310260864623 -0.0416273991625556033513 -0.0131332128258491789841 -0.0164083504973901415924 0.999779117982980136681 3.05770075232762694739
1045 767.181000 -0.348338628921833648455 -0.0190376239618189231628 -0.041627263970708164309 -0.0131332478012702522085 -0.0164091211690599002304 0.999779104874996660257 3.05770001905556343402
1046 767.190000 -0.348338473104081169929 -0.0190367534641987523614 -0.0416271001420245034819 -0.0131333626915222309584 -0.0164101589120504154362 0.99977908633302292607 3.05769901415982614523
1047 767.198000 -0.348338341557970443407 -0.0190359841485236054581 -0.0416269555813420233381 -0.0131334344084741219683 -0.016411040268367670103 0.999779070924145862875 3.05769812623859094103
1048 767.206000 -0.348338210231503297987 -0.0190352121707442027698 -0.0416268105421521428244 -0.0131335069789088477316 -0.0164119228981778920995 0.999779055482369671815 3.05769722440633540117
1049 767.215000 -0.348338067348991309302 -0.0190343452098903874459 -0.0416266450244227315114 -0.0131335707760752637419 -0.016412902568071489201 0.999779038562001787227 3.05769620027061073131
1050 767.222000 -0.348337948033551281224 -0.0190336591879962276075 -0.041626521542605418591 -0.013133650462130224898 -0.0164136856202991392173 0.999779024659897874727 3.05769538035265142639
1051 767.230000 -0.348337809283597421572 -0.0190328665343025976719 -0.0416263833976508040857 -0.0131337404344435450254 -0.0164145716703613629706 0.999779008931013457584 3.05769441160256416623
1052 767.238000 -0.348337679668815514145 -0.0190320841385786150568 -0.041626242803740887144 -0.0131338079917355833592 -0.0164154418737054094701 0.999778993755983669267 3.057693472047465999
1053 767.246000 -0.348337546295249433914 -0.0190312932496841599739 -0.0416261027731477661895 -0.0131338857228281268713 -0.0164163228743008267341 0.999778978269250329092 3.05769250776663481517
1054 767.254000 -0.348337413313781318891 -0.0190304995456573033952 -0.0416259628185880747875 -0.013133961038046317385 -0.0164172051454683810834 0.999778962792607805987 3.05769153220755196543
1055 767.260000 -0.348337335898971534043 -0.0190300155021517931886 -0.0416258690198378772385 -0.0131339715752326040982 -0.0164177294811626746374 0.999778954044014733782 3.0576909490410320025
1056 767.267000 -0.348337197931646858073 -0.0190292038477150558806 -0.0416257332093235704606 -0.0131340816427379571824 -0.0164186498330357935616 0.999778937484212870679 3.05768992530989081047
1057 767.275000 -0.348337060219650995752 -0.0190283940477210672393 -0.0416255959561325356022 -0.0131341656737916437359 -0.0164195423479179918036 0.999778921722766833469 3.05768890515548097397
1058 767.281000 -0.348336961113746512719 -0.0190277907176922833621 -0.0416254907160084758333 -0.0131342195945711014832 -0.0164202085322258210798 0.999778910073322202301 3.05768815116686853983
1059 767.290000 -0.348336830182199241879 -0.0190269879031073896325 -0.0416253478347710231811 -0.0131342859321569114389 -0.0164210941263684233327 0.99977889465658609236 3.0576871547695527731
1060 767.297000 -0.348336700026132484176 -0.0190261770917111300294 -0.0416252094271681027937 -0.0131343572181875298255 -0.0164219835189426226207 0.999778879111660745416 3.05768613169823666453
1061 767.305000 -0.348336578399070895262 -0.019025376647760605664 -0.0416250622459480579263 -0.0131343973878647757997 -0.0164228597411663831962 0.999778864191066873879 3.05768512967946604064
1062 767.311000 -0.348336482155642390701 -0.0190247681838561361056 -0.0416249548740904723454 -0.0131344453024475737307 -0.0164235295318345443649 0.999778852559061848027 3.05768436151697375891
1063 767.319000 -0.348336347147293667881 -0.0190239452697246735902 -0.0416248148273999432623 -0.0131345300380292275 -0.0164244357912558883172 0.999778836558175565408 3.05768331158355088917
1064 767.326000 -0.348336232654266664266 -0.0190232256449473363658 -0.0416246912253758899469 -0.0131345905905071967668 -0.0164252148388586878547 0.999778822964117797056 3.05768238359494537448
1065 767.335000 -0.34833609468527909625 -0.0190223110092795980042 -0.0416245294559360462516 -0.0131346380038263235018 -0.0164261890402693892799 0.999778806335742231681 3.05768123078335207765
1066 767.342000 -0.348335996998744623632 -0.0190216926418613381522 -0.0416244193431534736938 -0.0131347006037233898779 -0.016426876996421192062 0.999778794210096743988 3.05768042879059365191
1067 767.349000 -0.348335878668970033711 -0.0190208752324938501488 -0.041624274643846215227 -0.0131347274519591824399 -0.0164277286687635887263 0.999778779863599642574 3.05767937294368463697
1068 767.354000 -0.348335794681763233349 -0.0190203529310733060464 -0.0416241875364830593576 -0.0131347841471745035297 -0.0164282978843735202878 0.999778769765606423192 3.05767869437887185313
1069 767.360000 -0.348335700141265691698 -0.0190197314559335597939 -0.0416240797634522194381 -0.0131348318436303092976 -0.0164289637109109806778 0.999778758197945038866 3.05767788359423420275
1070 767.367000 -0.348335595696754263262 -0.019019010815922162555 -0.0416239506801327346919 -0.0131348692401164895971 -0.0164297264479620168387 0.999778745172595795232 3.05767693987677224854
1071 767.374000 -0.348335494972092152288 -0.0190183772834651085293 -0.0416238439965835177459 -0.0131349446282958831622 -0.0164304171020577018114 0.999778732832152239318 3.05767609749236646266
1072 767.380000 -0.348335385869540159476 -0.0190176473083771488404 -0.0416237218864491040349 -0.013134993525457189234 -0.0164311738612687129046 0.999778719752839495349 3.0576751381565800969
1073 767.388000 -0.348335272026567388526 -0.0190169048107206271891 -0.0416235950027392803685 -0.0131350697534574310799 -0.0164319690000629126114 0.999778705683089130574 3.05767413197846016359
1074 767.394000 -0.34833517222884774478 -0.0190161841247245139153 -0.0416234683519995513068 -0.0131350863168834940814 -0.01643270491004606218 0.999778693370081406044 3.05767318446756686257
1075 767.401000 -0.348335061126233636042 -0.0190154452115901990983 -0.0416233429783538916302 -0.0131351617668985024001 -0.0164335016653891496929 0.999778679282755544655 3.05767218923772432504
1076 767.408000 -0.348334967543967699566 -0.0190148118787161375665 -0.0416232327476851876602 -0.013135206410083661438 -0.0164341658046817662431 0.999778667779458452003 3.05767133763058263085
1077 767.415000 -0.348334854432456042517 -0.0190140651396128665396 -0.0416231103633177973444 -0.0131352785311038399579 -0.0164349485287968478942 0.99977865396534959519 3.05767032424617202224
1078 767.421000 -0.348334744718963418286 -0.0190133219486307673829 -0.0416229922230880594602 -0.0131353292980877778273 -0.0164356964225066473628 0.999778641003766344042 3.05766932165042426561
1079 767.428000 -0.34833463082005250433 -0.0190125697862129766635 -0.0416228699452383943402 -0.0131354126325536231523 -0.0164364911197569067702 0.999778626844284312725 3.05766828351963981802
1080 767.435000 -0.348334524145722024269 -0.0190118267975895628707 -0.0416227452426541078001 -0.0131354656455965022877 -0.0164372603416669954557 0.999778613501375867934 3.05766727470766586094
1081 767.442000 -0.348334415346335801722 -0.0190110782662846616864 -0.0416226199031066029788 -0.0131355223242051177834 -0.0164380359835561082327 0.999778600004157746994 3.05766624691078003906
1082 767.449000 -0.34833432284313570193 -0.0190104327014740011326 -0.0416225112807786790103 -0.0131355684946803767665 -0.0164387008928438861644 0.999778588465104700589 3.05766535615973422679
1083 767.456000 -0.348334211878277510976 -0.0190096741163314139622 -0.0416223896211955768365 -0.0131356321200063203697 -0.01643947203539339319 0.999778574949476195322 3.05766429700798614277
1084 767.463000 -0.348334108154647603683 -0.0190089295666576590937 -0.04162226628643971027 -0.0131356678874585321853 -0.0164402207983039977401 0.999778562167269790883 3.05766328676005327836
1085 767.470000 -0.348333995083979441887 -0.0190081670404744669522 -0.0416221452110529938073 -0.0131357524404010356234 -0.0164410123195376581262 0.999778548040381465078 3.0576622161524213972
1086 767.476000 -0.348333888831013349652 -0.0190074209525978726765 -0.0416220247215348393421 -0.0131358105537706781191 -0.016441780318930874355 0.999778534647068339858 3.05766119541878822474
1087 767.484000 -0.348333774099177484462 -0.0190065654750310175647 -0.0416218803632059236586 -0.0131358368408574233133 -0.0164426269753073159285 0.999778520377709090106 3.05766001058584802053
1088 767.489000 -0.348333692178934117845 -0.0190060183789373046692 -0.0416217955167159509022 -0.0131358960209038734546 -0.0164431926832936947669 0.999778510296209677044 3.05765924862261018191
1089 767.494000 -0.348333610428350481936 -0.0190054684976820181808 -0.0416217087369635252436 -0.0131359623369228691037 -0.0164437685651811424381 0.999778499953293597891 3.05765846379823713619
1090 767.499000 -0.348333535944230054948 -0.019004929375512298606 -0.0416216199001911285604 -0.0131360007597760251874 -0.0164443193830909294151 0.999778490388779195186 3.05765771734499747225
1091 767.505000 -0.348333443973419254469 -0.019004276526095317118 -0.0416215150992365889859 -0.0131360515336249351892 -0.0164449799253459788551 0.999778478856872099279 3.05765680087325097958
1092 767.512000 -0.348333339127979868532 -0.0190035161723865926586 -0.0416213936959837077501 -0.0131361023484518283505 -0.0164457388267986448493 0.999778465706044117134 3.05765573655718903012
1093 767.520000 -0.348333234574727479416 -0.0190027482453007622032 -0.0416212682272840625575 -0.0131361430158259753775 -0.0164464949272117265389 0.99977845273404286619 3.0576546513131548366
1094 767.527000 -0.348333105934435949269 -0.0190018696766044957458 -0.0416211336764522044085 -0.0131362392782593626755 -0.0164473939864854153126 0.999778436679186199854 3.05765339410545466947
1095 767.534000 -0.348333006460963545692 -0.0190011139107682663907 -0.0416210082794854843713 -0.0131362679686757733571 -0.0164481421045087720934 0.999778423994619469539 3.05765234525196039073
1096 767.541000 -0.348332906375484530059 -0.0190003533487819037395 -0.0416208822386575777452 -0.0131363066875098740555 -0.0164488993534418828646 0.99977841102749964719 3.05765126657422081635
1097 767.548000 -0.348332797943303185129 -0.0189995808358825075957 -0.0416207603825924782326 -0.0131363847106377822083 -0.0164496894568406729076 0.99977839700280968227 3.05765015883154456233
1098 767.555000 -0.348332688693459124885 -0.0189988060663045590926 -0.041620639557936059405 -0.0131364554500596492775 -0.0164504673487043638624 0.99977838327412227315 3.05764905021254040918
1099 767.562000 -0.348332583357189640161 -0.0189980339930445815688 -0.0416205198781048335555 -0.0131364999875756179037 -0.0164512124478102469971 0.999778370428703322403 3.05764795065644667815
1100 767.570000 -0.348332474392239577199 -0.0189972445327720208808 -0.0416203958390946454626 -0.0131365769416370674338 -0.0164520033121621674088 0.999778356403694723475 3.05764679029692354462
1101 767.577000 -0.348332353975778774569 -0.0189963696639816499723 -0.0416202590671410771472 -0.0131366447409215561515 -0.0164528779767137874057 0.999778341119287317085 3.05764554538856714316
