19095 658.456000 24.9180785536362137123 0.0363460338321982823206 20.6476312840831823792
19096 658.463000 24.9207459709266530012 0.035717498796806648742 20.644311695450685562
19097 658.470000 24.9175019832882718163 0.0358735731510059288607 20.6410479524075114455
19098 658.478000 24.9174412437022532174 0.0356495959557659655714 20.6377669891931248003
19099 658.485000 24.9175917377239528605 0.0345087928071064614644 20.6342668846703816143
19100 658.493000 24.9191288196216511608 -0.036072705772093774379 20.6337031568394593251
19101 658.500000 24.9178126334006719844 0.0354675035988628317707 20.6318712064386922123
19102 658.507000 24.9190826962965061853 0.0347707259489645620354 20.6301765467881601523
19103 658.515000 24.9226660989142132507 0.0360519037119484547782 20.6313752643702059686
19104 658.523000 24.9182366289228589551 -0.0354103932558574446832 20.6306773840959927213
19105 658.531000 24.92057387730891449 0.0350269596303672339777 20.6305564052854606416
19106 658.538000 24.9208920384893346522 0.0362736738193314214862 20.6327057417746857482
19107 658.545000 24.9185541921563995515 0.0353834691715961546787 20.6328881172479796646
19108 658.553000 24.917706192938823051 -0.0345880498860305085618 20.6331553037733215206
19109 658.560000 24.921863749235978247 0.0364824049486091456229 20.6357334209492506716
19110 658.567000 24.9196032871765673633 0.0349747276105296101001 20.6353396646062172692
19111 658.574000 24.9237817548832190084 0.0358152116411963941656 20.6371881271344683739
19112 658.579000 24.9266410208646469471 0.0369435804871531409121 20.6385010180563313043
19113 658.585000 24.9207583298263415372 0.0352222865301005313987 20.6372283900129147582
19114 658.591000 24.9207849113588579826 -0.0356765958551381948127 20.6380994445832541828
19115 658.596000 24.9260506138011344035 0.0365232011758489308328 20.6392442800438722372
19116 658.603000 24.9232804837499664075 0.0352467465999236548302 20.6377308448484697578
19117 658.608000 24.9215377945528118175 0.0357446634657555967207 20.6385436615585327047
19118 658.614000 24.926149208343421293 0.0363360964050175455631 20.6392110168596865094
19119 658.621000 24.9220162205739192984 0.0352682387390133300631 20.637665589168637581
19120 658.626000 24.9221685473154472845 0.0357431038583255478169 20.6380781298877167274
19121 658.632000 24.9267608120203298938 0.0363069218617869601817 20.6385918699109076613
19122 658.638000 24.9242568129430708268 0.0352605203618320817149 20.636838282563889635
19123 658.645000 24.9244971836768520745 0.0364120025967151622615 20.637846674159959548
19124 658.653000 24.9237914695642004403 0.0361083447348028996338 20.6373413676264547689
19125 658.661000 24.9262281731953727615 0.035736012420175114479 20.6370162673189021518
19126 658.669000 24.9290850481065220379 0.036647941129281644268 20.6373508610037781352
19127 658.676000 24.9255879108557039103 0.0365107124183351380853 20.6370519100348133179
19128 658.681000 24.9266614247887083877 0.035607231737866437693 20.6365454279976177077
19129 658.686000 24.923697613676335294 0.0353852494211780096989 20.6358558921921115825
19130 658.692000 24.9233709931440969854 -0.0349084888388024872086 20.635505870274108986
19131 658.697000 24.9239955228412277677 -0.0356695598119707579787 20.6363847909411468606
19132 658.703000 24.9255149855821436233 -0.0362572825375079149657 20.6369475192006710529
19133 658.709000 24.9236024252978900506 0.0350088224836586359157 20.6358402324477872014
19134 658.715000 24.9241363246458789149 -0.0356643581056767522419 20.636556090348527448
19135 658.722000 24.9264330235221542864 0.035254233758362008011 20.6359969029085199566
19136 658.727000 24.9247056962305748584 0.0351994014128405724451 20.6361934309676264832
19137 658.733000 24.9255983894272965529 -0.0360735675480156059436 20.6371731982560149277
19138 658.739000 24.9262159393682765085 0.0350285679227767890453 20.6360325937411381858
19139 658.744000 24.92701931772995394 0.0352611907292251780532 20.636157181789752002
19140 658.750000 24.9254252686398061201 0.0357213657132545991946 20.6368654326826401757
19141 658.756000 24.9300144907617564627 0.0362923998351543999896 20.6375893456636987366
19142 658.761000 24.9313469021135034609 0.0367317468387391779516 20.6378169282925689743
19143 658.767000 24.925771695925895699 0.0357254059992955647074 20.6367079680157807786
19144 658.773000 24.9294873715669602632 0.035336310810345952782 20.6362875200546724841
19145 658.779000 24.9267946013391998861 0.0361167836640519032687 20.6367193726280042654
19146 658.787000 24.9255320031686657956 0.0340945660503424868848 20.6347122479291193997
19147 658.795000 24.9260744472734394606 -0.034977381051731044892 20.6353394931175806448
19148 658.802000 24.9271105283010747655 0.035949778994871645077 20.636140468843017004
19149 658.810000 24.9253732953526956351 0.0346459412724548013185 20.6348503060809917997
19150 658.818000 24.9262958160685599296 0.0341666640667731280612 20.6341825259379838542
19151 658.826000 24.9296073663487263161 0.0364905912291993636543 20.6362474219971510081
19152 658.834000 24.9279451360860306863 0.0356786924513397829539 20.6356219026244218639
19153 658.841000 24.9291194999973235724 0.0349735819048120344377 20.6347492174541287113
19154 658.849000 24.9297847942015415867 -0.0362404752420836251403 20.6361245449365746651
19155 658.857000 24.9295712302318897002 0.0361368679409931545243 20.6361089744822763237
19156 658.866000 24.9339039891329754539 0.0365435044539793238427 20.6367140895190495087
19157 658.874000 24.9288854370572927621 -0.0350661699574728591422 20.6351443014682622845
19158 658.881000 24.9355980859855357323 0.0370106310197400659168 20.6371115595102452289
19159 658.889000 24.9354939260133470214 0.036902304896227991482 20.6371669913147002262
19160 658.897000 24.9305266763704160837 -0.0360567684977086064246 20.6364271508867673788
19161 658.905000 24.9299946848532201216 0.0357144656675011176739 20.6361372172955555016
19162 658.913000 24.9301364614854605861 0.0351970106438796170867 20.6355815449277848472
19163 658.921000 24.9297852233378023357 0.0350968862937703907079 20.6355148442073108583
19164 658.930000 24.928875805852587888 0.0346708173580160400329 20.6351657724969683727
19165 658.938000 24.929843495161112088 0.0341909498706974776527 20.6345613512269068224
19166 658.946000 24.933138756268593994 0.0365125637502098990272 20.636625023719712857
19167 658.954000 24.9323551937262628542 0.0361278530692182089923 20.6363549924341498354
19168 658.962000 24.9348211168226185919 0.0357474261627252348772 20.6361968997269222825
19169 658.970000 24.9376909002159550255 0.036656562139230387809 20.6366209497195924882
19170 658.978000 24.9346502857785807805 -0.0366559775042739482975 20.6363774788924416725
19171 658.986000 24.9326139204437247088 0.0354801197325027295459 20.6351434006521756714
19172 658.994000 24.9359100245220624004 0.0351441614872262664271 20.6350238874050155857
19173 659.002000 24.9344647752261785456 0.03519357276588731126 20.6345625477720346908
19174 659.010000 24.9333016126627953213 0.0359514463703336298317 20.6354773843346066542
19175 659.017000 24.9323952993657229626 0.0341663426383903498507 20.6337357403598744554
19176 659.026000 24.9325052841474814613 0.0341741715796927691962 20.6337074438045888769
19177 659.034000 24.9372039931938829227 0.0353656607078356791107 20.6349482773790349199
19178 659.042000 24.9358595822537800757 0.0365439080621955195149 20.6358633633830450549
19179 659.049000 24.9326187099491640708 0.0346269935835731845764 20.6342230437745293159
19180 659.057000 24.9376552928211410176 0.0356138930384633095594 20.635460766378468378
19181 659.066000 24.9368713230628742394 -0.0364551368005935280681 20.6358462223803122981
19182 659.073000 24.9390621068525746296 0.0360207621447008949356 20.6357677568499511267
19183 659.081000 24.936888521448619116 0.0350571433893480180477 20.6343532437958501191
19184 659.089000 24.937577515082523405 0.0354011014819385974595 20.6346290518156578742
19185 659.097000 24.9371975633738998113 0.0351579852890304897506 20.6344932265146994155
19186 659.105000 24.9395494083079078962 0.0357916678363034562738 20.6355659594996971862
19187 659.112000 24.9381770646955018833 0.0352878387637821089307 20.634497396482892384
19188 659.120000 24.9367920234170910021 0.0354242255613962178651 20.6347543897066572072
19189 659.128000 24.9368657753998661519 0.0346530854010989805558 20.6340839734071082034
19190 659.137000 24.9370342748970230673 0.034633954503616608267 20.6340351192071764785
19191 659.144000 24.9369794628487326804 -0.0356559390531642900202 20.6350299834114814246
19192 659.152000 24.9373111207282107671 -0.0356119423868222831353 20.6349559101448463139
19193 659.160000 24.9395896928370746082 0.0352387580097375599508 20.6342798815777399568
19194 659.169000 24.9398707246508308799 0.0352369190420782837925 20.6342310316485573196
19195 659.176000 24.9401422412710545018 0.0363967316233966553529 20.6355143220716783503
19196 659.184000 24.9394810645983220354 0.0361034472528897268373 20.6352984081323640453
19197 659.192000 24.9419695997039170265 0.0357363816464425290698 20.6352055071092017613
19198 659.200000 24.9448807972514039477 0.0366525052608717566427 20.6356983476140456446
19199 659.207000 24.9414254693963748366 0.0365160591785326088532 20.6354678861503728626
19200 659.215000 24.940473551386752149 0.0360872759637233184171 20.6351510868901364404
19201 659.222000 24.9378815975479746214 -0.0346421285740319551127 20.6337291503847666263
19202 659.230000 24.941935999341090735 -0.036351427039129878549 20.6351806861812754335
19203 659.235000 24.9384992086981966963 0.0346269286731848008332 20.6336734233393954696
19204 659.240000 24.9468175194404899742 0.0370940930218180558997 20.635839708124343872
19205 659.245000 24.943701538641825266 0.0357425324228745969202 20.635007848827871868
19206 659.253000 24.94659040417824869 0.0366536106322197519081 20.6355141582908743203
19207 659.261000 24.9435687388436519996 -0.0366528427092250169705 20.6353522532159487923
19208 659.269000 24.9422399111381807302 0.0350551864232118357001 20.6337710317587941233
19209 659.276000 24.9430926642695176554 -0.0350538274467486477004 20.6336598453491752991
19210 659.283000 24.9442972057803551422 -0.0366414533023964317238 20.6352787766865084507
19211 659.291000 24.9441762810469924716 0.0364956389242827999864 20.635206187963468949
19212 659.299000 24.9430245537218731045 0.0350033642144862572332 20.6336694191457290515
19213 659.307000 24.9438116385252115492 -0.0348533155673856342993 20.6334271677769862663
19214 659.314000 24.9452922003839354659 -0.0366532766692455325153 20.6351927179878344987
19215 659.322000 24.9451929836127881401 0.0364959110146291371146 20.6351020229757793345
19216 659.330000 24.9440269118043325136 0.035000629367929192437 20.6335672687744988707
19217 659.338000 24.944826752211536558 -0.0348531331578928807446 20.6333255668875992228
19218 659.345000 24.9462950462312242905 -0.0366506374356073069687 20.6350815459331045076
19219 659.353000 24.944277166319110961 0.0354810183272888865491 20.6339224485388470498
19220 659.361000 24.9476039641655447099 0.0351473202552099392437 20.6338555611304421689
19221 659.368000 24.9509718164370610793 0.0370958013002310252326 20.6354313772345108191
19222 659.376000 24.9447717233613737164 0.0353896272585713239645 20.6337739043002663664
19223 659.383000 24.9445079602300303634 -0.0349103297940285481338 20.6333625954496575616
19224 659.391000 24.9462249983303721024 0.036283987190111062493 20.6346384952380716982
19225 659.399000 24.944893819070191654 0.0349574090365638301403 20.6334108142827972188
19226 659.407000 24.946830687241391189 0.0349821319204038430617 20.6332420174507973343
19227 659.414000 24.9466942499815012013 0.0360523425693616214605 20.6343960243836797019
19228 659.422000 24.9462135423761637298 0.0356727011653743264485 20.6340412120119722772
19229 659.429000 24.9475599024750813726 0.0349860692975879766786 20.6331557126394820045
19230 659.437000 24.9512133032137910504 0.0362676092134383426524 20.6347321559852652229
19231 659.445000 24.9467740407507854172 -0.0356052758600906293918 20.6338643994644890256
19232 659.453000 24.9472731697991854105 0.0357386474056100647556 20.6339353015821806991
19233 659.461000 24.9468686402452100026 0.0349987748207935336908 20.6332103287763430899
19234 659.468000 24.9521575353579159184 0.0362714614880374208727 20.6346330502257053752
19235 659.476000 24.9477921125315837969 -0.0356070728164392252824 20.6337632977431049142
19236 659.484000 24.9483433392999067735 0.0352114099256299051266 20.6332246406780264181
19237 659.492000 24.9485969815535995053 0.0352731887764120496942 20.6332559308564107425
19238 659.500000 24.9499719098265586581 0.0350032503412142162458 20.6329246894026319126
19239 659.507000 24.9488281063869834497 -0.0356064270638422469828 20.6336588406534779949
19240 659.515000 24.9493695656525424909 0.0352122286251369057131 20.6331202249791161307
19241 659.523000 24.9513990546816586402 0.0352332112775841505004 20.6329700179927542081
19242 659.531000 24.9555116078091536735 0.0367095568775557268282 20.6347054384079555689
19243 659.539000 24.9549665884370845959 0.0364457770215811521775 20.6345013004335164908
19244 659.547000 24.9501679224784105315 -0.0355984672146749184241 20.6335099243891306742
19245 659.555000 24.9506942811963732254 0.0352125373213267381378 20.6329782335299185547
19246 659.563000 24.9527212021921549479 0.0352322657502277813979 20.6328232556749995297
19247 659.571000 24.956834991407518487 0.0367074602664945945363 20.6345566632304731058
19248 659.579000 24.953304385969889978 0.0363917397393636599112 20.6340898235291660967
19249 659.586000 24.9509750183020706515 0.0354789559502425647097 20.6333463921790709605
19250 659.591000 24.951660211133997791 -0.0352132465093489485652 20.6328147389527423172
19251 659.596000 24.9530748357477065724 0.0361169709895626384055 20.6338347227403211548
19252 659.601000 24.9555320047878943512 0.0357805178728268433175 20.6337303339585780293
19253 659.606000 24.9542732152035569015 -0.0364085208701711363077 20.6340087456181571213
19254 659.611000 24.9524869438747742834 0.0346261818218991657137 20.6322790911375122391
19255 659.617000 24.9528048207649035817 0.0353025913839877386602 20.6327972337548217752
19256 659.622000 24.9529285800171969356 0.0356817863984994904092 20.6333146898339805375
19257 659.629000 24.9542381421671208841 0.0349986818295168686244 20.6324693958810527761
19258 659.636000 24.9540339425760748782 0.036047511264817158616 20.6336156575719549267
19259 659.644000 24.9535618232160842922 0.0356723510039114524717 20.6332674031120077984
19260 659.652000 24.9531605493111072747 0.0349785845604422968025 20.6325337097848517942
19261 659.660000 24.9601629855424000937 0.036795059384488938703 20.6342665777351008671
19262 659.668000 24.9562972616124412184 -0.0364049747737803519598 20.6337926832351747919
19263 659.676000 24.95573106806963537 0.0361287505120329033304 20.6335735275751410711
19264 659.684000 24.9549042949142894088 -0.0356606225330587112143 20.6331314526613560645
19265 659.692000 24.9570213811534777903 0.035151306629933050385 20.6322883903470604139
19266 659.700000 24.9618286054424771692 0.0370005758214539126616 20.6342409341603207906
19267 659.707000 24.9567700250513482274 0.0361313527820279617453 20.6334626851535034575
19268 659.715000 24.9559237784266230165 -0.035658251231127958969 20.63301775482224798
19269 659.721000 24.9575741106151625104 -0.0362484745707892172528 20.6334897901972773582
19270 659.727000 24.955704385385605093 0.0349975420161712236222 20.6322748599016065896
19271 659.732000 24.9584320047783450036 0.0352775110820839551962 20.632214278731840551
19272 659.737000 24.9566549960533698993 0.0356575342379227833156 20.6329350872716901222
19273 659.742000 24.9566145642517938086 -0.0351164802437815073977 20.6322386902330165981
19274 659.747000 24.9581032424906119616 -0.0361315398340109963926 20.6333233490626923867
19275 659.753000 24.9582812512402263394 0.0349788098270697178638 20.6320269792744284132
19276 659.758000 24.9592109266027541992 0.0352318855003613956578 20.6321345420866464337
19277 659.764000 24.9576416382298802432 0.035691599498611947805 20.6328313976413539876
19278 659.768000 24.9577656303540464933 -0.0352081754784594747054 20.6322262997952527996
19279 659.773000 24.9588719181763778465 0.0361368415293617448181 20.6332180087244836386
19280 659.778000 24.9615029775870524986 0.0353184093269128182579 20.6324878923253045571
19281 659.784000 24.9608368013848433975 -0.0366384145297182287071 20.6335236775686254873
19282 659.790000 24.9616526139370655812 0.0357360623640944966017 20.6331255006188527545
19283 659.795000 24.9604085037149907578 0.0365402327334560309002 20.6333865523733344105
19284 659.800000 24.9621130015110530564 0.035139926056802481269 20.6323001950183559927
19285 659.805000 24.9611102782803548905 0.0365112864639782624954 20.6334091137236192992
19286 659.810000 24.9622286467144256505 0.0356085659998930867398 20.6329237105643343853
19287 659.815000 24.9593066855454388531 0.0353839054780009168444 20.6322228353050256544
19288 659.821000 24.9610757973551109501 0.0350469739000430560716 20.6317502019807825775
19289 659.826000 24.9636652099957778717 0.0360133124525860298659 20.633150368283732945
19290 659.834000 24.9615067580528666724 0.0350466052411357031904 20.6316974878661554271
19291 659.842000 24.9622018884375691528 0.0353876525035673669684 20.6319361794114364272
19292 659.849000 24.96123170907589639 -0.0360348343857379571631 20.6328791504616084751
19293 659.857000 24.960734355097201842 -0.0356906804744869660118 20.6325092265394722801
19294 659.864000 24.9627009351199866671 0.0352116029642310784942 20.6317465515545173105
19295 659.870000 24.9611627388511898573 0.0356918058307612445779 20.6324568876090808089
19296 659.877000 24.9624809501110291876 0.0349966544200484910854 20.6316024861362947718
19297 659.885000 24.9660736777783327511 0.0362630725284575766709 20.6331698604841875522
19298 659.891000 24.9636201406444229178 0.0352291168518869546311 20.6316727783218176739
19299 659.898000 24.9628400925857505399 -0.0360417616543932881057 20.632716459129088804
19300 659.905000 24.9621893200752005271 0.0357009302353943069885 20.6323652390278979851
19301 659.911000 24.9659284619849870523 0.0353165462809788208154 20.6320299491443819306
19302 659.919000 24.9625543057290109061 -0.0352084656283515110009 20.6316673199539195593
19303 659.926000 24.9693588970314053199 0.0370024084678498149659 20.6334429173240927469
19304 659.933000 24.9642714715802220837 0.0361263808970174668533 20.6326678390245490391
