3287 783.170000 -0.309881917109124327414 0.0233523305667610626968 -0.0541793019607841458418 -0.0353305324424834504837 -0.0670994992037665799467 0.997120559753901680722 2.91420569063630496842
3288 783.176000 -0.309883281578932745504 0.0233453228897167741618 -0.0541796564234286667783 -0.035335579244430127821 -0.0670866612406058326901 0.99712124474561714127 2.9142221881006573625
3289 783.181000 -0.309884540795279772585 0.0233392158493042657652 -0.0541794853230187292703 -0.0353389845581571354627 -0.0670749798342803182916 0.997121909924072236109 2.91423626035932414879
3290 783.188000 -0.309886411983980480933 0.0233311724150007046563 -0.0541782673667120517891 -0.0353409704726697290744 -0.0670593785878570713965 0.997122888890562220077 2.91425463090689351731
3291 783.194000 -0.309888515927034979835 0.0233229517511212326719 -0.0541771518376121391514 -0.0353421977485877808478 -0.0670443368943871992327 0.997123856874707281683 2.91427396312715591975
3292 783.198000 -0.309890754264323609046 0.0233148821915769959012 -0.0541769331302433126973 -0.0353436491330371693742 -0.067030913709485370755 0.997124707884240790712 2.91429380095022461106
3293 783.202000 -0.309892628156983263032 0.0233088532322036634525 -0.0541758992926395857581 -0.0353424308692939989629 -0.0670211017264306097019 0.997125410619759788844 2.91430862985564997913
3294 783.207000 -0.30989532252776041954 0.0233008038342753555361 -0.0541739973079290310087 -0.0353390214191722229486 -0.0670086600189280651163 0.997126367642337863018 2.91432869366753743989
3295 783.214000 -0.309898728250337984758 0.0232912860254227450929 -0.0541723752850168660533 -0.0353346859653438996607 -0.06699541839799483256 0.997127411057086687762 2.91435324688908270474
3296 783.221000 -0.309902507272024840823 0.0232813870590830168661 -0.0541704337805715419041 -0.0353284959583373830982 -0.0669829726344596393384 0.997128466522931411475 2.91437939127093237346
3297 783.227000 -0.309906991319102487203 0.0232704636448764733136 -0.0541691730946710220396 -0.0353214822658982977033 -0.0669708124065120646851 0.997129531794215706597 2.91440912623773540346
3298 783.234000 -0.309911709825328396395 0.0232595551665629209082 -0.0541677968614216742704 -0.0353130622208578520693 -0.0669601941308040488066 0.997130543127905055734 2.9144395016798263498
3299 783.241000 -0.309916430140071863519 0.0232491539318057764685 -0.0541667393671514882381 -0.0353043468620768963184 -0.0669514939923975538338 0.997131435942538058015 2.91446912685941672549
3300 783.247000 -0.309920368853479510918 0.0232407966624758113849 -0.0541661019683952887904 -0.0352969669184269169149 -0.0669455333980956968087 0.997132097409567874635 2.91449338485989084546
3301 783.254000 -0.309924723383109890218 0.0232318483048823687387 -0.054165664833348808882 -0.0352887754439538195439 -0.0669402339172648491727 0.997132743124388598588 2.91451980184897507797
3302 783.261000 -0.30992871367498919799 0.0232238872443245626676 -0.0541655267959299385749 -0.0352812900679924656977 -0.0669365689922533507739 0.99713325403512809153 2.91454369259525636338
3303 783.268000 -0.309932254681719920875 0.0232169987377797600037 -0.054165636894122626277 -0.0352746941378126871447 -0.0669343440565385722207 0.997133636750463181464 2.91456467008415032183
3304 783.275000 -0.309935290329179158331 0.0232112198706351663402 -0.0541659319011567885749 -0.0352690920661218251797 -0.066933333370021330655 0.99713390275770341642 2.91458250173794741755
3305 783.282000 -0.3099374434778899845 0.0232070064391217863176 -0.0541664964736305876158 -0.0352654243214630749859 -0.0669336365061413418598 0.997134012132517177918 2.9145958872661026362
3306 783.289000 -0.309939491594914851014 0.0232032311564555338013 -0.0541669492984353240228 -0.0352617267016269095303 -0.0669341906229509037152 0.997134105702773609892 2.91460777040750462774
3307 783.295000 -0.309941053632435625786 0.0232005536872637030399 -0.0541671973759875052812 -0.035258717888256956019 -0.0669348936178574549505 0.997134164909237563634 2.9146160720713676362
3308 783.302000 -0.309942123460391349976 0.0231985902797145170096 -0.0541676070250360491842 -0.0352569304569882585598 -0.066936195101603424007 0.997134140745402075545 2.91462236606579949694
3309 783.309000 -0.309942785180941038359 0.0231973292636544897727 -0.0541679341860369853445 -0.035255975647239486126 -0.0669374982431062415245 0.997134087026471882531 2.91462642345835387658
3310 783.315000 -0.309943080448551289141 0.0231966855989555430229 -0.0541681348837480119984 -0.0352557473555561440293 -0.0669384602625767155537 0.997134030517501046553 2.91462848300552979097
3311 783.322000 -0.309943174702388413166 0.0231962961038103959721 -0.0541682727331341817845 -0.0352560782151972035292 -0.0669392501579944426693 0.997133965792545651219 2.9146296873651178494
3312 783.330000 -0.30994308067563303144 0.0231959952381447440106 -0.0541683359120292765021 -0.0352569632151230397121 -0.0669395912173651186361 0.997133911604905498471 2.91463058211400571906
3313 783.337000 -0.309942864348856650381 0.0231959028632765969224 -0.0541682734970715673573 -0.0352582141602849410966 -0.0669392761220111570664 0.997133888525752909437 2.91463070505924504161
3314 783.344000 -0.309942596404027992385 0.0231957378625095786417 -0.0541681706192711845405 -0.035259788837969527342 -0.0669383574399583652914 0.99713389451685074949 2.91463103207177853804
3315 783.351000 -0.309942284453591954119 0.0231954591923136180243 -0.0541680999988997796679 -0.0352619412741343313256 -0.0669366724811034236042 0.997133931513082494291 2.91463173831298227867
3316 783.357000 -0.309942118941239297403 0.0231948852526279447606 -0.0541680355663896329066 -0.0352635737734120213727 -0.066934878503718514553 0.997133994207608842508 2.9146334335557546602
3317 783.363000 -0.309942060971804655978 0.0231940454161364030539 -0.0541679412270008528441 -0.035264810723762210487 -0.0669329757449948770098 0.997134078187350447742 2.91463596792817725145
3318 783.367000 -0.309942002214596779019 0.0231932893596971043126 -0.0541680785289019237072 -0.0352666042820954581116 -0.0669308217507012526148 0.997134159339748027406 2.91463845903247209534
3319 783.373000 -0.309942094168713322411 0.0231919963387457947479 -0.0541680636201068155255 -0.0352677005581238031673 -0.0669284874738601681665 0.997134277247454736681 2.9146425387502246096
3320 783.378000 -0.30994223991863134593 0.023190657647131452529 -0.0541681568616752331935 -0.0352687985870642622954 -0.0669261600649193461043 0.997134394625513675869 2.91464689084506067829
3321 783.382000 -0.309942443664383004975 0.0231892867378929862232 -0.0541683415141534022053 -0.0352698444138467501197 -0.0669238744021316278587 0.997134511041529947306 2.91465147288073289644
3322 783.387000 -0.309942699106959818067 0.0231877471980798700868 -0.0541684393040063327796 -0.0352704116653853941288 -0.06692179593282844563 0.997134630473778593718 2.91465650490110350646
3323 783.391000 -0.309943042544373825731 0.0231860510079134052308 -0.0541686850909395348208 -0.0352711303068000969763 -0.066919454676824113859 0.997134762182443012968 2.91466225370947595863
3324 783.395000 -0.309943383229169699966 0.0231844451877907184456 -0.0541688790562101715742 -0.0352715117753120005473 -0.0669175140506348548053 0.99713487892579866223 2.91466766440537350391
3325 783.400000 -0.309943779904016392113 0.023182580061665319926 -0.0541690844014198341627 -0.0352717378527994604442 -0.0669155377698894132665 0.997135003554588839059 2.91467392538849701111
3326 783.404000 -0.30994419792268096403 0.0231808164375656641787 -0.0541693267443807552342 -0.0352718830142349573653 -0.0669137139486174065128 0.997135120810731745422 2.91467995194100826239
3327 783.411000 -0.309944912828178875674 0.0231778551293589617222 -0.0541697324004000863029 -0.0352718829686468893225 -0.0669110829591845340802 0.99713529736394113101 2.91469028462698664939
3328 783.419000 -0.309945979881972144554 0.0231739434264226148996 -0.0541702866676591621165 -0.0352715054038982359086 -0.0669080752245744397877 0.997135512543949831255 2.91470419259680912916
3329 783.427000 -0.309947203150872652166 0.0231697890882450706351 -0.054170854424417630435 -0.0352703869394755328837 -0.0669050890624703492593 0.997135752474397230039 2.91471883198044956487
3330 783.436000 -0.309948307923569477129 0.0231659279353523608891 -0.0541713561589884651237 -0.0352690203815949690491 -0.0669029685413547181572 0.997135943089846321641 2.91473248832119136154
3331 783.443000 -0.309949370362665732603 0.0231626324487794882367 -0.0541716929483261749878 -0.0352672692663880266162 -0.0669012645923071497256 0.997136119351035299374 2.91474432541227645999
3332 783.452000 -0.309950393483220842938 0.0231592990834038753301 -0.0541719861219963905175 -0.0352653535215490462895 -0.066900083244844144037 0.99713626636625385391 2.91475643756954294616
3333 783.460000 -0.309951324870255617849 0.0231564784122943317923 -0.0541721148377865696633 -0.0352632827094455300609 -0.0668992430205514326813 0.997136395973906242141 2.914766846078850282
3334 783.468000 -0.309952162219162496992 0.0231540190764676842572 -0.0541721110984518944287 -0.0352611714807541526406 -0.0668987048043161863786 0.997136506743840800304 2.91477605529301619924
3335 783.476000 -0.30995290347730908298 0.0231519036988416596068 -0.0541719895802012241237 -0.0352590970240473713937 -0.0668983537479452133878 0.997136603652109321239 2.914784159893125004
3336 783.484000 -0.309953537544212287536 0.0231501208641179991032 -0.0541717685869411713639 -0.0352571648063326886779 -0.0668981385084060631296 0.997136686414620498908 2.91479111925106204595
3337 783.493000 -0.309954140118890442146 0.0231484416007471799359 -0.0541714336405564739207 -0.0352552239829820937556 -0.066897926663519319268 0.99713676924985172878 2.9147978419295310637
3338 783.499000 -0.309954524957721577749 0.0231474633726491650643 -0.0541711512076948897842 -0.0352539699589580618477 -0.0668976723498716369098 0.997136830648784222575 2.91480195725965174347
3339 783.504000 -0.309954773335781141874 0.023146738860795049858 -0.0541709378067229754827 -0.0352531867757449809964 -0.0668974865390849493529 0.997136870804057218187 2.91480498241505836532
3340 783.508000 -0.309954986232958529246 0.0231461971380762868145 -0.0541707425963622660192 -0.0352525614131424178121 -0.0668972188949371326938 0.997136910869282577785 2.91480737955534019434
3341 783.515000 -0.309955227729602378339 0.0231452420791819768464 -0.0541705159383607942614 -0.0352519124677614301144 -0.0668969534780033125987 0.997136951618345812598 2.91481119895996165781
3342 783.523000 -0.309955537205457209993 0.0231441859879170895586 -0.0541702459111104567269 -0.0352512705107122514825 -0.0668963002681597362908 0.99713701813633059956 2.91481570769478759431
3343 783.531000 -0.309955831804330117496 0.023143082144825702362 -0.0541700476980555983841 -0.0352509079908521968938 -0.0668954526522041875713 0.997137087817055012273 2.9148203919328894429
3344 783.538000 -0.309956093584971448252 0.0231420270803166239215 -0.0541699505248540227886 -0.0352507867567631583139 -0.066894530277582520128 0.997137153982324941914 2.91482485772839039484
3345 783.546000 -0.309956403588273587957 0.0231406964290845409971 -0.054169928537301369198 -0.0352508494083492232574 -0.0668933204349866639138 0.997137232930940253794 2.91483039541364252756
3346 783.554000 -0.309956745486236640019 0.0231391891244527581062 -0.0541700071381596703901 -0.0352510531830954668142 -0.0668919246588708937828 0.997137319362240370779 2.91483662579958613392
3347 783.563000 -0.309957126215369638267 0.0231373541669725110714 -0.0541701922725888462828 -0.0352513720761914936541 -0.066890403520425925632 0.997137410131432533333 2.91484398205498473899
3348 783.571000 -0.309957585362364673731 0.0231353978729588113938 -0.0541704639459642742216 -0.0352517562284631533198 -0.0668885994149317070212 0.997137517572735609939 2.9148520215964941471
3349 783.578000 -0.309958036199695419199 0.0231335064489016015155 -0.0541707574826752885633 -0.0352520652220088825946 -0.0668869456460124273134 0.997137617583315649661 2.91485972919059754815
3350 783.583000 -0.309958347926819088869 0.0231321453825458107911 -0.054170976362418687966 -0.0352522245753309620975 -0.0668858783014252555876 0.997137683545425645981 2.91486519380249964328
3351 783.589000 -0.309958736664966538754 0.0231304566223007428138 -0.0541712500065992738629 -0.0352523749766498056823 -0.0668846152223139256421 0.99713776295207501299 2.91487193591328219711
3352 783.595000 -0.309959080729938274423 0.0231288502929217001935 -0.0541715059545226224058 -0.0352524729185358237649 -0.0668835764631535850677 0.997137829165369304896 2.91487821974073835207
3353 783.603000 -0.309959642095637644132 0.0231264792686218245699 -0.0541718691097504284615 -0.0352524811315780978171 -0.0668819625551975438515 0.997137937127473339416 2.91488763593402167018
3354 783.611000 -0.309960228881531463241 0.0231240648478977933733 -0.0541722096721622761728 -0.0352523232586829729507 -0.0668803915859385034182 0.997138048078688443709 2.9148972426519792478
3355 783.619000 -0.309960821616012016655 0.0231216602244909107122 -0.0541725111753626753508 -0.0352520208083740294036 -0.0668789162141189136301 0.99713815772687719452 2.91490678488434040716
3356 783.627000 -0.30996141771568813672 0.0231192920028819789979 -0.0541727601448045575916 -0.0352515659743641504575 -0.0668775305270777054023 0.99713826674486560897 2.91491616647924889349
3357 783.635000 -0.309962014330428137221 0.0231169768382450020738 -0.054172954913720067216 -0.03525096194242923614 -0.0668762076446830222576 0.997138376822995775584 2.91492537295302200917
3358 783.643000 -0.3099625938448667406 0.0231147516961380354583 -0.0541730929332774405194 -0.0352502566886870385976 -0.0668749815542353381881 0.997138483985801515885 2.91493421072296721164
3359 783.651000 -0.309963157086628804393 0.0231126228511467461668 -0.0541731745604348141621 -0.0352494632867739049464 -0.0668738305415121914166 0.997138589227545391047 2.91494266271819713054
3360 783.658000 -0.309963636729793490243 0.023110835258735640263 -0.0541732095767880408865 -0.0352487131303383452452 -0.0668728545498028098537 0.99713868120087290059 2.91494980112525592375
3361 783.666000 -0.309964161159870299489 0.023108891407593337014 -0.0541732103156095934349 -0.035247835647371932033 -0.0668718007378002743391 0.997138782892461605911 2.91495754814344998351
3362 783.673000 -0.309964605509964574726 0.0231072579052364959762 -0.0541731901910231794517 -0.0352470568348761600919 -0.0668708880966658036904 0.997138871627037737255 2.91496410523015692107
3363 783.681000 -0.309965090935664877581 0.0231054712902583891942 -0.0541731479725801184921 -0.0352461941080036630924 -0.0668698818200179345705 0.997138969605680269837 2.91497126786197080506
3364 783.689000 -0.309965564277850991193 0.0231037368801445576472 -0.0541731015166653437354 -0.0352453593706553436338 -0.0668688598614154972033 0.997139067644863597017 2.914978280675903477
3365 783.697000 -0.309966018397957177033 0.0231020521375321988278 -0.0541730601374941986292 -0.0352445948400203490358 -0.0668678504573814863621 0.997139162358881669945 2.91498510457052040223
3366 783.704000 -0.309966411831568089408 0.0231005926913228111508 -0.0541730331469176262793 -0.0352439724536886545003 -0.0668669486987955585811 0.997139244828622928196 2.91499104251463592163
3367 783.711000 -0.309966841760995592825 0.0230990818932648098172 -0.0541730210877663653779 -0.0352433534929984318418 -0.0668658943756667289993 0.997139337406718562207 2.91499732834973057649
3368 783.719000 -0.309967283184906572391 0.0230974099158595055914 -0.0541730311882435422444 -0.0352427885006508234689 -0.0668648358103317852486 0.997139428360325097422 2.91500416809572415744
3369 783.727000 -0.309967685749124644001 0.0230957687952343254656 -0.0541730721092097133873 -0.035242337083105722273 -0.0668638840262387595947 0.997139508138077057531 2.91501081094019287576
3370 783.735000 -0.309968137083524386544 0.0230940339562771823623 -0.0541731365230581352055 -0.0352418994904054455608 -0.0668627750131655651522 0.997139597969033952829 2.91501794778976064393
3371 783.742000 -0.309968543147232711288 0.0230924711538979983427 -0.0541732171206967261234 -0.0352415521730400083111 -0.0668617662624024777784 0.997139677885052755357 2.91502441592105165924
3372 783.749000 -0.309969005082749049507 0.0230907963216879508206 -0.0541733165170106417685 -0.0352412013976790491898 -0.0668605994252097907138 0.997139768522221636715 2.91503145128727192414
3373 783.757000 -0.309969440253742123392 0.0230889980184095337801 -0.0541734442030598756235 -0.0352409132829184096325 -0.0668595636838730661422 0.9971398481532007807 2.91503877481288098394
3374 783.764000 -0.309969925304319993131 0.0230872306390438805646 -0.0541735747775796069869 -0.0352406047465370075855 -0.0668583595068470704081 0.997139939798397434423 2.91504619436381373632
3375 783.772000 -0.309970379616771762876 0.0230853554071061145558 -0.0541737239309967588685 -0.0352403376372299667607 -0.0668572959042580267086 0.997140020552572337031 2.9150538268885015647
3376 783.779000 -0.309970832234885751433 0.0230836067534096467391 -0.0541738618996960574759 -0.0352400644063401227712 -0.0668562178447428823169 0.997140102491186119948 2.91506104175776181719
3377 783.787000 -0.309971352227606133933 0.0230815870790355842646 -0.0541740222844665636481 -0.0352397509116021759312 -0.0668549865657103725702 0.997140196124389976973 2.91506935817244228204
3378 783.792000 -0.309971737085797449662 0.0230802134497209640585 -0.054174129299885548372 -0.0352395013758523140135 -0.0668540458747762661451 0.99714026801295863045 2.91507513060939471572
3379 783.797000 -0.309972065497443605153 0.0230789385115121696568 -0.0541742240185622142556 -0.0352392878187464259065 -0.0668532776341900919492 0.997140327067155385343 2.91508034663440351864
3380 783.801000 -0.309972389125616420991 0.0230778083129912943428 -0.0541743093740101183675 -0.0352390566698102397636 -0.0668524778058571939043 0.997140388860184190278 2.91508511765435018859
3381 783.806000 -0.309972659686948592839 0.0230766370627341413369 -0.0541743894689454136282 -0.0352388717658721900561 -0.0668518791230284098459 0.997140435532723024004 2.91508976911242534413
3382 783.811000 -0.309972992194726792992 0.0230753560683326294778 -0.0541744775128575051237 -0.0352386185968458429119 -0.0668510911928803241988 0.997140497305022299734 2.91509501803449166957
3383 783.817000 -0.309973384870319168538 0.0230738327474383289606 -0.0541745760471251946999 -0.0352383093604391392506 -0.0668501617482253479574 0.99714057054542426517 2.91510122840611263229
3384 783.825000 -0.309973845968645522753 0.0230719215946456682187 -0.0541746879910387571511 -0.0352379286138126551764 -0.0668491054438512949387 0.997140654816743854383 2.91510886832845361738
3385 783.832000 -0.309974351005746606713 0.0230700750671732346397 -0.0541747955412683890319 -0.0352374719065075697744 -0.0668478525683866564577 0.99714075494918641418 2.9151164965420934827
3386 783.840000 -0.309974852895821273435 0.0230681112370564184166 -0.0541748981009861699243 -0.035236995674575465054 -0.0668466359164246182178 0.997140853341435984269 2.91512444959392569288
3387 783.848000 -0.309975299404967874484 0.0230662595819542820541 -0.0541749836797931622057 -0.0352365445005571806258 -0.0668455846425597688398 0.997140939759999289649 2.91513182511230972693
3388 783.855000 -0.309975774131570791514 0.0230645003069096000969 -0.0541750681347274859467 -0.035236049575810328427 -0.0668443752680748237704 0.997141038321716854931 2.91513904453271965878
3389 783.862000 -0.30997614543723861491 0.0230629313951428022156 -0.0541751341221595808517 -0.0352356475164149682278 -0.0668434945025985494116 0.997141111571867577723 2.91514526811036134291
3390 783.869000 -0.309976563019007556044 0.0230612924912728875504 -0.0541752031016491594761 -0.0352351825895144202261 -0.0668424563855351122621 0.997141197590507455395 2.91515188903831212741
3391 783.875000 -0.309976960042085192271 0.0230598263935373574973 -0.0541752664932247385288 -0.0352347388383930718025 -0.0668414310062734884355 0.997141282005726492521 2.91515790963311127726
3392 783.883000 -0.309977380535806978923 0.0230580631936944425997 -0.0541753400525365746976 -0.0352342607888102635205 -0.0668404187408540295667 0.997141366752585023292 2.91516494784716106992
3393 783.889000 -0.309977778325172925733 0.0230566087866256250183 -0.0541754028760027400713 -0.0352338051685882475139 -0.0668393941986865774973 0.997141451528565592177 2.91517095739812637234
3394 783.897000 -0.309978240457712495015 0.0230547864140414823786 -0.0541754817324208992613 -0.0352332846351372588889 -0.0668382543163903858341 0.997141546328181416214 2.91517835895961585635
3395 783.904000 -0.309978649347760759625 0.0230531870310907022192 -0.054175552175600161231 -0.0352328278725966767548 -0.066837257370121958 0.997141629292118247818 2.91518487224932076884
3396 783.912000 -0.309979065046628254887 0.0230514440964822014957 -0.0541756302162698100133 -0.0352323811805582282064 -0.0668362942920084496246 0.99714170962890724681 2.91519185255972335113
3397 783.919000 -0.309979478525733209704 0.0230498358163398996135 -0.0541757070224004877446 -0.0352319376964573341415 -0.0668353010177117207169 0.997141791875170047099 2.91519844653386117628
3398 783.926000 -0.309979941855949236995 0.0230481454771887840638 -0.0541757872163780018759 -0.0352314541919760762512 -0.0668341749894134223853 0.997141884432201974775 2.91520548157717085402
3399 783.934000 -0.30998037357902380462 0.0230463691300601160317 -0.0541758762870235346942 -0.0352310206862232050407 -0.0668331986314292109119 0.997141965189560441907 2.91521267284109786289
3400 783.941000 -0.309980799664349992995 0.0230447338178723683255 -0.0541759576665286901598 -0.0352305996889036715514 -0.06683221337922876093 0.997142046099949275195 2.91521940145602176386
3401 783.948000 -0.309981277120716214313 0.0230430077179974365786 -0.0541760471201483892467 -0.0352301423154110504576 -0.0668310811618993971805 0.997142138144391010357 2.91522663278514482244
3402 783.956000 -0.3099817213654642023 0.0230412000846731794546 -0.0541761399145755453977 -0.0352297304656153664748 -0.0668301026203963616235 0.997142218279352232635 2.91523395884661518096
3403 783.964000 -0.309982216827523693325 0.0230393006231777996984 -0.0541762406427863940639 -0.0352292828264062565791 -0.0668289732917873441354 0.997142309783464519946 2.91524178588650828559
3404 783.971000 -0.309982656331995731769 0.0230376271160831133655 -0.0541763281349628006422 -0.0352288878311057818138 -0.0668279717707438436491 0.997142390860599303615 2.91524868128238656695
3405 783.979000 -0.309983155844446411908 0.0230357126860023485315 -0.0541764310740508667208 -0.0352284513214169078821 -0.0668268288098844975842 0.997142482882315439596 2.91525656067604455046
3406 783.987000 -0.309983655993869899881 0.0230337956727312657967 -0.0541765324205796469648 -0.0352280182583384129935 -0.0668256829473046626289 0.997142574975222184541 2.91526442705659061261
3407 783.994000 -0.309984095975452844662 0.0230321108263920708292 -0.0541766240908138907439 -0.0352276340298947193697 -0.0668246572243326592 0.997142657290072120801 2.91527135875702025913
3408 784.002000 -0.309984593396877949889 0.0230301941451299257979 -0.0541767261233934566134 -0.0352272048291745257242 -0.0668234978662750889189 0.997142750148061418614 2.91527919955409497987
3409 784.009000 -0.309985029368884279499 0.0230285136751693028656 -0.0541768180717719649575 -0.0352268218887943421191 -0.0668224618095952654917 0.997142833107333981246 2.91528609046248643466
3410 784.017000 -0.30998552072270674218 0.0230266060630641006268 -0.0541769200945031309535 -0.0352263918636814346574 -0.0668212929946628703126 0.997142926625259495843 2.91529386765031617301
3411 784.024000 -0.309985950459529979728 0.0230249364071601590742 -0.0541770117801132627955 -0.0352260063612998969296 -0.0668202511719192676631 0.99714301005881567086 2.91530069223033505565
3412 784.031000 -0.309986423870075633591 0.0230231933808890121274 -0.0541771066935756578919 -0.0352255787150626484272 -0.0668190667457903703097 0.997143104535858748605 2.91530789240863708045
3413 784.039000 -0.309986857001141702384 0.0230213880177372876012 -0.0541772041973870299714 -0.0352251805095503134346 -0.0668180371512773069176 0.997143187596104429993 2.91531513684964238564
3414 784.046000 -0.309987322952349708682 0.0230196611627702836522 -0.0541772981504697048738 -0.0352247454716058186475 -0.0668168560294812863276 0.997143282109846262884 2.91532225645528475511
3415 784.053000 -0.309987739885515478644 0.0230180202236195952104 -0.0541773881686115205136 -0.0352243474747886142762 -0.0668158203987671284185 0.997143365564558625813 2.91532894007362974875
3416 784.060000 -0.309988155059084835585 0.0230163851113020442862 -0.0541774757729760469971 -0.0352239460354159261701 -0.0668147939006782376481 0.997143448527694986616 2.9153355845501334187
3417 784.068000 -0.309988573418452650898 0.0230146149416718300007 -0.0541775679627965467411 -0.0352235447920159691626 -0.0668138000528155640012 0.997143529294949204633 2.91534264776078089199
3418 784.075000 -0.309988985723114007786 0.0230129886016143953009 -0.0541776557273926373526 -0.0352231362781920964711 -0.0668127784457031720367 0.997143612177851412781 2.91534927578197855524
3419 784.082000 -0.30998939790324780974 0.0230113667308609638751 -0.0541777404152203878596 -0.0352227243187955563197 -0.0668117674399525962592 0.997143694470918218187 2.91535587657460792954
3420 784.089000 -0.309989804555729886459 0.0230097545181886901922 -0.0541778248319558092261 -0.0352223232915249845343 -0.066810779308073484084 0.997143774844026720139 2.91536242668719403071
3421 784.096000 -0.30999021704386731102 0.0230081343084685800704 -0.0541779103718186272332 -0.0352219078251205450214 -0.066809774483301706538 0.997143856844462050937 2.91536904738260771452
3422 784.103000 -0.309990630818112400391 0.0230065155783737533557 -0.0541779929307602409194 -0.0352214906144839787205 -0.0668087795215592389342 0.997143938244491212508 2.9153756553299015053
3423 784.109000 -0.309991030171603232368 0.023005052085472436213 -0.0541780686374638900671 -0.0352210928933500144744 -0.0668077931149835130276 0.997144018381749930313 2.91538173534176081603
3424 784.116000 -0.309991395465624874905 0.0230035163710314398411 -0.0541781460730795527692 -0.0352207322914750917131 -0.0668069632071662949935 0.997144086721617473046 2.91538789888830951469
3425 784.120000 -0.309991731563430406027 0.0230024240328618560791 -0.0541782037422713497188 -0.0352203934200876200844 -0.0668060976031103620487 0.997144156684668048207 2.9153926051919132334
3426 784.124000 -0.309991971498544238717 0.023001494761729121552 -0.0541782511797006746668 -0.0352201531801495937302 -0.0668055281733274802791 0.997144203320387223499 2.91539642597898884802
3427 784.129000 -0.309992222195716204958 0.0230004161797284917279 -0.0541783045766689175249 -0.0352199084597976802558 -0.0668049784370258192823 0.997144248794582188644 2.9154007275137527877
3428 784.134000 -0.309992519354876983062 0.0229992588654928803438 -0.0541783631738726942362 -0.0352196196267271638414 -0.0668042831215556465185 0.997144305579670597872 2.91540546974989522866
3429 784.139000 -0.309992817539806009286 0.0229981003773352538078 -0.0541784200277550601066 -0.0352193320527850045609 -0.0668035928521302779792 0.997144361981655458216 2.91541020335420064669
3430 784.144000 -0.309993121404061766633 0.0229969321113787893152 -0.054178479845783403257 -0.0352190347000572931413 -0.066802882125745519093 0.997144420098959316512 2.91541501031490346563
3431 784.149000 -0.309993420369390815239 0.0229957715559591414911 -0.0541785386065154403457 -0.0352187495351955343059 -0.0668021862026830504089 0.997144476793468070852 2.91541976877487707398
3432 784.154000 -0.309993720070280920353 0.0229946100844493246662 -0.0541785957666879106065 -0.0352184659225351984202 -0.0668014944783185266042 0.997144533151301137863 2.91542451604169716717
3433 784.161000 -0.309994143879461447888 0.0229929759076450100641 -0.0541786798407055125715 -0.0352180623451562452297 -0.066800504264994911563 0.997144613741956176156 2.91543123234876633276
3434 784.169000 -0.309994625074187846181 0.0229911133326858203862 -0.0541787731618703152781 -0.0352176125051799418508 -0.0667993877410028580321 0.99714470442702651809 2.91543885098289390356
3435 784.176000 -0.309995048886532398313 0.0229894777971357371082 -0.0541788582945899391263 -0.0352172147710535787812 -0.0667983922790346129617 0.997144785160462898688 2.9154455670895846886
3436 784.185000 -0.309995539228805350174 0.0229874670077952480973 -0.0541789598629318566725 -0.0352167647468227887342 -0.0667972819962208419486 0.997144875431190458315 2.91545366599557365106
3437 784.191000 -0.309996003391829533236 0.0229858935781702376777 -0.0541790445176705964814 -0.035216325833035536097 -0.0667961110351449893763 0.997144969372759870652 2.91546035465436936818
3438 784.197000 -0.309996311336872720776 0.0229845835475774515344 -0.0541791123934034987708 -0.0352160458820449107087 -0.0667954158693213340126 0.99714502582687447596 2.91546559193992749215
3439 784.201000 -0.309996598746916374179 0.0229835706964312963541 -0.054179166061272335253 -0.0352157811848441762437 -0.0667947015777894392841 0.997145083022864309186 2.91546983181836072418
3440 784.206000 -0.309996849289860265664 0.0229824901823548616298 -0.054179222711754786157 -0.0352155491414370136471 -0.0667941346292488385972 0.997145129195242563291 2.91547414420727557527
3441 784.211000 -0.309997145593610468062 0.0229813316592226458968 -0.0541792827386563605185 -0.0352152774714721630844 -0.0667934303118576100378 0.997145185968313363389 2.91547885833086262153
3442 784.216000 -0.309997446244244856395 0.0229801656949972163413 -0.0541793458451393303288 -0.0352149950180981191616 -0.0667927053773116341517 0.997145244502652738916 2.91548363331701132495
3443 784.221000 -0.309997740757115947119 0.0229790097783714591939 -0.0541794079204539619221 -0.0352147234797659317018 -0.0667919955793428998803 0.997145301637014425111 2.91548834795697597855
3444 784.227000 -0.30999809553213208968 0.0229776209890668950409 -0.0541794822918379159749 -0.0352143932388397917777 -0.0667911397938491385728 0.997145370622487980938 2.91549401147089648489
3445 784.233000 -0.309998398834071098307 0.0229763206954233419055 -0.0541795495649857739018 -0.035214115056514574964 -0.0667904476857641565823 0.997145426805298940032 2.91549918207176173013
3446 784.240000 -0.309998862890334236919 0.0229746158650756260311 -0.0541796433512648084596 -0.0352136727769288906953 -0.066789284294395512287 0.997145520349463021503 2.91550626217922470573
3447 784.247000 -0.309999269978958269522 0.0229730088290983694432 -0.0541797287019825865584 -0.0352132928121259430876 -0.066788301062782245987 0.997145599624485567958 2.91551279484154823862
3448 784.255000 -0.309999741654192695339 0.0229711626922953909835 -0.0541798288930462612623 -0.0352128416345497755047 -0.0667871545929184240453 0.997145692346610879042 2.91552033551639366848
3449 784.262000 -0.310000147124343095051 0.0229695604754004550907 -0.0541799136998854929947 -0.0352124592792087548476 -0.0667861762778749340486 0.997145771374321476799 2.91552684962966424109
3450 784.269000 -0.310000557234735962808 0.0229679513837447307756 -0.0541800010596461059653 -0.0352120647809487583024 -0.0667851804053865988342 0.997145852005654309558 2.91553342585708596957
3451 784.277000 -0.310000977515143660845 0.0229661973655268837613 -0.0541800921139119970316 -0.035211661538431179852 -0.0667842034850041621485 0.997145931675287200413 2.9155404654985077606
3452 784.283000 -0.310001372202328651095 0.0229647460670879093037 -0.0541801699138574344161 -0.0352112839005769354128 -0.0667832221107161755347 0.997146010737937849022 2.9155464848920251697
3453 784.291000 -0.310001792117877705834 0.0229629935072399593565 -0.0541802626279195426173 -0.035210879935611123781 -0.066782246328547970049 0.997146090354604552886 2.91555353839689201934
3454 784.297000 -0.31000219261584593955 0.0229615356808748997952 -0.0541803400467062018508 -0.0352104891341479334099 -0.0667812539261247867239 0.997146170618424698695 2.91555960723464213658
3455 784.305000 -0.31000260791139999661 0.0229597935671610568764 -0.0541804292815812257866 -0.0352100957338469106039 -0.0667803035532522765161 0.997146248158086834223 2.91556659167147325107
3456 784.311000 -0.310003008824980330616 0.0229583356697968914151 -0.054180507613468924244 -0.0352097041805443655704 -0.0667793093827016293051 0.997146328564613271261 2.91557267946106124512
3457 784.319000 -0.310003475403259287635 0.0229565085559855289188 -0.0541806012310802956322 -0.0352092576095276790782 -0.066778207315927401444 0.997146418138408097143 2.91558013155039796871
3458 784.326000 -0.310003886982818610552 0.0229549044530621242088 -0.0541806858714365541241 -0.0352088604022418108497 -0.066777228308385394584 0.997146497726700831166 2.9155867051774349008
3459 784.334000 -0.310004309190661297979 0.0229531545092689220899 -0.0541807745442548782666 -0.0352084563238092632109 -0.066776266257525945802 0.997146576420938512975 2.91559374533822879272
3460 784.340000 -0.310004706168117538656 0.0229517050208367066888 -0.0541808502554896875836 -0.0352080793598781513487 -0.0667752969041178062737 0.997146654645722496646 2.91559977133720904519
3461 784.347000 -0.310005118319943095972 0.0229501011738804001905 -0.0541809347820743150703 -0.0352076846466304257954 -0.0667743187113826602852 0.997146734088044883748 2.91560634503105031712
3462 784.355000 -0.310005540779521582273 0.0229483519384157605425 -0.0541810235402775050573 -0.0352072834726833219787 -0.0667733565563619624328 0.997146812683403771516 2.91561338208171560993
3463 784.363000 -0.310006007822860474299 0.0229465253122795379004 -0.0541811195422678068545 -0.0352068437622918284369 -0.0667722514631710062361 0.997146902209918528648 2.91562084796739284798
3464 784.370000 -0.310006464998525022025 0.0229448466582638753442 -0.0541812066147943430239 -0.0352064110789698722637 -0.0667711381028437966911 0.997146992040486290776 2.9156278082625806114
3465 784.377000 -0.31000687624530509634 0.022943245214326706688 -0.0541812917139259386801 -0.0352060208348530939704 -0.0667701580778847086917 0.997147071442939236796 2.91563436734820147223
3466 784.384000 -0.310007287339819581629 0.0229416447557419973802 -0.0541813752443860013885 -0.0352056316580654296566 -0.0667691825409754829979 0.997147150506065726994 2.91564090580494994498
3467 784.392000 -0.310007702283082942074 0.022939908704193465866 -0.0541814646002732880348 -0.0352052479209963783968 -0.0667682343674090156282 0.997147227543796588201 2.9156478646970906965
3468 784.399000 -0.31000816218149646053 0.0229382255732564419026 -0.0541815552251743159928 -0.0352048079361480248384 -0.0667670985630976626668 0.997147319129748521682 2.91565486699841747154
3469 784.407000 -0.310008575738169200875 0.0229364926617794118169 -0.0541816448835340594425 -0.0352044255459741800562 -0.0667661501911517435426 0.997147396130898311384 2.91566180991771384257
3470 784.414000 -0.31000903403016533133 0.0229348129167510628168 -0.0541817357995072051979 -0.0352039867403837747339 -0.0667650148060775494585 0.997147487644394092676 2.91566879495837971703
3471 784.422000 -0.310009446152280432329 0.0229330834947819237057 -0.0541818256214497695478 -0.0352036051236948588361 -0.0667640672267626189562 0.997147564562856136838 2.91567572144967535053
3472 784.430000 -0.310009912806063769874 0.0229312626421236953611 -0.0541819225398984249953 -0.0352031593380930096782 -0.0667629444390349657823 0.997147655476583461009 2.91568316638856561696
3473 784.437000 -0.310010363270558253479 0.0229295968187618569301 -0.054182013305436149686 -0.0352027334219301019091 -0.0667618283341965268463 0.997147745239941651896 2.91569007491614851091
3474 784.444000 -0.310010769142900821649 0.0229280087237013312229 -0.0541820974532806406976 -0.0352023474657833998491 -0.066760856151008601822 0.997147823955346512825 2.9156965544443189664
3475 784.452000 -0.310011228358274770756 0.0229262017036556825511 -0.0541821939474870228892 -0.0352019139810425957249 -0.0667597539864946271093 0.997147913049881484682 2.91570392562446301099
3476 784.458000 -0.310011573886756652829 0.02292484536253769703 -0.0541822660841579720192 -0.0352015861504053756414 -0.0667589259006330371093 0.997147980063686212304 2.91570945942891590619
3477 784.466000 -0.310012032668557924175 0.022923041158388633709 -0.0541823605797651930427 -0.0352011527041013461137 -0.0667578317222365380523 0.99714806861972504759 2.91571680538523159143
3478 784.474000 -0.310012446600908042615 0.0229213133312023836785 -0.0541824526351788945955 -0.0352007599771286816548 -0.0667568718197422417138 0.997148146747450558891 2.91572375860460164532
3479 784.481000 -0.310012895059342152848 0.0229196565901619506156 -0.054182540211537837116 -0.0352003329608919571236 -0.0667557691031290950656 0.997148235645479052991 2.91573061814236256239
3480 784.489000 -0.310013308628662498379 0.0229179309783757272079 -0.0541826319837115794043 -0.0351999403165022747841 -0.0667548119475753765073 0.99714831358407196582 2.9157375641376490627
3481 784.497000 -0.310013766509099786273 0.0229161321132651286947 -0.0541827260150216094559 -0.0351995073507293115833 -0.0667537245380244587123 0.997148401664750938522 2.91574489283434257203
3482 784.504000 -0.310014219712776484261 0.0229144689193064680921 -0.0541828158714144081376 -0.0351990694240571222462 -0.0667526051564524408599 0.99714849205948608013 2.91575181271141037342
3483 784.512000 -0.310014627820453803064 0.0229127553750042393943 -0.054182904542749293908 -0.0351986886791735217872 -0.066751672154790345215 0.997148567957556686281 2.9157586800007746497
3484 784.519000 -0.310015080828541511604 0.0229110937548269513742 -0.0541829941797061925834 -0.0351982513684337625093 -0.0667505547557733780462 0.997148658195156523121 2.9157655942579570052
3485 784.527000 -0.310015488708388409211 0.0229093819027472479777 -0.0541830827008613485907 -0.0351978713238117607576 -0.0667496232060017791188 0.997148733969074996253 2.91577245525707828833
3486 784.535000 -0.310015951232732622778 0.0229075785351195784778 -0.0541831780745636731877 -0.035197427451502061313 -0.0667485183746108906577 0.99714882359434720005 2.91577983531706497189
3487 784.542000 -0.310016398203034559966 0.0229059278878628036491 -0.0541832672812565738218 -0.035197003733942404391 -0.0667474195046636881168 0.997148912107725826637 2.91578668747199065692
3488 784.549000 -0.31001680124010799755 0.0229043535632207674591 -0.0541833500899659981087 -0.0351966202697639174435 -0.0667464616759556178538 0.997148989757962955771 2.91579311635820292992
3489 784.554000 -0.310017135145053579492 0.0229031512820446724044 -0.0541834146268281857672 -0.03519630133230394059 -0.0667456321438890248787 0.997149056541818290533 2.91579813804545162625
3490 784.560000 -0.310017429146065059964 0.0229018889257814814431 -0.0541834807191873546461 -0.0351960277609127195064 -0.0667449660372299025113 0.997149110784611769631 2.91580317780009323769
3491 784.566000 -0.310017772375333733326 0.022900543985375138023 -0.0541835518703793206363 -0.0351957030970160913985 -0.0667441486789214499797 0.99714917695429750033 2.91580866820348338919
3492 784.574000 -0.310018184175418987092 0.0228988300572724214066 -0.0541836405636624413029 -0.0351953138035681692419 -0.0667432030189686609223 0.997149253992117845513 2.91581555275315684739
