21889 920.579000 21.0287177253646362374 -0.0562034318504427837793 17.7216677710977670301
21890 920.587000 21.0284402602566515839 -0.0556986143378597475806 17.7180039187523128419
21891 920.593000 21.0282963946374188424 -0.0553628863398575657429 17.7150835799425863115
21892 920.601000 21.0281760644124204873 -0.0549854850332539696334 17.711227053011917576
21893 920.607000 21.028132639668228876 -0.0547532631741951686388 17.7085059149579855386
21894 920.615000 21.0281305408870622387 -0.0544989828387958952227 17.7052588181993648675
21895 920.623000 21.0281899521040855916 -0.0542857055052644657533 17.7025580896967369426
21896 920.631000 21.0282928476311816723 -0.0540986667168465024114 17.7004608759129595796
21897 920.640000 21.0284620349440594111 -0.0538995625306808445742 17.6988303313267003603
21898 920.649000 21.0286904779695049683 -0.0537073760498278165998 17.6979233843229337708
21899 920.658000 21.0289792599056397648 -0.053531421954408409114 17.6976483132636488449
21900 920.666000 21.0292841523003630755 -0.0534028591561254081799 17.6978395209828924806
21901 920.675000 21.0296743372134500305 -0.0533069152666335172031 17.6984272617633990876
21902 920.684000 21.0301032094750901535 -0.0532769071805780022877 17.6992836808064382126
21903 920.693000 21.0305565986006186563 -0.0533199064294501215433 17.7002851349548535609
21904 920.702000 21.0310195886931907694 -0.0534333544249928071856 17.7013223233317340544
21905 920.711000 21.0314782198524632406 -0.0536055443287051514023 17.7023057745050103051
21906 920.719000 21.0318727173277899567 -0.053792825452133624653 17.7030808205285374868
21907 920.728000 21.0322937166404884124 -0.0540212970273130921317 17.703802250315902711
21908 920.736000 21.0326349530516303332 -0.0542252325177178806648 17.7042908456177201515
21909 920.745000 21.0329723308604421561 -0.0544210804740355366671 17.7046740615503779281
21910 920.754000 21.0332926790814553897 -0.0545738730983787168061 17.7048975547403024677
21911 920.762000 21.0335629942770196976 -0.0546694594548488704833 17.7049818726959067305
21912 920.771000 21.0338525028520848537 -0.0547290662048932965988 17.7049786749777275929
21913 920.779000 21.0340988874792671481 -0.0547407313998574188152 17.7049161904847096594
21914 920.788000 21.034366556128716752 -0.0547130021589927392767 17.7048082075215731379
21915 920.797000 21.0346273447858358452 -0.0546515410414503827186 17.7046853782672819477
21916 920.805000 21.0348601952967371176 -0.0545756708941393040013 17.7045793497379975179
21917 920.812000 21.0350586471167915192 -0.0545036772587297532744 17.7044951334262599119
21918 920.820000 21.0352836101169167193 -0.0544224483100991807127 17.7044089463704779064
21919 920.827000 21.0354803888268335754 -0.0543570442757624339158 17.7043412634420960217
21920 920.836000 21.0357367153703549434 -0.0542875270410923052578 17.7042603471510489044
21921 920.844000 21.0359702095520972875 -0.0542444569641172130714 17.7041879205578744916
21922 920.853000 21.0362412759748842461 -0.0542204647933266087323 17.7040978478722763612
21923 920.861000 21.0364905024018717938 -0.0542212027804317917012 17.7040044363647481873
21924 920.870000 21.0367802030854420536 -0.0542443423340258287779 17.7038803006899350123
21925 920.879000 21.0370789602031074139 -0.0542858353140314581209 17.7037354092633485436
21926 920.885000 21.0372824816445813667 -0.0543201298009096250619 17.7036288090632041303
21927 920.891000 21.0374889058177032553 -0.0543569298328912126061 17.7035163918199884847
21928 920.897000 21.0376977080995004599 -0.0543937980949460511693 17.7034007572395140073
21929 920.902000 21.0378731512219196986 -0.0544228971834098199101 17.7033041486468647463
21930 920.907000 21.0380495978515718036 -0.0544492193165536514377 17.7032093888880588395
21931 920.914000 21.038297805621446912 -0.0544794445425377041325 17.703083671420916545
21932 920.920000 21.0385112127000795113 -0.0544977089096524425216 17.7029860781241623613
21933 920.926000 21.0387195775122535224 -0.0545107270054569839624 17.7028999061833935968
21934 920.931000 21.0388912798086415989 -0.0545125017988354540477 17.7028392114474186769
21935 920.936000 21.0390653977222150672 -0.0545073988384338695146 17.7027918256416505471
21936 920.942000 21.0392762295533017891 -0.0544935188185190905186 17.7027525112774810623
21937 920.947000 21.0394528526483242103 -0.0544767157070763230475 17.7027350553065048189
21938 920.953000 21.0396655946619866029 -0.0544516039768140683308 17.7027325485155415663
21939 920.959000 21.0398787980136248166 -0.0544226041451670167204 17.7027496120955341041
21940 920.965000 21.0400921637630666794 -0.0543913685478990827082 17.7027849546391458091
21941 920.970000 21.0402699253395688572 -0.054364833015209897138 17.7028269329070155891
21942 920.975000 21.04044753488881625 -0.054338841520775421623 17.7028786998650247142
21943 920.981000 21.0406603507546527965 -0.054309616303828099626 17.7029512306901182228
21944 920.987000 21.0408727229772338774 -0.0542838371405779396284 17.7030318658744292293
21945 920.993000 21.041086779335874013 -0.0542605752390348597403 17.7031167623067204886
21946 920.998000 21.0412649819578128074 -0.0542458729339320711027 17.7031903243696682182
21947 921.006000 21.0415458943952238258 -0.0542329383690096852866 17.703302064438897645
21948 921.014000 21.0418241151569418435 -0.0542324720568958390521 17.7034004533801088144
21949 921.022000 21.0421007424649424422 -0.0542433591010664864496 17.7034789147591062886
21950 921.031000 21.0424111747102173808 -0.0542675716347816375351 17.7035372561066424169
21951 921.039000 21.042687223382955608 -0.0542977446147862793935 17.7035591580689057878
21952 921.046000 21.0429293174089941942 -0.0543289566552377992115 17.7035543862896886935
21953 921.054000 21.0432070122200940432 -0.0543677533382813243934 17.7035224973182998554
21954 921.062000 21.0434860796354996637 -0.0544071894252802432113 17.7034650557558421724
21955 921.070000 21.043766709974146778 -0.0544444849892078627795 17.7033862423272481124
21956 921.078000 21.044049002388742764 -0.0544771053560670140414 17.7032913064962933447
21957 921.087000 21.0443686080694689622 -0.054505631107566128446 17.703172556523526282
21958 921.095000 21.044654491038759403 -0.0545221129609511842573 17.7030630706869303026
21959 921.104000 21.0449780733177469472 -0.0545297487138864805933 17.7029429209878728102
21960 921.112000 21.0452673895928619174 -0.0545269061429092399829 17.7028444016499797442
21961 921.121000 21.04559484374115641 -0.0545136606612609680989 17.7027480267546160064
21962 921.129000 21.0458797574494838045 -0.0544979853269271438676 17.7026765090934397051
21963 921.137000 21.0461718952311471753 -0.0544738808457636281002 17.7026225831437145075
21964 921.145000 21.046467201000027103 -0.0544461098201455481749 17.7025862989239115564
21965 921.153000 21.0467648180034423433 -0.054417912191257147847 17.7025669233756204335
21966 921.160000 21.0470265381939327654 -0.0543947312910120286955 17.7025623055909733239
21967 921.168000 21.0473267184384233985 -0.0543716109875089295689 17.7025687922734675794
21968 921.176000 21.0476322889302522867 -0.0543504412863864208583 17.7025861812937677087
21969 921.184000 21.047934429893224717 -0.0543373715974558371689 17.7026101974286902418
21970 921.192000 21.0482360019945460294 -0.0543320764922143942255 17.7026358685013249783
21971 921.201000 21.0485746874794124039 -0.05433384517185432111 17.7026628616760390855
21972 921.209000 21.0488755718212061652 -0.0543412746562005194439 17.7026824300784575428
21973 921.217000 21.0491764634397569012 -0.0543532166934123442403 17.7026956716597290153
21974 921.226000 21.0495150910063628658 -0.0543706921395612288728 17.7027012489997090938
21975 921.234000 21.0498162817900187349 -0.0543885008071825423737 17.7026971310557712513
21976 921.242000 21.0501177088984547936 -0.054407165876656934933 17.7026844040038220385
21977 921.249000 21.0503816873880076344 -0.0544232533578512672756 17.702666583373652287
21978 921.258000 21.0507214465902734446 -0.0544423647963438797626 17.7026355337767995479
21979 921.265000 21.0509860124420207228 -0.0544552234829513426284 17.7026060841868329021
21980 921.273000 21.0512887394263614738 -0.054467100103226917529 17.7025680891009677964
21981 921.282000 21.0516298252038893679 -0.0544763365022129797399 17.702521642400633084
21982 921.290000 21.0519335274214078879 -0.0544806961402179573684 17.7024787530136187286
21983 921.298000 21.0522377713758324091 -0.0544815476823870478706 17.7024358420690539617
21984 921.306000 21.0525426149113812357 -0.0544792490622374309117 17.702394164371696661
21985 921.313000 21.052809889748420602 -0.0544750821936314730265 17.7023595245862956915
21986 921.322000 21.0531543237116309797 -0.0544675344450666620855 17.7023183720762737892
21987 921.329000 21.0534228717163607314 -0.0544605915630429551766 17.7022894265350139165
21988 921.337000 21.0537305153487892539 -0.0544522253854455087763 17.7022598572004703499
21989 921.345000 21.0540389557887941407 -0.0544440911539456548485 17.7022340214971869443
21990 921.353000 21.0543481942271171192 -0.054436822234889992167 17.702211687127324069
21991 921.361000 21.0546582149187422317 -0.0544309245139732722496 17.7021924354571034144
21992 921.369000 21.054968985776245205 -0.0544267529803841576541 17.7021757101589756189
21993 921.377000 21.0552804599939307195 -0.0544245020579189817123 17.7021608688856666447
21994 921.385000 21.0555925785485840152 -0.0544242088506742341392 17.7021472342175059111
21995 921.393000 21.055905273372420794 -0.0544257675861742964973 17.7021341405956924575
21996 921.401000 21.056218470965820444 -0.0544289529068024482972 17.7021209746285173026
21997 921.409000 21.0565320962047479725 -0.0544334492862676294633 17.7021072069429479257
21998 921.418000 21.0568853450828932239 -0.0544396092337400619443 17.7020904769987659222
21999 921.426000 21.0571996438279853692 -0.054445624107411473569 17.7020741747327257087
22000 921.435000 21.0575534927372629568 -0.0544524965549067624382 17.7020540091560256712
22001 921.442000 21.0578288608261061654 -0.0544576140751243456539 17.7020369480292849573
22002 921.450000 21.0581436993951953696 -0.0544629466229241687714 17.702016028421944327
22003 921.456000 21.0583799091733538944 -0.054466457028504312865 17.7019994239599576247
22004 921.461000 21.058576800427481146 -0.0544690084430075743827 17.7019850546169479344
22005 921.467000 21.0588131299876692992 -0.0544715869578722700073 17.701967259072041827
22006 921.472000 21.0590101239891858143 -0.0544733217077110754012 17.7019520439122644007
22007 921.478000 21.0592465861834376994 -0.0544749109359267610908 17.7019334234211385137
22008 921.484000 21.0594831335319305765 -0.054475987133954996422 17.7019145188130515578
22009 921.490000 21.0597197784318979075 -0.0544765937640500561012 17.7018954453596428777
22010 921.495000 21.0599170673052320524 -0.0544767825562799470895 17.7018795007398033192
22011 921.502000 21.0601934193204485268 -0.0544766444573081265457 17.7018572183324636171
22012 921.507000 21.0603909317254576195 -0.0544763190815771014552 17.701841400483736777
22013 921.513000 21.0606280913071159944 -0.0544757534054745654051 17.7018225958105084317
22014 921.520000 21.060904996543172274 -0.0544749544703923491151 17.7018009756067620231
22015 921.529000 21.0612613985218075641 -0.0544738961124261039659 17.7017737840099158575
22016 921.537000 21.0615785896234335439 -0.0544730990055267219607 17.7017502420994610191
22017 921.545000 21.0618961684103993548 -0.0544725754240399442918 17.7017272997208188201
22018 921.552000 21.0621743771874321283 -0.0544724178091845964711 17.7017076921536578027
22019 921.560000 21.062492706858272129 -0.0544726345295343666875 17.7016857613992328879
22020 921.569000 21.0628513007397799583 -0.0544734097977275302793 17.7016615969763684291
22021 921.577000 21.0631704548805664956 -0.0544745562630124524617 17.7016404592633840309
22022 921.586000 21.0635299281274797067 -0.0544763024421872285585 17.7016169287221138973
22023 921.594000 21.0638498049554314662 -0.0544781845368957629017 17.7015961223535143176
22024 921.602000 21.0641699712193499749 -0.0544802906731329458778 17.7015753240466295892
22025 921.610000 21.0644903905310023617 -0.0544825314733429003078 17.7015544572246916744
22026 921.618000 21.0648110260614913614 -0.0544848188507151623416 17.701533462652950135
22027 921.627000 21.065171955468322551 -0.0544873480216911953988 17.7015096411983030578
22028 921.635000 21.0654929366406840074 -0.0544894827294871916812 17.7014882631076453379
22029 921.644000 21.065854179455854478 -0.0544916920487195782785 17.7014639794022770047
22030 921.652000 21.0661753839700729429 -0.0544934508456891078532 17.7014421991066086548
22031 921.660000 21.0664966666245163651 -0.054495003814054761293 17.7014202588386133641
22032 921.669000 21.0668581924593887322 -0.0544965114796173086265 17.7013954220247100579
22033 921.677000 21.0671796198799619049 -0.0544976607437903520781 17.7013732449569332061
22034 921.685000 21.0675011176484900943 -0.0544986626319496764159 17.7013510089764345423
22035 921.691000 21.0677422917389378654 -0.0544993402509056715233 17.7013343122746960034
22036 921.696000 21.0679433069997017469 -0.0544998707268172163931 17.7013203949734929665
22037 921.702000 21.0681845741358770852 -0.0545004817070968566872 17.7013036988557566076
22038 921.710000 21.0685063560257503923 -0.0545012813500433193625 17.7012814584682729446
22039 921.719000 21.0688685029841273888 -0.0545022034291801349415 17.7012564823802733827
22040 921.729000 21.0692710874869391091 -0.0545033079371983683603 17.7012287983264897662
22041 921.738000 21.069633610122512124 -0.0545044090003451026094 17.7012039449140594627
22042 921.746000 21.0699560184471081925 -0.0545054881964405144035 17.7011818981252666561
22043 921.755000 21.0703189199092335571 -0.0545068195768337315776 17.7011571373533840301
22044 921.765000 21.0707223820411222448 -0.054508435602418497945 17.7011296632735160017
22045 921.773000 21.0710453268301307617 -0.0545098165510185320159 17.7011077019123810317
22046 921.782000 21.0714088145119973206 -0.0545114404244820341394 17.70108300437766502
22047 921.790000 21.0717320571352715319 -0.0545129239899894216248 17.7010610528357439364
22048 921.798000 21.0720554191814066769 -0.0545144234635626667718 17.7010390994641682028
22049 921.806000 21.0723788849679181112 -0.054515918791321046899 17.7010171431058189739
22050 921.813000 21.0726619897218760968 -0.0545172097579071507356 17.7009979294490840118
22051 921.822000 21.0730260621111114006 -0.054518829269990513875 17.7009732263189327739
22052 921.830000 21.0733497414893768962 -0.0545202195613808740515 17.7009512717817933947
22053 921.838000 21.0736734620100278903 -0.0545215570102724200741 17.7009293249182952934
22054 921.846000 21.0739972113813571752 -0.0545228398865451879818 17.7009073895461099823
22055 921.854000 21.0743209795588768429 -0.0545240704845749921126 17.700885468823102542
22056 921.863000 21.0746852318514328317 -0.0545253996943541388576 17.7008608280486150477
22057 921.872000 21.0750494912263413028 -0.0545266823107883116806 17.700836209265041532
22058 921.880000 21.075373280390536479 -0.0545277953847273025301 17.7008143431864120032
22059 921.888000 21.0756970720228906657 -0.0545288948288953703725 17.7007924907242149004
22060 921.896000 21.0760208673848410399 -0.0545299918549258799683 17.7007706480793984838
22061 921.903000 21.0763041932557477764 -0.0545309579008292771851 17.7007515401529538224
22062 921.911000 21.0766280026173298268 -0.0545320769518701786716 17.7007297029147743217
22063 921.919000 21.0769518240188595826 -0.0545332186639306340514 17.7007078610992429901
22064 921.928000 21.0773161412436351725 -0.0545345359961445994013 17.7006832775541802505
22065 921.936000 21.0776399975293884381 -0.0545357386508896341271 17.7006614108003503816
22066 921.944000 21.0779638729038190093 -0.0545369709298807528453 17.7006395271489758159
22067 921.952000 21.0782877675209547874 -0.0545382304605768267192 17.7006176250366422664
22068 921.960000 21.0786116802112779567 -0.0545395131074425457141 17.7005957043332777801
22069 921.968000 21.0789356084502870203 -0.0545408134023665294721 17.700573766330144565
22070 921.977000 21.0793000415013977999 -0.0545422894417146586488 17.7005490686684083812
22071 921.985000 21.0796239886609910741 -0.0545436058252582178785 17.7005271038429619068
22072 921.993000 21.079947935836059969 -0.0545449195078238496803 17.7005051330402132237
22073 922.001000 21.0802718763093679399 -0.0545462245691016311966 17.7004831612003528107
22074 922.010000 21.0806362924590580121 -0.0545476762993431091298 17.7004584478341051579
22075 922.018000 21.0809601949052485281 -0.0545489479873913982177 17.7004364899360666641
22076 922.027000 21.0813245501109314262 -0.0545503546144159301434 17.7004118031507076125
22077 922.035000 21.0816483829124869942 -0.0545515827250993082242 17.7003898767444312057
22078 922.044000 21.0820126437569150823 -0.0545529401601893629281 17.7003652315116717375
22079 922.051000 21.0822959158021490111 -0.0545539798538974066155 17.7003460796611022943
22080 922.059000 21.0826196062135799991 -0.0545551534781677574526 17.7003242092361503524
22081 922.066000 21.0829027896887630789 -0.0545561702665896541831 17.700305086717012415
22082 922.074000 21.0832263732484150864 -0.054557324255285845338 17.7002832464278405666
22083 922.083000 21.083590332509036358 -0.0545586170992643157418 17.7002586903618563952
22084 922.091000 21.08391378600721211 -0.0545597658846748226336 17.7002368715871796212
22085 922.100000 21.0842775958775838774 -0.0545610624274602828976 17.7002123306842449324
22086 922.108000 21.0846009271503973537 -0.0545620984552355539621 17.7001904329633177326
22087 922.117000 21.0849647186800659426 -0.0545634756727650660491 17.7001660585034414908
22088 922.126000 21.0853282037439022645 -0.0545646932680766624801 17.7001414643740027088
22089 922.135000 21.0856917245339658962 -0.0545660354711086786894 17.7001169593134264346
22090 922.143000 21.086014904809566417 -0.0545672982723309704656 17.7000952152057564604
22091 922.151000 21.0863378475297942316 -0.0545685369320745572441 17.7000733944829526934
22092 922.160000 21.0867010349003258796 -0.0545699025372716958748 17.7000487487849653689
22093 922.169000 21.0870599039558364041 -0.0545725777644584797432 17.7000217970989339733
22094 922.177000 21.0873842266749242924 -0.0545719817635227227859 17.7000011423905796448
