23972 695.160000 32.4475657209079670906 -0.0702608142588987960586 0.651070499006350500437
23973 695.168000 32.4474293714795791743 -0.0698272742944438806756 0.650391593144598489928
23974 695.177000 32.4472907031615989126 -0.0693427360330125253096 0.649786579706347455776
23975 695.185000 32.4471820847340168825 -0.0689471004440845858241 0.649412857862186609914
23976 695.194000 32.4470771361075733807 -0.0685625631512094685371 0.649179876518882537084
23977 695.203000 32.446990355419835339 -0.0682513403511320060346 0.649128562539080911087
23978 695.211000 32.4469278696237566351 -0.068036874729751811719 0.64921015008369997723
23979 695.220000 32.4468729921567913266 -0.0678612547951625566522 0.649408822952758812974
23980 695.229000 32.4468330333810044408 -0.0677476793197822474424 0.649679012603533889703
23981 695.238000 32.4468062842346256502 -0.0676868954573913161887 0.649978253579237996718
23982 695.247000 32.4467907653752405395 -0.0676690907650053657951 0.650268435830646085449
23983 695.256000 32.4467842027300577001 -0.0676845538201633067921 0.650518586405861465316
23984 695.264000 32.4467838272278683576 -0.06771883025441666204 0.65068936506026187061
23985 695.273000 32.4467870411800021202 -0.0677730035670240926748 0.650812025221966350408
23986 695.281000 32.4467909348913252643 -0.0678295175535331557048 0.650856813241406206849
23987 695.290000 32.4467940034660529136 -0.0678971844502900129248 0.650839770669767281319
23988 695.299000 32.4467933442756901741 -0.0679647876059830680084 0.650763396782796155193
23989 695.307000 32.4467880409873643544 -0.0680220534299206119888 0.650659823707171236506
23990 695.316000 32.4467755453417865397 -0.0680810632125477682708 0.650521491618906377852
23991 695.324000 32.446758120356435029 -0.0681273598464750135273 0.650395012888900003745
23992 695.333000 32.446731442278405666 -0.0681714289203580042775 0.650265643581539931617
23993 695.341000 32.4467019697127270206 -0.0682028486855328908156 0.65017381459853273995
23994 695.349000 32.4466679610026034197 -0.0682265977927878491949 0.650111472448921867695
23995 695.357000 32.4466305380323731811 -0.0682425115051659286758 0.650082446503546851346
23996 695.365000 32.4465912776955036634 -0.068250809946159549102 0.650086998862962617274
23997 695.372000 32.4465532844599522377 -0.0682522843348761232285 0.650116299747239612117
23998 695.381000 32.4465065951035498415 -0.0682449675070489619744 0.650184585496327072107
23999 695.389000 32.4464671890254194864 -0.0682321099795374086394 0.650265179430625783752
24000 695.398000 32.4464265920820693623 -0.0682117540886714723847 0.650367815093634393797
24001 695.407000 32.4463903381075624566 -0.0681866942463854042167 0.650471929346948640749
24002 695.415000 32.4463620546868511951 -0.0681621281292867503554 0.650557030703598271337
24003 695.424000 32.4463345382042263054 -0.0681337844406762760396 0.650636605675349644073
24004 695.432000 32.4463136879380655841 -0.0681095118867900556348 0.650688230561648595085
24005 695.440000 32.4462954315710945252 -0.0680874551824002111067 0.650719466144107805405
24006 695.448000 32.4462792509051425327 -0.0680686737653349027699 0.650730020357734417757
24007 695.457000 32.4462626431081986311 -0.0680523996688858490156 0.650719000834046878978
24008 695.466000 32.4462462167796701351 -0.0680416316689076011714 0.650687979554105067059
24009 695.475000 32.4462290583921770803 -0.068036540048582894169 0.65064269950239805862
24010 695.484000 32.4462102377006544884 -0.0680365223555388642929 0.650589859580497864577
24011 695.493000 32.4461892087482866032 -0.0680407455441857933476 0.650536202147040665267
24012 695.502000 32.4461655456682649401 -0.0680480321468201476698 0.650487698892518118043
24013 695.510000 32.4461419525702225997 -0.0680558882265997755479 0.650452955816441913406
24014 695.519000 32.4461127165060077004 -0.0680650861788373029437 0.650426345505909719868
24015 695.527000 32.446084748806896414 -0.0680727246374322886302 0.650415105076873056866
24016 695.535000 32.4460552361963507906 -0.0680790868381580260849 0.650415741465611763061
24017 695.544000 32.4460206926230867452 -0.0680841068631281853829 0.650429610393329360463
24018 695.552000 32.4459894476491896853 -0.0680863387505588057991 0.65045183082560065202
24019 695.561000 32.4459543654249173983 -0.0680863243718563132534 0.650485078208688949353
24020 695.569000 32.4459235830716039573 -0.0680841318600997613686 0.650519289694845292971
24021 695.576000 32.4458972136791814478 -0.0680807747216839315163 0.650550731550168293005
24022 695.585000 32.4458647142298843846 -0.0680751148227996261131 0.650590404097362462466
24023 695.593000 32.4458369040561720453 -0.0680691699267763211667 0.650622920773355484236
24024 695.601000 32.4458105565169603324 -0.0680629304334786355835 0.650651138697541431277
24025 695.609000 32.4457854723866816471 -0.0680568220034604848268 0.650674011066934676606
24026 695.616000 32.4457645636452411964 -0.0680518430484585989948 0.650689238651635082356
24027 695.625000 32.4457384705053186735 -0.0680463506005367230189 0.650702182577107990369
24028 695.633000 32.4457159971056157133 -0.068042431440755585248 0.650707887234437065693
24029 695.641000 32.4456937690783320249 -0.0680394594688347870148 0.650708932090210856458
24030 695.648000 32.4456743650119179279 -0.0680376090988106529966 0.650706806913392221681
24031 695.657000 32.4456492062320407399 -0.0680361147762602175293 0.650701234736597800001
24032 695.665000 32.4456262792530836236 -0.0680353659008695738075 0.650694805203071435784
24033 695.673000 32.4456026504465171456 -0.0680349211583615859356 0.650688140363255174137
24034 695.681000 32.4455781952857407191 -0.0680345337324004956203 0.650682192000223702522
24035 695.689000 32.4455528570499112107 -0.0680339775421369141739 0.650677716892002822036
24036 695.696000 32.4455299357797670723 -0.0680331942784872800711 0.650675424412919145567
24037 695.704000 32.4455030163094519935 -0.0680318684393327599569 0.650674972527546802148
24038 695.712000 32.4454753977805907539 -0.0680300011077412808413 0.650676925967898167613
24039 695.720000 32.4454472350956635296 -0.0680275842158414995042 0.650681211575566909033
24040 695.728000 32.4454187081718856689 -0.0680246691020606475409 0.650687602860149705286
24041 695.734000 32.4453972834919568413 -0.0680222476455814573093 0.650693573073032105469
24042 695.738000 32.4453830294588669858 -0.0680205431930449855304 0.650698008309514075442
24043 695.743000 32.4453649309721754435 -0.0680182794603742257866 0.650704033991219232824
24044 695.748000 32.4453470618232273637 -0.0680159490940651090263 0.650710442640918151902
24045 695.753000 32.4453293517574863358 -0.0680136628619978644839 0.650717103266982954679
24046 695.758000 32.4453117891681088736 -0.0680113590944894375045 0.650723980408722590951
24047 695.764000 32.4452906995408341118 -0.0680086987807963366803 0.65073232793198509949
24048 695.769000 32.4452734966547851059 -0.068006607901400076277 0.650739263694248060155
24049 695.774000 32.4452563336120789472 -0.0680045815259936320407 0.650746139950317714629
24050 695.779000 32.4452396197166237357 -0.0680028140224973876027 0.650752836838369930206
24051 695.784000 32.4452229733933492639 -0.0680011000477364346839 0.65075938981680581108
24052 695.790000 32.4452030092924204041 -0.0679992176224028799236 0.650766960654823645172
24053 695.796000 32.4451835977840090663 -0.0679976637104557080082 0.65077412793826217019
24054 695.804000 32.4451579947887296385 -0.0679958657789235948465 0.650783089313616280869
24055 695.812000 32.4451326401278024036 -0.0679944222081534377367 0.650791321417500956414
24056 695.820000 32.4451074793038216626 -0.0679932262397485581706 0.650798879108530625714
24057 695.828000 32.4450824009664344771 -0.0679921746405373478295 0.650805830396327777976
24058 695.836000 32.4450572935679346642 -0.0679911579795920845148 0.650812264458556888336
24059 695.844000 32.4450320550444786249 -0.0679900705412291583851 0.650818278823950158163
24060 695.852000 32.4450065994911653888 -0.0679888194942683127264 0.650823971126020306421
24061 695.860000 32.4449808619929243036 -0.0679873321935174912412 0.650829432984130540341
24062 695.865000 32.4449644462320776483 -0.0679862474033098435067 0.650832756016873292815
24063 695.871000 32.4449448693190518611 -0.0679848387517731911345 0.650836699302357546415
24064 695.875000 32.4449317557060510353 -0.06798381136935621738 0.650839293877751190465
24065 695.882000 32.4449082481132222711 -0.0679817321276858649304 0.650843892382231836713
24066 695.889000 32.4448846399731394285 -0.0679794802335993986198 0.650848457637397515008
24067 695.894000 32.4448678439316324784 -0.0679778483502778835268 0.650851713819460830912
24068 695.899000 32.4448508061001916758 -0.0679760384324310656945 0.650855048310546191459
24069 695.903000 32.4448369875039688282 -0.0679745306408676697174 0.650857752437168812776
24070 695.908000 32.4448198615782814613 -0.0679726203315857702147 0.650861163304211398639
24071 695.915000 32.4447957386690362114 -0.0679699766497001006682 0.650865964734798074787
24072 695.921000 32.4447749223017893883 -0.0679676870708242203412 0.650870175038738119078
24073 695.928000 32.4447506597525574534 -0.0679649473962360417545 0.65087528307815478712
24074 695.935000 32.4447265425789979076 -0.0679623301590086548174 0.650880462789208302787
24075 695.942000 32.4447024579258638255 -0.0679598833909628580185 0.650885742490794449999
24076 695.949000 32.4446782636461961147 -0.0679574680325993191188 0.650891231200470543605
24077 695.956000 32.4446543277934580374 -0.0679552381662712479127 0.650896811383458895328
24078 695.963000 32.4446305935657051123 -0.0679532152092232055729 0.65090253260170727323
24079 695.970000 32.4446070893274693958 -0.0679512629739712908927 0.650908400881374249458
24080 695.977000 32.4445836405761269816 -0.0679495253694701595304 0.650914332280090435212
24081 695.984000 32.4445601096134979002 -0.0679478007916558823798 0.650920434459733465715
24082 695.991000 32.4445368279565897751 -0.0679462015906456134884 0.650926569517762509953
24083 695.998000 32.4445137035817268156 -0.0679447150552634770992 0.650932769954917334054
24084 696.005000 32.4444906705468909536 -0.067943201212453077642 0.650939009331374163203
24085 696.012000 32.444467718755738872 -0.0679417222521852964823 0.650945242817698166427
24086 696.018000 32.4444477695982271825 -0.0679403463410749863804 0.650950616466508424907
24087 696.025000 32.4444247552783906485 -0.0679388103266433535099 0.650956822972975857056
24088 696.032000 32.4444017325910891714 -0.0679371516403549785545 0.650962979482701209477
24089 696.038000 32.4443819110068005784 -0.0679356689206206815212 0.650968216907591212816
24090 696.044000 32.4443621334042333615 -0.0679341624000578125919 0.650973344413325660796
24091 696.049000 32.4443453556383545333 -0.0679328087455022822105 0.650977615236198570159
24092 696.053000 32.4443321691117674277 -0.0679316778627470779783 0.650980995403051654336
24093 696.057000 32.4443186883833689649 -0.0679305805067022122623 0.650984313791624691348
24094 696.064000 32.4442953184063753724 -0.0679285344903273885508 0.650990068742988703399
24095 696.070000 32.4442751707333982836 -0.0679267296290027439154 0.650994941017810080375
24096 696.077000 32.4442516442154058609 -0.0679245654099339679632 0.651000525312619648943
24097 696.084000 32.4442280111486240912 -0.0679224261765903197796 0.651005993858037035338
24098 696.091000 32.4442041605242721403 -0.0679201904512734266905 0.651011443199723149888
24099 696.098000 32.4441804591340883235 -0.0679180193604254217599 0.651016805608147897111
24100 696.105000 32.444156571206058004 -0.067915763642752452478 0.651022203135697585807
24101 696.111000 32.4441362407295557091 -0.0679139317405045711551 0.65102674111193270523
24102 696.118000 32.4441122272232504997 -0.0679117367244047032138 0.651032108546142684879
24103 696.124000 32.4440917987285644131 -0.0679099652716264323704 0.651036672371127389525
24104 696.131000 32.4440680413428097495 -0.0679078960341491094654 0.651042037059475497962
24105 696.137000 32.4440476567925983886 -0.0679061659244596937945 0.65104667940497629175
24106 696.144000 32.4440238074831128756 -0.0679041698416229383417 0.651052107926446188557
24107 696.151000 32.4440001238312660803 -0.0679022932505462251118 0.651057595168436198385
24108 696.158000 32.4439765252208331958 -0.067900401526848327971 0.6510631382144539403
24109 696.165000 32.4439529939078923348 -0.0678985994971333522985 0.651068704711490142678
24110 696.172000 32.4439293557828563053 -0.0678967173484826130858 0.651074400529676133864
24111 696.179000 32.4439058986738331214 -0.0678948864480331121252 0.651080098752463198863
24112 696.186000 32.4438824480263647843 -0.06789312138908575045 0.65108580276258765096
24113 696.193000 32.4438588738878905815 -0.0678912741370738676006 0.651091588292465828225
24114 696.200000 32.4438355209857363093 -0.067889480686663422615 0.651097363821051655641
24115 696.206000 32.4438154404448582113 -0.0678878219193090604033 0.651102394958625430021
24116 696.213000 32.4437920585392021167 -0.067885992513822046579 0.651108183345863067437
24117 696.219000 32.4437717807026615446 -0.0678842978607526736923 0.651113200251599688606
24118 696.226000 32.4437483853059589478 -0.0678824106163444379591 0.65111901488207746258
24119 696.233000 32.443724999606949666 -0.0678804415324475857174 0.651124821198992398408
24120 696.239000 32.4437048935063145905 -0.0678787369322824962747 0.651129800450269358159
24121 696.245000 32.4436848646138713548 -0.0678770566836144895184 0.651134715258317786635
24122 696.252000 32.4436611855998293663 -0.0678749882622929484599 0.651140503517926072519
24123 696.259000 32.4436377563223388165 -0.0678730366090061904005 0.65114617351652182009
24124 696.266000 32.4436141537558029313 -0.0678709333737402137343 0.651151934766096562868
24125 696.271000 32.4435972483719226034 -0.0678694601763321914145 0.651155994827147144299
24126 696.276000 32.4435804603632291787 -0.0678680256033257767179 0.651160026434497662962
24127 696.281000 32.4435636719679862949 -0.067866552598277715691 0.65116407904022632902
24128 696.286000 32.4435466360390734053 -0.0678650910880086999377 0.651168095425187609671
24129 696.292000 32.4435264811460868373 -0.0678633937753849447727 0.651172910930212234248
24130 696.298000 32.4435062321705558475 -0.0678616681356216389087 0.651177736463347645035
24131 696.304000 32.4434860754499396762 -0.0678599946977170853657 0.651182504501977676981
24132 696.310000 32.4434656157879572902 -0.0678582360882221680143 0.651187325525951599126
24133 696.316000 32.443445458351341415 -0.0678565850993341213027 0.651192112779610199347
24134 696.322000 32.4434251504487320972 -0.0678548887900354280589 0.651196920302511195189
24135 696.327000 32.4434083439499758583 -0.0678535254672043147695 0.65120089671700931433
24136 696.332000 32.4433915614439953856 -0.0678521266765067382343 0.651204906297720875763
24137 696.339000 32.443368013601123323 -0.0678502551592035235695 0.651210465797333215576
24138 696.346000 32.4433442770481548223 -0.0678482917918575428873 0.651216101212918285768
24139 696.353000 32.443320697615803283 -0.0678463719785693808451 0.651221697080315964357
24140 696.359000 32.4433006248412780792 -0.0678447707516729864308 0.651226504191271482469
24141 696.365000 32.4432804773991279035 -0.0678431298926226028501 0.651231338106618817818
24142 696.372000 32.4432570463984362164 -0.0678412040696636520209 0.651236969249115893454
24143 696.378000 32.4432368377780946389 -0.0678395841811043898151 0.651241779615992610886
24144 696.385000 32.4432134525844091399 -0.067837702044056313877 0.651247402917735418448
24145 696.392000 32.4431899284332558864 -0.0678357138148487220919 0.651253103748170247833
24146 696.396000 32.443176428894496155 -0.0678345766705736735735 0.651256328624924329951
24147 696.401000 32.4431598596710202287 -0.0678332658301008112334 0.651260338089253099092
24148 696.405000 32.44314632360422479 -0.067832079252728910701 0.651263624396563600705
24149 696.410000 32.4431296468447243342 -0.0678306994817483299709 0.651267658833386331452
24150 696.414000 32.4431163638370065883 -0.0678296046661778784248 0.65127088185982107138
24151 696.419000 32.4430994582697209694 -0.067828176892179598001 0.651274956508727465021
24152 696.424000 32.4430827881053076567 -0.0678267480235107272923 0.651279026511632275209
24153 696.430000 32.4430628042806645794 -0.0678250838255500948515 0.651283860540359915703
24154 696.434000 32.4430493061146876244 -0.0678239198306762047785 0.651287125737641914291
24155 696.439000 32.4430324785845769497 -0.0678224645096648370846 0.651291187269889992884
24156 696.443000 32.4430191738930062684 -0.0678213563029413935013 0.651294445264258836659
24157 696.448000 32.44300236975121976 -0.0678199194093005025552 0.651298502957653679957
24158 696.453000 32.442985692370868378 -0.0678185204598296398348 0.651302542879839130308
24159 696.458000 32.4429690227888301024 -0.0678170812526278365961 0.651306613311380955267
24160 696.463000 32.4429521125795616854 -0.067815650675975655548 0.651310655765949486629
24161 696.467000 32.4429388196975736491 -0.0678145455567311511436 0.651313906499086603397
24162 696.472000 32.4429220064218384323 -0.0678131166371734039888 0.651317957408434677902
24163 696.476000 32.4429087543742014077 -0.0678120573767947432131 0.651321148029342711361
24164 696.480000 32.4428952174358897764 -0.0678108614198907472259 0.651324432203544079201
24165 696.486000 32.4428751301881561631 -0.0678092071314698313644 0.65132926893920373157
24166 696.493000 32.4428517560009197496 -0.0678072353508188396809 0.651334924575381446488
24167 696.501000 32.4428250442370043061 -0.0678049796540611954265 0.651341400459003905254
24168 696.508000 32.4428016650063781867 -0.0678030797662102224788 0.651347011705426748307
24169 696.514000 32.4427813958602300204 -0.0678013509277757969729 0.651351873233128486618
24170 696.522000 32.4427546503867105798 -0.0677991329572820156102 0.651358317460206781568
24171 696.530000 32.4427279181615944026 -0.0677969180818495942287 0.651364757332825838887
24172 696.538000 32.4427012006458141968 -0.0677947044761455092088 0.65137119390102671268
24173 696.546000 32.4426744987018196298 -0.0677924903360573316569 0.651377628193476998497
24174 696.554000 32.4426479497345710001 -0.0677903648389441421118 0.651384014285715351456
24175 696.562000 32.4426213108881995595 -0.067788133460962046728 0.651390458711158415461
24176 696.570000 32.4425946611866251601 -0.0677859090115511542241 0.651396892774049107722
24177 696.579000 32.4425646137026575389 -0.0677833529291640701775 0.651404163934098168198
