17672 649.134000 -0.390916382401534534541 0.0167365170446072998589 -0.0504615671277962377084 -0.0165609398227166658424 -0.0136252678318246906591 0.999770017228312046775 3.07389399582465694394
17673 649.139000 -0.390912310307202415238 0.0167391844772502990102 -0.0504525364182471097729 -0.016562168874924194234 -0.0136243438259642801746 0.999770009460911102117 3.07388394321646485352
17674 649.145000 -0.390908385548210779437 0.0167438653506642998181 -0.0504386394034974649969 -0.0165540031250450553335 -0.0136279499436161941756 0.999770095552407700445 3.07386996041513782529
17675 649.152000 -0.390906029651731601327 0.0167498826624097492399 -0.0504187966927677061468 -0.0165311573891517744894 -0.0136375288696862027177 0.999770342949671375621 3.07385496687692016948
17676 649.159000 -0.39090364628770118971 0.0167604565116078567388 -0.0503972030056679121124 -0.0164960784091427101195 -0.0136574401168574992294 0.999770650562704643605 3.07383182402898569308
17677 649.168000 -0.390903666687266559965 0.0167746720597934245722 -0.0503673539653184537679 -0.0164373241129392895499 -0.0136901856641267107711 0.999771170414754384304 3.07380506829624966514
17678 649.176000 -0.390905163915232944927 0.0167891373678622918275 -0.0503412877072250269928 -0.0163787796684816376602 -0.0137254525979172755518 0.999771647691388376522 3.07378042481282331977
17679 649.185000 -0.390907991392358933336 0.0168067844394828476429 -0.0503141787741130455669 -0.0163130567675449679454 -0.0137687442842796773507 0.999772126966806840009 3.07375255466116747982
17680 649.195000 -0.390911395763322233599 0.0168253278283825129236 -0.0502903807280463688301 -0.0162533664909960233469 -0.0138124375713643571945 0.999772496444089164847 3.0737244683382503041
17681 649.203000 -0.390914398776583182915 0.016844117701493230288 -0.0502729544184718213362 -0.0162071761408740799837 -0.0138535989486511332963 0.999772676780931290885 3.07369466200452245985
17682 649.212000 -0.390916695935477787049 0.0168603829156075066265 -0.050261704495338371812 -0.0161771690120953819114 -0.0138857114407452287425 0.999772717281552369961 3.07366835480385747204
17683 649.220000 -0.390918551263434665977 0.0168772268663533418775 -0.0502534095375848505194 -0.0161558744127162298709 -0.013915420119110399888 0.999772648558095555771 3.07364124034135910435
17684 649.230000 -0.390919146330961697622 0.0168930509482645499486 -0.0502510659626044520198 -0.0161489518469794257616 -0.0139384722005067816786 0.999772439281539471168 3.07361660194815744518
17685 649.239000 -0.390918935436021630636 0.0169067265596619560608 -0.0502517989143918333839 -0.016151617563147539075 -0.0139543967442989722688 0.999772174078472963821 3.07359352892542503355
17686 649.248000 -0.390917685478221699213 0.0169191345942734591712 -0.0502552638372339016692 -0.0161624185908242588849 -0.0139647636773514143699 0.999771854775243662417 3.07356915028856336747
17687 649.256000 -0.390915770887289348856 0.0169297271699455215144 -0.0502595140049287222861 -0.0161774349446827045429 -0.0139698794256391655572 0.999771540436835803867 3.07354635409215148911
17688 649.265000 -0.390913111894875708874 0.0169390029358522133107 -0.0502655609636533384776 -0.0161970060122940892611 -0.0139706764346666807014 0.999771212426220801106 3.07352427769764702248
17689 649.273000 -0.390910399608655700909 0.0169460708718336683365 -0.0502709825516048300353 -0.0162157287773340257064 -0.0139686027825847419032 0.999770937903539103075 3.07350593678750438897
17690 649.282000 -0.390907108264517078045 0.01695289402427995612 -0.0502765948111528887532 -0.0162369982268784386614 -0.0139641666466722453449 0.999770654669581926299 3.07348685612470085005
17691 649.291000 -0.39090368291534005607 0.0169588050876625096031 -0.0502813301786256827697 -0.0162574256681234687039 -0.0139585703777537657733 0.999770400853943419506 3.07346929826855896906
17692 649.300000 -0.390900238241361386304 0.0169640609566824585031 -0.0502849995097238849917 -0.0162761503261490796113 -0.0139527992876752552492 0.999770176751936578974 3.07345313464442249085
17693 649.308000 -0.390897226429298194628 0.0169683957585571032478 -0.0502873485374808817938 -0.0162908499667354586538 -0.0139482243578891614011 0.999770001172581412874 3.07343973787003221787
17694 649.317000 -0.390893952718532500246 0.0169731010192914547052 -0.0502890513457045634782 -0.0163047854173167180991 -0.0139443258389418244664 0.999769828385210113098 3.07342549837544343205
17695 649.326000 -0.390890820698622742935 0.0169778639720246093958 -0.0502899197526049876461 -0.0163157129524454692915 -0.0139423016637021217334 0.999769678343553125366 3.07341175916493236642
17696 649.334000 -0.390888194839851432771 0.0169822335641931013162 -0.0502901557725519282593 -0.0163227947409933203671 -0.0139422456669244243521 0.999769563528319582524 3.07339975960292699497
17697 649.343000 -0.390885432153099232622 0.0169874091297166317227 -0.0502899941517619686326 -0.0163278290784857511853 -0.0139442142975296969748 0.999769453866844348688 3.07338620963832687139
17698 649.352000 -0.390883158629184768174 0.0169924277597507493442 -0.0502894174107619135183 -0.0163296280765368589938 -0.0139478475294507117677 0.999769373803867322792 3.07337365339426193955
17699 649.361000 -0.3908807855369229034 0.0169982430177570559282 -0.0502888745978035400785 -0.0163294694710535114035 -0.0139534846414476870063 0.999769297734809825329 3.0733594568082946985
17700 649.369000 -0.390878635546874186879 0.0170042305552190464724 -0.0502882934996160269048 -0.0163270896342539335866 -0.0139603937156408345471 0.999769240150635396525 3.07334506034309562494
17701 649.378000 -0.39087693675395696058 0.017009969447158372613 -0.0502875610938425601781 -0.0163231889033406407652 -0.0139675088320146099929 0.999769204467237826428 3.07333132604693837209
17702 649.386000 -0.390875245262481962882 0.017016311185654733884 -0.0502866877158941738557 -0.0163174892612125213565 -0.0139757901102144348887 0.999769181778977111819 3.07331612065235582065
17703 649.395000 -0.390873809886684075998 0.0170228040781042616603 -0.050285626670252742132 -0.0163106898136663285015 -0.013984202034511722737 0.999769175105564178452 3.07330040505617230195
17704 649.401000 -0.390873001759565741331 0.0170270904985452657676 -0.0502848006644973644086 -0.0163057692325206601835 -0.0139896072115009758446 0.999769179750908176807 3.07328990009169134012
17705 649.408000 -0.390872186792444176184 0.0170320405399000535107 -0.050283690948724042713 -0.0162998597669651718034 -0.0139956746491401839289 0.999769191194994077954 3.07327771699215857026
17706 649.417000 -0.390871378454408113789 0.0170381904530023074729 -0.0502819997103794436022 -0.0162922030975269464814 -0.0140027562975899508291 0.999769216836715490793 3.07326238733306533746
17707 649.423000 -0.390871019892894078218 0.0170416768692654603534 -0.0502809123806631438902 -0.0162880445145208128943 -0.0140063998000236125674 0.999769233558692183017 3.07325365732936495178
17708 649.429000 -0.39087065969102874341 0.0170459911831525173787 -0.0502792613138005814455 -0.0162824829421868086388 -0.0140108725867996841002 0.999769261479164561557 3.07324279130789879133
17709 649.434000 -0.390870435089270662488 0.017049076011544803122 -0.0502780386441355475746 -0.0162793130529473757673 -0.0140136577814716448837 0.999769274063825208465 3.07323511840209118162
17710 649.439000 -0.390870326837482240379 0.0170520863775451766986 -0.0502766045547425599604 -0.0162753026720075522071 -0.0140164645747980209922 0.999769300010636574605 3.0732275004344469238
17711 649.443000 -0.390870258111972790349 0.0170543994800469826678 -0.0502754664997777794833 -0.016272739961176806156 -0.0140183856121439583131 0.999769314791659979846 3.07322171252374953809
17712 649.448000 -0.390870221083133129181 0.0170568247727882656151 -0.0502742045825196604003 -0.0162702605836585016685 -0.0140201639300380799524 0.999769330207680773093 3.07321563740987890867
17713 649.452000 -0.390870184678875520756 0.0170594090800693029553 -0.0502728135379259810644 -0.0162677659185695988597 -0.0140221742643423588626 0.999769342609043487613 3.07320929153019095637
17714 649.457000 -0.390870177959709463877 0.0170620697010114563685 -0.0502713193533828317516 -0.01626553741919511617 -0.0140240110496694398573 0.999769353104276503608 3.07320280466672723918
17715 649.462000 -0.390870197556263621053 0.0170643029999176937261 -0.0502700112419355721327 -0.016263887214314109303 -0.0140253695840346411655 0.999769360893156933123 3.07319738012729892773
17716 649.468000 -0.390870207634410993247 0.017067642276108470345 -0.0502681098334913645242 -0.0162620604356357827125 -0.014027438869243400929 0.99976936157753781842 3.07318948014898163379
17717 649.472000 -0.390870211137518908107 0.0170695982636771652341 -0.0502670096221950468696 -0.0162613081023521323376 -0.0140285317061994638244 0.999769358480729120053 3.07318490454028880876
17718 649.477000 -0.390870204221604677919 0.0170719892713236641446 -0.0502657075625827787224 -0.0162607444739962282709 -0.0140297975362176311626 0.999769349885384350785 3.07317938274960500422
17719 649.482000 -0.390870167526774392464 0.0170743404038973430048 -0.0502645112232021767928 -0.0162606127669759244203 -0.0140310041555029418187 0.999769335094266020647 3.07317404618620226842
17720 649.487000 -0.390870090264994696216 0.0170766687689264187733 -0.0502634415710688509105 -0.0162608993648050079162 -0.01403216324616109352 0.999769314165263156546 3.07316882877946584429
17721 649.493000 -0.390869939983307823628 0.0170794390367838139211 -0.0502623363366776071404 -0.0162617443413784514006 -0.0140335051716749190098 0.999769281586292968278 3.07316269036979905493
17722 649.498000 -0.390869756107575350157 0.0170817356642295470337 -0.0502615843867327410921 -0.0162628497353057288599 -0.0140346093373805644311 0.99976924810639866692 3.07315764664645918458
17723 649.502000 -0.390869564264739732806 0.0170835768096293146023 -0.0502611009833054331319 -0.0162639755576993137731 -0.0140354943120314899774 0.999769217368926210732 3.07315361507183926193
17724 649.508000 -0.390869201047049585895 0.0170863526870052920281 -0.0502605668916744560692 -0.0162659996067052239899 -0.0140368327716654719278 0.999769165649018742847 3.07314753343840951771
17725 649.516000 -0.39086856930844759983 0.017090100075855256534 -0.0502602175631273670464 -0.0162692128196012981978 -0.01403864076963203672 0.999769087979605175498 3.07313924415858341632
17726 649.523000 -0.390867872633497037693 0.0170934401830287220625 -0.0502602329459469893136 -0.0162723711062765959146 -0.0140402814940377811126 0.99976901353970148989 3.07313174201609262681
17727 649.530000 -0.390867054002602298812 0.0170968303278670394341 -0.0502605125931031848641 -0.0162756971797592513151 -0.0140419662596037286145 0.999768935737091579696 3.07312397203457887684
17728 649.538000 -0.390866094202441394234 0.0171004985581614497858 -0.0502610809636274691314 -0.0162791422121526495326 -0.0140438152963688334118 0.999768853676067492664 3.07311535353479126087
17729 649.545000 -0.390864924162088345216 0.017104367933469626778 -0.0502617632449541065776 -0.0162826928120818857637 -0.0140457814490005158253 0.999768768235072546879 3.07310601953033524225
17730 649.552000 -0.390863799657730215387 0.0171079948822464578129 -0.0502625220515687115563 -0.0162855978777134494107 -0.0140476402599862063014 0.999768694801398072336 3.07309702971112841396
17731 649.560000 -0.390862610650637154475 0.0171118559257645644345 -0.0502633874122340451596 -0.0162882129247395833482 -0.0140495853771297092571 0.999768624867998778605 3.07308721849385380054
17732 649.567000 -0.390861262413244203717 0.0171159405910052096755 -0.050264138853207726565 -0.0162903574820762002406 -0.0140517235328552567847 0.99976855987716606311 3.07307656555026875722
17733 649.574000 -0.390860062362018423343 0.0171197226256757858986 -0.0502647564303071447966 -0.0162917459755989209313 -0.0140537340189158359294 0.999768508992552873416 3.07306656212158424424
17734 649.582000 -0.390858879294536942783 0.017123719781830075426 -0.0502652545171278081204 -0.0162925771972515752439 -0.0140558102284890681227 0.999768466259609800417 3.07305584061408865182
17735 649.589000 -0.39085762462924961147 0.0171278848243815035035 -0.0502654884407583088524 -0.0162926538208649600292 -0.0140581390817672187421 0.999768432266707862688 3.07304448506433347532
17736 649.597000 -0.390856580096973271754 0.01713188862283587105 -0.0502654781568681180426 -0.0162921350057760178087 -0.0140603160744549246508 0.99976841010748085381 3.07303357049671843626
17737 649.604000 -0.390855513270164378614 0.0171360339412511206159 -0.0502651783469480056832 -0.0162908808058880930081 -0.0140627788902021808037 0.999768395905998419337 3.07302218664602522225
17738 649.611000 -0.390854678791748455513 0.0171397969427310309376 -0.0502646471603268168993 -0.0162892685687240947046 -0.0140650214565926617166 0.999768390629010350601 3.07301191162777609378
17739 649.619000 -0.390853932057785347087 0.0171437429604237162595 -0.0502638210592528736353 -0.0162872184527605400051 -0.0140674263452419817666 0.999768390193995548643 3.07300129509281161333
17740 649.626000 -0.390853210856292321296 0.017147771458194523142 -0.0502627709330898952977 -0.016284701719333102149 -0.0140701202080741015477 0.999768393282785661214 3.07299051689617597205
17741 649.633000 -0.390852677771052758882 0.0171514288089374966617 -0.0502616099870514532189 -0.0162822516557950547345 -0.0140725872855375494508 0.999768398464418561744 3.07298091004653572966
17742 649.641000 -0.39085217068859867684 0.0171555583434037858814 -0.0502601304733681919501 -0.0162793938579509633868 -0.0140754660514962187667 0.999768404477282324194 3.07297025815875413102
17743 649.648000 -0.390851797249306409654 0.0171591385109155364352 -0.0502587487256749704256 -0.0162769585406464870059 -0.014078043035993758475 0.999768407845008311163 3.07296121637570118779
17744 649.656000 -0.390851433162539507737 0.017163193238801801449 -0.050257129561569170717 -0.0162743666299009596965 -0.0140810245500908922528 0.999768408051792456526 3.07295118339418227293
17745 649.663000 -0.390851147417639155357 0.0171667167306540704996 -0.050255729746326506524 -0.0162723619451475495779 -0.0140836531038238399471 0.9997684036575558153 3.07294263349817287079
17746 649.671000 -0.390850833563876842724 0.0171707252537557676642 -0.0502541998497580966188 -0.0162704537864969064898 -0.0140866731937306730732 0.999768392164862684801 3.07293308574338963624
17747 649.678000 -0.390850560846263461734 0.0171742111719932685765 -0.0502529592090674437355 -0.0162691477183023042175 -0.0140892605191209729226 0.99976837696065590233 3.0729248681770822138
17748 649.686000 -0.390850257463597472452 0.0171779122785557930575 -0.050251786932570784161 -0.016268160800127374338 -0.0140919311437331263442 0.999768355380796003296 3.07291620879295113156
17749 649.693000 -0.390849877218436059234 0.0171817154692725480858 -0.0502507154702603389684 -0.0162676015715329906619 -0.0140947114617505451367 0.999768325287373804677 3.07290739816783142757
17750 649.701000 -0.390849436411858042195 0.0171857278247578536268 -0.0502497901901622426313 -0.0162674462322323423735 -0.0140974794942634422401 0.999768288787452052979 3.07289804979706815402
17751 649.708000 -0.390848987118571744581 0.0171892698487013835529 -0.0502491367206385416977 -0.0162676567781972133964 -0.0140998504389132604808 0.999768251926688722442 3.07288977610802804818
17752 649.715000 -0.390848481690044546877 0.0171928306605819876396 -0.0502486244354334796181 -0.0162681303804079364916 -0.0141021252145044385939 0.999768212136373457533 3.07288137405477979058
17753 649.722000 -0.390847916838397646533 0.0171964127711705452861 -0.0502482407574225825586 -0.0162688228764109495128 -0.0141043232282844210879 0.99976816986163741241 3.07287283599892591113
17754 649.730000 -0.390847207481132496998 0.0172005314493762218042 -0.0502479317804433722738 -0.016269785054821236242 -0.0141067180488010646133 0.999768120416010153129 3.07286287264387203422
17755 649.737000 -0.390846527306125235413 0.0172041713061142076402 -0.0502477508237984676898 -0.0162707184514117378371 -0.0141087526181001201436 0.999768076516066805937 3.07285395161021357424
17756 649.744000 -0.390845808086042412199 0.0172078251408075144635 -0.0502476328661033144751 -0.0162716686909598756694 -0.0141107017727412614033 0.999768033542527523316 3.07284486032237014186
17757 649.752000 -0.390844937235198253145 0.0172120394354763339706 -0.0502475355088487368738 -0.0162727063607169125659 -0.0141128951427705092575 0.999767985693874483566 3.07283425212806582394
17758 649.759000 -0.390844155703926388057 0.0172157296414182856004 -0.0502474607352688534823 -0.0162735108389311378119 -0.0141147556838363916892 0.999767946334028545508 3.0728248391459076494
17759 649.767000 -0.390843343400946063859 0.0172196598132875501597 -0.0502473793427733184114 -0.016274201223262649979 -0.0141166846522089248911 0.999767907861107030243 3.07281474693325007408
17760 649.774000 -0.390842437851408763816 0.0172236937758958284783 -0.05024722105629880059 -0.0162747407015772227457 -0.0141187388003455906171 0.999767870072740483245 3.07280427493269181483
17761 649.781000 -0.390841638484282938304 0.0172274236196661642562 -0.0502470341191888561494 -0.016275029639295279793 -0.0141206267280278609244 0.999767838706090650192 3.0727945694726570558
17762 649.788000 -0.390840858149826664292 0.0172311484751868290721 -0.0502467810329198516506 -0.0162751102848586529093 -0.0141225278986613373561 0.999767810539510692891 3.07278483829390314241
17763 649.795000 -0.390840094755624589684 0.0172348772454392965003 -0.0502464580878127370367 -0.016275002114323568192 -0.0141244853908092729555 0.999767784647326629432 3.07277510216956217803
17764 649.802000 -0.390839356659678172079 0.0172385984029605754397 -0.050246060788013038878 -0.0162747138331173941961 -0.0141265053612088849894 0.999767760800442162328 3.07276541215162346532
17765 649.810000 -0.390838554257237902334 0.0172428365277077222384 -0.0502455105582920724672 -0.0162741675868679248895 -0.0141288731815056474439 0.999767736232758941206 3.07275440942264621569
17766 649.817000 -0.390837882690421911658 0.0172465453486286141027 -0.0502449552648811595401 -0.0162735405132508267889 -0.0141310170555737496523 0.999767716140173678951 3.07274483510624918381
17767 649.824000 -0.390837247959970934819 0.0172502373334856400067 -0.0502443332748894258555 -0.0162727909305832654785 -0.0141332069660926335636 0.999767697385839149149 3.07273535379417461755
17768 649.832000 -0.390836552885444332706 0.0172544529445362269937 -0.0502435599869391139038 -0.0162718529559023120101 -0.0141358066202995000249 0.999767675899043584131 3.07272462937937973493
17769 649.839000 -0.39083597572827705191 0.01725813371067127025 -0.0502428384101060304667 -0.0162709776342016901318 -0.0141381218325207017039 0.999767657407397813962 3.07271532648455991676
17770 649.846000 -0.390835427122832479441 0.0172617957568483477993 -0.0502420876010144235035 -0.0162700857854979133443 -0.0141404633499423778437 0.999767638806528635698 3.07270612978454282782
17771 649.853000 -0.390834898064317759481 0.0172654550959728501913 -0.0502413166148846790371 -0.0162692008465573703657 -0.0141428270193476347816 0.999767619773572646658 3.07269699174336174963
17772 649.860000 -0.390834370239320882945 0.017269132062140132855 -0.0502405434345352883141 -0.0162683798302633783606 -0.014145262397890726036 0.999767598679509483794 3.07268790184658202591
17773 649.867000 -0.390833862940119347584 0.0172727850610421354571 -0.0502397754880527860899 -0.0162676057383330900652 -0.014147660473185722646 0.999767577343193214467 3.07267888429014757179
17774 649.875000 -0.390833285307779165763 0.0172769653912754894698 -0.0502389155672832710131 -0.0162668169613711839638 -0.0141504005829945801731 0.999767551398466847168 3.07266860289559318176
17775 649.882000 -0.390832773405162314795 0.0172806386407727621823 -0.0502381894314913521327 -0.0162662281636251210282 -0.0141527997828170687411 0.99976752701797455547 3.07265959952078793194
17776 649.889000 -0.390832255113248705491 0.0172843163469607805083 -0.0502374918333036574181 -0.0162657333959396396827 -0.0141551783519351798146 0.999767501393657664899 3.07265059196120837726
17777 649.896000 -0.390831733165331096647 0.017287992457813892988 -0.0502368289427266023761 -0.0162653265438269106768 -0.0141574994329666855458 0.999767475147210538111 3.0726415620291525066
17778 649.902000 -0.390831273716708560428 0.0172911478322166564658 -0.0502362929484896081345 -0.0162650607990254998658 -0.0141594695492933478342 0.999767451570257037474 3.07263380365366733926
17779 649.910000 -0.390830638801029028873 0.017295383725431118932 -0.0502356164934771379227 -0.0162648038481572332348 -0.0141620793291390816016 0.999767418785417416593 3.07262337983737632285
17780 649.916000 -0.390830159062612481069 0.0172985520340590767652 -0.0502351386110527486917 -0.0162646596198184577309 -0.0141639618951865491059 0.999767394462773517638 3.07261552471535015485
17781 649.924000 -0.390829488717827577826 0.0173028057743288277148 -0.0502345414178066995703 -0.0162645645497673900504 -0.0141664907341226119913 0.999767360179500408357 3.07260498771809809071
17782 649.931000 -0.390828893763815965468 0.0173065274972078395055 -0.0502340466349780190303 -0.0162645126068760130511 -0.0141686290045743359944 0.999767330723399516579 3.07259569734150295162
17783 649.938000 -0.390828277485968100802 0.0173102697085077625316 -0.0502335760734551467488 -0.0162645071971203418471 -0.0141707759346208408274 0.999767300382966905836 3.07258635059897766695
17784 649.945000 -0.390827650700346196366 0.0173140165292427830601 -0.0502331247119669963008 -0.0162645144418129584951 -0.014172886596462284936 0.999767270346201941678 3.07257694512123213926
17785 649.952000 -0.390827012884619851008 0.0173177670541739790744 -0.050232687520151038385 -0.0162645314079368392968 -0.0141749881974216236646 0.999767240275296953378 3.07256750765231911871
17786 649.959000 -0.390826367994396517425 0.0173215259705952195901 -0.0502322544934881917711 -0.016264530578209184658 -0.01417707530223771481 0.999767210695042374269 3.07255801818937390735
17787 649.966000 -0.390825723066567598529 0.0173252768990454150688 -0.0502318246177156924048 -0.0162645066069774489603 -0.0141791414721012670741 0.999767181783812075579 3.07254851803267570176
17788 649.973000 -0.390825076286334227582 0.0173290324580783507147 -0.0502313883959353973951 -0.0162644439457333769838 -0.014181202619910359547 0.999767153568964395127 3.0725389834286485069
17789 649.980000 -0.390824421988551606866 0.0173328013237320499584 -0.0502309457004081402753 -0.0162643594245935156628 -0.0141833086038927521505 0.999767125069410567129 3.07252943787621779492
17790 649.987000 -0.390823771545070641764 0.0173365671968604903586 -0.0502304929740780559122 -0.0162642294813891939709 -0.0141854140610116596227 0.999767097311816121952 3.07251988505850492928
17791 649.995000 -0.390823035935279894382 0.0173408629118091545118 -0.0502299579603837156871 -0.0162640268166187595966 -0.014187835401149555617 0.999767066250103142444 3.0725089923385371371
17792 650.002000 -0.390822395833157310019 0.0173446212135098566665 -0.050229474216757052929 -0.0162638094430103234689 -0.0141899864392365186033 0.999767039258274259339 3.07249948124429073104
17793 650.009000 -0.390821762266043981615 0.0173483837198286083847 -0.0502289742291550170283 -0.0162635470797711269297 -0.0141921514219431263437 0.999767012795681586645 3.07248996490571668616
17794 650.016000 -0.390821141210228983898 0.0173521360852455647228 -0.0502284548128899346886 -0.0162632375580507408663 -0.0141943218427497339085 0.999766987018252506481 3.07248048031420895043
17795 650.023000 -0.390820523930207219809 0.0173558923012163794641 -0.0502279223297210780652 -0.016262904271248667526 -0.0141965230579725494586 0.999766961185319602556 3.07247101001784095331
17796 650.029000 -0.390820002010462630437 0.0173591037649997170789 -0.0502274565240361584029 -0.0162626023545457583375 -0.0141984249191203053264 0.999766939088542749836 3.07246293112347101939
17797 650.036000 -0.390819404441527074034 0.0173628473164457036715 -0.050226896677189374063 -0.016262214092894772266 -0.0142006346627340119398 0.999766914019448948991 3.07245350986901533119
17798 650.044000 -0.390818720621246951108 0.0173671363544438926707 -0.0502262479155183849677 -0.0162617756785914842343 -0.0142032186019583703956 0.999766884445131065462 3.07244277206110183442
17799 650.050000 -0.390818215635100218996 0.0173703477612377893413 -0.0502257520151669634156 -0.0162614328004182483178 -0.014205153130595438854 0.999766862537368794506 3.07243473627286700633
17800 650.057000 -0.390817629383256204267 0.0173741002038923300632 -0.0502251712200152133914 -0.0162610335501667258029 -0.014207412335899494843 0.999766836928790203487 3.07242535288880347366
17801 650.065000 -0.390816967741390408619 0.0173783794174213052086 -0.0502245018818880256672 -0.0162605784393685739997 -0.0142099884497885881052 0.999766807719217220907 3.07241466057153500557
17802 650.071500 -0.390816472335484665912 0.017381594701695937677 -0.0502240018340222166282 -0.0162602464420238644605 -0.0142119167862647128447 0.999766785708999572435 3.07240662736278036249
17803 650.079000 -0.390815813620058016831 0.0173858841556902531111 -0.0502233328540393902939 -0.0162598130941399611482 -0.0142144867657688685897 0.999766756220734631455 3.07239591822615887295
17804 650.083000 -0.390815482927535984281 0.0173880287338002183228 -0.0502230038708335602138 -0.0162596131174736688307 -0.0142157724923862496119 0.999766741192021579643 3.07239056707595503681
17805 650.088000 -0.390815066617498207968 0.0173907204640444748578 -0.0502225911803736643768 -0.0162593658508881425129 -0.0142173851547867970135 0.999766722281496766911 3.07238385440671368798
17806 650.092437 -0.390814739674942623893 0.0173928590967325005789 -0.0502222627196368537339 -0.0162591710552233113807 -0.0142186544813269616361 0.999766707397949705438 3.0723785120286413175
17807 650.099000 -0.390814157918875026976 0.0173966255863456584208 -0.0502216956764219429887 -0.0162588506807284649547 -0.0142208849947210672765 0.999766680883349190267 3.07236910409075925088
17808 650.106000 -0.390813578588889598553 0.0174003879348446181818 -0.0502211327917705049884 -0.0162585394879991504413 -0.0142230909170960855697 0.999766654564194334753 3.07235969111100093443
17809 650.114000 -0.390812906481136312919 0.0174046984452137232235 -0.0502205032609961271595 -0.0162582230204336916635 -0.0142256234293214323117 0.999766623678878918469 3.072348914959219357
17810 650.121000 -0.390812320429862580795 0.0174084688661420849964 -0.0502199567157089743485 -0.0162579491280938799591 -0.0142278084770855635377 0.999766597039572824102 3.0723394648399260376
17811 650.128000 -0.390811726953940896667 0.0174122487529339356471 -0.050219420085698664169 -0.0162576982111539945774 -0.0142299967687060553712 0.999766569975630625677 3.07232998953467228986
17812 650.135000 -0.390811129279450664153 0.0174160289726264794208 -0.05021889173099283038 -0.016257466278341892868 -0.0142321867823686637466 0.999766542573615302203 3.07232051480294243717
17813 650.143000 -0.390810447215981460189 0.017420351325331772524 -0.0502182906558420322218 -0.0162571962320898905086 -0.0142346621736874380526 0.999766511723348516583 3.07230965565972802267
17814 650.150000 -0.390809852008422164982 0.0174238936614364639532 -0.0502177940618483281687 -0.0162570015016335264746 -0.0142367587468150459673 0.999766485036661434194 3.07230076556753628481
17815 650.157000 -0.390809244707334135782 0.0174279127970294947514 -0.0502172579963665668967 -0.0162567562189340659995 -0.0142389939743959616225 0.99976645719279622071 3.07229065211579666084
17816 650.164000 -0.390808637398586733447 0.0174317063987864812047 -0.0502167451974319389851 -0.0162565399155800843767 -0.0142411708781991653422 0.999766429703453862743 3.07228112147194210024
17817 650.171000 -0.390808035726513125496 0.0174354892689570842301 -0.0502162321398499575387 -0.0162563088643459842386 -0.0142433183961987678418 0.999766402867775516583 3.07227159125650262084
17818 650.178000 -0.390807426371298116674 0.0174392842697993766254 -0.0502157201338054859363 -0.0162560890542978730977 -0.0142455048464478119946 0.999766375289911746194 3.07226206109519939247
17819 650.186000 -0.390806730074157893107 0.0174436178017669529794 -0.0502151357761881217412 -0.0162558330330052347446 -0.0142480056756911100529 0.999766343815728042443 3.07225117708821660045
17820 650.193000 -0.390806128435280120126 0.0174474015084977625289 -0.0502146211894085453542 -0.0162555887289975338483 -0.0142501674067266933393 0.999766316978099589541 3.07224165321111719607
17821 650.200000 -0.39080552262402107333 0.017451187910206417131 -0.0502141066265847230143 -0.016255350020465145211 -0.0142523575621983176337 0.999766289639549610158 3.07223214393908028441
17822 650.207000 -0.390804917899032544515 0.0174549794330370218465 -0.0502135893612159767141 -0.0162550993940659971315 -0.0142545465664781160348 0.999766262506328606818 3.07222261876497260147
17823 650.214000 -0.390804319727370508275 0.0174587622902668479496 -0.0502130661413937029458 -0.0162548311111870950885 -0.0142567249133913956372 0.999766235807296510529 3.07221310969231398147
17824 650.221000 -0.390803719526306880816 0.0174625458326740749804 -0.0502125443436727825208 -0.0162545691067096514937 -0.014258921003962093596 0.999766208748304352483 3.07220361344575776386
17825 650.228000 -0.390803119460875203472 0.0174663350884088630632 -0.0502120157274212192133 -0.0162542954981985954266 -0.0142611284267651784036 0.999766181711430279577 3.07219411165893951932
17826 650.235000 -0.390802522241890826216 0.017470122915659250934 -0.0502114866929396774786 -0.0162540157154218260771 -0.0142633276379674038548 0.999766154887139046892 3.07218460667565373967
17827 650.241000 -0.390802017791986922024 0.0174733583098794290067 -0.050211028615259417629 -0.0162537629382377736553 -0.0142651979382924561784 0.999766132312016830852 3.07217648220010941529
17828 650.248000 -0.390801424349976500583 0.0174771400472213955801 -0.0502104966823569143219 -0.0162534795418288052771 -0.0142674019433473124596 0.999766105468959276337 3.07216700167168088598
17829 650.254563 -0.390800838967069241736 0.0174806800865181764804 -0.050209981834392652944 -0.0162532119873321986847 -0.0142695282179650263094 0.999766079472859225952 3.07215813565538287122
17830 650.261562 -0.390800325055477515424 0.0174841707704968471471 -0.0502094996770665810693 -0.0162529374044641308772 -0.0142714975131847578854 0.999766055827290944791 3.07214937985836211709
17831 650.268000 -0.39079973884088869962 0.0174879517111870518009 -0.0502089594889193746585 -0.0162526348402972121987 -0.0142736864426949126849 0.999766029496943597898 3.07213989341073467898
17832 650.275000 -0.390799149530707323752 0.0174917347746833921895 -0.0502084232957857520829 -0.0162523462209682965918 -0.0142758881089906849993 0.999766002753150972993 3.07213041249237894803
17833 650.283000 -0.390798478358499623564 0.0174960623630327112565 -0.0502078054243369903409 -0.0162520051398593566583 -0.0142783953414432097928 0.999765972493266596999 3.07211956006958164522
17834 650.290000 -0.390797889478350812809 0.0174998520306899919829 -0.050207267876275857299 -0.0162517144965388174449 -0.0142805901964648158942 0.999765945869113825673 3.07211005652242929997
17835 650.298000 -0.390797227660508950109 0.0175039253385576507038 -0.0502066767933180696515 -0.0162514082640454818329 -0.014283007076583085701 0.999765916321558645308 3.07209984355944243362
17836 650.304000 -0.390796710340623743019 0.0175074321086041116702 -0.0502061959081268049943 -0.0162511475611750201564 -0.0142849861861849818795 0.999765892283091095472 3.07209105693589235031
17837 650.310000 -0.390796211055568387671 0.0175106726385676203517 -0.0502057354586682158537 -0.016250897144345046591 -0.0142868460377602538719 0.999765869777668014784 3.07208291899386987112
17838 650.318000 -0.390795535690634132653 0.0175150071806052173851 -0.0502051278083579452516 -0.0162505856802657548676 -0.0142893545368635195569 0.999765838990294919419 3.07207205227778867851
17839 650.325000 -0.390794949887142917255 0.0175187955915463502987 -0.0502045938145706249767 -0.016250301897097824827 -0.0142915266601609421138 0.999765812555107991066 3.07206253780193705438
17840 650.332000 -0.390794359613691966171 0.0175225907329330729545 -0.0502040639272746877508 -0.0162500297438708668496 -0.0142937087986223319153 0.999765785782901983403 3.07205301201600988747
17841 650.337000 -0.3907939396871378257 0.0175252963860302209131 -0.0502036854858805420276 -0.0162498361322591690359 -0.0142952655689331832589 0.999765766671368183438 3.07204622266456528479
17842 650.342000 -0.390793523985205837334 0.0175277587428433676009 -0.0502033325256904458533 -0.0162496751981500812956 -0.0142967469844776443044 0.999765748103832896376 3.07204005133977187114
17843 650.346000 -0.390793176728783053786 0.0175301801283265709652 -0.0502030088637878124658 -0.0162494999718850174908 -0.0142980824807018656181 0.999765731853237027416 3.07203397349858020604
17844 650.351000 -0.390792756715982236848 0.0175328853956406884029 -0.050202631814690285017 -0.0162493092667288507869 -0.0142996378667734347356 0.999765712707348930266 3.07202718473439650992
17845 650.356000 -0.390792337610856133079 0.0175355901822804374768 -0.0502022579170931654291 -0.0162491194127864328756 -0.0143011815324058846194 0.999765693712824976558 3.07202038600731253126
17846 650.361000 -0.390791912263500018643 0.0175383077734898168432 -0.0502018823615615894518 -0.0162489334710235119874 -0.0143027494196340029115 0.999765674305781226749 3.07201357150033871335
17847 650.370000 -0.390791456940944859078 0.0175420260941854394554 -0.0502014204700373251056 -0.0162486571411866106973 -0.0143046521282001286302 0.999765651574707425731 3.07200423457148730222
17848 650.375000 -0.390791114523940552594 0.0175444387838867184304 -0.0502010999307357930199 -0.0162484798889319416448 -0.0143059657821544457257 0.999765635658847129363 3.07199816429009819885
17849 650.380000 -0.390790696267222459337 0.0175471375274256352617 -0.0502007262708131299367 -0.0162482877664338401513 -0.0143075063499368687614 0.999765616735595497033 3.07199137790990040031
17850 650.385000 -0.390790270508541204286 0.0175498552855085539204 -0.0502003530192835917267 -0.0162481096238696470779 -0.0143090806703886821299 0.999765597099649738766 3.0719845720952778656
17851 650.389000 -0.390789859228061142726 0.0175523126493719108798 -0.0501999995888220973406 -0.0162479406304783038917 -0.014310547254778684112 0.999765578854631908889 3.07197840459008331138
17852 650.397000 -0.390789485942756642523 0.0175554915515648383983 -0.0501996149823046994287 -0.0162477034912903613162 -0.0143121399189781225297 0.999765559910021583967 3.07197041970390349874
17853 650.406000 -0.390788804831603719947 0.0175600724403912437921 -0.0501989972267732342814 -0.016247383136811406612 -0.0143147131625983702746 0.99976552827564413306 3.07195892208530496603
17854 650.406000 -0.390788128056713590652 0.0175626659307591415082 -0.0501985207611636147229 -0.0162472441731346985139 -0.0143167240391064570781 0.999765501740066175884 3.07195242283097780245
17855 650.414000 -0.390787451379485506475 0.0175670058130295847487 -0.0501979233191670315417 -0.016246946768851577847 -0.0143192300362489279703 0.999765470683929513562 3.07194154659559393039
17856 650.432000 -0.3907866164813447174 0.0175741594942719382699 -0.0501970563356729931881 -0.0162464065185745805409 -0.0143228131772091694246 0.999765428136982658991 3.07192358240665930325
17857 650.440000 -0.390785877588804564375 0.017578758631760778991 -0.0501964038317531113798 -0.0162460720123304737383 -0.0143254972078117864126 0.999765395117234056954 3.07191202479668890035
17858 650.449000 -0.390785194714191264076 0.0175833460641029483418 -0.0501957839422710397348 -0.0162457511108313641668 -0.0143280908408426679856 0.999765363164628384496 3.07190053103928439882
17859 650.458000 -0.390784441038719232431 0.0175882201778773013257 -0.0501951104031212944068 -0.0162454054968056704755 -0.0143308950750530173651 0.999765328587960300233 3.07188830797067380374
17860 650.467000 -0.39078368940997315617 0.0175930862827449498165 -0.0501944371534909575261 -0.0162450551615921888471 -0.0143336856548216245305 0.999765294275784310862 3.07187609569628472528
17861 650.475000 -0.39078294655552492376 0.0175976974753659851092 -0.0501937855783041453339 -0.0162447272853219366884 -0.0143363897354012864716 0.999765260831151469922 3.07186452631119433221
17862 650.483000 -0.39078228169853923557 0.0176020172698832799707 -0.0501931849547693972879 -0.0162444113575358345392 -0.0143388651842178069251 0.999765230464070508987 3.07185368222598365051
17863 650.483000 -0.390781680795942443218 0.0176043185609802560476 -0.0501927617125709907286 -0.0162442834125933188716 -0.0143406626482837449427 0.999765206761677349689 3.07184793300788250292
17864 650.500000 -0.390780267135745873475 0.0176135009196123418218 -0.05019148925706772707 -0.0162436173361268920701 -0.0143459216483808344594 0.999765142134839579491 3.07182488680209608845
17865 650.508000 -0.39078019642722261473 0.0176155395460352581782 -0.0501913121889618965565 -0.0162434366136627109101 -0.0143466227893154166934 0.999765135009977656821 3.07181975925774031211
17866 650.517000 -0.390779522447566474153 0.0176201155453543055474 -0.0501906912598367033196 -0.0162430988701526973772 -0.0143491856566429539649 0.99976510371691096335 3.07180827295785352504
17867 650.525000 -0.390778777727263326724 0.0176247349079283813222 -0.0501900418044338436641 -0.016242778567376690152 -0.014351897017903665274 0.999765070002147315797 3.071796690301029642
17868 650.534000 -0.390777443719489692153 0.0176318627564091487403 -0.05018894658330790709 -0.0162422853182120005555 -0.0143564173469561337515 0.999765013114882972189 3.07177878920370917015
17869 650.542000 -0.39077677497176427357 0.0176361880222625187764 -0.0501883513383539897612 -0.0162419867282773029704 -0.0143589099351074233474 0.999764982169606630791 3.07176795219998810538
17870 650.551000 -0.390776027540135351135 0.0176410457616165694539 -0.0501876791599833449453 -0.0162416401600446493048 -0.0143616944072998825588 0.999764947804564152456 3.07175576668761962651
17871 650.559000 -0.390775956082356712429 0.0176430933442428029834 -0.0501875035870083391343 -0.0162414616238367413847 -0.0143623995097829793705 0.999764940575854854643 3.07175061692982698247
17872 650.568000 -0.390774618517044980415 0.017650221286464904541 -0.0501864131337533825317 -0.0162409821734167889029 -0.0143669338344098972138 0.99976488321516898683 3.07173273463199070221
17873 650.576000 -0.390774547062141652809 0.0176522633431634642931 -0.0501862391783264166767 -0.0162408056198646323642 -0.0143676392888820603916 0.99976487594538065995 3.07172759964597874571
17874 650.584000 -0.390773291663049693323 0.017658849852613352216 -0.0501852276314918854805 -0.0162403771444107752897 -0.0143718707589263142849 0.99976482208622230452 3.07171108460693798037
17875 650.592000 -0.390772625783231741803 0.0176631704395753541537 -0.0501846331125287425934 -0.0162400741969062935299 -0.0143743491158109318317 0.999764791377239836478 3.07170025137019653272
17876 650.600000 -0.390771965447138824867 0.0176674778817302487177 -0.0501840407070943961276 -0.0162397696182568600232 -0.014376808809364443123 0.999764760956898812516 3.071689440766575796
17877 650.609000 -0.390771884549056036651 0.0176697847667970329988 -0.0501838446593914772054 -0.0162395707880467823903 -0.0143776021403637932483 0.999764752778029008873 3.07168363839367719592
