3557 1028.896000 -0.397588318066156964914 -0.00146986000570771980361 -0.0557343134498227144036 -0.0141106867790434745841 -0.00398048778256882701543 0.999892516341449821837 3.10491957792422823559
3558 1028.902000 -0.397584159399922476563 -0.00146794166779326031025 -0.0557244954490425659088 -0.0141087528870194982289 -0.00397675799091336094893 0.999892558472086578902 3.10491239822665043846
3559 1028.909000 -0.397579485198699622561 -0.00146244768956311794322 -0.0557103126372380380582 -0.0140954603019500801508 -0.00397943563175497724144 0.999892735292605694397 3.10489700416499614377
3560 1028.916000 -0.397576301879269511375 -0.00145276897262616895568 -0.0556918717439505855937 -0.0140632770885633830854 -0.00399435188366940169269 0.999893128984572832074 3.10487379836686638868
3561 1028.924000 -0.397576504049629575466 -0.00144169331029269081473 -0.0556667033895569055013 -0.0140130622511305934913 -0.00401701866157631523602 0.999893743178453142662 3.10484959852803132918
3562 1028.931000 -0.3975781481242626203 -0.00142615138894212597001 -0.0556413754255851850106 -0.013951120244753052041 -0.00405243574787047654978 0.999894466435546247496 3.104817697884568517
3563 1028.939000 -0.3975817670057668618 -0.001410366445933833833 -0.0556140913281844145866 -0.0138859322728197304847 -0.00408960703583389779264 0.999895222510442494013 3.10478649861100564067
3564 1028.946000 -0.397586502897846028048 -0.00139020985478851026237 -0.05558755739958205766 -0.0138161269233467182832 -0.00413693354503802488559 0.999895994800300114136 3.10474443725866144916
3565 1028.954000 -0.397591843805362443742 -0.00137138755417795738314 -0.0555631265755671746587 -0.0137544477794488573946 -0.00418007573476925856776 0.999896665727581179794 3.10470270257008396086
3566 1028.962000 -0.39759801529621713323 -0.00134915346806242395991 -0.0555393144989316939197 -0.0136927990521199770269 -0.00422902040342833501069 0.999897306047248912719 3.10465017231219286842
3567 1028.969000 -0.397603252262403616957 -0.00132940393413622827412 -0.0555212469072201286746 -0.0136467172538227987655 -0.00426984397664135085365 0.999897762544055934697 3.10460180396465901254
3568 1028.976000 -0.397608039146162828281 -0.00130982173329688292643 -0.055506034330779566166 -0.0136088096598240299723 -0.00430755411581686294131 0.999898117448563827914 3.10455363902659531306
3569 1028.983000 -0.397612175859468175432 -0.00129080605139698326861 -0.0554937435039400059344 -0.0135792150393845879874 -0.0043413510423328501367 0.999898373631061154754 3.10450795917772159882
3570 1028.990000 -0.397615542095612173323 -0.00127270780103691961288 -0.0554842821544115835652 -0.0135575982727050153853 -0.00437076855085090365538 0.999898538808488668295 3.10446667839267131939
3571 1028.998000 -0.397618385230263771124 -0.00125351045044053621344 -0.0554766501720088400784 -0.0135418120683075769023 -0.00439879994155014178436 0.999898629804532257381 3.10442661847863243807
3572 1029.004000 -0.397620120674963106744 -0.00123855457778454048148 -0.055471587180269683881 -0.0135338211482964841659 -0.00441830140208684073178 0.999898652013215816226 3.104399329483358283
3573 1029.011000 -0.397620796360854067419 -0.00122638978942817954837 -0.0554702915520405986927 -0.0135332332670041587813 -0.00443198719790476296926 0.999898599402368581934 3.10437989447850437585
3574 1029.019000 -0.397621076478443136182 -0.00121240681868094689333 -0.0554692244705250053771 -0.0135362637295918537134 -0.00444550469380129101987 0.999898498374840127845 3.10436211059476407925
3575 1029.025000 -0.397620789015584008563 -0.00120217016535632478802 -0.055468879648198535226 -0.0135419909948302202157 -0.00445359101688697859439 0.999898384840654741446 3.10435319913863283503
3576 1029.030000 -0.397620189442033700189 -0.00119540312565736064898 -0.0554696982432055299417 -0.0135485327459866702893 -0.00445761485637868534737 0.999898278291458608713 3.10434757234621550026
3577 1029.035000 -0.39761971360248565821 -0.00119041961549102128307 -0.0554710860865369956296 -0.0135551151625560913766 -0.00446017283431987890396 0.99989817767171562668 3.10433686993221336081
3578 1029.039000 -0.397619020905228770513 -0.0011851409164959580099 -0.0554718748815856421697 -0.0135630369945346287985 -0.00446246535618151970309 0.999898060019335122028 3.10432532944246464268
3579 1029.044000 -0.397618034566655453865 -0.00117995691247573626301 -0.0554733410872067511654 -0.0135723296980841297288 -0.00446356699262036998865 0.999897929008890740121 3.1043132556056916016
3580 1029.051000 -0.397616373043109538887 -0.00117337377939687962508 -0.0554755016673731532473 -0.0135859773847879471143 -0.0044636894999537414519 0.999897743119039339454 3.10429760462895032447
3581 1029.059000 -0.39761444194810113828 -0.0011672244528202176464 -0.0554777710411630403664 -0.0136000026535052012666 -0.00446274532744556778896 0.999897556668665310475 3.10428273123579989701
3582 1029.066000 -0.39761204211580336576 -0.00116139725855316563313 -0.0554799953906969234296 -0.0136154024805727677516 -0.00446118077876975389906 0.999897354072582511542 3.10426876014303143592
3583 1029.073000 -0.397609801996841205618 -0.00115650172038496553903 -0.0554818532665120045522 -0.0136282569988296076158 -0.00445982415015386268742 0.999897185004400057551 3.1042571043960238697
3584 1029.080000 -0.397607499587478541159 -0.00115186429415698029718 -0.0554835066759483269694 -0.0136400646953999914179 -0.00445886961987600628082 0.999897028256819253578 3.10424624734990928232
3585 1029.088000 -0.397604851151965865697 -0.00114673307007223581472 -0.0554851382667799764015 -0.0136519428006276321436 -0.00445859539862241294889 0.999896867374250652993 3.10423445958586974314
3586 1029.095000 -0.397602562609697174345 -0.00114228273199802523447 -0.0554863491201151651233 -0.0136607085410403970849 -0.00445925157226811919031 0.999896744727960529175 3.10422438376143450256
3587 1029.103000 -0.397600024035526244948 -0.00113714108725502822256 -0.0554875033828206853936 -0.0136687035164278040955 -0.00446112655208667427398 0.999896627104055246704 3.10421281188834496945
3588 1029.111000 -0.397597917571517023294 -0.00113235387738306160846 -0.0554882115947269577427 -0.0136737173761403377897 -0.0044638627581956458884 0.999896546339866687525 3.10420198063456442839
3589 1029.117000 -0.397595894899917423615 -0.00112779203769523697978 -0.0554889790958962847434 -0.0136773016043025517907 -0.00446723300123151676605 0.999896482267108366315 3.10419157179795979218
3590 1029.125000 -0.397594034725732736746 -0.00112272460164468098134 -0.055489399820460916235 -0.0136789847889041277229 -0.00447159125619631895449 0.999896439761029709459 3.10417979259020970773
3591 1029.132000 -0.397592080959556393172 -0.00111713685313131203328 -0.0554897798913052686665 -0.0136791204964475821698 -0.00447705722872923910644 0.999896413445420129129 3.10416650033074059678
3592 1029.140000 -0.397590361530836766679 -0.00111120805391523927441 -0.0554898256684307894515 -0.0136772615283610420034 -0.00448323815718160070126 0.999896411181033784032 3.1041520412220613423
3593 1029.147000 -0.397589056647642269393 -0.00110591879189145085582 -0.0554896086756499207215 -0.0136742298606160779528 -0.00448895772220948060388 0.999896426984458908116 3.10413883694297076943
3594 1029.155000 -0.397587946919803481016 -0.00110038065660463804316 -0.0554891316821726210406 -0.0136700719983419601011 -0.00449491805025607499974 0.999896457061070775829 3.10412476152152416731
3595 1029.163000 -0.397586898154681067652 -0.00109417623600040073498 -0.0554882239248461126002 -0.0136642836909782738886 -0.00450178447173899595052 0.999896505288313641735 3.10410849769475660764
3596 1029.170000 -0.397586100636571182498 -0.00108817462472838005078 -0.0554869372222239476411 -0.0136574634215197287385 -0.00450818208358581828943 0.999896569644676436184 3.10409288554601436871
3597 1029.177000 -0.3975857590087177873 -0.0010831056680067653597 -0.0554853447063610727419 -0.0136506027985241751299 -0.00451376131567140723155 0.999896638159175954463 3.10407943678225795026
3598 1029.184000 -0.397585503175523102826 -0.00107792593110345429758 -0.0554835176573246560694 -0.0136437425378081508137 -0.00451922700664799618236 0.999896707103700932429 3.1040657318807474141
3599 1029.191000 -0.397585416237877742329 -0.00107283466719114645507 -0.0554814009201120561521 -0.0136368173765498337108 -0.00452445830746391833982 0.999896777917032020255 3.10405231673678461135
3600 1029.196000 -0.39758544370633375209 -0.00106975727665957259446 -0.0554799936859678502477 -0.0136328214303227980564 -0.00452741643823122326407 0.999896819016964144566 3.10404430685514487465
3601 1029.202000 -0.397585574606234670725 -0.00106507747497776349491 -0.055477589026850709919 -0.0136262946174211061617 -0.00453225194994156914408 0.999896886077390245617 3.10403221237014959044
3602 1029.206000 -0.397585707068767224559 -0.00106233725803115460623 -0.0554760923775223652177 -0.0136226847171302244827 -0.0045349528817791966151 0.999896923019296779422 3.1040252474240097591
3603 1029.212000 -0.397585970686563205945 -0.00105832415819480515559 -0.0554737676992698852674 -0.0136175655924995770568 -0.00453888575172181618633 0.999896974904648128124 3.10401522947398511576
3604 1029.218000 -0.397586243983129805635 -0.00105482685901504055076 -0.0554716676183596713035 -0.0136135017899556027415 -0.00454214734388254035014 0.999897015430349922482 3.10400669021767772193
3605 1029.225000 -0.397586683080743907848 -0.00104995265285025632385 -0.0554686475605753667728 -0.0136081926587961078018 -0.00454701183441948413727 0.9998970655902229554 3.10399518347258851492
3606 1029.233000 -0.397587149265761552464 -0.00104500649950963310844 -0.0554656099317478168409 -0.0136038111683717318628 -0.00455175798059402180601 0.999897103616657845215 3.10398394172472880115
3607 1029.240000 -0.397587518492438007911 -0.00104077667177356319311 -0.055463133609568990301 -0.0136009914703187229784 -0.00455581684014481382017 0.999897123490183448169 3.10397470145172915679
3608 1029.248000 -0.397587842293853965803 -0.00103641156503954520382 -0.0554607972654796443912 -0.0135989790311881568463 -0.004559864330657819112 0.999897132412427280812 3.10396541902691902592
3609 1029.255000 -0.397588066123045480449 -0.00103197344666741555944 -0.0554587027630012996404 -0.0135981030714491767097 -0.00456408848307246397397 0.999897125052961133207 3.10395639042387072593
3610 1029.262000 -0.397588147645039968747 -0.00102794076140729374186 -0.0554571525786966140759 -0.013598192980852304157 -0.00456775586688450922074 0.999897107083521974324 3.10394828400383371303
3611 1029.269000 -0.397588097776390314575 -0.00102394234088815658593 -0.055455968749972398002 -0.0135990822410216663507 -0.00457127043657034638768 0.999897078928025262456 3.10394031758387045628
3612 1029.276000 -0.397587933578434249426 -0.00102029523887459290521 -0.0554552612034697051113 -0.0136004400288875244157 -0.00457431528546653129452 0.999897046535637046283 3.1039329531864048306
3613 1029.282000 -0.397587602508479687202 -0.00101652421075606319567 -0.0554547610140858279748 -0.0136025727038807872638 -0.0045774396084900552048 0.999897003227065317432 3.10392542139889870967
3614 1029.290000 -0.397587115177618632966 -0.00101229559057192282367 -0.0554546622724367416213 -0.0136052273745120421572 -0.00458065123549474331743 0.999896952401769456564 3.10391664357570329358
3615 1029.297000 -0.397586407291063592684 -0.00100794022505511010265 -0.0554547976885012630643 -0.0136084671164038596008 -0.00458383461170452227718 0.999896893726045288275 3.10390747921917498076
3616 1029.305000 -0.397585533318627393218 -0.00100333664935334807358 -0.0554552985471527676298 -0.0136119205143365538252 -0.00458692542292435563589 0.999896832545776215184 3.10389737169540591566
3617 1029.312000 -0.397584662637459451684 -0.000999291697878033815389 -0.0554559185659423831138 -0.0136148718021500275688 -0.00458945253080322336514 0.999896780768534387818 3.10388817197567368211
3618 1029.320000 -0.397583571802577973031 -0.00099464005342870262863 -0.0554567450176319393096 -0.0136180139188273301859 -0.00459220822444762581671 0.999896725327436008968 3.10387721954143902536
3619 1029.328000 -0.397582428599532244906 -0.000989981400968299816295 -0.0554575943003559473921 -0.0136206778518911386655 -0.00459480840528494593328 0.999896677097475872209 3.10386587239393607618
3620 1029.335000 -0.39758141366160781871 -0.000985898589090818469605 -0.0554582805651695071036 -0.0136225082859092218313 -0.00459699904537664173071 0.999896642092460208318 3.10385565306396049579
3621 1029.342000 -0.397580408483400093989 -0.000981807518829579464748 -0.055458852091481353197 -0.0136238285431793514774 -0.00459918511228187779777 0.999896614051737353535 3.10384519904147593294
3622 1029.348000 -0.397579576375037602176 -0.000978303621392609488311 -0.0554592129836146141564 -0.0136244960867623401968 -0.00460105535091295293759 0.999896596351862676499 3.10383611430121320041
3623 1029.356000 -0.397578661701007363138 -0.00097400172936188507064 -0.0554594615037512714273 -0.0136247252014028777389 -0.00460331203908607641817 0.999896582843174286381 3.10382486805213897441
3624 1029.362000 -0.39757782500107746726 -0.000970166363271122988987 -0.0554594551417268710747 -0.0136243404212185066637 -0.00460553900232800201425 0.999896577831219990351 3.10381473166325072555
3625 1029.370000 -0.397577068583345294428 -0.00096587650442602011186 -0.0554592007112308243988 -0.0136234270535913314787 -0.00460800996853007703569 0.99989657889175986849 3.10380346632579007249
3626 1029.377000 -0.397576316815696051421 -0.000961486387067327086253 -0.0554586665576951159951 -0.0136218544526381050291 -0.00461087658651543070426 0.999896587102073852726 3.10379194421160864437
3627 1029.385000 -0.397575698459049331479 -0.000956891433491932098809 -0.0554578065245965728947 -0.0136197209372411216083 -0.00461399223395631084138 0.999896601793033634742 3.10378005150009128599
3628 1029.393000 -0.397575273478096846702 -0.000952659246896520386927 -0.0554567571668228981308 -0.0136174320875843326423 -0.00461696651171468550739 0.999896619237993999896 3.10376927893697196481
3629 1029.400000 -0.397574878121564556643 -0.000948343038328222469324 -0.0554555082444744551484 -0.0136147642615010878303 -0.0046203809931320942439 0.999896639795124997363 3.10375847345245103881
3630 1029.407000 -0.397574622982983238995 -0.000944374737176041558623 -0.0554542073848424132976 -0.0136122694763206857765 -0.00462362334959752485641 0.999896658773707924794 3.10374875577503805957
3631 1029.415000 -0.39757444410766462628 -0.000940187325904453044534 -0.0554527284036195750039 -0.0136096665455714450899 -0.00462709299066293034547 0.99989667815578520127 3.10373870102248972103
3632 1029.422000 -0.397574268347944514979 -0.000935895449894558629361 -0.0554511741650687631222 -0.013607065754607718111 -0.00463098322373819287767 0.99989669554206006552 3.10372864625084243784
3633 1029.429000 -0.397574159459550102724 -0.000931944756454583089073 -0.055449734316427912173 -0.0136048768113219680637 -0.00463455259537644530948 0.99989670879005765336 3.10371954799740601416
3634 1029.436000 -0.397574063566595470309 -0.000927992668550081493961 -0.0554483314663197571215 -0.0136029273199343939821 -0.00463816538854191617175 0.999896718561550823523 3.10371058377407349482
3635 1029.444000 -0.397573954536775242552 -0.000923478601890354976883 -0.0554468123850315047774 -0.0136010327537089120015 -0.00464229806722173381911 0.999896725155496990389 3.1037004742576774774
3636 1029.452000 -0.397573812514921687278 -0.000918943143243361806882 -0.0554454245594116351681 -0.0135995679106129842284 -0.00464642129078950572724 0.999896725928149487927 3.10369040851641830869
3637 1029.460000 -0.397573665187443137103 -0.000914737375985729198047 -0.0554443049206145011087 -0.0135985591402016780388 -0.00465006786787287330898 0.99989672269596652221 3.10368105478163736066
3638 1029.465000 -0.39757349346040743443 -0.000911555465395230690717 -0.0554435057580894286033 -0.0135980341333456680036 -0.00465292364898404683937 0.999896716550877084906 3.10367404538280178272
3639 1029.470000 -0.397573327661807862654 -0.000908699999565595016582 -0.0554428888299514435745 -0.0135977207587488872764 -0.00465534713439478848446 0.999896709532152261346 3.10366769631184968858
3640 1029.475000 -0.397573178067591737062 -0.000906171982853571852945 -0.0554424361098244805612 -0.0135975513081444641938 -0.00465735774766901176186 0.999896702473426768343 3.10366201056206847397
3641 1029.480000 -0.397572917406254278117 -0.00090296823778156015336 -0.0554418538609946220941 -0.0135974841149816162017 -0.00466002846984685768772 0.999896690943820942721 3.10365485075820402017
3642 1029.487000 -0.397572563603828421641 -0.000898935937964247082366 -0.0554412765926136780203 -0.0135975835590283599535 -0.00466317429072311481764 0.999896674925409345569 3.10364570925635208098
3643 1029.495000 -0.397572163877298712098 -0.000894657904079833223715 -0.0554408158650307181237 -0.0135978283377961514655 -0.00466628433123539992922 0.999896657087639195716 3.10363586086151554966
3644 1029.502000 -0.397571646469710215932 -0.000890266520471970444067 -0.0554403703189182278654 -0.0135982347139522157659 -0.00466951376410674936362 0.999896636484927547883 3.10362568553188911125
3645 1029.510000 -0.39757115389066854938 -0.000885967460236868672302 -0.0554400762580396083701 -0.0135986458833642197969 -0.00467239255311113418911 0.999896617445007906966 3.10361554263133809783
3646 1029.517000 -0.397570549501826409067 -0.000881562039441962080194 -0.0554397572910515015754 -0.013599100955803985688 -0.00467541310957195286463 0.999896597136648246362 3.10360507038718713702
3647 1029.525000 -0.397569920003014498633 -0.000876917846646622228812 -0.0554394775979802079124 -0.0135994850177301451755 -0.00467842595209486122876 0.999896577820858056818 3.10359388479381648196
3648 1029.533000 -0.397569349502322477719 -0.000872600352437611932049 -0.0554392372282592679755 -0.013599751934606219006 -0.00468112640069640126989 0.999896561551712692584 3.10358339600616339737
3649 1029.540000 -0.397568700001792785237 -0.000868205931657512353788 -0.0554389183484320230422 -0.0135998676551395605155 -0.00468397832218939505489 0.999896546622119464232 3.10357266246313523439
3650 1029.548000 -0.397568134356256985829 -0.000863901150137430951653 -0.0554386000806357664983 -0.0135998464533233290319 -0.004686672421655492006 0.999896534286452198792 3.10356210412748811933
3651 1029.555000 -0.397567579091153811 -0.000859845932751801718397 -0.0554382333042930663947 -0.0135996738948577240019 -0.00468929498513849692121 0.99989652433764164563 3.1035521467457636291
3652 1029.562000 -0.397566970144689280087 -0.000855479135894195337475 -0.0554377570045959458533 -0.0135992968080719481977 -0.00469223522562530696162 0.999896515672953789533 3.1035414264456213651
3653 1029.569000 -0.39756645749232677467 -0.000851443875509589644113 -0.0554372677516584699831 -0.0135988219577819549611 -0.00469495412869221171587 0.999896509368389585504 3.10353154589713664535
3654 1029.577000 -0.397565901685189515558 -0.000846842161980052195169 -0.0554366350441225785861 -0.0135981246779417076082 -0.00469813143013469991516 0.999896503927435675863 3.10352032354184892426
3655 1029.584000 -0.397565450649833951324 -0.0008428363658967148557 -0.0554360154292838358536 -0.01359737877466360087 -0.00470096578961973210475 0.99989650074950409131 3.10351060454767635477
3656 1029.591000 -0.397565019019391119315 -0.000838827642653241275367 -0.0554353456525503371366 -0.0135965669220341547896 -0.00470387694095260062294 0.999896498098507668928 3.10350093578536201377
3657 1029.598000 -0.397564612577283926775 -0.000834826585503175341157 -0.0554346308459449169104 -0.0135956890746146471377 -0.00470684426228127825165 0.999896496071306928322 3.10349134465371490066
3658 1029.605000 -0.397564227759196142653 -0.000830829142015171700358 -0.0554338810089250455526 -0.0135947722493701388807 -0.00470986138333939503148 0.999896494329907015164 3.10348181620378360535
3659 1029.612000 -0.397563867951873151085 -0.000826844977499113960306 -0.0554331009492503301583 -0.0135938207038856020969 -0.00471291217048753867391 0.999896492891911292666 3.10347237440281631393
3660 1029.620000 -0.397563466360822737045 -0.000822279487307891500392 -0.0554321922162818031543 -0.0135927641118351923838 -0.00471645863088029134585 0.999896490533786708177 3.10346161660833042006
3661 1029.628000 -0.397563132363101479072 -0.000818034460602350566721 -0.055431357895501132127 -0.0135918175670736059157 -0.00471968812085768116282 0.999896488162282270906 3.10345163143186164589
3662 1029.635000 -0.397562751839458550229 -0.000813723803752930234523 -0.055430475640593925013 -0.0135908635000973748719 -0.00472315166623466300977 0.999896484776129024219 3.10344157341947379791
3663 1029.643000 -0.397562372138968778135 -0.000809145969155943261403 -0.0554295789935934299364 -0.0135899497879042735482 -0.00472673012389117266213 0.999896480285383359998 3.10343088586722748445
3664 1029.651000 -0.397562049018517493781 -0.000804897277754134526928 -0.055428782506000917607 -0.013589157550838578889 -0.00472994700516430298387 0.999896475840567733329 3.10342094927877942823
3665 1029.658000 -0.397561654268095310272 -0.000800550667149547978685 -0.0554279623263147502854 -0.0135884315685585715244 -0.0047333843473915731756 0.999896469440774926518 3.10341083044323617912
3666 1029.666000 -0.397561265160423060738 -0.000795963119293605601834 -0.0554271439710758637154 -0.0135877063872148623469 -0.00473685962119967107764 0.999896462838059996159 3.10340009728289611957
3667 1029.673000 -0.397560901611862749228 -0.00079192238683545778874 -0.0554264624437519753952 -0.0135871835134632520242 -0.00473991374438082011672 0.999896455470198786131 3.10339063106271551007
3668 1029.681000 -0.397560473735624420044 -0.000787296388539139493229 -0.0554257141177577350444 -0.0135866355653301608408 -0.00474335405511066340173 0.999896446601508115393 3.10337976052951702854
3669 1029.689000 -0.397560094535495733847 -0.000782993870517488012306 -0.0554250690084067410002 -0.0135861689415872465697 -0.00474643102867534048828 0.999896438340481585882 3.10336959730793626733
3670 1029.696000 -0.397559643021944242314 -0.000778614969722547008851 -0.0554243923398922283541 -0.0135857128121079449162 -0.00474967239999270814804 0.999896429146278964417 3.10335925240174548279
3671 1029.704000 -0.397559179634369985745 -0.00077397364797415248161 -0.0554237213685552440601 -0.0135852729849999260409 -0.00475300399665300275093 0.999896419290983717865 3.1033482395587399516
3672 1029.711000 -0.397558760088947305 -0.000769899733003191234781 -0.0554231554839682977187 -0.0135849149496112507618 -0.00475589756326017399496 0.999896410396686863287 3.10333854458993796399
3673 1029.719000 -0.397558279406892367547 -0.000765251775887191947045 -0.055422516321037937348 -0.0135844815097463048753 -0.0047591650306411997437 0.999896400738757851201 3.10332745376209651056
3674 1029.726000 -0.397557847320075208319 -0.000761174503443821232063 -0.0554219642678859814033 -0.0135841279815664909419 -0.00476204721612674512776 0.999896391819318330896 3.10331771173489823212
3675 1029.734000 -0.397557359577942193152 -0.000756531277067818298115 -0.0554213306827140150812 -0.013583669779848364309 -0.00476530161341764089966 0.999896382539633532538 3.10330660739065411491
3676 1029.741000 -0.397556932074771052221 -0.000752469103529342184938 -0.0554207730569746537252 -0.013583252231624591555 -0.00476815190954689004793 0.999896374623980399576 3.10329687912146923168
3677 1029.748000 -0.397556496036160667007 -0.000748396092860813353514 -0.0554202153756884197122 -0.0135828449594033642128 -0.0047710302039715157818 0.999896366426842098107 3.10328713410528234107
3678 1029.756000 -0.397556006311014842325 -0.000743754481157292944571 -0.0554195651214250337158 -0.0135823336658017976286 -0.00477431819194388661759 0.999896357678131231239 3.10327603050417888397
3679 1029.764000 -0.397555521391450228386 -0.000739118395458073819404 -0.0554189025901827142517 -0.0135817920320479724322 -0.00477762011026197554869 0.99989634926390258407 3.10326495069163055263
3680 1029.772000 -0.397555043109387162836 -0.000734489440721272906359 -0.0554182260245485031058 -0.0135812259670930572664 -0.00478094597124577389696 0.999896341055837134526 3.10325390321042116071
3681 1029.779000 -0.397554627885692291045 -0.000730439898381734717403 -0.0554176230586890389285 -0.0135807096153153800816 -0.00478386692854377779116 0.999896334098467565177 3.10324425193615116569
3682 1029.787000 -0.397554164505143192709 -0.000725824549478758847959 -0.055416921257699917891 -0.0135800784997012532335 -0.00478720045332601314841 0.999896326715805860985 3.10323326874444438417
3683 1029.792000 -0.397553872141879316437 -0.000722931776808996041928 -0.0554164789802321922085 -0.013579701729014924394 -0.00478931532069156676995 0.999896321705260660018 3.10322639154006330031
3684 1029.797000 -0.397553587872998992481 -0.000720050097288342603324 -0.0554160295885629747281 -0.0135792978025877919546 -0.00479141862326637728992 0.999896317114312149776 3.10321954997680737875
3685 1029.802000 -0.397553305516419319687 -0.000717168728301092409799 -0.0554155772684338313039 -0.0135788908757607969247 -0.00479352574676480264193 0.999896312541205145585 3.10321271364799367021
3686 1029.807000 -0.397553085661413563301 -0.000714608642438643772848 -0.0554151901066331775692 -0.0135785318449037524513 -0.00479532167918276207297 0.999896308805533040598 3.10320662656849322047
3687 1029.811000 -0.397552809572556231643 -0.000711994929367433353196 -0.0554147515558749831355 -0.0135781290442934070295 -0.00479731130684373993645 0.999896304731586527126 3.10320044468779743241
3688 1029.816000 -0.397552524214358993238 -0.000709101944995616656486 -0.0554142973202759667184 -0.013577740369494325362 -0.00479943901284544689051 0.999896299798944454551 3.10319359457694066151
3689 1029.821000 -0.397552251958058822101 -0.000706229621248912614595 -0.0554138321732548302934 -0.0135773186390509784799 -0.00480155583519841552137 0.999896295362741716062 3.10318680251941136916
3690 1029.826000 -0.397551976659288319738 -0.000703347080921572827966 -0.0554133727129102332531 -0.013576908770302688334 -0.00480366540942967455707 0.999896290795639020033 3.10317997400506362382
3691 1029.831000 -0.397551762095559146903 -0.000700784626224186090598 -0.0554129818361438070129 -0.0135765416577613880211 -0.00480545034574436039781 0.999896287203622780027 3.10317388802770199874
3692 1029.835000 -0.397551483447736997423 -0.000698161653796684853607 -0.0554125405245773638985 -0.0135761740786675688675 -0.00480747533359303889922 0.999896282460487229038 3.10316770742187530985
3693 1029.840000 -0.397551210105720920218 -0.000695278382635516715993 -0.0554120800018808867815 -0.0135757694096158756242 -0.00480958420843578034892 0.999896277813193568029 3.10316088108098675491
3694 1029.845000 -0.397550943644331689075 -0.000692404974332740553306 -0.0554116162438437406812 -0.0135753467319190083279 -0.00481167939895335225464 0.999896273471638785679 3.10315407351475203157
3695 1029.850000 -0.397550667469267815513 -0.00068951651070061487081 -0.0554111603476975522753 -0.0135749524605616577605 -0.00481378389130780823951 0.999896268695078749289 3.10314723887653176604
3696 1029.855000 -0.397550389095777445547 -0.000686622815442161291144 -0.0554107048055249573615 -0.013574576752381474487 -0.00481590432208346339027 0.999896263585155375964 3.10314038436316774749
3697 1029.860000 -0.39755011905545867279 -0.000683743723474465343176 -0.0554102454721832754503 -0.01357417646446449494 -0.00481800636950384386648 0.999896258892858713629 3.10313356904896542332
3698 1029.865000 -0.397549843829952509466 -0.00068085323255648441329 -0.0554097943428817352185 -0.0135737916481129174823 -0.00482009975082625750226 0.999896254027729414204 3.10312671219340074913
3699 1029.871000 -0.397549512045335506905 -0.00067738374079304988426 -0.0554092534124997065925 -0.0135733360767159427079 -0.0048226163900340164245 0.999896248077220772821 3.10311848556701086466
3700 1029.877000 -0.397549245390727390426 -0.000674243877691320381285 -0.0554087802410399843378 -0.0135729103256291873392 -0.00482480078860617490194 0.999896243318596944505 3.10311101057446636631
3701 1029.882000 -0.397548905609531266769 -0.000671024929521214872491 -0.0554082696093442378382 -0.0135724996888916728949 -0.00482720440738367354006 0.999896237291552192339 3.10310338802389074075
3702 1029.887000 -0.397548626483165801204 -0.000668129619039187043483 -0.0554078260605639846825 -0.0135721240309669803625 -0.0048292823998433856772 0.999896232356533576358 3.10309651067649472367
3703 1029.892000 -0.397548345074956843703 -0.000665232592687658042668 -0.0554073834675866683241 -0.0135717696783392190174 -0.00483138533589669467994 0.99989622700735014682 3.10308963276723925873
3704 1029.898000 -0.397548007109165990602 -0.000661753550490017019431 -0.0554068574094062071822 -0.0135713353836627702992 -0.00483388134730483153695 0.999896220838454974356 3.1030813583490917118
3705 1029.905000 -0.397547616733914865872 -0.000657702181673163518288 -0.0554062441031967639615 -0.0135708109369471214417 -0.00483677378848339223349 0.999896213969146296918 3.10307171865151332213
3706 1029.913000 -0.397547220350834673575 -0.000653373677017691101981 -0.0554056175333585698706 -0.013570300939910373908 -0.00483980777460383659178 0.999896206209977100876 3.10306140234695426727
3707 1029.920000 -0.397546769342540295966 -0.000649009505226662893745 -0.055404939020577553821 -0.0135697312322228275799 -0.00484300751000518985706 0.99989619844889054967 3.10305103694102601963
3708 1029.929000 -0.397546255060220510291 -0.000643786822104453013843 -0.0554041604857412953167 -0.0135691033272693373918 -0.00484676179988391755971 0.99989618877908981176 3.10303860842995993252
3709 1029.937000 -0.397545801685564748063 -0.000639152409126955874108 -0.0554034682827909824576 -0.013568528329874858171 -0.00485008570337140502982 0.999896180464567629897 3.10302758023206814997
3710 1029.946000 -0.397545298807348346237 -0.000633950441614240280119 -0.0554026856874915082929 -0.0135678584471808430512 -0.0048538098813021169492 0.999896171483216189557 3.10301519747328491405
3711 1029.954000 -0.397544839900362989571 -0.000629310418597046027089 -0.0554019964790767732721 -0.0135673004043072985975 -0.00485714946639531804096 0.999896162838322166699 3.10300416739962514612
3712 1029.963000 -0.397544331329960254351 -0.000624103131944917649543 -0.0554012167661719207024 -0.0135666489098366475907 -0.0048608937997517125823 0.999896153482362826104 3.10299178597304692317
3713 1029.970000 -0.39754394068706938592 -0.000620060635375901166716 -0.0554006080995795152644 -0.0135661221739079556475 -0.00486378716562209031937 0.999896146559016485433 3.10298217424264910491
3714 1029.979000 -0.397543434915605120583 -0.000614859671661918943258 -0.055399824494762550664 -0.0135654740097334025606 -0.00486754562406620152476 0.999896137063489676144 3.10296981892515422174
3715 1029.988000 -0.397542931146767031247 -0.000609663255126319681559 -0.0553990389900990976013 -0.0135648145908482033878 -0.0048712961132867148642 0.999896127744923757241 3.10295748153352679566
3716 1029.996000 -0.397542487561484358949 -0.000605048611630955041757 -0.0553983409528293752055 -0.0135642111599422396373 -0.00487460457269632812388 0.999896119807387018241 3.1029465173084105345
3717 1030.005000 -0.397541986756986043261 -0.000599856512616555280493 -0.0553975532532990089241 -0.0135635564331523239545 -0.00487836081955743492561 0.999896110369771884407 3.10293419253729041429
3718 1030.013000 -0.397541540603702947543 -0.000595238908668138666513 -0.0553968544480804292451 -0.0135629709200668739644 -0.00488168837074360456585 0.99989610207184642654 3.1029232289300394676
3719 1030.022000 -0.397541047926502799648 -0.000590059275030983647337 -0.0553960643054890247705 -0.0135622904347018277682 -0.00488541674607978048533 0.999896093092368376531 3.10291093211572421851
3720 1030.031000 -0.397540550162153449865 -0.000584872705697182283802 -0.0553952734365077553713 -0.0135616268759272632499 -0.00488916174398415070285 0.999896083787670031384 3.1028986254315014115
3721 1030.039000 -0.397540110064793839051 -0.000580263508018121626497 -0.0553945746111224809893 -0.0135610239774451440953 -0.00489246088938011334385 0.999896075827447772255 3.10288767584088231999
3722 1030.047000 -0.397539672587454762098 -0.000575658421565092021793 -0.0553938716667184138931 -0.0135604265837763332536 -0.00489577601258209867824 0.999896067703089252987 3.10287673326646462613
3723 1030.055000 -0.397539284943620951918 -0.000571354081610812337966 -0.0553932423528479336849 -0.0135598988361628185889 -0.00489879326398722121649 0.999896060082301696426 3.10286649459727836842
3724 1030.062000 -0.397538837761235386292 -0.00056700167932085057676 -0.0553925655600460975503 -0.0135593409495437661194 -0.00490199551503980347766 0.999896051953894082764 3.1028561689128153489
3725 1030.068000 -0.397538509318877186782 -0.000563549207760511913778 -0.0553920395226421558021 -0.013558892833917944587 -0.0049044782010107300721 0.999896045856115023298 3.10284797047062843589
3726 1030.075000 -0.39753812594417758941 -0.000559518215392264955943 -0.0553914293624129944194 -0.0135583622148197323332 -0.00490735179244620838002 0.999896038952268639832 3.10283838525804167574
3727 1030.082000 -0.397537738367217341473 -0.000555481294809460728057 -0.0553908197490934062213 -0.0135578577462092536576 -0.00491025476944669230644 0.999896031540996044207 3.10282878797315087027
3728 1030.091000 -0.397537300904394708123 -0.000550607530378922037373 -0.0553901021044414174077 -0.0135572416651148289213 -0.0049136718925913945577 0.999896023107885723036 3.10281718807690598538
3729 1030.099000 -0.397536802290944790705 -0.000545686868274939448215 -0.0553893414036203957096 -0.0135566014146372218474 -0.0049172647994776561356 0.999896014125957188767 3.10280549881537615065
3730 1030.107000 -0.397536362191324710302 -0.000541079800225430489896 -0.0553886437146405286036 -0.0135560117943725258471 -0.00492056955368929283684 0.999896005862358716598 3.10279454651791342101
3731 1030.115000 -0.397535916104203412846 -0.000536462908014738622253 -0.0553879539782676094672 -0.013555438885497350307 -0.00492387328771560703333 0.999895997365960020886 3.10278356797045340443
3732 1030.124000 -0.397535421468253602484 -0.000531281773893186714391 -0.0553871730089776082018 -0.0135547762940433514506 -0.00492758247265954758137 0.999895988076056618787 3.10277124876949761401
3733 1030.132000 -0.397534981476394877475 -0.00052667779441138489957 -0.0553864792780310727371 -0.013554189249413055654 -0.00493088265488885596488 0.999895979764912623544 3.10276030539541203268
3734 1030.140000 -0.397534543875336598973 -0.000522076564830895820807 -0.0553857871725145292641 -0.0135535957066281066014 -0.00493416837155269058512 0.999895971601997390898 3.10274936097846021354
3735 1030.147000 -0.397534162772197219304 -0.000518054922800011748846 -0.0553851786278894905879 -0.0135530732098149836462 -0.00493704689306655262332 0.999895964475577381236 3.10273979785335241033
3736 1030.154000 -0.39753377343060664062 -0.000514022095502704098879 -0.0553845764832188378057 -0.0135525784162682082917 -0.00493994090212596017458 0.999895956888592674083 3.10273021666130821572
3737 1030.162000 -0.397533336577754192742 -0.000509426801464019606003 -0.0553838847031967729251 -0.0135519822761005631628 -0.00494322155493429928053 0.99989594875519283157 3.10271929545342262102
3738 1030.169000 -0.39753295775625385744 -0.000505411305982491395467 -0.0553832779662400270793 -0.0135514565512763508759 -0.00494609017192718884021 0.999895941694609602379 3.10270974635126872698
3739 1030.177000 -0.397532513827115852045 -0.000500808185541596565665 -0.0553825896354940214183 -0.013550900264424483449 -0.00494940656914480588136 0.999895932823329669503 3.1026988144203326847
3740 1030.182000 -0.397532299907168651387 -0.000498250042003928108464 -0.0553822236774052234498 -0.0135505764616156779145 -0.00495115631291655027002 0.999895928548928059065 3.10269271734652818395
3741 1030.188000 -0.397531911634759482777 -0.000494493009327726020657 -0.0553816407149744088789 -0.0135501023647440557718 -0.00495393153757051583896 0.99989592122791748352 3.10268381046120511613
3742 1030.194000 -0.397531588108354316802 -0.000491057485760918073503 -0.0553811198796760745244 -0.0135496543173176126756 -0.00495639289588737774056 0.999895915101838395067 3.10267564718697563819
3743 1030.203000 -0.397531149727527455262 -0.000486192915047577948334 -0.0553804155623739552405 -0.0135490619006106271377 -0.00495979249120623386787 0.999895906272276868698 3.10266406979073972039
3744 1030.211000 -0.397530657600737247215 -0.000481304008234616220729 -0.055379658748179003136 -0.013548429790781316151 -0.00496337352117058074052 0.999895897068036498823 3.1026524716666865622
3745 1030.220000 -0.397530175239224237149 -0.000476157872037951020172 -0.0553788815203300616163 -0.0135477455664655584144 -0.00496703450547046360813 0.999895888159506252002 3.10264023464409932629
3746 1030.230000 -0.397529681011464741669 -0.000470726297569292861239 -0.0553780904186731426364 -0.0135470974356113067066 -0.00497086049226314573291 0.999895877927815313058 3.10262731724289686497
3747 1030.239000 -0.39752919315394569244 -0.00046557564909928319391 -0.0553773158590669875578 -0.0135464399097357992424 -0.00497454066957291832912 0.99989586853376821729 3.1026150739409366075
3748 1030.248000 -0.397528646909121652353 -0.000460117406675605855604 -0.0553764767234572879984 -0.0135457397655250281338 -0.00497851974875379230112 0.999895858214902233385 3.10260211727880141908
3749 1030.257000 -0.397528157236452295287 -0.000454967540362530026982 -0.0553757036523293069696 -0.0135450895926698504368 -0.00498220365918200340516 0.999895848673563181208 3.10258987967385291284
3750 1030.266000 -0.397527669554163909371 -0.00044981999426213590404 -0.0553749317454960698903 -0.0135444346285689843495 -0.00498587415413909856854 0.999895839250024787148 3.10257763798828589685
3751 1030.275000 -0.397527183130950922951 -0.000444676432342929004587 -0.0553741598072508139916 -0.0135437759717628551648 -0.00498954110069273551464 0.999895829880308673054 3.10256540699525684701
3752 1030.284000 -0.3975266955562594684 -0.000439533102870596787543 -0.0553733880077808687803 -0.0135431169280442360858 -0.00499320508901561922049 0.999895820516723876636 3.10255317980920386489
3753 1030.293000 -0.397526208950755632898 -0.000434392945286798948246 -0.055372613886575702824 -0.0135424684015430420864 -0.00499688735131392867267 0.999895810905512161249 3.10254095978112687249
3754 1030.303000 -0.397525723738939351648 -0.000428985432522224416352 -0.0553718265739946008397 -0.0135417874159700982184 -0.00500065360579906269256 0.999895801299863218325 3.10252808430665538708
3755 1030.312000 -0.397525180204188588462 -0.000423542637485032485989 -0.0553709900279003852663 -0.0135410877185268684747 -0.00500461537658565894238 0.999895790954403063111 3.10251515990673087941
3756 1030.321000 -0.397524690100505950774 -0.000418401420121675832187 -0.0553702213586739766527 -0.0135404533022516412877 -0.00500829585441167190324 0.999895781117714377295 3.10250293694457246474
3757 1030.330000 -0.397524205563362431626 -0.000413271024229970238006 -0.0553694509920518440627 -0.0135397989680759757436 -0.00501195709474952337537 0.999895771633215857399 3.10249074024037874153
3758 1030.339000 -0.397523727867108600531 -0.000408152002171322317303 -0.0553686794095494955181 -0.0135391175664937805229 -0.00501558886877376871455 0.999895762649197439309 3.1024785621755488485
3759 1030.348000 -0.397523235466280433492 -0.000403014019884746343275 -0.0553679135814277856298 -0.0135384977823901509614 -0.00501927581538356374496 0.999895752540276183673 3.10246635589160968394
3760 1030.357000 -0.397522811075615434273 -0.000398198604770260995017 -0.0553672098763128769927 -0.0135378839337011950411 -0.00502262673664959254094 0.999895744024976940167 3.10245488773417088524
3761 1030.366000 -0.397522270614176498338 -0.000392772845998922825322 -0.055366377673517999658 -0.0135371883256988154859 -0.0050265757617162735299 0.999895733598431868394 3.10244200684921977995
