9308 828.076000 -0.378320360306069802814 0.00758313887132432487559 -0.05702823010829135425 -0.0132067564996357286744 -0.0158615202503035943038 0.999786974189056154572 3.07073739874093343261
9309 828.083000 -0.378319035320502539133 0.00758795071305974535431 -0.0570205550250716744487 -0.0131990461570337773434 -0.0158680251753827578076 0.999786972788492489528 3.07072730820005812546
9310 828.091000 -0.378317823796299856909 0.00759410266939457723884 -0.057012429665510087895 -0.0131895026308365605899 -0.0158761486388886742527 0.999786969771434330667 3.07071423332691884056
9311 828.100000 -0.378316860764404072626 0.00760067602202898952996 -0.0570049902582617160074 -0.0131795449165403779496 -0.0158844422022607484335 0.999786969354829913037 3.07069988944987182222
9312 828.108000 -0.378315627686612532266 0.00760856623316101370047 -0.0569997374017886943021 -0.0131711367996312136291 -0.0158945379243287596149 0.999786919708183341449 3.07068240567307260136
9313 828.115000 -0.378314681104866656902 0.00761470746880411365753 -0.0569967667348775658409 -0.0131651866618744568804 -0.0159022597201093490726 0.999786875286904352933 3.07066838238808292871
9314 828.123000 -0.378313503825422614568 0.0076216225104254404013 -0.0569949822417765220028 -0.0131596082993143941725 -0.0159110868602394608939 0.999786808286813877267 3.07065222200087495352
9315 828.131000 -0.378312225414725089578 0.00762827796567104240988 -0.0569947118416100767524 -0.013155132371822345419 -0.0159198629962190758846 0.99978672748464769704 3.07063630536712972585
9316 828.138000 -0.378311055393868889141 0.00763377031011323869958 -0.0569954613939171184089 -0.013151894614959875468 -0.0159274588303604386352 0.999786649102319180393 3.07062296479206331412
9317 828.146000 -0.37830969842997641539 0.00763960432314556535383 -0.0569970906630600029907 -0.0131487109938618791649 -0.015935947281946551829 0.999786555712481317393 3.0706085568616550141
9318 828.153000 -0.378308526487643237424 0.00764430261440159422581 -0.0569988887115298048514 -0.0131461994304344197831 -0.0159430969329780770904 0.999786474753845189056 3.07059677443275935715
9319 828.161000 -0.37830726779593504272 0.00764916265864984401546 -0.0570010019123701749955 -0.0131434722443212349124 -0.0159508382409448944139 0.999786387133158593876 3.07058448012556839402
9320 828.169000 -0.378306148766416716622 0.00765346668568552684908 -0.0570028446796361845661 -0.0131408082672808020075 -0.0159579856413267356929 0.999786308094061548779 3.07057357341939862749
9321 828.177000 -0.378305264293141763066 0.00765677315890886042715 -0.0570043249659969511467 -0.0131389256967560721923 -0.0159637017622574588216 0.999786241582459878074 3.07056527701058934454
9322 828.185000 -0.378304503156577154321 0.00766012466283030966224 -0.0570048855408505431019 -0.0131362478781925414578 -0.0159694378956861081365 0.999786185164097229716 3.07055696150810009115
9323 828.192000 -0.378303950039851066833 0.00766305507268169767976 -0.0570045993830371466871 -0.0131336657064484302326 -0.0159742407224878167626 0.999786142361680951751 3.07054985431135429863
9324 828.200000 -0.37830355153640105037 0.00766558382482514927281 -0.0570037183690013660176 -0.0131316114919459575594 -0.0159782233105514523408 0.999786105704346450551 3.07054400486622869337
9325 828.208000 -0.378303346110013871684 0.0076675143897460022388 -0.0570022395283986682557 -0.0131299713588821070215 -0.0159810760917047829655 0.999786081649002622562 3.07053980390957592661
9326 828.216000 -0.378303208672706725579 0.00766952079551204771168 -0.0570001417885036623656 -0.0131286829075577225756 -0.0159835161290172445003 0.999786059563377960124 3.07053565835754671554
9327 828.223000 -0.378303069694990889982 0.00767141992701093119317 -0.0569980100742185635809 -0.0131284853159501519598 -0.0159853217871495680014 0.999786033289458475615 3.0705319637205357175
9328 828.231000 -0.378302979861657284744 0.00767314927798297408135 -0.0569955526165831782848 -0.0131286773161226992535 -0.0159865724746950377266 0.999786010770524979918 3.07052884207323417698
9329 828.238000 -0.378302847387703367055 0.0076746281429478906827 -0.0569935028991851999614 -0.0131295174600031157308 -0.0159873397950355509989 0.99978598746809099751 3.07052627140792377958
9330 828.246000 -0.378302608017045127742 0.00767628614251697136139 -0.0569914559356294314618 -0.0131312009806724278027 -0.015987912657113408782 0.999785956197462022388 3.07052342721728965813
9331 828.254000 -0.37830222203006902415 0.00767795312462245249652 -0.0569898927744157401953 -0.0131336655885131992072 -0.0159882961967579076412 0.999785917690849346151 3.07052051497879885389
9332 828.261000 -0.378301741582501183103 0.00767942772953752583048 -0.056989016990194908685 -0.0131363903466933558406 -0.0159885381659958976386 0.999785878023876639631 3.07051783804723887883
9333 828.269000 -0.378301011637826312128 0.00768114152781996205321 -0.0569886402195771551993 -0.0131400679776330787246 -0.0159887942384601758339 0.99978582560083495423 3.07051454369675802525
9334 828.276000 -0.378300209228327022348 0.00768266724231873605194 -0.0569888628370162630965 -0.0131436693483344309297 -0.0159890553893523648665 0.999785774085537704003 3.07051142300670498742
9335 828.283000 -0.378299269820738692793 0.00768419728939306358184 -0.0569895637950128125526 -0.0131474612506456318972 -0.0159893547256265596002 0.999785719440981379691 3.07050810304404153683
9336 828.290000 -0.378298201102407694041 0.00768573742101383034636 -0.0569906875020001479903 -0.0131513310392569107016 -0.0159897238738238439693 0.999785662640915617771 3.07050454875572187419
9337 828.297000 -0.378297044493949297106 0.00768724775677168039451 -0.056992138989489612988 -0.0131550743840068550677 -0.0159901416667973875207 0.999785606711472540908 3.07050086087022311432
9338 828.305000 -0.378295629440883351968 0.00768895899711308141583 -0.0569940741899193359377 -0.0131591021966232599866 -0.0159907608168478009014 0.999785543803208387459 3.07049645410710914106
9339 828.312000 -0.378294357077025134029 0.00769041910006288548241 -0.0569958795774959808833 -0.0131622218981304311275 -0.0159914006145196220532 0.999785492503812212028 3.07049250065012024891
9340 828.319000 -0.378293097810258993619 0.00769182170880230650645 -0.056997664447599863391 -0.0131648049152054986283 -0.0159921000136464576402 0.99978544730792040518 3.07048854656261394069
9341 828.327000 -0.378291705035627812137 0.00769337025717675964537 -0.0569995497710190784924 -0.0131670591105436350643 -0.0159930365275064087505 0.999785402642491494163 3.07048404217139481176
9342 828.334000 -0.378290578544558553364 0.00769464877064417185348 -0.0570009532062083698611 -0.0131682875778044890247 -0.0159939109941297473438 0.999785372474202627124 3.07048023321619778514
9343 828.341000 -0.378289556258528336663 0.00769587414546587383901 -0.0570020541475697306577 -0.0131688574353597386696 -0.0159948905826654656781 0.999785349297085845777 3.07047654954600268695
9344 828.349000 -0.37828854873343575882 0.00769720092399650470533 -0.0570028756272572753594 -0.0131686804962475607211 -0.0159960933647303044092 0.999785332384434677344 3.07047257736771683767
9345 828.357000 -0.378287729347151047143 0.00769846194245916385507 -0.0570032000659336651749 -0.0131676993183680972332 -0.0159973787506967023153 0.99978532474115044959 3.07046888235097448216
9346 828.365000 -0.378287102055128665601 0.00769967451494033613274 -0.0570030330460676998294 -0.0131660702290615997528 -0.0159987780827777793802 0.99978532380435625182 3.07046547625656085501
9347 828.372000 -0.378286772001502957785 0.00770054312435210566723 -0.0570025219668451807453 -0.0131643791054195796741 -0.0159998670855185515238 0.999785328646112025908 3.07046315977941919328
9348 828.379000 -0.378286455964843171262 0.00770169615084997233323 -0.0570016999492109349701 -0.0131620787754771623179 -0.0160013744850461547831 0.99978533480787645793 3.07046028526344594312
9349 828.387000 -0.378286301727533857964 0.00770282931861948107211 -0.0570004859687611234453 -0.0131595044378654130179 -0.0160029392104630609206 0.999785343651113822538 3.07045769843527160958
9350 828.395000 -0.378286259846700834153 0.00770396900988684282807 -0.0569990775403461866211 -0.0131569667596325174524 -0.0160045278753080978673 0.999785351619623563479 3.07045532752163463641
9351 828.403000 -0.37828629047835482524 0.00770513083246598604048 -0.0569975865193958902699 -0.0131546755250836339135 -0.0160061505212849217172 0.999785355792591978741 3.07045310824986827924
9352 828.411000 -0.378286358061037386591 0.0077063128844799032649 -0.0569961222923005203511 -0.0131527536285555302076 -0.0160077427382946564649 0.99978535558609338274 3.07045101496575512101
9353 828.418000 -0.378286414561719852578 0.00770737142871229501812 -0.056994942421623145945 -0.0131514726732000399728 -0.0160090848801931265322 0.999785350946804429739 3.0704492290567579893
9354 828.426000 -0.37828643656532284778 0.0077086224959314652086 -0.0569937853944392225358 -0.0131505783947030788217 -0.016010576220607759812 0.999785338828775405062 3.07044715981755977907
9355 828.433000 -0.378286398706432436256 0.00770974739529936906046 -0.056992986564663658533 -0.0131503099457171250541 -0.0160118062222745077827 0.99978532266173614218 3.0704452995622899536
9356 828.441000 -0.378286265001990640311 0.00771107058364161029179 -0.0569923536103647404572 -0.0131505947435941236007 -0.0160131100602470058392 0.999785298033576963483 3.07044305839082243281
9357 828.448000 -0.378286059913203243088 0.00771225200790945017437 -0.0569920551801969474393 -0.0131513278262412498798 -0.0160141476640867953807 0.999785271771393757589 3.07044098616635841026
9358 828.456000 -0.378285714332735500953 0.00771362856448734937609 -0.0569920011816004851157 -0.013152658405986063575 -0.0160152076826702571832 0.999785237288357109264 3.07043845252774882937
9359 828.464000 -0.378285253029856938234 0.00771502126053434829356 -0.0569922250625007828506 -0.0131544136484929834879 -0.016016131801179875338 0.999785199392195345069 3.07043574534984387014
9360 828.471000 -0.37828475770414621282 0.00771625209785756997066 -0.0569926179216249939596 -0.0131562190992230605702 -0.0160168397985960032914 0.99978516429374930663 3.07043321649568490272
9361 828.479000 -0.378284104341567950502 0.00771765595466303820638 -0.056993237813594083141 -0.0131584493727191151335 -0.0160175241625170293458 0.99978512397905205944 3.0704301838192473717
9362 828.487000 -0.378283374819212314666 0.0077190529899656594795 -0.0569939813028365466208 -0.0131607459225059238161 -0.0160181035361561495411 0.999785084468591267459 3.07042700954552971737
9363 828.494000 -0.378282693629210908792 0.00772026200021222550746 -0.0569946822330336250184 -0.013162701876262910064 -0.0160185271905624419808 0.999785051931644908052 3.07042414189108514577
9364 828.502000 -0.37828187813294167352 0.00772163955252309214261 -0.0569954891454904771786 -0.0131648299372745213043 -0.0160189907943253592726 0.9997850164843709031 3.07042075945094117273
9365 828.510000 -0.378281061044897726209 0.00772298526793139487184 -0.0569962418088687944318 -0.0131666957154110263878 -0.0160194059171272808195 0.999784985263331482663 3.07041735971059859267
9366 828.517000 -0.378280358479596456878 0.00772414172905240298955 -0.0569968233754343522879 -0.0131680702464719041195 -0.0160197505675801661618 0.999784961638119584748 3.07041438221558449229
9367 828.525000 -0.378279674259919873602 0.00772530512259521958546 -0.0569973163106803071276 -0.0131692271148791846536 -0.0160201409365246134897 0.999784940145414635637 3.07041135516017105189
9368 828.532000 -0.378278943414589674532 0.00772657273632163486832 -0.0569977192113845301802 -0.0131701692391402273852 -0.016020616787492288069 0.999784920110300845408 3.07040806029351198703
9369 828.540000 -0.378278268531605066372 0.00772783919650079937497 -0.0569979695606437214428 -0.0131707801132887498963 -0.0160211608012189102301 0.999784903345608988445 3.07040479055301229749
9370 828.547000 -0.37827772911476070794 0.00772896412585668927953 -0.0569980323549189385468 -0.0131710301944898394017 -0.0160217105452946546873 0.999784891241520368155 3.07040192575733072999
9371 828.556000 -0.378277178381299095111 0.00773021025960217607331 -0.0569979844256669407332 -0.0131710667826235756916 -0.0160224161261370845466 0.99978487945221927724 3.07039882804521857551
9372 828.564000 -0.378276623172480563895 0.00773159786453569107534 -0.0569978254704924663931 -0.0131709266181473192564 -0.0160233346353987615718 0.999784866578396158587 3.07039548827108266238
9373 828.571000 -0.378276250645161404851 0.00773268849186906168797 -0.0569975805833716972493 -0.0131706227940260531262 -0.0160241111576894766644 0.999784858135400855694 3.0703929425459932645
9374 828.577000 -0.378275958588157046325 0.00773363437887729463643 -0.0569973251302733352475 -0.0131703288566423944161 -0.0160248542122075898764 0.999784850097902522137 3.07039079100172385139
9375 828.583000 -0.378275688807775012368 0.00773458909163014015492 -0.0569970413577303297581 -0.0131700064346232399021 -0.0160256285819172332452 0.99978484193303629457 3.0703886661747201714
9376 828.590000 -0.378275398363225656695 0.00773571097683684472807 -0.0569966888621155423622 -0.0131696256695854156671 -0.0160265696120560144355 0.999784831864433343185 3.07038622851057629859
9377 828.597000 -0.378275120229398242877 0.0077368557018051608079 -0.0569963371847866245856 -0.0131693099512933172596 -0.0160275664821709698526 0.999784820042826205544 3.07038378295951464025
9378 828.605000 -0.378274813268941856315 0.00773818096597882979643 -0.0569959524645125975573 -0.0131690285252253763693 -0.0160287258031558757509 0.999784805164005807576 3.07038099912726192287
9379 828.612000 -0.378274584933866231395 0.00773921980375301670624 -0.0569956625912036163317 -0.0131688675688176708156 -0.0160296202068320597922 0.999784792944451439212 3.07037882180699606138
9380 828.619000 -0.378274308094421085613 0.00774041619031546647423 -0.0569954014944505232831 -0.0131688288611561000324 -0.0160306345164163109585 0.999784777191284557141 3.07037633641242280191
9381 828.626000 -0.378273973122058904117 0.00774177785058451344707 -0.0569951780514092870567 -0.0131689630130818156883 -0.0160317650902376922228 0.999784757295915094133 3.07037350598457159379
9382 828.633000 -0.378273658974066062655 0.00774301920213666099863 -0.0569950237113236515829 -0.0131692090115234673731 -0.0160327599310337923222 0.999784738102660108794 3.07037089688398712184
9383 828.641000 -0.378273277002283692116 0.00774445204088317854657 -0.0569949103171539170343 -0.0131696223843012581028 -0.0160338473707825890369 0.999784715218604014275 3.07036785157928804324
9384 828.647000 -0.378272972916314509373 0.00774553432563899503516 -0.0569948719678185500292 -0.0131700125763841938836 -0.0160346116744637841312 0.999784697821079371138 3.07036552485435310089
9385 828.655000 -0.37827253913125158391 0.00774699569635454218103 -0.0569948757805444211622 -0.0131706633106567477104 -0.0160356079789609196062 0.999784673269550894226 3.07036232912730477906
9386 828.662000 -0.378272134240160706753 0.00774828455268852453464 -0.0569949235736349271719 -0.0131713066577487450393 -0.0160364239935815340587 0.999784651705768800944 3.0703594738905195527
9387 828.669000 -0.378271713606753323678 0.00774957529939985373391 -0.0569950042889402624935 -0.0131719992930127358099 -0.016037194060010747515 0.999784630228584103584 3.07035656443995197407
9388 828.676000 -0.378271268002812133258 0.00775088157392473352247 -0.0569951102767056044796 -0.0131727612447808013763 -0.0160379631535791621066 0.999784607852647666526 3.07035358683278802872
9389 828.683000 -0.378270815200398735634 0.0077521783997305717534 -0.0569952326211091292452 -0.0131735044635588258166 -0.016038661319947668249 0.999784586860196000657 3.07035059856241288045
9390 828.691000 -0.378270285609834888696 0.00775366156530617710307 -0.0569953793410536077579 -0.0131743606916877083884 -0.016039445222271957181 0.999784563002113602082 3.07034714278019027489
9391 828.698000 -0.378269820639262455142 0.00775495117153871676985 -0.0569955047492559305211 -0.0131750748015553066639 -0.0160401020521826233323 0.999784543054216823244 3.07034411001366924765
9392 828.706000 -0.378269343747306696635 0.00775629296809091182269 -0.0569956219698748156599 -0.013175792203178120568 -0.0160407954523270265823 0.999784522475255954532 3.07034093500396210175
9393 828.713000 -0.378268807670271323129 0.00775772359064308501125 -0.0569957466436254861497 -0.0131765383215544044232 -0.0160415316662866451469 0.999784500829884015261 3.07033756372376975818
9394 828.719000 -0.378268407422655328354 0.00775882726059066649138 -0.056995821600591606293 -0.0131770607444590178575 -0.0160421043111427658046 0.999784484756293667651 3.0703349516523825713
9395 828.726000 -0.37826795216525849197 0.00776010278645401264941 -0.056995889391756052178 -0.013177598021561926292 -0.016042758891997844356 0.999784467171557666987 3.07033193936542447844
9396 828.733000 -0.378267500016338353852 0.00776138451071350671945 -0.0569959371169556083814 -0.0131781141497430628884 -0.0160434615766170095286 0.999784449092951277294 3.07032892046741645586
9397 828.740000 -0.37826706305093449334 0.00776265458353876496023 -0.0569959618486909139201 -0.0131785485694987519745 -0.0160441508459952461574 0.99978443230590074986 3.07032594538357939129
9398 828.747000 -0.378266630844137141665 0.00776393312839947485199 -0.0569959672462681671279 -0.0131789680760354549482 -0.0160448939550238527108 0.999784414850733216262 3.070322964619723205
9399 828.755000 -0.378266215840718844632 0.00776524653604843736326 -0.0569959363573870683717 -0.0131792953996705854147 -0.0160456420708787704521 0.99978439852965372836 3.07031991188140729321
9400 828.762000 -0.37826574743008389845 0.00776666049953097115816 -0.0569959157877164418471 -0.013179690110180603338 -0.0160465106378458732816 0.999784379386350008367 3.07031667119341511452
9401 828.769000 -0.378265346851207218126 0.00776794276449910801874 -0.0569958703445643671825 -0.0131800000903393860208 -0.016047315392629688674 0.99978436238336332309 3.07031373689463960019
9402 828.776000 -0.378264955895326826507 0.00776922501751425593347 -0.0569958134633297974769 -0.0131802745085204502107 -0.0160481194824055560522 0.99978434585912501209 3.0703108204283653393
9403 828.783000 -0.378264568715098892238 0.00777051817909797225975 -0.0569957511655350829161 -0.0131805579746723817297 -0.0160489582023429049051 0.999784328658984255966 3.07030788750752359206
9404 828.790000 -0.378264188140239654423 0.00777181360559236252689 -0.0569956837631703863711 -0.0131808205468666936322 -0.0160497899959320990126 0.999784311844708617478 3.07030496112837569811
9405 828.797000 -0.378263808203514018125 0.00777312180417524638265 -0.0569956169202838064392 -0.0131811054719564394594 -0.0160506494885484934931 0.999784294290289698992 3.07030200722923929391
9406 828.803000 -0.37826348263553821738 0.00777425071015245151146 -0.0569955603896761947569 -0.0131813555131220713768 -0.0160513884911179065262 0.999784279129424802157 3.07029946016867327785
9407 828.810000 -0.378263107872527759579 0.00777556777809891488257 -0.0569954969843551803588 -0.0131816358565111889367 -0.0160522288662256068514 0.999784261940831253668 3.07029648922974596204
9408 828.817000 -0.378262731759044901203 0.00777689576173632921008 -0.0569954379869072533249 -0.0131819480430718869585 -0.0160530904503391573523 0.999784243991064025536 3.07029348288892389718
9409 828.823000 -0.378262402339412995289 0.00777804729867507399499 -0.0569953959102027923889 -0.013182239111667787973 -0.0160538265773503552314 0.99978422833340752085 3.07029087869925110255
9410 828.830000 -0.378262020281231736707 0.00777939135154838510428 -0.0569953498589859802737 -0.0131825754508908109947 -0.0160546642652084001202 0.999784210447341004091 3.07028782789280585419
9411 828.836000 -0.378261688376385629695 0.00778055330697999172201 -0.0569953184002273335884 -0.0131828887677976746423 -0.0160553834826579894246 0.999784194766530909249 3.07028517818944868267
9412 828.842000 -0.378261354405877492368 0.00778171951776114503158 -0.056995291569827091771 -0.0131832216405621677202 -0.0160561090269747269721 0.999784178725633632112 3.07028251356698511643
9413 828.847000 -0.378261074353429482819 0.00778269386582894871773 -0.0569952733660981092356 -0.0131834940422162951584 -0.0160566891709546626099 0.999784165816655745473 3.07028028047458079186
9414 828.852000 -0.378260794209136497201 0.00778366895884210954065 -0.056995257598035711788 -0.0131837770317097986716 -0.0160572728668381299599 0.99978415271060294689 3.07027803966209544839
9415 828.857000 -0.378260505327380092133 0.00778465738378898708394 -0.056995248077936079556 -0.0131840936516513969334 -0.016057874622313676044 0.999784138870585592507 3.07027576365770338285
9416 828.863000 -0.37826016171875509464 0.00778583810999187390239 -0.0569952387334730081747 -0.0131844574520555112007 -0.0160585680260726636204 0.999784122935869934423 3.07027303831625886232
9417 828.868000 -0.378259873912150268449 0.00778682372361701787694 -0.0569952321456320964987 -0.0131847655794354989139 -0.0160591455706852563601 0.999784109595744152621 3.07027075920566439038
9418 828.873000 -0.378259589742364898957 0.00778780204280706250114 -0.0569952277618929123437 -0.0131850587873791683102 -0.0160596994763182177035 0.999784096831662805194 3.07026849798702228256
9419 828.877000 -0.378259355157667176428 0.00778859691973273187554 -0.0569952291884678885481 -0.0131853249769140774134 -0.0160601644597745119025 0.999784085851929460453 3.07026665300812862114
9420 828.883000 -0.378259003974915186674 0.00778978692840565090094 -0.0569952288156936742736 -0.0131857125215899817494 -0.0160608502179979024949 0.999784069724844570715 3.07026389037568048224
9421 828.888000 -0.378258713341948160647 0.00779077515213839714991 -0.0569952309828850728346 -0.0131860275013830838264 -0.0160614082960016078816 0.999784056605365956116 3.07026159373822427057
9422 828.893000 -0.378258421423547874785 0.00779176463441083339695 -0.0569952323878226418952 -0.0131863385400998994051 -0.0160619616244151788842 0.999784043613760498026 3.07025929402521979839
9423 828.899000 -0.378258069899924720403 0.00779295468048500639124 -0.0569952350782149536057 -0.0131867299060272700345 -0.0160626482092035699489 0.99978402742136895931 3.07025652752076538832
9424 828.903000 -0.378257832642236557774 0.00779375286749587215668 -0.0569952378427720438014 -0.013186992904607366256 -0.016063103555608190115 0.999784016636741212913 3.07025466889470566301
9425 828.908000 -0.378257542122708179111 0.00779474111628329809076 -0.0569952393143837998668 -0.0131873024551929264592 -0.0160636613094337458996 0.999784003592421588458 3.07025237264356132272
9426 828.913000 -0.378257250243689391311 0.00779573181655747893953 -0.0569952400202506925808 -0.0131876160337410751333 -0.0160642267794334145381 0.99978399037058285348 3.07025007214982981196
9427 828.918000 -0.378256958367259421561 0.00779672335788544196289 -0.056995240517303591421 -0.0131879200906609116151 -0.0160647816398873655164 0.999783977444400284718 3.07024776888647554784
9428 828.923000 -0.378256668890854075293 0.00779771286686830374796 -0.0569952388854067792945 -0.0131882237078788586149 -0.0160653457268547933401 0.99978396437535821395 3.07024547107547096658
9429 828.928000 -0.378256373232089104786 0.00779871326165886089715 -0.0569952390549581799917 -0.013188550466754624807 -0.0160659337131843042712 0.999783950616586647442 3.07024315055025054377
9430 828.933000 -0.37825608517152597976 0.00779970314932170328409 -0.0569952360649123648817 -0.013188846333964634322 -0.016066498249049290109 0.999783937641724906875 3.07024085718348560547
9431 828.940000 -0.378255682158599615406 0.00780109063680581391736 -0.0569952283315889457471 -0.0131892531557358631822 -0.0160672914675634714854 0.999783919527659770132 3.07023764743639882013
9432 828.948000 -0.378255217720160019645 0.0078026889123534136361 -0.0569952199512506890722 -0.0131897403488475291333 -0.0160682277588824543035 0.99978389805308365279 3.07023394683799510929
9433 828.955000 -0.378254819777593898067 0.00780407763216896081804 -0.0569952072088517683324 -0.0131901358662629922952 -0.016069033462534944301 0.999783879885752901906 3.07023074101551651793
9434 828.962000 -0.378254417370423312583 0.00780547862763144792431 -0.0569951940883350605116 -0.0131905422773600424641 -0.0160698521609063949001 0.999783861365023174272 3.07022750306876845983
9435 828.969000 -0.378254022531661848738 0.00780687186726856160307 -0.0569951768337360956118 -0.0131909270724040496303 -0.0160706643343032883064 0.999783843233538638273 3.07022429019326148492
9436 828.977000 -0.378253623304839026176 0.00780834399930520339783 -0.0569951478243650860867 -0.0131913095709226286384 -0.016071509815855405251 0.999783824596118808614 3.07022087103758067883
9437 828.984000 -0.378253176633682020036 0.0078098753234039130014 -0.0569951347296907134821 -0.0131917486335952592602 -0.0160724177815361260468 0.999783804207011406184 3.07021735287176378293
9438 828.992000 -0.378252722973264676742 0.00781148826986006235978 -0.0569951124937645089985 -0.0131921869670818415338 -0.01607335362982599547 0.999783783378244250706 3.07021363308181216567
9439 828.998000 -0.378252384938102037548 0.00781270000994229232849 -0.0569950939266244058223 -0.0131925219246911470256 -0.0160740704240418148807 0.999783767434373693561 3.07021083304527886426
9440 829.003000 -0.378252103999198174833 0.00781371058948445579295 -0.0569950781517528232145 -0.01319278556179842056 -0.0160746480485016648987 0.999783754668596813531 3.07020849538266116241
9441 829.007000 -0.378251878337776625827 0.00781452291985015867759 -0.0569950659963899888827 -0.0131930115010940787051 -0.0160751287610556292673 0.999783743958085890924 3.07020661447438225622
9442 829.011000 -0.378251655242318463035 0.0078153310676390263384 -0.0569950517217304997164 -0.0131932177758094185821 -0.0160755909558318171859 0.9997837338045366673 3.0702047464962429757
9443 829.016000 -0.378251370311388668277 0.00781635451854886809109 -0.0569950377376405026286 -0.0131935071604536695994 -0.016076194436883416844 0.999783720282159116266 3.07020237153087593995
9444 829.021000 -0.378251097014351000958 0.00781736109925141101074 -0.0569950189549850438908 -0.0131937483502680419356 -0.0160767571983279101977 0.99978370805012417577 3.07020003644646743979
9445 829.026000 -0.378250815558399955396 0.00781838201263148485642 -0.0569950037565883430024 -0.0131940212629638852632 -0.0160773461581201065895 0.999783694977780745816 3.07019766701176788359
9446 829.030000 -0.378250586595452908956 0.0078192051479534889491 -0.0569949922827575894413 -0.0131942602567121265722 -0.0160778389622904284428 0.999783683898962549641 3.07019576273016436829
9447 829.035000 -0.378250358143312148673 0.0078200999168405362777 -0.0569949706523627114274 -0.0131944755745123341872 -0.0160783361689255804849 0.999783673061504063462 3.07019366203734644927
9448 829.039000 -0.378250077300702369776 0.00782105378942067087922 -0.0569949660692992479682 -0.0131947619002519000997 -0.0160789024944815554796 0.999783660175024291306 3.07019146565639067248
9449 829.044000 -0.378249854510816663211 0.0078219393380942383448 -0.0569949438086961510108 -0.013194954777760755163 -0.0160793794154049200784 0.999783649959344100644 3.07018938933193519247
9450 829.048000 -0.378249569155723608382 0.00782290544073005987558 -0.0569949414651817753974 -0.0131952601131183726302 -0.0160799590316055389383 0.99978363660748559294 3.07018715637114114614
9451 829.053000 -0.378249288536065320088 0.00782393297094183086393 -0.0569949263359858238065 -0.0131955339856899504097 -0.016080547089456123655 0.999783623534680643274 3.07018476629633108033
9452 829.058000 -0.378249007992322638927 0.0078249617056012042704 -0.0569949136404555578572 -0.0131958065469705027734 -0.0160811284007041747912 0.999783610587278603887 3.0701823708678843694
9453 829.063000 -0.378248726496539899866 0.00782599257288945499011 -0.0569948999444983492313 -0.0131960757246565064948 -0.0160817057839874148761 0.999783597747305741166 3.07017997037154311002
9454 829.067000 -0.378248497489269697169 0.00782682506111750941891 -0.056994889234681628265 -0.0131963146702869481286 -0.0160821947133071713187 0.999783586728811068944 3.07017802849423304679
9455 829.072000 -0.378248220203268981088 0.00782785066774739982098 -0.056994875256759641724 -0.0131965746183509875789 -0.0160827651127714160717 0.999783574122254714567 3.07017564310205814948
9456 829.076000 -0.378247991963117147218 0.00782868312565995067009 -0.0569948678973059424946 -0.0131968122986524469958 -0.0160832453516580146935 0.999783563259625029929 3.07017370139964063114
9457 829.084000 -0.378247597976818505927 0.0078302023662538185883 -0.0569948393891874932615 -0.013197183055917178357 -0.0160840835131335624375 0.999783544882056562919 3.07017014504797947083
9458 829.091000 -0.378247142274238723481 0.00783179876516911302464 -0.0569948332459074905043 -0.0131976643018841457294 -0.0160850146727136850133 0.999783523548949837334 3.07016643793032484311
9459 829.098000 -0.378246750410028587108 0.00783324749442536674704 -0.0569948163237472132936 -0.0131980507896213572483 -0.0160858342153474241643 0.999783505261489402471 3.0701630649682942753
9460 829.105000 -0.378246352649158290582 0.0078347077211109728001 -0.0569948016541666144241 -0.0131984543795832659496 -0.0160866640702827766451 0.999783486581509728275 3.07015966027763953505
9461 829.113000 -0.378245902310445636374 0.00783637130297641822108 -0.0569947836363651066938 -0.0131989058878822663329 -0.0160876083895339291874 0.999783465426223094674 3.07015578643720887797
9462 829.120000 -0.378245510954304975382 0.00783782420405574643818 -0.056994767514406158293 -0.0131992859491614766831 -0.0160884185757291624241 0.999783447371561773132 3.07015240451192505944
9463 829.127000 -0.378245119711017707687 0.00783928031582964077173 -0.0569947505548152183463 -0.0131996818172833534077 -0.0160892514448337242694 0.999783428742378799114 3.07014900975350268908
9464 829.135000 -0.378244667408371093575 0.00784095182872437089505 -0.0569947345247807657387 -0.0132001346230758379724 -0.0160901921053479730894 0.999783407625844500188 3.07014512373565029435
9465 829.142000 -0.378244271525494557551 0.00784241840981671038679 -0.0569947195942604456498 -0.0132005453450845001984 -0.0160910355002744677455 0.999783388629317704144 3.07014170786885332021
9466 829.149000 -0.378243881800802095317 0.00784387631939244614476 -0.0569947030079705901917 -0.0132009234436622543279 -0.0160918467116615455936 0.999783370580668795391 3.07013831493707378684
9467 829.156000 -0.378243486971626852178 0.00784534499981796515367 -0.0569946875658187690483 -0.0132013319058088100799 -0.0160926907711200599393 0.999783351601564507227 3.07013489409417328346
9468 829.163000 -0.37824309794019722597 0.00784680574097274333156 -0.0569946705170956691155 -0.0132017082077426940734 -0.0160935025582589139037 0.999783333565730569781 3.07013149385257877455
9469 829.169000 -0.378242766671357366626 0.00784805729161139678518 -0.0569946546934762821035 -0.0132020296984751411146 -0.0160942025075970357451 0.999783318053209413279 3.07012857380905845872
9470 829.177000 -0.378242370599291499733 0.00784960778352898277954 -0.0569946282072520266082 -0.0132024290628446894225 -0.0160950773868885656237 0.999783298695647526522 3.0701249473024394554
9471 829.184000 -0.378241923672678947987 0.00785121358442769645691 -0.0569946201899208526598 -0.0132028884472444648507 -0.0160959981601539424412 0.999783277805684211792 3.07012122362169259659
9472 829.191000 -0.378241529966489964387 0.00785269125465080583548 -0.0569946038031561019732 -0.0132032848864113670773 -0.0160968302829109510821 0.999783259173232852213 3.07011777425063492331
9473 829.197000 -0.378241199374801329025 0.00785394754346430135072 -0.0569945867786066789895 -0.0132035987567711877999 -0.0160975250488616349054 0.999783243841969815335 3.07011484719987226555
9474 829.202000 -0.378240916615502631437 0.00785500866970648310705 -0.0569945759967134396584 -0.0132038927956913253875 -0.0160981309970650195151 0.999783230202147987775 3.07011236661490594102
9475 829.206000 -0.378240696709873647219 0.00785584723637818352349 -0.056994564764253727307 -0.0132040971042659410761 -0.0160985883470868493261 0.999783220139692119233 3.07011041097716530501
9476 829.211000 -0.378240417685002050519 0.00785690340457533345497 -0.0569945517526712908118 -0.0132043729522468185344 -0.0160991816790057896969 0.999783206942487345792 3.0701079448822863327
9477 829.216000 -0.378240139790662677211 0.00785795947038643756433 -0.0569945381153205005154 -0.0132046543593246409193 -0.0160997835529455950165 0.999783193533877567738 3.07010547931757260542
9478 829.221000 -0.378239860716591047574 0.00785901790560021226706 -0.0569945260324084129744 -0.013204923527469953487 -0.0161003639381708495149 0.999783180632526913278 3.07010300495863042158
9479 829.229000 -0.378239415404550305411 0.00786071218698867341113 -0.0569945049032679895706 -0.0132053625155917047501 -0.0161013105369643798326 0.999783159590030168218 3.07009904450538151366
9480 829.236000 -0.378239024849501059844 0.00786219901316946925829 -0.0569944869825284444742 -0.0132057549411115672522 -0.0161021485716142387368 0.999783140909973888633 3.07009556607742828405
9481 829.244000 -0.378238580185471684469 0.00786389697647756590049 -0.0569944655330775554192 -0.0132061922002800220116 -0.0161030964773952803282 0.9997831198672084696 3.07009159501772765921
9482 829.253000 -0.378238077799047112126 0.00786581351129863465266 -0.0569944414631306101038 -0.0132066904897544697139 -0.016104169622620408131 0.999783095999864146464 3.07008711065992967448
9483 829.262000 -0.378237582785081571934 0.0078677213235564570637 -0.0569944153186153767976 -0.0132071606199787253827 -0.0161052182305793968597 0.999783072898367985992 3.07008264674843234232
9484 829.271000 -0.378237081302538358241 0.00786964190430655338715 -0.0569943920293627531715 -0.0132076569016044143012 -0.0161062899123501253318 0.999783049078363350581 3.07007815363583658197
9485 829.279000 -0.378236638520853929446 0.00787134664889591224857 -0.0569943693672405327089 -0.0132080914310088691488 -0.016107241404165008325 0.999783028009126550906 3.07007416590258674916
9486 829.286000 -0.37823624900718388897 0.00787284415732044003111 -0.0569943518680263161436 -0.0132084840323589778471 -0.0161080826381113512147 0.999783009269156641707 3.07007065884617258433
9487 829.292000 -0.378235914246626836466 0.00787412981769550213151 -0.0569943345668234152557 -0.0132088180600826929356 -0.0161088050085027682801 0.999782993217354976068 3.07006764852884517225
9488 829.299000 -0.378235527606007260193 0.00787562410748168621744 -0.0569943162394225266709 -0.0132091993989062635173 -0.0161096369094818891998 0.999782974774968247189 3.07006415404722199369
9489 829.307000 -0.378235085326696585106 0.00787733494303824791083 -0.0569942944000683265893 -0.0132096359202595273891 -0.0161105883732209388681 0.999782953676008112609 3.07006015037677393309
9490 829.316000 -0.378234586972934827553 0.00787926308827596559581 -0.0569942713811031897997 -0.0132101292478360322208 -0.0161116582882799008747 0.999782929916518070534 3.07005563575142659261
9491 829.325000 -0.378234093813946736784 0.00788118409442238772311 -0.0569942460216273649731 -0.0132106031734800805771 -0.0161127141629311652904 0.99978290663828439655 3.0700511426045369312
9492 829.333000 -0.378233653220273247086 0.00788289727872276690945 -0.0569942237298957793401 -0.0132110377802097649774 -0.0161136673107249266124 0.999782885533938792122 3.07004713443825272279
9493 829.341000 -0.378233208271182008708 0.00788462005973422988547 -0.0569942042105548857256 -0.0132114916533048326608 -0.0161146339793603460278 0.999782863955972267433 3.07004309759619031794
9494 829.347000 -0.378232881900039119571 0.00788590008371130302134 -0.0569941862242633878743 -0.0132118005115720998921 -0.0161153332942122369531 0.999782848602664864224 3.07004010496362012006
9495 829.354000 -0.378232494931859397624 0.00788740611718468341562 -0.0569941690106407355954 -0.0132121925660008444903 -0.0161161750839320522255 0.999782829852694954198 3.07003657609173474796
9496 829.362000 -0.378232055420776425159 0.00788912335957414265208 -0.056994147036431436204 -0.0132126269495122274089 -0.0161171273358413427723 0.999782808761749519633 3.07003255579857192714
9497 829.370000 -0.378231616510770141115 0.00789084173442169967139 -0.0569941248035324143917 -0.0132130597104084465676 -0.0161180772866515373276 0.999782787728249799919 3.07002852982132434789
9498 829.378000 -0.378231176080893072289 0.00789256319628931987675 -0.056994104260457048583 -0.0132134892029701946081 -0.0161190185297752919258 0.999782766877244877257 3.07002449650681308313
9499 829.387000 -0.378230681756937470173 0.0078944176947405228506 -0.0569940907972158461448 -0.0132139984048352254753 -0.0161200703806904481474 0.999782743188278089086 3.07002017047516950754
9500 829.395000 -0.378230242642766723016 0.0078962240612097164133 -0.0569940585204447708323 -0.0132144111637806822845 -0.0161210381865525276268 0.99978272212785423978 3.07001591492903980196
9501 829.403000 -0.378229804118509205235 0.00789794796998700109059 -0.05699403672653857722 -0.0132148437897882647246 -0.0161219888510085070099 0.999782701080139446503 3.07001187284329857263
9502 829.411000 -0.378229366101324016025 0.00789967257043250672965 -0.0569940141368209668427 -0.0132152747094119969729 -0.0161229400113076654089 0.999782680045891991583 3.07000782915814918184
9503 829.418000 -0.378228980912658441227 0.00790118691022453564776 -0.0569939964749274496914 -0.0132156631717541030169 -0.016123780471570963585 0.999782661357074831088 3.07000427367533035294
9504 829.423000 -0.378228708685837133885 0.00790226428993258053768 -0.0569939812787315508436 -0.0132159288711001226407 -0.0161243738678077744297 0.999782648274836316382 3.0700017460070263553
9505 829.429000 -0.378228434308715888434 0.00790342895185007152103 -0.0569939573746004735089 -0.0132161794552516018153 -0.0161249872460950752218 0.999782635069703440323 3.06999899367381257065
9506 829.433000 -0.378228157413672216869 0.00790443123104335107487 -0.056993955404421002553 -0.0132164778131190763233 -0.0161255681498842194654 0.999782621756378997446 3.06999665889053474643
9507 829.438000 -0.378227883879514392707 0.00790551236783003895281 -0.0569939400329432799275 -0.0132167460773195584445 -0.0161261654888510998218 0.999782608575361164682 3.06999412117061609706
9508 829.443000 -0.378227615507926273608 0.00790658493501649253798 -0.0569939246002671845437 -0.0132169949204233687368 -0.0161267424132900370759 0.999782595979950339249 3.06999160779397017862
9509 829.448000 -0.378227337295659882255 0.00790767508917119069101 -0.0569939135724432735519 -0.0132172842661029757427 -0.0161273520005534853894 0.999782582321816271076 3.06998904525617710704
9510 829.454000 -0.37822701336857172949 0.00790896683385619927997 -0.0569938948429382918892 -0.0132175885761217394576 -0.0161280503522850220122 0.999782567033485780605 3.06998601649136793057
9511 829.459000 -0.378226736526183549003 0.0079100563625808840984 -0.0569938826106914306346 -0.0132178742442519720629 -0.0161286589992021764384 0.999782553438171572857 3.06998345415979301265
9512 829.465000 -0.378226415233025747842 0.00791134673651192402155 -0.0569938624560202139469 -0.0132181783316542237477 -0.016129362719441878854 0.999782538065082104772 3.069980423346748033
9513 829.472000 -0.378226032541785550656 0.007912863422435263 -0.0569938426460625743863 -0.0132185489808614095586 -0.0161301903383501143985 0.999782519812428493999 3.06997686703230554528
9514 829.477000 -0.378225755162890475702 0.00791395526171459473552 -0.0569938313357049100571 -0.0132188370091200144141 -0.0161308002780892988104 0.999782506163472861616 3.06997429984675251902
9515 829.483000 -0.378225432233996849973 0.00791524894474436579994 -0.0569938122943877481519 -0.0132191398572247577337 -0.0161314990295272596421 0.999782490885140262549 3.0699712658060374082
9516 829.488000 -0.378225156221022262848 0.0079163400229858450069 -0.0569937998254231581452 -0.0132194244143489375576 -0.0161321079581916333734 0.999782477297426197538 3.06996869928486271206
