8095 579.271000 31.1632273563789716775 -0.0788285668409915984967 13.983112005091214769
8096 579.276000 31.1628517963357261067 -0.0779518187115268296195 13.9814191864451657921
8097 579.282000 31.1624757164332102377 -0.0768458125324502777653 13.9789599394009727007
8098 579.286000 31.1622614122947467763 -0.0761123321846018940917 13.9771446034850601592
8099 579.290000 31.1620786621614271894 -0.0754020636737196825461 13.9752478190086613097
8100 579.295000 31.1618883541663969083 -0.0745702735646478209741 13.9728321232298018373
8101 579.301000 31.1617080839499358547 -0.0736789060020532626805 13.9699709849141537887
8102 579.307000 31.161576898589917306 -0.072922108829266002461 13.967260122634758801
8103 579.313000 31.1614870048582055517 -0.0723043430278569598801 13.9647903001989259764
8104 579.319000 31.1614337144676802893 -0.0718204836616745667666 13.9626261185595268444
8105 579.324000 31.1614148181622105938 -0.0715110796703919138206 13.9610873777122375117
8106 579.329000 31.1614162846912421401 -0.0712772862534650220034 13.9598035974569221196
8107 579.334000 31.1614366270966094419 -0.0711094181523880541906 13.9587790591212463909
8108 579.338000 31.1614650404066431122 -0.0710161238416828766162 13.9581435484715470352
8109 579.342000 31.1615021549447988036 -0.0709538068856781778404 13.9576666374267990278
8110 579.347000 31.1615613529648136648 -0.0709135699208633535351 13.9572830585364204836
8111 579.355000 31.1616805140053934053 -0.070919788509011233435 13.9571142992692642792
8112 579.360000 31.1617680386302708939 -0.0709592786445752965463 13.9572521710061323574
8113 579.365000 31.1618642866095889588 -0.0710208409083365188597 13.9575470581188536556
8114 579.370000 31.1619678912436484097 -0.0711012476178335128818 13.957972254817409663
8115 579.375000 31.1620771267017850903 -0.0711979021068523398874 13.9585001826306740469
8116 579.382000 31.1622347558019505698 -0.07135597706633180215 13.9593612847574917168
8117 579.388000 31.1623741563776128771 -0.0715096543708651777305 13.9601642836234276501
8118 579.394000 31.1625134213536085781 -0.0716758239630227167449 13.9609843872592680469
8119 579.402000 31.1626971276149973278 -0.0719107026997577863936 13.9620420243077649758
8120 579.409000 31.1628526358441035882 -0.0721214510031226996301 13.9628841799241332211
8121 579.416000 31.1630012216644409762 -0.0723292772553826568416 13.9636115619420824174
8122 579.424000 31.1631583255764006424 -0.0725534244256732380185 13.9642741874452518402
8123 579.432000 31.1633021976934827535 -0.0727534432419131016356 13.9647428462459295417
8124 579.439000 31.1634168867834979721 -0.0729015500708671548846 13.9649961661753891917
8125 579.446000 31.1635208815902409185 -0.0730196996800968334274 13.9651150517835969112
8126 579.452000 31.1636015860549164813 -0.0730951458005904414206 13.9651238325513311622
8127 579.460000 31.1637009996884088991 -0.0731576483914248010265 13.9650288381055531772
8128 579.467000 31.1637805242981862364 -0.0731775209971086693095 13.9648723925978739402
8129 579.474000 31.1638544620954824893 -0.0731679166437208400309 13.9646742797153375903
8130 579.481000 31.1639264648182177098 -0.0731332558704255591975 13.9644585018672202636
8131 579.489000 31.1640061427803516381 -0.0730689689226664690347 13.9642163611092122721
8132 579.496000 31.1640769106513602082 -0.0729982913490810209067 13.9640258238231602661
8133 579.503000 31.1641491636853302793 -0.0729197433845429759947 13.9638660398600507051
8134 579.509000 31.164214684805653377 -0.0728511012842261163058 13.9637580723217382683
8135 579.516000 31.1642938352304490479 -0.0727735857183741258192 13.963667022501450532
8136 579.522000 31.1643652500892827106 -0.0727125435716359652671 13.9636162681479287784
8137 579.529000 31.1644541009294293588 -0.0726509569417725514784 13.9635843833154336124
8138 579.536000 31.16454803402843865 -0.0726020878540491604314 13.9635739348240548452
8139 579.544000 31.1646619659220682763 -0.0725637243217912564219 13.9635765806418987722
8140 579.551000 31.1647668207539041418 -0.0725454482121704047337 13.9635810163332756417
8141 579.559000 31.1648927848073640234 -0.0725411861398430612979 13.963577287498447177
8142 579.565000 31.1649903846830795828 -0.0725480644196105223243 13.9635622572270143849
8143 579.569000 31.165057794672442526 -0.072556558268896662045 13.9635449108823781472
8144 579.574000 31.1651432428068524416 -0.0725711153954182314196 13.963513766685448303
8145 579.579000 31.165230248227398846 -0.072588462774420978163 13.9634716183606482076
8146 579.584000 31.1653191952666546172 -0.0726080662922530262193 13.9634186293023869752
8147 579.589000 31.1654092016534107756 -0.0726286559513945051414 13.9633559116534371469
8148 579.594000 31.1655002290805569487 -0.0726488082362281711868 13.9632842966638257565
8149 579.599000 31.1655918788348813564 -0.072668223860629627131 13.9632058047225449116
8150 579.604000 31.1656852439013789535 -0.0726858096580824120103 13.9631227860941145025
8151 579.610000 31.165798090164727796 -0.0727033339498160957604 13.9630200835613429433
8152 579.617000 31.165930290927661872 -0.0727178752234353686923 13.9629016983182019374
8153 579.624000 31.1660641099229245299 -0.0727254000630500330171 13.962791944888868656
8154 579.632000 31.1662175917512307421 -0.0727248969700858421961 13.9626852524498890062
8155 579.639000 31.1663538378106750315 -0.0727171272782424771286 13.9626144525390412099
8156 579.647000 31.1665105809286551164 -0.0727012536555602523203 13.9625644835972924085
8157 579.654000 31.1666483852539464294 -0.0726826085392574955391 13.9625501583780895487
8158 579.662000 31.1668072974407586173 -0.0726586165926323829245 13.9625677955242490924
8159 579.669000 31.1669468135809850651 -0.0726365998571791016136 13.962610649855651701
8160 579.676000 31.1670887451874563112 -0.0726163935814373717736 13.962675979830136086
8161 579.683000 31.1672296621439599562 -0.0725986253670620612644 13.9627586641669001466
8162 579.689000 31.1673521363558840847 -0.0725868478459494731458 13.9628391237229152466
8163 579.697000 31.1675170028447112713 -0.0725774459014840167548 13.9629531681464040815
8164 579.703000 31.1676407983795549228 -0.0725751156755773119134 13.9630381186249188374
8165 579.709000 31.1677657853329819204 -0.0725771817647126032957 13.9631185726953184201
8166 579.716000 31.1679135491479186726 -0.0725853686882328708041 13.9632019372699840432
8167 579.723000 31.1680611274998753402 -0.0725983146577083432449 13.9632691230097307766
8168 579.731000 31.1682307759298211636 -0.0726183217664543578795 13.9633217872833856887
8169 579.738000 31.1683811769518968049 -0.0726393048328317081364 13.9633435958139813238
8170 579.746000 31.1685539735758787572 -0.0726649069635076361173 13.963340050888033872
8171 579.753000 31.1687054770998805964 -0.072687195497357776075 13.963312446435542924
8172 579.761000 31.1688812423437866528 -0.0727106516238234662497 13.9632552356995276455
8173 579.769000 31.1690585189060556104 -0.0727304983796891180159 13.9631748597229385922
8174 579.778000 31.1692593500042605115 -0.0727463858133575308473 13.9630636585009426653
8175 579.785000 31.1694177864580517223 -0.0727531225019550226163 13.9629678822058185261
8176 579.793000 31.1696006241509735446 -0.0727546168800761033912 13.9628545654316180702
8177 579.800000 31.1697624265828849843 -0.0727505751562208674565 13.9627567584815839297
8178 579.808000 31.1699495189655841898 -0.0727401541126732609222 13.9626524184480214075
8179 579.815000 31.1701145370940508883 -0.0727265568707354398414 13.9625707476259997009
8180 579.822000 31.1702808427023967397 -0.072709983307557360388 13.9625012030734669821
8181 579.830000 31.1704747884090593857 -0.0726887986369125216335 13.9624383558271425443
8182 579.838000 31.1706698279902596482 -0.0726664044509898743307 13.9623946708616752943
8183 579.845000 31.170843698753458284 -0.0726476199316369725123 13.9623718684973567861
8184 579.853000 31.1710442458141798738 -0.0726279785394544491473 13.9623625746006592152
8185 579.861000 31.1712454869937651836 -0.072611229688427203488 13.9623684337063860283
8186 579.867000 31.1713988252545313173 -0.0726016075783842557145 13.9623812743615882681
8187 579.874000 31.1715792387453163315 -0.0725938872073768892701 13.9624027673677755246
8188 579.882000 31.1717858328086556696 -0.0725894080111001011035 13.9624333497265915582
8189 579.890000 31.1719950798565221817 -0.0725902197265161364115 13.9624666031053550341
8190 579.898000 31.1722051148253918029 -0.072595167574064783933 13.9624986207511998515
8191 579.905000 31.1723900261447006699 -0.0726027381961610873695 13.9625233887317943271
8192 579.913000 31.1726023398761640237 -0.0726145533012522437222 13.9625457233364631549
8193 579.921000 31.1728151949043947866 -0.0726278560711532128469 13.9625595926353103238
8194 579.929000 31.1730296099457966363 -0.0726422484224494152683 13.962563948628657684
8195 579.937000 31.1732439600256157064 -0.0726563209488712835604 13.9625584379965630433
8196 579.944000 31.1734322094969087402 -0.0726675181117793639318 13.9625456698467598216
8197 579.951000 31.1736204018756133394 -0.072677106007755939987 13.962526075286998406
8198 579.959000 31.1738370714377275306 -0.0726858643696787071198 13.9624959858130903712
8199 579.966000 31.1740264318705051494 -0.0726908544632375308581 13.9624645323429916743
8200 579.973000 31.1742167232148048583 -0.072693468588610227199 13.9624291480854143543
8201 579.981000 31.1744354047854805856 -0.0726936432034031299043 13.962385754203189947
8202 579.989000 31.174655435810599613 -0.0726909682147324903712 13.9623407055263015764
8203 579.996000 31.1748480957494322752 -0.072686363413873120165 13.9623016270697259955
8204 580.004000 31.1750704478235149963 -0.0726795088097475922018 13.9622581844270019502
8205 580.011000 31.175265317742017146 -0.0726721740074609268145 13.962222626001942416
8206 580.018000 31.1754616138731961428 -0.0726643242974417680191 13.9621896597012646879
8207 580.025000 31.1756595941680778594 -0.0726565691496897370083 13.9621600209669178838
8208 580.033000 31.1758869901767567967 -0.0726480145959298440062 13.9621300294712966661
8209 580.040000 31.1760865001332554414 -0.0726411310079438377052 13.9621078062468022551
8210 580.048000 31.1763175307918913859 -0.0726346680149822371275 13.9620863380980022583
8211 580.055000 31.1765205928664599355 -0.0726301871338765892006 13.9620709530499915729
8212 580.063000 31.1767529003221817163 -0.0726267878037999137231 13.9620565783311842978
8213 580.071000 31.1769881674585889186 -0.0726252429472735855365 13.9620448588521899325
8214 580.078000 31.1771938495042348904 -0.072625131776048137966 13.9620364068083180342
8215 580.086000 31.177431487040820457 -0.0726264713900577618677 13.9620279607607837846
8216 580.093000 31.1776393809747247587 -0.0726285855182909612093 13.9620208030881691741
8217 580.101000 31.177878001724216972 -0.0726320106187483410798 13.9620125180533385389
8218 580.109000 31.1781184605214498617 -0.0726358809423082313339 13.9620036814644272738
8219 580.116000 31.1783285629922239934 -0.0726393629095566373266 13.9619947314879766509
8220 580.123000 31.178539983560572324 -0.0726429716392622132348 13.9619844948618450076
8221 580.131000 31.178781799210625536 -0.0726465551789746977196 13.9619712901148069761
8222 580.138000 31.1789939156126933995 -0.0726491289986282429147 13.9619581402660770664
8223 580.145000 31.1792058906215459047 -0.0726510501970606958899 13.9619435836761294212
8224 580.151000 31.1793881018651930503 -0.0726522906364900078469 13.9619298246118450635
8225 580.157000 31.1795705228832140676 -0.0726529964469667111082 13.9619150043887199075
8226 580.162000 31.1797230338782433989 -0.0726532024297638773236 13.9619020344781663567
8227 580.167000 31.1798762491113876649 -0.0726531602962181277672 13.9618886678743798768
8228 580.173000 31.1800602168256659752 -0.0726525968270134159255 13.9618716228659778267
8229 580.180000 31.1802743850710371021 -0.0726513216910402992443 13.9618513549760709935
8230 580.187000 31.180489350583759034 -0.0726496657352962843524 13.9618303786392381483
8231 580.193000 31.18067455787749509 -0.0726482711260866692582 13.9618120280985316128
8232 580.198000 31.1808288894312362061 -0.0726467944043696217671 13.9617967678739098858
8233 580.203000 31.1809831005209865395 -0.0726451052045520712097 13.9617816654372699503
8234 580.208000 31.1811387270090172308 -0.0726436309179694650329 13.9617663729057461808
8235 580.212000 31.1812620239298823321 -0.0726422953860109410495 13.9617543255119738177
8236 580.219000 31.1814805842622391197 -0.072640386348950924944 13.9617334487305715385
8237 580.226000 31.1816993947730125569 -0.0726384225120533105757 13.961713131639164942
8238 580.233000 31.1819182358317625869 -0.072636664950105886418 13.9616934432318711146
8239 580.239000 31.1821065555563130545 -0.0726355141568748169378 13.9616769287292026291
8240 580.245000 31.1822963911211701316 -0.0726348361989989088627 13.9616609199643431083
8241 580.252000 31.1825164892318227317 -0.0726338590356574581586 13.9616427326029874934
8242 580.259000 31.1827386061801163919 -0.0726332779703520309278 13.9616253127168032933
8243 580.265000 31.1829301593757897137 -0.0726333380587141919094 13.9616107863652256782
8244 580.271000 31.1831206688437454488 -0.072633240921164660131 13.9615966870007230938
8245 580.275000 31.1832485788665110249 -0.0726331969123638621078 13.9615874368906460745
8246 580.280000 31.1834085101756635083 -0.0726334536158482063639 13.9615758239503655602
8247 580.285000 31.1835691541010646688 -0.0726337882495886877354 13.9615647621202114692
8248 580.289000 31.1836971188358340612 -0.0726338929255617021807 13.9615557176222537805
8249 580.294000 31.1838578070104865958 -0.0726341964027920755642 13.9615447184968655137
8250 580.299000 31.1840183238607764338 -0.072634361137001016151 13.9615339490089453989
8251 580.304000 31.1841801816044146278 -0.0726347527783420543468 13.9615229600956283207
8252 580.308000 31.1843083926895303648 -0.0726348798763604558415 13.9615142728885661683
8253 580.313000 31.1844700204807452337 -0.072635127070037192043 13.9615033822300649291
8254 580.318000 31.1846323409528558557 -0.0726354134356798214478 13.961492613593923906
8255 580.323000 31.1847941623145139545 -0.0726353800024523432732 13.9614815265948468692
8256 580.328000 31.1849560628051136746 -0.0726355301315033119458 13.9614703749902044905
8257 580.334000 31.1851516624463194205 -0.072635675549618458624 13.9614568739099205175
8258 580.341000 31.1853791487662164172 -0.0726354753207754805233 13.9614411979669554853
8259 580.347000 31.1855740996294770184 -0.0726352393798503220834 13.9614272524049187751
8260 580.353000 31.1857698250320467537 -0.0726348258787350847809 13.9614132043027119323
8261 580.359000 31.1859659897816356988 -0.0726344260257107410261 13.9613990818806641414
8262 580.364000 31.1861300991816108308 -0.0726341237982602444534 13.96138698837200387
8263 580.370000 31.1863265682156303171 -0.0726338040700238996017 13.9613725127861538766
8264 580.376000 31.1865225863227202296 -0.0726329344073951277405 13.961357838727073144
8265 580.381000 31.1866866448125463762 -0.0726325588655638842983 13.9613455022948720341
8266 580.388000 31.1869160969240333259 -0.072631776560711541757 13.9613278762249795051
8267 580.394000 31.1871141527137822891 -0.0726313495690064508947 13.9613127181265941346
8268 580.401000 31.1873445171776566553 -0.0726306399660872487045 13.9612952291055361087
8269 580.407000 31.1875419621721583496 -0.0726301116441999961015 13.96127987671851578
8270 580.414000 31.1877739608958144402 -0.0726296159111920192064 13.9612619807892972545
8271 580.420000 31.1879724749748419299 -0.0726291988477028582771 13.9612467292626032389
8272 580.427000 31.1882037927172106606 -0.0726286806772301479773 13.961229031114422483
8273 580.434000 31.1884369058312529432 -0.0726283658711693314025 13.9612112057246129382
8274 580.441000 31.1886694737743539463 -0.0726279871007443206254 13.961193761904070243
8275 580.446000 31.1888359483942245731 -0.072627873160858738566 13.9611812348940507178
8276 580.453000 31.1890689973159176418 -0.0726274527947833731245 13.9611635494873222996
8277 580.461000 31.1893367340265896814 -0.0726273064740522583671 13.9611438249567640923
8278 580.468000 31.1895705283774304917 -0.0726270172285064102846 13.9611263977912312129
8279 580.474000 31.1897723148664738346 -0.0726270079798096296342 13.9611116038627951497
8280 580.481000 31.1900070201215093846 -0.0726267516480176289484 13.9610947267656975157
8281 580.486000 31.1901749863711970079 -0.0726266841238748517284 13.961082605781726329
8282 580.492000 31.1903764001281338381 -0.072626400744696728573 13.9610679114712166182
8283 580.499000 31.1906124031286573484 -0.0726260563320482721572 13.9610510914346921396
8284 580.504000 31.19078164057664182 -0.0726259410310379632802 13.9610389583104677058
8285 580.511000 31.191017414203297875 -0.0726257190309674144357 13.9610223313125469957
8286 580.517000 31.1912204899544605041 -0.0726253802489694039179 13.9610077530021072789
8287 580.524000 31.1914573597150130979 -0.0726249450875134372474 13.9609910232408171993
8288 580.531000 31.191693872384416153 -0.0726246303345806087925 13.9609744516515199564
8289 580.538000 31.1919311837955213207 -0.0726240962794000438629 13.9609576976529812242
8290 580.545000 31.1921692307626727825 -0.0726238223099311269726 13.9609408718666241356
8291 580.552000 31.1924058179277388092 -0.0726231863081005790672 13.9609240023158385213
8292 580.559000 31.1926439607030161483 -0.0726226348293325801864 13.9609072544649794878
8293 580.565000 31.1928488890109960607 -0.0726224990326752306569 13.9608928228609592281
8294 580.572000 31.1930860864944285993 -0.072621870489779749569 13.9608758584973777772
8295 580.578000 31.1932910074181748428 -0.072621489062853691876 13.9608614966799127188
8296 580.586000 31.1935637142922921328 -0.0726210926541410728419 13.9608421381425493735
8297 580.593000 31.1938022227816382781 -0.0726205116827765145837 13.9608249561096453562
8298 580.600000 31.1940419991818558287 -0.072620296439476331174 13.9608078678518072735
8299 580.604000 31.194178993764847263 -0.0726200183012416650152 13.9607981625397261638
8300 580.610000 31.194384343312254515 -0.0726199188630061026606 13.9607835996671383327
8301 580.616000 31.1945891562154073995 -0.0726193222934889415221 13.9607689846492259989
