15585 1119.848000 -0.394867605474298555279 -0.0344081457132250218001 -0.0613774726729438002693 0.0112406926725849894838 -0.00580275713542650287829 -0.999919984217671142801 3.13800273385980199592
15586 1119.854000 -0.394864426262029055703 -0.0344034902175056681028 -0.0613653344755089730223 0.01123236238645273187 -0.00580493382784624638304 -0.999920065194450313761 3.13801641472217696105
15587 1119.863000 -0.39486150297466515724 -0.0343930624525042444306 -0.061343289995191903341 0.0112021579675187343134 -0.00579823142777707595946 -0.999920442919925878122 3.13804382670263448674
15588 1119.871000 -0.394860744111930617173 -0.0343775239403763047119 -0.0613199657065997688621 0.0111518163441467234309 -0.00577510745514693557556 -0.999921139453560980925 3.13808098895861897759
15589 1119.878000 -0.394863070822813799765 -0.0343604561538105729435 -0.0612958740317615241588 0.0110903868359141372091 -0.00574294095727620555053 -0.999922007933114254108 3.13812226922069825719
15590 1119.884000 -0.394866467555783140497 -0.0343481366108822974703 -0.0612762336505543458998 0.0110421455829797857118 -0.00571867504577304366226 -0.999922680899200888582 3.13815392711783758273
15591 1119.893000 -0.394873083792969870043 -0.0343265685158657962717 -0.0612471393306290509684 0.0109648347907925127614 -0.00567424508102598243453 -0.999923784766004630775 3.13821325839678655356
15592 1119.902000 -0.394881647770546906351 -0.0343002615129327434462 -0.0612180382449724613814 0.0108823440264506510894 -0.00561972062103960768448 -0.999924993851354471097 3.13828986140300303376
15593 1119.910000 -0.39489075168063753063 -0.0342727278214142311308 -0.0611921600609632299062 0.0108080682972996732633 -0.00556473846075684983742 -0.999926106942680137379 3.13837148425711420785
15594 1119.919000 -0.394899743383599122204 -0.0342443841329044332267 -0.0611695275870725446721 0.0107447714654986155314 -0.00551222158088230784062 -0.999927079991034917228 3.13845295391487111303
15595 1119.928000 -0.394907822875841862942 -0.0342165887906937665752 -0.0611514778578092499384 0.0106954201636507324757 -0.00546458583324607814063 -0.999927870543267816039 3.13852784864994083236
15596 1119.936000 -0.394913906827043803549 -0.0341930801924435964767 -0.0611393211669213482162 0.0106634284015568320259 -0.00542752056100642352177 -0.999928414095371476122 3.13858558155124844902
15597 1119.943000 -0.394918263563575511199 -0.0341738561894983985945 -0.0611315066790802733032 0.0106440646534003563461 -0.00539958859048867301916 -0.999928771628613377587 3.13862784089129887022
15598 1119.951000 -0.394922109893612371945 -0.0341537504506705322238 -0.0611254487456289047342 0.010630773719998853552 -0.00537291429916426921398 -0.999929056704548346879 3.13866613230802293799
15599 1119.959000 -0.394924796787935628029 -0.0341358354058966598221 -0.0611219821846900185358 0.0106255974282985343055 -0.00535166047141499411771 -0.999929225700244450614 3.13869406688588092891
15600 1119.968000 -0.394926354381805233551 -0.034119706072737267244 -0.0611213241634218223952 0.010628012816189948142 -0.00533506734771410032897 -0.999929288699943019658 3.13871383904248890673
15601 1119.976000 -0.394927180641703734487 -0.0341051637675783905768 -0.0611207994478180222098 0.0106350153571470977532 -0.00532242037872420695882 -0.999929281644289624786 3.13872478816923949907
15602 1119.983000 -0.394927100242820294795 -0.0340952369454893683409 -0.0611218885480896007012 0.010644597619869676855 -0.00531557956291948095762 -0.999929216072528492809 3.13872933350537497432
15603 1119.992000 -0.394926419975788089989 -0.0340850847685762251005 -0.0611240901378280118705 0.0106585314166275282183 -0.00531038549710883926724 -0.999929095243214050015 3.13873240003165898671
15604 1120.000000 -0.394925121840774440152 -0.0340762989826102341562 -0.0611262289552986851082 0.0106753159914752936838 -0.00530764946443783476593 -0.999928930717401076578 3.13873187794712071863
15605 1120.008000 -0.394923585536295973508 -0.0340692390734897571081 -0.0611285553135566123162 0.0106913762449259916454 -0.00530665101870316912452 -0.999928764427224114897 3.13873285247233324569
15606 1120.017000 -0.394922037653903157395 -0.0340627195815922587108 -0.0611307309154916767024 0.0107070532330600948906 -0.00530619802089483429131 -0.999928599087768543718 3.13874288531093537102
15607 1120.025000 -0.39491989603839300349 -0.0340562758089332784373 -0.0611331427590438847286 0.0107241889453400171539 -0.00530628155669470719102 -0.999928415011547500058 3.13875583761724019638
15608 1120.034000 -0.394917894482684994628 -0.034049941852820300725 -0.0611349695854531555161 0.0107376771669599226089 -0.0053061164212736718071 -0.999928271136276025643 3.1387693350171415041
15609 1120.042000 -0.394915361538833442623 -0.0340432897489006749958 -0.0611372044224945884738 0.0107513822442252618417 -0.00530510136031757829206 -0.999928129256995701368 3.13878466963999303019
15610 1120.051000 -0.394913333874901462117 -0.0340368009852902372869 -0.0611386586042891935766 0.0107605186343468217647 -0.0053032469285135656889 -0.999928040816305485627 3.1388009293152734358
15611 1120.059000 -0.394911388604201774033 -0.0340305147153714196429 -0.0611400482612505791202 0.0107674235809817400722 -0.00530034533239561855139 -0.999927981871087112609 3.13881857232899186272
15612 1120.068000 -0.394909378880938299883 -0.0340230879819130652142 -0.06114136885103994834 0.0107723803642753475363 -0.0052957468174543078504 -0.999927952848070455971 3.13884187338081499519
15613 1120.077000 -0.394907601821834375322 -0.0340152443205747750943 -0.0611423833984909778638 0.0107744165360243449037 -0.00528994511391086847524 -0.99992796161973596103 3.13886851506725150784
15614 1120.086000 -0.394906091223498012521 -0.0340070165395541940123 -0.0611430263853210489988 0.0107736898818157969537 -0.00528319815189833962704 -0.999928005120177765264 3.13889756065918135164
15615 1120.096000 -0.394904755111522176581 -0.0339975280570565946414 -0.0611432160819296022236 0.010769954689081959881 -0.00527492001765343752201 -0.999928089061809743932 3.13893112470895063737
15616 1120.105000 -0.394903881046220650575 -0.0339888072647886105293 -0.0611428369831539322843 0.0107643282703990296467 -0.00526704693265147606829 -0.999928191148492517826 3.13896104439723577784
15617 1120.114000 -0.394903331143363067746 -0.0339800539158391715078 -0.0611418794098155110595 0.0107569744548153701375 -0.00525900654169360239759 -0.999928312605845026617 3.13898945055138334226
15618 1120.123000 -0.394903109565171384077 -0.033971398767135639607 -0.0611403162808963757113 0.0107483451367431127876 -0.00525098032086769150178 -0.999928447581371337982 3.13901541006170470283
15619 1120.132000 -0.394903209302583713125 -0.0339629549855070961284 -0.0611381583042605453171 0.0107389219656330806713 -0.00524310272201755113441 -0.999928590164748887226 3.13903831710351877149
15620 1120.138000 -0.394903468720014583226 -0.0339564019559810553739 -0.0611359191692422421216 0.0107304809736029869993 -0.00523661290076070460447 -0.999928714790910833088 3.13905417826022592465
15621 1120.143000 -0.39490378760981464934 -0.033952007976401958611 -0.0611342768295941307866 0.0107251468879109874283 -0.00523247187918614038021 -0.999928793695964324151 3.139063829014851148
15622 1120.149000 -0.394904189536698979612 -0.0339478609854301782711 -0.0611326840676920946205 0.0107206874335215220778 -0.0052289099309568197807 -0.999928860150504195126 3.13907258658091281589
15623 1120.157000 -0.39490499961566649656 -0.033940754532210778982 -0.061129376111926210513 0.0107118384224878758493 -0.00522198485885861599792 -0.999928991174745540604 3.13908543005068230158
15624 1120.163000 -0.394905729891210643956 -0.0339355618027735173037 -0.0611267246251243207 0.0107056712129141393813 -0.00521684877898308078936 -0.999929084031811910016 3.13909349377229585087
15625 1120.169000 -0.394906380079785346293 -0.03393136459466462862 -0.0611245984193160007969 0.0107014126047967114003 -0.00521300757021055972962 -0.999929149650281456907 3.13910000735132932448
15626 1120.174000 -0.394907000123731588559 -0.0339276245764264447469 -0.0611226161115468596963 0.0106977535508219045307 -0.00520941680067300589424 -0.999929207516993434623 3.13910516217299484509
15627 1120.180000 -0.394907752847449611266 -0.0339232531522938654533 -0.0611203060453553645437 0.0106939774029763349367 -0.00520521765433483787899 -0.999929269776855589313 3.13911088229088264256
15628 1120.185000 -0.394908445228001725447 -0.0339193489533255246315 -0.0611182321661837973936 0.0106910778473471475281 -0.00520131480624624626535 -0.999929321091620137985 3.1391154359633053339
15629 1120.192000 -0.394909201205366433562 -0.033914821881139985138 -0.0611161009942979699394 0.0106885979252638700643 -0.00519716050293461077209 -0.999929369204194840037 3.13912161057654692797
15630 1120.198000 -0.394909854713539343329 -0.0339107228255205311873 -0.0611142931352782747823 0.0106870283533501905793 -0.00519329626928084677612 -0.999929406057664782459 3.13912701731804677507
15631 1120.203000 -0.394910344888328046498 -0.0339073470259904641289 -0.0611129710295064895731 0.0106862826995772122046 -0.00519015859532317470892 -0.999929430317870071576 3.13913171845789928938
15632 1120.208000 -0.394910817302815964069 -0.0339036783346833500707 -0.0611116693169724556345 0.0106861067963496259026 -0.00518669283405217684119 -0.999929450180852663621 3.13913688829733050767
15633 1120.214000 -0.394911203845036584692 -0.0338999931176189248094 -0.0611107214925491332158 0.0106863325070266981798 -0.00518352235325266526983 -0.999929464209132423669 3.13914311721941663436
15634 1120.223000 -0.394911635895780932515 -0.033894314836185573947 -0.0611096984036701151854 0.0106876594060070564951 -0.00517872729488983579715 -0.999929474873116452827 3.13915344923612860129
15635 1120.231000 -0.394911820604858132544 -0.0338886356496583066034 -0.0611091156238344757057 0.0106902007283098052226 -0.00517401300427595186443 -0.99992947211181848477 3.13916476854846537847
15636 1120.240000 -0.394911813026127656023 -0.0338828862084849247172 -0.0611091626316826591614 0.010693197873907269238 -0.00516966151392263088826 -0.999929462571765959034 3.13917772357119373439
15637 1120.249000 -0.394911552597797477215 -0.033876730826762770088 -0.0611096168534672745665 0.0106969570608623169156 -0.00516524407696266132928 -0.999929445192641375151 3.13919283339948540501
15638 1120.257000 -0.394911145459110879408 -0.0338711864257546860224 -0.0611103237296448734139 0.010700400236059288972 -0.00516152689520755613567 -0.999929427547213589555 3.13920742200056546167
15639 1120.265000 -0.394910605917507484541 -0.0338655749380594034426 -0.0611112101561465670407 0.0107036884490188770325 -0.00515798652879375166269 -0.999929410622847458789 3.1392229050967848103
15640 1120.274000 -0.394909887798034764383 -0.0338591913051639464838 -0.0611122895880246291833 0.0107069363547180312207 -0.00515417895489884373555 -0.999929395484099647895 3.1392411039244976223
15641 1120.283000 -0.394909108348139137323 -0.033852749399460514701 -0.0611133148346291593667 0.0107094670186095378139 -0.00515050582102618507291 -0.999929387309906325676 3.13925977889659968412
15642 1120.291000 -0.394908304218835382038 -0.0338466149764405851985 -0.0611141035414013086835 0.0107110517101155679892 -0.00514704765809453641118 -0.999929388142817066054 3.13927771642623332227
15643 1120.299000 -0.394907647486176127671 -0.0338408445226416956797 -0.061114631708994282544 0.0107117002626260747478 -0.00514384515750965741476 -0.999929397674895414916 3.13929422239812838669
15644 1120.308000 -0.39490709423742548223 -0.0338347326433734232887 -0.0611148826815893914111 0.0107115412098400045182 -0.00514047048862828134808 -0.99992941673303392669 3.13931119453197116087
15645 1120.316000 -0.394906530030282088006 -0.0338286159329660995887 -0.0611147784026257606671 0.0107104623540717307228 -0.00513684691746577482691 -0.999929446911085095806 3.1393277995624937482
15646 1120.324000 -0.394906182151427975757 -0.0338229050536770631252 -0.0611143452043048929223 0.0107087657499628004926 -0.00513337623554800410314 -0.999929482905938082915 3.13934260194861058935
15647 1120.332000 -0.394905963626261402588 -0.0338172353627454527758 -0.0611136012591493027468 0.0107064969891666316587 -0.00512975010375170577259 -0.999929525809741259756 3.13935666706033345008
15648 1120.341000 -0.394905916525339351075 -0.0338112642502465671202 -0.061112505706958426821 0.0107036859788000992405 -0.00512581620357032644725 -0.99992957607759269667 3.13937084807946353848
15649 1120.350000 -0.394905963390591030482 -0.0338049971686323127984 -0.0611110729498993698883 0.0107002985079170890442 -0.00512132067017923887919 -0.999929635367626579168 3.13938499823614458606
15650 1120.359000 -0.394906143122733699347 -0.0337987910414255313118 -0.0611094365219492299812 0.0106967769352931223181 -0.00511660586861874266962 -0.999929697182547871925 3.1393983811451979804
15651 1120.368000 -0.394906427051071817758 -0.0337926402168674533399 -0.0611076868336093981249 0.0106933280070903840436 -0.00511169840051597500902 -0.999929759170910315014 3.13941116578229983958
15652 1120.377000 -0.394906781519917648993 -0.0337865356351260345824 -0.0611059138942059085209 0.0106901313104113097896 -0.00510663908300994662942 -0.999929819202248881815 3.13942355145265672434
15653 1120.386000 -0.394907171023303416035 -0.0337804658981599933987 -0.0611042000119915162948 0.0106873280691748614307 -0.00510147884656146285987 -0.999929875507437726512 3.13943574870333508287
15654 1120.396000 -0.394907597688956391035 -0.0337740716581405239771 -0.0611025715476894368261 0.0106849422558355968554 -0.00509608702901916902489 -0.999929928497983566693 3.13944879297721346489
15655 1120.405000 -0.394907958306701056816 -0.0337677096607259252803 -0.0611010628768312719084 0.0106830736254899284765 -0.00509050689708468850209 -0.999929976887103388883 3.13946176714927283058
15656 1120.414000 -0.394908256061804130432 -0.0337616686194299187029 -0.0610998900058025151694 0.0106818934931279183043 -0.00508538770289321609419 -0.99993001554274441034 3.1394745622499899973
15657 1120.423000 -0.394908479357719000014 -0.0337556143764606852997 -0.0610989382395647692703 0.0106812052064746473151 -0.00508038017910736067889 -0.999930048349669919894 3.13948780916865155532
15658 1120.432000 -0.394908618798289756668 -0.0337495395714683676935 -0.0610981980028257876114 0.0106809320480633802852 -0.00507551502212497205463 -0.999930075974237775327 3.1395015567498383291
15659 1120.441000 -0.394908672552145123547 -0.0337434396089877700065 -0.0610976442099139052666 0.0106809745874567266904 -0.00507080956697429034025 -0.999930099393051219359 3.13951580677705033295
15660 1120.450000 -0.394908645628767429603 -0.0337373127561043581468 -0.0610972401405106835259 0.010681221204263673108 -0.00506626745849628971202 -0.999930119782189819055 3.13953051855717779617
15661 1120.459000 -0.394908548689697269651 -0.0337311600090891006154 -0.0610969418093333105357 0.0106815583632707822304 -0.00506187952913037583075 -0.999930138402960855259 3.13954561656528063907
15662 1120.468000 -0.394908396545938733535 -0.0337249847603657906814 -0.0610967024017103552125 0.0106818798189948754168 -0.00505762569569176596851 -0.999930156493869737311 3.13956100021694872737
15663 1120.477000 -0.394908256706031135508 -0.033719131714683443779 -0.0610965181975951787674 0.0106820820232881915496 -0.00505377108573860575613 -0.999930173822882850665 3.13957567159668560208
15664 1120.485000 -0.394908020427021111409 -0.0337132787904646860633 -0.061096253663214583618 0.0106821364967858069978 -0.00504985215374782834413 -0.9999301930400388283 3.13959042896505335918
15665 1120.494000 -0.394907861029988760393 -0.0337074122840389164835 -0.0610959880004920616314 0.0106819904697892306689 -0.00504610424315398136547 -0.999930213520708988106 3.13960512095919508369
15666 1120.502000 -0.394907628012167832843 -0.0337015581065614674983 -0.0610956072442580197523 0.0106816182719711924576 -0.00504222443607153618383 -0.99993023706848072063 3.13961970323042338649
15667 1120.511000 -0.394907448169267372151 -0.033695363472082871803 -0.061095132372989524594 0.0106809804153121801207 -0.00503816824499316289615 -0.99993026432751941357 3.13963492699744683989
15668 1120.520000 -0.394907301382931674727 -0.0336891839913158949726 -0.0610945543289441797552 0.0106801038652232383602 -0.00503406413634634695986 -0.999930294360411586752 3.13964988376549225535
15669 1120.529000 -0.394907193714112314531 -0.0336830241657231840846 -0.0610938756300731869442 0.0106790199035548365181 -0.00502989296194638214194 -0.999930326928177071188 3.13966454682746620719
15670 1120.538000 -0.394907127465613572159 -0.0336768868333174944962 -0.0610931064527038131251 0.0106777717675042276707 -0.00502564334377220058719 -0.999930361624779440177 3.13967891609445581835
15671 1120.547000 -0.394907101488541134593 -0.0336707730533963786601 -0.061092262780919642795 0.0106764095675751131964 -0.00502131172468461145497 -0.999930397931430570146 3.13969301542541234795
15672 1120.556000 -0.394907111721108705638 -0.0336646821431515752554 -0.061091364333876539694 0.0106749853453817766802 -0.00501690176142187936603 -0.999930435272670337099 3.13970688822444987665
15673 1120.565000 -0.394907151885973639605 -0.0336586118530070033117 -0.0610904324724217615006 0.0106735486583122395066 -0.0050124231811878505391 -0.999930473069448710888 3.1397205918445649786
15674 1120.575000 -0.394907248535426247393 -0.0336522109564317134511 -0.0610894608884832920892 0.0106720916678323604621 -0.00500772179318954412802 -0.999930512176658847778 3.13973503417127863813
15675 1120.583000 -0.394907290508682673469 -0.0336465181291527651308 -0.0610885508191645054676 0.0106708031238342618274 -0.00500332011310682892719 -0.999930547962476268253 3.13974775344887335748
15676 1120.593000 -0.394907405546225831472 -0.0336401378151087587787 -0.0610876151300953698642 0.0106695101171238385107 -0.00499855757742397911747 -0.999930585578821862214 3.1397621807116116166
15677 1120.602000 -0.394907460611449601107 -0.0336337853817372453569 -0.0610866606138881218513 0.0106682880565786043781 -0.00499363082157032196068 -0.99993062323401193936 3.13977653075361873292
15678 1120.609000 -0.394907491429257184734 -0.0336287714079818791935 -0.0610859321821336509473 0.0106674069470114648434 -0.00498973904166263339255 -0.999930652062093194843 3.13978794985311582266
15679 1120.617000 -0.39490754440022152183 -0.0336234053927776388448 -0.0610852224650210440249 0.0106665683356018080319 -0.00498569335514532398224 -0.999930681188306413887 3.13980032324377056341
15680 1120.625000 -0.394907611791066148754 -0.0336183567401703228827 -0.061084621197871807885 0.0106658656369659175789 -0.00498200104614067787456 -0.999930707087141268374 3.13981209166505292885
15681 1120.634000 -0.394907641904604644889 -0.0336123040432884517825 -0.0610839000517943847557 0.0106650722349745080003 -0.00497751466284196333184 -0.999930737892382071053 3.13982627864484875602
15682 1120.642000 -0.394907653634669231213 -0.0336069148002222234384 -0.0610832893776944857445 0.0106644172270918529549 -0.00497356238431823950707 -0.999930764544433747787 3.13983900849837294089
15683 1120.651000 -0.394907650805468968258 -0.0336008418673841499635 -0.0610826293893242527888 0.0106637174127728086293 -0.0049691554052325916796 -0.99993079391800865352 3.13985344210035144386
15684 1120.661000 -0.394907664084989062925 -0.0335944105009109705851 -0.0610819834265306227383 0.0106630122281290845576 -0.00496461799699977283234 -0.999930823976522220597 3.1398688108297290178
15685 1120.670000 -0.394907634476048874372 -0.0335883207579065271031 -0.0610813538663114372063 0.0106623303322744954896 -0.00496028272685951690524 -0.999930852762907496079 3.13988338634134356298
15686 1120.678000 -0.394907529127322798335 -0.0335822477974608499252 -0.0610806723387675512549 0.0106616050360267451691 -0.00495582438429654006939 -0.999930882602756532229 3.13989789971505173227
15687 1120.686000 -0.394907526876246972591 -0.0335771578196985692744 -0.061080173619922621675 0.0106610140297343711224 -0.00495231770277684748421 -0.999930906277643027913 3.13991007919133124915
15688 1120.694000 -0.39490745065639831779 -0.0335714134595338983824 -0.0610795435350206181169 0.0106602850371611181796 -0.0049481927840576891281 -0.999930934470525500934 3.13992375356015651633
15689 1120.703000 -0.394907443925609225044 -0.033565652048077904146 -0.0610789519210752432365 0.0106595480611707486146 -0.00494421884818841469306 -0.999930961984432653544 3.1399374510319719711
15690 1120.713000 -0.394907436466415795451 -0.0335592216696737888348 -0.0610782691137343042298 0.0106586809587797884391 -0.00493976529887338311475 -0.999930993238539067569 3.13995266969798958456
15691 1120.722000 -0.394907367272518294854 -0.0335528247424533784815 -0.0610775180282199098292 0.0106577429857800561053 -0.00493515039320998379763 -0.999931026023818003701 3.13996767408505084163
15692 1120.732000 -0.394907373889777257858 -0.0335464175444720458241 -0.0610767973827152227395 0.0106567998462644437235 -0.00493067395688241878748 -0.999931058159195029766 3.13998268514760381365
15693 1120.742000 -0.394907354396908050198 -0.0335397000914592000043 -0.0610759964490501378043 0.0106557622715112206707 -0.00492586542741948411189 -0.999931092916008901206 3.13999831824013631021
15694 1120.751000 -0.394907311705296693027 -0.0335333452935537013051 -0.0610751985195168781151 0.0106547425917236354004 -0.00492120582011960037983 -0.999931126725025931634 3.14001301667016896602
15695 1120.761000 -0.394907341991032723172 -0.0335269771716863243527 -0.0610744421791039188152 0.0106537475599703789636 -0.00491668659743659062361 -0.999931159558412385735 3.14002779379782381852
15696 1120.771000 -0.394907345951976129772 -0.0335202989688604055529 -0.0610736159613401302648 0.0106526836222128953868 -0.00491183899986400145793 -0.999931194717558757823 3.14004323907007387717
15697 1120.780000 -0.394907322494837342841 -0.0335139770932562156003 -0.0610728051994337689523 0.0106516638256770827115 -0.00490715267134956417694 -0.999931228590448917259 3.14005783233928870146
15698 1120.790000 -0.394907365027104328981 -0.0335076333495857650591 -0.0610720495470261637294 0.0106506896151777330495 -0.00490261605462976712139 -0.999931261220761147257 3.14007257844045639672
15699 1120.800000 -0.394907377323038044636 -0.0335009738710735152645 -0.0610712328369980433918 0.0106496630491405858826 -0.00489776366933796381692 -0.99993129593386520515 3.14008805969928239676
15700 1120.809000 -0.39490735691029438259 -0.0334946625147200804928 -0.0610704374061188312584 0.01064868805780392301 -0.00489308526821768084714 -0.999931329221764975124 3.14010274656742671695
15701 1120.819000 -0.394907366335744802743 -0.0334880033076167746287 -0.0610696363085884222355 0.0106476959171761965256 -0.00488824769918088340714 -0.999931363447555288104 3.14011832785989675187
15702 1120.828000 -0.394907372165827053045 -0.0334820081579226339064 -0.0610689223364730832122 0.0106468159162495801251 -0.0048839026599816325741 -0.999931394049438537763 3.14013239572220159701
15703 1120.838000 -0.394907375233197632802 -0.0334753442518722563181 -0.0610681359465053558155 0.010645849596259684619 -0.00487908521580717683547 -0.999931427855845766928 3.14014806992115547146
15704 1120.847000 -0.394907374851201919963 -0.033469344468301027995 -0.061067433273375618108 0.0106449873308678329836 -0.00487475871557345799556 -0.999931458137101825123 3.14016220625126063482
15705 1120.856000 -0.394907371685443875364 -0.0334633431137771747421 -0.0610667341432159227477 0.0106441293314958069366 -0.0048704402902731381772 -0.999931488314151240004 3.14017635938201866708
15706 1120.866000 -0.394907397853363650864 -0.0334569941397831402408 -0.0610660248557174378803 0.0106432410352003906789 -0.00486596286202587921532 -0.999931519568061255576 3.14019135962550954844
15707 1120.875000 -0.394907357766706934576 -0.0334506729794387600019 -0.0610652642821144231444 0.0106423214442177525851 -0.00486134556578752229095 -0.999931551814206787121 3.14020624021693040007
15708 1120.884000 -0.394907348943003944086 -0.0334446737753831963014 -0.0610645686100401152707 0.0106414628597122709608 -0.00485704542151100485819 -0.99993158184846775427 3.14022037150683086537
15709 1120.893000 -0.39490733951795597978 -0.03343867800145809005 -0.0610638721899963848871 0.0106406012661914486234 -0.00485274877059547332658 -0.999931611878564052809 3.14023447567652747026
15710 1120.902000 -0.394907297251105626756 -0.0334323680409657070234 -0.061063110109338250564 0.0106396727898020408004 -0.00484814288089715789837 -0.999931644100501615391 3.14024926666768289252
15711 1120.911000 -0.394907288339106599118 -0.0334263832117037210101 -0.0610624109307612156217 0.0106388039332637029249 -0.00484385063718773076907 -0.999931674146725901764 3.14026329729419595438
15712 1120.921000 -0.394907312111635711016 -0.03342005894097665325 -0.0610616966975513764115 0.0106378984949762629003 -0.00483939455313587684609 -0.999931705355905586785 3.14027813086441032198
15713 1120.930000 -0.394907305249988738183 -0.033414088024766058771 -0.0610609944678409469199 0.0106370236111639846627 -0.00483510467165651752069 -0.999931735415728106808 3.140292088579910601
15714 1120.939000 -0.394907299676610756833 -0.0334081243433834024215 -0.0610602911677233586851 0.0106361468386737302583 -0.00483081583596949460518 -0.999931765471417266511 3.14030601518550112061
15715 1120.949000 -0.394907295016570014656 -0.0334015063210834559082 -0.0610595089073103086674 0.0106351713772663593327 -0.00482605192724456111969 -0.999931798850587361116 3.14032145947521224016
15716 1120.959000 -0.394907323811042376693 -0.0333952119376815306784 -0.0610587909393540267944 0.0106342596488223795764 -0.00482160083001924050922 -0.999931830020005629756 3.1403361773188378514
15717 1120.968000 -0.394907290105069641584 -0.0333889538451733192126 -0.0610580220442338700293 0.0106333177205387447578 -0.00481700642288851801909 -0.999931862180306829657 3.14035074832296690062
15718 1120.978000 -0.394907289096875724344 -0.0333823569508091139157 -0.0610572400324672706629 0.0106323434028284761338 -0.0048122498314286240792 -0.999931895443546880919 3.14036615076486036457
15719 1120.988000 -0.394907320375927017864 -0.0333760796539509449476 -0.0610565234410397478237 0.0106314345462335604897 -0.0048078067195710975576 -0.999931926480016053382 3.14038084969085629083
15720 1120.997000 -0.394907288720618254718 -0.0333698365336940402925 -0.061055756567620550479 0.0106304965701909358289 -0.0048032226619945479415 -0.999931958482541016764 3.1403954213775953086
15721 1121.007000 -0.394907288725035499066 -0.033363252241016182198 -0.0610549772788878397645 0.010629527078980252619 -0.00479847771342449633952 -0.999931991570282230342 3.14041083751073113461
15722 1121.016000 -0.394907288557760360881 -0.033357328785714929209 -0.0610542767987015677633 0.0106286559376860614834 -0.00479421116097891470559 -0.99993202129559910496 3.14042471951963841903
15723 1121.025000 -0.394907288084209773249 -0.0333514073032559824061 -0.061053577090566642227 0.010627785965685672756 -0.00478994835470171898689 -0.999932050971578223475 3.14043860758516579779
15724 1121.035000 -0.394907287093668624145 -0.033344830071180969755 -0.0610528004378090710658 0.0106268204780130236242 -0.00478521625397775041133 -0.999932083889666367682 3.1404540431648544363
15725 1121.045000 -0.39490731725086358761 -0.0333385687440350755861 -0.0610520886723196209989 0.0106259192553801694314 -0.00478079644859720834238 -0.999932114608434341463 3.14046877034375881976
15726 1121.054000 -0.39490728375096362246 -0.0333323403011116375927 -0.0610513266798175802119 0.0106249885226576898378 -0.0047762373507741684095 -0.999932146285767875504 3.14048336805098138313
15727 1121.064000 -0.394907281302236290443 -0.0333257712196393662829 -0.0610505518118600112865 0.0106240252696589328185 -0.00477151757983871552954 -0.999932179053687142378 3.14049879127346764918
15728 1121.074000 -0.39490731025911868235 -0.0333195189209524594842 -0.0610498413560755584517 0.0106231255931954968186 -0.00476710868597380373751 -0.999932209640937430528 3.14051349396031165284
15729 1121.083000 -0.394907275798006274226 -0.0333133011872171133638 -0.0610490808296010323275 0.0106221964082528555484 -0.00476256040611392362366 -0.999932241185292891572 3.14052805390438027899
15730 1121.093000 -0.394907272703243938938 -0.0333067451541862458164 -0.0610483072909385332538 0.0106212345200896191716 -0.00475785125619784549783 -0.999932273820928863017 3.14054342684705334321
15731 1121.103000 -0.394907269642212011007 -0.0333001948007281625697 -0.0610475342497798223462 0.0106202731522077025578 -0.00475314552965363634057 -0.999932306411662308321 3.14055877751450518431
15732 1121.112000 -0.394907267008014595255 -0.033294304699037442774 -0.0610468389777862399659 0.0106194084290982815322 -0.00474891328101675110757 -0.9999323357044042071 3.14057257364810826772
15733 1121.122000 -0.394907264293541060418 -0.0332877661983982248151 -0.061046067013684521263 0.0106184482644241899585 -0.00474421404051945938551 -0.999932368207767097168 3.14058788164985758229
15734 1121.131000 -0.394907262086248211919 -0.0332818871000294599916 -0.0610453727798198064747 0.0106175847480492833302 -0.0047399877196194423537 -0.999932397420213670003 3.14060164118591389482
15735 1121.140000 -0.394907260122245362677 -0.0332760132462857211033 -0.0610446790666831218264 0.0106167218691674801467 -0.00473576432312903302518 -0.999932426593431622486 3.14061538569345666261
15736 1121.149000 -0.394907258400636063111 -0.0332701445285337252256 -0.0610439858735614682139 0.0106158596470173095805 -0.00473154394981203235693 -0.999932455726788460559 3.14062911710960479539
15737 1121.158000 -0.394907256903651471269 -0.0332642807663649509031 -0.0610432931846825732602 0.0106149980813284357944 -0.00472732670315049313681 -0.999932484819837763546 3.14064283745746619658
15738 1121.166000 -0.394907224383821864322 -0.0332587630419828583772 -0.0610426143766218398667 0.0106141701202063509779 -0.0047232762195172205838 -0.99993251274994210398 3.14065572033622597559
15739 1121.175000 -0.394907254572247456981 -0.0332532174630588706066 -0.0610419860375714662393 0.0106133723931966083426 -0.00471936966904602014233 -0.999932539662736652453 3.14066873010415870127
15740 1121.184000 -0.394907253522001622237 -0.0332473666661487615714 -0.0610412946109158971453 0.0106125125706569237855 -0.00471516197088834611295 -0.99993256863876878171 3.14068242835168298654
15741 1121.193000 -0.394907252540961040133 -0.033241519885247670929 -0.0610406035365265720039 0.0106116532654698999399 -0.00471095770240359534853 -0.999932597574706316657 3.14069612127210762154
15742 1121.202000 -0.394907251586918972563 -0.033235676925525758918 -0.0610399127735332808209 0.0106107944287021707663 -0.00470675688945392054624 -0.999932626470991681167 3.14070980933468923979
15743 1121.211000 -0.394907250623517225296 -0.03322983764358522496 -0.061039222289248407094 0.0106099360157341712774 -0.00470255953473841005474 -0.999932655328129582628 3.14072349255112159838
15744 1121.219000 -0.394907218513830149398 -0.0332243421548522599451 -0.0610385455769957632755 0.0106091110198825860911 -0.00469852856259441245546 -0.999932683030569813276 3.14073634485868957711
15745 1121.227000 -0.394907217591172809978 -0.0332191577089837181136 -0.0610379322753182157468 0.0106083486546182399063 -0.00469480339730136628229 -0.99993270861587624232 3.140748498445873782
15746 1121.236000 -0.394907247695489849182 -0.0332136362308532717691 -0.0610373056105002545491 0.0106075534988039777567 -0.00469091812078479067361 -0.999932735285706142392 3.14076147150475382119
15747 1121.245000 -0.394907246518094501297 -0.03320781057271653125 -0.0610366160970150645193 0.0106066964581292364628 -0.00468673350155280731694 -0.999932763999325402438 3.14077513032394861625
15748 1121.253000 -0.394907214236497938753 -0.0332023281810456469265 -0.0610359404758498286236 0.0106058728637433378333 -0.0046827146672060344923 -0.99993279156358483295 3.14078795619281248008
15749 1121.262000 -0.394907244133638646311 -0.0331968169739824334186 -0.0610353145103799676896 0.0106050785982691811449 -0.00467883797142696223476 -0.999932818134879330962 3.14080090487498209129
15750 1121.271000 -0.394907242812889081041 -0.0331910026293910712103 -0.0610346259402473889644 0.0106042226545700786489 -0.00467466249782792862139 -0.999932846741431791138 3.14081453477523719897
15751 1121.279000 -0.394907241624509575129 -0.0331858378579690665999 -0.0610340142121799933417 0.0106034621801302710725 -0.00467095353211021638989 -0.999932872138372896842 3.1408266403490756602
15752 1121.289000 -0.39490724014219574789 -0.0331793867363193509257 -0.0610332500344667946979 0.0106025121074222634932 -0.00466632067948932489215 -0.999932903843216980277 3.14084175856786407266
15753 1121.298000 -0.394907238831126938816 -0.0331735854616471634304 -0.0610325627645282031697 0.0106016575727627231085 -0.00466215427674750680642 -0.999932932338069235811 3.14085535155057460344
15754 1121.306000 -0.394907237697875668214 -0.0331684326227798392805 -0.0610319522661472574354 0.0106008984348772740403 -0.00465845332059558036447 -0.999932957635177310785 3.14086742345954483824
15755 1121.315000 -0.394907236470767197822 -0.0331626400715619093496 -0.0610312659259549528112 0.0106000449328323941012 -0.00465429258319020877632 -0.999932986058551964703 3.14088099240379436949
15756 1121.324000 -0.394907235302439429958 -0.033156852204684866825 -0.0610305800862312244903 0.0105991920102821938349 -0.00465013487764224728305 -0.99993301444364213193 3.14089454901332842951
15757 1121.333000 -0.394907234196787193525 -0.0331510690253371681502 -0.0610298947398688340638 0.0105983396804088195881 -0.00464598024428334449576 -0.999933042790160153679 3.14090809376386426166
15758 1121.340000 -0.394907202460542672284 -0.0331462697124277408389 -0.061029299499817966923 0.0105976154687509108165 -0.00464245150183235748276 -0.999933066855191898803 3.14091930525263096641
15759 1121.349000 -0.394907232381227268903 -0.0331407992988431224224 -0.0610286775120122484961 0.0105968259063083554417 -0.00463860197371771150465 -0.999933093087952973299 3.14093214581978186217
15760 1121.357000 -0.394907231536677394423 -0.0331356698683067940614 -0.0610280694233105575064 0.0105960697246322496645 -0.00463491663719532102222 -0.999933118190490355381 3.14094415950502137136
15761 1121.366000 -0.394907230625964056347 -0.033129903509023769792 -0.0610273857106833628183 0.0105952195710657757349 -0.00463077372549096193122 -0.999933146393769733962 3.14095766569183787453
15762 1121.374000 -0.394907199029709388149 -0.0331244780974486660585 -0.0610267159526095004374 0.0105944028676520571319 -0.00462679537610134923586 -0.999933173463319890928 3.14097034584207568386
15763 1121.382000 -0.394907229074498156152 -0.0331196630968394190031 -0.0610261711528639963498 0.0105937095808692396254 -0.00462341677786604933476 -0.999933196435949134262 3.14098165386524419418
15764 1121.390000 -0.394907228313683300591 -0.0331145480245264023367 -0.0610255642873342302179 0.0105929552286614363926 -0.00461974230906450969436 -0.99993322141057061625 3.14099363738651149447
15765 1121.398000 -0.394907227552277195759 -0.0331094363258951987494 -0.0610249576809911292719 0.0105922012869090580167 -0.00461607053293128406779 -0.999933246354341553896 3.14100561396943245285
15766 1121.407000 -0.394907226686763312973 -0.0331036896677724679083 -0.0610242755495304586844 0.0105913535769573026457 -0.00461194301178061497049 -0.999933274379377623475 3.14101907929598178626
15767 1121.414000 -0.394907195282741707576 -0.0330989205998962962574 -0.0610236831167201704273 0.0105906333745113129252 -0.00460843769867469010143 -0.999933298168784956417 3.14103022663061670627
15768 1121.423000 -0.394907225104235426461 -0.0330934838105999482027 -0.0610230636485229738231 0.0105898477275387144919 -0.00460461361765844828103 -0.999933324106432430689 3.14104299536249964575
15769 1121.432000 -0.39490722418277818262 -0.0330877488913835643425 -0.0610223823985508589951 0.010589001333443259778 -0.00460049553785409504753 -0.999933352024806931801 3.14105643513627930119
15770 1121.441000 -0.394907223237875082411 -0.0330820182341488508437 -0.0610217014811198360524 0.0105881553925165922819 -0.00459638080877116522727 -0.999933379905303842961 3.14106986512053998339
15771 1121.449000 -0.394907222379852873573 -0.0330769279260057849634 -0.0610210965116275844133 0.0105874038204732019708 -0.0045927260553416679803 -0.999933404656391466858 3.14108179438106072112
15772 1121.458000 -0.394907252022697385918 -0.0330715065996800422488 -0.0610204781249355579509 0.0105866196828098176053 -0.00458891370557235576955 -0.999933430461595440519 3.14109452710844694323
15773 1121.466000 -0.394907220513213086388 -0.0330661224553369312296 -0.0610198119103281810816 0.0105858078999510590162 -0.0045849682793433479619 -0.999933457154516092125 3.14110711640662243482
15774 1121.474000 -0.39490721962237840259 -0.0330610429829710436578 -0.061019207865910973787 0.0105850574316981981687 -0.00458132154218539484891 -0.999933481813712665698 3.14111901923064884556
15775 1121.483000 -0.394907218617571997843 -0.0330553328049806652289 -0.0610185286935367443562 0.0105842135841915895023 -0.00457722197342221980704 -0.999933509520413266181 3.14113239940643040882
15776 1121.491000 -0.394907217726391479573 -0.0330502608807178646644 -0.0610179253274975713639 0.0105834638851058145809 -0.00457358057167358330458 -0.999933534117616762416 3.14114428347737950631
15777 1121.500000 -0.394907216730422339079 -0.0330445592580697958263 -0.0610172469313814413994 0.0105826209167930104793 -0.00456948697481019110861 -0.999933561754639099739 3.14115764242753048308
15778 1121.508000 -0.394907215853909809855 -0.0330394949819918862244 -0.0610166442613847836984 0.0105818720136199428267 -0.00456585086806603895893 -0.999933586289878384434 3.14116950762365165772
15779 1121.516000 -0.394907214987502142023 -0.0330344343233453865971 -0.0610160419185676386467 0.0105811234950067799276 -0.00456221725532111443274 -0.999933610795886163025 3.14118136400898650962
15780 1121.524000 -0.394907183696820152097 -0.0330290780841376585553 -0.0610153783816633765724 0.0105803147093404513457 -0.00455829182365184455011 -0.999933637256143925676 3.14119388463266169254
15781 1121.533000 -0.394907213182358107773 -0.0330236924430849093648 -0.0610147630099201962461 0.0105795341997282233565 -0.00455450415507101420698 -0.999933662773695330905 3.14120653000186456083
15782 1121.541000 -0.394907212348427016924 -0.0330186430869328986781 -0.0610141616622894775168 0.010578786923113883689 -0.00455087841173342898954 -0.999933687187763986515 3.14121835950084982159
15783 1121.549000 -0.394907211522134204973 -0.0330135973314876277063 -0.0610135606204061237134 0.0105780400535708044019 -0.00454725522323528360408 -0.999933711572202232887 3.14123018063721604065
15784 1121.558000 -0.39490718026131677032 -0.033007626933271014269 -0.0610128234655083132032 0.010577139841660712638 -0.00454288882341525278308 -0.999933740941822635229 3.14124414031771959088
15785 1121.565000 -0.394907149248385880291 -0.0330029205775511993992 -0.0610122368283266477973 0.0105764266880027917733 -0.00453943022308371003926 -0.999933764192290519546 3.14125513885664942038
15786 1121.570000 -0.394907148762741300185 -0.0329997735518324994408 -0.0610118617470834234684 0.0105759606794739099977 -0.00453717056515767856034 -0.999933779376898979052 3.14126251209899054473
15787 1121.574000 -0.394907148373110972184 -0.0329972569304288684822 -0.0610115617621856884401 0.0105755879890465920301 -0.0045353635769722839069 -0.999933791516173564595 3.14126840843131338588
15788 1121.579000 -0.394907147884049791742 -0.0329941124005191516178 -0.0610111868803205753542 0.0105751222716718926153 -0.00453310576731997399991 -0.999933806679742853696 3.14127577602682972469
15789 1121.586000 -0.394907177455477265138 -0.0329900097712894982416 -0.0610107234116597438311 0.0105745308350662387681 -0.00453023915128786692358 -0.999933825925921171418 3.14128541638418390392
15790 1121.592000 -0.394907146177095103035 -0.0329859431064033342684 -0.0610102136515214138468 0.0105739198601664547567 -0.00452724386657994085775 -0.999933845952702626825 3.14129492003836574554
