21733 1455.582000 20.5391163599766137793 -0.0679155550209600139544 -0.136523921936045955494
21734 1455.590000 20.5390397454025688262 -0.0676222412254369464879 -0.136230320432126406072
21735 1455.599000 20.538956700804931188 -0.0674791177790713403439 -0.136014399060080060089
21736 1455.608000 20.5388773178436210287 -0.0675077195005362451496 -0.135924518964752799599
21737 1455.617000 20.5388025085323668861 -0.0676694103319748774261 -0.13595345565745320382
21738 1455.625000 20.5387406843664628298 -0.0678894116856745971633 -0.136064481005666149116
21739 1455.634000 20.5386774812727601613 -0.0681838000842158870052 -0.136262486375377994685
21740 1455.642000 20.5386233852103821107 -0.0684552834019951511602 -0.136478678958054683301
21741 1455.651000 20.5385705792981312356 -0.0687426884933574067205 -0.136738035171254324052
21742 1455.659000 20.5385286798984978418 -0.0689642599598847411135 -0.136960756076808881643
21743 1455.668000 20.5384861672513885367 -0.0691611801938534914713 -0.137179094802826001542
21744 1455.678000 20.5384418921494145138 -0.0693072206259981032916 -0.137360194260835122293
21745 1455.687000 20.5384029101404941287 -0.0693740587287271920358 -0.137456562123965592148
21746 1455.696000 20.5383633292812604054 -0.0693859868667623808092 -0.137486920775796106486
21747 1455.706000 20.5383166409354060988 -0.0693478806871782038623 -0.137449972451801044615
21748 1455.714000 20.5382764760217071398 -0.0692891684103281724205 -0.137376178811850185868
21749 1455.724000 20.5382217594398284177 -0.0691946248732625418532 -0.137244693388741040296
21750 1455.733000 20.53816850073505762 -0.0691021533538352522585 -0.137106119493590444813
21751 1455.743000 20.5381048693232273195 -0.0690032493466806451377 -0.136948618206891331583
21752 1455.752000 20.5380442504806879356 -0.0689258770366246165118 -0.136818128409505690435
21753 1455.762000 20.5379735534401710595 -0.0688580945149497580804 -0.136697304616921838649
21754 1455.771000 20.5379082043916234568 -0.0688165928400709531187 -0.136617462071873363438
21755 1455.779000 20.5378490401632980422 -0.0687950298060612114304 -0.136571091229346047724
21756 1455.788000 20.5377824011847636143 -0.0687867111756698124125 -0.136545706333455529879
21757 1455.797000 20.537715810746384193 -0.0687927845510900443093 -0.136545244613451993709
21758 1455.806000 20.5376497106699424933 -0.0688099855366414714375 -0.136564341411113510105
21759 1455.816000 20.537577418709801691 -0.0688378769189269129614 -0.136601001494007334713
21760 1455.825000 20.537513328409477964 -0.0688670739043548973957 -0.136640841662590745154
21761 1455.834000 20.5374506511877719106 -0.0688967474740705548841 -0.136680718197280171022
21762 1455.843000 20.5373883631729299282 -0.0689240035336883827277 -0.136715700864591449548
21763 1455.853000 20.5373199966297654839 -0.0689496067472795681752 -0.136745141817494142433
21764 1455.862000 20.5372587488878473039 -0.0689668383643714660858 -0.136760767996737031549
21765 1455.872000 20.5371910466726852462 -0.0689788902550922122803 -0.136765620446117897036
21766 1455.881000 20.5371298307054779286 -0.0689832667205214494777 -0.136759454513554007393
21767 1455.890000 20.5370678783019577907 -0.0689822662332819636077 -0.136745058588230355978
21768 1455.900000 20.5369989422432794868 -0.0689753603987662972097 -0.136721686388104252119
21769 1455.908000 20.5369430996964865699 -0.0689667309922040866477 -0.136699607834677744345
21770 1455.918000 20.5368724299150073875 -0.0689533753978698593645 -0.136670270593098525103
21771 1455.927000 20.5368087627742035295 -0.0689401962346542496185 -0.136644029823123458467
21772 1455.937000 20.5367370882939717092 -0.068925247149703064431 -0.136616532119362477093
21773 1455.946000 20.5366723060137488233 -0.0689131440029441821871 -0.136594559023154982214
21774 1455.955000 20.5366073368298884816 -0.0689027769250128568901 -0.136575340618842661078
21775 1455.964000 20.5365425624113875358 -0.0688946867142217894697 -0.136558870082074707009
21776 1455.973000 20.536477844846043439 -0.068889431783660637354 -0.136545072160876496126
21777 1455.982000 20.5364128747676524256 -0.0688868978768641254673 -0.136533164452943445166
21778 1455.992000 20.5363411526598120815 -0.068886691613211259444 -0.136521302297983232465
21779 1456.001000 20.5362769988893525408 -0.0688890244828967990287 -0.136511729521854724423
21780 1456.010000 20.5362126118778860473 -0.0688926904073213081103 -0.136502339246971610143
21781 1456.019000 20.5361481850569660423 -0.0688973493209675963422 -0.136493034786252714907
21782 1456.029000 20.5360767873622407365 -0.0689030944711851445206 -0.136482622493708682931
21783 1456.038000 20.5360125766070353848 -0.0689078144120933155925 -0.136472943424969406223
21784 1456.047000 20.5359482557194503727 -0.068911958973764522729 -0.136463339545611433978
21785 1456.056000 20.5358834143616206802 -0.0689149934853136719726 -0.136453612417825803638
21786 1456.065000 20.5358188364065412657 -0.0689164096203138260011 -0.136443742075973067918
21787 1456.073000 20.5357611728263051987 -0.0689164445678415449326 -0.136435149151950596558
21788 1456.082000 20.5356958137687257704 -0.0689152694439778418234 -0.136425633005420099408
21789 1456.090000 20.5356379557896282506 -0.0689127832874848744726 -0.136416986610166768301
21790 1456.099000 20.5355727117046740204 -0.0689092822152297113103 -0.136407642199391054838
21791 1456.109000 20.535499819522971876 -0.0689044589453261524525 -0.136397094815509517529
21792 1456.118000 20.5354346715795230693 -0.0688997939762599764801 -0.1363873909630739234
21793 1456.125000 20.5353836632376918203 -0.0688958419042516451158 -0.136379433585579246113
21794 1456.133000 20.5353253192889724232 -0.0688917623670616957599 -0.136370145735752429372
21795 1456.142000 20.5352601151960563186 -0.0688875035177812372611 -0.136359197019099848136
21796 1456.150000 20.5352021617612336968 -0.0688845559810697394276 -0.136349257887548896973
21797 1456.160000 20.5351296621697017031 -0.0688816879185319419499 -0.136336166034935757363
21798 1456.168000 20.5350720234213994786 -0.0688799065895970563655 -0.136325058602701443267
21799 1456.177000 20.5350072212595051724 -0.0688790135734529268552 -0.136312609454288996558
21800 1456.186000 20.5349421245750924925 -0.068878889718226296579 -0.136299902521308941017
21801 1456.195000 20.5348775138388290884 -0.0688791031217918653384 -0.136286978048261120389
21802 1456.204000 20.5348127048951774043 -0.0688796312133051757964 -0.13627414141434759931
21803 1456.213000 20.5347477890399048306 -0.0688805490577751589054 -0.13626182566287670106
21804 1456.222000 20.5346832415693008045 -0.0688813915418262923129 -0.136249706596245745427
21805 1456.232000 20.5346109800076277452 -0.0688816732266084308378 -0.136236471260974018049
21806 1456.240000 20.5345529792348528986 -0.0688816720259363135526 -0.136226318885852126783
21807 1456.249000 20.5344881357125181864 -0.0688814298212013231826 -0.136215468251450144699
21808 1456.258000 20.5344229027085134476 -0.0688803768892104761878 -0.136204722654891946521
21809 1456.267000 20.5343575389215295957 -0.0688790456837223147302 -0.136194362394136098127
21810 1456.277000 20.5342847717530361251 -0.0688770709155890337172 -0.136183072554241030305
21811 1456.286000 20.5342195597386556472 -0.0688748172958099369456 -0.136172830572970443574
21812 1456.295000 20.534154109373613295 -0.0688723439194981190692 -0.136162548842297864704
21813 1456.304000 20.5340885649086253295 -0.068870068275777296396 -0.136152452572873006176
21814 1456.313000 20.5340234504160576989 -0.0688678503401932845529 -0.136142059303302892515
21815 1456.322000 20.5339579085234014144 -0.0688655029840226223792 -0.136131236419723938846
21816 1456.332000 20.5338852609027462393 -0.0688633543011746840357 -0.136119172991273934548
21817 1456.341000 20.5338198649234549009 -0.0688616594966600104044 -0.136108016899860767568
21818 1456.350000 20.533754766535590619 -0.0688601634444984955774 -0.136096649360999522038
21819 1456.359000 20.5336897375294107349 -0.0688591256133741641543 -0.136085370038918879176
21820 1456.368000 20.5336244035153718812 -0.0688583492336661967537 -0.136073947022481989144
21821 1456.374000 20.5335812575329050844 -0.0688577474700742403479 -0.136066164377486170656
21822 1456.382000 20.5335233275825856936 -0.0688571500308662043377 -0.136056005386403444657
21823 1456.389000 20.5334728730815818665 -0.0688565086388860381206 -0.136046851771708859902
21824 1456.396000 20.5334222477759347214 -0.0688560398837499698654 -0.136037989952957849571
21825 1456.403000 20.5333718948461765308 -0.068855582615556076842 -0.136029152193296448692
21826 1456.409000 20.5333284485603186909 -0.0688549880866319158335 -0.136021532474173423299
21827 1456.419000 20.5332562951901245185 -0.0688540860800520293505 -0.136009019262825020524
21828 1456.428000 20.5331914552674668073 -0.0688529350175170334891 -0.13599772919693245421
21829 1456.438000 20.5331193007568515441 -0.0688516002250756514735 -0.135985374952607707133
21830 1456.447000 20.5330542060553717931 -0.0688503789578772812385 -0.135974506962554919642
21831 1456.457000 20.5329822040027423213 -0.0688488039257748041244 -0.135962267658743696241
21832 1456.467000 20.5329098052733662882 -0.0688468454878305852196 -0.135949841545689342759
21833 1456.476000 20.5328448811345012359 -0.0688453133824787621986 -0.13593897750471503616
21834 1456.486000 20.5327724231121564458 -0.0688435746454966052132 -0.135926821301825845323
21835 1456.495000 20.5327076955264793412 -0.068842136140713938719 -0.135915868136467832272
21836 1456.503000 20.5326497021992651071 -0.0688405185142160619405 -0.135905796286578478549
21837 1456.512000 20.5325845943098315161 -0.0688392154372481773761 -0.135894934607713069319
21838 1456.521000 20.5325199304025289848 -0.0688379995864072113942 -0.135883927718155578246
21839 1456.529000 20.5324620113712299485 -0.0688365980573792668462 -0.135873813261250392381
21840 1456.538000 20.5323970037621990059 -0.068835533877929289126 -0.135862913868588924826
21841 1456.547000 20.5323324535659814671 -0.0688345295926495043259 -0.135851882166379361871
21842 1456.556000 20.5322674856718450087 -0.0688332783609620496579 -0.135840624242663521315
21843 1456.566000 20.5321954689637280467 -0.0688320952337540814536 -0.135828331999817281117
21844 1456.574000 20.532138067237688972 -0.0688311927408292167918 -0.135818535549068919455
21845 1456.584000 20.5320660450746892423 -0.0688297455638189475957 -0.135806008592482735375
21846 1456.593000 20.5320015076877133708 -0.0688286752660504236312 -0.135795051218920076463
21847 1456.602000 20.5319366351534320358 -0.0688276031185730691186 -0.135784034949881393661
21848 1456.610000 20.5318793580998431025 -0.0688262819968172567808 -0.135773975542016617224
21849 1456.619000 20.5318148969106104573 -0.0688250729738893035625 -0.135763011199069888457
21850 1456.628000 20.5317500897567200013 -0.0688238680597291069274 -0.135751982457880393529
21851 1456.637000 20.531685742603251299 -0.0688224154841725332954 -0.135740780901430407868
21852 1456.646000 20.5316212008944845024 -0.0688209096102546102891 -0.135729566099064280493
21853 1456.655000 20.531556586300844458 -0.0688196549998002921056 -0.135718642823236035344
21854 1456.664000 20.5314924025525655793 -0.0688184057661118259164 -0.135707588693434189064
21855 1456.673000 20.531427774901143124 -0.0688168855186311878569 -0.135696308634991547049
21856 1456.682000 20.5313631451081199941 -0.0688154543005756319518 -0.135685147471891337512
21857 1456.691000 20.531298971531406039 -0.0688143040626948560012 -0.135674178888171098611
21858 1456.700000 20.5312345266674292077 -0.0688128758455562455909 -0.135662982046219154908
21859 1456.709000 20.5311700648778128198 -0.0688116788724014299961 -0.135651916813380818416
21860 1456.718000 20.5311055999086562451 -0.0688104036449810052556 -0.135640781085710732112
21861 1456.727000 20.5310414032062098499 -0.0688090611742735031031 -0.135629617433635663026
21862 1456.736000 20.5309772489056996392 -0.0688079253574347682321 -0.135618683756630276083
21863 1456.745000 20.5309127686626560205 -0.0688068369461274365051 -0.135607699642032508702
21864 1456.754000 20.5308487718988317283 -0.0688055278099738848452 -0.135596555094404408459
21865 1456.763000 20.5307846057143414953 -0.0688041749960007914533 -0.135585406840844885368
21866 1456.773000 20.5307132442350877 -0.0688028294504856863245 -0.135573191498111284004
21867 1456.782000 20.5306494385201148134 -0.0688017387366603311305 -0.13556228766315636669
21868 1456.791000 20.5305853738999459779 -0.0688003262720711800116 -0.135551143814130747867
21869 1456.800000 20.5305213001420661101 -0.0687991043492714310359 -0.135540116659758153039
21870 1456.809000 20.5304572265158924438 -0.0687977701720256518136 -0.135529002407600379643
21871 1456.817000 20.5304006263641376506 -0.0687965647540147023919 -0.135519186408196046223
21872 1456.826000 20.5303366534526432474 -0.0687953176768441032607 -0.135508141800262493781
21873 1456.835000 20.5302726775637474077 -0.0687939689308258717215 -0.135497011296691644011
21874 1456.845000 20.5302019273652192055 -0.0687925169650197981808 -0.135484713915392129824
21875 1456.854000 20.5301381245624092742 -0.0687910842730188737404 -0.135473527724532583072
21876 1456.864000 20.5300671575505120359 -0.068789674225040606248 -0.135461269471332773628
21877 1456.873000 20.5300037000278017274 -0.0687885506261118467863 -0.135450330756023445966
21878 1456.882000 20.5299399792437142764 -0.0687871294496017471332 -0.13543915913271500906
21879 1456.891000 20.5298762474255909183 -0.0687859209224332135424 -0.135428113846941616805
21880 1456.900000 20.5298125164908000784 -0.0687846183313014225558 -0.135416992641887778959
21881 1456.908000 20.5297562237096791193 -0.0687834520574710506224 -0.135407180202007593195
21882 1456.918000 20.5296856403741472263 -0.0687820547325766334934 -0.135394909588714279502
21883 1456.926000 20.5296289843125201457 -0.0687809605848717642296 -0.13538504402985601649
21884 1456.936000 20.5295586428210690144 -0.0687795635049054943089 -0.135372782779047046153
21885 1456.944000 20.5295023442739363873 -0.068778394580324517249 -0.13536298710175867499
21886 1456.950000 20.529460209520284053 -0.0687777363131354263492 -0.13535575935989413443
21887 1456.959000 20.5293967160197468047 -0.0687763099846865344489 -0.135344556773555085849
21888 1456.968000 20.5293332431684980577 -0.0687749456323734909002 -0.135333471243129221939
21889 1456.976000 20.5292773505582566429 -0.0687740375674221610103 -0.135323859374930355326
21890 1456.984000 20.5292209606027924451 -0.0687726207832326380531 -0.135313783484769661891
21891 1456.992000 20.5291646320996150621 -0.0687716831667045391807 -0.135304164300786122777
21892 1457.001000 20.5291016833776183148 -0.068770301689470861306 -0.135293025349153162029
21893 1457.010000 20.5290385662176184667 -0.0687688846417278537571 -0.135281878088588242148
21894 1457.019000 20.5289754022919659349 -0.0687677250585632116042 -0.135271026054436860342
21895 1457.028000 20.5289126944970341526 -0.0687665662066716809608 -0.135260045004519824374
21896 1457.036000 20.5288565189970633185 -0.0687651447298154583354 -0.13524996428709135099
21897 1457.045000 20.5287934741658233406 -0.0687639883857276840162 -0.135239110871307022244
21898 1457.054000 20.5287308854236876243 -0.0687628342257395469561 -0.135228129665364710243
21899 1457.063000 20.5286678763515553214 -0.0687613958766259553146 -0.135216923496092655821
21900 1457.072000 20.5286048867888943903 -0.0687600259654666534637 -0.13520583469961877654
21901 1457.080000 20.5285494232161411787 -0.0687591180087050724001 -0.135196221099671498589
21902 1457.089000 20.528486536200055923 -0.0687576840991369203637 -0.135185019417322416224
21903 1457.098000 20.528423670068363549 -0.0687563174722947284545 -0.135173935859807331505
21904 1457.107000 20.5283612808618087797 -0.0687552053537434787467 -0.135163041339908307492
21905 1457.116000 20.5282986382302894413 -0.0687537870668563644294 -0.135151912702432486224
21906 1457.125000 20.5282359936850404836 -0.0687525732597634997578 -0.135140908019213051849
21907 1457.135000 20.5281663827139766454 -0.068751213772681341041 -0.135128709732649232578
21908 1457.144000 20.5281041127930876655 -0.0687498402347228310116 -0.135117584648336425124
21909 1457.154000 20.5280347881765727891 -0.0687484096719633147599 -0.135105329494879772279
21910 1457.163000 20.5279722469300409671 -0.0687470381100706989796 -0.135094258629864322208
21911 1457.172000 20.527910184853251252 -0.0687459199185937730459 -0.13508337576204185182
21912 1457.181000 20.5278478711136784796 -0.0687444950317249309224 -0.135072257596987599371
21913 1457.190000 20.5277855567620193256 -0.0687432746882614131856 -0.135061262163838957662
21914 1457.199000 20.527723252454695313 -0.0687419538475139701994 -0.135050186458273713264
21915 1457.208000 20.5276612268998377431 -0.0687405494711008091535 -0.135039072793424475005
21916 1457.217000 20.5275992519269969705 -0.0687393425413849457062 -0.135028180047969598165
21917 1457.227000 20.5275301278841979524 -0.0687379629776747602676 -0.135016002343156776844
21918 1457.236000 20.5274684437931860259 -0.0687368088823154810285 -0.135005047178883730297
21919 1457.246000 20.5273994990192747423 -0.06873517702153773834 -0.134992649773312406447
21920 1457.255000 20.5273375171120093796 -0.0687339572398365100669 -0.134981659352209043545
21921 1457.261000 20.5272963132672217057 -0.0687330773950563245211 -0.134974278011995407756
21922 1457.270000 20.5272344775134136796 -0.0687316660476815222136 -0.134963157974179681631
21923 1457.275000 20.5272003534072737807 -0.068731221466593037106 -0.134957297786861524225
21924 1457.284000 20.5271384550659554691 -0.0687297820408235143885 -0.13494612177469295089
21925 1457.293000 20.5270765814589708498 -0.0687284091363806054487 -0.134935063047132153269
21926 1457.303000 20.5270080851046934356 -0.0687270509679818591975 -0.134922853530207831341
21927 1457.312000 20.5269465973518130397 -0.0687256475343868827865 -0.134911750531463203728
21928 1457.322000 20.5268782429478804374 -0.068724216340401766967 -0.134899520356861674086
21929 1457.331000 20.5268166396977136401 -0.0687230619528385738848 -0.134888704689223426492
21930 1457.341000 20.5267485967067244701 -0.0687217007297333398741 -0.134876479332322579685
21931 1457.349000 20.5266939454508907659 -0.0687204666689191639994 -0.134866594931349476072
21932 1457.359000 20.5266257276812531529 -0.0687190536010932745414 -0.134854402202919443354
21933 1457.368000 20.526564306494783807 -0.068717732110494894604 -0.134843345449389001578
21934 1457.378000 20.5264964137481129569 -0.0687163076163355007742 -0.134831135207959779132
21935 1457.387000 20.5264351996874054862 -0.068714894128320186395 -0.134820030509170490918
21936 1457.397000 20.5263671276828425505 -0.0687134967551322056734 -0.134807863901592828171
21937 1457.406000 20.5263062918758869557 -0.068712375810363601758 -0.134797006778655747983
21938 1457.416000 20.5262383214784875918 -0.0687107305856584221759 -0.134784579541517041124
