12219 1091.607000 35.3347163741841825413 -0.0885051342729034906665 -0.181528838908166428867
12220 1091.613000 35.3346177168377906241 -0.08924357069977960355 -0.181687215729866929914
12221 1091.620000 35.3344865851446812144 -0.0899513873312356576628 -0.181891593015397839972
12222 1091.626000 35.3343624567410756754 -0.0904190720874980952138 -0.182066251827785907658
12223 1091.633000 35.3342071762401417345 -0.09080431108808703633 -0.182251091526703989931
12224 1091.639000 35.3340678607704745673 -0.0910051157266691529424 -0.182381750182282115214
12225 1091.645000 35.3339251911160374675 -0.0910980514589424250627 -0.182479554121218384699
12226 1091.652000 35.3337571456666168501 -0.0910881787078068050345 -0.182547642863644637989
12227 1091.658000 35.3336136602324657474 -0.0909952170606793120378 -0.18256626736175995962
12228 1091.664000 35.333472173018897422 -0.0908402250650136855459 -0.182550754089562061733
12229 1091.669000 35.3333566546690178711 -0.0906743757584274612249 -0.182514946321788440464
12230 1091.675000 35.333221793204465655 -0.0904435236881402093712 -0.182449537725162258539
12231 1091.682000 35.3330707843745202013 -0.0901467266213922119311 -0.182350643745253365724
12232 1091.688000 35.3329476858179347687 -0.0898821488008371555223 -0.18225436656706484051
12233 1091.694000 35.3328311639817798095 -0.0896189343150212008871 -0.182154445469869974428
12234 1091.700000 35.3327217843557619403 -0.0893657124788556911366 -0.182056823321566862983
12235 1091.706000 35.3326199702492118604 -0.0891295917973474877138 -0.181966504190308270283
12236 1091.714000 35.3324963961729352491 -0.0888508468931923228729 -0.181863988444083579665
12237 1091.722000 35.3323867450581232674 -0.0886216121300752723844 -0.181787147639115714837
12238 1091.730000 35.3322903678041626563 -0.0884469380548414119136 -0.181738231400101701851
12239 1091.739000 35.3321960932459475657 -0.0883170508444806184878 -0.181715249939107786892
12240 1091.748000 35.3321139794890939356 -0.0882545312738607090619 -0.181721098998911895217
12241 1091.757000 35.3320403343059297185 -0.088252059377346481206 -0.181747934641412811629
12242 1091.766000 35.3319710273062312922 -0.0882993134223528375326 -0.181786735234248597592
12243 1091.775000 35.3319018972503045006 -0.088384137333416323834 -0.181828629529214164107
12244 1091.784000 35.3318291551222927183 -0.0884936447459793024128 -0.181865959652387387813
12245 1091.794000 35.3317403887451533251 -0.0886289367114840714867 -0.181895207860724855697
12246 1091.803000 35.3316511057987128197 -0.0887503997099129415815 -0.181906937169920901454
12247 1091.812000 35.331551954548217509 -0.0888615431713062897678 -0.181903916604162579906
12248 1091.821000 35.3314431040576977239 -0.0889549262947517266342 -0.181887346137419886327
12249 1091.831000 35.3313121656091766454 -0.0890318120757652431418 -0.181856401495462199902
12250 1091.840000 35.3311873828562710287 -0.0890741241879350886812 -0.181821305069989530567
12251 1091.849000 35.3310592085545494001 -0.0890913501790583095552 -0.181783836822145605794
12252 1091.858000 35.3309243107906567616 -0.0890846109315646395022 -0.181746385666551629745
12253 1091.867000 35.3307923192626205378 -0.0890572843646472989132 -0.181712017233710887432
12254 1091.876000 35.3306642563478945362 -0.0890149976393595776525 -0.18168384890887576133
12255 1091.885000 35.3305410463147424593 -0.0889626681425436383055 -0.181662425694390700093
12256 1091.895000 35.3304108732257446945 -0.0888995506557851561391 -0.181646338496494724746
12257 1091.903000 35.3303118998092742231 -0.0888496861229428891438 -0.181638113548145602172
12258 1091.912000 35.3302056970764866151 -0.0887984494869539370265 -0.181632118140741039003
12259 1091.921000 35.3301040948121780616 -0.0887557505666648344222 -0.181627726968630526239
12260 1091.930000 35.3300056439766123617 -0.0887237892056976923394 -0.181622887637180263631
12261 1091.939000 35.3299089820184306632 -0.0887037413077882141987 -0.181616072002126677232
12262 1091.948000 35.3298126769887090859 -0.088695426658179060686 -0.181606170381427012295
12263 1091.957000 35.3297151208298387814 -0.0886977852494937463179 -0.181592681058711957753
12264 1091.966000 35.329614904358244587 -0.0887087709405270652407 -0.181575581084320342162
12265 1091.974000 35.3295228039303168543 -0.0887238658480581782184 -0.181557870239874352691
12266 1091.983000 35.3294155169099965974 -0.0887443430729123322598 -0.181535954832669460535
12267 1091.992000 35.32930394036443289 -0.0887659840065431055001 -0.181513006211844074578
12268 1092.001000 35.3291880689252479897 -0.0887862441325360379762 -0.18149009674054256136
12269 1092.009000 35.3290818656912009033 -0.0888015280988529720485 -0.181470679474466017878
12270 1092.018000 35.3289597889091311345 -0.0888144081208247920811 -0.181450726178873200656
12271 1092.026000 35.3288490727508346367 -0.0888211741643644275834 -0.181434930352762063821
12272 1092.034000 35.3287374641163722799 -0.0888235169071532604246 -0.181421250192389693634
12273 1092.043000 35.3286114436044513809 -0.0888210304701099184754 -0.181408280663655135934
12274 1092.051000 35.3284998685577704691 -0.0888147897728323448829 -0.18139855031546880948
12275 1092.059000 35.3283888283250675499 -0.0888054937192100102283 -0.181390087972146701878
12276 1092.067000 35.3282791718650912571 -0.0887941674233391903259 -0.181382458630242743292
12277 1092.074000 35.3281844251679402191 -0.0887832433264189452293 -0.181375989389399555618
12278 1092.082000 35.328077483550870852 -0.0887704505994775794342 -0.181368354828994132744
12279 1092.090000 35.3279721006425333485 -0.088758166847745456618 -0.181360048027365494683
12280 1092.097000 35.3278810415303468062 -0.0887483383357336730324 -0.181351881095794198462
12281 1092.106000 35.3277653952194725662 -0.0887376234735623714567 -0.181339919781672992416
12282 1092.114000 35.3276630273300114027 -0.0887301096639077913064 -0.18132763382345012948
12283 1092.122000 35.3275611380292389185 -0.0887247839254465403558 -0.181313905783262035998
12284 1092.131000 35.3274463326367751392 -0.0887212370060299904129 -0.181296875426327053216
12285 1092.139000 35.3273437986142724299 -0.0887199759671403326289 -0.181280529867852313597
12286 1092.147000 35.327240222383636592 -0.0887200577085151959045 -0.181263337498347193444
12287 1092.155000 35.3271354039258511648 -0.0887212024264797116668 -0.181245734290130966482
12288 1092.164000 35.3270161672083204962 -0.0887231650708474456346 -0.181225888359937303829
12289 1092.172000 35.3269083196879591924 -0.0887249029281644979728 -0.181208445191736677859
12290 1092.181000 35.3267853595968475133 -0.088726531210945452921 -0.181189559621530660305
12291 1092.189000 35.3266746528414898876 -0.0887272904591172445476 -0.181173572715887354345
12292 1092.197000 35.3265625029106118404 -0.088727112598784560471 -0.181158444383474531714
12293 1092.205000 35.3264494831826141308 -0.0887260337242559565807 -0.18114428160308856941
12294 1092.214000 35.326321566893795989 -0.0887237352333640760804 -0.18112952220305991724
12295 1092.222000 35.3262074206000988852 -0.0887207379050435895884 -0.181117205605001690971
12296 1092.231000 35.32607855682037723 -0.0887164404188428706854 -0.181104053570543516161
12297 1092.239000 35.3259643793780000465 -0.08871216743756918377 -0.181092927711294954252
12298 1092.247000 35.3258502703136798573 -0.088707608786049343963 -0.181082004360049397818
12299 1092.255000 35.3257367063254008599 -0.0887029862965223736548 -0.181071102843388065384
12300 1092.263000 35.3256235001066656309 -0.0886984045973802093243 -0.181060002625974880708
12301 1092.272000 35.3254968393020618578 -0.0886936799495055411269 -0.181047234392357897503
12302 1092.280000 35.3253846737449492821 -0.0886898866399984803222 -0.181035420726302354044
12303 1092.288000 35.325273041349149139 -0.0886865397097382907043 -0.181023103704594262586
12304 1092.296000 35.3251615583370224272 -0.0886835586102362322114 -0.181010220411434663568
12305 1092.304000 35.3250501810958041915 -0.0886810324538662569926 -0.180996864434670529098
12306 1092.311000 35.3249528464188600196 -0.0886791376943925485632 -0.180984846972614549232
12307 1092.319000 35.3248413123985827156 -0.0886771694784054542726 -0.180970706413008497471
12308 1092.327000 35.3247296535592951727 -0.0886753994537725631631 -0.180956343309787826001
12309 1092.334000 35.3246316011369998478 -0.0886738286919082491222 -0.180943554341040757638
12310 1092.342000 35.3245189320642865027 -0.0886720212524514245223 -0.180928872245131516783
12311 1092.349000 35.3244199200867754485 -0.0886703193492949237609 -0.180916006194700301757
12312 1092.357000 35.3243062745822413717 -0.088668213416257010695 -0.180901381549582823682
12313 1092.365000 35.3241918658166440537 -0.0886657980749412516497 -0.180886850339543908683
12314 1092.373000 35.3240768198907915121 -0.0886631894623094996 -0.180872547114768772447
12315 1092.382000 35.3239470161908073464 -0.0886600650230957160192 -0.180856814193769893651
12316 1092.390000 35.3238308008212982259 -0.0886569726554249093464 -0.18084300179453408064
12317 1092.399000 35.323699701015051744 -0.0886534126110041786895 -0.180827781500886325405
12318 1092.408000 35.3235684900699453692 -0.0886498122184229964127 -0.180812889665054293831
12319 1092.417000 35.3234367302984963999 -0.0886460964178630711485 -0.180798104101731943461
12320 1092.426000 35.3233052071299908903 -0.0886425886230348680783 -0.180783589899162128178
12321 1092.435000 35.3231733664389295768 -0.0886391051287639952783 -0.180769049276360671552
12322 1092.443000 35.3230565382461492163 -0.0886362455582563185663 -0.180756242295699892653
12323 1092.452000 35.3229249979286024086 -0.088633156307681759678 -0.18074173362795675768
12324 1092.461000 35.3227936149598633619 -0.0886303109369512981397 -0.180727181848329282454
12325 1092.469000 35.3226771010380460325 -0.0886279484511110077216 -0.180714220419424281827
12326 1092.478000 35.3225460660258576695 -0.0886253155793963603992 -0.180699430465715127347
12327 1092.487000 35.3224150261824831887 -0.088622836241096625276 -0.180684605099608375234
12328 1092.497000 35.3222693682526909242 -0.0886199911051165495346 -0.180667890160825600487
12329 1092.505000 35.3221529783695658011 -0.0886177257935675533052 -0.180654509555372683183
12330 1092.514000 35.3220216603367589414 -0.0886150174608267560128 -0.180639296874700594486
12331 1092.523000 35.3218902866766129023 -0.0886122491683199869916 -0.180624083532116924689
12332 1092.531000 35.3217731556452534392 -0.0886096446316326641357 -0.180610508176211964626
12333 1092.540000 35.3216411718822556054 -0.0886065212625610360009 -0.180595165382864547565
12334 1092.548000 35.3215235004416854281 -0.0886036524997923374825 -0.180581541545688256667
12335 1092.556000 35.3214057446404936513 -0.0886007485292501922869 -0.180568000296270597671
12336 1092.565000 35.3212729157650286993 -0.088597315999983980439 -0.180552684650000599964
12337 1092.572000 35.3211693342159023246 -0.0885946431608594237028 -0.180540829685231274393
12338 1092.579000 35.3210657402746122102 -0.0885920513817586019467 -0.180529041865533534938
12339 1092.586000 35.3209619673090173819 -0.0885893907997793439435 -0.180517222009711458819
12340 1092.591000 35.3208875485361843971 -0.0885874622239866960083 -0.180508746095395050668
12341 1092.597000 35.3207985363296472769 -0.0885853264982096461067 -0.180498721783500876148
12342 1092.603000 35.3207093104453164756 -0.0885831196496830314269 -0.180488632801108439541
12343 1092.608000 35.320634957848369595 -0.0885813822823240532012 -0.180480264457171607484
12344 1092.614000 35.3205456590726427635 -0.0885792628053138769717 -0.180470201837353710905
12345 1092.620000 35.320456300975443753 -0.0885772124510186831259 -0.180460142035252846249
12346 1092.628000 35.3203371267523067445 -0.0885745673500967362068 -0.180446761599463434411
12347 1092.637000 35.3202033106040715893 -0.0885717537611479810433 -0.180431805479735946074
12348 1092.645000 35.320084171261690642 -0.088569199746833887632 -0.180418424444628272552
12349 1092.654000 35.3199502396249229719 -0.0885664702883399990174 -0.180403465186787431707
12350 1092.662000 35.3198311154921071875 -0.0885640583274195369867 -0.180390157602137335413
12351 1092.671000 35.3196971178898166954 -0.0885612669679526620659 -0.180375111846949154337
12352 1092.679000 35.3195780113411430534 -0.0885588274698915350891 -0.180361804078132209606
12353 1092.688000 35.319444196266871927 -0.0885560739012156150629 -0.180346867288594753242
12354 1092.696000 35.319325009798035353 -0.0885534581804258147386 -0.180333489070542529742
12355 1092.705000 35.31919094607054177 -0.0885505409445788704836 -0.180318513917103601107
12356 1092.713000 35.3190717605907806842 -0.0885478848459603923304 -0.18030517176893323672
12357 1092.722000 35.318937299569867605 -0.0885447428183301216142 -0.180290083873532847036
12358 1092.731000 35.3188029688828919461 -0.0885416618763312790463 -0.180275102013194687967
12359 1092.739000 35.3186834980188351096 -0.0885388551172293092328 -0.180261719109447493548
12360 1092.747000 35.3185638046675975943 -0.0885359462044105205436 -0.180248276838331750183
12361 1092.756000 35.3184290660596786893 -0.0885327796478845435724 -0.180233241128505722317
12362 1092.764000 35.3183093706540560675 -0.0885299351174311799362 -0.180219822834955606394
12363 1092.772000 35.3181893132372906052 -0.0885270490252703518008 -0.180206369320197373751
12364 1092.781000 35.3180542673979687152 -0.0885239135857138204067 -0.180191264561699648894
12365 1092.790000 35.3179192936307231321 -0.0885207969212514628188 -0.180176174577463626969
12366 1092.798000 35.3177992375814469028 -0.0885180942629255479437 -0.180162765094711518898
12367 1092.806000 35.3176790386318302239 -0.088515402836893880556 -0.180149336495197376351
12368 1092.814000 35.3175590482516952306 -0.0885127787997423698396 -0.180135974224446299141
12369 1092.821000 35.3174537732300137804 -0.0885104630289223481832 -0.18012421451718793608
12370 1092.828000 35.3173486468348869494 -0.0885081843049997096795 -0.180112495938827138486
12371 1092.835000 35.3172435167726064265 -0.0885059218872465830463 -0.180100791012017702464
12372 1092.842000 35.3171384110501804798 -0.0885036489062861475574 -0.180089083054826654129
12373 1092.850000 35.3170182211458509869 -0.0885010897236979121594 -0.180075733985362196332
12374 1092.857000 35.3169130945748648287 -0.0884988270759270723165 -0.18006404543840937027
12375 1092.864000 35.3168079941524055698 -0.088496542412763848362 -0.180052358629973180415
12376 1092.871000 35.3167028613144395877 -0.0884942637854791713803 -0.18004068602838776969
12377 1092.877000 35.3166128781557091543 -0.0884923724378500753396 -0.18003074820900646924
12378 1092.883000 35.3165227360146332103 -0.0884903569412637536207 -0.180020731446222409522
12379 1092.890000 35.3164174387130884725 -0.0884880101050247308558 -0.180009025818011619835
12380 1092.897000 35.316312286002919052 -0.0884856661217686829568 -0.179997353955485328569
12381 1092.903000 35.3162222078338459141 -0.0884836358939217471065 -0.1799873638315515334
12382 1092.910000 35.3161170218314666158 -0.0884812696787411617771 -0.179975693518489687772
12383 1092.917000 35.3160119281756976761 -0.0884789602190067386855 -0.17996406785695515107
12384 1092.923000 35.3159217259482929308 -0.0884768766210960316831 -0.179954044982162775224
12385 1092.930000 35.315816350868701079 -0.0884744606895202095886 -0.179942327931638695881
12386 1092.937000 35.3157111145746753778 -0.0884720615478635508122 -0.179930641065392721289
12387 1092.943000 35.315620962397296978 -0.0884699966431668066713 -0.179920636166484765317
12388 1092.951000 35.3155006200344843137 -0.0884672590126320684822 -0.179907259133329083811
12389 1092.957000 35.3154105131815896357 -0.0884652879059533298056 -0.179897303515105799754
12390 1092.963000 35.3153202442926144045 -0.0884632099941619481909 -0.179887265812923718977
12391 1092.970000 35.3152147993439271545 -0.08846081401122864174 -0.179875533412533844535
12392 1092.976000 35.315124660411392199 -0.0884587834230375763545 -0.179865515040389140067
12393 1092.983000 35.3150193110660950424 -0.0884564172254136416029 -0.179853821322872170496
12394 1092.988000 35.3149440282964519611 -0.0884547512719903727962 -0.179845456880738024941
12395 1092.993000 35.314869036315400308 -0.0884531265073608963245 -0.179837154164875390183
12396 1092.997000 35.314808807328560647 -0.0884518066399649638409 -0.179830481761547339437
12397 1093.003000 35.314718533249020993 -0.0884497730419513961131 -0.179820446152424678887
12398 1093.010000 35.3146130959201229871 -0.0884474269943372609637 -0.179808719823484702838
12399 1093.017000 35.314507822196716802 -0.0884451056293032306099 -0.179797030084256431737
12400 1093.024000 35.3144025853006766624 -0.0884427744727916687051 -0.179785339507295499617
12401 1093.031000 35.3142973295897988351 -0.0884404633813054702474 -0.179773661735451284471
12402 1093.038000 35.314192142680070674 -0.088438172558400154899 -0.179762011372965740952
12403 1093.045000 35.3140869398882273344 -0.0884358484803784289374 -0.179750331586227385383
12404 1093.053000 35.3139666127713098831 -0.0884331841003079960339 -0.17973697592777318488
12405 1093.059000 35.3138614688521954577 -0.0884312709100542326812 -0.179727040640825869167
12406 1093.067000 35.3137563119841999537 -0.0884285507322153524479 -0.179713661783812900241
12407 1093.074000 35.3136511473575964715 -0.0884262204880395391582 -0.179702000154225133288
12408 1093.081000 35.3135459401610134478 -0.0884238738335246798883 -0.179690338094219248521
12409 1093.087000 35.3134558286797712867 -0.0884219213145163857037 -0.179680384193902614731
12410 1093.094000 35.313350759870907325 -0.0884195590363027056346 -0.179668711792106888803
12411 1093.101000 35.3132454936396698031 -0.0884171891025702372247 -0.179657012963362228142
12412 1093.108000 35.3131403945608752792 -0.0884148358337738665691 -0.179645347925186743554
12413 1093.115000 35.3130353073317664325 -0.0884124846168169303828 -0.179633688803809837831
12414 1093.122000 35.3129302581068742484 -0.0884101150244470390671 -0.179622018841219671659
12415 1093.129000 35.3128252482717996941 -0.088407785496175908535 -0.179610383028117909232
12416 1093.136000 35.3127202267631261634 -0.088405424000175134025 -0.179598714328691427822
12417 1093.143000 35.3126151471890281641 -0.0884030625266672281937 -0.179587053986032418873
12418 1093.150000 35.3125101264209888541 -0.0884007157530215109675 -0.179575392491300139808
12419 1093.158000 35.3123901544390150775 -0.0883980516451047804161 -0.179562072634543434813
12420 1093.165000 35.3122852033057839094 -0.0883956988170060686816 -0.17955040504775129917
12421 1093.172000 35.3121801987005596857 -0.08839334751842337079 -0.179538746119853903638
12422 1093.180000 35.3120602923830446684 -0.0883906944868264876636 -0.179525427244489110823
12423 1093.187000 35.3119554090074387886 -0.0883883502187963049357 -0.179513762135476317994
12424 1093.194000 35.3118505273118756804 -0.0883860180004374662577 -0.17950210727563556401
