20631 1161.273000 28.4881966794767080842 -0.0729644989030904245197 -0.144386482098586621525
20632 1161.278000 28.4880351545816736802 -0.0730332756330809435008 -0.144908147163459760653
20633 1161.287000 28.4877741296741255894 -0.073051805243393011513 -0.145939827273049993472
20634 1161.296000 28.4875368156893671312 -0.0729683345973307362353 -0.146960101889736488578
20635 1161.305000 28.4873122074611870858 -0.0728180059940921609041 -0.147849288057147448816
20636 1161.313000 28.4871185330157388194 -0.0726491787598565613715 -0.148469238104738443518
20637 1161.322000 28.4869055663319699079 -0.0724342348233053823225 -0.148948102267050297431
20638 1161.331000 28.4866984855872757976 -0.0722014830491304326898 -0.149203889280513479765
20639 1161.339000 28.4865213539129591425 -0.0719845288563257107439 -0.149272477991683222287
20640 1161.348000 28.4863331143272908719 -0.0717350443143997817952 -0.149216999439890501966
20641 1161.356000 28.4861786558856522333 -0.0715154263648624527461 -0.149092281225167377912
20642 1161.365000 28.4860227465792874568 -0.0712814144553298167928 -0.148912920264148457283
20643 1161.374000 28.4858885941724295776 -0.0710741270305073336022 -0.148730884958457654221
20644 1161.382000 28.4857890774599162853 -0.070922909520248614279 -0.148589125322743903501
20645 1161.391000 28.4856996457644804366 -0.0707996739840906635921 -0.148465261008176752089
20646 1161.399000 28.485639281406211154 -0.0707369513115945758308 -0.148389173706942684161
20647 1161.406000 28.4855997857593798983 -0.0707193062282971962595 -0.14834580789451265459
20648 1161.415000 28.485564331753408851 -0.0707451886117423239808 -0.148313181156977030861
20649 1161.423000 28.4855438421579734154 -0.0708084125315140006096 -0.148295755763242609326
20650 1161.431000 28.4855299457906205873 -0.0709014267557039196133 -0.148278948281717698476
20651 1161.439000 28.4855188864325477027 -0.0710149090544194006025 -0.148254135797733888058
20652 1161.447000 28.4855070562877550344 -0.0711389717877631277965 -0.14821494417432534707
20653 1161.454000 28.4854935260155777144 -0.0712486643718125423064 -0.148166006006480943658
20654 1161.462000 28.4854720162649144299 -0.0713676090468397250621 -0.148092729267223555123
20655 1161.469000 28.4854463816980754132 -0.0714607130678080737507 -0.148014974821461225973
20656 1161.477000 28.4854081374776910707 -0.0715497734714988370408 -0.147914477870388832992
20657 1161.486000 28.4853531152133605531 -0.071623883850015543362 -0.147794074970071298569
20658 1161.494000 28.4852938335995631292 -0.0716650879406974528063 -0.147688653289909904709
20659 1161.502000 28.4852257748324184661 -0.0716835779267941813897 -0.147592648646225843567
20660 1161.510000 28.4851504262109358478 -0.0716813441601391876379 -0.147513042693988988274
20661 1161.518000 28.485067553879268587 -0.0716626370599654505256 -0.14745640717120844787
20662 1161.526000 28.4849809733013401569 -0.0716282870331218790572 -0.147423754607925033833
20663 1161.535000 28.484883013086840009 -0.0715784590989986674314 -0.147420166561900906066
20664 1161.542000 28.4848080285318054905 -0.0715350421918482248795 -0.147441327484692491501
20665 1161.551000 28.4847147989105735633 -0.071477232762669415389 -0.147495729349618437398
20666 1161.559000 28.4846361821262696878 -0.0714275461458322435959 -0.147564961551222006975
20667 1161.568000 28.4845534735841035001 -0.0713767786508696933101 -0.147658296344078066031
20668 1161.577000 28.4844775822546552035 -0.0713339172158390377732 -0.147758640872232560604
20669 1161.586000 28.4844081514833398217 -0.0713002981533341351206 -0.147855695699450256919
20670 1161.595000 28.4843445487733468724 -0.0712766109690870508508 -0.147940511679075459295
20671 1161.604000 28.4842859870097591113 -0.0712624123277689480727 -0.148005600480190180335
20672 1161.612000 28.4842366832198017335 -0.0712570746656880915637 -0.14804261122386852545
20673 1161.621000 28.4841828935744025841 -0.0712580411379893641222 -0.148058293374360022687
20674 1161.630000 28.4841299047378129217 -0.0712647606244169173895 -0.148046333892950771061
20675 1161.639000 28.4840758429060372237 -0.071275765808128430101 -0.1480089841707924736
20676 1161.648000 28.4840195704689662648 -0.0712892872979048464188 -0.147950241171819790731
20677 1161.657000 28.4839606565259693127 -0.0713041563350629292728 -0.14787614633308615586
20678 1161.667000 28.4838910278262424924 -0.0713206121039302726183 -0.147783401775201883588
20679 1161.676000 28.4838245672734693414 -0.0713343734939389795269 -0.147697896528360766988
20680 1161.685000 28.4837548646758698112 -0.0713465096486978894719 -0.1476169873646567543
20681 1161.693000 28.4836904485958619659 -0.0713554875826812179396 -0.147553009440913623918
20682 1161.702000 28.4836157483305001392 -0.0713631666193526026376 -0.147493414269716682785
20683 1161.711000 28.4835398441168017314 -0.0713684017598409797811 -0.147449596605399274596
20684 1161.720000 28.4834631265909976605 -0.0713708953760832237601 -0.147422075008955294484
20685 1161.729000 28.4833863134880544976 -0.0713709386940166584656 -0.147410521733995519833
20686 1161.737000 28.4833187816478243803 -0.0713689379491991710003 -0.147412157466907778325
20687 1161.746000 28.4832439630754024051 -0.0713645883768609795572 -0.147424906096043695225
20688 1161.756000 28.4831628453698542103 -0.0713577048718238432512 -0.147448733941924564617
20689 1161.765000 28.4830915380525446778 -0.0713498039440858822235 -0.147474709921307983729
20690 1161.775000 28.4830140982373265501 -0.071339809938450474136 -0.147504365822100941275
20691 1161.783000 28.4829536167317485251 -0.0713312477552777851608 -0.147525809234024224414
20692 1161.792000 28.4828867960348439681 -0.0713214434868786745225 -0.147545050062264843094
20693 1161.801000 28.482820689772353262 -0.0713117313054609236467 -0.147557402250271946231
20694 1161.810000 28.4827549917957831838 -0.0713026693226993663055 -0.147561742539308898836
20695 1161.819000 28.4826895003285081032 -0.0712945633326421968068 -0.147557899728564784203
20696 1161.828000 28.482623394705285591 -0.0712874673650765594557 -0.147545966771200465217
20697 1161.837000 28.4825569471735491334 -0.0712818768058974261415 -0.147527350959459846447
20698 1161.845000 28.4824970525622376272 -0.0712780900455341204225 -0.147506073895737083168
20699 1161.854000 28.4824287022436664074 -0.0712750890183557611612 -0.147478283059130882426
20700 1161.863000 28.4823597196709243917 -0.0712736008382451879939 -0.147448424976837910716
20701 1161.871000 28.4822975464353334019 -0.0712732571560556471546 -0.147421261678071929824
20702 1161.880000 28.4822268261323969796 -0.0712736885996212987671 -0.147391344471353880063
20703 1161.889000 28.4821558703148234315 -0.0712749816162148303045 -0.147363646498649497607
20704 1161.898000 28.4820844160892789887 -0.0712765853691331996433 -0.147338731133237949011
20705 1161.906000 28.482020774610006697 -0.0712780988051888164669 -0.147319511015090109929
20706 1161.915000 28.4819495486508813542 -0.0712797251023876560216 -0.147301542966158827141
20707 1161.923000 28.4818863333551455241 -0.071280752427859986331 -0.147288538019428871806
20708 1161.932000 28.4818155549264240278 -0.0712812698401902311574 -0.147276991280127306227
20709 1161.941000 28.4817452071893875143 -0.071281036983080012237 -0.147268280353149733086
20710 1161.950000 28.4816756403438660072 -0.0712798607177279330838 -0.147261738529809588227
20711 1161.958000 28.481614087269004898 -0.0712780739559476517186 -0.147257129088699034725
20712 1161.964000 28.4815680476238952679 -0.0712762915502550553626 -0.147254069545268539976
20713 1161.969000 28.4815298139209147621 -0.0712744834347904115956 -0.147251650608195755465
20714 1161.975000 28.481484169149553054 -0.0712720648494106490123 -0.147248721225734152673
20715 1161.980000 28.481446285704620891 -0.0712697672351814276448 -0.147246103811413481255
20716 1161.986000 28.4814008652802286292 -0.0712668587131383146627 -0.147242785303760365112
20717 1161.992000 28.4813554648566906735 -0.0712636070727034887096 -0.147238830991063995857
20718 1161.998000 28.481309935174795811 -0.071260306610296322849 -0.147234391717720236592
20719 1162.003000 28.481271975939129959 -0.0712574483769956024126 -0.147230249362743315089
20720 1162.009000 28.4812266292155698011 -0.0712540669647900026806 -0.147224765276321584162
20721 1162.014000 28.4811885131367219515 -0.0712511961323707559979 -0.147219544072413166536
20722 1162.020000 28.4811428833904045632 -0.0712477638904231297401 -0.147212750934058972385
20723 1162.027000 28.4810894463973802715 -0.0712440499425235906905 -0.147204042954056146808
20724 1162.032000 28.4810512681358893872 -0.0712414590919920598378 -0.147197306321690868369
20725 1162.037000 28.481012932891999867 -0.0712390195937782771951 -0.147190217254045990769
20726 1162.043000 28.4809669066902024781 -0.0712363204125874005523 -0.147181369621230406786
20727 1162.049000 28.4809206982380445083 -0.0712337616052537425659 -0.147171954122716691638
20728 1162.059000 28.480843329408937592 -0.0712300946388286226885 -0.147155701073193867501
20729 1162.068000 28.4807735936432919743 -0.0712274241996743023853 -0.147140633989562202855
20730 1162.077000 28.480703958137688403 -0.0712253023399961049389 -0.147125527210216350271
20731 1162.085000 28.4806418197378690138 -0.0712235956976095679893 -0.147111980018301224948
20732 1162.094000 28.4805720276670406577 -0.0712221422379605700881 -0.147097091187151918223
20733 1162.103000 28.4805025383187633281 -0.07122096193081049742 -0.147082716170234967246
20734 1162.112000 28.4804330293553640274 -0.0712197493557881894377 -0.1470686807299966814
20735 1162.121000 28.480363806425508244 -0.0712186114379513568462 -0.147055311271650029914
20736 1162.130000 28.48029477106502938 -0.0712172681011152136632 -0.147042385143645093493
20737 1162.139000 28.4802257543867654022 -0.0712158108182359278482 -0.147030048509720845384
20738 1162.148000 28.4801572449637205864 -0.071214010316103193432 -0.147018183167793942134
20739 1162.158000 28.4800810080408979275 -0.0712116558965566887052 -0.147005426012379675216
20740 1162.167000 28.4800125806882746815 -0.0712092587398205911775 -0.14699424145846257117
20741 1162.175000 28.4799519346366771799 -0.0712068679491809769511 -0.146984449165080827138
20742 1162.184000 28.4798836042867939966 -0.071203850271315413667 -0.146973524239740610531
20743 1162.193000 28.4798152488419873407 -0.0712006963782823992792 -0.146962579660811554216
20744 1162.202000 28.4797470351277794975 -0.0711974400408553198538 -0.146951660833383401794
20745 1162.211000 28.4796784751925358137 -0.0711939372181755320002 -0.146940388626076390288
20746 1162.220000 28.4796101144975217778 -0.0711905701139368962682 -0.146929138797457448096
20747 1162.229000 28.4795414712762244847 -0.0711871588884330497304 -0.14691752541342373295
20748 1162.239000 28.4794652313228660034 -0.0711835098360623363956 -0.146904399871815610767
20749 1162.248000 28.4793964206528507077 -0.0711804187236165231134 -0.146892358309806264627
20750 1162.256000 28.4793352403464261613 -0.0711778195119919521172 -0.146881531029275869127
20751 1162.265000 28.4792666453389813341 -0.0711750087394879826785 -0.146869178220322693651
20752 1162.274000 28.4791978390069324689 -0.0711724256429452084571 -0.146856673018526978636
20753 1162.282000 28.4791367323784427867 -0.0711702646234126656832 -0.146845521575761667199
20754 1162.289000 28.4790833701631527219 -0.0711683981859387165825 -0.146835691476271429368
20755 1162.298000 28.4790150016814287426 -0.0711662068809609388298 -0.146823167992647413138
20756 1162.305000 28.4789617028362229689 -0.0711644639701241588092 -0.146813267424278776074
20757 1162.310000 28.4789236505033294122 -0.0711632363173897580788 -0.146806281655655734841
20758 1162.316000 28.4788782876459549698 -0.0711618482766107895987 -0.146798004518984254174
20759 1162.322000 28.4788326675725969039 -0.0711603246314326254307 -0.146789607461152410428
20760 1162.328000 28.4787872551125182952 -0.0711588689011729280676 -0.1467812853244157556
20761 1162.333000 28.4787495401647205995 -0.0711576570521821882842 -0.146774452180688547154
20762 1162.338000 28.478711823825111793 -0.0711563710489916123603 -0.146767582548671171594
20763 1162.347000 28.4786437131542591317 -0.0711540688441787555485 -0.146755323152558125877
20764 1162.356000 28.4785759917464638136 -0.0711515990195541875307 -0.146743165318782259332
20765 1162.364000 28.4785157112190638884 -0.0711493515773791718182 -0.146732428562842992514
20766 1162.371000 28.4784629455323283764 -0.0711474023663004190299 -0.146723162938019846546
20767 1162.379000 28.4784026029872663344 -0.0711449118546357561765 -0.146712429027990004515
20768 1162.387000 28.478342326275718932 -0.0711424840874271963154 -0.146701839847192594402
20769 1162.396000 28.4782746399791086844 -0.0711397237487498002029 -0.14668991379743326342
20770 1162.406000 28.4781992732492277298 -0.0711365455250332484605 -0.146676696258662642158
20771 1162.412000 28.4781540954761176465 -0.071134690094364946833 -0.146668789403032323593
20772 1162.420000 28.4780939884882293711 -0.0711321773484348413019 -0.146658276480180843615
20773 1162.426000 28.4780486510990087368 -0.0711302154678582349012 -0.146650259386219922186
20774 1162.434000 28.4779885730987452064 -0.0711277375646756637728 -0.146639634430797916043
20775 1162.442000 28.4779283474848163848 -0.071125270877960902749 -0.146628985473434503284
20776 1162.451000 28.4778604409546929332 -0.0711225797400620446398 -0.146616964756271617176
20777 1162.460000 28.4777928869424883374 -0.0711198668719520560311 -0.14660491510308382157
20778 1162.469000 28.47772513793164606 -0.0711172575822438118864 -0.146592807079949399851
20779 1162.478000 28.4776574499455215062 -0.0711146400162234043618 -0.146580716791536974641
20780 1162.488000 28.4775825458977003279 -0.0711119120623608935716 -0.146567311411242434671
20781 1162.497000 28.4775149496036590335 -0.0711093125024019750979 -0.146555048126303349987
20782 1162.506000 28.4774477091376603255 -0.071106875221772683493 -0.146542985554007770821
20783 1162.516000 28.4773727729827221822 -0.0711040818174381583638 -0.146529395074387197573
20784 1162.525000 28.4773056918700433471 -0.0711015402771068560916 -0.146517239009457733712
20785 1162.534000 28.4772384377488272378 -0.0710990354323361439803 -0.146505066049370941128
20786 1162.543000 28.4771712504552922951 -0.0710964545835549716069 -0.146492950278914207951
20787 1162.552000 28.4771042756516088446 -0.071093923209752205028 -0.146480799370656222802
20788 1162.561000 28.4770372372085383006 -0.0710912762376972179323 -0.146468695524277103814
20789 1162.571000 28.4769629540183224492 -0.0710884492177494831111 -0.146455336370622274389
20790 1162.580000 28.4768959830851500215 -0.0710857716214820106737 -0.146443198649300249103
20791 1162.589000 28.4768291389311229977 -0.0710831432780121286186 -0.146431172599543052426
20792 1162.599000 28.4767547820499515865 -0.0710801387907973869495 -0.146417678203156320649
20793 1162.608000 28.4766878745734679512 -0.0710774265944714295218 -0.146405647376358666323
20794 1162.617000 28.476621154538225511 -0.0710747909425448742837 -0.146393574799920933582
20795 1162.626000 28.4765543549533859391 -0.0710720721684756223668 -0.14638154013574591894
20796 1162.636000 28.4764803303622144881 -0.0710692057699022633477 -0.146368245232908783526
20797 1162.644000 28.47642103584188078 -0.0710668764315484230432 -0.146357553875087448292
20798 1162.654000 28.4763470017950446334 -0.0710639277632209992452 -0.146344161299298947121
20799 1162.663000 28.4762804356882632817 -0.0710612533795173251239 -0.146332052857450850558
20800 1162.673000 28.4762063329422652203 -0.0710583373459709455311 -0.146318672475298311442
20801 1162.682000 28.47613993447147962 -0.0710557769364519309363 -0.146306602170896193904
20802 1162.691000 28.4760734823712482466 -0.0710531331324329579191 -0.146294561756634522443
20803 1162.700000 28.4760070793919091159 -0.0710505727188937286076 -0.1462825020626137007
20804 1162.710000 28.4759335303867899825 -0.0710477188967424677646 -0.146269142615482738989
20805 1162.719000 28.4758673429030082502 -0.0710451585988736561417 -0.146257129149933662315
20806 1162.729000 28.4757937480757128412 -0.0710422364403422990087 -0.146243633694702085402
20807 1162.738000 28.4757275542024288484 -0.0710395966464175548927 -0.146231590995479054929
20808 1162.748000 28.4756542965297043679 -0.0710367932713239919051 -0.146218262735442416922
20809 1162.757000 28.4755881606371659132 -0.0710340917348942085807 -0.14620608458214592873
20810 1162.766000 28.4755223549018765539 -0.0710315325477768738649 -0.146194115944352304171
20811 1162.775000 28.4754563959112765303 -0.0710288729319737965895 -0.146181998326578521663
20812 1162.784000 28.4753905770795334718 -0.0710262753260967882873 -0.146169983780913059768
20813 1162.794000 28.4753173769862506504 -0.071023314838268403193 -0.146156495129422303592
20814 1162.803000 28.475251527011945285 -0.071020646177782031927 -0.146144465568739861938
20815 1162.812000 28.4751858794209553594 -0.0710180534256859147257 -0.146132392803555305472
20816 1162.821000 28.4751201657357064789 -0.0710153732512353863537 -0.146120358278815781761
20817 1162.831000 28.4750473608361609479 -0.0710125412267739175576 -0.146107065631882471202
20818 1162.840000 28.4749817333953387788 -0.0710098844575418330916 -0.146094978817755322131
20819 1162.850000 28.4749089881865096174 -0.0710069512265072838586 -0.146081590623244494953
20820 1162.859000 28.4748434327365487206 -0.0710043504869951463965 -0.146069540793065194562
20821 1162.869000 28.4747706659496202519 -0.0710014247240047663423 -0.146056182847919380219
20822 1162.878000 28.4747054532321577369 -0.070998889958204053352 -0.146044258938851478913
20823 1162.887000 28.4746400198563662798 -0.0709961915459949716167 -0.146032124757664888426
20824 1162.896000 28.4745749235828320423 -0.0709936411675383266529 -0.146020198782508658919
20825 1162.906000 28.47450234768536248 -0.0709907185028153114859 -0.146006761299628917694
20826 1162.915000 28.4744373729851503185 -0.070988067933883750027 -0.14599473768103685134
20827 1162.924000 28.4743722125807359191 -0.0709854691209226423831 -0.145982688038077734749
20828 1162.933000 28.474307111374947965 -0.0709828151141931318335 -0.145970683527240407962
20829 1162.942000 28.4742422210211145739 -0.0709802346791385263547 -0.145958630351677359771
20830 1162.952000 28.4741700280338250195 -0.0709772961414120995283 -0.145945259026777657274
20831 1162.961000 28.4741053215302954982 -0.0709747374226759597526 -0.145933328461495787076
20832 1162.971000 28.4740331742269709991 -0.0709718050674389561161 -0.145919887792819835681
20833 1162.979000 28.473975757861019531 -0.0709694912404212896462 -0.145909268511558276593
20834 1162.989000 28.4739037985577887468 -0.070966540262604071998 -0.145895816745240020085
20835 1162.998000 28.4738390721665837191 -0.0709638806313816622451 -0.145883817962047357408
20836 1163.007000 28.4737745544079530191 -0.0709612963666847729183 -0.14587177364801853785
