20162 667.943000 -0.337317078353392030277 0.0309656762766229130823 -0.0442282077594709499557 -0.0244629415024826719904 -0.040722584688248610052 0.998870980452107648517 2.98710341608555474124
20163 667.949000 -0.337317691806351294126 0.030947129604032258543 -0.0442342406920078062837 -0.0244678342283600122609 -0.0406898540842876854651 0.998872194458716999854 2.98711739213581584096
20164 667.955000 -0.337318626732567128368 0.0308901773094428788724 -0.044253815468046298065 -0.0244960040195213689385 -0.0403038073836309018727 0.998887155236996227003 2.98714832223082948914
20165 667.962000 -0.337320156971597284734 0.0309373325563835135932 -0.0442283210555743516723 -0.0244610922654674121934 -0.0406740126490217485111 0.998873004770980621458 2.98713654700999287073
20166 667.970000 -0.337322650305368565427 0.0308780562991235185688 -0.0442432374479652737453 -0.0244836402472273402531 -0.0402899517835673404154 0.998888017320020638046 2.98717919753188843046
20167 667.977000 -0.337324640223280014517 0.0309236276839212689826 -0.0442219810809787103323 -0.0244543880945150386708 -0.0406517220665250089695 0.998874076345937056409 2.98716444436238326432
20168 667.986000 -0.337327545548884277782 0.0309274657777211629817 -0.0442136409893909981816 -0.0244477379432363195466 -0.0406596792075918089804 0.998873915264681722093 2.98717604998463048815
20169 667.994000 -0.337330728611610619616 0.0309050447680905004955 -0.0442180874650625541089 -0.0244506320144375031977 -0.0406246645119660160228 0.998875269103898122403 2.98720804873219281106
20170 668.002000 -0.337333724375366295067 0.0308430488237662267514 -0.0442398241944608541787 -0.0244807284666277887031 -0.0402364441484360790824 0.998890245470458570942 2.98725661071006642899
20171 668.009000 -0.337336154393438336641 0.030887585354649221836 -0.0442183184390969041822 -0.0244488675836121334417 -0.0406043407135259701302 0.99887613866239621796 2.98725398089691962511
20172 668.017000 -0.337338793981495355112 0.0308782611583611962813 -0.0442201655314979485967 -0.0244489548528438460639 -0.040593663900068452377 0.998876570481945003088 2.98727722667878170526
20173 668.023000 -0.337340976627651889519 0.0308197427290262532251 -0.0442400125889327311413 -0.0244740843640713114093 -0.0402166122590447497331 0.9988912069354429768 2.98732301365035013418
20174 668.030000 -0.337342662861163100629 0.0308652144693604413295 -0.044223678946458323813 -0.0244463118006230800683 -0.0405830086571462231304 0.998877068135854639941 2.98731111914281877162
20175 668.036000 -0.337345156006938429183 0.0308074473642885211799 -0.0442431773652030430055 -0.0244737426644116538854 -0.0402223653014929793947 0.998890983666160359178 2.98737136631601307712
20176 668.043000 -0.337345911396126574289 0.0308536141258607676807 -0.0442267827388616169282 -0.0244418101520359719314 -0.0405789839682867345405 0.998877341807588248201 2.98734691759064219241
20177 668.051000 -0.33734843847023038288 0.0307956459468763932286 -0.04424775712764311697 -0.0244694498489044370837 -0.0402175676415827895727 0.998891282010753500664 2.98740434896310391721
20178 668.057000 -0.337348969565517298186 0.0307910666375782147985 -0.0442492537569873778391 -0.0244650706378028021115 -0.0402081413369571802341 0.998891768756212439229 2.98740967217650998933
20179 668.063000 -0.337350488683337945695 0.0308403937884414967863 -0.0442278372939818864573 -0.0244345794630408882919 -0.0405971409068180064117 0.99887678092778620087 2.98741741319825049317
20180 668.071000 -0.337350784549911630883 0.0308360626416848554454 -0.0442334832031883312675 -0.024433521814071951922 -0.0405767950738449220682 0.998877633503371886725 2.98739998664949091278
20181 668.079000 -0.337352557389560325785 0.0307806577499785093133 -0.0442529272452216598799 -0.0244616426301334163873 -0.0402164725795956801147 0.998891517319618782444 2.98744995658658796245
20182 668.088000 -0.337352557503002803418 0.0308292811366518912375 -0.0442356088811253211901 -0.0244309624385749130093 -0.0405747840517383315251 0.998877777795401655681 2.9874187173475692525
20183 668.096000 -0.337353450346171479524 0.0307745973297353023201 -0.0442539795345670561311 -0.0244563438557057616363 -0.0402005762221659471156 0.998892286944201512888 2.98745342652730094812
20184 668.104000 -0.337354587962060858963 0.0308253262970280828004 -0.0442296022687200807155 -0.0244264183080446020679 -0.0405951653609908022502 0.99887706082277916142 2.98746259021944426948
20185 668.112000 -0.337354272914493269475 0.0308230236536252491519 -0.0442330787268750968977 -0.0244270960935877995412 -0.0405728417044972783367 0.998877951249529050237 2.98743809346287880757
20186 668.121000 -0.337354894784434977684 0.0308210101221567632501 -0.0442317458287659892591 -0.024425810016239158512 -0.0405693456200432872594 0.998878124698409974869 2.98744378431714441291
20187 668.130000 -0.337356472505554338959 0.0308047379165990661831 -0.044233841645517003871 -0.02443013504591923582 -0.0405649803940146755354 0.998878196211765989609 2.98748996033227376401
20188 668.138000 -0.33735602790335927903 0.0308160289322878394591 -0.0442300404529352431116 -0.0244271195002677549146 -0.0405634388182973468218 0.998878332563157389501 2.98745636830180361088
20189 668.146000 -0.337356699512749713676 0.0307606368935492910377 -0.0442523774421401117074 -0.0244597443489624442881 -0.0401805619517179371525 0.998893008959231609722 2.98748573387106519661
20190 668.155000 -0.337357318195828648211 0.030810293194907203973 -0.0442301130969195571696 -0.0244295815700642168777 -0.0405531681918160635814 0.998878689378203676874 2.98746818666849023316
20191 668.163000 -0.337358321828340412818 0.030754893012418356435 -0.0442473068470357611126 -0.0244560669696048151034 -0.0401840431575124640284 0.998892958962016686009 2.98751305282164114629
20192 668.171000 -0.337358291692970824194 0.0308053074772151533334 -0.044233585787155388358 -0.0244352496369552793509 -0.0405526351736923001967 0.998878572377868700904 2.98748523641553465069
20193 668.179000 -0.337359391300475763842 0.0308008359411520993287 -0.0442304751462920114902 -0.0244309359893133855313 -0.0405441043088185376631 0.998879024192860787146 2.98749751647021177803
20194 668.188000 -0.337360010379976482664 0.0307979070320310611975 -0.0442325703064707365098 -0.0244318001211123597693 -0.0405364282568877326574 0.99887931459562029346 2.98749904954725442607
20195 668.196000 -0.33736076638346335077 0.0307937826271288718483 -0.0442323629416539187975 -0.0244325760013971646223 -0.0405372350297302092015 0.998879262877190976511 2.98751712727034313133
20196 668.204000 -0.337361676395038501131 0.0307380114881088788159 -0.0442516414694755222392 -0.0244592601473550864954 -0.0401624679132013689964 0.998893748485876309395 2.98755738671923953831
20197 668.212000 -0.337362920030879143152 0.0307874484144303843525 -0.044228785987588940809 -0.0244304450322976700327 -0.0405561786383583020021 0.998878546035391168267 2.98757174121227508934
20198 668.220000 -0.337362723782248241644 0.0307839843476013612367 -0.0442338870086247740177 -0.0244315838613421293379 -0.0405344078048861175545 0.998879401876889949641 2.98755248054003930136
20199 668.229000 -0.337363306854995159689 0.0307812779310868214755 -0.0442368187801072745846 -0.024432381232722951564 -0.040527817194931647915 0.99887964979806898036 2.98755374754162028594
20200 668.237000 -0.337363846779830667266 0.0307780228448295313515 -0.0442362703863367345836 -0.0244320820121164371252 -0.0405298480280302866885 0.998879574717282059382 2.98756894594541400068
20201 668.245000 -0.337364685494321303594 0.0307230042106486564424 -0.0442538606191751823782 -0.0244574065961815946546 -0.0401631293664448454916 0.998893767275621291546 2.98761417296629883111
20202 668.254000 -0.337365708624481175359 0.0307210207958744790924 -0.0442541756396641131066 -0.0244592601830215423953 -0.0401703617396716450294 0.998893431067099935028 2.98762879641001832809
20203 668.262000 -0.33736548812294703259 0.0307181825730667643071 -0.0442548882012848490697 -0.0244571086533866000057 -0.0401589303291437632604 0.998893943394961070226 2.98762665519481274146
20204 668.271000 -0.337366057431525423471 0.030715856879415269487 -0.0442549267545078867103 -0.0244554628321358782927 -0.040153303631155039255 0.998894209886697748146 2.98763135626854836602
20205 668.279000 -0.337365983570208916031 0.0307878127617232065505 -0.044228518723712327565 -0.0244255848851339003869 -0.0405662514029479018274 0.998878255870119469151 2.9875927903111185735
20206 668.287000 -0.337366619314402371721 0.0307645465842889750951 -0.0442357198239912152715 -0.02442688690736668361 -0.0405249062966416412346 0.998879902273372866084 2.98761576101351433721
20207 668.295000 -0.33736731703452699227 0.030710347953699597412 -0.0442538851373089486829 -0.0244528102363388913365 -0.0401504462549410398586 0.998894389681449057505 2.98764959643438343662
20208 668.303000 -0.337368278418206823943 0.0307613340108618196767 -0.0442298418250403682639 -0.0244232256701261869758 -0.0405441174735240925098 0.998879212210445066589 2.98765803390068596102
20209 668.311000 -0.33736787213123908824 0.0307590963199371111858 -0.0442338836309291716375 -0.0244240728315216447386 -0.040522025420602840462 0.998880087959577056544 2.98763429281619918854
20210 668.320000 -0.33736829656441391645 0.0307574241370693751696 -0.0442358712532568976172 -0.0244249568753058393655 -0.0405147583483119466674 0.998880361123201443441 2.98763163683797472459
20211 668.328000 -0.337368745201970410275 0.0307548005063484689026 -0.0442347605546034861046 -0.0244250270760248758273 -0.0405159588360043190769 0.99888031071391869542 2.98764424131575800914
20212 668.337000 -0.337369149074130680876 0.0307664686546270139955 -0.0442262196479639435598 -0.0244185463938369033687 -0.0405403381290936754011 0.998879480005666398057 2.98764859658012849053
20213 668.343000 -0.337370504327902387409 0.0306988075697094339733 -0.0442523099467347635905 -0.024453427893815878752 -0.0401555856434120048148 0.998894167970699853321 2.98770141500616315255
20214 668.352000 -0.337370147391846231244 0.0307480925916865793779 -0.0442348909072393381425 -0.0244246942302470092245 -0.0405119072475234182074 0.998880483182511325069 2.98766785375062449148
20215 668.360000 -0.337370848672176038008 0.0306935485015774507656 -0.0442536604700674920942 -0.0244514077406418166294 -0.0401372005102126339082 0.998894956336603079272 2.98770319703414566348
20216 668.368000 -0.337371863191278875682 0.0307440073862758102285 -0.0442302719109419067989 -0.0244226541224876608771 -0.040530844087026007827 0.998879764858216834256 2.98771395254959815091
20217 668.375000 -0.33737176941938923358 0.030688998230610581297 -0.0442532363171504322663 -0.0244514660370446293425 -0.0401407459244310649282 0.998894812442866597557 2.98772476554249521996
20218 668.384000 -0.337371938767422885341 0.0306739163056302943655 -0.0442648302488821976386 -0.0244615746239538779661 -0.0401108660116807763663 0.998895765230141452484 2.98773135632039643639
20219 668.391000 -0.337372388474216133858 0.0307365418516195865184 -0.0442364578968580807183 -0.0244255223325517203947 -0.0405046191127581417524 0.998880758493881693028 2.98770680707123847952
20220 668.400000 -0.337372968920680138538 0.0307339838950664856476 -0.0442357486370386632224 -0.0244239043272265546336 -0.0405031722185768897071 0.998880856727991650601 2.9877175007316547628
20221 668.407000 -0.337374069164268264309 0.0307323932638627478342 -0.0442318233193122467561 -0.0244233324780669704135 -0.0405239181400085454743 0.998880029277414260847 2.9877534818591597876
20222 668.415000 -0.337373564590398800078 0.030743716780416881218 -0.0442288907988657858938 -0.0244196724390271756311 -0.040525810696326290683 0.998880041979704591526 2.98772509584280099304
20223 668.422000 -0.337373932181431246402 0.0307286940225377815106 -0.0442385563340690346479 -0.0244254074893690380221 -0.0404959718531639201178 0.998881111911045227458 2.98772744536721468478
20224 668.428000 -0.337374088815535044805 0.0307407419977679986778 -0.0442297815443850605988 -0.0244201121465932695365 -0.0405237428186112150219 0.998880115124291978468 2.98773314562831471264
20225 668.435000 -0.337374720433490593585 0.0307247536019465208867 -0.0442387747705300232726 -0.0244253834926990258392 -0.0404939597500629938631 0.998881194069141997716 2.98774158555818036831
20226 668.443000 -0.337375142394944926849 0.0307220224557258544951 -0.0442377963286618505756 -0.024425376376958050223 -0.0404953066874935430075 0.998881139638310489026 2.9877546667647512102
20227 668.451000 -0.337376022750601245459 0.0306533581621365423808 -0.0442625014967228114227 -0.0244555867371907126318 -0.0401028923913131427059 0.998896231997693728744 2.98780506941043766389
20228 668.458000 -0.337376803121768209515 0.0306660914524603638032 -0.0442552586069849054895 -0.0244533947538377142983 -0.0401352508199261936994 0.998894986035386289736 2.98781183404172967499
20229 668.466000 -0.337376507742687792302 0.0306635457269848060724 -0.0442559083750826282033 -0.0244516144253115602636 -0.0401234587465770023429 0.998895503348677382682 2.98780770610904689022
20230 668.474000 -0.337376647002153473576 0.0307145290329048636924 -0.0442389530861687224617 -0.024424192020989419355 -0.0404867200433420282302 0.998881516669646862816 2.98777487473644853821
20231 668.481000 -0.337377934313036309533 0.0307124339852362197856 -0.0442324719650871930887 -0.0244212491915927233654 -0.0405118567587131814256 0.998880569462577749817 2.98782120495033121088
20232 668.489000 -0.337377383379026118959 0.0307105165559381429463 -0.0442367445209329857025 -0.0244220649892873849229 -0.0404899639310503864364 0.998881437189880538874 2.98779598975756899293
20233 668.497000 -0.337377923862271500433 0.0306553784464465052528 -0.0442597151777053970934 -0.0244541210543485244833 -0.0401093078952995812925 0.998896010295175496019 2.98782659881705914273
20234 668.504000 -0.337378238207742653376 0.0307062134430006357377 -0.0442377798560435117614 -0.0244227781304913738047 -0.0404857160209575253629 0.998881591935029566898 2.98780867408201178392
20235 668.512000 -0.337378877354521655718 0.0306521695945111902204 -0.0442552071674712083071 -0.0244484638731990028271 -0.0401179677977684598367 0.998895801009303530016 2.98784866056807452139
20236 668.519000 -0.337379870010062143937 0.0306506803613134752584 -0.0442554791662255822549 -0.0244510135869914733975 -0.0401254117535043350329 0.998895439606258483956 2.98786342353618383783
20237 668.526000 -0.337379359097220055119 0.0307008263635316532014 -0.0442370779759778190443 -0.0244210928861414572344 -0.0404838462022599557266 0.998881708921991462446 2.98782876145211373498
20238 668.532000 -0.337380562260637506533 0.030647176273356058207 -0.0442557014794536518476 -0.0244508986570389080795 -0.0401228669516567812425 0.99889554464040064552 2.9878748263233161353
20239 668.537000 -0.337379981961974939608 0.0307102093048326370284 -0.044230448332813664114 -0.0244155813996118700726 -0.0405005113821230028348 0.998881168088930126991 2.98783092871959565784
20240 668.541000 -0.337380158440496513705 0.0306966046772804250498 -0.0442382576284534936861 -0.0244220027548478213486 -0.0404793874595894206947 0.998881867375886800531 2.9878408298820771094
20241 668.546000 -0.337380007623645061798 0.0306964905716609372244 -0.0442419265408210485302 -0.0244268571440186786636 -0.040483923844010262505 0.998881564831515800229 2.9878427035084103025
20242 668.552000 -0.337380589241920658683 0.0307078450055647336758 -0.0442301239514052840773 -0.0244159053549462823351 -0.040502678278434664505 0.998881072309397599618 2.98784502888648484387
20243 668.557000 -0.337380740540148105211 0.0307139624855658523173 -0.044230954245538647851 -0.0244194250020389989897 -0.0405172824655563243446 0.998880393993283099974 2.98783794720124618038
20244 668.562000 -0.337381501235802683247 0.0306389356245045686722 -0.0442560064716638473792 -0.0244476979376302659686 -0.0401093078884405054851 0.998896167520058497757 2.98789309481728260209
20245 668.568000 -0.337382502395467687162 0.030676191082495970347 -0.0442408502101893086333 -0.0244239563267852829997 -0.0404741373388109587639 0.9988820323561869996 2.98790366740375468169
20246 668.575000 -0.337382283772226732044 0.03063514124386248344 -0.0442562670330093332893 -0.024447776621331622493 -0.0401071158663703422609 0.998896253609530160311 2.98790632468501682339
20247 668.581000 -0.337381839917881454216 0.0306874289536527566913 -0.0442424823042356502034 -0.0244261332358473130799 -0.0404784321445044448229 0.998881805093208785529 2.98787333871616933578
20248 668.589000 -0.33738269935015069434 0.0306839682538764049746 -0.0442390015111720630303 -0.0244211350690219028414 -0.0404718702491386056463 0.998882193194211343013 2.98788428250009285847
20249 668.597000 -0.337383404030253353234 0.0306294183186699361943 -0.0442576048954764766918 -0.0244477824240831587144 -0.0400972629358615148543 0.998896649028115035662 2.98791989250427958424
20250 668.605000 -0.33738311697041944992 0.0306810461947973830976 -0.044242819794703680536 -0.0244259216639256468429 -0.0404745292422802188659 0.998881968419434218553 2.98789528848042262865
20251 668.613000 -0.337383972256122044442 0.0306775622486564827907 -0.0442393401092411042708 -0.0244209787625464906646 -0.040467897768923677404 0.998882357961358380294 2.98790639684518311014
20252 668.620000 -0.337384300450282725858 0.0306763169915223524176 -0.0442407209122627209652 -0.0244212105844312868386 -0.0404627378160559575404 0.998882561326415396863 2.98790437889146254236
20253 668.628000 -0.337384709269755389549 0.030673618358222895508 -0.0442398090839702246013 -0.0244213749789497086562 -0.040463943699835573653 0.998882508458524331907 2.9879172648660681233
20254 668.636000 -0.337385439538828435513 0.0306190066017815280819 -0.0442571255487809109286 -0.0244472031498976609398 -0.0400965140119065727164 0.998896693268248148101 2.98796076958260847789
20255 668.643000 -0.337385458299606866284 0.0306172754140181108129 -0.0442617093423346638636 -0.0244515995328591848046 -0.0400842871425837257715 0.998897076382024184937 2.98795440405227985536
20256 668.651000 -0.337386742500318248528 0.0306680185440961969312 -0.0442346541105831173035 -0.0244180949391668740411 -0.0404836807295995276812 0.998881788919051993858 2.98797175942855064434
20257 668.659000 -0.337386251550130522592 0.0306658741847238743017 -0.0442390252793266672282 -0.0244192144197908495018 -0.0404617261597200877921 0.998882651107374175403 2.98794738561267525512
20258 668.666000 -0.337386219197527648106 0.0306650241090930184007 -0.0442435951924604886631 -0.024425083495286738916 -0.0404642290581649771708 0.998882406223563612535 2.98794969258488318786
20259 668.674000 -0.337387009236384038946 0.0306617392970301647082 -0.0442401556135596438213 -0.0244200559040462332472 -0.0404571271203410728901 0.998882816818275287574 2.98795894298622677354
20260 668.681000 -0.337387397796412469297 0.0306602701896478702093 -0.0442391419202274455147 -0.0244180498051982455832 -0.0404565619202330792326 0.998882888751882469514 2.9879662377970248599
20261 668.689500 -0.337388629370044434985 0.0306060953157453949358 -0.0442579063939620015455 -0.0244485259202708478388 -0.0400966174176147979735 0.998896656742824129438 2.98801395897276611535
20262 668.696000 -0.337388092074622392147 0.0306562826797273403623 -0.0442395439001201373763 -0.0244186417166377608967 -0.0404550161849021941429 0.998882936886096639562 2.98797909298295572
20263 668.704000 -0.337388667008340303877 0.0306021205186194182601 -0.0442589219878391851304 -0.0244457986450275430168 -0.0400791890408314782634 0.998897422929119427337 2.98801133816048336556
20264 668.712000 -0.337389712539793440449 0.0306525632970710143477 -0.0442354377179942567788 -0.0244169863214846981359 -0.0404731229323314345425 0.998882243860146235015 2.98802291553320387152
20265 668.720000 -0.337389293172270399168 0.030650136033528320445 -0.0442398711650341044943 -0.024418132090202868123 -0.0404509470265942625011 0.998883114137924077447 2.98799964543797358374
20266 668.728000 -0.337389872532288248586 0.0305959723140151566845 -0.0442592423593075531829 -0.0244452698380975309844 -0.0400751523394824171742 0.998897597828481198512 2.98803196300557871723
20267 668.736000 -0.337389643828090945998 0.0306474763520101708969 -0.0442444810753166023476 -0.0244233949232104848026 -0.0404526903967172210552 0.998882914870452887079 2.98800853768488661188
20268 668.742000 -0.337390378887961361887 0.03064477237889266098 -0.0442400732133376717314 -0.0244173964209921899593 -0.0404480227260064773009 0.998883250540110179116 2.98801842002928585984
20269 668.748000 -0.337391610358543536652 0.0305910417996465150425 -0.0442586400851413125368 -0.0244472135036311877254 -0.0400870656664128674485 0.998897072234253946554 2.98806494998790928008
20270 668.757000 -0.337391214158724306316 0.0306404622248531363637 -0.0442412254627977188925 -0.0244184101516782617325 -0.0404434771513155488787 0.998883409813965950086 2.98803087811978995703
20271 668.764000 -0.337391573476971184942 0.0306391097205148156546 -0.0442402040172163030229 -0.0244163141253385292118 -0.0404427533917439269162 0.998883490354419256718 2.98803739287546177295
20272 668.769000 -0.337392683223394995728 0.030637920588838130076 -0.0442361202625492638818 -0.0244156217342314067753 -0.0404643306829273741165 0.998882633424825083779 2.98807344248913775431
20273 668.774000 -0.337392282468877813262 0.0305841674149264081128 -0.0442597565156786151852 -0.0244443951680339451038 -0.0400682097882079715778 0.998897897739922768778 2.98807296085051854462
20274 668.779000 -0.337392335359050166144 0.0306349873069763807554 -0.0442414321639734223202 -0.0244178684739023640904 -0.0404403350220818094685 0.998883550271248088492 2.98804997497303581611
20275 668.786000 -0.337392605408214918405 0.0306339282299300866286 -0.0442428156518366449967 -0.0244179720914606927795 -0.040434991649079161935 0.99888376405329537544 2.98804694739055243247
20276 668.793000 -0.337393898948732673393 0.0306317627862637831271 -0.0442364413838488082509 -0.0244153111210467198278 -0.040460009790686410347 0.99888281604530571034 2.98809372191306721334
20277 668.800000 -0.337393645283467269458 0.0305773418996992778218 -0.0442591137806910284169 -0.0244438625120979788341 -0.0400698939629282116504 0.998897843216857372894 2.98810191262159108305
20278 668.806000 -0.337393228132509104267 0.0306295601708113686412 -0.0442453622179293931671 -0.0244223031034933382721 -0.0404411731995392154104 0.998883407921748456282 2.98806936750030649463
20279 668.813000 -0.337394204510188699953 0.0305740777263916740925 -0.0442600707169860593804 -0.0244446289137971103922 -0.0400660465139735522122 0.998897978791631668827 2.98810996244994209192
20280 668.820000 -0.337394436323493418506 0.0305718390105244250399 -0.0442639477690243421382 -0.024448434425415666027 -0.040055361556377476473 0.998898314176540180753 2.98810880919720256443
20281 668.827000 -0.33739474485950377014 0.0306226067464468315604 -0.0442421490552431656562 -0.0244174340870853025243 -0.04043177043764570322 0.998883907594811715214 2.98809125645383621972
20282 668.837000 -0.337395082636306076207 0.0306336368159876269723 -0.044234409874708432997 -0.0244115648788939924863 -0.0404540122478581967713 0.99888315052022658147 2.98809301914617897467
20283 668.845000 -0.33739566682866728442 0.0306184412831133415112 -0.0442412803311173150056 -0.0244151999090286148109 -0.0404295404773632113815 0.998884052465645932983 2.98810782124935236936
20284 668.853000 -0.337395992894705398779 0.0305638933795991593612 -0.0442643136805235121178 -0.0244475675603238323808 -0.0400500828980800346879 0.99889854705082037345 2.98813525923000700146
20285 668.861000 -0.337396624637681830094 0.030561541358187633427 -0.0442614135159287505616 -0.0244447877558482962179 -0.0400552911754582449677 0.998898406245810832615 2.98815047897363195162
20286 668.867000 -0.337396631015174031099 0.0306133963552074686576 -0.04424392872620978856 -0.0244168266854267353161 -0.0404216246169874920957 0.998884333062610929588 2.9881165995146123926
20287 668.872000 -0.337397124148725524595 0.0305590255242779024192 -0.0442609353608040753669 -0.0244439228897683179242 -0.0400557816993507842529 0.998898407740353211359 2.98816029601156385453
20288 668.876000 -0.33739666521095146301 0.0306118574139896890141 -0.0442463678261489357091 -0.024421355812177327621 -0.0404292238988555041601 0.998883914794522653757 2.98812855941945487714
20289 668.882000 -0.337397338903887955563 0.0306093184857143853217 -0.0442419522808229631616 -0.0244152537075688243207 -0.0404243986115596781739 0.99888425925293700125 2.98813759929952782457
20290 668.887000 -0.337397212060938034295 0.0306091100704221560913 -0.0442464956382222704412 -0.0244211520158960984639 -0.0404277367536318849028 0.998883979967241097953 2.98813843593388162034
20291 668.893000 -0.337397922855619258886 0.0306064664582767105572 -0.0442420953403496186596 -0.0244151024068632316322 -0.0404229077890574314824 0.998884323282901442909 2.9881478064460198496
20292 668.898000 -0.337397741725719568784 0.0306064539891586981368 -0.0442466084518505498036 -0.0244207969058880605684 -0.0404260125240922529866 0.998884058432150223616 2.9881471999386919336
20293 668.903000 -0.337398692351999429651 0.0305515848630743720726 -0.0442604426743939821653 -0.0244419499014889018973 -0.04005299457964895532 0.998898567778638724057 2.98818872811311342375
20294 668.908000 -0.337399512382844546377 0.0305510474829521275208 -0.0442606366285511546033 -0.0244442117275382592156 -0.0400608175968962462732 0.998898198720213681412 2.98819906415278202516
20295 668.913000 -0.337398981315241930368 0.0306015743945072388188 -0.0442421272448481617268 -0.0244138379741087874208 -0.0404186477028193880123 0.99888452657614512642 2.98816490057419237303
20296 668.918000 -0.337400055373654916835 0.0306004961128530997283 -0.0442380332656576377715 -0.024413059444239978979 -0.0404400104704016466473 0.998883680956759612002 2.98819990146273584131
20297 668.925000 -0.337399806121201240039 0.0305460994757597720239 -0.0442606727600002303191 -0.0244415521732472655614 -0.0400497955727013577043 0.998898705776490314356 2.98820783913323806402
20298 668.933000 -0.337399822213834577056 0.0305973785222036775977 -0.0442446081083360809316 -0.0244152062832628490019 -0.0404116008467784240676 0.998884778249796934091 2.98817108270403775094
20299 668.941000 -0.337400283912122400665 0.0305945212128631467696 -0.0442437280499168653081 -0.024415527327492244497 -0.0404128630027820318071 0.998884719339143134498 2.98818494247845301004
20300 668.949000 -0.337401033368834646353 0.030539866406366911189 -0.0442610172927398459741 -0.0244414247745267966538 -0.0400452951400014009464 0.998898889323709848753 2.98822848775662208709
20301 668.957000 -0.337401019834874860148 0.0305259227180029527049 -0.0442722939643124882569 -0.0244497075402030049351 -0.0400082801851550026728 0.998900169845728269635 2.98822435490312310336
20302 668.965000 -0.33740234987732009575 0.0305367120601521407908 -0.0442613667977398428377 -0.0244434424986073560448 -0.0400513298014270671676 0.998898598006801918814 2.98824768632480930464
20303 668.972000 -0.337401825120351328557 0.030586812482893598053 -0.044243058760675427199 -0.0244136999629892027797 -0.0404100745361619870244 0.998884876815190780874 2.98821433178343243142
20304 668.980000 -0.337401758019971964586 0.030602098869984044327 -0.0442368259109212833002 -0.0244090607337061754611 -0.0404303411043299004701 0.998884170097957713175 2.98819983200504024623
20305 668.988000 -0.337402182854565635406 0.0305841177092183030828 -0.0442477093002946880729 -0.0244191363271984429595 -0.0404115055845190307426 0.998884686036093816242 2.98822301457314143391
20306 668.996000 -0.337403030168886786111 0.030580665616625032216 -0.0442442638522680259383 -0.0244142818215549138594 -0.0404047321688723523603 0.998885078706003848303 2.98823350384129993174
20307 669.004000 -0.337403696858976642758 0.0305264430751494217353 -0.0442616928200470494126 -0.0244402773043072840675 -0.0400368181351386243083 0.998899257202097601294 2.98827421987320418495
20308 669.012000 -0.337403704425121464539 0.0305777320459360568705 -0.0442456637103226940733 -0.0244139878892355478845 -0.0403986055675565752798 0.998885333691280741242 2.98823739489333695118
20309 669.020000 -0.337405036399255342516 0.0305232562637588467069 -0.0442620287841205967139 -0.024442352189529531481 -0.0400426829242653409269 0.998898971349790443242 2.98829318001895760659
20310 669.028000 -0.337404759754003635841 0.0305205342524391340375 -0.0442628188824686005787 -0.0244410088025338138873 -0.0400309854738357048798 0.99889947306558724005 2.98829097110615649058
20311 669.035000 -0.337405125534531058484 0.0305190305206284734352 -0.0442630851371113576143 -0.0244400617207527828811 -0.0400254890928994563892 0.998899716491080114089 2.98829308604069465716
20312 669.043000 -0.337404859173099092029 0.030570603889421767152 -0.0442484131864713803317 -0.0244183330343236970617 -0.0404026732813342337458 0.998885062959471103916 2.98826882513765035299
20313 669.050000 -0.337405815302284639579 0.0305151482275886620776 -0.0442630950929831512575 -0.0244406737593846068446 -0.0400274147410476857645 0.998899624354386950209 2.98830916638013599496
20314 669.057000 -0.337406181249469139249 0.0305136472952999143748 -0.0442633596964374376181 -0.0244397060876636526561 -0.0400219233444026462054 0.998899868063943263685 2.9883112657075807661
20315 669.064000 -0.337407149397404848568 0.030512486117747705805 -0.0442625804845658832321 -0.0244416662017140837171 -0.040035548680863189408 0.998899274098798195531 2.98832956558609375008
20316 669.071000 -0.337406618231239074923 0.0305625781283498793028 -0.044244301778939690295 -0.0244120176203458973119 -0.0403942768975209046123 0.998885556903106985871 2.98829644481046274862
20317 669.079000 -0.337407239919044865673 0.030508271931595269677 -0.0442636330867347202456 -0.0244393136887210496444 -0.0400183728055020712655 0.998900019914117254238 2.98832941316453615244
20318 669.086000 -0.337408208712630941495 0.0305071125400806428263 -0.0442628555854416572135 -0.0244412750216518002977 -0.0400319984362455943971 0.998899425956645603542 2.98834770591374532245
20319 669.094000 -0.337407932713222724619 0.030504398366294968592 -0.0442636458851288633332 -0.0244399027786731323775 -0.0400203065678345626388 0.998899928028020966941 2.98834545547659136133
20320 669.102000 -0.337408194643443626326 0.0305549840459110114144 -0.0442445335063997302605 -0.0244107595564517880493 -0.040387977418194838386 0.99888584237536581778 2.98832241173490587016
20321 669.110000 -0.33740853296988770893 0.0305003867082312765668 -0.0442675442464512958196 -0.0244432121313190899026 -0.0400084675997096350653 0.998900321303895721847 2.98835018640958738345
20322 669.117000 -0.337408864671835784232 0.0305510630444673150774 -0.0442458185626174518856 -0.0244123687810648588858 -0.0403851661988702190231 0.998885916710004817531 2.98833353058538087055
20323 669.122000 -0.337408995985033377529 0.0305508397018009886237 -0.0442470840573968432485 -0.0244122455852823008748 -0.0403807874174193157102 0.998886096746287255321 2.98832820924356701298
20324 669.126000 -0.337409264428707389438 0.0305491521210406041797 -0.0442450265475101967017 -0.0244111268547007806418 -0.0403853673347200209376 0.998885938929427230626 2.98834174364786298028
20325 669.133563 -0.337409523341126504903 0.0305481557968048864082 -0.0442472362134080227092 -0.0244120862642374543416 -0.0403789958110554320081 0.998886173065539173521 2.98833725391682092365
20326 669.141000 -0.337410089040678318195 0.030492820108875457602 -0.0442679526245859378264 -0.0244425182223054759945 -0.0400038135375954534423 0.998900524679710799525 2.98837620223959188337
20327 669.147000 -0.337410510971643318179 0.0304916115216971178592 -0.0442642533530375678619 -0.0244388202785408674422 -0.0400124196388563502236 0.998900270466495099342 2.98838924646279524566
20328 669.155000 -0.337410719196942432418 0.0305423536571485312874 -0.0442451327030226188031 -0.0244096032299716651781 -0.0403799263899795729538 0.998886196127914960385 2.98836529507959536289
20329 669.163000 -0.337410668288541604198 0.0305540180175606045088 -0.0442431449789433550723 -0.0244110606606722305156 -0.0404013044099273549437 0.998885296077281048532 2.9883583527158457116
20330 669.171000 -0.337411382328707043499 0.0305516683576434640301 -0.0442392550521355093496 -0.024406858915174182989 -0.040399455783946235099 0.998885473520491173893 2.98837016999645710413
20331 669.178000 -0.33741203939426284153 0.030484228243205166442 -0.0442638165639226907611 -0.024437327767833180725 -0.0400089322729754934271 0.998900446666205032997 2.98841688239785119308
20332 669.186000 -0.337412049280081283165 0.0305354628129173646944 -0.044247842111643377605 -0.0244112122039861802192 -0.0403707599956289880927 0.998886527317346062382 2.98838047151849028893
20333 669.194000 -0.337413377697472094408 0.0304809789204948111685 -0.0442641903785285090178 -0.0244395706444677160429 -0.0400147669381239537434 0.998900158080677225136 2.98843618488937856625
20334 669.202000 -0.337413097555372576419 0.0304782640044333544282 -0.0442649921907594806614 -0.0244382168356080953231 -0.0400030084016122916557 0.998900662166522179675 2.9884338489395427807
20335 669.210000 -0.33741351246416106946 0.0304642734334253303952 -0.044271968533418852576 -0.0244420160211373319048 -0.0399771818704314080284 0.998901603153444117567 2.98844402725141700117
20336 669.218000 -0.337413688335254369211 0.0304742579276058578319 -0.0442689168379823555499 -0.0244415351100810453178 -0.0399910869117311995602 0.998901058328141577825 2.98843843571462208786
20337 669.226000 -0.337413686352269370783 0.0305261450208702649067 -0.0442506841806826894947 -0.0244150175073270768455 -0.0403735841927228555903 0.998886320168391517171 2.98841947861452261748
20338 669.233000 -0.337414602832688814704 0.0304708666191756474828 -0.0442653492491571001755 -0.0244374663612146915403 -0.0399986010659347662743 0.99890085701765862769 2.9884592797980040757
20339 669.242000 -0.337414679687913443562 0.0305356127284213754725 -0.0442388215835413378674 -0.0244037236800032433792 -0.0403911089194925396195 0.99888588767226238474 2.98842851437568857165
20340 669.250000 -0.33741510828925347365 0.0305200501131634785446 -0.0442486795162783871915 -0.0244101385134723528059 -0.0403607874581605602371 0.998886956553898697209 2.98843281707980201745
20341 669.258000 -0.337416422301701213193 0.0304656034955347668203 -0.0442650260174396181778 -0.0244385035908476835886 -0.0400046691760012063099 0.998900588640510678218 2.9884882011574607219
20342 669.266000 -0.337416724055437378116 0.0305160130044081490119 -0.0442418769460393782045 -0.0244066077910622576674 -0.0403853307857870713615 0.998886050835357308664 2.98848650193488296622
20343 669.274000 -0.337416708948224619569 0.0304473264892229228407 -0.0442724562086589945586 -0.0244408185903907532177 -0.0399706208728764084137 0.998901895009549178894 2.98850172413560466467
20344 669.281000 -0.337416530844742879047 0.030512845877548683271 -0.044249020212018493059 -0.0244094998437196925023 -0.0403559544511691709046 0.998887167430693612147 2.98845691890038533955
20345 669.286000 -0.337417041634654746307 0.0304583822211430682581 -0.0442659974167690165037 -0.0244366311209247080716 -0.0399900530280595037369 0.998901219700062625861 2.98850128425000693966
20346 669.292000 -0.337417076722322684112 0.0305100700777497582661 -0.0442491956133305372467 -0.0244095394408264110275 -0.0403541752730206676469 0.998887238341906624761 2.98846663153639235944
20347 669.298000 -0.337417464946373812928 0.0305076331711446949169 -0.0442480871143094284248 -0.0244094969078788651129 -0.0403566115759980206801 0.998887140953775842789 2.98848067788156557256
20348 669.306000 -0.337418078694367296055 0.0304535384842579241738 -0.0442654680470995903763 -0.0244353849055661195844 -0.0399884268916015223061 0.998901315285575130964 2.98852044731302513014
20349 669.314000 -0.337418301081823246435 0.0305041441506362573377 -0.0442471343520996762688 -0.024407238023647088998 -0.0403549722083079362434 0.998887262382559315554 2.98849518258902691059
20350 669.322000 -0.337418578899080612299 0.0304497032227492789302 -0.0442701048617059056411 -0.0244395797229298855635 -0.0399752533211378338618 0.998901739944864419662 2.98852181870700794875
20351 669.331000 -0.33741985847108557639 0.0304482918389001842863 -0.0442658864604238630469 -0.0244372812146452615678 -0.0399934516279651791626 0.998901067730792791011 2.98854728153959570136
20352 669.338000 -0.337419316611554442886 0.0304984247371368616397 -0.0442476654824106863106 -0.0244077120438381187095 -0.0403520193408534802448 0.998887370091293247398 2.98851362846526891204
20353 669.345000 -0.33742043475407501596 0.0304455563489974823099 -0.0442671102315439768393 -0.0244367857111717282081 -0.0399862285273917955619 0.99890136902111681394 2.98855101086504459929
20354 669.352000 -0.337420041435734729962 0.0304956421247711412237 -0.0442475459327089995498 -0.0244063102916434980505 -0.0403520224395499602088 0.998887404216804775103 2.98852586926680707791
20355 669.360000 -0.337420426312854793149 0.030493116969257771931 -0.0442488597667731672902 -0.0244085241412166017994 -0.0403476486041454210363 0.998887526802374470236 2.98853073179137007642
20356 669.367000 -0.337420647609142920764 0.0304920241609677594719 -0.044250188068654092155 -0.0244085570873754133248 -0.0403414401112658568826 0.998887776755057354983 2.98852675151745916793
20357 669.374437 -0.337420621494362360515 0.0304909672539372018918 -0.0442525686743719393057 -0.0244129877323519435539 -0.0403496381367324657985 0.998887337357028726181 2.98853778552228899201
20358 669.382000 -0.337421375840918247313 0.0304877450108664918571 -0.0442491674184657540758 -0.0244083796492366097985 -0.0403429964896171791566 0.998887718233204435769 2.98854742819415974964
20359 669.389000 -0.33742172642509254965 0.0304863581931594587737 -0.0442481977073677507084 -0.0244064312079725932725 -0.040342166072657205389 0.998887799381019902967 2.98855410295659273956
20360 669.397000 -0.337422316554634615926 0.0304321256394860135963 -0.0442676108032556761551 -0.0244342198510015887192 -0.0399679944648801271923 0.998902161534716226399 2.98858714602603825483
20361 669.404000 -0.337422469153746629189 0.0304302554457491665485 -0.0442711904242300141599 -0.0244381901216437456836 -0.0399625038756570225007 0.998902284083666880399 2.98858789703631178014
20362 669.412000 -0.337423649766001143568 0.0304813485378955806304 -0.0442442346187542981384 -0.024404809380757820636 -0.0403617753706983217743 0.99888704685165174979 2.98860322605788697459
20363 669.419000 -0.337423338750167223221 0.0304271151120374810928 -0.0442668002856086290064 -0.0244332260105333681777 -0.0399713119319355381087 0.998902053100882425518 2.98861019537570138382
20364 669.426000 -0.337423434119690335287 0.0304251367772329535388 -0.0442714502618782590471 -0.0244380882326966711315 -0.0399590855361704189175 0.998902423326044397456 2.98860529669170515987
20365 669.432000 -0.337423608233710481397 0.0304894225949935392117 -0.0442419500574913818203 -0.0244018386815068842599 -0.0403595278122183126479 0.998887210241344747352 2.98858145268225516844
20366 669.437000 -0.337424182452766452389 0.0304229106513640920606 -0.0442680477104507238972 -0.0244333732151631316531 -0.0399622511727081020094 0.998902412027590558274 2.98861865463965603595
20367 669.444000 -0.337425119781450788548 0.0304217961819188698058 -0.044267282854194817121 -0.0244354605368989827308 -0.0399759712022218563487 0.998901811988940568909 2.98863697713566311975
