19204 1150.895000 -0.30401255081111627776 -0.00887139806550829926324 -0.0480931491910759761899 -0.026050884209931214619 -0.0501685367695351644435 0.998400956204612444189 2.92551993936449994393
19205 1150.902000 -0.304012799880547968101 -0.00887392475562328447714 -0.0480936399178691770251 -0.0260526792426954457993 -0.0501690427682571424284 0.998400883939910110954 2.92553083964071669598
19206 1150.910000 -0.304013162892186106223 -0.00887694340440082010901 -0.0480938326270575408627 -0.0260534045869776943738 -0.0501697177645851546957 0.998400831093829377316 2.92554366711028412951
19207 1150.920000 -0.304013725810337753774 -0.00888037486987598365107 -0.0480936548556210458072 -0.0260529340715041149434 -0.050170500418006802601 0.998400804043182210634 2.92555821925573056319
19208 1150.929187 -0.304014308377457409538 -0.00888349201318740233635 -0.0480930163540547739309 -0.0260514006826138809492 -0.0501707268411711315714 0.998400832677288296857 2.92557073494298158778
19209 1150.939000 -0.304014949916034671329 -0.00888631094787355885201 -0.0480921336836718574248 -0.0260493150182750932142 -0.0501707844838408800747 0.998400884200006499825 2.9255818047842123697
19210 1150.949000 -0.304015511983829311848 -0.00888840021134535210323 -0.0480912019131698592611 -0.0260471634170814161924 -0.050170730475199404319 0.99840094304918847179 2.92558970154881370362
19211 1150.958000 -0.304015912863703885449 -0.00888990801434805244519 -0.0480903031890043131114 -0.0260451555785282048983 -0.0501704913294949775282 0.998401007446730992534 2.92559489152787310928
19212 1150.967000 -0.304016185828756002607 -0.0088910638614265319335 -0.048089444999856414964 -0.0260431949247547714354 -0.0501702909368324651007 0.998401068662000401588 2.92559845300927223732
19213 1150.976000 -0.304016323058091342268 -0.00889162879207285039573 -0.0480887471655574022522 -0.0260414471774535055681 -0.050170406859152874568 0.998401108425111427636 2.92559985578940429107
19214 1150.986000 -0.304016341211150342705 -0.00889171266819651154312 -0.0480881191471261015824 -0.0260396899395154944601 -0.0501708813579524876003 0.998401130413833270971 2.92559955640324487192
19215 1150.995000 -0.304016255170822757847 -0.00889171936670808335523 -0.0480876897322300017601 -0.0260382746868709005761 -0.0501716766924187804189 0.998401127357738338297 2.92559923259874254953
19216 1151.004000 -0.304016116979416328725 -0.00889145704996950614341 -0.0480873689995439668188 -0.026037065530385265083 -0.050172760972035858329 0.998401104403941141996 2.92559832384627194202
19217 1151.013000 -0.304015958023157062406 -0.00889114914173651585405 -0.0480871402108078438431 -0.0260360838617798781569 -0.0501740803786946409915 0.998401063699000057561 2.92559769166996153089
19218 1151.023000 -0.304015804372709641523 -0.00889078474563395962371 -0.0480869391197742898636 -0.0260352550525090979672 -0.0501756573524396731756 0.998401006060992135538 2.92559746556574928888
19219 1151.032000 -0.304015701841627405955 -0.00889070203459072297414 -0.0480868435778391833946 -0.0260348234245832595157 -0.0501771851076662847579 0.998400940536376735324 2.92559865010754993619
19220 1151.041000 -0.304015659155194239993 -0.00889083953948421878977 -0.0480867895972901665536 -0.0260346610598478044041 -0.0501786729585151566879 0.998400869993421480331 2.9256010552402078595
19221 1151.050000 -0.304015679566878971318 -0.00889134181481213495268 -0.0480867896974361413998 -0.0260347750411739665977 -0.0501800789932216120826 0.998400796354244501885 2.92560511605047990358
19222 1151.059000 -0.304015829856466912595 -0.0088921371671418225624 -0.0480867829989837305971 -0.0260351251899184621408 -0.050181342849947380147 0.998400723700719860965 2.92561071609677325611
19223 1151.068000 -0.304016015545558515587 -0.00889303749618196651139 -0.0480868071561568674599 -0.0260355994215180977513 -0.0501822634460373298571 0.998400665062976866437 2.9256166381086057271
19224 1151.077000 -0.30401622380451026606 -0.00889435876727664304076 -0.0480868820285252282498 -0.0260362558966136629912 -0.0501829919096503790366 0.998400611328880471795 2.92562402629053996961
19225 1151.086000 -0.304016471662368004125 -0.00889574901070497650601 -0.0480869659967627718911 -0.0260369921723118541435 -0.0501834846146268012679 0.99840056736289584105 2.92563163091312850028
19226 1151.096000 -0.304016741438436488565 -0.008897287691742163801 -0.0480870891224200042169 -0.026037936314228803808 -0.0501838465062962452157 0.998400524550307255645 2.92563994368734414664
19227 1151.105000 -0.30401697745308986498 -0.00889898575422194693108 -0.048087244249196726964 -0.0260387525949812535797 -0.0501839259099202475434 0.998400499270490682235 2.92564830808025222453
19228 1151.114500 -0.304017188441346952743 -0.0089005634407128067509 -0.0480874161068463173985 -0.0260395465113085165798 -0.0501838919728650953433 0.998400480270287715712 2.9256560152292179211
19229 1151.124000 -0.304017361287108711654 -0.00890211027445278468839 -0.0480876234127844484623 -0.0260403967888216056337 -0.0501837892843617489058 0.998400463255172621047 2.9256635633871779234
19230 1151.133000 -0.304017470384879140433 -0.00890365408724077406211 -0.0480878353975370681495 -0.0260410058514785498762 -0.050183579814499834626 0.998400457898154680692 2.92567060405993117911
19231 1151.142500 -0.304017531678255403804 -0.00890495373521670019468 -0.0480880399876657121938 -0.0260414971684062301893 -0.0501833837840608490422 0.998400454936399506245 2.92567656317239332964
19232 1151.152000 -0.304017531369959570497 -0.00890609967241457953224 -0.048088249120156099925 -0.0260419260212684383626 -0.0501832394108821799872 0.998400451007176337193 2.92568193757633965291
19233 1151.161000 -0.304017496163557388034 -0.00890722824896938991657 -0.0480884331169907988657 -0.0260421094783664132388 -0.0501831333356937206447 0.998400451553648315972 2.92568699123805320284
19234 1151.171000 -0.30401742960060984533 -0.00890809580678853657476 -0.0480885879778870026224 -0.0260421812701380379906 -0.0501831531123370158665 0.998400448686997177283 2.92569120480912570059
19235 1151.180000 -0.304017347740616172835 -0.00890886799781921354113 -0.0480887004518580074564 -0.0260421147643133711613 -0.0501832802102480796114 0.998400444033325618065 2.9256949817322595031
19236 1151.189000 -0.304017280449823124044 -0.00890958940436586965816 -0.0480887798581713793444 -0.0260419149506044451947 -0.050183491178011158107 0.998400438641175669297 2.92569869570881824217
19237 1151.198000 -0.304017225216878239635 -0.00891038842430042291043 -0.048088830448380651128 -0.0260416512307992641106 -0.0501838391453030829847 0.998400428029661668461 2.92570278430421648608
19238 1151.207000 -0.304017191603418834855 -0.00891106746299843641146 -0.0480888455795806940563 -0.0260413865581675847694 -0.050184301544381651472 0.998400411690936295805 2.92570663215695159209
19239 1151.216000 -0.304017192952799775174 -0.00891177205590757207099 -0.048088839251537826569 -0.02604110386596122928 -0.0501848211825484946669 0.998400392944793435568 2.92571075794142876347
19240 1151.226000 -0.30401726143816476533 -0.00891253352119930966624 -0.0480888133146003676766 -0.0260407829026749297607 -0.0501854068053390889315 0.998400371879737735803 2.9257155217493897581
19241 1151.235000 -0.304017346364750584709 -0.00891337645583411761208 -0.0480887904071509372783 -0.0260406119260852032815 -0.0501860197357562112797 0.99840034552958634162 2.9257205101622840715
19242 1151.244000 -0.3040174671456656319 -0.00891429692565217507427 -0.0480887726387850197862 -0.0260405072619265647027 -0.0501866036942388432651 0.998400318905787842461 2.92572590922315667328
19243 1151.253000 -0.304017628685925522802 -0.00891531382689979626233 -0.0480887703216444084564 -0.0260404670299369429831 -0.0501871227008519535384 0.99840029386607886952 2.92573177094856484715
19244 1151.262000 -0.304017806455688988088 -0.008916522048730619876 -0.0480887956702240604301 -0.0260405413306693533926 -0.0501876101589878026443 0.998400267424711218567 2.92573832376310472014
19245 1151.271000 -0.304017994913788336397 -0.00891755804784380087802 -0.0480888313918982346351 -0.0260407496845529232155 -0.0501880347839096380147 0.998400240645201053624 2.92574430920545625057
19246 1151.280000 -0.304018180544834371037 -0.00891875388867961749195 -0.0480889028590598399671 -0.0260410351848531472496 -0.0501883665269148362964 0.998400216522343009196 2.92575080936773002094
19247 1151.289000 -0.304018365468244788907 -0.00892011030571772042808 -0.0480890133878421541236 -0.0260413686779946765282 -0.0501885895436427198479 0.998400196613059898176 2.92575781593416728299
19248 1151.299000 -0.304018558027821628187 -0.00892138645155383935847 -0.0480891435681116904965 -0.0260418264969297791334 -0.050188767379436553806 0.998400175731973926752 2.9257646857867491974
19249 1151.307000 -0.304018685335465721487 -0.00892260805338359469507 -0.0480892841507078797059 -0.026042219318473454337 -0.0501888415627848097356 0.998400161756574533456 2.92577076702004079678
19250 1151.317000 -0.304018829247022726037 -0.00892385042415210633093 -0.0480894577486655483423 -0.0260426946288759529613 -0.0501888451988897060785 0.998400149175704521021 2.92577729726221269502
19251 1151.326000 -0.30401893387803230473 -0.00892504653040233214556 -0.0480896304170954497215 -0.0260431087320595680557 -0.0501888197078429187936 0.998400139655390761462 2.92578330684148157914
19252 1151.335000 -0.304019004838453066331 -0.00892619149578630782793 -0.0480898079188388713479 -0.0260435298367085281412 -0.050188811527292299941 0.99840012908208419784 2.9257890442541407694
19253 1151.344000 -0.304019055766812817954 -0.00892728877979246521202 -0.048089981759521921445 -0.0260438880961156860039 -0.0501887869385643989317 0.99840012097278529879 2.92579454608170008711
19254 1151.353000 -0.304019102698466048285 -0.00892835721848983868143 -0.0480901491279490597708 -0.0260441595864461007681 -0.0501887546740572842996 0.998400115512665053963 2.92579993133043370079
19255 1151.363000 -0.304019137463076349892 -0.00892949525314573958057 -0.0480903198659961353401 -0.0260444307824898163561 -0.0501888049563068636139 0.998400105910588253622 2.92580569605050033744
19256 1151.372000 -0.30401915963439474222 -0.00893047705257149840308 -0.0480904590682986882166 -0.0260446151364996277 -0.0501888903002840544576 0.998400096811302151245 2.92581075216481512058
19257 1151.381000 -0.304019195325731017565 -0.00893145195223382648564 -0.0480905846607419112937 -0.026044718798296218748 -0.0501889991065892562827 0.998400088637514282475 2.92581584680814232868
19258 1151.390000 -0.304019237905442885062 -0.00893241674331202856196 -0.0480906938460216731857 -0.0260447923370585900094 -0.0501891757096827387241 0.998400077841394284484 2.92582093791577602104
19259 1151.400000 -0.304019281538290664368 -0.00893346892542375148327 -0.0480908020532755456355 -0.0260448949065074999987 -0.050189469244354439903 0.998400060409793344007 2.92582659145018064706
19260 1151.409000 -0.30401935065264112934 -0.00893444235311432674584 -0.048090889531874493612 -0.0260449186604984998794 -0.0501897234051275481503 0.998400047013462965673 2.92583187571400715754
19261 1151.418000 -0.304019434256993403842 -0.00893543299620832079388 -0.048090968122681501673 -0.0260449509024197715934 -0.0501900205759419487661 0.998400031233511509043 2.92583726438051305863
19262 1151.428000 -0.304019527429528757523 -0.00893653976437369310104 -0.0480910530251512577382 -0.0260450514400600782738 -0.0501904089475411485655 0.998400009087121009799 2.925843329983909058
19263 1151.437000 -0.304019640321486039891 -0.00893757843744683727616 -0.0480911297963743655792 -0.0260451083404161197465 -0.0501907082261501408249 0.998399992557739146548 2.9258490150862637158
19264 1151.446000 -0.304019763322365355052 -0.00893864217123418319799 -0.048091207090787777001 -0.0260452001581325566504 -0.050191011559912936113 0.998399974913519172581 2.9258547940656121078
19265 1151.456000 -0.304019891760637595013 -0.00893983059759037579362 -0.0480913002287582658223 -0.0260453880896246263432 -0.0501913644354241780809 0.998399952271318724684 2.92586124049795470725
19266 1151.465000 -0.304020026692468303686 -0.00894093610758178725106 -0.0480913913445861207485 -0.0260455334428556888049 -0.0501915999927957379168 0.998399936637538232276 2.92586719310471154998
19267 1151.474000 -0.304020161606149974531 -0.00894205486337475152769 -0.0480914874592738988968 -0.0260457142750067857651 -0.0501918176410977440183 0.998399920978456201226 2.92587315059652430804
19268 1151.484000 -0.304020295938556173176 -0.00894317424991907319876 -0.0480915970048224963862 -0.0260459911116283499011 -0.0501920546652302665414 0.998399901840688053234 2.92587930691677655659
19269 1151.493000 -0.304020418046682394664 -0.00894441145544064633577 -0.0480917168810416559288 -0.0260462062067250248176 -0.0501921946515896805208 0.998399889191847633718 2.92588561310372874402
19270 1151.503000 -0.304020548667851109315 -0.00894553938799477407762 -0.0480918380055349453661 -0.0260464873576820125922 -0.0501923488398140008049 0.99839987410569541737 2.92589171106031775693
19271 1151.512000 -0.304020643032833493002 -0.00894674638726944415623 -0.0480919685123396903337 -0.0260467506577547608382 -0.0501924710156345377232 0.998399861094500185033 2.92589780252225084567
19272 1151.522000 -0.30402076496878244205 -0.00894785853313239537554 -0.048092098582259525108 -0.0260469842940664539355 -0.0501925413617895430085 0.998399851462744236663 2.92590378469307577092
19273 1151.531000 -0.30402084733194290056 -0.00894892679312194253005 -0.0480922246592275989818 -0.0260472477005373355408 -0.0501926609887102040397 0.998399838576759401931 2.92590934229511923093
19274 1151.539000 -0.304020914991455670773 -0.00894997876637261199906 -0.0480923449574875011558 -0.0260474535280931993042 -0.0501927556108927933054 0.998399828449948567588 2.92591461679037578847
19275 1151.548000 -0.304020985984718272732 -0.00895101566067914647395 -0.0480924692353790761423 -0.0260476781804912307927 -0.0501928700795341575791 0.998399816834210196426 2.92592003858310212294
19276 1151.556000 -0.304021051136986297792 -0.00895193407860625511852 -0.0480925783135465467755 -0.0260478576192257650634 -0.0501929790938338213357 0.998399806672224165993 2.92592485272066937796
19277 1151.565000 -0.304021128502679538474 -0.00895296390501950853369 -0.048092699558787498082 -0.0260480246937982613809 -0.05019309531771991989 0.998399796470320510799 2.9259302816387156021
19278 1151.574000 -0.304021205673302097328 -0.00895398772434943812648 -0.0480928159125354401371 -0.0260481884669778486485 -0.0501932455870704660739 0.99839978464291800897 2.92593568094535383395
19279 1151.582000 -0.304021270999821124903 -0.00895488929187236021301 -0.0480929180304553102743 -0.0260483382258361040318 -0.0501934021571382657512 0.998399772864339341005 2.92594046898336124229
19280 1151.591000 -0.304021341965260538664 -0.00895589931744060832597 -0.0480930309893856655634 -0.0260485262814459071767 -0.0501936197289238467123 0.998399757019738487429 2.92594585309185450939
19281 1151.600000 -0.304021420944856457513 -0.00895679926417923891191 -0.0480931339468697038875 -0.0260486925438227837071 -0.0501938236435773080246 0.998399742430252645775 2.92595088679081660743
19282 1151.608000 -0.304021491603158722228 -0.00895781659485609532689 -0.0480932369611765941908 -0.0260488322394347195099 -0.0501940219601127030069 0.998399728815282494487 2.92595611720048109916
19283 1151.617000 -0.304021585877949418464 -0.00895885067549548330668 -0.0480933447695980759162 -0.0260489665783934232213 -0.0501942184334842958493 0.998399715432676360116 2.92596166518290567993
19284 1151.625000 -0.304021668364702013498 -0.00895977100311660598631 -0.0480934390199477396211 -0.0260491081217355362198 -0.0501944148245861490598 0.998399701866181321641 2.9259665952394415811
19285 1151.632000 -0.304021728668575685894 -0.00896079193299009757467 -0.0480935349663919806118 -0.0260492609783161237214 -0.0501946243273951528407 0.998399687345261299676 2.9259716224216290037
19286 1151.638000 -0.30402180931487216009 -0.00896139532426027188294 -0.0480935990117161496493 -0.0260493356107073144312 -0.050194729420355722882 0.998399680114460896796 2.92597505172010441399
19287 1151.643000 -0.304021859888157441887 -0.00896197477271154507861 -0.0480936564831519058894 -0.0260494534807184201231 -0.0501948697148288797143 0.99839966998575635504 2.92597814556676505404
19288 1151.649000 -0.304021927341568520831 -0.0089626749668395011561 -0.0480937289129251127617 -0.0260495583098065454364 -0.0501949906663192099709 0.998399661169750207712 2.92598189545418696511
19289 1151.655000 -0.304021995700060998491 -0.00896338315205822550036 -0.0480937977628316526424 -0.0260496865805688905537 -0.0501951383080510502022 0.998399650400224158986 2.92598564759481183373
19290 1151.664000 -0.304022101707241698687 -0.00896421707946991677685 -0.0480938905670311098173 -0.026049874924594217801 -0.0501953207106283008643 0.998399636315624006144 2.9259905103592513953
19291 1151.672000 -0.30402218859970142617 -0.00896527037500096518619 -0.0480939929628909357273 -0.0260500409889636193317 -0.0501954862668985216101 0.998399623659235402329 2.92599587999291577134
19292 1151.681000 -0.304022295816994136963 -0.00896633787695432296627 -0.0480941022544583846043 -0.0260502075691508919175 -0.0501956324514903629019 0.998399611963265321002 2.9260015329971351683
19293 1151.690000 -0.304022400936365566615 -0.00896740376263266761314 -0.04809421034725469557 -0.026050385271500702683 -0.0501957848206611295661 0.998399599666107917528 2.92600714473179390751
19294 1151.699000 -0.30402249315197937829 -0.00896845514252600853333 -0.0480943210633295731293 -0.0260506045311332777581 -0.0501959643661317178598 0.998399584918241322917 2.92601268917384960133
19295 1151.708000 -0.304022586872329358965 -0.00896938889388861071428 -0.0480944250493804403845 -0.0260508067509684672347 -0.0501961141034378693915 0.998399572113559452546 2.92601782460681958398
19296 1151.717000 -0.304022684702979606453 -0.00897044091010852986945 -0.048094537897253708536 -0.0260509779162261950747 -0.0501962387964954570574 0.998399561378255917532 2.92602337400944145784
19297 1151.726000 -0.304022775665611755258 -0.0089715935502592547568 -0.0480946548362449488589 -0.0260511562353354618471 -0.0501963839982177695287 0.998399549425131649372 2.92602923061373365599
19298 1151.735000 -0.30402285806492257425 -0.00897262243461894454244 -0.0480947677177648025282 -0.0260513723723683060518 -0.0501965603332802309811 0.998399534919875430994 2.92603466175776993907
19299 1151.744000 -0.304022942865967205073 -0.00897353437088068903171 -0.0480948732322032737607 -0.0260515689237554477764 -0.0501967148762540796292 0.998399522021241270231 2.92603969610737735252
19300 1151.752000 -0.304023014117448586724 -0.00897455247596973260116 -0.0480949799138364955664 -0.026051735311273655632 -0.0501968629678397060268 0.998399510233983988883 2.92604487573432470171
19301 1151.761000 -0.304023104131935006933 -0.0089755793221294455364 -0.0480950932665632838181 -0.026051896986747886259 -0.0501970046556134905091 0.998399498891599179728 2.9260503255327252603
19302 1151.770000 -0.304023193764119292748 -0.00897660478509088727295 -0.0480952043444337756783 -0.0260520653971735953458 -0.0501971669065694875433 0.998399486339558994707 2.9260557524534780427
19303 1151.779000 -0.304023273221613321571 -0.00897761875674676912418 -0.0480953169417393661123 -0.0260522724638210731452 -0.0501973681461552398431 0.99839947081850477506 2.92606114087151114589
19304 1151.787000 -0.304023344980352105971 -0.00897863129598284320787 -0.0480954230977731420071 -0.0260524337586860860183 -0.0501975344458443217821 0.998399458248454663156 2.9260663153960546623
19305 1151.793000 -0.304023406940349572025 -0.00897920109927798429372 -0.0480954911344458335698 -0.0260525393748335387656 -0.0501976316607140732318 0.998399450604705585022 2.9260695716674143263
19306 1151.798000 -0.304023456038528372414 -0.00897988182906198084687 -0.0480955603641639584112 -0.0260526290841174949786 -0.0501977341498567666833 0.998399443110835060899 2.92607296870273847489
19307 1151.804000 -0.304023504190706561623 -0.00898054869285647497379 -0.0480956324246059191418 -0.0260527812892493298991 -0.050197885971617159373 0.998399431505785139862 2.92607652699348053105
19308 1151.809000 -0.304023558798010518078 -0.00898112290597173276718 -0.0480956965619483284291 -0.0260528608286590898646 -0.0501979674183059484949 0.998399425335227741485 2.92607959010036644543
19309 1151.814000 -0.304023613667474046363 -0.00898169891608627951607 -0.0480957572277881523215 -0.0260529470391457559919 -0.0501980619875347852665 0.998399418330795596077 2.92608263715915573044
19310 1151.820000 -0.304023663330745264055 -0.0089823681598161682349 -0.0480958288176534312641 -0.0260530993450142182855 -0.0501982136459166519704 0.998399406731232952339 2.92608620620161863357
19311 1151.826000 -0.30402373444213970366 -0.00898306587673093279167 -0.0480959040707519616675 -0.0260531858754123948896 -0.0501983065949067330802 0.998399399799872133698 2.92608990600746343702
19312 1151.833000 -0.304023805032480110011 -0.00898375077632962773522 -0.0480959820442534505269 -0.0260533352951299347622 -0.0501984473446903251004 0.998399388824022571143 2.92609376955799715958
19313 1151.842000 -0.304023907081066746549 -0.00898467910418782045312 -0.048096082297811773576 -0.0260534981481478772336 -0.0501986099929908266559 0.998399376396548077217 2.9260988898377355838
19314 1151.850000 -0.304023985045407008077 -0.00898570015868623353517 -0.0480961875529184457179 -0.0260536619878802278016 -0.0501987747868059899781 0.9983993638353966249 2.92610410129806730595
19315 1151.859000 -0.304024072607815720737 -0.00898672503261033553401 -0.0480962972788126497115 -0.0260538692346924394272 -0.0501989736184969767563 0.998399348430051403191 2.9261095356572210946
19316 1151.868000 -0.304024159825406647961 -0.00898774541088207673534 -0.0480964060130501386281 -0.0260540605302148897682 -0.0501991496152659061325 0.998399334589016973496 2.92611494877237365841
19317 1151.877000 -0.304024257778219952897 -0.00898877851930458479646 -0.0480965158968356815139 -0.0260542199762967101317 -0.050199293705943393018 0.998399323183289721939 2.92612042695686369598
19318 1151.886000 -0.304024354789071415972 -0.00898981042650438474939 -0.0480966236907380412235 -0.0260543881371297497695 -0.0501994506183387340092 0.998399310905419778983 2.92612587381730016034
19319 1151.895000 -0.30402444041875253955 -0.00899082940195950613971 -0.0480967333247636005811 -0.026054596487457962195 -0.050199639962495594403 0.998399295948024789737 2.92613126744367857412
19320 1151.905000 -0.304024544680444153144 -0.00899185577994947998759 -0.0480968490109455748538 -0.0260547856990999728011 -0.0501997978407702633019 0.998399283072118226556 2.92613691815156062859
19321 1151.914000 -0.304024639403759566747 -0.00899287959528911190477 -0.0480969553813916025908 -0.0260549514092026368584 -0.0501999500924010036429 0.998399271092374474001 2.92614232231526472106
19322 1151.923000 -0.304024722542598657693 -0.0089938895919025214909 -0.0480970649222172974557 -0.0260551589169183347994 -0.0502001386393760087867 0.998399256196839113287 2.92614767338280135078
19323 1151.932000 -0.304024804393350112086 -0.00899489463043513792773 -0.0480971759738056392486 -0.0260553531326945982116 -0.0502003109502911423756 0.998399242464468650304 2.92615300566904013024
19324 1151.940000 -0.304024877654060554644 -0.00899589901942851252747 -0.0480972801856245912866 -0.0260555159154992922732 -0.0502004642906009740377 0.998399230506206492031 2.92615812399265617927
19325 1151.949000 -0.304024970091254509441 -0.00899691393172782905019 -0.0480973909059834031643 -0.0260556750269792872232 -0.050200607893504146928 0.998399219133314086427 2.92616351382695905059
19326 1151.958000 -0.30402506643718191226 -0.00899782313548195405994 -0.0480974915616424192333 -0.026055839029632092696 -0.0502007598138983907043 0.998399207214513473296 2.92616852527818283036
19327 1151.967000 -0.304025147824918406947 -0.00899882477230804639357 -0.048097601577472851031 -0.0260560456417367573845 -0.0502009547727320093458 0.998399192019616021909 2.92617384370345989808
19328 1151.976000 -0.304025228713251993717 -0.00899982326124577208804 -0.0480977129620823659617 -0.0260562389685273995688 -0.0502011336197038943174 0.998399177981488361588 2.92617915191855004764
19329 1151.984563 -0.304025301748470477836 -0.00900082285953640592879 -0.0480978174005852535111 -0.0260564011393276187545 -0.0502012924646175057175 0.998399165762145712755 2.92618425379018898269
19330 1151.994000 -0.304025413961177659594 -0.0090018481288092824788 -0.0480979310264182252643 -0.0260565621759395460444 -0.0502014438235157539614 0.998399153948762996258 2.92618989260993966894
19331 1152.003000 -0.304025496304133613368 -0.00900284883696640669815 -0.0480980408080127763704 -0.0260567682239146239387 -0.050201641199714035213 0.998399138646754114035 2.92619520810219979623
19332 1152.010500 -0.304025565439467349016 -0.00900374098879536816087 -0.0480981339802982257869 -0.026056886403734325075 -0.05020175768253651305 0.998399129705413335145 2.92619973896226737153
19333 1152.019000 -0.304025648218636201925 -0.00900474270734397813643 -0.0480982439784819332251 -0.0260570929077052898526 -0.0502019547075922070722 0.998399114409030286055 2.92620505641920658491
19334 1152.028000 -0.304025731012465882941 -0.00900574039633309647579 -0.0480983529418137489841 -0.0260572829321311580375 -0.0502021312436656749756 0.998399100572906483819 2.92621035756639358283
19335 1152.037000 -0.304025829201726327522 -0.00900664797133167438492 -0.0480984566373411151496 -0.0260574397048349837291 -0.0502022718718051347286 0.998399089410110573972 2.92621538172528028454
19336 1152.045000 -0.304025903773812444797 -0.00900764512261048935771 -0.0480985597976664458475 -0.0260576006375693482175 -0.0502024277678921118651 0.998399077370979104451 2.92622046838399718638
19337 1152.055000 -0.304026006532388703985 -0.00900865815630532557057 -0.0480986716144493134384 -0.0260578088064568128002 -0.0502026233387294282262 0.998399062103984547001 2.92622602822942212697
19338 1152.063000 -0.30402608055284341404 -0.00900965510591243690097 -0.0480987767335767646415 -0.0260579727295851132363 -0.0502027801055668077002 0.998399049942905514321 2.92623111075349040533
19339 1152.072000 -0.304026167353748988376 -0.00901054462336250278076 -0.0480988783653532453455 -0.0260581608064016576054 -0.0502029461555645803439 0.998399036684575857947 2.92623603616326377619
19340 1152.080000 -0.304026245469851241765 -0.00901143447159998695062 -0.0480989748673168876492 -0.0260583204892882759618 -0.0502030934624916533315 0.998399025109737325856 2.92624075284871043579
19341 1152.089000 -0.304026338551538544142 -0.00901244120999432352104 -0.0480990847239271684943 -0.0260584783321768098663 -0.0502032358897190611469 0.998399013828245252 2.92624609471422481022
19342 1152.097000 -0.304026412044919314148 -0.00901343174901652818831 -0.0480991874135982405702 -0.0260586388551653017065 -0.0502033883816351556018 0.998399001970664445871 2.92625114512008366319
19343 1152.106000 -0.304026504299670541354 -0.00901443502463249168866 -0.048099294695026162394 -0.0260588045191591788363 -0.0502035451171248675584 0.998398989765466926549 2.9262564486862068236
19344 1152.115000 -0.304026590126752760401 -0.0090153217513832262231 -0.0480993952922773720937 -0.02605900607217323528 -0.0502037275560086662662 0.998398975331010962719 2.9262613527637930666
19345 1152.123000 -0.30402666246182791232 -0.00901630974735888671145 -0.0480995001874963828969 -0.0260591696743002546044 -0.0502038827917233657083 0.998398963254930826849 2.92626639060070692366
19346 1152.132000 -0.304026743128891996371 -0.00901729444596780296828 -0.0480996083913678706967 -0.0260593589144549747649 -0.050204054232841376082 0.998398949694736859151 2.92627162055832590326
19347 1152.141000 -0.304026834760410313852 -0.00901829196140687197603 -0.0480997178047213105878 -0.0260595159368170181668 -0.0502041967887264517501 0.99839893842789007028 2.92627691979247561704
19348 1152.150000 -0.304026925953610416276 -0.0090192890691199872899 -0.0480998251221114170306 -0.0260596814033521514964 -0.0502043546416200414662 0.99839892617138481512 2.92628219454057747484
19349 1152.159000 -0.304027010946408160486 -0.00902017069282036107469 -0.0480999257257310741664 -0.0260598826776155603757 -0.0502045383521287566508 0.998398911679934775165 2.92628707427916978645
19350 1152.168000 -0.304027090933561172648 -0.00902115196812391245684 -0.0481000356926459954332 -0.0260600743190373025648 -0.0502047130274714883957 0.998398897894181125423 2.9262922889050275721
19351 1152.177000 -0.304027178183238155906 -0.00902224957302391605829 -0.0481001517840280168326 -0.0260602327616893149342 -0.050204862643637972186 0.998398886235025817548 2.92629791980697273601
19352 1152.186000 -0.30402726931935425414 -0.00902324368260307846379 -0.0481002590133470034339 -0.0260603979895091195096 -0.0502050210773424196442 0.998398873955320453888 2.9263031798334342426
19353 1152.196000 -0.304027358061729258143 -0.009024224825537510708 -0.0481003729890513501144 -0.0260606312960412339619 -0.0502052316196133843751 0.998398857278228635259 2.92630859507508711559
19354 1152.205000 -0.304027445417111352732 -0.00902532024332038107506 -0.0481004889195031370974 -0.026060789512976335891 -0.0502053809383221846807 0.998398845639756560288 2.92631421450887163616
19355 1152.215000 -0.304027545318079628345 -0.00902631435897458672679 -0.0481006000691201959785 -0.0260609962951330251246 -0.0502055746207550751548 0.998398830502672751663 2.92631967440069828967
19356 1152.225000 -0.304027640453208403137 -0.0090274080240479309678 -0.0481007230448997208372 -0.0260611855199599992683 -0.0502057440393277737423 0.998398817043946396055 2.92632548984163509687
19357 1152.234000 -0.304027727560902460979 -0.00902850034610056320639 -0.0481008361869893208418 -0.0260613513379189774832 -0.0502059069283052883392 0.998398804524498473256 2.92633107124539471044
19358 1152.244000 -0.304027816192006805629 -0.00902947772417152239033 -0.0481009497421571730058 -0.0260615840266261895863 -0.0502061157872822419468 0.998398787947770482987 2.92633646362598121016
19359 1152.253000 -0.304027903334597060514 -0.00903056849805901340478 -0.0481010652475045777376 -0.0260617417129259884567 -0.0502062633176385553213 0.998398776412796284951 2.92634205762369603576
19360 1152.263000 -0.304027998354336581599 -0.00903166092141267917714 -0.048101184435955485208 -0.0260619521513515695066 -0.0502064633379615612996 0.998398760861187617444 2.92634783761530670176
19361 1152.273000 -0.304028097339510861019 -0.009032646245376727695 -0.0481012985116404806485 -0.0260621365033420135382 -0.0502066225958650233507 0.998398748040279615523 2.92635327594563632303
19362 1152.282000 -0.304028183805441776233 -0.00903373279426585018559 -0.0481014112693374309981 -0.0260623018258450134255 -0.0502067838959202039639 0.998398735613365451158 2.9263588271334923796
19363 1152.292000 -0.304028271583870635109 -0.0090347045436540915353 -0.0481015244702993061132 -0.0260625339609068598645 -0.0502069913084013524918 0.998398719123424593924 2.92636418861016078807
19364 1152.301000 -0.304028357929651549263 -0.00903578909668584576154 -0.0481016396633424173079 -0.0260626912278561807812 -0.0502071377433761373288 0.998398707654201134076 2.92636975109086483471
19365 1152.311000 -0.304028456450134154654 -0.00903677275850530217771 -0.0481017500999000938156 -0.026062896902512896341 -0.0502073286192568704611 0.998398692686427224885 2.92637515292143168821
19366 1152.320000 -0.304028531071320051726 -0.00903784123525564614399 -0.0481018657892516091068 -0.0260630888311605066199 -0.0502075063228633114432 0.998398678739820022443 2.92638063123640401741
19367 1152.330000 -0.304028640107066538967 -0.0090388337926428120872 -0.0481019769484523629366 -0.0260632464586669256035 -0.0502076485783592638135 0.99839866747119965229 2.92638608562204982633
19368 1152.339000 -0.304028714821528822654 -0.00903990290686450259638 -0.0481020929737688979211 -0.026063454006277336078 -0.0502078456546274087824 0.998398652142511333629 2.92639156375589548631
19369 1152.349000 -0.304028812529552827648 -0.00904087936678169001858 -0.0481022066872378584179 -0.0260636376848926119842 -0.0502080042786169494784 0.998398639370561724604 2.92639695578274228183
19370 1152.359000 -0.304028906420919509124 -0.00904195834028947639793 -0.0481023231886131413804 -0.0260638441574275459001 -0.0502082007470092614443 0.998398624100356513189 2.92640266831828910199
19371 1152.369000 -0.304028999552443224275 -0.00904303473215267716867 -0.0481024452760825463327 -0.0260640320264581178134 -0.0502083675053228706275 0.998398610809817954603 2.92640839362143578839
19372 1152.378000 -0.304029084889314515916 -0.00904410992643932612478 -0.0481025576423090850398 -0.0260641967719158554329 -0.0502085282215388797877 0.99839859842673150947 2.92641388895259613179
19373 1152.388000 -0.304029171489916261173 -0.00904507156612251519978 -0.0481026704091020718135 -0.0260644280741464361151 -0.0502087350689078837362 0.998398581986146393952 2.92641919718444354359
19374 1152.398000 -0.304029275835511703097 -0.0090461588193786399148 -0.0481027879369488944872 -0.0260645868845760589338 -0.0502088828623673821827 0.998398570407755148182 2.92642495677651082175
19375 1152.407000 -0.304029350109189411278 -0.0090472208780509495718 -0.0481029036498232670516 -0.0260647939775100999371 -0.0502090792492648763101 0.998398555125081688111 2.92643039937119731064
19376 1152.416000 -0.304029428400397705445 -0.00904817776347690422289 -0.0481030104471154434931 -0.0260649808735002389004 -0.0502092478502517980399 0.998398541766951863607 2.92643548456031021843
19377 1152.425000 -0.304029517748941935373 -0.00904914775653416908474 -0.0481031183886943825012 -0.0260651355097226110347 -0.0502093870732933517109 0.998398530728377919807 2.92644063968635892437
19378 1152.433000 -0.304029587839227732893 -0.00905010405278204935198 -0.0481032214637201332996 -0.0260652964803863816667 -0.0502095391946748362266 0.998398518875728280264 2.92644552086357911946
19379 1152.441437 -0.30402966642710449463 -0.00905085955596067470719 -0.0481033085360420553656 -0.0260654498505922330165 -0.0502096755084993282003 0.998398508016421937228 2.92644972379662648976
19380 1152.449000 -0.304029740649192969926 -0.00905171435697137843901 -0.0481034035444569824103 -0.0260656069204414468643 -0.0502098195117876358595 0.99839849667377944531 2.92645426003440434215
19381 1152.458000 -0.304029829323560707444 -0.00905268158450569723761 -0.0481035091827605593151 -0.0260657697274407733345 -0.0502099730679283068335 0.998398484700890431753 2.92645937746689988046
19382 1152.466000 -0.304029903363501441405 -0.00905353478396126593042 -0.0481036041026133148746 -0.0260659266605876363543 -0.0502101167993679320389 0.998398473375394668317 2.92646390531250766287
19383 1152.475000 -0.304029981223775946919 -0.00905448951734710849593 -0.0481037114224943385121 -0.0260661293804821704578 -0.0502103040256104138361 0.99839845866706733446 2.9264689728410000491
19384 1152.483000 -0.304030055075190430713 -0.00905534109469131875958 -0.0481038062598902332878 -0.0260662861856475989997 -0.0502104475304903929977 0.998398447356202423109 2.92647349227363440249
19385 1152.492000 -0.304030132513566531127 -0.00905629008607845495393 -0.0481039126150064610954 -0.0260664723974274037399 -0.0502106147733895405438 0.998398434083724195531 2.92647853598369822592
19386 1152.499500 -0.304030202518307479664 -0.00905704197202944136236 -0.0481039958259892319603 -0.0260665996263897796481 -0.0502107342732102807092 0.998398424752193980325 2.92648251940085035727
19387 1152.507000 -0.30403027611551947107 -0.00905789128538182775063 -0.0481040905569206089787 -0.0260667562650805859081 -0.0502108775251270816886 0.998398413458261413389 2.92648702717716124866
19388 1152.515000 -0.304030349634510366208 -0.00905873986039635106793 -0.0481041852542000020199 -0.0260669128508046396564 -0.0502110207036258887614 0.998398402169358822889 2.92649153115813476234
19389 1152.524000 -0.30403042671462737756 -0.00905968551331171392804 -0.0481042914558066844744 -0.0260670988213035463577 -0.0502111876033533022223 0.99839838892022525485 2.92649655769821537277
19390 1152.532000 -0.304030500080026966359 -0.00906053255259124321053 -0.0481043860828272509811 -0.0260672552959653365534 -0.0502113306302797296476 0.99839837764174665935 2.92650105377019809083
19391 1152.541000 -0.30403059209249905237 -0.00906139204137270184991 -0.0481044871648768773698 -0.0260674076319059727647 -0.0502114625725811059009 0.99839836702874973362 2.92650581544642252041
19392 1152.549000 -0.30403066135628620259 -0.00906233602658343059821 -0.048104587961729255996 -0.0260675653319883716963 -0.0502116110322463893301 0.998398355444964025196 2.92651063446276582525
19393 1152.558000 -0.304030753186656566012 -0.00906319417016671416421 -0.0481046851350114754164 -0.026067723495935214012 -0.0502117555941913873419 0.99839834404504523846 2.92651536554417690539
19394 1152.566000 -0.304030822034415726396 -0.00906413698617702587312 -0.0481047875846485686879 -0.0260678836033228049363 -0.0502119060570462918958 0.998398332297566470928 2.92652017909367767601
19395 1152.574000 -0.304030895071397522234 -0.00906498037688028418524 -0.0481048820325681095178 -0.0260680397935485891336 -0.0502120486507456123548 0.998398321048076020645 2.92652465619085333515
19396 1152.583000 -0.304030976186316859167 -0.00906582466431418709796 -0.0481049803853665011721 -0.0260682371464841314279 -0.0502122264864215614444 0.998398306951364444828 2.92652933145807647719
19397 1152.591000 -0.30403104474532599566 -0.00906676609567018051972 -0.0481050831955314034394 -0.0260683977471753841604 -0.0502123769931647340181 0.998398295188644424591 2.92653413649320004453
19398 1152.598000 -0.304031113815819598045 -0.009067506420624919794 -0.0481051651565641696928 -0.0260685080149827413942 -0.0502124758251560887601 0.998398287338966183846 2.92653806581927078412
19399 1152.606000 -0.304031186603613279296 -0.00906834704873858352125 -0.0481052594560233554022 -0.0260686639694221525265 -0.0502126180021883750104 0.998398276116408189829 2.92654252841104911553
19400 1152.614000 -0.304031259324698377444 -0.00906918697611823129701 -0.0481053537172156445156 -0.0260688198632264937771 -0.0502127600684352040639 0.99839826490096050815 2.92654698732259443972
19401 1152.622000 -0.304031331977024255053 -0.00907002619774483626047 -0.0481054479399701459541 -0.0260689756962044702493 -0.0502129020234048720206 0.998398253692652781766 2.92655144253133725485
19402 1152.631000 -0.30403141263287536411 -0.00907086625885009795178 -0.0481055460424726702429 -0.0260691726076066783435 -0.0502130791505287776832 0.998398239642767748592 2.92655609467895461151
19403 1152.639000 -0.304031480798617359529 -0.00907180297468041657583 -0.0481056486178451092606 -0.0260693328809469687668 -0.0502132289746271137654 0.998398227922648096033 2.92656087591125624314
19404 1152.647438 -0.304031553224987483031 -0.0090726399627536896686 -0.0481057427209746826802 -0.0260694885251382645064 -0.0502133705892922888037 0.998398216736238186542 2.92656531943894870906
19405 1152.656000 -0.304031629075860454492 -0.00907357258795057908252 -0.048105848248785679222 -0.0260696734279260849965 -0.0502135356909200539222 0.998398203604542788803 2.92657027795337620901
19406 1152.664000 -0.304031701343140170479 -0.00907440804300957762352 -0.0481059422723159324509 -0.0260698289471104176218 -0.0502136770879468147255 0.998398192432245812356 2.92657471349934539262
19407 1152.672000 -0.304031773535414884257 -0.00907524277628809356022 -0.0481060362590675499872 -0.0260699844087002342852 -0.0502138183871809751224 0.99839818126632684514 2.92657914529563667472
19408 1152.680000 -0.304031845653160326393 -0.00907607678901433193031 -0.0481061302094798332041 -0.0260701398134725731426 -0.0502139595913867961552 0.998398170106626792197 2.92658357335255647769
19409 1152.688000 -0.304031917697179410176 -0.00907691008332482326959 -0.0481062241239610388632 -0.0260702951621380150937 -0.0502141007029523675498 0.998398158953006320537 2.92658799768383826034
