32431 1263.465000 -0.364752227719484956037 0.0154606278799971977311 -0.0570976616198820632886 -0.0176097172845987061385 -0.0259267310374798540251 0.999508730564604208624 3.04379593076176746536
32432 1263.471000 -0.364749206914078694108 0.0154659681533649423502 -0.0570956888282175001326 -0.0176148753518380711547 -0.0259336851626323777742 0.999508459263964810226 3.0437846360747600194
32433 1263.480000 -0.364746076435156052487 0.0154729529567882891083 -0.0570914052236902239135 -0.017616122335852156533 -0.0259435305612512011331 0.999508181785354610227 3.04376975132748661679
32434 1263.489000 -0.364742112234180348995 0.0154830556145152450215 -0.0570870179999179577779 -0.0176162268439989874724 -0.0259564423649544379069 0.999507844717356541686 3.04374701502857192281
32435 1263.497000 -0.36473915452867977649 0.0154918682069343852103 -0.0570830910328046364777 -0.0176137228918261459776 -0.0259674795798462074159 0.999507602157262420306 3.04372653385032387874
32436 1263.503000 -0.364737004942601306112 0.0154987864148995058838 -0.0570803826971338079677 -0.0176111670402279048286 -0.0259758671464188420352 0.999507429247763479196 3.04371002914826638275
32437 1263.509000 -0.36473490887867693333 0.0155058669336975377823 -0.0570779747787023006289 -0.0176082877447946359317 -0.0259842280195899631712 0.999507262653414718656 3.04369278217143035548
32438 1263.516000 -0.364732529195190502413 0.0155142105928124697523 -0.0570756176593575706435 -0.0176047524055439920387 -0.025993830217996467119 0.999507075254266297293 3.04367203056869417566
32439 1263.524000 -0.364729902291665741831 0.0155236850024665709591 -0.0570735612547101783809 -0.0176007022253301115278 -0.0260044709838772106214 0.999506869796313091037 3.04364794803350635632
32440 1263.534000 -0.364726786880775200039 0.015535158846249036424 -0.0570719016068493567584 -0.017595815525138096963 -0.026017108403387827209 0.999506626964689837145 3.04361811627394640567
32441 1263.543000 -0.364724188575475116725 0.0155448940731429882667 -0.0570711198739467517882 -0.0175916163793674064364 -0.0260277464294987291582 0.999506423915805908287 3.04359230932332103237
32442 1263.553000 -0.364721617060879521599 0.0155547787362798964339 -0.057070764592655892633 -0.0175871101199056058262 -0.0260387173092691062704 0.999506217468665081327 3.04356589617320416608
32443 1263.562000 -0.36471960328962882425 0.0155627994219824025701 -0.0570706519110976279174 -0.0175831313918715613498 -0.026047698663709359379 0.999506053450793574555 3.04354421652360285222
32444 1263.572000 -0.364717748877130321095 0.0155706706469595466957 -0.0570704599562926739864 -0.0175787777442449472121 -0.0260567190457585834418 0.999505894912875891833 3.04352294621245045292
32445 1263.582000 -0.364716415546703753847 0.0155768969068061022276 -0.0570701424060058443155 -0.0175751547693075750589 -0.026063992973147567106 0.99950576897041010227 3.04350632658177300272
32446 1263.591000 -0.364715358261178290711 0.0155827106591663704094 -0.0570691453408768978317 -0.0175710981008791629343 -0.0260710802202073661793 0.999505655455576014212 3.04349123372067209559
32447 1263.601000 -0.364714628567807119808 0.0155877130727017018663 -0.057067785777939625258 -0.0175677236026709378269 -0.0260771888611622433551 0.999505555416536517477 3.04347882975724459698
32448 1263.610000 -0.364714144929710493148 0.0155911250859044892003 -0.0570666347631739040436 -0.0175659425889686422739 -0.0260813166958859775357 0.999505479014682451933 3.04347083331159451447
32449 1263.619000 -0.364713876648569246264 0.0155950965377946691726 -0.0570644578004707442309 -0.0175638869165857074151 -0.0260859771193330050587 0.999505393519270035618 3.04346209203753614858
32450 1263.629000 -0.36471357449026214903 0.0155986206311612991132 -0.0570624432392987657181 -0.0175633595312522476639 -0.0260898007792165070873 0.999505302986070542914 3.04345487564101491174
32451 1263.638000 -0.364713248934020739522 0.015601616506752945604 -0.0570607674172128875867 -0.0175639804992347332846 -0.0260926908697525702929 0.999505216630807824529 3.0434490329819547938
32452 1263.648000 -0.364712732496140668026 0.0156048803005306383623 -0.0570592594190078780669 -0.017565918882438590759 -0.0260954184936112477955 0.999505111356344566609 3.04344273402503739945
32453 1263.657000 -0.364712062581729945521 0.0156078765313700830453 -0.05705835587619520477 -0.0175687236844023764171 -0.0260975798289973318078 0.999505005627870923846 3.04343679479545903277
32454 1263.667000 -0.364711056428820790121 0.0156111885950089950004 -0.0570579597132346502675 -0.0175727977536634660805 -0.0260995517178016361859 0.999504882518959414384 3.04342992021861924457
32455 1263.676000 -0.364709894645977916738 0.0156142870147984551277 -0.0570581720547932713661 -0.017577121732056121689 -0.0261011354078768062492 0.999504765132231076663 3.04342304865248047818
32456 1263.686000 -0.3647083524539613264 0.015617787424053319531 -0.0570589929293468661742 -0.0175822892675452230327 -0.0261026613724764239288 0.999504634393150848126 3.04341477536386895153
32457 1263.695000 -0.36470823550303094196 0.0156181907229260390213 -0.0570596255621941758629 -0.0175831719535183908509 -0.0261026637899447119806 0.999504618802295574653 3.04341366498810028673
32458 1263.704000 -0.364705047145783778362 0.0156241686426490111739 -0.0570616244640151717982 -0.0175915058372814875343 -0.0261050749865642285619 0.999504409186033893064 3.04339827723372513546
32459 1263.714000 -0.36470306421031573052 0.0156276592444381315361 -0.0570633972206674722205 -0.0175959053292511560795 -0.0261063079652807082665 0.999504299540560192661 3.04338856896053666645
32460 1263.723563 -0.36470113277330185042 0.0156309718616667731039 -0.0570650270570536924386 -0.0175992736734004798227 -0.0261076193855851665382 0.999504205982238991268 3.04337916747520820238
32461 1263.733000 -0.364699441354529030335 0.0156339176182602734855 -0.0570664771522458522113 -0.01760148610495558541 -0.0261085812731573357892 0.999504141897771147818 3.04337029320012941724
32462 1263.743000 -0.364699336490864334248 0.015634492931989010106 -0.0570669813680333218309 -0.0176022009528784932619 -0.0261084528442835951678 0.999504132663638467093 3.04336863243990851657
32463 1263.750000 -0.364696738472173931367 0.0156389751839771384834 -0.0570681279751286338331 -0.0176028437928177731997 -0.026110857357678565055 0.99950405853025559022 3.0433551719612750297
32464 1263.759000 -0.364695604982285703777 0.015641439394203298513 -0.0570684105626483029194 -0.017602244019400394015 -0.0261122476254108774885 0.99950403277297017457 3.04334793511118739673
32465 1263.768000 -0.364695627283663115215 0.0156419851584221961116 -0.0570681137819224193475 -0.017601857751406553565 -0.0261122516240996221937 0.999504039470986205274 3.04334638589753581073
32466 1263.777000 -0.364694026274580307412 0.0156459737154443050133 -0.0570677339139531100698 -0.0175989435142089624409 -0.0261154670185102730229 0.999504006780157383538 3.04333532582205190664
32467 1263.787000 -0.364693501081634952055 0.0156483344544251501418 -0.0570667747663648333711 -0.0175964137417952311282 -0.0261174995184412089833 0.999503998212279087809 3.04332931964165531724
32468 1263.796000 -0.364693099340447968171 0.0156498367431051887966 -0.0570664491434685616778 -0.0175950784041946708958 -0.0261192498640130735255 0.999503975981332337675 3.04332596327063464869
32469 1263.806000 -0.36469286831357594636 0.0156520533603294806357 -0.0570652057805944856739 -0.01759278294332078732 -0.0261214211096430920511 0.999503959645744455287 3.04332106638266530751
32470 1263.815000 -0.364693059800231422773 0.0156532717721136714617 -0.0570636484391483927991 -0.0175906866254199774346 -0.026121980820806411927 0.999503981914050987356 3.043317824271505323
32471 1263.824000 -0.364692680164095117679 0.0156568801773218982398 -0.0570620804955538421521 -0.0175886307759119120409 -0.0261257951526245070506 0.999503918399058499666 3.0433107174704412401
32472 1263.834000 -0.364692482339128598579 0.0156591173590994274523 -0.0570611539472220749558 -0.0175880020011055827889 -0.026127809083321906769 0.99950387681995234157 3.04330616980101265057
32473 1263.843000 -0.364692155562660991208 0.0156615272555824282252 -0.0570604866733611937324 -0.0175881737997367754156 -0.0261298117384990112588 0.999503821443870732466 3.04330130116901020898
32474 1263.843000 -0.364692155562660991208 0.0156615272555824282252 -0.0570604866733611937324 -0.0175881737997367754156 -0.0261298117384990112588 0.999503821443870732466 3.04330130116901020898
32475 1263.862000 -0.364691137734960479921 0.0156664254393317180225 -0.057060080677870148036 -0.0175904887516255235835 -0.0261330767633695705554 0.999503695343023190745 3.04329079585719108891
32476 1263.872000 -0.364690365866175592036 0.0156690922087195545764 -0.0570603261712770981617 -0.0175925919197571431485 -0.0261344749438330407887 0.999503621768803363068 3.04328468160119358643
32477 1263.881000 -0.364689556219476629373 0.0156715042267324619618 -0.0570607564276579826146 -0.0175947519444072039696 -0.0261355015003084875658 0.999503556904797751947 3.04327892409156364195
32478 1263.891000 -0.364688546839031735303 0.0156741963960956819102 -0.0570613949407448861617 -0.0175973129794466942588 -0.0261364733565560732054 0.999503486405317831398 3.04327221896742461382
32479 1263.900000 -0.364687569389098742434 0.0156766052555150706138 -0.0570620457771903732969 -0.0175995741724014644058 -0.0261371995947655977321 0.999503427601073135556 3.04326603179270938071
32480 1263.910000 -0.364686443908297297511 0.0156792576169020869692 -0.057062778552613213634 -0.0176018960225560773536 -0.0261379114076773673425 0.99950336810020590228 3.04325903117669405162
32481 1263.919000 -0.364685424958299864162 0.0156816137001741795487 -0.0570633847424815709992 -0.0176037244369924399112 -0.0261385421921866700767 0.999503319403199252946 3.04325271116843332209
32482 1263.929000 -0.364684326851231033206 0.0156841806413849822743 -0.057063944360780896603 -0.0176053344011363292754 -0.0261392359383560354824 0.999503272903687345341 3.04324577395671891367
32483 1263.939000 -0.364683287264597144617 0.0156866980675154817082 -0.0570643451058307216162 -0.0176064856567682836985 -0.0261399986847081558516 0.999503232676903996534 3.04323899881985049376
32484 1263.948000 -0.364682425076036542677 0.015688920774164394345 -0.0570645511117798404088 -0.0176071314776078922948 -0.0261407843988468238661 0.999503200751324927253 3.04323307364777262407
32485 1263.958000 -0.364681549516618630502 0.0156913590972146965719 -0.0570646137187770519095 -0.0176074724535482292354 -0.0261417917471222158166 0.999503168398203523104 3.04322669689963420936
32486 1263.967000 -0.364681552499995453864 0.0156920921065847353282 -0.0570643889235828427609 -0.017607190350313762367 -0.0261419261438944235121 0.999503169852629880232 3.04322468240076871027
32487 1263.977000 -0.364680845597883274145 0.0156943637769123636727 -0.057064238416425161482 -0.0176071498075845746245 -0.0261430388095544863347 0.999503141464525568516 3.0432188745514530126
32488 1263.987000 -0.364679481410473238512 0.0156983455581673585211 -0.0570640052233743824694 -0.017607034234507257936 -0.0261455729832913430499 0.999503077213292123737 3.04320932460331583513
32489 1263.996000 -0.364678949781021832788 0.0157005194880455896389 -0.0570636776118430416593 -0.0176067355479738903157 -0.0261469442039087146545 0.99950304660473210383 3.04320416434145357698
32490 1264.006000 -0.364678955409853899905 0.0157013736041727094972 -0.0570634040303690803775 -0.0176063892969473556604 -0.0261472239486312610368 0.999503045385908062137 3.04320187306611256162
32491 1264.015000 -0.364677880349995486853 0.0157051951176478687966 -0.0570629855329177759771 -0.0176063802421096357587 -0.0261500040265961915253 0.999502972814077850217 3.04319327918783555376
32492 1264.022000 -0.36467748829097068608 0.015706944943033998574 -0.0570627637575907703527 -0.0176063829569414187493 -0.0261511193186023949142 0.999502943586239589457 3.04318923848278100053
32493 1264.028000 -0.364677142903437223609 0.0157084631901867506631 -0.0570625989772026373514 -0.017606479791065006435 -0.0261520774293418287182 0.999502916811900288252 3.04318572101090278892
32494 1264.038000 -0.364676542205608966718 0.0157110246779582213295 -0.0570623853562349514501 -0.0176068243057745169033 -0.0261536384441415289959 0.999502869897830215073 3.04317975331180701204
32495 1264.047000 -0.364675967301155923295 0.0157133637001406062383 -0.0570622656257278731973 -0.0176073192422994892481 -0.0261549763528019299508 0.999502826169633151743 3.0431742401386387975
32496 1264.056000 -0.364675365039830556846 0.0157157188693008847968 -0.0570622090074033028184 -0.0176079516908348131243 -0.0261562338546532970052 0.999502782121087562928 3.04316861861336507289
32497 1264.066000 -0.364674650624335683347 0.0157183626236469184412 -0.0570622171762421720453 -0.0176088249666581514452 -0.0261575649219901902598 0.999502731902542351783 3.043162226702876616
32498 1264.076000 -0.364673967141362076472 0.0157208557475597109077 -0.0570622850391677288728 -0.0176097225450252622969 -0.0261587081366637351498 0.999502686169731147103 3.04315608869488452015
32499 1264.083000 -0.364673351231403930495 0.0157228907310603682745 -0.0570623651128919079367 -0.017610546423192537796 -0.0261596355251904853778 0.999502647382119580044 3.04315106217128361621
32500 1264.092000 -0.364672633143794278077 0.0157252866613399426565 -0.0570624839861080118686 -0.0176114931595395679542 -0.0261606421070356143233 0.999502604355405943615 3.04314508116585979991
32501 1264.100000 -0.364671976482556614574 0.0157274253932351559815 -0.057062602933150810558 -0.0176123619755003263387 -0.026161537840645770342 0.999502565601237846771 3.04313969707584064395
32502 1264.109000 -0.364671315158091369213 0.0157296484820484694378 -0.0570627225673044219389 -0.0176131893278482325182 -0.026162420516299730866 0.999502527917978667027 3.04313406907684669278
32503 1264.117000 -0.364670584948413756265 0.0157319258151296381687 -0.0570628437861263673736 -0.0176140450188904153228 -0.0261633567407843561914 0.999502488332133620652 3.04312833589261888534
32504 1264.127000 -0.364669768990223186478 0.0157345591260409298218 -0.0570629609733324660859 -0.0176149341397596331804 -0.0261644358096296374139 0.999502444416228263968 3.04312169794614195695
32505 1264.136000 -0.364669050853647647159 0.0157369138201546542033 -0.0570630386270016762285 -0.0176156493624881269056 -0.0261654319155044980116 0.999502405735080201588 3.04311577349042217122
32506 1264.145000 -0.364668341475612056701 0.0157392665903234828251 -0.0570630914650892689943 -0.017616310772380450872 -0.0261664766768366294225 0.999502366727108570998 3.04310988449985808657
32507 1264.154000 -0.364667652870860337089 0.0157416043253943184477 -0.0570631151502652839147 -0.0176168692164249338084 -0.026167523164145129605 0.999502329487263141417 3.04310407000201310623
32508 1264.164000 -0.364666972440088277274 0.0157440445503226993107 -0.057063102787071842692 -0.0176173926312098751146 -0.0261686692472269666343 0.999502290255858905077 3.04309801219878917067
32509 1264.173000 -0.364666241464267515404 0.0157465429045734045532 -0.0570630845444682066603 -0.0176179155606911441723 -0.0261698959904220034012 0.999502248919504343583 3.04309190048251165805
32510 1264.182000 -0.364665599695321474005 0.0157488785488187239825 -0.0570630357970353524477 -0.0176183362858528952399 -0.0261710580557851929528 0.999502211076473412454 3.0430861868940803916
32511 1264.192000 -0.364664894985199383726 0.0157514846570498238953 -0.0570629694989873356703 -0.0176187889251729033757 -0.0261723735020362655024 0.999502168653014999578 3.04307983711535667837
32512 1264.201000 -0.364664265007296928278 0.0157538440976346706679 -0.0570629027986821121821 -0.0176192132784242679044 -0.0261735908525073911191 0.999502129295048002966 3.0430740933629247813
32513 1264.210000 -0.364663636889709652511 0.0157562152554399127757 -0.0570628335671179848232 -0.0176196408422565897745 -0.0261748072813496809874 0.999502089902954637957 3.04306832507386326725
32514 1264.219000 -0.364663014990700640183 0.015758588612273326246 -0.057062766692977842653 -0.0176200613786477652822 -0.0261759977078086444879 0.999502051314059780651 3.04306255737510911175
32515 1264.226000 -0.364662532357924118465 0.0157604425269518878816 -0.0570627165135551839281 -0.017620401632338227732 -0.0261769218811103987488 0.999502021112086413979 3.04305803334941060712
32516 1264.232000 -0.364662113376488683514 0.0157620414288202163877 -0.0570626790082746221389 -0.017620718260067391725 -0.0261777166201586676542 0.999501994715645492029 3.04305412564862054481
32517 1264.238000 -0.364661685833164717074 0.0157636550440106160131 -0.0570626476941989424496 -0.0176210764618081952571 -0.0261785302550840669189 0.999501967090616005862 3.04305016655081672639
32518 1264.243000 -0.364661336628985477404 0.0157649906066924076764 -0.0570626218681163505098 -0.0176213504303836948628 -0.0261791773008751040008 0.999501945313194029019 3.04304689431089236962
32519 1264.250000 -0.364660835955438966671 0.0157668781279612438273 -0.0570625947556766682789 -0.01762177242413707004 -0.0261800885372867643552 0.999501914005576863609 3.04304224537259138117
32520 1264.259000 -0.364660193097346152502 0.0157693016558074217137 -0.0570625684088924972626 -0.017622312991803772142 -0.0261812249029876459305 0.999501874709296300736 3.04303627709893298459
32521 1264.268000 -0.364659580429249285949 0.0157707661165902325584 -0.0570625990259077675582 -0.0176229149251481143068 -0.0261821187273955126307 0.99950184068289005257 3.04303287863866023244
32522 1264.277000 -0.364658886745270749419 0.0157741780258665344194 -0.0570625430503434588614 -0.0176234914333658621022 -0.0261835013733647814504 0.999501794298303880559 3.04302419880682029074
32523 1264.286000 -0.364658228815682994295 0.0157766182274832744703 -0.0570625421899919049729 -0.0176240806019594097032 -0.0261845990865182121077 0.999501755152843007757 3.04301813870446613564
32524 1264.295000 -0.36465756217036404685 0.0157790683137368180355 -0.0570625475671334078664 -0.0176247153115264322543 -0.0261857309777465824263 0.99950171430735856859 3.04301204806512259893
32525 1264.303000 -0.364656970345841102699 0.0157812425454297022842 -0.057062554932806958119 -0.0176252659964101672518 -0.0261867180580871092288 0.999501678735909893092 3.04300664383099439547
32526 1264.312000 -0.364656306742986768832 0.015783683413278699198 -0.0570625642684015679795 -0.0176258656308748151709 -0.0261878097447111740648 0.99950163955920412473 3.04300058042048604534
32527 1264.320000 -0.364655714382198570256 0.015785855898973615713 -0.0570625723147938912483 -0.0176264155819897891386 -0.0261888041780026642469 0.999501603805345251175 3.04299518695718163031
32528 1264.330000 -0.364654970771585207334 0.015788577379205810669 -0.0570625829243713786343 -0.0176271117013078112978 -0.0261900648653743753358 0.999501558495741959653 3.04298843142295227793
32529 1264.338000 -0.364654388578276478228 0.0157907365508031007073 -0.057062585880769858826 -0.0176276138331733812914 -0.0261910380688058254395 0.999501524138621366689 3.04298309177157788596
32530 1264.347000 -0.364653726673911382505 0.0157931787858458551332 -0.0570625877926292796039 -0.017628218080644745408 -0.0261921846867641180956 0.999501483434935056316 3.04297705005860130711
32531 1264.356000 -0.364653066930259561751 0.015795621049629095245 -0.0570625865285558503404 -0.0176288026865692171175 -0.0261933227291053088992 0.999501443300732317354 3.04297101116848045521
32532 1264.363000 -0.364652560890706023411 0.0157975116527264980437 -0.0570625816892533915814 -0.0176292280203752572965 -0.0261941917371226809519 0.999501413024836415921 3.04296635436265194841
32533 1264.371000 -0.364651981913904854604 0.0157996787591286255714 -0.0570625736469808769735 -0.017629724650414541065 -0.0261952049235477414657 0.999501377711788818736 3.04296100800078672677
32534 1264.378000 -0.364651481211142491912 0.0158015714579348084956 -0.0570625619211588067103 -0.0176301389522533109855 -0.02619608469302985021 0.999501347346405388805 3.04295633769952456049
32535 1264.387000 -0.364650901575284625 0.0158038537931311368068 -0.0570625407997887440503 -0.0176306218679532604454 -0.0261971356597715115955 0.999501311282668059022 3.04295068209317154384
32536 1264.394000 -0.364650331475183664409 0.0158059146485113599656 -0.0570625320087118498291 -0.0176311073775653331941 -0.026198124606444838508 0.999501276797456705836 3.04294562460812834104
32537 1264.402000 -0.364649753127671560904 0.0158080990865893111774 -0.0570625162783081063544 -0.0176316062782417987131 -0.0261991620395434221535 0.99950124080386959502 3.04294022514994511042
32538 1264.411000 -0.364649111500608746894 0.0158105461163130234237 -0.057062495551635325497 -0.017632125987776161441 -0.026200291347994317942 0.999501202033510227629 3.04293419045625235242
32539 1264.421000 -0.364648398153318786807 0.0158132756887661707346 -0.0570624696317157814596 -0.0176327217627429561064 -0.0262015720806004215326 0.999501157950176133404 3.04292743728582770757
32540 1264.430000 -0.364647751050482082924 0.0158157428524852011753 -0.0570624492689396078937 -0.0176332652080201206235 -0.0262027198887362956781 0.999501118272779320861 3.04292132546149396433
32541 1264.440000 -0.364647041605346222681 0.0158184750815167987636 -0.05706242303971936769 -0.0176338350899083451395 -0.0262039674333168111364 0.999501075512565839709 3.04291456234722534901
32542 1264.449000 -0.364646431307205698413 0.0158199078559574171643 -0.0570624651181549924495 -0.0176344353415398384655 -0.0262048614323753502331 0.999501041483947028077 3.04291124747167041065
32543 1264.459000 -0.364645679142092782321 0.0158237008214331502376 -0.0570623823109596278735 -0.0176349842384123794981 -0.0262063822231261844831 0.999500991926314474867 3.04290159362080325778
32544 1264.468000 -0.364645071898012540501 0.0158251256855355681985 -0.0570624237417024504637 -0.0176355646752140923783 -0.0262072496806654668677 0.999500958940391259766 3.04289830153866525109
32545 1264.468000 -0.364645035003765605186 0.0158261759438654836529 -0.0570623631763050864762 -0.0176355183369484996847 -0.0262075121145198403072 0.999500952876861581409 3.04289545760122104312
32546 1264.487000 -0.364643669688131444317 0.0158314201283403024889 -0.0570623305646814696357 -0.0176366886777467278546 -0.0262099257277885223927 0.99950086893700496038 3.0428824303226060799
32547 1264.496000 -0.364643020118409544317 0.0158339096229791753689 -0.057062317802988565818 -0.0176372510590992008506 -0.0262110693189343303688 0.999500829024286607805 3.04287624391618294339
32548 1264.506000 -0.3646423081293810875 0.0158366620494150046883 -0.0570623014721119703463 -0.0176378445809910744391 -0.0262123152109061709203 0.999500785877540542934 3.04286941951959111208
32549 1264.515000 -0.364641660569701653305 0.0158391510700458919281 -0.0570622899447503773018 -0.017638414698002997244 -0.0262134684620529447019 0.999500745571572979387 3.04286324265704388736
32550 1264.524000 -0.364641018361907653933 0.0158416322266949315123 -0.0570622777822277701953 -0.0176389533690844702019 -0.0262145888286567443903 0.99950070668138490948 3.04285709011423577408
32551 1264.533000 -0.364640410097864853256 0.0158430509938488062183 -0.0570623247463201838103 -0.0176395685628069412432 -0.0262154718444744597172 0.999500672664550782187 3.04285380948876982288
32552 1264.540563 -0.364639902746797361921 0.0158452162000253735097 -0.057062302161074759943 -0.017639981340809678112 -0.0262164088210119147759 0.999500640803609119445 3.04284839401170437156
32553 1264.548000 -0.364639301009928029629 0.0158482600085763369879 -0.057062246207206068771 -0.0176404440166646400701 -0.0262176343388307586668 0.999500600492351010118 3.04284066268448150083
32554 1264.557000 -0.36463869429187550919 0.0158496719321141732451 -0.057062293976222422387 -0.017641047403400285376 -0.0262185016861949740652 0.999500567091305747169 3.04283740709607641861
32555 1264.566000 -0.364638056128602172645 0.0158521501804257669566 -0.0570622802918378038695 -0.0176415928026082240165 -0.0262196366279704509705 0.999500527692949169989 3.04283126326709796317
32556 1264.575000 -0.364637374392114965715 0.0158557221187937587292 -0.0570622093644240629962 -0.0176421151571414837333 -0.0262210586842626137971 0.999500481167597376597 3.0428221591903206189
32557 1264.584000 -0.364636736712993847487 0.0158582057600319611956 -0.0570621954505454234696 -0.0176426459268725736862 -0.0262221754953107198671 0.9995004424996479786 3.04281600083893311037
32558 1264.593000 -0.364636094548139999549 0.0158606991205893152475 -0.0570621822932576711063 -0.0176432094818083883003 -0.0262233257884037437857 0.999500402372993757005 3.04280980953556801083
32559 1264.593000 -0.364636094548139999549 0.0158606991205893152475 -0.0570621822932576711063 -0.0176432094818083883003 -0.0262233257884037437857 0.999500402372993757005 3.04280980953556801083
32560 1264.602000 -0.364635451346638939096 0.015863194863310028232 -0.0570621680403426145833 -0.0176437656492057261259 -0.0262244691290380894932 0.99950036255752094938 3.04280361270513388661
32561 1264.611000 -0.364634814418394903601 0.0158656823686106618343 -0.0570621531668730752607 -0.0176442951610486890857 -0.0262255874964512046554 0.999500323866248541194 3.04279744582803690633
32562 1264.629000 -0.364633538674274282343 0.0158706718615213952794 -0.0570621200027939742827 -0.0176453823557296864133 -0.0262278658619080028147 0.999500244889339750642 3.0427850476477651398
32563 1264.638000 -0.364633499262202120939 0.0158717736795024044749 -0.0570620600642659514534 -0.0176453387389908268601 -0.0262281406332216457389 0.999500238449051225942 3.0427820638956917243
32564 1264.638000 -0.364632903683303200015 0.0158731651208304444522 -0.0570621029460707390735 -0.0176459017463514583612 -0.026228978845651538393 0.999500206513371569628 3.04277884968156886458
32565 1264.656000 -0.364631622727364934633 0.0158781735390433886845 -0.0570620709073319382076 -0.0176470051148070912472 -0.026231271044671017334 0.999500126878360650728 3.04276638971986601589
32566 1264.665000 -0.364630989852651576921 0.0158806697122507514686 -0.0570620533342830263401 -0.0176475307435345098173 -0.0262323967242210354112 0.999500088054402824334 3.04276018451821128608
32567 1264.674000 -0.364630394587416195584 0.0158820611638018638345 -0.0570620961230616161042 -0.0176481015955374381798 -0.0262332432692589101464 0.999500055756701533127 3.04275697379090592776
32568 1264.683000 -0.36462971582599446041 0.0158856749857415532889 -0.0570620202365627951502 -0.017648602462373166877 -0.0262346603933988689605 0.999500009717442794432 3.04274774544615933536
32569 1264.692000 -0.364629084131576797212 0.0158881740899905789244 -0.0570620023837644652076 -0.017649127788350631868 -0.0262357862733103575081 0.999499970888909738953 3.04274152872936110015
32570 1264.701000 -0.364628486388474115643 0.0158895716590133143087 -0.0570620463932251797967 -0.0176497276012621065466 -0.0262366610559248182588 0.999499937334784149812 3.04273829735179823786
32571 1264.710000 -0.364627808469912162437 0.0158931905264385539556 -0.0570619710549692682466 -0.0176502323362040282329 -0.0262380821417356469016 0.999499891117553551645 3.0427290506889250743
32572 1264.719000 -0.364627219072331587579 0.0158945700550079324631 -0.0570620126336353478136 -0.017650799885136271572 -0.0262389271508761887097 0.999499858912138994249 3.0427258705112310011
32573 1264.727000 -0.364626650805248919696 0.0158969227637998297697 -0.0570619922245930305538 -0.0176512778351044299918 -0.0262399702297636608361 0.9994998230880929313 3.04271999720944652523
32574 1264.735000 -0.364626088276873150384 0.0158991454934141809852 -0.0570619775074050206154 -0.017651756207909378299 -0.0262409775293588921896 0.999499788194614935399 3.04271447266602512727
32575 1264.743000 -0.364625524809618406508 0.0159013694680739461895 -0.0570619645479213191686 -0.0176522298274667359397 -0.0262419743067975469453 0.999499753660099576891 3.04270894813522296829
32576 1264.751000 -0.364624962756074866288 0.0159035936439519201557 -0.0570619508471245651116 -0.0176527094031116923989 -0.0262429806894072907564 0.999499718766976297246 3.04270341892598139566
32577 1264.761000 -0.364624266536593522048 0.0159062522278776118101 -0.0570619392374464018403 -0.0176533177836448451625 -0.0262442171052980413593 0.999499675557605993248 3.0426968317904474759
32578 1264.770000 -0.364623631701996631094 0.0159087580992025023896 -0.0570619246108837810394 -0.0176538653894314639947 -0.0262453522708301703603 0.999499636078468922662 3.04269059567932931287
32579 1264.779000 -0.364623005308530367952 0.0159112512461473953884 -0.0570619069916432075651 -0.0176543886425490278991 -0.0262464737988006985292 0.99949959738600524517 3.04268439838818016696
32580 1264.779000 -0.364622964398729154656 0.0159123799844215763066 -0.0570618481874254832031 -0.0176543475677687390635 -0.0262467556521843482786 0.999499590710116736503 3.04268134192167183372
32581 1264.797000 -0.364621702050047125088 0.015917388646793033391 -0.0570618169269415179135 -0.0176554166421069302917 -0.0262490065452484766517 0.999499512715529614404 3.04266888835677740133
32582 1264.806000 -0.364621075682978246224 0.0159198894805276519593 -0.0570617988965188491224 -0.0176559428563086706632 -0.0262501301096575261063 0.999499473912358160632 3.04266266204694124653
32583 1264.815000 -0.364620444225891460199 0.0159223981049922622133 -0.057061783288261058722 -0.0176564903599398456691 -0.026251271452517505739 0.999499434264620179036 3.04265641658330565633
32584 1264.824562 -0.364619792622114469172 0.015923922314923032173 -0.0570618289859902566574 -0.0176571056540571862115 -0.0262522018195297246468 0.99949939895907302656 3.04265287657662941712
32585 1264.834000 -0.364619160003476605603 0.0159265496423210695109 -0.0570618080661825788358 -0.0176576440659337238759 -0.0262533525419890549635 0.999499359222579375484 3.0426463295730794556
32586 1264.843000 -0.364618528846352207839 0.0159290587873964946397 -0.0570617924076500457331 -0.0176581825578029719126 -0.0262544817045948300493 0.999499320049382689035 3.04264008348977998963
32587 1264.852000 -0.364618446507102456078 0.0159313319904834035934 -0.0570616729521732854447 -0.01765809844125450917 -0.0262550516173298935374 0.999499306565047263007 3.04263392889944883635
32588 1264.862000 -0.364617161470848993865 0.0159354875254745370627 -0.057061696138768734643 -0.017659273422259872538 -0.0262571597530529138309 0.999499230426867391053 3.04262381841176399178
32589 1264.871000 -0.364616537076035696074 0.0159379882414108844935 -0.057061679166048956402 -0.017659788896487924742 -0.0262582704246441984985 0.999499192140962944286 3.04261760046043194805
32590 1264.880000 -0.36461649578960220186 0.015939128957457769642 -0.0570616188327808387948 -0.0176597461704660653459 -0.026258555718268281054 0.999499185400761325226 3.04261451167385388317
32591 1264.889000 -0.364615873405129575779 0.0159416287450016014304 -0.0570615994004468399248 -0.0176602658903915361865 -0.0262596790416747272179 0.999499146705643104482 3.04260828485226841877
32592 1264.899000 -0.364614593295885247581 0.0159457813245711538253 -0.0570616236369805573947 -0.0176614345432238237232 -0.0262617788413013648896 0.999499070885994211899 3.04259818493609657253
32593 1264.908000 -0.364613970249032914861 0.0159482819015572610533 -0.0570616048080489768335 -0.0176619523985787132969 -0.0262628956924313601562 0.999499032389386088404 3.04259196615229576821
32594 1264.917000 -0.364613343451661520156 0.0159507897073253510078 -0.057061589125303638359 -0.0176624865709501706335 -0.026264021622600948469 0.999498993364344778811 3.04258571937959620968
32595 1264.926000 -0.364612723491266499387 0.0159532893087536084553 -0.0570615697092737156337 -0.0176630051882239250127 -0.0262651411874087435672 0.999498954779906911838 3.04257949129160643054
32596 1264.935000 -0.364612098516578442275 0.015955795944175506923 -0.0570615529127211501548 -0.0176635457344450040595 -0.0262662783285584344739 0.999498915344510963088 3.04257324670983786419
32597 1264.944000 -0.364611520713748471501 0.0159571454841997799334 -0.0570615942370580470078 -0.0176640946561081625676 -0.026267093967633318996 0.999498884208719573508 3.04257013552582877836
32598 1264.953000 -0.364610854583896748515 0.0159608004345673723523 -0.0570615185752503320527 -0.0176645964425681568921 -0.0262685185873549192914 0.99949883790014826257 3.04256077697486482236
32599 1264.963000 -0.364610162497211565125 0.0159635799986373762283 -0.057061499571216638127 -0.0176651771354919308321 -0.0262697579115222547286 0.999498795064827305623 3.04255386000059946383
32600 1264.972000 -0.364609545281753322232 0.0159660768177602371831 -0.0570614809099394965086 -0.0176656900099151810413 -0.0262708685281993342686 0.999498756809255595179 3.04254763638310032903
32601 1264.981000 -0.364608963826950405185 0.0159674350558060701433 -0.0570615238700363514024 -0.0176662750900608185589 -0.0262717194400842665725 0.999498724102289237692 3.04254449775419999469
32602 1264.991000 -0.364608273815223482561 0.0159702075280178622252 -0.0570615048410069297669 -0.0176668516382222640093 -0.0262729519370537289991 0.999498681514741305065 3.04253759436265758254
32603 1265.000000 -0.364607657614673841273 0.0159727036548226487833 -0.0570614854302359947313 -0.0176673667194191148788 -0.0262740669263428240632 0.999498643100805717054 3.04253137112247573626
32604 1265.010000 -0.364606968383965668323 0.0159753641225699807848 -0.0570614746319388493889 -0.0176679766379354737105 -0.0262752942767231004173 0.999498600055144015286 3.04252475919507903157
32605 1265.019000 -0.364606879708677888985 0.0159777953394937451137 -0.057061348772192058143 -0.017667889389581688947 -0.0262759043815300394331 0.999498585558504015758 3.04251817692158432749
32606 1265.028000 -0.364605732276726546282 0.0159804767873066612405 -0.057061430542277316591 -0.0176689944999573883555 -0.0262775440544499444551 0.999498522916280607298 3.04251199898123569909
32607 1265.037000 -0.364605111759988664843 0.0159829764432135729146 -0.0570614135117619158954 -0.0176695212436752610574 -0.0262786596547916299904 0.999498484273871556915 3.04250576592791022179
32608 1265.046000 -0.36460445579795308646 0.0159866220524561807037 -0.0570613338016425636345 -0.0176699919323201268262 -0.0262800609742373757205 0.999498439108487013449 3.04249642773140305252
32609 1265.055000 -0.364603836884091481174 0.0159891217327640666745 -0.0570613163427648173442 -0.017670525720671317188 -0.0262811900034339955556 0.999498399985091823261 3.04249019423877697932
32610 1265.065000 -0.364603152614972114698 0.0159918941487971269511 -0.0570612965338605643284 -0.0176711005439712728893 -0.0262824247880227672425 0.999498357353741151421 3.0424832780841386537
32611 1265.074000 -0.364602538473347503878 0.0159943850380987115378 -0.0570612770191540052966 -0.0176716083424701513038 -0.0262835280134307673616 0.999498319365148990556 3.04247707247729426427
32612 1265.083000 -0.364601919958715880998 0.0159968824891402565391 -0.0570612603866377382511 -0.0176721348605336954496 -0.0262846456764207342394 0.999498280664422145136 3.04247084767508102487
32613 1265.092000 -0.364601308999330187 0.0159993711611202404921 -0.0570612407703441071316 -0.0176726403962197929631 -0.0262857489933773155744 0.999498242710452733384 3.04246463934734556744
32614 1265.102000 -0.364600620548879095217 0.016002149181302809805 -0.0570612213527508516098 -0.0176732422345154335797 -0.0262870095266108209919 0.999498198917370794803 3.04245770495616207896
32615 1265.111000 -0.364600008922853879856 0.0160046354293286452464 -0.0570612031773372746501 -0.0176737455283961196473 -0.0262881057408616662652 0.999498161186680222912 3.04245151482389308839
32616 1265.120000 -0.364599399267250767753 0.0160071216623314145633 -0.0570611822767364135212 -0.0176742527149763226091 -0.0262892127583705566274 0.999498123101545621338 3.04244531218416280893
32617 1265.129000 -0.364598784177303736342 0.0160096146007055739613 -0.0570611646343892747746 -0.0176747836987467127345 -0.0262903386407052595819 0.999498084097893535471 3.04243909584369287558
32618 1265.129000 -0.364598784177303736342 0.0160096146007055739613 -0.0570611646343892747746 -0.0176747836987467127345 -0.0262903386407052595819 0.999498084097893535471 3.04243909584369287558
32619 1265.148000 -0.364597494282986434033 0.0160148630533318257763 -0.0570611241342617869776 -0.0176758583506976992006 -0.0262926676252395116751 0.999498003830280090654 3.04242600902185378331
32620 1265.157000 -0.364596880091058672679 0.0160173534407460453621 -0.0570611072660231199993 -0.0176763798137743906314 -0.0262937775108013950531 0.999497965411081490394 3.04241979634544401634
32621 1265.167000 -0.364596202798927460087 0.0160201149335083350977 -0.0570610852390861719718 -0.01767695620172066856 -0.0262950180279721279497 0.999497922582308850892 3.04241290404510555945
32622 1265.176000 -0.364595589049339474652 0.0160226045017021305472 -0.0570610675948707429805 -0.0176774793523012743734 -0.0262961301281227841087 0.999497884071814279849 3.04240668812978087843
32623 1265.185000 -0.36459498324398453839 0.0160250828447905946383 -0.057061048055822467806 -0.0176779808423074454027 -0.0262972274543843351213 0.999497846331622308291 3.04240050764173153297
32624 1265.193000 -0.364594441532085755675 0.0160272896860156922882 -0.0570610314230192150475 -0.017678437027235205381 -0.0262982098060448726828 0.999497812416451081319 3.04239500198799062147
32625 1265.203000 -0.364593824013997425126 0.0160299068482319673201 -0.0570610065264273991215 -0.0176789561708317125022 -0.0262993558255653833711 0.999497773079995321943 3.04238844221703708115
32626 1265.212000 -0.364593158883190771036 0.016032523478389154592 -0.057060990638732808633 -0.0176795020056280706433 -0.0263005258496566106385 0.999497732638180980125 3.0423819488155419144
32627 1265.221000 -0.364592548513793079934 0.016035007035242319906 -0.0570609715555277646759 -0.0176800307184336868982 -0.0263016487204005000589 0.999497693738401693508 3.04237575068001753209
32628 1265.231000 -0.364591872221498025652 0.0160377610873469744757 -0.0570609518744258012446 -0.0176805938190046918468 -0.0263028639553119225614 0.999497651798119779443 3.04236888271829730712
32629 1265.240000 -0.364591268903130316659 0.0160402343877267608563 -0.0570609303932692740746 -0.0176810946016649692125 -0.0263039621028709688644 0.999497614039862258828 3.04236270849963474916
32630 1265.249000 -0.364590660148639444937 0.0160427141899197080177 -0.0570609121489324411236 -0.0176816191156865046286 -0.0263050791204724916661 0.99949757536369920885 3.04235652113245169659
32631 1265.259000 -0.364589987710437379853 0.0160454641426029005757 -0.0570608909315618306746 -0.0176821811762892452946 -0.0263062973034035724185 0.99949753335915425545 3.04234965297455994815
32632 1265.268000 -0.364589383985774950769 0.0160479343516685100945 -0.0570608703956591162276 -0.0176826785167062336401 -0.0263073867783324560898 0.999497495885492526213 3.04234349355836641848
32633 1265.277000 -0.364588775862035030517 0.0160504107683859288669 -0.0570608527680931884585 -0.0176831946263012636245 -0.0263084905387525151699 0.999497457702309910488 3.04233731581211097605
32634 1265.287000 -0.364588105984968713358 0.0160531566451379489879 -0.0570608306904483997268 -0.0176837619291660003151 -0.0263097175528983935611 0.999497415367503139194 3.04233045528915324596
32635 1265.296000 -0.364587498370651075241 0.0160556318679638890257 -0.0570608116514963459309 -0.0176842799960304566942 -0.0263108246374225661357 0.999497377059050062797 3.04232427543192462949
32636 1265.305000 -0.364586897120636577174 0.0160580959779519083508 -0.0570607924861103038561 -0.0176847728195002051876 -0.0263119066203355983502 0.999497339856552757809 3.04231813517207472231
32637 1265.314000 -0.364586297840382600466 0.0160605597362051752408 -0.0570607705857298017071 -0.0176852694903879108235 -0.0263129993395695288561 0.999497302301916246137 3.04231198327443363993
