30583 485.183000 49.8083542212511005687 -0.0396280797731991402122 44.1169082430219958724
30584 485.188000 49.8112076492987512211 -0.041803171171272093809 44.118364372411249974
30585 485.193000 49.8149455031045604869 -0.0413525683426795784281 44.1175786001947827231
30586 485.198000 49.8167510756102416281 0.044065224505802955135 44.1186530507006864354
30587 485.205000 49.8135245227560687908 0.042361706011940551686 44.1146629506815486366
30588 485.211000 49.8107117616577994568 -0.0400645499155596607199 44.1096966907861229856
30589 485.218000 49.8117417552502388389 -0.0407491525453894734565 44.1074621794044503531
30590 485.223000 49.8117848161925564909 -0.0401975454056264502878 44.1049473295109066839
30591 485.230000 49.8123753096827286413 -0.0406467695998414049741 44.1024856487185346055
30592 485.236000 49.8123430689319661724 -0.0402728165395839290963 44.0998664545042515783
30593 485.244000 49.8181771283779255555 0.0421944567604461834298 44.0996047348561290846
30594 485.252000 49.8172978583072136871 -0.04210201824214892391 44.097236917488878305
30595 485.258000 49.8124294148474504595 -0.039459806372970453181 44.0926631570683369432
30596 485.264000 49.8140809412346285967 -0.040147573283372199604 44.0923700916209071465
30597 485.270000 49.8144360464908473318 -0.0401326409073250803261 44.0917195017515410882
30598 485.276000 49.8147910434400031932 -0.0401540007849566574216 44.0913908896271067306
30599 485.284000 49.8197669910318268194 -0.0423640074798316140781 44.0940518079449716993
30600 485.290000 49.8197521219726411346 -0.0420938887090662253176 44.0941743700840191877
30601 485.298000 49.8210572314775532732 0.0412720142492302016768 44.0941607691328414376
30602 485.305000 49.816880042261665551 -0.0402454080304333258744 44.0934720649013272009
30603 485.312000 49.8213630577110180297 -0.0421919100308236344476 44.0970622574099166968
30604 485.319000 49.8209011254423259629 -0.0419640604765705582668 44.0979444389557997397
30605 485.327000 49.8183671559322505118 -0.0403195703562117604979 44.0971765152101440322
30606 485.334000 49.8229416171503629585 -0.042295249773425643014 44.1007839657329157035
30607 485.341000 49.8247637985678508699 0.0423632036603842979106 44.1019101053423412395
30608 485.348000 49.8198742088441406395 -0.0404265018727533245735 44.1002751105637145201
30609 485.355000 49.8206072034492848388 -0.0407252545826285311525 44.1012045403369867813
30610 485.362000 49.8248335164995950208 -0.0423656048088946260433 44.1038775583523730006
30611 485.368000 49.8252085181512285317 -0.0423610034326529702464 44.104147222213491375
30612 485.372000 49.8267922924626844861 0.0424134721041806717068 44.1043423581584121962
30613 485.377000 49.8257476463364525898 -0.0423572945485018170775 44.1043290802977523413
30614 485.383000 49.8260878002082492344 -0.0423517028391323310799 44.1043043108820498333
30615 485.388000 49.8223340267053345087 -0.0403890783425413096852 44.1017593271696242141
30616 485.393000 49.8279633469697316173 0.0423887111700673377412 44.1041337704242693007
30617 485.400000 49.8229626435191974565 -0.0403773442700447807163 44.1013187376892332736
30618 485.407000 49.8273365193514550242 -0.042314914588586841071 44.1034197140813617466
30619 485.413000 49.8276246475543445058 -0.0423057260336416260382 44.1030983296804137694
30620 485.421000 49.8239724164554544927 -0.0403726045973315794679 44.1002197660372416976
30621 485.428000 49.8230733551820748062 -0.0396524611301461230028 44.0990639808642796993
30622 485.436000 49.8299225466118116401 0.0422936549788321541898 44.1019191437782041021
30623 485.443000 49.8249889015639340073 -0.0403197869458280094834 44.099157693637714317
30624 485.450000 49.8293212534089846599 -0.0422613292159647047086 44.1014055956362511779
30625 485.458000 49.8256473806798965143 -0.0403431000671763476118 44.0988092131154374442
30626 485.466000 49.8290656102509856851 -0.0419985452938966413727 44.1008246567304027508
30627 485.473000 49.8315730531829359506 0.0422803598056733162536 44.1011238410713630742
30628 485.480000 49.8266394987899303715 -0.040331281215442667254 44.0986374469092865525
30629 485.487000 49.8309764375129731206 -0.042269787002646080909 44.1011260931182746958
30630 485.495000 49.8324125972727784983 0.0424589816181502391346 44.1013303986851994409
30631 485.502000 49.8275959642395349647 -0.0403268569166592358299 44.0987281150844410149
30632 485.509000 49.831996229772791196 -0.0422728222169197129232 44.1012276215524892109
30633 485.517000 49.8283433615213269263 -0.0403507115390447576586 44.0988366271859248968
30634 485.525000 49.8340605862346777144 -0.042317073734441899846 44.1013943950199731603
30635 485.532000 49.8347015783856903681 0.0424954990687385972259 44.1014437328669046678
30636 485.540000 49.8334630888234073609 -0.0422710541708462769761 44.1012386691792528381
30637 485.547000 49.8350983843142643082 0.0423191652290846598294 44.1012998234768218708
30638 485.554000 49.8300561691576930912 -0.0403362948181350336463 44.0987510273469425215
30639 485.562000 49.8357621662924685779 0.0423128326648692237866 44.1012408243858544665
30640 485.569000 49.8307123266122999894 -0.0403604637640530561349 44.0986910207498752357
30641 485.577000 49.8355277275005335014 -0.0425672494748674384857 44.1012874767191220826
30642 485.584000 49.8367661351529562808 0.0423229968532327499586 44.1011096210281721142
30643 485.592000 49.8357472506529575185 -0.0422661141634412471091 44.1010238241744474408
30644 485.599000 49.8373636793688561397 0.0423122519229117144413 44.1011243732415749719
30645 485.606000 49.8322913333808941161 -0.0403337498669768951265 44.0986446185846929779
30646 485.613000 49.8365887800493609916 -0.0422726692173799808994 44.1011477810238616826
30647 485.622000 49.8316969813249244226 -0.0396440333994520430205 44.0979970166805088638
30648 485.629000 49.8371482823491120939 -0.0422519987811060399041 44.1012023659704794909
30649 485.634000 49.8334335102006846796 -0.0403287723860221575256 44.0988602885275255971
30650 485.641000 49.8376928960840643867 -0.0422777487857942183003 44.1013864500212591224
30651 485.649000 49.833963397423261199 -0.0403472492471656091206 44.0990365292329613567
30652 485.657000 49.8396080421703189245 0.0423238622310691467443 44.1016471617776417702
30653 485.665000 49.8348154094927835445 -0.0406585707375648405804 44.0994168439603200227
30654 485.672000 49.8388412961031548321 -0.0422888990222896471449 44.1016177432768117228
30655 485.680000 49.8351157560721986783 -0.0403415909695499716459 44.0991889565449000088
30656 485.687000 49.8393862318088238794 -0.0422843395779720215844 44.1016390382003393711
30657 485.695000 49.8356437929771161066 -0.0403627706235186317629 44.099180083539245345
30658 485.702000 49.8346712831395137755 -0.0396518386863331864789 44.0983502900981818584
30659 485.710000 49.8414436831913789661 0.0423028331971273124923 44.1015098297727732302
30660 485.716000 49.8417711132269971586 0.0423223085048663738572 44.1014763045355522308
30661 485.724000 49.8407153807546876578 -0.0422745269702603163053 44.1013222579101551446
30662 485.732000 49.8369692603251479568 -0.040344774349123771473 44.0987941484481567045
30663 485.739000 49.8412313184682957967 -0.0422768689618784609952 44.1011655714134178652
30664 485.746000 49.8405187331143153529 -0.0420075983376710926365 44.1007450524969897288
30665 485.754000 49.8376891619828512603 -0.0403195707252069907023 44.0984942010387470646
30666 485.762000 49.8433779560819587573 0.0423127991683868720507 44.1009537633307573401
30667 485.769000 49.8382629372184808858 -0.0403286136697279945507 44.0983909606310220397
30668 485.777000 49.8438815250436775273 0.042306385907697835469 44.1008871829434951906
30669 485.784000 49.8387583348832805541 -0.0403567535878333674693 44.0983588831223016768
30670 485.791000 49.8392618490485190819 -0.0406436447068006453942 44.0985872757523011956
30671 485.799000 49.8446612141215936731 0.0423198944696644707708 44.1008433042269842872
30672 485.806000 49.8395125454596410464 -0.040325510867496944245 44.0983422450627173816
30673 485.813000 49.843757369880059116 -0.0422670412877520010331 44.1008290415660795247
30674 485.821000 49.8399880493625246913 -0.0403468975858040299065 44.0984466553121947641
30675 485.828000 49.8442288729664682023 -0.0422780632872851169779 44.100950433578503862
30676 485.835000 49.8448951851795740708 -0.0425713361075441068526 44.1011855778458610189
30677 485.843000 49.8407340959141933467 -0.0403278303001277302342 44.0985530055718797371
30678 485.851000 49.8463081291246794535 0.0423201663364050906235 44.1011298960480218057
30679 485.858000 49.8411640747577706634 -0.0403426354643180301585 44.0986548369154078841
30680 485.865000 49.845395732854441917 -0.0422800153821346405558 44.1011408749069175883
30681 485.872000 49.8469334528044925037 -0.0423187734298354489848 44.1012500947197310097
30682 485.880000 49.8418951560970384662 -0.0403510337879597474897 44.0986649822246619124
30683 485.887000 49.8460951135134990864 -0.0422737549392102687773 44.1011197731556237045
30684 485.895000 49.8422919693489703263 -0.0403357763395301924247 44.09867512799761613
30685 485.902000 49.8465154983322946691 -0.0422768733300777008188 44.1011118018322321177
30686 485.907000 49.8426353266622683691 -0.0403535574628864079916 44.0986572538019672152
30687 485.912000 49.8481310327087356882 0.0423166476698812119017 44.1011664210333123037
30688 485.916000 49.8476555063763839826 0.041423587656586005612 44.1002296536176885411
30689 485.920000 49.8432772157653758427 -0.04065257012412661769 44.0988378682414676746
30690 485.924000 49.847083652217314409 -0.0422516630895385242317 44.1009262064718399188
30691 485.928000 49.8486427350941596615 0.0423275524723863150189 44.1010373949573732943
30692 485.932000 49.8433732964342937066 -0.0403250349550441783419 44.098479701186434454
30693 485.937000 49.8488741816798750506 0.0423166908926524490409 44.1009837115532832286
30694 485.943000 49.8490390788868609206 0.0423139882610940806784 44.1009585679040441164
30695 485.949000 49.8492040247296088751 0.0423121515586004082188 44.1009363453684883893
30696 485.954000 49.84800980061395137 -0.0422746228186419784056 44.1008423540160165999
30697 485.958000 49.8494491594251130095 -0.0423106342060860785015 44.1009072867079723324
30698 485.963000 49.8445065941027962708 -0.0406466613672958193559 44.0985925490576633479
30699 485.966000 49.8443941685278488762 -0.0403419036429089328255 44.0982782531901307266
30700 485.970000 49.8484707161571591882 -0.0422726035223869242574 44.1007312267030897601
30701 485.974000 49.8499237997875042083 0.0423109624324592079048 44.1007825188661186644
30702 485.977000 49.8500008748031717687 0.0423150957116597281615 44.1007840320139834489
30703 485.983000 49.8501648673280399748 0.0423113297706475890991 44.1007776914678544244
30704 485.987000 49.8449196821334936658 -0.0403330961571409934985 44.0982564847203803993
30705 485.992000 49.8504053216337226218 0.0423100769693436629115 44.100781106817485977
30706 485.999000 49.8452363564517284544 -0.0403562648074161367528 44.0982676411495972957
30707 486.005000 49.850496194082062118 0.0424599615002298341748 44.1008600493142708387
30708 486.009000 49.8455799253279394634 -0.0403391745278131805263 44.0981995207992767405
30709 486.015000 49.845721651648482009 -0.0403195371766653237744 44.0982214137611805427
30710 486.021000 49.8458527156718602669 -0.0403233759788927739742 44.0982322077247133052
30711 486.028000 49.8500553218237314468 -0.0422679371738251263846 44.100694518998686533
30712 486.035000 49.8515668107925833397 0.0423127430557689587776 44.1007951690664938837
30713 486.041000 49.8517192304033045502 0.0423121109434769007707 44.100814854906651874
30714 486.048000 49.8513074561249780459 0.041419942774405922592 44.0999123372365104956
30715 486.054000 49.8523694272763080448 0.0424909888259225668183 44.1008889247877533535
30716 486.060000 49.8522586637331386328 0.0423260081595567272394 44.1007969801097559071
30717 486.067000 49.8470585097300684652 -0.0403296631984744469168 44.0982756246895206687
30718 486.073000 49.8472070275889720392 -0.040333529597891430718 44.098283636838864652
30719 486.078000 49.8526840572532705664 0.0423141405295133499198 44.1008135808712040671
30720 486.084000 49.8528305698629310427 0.0423132174466952504233 44.1008216503337848735
30721 486.091000 49.8524119204947524508 0.0414206661569637910048 44.099904262171222058
30722 486.098000 49.847896599229862602 -0.0403438162218346385579 44.0982230546365130408
30723 486.105000 49.8520599983634724595 -0.0422672507289571092182 44.1006679600108668637
30724 486.112000 49.8535475752059156207 0.0423164649443685397801 44.1007454530135021287
30725 486.118000 49.8536889480678695463 0.0423142802435962847585 44.1007430558275075327
30726 486.126000 49.8525462537542125574 -0.0422724597776506505475 44.1006632137638661106
30727 486.132000 49.8526865427681045162 -0.0422758367887319033707 44.1006609233677053794
30728 486.139000 49.851898505095007863 -0.0420080914586040202185 44.1003071973881972667
30729 486.144000 49.8490229038720187305 -0.0403457513453461535935 44.0981219036150520196
30730 486.151000 49.853179555978599069 -0.0422659446474082794998 44.1005607460878792381
30731 486.156000 49.8492595653529591004 -0.0403301493639668384716 44.098115788668053483
30732 486.160000 49.8533727113259246266 -0.0422674857340358603452 44.1005545003081280697
30733 486.167000 49.8548646057868651837 0.042310935636769457513 44.1006303243302753003
30734 486.174000 49.8496694775985460524 -0.0403547111007038009078 44.0981082003376982925
30735 486.181000 49.8486105534767744984 -0.039644291527010655507 44.0973103751419444052
30736 486.188000 49.8539526621726665212 -0.0422465579612708655444 44.1004340367025235992
30737 486.195000 49.8555354541260911105 0.0423108959971347994844 44.1005442859663929767
30738 486.202000 49.8503389376054002469 -0.0403267428424270366061 44.0980294805007702053
30739 486.207000 49.855802811563350474 0.0423116109917811913932 44.1005550988005339264
30740 486.212000 49.8545819026096879156 -0.0422694852610825677619 44.1004824770307664039
30741 486.216000 49.8560010345319071234 0.0423101404391697799579 44.1005643874186290532
30742 486.221000 49.8547794244176429856 -0.0422745767752530712813 44.1004928010117751569
30743 486.228000 49.8553817571039559198 0.0425675098392974335382 44.1006756565602202613
30744 486.234000 49.8559615854958337877 -0.0420261772396598384804 44.1003532221901934918
30745 486.241000 49.8532622872251351964 -0.0417849877411826664542 44.0994184440707215344
30746 486.248000 49.8546907542194119856 0.0425559702944105569533 44.1005221425060298657
30747 486.255000 49.8571355084266727431 -0.0420818075551559686587 44.100428010706785642
30748 486.260000 49.8523377373831095838 -0.0416785907236235445006 44.0992693956564139057
30749 486.264000 49.8577508197244227972 -0.042311229716249530719 44.100524813757580489
30750 486.268000 49.8494171937333945266 -0.0396189109120449675649 44.0970953115086103935
30751 486.272000 49.8540684793929003149 -0.0417758146920776396449 44.0993498959674994353
30752 486.277000 49.8564821440710730371 -0.0409251438182362189955 44.0993051942956384437
30753 486.281000 49.8553725360051132043 0.0425159891170294457208 44.1005105743808840657
30754 486.286000 49.8581331319839833327 0.0422829990368179878257 44.1004534845493054718
30755 486.293000 49.857586654688049066 0.0424707125553831846276 44.1006092205853050814
30756 486.300000 49.8524666898983781493 -0.0403243095868533046877 44.0979528359645769342
30757 486.307000 49.856682429162333392 -0.0422696703225472619758 44.1003946778581195076
30758 486.314000 49.8581605534654670464 0.0423098119713798265229 44.1004713981401579304
30759 486.321000 49.852948235155565726 -0.0403617914608041736257 44.0979486581882866858
30760 486.327000 49.8581712514750847731 0.0424581555823503667413 44.1005286002314349503
30761 486.334000 49.8531810064670963811 -0.040321378729632109672 44.0978620685787134903
30762 486.341000 49.8574052332972499357 -0.0422660981335474250642 44.1002995660746037743
30763 486.347000 49.8575321397984723149 -0.0422659921230645607704 44.1002983829073471611
30764 486.355000 49.8536702717483350966 -0.040340994232710189471 44.0978562527309705388
30765 486.362000 49.8578307087796090968 -0.0422726534249845478652 44.1003030649733958057
30766 486.368000 49.8527096323326972538 -0.0396422488067082676166 44.0970631277533868797
30767 486.375000 49.8580316856650753721 -0.0422453400191006925302 44.1001882811040246679
30768 486.381000 49.8582566620698912629 -0.0422634286401119552146 44.1002245224776316945
30769 486.389000 49.8543788553313618195 -0.0403239447676133414 44.0977855132146316919
30770 486.395000 49.8544951949540049441 -0.0403308565010656108751 44.0977904201770414261
30771 486.403000 49.8600019481529486143 0.0423091589640648413351 44.100319411904450817
30772 486.409000 49.8601161880755086031 0.0423085620981708751542 44.1003251138931062769
30773 486.416000 49.8599980135280347326 0.0424580688827706359545 44.1003912032971356894
30774 486.423000 49.8550003140088122677 -0.040317615585319863114 44.0977323037191482058
30775 486.430000 49.8592166267886085507 -0.0422650549102887990172 44.1001762689723761923
30776 486.437000 49.8606870902927852285 0.0423110385589082829694 44.1002584803418855586
30777 486.444000 49.8554662583204120097 -0.0403339307179469697129 44.0977432046368491569
30778 486.450000 49.855577729688498323 -0.0403441320280145190869 44.0977483141899071484
30779 486.457000 49.8597293799651168911 -0.0422739130063659387937 44.1001976519377265618
30780 486.464000 49.8603080823914268649 -0.0425661115139277304587 44.1003765470345072686
30781 486.471000 49.8613800960638613446 0.0423225216609084547992 44.1002113587466695321
30782 486.478000 49.8561348480835349051 -0.0403213707447605262946 44.0976785529199730718
30783 486.485000 49.860284407448190791 -0.0422651092642889678053 44.100122288131466064
30784 486.492000 49.861743627773762455 0.0423097292558392221173 44.1002037153858452712
30785 486.497000 49.860502764750791016 -0.0422689583791978074068 44.1001290926576743345
30786 486.502000 49.8565701154203750889 -0.0403534225243172700592 44.0976874279895767472
30787 486.507000 49.8620123163233301966 -0.0423080209637880372275 44.1002101945162792163
30788 486.512000 49.8570233985431556789 -0.0406467059732266711158 44.0979103585825882305
30789 486.517000 49.8621130294257639548 0.0422873571881553778073 44.1001039473108349398
30790 486.522000 49.8610027480899162811 -0.0422629154925238739726 44.100047812874421993
30791 486.528000 49.8610977706597893189 -0.0422662713604989304095 44.100050019980855609
