14211 1391.476000 -0.382478444625472202567 -0.0313945312690013869639 -0.0551095394710817282347 -0.00816077934722675944756 -0.000798764459274229851084 0.999966381262782477712 3.12044435121100383057
14212 1391.482000 -0.382474398241142432564 -0.0313962053336451080154 -0.0551151493825610544475 -0.00817858733463688349075 -0.000793086863253785433192 0.999966240291359609316 3.12044563857673828977
14213 1391.489000 -0.382469763132678053363 -0.0313965299679116668918 -0.0551185715901717082632 -0.00819703834639916480154 -0.000788085701125921427382 0.999966093166800962244 3.12044410825024431944
14214 1391.495000 -0.382466067497992334712 -0.0313956437350949996157 -0.0551189928826393074623 -0.00820931648730582885776 -0.000785667681688007784116 0.999965994346360353973 3.12044081417210694696
14215 1391.501000 -0.382462780582656036721 -0.0313938155893368556204 -0.0551173092373770587282 -0.00821734216550141886859 -0.000785351463891415511355 0.999965928674979021018 3.12043604304211230627
14216 1391.507000 -0.382460007391334788629 -0.0313911234733248931117 -0.0551137768285607718144 -0.00822065281643431962355 -0.000787374223961007156485 0.999965899873142327614 3.12042999361299289163
14217 1391.512000 -0.382458135935582532738 -0.0313882592729541540222 -0.0551096360246647321013 -0.00821978407218810352974 -0.000790918407583018922592 0.999965904217678391852 3.12042406347928302779
14218 1391.519000 -0.382456214904701330415 -0.0313833550799686930577 -0.0551023967607150791381 -0.00821343646801139630476 -0.000798661821125276269462 0.999965950220647048496 3.12041449253686220544
14219 1391.525000 -0.382455201460214389009 -0.0313783744828921226655 -0.0550952317710985961519 -0.00820393122199025368046 -0.000807682755873527394135 0.999966021003249272425 3.12040517131942030105
14220 1391.534000 -0.382454661224180925139 -0.0313696990986280371816 -0.0550836295231498032643 -0.00818458486446694589989 -0.000824645375126741887739 0.999966165692920516683 3.12038937623221990236
14221 1391.543000 -0.382454972144094795805 -0.031359603370508914999 -0.0550720717195374784292 -0.00816227103493464244133 -0.000844802991241906447648 0.999966331252936879714 3.12037025454600991381
14222 1391.552000 -0.382455982540946093362 -0.0313486788299541380143 -0.0550613848874158332003 -0.00813925066596641808014 -0.000866259835995948006097 0.999966500535139579675 3.12034772495107803891
14223 1391.562000 -0.382457549353514392187 -0.031336042723472824767 -0.0550513220728332253184 -0.008115570185160941169 -0.000890279533574955166467 0.999966671906080017962 3.12031885098691974534
14224 1391.571000 -0.382458824105020966932 -0.0313256237060621361978 -0.0550450552225696387865 -0.00809950564797990574251 -0.00090859346231977194952 0.999966785681493774973 3.12029303621667386537
14225 1391.580000 -0.382460170101807495069 -0.0313129206386210598434 -0.0550394978931768447117 -0.00808359448962423995932 -0.000929484975834756485882 0.999966895230940622241 3.1202605406517824882
14226 1391.589000 -0.38246103255157837264 -0.0313018652584696535635 -0.0550365362460969523295 -0.0080732489598371141859 -0.000945733573063939326163 0.999966963573917899666 3.12023246961039868452
14227 1391.599000 -0.382461470118943935859 -0.031291401545109259752 -0.0550355629004671623172 -0.00806674962571766324126 -0.000959324077690348951501 0.999967003079496596918 3.1202071180855788235
14228 1391.608000 -0.382461658084094657806 -0.031281164905899452866 -0.0550348708255440632886 -0.00806142615558478117799 -0.000971540438322480320345 0.999967034215385797147 3.12018475163897646141
14229 1391.617000 -0.382461487732968286046 -0.0312736579570642228565 -0.0550355937812556789135 -0.00805987899491266562846 -0.000979105840704629906343 0.999967039307966487627 3.12017023268146020953
14230 1391.626000 -0.382461173752275340743 -0.0312658208474702950519 -0.0550358457045638654881 -0.00805835906701045726064 -0.00098640694433935454527 0.999967044382207181918 3.12015797730561894596
14231 1391.635000 -0.382460760884216544042 -0.0312597324479770427574 -0.0550362549337517770187 -0.00805844747296503502443 -0.00099115518340836560908 0.99996703897464933597 3.12015053992243274195
14232 1391.645000 -0.382460322884459191783 -0.0312543800143914238254 -0.055036366130516316264 -0.00805929674099037374191 -0.000994624566302087630837 0.999967028685452397063 3.12014512473510619017
14233 1391.654000 -0.382460122064305019229 -0.0312498518497462164645 -0.0550356781960335272874 -0.00806024501878009960731 -0.000997654192929421082189 0.999967018024269016507 3.12013469660336140166
14234 1391.663000 -0.382459794101309424885 -0.0312458061150572216635 -0.0550347677511262844963 -0.00806199034540510707514 -0.000999768504184075403052 0.999967001842865133021 3.12012525589251543678
14235 1391.672000 -0.382459453907097512992 -0.0312420782419009744613 -0.0550335532666974824867 -0.00806400240543555038575 -0.00100160207210318375794 0.999966983784212004593 3.12011692087149627994
14236 1391.681000 -0.382459169940651544373 -0.0312388673784029027858 -0.0550321759270821775356 -0.00806576888687451400151 -0.00100335976134789759545 0.999966967775162474119 3.12011016984580225042
14237 1391.690000 -0.38245877190508537069 -0.0312355145692937569146 -0.055030868576729570496 -0.00806828991034910791846 -0.00100552667515801746022 0.999966945260706285836 3.12010367728511139873
14238 1391.698000 -0.382458273731749287538 -0.0312323210693082990719 -0.0550299442305869634939 -0.00807132413206873393363 -0.00100795776655966868619 0.999966918326749443224 3.1200979669673278849
14239 1391.707000 -0.382457713406413046808 -0.0312290368509714130751 -0.055029211219673121458 -0.00807439135068582954091 -0.00101085277252785702383 0.999966890642379535592 3.12009231863003844154
14240 1391.716000 -0.382457136026620847513 -0.0312260008473985301025 -0.0550288866915175228778 -0.00807721154683432342181 -0.00101379884554373572193 0.999966864883796380248 3.12008712128366738625
14241 1391.725000 -0.382456349042914700576 -0.0312226380307411253978 -0.0550291013878887458333 -0.00808065218466903767425 -0.00101721491605309471637 0.999966833617037975657 3.1200813182400661816
14242 1391.734000 -0.382455449847815653897 -0.0312192239743306482191 -0.0550297758435880912664 -0.00808405841078470820127 -0.00102074607564814107304 0.99996680248749258979 3.12007516936320694612
14243 1391.742000 -0.382454463522704901646 -0.031215865730147999979 -0.0550307461320940494165 -0.00808715577239429821155 -0.0010242064819816134192 0.999966773904310879395 3.12006880237199624162
14244 1391.751000 -0.382453299671549895589 -0.0312120948087414341876 -0.055032131426728143897 -0.00809038720781533361726 -0.00102787811436428396655 0.999966743997724116788 3.1200598242708084129
14245 1391.760000 -0.382452268580901810768 -0.0312086678894082890368 -0.0550334787614482623397 -0.00809245037312760102932 -0.00103102673954941930802 0.99996672406176634329 3.12005193307208461562
14246 1391.769000 -0.382451388047156004557 -0.0312056043295801111004 -0.0550347016387381510194 -0.00809375435272573738599 -0.00103370840893129436154 0.999966710739614073056 3.12004456592188583741
14247 1391.778000 -0.382450472305104149928 -0.031202318505191058845 -0.0550357565388376185345 -0.00809432063422201378278 -0.00103650203560246944971 0.999966703264163814247 3.12003643592163903975
14248 1391.787000 -0.382449585382691470414 -0.0311988636577218460266 -0.0550364913831061855487 -0.00809391970763962201318 -0.00103936807436064409388 0.999966703534558853939 3.12002796589488973211
14249 1391.796000 -0.382449016142958619913 -0.0311960054060132045695 -0.0550367630807590130226 -0.00809295257227035311209 -0.00104152408460321402664 0.999966709118980667803 3.12002122375097679097
14250 1391.804000 -0.382448522002574176071 -0.0311931305410258520594 -0.055036623355128967694 -0.00809116280581407242012 -0.00104385990695273368073 0.999966721166731797865 3.12001506932334038424
14251 1391.813000 -0.382448361046584139888 -0.0311905281566976985697 -0.0550359209951795103066 -0.00808837019831393569391 -0.00104603286205024923437 0.999966741488328869636 3.12000912025086352131
14252 1391.821000 -0.382448172137510866708 -0.0311879905163973368543 -0.055035197925363738003 -0.00808662853104864798315 -0.00104818696055212589972 0.999966753318877299428 3.12000256966641353884
14253 1391.830000 -0.382448266724393193261 -0.0311852482016689649957 -0.0550337853361064291424 -0.00808315325496361015978 -0.00105063651518740724944 0.99996677884636242517 3.11999669669603996169
14254 1391.838000 -0.38244840827953635598 -0.0311828816823005450232 -0.0550324503459170971675 -0.00808060644706106757928 -0.00105294455185283805133 0.999966797002389662374 3.11999148418999583399
14255 1391.847000 -0.382448613782906454706 -0.0311803649859767155472 -0.0550309476902921465569 -0.00807817821035095202931 -0.00105538511690972023303 0.999966814048874663712 3.11998615787150201939
14256 1391.856000 -0.382448864236384356019 -0.0311776828664666397217 -0.0550293943110766875515 -0.00807599851107935855221 -0.00105817131365427085331 0.999966828710592725571 3.1199808402858288936
14257 1391.864000 -0.382449094111378451455 -0.0311753184266437520511 -0.0550281168731624886759 -0.00807452552895619735107 -0.0010607095847462249226 0.999966837916467676806 3.11997640184012725584
14258 1391.873000 -0.382449323228875315284 -0.031172481974624390022 -0.0550268192814473977581 -0.00807350113356083629035 -0.00106385191343225083381 0.999966842849578152475 3.11997139103093434898
14259 1391.881000 -0.382449456498435258478 -0.0311701181335674142037 -0.0550259737110794650006 -0.00807323056512299769283 -0.00106640811210565941702 0.999966842311274306532 3.11996727583579325227
14260 1391.890000 -0.382449507749741901552 -0.0311674447345301579293 -0.0550253345358307499602 -0.00807359803470321553409 -0.00106922237853541144716 0.999966836339225451091 3.11996265983609433192
14261 1391.898000 -0.382449451075316471105 -0.031165053081977311944 -0.0550250527858987120711 -0.00807447306647883326913 -0.00107162954084097394349 0.999966826697178956529 3.11995849195673491394
14262 1391.907000 -0.382449270146954567462 -0.0311623553960668729645 -0.055025038306355099349 -0.00807596340171048109047 -0.0010741945335602863347 0.99996681190989444854 3.11995368960419261484
14263 1391.915000 -0.382448997097523557542 -0.0311599325937149500276 -0.0550252714239452406231 -0.00807765434774833368525 -0.00107633039651428312131 0.99996679595530357787 3.11994921653978796172
14264 1391.925000 -0.382448590744128902319 -0.031157085071689186867 -0.0550257870965697726273 -0.00807982722890893123591 -0.00107860358655595183971 0.999966775951208308726 3.11994366558811675461
14265 1391.933000 -0.38244795908147638519 -0.0311541854531108518278 -0.0550264803976050764778 -0.00808242903516554270227 -0.00108077774458396631135 0.999966752577483575237 3.11993751132157814965
14266 1391.942000 -0.382447553615640090108 -0.0311517906527608821887 -0.0550270433855463703132 -0.00808395989820947721838 -0.00108236830700629018363 0.999966738482441885871 3.11993279102443032968
14267 1391.950000 -0.382446910371104065174 -0.0311491311488280159248 -0.0550277623409526212006 -0.00808607537989929070488 -0.00108416100953561897469 0.99996671943613013589 3.11992656806018997528
14268 1391.959000 -0.382446443988306017392 -0.0311467248270155816492 -0.0550282679448529654653 -0.00808713904435635032308 -0.00108555529359172101347 0.999966709321756352935 3.11992171460431411134
14269 1391.967000 -0.382445962615581447341 -0.0311444321127158502138 -0.055028684168624636408 -0.00808813947215611742103 -0.00108705348450527047345 0.999966699602842123973 3.1199165985559966785
14270 1391.976000 -0.38244536533715978166 -0.0311416630080082121323 -0.0550291134193419823051 -0.00808937811682461718754 -0.0010888139777456328286 0.999966687668046638748 3.11990960166603370496
14271 1391.984000 -0.382444938336013506852 -0.0311392847252122580148 -0.0550292465751841680666 -0.00808949239246794550573 -0.00109014428030436449392 0.999966685294205404055 3.11990475268483313798
14272 1391.993000 -0.382444511207942205999 -0.031136643592404384534 -0.0550292475855782697858 -0.00808966911729754045712 -0.00109215133108426219223 0.999966681674466006946 3.11989826920377755215
14273 1392.002000 -0.382444234537206384505 -0.0311342454483328409665 -0.0550290531350571057723 -0.00808921469027796408158 -0.00109360834214615931445 0.999966683758258256809 3.11989328681057731529
14274 1392.010000 -0.38244404171544021942 -0.0311319697969643718882 -0.0550286774215093810181 -0.00808843419744731395582 -0.00109554245150257265583 0.999966687954639055214 3.11988837361182902441
14275 1392.019000 -0.382443831295605329856 -0.0311293731315484996369 -0.0550282258533699719649 -0.008087740464048739919 -0.0010977076990721526626 0.999966691191258472138 3.11988279519091005199
14276 1392.028000 -0.38244367634381487564 -0.0311267628377167454579 -0.055027691840912024146 -0.008086973389647984789 -0.00109996441039003915903 0.999966694915231268936 3.11987728585132684245
14277 1392.035000 -0.382443590141511524649 -0.0311247377964270384443 -0.0550272419048526556518 -0.00808636485812705592402 -0.00110178430239170951216 0.999966697832848860905 3.11987310045910337664
14278 1392.044000 -0.382443514480114044041 -0.0311221468508367758721 -0.0550266488979024442907 -0.00808561649655046253693 -0.00110418816743412567978 0.999966701232776866703 3.1198678571919757907
14279 1392.053000 -0.382443444905824936342 -0.0311195367949091312998 -0.05502608589955669538 -0.00808502697748084836471 -0.00110666967622834373254 0.99996670325616399122 3.11986267639993730683
14280 1392.062000 -0.382443379600477195712 -0.0311169210929063966287 -0.0550255720196118763843 -0.00808459310459277297189 -0.00110915957516792822862 0.999966704005373352437 3.11985753486711425708
14281 1392.071000 -0.382443300351135828663 -0.0311142932132006423684 -0.0550251330581958825183 -0.00808436851854039788268 -0.00111164325636339714025 0.999966703063120521122 3.1198524029915679634
14282 1392.080000 -0.382443222884695122055 -0.0311118275698883915703 -0.0550248033632076624655 -0.00808433424064371360107 -0.00111389051687496402898 0.999966700839484023966 3.11984753852862439771
14283 1392.088000 -0.382443076215523536376 -0.031109294088153639779 -0.0550245493193369794582 -0.00808454476118866324774 -0.00111621798196061250939 0.999966696542150423888 3.11984262300118508904
14284 1392.096000 -0.38244295832026059534 -0.0311070926129508630587 -0.0550243996387484585187 -0.00808480941525229097888 -0.00111808483602561167802 0.99996669231680823664 3.11983818997107587023
14285 1392.104000 -0.382442785515777095018 -0.0311047188133870000648 -0.0550242959277598003842 -0.00808524612995510302826 -0.00112009692529837622671 0.999966686534054516322 3.11983345198731942816
14286 1392.112000 -0.382442544664114314479 -0.031102157285340797932 -0.0550242439964932633645 -0.00808584977612740625486 -0.0011222150922994657881 0.999966679278206926895 3.11982830834894198091
14287 1392.121000 -0.382442290621373137682 -0.0310994754737656427246 -0.0550242391817028358991 -0.00808649842038971014557 -0.00112430527038065073385 0.999966671685089791843 3.1198227876245132606
14288 1392.129000 -0.382442034919458884179 -0.0310970763883972912967 -0.0550242704704244633973 -0.00808713099353233766386 -0.00112612781816611860937 0.999966664518588066457 3.11981779346774379391
14289 1392.138000 -0.382441780263666375461 -0.0310945524195787234567 -0.0550243102617907625662 -0.00808772700618927420368 -0.00112793918513550577888 0.999966657656678026278 3.11981241079081739187
14290 1392.147000 -0.382441477694395182141 -0.0310918722765775625005 -0.0550243478585259321312 -0.0080883438702348559729 -0.00112988935883191797885 0.999966650465641149204 3.11980672000762115914
14291 1392.154000 -0.382441233848124229056 -0.0310897789524515986981 -0.0550243739869522158203 -0.00808879619951599106165 -0.00113139862133361935974 0.999966645100326512186 3.11980224766043301443
14292 1392.160000 -0.382440982892746972333 -0.0310878222013613557395 -0.0550243881214300262217 -0.00808919484732016982886 -0.00113285153307194274772 0.999966640230625869457 3.11979809945701758167
14293 1392.166000 -0.382440781698297427305 -0.0310860389753466366536 -0.0550243797418692795476 -0.00808947990859467704061 -0.00113414113924377901906 0.999966636462779612238 3.11979426761878642083
14294 1392.172000 -0.382440591314124944677 -0.031084269777844269339 -0.0550243509709996900248 -0.00808970477933085643785 -0.00113543214132688142538 0.999966633178545505345 3.11979047305597800843
14295 1392.177000 -0.382440428929540665592 -0.0310827866286845291843 -0.0550243194098107499257 -0.00808989016366076091336 -0.00113653888403331452227 0.999966630421488034131 3.11978730597465503394
14296 1392.184000 -0.382440256904387931858 -0.0310808821483880490244 -0.0550242475136366732125 -0.00809003173812524074837 -0.00113790879152545040993 0.999966627718174572159 3.11978317435569296734
14297 1392.190000 -0.382440080821294214886 -0.0310791114778633560667 -0.0550241702860862769153 -0.00809015309058704577827 -0.00113924795515980988546 0.999966625211595405709 3.11977939515442548313
14298 1392.196000 -0.382439872279650372455 -0.0310771792376072081288 -0.0550240768519631301414 -0.0080902794958515236029 -0.00114078450465011330302 0.999966622437165608694 3.11977534589967664402
14299 1392.202000 -0.382439758289011944026 -0.0310755908147647801065 -0.0550239619507415650412 -0.00809028030526725595861 -0.00114197721894554416952 0.999966621069230288121 3.11977193738612257334
14300 1392.208000 -0.38243956320926081327 -0.0310736573178507675952 -0.055023841058888717237 -0.00809036926338984815898 -0.00114357054797036700178 0.999966618528630557527 3.11976793562180354513
14301 1392.217000 -0.382439348235201870274 -0.0310710123253165673707 -0.0550236339221065462457 -0.00809038665659321705459 -0.0011456986416080335283 0.999966615951937365381 3.11976239766343788062
14302 1392.224000 -0.382439190708179999056 -0.0310689560967438993533 -0.0550234599595163034746 -0.00809038483286783800807 -0.00114737835042086366334 0.999966614040777468375 3.1197581186737464165
14303 1392.233000 -0.382439000054343003487 -0.0310663192917438289731 -0.0550232245159542748825 -0.00809037719544287818596 -0.00114956958296715677781 0.999966611585911713256 3.11975267751701057506
14304 1392.241000 -0.382438832236579873136 -0.0310639611823518672906 -0.0550230173271378311672 -0.00809038931967610321083 -0.00115152428402082889804 0.999966609238768233681 3.11974780985909605491
14305 1392.250000 -0.382438648954585125317 -0.031061306105951622808 -0.0550227844754993256071 -0.00809041643685015458842 -0.00115373086129477719908 0.999966606475925390285 3.11974234091416446901
14306 1392.259000 -0.382438469838669359291 -0.0310586541872297020039 -0.0550225571244786909597 -0.00809047055369259242308 -0.00115594449135344220364 0.999966603481612703597 3.11973690207220988313
14307 1392.268000 -0.382438282497442660901 -0.0310559818514860759564 -0.0550223497442474118735 -0.00809057875371308604651 -0.00115814530091379796692 0.999966600059667864997 3.11973139965086687653
14308 1392.277000 -0.382438093121450162215 -0.0310533048167376778126 -0.0550221546734903782516 -0.00809071546142410558122 -0.00116032867069212528542 0.999966596422449560677 3.11972587178329474611
14309 1392.286000 -0.382437900259938845515 -0.0310506290120304458136 -0.0550219744850423686522 -0.00809088975675000682264 -0.00116250323793368171531 0.999966592486551841823 3.11972035148530268955
14310 1392.295000 -0.382437696941478222357 -0.0310479354298562777725 -0.0550218140456264562244 -0.00809110229864596318394 -0.00116464664839219136754 0.999966588272716783159 3.11971474949955851486
14311 1392.305000 -0.382437500993732304444 -0.0310451035532214036916 -0.0550216550674350324268 -0.00809131644519883903854 -0.00116682534409044257745 0.999966584000085534356 3.1197087773716822845
14312 1392.313000 -0.382437275172523349909 -0.0310425446182868852718 -0.0550215297409543946383 -0.0080915920219685518594 -0.00116888524822339944995 0.999966579364443775013 3.11970349804354540879
14313 1392.322000 -0.382437054235967355265 -0.0310398388239740731509 -0.0550214032249294188182 -0.00809185798979385889629 -0.00117097447755192527775 0.99996657476789985175 3.1196978091068481298
14314 1392.331000 -0.382436835777709871476 -0.031037142200912581913 -0.0550212785463783798923 -0.00809210216240173821345 -0.00117303508666577569093 0.999966570376869423598 3.1196921324710129575
14315 1392.341000 -0.382436579458285130784 -0.0310341320486058822037 -0.0550211491043368083886 -0.0080924240539875427064 -0.00117536546537924430252 0.999966565035528276439 3.11968579256341049799
14316 1392.349000 -0.382436376840675551492 -0.0310317265119067382806 -0.0550210427086774978012 -0.00809265196864250059561 -0.00117720536200360261989 0.999966561026742639662 3.11968070822397569586
14317 1392.359000 -0.382436168285301469894 -0.0310288984140150436719 -0.0550209033297758276504 -0.00809285870217657347936 -0.00117932586755496596545 0.999966556855040322738 3.11967468105573608739
14318 1392.365000 -0.382435975370169711773 -0.0310269279681909260216 -0.0550208214662233005554 -0.00809308154177495672754 -0.00118090275571584835644 0.999966553190575258014 3.11967059126745427378
14319 1392.370000 -0.382435850118607034709 -0.0310254269806701545031 -0.0550207494168553842839 -0.0080932063783507018212 -0.00118205879920982976326 0.999966550814332277852 3.11966742206712766006
14320 1392.376000 -0.382435701544432904431 -0.0310236276094955250315 -0.0550206602664389254898 -0.00809334871911379476195 -0.0011834490617114430764 0.999966548017896861289 3.11966362575122735379
14321 1392.382000 -0.382435554421318379958 -0.0310218297368700518524 -0.0550205682800905121477 -0.00809348465078306433806 -0.00118484418034578735043 0.999966545265628337091 3.11965983776224486945
14322 1392.388000 -0.382435411065525365792 -0.0310200410490778025197 -0.0550204719953828608192 -0.00809361490318205069328 -0.00118625137624999744956 0.999966542543034964119 3.11965609298655843773
14323 1392.394000 -0.382435265612469654783 -0.0310182427442065068723 -0.0550203766099319341309 -0.00809374491825429719094 -0.00118765253116245145769 0.999966539827540246144 3.11965230986734942675
14324 1392.400000 -0.382435122821594197795 -0.0310164470292888169722 -0.0550202771539200496953 -0.00809386541775358042683 -0.00118905700738732651896 0.999966537183136328082 3.11964853574305811534
14325 1392.405000 -0.382435005112385817405 -0.0310149515588527061039 -0.0550201924800666625215 -0.00809396263100780645472 -0.00119023064268599233599 0.999966535000019418611 3.11964539693271003529
14326 1392.411000 -0.382434869533227639327 -0.0310131671631697011793 -0.0550200854415469897685 -0.0080940668873879708517 -0.00119164243301233012048 0.999966532474729552504 3.11964166623471417239
14327 1392.419000 -0.382434681516672925206 -0.0310107713427981747378 -0.0550199492906920037405 -0.00809423003857642243963 -0.00119353299556886017704 0.999966528899378315209 3.11963665239629639458
14328 1392.428000 -0.382434511722764602926 -0.0310082405900278766653 -0.0550197935580542391021 -0.00809435316711211959306 -0.00119547476944579047532 0.999966525583172560765 3.11963128823615898355
14329 1392.436000 -0.382434300152276529516 -0.0310056968066211441348 -0.0550196429052283164651 -0.00809452445573693828151 -0.0011975330567518414817 0.999966521733809399208 3.11962602873303840312
14330 1392.445000 -0.382434092867458552689 -0.0310029989407829137393 -0.0550194856505544366287 -0.00809471077155102941569 -0.00119966955066777482969 0.999966517664713672175 3.11962039148112824094
14331 1392.454000 -0.382433890521864050527 -0.0310003025343541967207 -0.0550193253700874684853 -0.00809487897034609146796 -0.00120178698047227849703 0.999966513760590425264 3.1196147384797479063
14332 1392.463000 -0.382433692095313804149 -0.0309976138061123195067 -0.0550191629701267670427 -0.00809504495261216192037 -0.00120390800366290250806 0.999966509865572450444 3.11960911634349402632
14333 1392.472000 -0.382433487423311124775 -0.0309949095431772091158 -0.0550190092512483353016 -0.0080952312687918009243 -0.00120602042901524534289 0.999966505811784589497 3.11960343994626132513
14334 1392.481000 -0.382433284647185289806 -0.0309922058032660943661 -0.0550188542056515295098 -0.00809541081025564462914 -0.00120812567465198011235 0.99996650181701962623 3.1195977549545790275
14335 1392.490000 -0.382433083647608640376 -0.030989508420887663942 -0.0550186994999959169683 -0.00809559408659295959287 -0.00121023667722624465176 0.999966497780585661381 3.11959209955719440899
14336 1392.499000 -0.382432878154575606189 -0.0309867979094366093051 -0.0550185503407103343454 -0.00809578555668909877197 -0.00121233341687494418706 0.999966493690616964329 3.11958638680499289464
14337 1392.507000 -0.382432696193733656642 -0.0309843892540157921089 -0.0550184174754193150436 -0.00809595272495052843686 -0.00121419567779499650538 0.999966490077708325401 3.11958130740942118919
14338 1392.516000 -0.382432493032564602142 -0.0309816862424802802467 -0.0550182683494471747032 -0.00809614432551889091905 -0.00121629822945458682983 0.999966485971243601583 3.1195756251651212132
14339 1392.522000 -0.382432355051454175854 -0.0309798768568584209637 -0.0550181712187239324585 -0.00809627449850875910431 -0.00121769230096891540802 0.999966483220665169895 3.11957180439167025554
14340 1392.529000 -0.38243219506044562328 -0.0309777672851484706107 -0.0550180571066568174787 -0.00809642255620178843967 -0.00121931855898700647334 0.999966480040227700954 3.11956734879193353649
14341 1392.534000 -0.382432080855225120519 -0.0309762606987845634521 -0.0550179756391779434255 -0.00809652804535290412935 -0.00122048107318763914865 0.999966477767910366659 3.11956416757187637856
14342 1392.539000 -0.382431969500843571552 -0.0309747631291486733018 -0.0550178918066554778488 -0.00809663124943675940881 -0.00122165161556169496286 0.999966475502924390106 3.11956102539052571032
14343 1392.544000 -0.382431853899171114719 -0.0309732541714913024722 -0.0550178130750302307739 -0.00809674354149084000987 -0.00122281399757864762089 0.999966473172951286763 3.11955783860636426397
14344 1392.552000 -0.382431671184731203361 -0.0309708434341203868445 -0.0550176831297587362601 -0.00809691187539283985242 -0.00122467346751831541833 0.999966469534343982417 3.11955274651847958012
14345 1392.557000 -0.382431557467806493289 -0.0309693376096152189758 -0.0550176016345202550939 -0.00809701605836358334622 -0.00122583678851271443699 0.999966467265337111137 3.11954956765778534944
14346 1392.563000 -0.382431424730910907162 -0.0309675403860872715256 -0.0550175004260520239541 -0.00809713524555050363773 -0.00122723908827754237157 0.999966464580205660617 3.11954579149672150962
14347 1392.569000 -0.382431286640336765004 -0.0309657312035029122499 -0.0550174057195663562814 -0.00809726947281917165677 -0.00122863782369813431122 0.999966461775685155899 3.11954197592209236944
14348 1392.576000 -0.382431128087668215088 -0.0309636238114200379457 -0.0550172912559974344737 -0.0080974141728892643638 -0.00123026668596463084268 0.99996645860128430261 3.11953752783537918702
14349 1392.582000 -0.382430992928890711724 -0.0309618187149029479299 -0.0550171926873335229158 -0.00809753688007429708873 -0.00123166394219275938775 0.999966455887600913499 3.11953372014296004266
14350 1392.591000 -0.382430792845243450184 -0.0309591196487522396508 -0.0550170435811666164172 -0.00809772219017368573291 -0.00123376884368022864819 0.999966451792144495059 3.11952804863185351181
14351 1392.600000 -0.382430590443756213137 -0.0309564117657239006032 -0.0550168962144730183672 -0.00809790804417158741058 -0.00123586302754104043408 0.999966447701064353737 3.11952233625887220825
14352 1392.609000 -0.382430389858730068742 -0.030953706611501596857 -0.0550167472895789003151 -0.00809808944083992461593 -0.00123795801509550291303 0.999966443640665780812 3.11951663223524899848
14353 1392.618000 -0.382430191427336918508 -0.0309510088564383840926 -0.0550165981542193455178 -0.00809827477177471610759 -0.00124006006287160968835 0.999966439535228235336 3.11951096390733484398
14354 1392.628000 -0.382430004953068725104 -0.0309481615448622127129 -0.0550164362953882851714 -0.00809843422581017768902 -0.00124220926901993542965 0.999966435576325807233 3.11950489582273249312
14355 1392.637000 -0.382429774852672266228 -0.0309453087883400923541 -0.0550162797814679332964 -0.00809864697227561172732 -0.00124447506583418260155 0.999966431036076630612 3.11949895083355421832
14356 1392.646000 -0.382429608654230812625 -0.0309427593594509102448 -0.0550161380032950231289 -0.00809879928461555882724 -0.00124639656635846065615 0.999966427409313962649 3.11949351772843819219
14357 1392.654000 -0.382429432136878522108 -0.0309403544566002990102 -0.055016005656631401799 -0.0080989592477463349246 -0.00124825017836028705383 0.99996642380161726571 3.11948843848884527219
14358 1392.663000 -0.382429201332817603198 -0.0309375003054843007722 -0.055015850585104095205 -0.0080991781708285026653 -0.00125051660137119493958 0.999966419196758105059 3.11948249105157948691
14359 1392.672000 -0.38242900158310005887 -0.0309347918661472959245 -0.0550157044626934238485 -0.00809936472234899090816 -0.00125259886786527416952 0.99996641507961192552 3.11947676648660188192
14360 1392.681000 -0.382428803869248712388 -0.0309320859993176267011 -0.0550155557323258881386 -0.00809954306983699454103 -0.00125467966696029046246 0.999966411026386836625 3.11947104544378905899
14361 1392.690000 -0.382428608110951029353 -0.0309293872072886784352 -0.0550154066477699654758 -0.0080997243571756961239 -0.00125676812408497787406 0.999966406935363094632 3.1194653581599740555
14362 1392.700000 -0.382428423610201684291 -0.0309265366420062512431 -0.05501524567651690234 -0.00809988171742584764368 -0.00125890421292660444237 0.999966402973793133668 3.11945926516395566352
14363 1392.708000 -0.382428218727732360804 -0.0309239840953778391541 -0.0550151063061081468941 -0.00810006489475917010323 -0.00126091704784401766395 0.999966398953934576532 3.11945393100736501069
14364 1392.717000 -0.382428017414169929555 -0.0309212739672197270413 -0.0550149615563745447711 -0.00810026249580486634727 -0.00126301001130902246922 0.999966394711947592633 3.11944820915352716284
14365 1392.726000 -0.382427820715499466875 -0.0309185678432949764827 -0.0550148131150242983289 -0.00810043895474640493481 -0.00126508633199571315746 0.999966390657862524982 3.11944247998054846605
14366 1392.735000 -0.38242762746819780606 -0.0309158718637695846543 -0.055014661975734957533 -0.00810061227771251453345 -0.00126717160912603009348 0.999966386613489688351 3.11943679394257999959
14367 1392.744000 -0.382427429888789471857 -0.0309131644733233804101 -0.0550145161396369541951 -0.00810079540444861787019 -0.00126924763443669050625 0.999966382497060601864 3.11943106230574329629
14368 1392.753000 -0.38242723454202204314 -0.0309104607622880216133 -0.0550143676384831220583 -0.00810097043650154398364 -0.00127132318241347363336 0.999966378442471826027 3.11942533886082351557
14369 1392.762000 -0.382427041369318598818 -0.0309077653283904851822 -0.0550142187734823512324 -0.0081011486818653010572 -0.0012734070997695446769 0.999966374346853870136 3.11941965410977184447
14370 1392.770000 -0.382426867644166723625 -0.0309053623767101132147 -0.0550140875323295031052 -0.00810130615822491836897 -0.00127525017908622362306 0.999966370722291553186 3.11941456642056458293
14371 1392.779000 -0.382426679112943201932 -0.0309026709216059236596 -0.055013936241808905625 -0.0081014575103885919094 -0.00127730492670057840972 0.999966366873572209961 3.11940887512077713595
14372 1392.787000 -0.382426502739672269371 -0.0309002684531925961298 -0.0550138074014463324124 -0.00810164005037130284526 -0.00127917471667422853569 0.999966363004545555349 3.11940380479179024675
14373 1392.796000 -0.382426343798641654725 -0.0308977245166133611398 -0.0550136632222050503405 -0.00810177416578563083793 -0.00128107413718590574907 0.99996635948636880542 3.1193983575598629443
14374 1392.804000 -0.382426177628710894929 -0.0308953366404668694489 -0.0550135286035005680039 -0.00810190578790729101777 -0.0012828950837912537087 0.99996635608544737206 3.11939330860310226612
14375 1392.812000 -0.382425966908529091359 -0.0308927790152839047699 -0.0550133968165148201646 -0.00810213026406560177239 -0.00128493302357191203911 0.999966351650048879129 3.11938796875423118848
14376 1392.821000 -0.382425808930599853142 -0.0308902373257386210492 -0.0550132528151666827521 -0.00810226350130760497592 -0.00128682880029976293504 0.999966348132672822047 3.1193825243842452366
14377 1392.830000 -0.382425621009252703075 -0.0308875522119007282773 -0.0550131009976099066838 -0.00810242710789305965735 -0.00128889618447279022048 0.999966344144435081986 3.11937685043368251314
14378 1392.838000 -0.382425411947845461658 -0.0308849963759305519428 -0.0550129706246038283068 -0.00810263830539139848219 -0.00129090887676181213968 0.99996633983687865932 3.11937150478738267623
14379 1392.847000 -0.382425219942304273069 -0.0308823013746067284724 -0.0550128232134374367535 -0.00810281164368623421645 -0.00129297091670698706921 0.999966335768197489564 3.11936579338037889286
14380 1392.855000 -0.382425052459863357157 -0.0308799158534945848709 -0.0550126895719927344608 -0.00810296298402114235915 -0.00129481186703355030318 0.999966332159792581358 3.1193607587925931135
14381 1392.863000 -0.382424880514662446362 -0.0308775188845158976569 -0.0550125611409376796823 -0.00810312397848022246405 -0.00129664297518197833142 0.999966328482506661146 3.11935567781468225945
14382 1392.871000 -0.382424745374419949862 -0.0308752799483055055674 -0.0550124335544956225008 -0.00810323561476350602562 -0.00129830257305335009139 0.999966325424511914832 3.11935086965433905348
14383 1392.878000 -0.382424601245420880957 -0.0308731967982993904531 -0.0550123146256956338518 -0.008103358937178600091 -0.00129990469804174934958 0.999966322343763369673 3.11934646573700335992
14384 1392.886000 -0.382424393504617654571 -0.0308706448811557968015 -0.0550121842405352917682 -0.00810356784647874722749 -0.00130190998821397090589 0.999966318042032842328 3.11934112271187080623
14385 1392.895000 -0.382424202852761019322 -0.0308679535679245720114 -0.0550120366901093865719 -0.00810373864434444160509 -0.00130396504231730593799 0.999966313980202081702 3.1193354134836956959
14386 1392.904000 -0.382424015030299657703 -0.0308652720882766525012 -0.0550118873058726559622 -0.00810390901399992737153 -0.00130602923992610610998 0.999966309905647388057 3.11932974760722814267
14387 1392.913000 -0.382423823719008626476 -0.0308625804917986336362 -0.0550117414536950843917 -0.00810408409016558084481 -0.00130808181810372820865 0.999966305803858812595 3.11932403605235553101
14388 1392.923000 -0.382423618656579200614 -0.0308596029209524912174 -0.0550115742889611403221 -0.00810424884753377719471 -0.00131034347499867456256 0.999966301507503207979 3.11931772419964925547
14389 1392.930000 -0.382423502549830485187 -0.030857665310504572842 -0.0550114650515977771095 -0.00810436470649008623701 -0.00131179896096951043374 0.999966298660204921944 3.11931356913132828979
14390 1392.935000 -0.382423361822241958397 -0.0308560174100375728123 -0.0550113803559374864305 -0.00810450251229488487226 -0.00131310628118008255495 0.999966295827475648572 3.11931013221584318984
14391 1392.941000 -0.382423235803595717996 -0.0308542265577714316938 -0.0550112819295149046983 -0.00810461482888554830828 -0.00131447251285425116031 0.99996629312216733787 3.11930633123530709483
14392 1392.947000 -0.382423115749583097944 -0.0308524470618947027623 -0.0550111796563114152647 -0.00810471084468245527022 -0.00131583197685314389272 0.999966290556002945777 3.11930256163082120224
14393 1392.957000 -0.382422936406544844434 -0.030849614407505165925 -0.0550110228272199935917 -0.00810487752217116039222 -0.00131795531632442910162 0.999966286408764282179 3.11929650433881899829
14394 1392.966000 -0.382422748019568048417 -0.0308469308181218565545 -0.0550108753189930341221 -0.00810504554418206568656 -0.00132000228754470486786 0.999966282346903767575 3.11929080827350269089
14395 1392.974000 -0.382422548885528124085 -0.0308444020144765865266 -0.0550107389420484566012 -0.00810523520537683415943 -0.00132199879761840080779 0.999966278172141342928 3.11928552321908236777
14396 1392.983000 -0.382422359918759724451 -0.0308417190076913788621 -0.0550105933201577718128 -0.00810540769871194444196 -0.00132404281106729719217 0.999966274069616911646 3.11927982716149632125
14397 1392.992000 -0.382422178258272793538 -0.0308390490233815574295 -0.0550104429052155341484 -0.00810555139150959634564 -0.00132606749154529123327 0.999966270221974928845 3.11927416529569256909
14398 1393.002000 -0.382421966055886575209 -0.0308360704438517853332 -0.0550102822259293244844 -0.00810576481922620911691 -0.00132836407431908653902 0.999966265443780644162 3.11926785746498724805
14399 1393.011000 -0.382421813467843985102 -0.0308335460247018099122 -0.0550101385474126014508 -0.00810589098374276534331 -0.00133023658203890258328 0.999966261931869104806 3.11926243680407599967
14400 1393.020000 -0.382421594972424228054 -0.0308307260837523272601 -0.0550099861169164039421 -0.00810609787702823436639 -0.0013324528043267866266 0.999966257304081507229 3.11925653130381119738
14401 1393.029000 -0.382421407319256334567 -0.0308280492131462920125 -0.0550098408159742646717 -0.0081062691282751900973 -0.00133448955662086453551 0.999966253199798371654 3.1192508454243430549
14402 1393.038000 -0.382421226918740031486 -0.0308253852895952543123 -0.0550096906826402845536 -0.00810641149569906946382 -0.0013365068473378375908 0.999966249351501690334 3.11924519328966587395
14403 1393.047000 -0.382421036872847286414 -0.0308227105021455158318 -0.0550095465402108615982 -0.00810660472886347120702 -0.00133856922567867926005 0.999966245026399747076 3.11923952733027931572
14404 1393.056000 -0.382420850929631350734 -0.0308200389363596505277 -0.055009399597630112555 -0.00810677036069317596967 -0.00134060204085315937995 0.999966240960407093397 3.11923385119734630777
14405 1393.066000 -0.382420682142407153403 -0.0308172334895494351437 -0.0550092372044858474167 -0.00810691066734671623994 -0.00134270232682412080615 0.999966237004976776781 3.11922785198922181138
14406 1393.075000 -0.382420460683776608501 -0.0308144107052489256426 -0.0550090898528189931049 -0.00810712860943122760882 -0.0013448959901568070547 0.999966232290113943293 3.11922191344682042669
14407 1393.084000 -0.382420281797394734369 -0.0308117528128072672156 -0.055008939005350643292 -0.0081072634226507789279 -0.00134690889108410229852 0.999966228487859987162 3.11921627138244428323
14408 1393.093000 -0.382420092987754811631 -0.0308090843701676470046 -0.0550087948338729149089 -0.00810745483995468051164 -0.00134896431536160902806 0.999966224165243500188 3.11921061616327666144
14409 1393.102000 -0.382419908284383047725 -0.0308064192054121992193 -0.0550086478449805654778 -0.00810761857883166014993 -0.00135099021516759862892 0.999966220102668557068 3.11920495087839411141
14410 1393.111000 -0.382419727092936589941 -0.0308037652444483889269 -0.0550084981014379234554 -0.00810777894950353433812 -0.00135302421363316322314 0.999966216052314060825 3.11919933120044357011
14411 1393.121000 -0.382419521027615560982 -0.0308008048261714621752 -0.0550083372938964670906 -0.00810796709922188309216 -0.00135527271733049104428 0.999966211481857825127 3.1191930380696719638
14412 1393.130000 -0.38241934311273206859 -0.030798153880361240492 -0.0550081871503840524884 -0.0081081057928990684508 -0.00135727618001089934095 0.999966207639949367092 3.11918740824097007192
14413 1393.139000 -0.382419189761321054455 -0.0307956438501543819375 -0.0550080463396896146566 -0.00810825481586842367054 -0.00135915967690467486516 0.999966203873317693862 3.11918202839963232265
14414 1393.157000 -0.382419128844929567812 -0.0307916887212008709429 -0.055007782247604462833 -0.00810821647159848217512 -0.00136170865981645244566 0.999966200716392084047 3.11917308182591934695
14415 1393.166000 -0.382418914909138041303 -0.0307888881986627845067 -0.0550076311886702751242 -0.00810841759921753293949 -0.00136390438853797890152 0.999966196093075909701 3.11916720829185623032
14416 1393.166000 -0.382418607959576162258 -0.0307875302185045274239 -0.0550076019638448543425 -0.00810878440896823857176 -0.00136538863869901071213 0.999966191093116130162 3.11916485766805395841
14417 1393.175000 -0.382418425636283865199 -0.0307848769492409142512 -0.0550074548867782314732 -0.00810894456582517131338 -0.00136740418176760488919 0.999966187040257858953 3.11915921534534978932
