2609 520.355000 -0.400167536902739873206 -0.00605491090735421708807 -0.101108401444908152511 -0.0145740371053705922155 -0.0105834702640759115155 0.999837780642250262275 3.09953333991661494906
2610 520.360000 -0.400165464843762086478 -0.00605711244461553700857 -0.101097477812385497242 -0.01457051072294040725 -0.0105801238544758688387 0.999837867454767215136 3.09953527799439809698
2611 520.366000 -0.400164992179801060068 -0.00605876142224906575479 -0.101081064497065026275 -0.0145535834507014346512 -0.0105820999264975082466 0.999838093078018852466 3.0995380495135602672
2612 520.371000 -0.400166237733677654376 -0.00605935589741563983973 -0.101065204973852199033 -0.0145301721133710634581 -0.0105884160155447718671 0.99983836670965853255 3.09954036911782626618
2613 520.378000 -0.400170229262027499217 -0.00605930795234273754379 -0.101041059370087227265 -0.0144891584664903864954 -0.0106014038449548687881 0.999838824272917037206 3.0995438886097304021
2614 520.386000 -0.400176585430737141724 -0.00605663366632825262564 -0.101012389958686166214 -0.0144307376761746812555 -0.0106246873919002091796 0.99983942202132936039 3.09954546053327906208
2615 520.393000 -0.400184223211649869878 -0.00605159492724232674077 -0.10098616795752188291 -0.0143698403034290614344 -0.0106534892122306119183 0.999839992627449714035 3.09954415988306886121
2616 520.400000 -0.400192332999924904602 -0.00604593042592595740492 -0.100962206850847724393 -0.0143136657638499413536 -0.0106814554135276143509 0.999840500021203171244 3.09954225530939764255
2617 520.407000 -0.400200667316579328237 -0.00603913166357623182323 -0.100940539020355851685 -0.0142608020087531244674 -0.0107103493361063537709 0.999840946322546719749 3.09953839701620248448
2618 520.415000 -0.400208871511791297593 -0.00603157755346369131577 -0.100921261625175368026 -0.0142126951695094282113 -0.0107387870269459069494 0.999841326285930476203 3.0995331550914668739
2619 520.422000 -0.40021718636112352252 -0.00602195809083540777029 -0.100904459736368731781 -0.0141673343608551636358 -0.0107703246674944481259 0.999841630831435512761 3.09952476464980097859
2620 520.430000 -0.400224500581282505163 -0.00601218202151102519559 -0.100891520628380262914 -0.0141305238623128173736 -0.0107993008450178121921 0.999841839190896863876 3.09951494318095832625
2621 520.438000 -0.400230509400570255707 -0.00600252137003752170297 -0.100882794696325384098 -0.0141025950403691098523 -0.0108252072374020475581 0.999841953361327195893 3.09950368416106769587
2622 520.445000 -0.400234596652753737978 -0.00599432177780437162873 -0.100878262002084981286 -0.0140850626573065379477 -0.0108452365337730876477 0.999841983442616877298 3.09949326819798809396
2623 520.453000 -0.400237360273761277885 -0.0059865989950040592732 -0.100877305886726234552 -0.0140746410773034211911 -0.0108625036975711006249 0.999841942754936430227 3.09948260559429700223
2624 520.461000 -0.400239701792055646568 -0.00597842613503184357182 -0.100877264694109070042 -0.0140671197393338904408 -0.0108791930304531266754 0.999841867147623242218 3.0994703605400757418
2625 520.468000 -0.400241326754516291153 -0.00597114759699457833819 -0.100877767287240793781 -0.0140633385680281122743 -0.0108924065994162877491 0.999841776476055210665 3.09945832669505882961
2626 520.474000 -0.400241703924014091687 -0.00596624371339107492651 -0.100879787813715163236 -0.0140646880691005903702 -0.010900057002512644061 0.999841674119888335071 3.09944988067100402063
2627 520.482000 -0.400241626455333454615 -0.00596056137948427957468 -0.100882923042261860025 -0.0140696432309048696102 -0.0109074499415692197785 0.999841523780207519501 3.09943918366301218725
2628 520.489000 -0.400241085732358448102 -0.00595629114345868227592 -0.100885755680008126767 -0.014076493853519890867 -0.0109114621036869984677 0.999841383578191078563 3.09943084227743614889
2629 520.497000 -0.400240077010186823259 -0.00595216142324147146764 -0.100888735108904309401 -0.0140865297989386135946 -0.0109135829574813682935 0.999841219086937682548 3.09942234457634446798
2630 520.505000 -0.400238861244092747338 -0.00594889468990110036745 -0.100891160651024880401 -0.0140980184404930590503 -0.010913353537984612357 0.999841059664288045461 3.09941500423284210797
2631 520.512000 -0.40023761639641963761 -0.00594651322980520140316 -0.100892779544997049368 -0.0141089792553918541573 -0.0109116801639783812111 0.999840923317489416178 3.09940971171849088961
2632 520.520000 -0.400236364066765215597 -0.00594467243528536051084 -0.100893765835818133292 -0.0141200468467914067722 -0.010908938542853206799 0.999840796995657976609 3.09940519125935942668
2633 520.527000 -0.400234812279176455085 -0.00594286344172617175124 -0.100894559030566932645 -0.0141329015184736561661 -0.0109050547469398909778 0.999840657742840255295 3.09940105545848298974
2634 520.534000 -0.40023349985950196217 -0.00594165539601492626032 -0.100894754164548017261 -0.0141435104954806146332 -0.0109013010879764754568 0.999840548660361871924 3.09939799729218545821
2635 520.541000 -0.400232172711447731217 -0.00594061182514011524441 -0.100894715768801684908 -0.0141534245656618883763 -0.0108975472308707049818 0.999840449290492983003 3.09939577398624610538
2636 520.548000 -0.40023116337780911822 -0.00593992237105130105324 -0.100894212763118384935 -0.014160676387169182644 -0.0108945232978680476427 0.999840379563843306698 3.09939409652638309112
2637 520.555000 -0.400229619504105071925 -0.00593890998337897116355 -0.100894315975719184308 -0.0141700803420485091366 -0.0108911453561103335752 0.999840283133227258894 3.0993921838633116117
2638 520.563000 -0.400228226047049606695 -0.00593802586216204790481 -0.100894149696373461311 -0.0141773499395416967273 -0.0108886252276764860375 0.999840207527854407665 3.09939035935386364429
2639 520.570000 -0.400227018454894167832 -0.0059371963179829893853 -0.100894172797389547469 -0.0141823202999141907005 -0.0108872601993398338688 0.999840151902424145725 3.099388999263283484
2640 520.578000 -0.400225916669395720415 -0.00593644661562223088097 -0.100894240489874595368 -0.0141857219336394835274 -0.0108867118095119733839 0.999840109617131878039 3.09938769406348102464
2641 520.585000 -0.400224588352795285218 -0.00593524512902654510782 -0.10089482894629728249 -0.014188456245060218977 -0.0108872422833903685635 0.999840065042827075281 3.09938571541980945057
2642 520.593000 -0.400223577412943620768 -0.00593432057749463011398 -0.100895396547658736108 -0.0141892150443654746494 -0.0108884201074280345667 0.999840041448625371778 3.09938390093161997285
2643 520.601000 -0.400222436683992544015 -0.00593294216499636473811 -0.100896236058882329822 -0.0141888633494560972154 -0.0108907275754230106757 0.999840021308273319001 3.09938135707197437441
2644 520.608000 -0.400221551178789214376 -0.00593151794662647585676 -0.100896877063227988214 -0.0141866959960407403724 -0.0108937721538891196804 0.999840018895510551644 3.09937828810349236264
2645 520.615000 -0.400220813889602011759 -0.00593011273672114543054 -0.100897477317280576115 -0.0141840965861734277093 -0.0108969883960201123496 0.999840020727281619806 3.09937551439753589122
2646 520.620000 -0.400220443788721125244 -0.00592916461437070600737 -0.100897770535996161856 -0.0141815368409156754292 -0.0108993910976108530214 0.999840030848200944646 3.09937334053072088835
2647 520.628000 -0.400219992617476205687 -0.00592777529346252829434 -0.100898132888687347419 -0.0141776522901797090437 -0.0109030374201718842364 0.999840046182664643482 3.09937026840833107499
2648 520.635000 -0.400219759982142819776 -0.00592601115780797167709 -0.100897872592913079304 -0.014172158868261477277 -0.0109073869286150614 0.999840076623957907387 3.09936648704597361714
2649 520.643000 -0.400219723457836629166 -0.00592453384451287201617 -0.100897451489575767924 -0.0141671374960385450942 -0.0109112149989424589425 0.999840106018164864743 3.09936324050108291672
2650 520.650000 -0.400219940288224551583 -0.00592272218358041915159 -0.100896336880568038286 -0.0141609376709045473725 -0.0109155210145563414531 0.999840146846115329637 3.09935949235064267526
2651 520.658000 -0.400220356105089936083 -0.00592089995446560407588 -0.100894795715313595474 -0.01415483950708159612 -0.0109197206900804467261 0.9998401873392464001 3.09935589976283942804
2652 520.665000 -0.40022095373274285679 -0.0059194149491737808183 -0.100893054837222773124 -0.0141494465582248582503 -0.0109230709675196754893 0.999840227077673948664 3.09935299494388427632
2653 520.672000 -0.400221660113982136142 -0.00591788309494191422377 -0.100891026730581895299 -0.0141444420837043179084 -0.0109262740904460149693 0.999840262888348152437 3.0993501986537701498
2654 520.680000 -0.400222578233684067595 -0.00591612668200347524561 -0.100888453681415912744 -0.0141392877018627037555 -0.010929625084373176952 0.99984029916722150233 3.09934745743629269654
2655 520.686000 -0.40022334509366336297 -0.00591485485845933810917 -0.100886398046293179753 -0.0141358715822669164797 -0.0109319465072440155651 0.999840322091569033702 3.09934548930784714571
2656 520.691000 -0.400223958429194448527 -0.00591372940279602174463 -0.100884677478010831297 -0.0141335068810043307935 -0.0109337796461496643968 0.999840335476566921535 3.09934405371753829428
2657 520.699000 -0.400225017494230339565 -0.00591210875067910406749 -0.100881958330725218786 -0.014130265844316433968 -0.0109363167813295910497 0.99984035353771716359 3.09934204562677662054
2658 520.706000 -0.400225836211445640256 -0.00591059434930455047941 -0.100879743040123565079 -0.0141284607877136224319 -0.0109383858738470035599 0.999840356412084907411 3.09934042080518867834
2659 520.714000 -0.400226657937788776742 -0.00590920317892081135153 -0.100877631018977412247 -0.0141271605504024316824 -0.0109401625023253044194 0.99984035534639514875 3.09933905800686426701
2660 520.721000 -0.400227358959811263528 -0.00590759790598247448018 -0.100875841331584004124 -0.0141270810830159306015 -0.0109419418841744126719 0.999840336997801504282 3.09933752047371768867
2661 520.728000 -0.400227828091676451905 -0.0059061835569925117545 -0.100874565870268481649 -0.0141277314435277901589 -0.0109433098876239448538 0.999840312836486444503 3.09933639355913204128
2662 520.736000 -0.400228144936853380553 -0.00590477218260118067589 -0.100873663292152498938 -0.014129065427223384821 -0.010944573880206516156 0.999840280151151894472 3.09933503548270428141
2663 520.743000 -0.400228265427900908868 -0.00590319294866421297174 -0.100873156872538630169 -0.0141313882605610743881 -0.0109457548396583587147 0.999840234395885651963 3.09933368020588817515
2664 520.751000 -0.400228182301590185155 -0.00590163579212651685096 -0.100873119077564812884 -0.014134277029261245115 -0.0109468430985124546423 0.999840181648565584638 3.099331964549545404
2665 520.759000 -0.400227861973288689956 -0.00590017455651891363499 -0.100873577223388383173 -0.0141373680023472239609 -0.0109477185567457124121 0.999840128362713853605 3.0993303578067714632
2666 520.766000 -0.400227484665228505634 -0.00589886621092123100696 -0.100874198307517037865 -0.0141403687812912282756 -0.0109484665138643837839 0.999840077738296972854 3.09932856518071586649
2667 520.773000 -0.400226898081065873836 -0.00589734204388078775416 -0.100875067049930933205 -0.014143756559712427831 -0.0109492674039018307586 0.99984002105021663187 3.0993262937401779844
2668 520.782000 -0.400226132283479696383 -0.0058957563642363115114 -0.100876352703178462367 -0.0141472687070156501882 -0.0109500557644898466325 0.999839962727478770432 3.09932374955476586109
2669 520.790000 -0.400225223426350584788 -0.00589398489338262363685 -0.100877608117760309003 -0.0141505653839063775395 -0.0109510021087511379145 0.999839905710974252706 3.09932063391644874173
2670 520.799000 -0.400224343879595712004 -0.00589230424730408618161 -0.100878873541240060563 -0.0141531532674038298958 -0.0109519147164915935794 0.999839859085759674606 3.09931711914183383172
2671 520.807000 -0.400223537417945640637 -0.00589070719440775922293 -0.100879861471454973509 -0.0141549445250232202448 -0.0109528498037104477653 0.999839823485077605625 3.09931389566590231865
2672 520.815000 -0.400222865766418411937 -0.00588918549676036798962 -0.100880557287837624436 -0.014155920704586899897 -0.0109538915976383557926 0.999839798251636158177 3.09931038931042523998
2673 520.824000 -0.400222174082405568463 -0.00588735351405597455432 -0.100881027455878818921 -0.0141563592702035855042 -0.0109552557683128305721 0.999839777095942294771 3.09930648206228331887
2674 520.833000 -0.400221773310025008552 -0.00588577013938501765467 -0.100881049189183835679 -0.0141558726207730231628 -0.0109566092450367382621 0.999839769155136171008 3.09930280676741842782
2675 520.841000 -0.400221455222668442975 -0.00588408802513201278223 -0.100880747948541377168 -0.0141549636857855112848 -0.0109581903802387723573 0.999839764695645949466 3.09929929669585835228
2676 520.849000 -0.400221334128283201537 -0.00588236776080248817411 -0.100880069398132321545 -0.0141532150689013778988 -0.0109599949617149357989 0.999839769669947142638 3.09929559247140717915
2677 520.856000 -0.400221341214371861827 -0.0058809145787533136096 -0.100879296638796939201 -0.0141516017414288000631 -0.0109616085680820790627 0.999839774816821513781 3.09929264482433319827
2678 520.865000 -0.400221491004092322363 -0.00587902536255565256323 -0.100878059067171524377 -0.0141492609509985076827 -0.0109638215688707303663 0.999839783680938842814 3.0992891641086304233
2679 520.874000 -0.400221726443362235681 -0.00587702573374299357817 -0.100876651103102857321 -0.0141469509766665967054 -0.0109662652234800081508 0.999839789568864878433 3.09928571347265524594
2680 520.882000 -0.4002220772079501665 -0.00587534272022606409575 -0.100875302131960595253 -0.0141447527665488209658 -0.0109684110410078420467 0.999839797131724994372 3.09928286780468731365
2681 520.891000 -0.400222445915793478832 -0.00587349830809847511803 -0.100873895953668774039 -0.0141427714629756094006 -0.0109707589651133682884 0.999839799399421469417 3.0992798732117012861
2682 520.898000 -0.4002227549052780331 -0.00587190348776886906351 -0.10087278064005657241 -0.0141413315172501889011 -0.0109727473880805500434 0.999839797946489250435 3.09927757346696308716
2683 520.906000 -0.400223107047746162745 -0.00587006888843677118728 -0.100871595172267944363 -0.0141399803250036055352 -0.0109750563331085359414 0.999839791714099423992 3.09927479464068378334
2684 520.914000 -0.40022340260761779529 -0.0058681853397542903944 -0.100870559041342428008 -0.0141390253473634500136 -0.0109773106210408200045 0.999839780471729278055 3.09927220095236366504
2685 520.921000 -0.400223641282498932004 -0.00586654698112635056284 -0.100869771259482099435 -0.0141384530672732187245 -0.0109792632600523680508 0.999839767124278244737 3.09926975956738859352
2686 520.928000 -0.400223768925376033323 -0.00586479050798189779914 -0.100869152112013346634 -0.0141383178203817183594 -0.01098120997602788744 0.999839747657929489577 3.09926734514615009886
2687 520.933000 -0.400223914456202756185 -0.00586349342051453205349 -0.10086866911209034503 -0.014138172952803050933 -0.0109826461249829306771 0.999839733932218699408 3.09926542965813922592
2688 520.939000 -0.40022397894983890998 -0.00586203712582130179176 -0.100868310977347441781 -0.0141383304999626938092 -0.0109841717802207656379 0.999839714944838808819 3.09926317450487687211
2689 520.945000 -0.400223956502527344892 -0.00586050565827136993313 -0.100868062665010568835 -0.0141387436988232185336 -0.0109856755084031844361 0.999839692580887229312 3.09926098437071262381
2690 520.951000 -0.400223967075047815101 -0.00585925127220795430999 -0.100867922046457864083 -0.014139040334028820517 -0.0109868477936644563103 0.999839675505024061408 3.0992589020529268673
2691 520.957000 -0.400223912457840669266 -0.00585761425662537169728 -0.100867741071027125499 -0.0141396094261462060282 -0.0109883858914416564223 0.999839650554416037309 3.09925621857229316447
2692 520.964000 -0.400223760354411151052 -0.00585582352917425261185 -0.100867699643156866207 -0.0141404063557869323631 -0.0109899171642867127946 0.999839622453929099954 3.09925339356612816744
2693 520.969000 -0.400223687182899134918 -0.00585463498357115599835 -0.100867665765318664794 -0.0141408586995677831161 -0.0109909352847639158607 0.999839604865102815623 3.09925128049653642037
2694 520.976000 -0.400223512430308958621 -0.00585289297294280808082 -0.100867682257515842159 -0.0141416305779898041073 -0.0109923685727428294828 0.999839578191299982457 3.09924815146587562253
2695 520.983000 -0.400223296153703611555 -0.00585124130333598314879 -0.100867777136581987518 -0.0141424133767625703068 -0.0109936353455723397066 0.999839553191295360435 3.099245308224401807
2696 520.989000 -0.400223153078695437213 -0.00584980518024577969549 -0.100867775050594243869 -0.0141429126230515761486 -0.010994777379336143075 0.999839533571720506799 3.09924258077372893894
2697 520.996000 -0.400222914512350980143 -0.00584789785584900224935 -0.100867757194660401243 -0.0141435756963414135945 -0.0109962676844377205826 0.99983950780289443383 3.09923899415598924634
2698 521.002000 -0.400222709398362463951 -0.00584636266365448804827 -0.10086775931961106112 -0.0141440608143114758544 -0.0109974187832496076572 0.999839488279887222966 3.09923623968011208163
2699 521.009000 -0.400222547902650604978 -0.00584478829622924519333 -0.100867715401611657278 -0.0141443950306474365564 -0.0109986575842085654298 0.999839469925328683253 3.0992331054992443562
2700 521.016000 -0.400222359323682441712 -0.00584303462843475170801 -0.100867600328849185698 -0.0141446744000893812054 -0.0110000507963147857449 0.99983945064624957233 3.09922971314011297395
2701 521.022000 -0.400222202811154337265 -0.0058415098899941217403 -0.100867467925149986718 -0.0141448223573818875759 -0.01100123386124973561 0.999839435536530651838 3.09922691721348897431
2702 521.030000 -0.400222029265972722989 -0.00583935578821849574777 -0.1008671619817784193 -0.0141448226443661641966 -0.0110030579251324169693 0.999839415460630709376 3.09922273101435852283
2703 521.039000 -0.400221886104836388487 -0.00583720747511087302561 -0.100866829989950557156 -0.0141447100659590520311 -0.0110048355140723256446 0.999839397489645786976 3.09921877744817431122
2704 521.047000 -0.400221801697621004656 -0.00583504848047832098967 -0.100866351522722580425 -0.0141443666888185510394 -0.0110068037732296356013 0.999839380681552314378 3.09921463840367428233
2705 521.055000 -0.40022173035067504232 -0.00583297858409681686809 -0.100865885521336642872 -0.0141440082865731918405 -0.0110086505781665910247 0.999839365419284420433 3.09921096511436600096
2706 521.064000 -0.40022173494778584546 -0.00583085234025787057383 -0.100865324650147303309 -0.0141434748345434027628 -0.0110106545196104639583 0.999839350899260570493 3.09920694024937048994
2707 521.071000 -0.400221692888076963079 -0.00582882729273646784524 -0.100864800778094759748 -0.0141430854840864598382 -0.0110125796026546499129 0.999839335205154333686 3.09920349953861773429
2708 521.080000 -0.400221755829272940463 -0.00582653918031851222881 -0.100864122464168148863 -0.0141424090864614264429 -0.011014830971447567981 0.999839319972915308021 3.09919931064985076929
2709 521.089000 -0.40022175699686646233 -0.00582425792294740014843 -0.100863551287563676939 -0.0141419897449986883831 -0.011016997335730041585 0.999839302035960608706 3.09919540321630515578
2710 521.097000 -0.400221837136060631934 -0.00582204556280508083582 -0.100862887636224224375 -0.014141392040818776335 -0.0110192303817473122307 0.999839285881957140489 3.09919146849040894054
2711 521.105000 -0.40022183424020929543 -0.0058198336493327056107 -0.100862351294524338341 -0.0141411092882989565533 -0.0110213769131081197605 0.999839266221844047422 3.09918777886022756007
2712 521.114000 -0.400221912616284369868 -0.00581746579062620856188 -0.100861737668289513925 -0.0141406313056151762553 -0.011023680477833220151 0.999839247586831403325 3.09918353698240478522
2713 521.122000 -0.400221900444782674455 -0.00581521977805269686679 -0.100861252626815417477 -0.0141404842785976831571 -0.0110258207399379862951 0.999839226066559949579 3.09917972952527298602
2714 521.131000 -0.400221946391296379275 -0.00581296481779596321826 -0.100860786699571380876 -0.0141402005409931637997 -0.0110279096082018662761 0.999839207041979260993 3.0991756633867595383
2715 521.138000 -0.400221943177306416217 -0.00581087295345090321108 -0.100860354763688042645 -0.0141400845421609105967 -0.0110298750301840425142 0.999839187002569351748 3.09917195947903989506
2716 521.145000 -0.400221912785904188059 -0.00580890200957786748126 -0.100860016024758025743 -0.0141400630502463518084 -0.0110316404206790268788 0.999839167829788433295 3.09916857938333212275
2717 521.153000 -0.400221892820490920961 -0.0058066801637606853953 -0.100859632564588699855 -0.0141400344498469193733 -0.011033664714224313691 0.999839145897344350189 3.09916449678630323561
2718 521.161000 -0.400221820286347340634 -0.00580438920719077589699 -0.10085930220236329069 -0.014140120178717194635 -0.0110356485848056747046 0.999839122790083689729 3.09916054327740875252
2719 521.169000 -0.400221793492364308342 -0.00580217262831910808585 -0.100858945246013659292 -0.0141401041937006255456 -0.0110376143654665661437 0.999839101317062217689 3.09915636284729023586
2720 521.176000 -0.400221700595965124148 -0.00580012260778320007382 -0.100858670246489201539 -0.0141402695551263724028 -0.0110393905952411389843 0.999839079368372241063 3.09915273601423235661
2721 521.183000 -0.400221671933806588672 -0.00579819348934353800962 -0.100858382886036657133 -0.0141402255916351238946 -0.0110410307000508318281 0.99983906188010984728 3.09914912965172906212
2722 521.190000 -0.400221609758099838849 -0.00579620062120626920038 -0.100858104645252077969 -0.01414028294386843361 -0.011042743828905021708 0.999839042149783363556 3.09914537803860623555
2723 521.197000 -0.40022151568576247449 -0.0057941607487157322301 -0.100857846501483966462 -0.0141403908278608884258 -0.0110444456744140315219 0.999839021826504081858 3.09914178530326145378
2724 521.204000 -0.400221476916915119837 -0.00579219933411941577395 -0.100857540020655556123 -0.0141403587825714958937 -0.011046150938109913775 0.999839003441530538296 3.09913800609177281231
2725 521.210000 -0.400221423940022968946 -0.00579048233106861393732 -0.100857291215099537096 -0.0141403658847326467451 -0.0110476146161399505635 0.999838987169403781152 3.09913478398552966198
2726 521.217000 -0.400221347031295748842 -0.00578845075562556439508 -0.100857004431829308522 -0.0141403911279153228497 -0.0110493241435343902274 0.999838967921695132013 3.09913113457684596952
2727 521.224000 -0.400221302531560740867 -0.00578645975105909586567 -0.100856687974558489884 -0.0141403371656713492538 -0.0110510582049308265368 0.99983894952006768797 3.09912734608332574027
2728 521.230000 -0.400221217061398237824 -0.00578466341482956284553 -0.100856427578629295749 -0.0141404118172764135114 -0.0110526130033014573922 0.999838931278152043269 3.09912414907482425264
2729 521.237000 -0.400221198492053453766 -0.00578270315004784929425 -0.100856096544735832077 -0.014140247144778300345 -0.0110542966227828182851 0.999838914994240379741 3.09912046084115111455
2730 521.244000 -0.400221154361670272692 -0.00578067917883260187772 -0.100855764756491203538 -0.0141401696041181124813 -0.0110560691706544020341 0.999838896491860196214 3.09911664666193464868
2731 521.251000 -0.400221084488182721195 -0.00577860729990106736231 -0.100855447137942533242 -0.0141401364327498595824 -0.0110578429823826231843 0.999838877344864984664 3.09911300686757451572
2732 521.258000 -0.400221074350473549064 -0.00577661257150979649821 -0.100855078919228097201 -0.014139964531509181811 -0.0110596293485364319947 0.99983886001781341335 3.09910919286820263352
2733 521.265000 -0.400221040253146864707 -0.00577456762754641975827 -0.100854728392874598564 -0.0141398526793784680422 -0.0110614347710532769792 0.999838841627495034103 3.09910538840066385191
2734 521.271000 -0.400221003033285893657 -0.00577279558512472975446 -0.100854433624363692967 -0.0141397603636973564351 -0.0110629640783416662714 0.999838826012802273091 3.0991022650332418209
2735 521.278000 -0.400220990025983325289 -0.00577076367924449218361 -0.100854065513874546767 -0.0141396000348307619709 -0.0110647849132499732916 0.999838808131429890302 3.09909844094617525911
2736 521.285000 -0.400220920465072238503 -0.00576863259282537049061 -0.100853726496788753675 -0.0141395866432182330114 -0.0110666633499460712736 0.999838787531198924796 3.09909469750246557851
2737 521.291000 -0.400220938662324443591 -0.00576692313594131915344 -0.100853399313257027781 -0.0141393628814885426864 -0.0110681718800017831611 0.999838773997358098988 3.09909146875629382123
2738 521.298000 -0.400220918001257697227 -0.00576484992627965785184 -0.100853040355495388036 -0.0141392352658325868436 -0.0110700139097477737171 0.999838755409158674858 3.0990875897710949971
2739 521.305000 -0.400220867301714355868 -0.00576272633654256131314 -0.100852705057846617209 -0.0141391720668784925258 -0.0110718480511603750011 0.999838735993957672399 3.09908387138167285002
2740 521.312000 -0.400220871807175637702 -0.00576067813202414159834 -0.100852328313980443841 -0.014138988968060303697 -0.011073685177900841406 0.999838718237867518646 3.09907996587814738021
2741 521.326000 -0.400220809514768682824 -0.00575754277753617697833 -0.10085160370106456551 -0.0141387540268380837438 -0.0110766265908463397427 0.999838688978344936054 3.09907464170764646028
2742 521.326000 -0.400220817361290115421 -0.00575646661277136491297 -0.100851633679804569832 -0.0141387785935493618533 -0.0110773529938366713243 0.999838680583289174386 3.09907227543420615845
2743 521.333000 -0.400220797851108589516 -0.00575436373781393860349 -0.100851285259964396079 -0.0141386748190809111159 -0.011079207340441179358 0.999838661504478865005 3.09906830284573109324
2744 521.338000 -0.400220743434222980817 -0.00575278915236121686505 -0.100851049487138605398 -0.0141387066743200381924 -0.0110805745829991378337 0.999838645902671685484 3.0990655335368275658
2745 521.345000 -0.400220747747651983683 -0.00575072782063312283596 -0.100850702762203134344 -0.0141385154508220211439 -0.0110823474604837442226 0.999838628957499309102 3.09906165657546539549
2746 521.359000 -0.400220655701321592623 -0.00574754364044212547047 -0.100850014294859610664 -0.0141383820629702085941 -0.0110852758046338078363 0.999838598381247112279 3.09905623137330321626
2747 521.366000 -0.400220648288711233764 -0.0057454205987350374582 -0.100849672392830255752 -0.014138258647249865585 -0.0110871433540970648624 0.999838579419032535966 3.09905213829297521144
2748 521.373000 -0.400220616392926609173 -0.00574313323985859575105 -0.100849344112022440423 -0.0141381940078645403774 -0.0110890768116618017997 0.999838558891214757018 3.09904777974009437713
2749 521.380000 -0.400220575685811097433 -0.00574115025886508083264 -0.100849013478674615074 -0.0141381213751312472676 -0.0110907881079079194409 0.99983854093704915833 3.09904425571106401094
2750 521.387000 -0.400220546022532264185 -0.00573900188097622911826 -0.100848687769058642516 -0.0141380563686605426055 -0.0110926437228208614461 0.999838521270987712342 3.09904015341637384395
2751 521.394000 -0.40022047622665996025 -0.00573664797541329710834 -0.10084838553168753994 -0.0141380741948792694462 -0.0110945941539823383221 0.999838499378083667146 3.09903587826939874716
2752 521.401000 -0.400220472811524508039 -0.00573468480612481477932 -0.100848040007712191901 -0.0141379297383335301996 -0.011096345381985712672 0.999838481986904503707 3.09903214807636295802
2753 521.407000 -0.400220447066300555328 -0.00573268933193402802084 -0.100847761807908539722 -0.0141378643373593782667 -0.0110980112350673662536 0.99983846442243096142 3.09902832253071736091
2754 521.414000 -0.40022039193204739238 -0.00573050655064167874936 -0.10084744983767945925 -0.0141378365607273109167 -0.0110998441583128708288 0.999838444468426845724 3.09902439727107603673
2755 521.422000 -0.400220370805753289378 -0.00572820571232829367503 -0.100847064321026705369 -0.0141377163051887161371 -0.0111018735401745474028 0.999838423637325668381 3.0990200241820162752
2756 521.429000 -0.400220292480125638956 -0.00572597309059313420987 -0.100846757015881555164 -0.0141377635307092415495 -0.0111037713901393341603 0.999838401894658779234 3.09901601757339095755
2757 521.433000 -0.400220307363892580099 -0.00572428860278727420774 -0.100846568258655205907 -0.0141376372037832175044 -0.0111051201595313581844 0.999838388701162261718 3.09901265804651915303
2758 521.440000 -0.400220283138080390462 -0.00572261715556557186424 -0.100846225056306859624 -0.014137532639809108001 -0.0111066554211082697823 0.999838373126484381004 3.09900959437651213335
2759 521.448000 -0.400220206359567343135 -0.00572024737015920832495 -0.100845863979136612931 -0.0141375332120701972111 -0.0111086813841466437724 0.999838350611029103021 3.09900537966169187243
2760 521.448000 -0.400220215817637336997 -0.00571890378632001778608 -0.100845902210638313501 -0.0141375645969556706927 -0.0111095983326283294368 0.999838339979096102361 3.09900243170216294075
2761 521.462000 -0.400220180851538376299 -0.00571592914236227454816 -0.10084518543964368642 -0.0141372857799819239694 -0.0111124092446951722862 0.999838312684382835016 3.09899714657437996834
2762 521.468000 -0.400220136268932713541 -0.0057136950797864738405 -0.100844924957652667952 -0.0141372650901436698601 -0.0111142277852039530334 0.999838292763639779892 3.09899301648742042659
2763 521.469000 -0.400220144774363739693 -0.00571250370035828423931 -0.100844958341324508755 -0.0141372926192378095545 -0.0111150324287459991573 0.999838283429628327248 3.09899039714947432955
2764 521.483000 -0.40022004616922307596 -0.00570910540239443018568 -0.100844224572016152863 -0.0141371663174568520938 -0.011118201187704176286 0.999838249983897364714 3.09898452207862717955
2765 521.491000 -0.400220051188463321612 -0.00570681728841103234895 -0.100843821866474947502 -0.0141369595186417139343 -0.0111202126820144266833 0.999838230538058092556 3.09898017588088769969
2766 521.496000 -0.400220035425239262228 -0.00570473420418064324638 -0.100843600204995595404 -0.0141369078021143703555 -0.011121885110618914827 0.999838212667119696775 3.09897606045404794273
2767 521.496000 -0.400220041940882120812 -0.00570387403034946886826 -0.100843622744973743233 -0.0141369257381400541262 -0.0111224660958061313809 0.999838205950653646781 3.09897416929686464471
2768 521.506000 -0.400219987296045576208 -0.00570156252330562569181 -0.100843132474514596275 -0.0141367941091224934291 -0.0111245789231899060157 0.999838184305889665637 3.09897022197541494037
2769 521.506000 -0.400219993268435991762 -0.00570069851502231356166 -0.100843157403607941447 -0.014136815457653800765 -0.0111251505959112755029 0.999838177643229686353 3.09896831490007818033
2770 521.511000 -0.400219983789066757751 -0.00569926434733086361567 -0.100842970364239947756 -0.0141367637652409245536 -0.0111263585771270850922 0.999838164932234874094 3.09896550842686968608
2771 521.521000 -0.400219903402702026352 -0.00569678679977858766492 -0.100842444807798040096 -0.0141366695563888648129 -0.0111286123076256172199 0.999838141181841555394 3.09896134692904778873
2772 521.526000 -0.400219908717406314125 -0.00569520888073576231347 -0.100842197597050292623 -0.0141365525462567899473 -0.0111299900971082339762 0.999838127499919515628 3.09895826938978613541
2773 521.531000 -0.400219888369196474809 -0.00569363086102535158328 -0.100841960041471043197 -0.0141364984867841346483 -0.0111313297533576372605 0.999838113350584034578 3.09895524099189012546
2774 521.537000 -0.400219820323380048865 -0.00569183002462936207116 -0.10084169592614389277 -0.0141365327227827956846 -0.0111328745139169186379 0.999838095667311188564 3.09895208878782169037
2775 521.544000 -0.400219831949773285906 -0.0056898332547862199432 -0.100841341715291687997 -0.0141363271841127499662 -0.0111346165563636582269 0.999838079174766414248 3.098948288710591914
2776 521.550000 -0.400219807437914576465 -0.00568774093769657592551 -0.100841069031787675114 -0.0141362705897792231141 -0.011136350983415765209 0.999838060658118088497 3.09894422568207295043
2777 521.556000 -0.400219746481598026566 -0.00568577400450315413594 -0.100840809205464357334 -0.0141362843860210057878 -0.0111379846559699399039 0.999838042265626669725 3.09894069351904155596
2778 521.561000 -0.400219759418374232407 -0.00568402686999133766044 -0.100840565225896100499 -0.0141361489502281629377 -0.0111394630744261358829 0.999838027710123755654 3.09893726413099113159
2779 521.567000 -0.400219735780530716518 -0.00568229086511389501479 -0.100840278870647753751 -0.0141360784327476483174 -0.0111409654093353027021 0.999838011968084194869 3.09893396954184119352
2780 521.574000 -0.400219669487604734481 -0.00568017548507884252607 -0.100839968400855253816 -0.0141360746219491434372 -0.0111427510860942855647 0.999837992122981855658 3.09893021014657277235
2781 521.579000 -0.400219683945728099683 -0.00567824310251649130854 -0.100839729270842448638 -0.0141359430446902391287 -0.0111443533459602700519 0.999837976125500960123 3.09892637222745959136
2782 521.586000 -0.400219654935008772867 -0.00567635916520652442085 -0.100839392788209622487 -0.0141358555833403284202 -0.0111460078627775519694 0.99983795891916893428 3.09892285218258267676
2783 521.592000 -0.400219595699910113407 -0.00567420078794207694006 -0.100839138196228805811 -0.014135873584000358677 -0.0111477685315535240268 0.999837939035513878494 3.09891889658702490706
2784 521.600000 -0.400219595089512436559 -0.00567182889979460976709 -0.100838749336086913599 -0.0141357023808203734888 -0.0111498399394120758371 0.999837918358533972452 3.09891434856980207968
2785 521.600000 -0.400219606171277886286 -0.00567058279589422765954 -0.1008387750958237572 -0.0141357202420893356132 -0.0111506710527867827776 0.999837908837382549621 3.09891160216652838955
2786 521.616000 -0.400219530264972367384 -0.00566686010840517645493 -0.100837995929121237992 -0.0141355026281078308137 -0.0111540679438447351557 0.999837874024461337186 3.09890507796112890659
2787 521.624000 -0.400219498833036757546 -0.00566426496156653604824 -0.100837629854268098772 -0.0141354172974047925804 -0.0111562475575533587291 0.999837850912968284511 3.09890010252103387245
2788 521.624000 -0.400219509955437424686 -0.00566280849911723459938 -0.100837667076361214846 -0.0141354466797857149934 -0.0111572294560652457429 0.999837839541006689892 3.09889689917683286424
2789 521.632000 -0.400219468349328477697 -0.00566019725412632984662 -0.100837303697016017479 -0.014135373326790793766 -0.0111594129103881663928 0.999837816210413010687 3.09889207296302071626
2790 521.640000 -0.400219442342290621095 -0.00565760448288814450646 -0.100836931676557065019 -0.0141352775357211531138 -0.0111616174761836398077 0.999837792956589144211 3.09888708430063397614
2791 521.649000 -0.400219393749399299232 -0.005654655586521821313 -0.100836528161801691761 -0.0141351997238524790257 -0.0111640720820256212492 0.99983776665182733101 3.09888163107487102366
2792 521.658000 -0.40021936935147039982 -0.00565173931628147781236 -0.100836105758644017927 -0.0141350804248081950848 -0.0111665559112750049919 0.999837740601176028221 3.09887600843940891338
2793 521.666000 -0.400219314538708625939 -0.00564922959581378586469 -0.100835811492953592028 -0.0141350697925971061086 -0.0111685974377813447556 0.99983771794888365303 3.09887138647613369358
2794 521.674000 -0.400219311515469966523 -0.00564665701237257282308 -0.100835424038705046001 -0.0141349148121418157625 -0.0111707950142888312595 0.999837695589640307325 3.09886636809763071909
2795 521.682000 -0.400219235636720349625 -0.00564396295805289199138 -0.100835082598579789392 -0.0141349484099432785855 -0.0111730530330679828782 0.999837669884151014621 3.0988614265113954005
2796 521.698000 -0.400219161307158788343 -0.00564007526249558216458 -0.100834251222489956756 -0.0141347192305570339838 -0.0111766024108592692404 0.999837633453963925412 3.09885455003908427685
2797 521.706000 -0.400219167031868550133 -0.00563733500503872143883 -0.100833878688245795474 -0.0141345220006044332284 -0.0111788816423318265042 0.999837610761388217995 3.0988492414552482046
2798 521.714000 -0.400219135394408342954 -0.00563490178489061549483 -0.100833510938364540044 -0.0141344322883718270106 -0.0111809447432154943081 0.999837588960594381149 3.09884461265549449038
2799 521.722000 -0.400219094780730588745 -0.0056322635568426884789 -0.100833151235873094698 -0.0141343585758635977706 -0.0111831427937371524761 0.999837565419955498491 3.09883971976043248731
2800 521.730000 -0.400219068811673850394 -0.00562963430634228455263 -0.10083278694623734606 -0.0141342674764175502133 -0.0111853603469291885963 0.999837541902090287671 3.09883463732525932244
2801 521.738000 -0.400219019611923743085 -0.00562698993994914346828 -0.10083243230327958162 -0.0141342089441685025974 -0.0111875405702070943731 0.999837518336610830971 3.09882977337836473808
2802 521.746000 -0.400219009552865323531 -0.0056241764602482759508 -0.100832065218613348145 -0.0141340866048288715806 -0.0111898955118747527038 0.999837493712993685691 3.0988242444377975815
2803 521.754000 -0.400218938653950973006 -0.00562168195218686831544 -0.100831715240987912496 -0.0141340843421933568674 -0.0111919823873586603974 0.999837470387086924006 3.09881972338921007903
2804 521.762000 -0.400218941882700685042 -0.00561907772479556654605 -0.100831336060589860093 -0.0141339155638182164404 -0.0111942019601179183069 0.999837447925066902243 3.0988146518495121029
2805 521.770000 -0.400218876495766651136 -0.00561637513213620893221 -0.100830979685859134509 -0.0141339272387257450236 -0.0111964482871727902258 0.999837422607577241962 3.09880962117121594446
2806 521.778000 -0.400218882127770347878 -0.00561380767172762681905 -0.10083060261350704212 -0.0141337228842591308003 -0.0111986071396834724334 0.999837401318615315304 3.09880468579155410325
2807 521.786000 -0.400218852689969151193 -0.00561115569743336935205 -0.100830243232379559992 -0.0141336378131328398167 -0.0112008131138796630799 0.999837377810889438301 3.09879956858579319601
2808 521.794000 -0.400218813199765932609 -0.00560849554323587101701 -0.100829885459012696947 -0.0141335631795540712929 -0.0112030224344631147704 0.99983735411324903275 3.0987946216995814197
2809 521.801000 -0.400218793625781388279 -0.00560598422674240485369 -0.10082957292732000476 -0.0141334888911985798177 -0.011205105441285822046 0.999837331821437858004 3.09878969423473993317
2810 521.809000 -0.40021873521642392646 -0.00560350107507503331083 -0.100829221580235162126 -0.0141334476800405554886 -0.0112071725244495528501 0.999837309236199067719 3.09878521630086956051
2811 521.815313 -0.400218739681192259283 -0.00560113184183616379108 -0.100828948593554457158 -0.014133342583680808674 -0.0112091307470610097169 0.99983728877018152037 3.09878046032707255009
2812 521.822000 -0.400218718334898859723 -0.00559882818375317427295 -0.100828625874006400087 -0.0141332470729714481522 -0.0112110438855749314918 0.999837268670342171895 3.09877603116206268297
2813 521.831000 -0.400218676202786838303 -0.00559621909818574722606 -0.100828213051020673663 -0.0141331475069063541156 -0.0112132798191801677512 0.999837245004028041251 3.09877127751842351699
2814 521.838000 -0.40021865345099799649 -0.00559369716025213872118 -0.100827903931073326049 -0.0141330783855702600549 -0.0112153559076728949473 0.999837222695380334336 3.09876633927409361746
