16594 639.684000 24.7233241156218674917 -0.0554192968344759534505 3.84995211339998322231
16595 639.692000 24.7231459109414792863 -0.0543328828432814575633 3.84862947382851627864
16596 639.701000 24.7229875624566375336 -0.0532518731230232911233 3.84717411868810854614
16597 639.710000 24.7228663889930047048 -0.0523867080362201142929 3.84588019239405154437
16598 639.719000 24.7227759670118700797 -0.0517645728691432036039 3.8448351837345615678
16599 639.728000 24.7227111722168508834 -0.0513803706460753337182 3.84408460468474721949
16600 639.737000 24.7226679668423905412 -0.0512074806853316036315 3.84363785467994656386
16601 639.746000 24.7226430872903826241 -0.0512069980855208994885 3.84347512887158782036
16602 639.756000 24.7226335286955034576 -0.0513552037001624717139 3.84357616077781027997
16603 639.765000 24.7226374801581698648 -0.0515755303202839257559 3.8438579236632817171
16604 639.774000 24.7226509008400903156 -0.05183553329067781823 3.84425585646334777579
16605 639.783000 24.7226729482344609323 -0.0521042869856939150353 3.84470474166493580981
16606 639.793000 24.7227031284997167404 -0.0523822392992864538375 3.84519304272061468453
16607 639.802000 24.7227330091071593188 -0.0525953924114966886449 3.84557191323219083046
16608 639.810000 24.7227596795709345656 -0.0527471944069458908988 3.8458330072938018418
16609 639.820000 24.7227910966842898688 -0.0528834327485825789195 3.84604034102770420134
16610 639.829000 24.7228158624281135758 -0.0529571680588908078047 3.84611165054427450727
16611 639.838000 24.7228361140156671638 -0.052990167598247969738 3.84608508199590071186
16612 639.847000 24.7228517586774430015 -0.0529904471462571413642 3.84598159290096486274
16613 639.856000 24.7228620796211018273 -0.0529662450443033477887 3.84582836266201644193
16614 639.865000 24.7228677156640905821 -0.0529263158672101663438 3.84565429560164862011
16615 639.873000 24.7228694070800720795 -0.0528839888140666472549 3.84550411461767271959
16616 639.880000 24.7228685887023331702 -0.0528451143309407248005 3.84538972657189237481
16617 639.889000 24.722865885367337313 -0.0527971136166273460888 3.8452792506268935746
16618 639.897000 24.7228617981749358989 -0.0527584756392930967484 3.84522341913602128116
16619 639.906000 24.7228567720502176996 -0.0527218497532143115514 3.84521091541152992832
16620 639.915000 24.7228521588562557554 -0.0526933814939814018641 3.84524771008730459343
16621 639.925000 24.7228486993500382596 -0.0526715639262871695991 3.84533419502401807577
16622 639.934000 24.7228477160000359447 -0.0526600483285852571935 3.84543767704799588358
16623 639.943000 24.7228490155049556165 -0.0526549213075165126186 3.84554922328022907863
16624 639.952000 24.7228535161054026048 -0.0526554655615400490909 3.84565321725422704091
16625 639.961000 24.7228600030962795131 -0.0526597287058924307113 3.84573680892390612485
16626 639.970000 24.722869556788065637 -0.0526669689909995200616 3.84579047106575488968
16627 639.978000 24.7228800166353508416 -0.052674766323644185706 3.84580893782566013428
16628 639.988000 24.7228960054085611375 -0.0526855965013291252519 3.84579246880924818797
16629 639.994000 24.7229061391210542808 -0.0526918242817380269583 3.84576325603921054253
16630 640.000000 24.7229171992828646864 -0.0526978295025023191211 3.84572177935972581153
16631 640.006000 24.7229287636992332011 -0.0527033788928869886825 3.84567046308534488119
16632 640.015000 24.7229472376609322737 -0.052710181394946833966 3.84558155606326756981
16633 640.024000 24.7229664493185481433 -0.0527150190467080004275 3.84548724663884256003
16634 640.033000 24.7229865104616131077 -0.0527176384790778926326 3.84539757086377287365
16635 640.042000 24.7230065726886074629 -0.0527176392162541362918 3.84532121291265305274
16636 640.051000 24.7230270583694640152 -0.0527153206345362251861 3.8452647180306418484
16637 640.059000 24.7230458732722198079 -0.0527117462781792125992 3.84523425748340619279
16638 640.069000 24.7230696549958359753 -0.0527054323052473308597 3.84522378795807862062
16639 640.078000 24.7230917719183516112 -0.0526987438159968180074 3.84523900706347099288
16640 640.087000 24.72311463993328573 -0.0526917667616356166782 3.84527377547050264184
16641 640.096000 24.7231379950619292174 -0.0526851555611869762363 3.84532271299618022553
16642 640.105000 24.7231627179141639772 -0.0526795872544914972613 3.84537967860969853717
16643 640.114000 24.723187660289557499 -0.0526752836130269103121 3.84543821336371127728
16644 640.124000 24.7232170061940550454 -0.0526728693595626268342 3.84549798565027822761
16645 640.133000 24.7232437230342867451 -0.0526724350146186570676 3.84554190479759716581
16646 640.142000 24.7232717131916288622 -0.0526739171512682208265 3.84557299815750841532
16647 640.151000 24.7233005969075314567 -0.0526768318277609781664 3.84558967385384420368
16648 640.160000 24.72333032688832688 -0.0526808655898990674249 3.84559170557807838975
16649 640.169000 24.7233602826763423366 -0.0526852461437405245048 3.84558040166852910247
16650 640.178000 24.7233911688094316617 -0.0526894395847867305638 3.84555822948578107656
16651 640.184000 24.7234122198912800172 -0.0526920560718103295206 3.84553877319170345217
16652 640.192000 24.7234405747164132094 -0.0526946540034270230479 3.84550923494344454312
16653 640.198000 24.7234623043489989414 -0.0526960670085578064548 3.8454855526063629334
16654 640.206000 24.723491589164805049 -0.0526967119078501286533 3.84545401626383398508
16655 640.215000 24.7235257306280757916 -0.0526961815431816610333 3.8454207156601931672
16656 640.224000 24.7235598342258455773 -0.0526937419352514549442 3.8453921341296020131
16657 640.233000 24.7235951812665106786 -0.0526900466454016738749 3.8453698460906968748
16658 640.241000 24.7236272684478279871 -0.052685744242572302154 3.84535611147291822576
16659 640.247000 24.7236519435867592165 -0.0526822696549740926431 3.84534952697116505504
16660 640.255000 24.7236853532158455948 -0.0526771863687204300319 3.84534569464592079768
16661 640.261000 24.7237110441797689475 -0.0526734957397318112604 3.84534604298708870829
16662 640.268000 24.7237414920946072527 -0.0526692694559726323766 3.84534956748685186056
16663 640.275000 24.7237725323118233689 -0.0526654083516957527422 3.84535575429179310447
16664 640.281000 24.7237995716311935723 -0.0526625428482577068179 3.84536260720055578233
16665 640.288000 24.7238316637349377913 -0.052659744141709527443 3.84537178894753628455
16666 640.295000 24.7238642818818767921 -0.0526576467266550579671 3.8453815383656668736
16667 640.302000 24.7238973897458862439 -0.0526562814513195989741 3.8453911889387226708
16668 640.311000 24.7239405676305352699 -0.052655457997621238353 3.84540259512442750278
16669 640.320000 24.7239848760656890647 -0.0526559868712456677353 3.84541182930165614806
16670 640.329000 24.7240289271542224014 -0.0526570225862579149867 3.84541839338618185451
16671 640.338000 24.724073863242374216 -0.0526587438382297642891 3.8454219119263997051
16672 640.346000 24.7241140701476886932 -0.0526603727015510017506 3.84542256025010642517
16673 640.355000 24.7241601650060580653 -0.0526624245318271094751 3.84542055332366450315
16674 640.364000 24.7242057835813469069 -0.0526638305564291475669 3.84541618308062149723
16675 640.372000 24.7242469489090090917 -0.0526647934503774103887 3.84541066965910438569
16676 640.380000 24.7242884208735382856 -0.0526651300756031184869 3.84540415335760377147
16677 640.389000 24.7243354960751382521 -0.0526648236711428838208 3.84539610009574861493
16678 640.398000 24.7243830715467467485 -0.0526638717010005086294 3.84538774666637417354
16679 640.407000 24.724430629773284096 -0.0526621215672003761821 3.84537961466721656123
16680 640.416000 24.7244789703286471649 -0.0526597509526765400478 3.84537219254150341996
16681 640.426000 24.7245337558543631928 -0.0526569659498408171316 3.8453648832539317759
16682 640.435000 24.7245831099630919425 -0.052654104126024649235 3.84535939192958542421
16683 640.445000 24.7246391862490462188 -0.0526509450918412683085 3.84535464108070845768
16684 640.454000 24.7246904496754318359 -0.0526484321040872269015 3.84535137712730312742
16685 640.463000 24.7247419167039304 -0.0526461085865046751753 3.84534899734591206766
16686 640.472000 24.7247943191812957764 -0.0526440955978238964152 3.84534744902726277616
16687 640.481000 24.7248478483727573973 -0.0526428005431309187223 3.84534635362214460841
16688 640.490000 24.7249011674360055224 -0.0526415857670629872 3.84534565818516149704
16689 640.499000 24.7249554515246856568 -0.052640861660865324867 3.8453451119346149234
16690 640.508000 24.725010322142608743 -0.0526403630328910257519 3.84534463711464447044
16691 640.516000 24.7250596654213694592 -0.0526401972767825757082 3.84534406388322347325
16692 640.525000 24.7251148768122170907 -0.0526398091252988087341 3.84534324644637104385
16693 640.534000 24.7251708589309551201 -0.0526395465898476244693 3.84534211127546488029
16694 640.543000 24.7252272492808558013 -0.0526391458115108776261 3.84534069748216733586
16695 640.552000 24.725284030224088383 -0.0526386845064552161277 3.8453388776232295676
16696 640.561000 24.7253406163306159726 -0.0526379020172833694824 3.84533670024083740202
16697 640.569000 24.7253914493965076815 -0.0526370315964612492388 3.84533454438321786739
16698 640.578000 24.7254489753303801081 -0.0526358902976693521225 3.84533187428445932809
16699 640.586000 24.7255005447393578777 -0.052634871685033952915 3.84532925448864082441
16700 640.595000 24.7255581713167167379 -0.0526333385921326224466 3.84532617637468954186
16701 640.603000 24.7256100101454947549 -0.0526320756904556930067 3.84532329725293031686
16702 640.611000 24.7256621627460155821 -0.052630699014841818284 3.8453204211835880777
16703 640.620000 24.7257212546105691331 -0.0526291845696089111151 3.84531718912244446784
16704 640.628000 24.7257742938801214905 -0.0526280179199642011989 3.84531428732490798694
16705 640.636000 24.725827295750878676 -0.0526267535630181165773 3.84531146476246954435
16706 640.644000 24.7258804162916412395 -0.0526255115236934634115 3.84530871793855411056
16707 640.652000 24.7259341549871507482 -0.0526244966714914802486 3.8453060205950113648
16708 640.661000 24.7259949673417125382 -0.0526232750904614202114 3.84530321069708369564
16709 640.669000 24.7260495687132184628 -0.0526224304027693365327 3.84530075544270744103
16710 640.676000 24.7260974568144717978 -0.0526216797571074090811 3.84529869903813192877
16711 640.684000 24.7261527379758483391 -0.0526209814127919991988 3.84529641381346110052
16712 640.692000 24.7262079493038484657 -0.05262014247340544848 3.84529423747286580593
16713 640.697000 24.7262424693604465631 -0.0526195562008959019651 3.84529293030427954392
16714 640.702000 24.7262771773974492362 -0.0526190679430056443278 3.84529159166143319482
16715 640.707000 24.7263120607579161003 -0.0526185366019832276296 3.84529032841177809132
16716 640.712000 24.7263474417425790364 -0.0526181420149396672503 3.84528905246372065818
16717 640.718000 24.7263892881455689121 -0.0526173725348980242389 3.84528756746681077416
16718 640.723000 24.7264243843966440295 -0.0526168316566388988287 3.84528628306051301067
16719 640.728000 24.7264596408432524299 -0.0526162378618376391781 3.84528505753335636541
16720 640.733000 24.7264953806993119656 -0.0526157737599802985407 3.84528380332522923268
16721 640.738000 24.7265303795655206898 -0.0526149746659721265218 3.84528258622801777378
16722 640.743000 24.7265659321338802101 -0.0526144612615987786186 3.84528126567453831797
16723 640.750000 24.7266157683655904975 -0.0526135555149919234563 3.84527948915470396685
16724 640.758000 24.7266729222043331049 -0.0526124543420778828517 3.84527744605583921
16725 640.766000 24.7267301606307690065 -0.0526112818792443259763 3.8452753957837804144
16726 640.773000 24.726780451878482836 -0.0526103147874727727906 3.84527352805968281046
16727 640.781000 24.7268382610748460593 -0.052609271678968554109 3.84527134386846114467
16728 640.789000 24.7268963556021752481 -0.0526082941317723221109 3.84526910768875751501
16729 640.797000 24.7269542768850492109 -0.0526071726656471908012 3.84526686008948814788
16730 640.805000 24.7270121779673317519 -0.0526060207828344256198 3.84526457994759818249
16731 640.812000 24.7270632572649446956 -0.0526051160774648404739 3.84526255822867657486
16732 640.820000 24.7271218086387065682 -0.0526041647263856271266 3.84526018957973514389
16733 640.828000 24.7271805901983121601 -0.0526031559906701834395 3.84525785830918165331
16734 640.836000 24.7272394746137038624 -0.0526021284102954761464 3.84525554665690005862
16735 640.844000 24.7272987928558904969 -0.0526012694246615480909 3.84525317317341430723
16736 640.852000 24.7273584132550929837 -0.0526004856000638482127 3.84525078889334448462
16737 640.860000 24.7274178719686403838 -0.0525995508978907289066 3.84524843611481159655
16738 640.868000 24.7274773150166495839 -0.0525985641261699152227 3.84524609314918031089
16739 640.876000 24.7275372344753208154 -0.0525977174955405898937 3.84524372101323175244
16740 640.883000 24.7275898197729553374 -0.0525969206920915699488 3.84524168934767240913
16741 640.891000 24.7276501085641982058 -0.0525959613864196498523 3.84523939827067895436
16742 640.900000 24.7277182024252830672 -0.0525948820258513999315 3.84523685623499567043
16743 640.908000 24.727779087058841867 -0.0525940373216713177862 3.84523455863425178691
16744 640.916000 24.7278397695392442301 -0.0525930108934716325497 3.8452323014495544129
16745 640.924000 24.7279003930485536955 -0.0525919104656216093718 3.84523005789076011141
16746 640.932000 24.7279614484857859225 -0.052590938174889925727 3.84522778436544143688
16747 640.939000 24.7280149916452707259 -0.0525900295461407540909 3.84522583515756855022
16748 640.947000 24.7280763355615107457 -0.0525889489011372932015 3.84522363089974383854
16749 640.955000 24.7281377143721989853 -0.0525878175181953358419 3.84522146150914423401
16750 640.963000 24.7281994557700919302 -0.0525868323010278762575 3.84521923740292770333
16751 640.971000 24.7282614269444387389 -0.0525859104355225620564 3.84521700210207484361
16752 640.979000 24.7283231649619850145 -0.0525848367229578630977 3.84521479126442011776
16753 640.987000 24.728384818474946627 -0.0525837201476607243866 3.84521257759042356383
16754 640.994000 24.7284391251177773086 -0.0525828337348569971321 3.84521063292326292782
16755 641.002000 24.7285012976171110211 -0.0525818875300170379683 3.84520836739350269085
16756 641.010000 24.7285636258453074277 -0.0525808672819658706743 3.84520614838319652051
16757 641.018000 24.7286259805178580962 -0.0525798130300193858333 3.84520395132187253751
16758 641.026000 24.7286886916619863541 -0.0525789149759784135707 3.84520168865043876494
16759 641.034000 24.7287516277590135871 -0.0525780833985836151823 3.84519940625233935805
16760 641.042000 24.7288143261384334437 -0.0525770964728221809614 3.84519714236812149011
16761 641.050000 24.7288769348283494764 -0.0525760573163479849601 3.84519487239891732955
16762 641.059000 24.7289478604350705382 -0.0525750094833715153619 3.84519228695166459531
16763 641.064000 24.7289872965123009863 -0.0525743945327418471525 3.84519088006042508709
16764 641.072000 24.7290505080806326532 -0.0525734915973382205268 3.84518855668711223572
16765 641.080000 24.729113862169054272 -0.0525724937385091198316 3.84518628544008844727
16766 641.088000 24.7291772266937215363 -0.0525714409027491294535 3.84518404394107271571
16767 641.096000 24.729240928939653088 -0.052570524661533162003 3.845181746364043196
16768 641.104000 24.7293048348861255192 -0.0525696579062875854471 3.84517943981459264791
16769 641.112000 24.7293684797601969194 -0.0525686223716255104921 3.84517716318332247738
16770 641.120000 24.7294320099710489558 -0.0525675253548058829534 3.84517489192734185366
16771 641.128000 24.729495919232057588 -0.0525665676251624233717 3.84517258475745427049
16772 641.136000 24.7295599493515538825 -0.0525655182367165962898 3.84517033694221277429
16773 641.143000 24.7296160226598473741 -0.0525646279068943955703 3.8451683600563901777
16774 641.152000 24.7296883058778398379 -0.0525634674283908739922 3.84516585974337532505
16775 641.160000 24.7297528278016720549 -0.0525625744550951776168 3.84516358783449074821
16776 641.168000 24.7298170713176581614 -0.0525615237736648185929 3.84516134569488565731
16777 641.175000 24.7298734250776917065 -0.0525606398347219644362 3.84515938307545379615
16778 641.184000 24.7299456624438960262 -0.0525594710328849620828 3.84515682855856111289
16779 641.192000 24.7300102487127375639 -0.0525584366481079007238 3.84515460453000113006
16780 641.200000 24.7300748130710701389 -0.0525573605961816223142 3.84515240985607809066
16781 641.208000 24.7301396849033459091 -0.0525564346521365383103 3.84515015627156486744
16782 641.216000 24.7302047323607112617 -0.0525555710171932213837 3.84514788876365187775
16783 641.224000 24.7302694927592732199 -0.0525545499160918402892 3.84514564451053031391
16784 641.232000 24.7303341144130897078 -0.0525534765003619550039 3.8451433977261957331
16785 641.239000 24.730390973037888358 -0.0525526178567521512486 3.84514142547889381518
16786 641.246000 24.7304478826627516241 -0.0525517592150252371708 3.8451394507259251121
16787 641.254000 24.7305129761765343233 -0.0525508308291792666789 3.84513715388210286505
16788 641.262000 24.7305781667515311995 -0.0525498130328014290136 3.84513490818882575084
16789 641.271000 24.7306516465421815099 -0.0525486878927539785566 3.8451323961536605367
16790 641.278000 24.7307087757000765293 -0.052547822138136350556 3.84513041344065431559
16791 641.287000 24.7307824743946191859 -0.0525467920862925444436 3.84512784426399978344
16792 641.295000 24.7308475872631667869 -0.0525457047507251473473 3.84512558172701401915
16793 641.303000 24.7309130434935120491 -0.0525447592522227738265 3.84512327864971137359
16794 641.310000 24.7309703673974787819 -0.0525438825891677008251 3.84512129695651827532
16795 641.318000 24.7310359545846942808 -0.0525428445365749841045 3.84511905039141321794
16796 641.326000 24.7311014956853121305 -0.0525417580487653537724 3.84511683568030093738
16797 641.334000 24.7311673195643209056 -0.0525408158444016226696 3.8451145656790366445
16798 641.341000 24.7312248089763144776 -0.0525399338294144716 3.84511259084719059231
16799 641.350000 24.7312989558885121255 -0.0525388863043156836841 3.84511003501146175765
