30346 983.062000 18.7421748659781748358 -0.0668386847113502380324 15.0980215889288196252
30347 983.068000 18.7420451406652723847 -0.0661952577846577072673 15.096191479572333094
30348 983.076000 18.7419163651594296027 -0.0654843625504117204938 15.0936912776443517004
30349 983.083000 18.7418389377418641573 -0.0650119488612786872173 15.0915854726092675264
30350 983.090000 18.7417902810591137097 -0.0646755529118327315841 15.0896594453467418617
30351 983.097000 18.7417678587663978362 -0.0644615758765760410443 15.08798169307004855
30352 983.104000 18.741773635351691496 -0.0643476605019833586274 15.0865959375325342506
30353 983.111000 18.7417954697486948135 -0.0643186383695082269929 15.0855198028271590971
30354 983.119000 18.741843163005704298 -0.0643609479225783209788 15.0846691417914087197
30355 983.127000 18.7419158057055597055 -0.0644583678067379151067 15.0842002818777984885
30356 983.134000 18.741999879537864615 -0.0645728339881110058318 15.0840703466506305119
30357 983.142000 18.7421190679404787716 -0.0647241551956478922136 15.0841925653461537138
30358 983.149000 18.7422418457388388902 -0.0648669236414766148258 15.0844887093097632658
30359 983.157000 18.7423998932635633707 -0.065035263437031060052 15.0849833618618465181
30360 983.165000 18.7425721887016472067 -0.0652035231425546202289 15.0855811166645636945
30361 983.173000 18.7427532639970557682 -0.0653664827504854550888 15.0862200089302262995
30362 983.181000 18.7429375791580312693 -0.0655190534587247325193 15.0868458138189538431
30363 983.190000 18.743142467560225839 -0.065671998258716751673 15.0874800337862815525
30364 983.198000 18.7433177006740763204 -0.0657860875221725344142 15.0879473621902455704
30365 983.207000 18.7434869663580023769 -0.0658875871109464716913 15.0883376921572907037
30366 983.216000 18.7436438802099409884 -0.0659452977417155500328 15.0885872388832833479
30367 983.224000 18.7437754036118242595 -0.0659659436228860196483 15.0886956692278229042
30368 983.233000 18.7439149730616563261 -0.0659590342896584219679 15.0887096419687409821
30369 983.242000 18.7440460610592438684 -0.0659250661035183510572 15.088637996548600384
30370 983.250000 18.7441563155196746493 -0.0658771419168619476459 15.0885292920843188114
30371 983.258000 18.7442617769875070621 -0.0658177778079246239562 15.0884017628058035854
30372 983.266000 18.7443636710789007793 -0.0657523947169552230863 15.0882749766053176899
30373 983.274000 18.744463259827675472 -0.0656864210999296704863 15.0881640315655491946
30374 983.282000 18.7445617474118257917 -0.0656249253043161839827 15.0880787507556437532
30375 983.291000 18.7446725669744367337 -0.0655664992598308238314 15.088018752948309853
30376 983.299000 18.7447720912609483435 -0.0655278031303034441679 15.0879963702913126866
30377 983.307000 18.7448775783758563307 -0.0655000916221761125824 15.0879998136489188454
30378 983.315000 18.7449811029079214109 -0.0654911423177140378238 15.088018691297557794
30379 983.323000 18.745085887635951849 -0.0654982160899442167334 15.0880428901686283183
30380 983.332000 18.7452069528662228493 -0.0655222449199098638806 15.0880648236002148366
30381 983.339000 18.7453042248707255624 -0.0655502487341417527933 15.0880707443657495759
30382 983.347000 18.7454191252112423172 -0.0655891643810241342649 15.0880595644938662048
30383 983.355000 18.7455380620200742214 -0.0656319643567972454967 15.0880256124484048996
30384 983.363000 18.7456608237673201245 -0.0656748804287193288509 15.0879679265878969829
30385 983.371000 18.7457788430798082402 -0.065717420557551392557 15.0878861054644612949
30386 983.379000 18.7459037873750773429 -0.0657490908195489942578 15.0877878175846387165
30387 983.387000 18.7460324605118380248 -0.0657702253114731683059 15.0876789414881589124
30388 983.395000 18.7461642326016502125 -0.0657805625976322499993 15.0875669910262040219
30389 983.402000 18.746281468523061875 -0.0657807224622338621023 15.0874724245343916351
30390 983.410000 18.7464172600396139501 -0.0657713140154933123549 15.0873747832230673538
30391 983.418000 18.7465547020242091492 -0.0657529522413215633536 15.0872943208453129671
30392 983.426000 18.7466935645488419482 -0.0657275870497560782413 15.0872358261287331516
30393 983.433000 18.7468160676364874462 -0.0657015420449571924122 15.0872049710982700788
30394 983.441000 18.7469570232419755484 -0.0656697732383835774961 15.0871937711403383275
30395 983.449000 18.7470987929737340494 -0.0656384639700038768906 15.0872072179020939586
30396 983.457000 18.7472590024166443357 -0.0656069358017039028219 15.0872481647090541657
30397 983.466000 18.747401471390904959 -0.0655846851974186823009 15.0873023646982726831
30398 983.473000 18.7475268307898801368 -0.0655705970018542194655 15.087359387871943639
30399 983.481000 18.7476700224853054522 -0.0655619863620404141891 15.0874295126740314288
30400 983.489000 18.7478128638682726148 -0.0655616860955927083232 15.0874989106949470852
30401 983.497000 18.7479561785254134065 -0.0655688603965561556119 15.0875622484660585343
30402 983.505000 18.7480993373720643547 -0.0655830188270628555713 15.0876140780251226658
30403 983.512000 18.7482246567736048348 -0.0656001617082058036123 15.0876469890998183843
30404 983.520000 18.7483730691421115466 -0.0656191893987752156159 15.087670314389814763
30405 983.527000 18.7484945756872711797 -0.0656441531409323597579 15.0876731404446058349
30406 983.535000 18.7486368760448627313 -0.0656691529560755882233 15.0876575085260142828
30407 983.543000 18.7487865569948546351 -0.0656912059543304643894 15.0876284936901896572
30408 983.551000 18.7489252121376566151 -0.0657145386869789627227 15.0875795192430555147
30409 983.559000 18.7490698672346809417 -0.0657305331505361883915 15.0875196818625934014
30410 983.566000 18.7491984344523068273 -0.0657395401529572986909 15.0874609256799931956
30411 983.574000 18.7493470401875477194 -0.0657442439427543684483 15.087390162764645396
30412 983.582000 18.7494972169951239493 -0.0657432354281510811234 15.0873192691045812097
30413 983.590000 18.7496489450080225936 -0.065737078979797691769 15.0872518311501551125
30414 983.598000 18.7498022716011369937 -0.0657266425367676460079 15.0871908488200840992
30415 983.605000 18.7499374825993356808 -0.065714919141622182841 15.0871444366343148147
30416 983.613000 18.7500940115305745337 -0.0656994443538305716856 15.0871010914985443918
30417 983.621000 18.750252103389229319 -0.0656833024733449732935 15.0870683625372681291
30418 983.629000 18.7504117249770843046 -0.0656676992171484480432 15.0870462354815533246
30419 983.637000 18.750572574940552073 -0.0656539192516826242141 15.0870338466920284048
30420 983.644000 18.7507146260802599613 -0.0656435785381578318365 15.0870302303211545336
30421 983.652000 18.75087799305653391 -0.0656349114107768749626 15.0870325457776850442
30422 983.660000 18.7510423791401343863 -0.0656298570298621541941 15.0870399021028109843
30423 983.667000 18.7511865056510060867 -0.065628536165756715115 15.0870486745756586799
30424 983.675000 18.751352456858342066 -0.0656300493147990993137 15.0870600795942273464
30425 983.682000 18.7514979930833121102 -0.0656340370574151621419 15.0870694461471597236
30426 983.690000 18.7516646716632457981 -0.0656410334281755103447 15.0870780610449450876
30427 983.698000 18.7518314955988039117 -0.0656499053340684063373 15.0870831264599942756
30428 983.705000 18.7519777751781298036 -0.0656584856054881205178 15.0870840489884798785
30429 983.713000 18.7521452130835371008 -0.0656686748391167723904 15.0870804221766334763
30430 983.721000 18.7523128299703607524 -0.0656784974714279407015 15.0870716195619500866
30431 983.726000 18.7524174871096036554 -0.0656843192448208768042 15.08706343612726819
30432 983.732000 18.7525435184996815963 -0.0656901756074838444333 15.0870513609871519378
30433 983.737000 18.7526485536554794464 -0.0656944250486835579217 15.0870393829296745025
30434 983.743000 18.7527748761403572075 -0.0656985783419696822705 15.0870230195278800522
30435 983.749000 18.7529013967410165264 -0.0657016048123641588363 15.0870048043915794267
30436 983.754000 18.7530070198533387327 -0.0657032365988441530158 15.086988495492075657
30437 983.760000 18.7531340333267984022 -0.0657041422122748297596 15.0869679218509205043
30438 983.766000 18.7532609993716192776 -0.0657040509360041352638 15.0869464668021358023
30439 983.772000 18.7533889115214407184 -0.0657027694099658887694 15.0869249971269727695
30440 983.778000 18.7535170466708933645 -0.0657007391725518419268 15.0869034482815447262
30441 983.786000 18.7536885829302093498 -0.0656970908727258079418 15.0868753266340220875
30442 983.794000 18.7538609544817624908 -0.0656927269406157865461 15.0868484831106659527
30443 983.801000 18.7540121424450774157 -0.0656887857461044832874 15.0868262635690015827
30444 983.809000 18.7541863725648987327 -0.0656840439846574086769 15.0868031372008157831
30445 983.817000 18.7543614094550150639 -0.0656798878000689617673 15.0867820999840969165
30446 983.825000 18.7545373457519488625 -0.0656765238921096644598 15.0867632429344080691
30447 983.833000 18.7547138009949492243 -0.0656742518075567466296 15.0867462663869105199
30448 983.841000 18.7548916275498314121 -0.0656727311528124413353 15.0867314115807253927
30449 983.849000 18.7550701252754343784 -0.0656724248276879668529 15.0867179211510755721
30450 983.857000 18.7552493271619518111 -0.065673173049767219478 15.0867055121498125914
30451 983.865000 18.7554288643961299954 -0.0656748541797287643806 15.0866936616509992319
30452 983.873000 18.7556093972403594705 -0.0656770334124405219534 15.0866823888679348897
30453 983.881000 18.7557903726689971791 -0.0656797677674619412302 15.0866709947255923652
30454 983.889000 18.7559717656511892869 -0.0656827589493732266757 15.086659246935592904
30455 983.897000 18.7561533186681543839 -0.0656857839536592186258 15.0866468210681272666
30456 983.905000 18.7563354590961104407 -0.0656884807565585177036 15.0866338343070456318
30457 983.914000 18.7565407364300185122 -0.065691183892374743758 15.0866181465482949164
30458 983.922000 18.7567234868148311477 -0.065693110686751446381 15.0866032521663395727
30459 983.930000 18.7569062881724377689 -0.0656945340502109315084 15.086587408863504578
30460 983.938000 18.7570896142302174781 -0.0656952817358196772268 15.0865709839467285747
30461 983.946000 18.7572732374906792074 -0.0656956096086677848733 15.0865538531196339278
30462 983.954000 18.757457153503594327 -0.0656955324115167799137 15.0865361954783878673
30463 983.962000 18.7576410943032563239 -0.0656951780208830660168 15.0865180386495403297
30464 983.971000 18.7578489333440430187 -0.0656943254672975873731 15.0864976528794247912
30465 983.979000 18.758034030414464155 -0.0656935634341812429993 15.0864793941825521273
30466 983.987000 18.7582195369507687133 -0.0656928484223344016923 15.08646119391109508
30467 983.995000 18.758405273074060915 -0.0656922789366906900721 15.0864430663702204782
30468 984.002000 18.7585683864919374741 -0.065691815137723930107 15.0864275705803869698
30469 984.010000 18.7587552772062480244 -0.0656915929357772265806 15.0864100749046894379
30470 984.018000 18.7589426315015153079 -0.0656916684716609133865 15.0863928726445752915
30471 984.026000 18.7591302477926618053 -0.0656920445792746610092 15.0863758787190374022
30472 984.034000 18.7593185920304854619 -0.0656925387919775061185 15.0863593594141871534
30473 984.041000 18.7594837809588632638 -0.0656932196019712894008 15.0863450682070752151
30474 984.049000 18.7596729697694222239 -0.0656941818237792851676 15.0863289175247476948
30475 984.057000 18.7598623539048645625 -0.0656952880350481632776 15.0863128245460274002
30476 984.065000 18.7600523838439485758 -0.0656963097160282727405 15.0862970256372221911
30477 984.073000 18.7602427881569120416 -0.0656974095627273352305 15.0862812258472231974
30478 984.081000 18.7604335140216171851 -0.0656984771806877060341 15.0862654184063877949
30479 984.089000 18.760624383435587248 -0.0656994523464881630126 15.0862495115649242194
30480 984.097000 18.7608156797991298959 -0.0657002020469910075207 15.0862336643972820838
30481 984.105000 18.7610072843964381661 -0.0657008806725289523643 15.0862177046053318463
30482 984.112000 18.7611751296839806002 -0.0657013714052469832705 15.0862036514610586835
30483 984.121000 18.7613910411450639515 -0.0657018342518793374563 15.0861854294047859071
30484 984.129000 18.7615832974520664322 -0.0657020532486920355586 15.086169207955677507
30485 984.136000 18.7617517394842359124 -0.0657022236138567750086 15.086154932896317149
30486 984.144000 18.7619446942610998974 -0.0657025936533284088403 15.0861385570595203376
30487 984.152000 18.7621372037788844978 -0.0657024854833252458519 15.086122049948054169
30488 984.160000 18.7623303051336165481 -0.065702531378932851891 15.08610559808185414
30489 984.169000 18.7625478667122180809 -0.0657026942495912008591 15.0860870425498685421
30490 984.177000 18.7627412859545401602 -0.0657030902232039332178 15.0860704172340280849
30491 984.185000 18.7629351723938313512 -0.0657031625143620762186 15.0860539862025486713
30492 984.193000 18.763129304872791181 -0.0657034780997860085039 15.0860375118747107592
30493 984.201000 18.7633236888707806145 -0.0657039284556422409356 15.086021036638406656
30494 984.209000 18.7635179395728926011 -0.0657045566796171376378 15.0860044001635511535
30495 984.216000 18.7636886322773079883 -0.0657049434499259593645 15.0859901468871751007
30496 984.224000 18.7638837836164746875 -0.0657055530960010819586 15.0859737374334930138
30497 984.233000 18.7641036052666478895 -0.0657063335975043572024 15.0859552689242324419
30498 984.241000 18.7642990351367657809 -0.0657070796934464268491 15.0859387533944211413
30499 984.249000 18.7644949504975819821 -0.0657076902987768357578 15.0859224246409286962
30500 984.257000 18.7646910975117400255 -0.0657083667453549347126 15.0859060389473658148
30501 984.265000 18.7648876990277670984 -0.0657092530986695677608 15.0858896499939625357
30502 984.271000 18.7650346098992564237 -0.0657095388463177082494 15.0858772258241504716
30503 984.277000 18.7651821181407996164 -0.0657098967390220140006 15.0858649916388944945
30504 984.285000 18.7653789889626878562 -0.0657104112767414871854 15.0858486086789795877
30505 984.293000 18.7655760057289846543 -0.0657109111378041260698 15.0858322054448361627
30506 984.301000 18.7657729562066180051 -0.0657113945467988208593 15.0858156979759243654
30507 984.309000 18.7659703084001669993 -0.0657117005678622828624 15.085799378942105875
30508 984.318000 18.7661925066373811433 -0.0657121020184919524265 15.0857809620102454318
30509 984.326000 18.7663902151995642953 -0.0657126742386493628567 15.0857645855639042054
30510 984.334000 18.766587746045885865 -0.0657127757755930075323 15.0857481822845702624
30511 984.342000 18.7667856310314000723 -0.0657130535176068952818 15.0857318533171405051
30512 984.350000 18.7669836681953619006 -0.0657133978347878289217 15.085715521776464243
30513 984.359000 18.7672062189295871804 -0.0657139103327794293907 15.0856969784436625304
30514 984.367000 18.7674046810827270804 -0.0657141553435778708048 15.0856807996220254608
30515 984.375000 18.7676031432103194163 -0.0657145428510629292518 15.0856645112244294182
30516 984.383000 18.7678017023153635989 -0.0657149959674370731655 15.0856482041847108633
30517 984.390000 18.7679753172383030346 -0.065715445746620568257 15.0856338292193949968
30518 984.398000 18.7681741302258089377 -0.0657158476327572294018 15.0856175925888109646
30519 984.405000 18.7683481967372927102 -0.065716287663871414404 15.08560333084340499
30520 984.412000 18.768522341740435877 -0.0657167620842623589894 15.0855890464795230343
30521 984.420000 18.7687213082306172396 -0.0657173224675656891813 15.0855726400313390201
30522 984.427000 18.7688956103608965975 -0.065717729416738299153 15.0855583789354792401
30523 984.434000 18.7690700609007912192 -0.065718198357415200106 15.0855440836384264713
30524 984.441000 18.7692445818510442734 -0.0657186852995227110963 15.0855297634729996759
30525 984.449000 18.7694439644455144389 -0.0657192409570815511133 15.0855133155744027817
30526 984.456000 18.7696186186957625353 -0.0657196276179792954197 15.0854990211629189645
30527 984.463000 18.7697934083397335314 -0.0657200642931757283982 15.0854846963687414529
30528 984.470000 18.7699682542472103819 -0.0657205093571996412649 15.0854703523227939854
30529 984.478000 18.7701679889035339954 -0.0657210091778564903242 15.0854538852132389337
30530 984.486000 18.7703679478717617712 -0.0657213949258078217186 15.0854375380844860643
30531 984.493000 18.7705430140177327303 -0.065721781475157142749 15.0854232100371863368
30532 984.502000 18.7707679602470207669 -0.0657224634416514880142 15.0854046655598938997
30533 984.510000 18.7709681809556627741 -0.065722681487249343113 15.0853883679429632281
30534 984.518000 18.7711684638589559881 -0.0657230535295035417365 15.0853720256636147923
30535 984.527000 18.7713938500915737961 -0.0657235244837514470673 15.0853536342636189715
30536 984.535000 18.7715940208851463922 -0.0657239777206304470747 15.0853371872500812145
30537 984.544000 18.7718195638080160847 -0.0657243434295606138162 15.0853188987492217166
30538 984.552000 18.7720200891199553439 -0.0657247573878615015674 15.0853025931338837751
30539 984.560000 18.7722204439937563336 -0.0657253756941035827133 15.0852861672878777455
30540 984.567000 18.7723960088816461678 -0.065725560851137579399 15.0852719721654739971
30541 984.575000 18.7725966400764399111 -0.0657259480042325233695 15.0852556914079265482
30542 984.583000 18.7727973400470879994 -0.0657264013335257107906 15.0852393968595954732
30543 984.592000 18.7730229475623460189 -0.065726959610945615009 15.0852209520334046289
30544 984.600000 18.7732237524969995945 -0.0657273329695932384542 15.085204723946453953
30545 984.608000 18.7734245969405044718 -0.0657277942715446816813 15.085188433701793187
30546 984.616000 18.7736252487495107744 -0.0657284588064620534098 15.085172009203223098
30547 984.624000 18.7738261574528415565 -0.0657287293137063660664 15.085155769594216224
30548 984.633000 18.7740522103779632346 -0.0657292202832612248997 15.0851374302576104469
30549 984.641000 18.7742531749125447504 -0.0657297011877090581189 15.0851211072172084471
30550 984.648000 18.7744288086180191044 -0.0657301509517276699723 15.0851067131586926706
30551 984.657000 18.7746549721036473102 -0.0657305744825312787682 15.0850884207378648227
