2517 1019.495000 26.5532079224795438677 -0.07231706854362213166 8.75715269800448048443
2518 1019.502000 26.5528756856299033018 -0.0713364259297926961434 8.75624444663529288846
2519 1019.509000 26.5525800574646879681 -0.0705233147135474330858 8.75530355336358212526
2520 1019.517000 26.5522809449904109158 -0.0698231854803138124455 8.754261603059827479
2521 1019.524000 26.552049018399038971 -0.0694121886378446240062 8.75342919254066487156
2522 1019.531000 26.5518420104952532768 -0.0691764013173461478345 8.75270463183359481718
2523 1019.539000 26.5516332927321947466 -0.0690936915376709759329 8.75203474917504209429
2524 1019.547000 26.5514519588926454219 -0.0691718845042674779222 8.75154741300087835043
2525 1019.555000 26.5512958570355017685 -0.0693683197519917305041 8.75124270572502460652
2526 1019.563000 26.5511627996122001605 -0.0696417114536723030893 8.75110839330787015911
2527 1019.571000 26.5510503342044010822 -0.0699550289279803200193 8.75112258220193339753
2528 1019.578000 26.5509666096277889835 -0.0702373215577844905999 8.75123429293265786555
2529 1019.585000 26.5508943769817840064 -0.0705096062340759555109 8.75141574675412670103
2530 1019.593000 26.5508229699867079887 -0.0707923848974176678217 8.75167913204030867291
2531 1019.600000 26.5507675949457393472 -0.0710051624276453324791 8.75193347276619704189
2532 1019.607000 26.5507164145735572447 -0.0711801013712799607314 8.75218858471608918137
2533 1019.615000 26.5506602607465431731 -0.0713309646533422520021 8.75245870895262534361
2534 1019.622000 26.5506109941694816712 -0.0714204400308722925361 8.7526610414243872782
2535 1019.630000 26.5505523828486822424 -0.0714772983278449403066 8.75284115360560299735
2536 1019.639000 26.5504813793414236045 -0.07149045645436299945 8.7529710871869763622
2537 1019.648000 26.5504035112060421397 -0.0714600478911311121077 8.75302514924861441159
2538 1019.657000 26.5503185206370702076 -0.0713979915784274388191 8.75301343129634012996
2539 1019.665000 26.5502355898423303415 -0.0713255385117414902885 8.75296095310579325144
2540 1019.674000 26.5501372638648582836 -0.0712343772445625383893 8.75287367394361126571
2541 1019.683000 26.5500346555192479059 -0.0711427319870343993768 8.7527759846378696551
2542 1019.691000 26.5499412263323151251 -0.0710673279581541111893 8.75269551944168711088
2543 1019.700000 26.5498358870500972273 -0.0709947446944699384064 8.75262571080073037422
2544 1019.709000 26.5497315896835992532 -0.0709386767311891847099 8.7525867994417438922
2545 1019.718000 26.5496297365403961521 -0.0709010634716795429267 8.75258223771673904423
2546 1019.726000 26.5495426870516126883 -0.0708835132611732032792 8.75260545996012417902
2547 1019.735000 26.5494499854028767061 -0.0708805339631373154674 8.75265635395979124667
2548 1019.744000 26.5493627635723008495 -0.0708928771440171107132 8.75272370376552721893
2549 1019.752000 26.5492904484474436799 -0.0709144503327491793065 8.75278804579749092341
2550 1019.760000 26.5492230363583061603 -0.0709429885954817457394 8.75284815504688040733
2551 1019.768000 26.5491596404920500163 -0.0709757321186088169229 8.75289645395875481881
2552 1019.776000 26.5491005566073816624 -0.0710103136946676483099 8.75292715933913534343
2553 1019.783000 26.5490522951802532248 -0.0710398957414542370215 8.75293670258220934954
2554 1019.791000 26.5489999279200219462 -0.0710707417887103537479 8.75292614609415586813
2555 1019.799000 26.5489508486611462956 -0.0710968967163796844444 8.75289336032298415091
2556 1019.807000 26.5489042495098530594 -0.0711167098319510082582 8.75284085721347793196
2557 1019.814000 26.5488653573926640661 -0.0711281154777249208232 8.7527821875925475581
2558 1019.822000 26.5488228478677861233 -0.0711340807083828685631 8.75270543081981955424
2559 1019.830000 26.5487823094322941131 -0.0711326236133853068155 8.75262426823516648255
2560 1019.838000 26.548743213279113462 -0.0711240567833458930957 8.75254492151070628836
2561 1019.845000 26.548710787830277269 -0.0711119342493505696146 8.75248157282596750406
2562 1019.854000 26.5486708792681689317 -0.0710911486996427116614 8.75241392913708260437
2563 1019.861000 26.5486413202243767273 -0.0710721620728840264292 8.75237518331767283541
2564 1019.869000 26.5486094226424889087 -0.0710493293124903335656 8.75234780122483613241
2565 1019.877000 26.5485795155580746041 -0.0710267580074823573488 8.7523391151633838092
2566 1019.885000 26.548552224677436584 -0.071006132771521332514 8.7523484506732369681
2567 1019.893000 26.548526276536303925 -0.0709882344691517702673 8.75237341232966237214
2568 1019.900000 26.5485057538853936876 -0.0709762325670308391601 8.75240573235043228806
2569 1019.907000 26.5484868529211475163 -0.0709678150011350816762 8.75244503533182971466
2570 1019.915000 26.5484673661479959605 -0.0709629090740095669343 8.75249489586256679274
2571 1019.923000 26.5484500535433980417 -0.0709630284542211997589 8.75254584889857056851
2572 1019.930000 26.5484369782971505458 -0.0709670603932144594683 8.75258819771749685401
2573 1019.938000 26.5484231860498560707 -0.0709750706230295042021 8.75263061266951858386
2574 1019.946000 26.5484116427063163712 -0.0709864063343599582812 8.75266412120561021482
2575 1019.953000 26.5484032601537478513 -0.0709981103230838683782 8.7526845706825930904
2576 1019.961000 26.5483951788928322912 -0.0710121913488638428769 8.7526968312332229516
2577 1019.969000 26.5483887548436037207 -0.0710261174552703905549 8.75269706820973603101
2578 1019.976000 26.5483844919904363735 -0.0710372697883365766813 8.75268801953472141975
2579 1019.984000 26.548381138058580575 -0.0710480547824001718027 8.75266827184209006418
2580 1019.990000 26.5483796676441805573 -0.0710543397811404520148 8.75264801800952518818
2581 1019.998000 26.5483791499716019757 -0.0710599187611667681974 8.75261557151458191584
2582 1020.005000 26.5483801483534698207 -0.0710620873738792291352 8.75258384403120004436
2583 1020.012000 26.5483822737858545793 -0.0710614670407841569899 8.75255081421835612332
2584 1020.020000 26.548386451169982081 -0.0710579082499599723466 8.75251338835285430662
2585 1020.027000 26.5483915143361528521 -0.0710523328325620151524 8.75248260442076286836
2586 1020.032000 26.5483962438616245549 -0.0710474251072272106056 8.7524624299477693512
2587 1020.037000 26.5484015214750854739 -0.0710417583354950171737 8.75244408281508867731
2588 1020.041000 26.5484063019768079528 -0.071036730782126494832 8.75243097826071547729
2589 1020.046000 26.5484129550670431286 -0.0710302768141033019633 8.75241663106779910208
2590 1020.051000 26.5484207494704236296 -0.0710236235887566624836 8.75240484396359974539
2591 1020.056000 26.5484290671817610985 -0.0710170000123371975009 8.75239543164513023044
2592 1020.061000 26.5484382400033958049 -0.0710104750654781818886 8.75238853036135289187
2593 1020.066000 26.5484482875374609989 -0.0710043919539984219602 8.75238400321365972445
2594 1020.070000 26.5484566549988834083 -0.0709997504299966775143 8.75238198544788836841
2595 1020.078000 26.5484750661926653947 -0.0709917846034221061702 8.75238177542909312479
2596 1020.085000 26.548493193531200518 -0.0709863262925717330987 8.75238536163553604297
2597 1020.093000 26.5485153977994876584 -0.0709820476533202654457 8.75239246700024153824
2598 1020.100000 26.5485360967391805787 -0.0709800024923365469043 8.75240046247757597087
2599 1020.107000 26.5485585930402443466 -0.0709796086629265604584 8.75240940607449324773
2600 1020.115000 26.5485855461642934472 -0.0709808114354284619418 8.75241961426585746153
2601 1020.122000 26.5486102762673326083 -0.070983155494661581697 8.75242778966645573746
2602 1020.129000 26.5486363245465781802 -0.070986284714885161673 8.75243483549759027085
2603 1020.136000 26.5486632970755707106 -0.070990049608706029538 8.75244009041008474981
2604 1020.143000 26.5486910026085318748 -0.0709940000166990325958 8.75244333793320272719
2605 1020.150000 26.548720104836483813 -0.0709979889756609944262 8.75244453107859854413
2606 1020.158000 26.5487541615152196073 -0.0710020947819935133172 8.75244312107245114873
2607 1020.166000 26.5487892393026960747 -0.0710054657095133268108 8.75243893061736066841
2608 1020.173000 26.5488210206435546468 -0.0710075258969640188411 8.75243331221239984075
2609 1020.180000 26.5488535427031315805 -0.0710087837862903303865 8.75242595371721954223
2610 1020.188000 26.5488918207748980649 -0.0710091793495351703003 8.75241596166566715453
2611 1020.196000 26.5489311019041593909 -0.0710082224375232634594 8.75240475557308350574
2612 1020.204000 26.5489715157815524549 -0.0710063569460226140517 8.75239277652357827719
2613 1020.211000 26.549008069340644056 -0.0710039442983058793901 8.75238219317932930608
2614 1020.219000 26.5490509269467445108 -0.0710006403297570032329 8.75237017277986417696
2615 1020.226000 26.549089375441543126 -0.0709974611557925017191 8.75236001469165181277
2616 1020.233000 26.5491290626793379204 -0.070994052949627378668 8.7523505842670239474
2617 1020.240000 26.5491696997588988438 -0.0709907427449522065999 8.75234179896381903063
2618 1020.247000 26.5492111657361462562 -0.0709875415721341884723 8.75233383522353491912
2619 1020.254000 26.5492541803585986315 -0.0709847254254088039227 8.75232685586441760961
2620 1020.262000 26.5493043710116261025 -0.0709819416657374024915 8.75231986956792340493
2621 1020.269000 26.5493491990262100444 -0.0709799364053973758093 8.75231460369421832013
2622 1020.276000 26.5493955502637462018 -0.0709784915175722536107 8.75231018496751289604
2623 1020.283000 26.5494425006724981131 -0.0709773927804542015263 8.75230631361752386965
2624 1020.291000 26.5494975252886007411 -0.0709767685749701920939 8.75230252059162161515
2625 1020.298000 26.5495469893739368672 -0.0709766199499908267967 8.75229968645633960023
2626 1020.305000 26.5495969464460586096 -0.0709766324958795991051 8.75229700091311357824
2627 1020.312000 26.5496481205173857632 -0.0709770177411506164589 8.75229446847161085543
2628 1020.320000 26.5497074796959040555 -0.070977414806431493588 8.75229157807949320613
2629 1020.328000 26.5497678432442789642 -0.0709778556498847773559 8.75228850607159536423
2630 1020.334000 26.5498137497221051717 -0.0709781476785431852949 8.75228603185755105187
2631 1020.342000 26.5498758428909233942 -0.0709782957273078357607 8.75228246884335803202
2632 1020.349000 26.5499307156064396906 -0.0709781800925682743175 8.75227897824983358532
2633 1020.357000 26.5499944050774843163 -0.0709778927035503715004 8.7522745969409037059
2634 1020.364000 26.5500511309657269976 -0.070977407287549337811 8.75227049336726992124
2635 1020.371000 26.5501080802607596354 -0.0709765810548604048069 8.7522659824804041051
2636 1020.378000 26.5501660105456736005 -0.070975732901381496931 8.75226121781916610587
2637 1020.385000 26.550224315167369582 -0.0709744813237514621251 8.75225619645449626205
2638 1020.392000 26.5502834344617362206 -0.0709733076620777808552 8.75225093703655332433
2639 1020.399000 26.5503433144684990452 -0.0709720217128803065876 8.75224551835342978734
2640 1020.403000 26.550377561504149071 -0.0709711601241786449457 8.75224234725715888317
2641 1020.410000 26.5504384797568313559 -0.0709698262007665697793 8.75223674788015948423
2642 1020.417000 26.5504998182183946653 -0.070968362879158947143 8.75223110424693651055
2643 1020.424000 26.5505618093278421554 -0.0709670938400292633519 8.75222536093187386541
2644 1020.431000 26.5506247012250362616 -0.0709658173353998611432 8.75221976743467600102
2645 1020.437000 26.5506788997252947127 -0.0709647916319086358161 8.75221490518760880661
2646 1020.444000 26.5507431396958004655 -0.0709638816065651795162 8.75220937010035804349
2647 1020.450000 26.5507986571324963165 -0.0709630525958016705745 8.75220472795978565728
2648 1020.456000 26.5508544097040370957 -0.0709623346792687542672 8.75220005109468246474
2649 1020.462000 26.5509110190892734238 -0.0709616790245109485546 8.75219557964160621566
2650 1020.466000 26.5509490837157997589 -0.0709614310831748612562 8.75219259936202576
2651 1020.471000 26.5509968587271636409 -0.070960975776797996506 8.75218895115771644555
2652 1020.475000 26.551035309164134901 -0.0709606415414665153696 8.75218609759163967965
2653 1020.480000 26.5510836057897776641 -0.0709602931782129242588 8.7521825040072762647
2654 1020.485000 26.5511323926865223655 -0.0709599382096851444279 8.75217901273347109736
2655 1020.492000 26.5512009502168062625 -0.0709593882381947260729 8.75217415130856402072
2656 1020.499000 26.551270475886106226 -0.0709590160548256854156 8.75216940959800560051
2657 1020.506000 26.5513403456421563931 -0.0709583870885856504707 8.75216473682477591467
2658 1020.513000 26.551410978710421773 -0.0709579256765106719529 8.7521600957834042589
2659 1020.520000 26.5514822967190688985 -0.070957383935583331902 8.75215550559915200779
2660 1020.528000 26.5515640639352596963 -0.0709564525016973118854 8.75215027162228942359
2661 1020.535000 26.5516364439463359304 -0.070955791204279278217 8.75214569479433102117
2662 1020.542000 26.5517094564607312179 -0.070955040145806794194 8.75214112752615491786
2663 1020.549000 26.5517827255387182106 -0.0709540759521057884385 8.75213655733939965842
2664 1020.557000 26.5518670794789137801 -0.0709530326578062808807 8.75213124906019857008
2665 1020.562000 26.55192025827502178 -0.0709523380632376132748 8.75212794627267776093
2666 1020.567000 26.551973493269905191 -0.0709516670053333686763 8.7521245641942861937
2667 1020.574000 26.5520486806496762711 -0.0709506221699660738489 8.75211993068263716111
2668 1020.580000 26.5521132405400202003 -0.0709497077571364931359 8.75211582141911748067
2669 1020.588000 26.5522000310154702163 -0.0709486097425386930126 8.75211033918586522873
2670 1020.596000 26.5522877216008730272 -0.0709475370107044006618 8.75210491676688739915
2671 1020.602000 26.5523535368853593752 -0.0709466830670384129842 8.75210071094478081477
2672 1020.609000 26.5524311128292325179 -0.0709459005923698954321 8.75209584378439409136
2673 1020.615000 26.5524978743997728259 -0.0709451190328869163437 8.75209167903541107592
2674 1020.621000 26.5525646997946864758 -0.0709443951477505135861 8.75208738542317732367
2675 1020.626000 26.5526210978896699544 -0.0709438647630318414139 8.75208393182586519288
2676 1020.634000 26.5527113484799279775 -0.0709430370650995373305 8.75207823853670419112
2677 1020.641000 26.5527910560227446979 -0.0709423994199654406323 8.75207327908191246024
2678 1020.648000 26.5528709711928847526 -0.0709416365967484169319 8.7520683238722689623
2679 1020.655000 26.5529513142489470567 -0.0709410280810678639529 8.75206327998866129292
2680 1020.662000 26.5530323217235419975 -0.0709403350926029879764 8.75205836398116154839
2681 1020.669000 26.5531136766997981624 -0.0709397121881948367061 8.75205335129904860025
2682 1020.676000 26.5531952368679853294 -0.0709390165753397833326 8.75204832878663019358
2683 1020.682000 26.5532657937838898476 -0.0709384065310083300471 8.75204411966590711813
2684 1020.689000 26.5533484457187967109 -0.0709378177713050339648 8.75203915337612947667
2685 1020.696000 26.5534316262954206422 -0.0709371821152134929278 8.75203421352261301536
2686 1020.704000 26.5535267708918780727 -0.0709361908677652447386 8.75202857020836155755
2687 1020.711000 26.5536107074004519291 -0.0709355208109469503874 8.75202364235444107976
2688 1020.720000 26.5537189623140932326 -0.0709344573896394242629 8.75201729129359584647
2689 1020.729000 26.553828331664320217 -0.0709335141367613275509 8.75201105804181800352
2690 1020.738000 26.5539378923771316465 -0.070932354985897658195 8.75200479953704757463
2691 1020.747000 26.5540481358431748049 -0.0709312301897063457456 8.75199856840326440022
2692 1020.755000 26.5541465252609043546 -0.0709302557708527958713 8.75199299794081575499
2693 1020.764000 26.5542576821752298599 -0.0709290905065050464318 8.75198673353598799451
2694 1020.772000 26.5543573294046844069 -0.0709281311005820480631 8.75198128917199724697
2695 1020.780000 26.554457185140257991 -0.0709271594469790822579 8.75197576409367172801
2696 1020.789000 26.5545698300790746771 -0.0709260310507051905393 8.75196950721072930435
2697 1020.797000 26.5546705130516791371 -0.070925134095405920065 8.7519639545799439162
2698 1020.803000 26.5547464432717319482 -0.0709244094438830630089 8.75195985699247103184
2699 1020.808000 26.5548097090304544565 -0.0709238946159443245376 8.75195634767204388993
2700 1020.815000 26.5548989334950924501 -0.0709231691803765829096 8.75195155680466463366
2701 1020.824000 26.5550138014668313247 -0.0709221881922781904883 8.75194532471783581684
2702 1020.833000 26.5551289866791044858 -0.0709211838623688695105 8.75193901604701629537
2703 1020.841000 26.55523190407137335 -0.0709203849761399773843 8.75193340794562679719
2704 1020.850000 26.5553485491821064102 -0.0709195701353328017413 8.75192716851644902931
2705 1020.859000 26.555465267270950136 -0.0709185710967469157273 8.75192086926953649595
2706 1020.868000 26.5555825580124036378 -0.070917621882796891275 8.75191456726108896191
2707 1020.876000 26.5556871238334935015 -0.0709168033773800582376 8.75190891326546704931
2708 1020.885000 26.5558051333890574597 -0.0709157998948213991186 8.75190253812583662807
2709 1020.893000 26.5559107874729107834 -0.0709149626122748399926 8.75189698629370305127
2710 1020.903000 26.5560430621244556448 -0.0709138802183734151541 8.751889928127665641
2711 1020.910000 26.5561357838752201133 -0.0709130267533173014316 8.75188497327994419095
2712 1020.919000 26.5562556837542764754 -0.0709121173416936700917 8.75187863106775765232
2713 1020.928000 26.5563760010366038955 -0.07091109502246530083 8.75187233784741103193
2714 1020.937000 26.5564966607389258968 -0.0709100099607146150404 8.75186607017969109279
2715 1020.946000 26.5566175610236996363 -0.070908902819960428765 8.75185974142547529198
2716 1020.956000 26.5567526348459495011 -0.0709078200184391216343 8.75185277748823153843
2717 1020.965000 26.5568742802955988225 -0.0709067284198088981784 8.75184645111368020309
2718 1020.974000 26.5569965552825628663 -0.0709058065621404748358 8.75184016178297419231
2719 1020.983000 26.5571191949161011792 -0.0709047908116480635199 8.75183391906932506288
2720 1020.991000 26.5572284609963702451 -0.0709038561274896034226 8.75182837184792639107
2721 1021.000000 26.5573516866749983478 -0.0709028381617535924386 8.75182212349375632243
2722 1021.009000 26.5574752039555797012 -0.0709018746000415062136 8.75181580392620261932
2723 1021.018000 26.5575988970698944058 -0.070900874164148891543 8.75180947586153124007
2724 1021.026000 26.557709542293427063 -0.0708999712344448168588 8.75180401638344207527
2725 1021.032000 26.5577923573529730561 -0.0708994065060458006355 8.75179972493032209968
