12792 613.221000 -0.333681603060536180472 0.0085113371355970950799 -0.0408819374437542487621 -0.022097935943330024311 -0.03349237118268299368 0.999194646852957335526 2.99928013496628320667
12793 613.228000 -0.333681989086766161989 0.00850529038586364180552 -0.0408771070782423667778 -0.0220944868580532013946 -0.0334825347104457590741 0.999195052789916049463 2.99929380358036423715
12794 613.235000 -0.333683054306617710161 0.0084997117536273359556 -0.0408713832496993001442 -0.0220856971727452534859 -0.0334765251862739407485 0.999195448469340496978 2.99930771912973748172
12795 613.242562 -0.333684768552053478974 0.00849467208361383632753 -0.040865154693603356062 -0.0220725949138294019747 -0.0334743099225841556077 0.999195812205483924195 2.99932176388137206047
12796 613.251000 -0.333687681162424643055 0.00848924323501609040532 -0.0408576944295438310162 -0.0220526497454753278582 -0.0334762743084738093047 0.999196186790975993119 2.99933909688138600202
12797 613.259000 -0.333690907844461037701 0.00848525213780340972769 -0.0408505630625924306965 -0.0220319123088691566636 -0.0334820437876355569973 0.999196450946367664692 2.99935406151992367541
12798 613.267000 -0.333694414345936718469 0.00848213503109353748888 -0.0408438833308780724352 -0.0220110887211652749007 -0.0334909153299481621158 0.99919661256615099898 2.99936807135365191002
12799 613.274000 -0.333697439779944537985 0.0084803375245465599519 -0.0408392271171253082307 -0.0219949050118636024731 -0.0334999190322763443217 0.999196667117314807349 2.99937833993025648738
12800 613.283000 -0.333701119466168372174 0.0084792234897301411306 -0.0408343238292142723944 -0.0219768989602298209229 -0.0335121862305470530341 0.999196651959033066426 2.99938845101725215514
12801 613.289000 -0.333703315249001264409 0.00847899390730601568156 -0.0408319555364808767228 -0.0219672001265401352355 -0.0335213629352625608337 0.999196557412786012797 2.99939411433611358149
12802 613.296000 -0.333705568363212023986 0.00847943296398592609442 -0.040829771947649848296 -0.0219579321944265437594 -0.0335314272878607377848 0.999196423431240932089 2.99939829558106785257
12803 613.301000 -0.33370694431560138371 0.00848010435091876325908 -0.0408286174542055804726 -0.0219526918817014131402 -0.0335383666130444832443 0.999196305679757812435 2.99940004624153910839
12804 613.308000 -0.333708530652276680328 0.0084814726394442756241 -0.0408274742028864046084 -0.0219471223847738754198 -0.0335475251999656914892 0.999196120574927681979 2.99940086496559610296
12805 613.313000 -0.333709423514653269471 0.0084827042866595352838 -0.0408269296727771444089 -0.0219442763594120543447 -0.033553559834266631634 0.999195980455040655421 2.99940038360575433884
12806 613.319000 -0.333710243728864597301 0.00848439763775842362148 -0.0408264985648389006068 -0.0219419467138498684722 -0.0335601379973293825754 0.999195810695784891742 2.99939878351874256168
12807 613.326000 -0.333710883482572773229 0.00848657791320779099353 -0.0408262030045856358362 -0.0219405125893002671267 -0.0335667834535069223301 0.999195618963526155376 2.99939575359510302022
12808 613.331000 -0.333711155234059697605 0.00848820894717630496096 -0.040826070996213090214 -0.0219402061595886897771 -0.0335707946486381580975 0.999195490932747287793 2.99939300132323172221
12809 613.339000 -0.333711320747078987736 0.00849083115082793250805 -0.0408259079616958286962 -0.0219407456931900377017 -0.033575868403129094375 0.999195308605581145045 2.99938794142056330827
12810 613.347000 -0.33371122407887704453 0.00849332938516820026842 -0.0408257239663115320538 -0.0219423204243209858666 -0.0335792571122606187117 0.99919516014950016114 2.99938254404550042054
12811 613.355000 -0.333711136278780740039 0.00849255609248754719798 -0.0408265942354926053559 -0.0219436238192794903779 -0.0335785842043615778696 0.999195154139824959216 2.99938467346172332739
12812 613.362000 -0.333710597493375005218 0.00849720466335503882283 -0.0408251775910142208903 -0.0219473149823730742658 -0.0335812531422026924743 0.999194983375348955157 2.99937324987881925864
12813 613.371000 -0.333710088756053790959 0.00849879279754467073515 -0.0408247358580849512011 -0.0219511815483601699373 -0.0335800495491435577189 0.999194938888757544504 2.99936912775466257841
12814 613.379000 -0.333709625983111712877 0.00849965162545329375177 -0.0408243253714260581622 -0.0219549284976248842982 -0.0335777836990781564097 0.99919493271159143255 2.99936681038159935753
12815 613.388000 -0.333709126560991220511 0.00850008552753934824853 -0.0408240124101562004699 -0.0219594235164145522299 -0.0335744718305618430887 0.999194945223466302053 2.99936568547091830794
12816 613.396000 -0.333708770280586430879 0.00849969508298344111896 -0.0408236512026072528858 -0.0219630950164904706345 -0.0335705560873425026824 0.999194996094997955893 2.99936677082112534976
12817 613.405000 -0.333708439466575190746 0.00849881511924084620535 -0.0408235288424974029908 -0.0219671302869213040665 -0.0335661626007553656748 0.999195054989373554477 2.99936944505287739204
12818 613.412000 -0.3337082509403971331 0.00849777428975257570487 -0.0408235836084497941134 -0.0219699643944426155351 -0.0335628041067106072659 0.999195105494918522915 2.99937267212501845748
12819 613.420000 -0.333708108703261507877 0.00849628424311067026453 -0.0408238137038543918989 -0.0219727715020146749381 -0.0335592439254683710947 0.999195163348818082838 2.99937738740419312933
12820 613.429000 -0.333708035408967318425 0.00849434100849348269757 -0.0408242699297091116151 -0.0219752757022680343668 -0.0335558079618010624001 0.999195223672451171559 2.9993836827806394929
12821 613.437000 -0.333708037744033680916 0.00849248744580832944095 -0.0408248153710308314679 -0.0219768558566256037856 -0.0335533991122087052461 0.999195269811999242648 2.99938983435217076945
12822 613.445000 -0.333708092937001266076 0.00849061587091199179711 -0.0408254429627230158717 -0.0219777976606788730263 -0.0335516705840824269735 0.999195307140202437779 2.99939619876156493561
12823 613.453000 -0.333708190674769644701 0.00848881347908995650964 -0.0408260949131350470154 -0.0219780997326761151633 -0.0335506399543398850516 0.999195335102598947152 2.99940249628532429327
12824 613.461000 -0.333708321670485863475 0.0084871535298542532394 -0.0408267093130831246195 -0.0219777856278694783132 -0.0335502802335845215498 0.999195354090051446327 2.99940848273976135019
12825 613.470000 -0.333708542663187834876 0.00848553873391053731234 -0.0408272091560173827629 -0.0219766920914835107992 -0.0335505942128177386818 0.999195367599691519622 2.9994147489401195017
12826 613.478000 -0.333708725626419899779 0.00848419930443595170233 -0.040827624479430987825 -0.0219753481029554519066 -0.0335514709070360295229 0.9991953677213121221 2.9994199822090790164
12827 613.486000 -0.333708933379362415739 0.00848323282304464312831 -0.0408277718503528425087 -0.0219734553562506325364 -0.0335526345509777196296 0.999195370272698668579 2.99942407475844596831
12828 613.494000 -0.333709145384583683036 0.00848253814010800459566 -0.0408277008641258348787 -0.0219712754397670337325 -0.0335541029225819784076 0.999195368900702485249 2.99942735808673477393
12829 613.502000 -0.333709369058214633252 0.00848208339108103351323 -0.040827401767612958583 -0.021968889650560947252 -0.0335557398328328870818 0.999195366388271888347 2.99942994021898901025
12830 613.511000 -0.33370963553772814425 0.00848181734613007339008 -0.0408268057176200821479 -0.021966097712987981555 -0.0335576488863899638493 0.999195363656417923082 2.99943213130204711092
12831 613.519000 -0.333709890353282412345 0.00848174234263374994536 -0.040826075335976708125 -0.0219636113400544820407 -0.0335592611158363196555 0.999195364165718302729 2.99943363236178184295
12832 613.527000 -0.333710162679920818718 0.00848177007461004689448 -0.0408251946670208087919 -0.0219612592930278002767 -0.0335607553445909506662 0.999195365677285840533 2.99943484237529256475
12833 613.534000 -0.333710408940769365227 0.00848184177856058270362 -0.0408243437026285793667 -0.0219593785966774208973 -0.0335618944733965529625 0.99919536874977776808 2.99943579451660014001
12834 613.540000 -0.333710631010807834418 0.00848190343073386247841 -0.0408235807524927329926 -0.021957930364303795967 -0.0335627217773937502887 0.99919537278802961211 2.9994366500461309144
12835 613.547000 -0.333710901939670900873 0.00848194808824266101299 -0.0408226849510094427775 -0.021956465589128976168 -0.0335634887167516673956 0.999195379214692924741 2.99943777113148879465
12836 613.547000 -0.333710901939670900873 0.00848194808824266101299 -0.0408226849510094427775 -0.021956465589128976168 -0.0335634887167516673956 0.999195379214692924741 2.99943777113148879465
12837 613.563000 -0.333711525571072087359 0.00848183427643509763039 -0.0408208043658360025807 -0.0219542411224218393662 -0.0335644516421657879146 0.99919539574734783649 2.99944114595745681129
12838 613.572000 -0.333711840004684956451 0.00848150700778030688931 -0.0408200055529064562143 -0.0219536916183966021587 -0.0335645302634498890471 0.999195405179846840582 2.99944372177699714044
12839 613.580000 -0.333712171559499171103 0.00848117461040933176553 -0.0408193524848352584655 -0.0219536265215028759956 -0.0335643479432935071261 0.999195412734514065711 2.99944656551783594978
12840 613.587000 -0.333712412884912490441 0.00848072274921632743294 -0.040818977448528658003 -0.0219538685717832020294 -0.0335640338709594712729 0.999195417966396548515 2.9994493824517243219
12841 613.596000 -0.333712434620774767158 0.00847979530665107956999 -0.0408189926056079649408 -0.0219538527472997943568 -0.0335638538019342250185 0.999195424362778195082 2.99945212689095974667
12842 613.604000 -0.333712707131820107698 0.00847915050093323366398 -0.0408188033944886299875 -0.0219546489595651879434 -0.0335632803489414530129 0.999195426131085029375 2.99945594139047733151
12843 613.612000 -0.333712957575456881099 0.00847834480012181306019 -0.0408187857695306924311 -0.021955638953139646613 -0.0335625278634758966723 0.999195429654065603309 2.99946025121296822036
12844 613.621000 -0.333713328325988267675 0.00847720769611677235633 -0.0408188957680142086581 -0.021957409949282930689 -0.0335611328281910509252 0.999195437595472357728 2.99946688035638064918
12845 613.629000 -0.33371346984368388533 0.00847617896501254297625 -0.0408191757702285329401 -0.0219584193059116743185 -0.0335603082540555583413 0.999195443109844538832 2.99947147734951924392
12846 613.637000 -0.333713453974191553986 0.00847531136359793227375 -0.0408194859179112357062 -0.0219588472175738791403 -0.0335601780434021598754 0.999195438079343190019 2.9994740771442081062
12847 613.645000 -0.333713686437173473465 0.00847407541056636147425 -0.040819829258200213129 -0.0219601455567551701042 -0.0335587556714728521556 0.999195457317990531898 2.99948054417294063256
12848 613.653000 -0.33371377180463507317 0.00847304683750781974239 -0.0408201343869070282233 -0.0219607570310913630118 -0.0335580665394830182646 0.999195467023721417554 2.9994848650612198071
12849 613.661000 -0.333713847795974349886 0.00847205776839475913076 -0.0408203878693486760243 -0.0219611488094865470178 -0.0335574419427131578897 0.999195479389908491896 2.99948899709167005057
12850 613.669000 -0.333713921735106944233 0.00847112139627274364495 -0.0408205689968950541369 -0.0219612989103055399054 -0.0335568827405981345846 0.999195494871201850273 2.9994929038415945044
12851 613.677000 -0.33371400165248304992 0.00847024593418727045346 -0.0408206597588590680559 -0.0219612297918217319603 -0.0335564308691911269977 0.999195511565855620795 2.99949655516191038274
12852 613.685000 -0.333714090067772306547 0.00846943335030013802478 -0.0408206565816359723264 -0.0219609398001128011679 -0.0335560576730100576515 0.99919553047266052026 2.99949999381103848961
12853 613.693000 -0.333714192659880781733 0.00846868230569028032639 -0.0408205605165231702469 -0.0219604475340761731705 -0.0335557523843679345044 0.999195551544352134066 2.99950323678167718455
12854 613.701000 -0.333714314528685107586 0.00846798741596254365971 -0.0408203740508207846283 -0.0219598123437315002893 -0.0335555498998568318969 0.999195572304414469933 2.99950630394737904894
12855 613.708000 -0.333714433409629807059 0.00846742338931730058327 -0.0408201508901021997699 -0.021959161616234817993 -0.0335554228734326609462 0.999195590871425509683 2.99950887553650069606
12856 613.715000 -0.33371457493090211921 0.0084668778904650084105 -0.0408198784903642392097 -0.0219584264337141649159 -0.033555320922667483674 0.999195610451893423409 2.9995114476536071102
12857 613.722000 -0.333714732655190859933 0.00846635487590352391052 -0.0408195681474171762071 -0.0219576695134987426306 -0.0335552719597636966986 0.999195628730051077504 2.99951397852773915531
12858 613.729000 -0.333714763415599746654 0.00846566480959669472039 -0.0408194631784198069813 -0.0219574710265422988476 -0.0335553640068329273038 0.999195630000695889095 2.99951610398206858221
12859 613.736000 -0.333715086369195612637 0.00846534526633204061075 -0.0408188922907894713443 -0.0219561857836637688846 -0.033555257571166792474 0.999195661817627200918 2.99951909968100727255
12860 613.742000 -0.333715252448203936186 0.00846491230430358385095 -0.0408185976875015676946 -0.0219556040522825082761 -0.0335552780574387005119 0.999195673912366078007 2.99952136571467686821
12861 613.749000 -0.333715453019405028368 0.00846440209155038987554 -0.0408182643841447714839 -0.02195498449935818705 -0.0335553025704940985352 0.999195686702577634541 2.99952408199198172767
12862 613.754000 -0.333715599809691454425 0.00846403158059818097603 -0.0408180356640573255289 -0.0219546006781353095216 -0.033555335721129835036 0.999195694022800395828 2.99952606114674447113
12863 613.760000 -0.333715790052189875681 0.00846355993538987910751 -0.0408177746150673106951 -0.0219541478749243276769 -0.0335553223380834209078 0.999195704421247610227 2.9995285797114026316
12864 613.765000 -0.333715940868235028116 0.00846316621524407369792 -0.0408175768672947025806 -0.0219538578432282964481 -0.0335553316899126971573 0.999195710479673371296 2.99953069886861944937
12865 613.771000 -0.333716125816457598319 0.00846277409700931827763 -0.0408173552645146389684 -0.0219535641107181621334 -0.033555316684084388057 0.999195717437313501996 2.99953300630368646651
12866 613.776000 -0.333716282953185172655 0.00846234765481690756617 -0.0408171885791292210488 -0.021953347610496918435 -0.0335552817948952947225 0.999195723365726817811 2.99953526830780159429
12867 613.781000 -0.333716436467291654999 0.0084618164926261660308 -0.0408170453635077062904 -0.0219532014624628894761 -0.0335552676716556960712 0.999195727051027882126 2.99953785147083129559
12868 613.788000 -0.333716643787113131925 0.00846119276567628732233 -0.040816868757082187813 -0.0219530607026274665605 -0.033555194374292725279 0.999195732605123843051 2.99954111334126150012
12869 613.794000 -0.333716826959080226089 0.00846062827113474962004 -0.0408167393023758720561 -0.021952959597456925267 -0.033555073351994771369 0.999195738890661266929 2.99954401943137938247
12870 613.800000 -0.333716997944721260883 0.00846005864218502857954 -0.0408166335267197352699 -0.0219529334657600667946 -0.0335549518016992134872 0.999195743546695380743 2.9995469258539220192
12871 613.806000 -0.333717162565630165449 0.00845947725790145883817 -0.0408165462058111272459 -0.0219529484599523226629 -0.0335548086482298640876 0.999195748024627738992 2.9995498563794003033
12872 613.812000 -0.33371731565652801299 0.00845889510414712768316 -0.0408164764270596419626 -0.0219530080021260627643 -0.0335546529632592613335 0.99919575194461962564 2.99955276035471918306
12873 613.818000 -0.333717466586890165736 0.00845840045536165423268 -0.0408164038140404750177 -0.0219530516095974223556 -0.0335544540453843950778 0.999195757666505812722 2.99955539290438144562
12874 613.825000 -0.333717639895786566395 0.008457691686626479452 -0.040816345247278007502 -0.0219531191690016842799 -0.0335541892134040148354 0.999195765075584496628 2.99955883796278932607
12875 613.830000 -0.333717759341928821293 0.00845708140229592918169 -0.0408163207751886664143 -0.0219531724495001176467 -0.0335539720076682701499 0.999195771198973181626 2.99956159696123458858
12876 613.834000 -0.333717842205964121405 0.00845668745607334668146 -0.040816295228718574295 -0.0219532432520180530167 -0.0335538265482106801141 0.999195774528040314699 2.99956348383526538726
12877 613.839000 -0.333717953839914871494 0.00845618002839078862498 -0.0408162611457038651541 -0.0219532727295970592207 -0.0335535864844859477163 0.999195781941901506329 2.99956589818686536475
12878 613.843000 -0.333718038458907351185 0.00845578005418987262154 -0.0408162321074101025475 -0.0219533103933180831491 -0.0335534167734490712531 0.999195786813376285451 2.99956778178462135642
12879 613.847000 -0.333718120910776516741 0.0084553822402828621857 -0.0408162035405586695602 -0.0219533292331039082967 -0.0335532256494032107841 0.999195792817455297197 2.99956964838473272295
12880 613.851000 -0.333718200206838400135 0.0084549865524482861745 -0.040816173753695075832 -0.0219533351427930525923 -0.0335530243394242949639 0.99919579944762870749 2.99957150911745662469
12881 613.855000 -0.333718279188952693382 0.00845459411748920863783 -0.0408161403870116804016 -0.0219533342360964736639 -0.0335528292083242946076 0.999195806020038879147 2.99957333676448634208
12882 613.859000 -0.333718357011338562224 0.00845420498335763305475 -0.0408161029278486658933 -0.0219533309176246291261 -0.0335526481162881015652 0.999195812173973130221 2.99957514049037188286
12883 613.864000 -0.333718452756400274506 0.00845382177469412333937 -0.0408160473807809426328 -0.0219532817915535742592 -0.0335523906233387708697 0.999195821899811265077 2.99957707881101187652
12884 613.868000 -0.333718530667542423451 0.00845333837037967952832 -0.040816008718213989126 -0.021953239688058383966 -0.0335521894802114292733 0.999195829579108463214 2.99957915401448493853
12885 613.872000 -0.333718605713303917426 0.00845296088004511211866 -0.0408159607710503469225 -0.021953186167376056992 -0.0335519967996536147559 0.999195837225043903551 2.99958089905812341769
12886 613.876000 -0.333718673543860755437 0.00845259593463842939798 -0.0408159114696824559809 -0.0219531497355324942133 -0.0335518324518345456564 0.999195843544103845524 2.99958258853349146733
12887 613.880000 -0.333718754170054310304 0.0084522170316441609661 -0.0408158544619627583483 -0.0219530495543485450194 -0.0335516264461976909672 0.999195852662569383718 2.99958433928593537487
12888 613.888000 -0.333718905210719896104 0.00845148695485860648735 -0.040815731098339691485 -0.0219528524680509054545 -0.0335512636525332474946 0.999195869174725026518 2.99958772550137098278
12889 613.896000 -0.333719057247846395686 0.00845076931333633811494 -0.0408155944985953839099 -0.0219526263003942921637 -0.0335509325425941626331 0.999195885261762728469 2.99959106934533581423
12890 613.903000 -0.333719191392702008159 0.00845015310770428837439 -0.0408154650483521508342 -0.0219523997374399225391 -0.033550660913470448099 0.99919589936009900466 2.99959396668931121965
12891 613.910000 -0.333719335648297921182 0.00844953540772554710647 -0.0408153236284988368832 -0.0219521350580246590867 -0.033550401283681634268 0.999195913892815146262 2.99959687753881620864
12892 613.918000 -0.333719495105854691008 0.00844884702660514581851 -0.0408151577670816945176 -0.0219518555557041937509 -0.0335501613895356348705 0.999195928088379203835 2.99960015794933188005
12893 613.926000 -0.33371967076110942152 0.00844824254544949623802 -0.0408149806219833266585 -0.0219515179803036648842 -0.0335498978184083362919 0.999195944354626996997 2.9996032313788982826
12894 613.933000 -0.333719825762373467626 0.00844753802940370612795 -0.04081482737329586441 -0.0219512390487290424967 -0.0335497130679872287984 0.999195956685814956622 2.99960647185070694576
12895 613.940000 -0.333719989100142278016 0.00844692359841770976092 -0.0408146679642024251544 -0.0219509493405594356685 -0.0335495308651645104958 0.999195969168098385715 2.99960945800444145348
12896 613.948000 -0.333720170051731157557 0.0084462302133129600612 -0.0408144898580435483426 -0.0219506683147854195215 -0.0335493693302235940212 0.999195980765574587323 2.99961285932198240545
12897 613.955000 -0.333720341890986982314 0.00844560617967895360669 -0.0408143322397161306681 -0.0219503982962757047959 -0.0335492084975132845437 0.999195992097559049228 2.99961592613937622076
12898 613.963000 -0.33372053628842807127 0.00844489225452160936769 -0.0408141576108893150421 -0.0219501134823015427167 -0.0335490276874334664159 0.999196004425228823109 2.99961945742424518357
12899 613.971000 -0.333720734855220246828 0.00844417206229423900066 -0.0408139847568268418487 -0.0219498602647698777546 -0.0335488706848657280979 0.999196015259332104286 2.9996230104064514066
12900 613.978000 -0.333720905322285099626 0.00844354123702414048613 -0.0408138390873387935098 -0.0219496607373813774899 -0.0335487288519746434945 0.999196024404586324863 2.99962613427405511146
12901 613.986000 -0.33372111103341367544 0.00844280054336082712296 -0.040813674380518374929 -0.021949416851280892371 -0.0335485323690017447906 0.999196036359119355019 2.9996297882128679646
12902 613.993000 -0.333721282404644992159 0.00844215974908022089018 -0.0408135377817724492866 -0.0219492454401229129812 -0.0335483716349317950822 0.999196045521224873731 2.9996329560462799968
12903 614.000563 -0.333721478983567632071 0.00844151976793808440924 -0.0408133783028866159448 -0.021949062467173482277 -0.0335481787181521329266 0.999196056017790268378 2.99963627977258262547
12904 614.008000 -0.333721648523811809106 0.00844077638274793283502 -0.040813254193617698462 -0.0219489221980001883439 -0.0335480074709914519171 0.999196064848672294012 2.99963974312099956876
12905 614.015000 -0.333721820215671149956 0.00844012165700380213862 -0.0408131267870830288791 -0.0219487646362970592606 -0.0335477984243606752734 0.999196075328470656451 2.99964294976159262518
12906 614.024000 -0.333722028987180951987 0.0084393932680920120265 -0.0408129620423661326756 -0.0219486036113265767233 -0.0335475452936995419129 0.999196087364377039108 2.99964667251325378672
12907 614.031000 -0.333722196870301135441 0.00843864045727287480358 -0.0408128460083605204556 -0.0219484592417504044415 -0.03354731514380688423 0.999196098262776222221 2.99965014850665623314
12908 614.038000 -0.333722360336267787062 0.00843799219290708099606 -0.0408127245449105002795 -0.0219483223221794837565 -0.0335470854583495570189 0.999196108981861508269 2.99965327332968989538
12909 614.045000 -0.333722515068140768157 0.00843735397039064791147 -0.0408126080084274603377 -0.0219481985121833013397 -0.0335468529453227734538 0.999196119507844593421 2.99965635894020588026
12910 614.053000 -0.333722530941864825582 0.00843656258902924886811 -0.0408126443373434122375 -0.0219482107389968074396 -0.0335468766765827652865 0.999196118442522207559 2.99965877283908266548
12911 614.060000 -0.33372284198349638773 0.00843599509133946198758 -0.0408123570844751287767 -0.0219479263432404425593 -0.0335463497689315118255 0.999196142379669027811 2.99966288470127651067
12912 614.068000 -0.333722858086133167266 0.00843520593592188977494 -0.0408123909858389075089 -0.0219479352975248433177 -0.0335463686420783280262 0.999196141549348326727 2.99966528976119528593
12913 614.074000 -0.333723032842825118038 0.00843467208735081477866 -0.040812245966432750266 -0.0219477434525848918989 -0.0335460596338305674924 0.999196156137713953349 2.99966819336487500181
12914 614.082000 -0.333723311878145967313 0.00843402152800768606378 -0.0408119870341439455741 -0.0219474644252868576755 -0.0335455787154763165892 0.99919617841239993794 2.99967235193448056307
12915 614.089000 -0.333723326102362771728 0.00843333481943629378885 -0.0408120147850231929088 -0.0219474695331315222679 -0.033545596191641664785 0.999196177713485789162 2.99967444508945701998
12916 614.096000 -0.33372360845519671857 0.00843277848682370302635 -0.0408117471704311993164 -0.0219471376279251721708 -0.033545097100442379523 0.999196201759425584044 2.99967831581228239202
12917 614.103000 -0.333723622811345876915 0.0084320908038298877929 -0.040811774051054516832 -0.021947141282322200212 -0.0335451163732113921689 0.999196201032130359998 2.99968041258992279552
12918 614.110000 -0.333723912095504060549 0.00843153140472328518906 -0.0408114999983085618984 -0.0219467687522777732401 -0.0335446193371040299325 0.999196225901030188332 2.99968431528618850734
12919 614.117000 -0.333724059927422656013 0.00843091640900360192457 -0.0408113760261116439998 -0.0219466035298057429714 -0.0335444130976419174761 0.999196236453800956667 2.99968728434966047658
12920 614.124000 -0.333724200489507571987 0.00843097776339845825233 -0.0408112225338627537807 -0.0219463965229429215642 -0.0335441509059538067739 0.999196249802638325477 2.99968820192723972795
12921 614.131000 -0.333724364862240385765 0.00842967756989787715682 -0.0408111233566997716471 -0.0219462325219989470848 -0.0335439838882812396692 0.999196259011708498576 2.99969327092316362382
12922 614.137000 -0.333724496777902890354 0.008429145224327330016 -0.0408110132757319443719 -0.0219460745775116351786 -0.0335438103303626264373 0.999196268307262602804 2.99969585263596982827
12923 614.137000 -0.333724496777902890354 0.008429145224327330016 -0.0408110132757319443719 -0.0219460745775116351786 -0.0335438103303626264373 0.999196268307262602804 2.99969585263596982827
12924 614.149000 -0.33372476361902270181 0.00842807780417219321034 -0.0408107935508206648434 -0.021945746590442419266 -0.0335434532118654427091 0.999196287499714230762 2.99970103802643972557
12925 614.155000 -0.333724899798685803454 0.00842754293049021753481 -0.0408106810198495123521 -0.0219455915264820562716 -0.0335432943086006879474 0.999196296239872716605 2.99970362707443083394
12926 614.162000 -0.333725060385821670206 0.00842691355117729246071 -0.0408105508375243147823 -0.0219453952842343195939 -0.0335430859331256256417 0.999196307545169748465 2.99970668500527448685
12927 614.168000 -0.333725072541947165305 0.00842632650337241627392 -0.0408105747057608062023 -0.0219453990185688348202 -0.0335431168656863606947 0.999196306424743885266 2.99970848076631524393
12928 614.174000 -0.333725328070059945595 0.00842584727338420089171 -0.0408103295004218769026 -0.0219451055232209174539 -0.0335427734873687127815 0.999196324397938262507 2.99971187320233445561
12929 614.181000 -0.333725492297216486115 0.00842521418253532050624 -0.0408101984878203802309 -0.0219449157070465729336 -0.0335425721893150910469 0.99919633532431217926 2.99971494691594875448
12930 614.188000 -0.333725648961987586549 0.00842459058866903282015 -0.0408100707824899516796 -0.0219447498492429671213 -0.0335423818829256870089 0.999196345355443216185 2.99971797895604241901
12931 614.194000 -0.333725786045108718803 0.00842405163452784530587 -0.0408099602352284956952 -0.0219446024585208052105 -0.0335422152737564552294 0.99919635418543562011 2.99972059963854897902
12932 614.201000 -0.333725948864273980199 0.00842341799108026374754 -0.0408098322369968707912 -0.0219444160526391339461 -0.0335419994223372930353 0.999196365525246044115 2.99972368141170120381
12933 614.207000 -0.333726086631254803549 0.00842288001884835407784 -0.0408097216841666818321 -0.0219442762169644797754 -0.0335418370710348912045 0.999196374046270263669 2.99972628266576535339
12934 614.214000 -0.333726241718342198084 0.00842225784259134115095 -0.0408095965968420168468 -0.0219441200523781548837 -0.0335416389267380807282 0.999196384127382097873 2.99972930139498039637
12935 614.219000 -0.333726357921380945015 0.00842180536620722522412 -0.0408095050536458475721 -0.0219439952926251957699 -0.0335414900632761969757 0.999196391864448418829 2.99973149564555718882
12936 614.225563 -0.333726492395938101332 0.00842126930246275134939 -0.040809398950666167516 -0.0219438472339668622091 -0.0335412984729394555994 0.999196401547424284395 2.99973409751060238193
12937 614.232000 -0.333726652383927568923 0.00842064163793450858042 -0.0408092724227702152717 -0.0219436740326754940733 -0.0335410826281374377378 0.99919641259668279254 2.99973712942024395289
12938 614.237000 -0.333726759815343054782 0.00842020049179441690268 -0.0408091858679266797361 -0.0219435714653038460575 -0.0335409393762245572335 0.999196419657870538167 2.99973927295049103137
12939 614.244000 -0.333726917832852965073 0.00841957555451903170984 -0.0408090604890041785957 -0.0219434037192518700821 -0.0335407238231292190167 0.999196430577408700735 2.99974228645088381029
12940 614.250000 -0.333727044087671842476 0.00841905300206033206656 -0.0408089570767377618488 -0.0219432882502933156166 -0.0335405583133272441887 0.99919643866899121587 2.99974481526221659067
12941 614.256000 -0.333727175216754379239 0.00841852263056595134794 -0.040808851719164110361 -0.0219431520892207562734 -0.0335403763558125359023 0.999196447767054296563 2.99974738213424529931
12942 614.265000 -0.333727375224295907952 0.00841772421396277947814 -0.0408086934923205801873 -0.021942935168215934455 -0.0335400920857086559668 0.999196462072942770405 2.99975123794415354794
12943 614.270000 -0.333727485956825886682 0.00841728041532735157815 -0.0408086054214967450249 -0.0219428075673516360944 -0.0335399255313742830631 0.999196470465850028475 2.99975338297830962375
12944 614.277000 -0.333727634662293104473 0.00841666898207195195158 -0.0408084851339334878095 -0.0219426519524229084179 -0.0335397119856253103642 0.999196481051257578976 2.99975634685856729078
12945 614.283000 -0.333727764130717696744 0.00841614247493796714672 -0.0408083806443315030843 -0.0219425134776574728979 -0.0335395291451289212503 0.99919649022952716777 2.99975889413911644965
12946 614.288000 -0.333727875985049882157 0.0084157005435697464224 -0.0408082911481579407864 -0.0219423835490835522632 -0.0335393682893383587862 0.999196498482123884877 2.99976102237258546168
12947 614.295000 -0.333728024195184158618 0.0084150912638529147547 -0.0408081702775029836472 -0.0219422376225328757959 -0.0335391728251000983962 0.999196508247664261226 2.99976396924061239346
12948 614.301000 -0.3337281537404148124 0.00841456596468835582581 -0.0408080654486629793021 -0.0219420959698252635017 -0.0335389909896853383175 0.999196517461827804496 2.99976651069947397588
12949 614.307000 -0.333728283117750990083 0.00841404063760495257718 -0.0408079600598970637648 -0.0219419556358173041544 -0.0335388132136145294959 0.999196526510725102632 2.9997690555416345326
12950 614.313437 -0.333728412535245377857 0.0084135153971081778207 -0.0408078562278474249458 -0.0219418044209958029711 -0.0335386195908130360643 0.999196536330412610205 2.99977160303802925512
12951 614.319000 -0.333728542351365564667 0.00841299015002646734251 -0.0408077510311359026307 -0.0219416619247625940825 -0.033538442102838100789 0.999196545417013526347 2.99977414773438200157
12952 614.325000 -0.333728673701505273996 0.00841246511463886875726 -0.0408076442273432524188 -0.0219415226233253476962 -0.0335382743584531767267 0.999196554106361656267 2.99977668145966136493
12953 614.331312 -0.333728804141448620602 0.00841193964443703867673 -0.0408075389858390952247 -0.0219413790647665120359 -0.0335380973656323883025 0.999196563199568621449 2.99977922657241968807
12954 614.337000 -0.333728934915649366744 0.00841141398313420551869 -0.0408074332947914453218 -0.0219412346506190833462 -0.0335379213339315959685 0.99919657227925151588 2.9997817730994658092
12955 614.343000 -0.333729065659861656723 0.0084108879676843915224 -0.0408073270942784227522 -0.0219410921507650694129 -0.0335377491154564277842 0.999196581188857124722 2.99978432424263674605
12956 614.351000 -0.333729241137328991318 0.0084101866923949088195 -0.0408071859883445409167 -0.0219408968308013561932 -0.0335375137230833966773 0.999196593378667397012 2.99978771980979397327
12957 614.359000 -0.333729415676218499343 0.00840948482428882301831 -0.0408070460563739467741 -0.0219406989471863239638 -0.0335372707458797963964 0.999196605879256738447 2.99979112833577232777
12958 614.366000 -0.333729572803609708664 0.00840886715777139186201 -0.0408069206297876144185 -0.0219405196593321499821 -0.0335370618344192350513 0.999196616828035844016 2.99979411423947484039
12959 614.374000 -0.333729742122567341056 0.0084081744395864271846 -0.0408067817674083385682 -0.0219403552573321364294 -0.0335368530926067956455 0.999196627444181806332 2.99979747139185404237
12960 614.380000 -0.333729873621057493427 0.0084076482990389691391 -0.0408066758182209221584 -0.0219402133003654548071 -0.0335366818418084480791 0.999196636309078067839 2.99980002290302572021
12961 614.386000 -0.33373001212511604896 0.00840711365125186571579 -0.0408065679590907670615 -0.0219400417824931574795 -0.0335364833839182224784 0.999196646736177807036 2.99980260907604323606
12962 614.394000 -0.33373018106692770024 0.00840642193052070288428 -0.040806429864311252742 -0.0219398801039017710135 -0.0335362747102490796336 0.99919665729003781518 2.99980596091482176746
12963 614.402000 -0.333730362601880603535 0.00840571311833304343764 -0.0408062873428638589468 -0.0219396644610151334009 -0.0335360200934361613045 0.999196670570729472693 2.99980939278412739313
12964 614.410000 -0.333730531053783974205 0.00840502301514524201298 -0.0408061494966480212132 -0.021939503416140485742 -0.0335358099823592076261 0.999196681158759814068 2.99981273522903180151
12965 614.418000 -0.333730711824019032896 0.00840431609120661192447 -0.0408060075104275873925 -0.021939289088886659157 -0.0335355543855713339463 0.999196694443254651574 2.99981615708282811639
12966 614.426000 -0.333730879134556290833 0.00840362797049602761046 -0.0408058699737992303103 -0.0219391303949795259121 -0.0335353455721552826119 0.999196704935954027604 2.99981949195137875819
12967 614.434000 -0.333731058663997159908 0.00840292338581412508181 -0.0408057289240761345006 -0.0219389211353319540931 -0.0335350917710809104388 0.999196718048714904725 2.99982289866809459511
12968 614.443000 -0.333731250141341917459 0.00840214545349501906735 -0.0408055744300236528099 -0.0219387191598206972298 -0.0335348310667086049741 0.999196731233120916116 2.99982667418168036377
12969 614.451000 -0.33373142339825839775 0.00840145206503576866264 -0.0408054342190133645385 -0.0219385405796403004652 -0.0335346094005316147646 0.999196742593564057877 2.999830024209356516
12970 614.460000 -0.333731619574653248783 0.00840066934056933958819 -0.0408052778685298184191 -0.021938317280961024125 -0.0335343302458434577851 0.99919675686515441182 2.99983381078576405443
12971 614.467000 -0.333731767068919160657 0.00840006778428364388189 -0.0408051584921330437461 -0.0219381611521093228268 -0.0335341270294546647812 0.999196767113283090822 2.99983673130432748621
12972 614.474000 -0.333731920762104172784 0.0083994595685251503131 -0.0408050355562525890463 -0.021937987422189067499 -0.0335339158978396889577 0.999196778013430431109 2.99983966932713919107
12973 614.481000 -0.333732068043418650394 0.00839885948240800747633 -0.0408049156223188880244 -0.0219378426194199310784 -0.0335337287752952226128 0.999196787472633185523 2.99984257459599401585
12974 614.488438 -0.33373221413132769797 0.00839826080865951896115 -0.0408047957186576243371 -0.021937690645125008243 -0.0335335320098308145575 0.99919679741285427621 2.99984547781645094489
12975 614.496000 -0.333732391457658206235 0.00839756271956498823172 -0.0408046558696245759146 -0.0219374820642936063653 -0.0335332794192309685544 0.999196810469324181447 2.99984885463344186363
12976 614.503000 -0.333732538402166212244 0.00839696345009397285275 -0.0408045369025094722959 -0.0219373258193214584755 -0.0335330778924204445102 0.999196820662955231818 2.99985176524442787027
12977 614.511000 -0.333732710376107744032 0.00839627502851714689613 -0.0408043981002109354406 -0.0219371463260305543663 -0.0335328570916066798224 0.999196832013765079417 2.99985509230524050039
12978 614.519000 -0.333732880878376214628 0.00839558639312803188515 -0.0408042612206037935696 -0.0219369543856393033054 -0.0335326147805894494991 0.999196844359638181032 2.99985843555399700477
12979 614.528000 -0.333733070698215228411 0.00839481747909627887272 -0.040804106563868472457 -0.0219367611186251192101 -0.0335323715012856779505 0.999196856767035734848 2.99986215437643721771
12980 614.536000 -0.333733248340466637227 0.00839412069200831667537 -0.0408039667520415649804 -0.021936548650118979642 -0.0335321187455556585233 0.999196869913909879735 2.99986552894629765476
12981 614.544000 -0.333733413000069922827 0.00839344189897927445143 -0.0408038311985153834272 -0.0219363913390136847092 -0.0335319136068416082108 0.999196880251777441728 2.99986882059650605825
12982 614.553000 -0.33373360955228464908 0.00839266379798014189317 -0.0408036756514482332192 -0.0219361724695237084171 -0.0335316480108481945743 0.999196893969884203379 2.99987258570432357985
12983 614.560000 -0.333733755519560082448 0.0083920676312063610669 -0.0408035564723930183062 -0.0219360210131487078089 -0.0335314546996575563176 0.999196903782150314122 2.9998754773540210472
12984 614.567312 -0.333733909270544693015 0.00839146196753302181515 -0.040803435107653093783 -0.0219358481367213260793 -0.0335312471811048257164 0.999196914541374270335 2.99987840716952280928
12985 614.574000 -0.333734055255382522365 0.00839086658796540235672 -0.0408033166950206582779 -0.0219356966138933538735 -0.0335310518364898210719 0.999196924423210064425 2.99988129224643529369
12986 614.582000 -0.333734230681120624951 0.00839026386290937439827 -0.0408031736759536661774 -0.0219354844665801546055 -0.0335307961682960453675 0.999196937660207562537 2.99988437462460444394
12987 614.589000 -0.333734379227736965845 0.00838957651623246231098 -0.0408030587795238652848 -0.0219353416751547868058 -0.0335306174334292078631 0.999196946792836770967 2.99988753876387859165
12988 614.597000 -0.333734548900149030626 0.00838889175013540072667 -0.0408029230380577839776 -0.0219351524102789074977 -0.0335303789214094899451 0.999196958951599545351 2.99989086408212690671
12989 614.604000 -0.333734701139966172256 0.00838828987232904423055 -0.040802801651277684214 -0.0219349844589648151905 -0.0335301759781843136676 0.999196969448795435653 2.99989376955542397241
12990 614.611000 -0.333734847195824746446 0.00838769567730915550918 -0.0408026839605345192918 -0.0219348300944259208545 -0.0335299775745240072333 0.999196979495324710818 2.99989665511805325693
12991 614.618000 -0.33373499946434148633 0.00838709479602258063669 -0.040802562709383538575 -0.0219346582945902576767 -0.033529771093831615969 0.999196990195574286098 2.99989955810887032328
12992 614.625000 -0.333735145292276713658 0.00838650210201373827457 -0.0408024444715900796998 -0.0219345155992168236447 -0.0335295884058252127713 0.999196999458446977194 2.99990242787386041101
12993 614.633000 -0.333735313964986402002 0.0083858206488819381913 -0.0408023093127451580431 -0.021934327314128650166 -0.033529350238769795034 0.999197011583722871642 2.99990573725645193193
12994 614.641000 -0.333735484007772087445 0.0083851403813439504692 -0.0408021718830995638871 -0.0219341518362190235347 -0.0335291347446401988286 0.999197022666951872871 2.99990902561004091353
12995 614.648000 -0.33373563528510807874 0.00838454183878511831451 -0.0408020520640330619511 -0.0219339715810863353229 -0.0335289144621856508022 0.999197034015647744809 2.99991192220175362237
12996 614.655000 -0.333735648483319990998 0.0083838903224391601865 -0.0408020801913724084908 -0.0219339784635056642137 -0.03352894390258806534 0.99919703287666916669 2.99991391325584721983
12997 614.661000 -0.333735829640479098046 0.0083834109004360130718 -0.0408019165292371616127 -0.0219337911819171629824 -0.033528695377586355264 0.9991970453272291941 2.99991673986185825029
