21826 1171.970000 26.8938819644539073295 -0.0669687220592095483473 9.99214622047872325084
21827 1171.977000 26.8937824898587507505 -0.066268586610357865796 9.99160137633761635811
21828 1171.985000 26.8937087300560335734 -0.0655957587785260531899 9.99087576005635291665
21829 1171.993000 26.893671845544552923 -0.0650877010982523901417 9.99011603699426764535
21830 1172.003000 26.8936706871713724354 -0.0646956981947134357469 9.98921823247346019059
21831 1172.012000 26.8937072130956700278 -0.0645572876587543892368 9.98853303584013474392
21832 1172.021000 26.8937752763696913405 -0.0645872723420850003428 9.98801027721517087343
21833 1172.031000 26.8938834938553270604 -0.0647657367476894008096 9.98764285378873850618
21834 1172.040000 26.8940060092662243107 -0.065007829817223139468 9.98750060347257040405
21835 1172.050000 26.8941645765430479287 -0.0653153080753656883894 9.9875243696974180807
21836 1172.059000 26.8943222073641727832 -0.0655891993780667453828 9.98767091056022415785
21837 1172.068000 26.8944887333163116239 -0.0658337935345331137782 9.98789202740330317454
21838 1172.078000 26.8946781940310160053 -0.0660511260065325400692 9.98817173538445324255
21839 1172.087000 26.8948478340971703915 -0.0661887237883827389551 9.98841017302966882596
21840 1172.097000 26.8950308052550752791 -0.0662758852912122414791 9.98862024904768830424
21841 1172.106000 26.8951866881687315924 -0.0663004768582952236367 9.98873695565971786436
21842 1172.115000 26.8953346187569444226 -0.0662817803520148046692 9.98877744439978521029
21843 1172.125000 26.89548784439650575 -0.066223597293408667519 9.98873631053768384902
21844 1172.134000 26.8956170149851487849 -0.0661501138147383427324 9.98863624340885714048
21845 1172.144000 26.8957524052656218316 -0.0660580928281587764772 9.98848030305733125545
21846 1172.153000 26.8958685566335624628 -0.0659759616053746111852 9.98832514238331370393
21847 1172.163000 26.8959945156798596599 -0.0658949454935093270613 9.98816508070658670704
21848 1172.172000 26.8961067502250443795 -0.0658364216177064059954 9.98805319929991775041
21849 1172.182000 26.8962325543548743667 -0.0657910473177674565148 9.98798140558633917863
21850 1172.191000 26.896348249792129792 -0.0657688110314742918616 9.98797072973349209235
21851 1172.200000 26.896467848112823873 -0.0657635087333448276059 9.98801023348310224037
21852 1172.209000 26.8965915592779829524 -0.0657730151447318001079 9.98809237620356604737
21853 1172.218000 26.8967195834772176966 -0.0657946710967891174038 9.98820488573467102356
21854 1172.227000 26.8968515925993649773 -0.0658248898675193871988 9.98833276521240875923
21855 1172.235000 26.8969721025573598183 -0.0658562082560505690498 9.98844643791856690029
21856 1172.244000 26.8971103182355939509 -0.0658934073393531577478 9.98856050535033901383
21857 1172.253000 26.8972507496890216316 -0.0659297397273063828793 9.98864794699062308325
21858 1172.262000 26.8973926446476205854 -0.0659624240423470620254 9.98869994629288804333
21859 1172.271000 26.8975356370632745495 -0.0659896047508078259503 9.98871207190474486026
21860 1172.279000 26.8976629158164186606 -0.0660076469411658428577 9.98868932786162311288
21861 1172.288000 26.8978067233739892572 -0.0660207260740029444612 9.98862985149111537453
21862 1172.297000 26.897949491877170658 -0.0660252975437688183202 9.98854130971111331405
21863 1172.305000 26.8980767456774643165 -0.0660229268423776771701 9.98844626320469330949
21864 1172.314000 26.8982200184503632556 -0.0660135428195490758796 9.98833070218632457227
21865 1172.322000 26.8983473574036722198 -0.0660001393729808816246 9.98822872565113861754
21866 1172.331000 26.8984912164941682988 -0.0659810329780846638315 9.9881238016781175304
21867 1172.339000 26.8986200614664774378 -0.0659616784888295143441 9.98804572169204973875
21868 1172.348000 26.8987660626679812026 -0.0659390311672415352362 9.98798004602210909297
21869 1172.357000 26.8989136849977477084 -0.065917137379717133383 9.98794091560727892443
21870 1172.366000 26.899063162986422526 -0.0658976337973049552943 9.98792866775072774033
21871 1172.375000 26.8992146424906728441 -0.0658818512613323775673 9.98794108989887696737
21872 1172.383000 26.8993510582929111763 -0.0658717656080392705009 9.98796940494005269784
21873 1172.392000 26.8995063478422906655 -0.0658652394473788066476 9.98801554618647990935
21874 1172.402000 26.8996810043084479958 -0.0658640821703452977731 9.98807699291636374994
21875 1172.410000 26.8998222743533368373 -0.0658675810034899666956 9.98812803974916540994
21876 1172.419000 26.899982448621905462 -0.0658753919129811127409 9.98818182037044088872
21877 1172.428000 26.9001437462533807832 -0.0658863676672491599406 9.9882269279854494215
21878 1172.437000 26.9003060701501048868 -0.0658993496872178341484 9.98825976469312948325
21879 1172.446000 26.9004686779527126816 -0.0659127878254953808446 9.98827805795245460274
21880 1172.455000 26.9006319825922517452 -0.0659257928102901930023 9.98828128209630605738
21881 1172.465000 26.9008138047666847115 -0.0659381625659511416693 9.98826819982800273579
21882 1172.474000 26.9009781784603703159 -0.0659465705841270760645 9.98824375140755904567
21883 1172.483000 26.9011427871205626161 -0.0659517589262900855163 9.98821004160301484376
21884 1172.492000 26.9013080984251793382 -0.065953552371153648104 9.98817047010977709931
21885 1172.501000 26.9014739641197628828 -0.0659520388360682746631 9.9881282861841391707
21886 1172.510000 26.9016409219808458886 -0.0659476412653941662656 9.98808675823441838304
21887 1172.519000 26.901808584361461385 -0.0659407376426107832978 9.98804838139772144245
21888 1172.528000 26.9019776165498747389 -0.0659324601200998589023 9.98801522526230556309
21889 1172.537000 26.9021481275365310637 -0.0659234249690573842484 9.98798865752794995387
21890 1172.546000 26.9023200399677371308 -0.0659144867806084749917 9.98796918613738249348
21891 1172.555000 26.9024934160542272821 -0.0659063459855124267328 9.98795672276491863784
21892 1172.562000 26.9026293179179063486 -0.0659009632354812802113 9.98795146312347270623
21893 1172.568000 26.9027463326351572448 -0.0658971558673627499925 9.98794959674518167958
21894 1172.573000 26.9028444858208253265 -0.0658945669154951396695 9.98794972242609802038
21895 1172.579000 26.902962947031646479 -0.0658924269503185916497 9.98795144003854851178
21896 1172.585000 26.9030814944084717411 -0.0658909336946025270265 9.98795434142169646918
21897 1172.591000 26.9032006108133998623 -0.0658903915673268586461 9.98795809739454476528
21898 1172.597000 26.9033206244357110393 -0.0658906921713713483735 9.98796241152578367917
21899 1172.602000 26.9034205137181956502 -0.065891336977893261162 9.98796590566722919391
21900 1172.608000 26.9035408741252872744 -0.0658926548780270626704 9.98796992537207906082
21901 1172.614000 26.9036614484522118573 -0.0658945151026309461351 9.98797326004147834055
21902 1172.620000 26.9037825289827274844 -0.0658966152499599888692 9.98797587328306413212
21903 1172.628000 26.903944123449825554 -0.0658998177905691928657 9.98797750006869478057
21904 1172.637000 26.904126392421300551 -0.0659032511063229742287 9.98797680889207661892
21905 1172.646000 26.9043091344737703707 -0.0659064260066397622495 9.98797312235613254927
21906 1172.655000 26.9044922416793177433 -0.0659089611665239355487 9.9879665411505520467
21907 1172.665000 26.9046961679336433804 -0.0659106374293716990032 9.98795628093488296884
21908 1172.674000 26.9048801360871472355 -0.0659111697645082955654 9.9879447733271415899
21909 1172.683000 26.9050645758601660873 -0.0659107924231446540286 9.98793169685457016271
21910 1172.692000 26.9052497984945588883 -0.065909566342011394191 9.98791774037941415543
21911 1172.701000 26.9054354230827215133 -0.0659076645367693836342 9.98790326589520383038
21912 1172.710000 26.9056218660736590209 -0.0659053696218896423176 9.98788889456823980595
21913 1172.719000 26.9058090080292942048 -0.0659028117319297168653 9.98787498662488637535
21914 1172.728000 26.9059970173166504992 -0.0659002283043548242603 9.98786188026690879838
21915 1172.737000 26.9061858153059425547 -0.0658978880914555253945 9.98784972762822498282
21916 1172.746000 26.9063755354505005357 -0.0658958534779035681739 9.98783868856412482273
21917 1172.756000 26.9065873917214091193 -0.0658940828608223921892 9.98782773211485697118
21918 1172.765000 26.9067789071793228572 -0.0658929375206396134024 9.98781891364024687618
21919 1172.774000 26.9069712321928200538 -0.0658921615210206479407 9.98781097395554162688
21920 1172.784000 26.9071856273098504175 -0.0658917000978519046273 9.98780292112502188218
21921 1172.793000 26.9073793511648879928 -0.0658915533728086783016 9.98779619499494941692
21922 1172.802000 26.9075737346749512824 -0.0658915895956116021148 9.98778976511242788661
21923 1172.811000 26.9077685648572320076 -0.0658915666036617025947 9.98778341741808439735
21924 1172.820000 26.9079637573014842644 -0.0658915281139629410712 9.98777695814682964226
21925 1172.829000 26.9081595488800040528 -0.065891395561216925536 9.98777038613341083817
21926 1172.838000 26.9083553381616020772 -0.0658908915524565597099 9.98776344161841400648
21927 1172.847000 26.9085516136099158757 -0.0658903754086841847437 9.98775611528703777253
21928 1172.856000 26.9087483517683736522 -0.0658896499683837705286 9.98774844896607127964
21929 1172.865000 26.908945396259436933 -0.0658887934679080466971 9.98774038323430524144
21930 1172.872000 26.9090989329496643734 -0.0658880757452108556382 9.98773385976480021498
21931 1172.881000 26.9092967104056590699 -0.0658871335895986620645 9.98772520726934587287
21932 1172.890000 26.9094948329665513143 -0.0658861022016674485746 9.98771627551549023849
21933 1172.898000 26.90967106990508384 -0.0658852014871052077405 9.98770812305452615476
21934 1172.907000 26.9098699798516207693 -0.0658843029503832638971 9.98769883979044870159
21935 1172.916000 26.9100694231725441341 -0.0658834895711045698263 9.98768948952556989695
21936 1172.925000 26.9102693046045970959 -0.065882793187130403445 9.98768010229521507881
21937 1172.934000 26.9104695971571352686 -0.0658822303025370925589 9.98767071053910981959
21938 1172.943000 26.9106704334904769382 -0.0658817095371897754053 9.98766143080325896619
21939 1172.952000 26.9108716998963402034 -0.0658811318594549749639 9.98765229484445882235
21940 1172.961000 26.9110734891597935814 -0.0658806932193373023798 9.98764324902848343868
21941 1172.971000 26.9112983443753428503 -0.0658802483530166738124 9.98763339478848166664
21942 1172.981000 26.9115235197151534408 -0.0658796951939998043368 9.98762369719247544708
21943 1172.990000 26.9117266667517007761 -0.0658791141963256943193 9.98761511865260054321
21944 1173.000000 26.9119529960816272762 -0.0658785105293371586743 9.98760575870326405834
21945 1173.009000 26.912156570844615544 -0.0658776163789308866203 9.9875973794175578746
21946 1173.018000 26.9123605895898769802 -0.0658768226347174745694 9.98758905122906526231
21947 1173.028000 26.9125879794786122545 -0.0658759568961298502821 9.9875799481173039851
21948 1173.038000 26.9128152634638340146 -0.0658748822635451813934 9.98757077417515048978
21949 1173.047000 26.9130202197928056762 -0.0658739084632967986099 9.98756255913949608782
21950 1173.057000 26.9132480968123424248 -0.0658728532243096909227 9.98755337134427101375
21951 1173.066000 26.9134536179860468508 -0.0658720200023900220865 9.98754509411834057175
21952 1173.076000 26.9136818885738833274 -0.0658709960949707407085 9.98753575128537463002
21953 1173.085000 26.9138880704714864578 -0.0658702577142910028485 9.98752741628001139418
21954 1173.095000 26.9141170152773270274 -0.0658694064184749544788 9.98751796200672004034
21955 1173.105000 26.9143465495569920165 -0.0658688118207490375111 9.98750845902208794769
21956 1173.114000 26.9145533337825426656 -0.0658682371470862976226 9.98749986256393462725
21957 1173.124000 26.9147834875846463376 -0.0658675981465270260484 9.98749031195708525388
21958 1173.133000 26.9149908473061216796 -0.0658670824060489934482 9.98748163314689207937
21959 1173.143000 26.9152215602225624025 -0.0658664804450082019827 9.98747200279229119246
21960 1173.153000 26.9154526316869500135 -0.0658659695902183706107 9.9874622870507394623
21961 1173.162000 26.9156609274536577914 -0.0658654513803067914735 9.98745363888694370758
21962 1173.172000 26.915892342185188113 -0.0658647187382636889463 9.98744393835200483522
21963 1173.182000 26.9161240847506881835 -0.065863901295864571428 9.98743430847799906758
21964 1173.192000 26.9163559297507575252 -0.0658630190847516866492 9.98742466410758567008
21965 1173.201000 26.9165649612147213077 -0.0658622474221879777856 9.98741605013399080804
21966 1173.211000 26.9167974957642393008 -0.0658614570909896307471 9.98740650577761890361
21967 1173.220000 26.9170068147722325591 -0.0658605235842470576602 9.98739799059642940904
21968 1173.230000 26.9172397825014400041 -0.0658596666918761092235 9.98738854043302382024
21969 1173.239000 26.9174494794847696255 -0.0658588301426382416448 9.98738004580473059946
21970 1173.249000 26.9176825944860240725 -0.0658579259749604989382 9.98737063151584614218
21971 1173.258000 26.9178925769077004304 -0.0658571285277163298577 9.98736216658141451319
21972 1173.268000 26.9181263650504050133 -0.065856390712310211577 9.98735283000788243157
21973 1173.277000 26.9183364196499574916 -0.0658555106596998424129 9.98734435754372995575
21974 1173.286000 26.918546744282064509 -0.0658548323679420399834 9.9873358545218255955
21975 1173.295000 26.9187572654318429954 -0.0658541504643463254665 9.98732737514309576454
21976 1173.305000 26.9189916462345770753 -0.0658535327519774171812 9.98731800099321809228
21977 1173.314000 26.9192024510334988463 -0.0658528893070382537189 9.9873094930913772771
21978 1173.324000 26.9194367163715106983 -0.0658521018720275436165 9.98729999616689667619
21979 1173.333000 26.9196477190924845502 -0.0658514820375925569174 9.98729142924861612585
21980 1173.343000 26.919882297787850689 -0.0658507162254174660543 9.9872819297556745255
21981 1173.352000 26.9200936714646985592 -0.0658501099988202942548 9.98727338454139612622
21982 1173.362000 26.9203282748528280877 -0.0658492583277496962291 9.98726379372419437175
21983 1173.371000 26.920539992921920458 -0.0658485891154831637362 9.98725529297122172068
21984 1173.381000 26.9207748937011182022 -0.0658477152185437675236 9.98724572599759596869
21985 1173.390000 26.9209865674868638052 -0.0658469771734761649684 9.98723715351349738967
21986 1173.399000 26.9211983122398486046 -0.065846272985591244864 9.98722856623152388522
21987 1173.408000 26.9214101267182144284 -0.065845513580885278726 9.98722001036366080484
21988 1173.417000 26.9216222353449197158 -0.0658447762815432408035 9.98721153990921273191
21989 1173.427000 26.9218575360671152907 -0.0658438460062442387777 9.98720201854647093853
21990 1173.436000 26.922069541575808671 -0.0658430769999780174384 9.98719349412528600851
21991 1173.445000 26.9222815938847652717 -0.0658423609873505788492 9.98718495782419424245
21992 1173.454000 26.9224936943193782213 -0.0658416076054956223018 9.98717645236257567376
21993 1173.463000 26.9227060697487665664 -0.0658408915429461866209 9.98716802858391261566
21994 1173.472000 26.9229182476086670306 -0.0658401677043222305352 9.98715951835939996784
21995 1173.481000 26.9231304803502844436 -0.0658394390087622682906 9.98715102454665171194
21996 1173.490000 26.9233428411867308228 -0.0658387749150005641141 9.98714255293621100407
21997 1173.499000 26.9235551499257397268 -0.0658380631290503975928 9.98713406052117669276
21998 1173.508000 26.923767521932141733 -0.0658373215887313040229 9.98712557678005019568
21999 1173.517000 26.923979844389219096 -0.0658366338580540777503 9.98711705149517925406
22000 1173.526000 26.924192237792556881 -0.0658359247985262768799 9.98710854644606627062
22001 1173.535000 26.9244048158633333401 -0.0658352690479956093039 9.98710010350916554955
22002 1173.544000 26.9246172657714417653 -0.0658345561077839924735 9.98709159294441128907
22003 1173.554000 26.924853234626805687 -0.0658336775290172260267 9.98708210820608677238
22004 1173.563000 26.9250656586209231591 -0.0658329700552376523293 9.98707356599740769809
22005 1173.572000 26.9252781354729648911 -0.0658322354392150976832 9.98706504725430121994
22006 1173.581000 26.9254907784637396162 -0.0658315506640619607648 9.98705659503750986516
22007 1173.590000 26.925703274579458224 -0.0658308075897995059744 9.98704808034861812871
22008 1173.599000 26.9259155372592573485 -0.0658299102223003362866 9.9870395540960448244
22009 1173.608000 26.9261279450970718585 -0.0658291860482169144397 9.98703101033891904592
22010 1173.618000 26.926364170999626424 -0.0658284080157909567976 9.98702155523084655897
22011 1173.627000 26.9265767869838335002 -0.0658277074615752633147 9.98701311843063521678
22012 1173.637000 26.9268127162923818219 -0.0658268249793773491119 9.98700364137042484458
22013 1173.645000 26.9270014448018741859 -0.0658260522930312619305 9.98699611509157136879
22014 1173.655000 26.9272375308119791271 -0.0658253063927060344529 9.98698664529625723674
22015 1173.664000 26.9274499104304361197 -0.0658245552103700337643 9.98697815725451043534
22016 1173.673000 26.9276624267417084013 -0.0658238618832396871206 9.98696973777687269092
22017 1173.682000 26.9278747680757604144 -0.0658231173023103161013 9.98696125618620733633
22018 1173.691000 26.9280868491649663099 -0.065822224079048460843 9.98695276187749669816
22019 1173.700000 26.9282990496389622592 -0.0658215079622514881441 9.98694424761352728126
22020 1173.710000 26.928535015990746615 -0.065820741219267980826 9.98693482131659848733
22021 1173.719000 26.9287473728633557357 -0.065820050979769229027 9.98692640632430439496
22022 1173.729000 26.9289829863626763995 -0.0658191780631022377301 9.98691694876348989851
22023 1173.738000 26.9291951341327440161 -0.0658183973504610220218 9.98690848149010435009
22024 1173.747000 26.9294071591179857705 -0.0658176666103896246263 9.98689997644119564768
22025 1173.756000 26.9296191824895920774 -0.0658169127080941440688 9.98689149608285475779
22026 1173.765000 26.9298313188420301856 -0.065816212242679542066 9.98688308256735801649
22027 1173.774000 26.9300432563416585197 -0.0658154563687963767293 9.98687460611026089907
22028 1173.783000 26.9302549096723708999 -0.0658145483079670551296 9.98686611695852555215
22029 1173.793000 26.9304903413729128658 -0.065813791273359539824 9.98685666429240725961
22030 1173.802000 26.9307020948407149774 -0.0658130262145942418472 9.98684819038535032121
22031 1173.812000 26.9309373479777391935 -0.0658121857218247896526 9.98683880678754576365
22032 1173.821000 26.9311489783661670572 -0.0658114205041844257948 9.98683033952779908304
