26208 712.869000 -0.34867276349397219315 0.0130389739013240957971 -0.0425349146532712496516 -0.0192724297408044947799 -0.0275467454922137047757 0.999434715358973657651 3.03344021609535730022
26209 712.874000 -0.34867247195616701827 0.0130326387972581943936 -0.0425342821082232147578 -0.0192719323284089444348 -0.0275443614631844455043 0.999434790657156901794 3.03345631696477591177
26210 712.878000 -0.348672238240785969943 0.013028731311355245398 -0.0425328744736770403279 -0.0192700254336921478204 -0.0275445279140967939913 0.999434822838275005452 3.03346693535807609976
26211 712.883000 -0.348671995829973935255 0.0130251093469554869025 -0.0425301629730919436567 -0.0192660210997033752578 -0.0275469541425990387118 0.99943483316745129752 3.03347784772845452395
26212 712.887000 -0.3486718631201447538 0.0130231033470062217833 -0.0425273657368794855138 -0.0192617213473410472946 -0.0275504060790656181423 0.999434820894097075694 3.03348494355050979365
26213 712.892000 -0.34867178571486534544 0.013021575482959941647 -0.042523262407766410087 -0.0192552408818568582261 -0.0275562816233454466186 0.999434783786154024021 3.03349201671020063387
26214 712.896000 -0.348671793836190846427 0.0130210519890394272463 -0.0425196219708033201767 -0.019249359734470963823 -0.027562009966567692365 0.999434739118275849989 3.03349636601720851203
26215 712.902000 -0.348671907402570369072 0.0130212933532250670077 -0.0425137944147369883918 -0.0192397126792272013529 -0.0275719413937404699 0.999434650942121693973 3.03350087446122573809
26216 712.909000 -0.348672149498249761557 0.0130229344285655197766 -0.0425067913029771038413 -0.0192277234255740607505 -0.0275850136310907337323 0.999434520954145533267 3.03350325784448138222
26217 712.915000 -0.348672399420001166703 0.0130253475714945474856 -0.0425009015504494297444 -0.0192172480349763093177 -0.0275970606126898221344 0.999434389854332305703 3.03350294559802113881
26218 712.922000 -0.34867267401314788744 0.0130291732387716619607 -0.0424944416432623678359 -0.0192052319953806213682 -0.0276116782651795664161 0.999434217088540632901 3.03349992958868908133
26219 712.929000 -0.348672863659069465214 0.0130339341768543354877 -0.0424886421823986865087 -0.0191938094182190314985 -0.0276265491009993827132 0.999434025568865291866 3.03349415717650350288
26220 712.936000 -0.348672909507970696374 0.0130394857614473599905 -0.0424836470838986374199 -0.0191832756944469752514 -0.0276413812485691509635 0.999433817706956606486 3.03348575693831712385
26221 712.942000 -0.348672800755919720661 0.0130447708337063112555 -0.0424800567108289256479 -0.0191751129387851271257 -0.0276538857444214164483 0.999433628435135057444 3.03347659409548553455
26222 712.947000 -0.348672591559993305665 0.0130494831352288825216 -0.0424775546276738025231 -0.0191689884096451178264 -0.0276640638343549766232 0.999433464246379688056 3.03346767887809365405
26223 712.952000 -0.348672280844446569326 0.0130545296176264070953 -0.0424753502215124562058 -0.0191633252727894561052 -0.0276740992722993919828 0.999433295019710676854 3.033457447801728879
26224 712.956000 -0.348671927037449091991 0.0130585116353283108709 -0.0424741130464238170195 -0.0191596090018340582672 -0.0276816203703658704482 0.99943315798334786404 3.03344903188097481106
26225 712.960000 -0.348671512918718617957 0.0130626904957488812475 -0.0424729824035349340372 -0.0191561315655974125083 -0.0276890383391482051978 0.999433019156008684014 3.03343981561410780401
26226 712.964000 -0.348671028699532703499 0.0130669370902411711294 -0.0424720676800549173935 -0.0191530769658484097129 -0.0276961824721742994049 0.999432879746913305219 3.03343012164545022813
26227 712.969000 -0.348670366132738218656 0.0130723819689976070851 -0.0424708814942678508642 -0.0191493957554289759293 -0.0277049045489658161967 0.999432708543268932821 3.03341728231880569666
26228 712.974000 -0.348669539377733594954 0.0130776906513589905035 -0.0424705655984142158021 -0.0191472344573703871784 -0.0277126930734782304933 0.999432534018804941134 3.03340427683595859065
26229 712.981000 -0.3486682974292842907 0.0130851797535450550813 -0.0424700151687391475042 -0.0191445827384822790662 -0.0277229733610107366426 0.999432299708086335777 3.03338532030936525175
26230 712.989000 -0.348666731383599604044 0.0130935226781838075227 -0.0424696976043650864518 -0.0191428648170559670416 -0.0277333135837518618416 0.999432045736107665945 3.03336340252378855453
26231 712.995000 -0.348665489200190303887 0.0130995331268234423833 -0.042469575670865303274 -0.0191423994176566254766 -0.0277400385371737237539 0.999431868016269930877 3.03334714459602317049
26232 713.003000 -0.348663791753321850031 0.01310710107993428436 -0.042469450868314745362 -0.0191427304335676125302 -0.0277476112787911587121 0.999431651459902981038 3.03332617604941479073
26233 713.011000 -0.348662099533105340754 0.0131140501100444877708 -0.0424692708552792258514 -0.0191439754705060652396 -0.0277536211161643828205 0.999431460740617838567 3.03330649182009315368
26234 713.020000 -0.348660263433397454857 0.0131210197372964333662 -0.042468921665833082868 -0.0191462336514274973631 -0.0277586300736000490819 0.99943127837455736362 3.03328641244589913839
26235 713.026000 -0.348659105467093444197 0.0131251323313749061056 -0.0424685865135772389056 -0.0191481213753225791574 -0.0277610392610684944548 0.999431175292696871715 3.03327445511379556464
26236 713.032000 -0.348658014132073534874 0.0131288088594535452824 -0.0424681744191776761044 -0.0191502319265274972837 -0.0277627995779891750816 0.999431085956781983803 3.03326374250787944575
26237 713.039000 -0.34865683449061890542 0.0131325544710821397187 -0.0424676169719698792804 -0.0191528901721139087344 -0.0277641600737347400696 0.999430997224648343114 3.03325287147479238925
26238 713.044000 -0.348656056087820187539 0.0131348849548313870161 -0.0424671870001790685567 -0.019154870259672166638 -0.0277647601794338352854 0.99943094260559783848 3.0332461799653760437
26239 713.051000 -0.348655055056570906125 0.013137696793336981968 -0.0424665740601672253574 -0.0191576947623510983332 -0.027765210131176117081 0.999430875967800114168 3.03323826811950025828
26240 713.057000 -0.348654274649361106686 0.013139725547660850366 -0.0424660702035258713627 -0.0191601183175402027536 -0.0277653467096135343761 0.999430825714392567782 3.03323275964769356605
26241 713.064000 -0.348653444515167332263 0.0131417048433485304793 -0.0424655477830085115176 -0.0191628986827492471534 -0.0277653546444425504414 0.99943077218762021996 3.03322767342236243593
26242 713.070000 -0.348652790940855161761 0.0131431212890326613169 -0.0424651855028763750011 -0.019165207837821527509 -0.0277653343505244731837 0.999430728473432949954 3.03322431558109784078
26243 713.077000 -0.348652191013176238066 0.0131443059396471051414 -0.0424648366068638982718 -0.0191672957893093791337 -0.0277653819265663050209 0.999430687110715587629 3.03322179797949598168
26244 713.083000 -0.348651503603856438573 0.0131455421452267139787 -0.0424647664885821757297 -0.0191698605236235823657 -0.0277655706227748003134 0.999430632678174779571 3.03321947223992793852
26245 713.090000 -0.348650851470918510255 0.013146612422366633216 -0.0424647775276072309003 -0.0191721134540790982825 -0.0277660097625177793024 0.99943057726265893681 3.03321779460993834476
26246 713.096000 -0.348650298943374570282 0.0131474695233449508786 -0.0424649202752700044572 -0.0191738780677319017864 -0.0277666138897624155402 0.999430526626508664023 3.03321662670576763787
26247 713.101000 -0.348649836369682275539 0.0131481712718380279459 -0.0424651268727098546441 -0.0191752196733774686599 -0.0277672895891996687756 0.999430482114362583879 3.03321573034269631464
26248 713.106000 -0.34864936758203174394 0.0131488827477875443173 -0.0424654041432186990512 -0.0191764351905286990763 -0.027768123180320108262 0.999430435632428615378 3.0332148202761319844
26249 713.111000 -0.348648889676640261204 0.0131496206840652583164 -0.0424657407596193206545 -0.0191775166157643374432 -0.0277691095958877802452 0.999430387475137571585 3.03321382702786790375
26250 713.116000 -0.348648400871621244601 0.013150398727418004946 -0.0424661231333852140502 -0.0191784563685356776452 -0.0277702385588361709556 0.999430338073497570583 3.03321269090822687176
26251 713.122000 -0.348647812751788022112 0.0131513654456450763269 -0.0424666208337314762811 -0.0191793776031261402337 -0.0277717589766800186657 0.999430278147554362889 3.03321129162278113611
26252 713.127000 -0.348647320709827568397 0.0131522148264735672801 -0.0424670381480332231883 -0.0191799834191435196462 -0.0277731833174474085357 0.999430226941559363141 3.03320991244565840717
26253 713.132000 -0.348646800458803030054 0.0131531580975274443174 -0.0424674662881769707234 -0.0191804624545981426686 -0.0277746709173468872556 0.999430176408267700872 3.03320811437284110212
26254 713.137000 -0.348646277175592489428 0.0131541650993248701584 -0.0424678658127902453057 -0.0191807359223188922392 -0.0277761815383073921992 0.999430129177937720542 3.03320603379185360637
26255 713.142000 -0.348645750585041880321 0.0131552394516358042709 -0.0424682244314208562352 -0.0191808411249925099551 -0.0277777361250746736288 0.999430083952601244768 3.03320364449046708799
26256 713.147000 -0.348645218048505733943 0.0131563816722319558428 -0.0424685329254509275065 -0.0191808059410648427956 -0.0277793291679249848558 0.999430040350214432543 3.03320094962412678541
26257 713.152000 -0.34864469381515944546 0.0131575716494569915083 -0.042468773974480358846 -0.0191805850319055823383 -0.0277808911006095539398 0.999430001174414384124 3.03319803161260681534
26258 713.158000 -0.348644075858694280079 0.0131590627924841295504 -0.0424689617328071061797 -0.019180127036260825879 -0.0277827464496588454057 0.999429958389574490951 3.0331942151271040764
26259 713.165000 -0.348643381567940280341 0.0131608664415230475209 -0.0424690253859300037576 -0.0191793424509546887868 -0.0277848384332677715569 0.999429915289904768905 3.03318941772692252101
26260 713.171000 -0.348642820930169572424 0.0131624411804795934944 -0.0424689379527016241944 -0.0191784635990603670452 -0.027786522457943191311 0.999429885336472145774 3.03318511949865765587
26261 713.177000 -0.348642298419345908478 0.0131640250057442481646 -0.042468719200591073526 -0.0191774303932023722219 -0.0277880937797133457934 0.999429861474832925694 3.03318071866277438886
26262 713.182000 -0.348641897760030627929 0.013165335493158340785 -0.0424684396953109721817 -0.019176464674622518275 -0.0277892972573795422886 0.999429846542779665164 3.0331770457848907796
26263 713.187000 -0.348641527154867791882 0.0131666353405923315656 -0.0424680797951163813142 -0.0191754538493046598757 -0.0277904303168748333108 0.999429834431850516729 3.03317337139458143014
26264 713.192000 -0.348641194079825300634 0.0131679034165534392109 -0.0424676453679018323095 -0.0191743810672345520174 -0.027791449552361898595 0.999429826672421639522 3.03316979992580959546
26265 713.199000 -0.348640783673727305825 0.0131696269937172788511 -0.0424669353550271022613 -0.0191728749489883457113 -0.0277927481400970857739 0.999429819455579293574 3.03316495964608501268
26266 713.206000 -0.348640443503726638053 0.0131712614410973826579 -0.0424661334946879395758 -0.0191713755402499394509 -0.027793858249770764246 0.999429817347614712908 3.03316045491072117102
26267 713.210000 -0.348640276547211691582 0.013172156041504463897 -0.0424656500307859785526 -0.0191705706888770886775 -0.0277944391572997086259 0.999429816631159817497 3.03315802021561120583
26268 713.214000 -0.348640133365803017718 0.0131730080363965783991 -0.0424651556910504851539 -0.0191697827574388128535 -0.0277949481396140250788 0.999429817589483682205 3.03315577876838338156
26269 713.218000 -0.348640004721444796143 0.0131738309222056721587 -0.0424646595562136325297 -0.0191690611609366227952 -0.027795429423156294696 0.999429818044964557444 3.03315365215090926299
26270 713.222000 -0.348639892882440516342 0.0131746183338270934915 -0.042464167412252618039 -0.0191683979910774390798 -0.0277958702393139404918 0.999429818504578459937 3.03315167127196216867
26271 713.227000 -0.348639771065399117767 0.0131755555776738621232 -0.0424635692749713092309 -0.0191676699789874033231 -0.0277963756474260588469 0.999429818410699444264 3.03314939846050624084
26272 713.233000 -0.348639653683355976721 0.0131766026554656235509 -0.0424628877609232388557 -0.0191669434758549583897 -0.0277969204113678348966 0.999429817192501790402 3.03314700239757462086
26273 713.240000 -0.348639530947665254867 0.0131777399323482809906 -0.0424621779539268440207 -0.0191663762939478336811 -0.0277975133860055741153 0.999429811577238091935 3.03314458740096970502
26274 713.247000 -0.348639422473330407026 0.0131787821549398751625 -0.0424615746349950307081 -0.0191660681234652185978 -0.0277980326662761248468 0.99942980304400141911 3.03314260135626190262
26275 713.253000 -0.348639326658107484569 0.0131796191499190980256 -0.0424611574421955156877 -0.0191660473659725737183 -0.0277984690928217807737 0.999429791303251380263 3.03314114410287594126
26276 713.260000 -0.348639199656384124459 0.0131805362503918926248 -0.0424607986047533386698 -0.019166282075539171903 -0.0277989493341869904619 0.999429773444495794799 3.03313973400804481884
26277 713.267000 -0.348639049373460130354 0.0131814065752969174217 -0.0424605791179805264202 -0.0191667871098429969112 -0.027799422599051985816 0.999429750595330790297 3.03313852577126441545
26278 713.272000 -0.348638919507174571688 0.0131820136273446547603 -0.0424605061534070252205 -0.0191673053906370426114 -0.0277997684547427979795 0.999429731035616608636 3.0331377222303195218
26279 713.278000 -0.348638739121763185924 0.0131827268778666271271 -0.0424605033410114657277 -0.0191680544051524223703 -0.0278001709961158971485 0.999429705473530494153 3.03313681932099798999
26280 713.285000 -0.348638522990688148884 0.0131834301999574632358 -0.0424606194229397784778 -0.0191689770476378522346 -0.027800583547141984736 0.999429676302132530274 3.03313594126724916933
26281 713.291000 -0.348638238169801772948 0.0131842687325299350032 -0.0424607717742284118678 -0.0191700551855243581101 -0.0278010327928527763153 0.999429643126435562905 3.03313482078506746475
26282 713.298000 -0.348637900650005994052 0.013185125613554348617 -0.0424610363348756209012 -0.0191712751857080199169 -0.0278015099982695836067 0.999429606450384255822 3.0331335706859650081
26283 713.305000 -0.348637572554715891027 0.0131858738346859634405 -0.0424613498123401628126 -0.019172394111774210268 -0.0278019152777422215439 0.999429573712381391637 3.03313239950277147017
26284 713.311000 -0.348637165705981022512 0.0131867875930587984123 -0.0424616459828490167006 -0.0191735271913163370094 -0.0278023503224367057873 0.999429539873418093521 3.03313081011510998763
26285 713.318000 -0.348636779597144397247 0.0131875937735588758676 -0.0424619837346719014581 -0.0191745607914503776725 -0.027802739815476991414 0.999429509208732413938 3.0331292931216928821
26286 713.325000 -0.348636245396571065047 0.0131887253769552605098 -0.0424623231156804337161 -0.0191756768988175785307 -0.027803231038289376309 0.999429474129767569934 3.03312695860397729675
26287 713.332000 -0.348635822439821274621 0.0131896007818144180013 -0.0424626038135416938868 -0.0191764688226395418891 -0.0278035994323426773056 0.999429448686649513078 3.0331250370845332931
26288 713.339000 -0.348635255817041023185 0.0131908165736169865484 -0.0424628539322297604564 -0.019177235544453941074 -0.0278040758755333516916 0.9994294207204328373 3.03312220771766583027
26289 713.346000 -0.348634826996260249743 0.0131917527526989788317 -0.0424630162091409746328 -0.019177692441119588429 -0.0278044306767084858922 0.999429402082697371235 3.03311993913319621896
26290 713.353000 -0.348634268111533973666 0.0131930330173262236326 -0.0424631227699284186095 -0.0191780423281386301626 -0.0278049084170186276699 0.999429382077784089766 3.03311674143658827063
26291 713.361000 -0.348633729584413076807 0.0131943378376500920768 -0.0424631381052380449392 -0.0191781578901484596467 -0.0278053940694104953502 0.999429366348910774853 3.03311341243050236471
26292 713.368000 -0.348633281952195284159 0.0131954954520235798188 -0.0424630695653094095143 -0.0191780796312099599543 -0.0278058440140834424448 0.999429355332493329911 3.03311042590177359912
26293 713.377000 -0.348632808929601967218 0.013196825459816045184 -0.0424628834935616289448 -0.0191777643841968582772 -0.0278063646363262105543 0.999429346896985926207 3.03310700564123614242
26294 713.385000 -0.348632375065742794451 0.0131981495029909450672 -0.0424626317140660777816 -0.0191773114399032447441 -0.0278069240140369836056 0.999429340025003831727 3.03310364716946034847
26295 713.392000 -0.348631980395141316542 0.0131994563481538269845 -0.0424623420043068189322 -0.0191767846472926939416 -0.0278075248313905433462 0.999429333416496534781 3.03310041109659067615
26296 713.400000 -0.348631629147846733296 0.0132007527261437315746 -0.0424619826611402628735 -0.0191761627039680228324 -0.0278081597067418063995 0.999429327685392276948 3.03309729287467222392
26297 713.408000 -0.348631318970729686679 0.0132020243422142722484 -0.0424615942774317078889 -0.0191755079065902590829 -0.0278088143434203835525 0.999429322033998146502 3.03309435305397334659
26298 713.416000 -0.34863103353653634997 0.0132032795192229754355 -0.0424612021703043851506 -0.0191749181806015675522 -0.027809529569172777852 0.999429313447383504965 3.03309157269742923901
26299 713.424000 -0.348630774053858449868 0.0132045136469402281387 -0.0424608172029276656478 -0.0191743972535985372774 -0.0278102736335579941995 0.999429302737511071619 3.03308894771118842115
26300 713.433000 -0.348630498230700247575 0.0132058799509692653684 -0.0424604176850619727257 -0.0191739393975633373723 -0.0278111191030556634263 0.99942928799501085102 3.03308617228610888361
26301 713.440000 -0.348630297770398112078 0.0132069161295614943136 -0.0424601339119422549473 -0.0191736695624158196005 -0.027811768859127797282 0.99942927509075785153 3.03308418303649585113
26302 713.448000 -0.348630062240875060464 0.013208097729359226033 -0.0424598557229018333525 -0.0191735144443102856204 -0.0278125165953062407354 0.999429257258606429382 3.03308195261020685507
26303 713.456000 -0.348629820307307158878 0.0132092704065586881435 -0.0424596245309500075482 -0.0191734975374030398865 -0.0278132480017656766313 0.999429237228817157757 3.03307978311308090724
26304 713.464000 -0.348629565145651132418 0.0132104397638340715498 -0.0424594425216774790099 -0.0191736154374074971307 -0.0278139523330392865463 0.999429215365787659842 3.03307763522884288321
26305 713.472000 -0.348629292006482238708 0.0132116109485132544182 -0.0424593075743134318323 -0.0191738544367626717602 -0.027814620869179962348 0.999429192175184222258 3.03307547077854566808
26306 713.480000 -0.348629032708050012879 0.0132126579019910348617 -0.0424592340151297570339 -0.0191741704299013236701 -0.027815188976541900534 0.999429170301990188463 3.03307348305385193754
26307 713.488000 -0.348628681010575758314 0.0132139763922715126887 -0.0424591579972556226741 -0.0191746124133759451857 -0.0278158299101653981589 0.99942914398430748868 3.03307096312533852611
26308 713.496000 -0.348628341709049438535 0.0132151774601050736591 -0.0424591287503757949806 -0.0191750812955420214811 -0.0278163677961098428082 0.999429120017993444236 3.03306857185626421725
26309 713.503000 -0.348628025989040690735 0.0132162438159980459573 -0.0424591197302566225602 -0.0191755223298487736949 -0.0278168149937556216655 0.999429099109576890569 3.03306637324233818731
26310 713.509000 -0.348627745028181057485 0.0132171650706288303784 -0.0424591187537366673843 -0.019175894204782609892 -0.0278171671600795922252 0.999429082172734850609 3.03306443205450326772
26311 713.516000 -0.348627407132454936178 0.0132182484456831624009 -0.0424591205547065267401 -0.0191763070495036443142 -0.027817546141060554149 0.999429063703188957923 3.03306210222693684031
26312 713.523000 -0.348627056358333797803 0.013219349945255682785 -0.042459122414874511664 -0.019176713928933209613 -0.027817928623701713986 0.999429045250324055161 3.03305965913010799895
26313 713.530000 -0.348626701372340974672 0.0132204567657465740099 -0.0424591174460557316261 -0.0191770650510627686802 -0.0278182794079871384407 0.999429028749318604241 3.03305717381439166047
26314 713.536000 -0.348626392420520458959 0.0132214161512148337813 -0.0424591062839985017296 -0.0191773387473541216675 -0.0278185855983064077301 0.999429014974989926579 3.03305498030995179803
26315 713.542000 -0.348626082240776014043 0.0132223820573980441889 -0.0424590862534586360733 -0.0191775757380052980228 -0.0278188930767545687661 0.999429001868965771749 3.03305274959050619188
26316 713.548000 -0.348625772581958204288 0.0132233534536398671805 -0.042459055914064000592 -0.0191777739443229934546 -0.0278192058160988062165 0.999428989360575781298 3.03305049069886711877
26317 713.555000 -0.34862546446418479773 0.013224349044491254257 -0.0424590128067893618491 -0.0191779314780965853826 -0.0278195275515496949492 0.999428977382099792415 3.03304815508378533551
26318 713.561000 -0.348625160596760463871 0.0132253286234125019133 -0.0424589583136450593459 -0.0191780502463346248787 -0.0278198613801758538877 0.999428965810745695286 3.03304586626566496932
26319 713.567000 -0.348624811051159555486 0.0132264563289483209896 -0.0424588840990689497801 -0.0191781571382558801986 -0.0278202786068618805604 0.999428952145682614194 3.03304324048030160554
26320 713.573000 -0.348624518554951634552 0.0132274389570092888724 -0.0424588052727540993248 -0.0191782023451583689966 -0.02782064527535558357 0.999428941071485499315 3.03304096066022976785
26321 713.580000 -0.348624186997670393318 0.0132285825232186307621 -0.0424586990600975960897 -0.0191782095238721972397 -0.0278210843551694765596 0.999428928711171948862 3.0330383353400538482
26322 713.587000 -0.348623908797994930264 0.0132295867949077418368 -0.0424585928346489505092 -0.0191781921700316417001 -0.0278214915549232395808 0.999428917708882758042 3.03303603006530941855
26323 713.594000 -0.34862359186251712373 0.0132307347974718846062 -0.0424584647026476635912 -0.0191781667600240540716 -0.0278219945793956764668 0.999428904193464306971 3.03303342818099830325
26324 713.599000 -0.348623329112111968175 0.0132316903607551661359 -0.0424583520417098833621 -0.0191781303099261973832 -0.0278224300472180996469 0.999428892770307664151 3.03303130960011380068
26325 713.606000 -0.348623031754575873897 0.0132328267551358926685 -0.0424582072016657235958 -0.0191780627597996043698 -0.0278229480305409032637 0.999428879646606538323 3.03302881050774786331
26326 713.612000 -0.348622781828282379823 0.0132338011798206530573 -0.0424580794819652274086 -0.0191780122226945654029 -0.027823412606323944668 0.999428867683000543565 3.03302668411245779367
26327 713.619000 -0.348622494955998785127 0.0132349386164657325388 -0.0424579284001279505523 -0.0191779682645423221743 -0.0278239749323373822265 0.999428852871583228712 3.03302421855814330343
26328 713.626000 -0.348622216297138354246 0.0132360679242320544019 -0.0424577754149961517083 -0.0191779167774436924698 -0.0278245227510635351198 0.999428838608208747196 3.03302181220110034232
26329 713.632000 -0.348621979281771632309 0.0132370372273574246624 -0.0424576457818397270949 -0.0191778942311978325974 -0.0278250029531221243495 0.999428825671701215327 3.03301975369267795557
26330 713.639000 -0.348621703535049731748 0.013238170321970936516 -0.042457497903446050902 -0.0191778966224649335959 -0.0278255718030245048633 0.999428809788357463972 3.03301735012726325635
26331 713.645000 -0.348621469236021663818 0.0132391389760783458746 -0.0424573741395741499627 -0.0191779087132583070385 -0.0278260460420325025921 0.999428796352722859098 3.03301530906345329086
26332 713.652000 -0.348621197011703909396 0.0132402669022014807254 -0.0424572343366069193671 -0.0191779358800395482998 -0.0278265807595839964605 0.999428780943700578732 3.0330129429221241999
26333 713.659000 -0.348620920288520041996 0.0132414026013908305707 -0.0424571021461996669921 -0.0191780070651028609896 -0.0278271250513986885544 0.999428764423150317597 3.03301053762778582978
26334 713.667000 -0.348620602325740214233 0.0132427004669225436423 -0.0424569590072664815317 -0.0191781066287114478064 -0.0278277188754299173445 0.999428745978585331144 3.03300778749796684508
26335 713.673000 -0.34862036074034213895 0.0132436769054933012324 -0.0424568578690686648791 -0.0191782001996738359073 -0.0278281519364871193778 0.999428732124957974747 3.03300570632582111585
26336 713.678000 -0.348620158503453569931 0.0132444899558105053106 -0.0424567770350186071693 -0.0191782796013714278149 -0.027828494177885073485 0.999428721071854764268 3.03300397291190781957
26337 713.683000 -0.348619951036665487454 0.0132453113508848724367 -0.0424567009159904501514 -0.0191783871253713399108 -0.0278288500089486807998 0.9994287091005785717 3.033002193529052537
26338 713.690000 -0.348619660015411003684 0.0132464583775657469139 -0.042456598527110804564 -0.019178526953560735141 -0.0278293115411381714042 0.999428693565998282899 3.03299971315482874701
26339 713.698000 -0.348619319954953654772 0.0132477790977959235946 -0.0424564893170048668347 -0.0191787111651262782985 -0.0278298362284813381728 0.999428675420882983715 3.03299682121326119599
26340 713.705000 -0.348619016105372991898 0.0132489434477289017011 -0.0424563995936460825131 -0.0191788894096765125119 -0.0278302951806859572015 0.999428659220440329669 3.03299424093659997226
26341 713.714000 -0.348618622836070757298 0.0132504413320745188798 -0.0424562883832287144004 -0.0191791004537380516126 -0.0278308508996268355595 0.999428639695695286704 3.03299091484455551893
26342 713.722000 -0.348618267321742059117 0.0132517823001065473965 -0.0424561935126019432407 -0.0191792948907843312234 -0.0278313483687448667836 0.999428622111389164395 3.03298790737092849312
26343 713.730000 -0.348617908554234745555 0.0132531290715871274966 -0.042456100203230762169 -0.0191794831125417716833 -0.0278318444071580448074 0.999428604685913102301 3.03298487097529845258
26344 713.738000 -0.348617547714517250768 0.01325448085157212956 -0.0424560069101161396965 -0.0191796616156026181188 -0.0278323425757517686763 0.999428587387341416104 3.0329818123376246497
26345 713.745000 -0.348617229768903524878 0.0132556700525080090047 -0.0424559247856930513376 -0.0191798174720190055254 -0.0278327930810492417402 0.999428571850458857817 3.03297910776914747544
26346 713.753000 -0.34861686823195459084 0.0132570287665159745188 -0.0424558279573220287428 -0.0191799717395000519915 -0.0278333029256337474711 0.99942855469129054935 3.03297602627102147466
26347 713.761000 -0.348616507867123781583 0.0132583898458711255119 -0.0424557277827672802095 -0.0191801117224345389622 -0.02783382175344750048 0.999428537555793528036 3.03297294197724465192
26348 713.769000 -0.348616150723358053654 0.0132597190843157970719 -0.0424556245512609647941 -0.0191802377349801628226 -0.0278343457822382150946 0.999428520543267362441 3.0329699560060161545
26349 713.776000 -0.348615839694232876322 0.013260942386116761349 -0.0424555282849706089321 -0.0191803274979612213558 -0.0278348107914142134378 0.999428505869868311073 3.03296718501029705095
26350 713.784000 -0.348615486862495049802 0.0132623059762252953203 -0.0424554158475666937322 -0.0191804303963906998265 -0.0278353576748336453694 0.999428488663857916841 3.03296411877314353589
26351 713.791000 -0.348615179453012458133 0.013263502000551955981 -0.042455314517296796617 -0.0191805221941065313918 -0.0278358535088583901318 0.99942847309239446485 3.03296142942562640954
26352 713.799000 -0.348614832997783563595 0.0132648651342744255954 -0.0424551943290702310518 -0.0191806091808080086958 -0.0278364146412917491669 0.999428455794295955705 3.03295838438744791432
26353 713.806000 -0.348614533999665077157 0.0132660545487080037269 -0.042455085743666784448 -0.0191806714839290286256 -0.0278368993626054439527 0.999428441097861552933 3.03295574426446812311
26354 713.814000 -0.348614193426019625122 0.0132674170072777080492 -0.0424549596965679426619 -0.0191807511824697296543 -0.0278374682042476367938 0.999428423724307291032 3.03295271749154915497
26355 713.822000 -0.348613856603626204311 0.0132687432894436838082 -0.0424548332427202718131 -0.0191808313818185097177 -0.0278380334215543659426 0.999428406441763561574 3.03294980059402119466
26356 713.830000 -0.348613519400321369979 0.013270142122997662798 -0.0424547022454342115605 -0.0191809112691450865673 -0.0278386074324487899079 0.999428388919940124957 3.0329466790580670299
26357 713.844000 -0.348612942999642183572 0.0132722719397531958158 -0.0424544862228291158823 -0.0191810673502462412932 -0.0278395625531696125354 0.999428359319542991557 3.03294213178973137701
26358 713.852000 -0.348612610774214459752 0.0132735989261646928489 -0.0424543583692683357267 -0.0191811601835278171257 -0.0278401175244064498504 0.999428342078731213327 3.03293921531711507811
26359 713.858000 -0.348612358076634265558 0.0132746971179413340153 -0.0424542591381704137454 -0.0191812315871149746682 -0.0278405440782776153474 0.999428328826147960307 3.0329367298040978973
26360 713.865000 -0.348612065554332994921 0.0132758597577942900891 -0.042454150077761036719 -0.0191813311138140825396 -0.0278410318282435974291 0.999428313328895479017 3.03293415981097513878
26361 713.873000 -0.348611731910336009044 0.0132771919347476948653 -0.0424540261820838954465 -0.0191814389350554101443 -0.0278415738709602844647 0.999428296159743823068 3.03293121545796173777
26362 713.881000 -0.348611395732950191118 0.0132785650166886304985 -0.0424539031105618525075 -0.019181551879799880328 -0.0278421153274141207346 0.999428278908285450122 3.03292814686561795767
26363 713.889000 -0.348611058127874573476 0.0132799415012342641312 -0.0424537823054615473528 -0.0191816697936103390532 -0.0278426524310285659902 0.999428261682415053357 3.03292506187074195623
26364 713.896000 -0.348610761573209415598 0.0132811844774592402452 -0.0424536768307392717303 -0.0191817668204779558094 -0.0278431139784545075844 0.999428246962045574442 3.03292225353904987273
26365 713.903000 -0.348610460913089448276 0.0132824372645654123493 -0.0424535743070225124463 -0.0191818860076140712545 -0.0278435937805177335935 0.999428231307569414632 3.03291939845423286215
26366 713.910000 -0.348610164965517277391 0.0132836075867469663447 -0.0424534737842931705898 -0.0191819871701896411953 -0.0278440429129125123497 0.999428216853249895557 3.03291679109563494521
26367 713.918000 -0.34860982233924675544 0.0132849966489756356885 -0.0424533600073650069229 -0.0191821155178780455852 -0.0278445723480049145415 0.999428199639681658084 3.03291365128092005321
26368 713.918000 -0.348609812129447305118 0.0132852774516090121892 -0.0424533545056752642521 -0.019182118637713241327 -0.0278446050103525848118 0.999428198669812473121 3.03291284344746880919
26369 713.927000 -0.348609466985536020633 0.0132867120612688727893 -0.0424532412950301835108 -0.0191822482899346030694 -0.0278451403861498976433 0.999428181265376802678 3.03290957025837126793
26370 713.934000 -0.348609124147895854673 0.0132880684186974483418 -0.042453130328419998174 -0.0191823765303662553683 -0.0278456664877567740268 0.999428164146128117373 3.03290652038223784714
26371 713.942000 -0.348608779529247514439 0.0132894671407085551706 -0.0424530188905427249835 -0.0191825039882818418335 -0.0278461994248784053263 0.99942814685115277662 3.032903348506746255
26372 713.950000 -0.348608434906016506627 0.0132908674902563316705 -0.0424529074213628107581 -0.0191826296560402842495 -0.0278467344032617726557 0.999428129533361464532 3.03290017260023114787
26373 713.958000 -0.348608090565628248036 0.013292269087159367183 -0.0424527956272330586618 -0.0191827531514926971634 -0.0278472715944357053497 0.999428112195306916909 3.03289699451935801378
26374 713.965000 -0.348607788242729810246 0.0132934992303030165284 -0.0424526979435669860052 -0.0191828689069184557536 -0.027847753883616273296 0.999428096535282195489 3.03289419756248879168
26375 713.973000 -0.34860744506614926852 0.0132949022985482077919 -0.0424525849603978877589 -0.0191829878921177358897 -0.0278482950199953338544 0.99942807917328901901 3.03289101913278980049
26376 713.980000 -0.348607146943037349285 0.0132961273603731406495 -0.0424524848417063213613 -0.0191830804190052835179 -0.0278487594794337364745 0.999428064455413767142 3.0328882543653636894
26377 713.988000 -0.348606845092512995787 0.0132974015436067936197 -0.0424523842361593656269 -0.0191831908053069419284 -0.0278492508211749950631 0.99942804864543721699 3.03288533603184040643
26378 713.995000 -0.348606506005799121617 0.0132987626296457422254 -0.0424522699371421216585 -0.0191833035980932473108 -0.027849790635503243047 0.999428031438293063005 3.03288228419147731785
26379 714.002000 -0.348606210207911715315 0.0132999883230328214134 -0.0424521677999961724592 -0.0191833915211549049795 -0.0278502572387482709437 0.999428016748320713347 3.03287952201204857872
26380 714.009000 -0.348605912207276213977 0.0133012202190079878439 -0.0424520662923832184377 -0.0191834977534436658397 -0.0278507447396172773402 0.999428001124339271399 3.03287672884490966396
26381 714.023000 -0.348605606914701160459 0.0133027515153629309619 -0.0424519550390499017523 -0.0191835842731042718889 -0.0278512481796648718457 0.999427985434304111401 3.03287308910679298535
26382 714.030000 -0.348605027550991541929 0.0133049061424088434225 -0.0424517570368729696417 -0.0191837745548001717411 -0.0278521626900643873292 0.999427956296659258939 3.03286840563713777641
26383 714.034000 -0.348605021295907369083 0.0133050821270380929123 -0.0424517523363059090524 -0.0191837747058629798369 -0.0278521835857125366065 0.999427955711437276953 3.032867899451411553
26384 714.039000 -0.34860465533959683615 0.0133062712553975934227 -0.0424516306559652792374 -0.0191839064606677510427 -0.0278527566315669647401 0.999427937212549077906 3.03286544399698909658
26385 714.043000 -0.348604479384312715418 0.0133071954599410114534 -0.0424515656649850289805 -0.0191839611303070110837 -0.0278530535694356019827 0.999427927887853728706 3.03286321712708550891
26386 714.048000 -0.348604270766832036177 0.0133080726015063523227 -0.0424514912405113131744 -0.0191840197892207131591 -0.0278533808010353010898 0.999427917642227603423 3.03286123968415033403
26387 714.054000 -0.348604018756158651193 0.0133091294244093247962 -0.0424514027019942397079 -0.0191841020522502681001 -0.0278537853084547884497 0.99942790478975485069 3.03285884516046166937
26388 714.061000 -0.348603723327222669859 0.0133103663740445510993 -0.0424513001456224420282 -0.0191842081641439357598 -0.0278542667445627681322 0.999427889335312347185 3.03285603161058014976
26389 714.069000 -0.348603387319998236915 0.0133117780318923427385 -0.0424511825415416835239 -0.019184319147011224399 -0.0278548038935845475306 0.999427872234367686843 3.03285282774043896126
26390 714.077000 -0.348603051196677893309 0.0133131912863077399301 -0.0424510652983623865131 -0.0191844309649932195927 -0.0278553400148733761033 0.999427855145735288822 3.03284961707360389838
26391 714.084000 -0.348602758405783863527 0.0133144262348717408451 -0.0424509624541865304703 -0.0191845198473061216704 -0.0278557980026907167637 0.999427840674784073727 3.03284681771309116982
26392 714.084000 -0.348602758405783863527 0.0133144262348717408451 -0.0424509624541865304703 -0.0191845198473061216704 -0.0278557980026907167637 0.999427840674784073727 3.03284681771309116982
26393 714.092313 -0.348602421945526597113 0.0133158425516101026898 -0.0424508459884709171694 -0.0191846332003927956544 -0.027856332796030714577 0.999427823593141195779 3.03284359448582607754
26394 714.100000 -0.348602085294566543805 0.0133172604501057955523 -0.0424507299469843724093 -0.0191847472801771820605 -0.0278568672159817953826 0.999427806507657057189 3.03284036505612419887
26395 714.107000 -0.348601789133143047383 0.0133185053293100406219 -0.042450629332288207507 -0.0191848572625750134202 -0.027857345142062304999 0.999427791075198412862 3.03283751910647625394
26396 714.115000 -0.348601452207734474609 0.0133199259222765813149 -0.0424505140222765225966 -0.0191849724145676803211 -0.0278578794150410105623 0.999427773972661470658 3.03283427965901353218
26397 714.122000 -0.348601158793741261466 0.0133211669706061498764 -0.0424504128108629946725 -0.0191850638502623072057 -0.0278583365760646066434 0.999427759474528443207 3.03283145712673274375
26398 714.130000 -0.348600821795235660261 0.0133225897503443310721 -0.0424502980791186673715 -0.019185179624507640167 -0.0278588712089040090036 0.999427742349461190052 3.0328282102038661705
26399 714.137000 -0.34860052551654324704 0.0133238384403522574367 -0.0424501984686539712843 -0.019185290696718589748 -0.0278593496962042282139 0.999427726879431266305 3.03282535117007334691
26400 714.145000 -0.348600188696506163577 0.0133252628255352244258 -0.0424500841244495330518 -0.0191854066431189872188 -0.0278598848810326961412 0.999427709735103197985 3.03282209929955914873
26401 714.152000 -0.348599895591688135887 0.013326506694233308109 -0.0424499835924382409869 -0.0191854983947967148994 -0.0278603429431347714151 0.999427695204827881703 3.03281926799196366318
26402 714.160000 -0.348599559187910579272 0.0133279321512787575499 -0.0424498694503324114358 -0.0191856141314699496503 -0.0278608785732204489172 0.999427678051557077943 3.03281601317611215762
26403 714.168000 -0.348599223083296050341 0.0133293580078254550458 -0.0424497553515039149907 -0.0191857296366109257579 -0.0278614143190904876846 0.9994276608992023192 3.03281275732722388483
26404 714.175000 -0.348598990641536488067 0.0133305841290886455119 -0.0424495467986537172722 -0.0191854813718862551863 -0.0278620078665675410812 0.999427649118320271526 3.03280998890141040292
26405 714.182000 -0.348598555133165899367 0.0133319023788389477009 -0.0424496420134862703644 -0.0191862020370778749156 -0.0278623477347795106551 0.999427625808942066143 3.0328068987030363246
26406 714.190000 -0.348598221502145921846 0.0133333365117891938095 -0.0424495537901149050386 -0.0191864386160192253172 -0.0278627978985456423167 0.99942760871735902839 3.03280358278109352099
26407 714.197000 -0.348597943467063631218 0.0133345764779990178656 -0.0424494485505628738053 -0.0191865185496985675428 -0.0278632692993233711809 0.999427594040656508412 3.03280075131515935993
26408 714.204000 -0.348597665053050620454 0.0133358090179993560298 -0.0424493397336277444865 -0.0191865414492150693215 -0.0278637469437008102047 0.999427580284572014691 3.03279796374586485541
26409 714.211000 -0.348597380558069935841 0.0133370498579088656022 -0.042449230935041895596 -0.0191865750491553785362 -0.0278642540944173400241 0.99942756550019407058 3.03279513908425890634
26410 714.218000 -0.34859709714854159035 0.0133382876588554223629 -0.0424491195870423249081 -0.0191865962318566278533 -0.027864738629896228933 0.999427551584467499524 3.03279233550301530187
26411 714.226000 -0.348596770348502449366 0.0133397090092431443858 -0.0424489915608137341474 -0.0191866492439770712497 -0.0278652960815808960204 0.999427535024462909696 3.03278910172758475738
26412 714.234000 -0.348596480518144846705 0.0133410072993913504658 -0.0424488772431801802965 -0.0191867214220396466173 -0.0278657903775223932119 0.999427519857097657052 3.03278610529762193693
