29891 739.216000 -0.346388075934495054398 0.0190255839951755587047 -0.0415383595817618578305 -0.0207267326608555450818 -0.031510629215354718502 0.999288488275361652668 3.02030134092414304092
29892 739.222000 -0.346388952543866146527 0.0190232017788303266193 -0.0415328712562706703348 -0.0207184162646661500229 -0.0315130321033447111101 0.999288584961890657965 3.02031030619135254511
29893 739.229000 -0.346390173885291363653 0.0190212397002965036275 -0.0415264857391910227613 -0.0207076699533285911448 -0.03151730504951425621 0.999288672950674250473 3.02031924437006837891
29894 739.236000 -0.346391521545632241619 0.0190200805498704564322 -0.0415204621970446940971 -0.0206964521766303533035 -0.0315228200714271142302 0.999288731389504358837 3.02032647404107557065
29895 739.243000 -0.346392896392672899886 0.0190196716315524406993 -0.0415150708245834651478 -0.0206853429380448004815 -0.0315292838931842539507 0.999288757489404821932 3.02033186599139913397
29896 739.251000 -0.346394241485692755411 0.0190198429460202017571 -0.0415102358565995199768 -0.0206744240350821978369 -0.0315365715457268033783 0.999288753487178493806 3.0203357038723046557
29897 739.257000 -0.346395359852847750659 0.0190209671556094521427 -0.041506797934994246746 -0.0206651294897223815339 -0.0315441569467855495446 0.999288706323497644135 3.0203366058423561924
29898 739.265000 -0.346396299874576762967 0.0190224889509121933284 -0.0415040793296720389449 -0.0206566406068650551542 -0.0315522397288922964997 0.999288626657448331159 3.02033615029248903028
29899 739.272000 -0.346397058370691013351 0.019025236319905835386 -0.041501850851636566675 -0.0206481836169256881275 -0.0315616611517044939883 0.999288503915994663629 3.02033220783693234779
29900 739.280000 -0.346397388566956399014 0.0190280265352048179317 -0.0415010273547721589282 -0.0206425589076599490246 -0.0315699794498014579824 0.999288357362019374897 3.02032719899141977038
29901 739.288000 -0.346397444313616353906 0.019031931139613204873 -0.041500507744485090611 -0.0206371436131079118159 -0.0315793557467574786957 0.999288172948179842514 3.02031879752001319872
29902 739.295000 -0.346397198843372222665 0.0190364186751099916106 -0.041500101370072636775 -0.0206325327925380615224 -0.031588393121552593712 0.999287982520836282063 3.02030806821598485357
29903 739.303000 -0.346396666279220999396 0.0190404973379969498504 -0.0415006458020828888911 -0.0206304676606564769969 -0.0315958057725020738382 0.999287790809879283849 3.02029779460779757017
29904 739.310000 -0.346395911414452917221 0.0190454993688739318558 -0.0415006112532053939024 -0.0206280812986752194738 -0.0316035704601132783065 0.999287594537282330975 3.02028453931489648809
29905 739.318000 -0.346395039727972864352 0.0190498152255549023371 -0.0415011013853811075447 -0.0206276217435287373414 -0.0316095520044083755362 0.999287414832833009726 3.02027277761251156107
29906 739.325000 -0.346393993851426496011 0.0190547534669179285949 -0.0415009614174593616243 -0.0206271424615450463258 -0.0316153776147641146776 0.999287240432973455917 3.02025895895162932447
29907 739.332000 -0.346393136517370192617 0.0190582300343401754572 -0.041501019815156477144 -0.0206277438134566809547 -0.031618929432714062977 0.999287115641293244295 3.02024908215548171242
29908 739.339000 -0.346392254708533187113 0.0190621739816053577254 -0.0415005209002973635135 -0.0206283807872582360121 -0.0316224448040189620723 0.999286991254620837744 3.02023803177608751724
29909 739.345000 -0.346391193008096731631 0.0190655999199013936884 -0.0415002052794210887776 -0.0206299745144416825371 -0.0316245794435143848244 0.999286890800912264154 3.02022783209680056871
29910 739.352000 -0.346390280670488270864 0.019068685363142656719 -0.0414996114580723565735 -0.0206317684081849875288 -0.0316260289393082219545 0.999286807891448636276 3.02021887567361213556
29911 739.359000 -0.346389440919398494678 0.0190713237608652261268 -0.0414989083917270823454 -0.0206338516953670572662 -0.031626666482283301296 0.999286744699154017013 3.02021124053073952709
29912 739.366000 -0.346388686044611093795 0.0190734968583466876768 -0.0414981521402624023431 -0.0206361459029470901971 -0.0316266043380572237087 0.999286699291207503038 3.02020502375189003885
29913 739.373000 -0.346388128642141968072 0.0190749531890755351371 -0.0414973736610199858688 -0.0206380281644910519578 -0.0316260439220319503062 0.999286678155634988663 3.02020092860329425477
29914 739.379000 -0.346387522567424110953 0.0190763201893773340356 -0.0414968094359289829676 -0.0206407054536069528572 -0.0316250987717026921242 0.999286652770894123776 3.02019728806616871708
29915 739.387000 -0.346387035624052652683 0.019077193923742383902 -0.0414960961000465922144 -0.0206430073441550426816 -0.0316237610683933953459 0.999286647555984508529 3.02019516616819228005
29916 739.393000 -0.346386587681630275792 0.0190778011381168219329 -0.0414957822352007565936 -0.0206456061793015600847 -0.0316223806794745099236 0.999286637549833045568 3.02019401085978556054
29917 739.400000 -0.346386217834429299689 0.019078063230945966483 -0.0414955226002919480566 -0.020647898764422883966 -0.0316209401057493885712 0.99928663576745713204 3.02019396707867437968
29918 739.407000 -0.346385893964130553435 0.0190780941283923005658 -0.041495455070822216681 -0.0206500138950054916431 -0.0316196071192968650165 0.999286634240525106776 3.02019471283401985673
29919 739.414000 -0.34638564756976875092 0.0190779275653474023056 -0.0414955269058111253511 -0.0206516162879577871991 -0.0316185968219753685271 0.999286633093680598527 3.0201959789204693152
29920 739.421000 -0.346385366205486100455 0.0190777127156973487498 -0.0414958300758832068778 -0.0206533295319434422044 -0.0316177060245978192032 0.999286625871169675861 3.02019759383464858615
29921 739.427000 -0.346385091534035960414 0.0190775295787228363342 -0.0414962446191274314522 -0.0206547021558264216889 -0.0316171339345160881673 0.99928661560166076594 3.02019914959926216724
29922 739.434000 -0.346384815128534417905 0.0190773056824301463774 -0.0414967790083937970724 -0.0206557701496416501463 -0.0316168802171489793373 0.999286601553758369043 3.02020082003322443143
29923 739.441000 -0.346384564546048490108 0.0190771052258365096665 -0.041497362406826568404 -0.0206565214417996322049 -0.0316169396426856166848 0.99928658414368543017 3.0202022617346946376
29924 739.447000 -0.346384268328005340276 0.0190771163396344298202 -0.041497912173113646328 -0.020656871460943124208 -0.0316172804982500638138 0.99928656612372257495 3.02020315476721723513
29925 739.455000 -0.346383904970336387041 0.019077223820193570103 -0.0414985891623087799207 -0.0206569695781740093887 -0.0316180249966724821742 0.999286540539377265979 3.02020380883729577803
29926 739.462000 -0.346383642777284117553 0.0190773073753761103488 -0.0414991086210978188387 -0.0206568796468220294837 -0.0316188494662101027277 0.999286516311357897457 3.02020441247029536314
29927 739.468000 -0.346383324167464201615 0.0190777238397878828868 -0.0414994499381818870987 -0.0206562516713290622583 -0.031619872448925570585 0.99928649692328208598 3.02020389430101987571
29928 739.475000 -0.346382991175961052477 0.0190782558049386943844 -0.0414997241413214285055 -0.020655431633033866784 -0.0316210211881709848947 0.999286477524373606407 3.0202028736209669546
29929 739.482000 -0.346382656128465971079 0.0190789484152292694585 -0.0414998362004219134569 -0.0206543719756919902375 -0.0316222316127108410422 0.999286461124197278316 3.02020125393560823213
29930 739.489000 -0.346382334638264011151 0.0190797661416240056653 -0.0414997705806014194341 -0.0206530953533019326351 -0.0316234364295387981869 0.999286449383115837897 3.02019918485885829895
29931 739.496000 -0.346382033688677926087 0.0190806829371460984213 -0.0414995298826180900043 -0.0206516581158839342136 -0.0316245797404617612347 0.999286442904787741703 3.02019676604188669344
29932 739.504000 -0.346381762985872088123 0.0190816344410811924992 -0.0414991047525861550538 -0.0206501131207189360384 -0.0316256708185930421329 0.999286440302967204907 3.02019419662560029138
29933 739.510000 -0.346381557442538123848 0.0190825118820125566588 -0.0414986265675002657938 -0.020648754195452159732 -0.0316264806415657781513 0.999286442754230841423 3.02019180310863077921
29934 739.517000 -0.346381355125749523793 0.019083535779653569564 -0.0414979595473631765468 -0.0206471771935544771981 -0.0316272782968446894425 0.999286450094001743594 3.02018903203809285785
29935 739.524000 -0.346381163390361124232 0.0190847123777103805375 -0.041497151881445273891 -0.0206455644172143619464 -0.0316280030204771911428 0.999286460478090887705 3.02018589323637831612
29936 739.531000 -0.34638104473732328481 0.0190856559183815652214 -0.0414963534216512483499 -0.0206442406767732081208 -0.0316284738708292184617 0.999286472923296309467 3.02018346521213487677
29937 739.538000 -0.346380967801239780801 0.0190865161559777632427 -0.0414955447623025913684 -0.0206430721331016080178 -0.0316287578207696679078 0.999286488076178702755 3.02018138435535066222
29938 739.545000 -0.346380921512418671337 0.0190872897934552289423 -0.0414947645234937795289 -0.0206421369090525573531 -0.0316289100009610815722 0.999286502578704327604 3.02017964682904516138
29939 739.552000 -0.346380905843588493553 0.0190879537972311885685 -0.0414940433308460393524 -0.0206414206487334113416 -0.0316289012497912025434 0.999286517651135408613 3.0201783549140559515
29940 739.560000 -0.346380913143578716973 0.0190884830821419493319 -0.0414933731062045521587 -0.0206409237563673214622 -0.0316287832368387505921 0.999286531650177334285 3.02017754905685054112
29941 739.566000 -0.346380922054165152346 0.0190889669471918169141 -0.0414928871020320000351 -0.0206407785118915797218 -0.0316285691324304438221 0.999286541426961272272 3.02017700927339260986
29942 739.572000 -0.346380936184843668535 0.0190892758314035668188 -0.0414925361142930160252 -0.0206408156184378389908 -0.0316283228665453566841 0.999286548455074030706 3.02017692063817522197
29943 739.579000 -0.34638094631891924724 0.0190895554817468726672 -0.0414922474088687681659 -0.0206410885291280626896 -0.0316279931302936440085 0.999286553254311926686 3.02017712015989125973
29944 739.586000 -0.346380947074955480858 0.0190897513020747630619 -0.0414920869113219181745 -0.0206415519231331161254 -0.0316276018360988689371 0.999286556067028208794 3.02017763863574595362
29945 739.593000 -0.346380925345832479945 0.0190898921976369907727 -0.0414920499957393620893 -0.0206422123570180610086 -0.0316272107453356293716 0.999286554802714110934 3.02017834035207455301
29946 739.598000 -0.346380897728718550876 0.0190899593033347150794 -0.041492090770222006535 -0.0206427524809146209495 -0.0316269068735777550416 0.999286553262687338162 3.02017896063315127719
29947 739.603000 -0.346380862719053328469 0.0190899648497523111157 -0.0414921915252134121399 -0.0206432756605409856165 -0.0316266715648801030603 0.999286549902344223284 3.02017959215680642515
29948 739.607000 -0.346380807549025448999 0.019090053330684725319 -0.0414922862354534585649 -0.0206438766669226302086 -0.031626394756991145496 0.999286546247289408917 3.02018012267900370915
29949 739.614000 -0.346380718389691588666 0.0190900646861220345263 -0.0414925234082967608895 -0.0206447221733241197128 -0.031626057360786358208 0.999286539458126732427 3.02018102615383732257
29950 739.621000 -0.346380590531924936748 0.0190901245025913435249 -0.0414928015268800909343 -0.0206456406171612281975 -0.0316256705078415342736 0.999286532726442966457 3.02018189959475646944
29951 739.627000 -0.346380433297128864645 0.0190902491693110513971 -0.0414930649004482399178 -0.0206464825495639991981 -0.0316253224659638065841 0.999286526346299996959 3.02018249520342996206
29952 739.634000 -0.34638024971941239194 0.0190903605826239428089 -0.04149337147035989104 -0.0206472936809016585635 -0.0316249920854626623279 0.999286520042799830676 3.02018306066278530153
29953 739.641000 -0.346380043553260519307 0.0190905104690741525553 -0.0414936622775730484802 -0.0206479906442688654344 -0.0316246731446975792856 0.999286515735524849546 3.02018343437785174999
29954 739.647000 -0.346379852455996617433 0.0190906769282389691955 -0.0414938826914734160134 -0.0206484880310582701035 -0.0316244293332876708069 0.999286513173962109846 3.02018356654692121666
29955 739.655000 -0.346379616695067504839 0.0190908838316228013365 -0.041494113743146293638 -0.0206489649642015021813 -0.0316241819105973487325 0.999286511149026113188 3.02018360019653453463
29956 739.662000 -0.346379378328342923954 0.0190911704706139759291 -0.0414942552226366459522 -0.0206492319978474545006 -0.0316239445023781540201 0.999286513144258092822 3.02018332786338739027
29957 739.669000 -0.346379140452104716807 0.0190915004928827458652 -0.0414943290506989553856 -0.0206493270265310606415 -0.0316237150961516250147 0.999286518440466342561 3.0201828697009722724
29958 739.676000 -0.346378872512355995283 0.0190919632138473113758 -0.0414943296165210112614 -0.0206492594882052883654 -0.0316234900917103170515 0.999286526956612353167 3.02018202593180395965
29959 739.683000 -0.346378649830458629211 0.0190923795605767998573 -0.0414942598231323039881 -0.0206490606274498458839 -0.0316233277977314014562 0.999286536201804853619 3.02018121487080781762
29960 739.691000 -0.346378419674803927908 0.0190928789276447394285 -0.0414940984909946131154 -0.020648656992456066589 -0.0316231417872072650965 0.999286550428811648494 3.02018022014787757001
29961 739.698000 -0.346378233397649559766 0.0190933436777824643016 -0.0414939005299803376214 -0.020648223323035730381 -0.0316230187957763225759 0.999286563281946649262 3.02017926562321870065
29962 739.705000 -0.346378072686674309821 0.0190938102603884878039 -0.0414936546176689416421 -0.0206476945093128673447 -0.0316228892409661024865 0.999286578308496986622 3.02017834463071199735
29963 739.712000 -0.346377931103264091739 0.0190942843016241696474 -0.0414933756264092082344 -0.0206471423869763713588 -0.0316227974606232836718 0.999286592620964086997 3.02017742820468271248
29964 739.719000 -0.346377814573936348985 0.0190947458424249663644 -0.041493073545376769895 -0.0206465538022440157906 -0.0316226969797875484547 0.999286607961807682443 3.02017661539618620381
29965 739.725000 -0.346377729742371909261 0.0190951349373601683701 -0.0414928066381188356826 -0.020646065102558733978 -0.031622629410658596727 0.999286620197096908669 3.0201759799486129765
29966 739.733000 -0.346377649810424736998 0.0190955527336692867935 -0.0414924794400292062946 -0.0206455093733472309914 -0.0316225693875707633551 0.999286633578195804262 3.02017539719609606763
29967 739.739000 -0.346377582345331336278 0.0190959930493238630445 -0.0414921937359982867521 -0.0206450336646347952507 -0.0316224933463650006993 0.999286645812674345635 3.02017483122459973188
29968 739.746000 -0.346377527675123697559 0.0190963939573990798548 -0.0414919109054206411424 -0.0206446204511029386686 -0.0316224411168580937792 0.999286656002290829548 3.02017443019449682851
29969 739.753000 -0.346377485185096645193 0.0190967661281788922412 -0.0414916519065307298764 -0.0206442655445308285989 -0.0316223645012875601013 0.999286665758867709286 3.02017418676339755024
29970 739.760000 -0.34637744469461712038 0.0190971232703742652137 -0.0414914236291969648618 -0.0206440168970579845942 -0.0316223039334241826093 0.999286672812309650915 3.02017402413447122456
29971 739.768000 -0.346377401796940875833 0.0190975038040423900076 -0.0414912018210506911009 -0.0206438291576176748132 -0.0316222090839059014056 0.999286679692251711415 3.02017397632451389811
29972 739.774000 -0.346377367696583060575 0.0190977749173908764591 -0.0414910639214910725858 -0.020643762350931623567 -0.0316221256223618157888 0.999286683713498713466 3.02017400635234700701
29973 739.781000 -0.346377324501163597059 0.0190980757904186740359 -0.0414909324765224199472 -0.020643749045220937538 -0.0316220006327025127124 0.999286687943626628083 3.02017410800153207617
29974 739.788000 -0.346377270197115338934 0.0190983739390267540093 -0.0414908321274545799362 -0.0206438281817245619654 -0.0316218775414636860122 0.999286690203945449085 3.02017420641038869533
29975 739.796000 -0.346377209200726177141 0.019098637095245750428 -0.0414907672852221423576 -0.0206439610074110220517 -0.0316217141233422413538 0.999286692631211836968 3.02017441527174979043
29976 739.803000 -0.346377123266413844416 0.0190989909701500537587 -0.0414906992688355222287 -0.0206441536272402755003 -0.0316215026294099088577 0.999286695344470787816 3.02017446029966496468
29977 739.809000 -0.346377048342025206651 0.0190992416272366266616 -0.0414906704817927171614 -0.0206443364248320611332 -0.0316213272974713022201 0.999286697116260280715 3.02017451405927905839
29978 739.816000 -0.346376950069664457654 0.0190995391896323224445 -0.041490647247481755866 -0.0206445659505301790104 -0.0316211041501489945049 0.999286699435672276515 3.02017452872614455828
29979 739.823000 -0.34637683650676637237 0.0190998517637380807455 -0.0414906337746969375302 -0.0206448148679660332949 -0.0316208687942110822089 0.999286701740679794703 3.02017445088448965862
29980 739.830000 -0.346376715637586041208 0.019100168929374279625 -0.0414906209128031583377 -0.0206450348043997478076 -0.0316205950563594254121 0.999286705858837387417 3.02017433192614825899
29981 739.837000 -0.346376581874228040014 0.0191005057380999390682 -0.0414906074255214085689 -0.0206452571703291537508 -0.0316203306212058180003 0.999286709632314029683 3.02017409915885082228
29982 739.844000 -0.346376443201999340005 0.0191008499938670750495 -0.0414905876140062856994 -0.0206454321689204522983 -0.0316200350211925454436 0.999286715370427125471 3.02017381985195942917
29983 739.851000 -0.346376295156208102721 0.0191012149724925917038 -0.0414905606511283137072 -0.020645593438344191084 -0.031619757147169615108 0.999286720831179864355 3.02017343010490257882
29984 739.857000 -0.346376169232044339719 0.0191015309793688553563 -0.041490527059698738277 -0.0206456788349120186343 -0.0316194985572744655111 0.999286727249207529233 3.02017307566034132194
29985 739.864000 -0.346376013926691928013 0.0191019215235303033151 -0.0414904809267702123776 -0.0206457694772003777506 -0.0316192246657234915519 0.999286734042953650459 3.0201725637639307287
29986 739.871000 -0.346375862628050812386 0.0191023158713379236084 -0.0414904198695446313483 -0.020645794289359500201 -0.0316189358149157398459 0.999286742670037475555 3.0201720384371304462
29987 739.878000 -0.346375710000902281571 0.0191027256732874822776 -0.0414903469888927498022 -0.0206457984550119863498 -0.0316186812818430931782 0.99928675063774985432 3.02017144610675813965
29988 739.885000 -0.346375563941011488378 0.0191031359342443765592 -0.0414902605767605153764 -0.0206457442793059470221 -0.0316184193362856053033 0.999286760045297706156 3.02017086756023900307
29989 739.892000 -0.346375419435522635681 0.0191035576567726017583 -0.041490163610154742746 -0.0206456768297567996862 -0.0316181963958326109343 0.999286768492866683822 3.02017024859712046592
29990 739.899000 -0.34637528395864541908 0.0191039756357825329935 -0.0414900551560599892276 -0.0206455607062622746584 -0.0316179690419636297283 0.999286778085643145886 3.02016966896639971196
29991 739.905000 -0.346375171681661986334 0.0191043374381927796857 -0.0414899554764576738997 -0.0206454519855228980918 -0.0316177980759061588723 0.999286785741282934659 3.020169170464785946
29992 739.911000 -0.346375064503902596602 0.0191046987318961337954 -0.0414898502677868014077 -0.0206453310017817998068 -0.0316176399774466612702 0.99928679324310276666 3.02016868975448415924
29993 739.918000 -0.346374963679151715024 0.0191050431381299991307 -0.0414897381196265430114 -0.0206451974759926243363 -0.0316174959396692198399 0.999286800559120003129 3.02016827716897529044
29994 739.924000 -0.346374848297494208893 0.0191054787851547454303 -0.0414896091297705660317 -0.0206450564370882702625 -0.0316173481136797773772 0.999286808150176675269 3.02016771143100948294
29995 739.930000 -0.346374756945591999457 0.0191058330966500447556 -0.0414894936817263582096 -0.0206449231286183441936 -0.0316172233628356919022 0.999286814851391036463 3.0201673095003793712
29996 739.937000 -0.346374657394749208006 0.0191062391542373526121 -0.0414893572623714693148 -0.0206447623185605916296 -0.0316170754313819246661 0.999286822854167477992 3.02016689157425410883
29997 739.943000 -0.346374574719776673337 0.0191065864368311424948 -0.0414892408653861829992 -0.0206446408266304191892 -0.0316169633120713597374 0.999286828911530644604 3.02016654680092067053
29998 739.950000 -0.346374480454613220548 0.0191069908607857455451 -0.0414891069012510160796 -0.0206445216094073395741 -0.0316168466464922456871 0.999286835065713585635 3.02016615682874256521
29999 739.957000 -0.346374392382661377976 0.0191073848757626688077 -0.0414889743911358993556 -0.0206443981563902666243 -0.0316167078186943839579 0.999286842008573428231 3.02016582665003108232
30000 739.964000 -0.346374302940026634889 0.0191077823099786575645 -0.0414888464384339239466 -0.0206443132311227572906 -0.0316165881923522393282 0.999286847547935286329 3.02016548224439906889
30001 739.971000 -0.346374217338979661918 0.0191081710030935846001 -0.0414887216603516267854 -0.0206442271663936048609 -0.0316164405246852353581 0.999286853998015534017 3.02016518354904794919
30002 739.978000 -0.346374128078259735375 0.0191085651344661822115 -0.0414886027047889696662 -0.0206441808032718152055 -0.0316163070029804177397 0.999286859180313236095 3.02016485530191536313
30003 739.985000 -0.346374040531487570327 0.0191089527333691625022 -0.0414884877500936583017 -0.0206441327308401964546 -0.0316161414469581791842 0.999286865411427971395 3.02016455733541588913
30004 739.993000 -0.346373934583225961958 0.0191094026804027768141 -0.0414883632584538836197 -0.0206441120039749792525 -0.0316159537717591657136 0.999286871777403717942 3.02016417685667182269
30005 740.000000 -0.346373839660791049688 0.0191097978811538282695 -0.0414882595363466333271 -0.0206441164023746029366 -0.0316157874743122208061 0.999286876947928504045 3.02016382538219030351
30006 740.007000 -0.346373741718288941094 0.0191101937869416899085 -0.0414881613111451122422 -0.0206441173022200406828 -0.0316155847092242786589 0.999286883344470799884 3.02016347015644281981
30007 740.013000 -0.346373654009495879347 0.0191105385176843570183 -0.0414880801307403457301 -0.0206441325064118802457 -0.0316154132545014565636 0.999286888454864463682 3.0201631319285402455
30008 740.021000 -0.346373532673467710019 0.0191110031632097041032 -0.0414879760932370736382 -0.0206441601754511552813 -0.031615175071494257264 0.999286895418852627593 3.02016264978616266745
30009 740.028000 -0.346373420757726813157 0.0191114183466655485066 -0.0414878889286827284844 -0.020644198539990804564 -0.0316149701020000464813 0.999286901111033021294 3.0201621797942390657
30010 740.036000 -0.34637329028416752319 0.0191118955183512059803 -0.0414877915759985643751 -0.0206442316450508693559 -0.0316147167138357831906 0.999286908443660859547 3.02016162647899077953
30011 740.043000 -0.346373174352854362734 0.0191123153437266074528 -0.0414877075400323161447 -0.020644248430171062425 -0.0316144805055553410056 0.999286915569856271091 3.02016113014114928603
30012 740.050000 -0.346373055770085536142 0.0191127425234955058975 -0.0414876234752543232576 -0.0206442638004458722811 -0.0316142505534673795564 0.99928692252729911516 3.02016059408853276835
30013 740.057000 -0.346372932503567321216 0.0191131752533518842196 -0.0414875418512883967215 -0.0206442883860671957952 -0.0316140318490868918455 0.999286928938469376504 3.02016003731766691232
30014 740.065000 -0.346372790780757999762 0.0191136755953393369656 -0.0414874473203321880721 -0.0206443002260341713916 -0.0316137761136559905517 0.999286936784431811809 3.02015937637222542378
30015 740.072000 -0.346372665207396124298 0.0191141195257649582073 -0.0414873632441280643102 -0.0206443104761336211628 -0.0316135692894940964481 0.999286943115811565619 3.02015877090681694739
30016 740.079000 -0.346372543017560707845 0.0191145593092610158181 -0.0414872763272313427318 -0.0206442914754145917522 -0.0316133464187561136205 0.999286950559090336732 3.02015819338657554027
30017 740.086000 -0.346372418343075805236 0.0191150075027209202794 -0.0414871883696459053947 -0.0206442840912279268473 -0.0316131524275328409934 0.999286956848709384538 3.02015757995417910564
30018 740.093000 -0.34637229807530700576 0.0191154504000579407441 -0.0414870969750447543545 -0.0206442480326006934377 -0.0316129430687771273423 0.999286964216835271735 3.02015700146295040796
30019 740.100000 -0.346372176239244600193 0.0191159005181553293129 -0.0414870041315969426132 -0.020644224806078668305 -0.0316127627741533273609 0.999286970400365626155 3.02015639353488696273
30020 740.107000 -0.346372059524076125747 0.0191163442450098912395 -0.0414869076849304907473 -0.0206441747049852276918 -0.0316125667052501307941 0.999286977638083939723 3.02015582599931908803
30021 740.114000 -0.346371941727724286242 0.0191167942803512833083 -0.0414868098520504990923 -0.0206441396514357132508 -0.0316123986977191254177 0.999286983677175832952 3.02015523299307986349
30022 740.120000 -0.346371843865748763047 0.0191171767991843641332 -0.0414867237279373801684 -0.0206440976386936016207 -0.0316122491438531605379 0.99928698927622938708 3.02015474637563663407
30023 740.128000 -0.346371733648499602332 0.0191176121679080199267 -0.0414866212192754185706 -0.0206440360335702483008 -0.0316120701886937055525 0.999286996210112632433 3.02015422568499136702
30024 740.132000 -0.346371652823647346864 0.0191179402816700205747 -0.0414865471946301300754 -0.0206440081813596201799 -0.0316119583205098086953 0.999287000324406426977 3.02015379298773023464
30025 740.136000 -0.346371590427383191368 0.0191181942968507573299 -0.041486487317000053654 -0.0206439776626077264865 -0.0316118630522920496251 0.999287003968644005347 3.02015348053918630811
30026 740.143000 -0.346371484173260579809 0.0191186350466750511201 -0.0414863810946694971937 -0.0206439143152854116814 -0.0316116862244250063085 0.999287010871146907931 3.02015295586592857902
30027 740.151000 -0.34637136266850898636 0.0191191419504705452381 -0.0414862593586939332191 -0.0206438551573790256277 -0.0316114971636570138425 0.999287018074043298377 3.02015234295935819375
30028 740.159000 -0.346371245890616963337 0.019119645880832758511 -0.0414861349290276404389 -0.0206437869957709248248 -0.0316113003901056163758 0.99928702570688854312 3.02015173707337680753
30029 740.168000 -0.346371106588448163244 0.0191202221446284820194 -0.0414860008443127883937 -0.0206437526906344433197 -0.0316111024520652622583 0.999287032677104614109 3.02015103059956491194
30030 740.176000 -0.346370987263723062455 0.0191207307564050139892 -0.0414858798777498760657 -0.0206437067672355298309 -0.0316109049078910700481 0.999287039874836358067 3.02015041354839430809
30031 740.184000 -0.34637086794587323979 0.0191212403429343105743 -0.0414857599971486107338 -0.0206436656780876089112 -0.0316107040102506509083 0.99928704707873994284 3.02014979040080344674
30032 740.193000 -0.34637073438964416372 0.019121812618401942685 -0.0414856264804272373281 -0.0206436156088514420615 -0.0316104622082746811174 0.99928705576204335248 3.02014909422256794258
30033 740.201000 -0.346370613018607109712 0.0191223268453963105018 -0.0414855101852419361208 -0.0206435855594259004553 -0.0316102528388991083075 0.999287063005776965419 3.02014844674160221061
30034 740.210000 -0.346370473180638460686 0.019122912059499022619 -0.0414853821333132782856 -0.0206435673516533087224 -0.0316100239791639592291 0.999287070621367901069 3.0201476840132244206
30035 740.218000 -0.346370348653247117632 0.0191234326243879156071 -0.0414852697936051659222 -0.0206435461249274664064 -0.0316098074350467939109 0.999287077909700172107 3.02014700488342535678
30036 740.227000 -0.34637021164659986816 0.019124016006951037594 -0.0414851426096764785978 -0.0206435033171998953694 -0.0316095435587670225974 0.99928708714102743027 3.02014624366625650254
30037 740.235000 -0.346370080516437972573 0.0191245456833118790407 -0.0414850360469426332477 -0.0206435002312309323624 -0.0316093315568353253053 0.999287093910820600762 3.02014553095704441077
30038 740.244000 -0.346369933324426060306 0.0191251464079692304332 -0.0414849154932608737978 -0.0206434934045629861488 -0.0316090935641657883037 0.999287101579975245436 3.0201446979400659032
30039 740.253000 -0.346369803266629583405 0.0191256772530796342879 -0.0414848094917620313637 -0.0206434786612886105039 -0.0316088755663619727643 0.999287108780150035159 3.0201439711720996506
30040 740.261000 -0.346369657689908017062 0.0191262790293083989601 -0.0414846880600196754596 -0.02064344779198658969 -0.0316086175188249121626 0.999287117580231809555 3.02014314442788966986
30041 740.269000 -0.346369526487692591665 0.0191268166643890624723 -0.0414845815876754842044 -0.0206434288898927030542 -0.0316084019847398534075 0.999287124788285852084 3.02014239563054198712
30042 740.277000 -0.34636939521904019923 0.0191273558207348572113 -0.0414844749057455344787 -0.0206434080696550857625 -0.0316081888758455789579 0.999287131959207486354 3.02014164308452892627
30043 740.285000 -0.346369278911932476639 0.0191278302493596563671 -0.0414843826321603728613 -0.0206433995082845531122 -0.0316080176679943425366 0.999287137551485349363 3.02014097153454263989
30044 740.292000 -0.346369148233483914456 0.0191283728782644726896 -0.0414842740787101510458 -0.020643373519945572292 -0.0316078072373125115724 0.999287144744374633554 3.02014021106016805618
30045 740.300000 -0.346369018142256568371 0.0191289145182172125315 -0.0414841657050249862371 -0.0206433466266957785229 -0.0316076012388885677074 0.999287151815719809633 3.02013945656142723806
30046 740.308000 -0.346368891178516269402 0.0191294543440423958636 -0.0414840547220277772178 -0.0206433107905266942372 -0.0316073950060903677284 0.999287159079178199939 3.02013870427802322283
30047 740.316000 -0.346368760066212699744 0.0191299985527218496806 -0.0414839468693513138686 -0.020643288688772815781 -0.0316071964035947935989 0.999287165817522415878 3.02013795223006065171
30048 740.324000 -0.346368632053680569616 0.0191305415690749547331 -0.0414838363254594888474 -0.0206432570893291186809 -0.0316069944381435277703 0.999287172858398520248 3.02013719955676673834
30049 740.331000 -0.346368522563653968849 0.0191310131498848012832 -0.0414837384024330652066 -0.0206432179323354329792 -0.0316068079039447252798 0.999287179567275862802 3.02013655993587981641
30050 740.339000 -0.346368396287014324031 0.019131555925177325117 -0.0414836265971743889391 -0.0206431841153401074429 -0.0316066082478970514225 0.999287186580836928051 3.02013581066226644012
30051 740.346000 -0.346368284678874038818 0.019132034402978316534 -0.0414835289774823784414 -0.0206431644648111742302 -0.0316064448287801461057 0.999287192155570491714 3.02013513777584652331
30052 740.354000 -0.346368159376080897438 0.01913257798944419108 -0.0414834165668214877032 -0.0206431304941911246409 -0.0316062451011355563524 0.999287199174494933374 3.02013438637264863829
30053 740.361000 -0.346368051590194236944 0.0191330509321040002912 -0.0414833175876510376612 -0.0206430909876332731312 -0.0316060587471500356593 0.999287205884748508389 3.02013374345976881585
30054 740.369000 -0.346367926734825082313 0.0191335960276172757644 -0.041483205111732049386 -0.0206430581743925582738 -0.0316058577315680502839 0.999287212920419665174 3.02013298577552502522
30055 740.376000 -0.346367815909920995221 0.0191340771503331896763 -0.0414831073590095425474 -0.0206430403954895244634 -0.0316056922259752570703 0.999287218522356135431 3.02013230197031523616
30056 740.384000 -0.346367694090489786074 0.019134620259241359036 -0.0414829934135726580147 -0.0206429917950957421413 -0.0316054745690056912433 0.999287226410412676714 3.02013155286120138499
30057 740.392000 -0.3463675659386861172 0.0191351725344246041682 -0.0414828835660945721697 -0.0206429803116320621792 -0.03160528796081448627 0.999287232549664672376 3.02013076271601876854
30058 740.400000 -0.346367457157989833139 0.0191356520003143210085 -0.0414827867230236901896 -0.0206429467707023237 -0.0316050997604777894612 0.999287239194893595062 3.02013009406916399513
30059 740.407000 -0.346367331519072674251 0.0191362031545017040324 -0.04148267508023621708 -0.0206429174939645639075 -0.0316048915313627276635 0.999287246385456739972 3.02012930740528373619
30060 740.414000 -0.346367219632677969532 0.0191366903207004918075 -0.0414825789127740707229 -0.0206429035545328404266 -0.0316047232838525121723 0.999287251994635195018 3.02012859725866888994
30061 740.422000 -0.346367093216306209946 0.0191372447704756219744 -0.0414824688163582949718 -0.0206428766633906454753 -0.0316045184167584869428 0.999287259029506991226 3.02012779917148099784
30062 740.430000 -0.346366966424728583984 0.0191378007413976480855 -0.0414823591361509758091 -0.0206428504504725315871 -0.0316043137209705768398 0.999287266044907696028 3.02012699511618798454
30063 740.438000 -0.346366839304784845943 0.0191383581559614775192 -0.0414822498269489040035 -0.020642824835789871929 -0.0316041093271229381334 0.999287273038358292432 3.02012618558487311304
30064 740.446000 -0.346366711918400238535 0.0191389168955070979039 -0.0414821408366459476458 -0.0206427996987828925313 -0.0316039053843068518113 0.999287280007634115542 3.02012537123107982495
30065 740.454000 -0.346366588360528915302 0.0191394712039679171234 -0.0414820299174670573117 -0.0206427564445323501185 -0.0316036863447415536377 0.999287287828577897031 3.02012457642313103534
30066 740.462000 -0.346366475851538402342 0.0191399637875620601268 -0.0414819354565125197887 -0.0206427395020124734848 -0.0316035171924564511903 0.999287293528201669979 3.02012385023678708862
30067 740.469000 -0.34636634623779877229 0.0191405259771791624868 -0.0414818284758993044425 -0.0206427200626754618618 -0.0316033126721559295969 0.9992873003979184654 3.02012302685971301131
30068 740.476000 -0.346366232726179723578 0.0191410218644686644374 -0.0414817343186961312584 -0.0206427087693867861162 -0.0316031467262428492071 0.999287305879376308582 3.02012228503858137785
30069 740.484000 -0.346366105179540806347 0.0191415850008704521712 -0.0414816260058798180754 -0.0206426835784182943767 -0.0316029458253598224959 0.999287312753364576068 3.02012145652239016869
30070 740.492000 -0.346365995083401378984 0.0191420773191367694921 -0.0414815314939093321422 -0.0206426522793952751944 -0.0316027629429091877489 0.999287319183650213361 3.0201207417278737033
30071 740.499000 -0.346365868092356310459 0.0191426386981554466638 -0.0414814223502768045226 -0.0206426252015978091425 -0.0316025607577609876642 0.999287326137151876715 3.02011991787965472511
30072 740.507000 -0.346365741084126599336 0.0191432030098844796484 -0.0414813139566456434704 -0.0206425991192600473412 -0.0316023622128214290439 0.999287332954926998951 3.02011908680170693131
30073 740.515000 -0.346365628263254066166 0.0191437038098439156475 -0.0414812203524907163743 -0.0206425875557641365365 -0.0316022022765901078323 0.999287338251752199625 3.02011833268270946107
30074 740.523000 -0.34636548773918823807 0.0191443327870951911229 -0.0414810969840774673711 -0.0206425464588800497423 -0.0316019661611511570865 0.999287346567764078742 3.02011742110557790397
30075 740.531000 -0.346365375282809750956 0.0191448345400868254196 -0.0414810032623182042832 -0.0206425346598694756106 -0.0316018066026094932019 0.999287351857446215497 3.02011666378973053781
30076 740.539000 -0.346365251574668631118 0.0191453971869211293788 -0.0414808925916490128794 -0.0206425006694534035612 -0.0316016066433894085574 0.999287358883153342681 3.02011583131011951409
30077 740.546000 -0.346365123188735857251 0.0191459628388986717595 -0.0414807855297202460187 -0.0206424815694273670885 -0.0316014102122390352911 0.999287365489654133555 3.02011499935374594372
30078 740.554000 -0.346364997004193653218 0.0191465303408367669424 -0.0414806770107286892912 -0.0206424551077576817759 -0.0316012115130947512931 0.999287372319909161789 3.0201141561744910824
30079 740.563000 -0.34636485711324577208 0.0191471656508700287247 -0.0414805542342120900368 -0.0206424144585175863009 -0.0316009776958464244645 0.999287380553757098589 3.02011322317413322125
30080 740.570000 -0.346364745524973538515 0.0191476660685410346452 -0.0414804597162410915168 -0.0206424008590187883783 -0.0316008159358087542534 0.999287385950091255893 3.02011246562158275353
30081 740.578000 -0.34636461982262162218 0.0191482348961824581923 -0.0414803511372929395451 -0.0206423737239248561437 -0.0316006184735845782607 0.999287392755021763868 3.02011161623990620484
30082 740.585000 -0.346364511412849740424 0.0191487299737570434988 -0.0414802556568296607042 -0.0206423399359146608756 -0.0316004346178168360471 0.999287399267065223896 3.02011088719626386023
30083 740.592000 -0.346364399780086984482 0.0191492322166531281358 -0.041480161309649196677 -0.0206423266859604263856 -0.0316002730125814063067 0.999287404651194588467 3.02011012178695370523
30084 740.600000 -0.346364273973224001679 0.0191498032252675823295 -0.0414800529762829398028 -0.0206423001783978959933 -0.0316000756839076163418 0.999287411438829376031 3.02010926310756344648
30085 740.608000 -0.346364152125033519791 0.0191503694282387885994 -0.0414799425752609002283 -0.0206422555176389438403 -0.0315998627944479373864 0.999287419093484174937 3.02010842471564711076
30086 740.615000 -0.346364041309229264698 0.0191508709316241948484 -0.041479847745594114472 -0.020642236297417952684 -0.0315996955038725657605 0.999287424780630484378 3.02010766305800260056
30087 740.623000 -0.346363913285670066422 0.019151445939843757954 -0.0414797419787874196984 -0.02064221687500209651 -0.0315994992851473185946 0.999287431386692404089 3.02010679348377486519
30088 740.631000 -0.346363787078722173973 0.0191520204314824873948 -0.041479634246999387559 -0.02064219146902412233 -0.0315993017496252193155 0.999287438157956731111 3.02010592058304316865
30089 740.639000 -0.346363661088653462805 0.0191525951411085151865 -0.0414795265360768800056 -0.0206421658090171628031 -0.0315991053308679464839 0.999287444899115029351 3.02010504683216085553
30090 740.647000 -0.346363548857459180308 0.0191531072504706953441 -0.0414794336601178037505 -0.0206421548694559614523 -0.0315989476364043342382 0.999287450111636776917 3.02010424872580696132
30091 740.654000 -0.3463634232589620221 0.019153677352356159036 -0.0414793254643164091555 -0.0206421280847425801797 -0.0315987499412255512521 0.999287456916319594136 3.02010338687623036691
30092 740.662000 -0.346363314252723597519 0.0191541834593830020972 -0.0414792317542120730911 -0.0206420970576482211423 -0.0315985715136758646415 0.999287463199332814945 3.0201026204912215789
30093 740.670000 -0.346363188309984915136 0.019154760134898057844 -0.041479124515648370386 -0.0206420719561703491784 -0.0315983769497732228104 0.999287469870155153906 3.02010173956740635148
30094 740.677000 -0.346363062810405408776 0.0191553317401065292813 -0.0414790166318406150481 -0.0206420457523570390068 -0.0315981794548010549994 0.999287476656392392727 3.02010087182887287938
30095 740.684000 -0.34636295514346515656 0.0191558345607698195245 -0.0414789213239305371017 -0.0206420158491182788307 -0.0315980051124092956027 0.999287482786910929988 3.02010010543292972685
30096 740.691000 -0.346362844482960396952 0.0191563404891766445037 -0.0414788274966201020444 -0.0206419978146534059682 -0.031597840651967259995 0.999287488359757558598 3.02009932649393997295
