13733 598.457000 28.7033413204394065588 -0.120345582306340528889 17.2462919702117787324
13734 598.461000 28.7029368257042136747 -0.119150883853032726889 17.2458505632562086873
13735 598.465000 28.7025489766964803096 -0.118065195707264980474 17.2453637980196994306
13736 598.469000 28.7021767698114800282 -0.117102844082250967528 17.2448443650634217761
13737 598.472000 28.7019073281548529053 -0.116467739601852110498 17.2444409527587119157
13738 598.476000 28.7015602102280560359 -0.115740877538845307604 17.243893953290143628
13739 598.480000 28.7012259207940694239 -0.115152802804222895161 17.2433461785845274505
13740 598.484000 28.700903840229045727 -0.114701674210145751487 17.2428081418219569798
13741 598.488000 28.7005166562709206346 -0.11432307634981345168 17.2421627982531653345
13742 598.493000 28.7002187805134560961 -0.114159255767664127856 17.2416783695730408965
13743 598.499000 28.6997894577759637968 -0.11412195465751069634 17.2410213046683225002
13744 598.504000 28.6994461219432253074 -0.114256920730965924604 17.2405494695082452949
13745 598.510000 28.6990496810894022417 -0.114580847319548970176 17.2400863331746840856
13746 598.516000 28.698668347175480875 -0.115039501231850638252 17.2397436482955370707
13747 598.523000 28.698240346017083624 -0.115686351681496310539 17.2394992213204254483
13748 598.529000 28.6978854411038533101 -0.116289445667922861083 17.2394186871995351851
13749 598.535000 28.697540806153352122 -0.116899029178836599829 17.2394478868156113549
13750 598.542000 28.6971486952845857843 -0.117576962849650079601 17.239601781679500192
13751 598.549000 28.6967658460120240704 -0.118182811304111637374 17.2398578580163679419
13752 598.555000 28.6964428247746994316 -0.118623239596393245665 17.2401341134682155598
13753 598.562000 28.6960721585369498143 -0.119030564815799932976 17.2404931403286560965
13754 598.568000 28.6957572881113733843 -0.119282785178245115398 17.2408079957993614073
13755 598.574000 28.6954449444437251771 -0.119446474361655424756 17.2411090863392146844
13756 598.579000 28.6951861853814484959 -0.119518573584661294551 17.2413374233245662026
13757 598.584000 28.6949282278133495083 -0.119537211583289795791 17.241536544876304049
13758 598.590000 28.6946199196364375439 -0.119497383739126772362 17.241728329540638498
13759 598.597000 28.6942611612360316542 -0.119380099891690044656 17.2418785955528015563
13760 598.603000 28.6939547267687586896 -0.119233704535494519638 17.2419414018691021795
13761 598.609000 28.6936494129358941052 -0.119058739928193185742 17.2419449007412275421
13762 598.616000 28.6932947664750450656 -0.118835124190016100387 17.2418805724187755857
13763 598.623000 28.6929422889172869304 -0.118607502830027425333 17.2417552105844649191
13764 598.629000 28.6926423585549841277 -0.118421142987238423028 17.2416116147652225266
13765 598.635000 28.692345179339298511 -0.118250851581754551356 17.2414471700725471237
13766 598.643000 28.691953634254979022 -0.118058731484828163816 17.2412165525353948681
13767 598.650000 28.6916163132694457261 -0.117929423965773161331 17.2410240789730444533
13768 598.657000 28.6912842888813663933 -0.11783867166993805542 17.2408577100371545043
13769 598.664000 28.6909581874123951195 -0.117786075766757772354 17.2407304018542113511
13770 598.672000 28.6905935295455378764 -0.117768653098020828485 17.2406445010971012266
13771 598.679000 28.6902815026379300889 -0.117785654753274141027 17.240626258097154988
13772 598.687000 28.6899327651651532278 -0.117833856839699949171 17.240670264840666448
13773 598.694000 28.6896349493420608212 -0.117894149589283847579 17.2407603391702792806
13774 598.701000 28.6893433349952218236 -0.117964563362982249872 17.2408902359720741515
13775 598.707000 28.689098370191061349 -0.118028560549996525131 17.24102521217389139
13776 598.714000 28.6888181494774769931 -0.118102823217949598478 17.2411996248126691
13777 598.720000 28.6885823551240832785 -0.118162871909578345853 17.2413546303579572339
13778 598.725000 28.688388770507369685 -0.118208642073566280728 17.2414817196652521147
13779 598.730000 28.6881979770286044129 -0.118249618553984525704 17.2416022569276705667
13780 598.735000 28.6880095101942913516 -0.118284904124397877156 17.2417125849634409462
13781 598.739000 28.687860553089787885 -0.118308828429225132428 17.2417911639191494544
13782 598.744000 28.6876765610496100578 -0.118333147892781570532 17.2418749758294183039
13783 598.751000 28.6874227646315347329 -0.118356545589048206546 17.2419619944584248117
13784 598.756000 28.687244003083037569 -0.118365992344323128771 17.2420004829313171513
13785 598.762000 28.6870325292364292125 -0.118369730954040117132 17.2420202607434447373
13786 598.769000 28.6867897087194840822 -0.118364712721579695698 17.2420076852094084074
13787 598.775000 28.6865850719336670238 -0.118353601808648123406 17.2419686151847102451
13788 598.782000 28.6863506300572623786 -0.118334085872605340728 17.2418947028139903921
13789 598.790000 28.6860881109860912375 -0.118305336293361748612 17.2417811968067589135
13790 598.797000 28.6858633816986738907 -0.1182764596917206118 17.241665274836552868
13791 598.805000 28.6856126527648811475 -0.11824147446551315499 17.2415248181900757629
13792 598.812000 28.6853987850163321127 -0.118210730329132152061 17.2414040322259900506
13793 598.820000 28.6851606539938934759 -0.118176960602327102423 17.2412783427092577426
13794 598.828000 28.6849294862606747358 -0.118146094952472829887 17.2411744482049442695
13795 598.836000 28.684705363636631148 -0.11811922458325099794 17.2410989703064849721
13796 598.843000 28.6845149471369538219 -0.118099531685776637513 17.2410593583522171457
13797 598.849000 28.6843560629841149989 -0.118085803778052278457 17.2410456811861436677
13798 598.857000 28.6841502074033307679 -0.118072104510790268361 17.2410557573971594536
13799 598.864000 28.6839756315962972621 -0.118064441047539478435 17.2410887763487394864
13800 598.872000 28.6837818521964109664 -0.118060242203926760163 17.2411497811411607017
13801 598.879000 28.6836173848567597133 -0.118060311774820084207 17.2412188383424371807
13802 598.886000 28.6834575389600558992 -0.118063406756601513292 17.2412975446310667849
13803 598.894000 28.6832798107907755991 -0.11807000139755581547 17.241393108988432914
13804 598.901000 28.683128404988014637 -0.118077772998749774835 17.2414764301898486565
13805 598.906000 28.6830226919199908764 -0.118084219813730920134 17.241533198110367664
13806 598.911000 28.68291862132062775 -0.118090992435573638453 17.2415862974276699049
13807 598.915000 28.6828367091691092128 -0.118096597833745139972 17.2416252744504561178
13808 598.918000 28.6827760898357908559 -0.118100860986952202469 17.2416521210334003911
13809 598.923000 28.6826761701227717083 -0.118107723361096469961 17.2416920299286324791
13810 598.928000 28.6825780914793817544 -0.118114354653948705476 17.241725183729624149
13811 598.932000 28.6825007354519847524 -0.118119256719015727763 17.2417466977049258503
13812 598.937000 28.6824054114351945088 -0.118124732312593128114 17.2417672102656425182
13813 598.941000 28.6823303894968866246 -0.118128569102827124526 17.2417784821631876468
13814 598.946000 28.6822381614071915124 -0.118132572697531287864 17.2417863466088441271
13815 598.951000 28.6821473863417359951 -0.118135447759375816768 17.2417878050260355849
13816 598.954000 28.6820938568887093822 -0.118136717317826475671 17.2417857207908440387
13817 598.958000 28.6820232995015196309 -0.118137701589275084801 17.241779918189326537
13818 598.962000 28.6819538249945722441 -0.118137932651127583461 17.2417709428339840372
13819 598.966000 28.6818854507950717903 -0.118137405468235132111 17.2417592064682310138
13820 598.970000 28.6818181958941380572 -0.118136127519074110581 17.2417451460088848592
13821 598.974000 28.6817520803295700205 -0.118134118407616714452 17.241729213709245272
13822 598.978000 28.6816871246654514493 -0.118131409268796130907 17.2417118676700411584
13823 598.983000 28.6816075027204249182 -0.118127056051644058199 17.2416889317864487907
13824 598.989000 28.6815145535187809855 -0.118120678689799377126 17.241660588592377934
13825 598.995000 28.6814243784126006176 -0.118113186586387267085 17.2416327136295919331
13826 599.001000 28.68133703084773245 -0.118104827470537229739 17.2416065448370439128
13827 599.007000 28.6812525528977673162 -0.118095869945537182422 17.241583133257780247
13828 599.013000 28.6811709731257096223 -0.118086591841947696757 17.2415633186258219212
13829 599.020000 28.6810795667031577239 -0.118075776027495027432 17.2415455133213448846
13830 599.027000 28.6809919375239310568 -0.118065216519491700264 17.2415341054883661798
13831 599.033000 28.6809200271707140928 -0.118056763694882743687 17.2415294660425679751
13832 599.040000 28.6808398112962272819 -0.118047870999866660879 17.2415299120469178717
13833 599.045000 28.6807846827728738504 -0.1180421712299559861 17.2415339641176501573
13834 599.052000 28.6807108891313973231 -0.118035456733182622657 17.2415441360208667732
13835 599.059000 28.6806405053097677182 -0.118030065479009821372 17.2415589838949223633
13836 599.064000 28.6805925095400731095 -0.118027166580052952916 17.2415717854936758613
13837 599.070000 28.6805370626569349213 -0.118024550890356252908 17.2415890908075262189
13838 599.076000 28.6804839917588800802 -0.118022860645586549766 17.2416078282314160219
13839 599.083000 28.6804248698804791218 -0.118021856736782670971 17.2416306723033905257
13840 599.090000 28.6803689044734966274 -0.118021822694873351756 17.2416535281833631643
13841 599.097000 28.6803156104165282159 -0.118022310688345025143 17.2416757162281193416
13842 599.103000 28.6802721914473117693 -0.118023052752259743903 17.2416935592087341433
13843 599.110000 28.6802240903397773764 -0.118024056698365173435 17.2417125137801861001
13844 599.116000 28.6801848402498897883 -0.118024771759421553963 17.2417269509346589018
13845 599.123000 28.680141305444362132 -0.118025237206882516183 17.2417414691402974825
13846 599.129000 28.6801060490674686321 -0.118025266698003311605 17.2417517794873624837
13847 599.135000 28.680072606351352249 -0.118024823034695677815 17.2417601768497661396
13848 599.142000 28.6800359652106209296 -0.118023676422240125783 17.2417676397937000843
13849 599.149000 28.6800016112073734575 -0.118021666820061307823 17.2417729534660537638
13850 599.156000 28.6799699212378413904 -0.118018990908622709024 17.2417762663175082594
13851 599.163000 28.6799405622469691934 -0.118015515311948995802 17.2417781184945937412
13852 599.170000 28.6799139252373862519 -0.11801152343069339079 17.2417787346426933937
13853 599.176000 28.6798930653298214111 -0.11800766934236392447 17.2417786848222291951
13854 599.183000 28.6798710576151343332 -0.118002794804056232447 17.2417782897416671517
13855 599.190000 28.6798518608661225926 -0.11799780254380178024 17.2417777335336914746
13856 599.196000 28.6798374401708464632 -0.1179934285715711767 17.2417774663318823514
13857 599.200000 28.6798289134483646023 -0.117990531738397297357 17.2417774637265281967
13858 599.205000 28.6798193902468057104 -0.117986927578767136771 17.24177777199214745
13859 599.210000 28.6798114073910248578 -0.117983527401085364072 17.2417783532761177412
13860 599.215000 28.6798046022346042605 -0.117980177689595497337 17.2417794274158460155
13861 599.224000 28.6797960032148111509 -0.117974727302855394995 17.2417823680956878718
13862 599.232000 28.6797919054658123628 -0.117970383447475193894 17.2417862860697077565
13863 599.240000 28.679791157530694079 -0.117966564252934794088 17.2417913710564647545
13864 599.249000 28.6797941360905923602 -0.117962801700460168108 17.2417984135369728449
13865 599.257000 28.6798002424916660402 -0.117959930758986059063 17.2418056151209881932
13866 599.264000 28.6798082066635373621 -0.11795771331544657734 17.241812487769188067
13867 599.273000 28.6798216022933765146 -0.117954958513682331422 17.241822050786918652
13868 599.281000 28.6798366609259396398 -0.117952613297694186567 17.2418309057842691345
13869 599.290000 28.6798570274416917414 -0.117949943274810856164 17.2418410348155966005
13870 599.298000 28.6798779225540769744 -0.117947352755158801907 17.2418500876196851834
13871 599.306000 28.6799014424993110595 -0.117944525329932062285 17.2418590135738369895
13872 599.314000 28.6799275242751399162 -0.117941421858105188747 17.2418677101625696935
13873 599.323000 28.6799597753648924936 -0.117937542813260798358 17.2418771722531545265
13874 599.332000 28.6799953287002509228 -0.117933425987502199517 17.2418861049697262899
13875 599.340000 28.6800294419003982682 -0.117929497709656008753 17.2418936917214580262
13876 599.347000 28.6800611861759939814 -0.117925889047937978993 17.2419000754127083042
13877 599.356000 28.680104916047277186 -0.117921267217421951723 17.241907803814946476
13878 599.364000 28.6801462609699697737 -0.117917110213166392851 17.2419143886369461427
13879 599.373000 28.6801955530864809418 -0.117912467224939060406 17.2419215330065505043
13880 599.381000 28.6802419951279894406 -0.11790851670672075624 17.2419276272215711288
13881 599.390000 28.6802971913935955683 -0.117904323656653778341 17.241934259075119229
13882 599.398000 28.6803487068926798997 -0.117900760259012415965 17.2419400836721301573
13883 599.407000 28.68040940281578699 -0.117896938821646632412 17.2419466142672490605
13884 599.415000 28.6804659291993822023 -0.117893775011593232582 17.2419523668512653103
13885 599.423000 28.6805247767226312305 -0.117890759454317983757 17.241958140344650019
13886 599.430000 28.6805782375351121516 -0.117888257327623854898 17.241963188050267064
13887 599.439000 28.6806493038672343232 -0.117885001926552060447 17.2419698523777356058
13888 599.447000 28.6807149057726817887 -0.117882163379459947716 17.2419758275757395438
13889 599.455000 28.680782675292146422 -0.117879288621574665474 17.2419818975983503151
13890 599.464000 28.6808615390820520474 -0.117876008362661488515 17.241988803553471854
13891 599.471000 28.6809245310300262588 -0.117873277859266337164 17.2419943391756156359
13892 599.480000 28.6810080024525539955 -0.117869729323161115397 17.2420014690269312041
13893 599.488000 28.6810842214632515379 -0.117866387903606303911 17.2420079416587022081
13894 599.496000 28.6811623744338390907 -0.11786291428941049475 17.2420144958990810835
13895 599.503000 28.6812322238478287773 -0.117859730995482678284 17.2420203312742543744
13896 599.511000 28.681313899629078179 -0.117856057075703471448 17.2420270054546733718
13897 599.518000 28.681386958423040312 -0.117852832887984662613 17.2420328388653310014
13898 599.526000 28.6814720429008112035 -0.117849058764601208327 17.2420395818673064525
13899 599.534000 28.6815589071522083486 -0.117845278930264668604 17.2420463392122584878
13900 599.542000 28.681647528878940534 -0.117841525365783128532 17.24205309556156962
13901 599.550000 28.6817378884794713656 -0.117837826161866415786 17.2420598364245307721
13902 599.558000 28.6818299684218303014 -0.117834203647280644223 17.2420665486809703282
13903 599.567000 28.6819355048206325876 -0.117830191599629027777 17.2420740944869059774
13904 599.574000 28.6820192254849573033 -0.11782724213260072077 17.2420798444829657114
13905 599.579000 28.6820796570115064128 -0.117825101483019681337 17.2420839989413003934
13906 599.584000 28.6821409180337383305 -0.11782309259501533294 17.2420880452694795792
13907 599.589000 28.6822026453243701383 -0.117821024531849685713 17.242092153530386156
13908 599.594000 28.6822651940408803739 -0.117819082412848094576 17.242096152799586406
13909 599.599000 28.6823282005995601196 -0.117817073688858575675 17.2421002139816188503
13910 599.603000 28.6823791336502331717 -0.117815521173912807207 17.2421034122908167774
13911 599.607000 28.6824304693672651467 -0.117813980773063695096 17.2421065964448168017
13912 599.612000 28.6824952912253436921 -0.11781211529586281539 17.2421105150091982239
13913 599.617000 28.6825605535131451518 -0.117810164884824403186 17.242114499296000929
13914 599.623000 28.6826397869250264705 -0.117807885631606573673 17.2421192058312051643
13915 599.628000 28.6827065737115169952 -0.117806031203601765944 17.2421230681688726349
13916 599.633000 28.6827737829201936393 -0.117804075414321710036 17.2421270027222846011
13917 599.639000 28.6828553279462425962 -0.117801769493704980296 17.2421316589774455963
13918 599.644000 28.68292401982946771 -0.117799877701561556131 17.2421354877468289146
13919 599.649000 28.6829931143104097657 -0.117797872693375910158 17.2421393965772900003
13920 599.655000 28.6830768949691545799 -0.117795494965706931678 17.2421440324188353088
13921 599.660000 28.6831474273332176494 -0.117793535343425917472 17.2421478527747105147
13922 599.667000 28.6832468991061766417 -0.117790638874616382381 17.2421533079404767363
13923 599.674000 28.6833476335821906389 -0.117787790698534913791 17.2421586876262864507
13924 599.682000 28.683463960042519858 -0.117784429565851292421 17.2421649026887493505
13925 599.690000 28.6835816533273373352 -0.117781020501241742715 17.2421711421554846311
13926 599.697000 28.6836856473271915036 -0.117777959618212496595 17.2421766672438323553
13927 599.704000 28.6837908334124698229 -0.11777497301060040058 17.242182129593228268
13928 599.711000 28.6838968376016545392 -0.117771881233800321254 17.2421877000416827741
13929 599.718000 28.6840040051372859864 -0.117768881749165540973 17.2421932068915637615
13930 599.726000 28.6841275672849072009 -0.117765408470988972023 17.2421995734385546939
13931 599.733000 28.684236619476539687 -0.117762338192244978008 17.2422052049882630342
13932 599.740000 28.684346795645758732 -0.117759383545746984523 17.242210764539681378
13933 599.748000 28.6844737505440896541 -0.117755985092180298635 17.2422171785729112514
13934 599.755000 28.6845857333128968492 -0.117752995684356959183 17.2422228390020109146
13935 599.763000 28.6847149302715926922 -0.117749670328079078518 17.242229259968748778
13936 599.771000 28.6848453008956347787 -0.117746383733297418916 17.2422356760174366741
13937 599.777000 28.6849438400076230948 -0.117743942264157505639 17.2422404815646785892
