14983 607.236000 28.8095056236497200075 -0.128484983763071269891 17.2209014784288818589
14984 607.241000 28.8089353248510455785 -0.1269341242619619059 17.2207447096454515645
14985 607.246000 28.8084035165694203329 -0.125364682307227415237 17.2205698278927705758
14986 607.253000 28.807718320307987625 -0.123244720275940050636 17.2203024331987926132
14987 607.258000 28.8072678539247846174 -0.12184856444100107542 17.2200996310724363525
14988 607.264000 28.8067662953712186891 -0.120358443757079006109 17.219848295376952052
14989 607.272000 28.8061567529753581596 -0.11875034162769014523 17.2195108483510743724
14990 607.280000 28.8056054987928966682 -0.11761681059589230991 17.2191897098086315054
14991 607.288000 28.8051025110879770352 -0.116958209386270245433 17.2189094457411862038
14992 607.296000 28.8046385698211615534 -0.116736438596111241628 17.2186953631636221473
14993 607.304000 28.8042037019162506795 -0.116885812880482303777 17.218568475038622978
14994 607.312000 28.8037948495407363225 -0.117321624804354374128 17.2185437896002433433
14995 607.320000 28.8034067816529386619 -0.117954567416088923482 17.2186228765501780913
14996 607.326000 28.8031274534330172798 -0.118504313513667400293 17.2187454551611374143
14997 607.333000 28.8028127854255728835 -0.119174794104998954536 17.2189452774062203844
14998 607.341000 28.8024662582882875483 -0.119919877692896276189 17.2192269587464963365
14999 607.348000 28.8021734399416082795 -0.120508919081900367498 17.2194961982241139253
15000 607.355000 28.8018890825312254833 -0.121009268743881265307 17.2197627861154884954
15001 607.362000 28.8016127676351736397 -0.121403210886773041399 17.2200048372857672518
15002 607.370000 28.8013046568805215486 -0.121713421213194547543 17.2202267196924267978
15003 607.377000 28.8010406491602495294 -0.121864241075952769999 17.2203564535663637969
15004 607.385000 28.8007434487916889054 -0.121911363962008495454 17.2204185701598397884
15005 607.393000 28.8004499812209253662 -0.121846247471137397733 17.2203852357576430165
15006 607.401000 28.8001581617787891787 -0.121696100912263904803 17.2202613997975433335
15007 607.409000 28.7998674242187675532 -0.121489999660857425634 17.2200610698468210558
15008 607.417000 28.7995767680348428996 -0.12125576778309436754 17.2198046100438588724
15009 607.423000 28.7993596667859108607 -0.121076950042596845347 17.2195903648075407943
15010 607.430000 28.7991066298060225392 -0.120877314846949787674 17.2193331012996821983
15011 607.437000 28.7988548473992409527 -0.120697766110053603117 17.2190845173588371608
15012 607.444000 28.7986044801182323738 -0.120545650049485600364 17.2188608924806096923
15013 607.452000 28.7983213811222427125 -0.120410890641196463569 17.2186532378564756129
15014 607.459000 28.7980771429987001397 -0.120328587644389056743 17.2185249912947888618
15015 607.467000 28.797802719123975379 -0.120273456688038585249 17.2184479736861462129
15016 607.473000 28.7976008016803461942 -0.120256762464793665046 17.2184406787501522729
15017 607.481000 28.79733728748649213 -0.1202621687100147857 17.2184960164459148757
15018 607.487000 28.7971443789683760883 -0.120283005076793347854 17.2185818724695174353
15019 607.494000 28.7969247040834979146 -0.120320727141093986035 17.218722400912206183
15020 607.501000 28.7967106630491755936 -0.120368048019986406683 17.2188964806906739113
15021 607.508000 28.7965022943674107125 -0.120420416880364866685 17.2190923117855732016
15022 607.515000 28.7962996869811753697 -0.120474115929522646029 17.2192972450402024265
15023 607.522000 28.7961022189987936315 -0.120525800078359057732 17.2194992350420506
15024 607.530000 28.7958827673467219199 -0.120579575361799445909 17.2197119611426572305
15025 607.538000 28.7956693390943456734 -0.120625436219940235238 17.2198919562822609919
15026 607.545000 28.7954871917969477124 -0.120658124118066603647 17.2200142249353937984
15027 607.552000 28.7953087043909938814 -0.120683434482976054136 17.2200990536910261142
15028 607.559000 28.7951339292396149006 -0.120701700726668942343 17.2201444278219142348
15029 607.565000 28.7949866552262321306 -0.120711948270500676883 17.2201524357419337719
15030 607.571000 28.7948416583014115133 -0.120717632189900822559 17.2201336519485117549
15031 607.578000 28.7946752431637165159 -0.120718993089149254083 17.2200816198139143864
15032 607.584000 28.7945350435183691218 -0.12071645955893041402 17.2200153471569130659
15033 607.591000 28.7943738671496411996 -0.120709226004284145284 17.2199187632674544091
15034 607.598000 28.7942159494865492775 -0.120698552796539848586 17.2198084956503159049
15035 607.604000 28.7940829629311956239 -0.120686998865571576411 17.2197088562808531265
15036 607.608000 28.7939956076803760254 -0.120678284804653521145 17.2196422041374717082
15037 607.613000 28.7938878474429849064 -0.120666398747850317497 17.2195609278828491995
15038 607.617000 28.7938029742344419049 -0.120656300661081961056 17.2194988931257562115
15039 607.621000 28.7937192626777473947 -0.120645757591813659881 17.2194406805389306214
15040 607.626000 28.7936164024190830446 -0.120632156894673908676 17.2193746227562343165
15041 607.630000 28.7935354354507566654 -0.120620986947797673161 17.219328133325937813
15042 607.634000 28.793455742755632798 -0.120609703681778354656 17.2192879109418051087
15043 607.638000 28.7933773540563819893 -0.120598408503742093867 17.2192543933994990368
15044 607.643000 28.7932811507192241152 -0.120584379105183714387 17.2192223927019938401
15045 607.647000 28.7932057849319065213 -0.120573425347021173648 17.2192047868418036671
15046 607.651000 28.7931317918078732987 -0.120562784206799611386 17.2191942895089127319
15047 607.655000 28.7930591821256882668 -0.120552551415042050187 17.2191907346477286467
15048 607.660000 28.7929704639482544337 -0.120540521947842482753 17.2191955645500769378
15049 607.664000 28.7929009784565330676 -0.12053153654805409678 17.2192064262436019817
15050 607.668000 28.7928327239004460125 -0.120523208080690516497 17.219222900102650442
15051 607.672000 28.7927659948793426281 -0.120515788411892282861 17.2192444134512037124
15052 607.677000 28.7926845202086951758 -0.120507365480985992323 17.2192776581075115416
15053 607.681000 28.7926207706481633863 -0.120501725944318099915 17.2193082686744389775
15054 607.685000 28.7925583628126169344 -0.120497007832508745695 17.2193417413665983418
15055 607.690000 28.7924822050164017639 -0.120492481181185662198 17.2193864875858153596
15056 607.694000 28.792422584951587794 -0.12048988675408223159 17.2194238111673207925
15057 607.698000 28.7923641503805676223 -0.120488229004505370545 17.2194617178380902089
15058 607.703000 28.792292628325444781 -0.120487387505917309394 17.2195089791303352911
15059 607.707000 28.7922367269605814499 -0.120487726511317477796 17.2195458872802085182
15060 607.711000 28.7921818898604087167 -0.120488872399929669577 17.219581436367111138
15061 607.715000 28.7921280796939740299 -0.120490757590513794528 17.2196151455915220652
15062 607.720000 28.7920622973457831506 -0.120494080560052563289 17.2196540236248090139
15063 607.724000 28.7920106687066343909 -0.120497326273358337789 17.2196821773989370286
15064 607.728000 28.7919599572067355098 -0.120501021909761363293 17.219707392335706686
15065 607.733000 28.7918977236674180631 -0.120506067027832175498 17.2197345398959136276
15066 607.737000 28.7918489769931866817 -0.120510388124537085042 17.2197525526151515862
15067 607.741000 28.7918010675147435506 -0.120514809500212649596 17.2197672561534425029
15068 607.745000 28.7917539782608358223 -0.120519222134299067162 17.2197786722615617805
15069 607.749000 28.7917076960873892233 -0.120523519960132136086 17.2197868790193808763
15070 607.754000 28.7916510553944000605 -0.120528625207479755943 17.2197927808755757439
15071 607.758000 28.7916065608364952766 -0.120532305415291904338 17.2197943054918667372
15072 607.762000 28.7915628566827699331 -0.120535569435259767856 17.219793193559720379
15073 607.766000 28.7915199452773578059 -0.120538343970915479142 17.2197896956579441508
15074 607.771000 28.7914673385582027265 -0.120540982886091135873 17.2197824310433773576
15075 607.775000 28.7914262348958018833 -0.120542448737282953397 17.2197745907466810422
15076 607.779000 28.7913859511800893642 -0.120543270049831896529 17.2197653056000170579
15077 607.783000 28.7913465004289506055 -0.120543426888123014762 17.2197548805180318254
15078 607.788000 28.7912984712685187105 -0.120542727454531234388 17.2197406612500785172
15079 607.795000 28.7912332954014225095 -0.120539908854758529011 17.2197197401608548262
15080 607.803000 28.7911622743391291124 -0.120534454126688506115 17.2196958501720231993
15081 607.810000 28.7911032567419091777 -0.120528000814979135979 17.2196763655788451786
15082 607.818000 28.7910392709082003648 -0.120519031452107239222 17.2196571672597116276
15083 607.826000 28.790979169711977903 -0.120508960690018485096 17.2196422295862845431
15084 607.834000 28.7909230046914466072 -0.120498383923714785793 17.219632218765898557
15085 607.841000 28.7908770102124549339 -0.12048912258938357378 17.2196277562552175766
15086 607.849000 28.7908282318431076874 -0.120479108954840444246 17.219627388701720605
15087 607.857000 28.7907833247267497256 -0.120470058277856686968 17.219631758029677826
15088 607.864000 28.7907471421440455117 -0.12046324926543040823 17.2196389733279922041
15089 607.871000 28.7907136277854505124 -0.120457448846332498826 17.2196487622694753838
15090 607.878000 28.7906829943855022691 -0.120452798044169306912 17.2196607829389556343
15091 607.885000 28.7906551249194215814 -0.120449301442094702796 17.2196742626250980379
15092 607.893000 28.7906261830542788971 -0.120446559582948906075 17.2196907671459662481
15093 607.900000 28.7906033194216917082 -0.120445049040587365274 17.2197055937799703429
15094 607.908000 28.7905800888317671138 -0.120444183778675828478 17.2197222397196973986
15095 607.914000 28.7905645477946983135 -0.120443914103108382085 17.2197342063162359693
15096 607.922000 28.7905462425997455966 -0.12044379688099215997 17.2197490896184639553
15097 607.930000 28.7905306105715368403 -0.120443672407669261082 17.2197624346141182627
15098 607.937000 28.7905191574285304057 -0.120443391184347436962 17.2197726373863240212
15099 607.945000 28.7905083571795117336 -0.120442569565956336675 17.2197826363456876209
15100 607.952000 28.7905008877823078706 -0.120441299319386324607 17.2197899484268539538
15101 607.961000 28.7904943224970075732 -0.120438994820197653457 17.2197973472396093086
15102 607.969000 28.7904910876526507479 -0.120436157429402543317 17.2198023699280007293
15103 607.977000 28.7904903979962369931 -0.120432674025815644736 17.2198061459113240801
15104 607.985000 28.7904922817608657226 -0.120428650805765993792 17.2198089495867634469
15105 607.994000 28.7904974244002858086 -0.120423607389470041507 17.2198113402590351484
15106 608.002000 28.790504875654686856 -0.120418924439888580524 17.2198130147732904049
15107 608.010000 28.7905149837536420421 -0.120414177820436840705 17.2198145682303440651
15108 608.017000 28.7905261076297520617 -0.120410132529576816007 17.2198159598754294564
15109 608.026000 28.7905432028747334527 -0.120405036320449590481 17.2198181640561571726
15110 608.033000 28.7905589832206025847 -0.12040139422148386783 17.2198201648638722361
15111 608.040000 28.790576595113005709 -0.120397899635880920033 17.2198226502958604556
15112 608.048000 28.7905992588674735089 -0.120394268496394174495 17.2198259797587702735
15113 608.056000 28.7906244698192885778 -0.120390947026194336522 17.2198299109599268775
15114 608.065000 28.7906558949610769105 -0.120387568189729135537 17.2198349998351005752
15115 608.073000 28.7906863171139271174 -0.120384721328107305305 17.2198401538501215668
15116 608.081000 28.7907190852196421815 -0.120381977615843113738 17.219845802168379123
15117 608.089000 28.7907541287386976592 -0.120379254445178621169 17.2198518687402106764
15118 608.096000 28.7907865132911418016 -0.120376780821190659809 17.2198574970906896908
15119 608.104000 28.7908256405189000304 -0.12037390212165667569 17.2198641133862331287
15120 608.111000 28.7908616834805499707 -0.1203713030280943036 17.2198699962555394904
15121 608.120000 28.7909101101096105424 -0.120367647010970399424 17.2198777543306214
15122 608.128000 28.7909553543437404244 -0.120364240629731222842 17.2198846165605985448
15123 608.136000 28.7910025528198758593 -0.120360662720821839922 17.2198914135966809624
15124 608.144000 28.7910516764297845782 -0.1203569459277253062 17.2198980898853797328
15125 608.152000 28.7911027032571489315 -0.120353135292999013917 17.2199046023633925984
15126 608.158000 28.7911422126652958298 -0.120350247020656997421 17.2199093604383861589
15127 608.164000 28.7911827788084622171 -0.120347358181209354577 17.2199140006744428888
15128 608.169000 28.7912174792729445016 -0.120345014155359336661 17.2199177297790839702
15129 608.173000 28.7912456923707757994 -0.120343119589263344849 17.2199206865535536792
15130 608.179000 28.7912888858591244912 -0.12034032192374886916 17.2199250191758750361
15131 608.185000 28.7913331258324056705 -0.120337590987543846532 17.2199292318466063989
15132 608.191000 28.7913784097862723854 -0.120334938565239454866 17.2199333303722674771
15133 608.199000 28.7914404072292491321 -0.120331536324268253968 17.21993863159369198
15134 608.208000 28.7915122645382446365 -0.120327848868964318307 17.2199444441872877576
15135 608.215000 28.7915699156499478306 -0.120325195133218071364 17.2199487676301750128
15136 608.223000 28.7916373992091543244 -0.120322226359866626955 17.2199536607393106635
15137 608.231000 28.7917066777614110151 -0.12031935429878638788 17.2199584789513195915
15138 608.236000 28.791750787384774668 -0.120317544202065168646 17.2199615105928351966
15139 608.241000 28.7917957643496151832 -0.120315842922144727867 17.2199644440780623711
15140 608.246000 28.7918412385243698282 -0.120314049575089579425 17.219967463750005976
15141 608.252000 28.7918968021311165728 -0.120311945568500916481 17.2199710404083212723
15142 608.258000 28.7919533191514140924 -0.120309816558579585344 17.2199746338899402076
15143 608.267000 28.7920399422562596214 -0.120306593774630390947 17.2199800317767639513
15144 608.275000 28.7921185945221758118 -0.12030358305536047181 17.2199849402526083963
15145 608.283000 28.7921988431148996312 -0.120300457524682116728 17.2199899299235354988
15146 608.291000 28.7922806536245445841 -0.120297210861281034244 17.2199950096406979583
15147 608.298000 28.7923534021080165246 -0.120294225519529701662 17.219999575818732751
15148 608.306000 28.7924380529804224693 -0.120290768501061101636 17.2200048314557356832
15149 608.314000 28.7925241752987375321 -0.120287223754395947162 17.2200101762499926394
15150 608.322000 28.7926117419687628285 -0.120283616270450047225 17.220015601742808542
15151 608.330000 28.7927007285035365669 -0.120279974500837105733 17.2200210961675601595
15152 608.338000 28.7927911129992644135 -0.120276327967007712338 17.220026645185338765
15153 608.346000 28.7928828759649988456 -0.120272704953151177154 17.2200322327020209912
15154 608.355000 28.7929878262365761543 -0.120268735839730869785 17.2200384992122756955
15155 608.363000 28.7930824629259838332 -0.120265239599272613646 17.2200441121225615859
15156 608.370000 28.7931662702369628448 -0.120262201124955878107 17.2200490570259319156
15157 608.377000 28.7932512679297154534 -0.120259326904762445243 17.220053893049200866
15158 608.382000 28.7933124376891633744 -0.120257234677777893883 17.2200574061437485796
15159 608.389000 28.7933991442942556205 -0.120254477608150930901 17.2200621885136015976
15160 608.394000 28.7934615254165500176 -0.120252464729593666615 17.2200656564604059895
15161 608.400000 28.7935371502300760937 -0.120250143892735264495 17.2200697359662484587
15162 608.407000 28.7936263703200481245 -0.120247527198085069067 17.220074409229283674
15163 608.413000 28.7937035313898235245 -0.120245271867981770586 17.2200784162922673204
15164 608.420000 28.7937943444684556482 -0.120242614643701381527 17.2200830934557345131
15165 608.425000 28.7938599427137162934 -0.120240805731825842195 17.2200863317308687783
15166 608.431000 28.7939391786935559026 -0.120238578239616450416 17.2200902436341003465
15167 608.438000 28.7940323847697712267 -0.120235922608106948761 17.2200948180600512671
15168 608.443000 28.7940996732434655314 -0.120234095622996611796 17.220097990186872039
15169 608.449000 28.7941809157721024803 -0.120231827368238647358 17.2201018322966241669
15170 608.456000 28.7942764319690489572 -0.12022910164799062438 17.2201063402082183984
15171 608.461000 28.7943453497080916748 -0.12022721266165620202 17.2201094754316521573
15172 608.468000 28.7944423568712615236 -0.120224417619208795438 17.2201139643983367478
15173 608.473000 28.7945123253092916116 -0.120222476724033758289 17.2201170934419245384
15174 608.479000 28.7945967448496666918 -0.120220062052466478142 17.2201209037293843096
15175 608.486000 28.794695913770464557 -0.120217160465152128612 17.2201254011986897297
15176 608.491000 28.7947674052953708212 -0.120215147848112796636 17.2201285455806925029
15177 608.497000 28.7948536298302002479 -0.120212654863350587586 17.2201323832256534274
15178 608.503000 28.7949404400224970857 -0.12021014362418917798 17.2201362351250004679
15179 608.508000 28.7950131329598448815 -0.120207992797647392202 17.2201395013988367566
15180 608.515000 28.7951157872872691712 -0.120205086255385062977 17.2201439872777370965
15181 608.520000 28.795189426598408744 -0.12020292538592382281 17.2201472816441665259
15182 608.528000 28.795308199307562802 -0.12019954723518620765 17.2201525058116402533
15183 608.536000 28.7954279489525823976 -0.120196182169301460374 17.2201577576927356006
15184 608.544000 28.7955486610925319724 -0.120192839459408340463 17.2201630336827911094
15185 608.552000 28.7956703220256358122 -0.12018952616114757237 17.2201683289647213826
15186 608.561000 28.7958083991795170675 -0.120185887116532108543 17.22017425781369937
15187 608.568000 28.7959164383921617514 -0.120183003353656864265 17.2201789543093397583
15188 608.576000 28.7960408689181832642 -0.120179795186213883573 17.2201842720768212303
15189 608.584000 28.7961661981320631298 -0.120176619466840647887 17.2201895852944844023
15190 608.592000 28.7962924139751805797 -0.120173471483583566011 17.2201948886887059587
15191 608.599000 28.7964036614026497318 -0.120170782690542279902 17.2201994732711618497
