4972 1038.265000 33.1322820506506019456 -0.106389298112463878687 6.36625542565825064401
4973 1038.272000 33.1319128990835736204 -0.106207547952202246977 6.36599022402868630621
4974 1038.279000 33.1315525325795618983 -0.106067065849989178306 6.36563951213026157916
4975 1038.286000 33.1312017461241552496 -0.105976206326307539896 6.36524439968909483412
4976 1038.295000 33.1307656748937802149 -0.105934189587925400855 6.36473210329825356268
4977 1038.303000 33.1303924714793183171 -0.105959764641954112818 6.36432349185703749583
4978 1038.311000 33.1300326508946625381 -0.106030206879835789402 6.3639964612918609177
4979 1038.319000 33.129685714283404252 -0.106128165123407877668 6.36377332324785793816
4980 1038.328000 33.1293100039206294127 -0.106249003807755856843 6.36365679916282456219
4981 1038.337000 33.1289488198923294249 -0.106359316982550730635 6.36367580628528184405
4982 1038.345000 33.1286392208238424928 -0.106434520807167379286 6.36378799281650309183
4983 1038.353000 33.1283397563654702367 -0.106480338986946129753 6.36396485945570589138
4984 1038.359000 33.1281214254365394822 -0.106493489515755157537 6.3641230069509662215
4985 1038.366000 33.1278730580070970291 -0.106486191897358709046 6.36431692501514856275
4986 1038.371000 33.1276995596674623812 -0.106467250943365246418 6.3644517533537934284
4987 1038.378000 33.1274616562330948 -0.106424398615967419346 6.36462221115867166077
4988 1038.385000 33.1272289474974215295 -0.106366790619916801175 6.36475862883519738489
4989 1038.391000 33.127033030877456099 -0.106309689824376787937 6.3648404720534115242
4990 1038.398000 33.1268078615412164822 -0.10623888229673660033 6.36488939410530907281
4991 1038.404000 33.1266171492564680534 -0.106178338972978902888 6.36488982833376848447
4992 1038.410000 33.126427976992019353 -0.106121021626294637086 6.36485305245130561502
4993 1038.417000 33.1262085324857622481 -0.106061458058870114463 6.36476754591992754939
4994 1038.423000 33.1260209780173227045 -0.106018773941340502254 6.36466363767979093069
4995 1038.430000 33.1258022374767193696 -0.105980424139359055702 6.3645159749673103633
4996 1038.436000 33.1256144552798517111 -0.105958001399179796431 6.36437537779496942392
4997 1038.441000 33.1254576003996703548 -0.105946682957599708219 6.36425438119745567889
4998 1038.448000 33.1252373057547586654 -0.105941491831001016743 6.36408828826857408956
4999 1038.456000 33.1249845273438907611 -0.105949033744952764158 6.36391663824269659955
5000 1038.465000 33.1246991437205693387 -0.105971052304670437794 6.36376405440685743997
5001 1038.473000 33.1244451042879646252 -0.105998720138031549132 6.36367610020049223607
5002 1038.481000 33.1241907293643436105 -0.106031169606206995826 6.36363832335014478758
5003 1038.489000 33.1239361027107648283 -0.106062241635079212987 6.36365320464302364201
5004 1038.498000 33.1236533640601251705 -0.106094577893115549205 6.36372696042190533205
5005 1038.503000 33.1234978705046714254 -0.106110183518545425629 6.36379015575810846883
5006 1038.510000 33.1232824449744853723 -0.106128449561939702805 6.363899448343490306
5007 1038.518000 33.1230399743936700929 -0.106143478282789457956 6.36404481266777288795
5008 1038.527000 33.1227723841438290719 -0.106152935942532486435 6.36421918429607291756
5009 1038.536000 33.1225104105955949763 -0.106155151028135955049 6.36438797332752059788
5010 1038.544000 33.1222823514568318615 -0.106152192729292521589 6.36452056011356326337
5011 1038.554000 33.1220028224424396512 -0.10614368019926018194 6.36464959637298210993
5012 1038.563000 33.1217565426060360778 -0.106133522374346908612 6.36472253337627780212
5013 1038.572000 33.1215140893306951853 -0.1061225467733052652 6.36475126017496428688
5014 1038.578000 33.1213541240532691745 -0.106115452705981105908 6.36474643546780605163
5015 1038.585000 33.1211694064596642306 -0.106107732545501015631 6.36471889971804660746
5016 1038.591000 33.1210117944800401801 -0.106101810119969303114 6.36467887048334901579
5017 1038.598000 33.1208292539919924025 -0.106095719896107706925 6.36461703247760901547
5018 1038.604000 33.1206732722406371749 -0.10609120574136207682 6.36455446847265537968
5019 1038.610000 33.1205175676782346272 -0.1060871959480367277 6.36448651948390331512
5020 1038.617000 33.120336628125485845 -0.106083037247349645793 6.36440482430381759826
5021 1038.623000 33.1201817376754661382 -0.106079700555574862886 6.36433617311271238037
5022 1038.630000 33.1200013407398969889 -0.106075757294313677281 6.36426157367561984302
5023 1038.637000 33.1198212660934530049 -0.106071580115316338455 6.36419638792305608632
5024 1038.642000 33.1196928611359737715 -0.1060684499091208155 6.36415709148714014987
5025 1038.648000 33.1195394332580690389 -0.106064218231700660433 6.36411930916888479715
5026 1038.656000 33.1193355737076018386 -0.106058167031056790885 6.36408563653550896078
5027 1038.662000 33.119183529899316909 -0.106053027087623374936 6.36407335646589178424
5028 1038.669000 33.1190070775618679022 -0.106046820880077205529 6.36407234124912157824
5029 1038.675000 33.1188570065553662403 -0.106041185181600911003 6.36408214853105835829
5030 1038.684000 33.1186338875026820006 -0.106032878270103186891 6.36411235531191188386
5031 1038.693000 33.1184135704660533861 -0.10602511611566552141 6.36415683521575292758
5032 1038.702000 33.1181965133996598638 -0.106018425426997839334 6.36421010053897884262
5033 1038.711000 33.1179828937707085856 -0.106013272898643873265 6.36426665168922678362
5034 1038.720000 33.117772120261676605 -0.106009828366880290429 6.36432129717370020927
5035 1038.729000 33.1175647733966656006 -0.106008498237844514533 6.36436987852503754937
5036 1038.738000 33.1173603720952485219 -0.106009056614294161491 6.36440933999612035166
5037 1038.747000 33.1171587349042937376 -0.106011181244668045709 6.36443786829384361425
5038 1038.756000 33.1169597520017333636 -0.106014350812746752095 6.36445491755304448844
5039 1038.765000 33.1167626776944672429 -0.106018031514791652437 6.3644608377211966399
5040 1038.774000 33.1165672212347175218 -0.106021639389971236711 6.36445698250801950024
5041 1038.782000 33.1163949299836701812 -0.106024164986410915357 6.36444704814348405364
5042 1038.790000 33.1162234569450291133 -0.106025750878148403156 6.36443252901354750151
5043 1038.799000 33.1160315369305848776 -0.106026179606334577943 6.36441281530745950334
5044 1038.807000 33.1158619983724733515 -0.106024957113935669462 6.36439423126783232476
5045 1038.816000 33.115672008985058028 -0.106021944082224386929 6.36437377425654826624
5046 1038.825000 33.1154832492507651409 -0.10601720337829902141 6.36435556152220183179
5047 1038.834000 33.1152954839186719482 -0.106010901053016387552 6.36434076338291543351
5048 1038.843000 33.1151089856595177707 -0.106003536180035537462 6.36433008837294167392
5049 1038.851000 33.1149444827578065542 -0.105996424923314541688 6.36432435897832693428
5050 1038.861000 33.1147405623725390456 -0.105987229827113352276 6.36432201058789015491
5051 1038.869000 33.1145791281223011993 -0.105980222151542124998 6.36432355807252214674
5052 1038.878000 33.1143992077395736828 -0.105972913139126587168 6.36432842228736017631
5053 1038.885000 33.1142607884533219931 -0.105967749842126923721 6.36433410074857164318
5054 1038.894000 33.1140846307427096917 -0.105962236923697106228 6.36434294133918143643
5055 1038.902000 33.1139297576040689819 -0.105958438459452353175 6.3643517054707832159
5056 1038.910000 33.1137766895061389505 -0.105955450624807698268 6.36436093122213719653
5057 1038.918000 33.1136250459907515165 -0.105953334080370706327 6.36437000430579757904
5058 1038.926000 33.1134749383350026619 -0.105952096027985845361 6.36437853758164706619
5059 1038.934000 33.1133264278673991043 -0.105951289880576060565 6.36438641782794256585
5060 1038.941000 33.1131974618843969438 -0.105950951722882769079 6.36439245836502642817
5061 1038.948000 33.113069664706692663 -0.105950823262721857687 6.36439773365581906717
5062 1038.956000 33.1129243060286313494 -0.105950521553828988508 6.36440266901147211343
5063 1038.965000 33.1127620935745170527 -0.105950138721606648695 6.36440686318211223949
5064 1038.972000 33.1126369067273031987 -0.105949437516216909971 6.36440931121148967264
5065 1038.981000 33.1124769098703808368 -0.105948191160752325235 6.36441129159602425602
5066 1038.989000 33.1123355929487956928 -0.105946681281014837284 6.36441213304881259205
5067 1038.998000 33.1121775433581362336 -0.10594412311859588427 6.36441243909893383801
5068 1039.006000 33.1120379615110564941 -0.105941499795466159695 6.3644120728063082737
5069 1039.015000 33.1118818162639243496 -0.105938017769441103488 6.3644112785256243825
5070 1039.024000 33.1117267261956769175 -0.105933921878093417757 6.36441037937497888777
5071 1039.032000 33.1115898476285366314 -0.105930193940587724644 6.36440944607830516588
5072 1039.041000 33.1114368686470967873 -0.105925826503608225271 6.36440853644363624397
5073 1039.048000 33.1113187281585794608 -0.105922232591521697787 6.36440811250327875825
5074 1039.055000 33.1112012342526043085 -0.105918864490827990821 6.36440777708890248476
5075 1039.061000 33.1111013705572432286 -0.105915927301860321452 6.36440780889551849242
5076 1039.066000 33.1110185629153122022 -0.105913681285846023039 6.3644079262651107598
5077 1039.071000 33.1109360762653395227 -0.105911417311961991716 6.36440820926267303292
5078 1039.076000 33.1108542259690423748 -0.105909319448729194457 6.36440870050382123679
5079 1039.082000 33.1107561431092989324 -0.10590676292427046723 6.36440944156858456893
5080 1039.087000 33.1106749872738319596 -0.10590472904789474673 6.364410307880892681
5081 1039.093000 33.1105781687457536577 -0.105902579666647900236 6.36441143631594385965
5082 1039.098000 33.1104980291072763521 -0.105900703523698611064 6.36441266742947853174
5083 1039.103000 33.110418315779867271 -0.105899085694357686371 6.3644139481829213878
5084 1039.108000 33.1103389157363849904 -0.105897447117113560622 6.36441536514796979418
5085 1039.113000 33.1102598992487671126 -0.105895821200258172246 6.36441695424143194515
5086 1039.119000 33.1101656073373433742 -0.10589411183282328166 6.3644188709726359221
5087 1039.124000 33.1100875327124128944 -0.105892552991270802454 6.36442068158313123405
5088 1039.130000 33.1099942791626276062 -0.105890962446051034584 6.36442277967246283765
5089 1039.134000 33.1099324171245186221 -0.105889778353481109341 6.36442429606343207382
5090 1039.139000 33.1098553257433891872 -0.105888313052652477397 6.36442621229877403266
5091 1039.144000 33.1097785064660925514 -0.105886972676836402241 6.36442803332143913764
5092 1039.149000 33.1097023165776249698 -0.105885548247204086536 6.36442994419222873859
5093 1039.155000 33.1096110743167812984 -0.105883863529780422597 6.36443215606664214334
5094 1039.160000 33.1095353542809149872 -0.105882397361805366542 6.36443393923622746655
5095 1039.166000 33.1094449426503700806 -0.1058806044305123234 6.36443604773040050304
5096 1039.171000 33.109369793661876713 -0.105879132976353609874 6.36443765806518424455
5097 1039.175000 33.1093100858681026466 -0.105877846671850003868 6.36443897767187660719
5098 1039.181000 33.1092206748689648066 -0.105875979606560005619 6.36444078625750364608
5099 1039.186000 33.1091464452925237083 -0.105874349964435426896 6.36444218154195784365
5100 1039.191000 33.1090724729173118135 -0.105872638505060664982 6.3644435428321850523
5101 1039.197000 33.1089840762714615607 -0.105870719060665946509 6.36444493537734246047
5102 1039.202000 33.1089107923687819834 -0.105868911444370286667 6.36444612174123491855
5103 1039.210000 33.1087939685110228538 -0.105866232173248170367 6.36444766843856513105
5104 1039.218000 33.1086779945153892868 -0.105863366256134447396 6.36444913810046841718
5105 1039.227000 33.1085482500602310552 -0.105860160631862987302 6.36445053364018065167
5106 1039.235000 33.1084334726855544773 -0.105857317641205206371 6.36445161402992631849
5107 1039.243000 33.1083197137069760174 -0.105854402938046668337 6.36445271665683698359
5108 1039.251000 33.1082066144279565378 -0.105851627296524822275 6.3644536823524209268
5109 1039.259000 33.1080942325910854152 -0.105848822507025860928 6.36445471268293250233
5110 1039.266000 33.107996483905864693 -0.105846348224841194097 6.36445563685772430773
5111 1039.272000 33.1079131387037790546 -0.1058442978148226854 6.3644564678043007433
5112 1039.281000 33.1077889035028505305 -0.105841176631479128023 6.36445782185482222815
5113 1039.286000 33.107720236721327467 -0.105839544455292144942 6.36445857025114491989
5114 1039.292000 33.1076383338038979787 -0.10583743706500041426 6.36445965013149272949
5115 1039.298000 33.107556769498089011 -0.105835441374211539078 6.36446074335892308937
5116 1039.303000 33.1074890812195548051 -0.105833746917471438476 6.36446169153982843625
5117 1039.310000 33.1073950127490661544 -0.105831472259315453877 6.36446314630141873891
5118 1039.318000 33.1072877705571642082 -0.105828708544517438583 6.36446486300804714631
5119 1039.326000 33.1071811699685341068 -0.10582604963586617064 6.36446664592206889921
5120 1039.333000 33.1070887789232983778 -0.105823696591795066158 6.36446834246235226829
5121 1039.340000 33.1069965874787897064 -0.105821404437280552902 6.36446998618105208578
5122 1039.346000 33.106918150928621003 -0.10581934682653715285 6.36447151233332153453
5123 1039.353000 33.1068268383484110018 -0.105817049248388139748 6.36447319449515624967
5124 1039.361000 33.1067232747946036397 -0.105814318320376216098 6.36447522716862135184
5125 1039.369000 33.1066201265090782613 -0.105811583528575572921 6.36447719410348078384
5126 1039.377000 33.1065176263993237171 -0.105809011063838331879 6.36447906031266708027
5127 1039.384000 33.1064283808840897905 -0.105806535823925032536 6.36448078450830578845
5128 1039.393000 33.1063141992976355255 -0.105803546491671673913 6.36448281026566675678
5129 1039.401000 33.1062136600501233374 -0.105800970023964643896 6.36448460572379648426
5130 1039.409000 33.1061132040273946586 -0.105798204871047019093 6.36448630455916752879
5131 1039.417000 33.1060132607572015218 -0.10579554729685471115 6.36448792125857210067
5132 1039.422000 33.1059513805343570425 -0.105793866459860427809 6.36448896604875002936
5133 1039.427000 33.1058896807188816069 -0.105792289695755090118 6.36448996705709202359
5134 1039.432000 33.1058277287910698305 -0.105790521109038249126 6.36449091451893789184
5135 1039.437000 33.1057664263057489507 -0.105788877445552861878 6.36449189306793261522
5136 1039.442000 33.1057051487797977529 -0.105787289901300929351 6.36449278246969374351
5137 1039.448000 33.1056320149610314729 -0.105785226459761128037 6.36449395962779007618
5138 1039.453000 33.1055714091904178531 -0.105783655852700761435 6.3644949019102172727
5139 1039.459000 33.105498572934372703 -0.105781593328738265924 6.36449598393649740302
5140 1039.464000 33.1054382222051586382 -0.105779870540227721731 6.36449695052319697197
5141 1039.469000 33.1053780124346701541 -0.105778271860777525748 6.36449781475776354966
5142 1039.474000 33.1053183098636196746 -0.105776596366504438418 6.36449878056917128788
5143 1039.479000 33.1052587813373051517 -0.105775021251707540548 6.36449972523833729099
5144 1039.484000 33.1051989932980887943 -0.10577325055732617054 6.36450063836016699526
5145 1039.492000 33.105104542573471349 -0.105770687836485355326 6.36450218067896678065
5146 1039.500000 33.1050101394701670188 -0.105767925766873771565 6.36450370692970679443
5147 1039.508000 33.1049162087387571773 -0.105765260161043012088 6.36450523078271501731
5148 1039.516000 33.1048230743197322568 -0.105762514120103900961 6.36450687691772021282
5149 1039.524000 33.1047303606447300695 -0.105759889218350403017 6.36450844223656098109
5150 1039.531000 33.1046497840901494669 -0.10575760677745345284 6.36450989466927286031
5151 1039.538000 33.1045691410897688911 -0.105755119359119936773 6.36451132966496224697
5152 1039.546000 33.1044776920822840793 -0.105752544293910288875 6.36451292184651418182
5153 1039.554000 33.1043867371064379768 -0.105749782191984276203 6.36451464517378440178
5154 1039.562000 33.1042960456693222682 -0.105747078434560437543 6.36451629726350098792
5155 1039.570000 33.1042062352008699122 -0.105744502818122504406 6.36451799667920958825
5156 1039.578000 33.1041163978878145713 -0.105741739344028862213 6.36451965712498068939
5157 1039.586000 33.1040269604734902487 -0.105739084299878757789 6.36452128710251407995
5158 1039.594000 33.1039382499923888759 -0.105736360432494666539 6.364523008136426796
5159 1039.602000 33.1038498949029076357 -0.105733768092343999312 6.3645246159753652293
5160 1039.610000 33.1037619418931399196 -0.105731131400452399438 6.36452626984456415471
5161 1039.617000 33.1036853033649833833 -0.105728787737236498701 6.36452769487860336994
5162 1039.625000 33.1035979048512984946 -0.105726160377804773161 6.36452927206956431405
5163 1039.633000 33.1035112150466090952 -0.105723460388854800795 6.36453093575237716095
5164 1039.641000 33.1034248634452055171 -0.105720886975447139755 6.36453248471792587537
5165 1039.649000 33.1033388972545736806 -0.105718263524789912733 6.36453408099638817674
5166 1039.658000 33.1032426235302636996 -0.105715266916750566528 6.36453585652796061112
5167 1039.666000 33.1031573338718985156 -0.105712609384439798488 6.36453740125365108327
5168 1039.674000 33.1030728720483082839 -0.105710072376424366047 6.36453898643268978219
5169 1039.682000 33.1029883321108044925 -0.105707338434722381004 6.36454053146534270979
5170 1039.690000 33.1029041417904608124 -0.105704703045585990395 6.36454205012147777865
5171 1039.697000 33.1028311303389770615 -0.105702368190216541843 6.36454345551856892627
5172 1039.704000 33.1027581136948967355 -0.10570009379103405267 6.36454476795018386781
5173 1039.712000 33.1026752436078410824 -0.105697390520922085422 6.36454638114731441334
5174 1039.720000 33.1025925667149962806 -0.105694684270503158618 6.36454795059919753442
5175 1039.728000 33.1025103228060757488 -0.105692140473962706282 6.3645494575957233252
5176 1039.736000 33.1024284697743951256 -0.10568940757985910428 6.3645510898147588108
5177 1039.743000 33.1023569802843837806 -0.105687129098879950551 6.36455241957256045993
5178 1039.751000 33.10227583401429996 -0.105684424882794683609 6.3645540533803979244
