29147 476.011000 -0.513577671270345481602 -0.0184961918270338879222 -0.089760300102995294047 -0.0812410910592262225371 0.364792993354692063335 -0.927537577202579011093 3.02441278784302802762
29148 476.016000 -0.513585079420244450255 -0.0185002016365810942333 -0.0897286534289604281733 -0.0812766263819097306564 0.364814102813762808353 -0.927526161567513329764 3.02442002125165743109
29149 476.020000 -0.513588220994736555092 -0.0185001178341303064434 -0.0897004100562032724575 -0.0812983417082752124472 0.364807557682816196998 -0.927526832761717656695 3.0244592848547342534
29150 476.025000 -0.513592295081613636754 -0.0184789642702824531695 -0.0896784703158289286939 -0.0813106045310169472939 0.364823853862572378137 -0.927519348177525126964 3.02451376006639760519
29151 476.032000 -0.513575575912774362486 -0.0189017626426044062227 -0.0896608423074823218668 -0.0815067831051751456872 0.365245925197056842126 -0.92733600082968414835 3.023477937529820192
29152 476.038000 -0.513581803943680137436 -0.0188961128290123514528 -0.0896312529252982909123 -0.0815346578442382036167 0.365277998611889309633 -0.927320917104923037044 3.02350080041115720775
29153 476.044000 -0.513608041104637536023 -0.0184583243014320511066 -0.0895647538288020239605 -0.081402983015486971019 0.364838724155174709551 -0.927505396056004016714 3.02470383790400942914
29154 476.050000 -0.513616710546172527962 -0.0184646971100306464542 -0.0895161106680291418503 -0.0814592455869865145202 0.36485647271156046445 -0.927493474709594534211 3.02475746066055917183
29155 476.057000 -0.513594164913804385186 -0.0188363418058354777085 -0.0895329191873483892783 -0.0816098315775879712408 0.365320324820088082607 -0.927297630571340847361 3.02381110734157587672
29156 476.064000 -0.513624746954032262991 -0.0184192108160045123211 -0.0894483069222251209185 -0.0815074258736143558712 0.364877858217030559551 -0.927480828971903759061 3.02500901733830263041
29157 476.071000 -0.513626966741961621388 -0.0183895638931600262367 -0.0894295935858940294061 -0.0815146007561877994352 0.364895502199981514035 -0.927473256939402301846 3.0251227886704832315
29158 476.077000 -0.513608378765568751589 -0.0188130994167947721007 -0.0894232579523259601961 -0.0817079731736103237472 0.365302252439793195826 -0.927296107768319277653 3.02413173528864520634
29159 476.084000 -0.513629971631254123032 -0.0183747685466761900841 -0.0893918945145014132159 -0.0815448231802084200215 0.364909758589184396449 -0.92746499119853120785 3.02529115780045732009
29160 476.091000 -0.513625698558605403576 -0.0183215771175388314473 -0.0894007498235029618439 -0.0815103592708919522103 0.364924358758350941834 -0.92746227616886733891 3.02543047344123472442
29161 476.098000 -0.513601190511795646643 -0.0187251689254038858334 -0.0894329917082577197096 -0.0816638782866475343436 0.365368228712732445729 -0.927273998573509006249 3.02439738686457859629
29162 476.105000 -0.51360089185190771488 -0.0187229427042679349991 -0.0894341106287011439191 -0.0816644023140889047108 0.365384629362187074442 -0.927267490005197814185 3.02439553671103089627
29163 476.112000 -0.513621084435311070493 -0.0182894073198342291264 -0.0894046638851589692276 -0.0815073561902528859191 0.364949979179398587004 -0.927452458934597823159 3.02553910483067500792
29164 476.118000 -0.513594559575240472427 -0.0186836145999670910633 -0.0894562285931518458293 -0.0816413331436314504419 0.365405075358344488823 -0.927261464542171731651 3.02446654214436705388
29165 476.125000 -0.513593593702198925044 -0.0186947896222546053324 -0.0894517022259555677488 -0.0816504066119452531769 0.365376447805828286075 -0.927271946350637032985 3.02445057426257468691
29166 476.132000 -0.513609839558045844221 -0.0182611300105557511353 -0.0894563606909222486241 -0.0814496918594843077877 0.364978996912511566286 -0.927446105986073909833 3.02549232599452055936
29167 476.139000 -0.513603665620118055024 -0.0182366322329276173142 -0.089482759496925121101 -0.0814190262209815995842 0.364972296558002395894 -0.927451435340096219662 3.02550449579941593825
29168 476.145000 -0.513604417773525723234 -0.0182494578814939439892 -0.0894854120466731933758 -0.0814311352861805254344 0.364988808832975963892 -0.927443874114595279146 3.02543544758852300802
29169 476.151000 -0.513577642916389298655 -0.0186450495768062524116 -0.0895404528512986075395 -0.0815623947308886654284 0.365449685963902926034 -0.927250830571020645543 3.02432118422700835225
29170 476.159000 -0.513597172107120414353 -0.0182280356578820648683 -0.0895223016386963721391 -0.0813905226632880840487 0.364997616117762435639 -0.927443972997262666702 3.02537595617435561834
29171 476.166000 -0.513573467192139476722 -0.0186520680406757656533 -0.0895677462570028948274 -0.0815399904463556396417 0.365457218381209592017 -0.927249832294984588366 3.02420778393285516472
29172 476.173000 -0.513592033331417119335 -0.0182077553988220161574 -0.0895502188026645606911 -0.0813487180116145014441 0.365021067512527497279 -0.927438411081771829636 3.02531654170131325543
29173 476.177000 -0.513594095080385559804 -0.0182293155324678886331 -0.0895425093545426098451 -0.0813683145276286740044 0.365020369426790058931 -0.927436966750011970717 3.02524991279537847078
29174 476.183000 -0.513573280638566220802 -0.0186624874072163042527 -0.0895642041243262798655 -0.0815395782131639462742 0.365442124053272754391 -0.927255817534865411922 3.02412383356453151606
29175 476.187000 -0.51359192040739920504 -0.0182224951790258618556 -0.0895599129117236048003 -0.0813380740599302237692 0.365038844015209751337 -0.927432347973835224941 3.02519576431608028244
29176 476.192000 -0.513571260584820388218 -0.0186485040640704605175 -0.0895839942783067111343 -0.081512189056150152755 0.365476818695136596027 -0.927244551362668589789 3.02409601707465691689
29177 476.197000 -0.513591763031239878501 -0.0182148675797891915207 -0.0895543059238206318184 -0.0813351585145681010847 0.365040426595663380915 -0.927431980762075114377 3.02521303976994015983
29178 476.204000 -0.513567788245919087942 -0.0186234424340668731912 -0.0895956064277042552035 -0.0814776528823367707233 0.3655001198335042778 -0.927238402182782417427 3.02412045853652955429
29179 476.211000 -0.513593755922225669863 -0.018213531190251361358 -0.0895438202629454949033 -0.0813345827215500999374 0.365043117699794750219 -0.927430972026233813033 3.02522936500493155876
29180 476.218000 -0.513572437422950445196 -0.01862815289403956312 -0.0895740459159978102965 -0.0814972876943094032276 0.365510110863297932315 -0.927232738289136659837 3.02413100844037474602
29181 476.225000 -0.513598246123749824221 -0.0182133339424745133162 -0.0895196785236196668212 -0.0813540167304271782944 0.365054901652886065744 -0.927424629142997947184 3.02526505649046661972
29182 476.233000 -0.513574973874218132508 -0.0186168434944540620024 -0.0895501816360118746418 -0.0814973538739408170928 0.365498512856042678809 -0.927237304260115857701 3.02421464397357553366
29183 476.239000 -0.513577445613856320428 -0.0186226944127790769445 -0.0895317051004443226203 -0.0815130282310709969318 0.365488194469864413616 -0.927239993708079301982 3.0242439310793853835
29184 476.246000 -0.513601549048065764147 -0.0182065242157030127146 -0.0894957274352138759665 -0.0813569325227434803072 0.365070612250972925672 -0.927418189168828899227 3.02533591165443516147
29185 476.253000 -0.513602439617855455189 -0.0181951743682794292445 -0.0894872331752469551969 -0.0813672104063065948498 0.365065094430615189047 -0.927419459521451772233 3.02539847012067442122
29186 476.260000 -0.513581477911078776444 -0.0186097468028529750006 -0.089512984933192735193 -0.0815305590693293363858 0.36551848338277281858 -0.927226512910087397046 3.02432784642862451108
29187 476.267000 -0.513601773769166936034 -0.0181623179929463023086 -0.0894806396882146387606 -0.0813537660560091219208 0.365080855248992641737 -0.927414434802029896687 3.02550880553233625392
29188 476.274000 -0.513579251148915449932 -0.0185779371039338225824 -0.0895102129209210256588 -0.0815163781486461375136 0.365524252898079271556 -0.927225485325348319776 3.02443285507213088792
29189 476.282000 -0.513604076724402780485 -0.0181506088648776819916 -0.0894673179873938240192 -0.0813735032912917266579 0.365090460020772555882 -0.927408922193399543055 3.02556743513642922849
29190 476.289000 -0.513603658461947332192 -0.0181563584738496965054 -0.0894639883342326913684 -0.0813802824595306201205 0.365075926444848541941 -0.92741404860894938178 3.02558422391865367018
29191 476.296000 -0.513581840664383726391 -0.0185745265938682124762 -0.0894962668272003963876 -0.0815442486053896686826 0.365535074470281828862 -0.927218768603929932581 3.02447641075826645363
29192 476.303000 -0.513578993236524672383 -0.0185531198065389986429 -0.0895007434358999903745 -0.0815281340737255555418 0.365533099072355927017 -0.927220964407630132698 3.02452396675682599891
29193 476.309000 -0.51360263562759489453 -0.0181253989538452814356 -0.0894660631994230320929 -0.0813808865890822408229 0.365107763873886437267 -0.927401462181824176589 3.02563061278909062324
29194 476.317000 -0.513579901220346246582 -0.0185578880179965849395 -0.089487468837828751389 -0.0815477975140589533831 0.365510540614808698834 -0.92722812803542364879 3.02453576763120368653
29195 476.325000 -0.513578195869504150473 -0.0185492574706341978308 -0.0895076584118297269299 -0.0815329872601751048933 0.365558999537352879994 -0.92721032664961278158 3.02448567863798167821
29196 476.332000 -0.513576442776773500754 -0.0185335769951182616211 -0.0895094037847520423989 -0.0815288167332331309423 0.36555026505454479846 -0.927214136950376244251 3.02452738953208610795
29197 476.340000 -0.513600879887373684696 -0.0181232108408247750975 -0.0894683465172013137057 -0.0813921407606390950873 0.365120357891729530042 -0.927395516311900092177 3.02559713243967065566
29198 476.347000 -0.51359929793749903304 -0.0181026727679010242256 -0.0894794707117245041728 -0.0813762455801142758904 0.365128740993829692396 -0.92739361069372561186 3.02561370120961292685
29199 476.354000 -0.513598758592478499274 -0.0181141283911366891834 -0.089480061523144888147 -0.0813799125767318137781 0.365113221322129866131 -0.927399399096624832417 3.02559407176918337967
29200 476.362000 -0.513574747615874405149 -0.0185244820889611007397 -0.089519688574926370439 -0.0815231696983839543291 0.365562844594691738198 -0.927209673943367507221 3.02448846768073709157
29201 476.370000 -0.513573995672756855591 -0.0185205867328167989028 -0.0895234185865640269553 -0.0815207993720609425115 0.365580468581104878201 -0.927202933699931786116 3.02446512897129426989
29202 476.377000 -0.513574224094523135165 -0.0185163140458883927753 -0.0895201881500552881787 -0.0815197726413006557022 0.365576968708454741463 -0.927204403903717389035 3.02447656090785743643
29203 476.384000 -0.513595931007790662548 -0.0180922371736718587409 -0.0894916093531465395294 -0.0813545721041316893807 0.365140091017784162997 -0.927391043481269328197 3.02557697700819083764
29204 476.391000 -0.51357652548916044033 -0.0185267845811025039238 -0.0895163503161956614074 -0.0815320529637718061089 0.365590214318468997856 -0.927198101558716847315 3.02444186674634041267
29205 476.399000 -0.513599480825022824959 -0.0181034499037566916357 -0.0894749001112152969606 -0.0813773415640252906211 0.365151842613815502681 -0.927384418736754034818 3.02555487142526180477
29206 476.406000 -0.513598572637220418535 -0.0180837412634564757841 -0.0894820833544374971691 -0.0813617398068124664245 0.365161495436441552176 -0.927381986856672835273 3.02558361671737774401
29207 476.413000 -0.513598571048316632215 -0.0180947375039817760778 -0.089478952780067885775 -0.0813648293522103299713 0.36514527094450632827 -0.927388104113562983244 3.02558252284346229644
29208 476.421000 -0.513575095564196781872 -0.0185037589374680115639 -0.0895146671257710802028 -0.0815077110672631222066 0.365593517526429490072 -0.927198939267743105219 3.02450083864675089984
29209 476.428000 -0.51357751220633263145 -0.018517654883985656955 -0.0894953454034204537448 -0.0815287173130343212346 0.365575540430993051189 -0.927204180583693582385 3.02449589209258462574
29210 476.435000 -0.513600697446614740116 -0.0180976013406957195184 -0.0894673246415317313662 -0.0813726191764292672293 0.36516794973120991763 -0.927378490874935179633 3.02558322033294624376
29211 476.443000 -0.513597394683208530175 -0.0180646324727346159478 -0.0894778545857716767209 -0.0813416494305276294163 0.36517406324601614509 -0.927378800491102328607 3.02564917199805138992
29212 476.450000 -0.513574692496183926593 -0.0184843953340161903931 -0.0895106453641334315341 -0.0815000024694217811705 0.365617746884572603072 -0.92719006291079963944 3.0245504241556404601
29213 476.457000 -0.513576857976745460022 -0.0184833654625556342843 -0.0895025217380630150332 -0.0815137305325673577894 0.365627543504524921136 -0.927184992957452158713 3.02455959810568497659
29214 476.465000 -0.51359926405965905527 -0.0180538341078580501231 -0.0894683312799554181227 -0.0813524905465228820312 0.365187067554314626072 -0.927372728719665473385 3.02568909233988092566
29215 476.472000 -0.513599051504424641834 -0.0180636685012807440831 -0.089465730148647823472 -0.0813570660370872555944 0.365170522040066725111 -0.927378842565875216586 3.02569238260133399621
29216 476.479000 -0.513600736185749084939 -0.0180722109376085307564 -0.0894585088444774523264 -0.0813692824856233065667 0.365187220922794042455 -0.927371195122245195464 3.02567010696328475561
29217 476.486000 -0.513574667709600030108 -0.0184657855426464401205 -0.0895044230838240861825 -0.0815013332958348102331 0.365634665701703054363 -0.927183274174100513498 3.02460651717650552683
29218 476.494000 -0.513599899106465418441 -0.018053654483533698033 -0.0894560928546394157346 -0.081366866964178760635 0.365193825112124892396 -0.927368806387409261305 3.02571158379935045701
29219 476.501000 -0.513598733525228667851 -0.0180330222947099744202 -0.0894642154799922123543 -0.0813534340040253517445 0.365202353536101920195 -0.927366626392951642899 3.02574385422445280014
29220 476.508000 -0.513596102570986423608 -0.0180332883296852042321 -0.0894696160581254507083 -0.0813415140324460356203 0.36518727888073765353 -0.927373608336247490236 3.02575395550643744258
29221 476.516000 -0.513574736515438834417 -0.0184519564841965424962 -0.0894996364104872765832 -0.08150428471487841664 0.365634140532044960015 -0.927183221834017468055 3.024652236876048228
29222 476.523000 -0.513599276575487539986 -0.0180393515348114541474 -0.0894568183093776975179 -0.0813682826700179717694 0.365207069958137231502 -0.927363466299985450547 3.02572738147587827484
29223 476.530000 -0.513597062731325437746 -0.0180266037561081296503 -0.0894614277800914736716 -0.0813526612551156019792 0.365207975537647777653 -0.927364480185866923989 3.0257541302341968148
29224 476.538000 -0.513595856992198340762 -0.0180169976848658028312 -0.0894692184658248679252 -0.0813434635175156600662 0.365209507766700691711 -0.927364683595282790485 3.02576301862633645356
29225 476.545000 -0.513576445038350204442 -0.0184507533333141265919 -0.0894940891277811595428 -0.0815233780800089652407 0.365658923745672881367 -0.927171769582950777711 3.02462941088453707295
29226 476.552000 -0.513574196881182221119 -0.018438427336574202825 -0.0895031412247299512641 -0.0815125472846718740483 0.365677230412948139904 -0.927165501834855687591 3.02463205227435816269
29227 476.560000 -0.513597943106857024453 -0.0180212370228854078247 -0.0894597043570485445096 -0.0813627461228894899303 0.365210422653470034859 -0.927362631729689579352 3.02575628594377965541
29228 476.567000 -0.513576554822292807856 -0.0184436533933813456843 -0.0894918354855796238656 -0.0815253097458538550368 0.365669834220684664139 -0.927167296776509330947 3.0246316467978280329
29229 476.574000 -0.513596182867969375252 -0.0179997086750539395106 -0.089465018551972252947 -0.0813443426006845299314 0.365232385734155839963 -0.927355596488099731545 3.02577786636432888301
29230 476.582000 -0.513596535211464755299 -0.0180050377483239980314 -0.0894609543134914364515 -0.0813503587380257214834 0.365231060953173036765 -0.927355590508955662798 3.02576661470491270478
29231 476.589000 -0.513577707820321305299 -0.0184385971877544761754 -0.0894762615706126696047 -0.0815359264801404637346 0.365659046121823816389 -0.927170617892037807195 3.02465782047176379166
29232 476.596000 -0.513599388741003748393 -0.0180183467784277816237 -0.0894512195834640116976 -0.0813710689962083844051 0.365238027145145527363 -0.927351029900509882253 3.02574374265777112925
29233 476.604000 -0.513574274899507909886 -0.0184194001574550514366 -0.0894986119896772069904 -0.081510974525635548904 0.365702461488560781611 -0.927155688486615003896 3.02465184934109654336
29234 476.611000 -0.513576761357766864435 -0.0184316640512914957373 -0.0894750526504126258986 -0.0815250020213546811032 0.365650001200991725536 -0.92717514562629044228 3.02468581615879195112
29235 476.618000 -0.513598354544780644204 -0.0180074622613917642577 -0.0894526848623636017255 -0.0813572562541706317818 0.365255836987026849538 -0.927345227195190524583 3.02574657816807901511
29236 476.626000 -0.513596101052700038103 -0.0179781341437925019922 -0.0894594749555075174907 -0.0813392085180894147678 0.365255416299492263743 -0.9273469760674994955 3.02581979615147256268
29237 476.633000 -0.513575666884984682881 -0.0184080551461334659957 -0.0894857959841376393584 -0.0815149057655827069535 0.365698706718790622627 -0.927156823866508772447 3.02470063845474568254
29238 476.641000 -0.513598869077361075419 -0.0179898893096706105621 -0.0894444766707505889425 -0.0813639965970615608448 0.365259869049143759412 -0.927343047701310929654 3.02580647133018443284
29239 476.648000 -0.513577383952827926095 -0.018411667467263914677 -0.0894700539471060540819 -0.0815291335020091600949 0.365685931885415760334 -0.927160611550936542002 3.02471792498459146614
29240 476.656000 -0.513574945261332516111 -0.0184021871064242587002 -0.0894886476889917570343 -0.0815024159834907002686 0.365711832944018488956 -0.927152744391980143668 3.02469803649855695227
29241 476.663000 -0.513576266297754990831 -0.018406936767023436563 -0.0894695395304559437655 -0.0815205471223244548806 0.365676808468138214714 -0.927164964903998800594 3.02473549509261729895
29242 476.670000 -0.513574972730532763876 -0.0183909469769358846492 -0.0894868184167176838884 -0.0815012202752136843964 0.365725856208314992202 -0.927147317956723560073 3.02471504682867387004
29243 476.677000 -0.513598255389947966343 -0.0179720386102214697843 -0.0894438003545406229433 -0.0813596721870225025874 0.36527626648211419802 -0.927336968359672275675 3.02584177819210564664
29244 476.685000 -0.513595058419460182009 -0.0179544237880097656834 -0.0894559877573957995534 -0.0813336779369799034445 0.36527163818970470599 -0.927341071649181780678 3.02587709372191904222
29245 476.692000 -0.513575726891407624564 -0.0183879362752057094743 -0.089480363815695837526 -0.0815138217378765239651 0.365722701579530518057 -0.927147454515761082483 3.02474779991749676
29246 476.700000 -0.513595265746725204714 -0.0179412404573908099148 -0.0894556395935715842338 -0.0813309905760760398774 0.365286767698246972458 -0.92733534782002213781 3.02589484673512565394
29247 476.707000 -0.513597054750560721992 -0.017957426102528543238 -0.0894457245744775253371 -0.0813520878622128879032 0.365273661921937498054 -0.927338659663553888102 3.02588504085595388915
29248 476.715000 -0.513575853416308958366 -0.0183841424758611690637 -0.0894653230517556963264 -0.0815173486524967960687 0.365692861150110459789 -0.927158914734962369408 3.02479340923620210191
29249 476.722000 -0.513574477832295595015 -0.0183678580618564790683 -0.0894824239166029100634 -0.0814996017755389989823 0.365747027651098899348 -0.927139108588789229159 3.0247627274416228893
29250 476.730000 -0.513572627414881854868 -0.0183565449737238886585 -0.0894841974486847713255 -0.0814943699367382395904 0.36573856554424577503 -0.927142906645060604909 3.02480104216556977548
29251 476.737000 -0.513573083638994232203 -0.0183535568098362050771 -0.0894798714497250236022 -0.081497106970114530089 0.365736115979943932075 -0.927143632358766067725 3.02481314545898349877
29252 476.744000 -0.513572485485014551543 -0.0183448932345722966197 -0.0894839984692070156136 -0.081491965786043341069 0.36575270446901730903 -0.927137540328254572408 3.02481529301666007825
29253 476.751000 -0.513570628269630291562 -0.0183414791289189665902 -0.0894923474469741520032 -0.0814829486928616703034 0.36575938758221937519 -0.927135696361539363153 3.02481644553138329101
29254 476.759000 -0.513594869447211666014 -0.0179311612955336055486 -0.089448876582822495207 -0.0813361447451374647288 0.365293518596659205766 -0.927332236487694916427 3.02592352090262428632
29255 476.767000 -0.51357574616097090292 -0.0183577185165487641316 -0.0894711599369331783693 -0.0815160373451939840317 0.365751345866809907115 -0.927135960176367235341 3.02480102369097636483
29256 476.775000 -0.513594680312242646281 -0.0179249367037445095363 -0.0894469980747836790336 -0.0813379097456395777632 0.365307080660929484051 -0.927326739211805195495 3.02592085113340436564
29257 476.784000 -0.513574084787949525222 -0.0183467934408947513925 -0.0894757345463495640248 -0.081502005489088327761 0.365771370037925869223 -0.927129294091086020302 3.02479418573573921591
29258 476.791000 -0.513574169223068865975 -0.0183454340247367203576 -0.0894755316482697682368 -0.0815017495119222112887 0.365772762765589509737 -0.927128767132874287427 3.02479615781865840418
29259 476.799000 -0.513596990151021781656 -0.0179120329285549599596 -0.0894363053029349763801 -0.0813507131439906855386 0.365328832706642847583 -0.927317046896133589939 3.02594850545781879347
29260 476.805000 -0.513574503137122939656 -0.0183346037049124804819 -0.0894701487782012666594 -0.0815097215843752498365 0.365770597750014803129 -0.927128920436006365158 3.02483964780575176334
29261 476.813000 -0.513594735102169575036 -0.0178946980504737611362 -0.0894446475219875247742 -0.0813291788467635640147 0.365330945553266284165 -0.927318103397786308584 3.02598231367953873772
29262 476.818000 -0.513572697822628820852 -0.0183243163101730541231 -0.0894745082532337615566 -0.0814942280683168818189 0.365768718405083737011 -0.927131023873029369575 3.02486504699049252309
29263 476.824000 -0.513596896435373651002 -0.0179108207054465319585 -0.0894362569211268887415 -0.0813504094244297121241 0.365333389987487155981 -0.927315278126446207452 3.02595373202232398313
29264 476.829000 -0.513572712630362082642 -0.0183167491151763062174 -0.0894711767484358960756 -0.0814957213074627428995 0.365778404591109052024 -0.927127071195399388159 3.02487347204340295548
29265 476.834000 -0.513597071162190776938 -0.0179036968782734437489 -0.0894286160462186840991 -0.0813547973048548284103 0.365340302625018875649 -0.92731216978606811896 3.02597200010335098952
29266 476.839000 -0.513596393961731401134 -0.0178888272951645520281 -0.0894345705897948983765 -0.0813437171836710465334 0.365342849376139477968 -0.927312138432613286554 3.02600032195493229281
29267 476.845000 -0.513576459747823954594 -0.0183390568033785124336 -0.0894505256386859404216 -0.0815213222591416458718 0.365764354071686281777 -0.927130363707091342818 3.02484597620617412517
29268 476.853000 -0.513597323080450696153 -0.0179019661114039572991 -0.0894245889835843660309 -0.0813596238674761940146 0.365351161470049590196 -0.927307468112183563846 3.02597108685432436559
29269 476.860000 -0.51357183467295419721 -0.0183009974812742073902 -0.0894710212928268716626 -0.0814905581298164954918 0.365793702674268139674 -0.927121489352684680085 3.02490552437723625445
29270 476.868000 -0.513570820579841491593 -0.0182966642387078319565 -0.0894790898849176230545 -0.0814826991609124834381 0.365805410193581093115 -0.927117560836034471095 3.02490292115305337006
29271 476.875000 -0.5135967973288505517 -0.0178881556248427775468 -0.0894253235383034861261 -0.0813538507453857029361 0.365356851020947448472 -0.927305732960254425201 3.02600082218390387112
29272 476.882000 -0.513596045448495241992 -0.0178710674347139705787 -0.0894307804980551124263 -0.0813421323017286673762 0.365360059371973910913 -0.927305496871616563581 3.02603588079060958904
29273 476.890000 -0.513570220876960581435 -0.018288160674528802091 -0.0894791071709992308358 -0.0814796763337794216486 0.365814770624452889614 -0.927114133177529220475 3.0249216928183755293
29274 476.898000 -0.513596405319122317756 -0.0178849160267268644797 -0.0894285263757707282739 -0.0813502267005273144163 0.365360044755524415727 -0.927304792563919733084 3.02600919750447694412
29275 476.905000 -0.513596876982533534495 -0.017880302089873498228 -0.089420016603999133431 -0.0813574599642662710242 0.365371925822423559982 -0.927299476722043714005 3.02601415872688539466
29276 476.913000 -0.513596436059219563219 -0.0178715542440545764602 -0.0894212396050187569019 -0.0813524937056979285943 0.365371710622788503642 -0.927299997220123906061 3.02603592884115002448
29277 476.921000 -0.513572336332179468776 -0.0182806497473588479286 -0.0894668328085728298271 -0.081497317987771572545 0.365829384110421040877 -0.927106816328188920728 3.02493595738847664833
29278 476.928000 -0.513571292592749584216 -0.0182729943900105593069 -0.0894655800072828577552 -0.0814877474361567627481 0.365821092761337396393 -0.927110929235915204316 3.02495741217276981061
29279 476.936000 -0.513574784446387377912 -0.0182947475753321084357 -0.0894493082301246328347 -0.0815094741559678620524 0.365808167145339924176 -0.927114119444086726141 3.02492507165912094536
29280 476.942000 -0.513595815546868950108 -0.0178694968632049470958 -0.089423986714145892174 -0.0813429029888955157368 0.365384855543562536706 -0.927295659146935125072 3.02602189823171752181
29281 476.949000 -0.513593413753958616397 -0.0178525203250369454699 -0.0894306344472179798322 -0.0813309938157393413904 0.365375637847486278709 -0.927300335766404582039 3.02606629722937370275
29282 476.958000 -0.513575617459846034407 -0.0182927952794308817941 -0.0894404416001827878846 -0.0815174850118064731053 0.365809444735164468465 -0.92711291101995796371 3.02493459824394772539
29283 476.965000 -0.513571306810717498337 -0.0182554429549166702396 -0.0894615947885636780823 -0.0814866175684545446245 0.36583692604485179567 -0.927104780863148292269 3.02498908219550655119
29284 476.973000 -0.513571015104436812138 -0.0182550769132466053635 -0.089460910053944325826 -0.0814869510683142311835 0.365838735784342339308 -0.927104037422610161023 3.02499216467623721627
29285 476.981000 -0.513593245245376528452 -0.0178352610152732321547 -0.0894291473244224754957 -0.0813271509422861943461 0.365390714528942006645 -0.927294732140563571221 3.02609905168633464001
29286 476.988000 -0.51359596295481035888 -0.0178426013494931492986 -0.0894151938111335115034 -0.0813504925723604888077 0.365401850176313214291 -0.927288296726515026691 3.02608568805346545005
29287 476.996000 -0.513570645246692492059 -0.0182394168446537996431 -0.0894603893392298815668 -0.0814822581372591225879 0.365851272568338881097 -0.927099502733649494246 3.02502176560641622416
29288 477.004000 -0.513571285302180768895 -0.0182471061563657006854 -0.08946103938587929294 -0.0814922000778439542534 0.365861746529203168965 -0.927094495589890654763 3.02500289388190690687
29289 477.011000 -0.513595620828017351833 -0.017839834324011857869 -0.0894182589013419459878 -0.0813471614642814616625 0.365404915063334501113 -0.927287381219685014067 3.02609292673907326332
29290 477.019000 -0.513571406043714873135 -0.0182401265591773317776 -0.0894540292024100514023 -0.0814899496917817350861 0.365854094698634280114 -0.927097713022458913557 3.02501922286093449799
29291 477.026000 -0.513575209143589228589 -0.018266518751813065613 -0.0894340764464722770555 -0.081516361013332122587 0.365836627046300877364 -0.927102284108139884644 3.02498126260823863021
29292 477.033000 -0.513595887430614794766 -0.0178294285116751445586 -0.0894084967890875076391 -0.0813535955198305821279 0.365419906890176393599 -0.927280908972232920107 3.026113779480570809
29293 477.040000 -0.513595791113592992083 -0.0178224865326425015166 -0.0894075558826873673102 -0.081351815509534977644 0.365424793075443066215 -0.92727913959016261547 3.0261285603140266609
29294 477.047000 -0.513574098999861394788 -0.0182509469838251295326 -0.0894392356690826284549 -0.0815063407148546303915 0.365852236969740729489 -0.927097005241366622919 3.02500670354162304321
29295 477.055000 -0.513570736462783727916 -0.0182254076463030725841 -0.0894533149251417053494 -0.0814864213054242864098 0.36586985980810615704 -0.927091801725606790008 3.02504539684122564225
29296 477.063000 -0.513594768294221237781 -0.0177994458566500396435 -0.08941455972090979476 -0.0813373910138800448877 0.365431583311305818729 -0.927277729022781604939 3.02616938077638497617
29297 477.070000 -0.513595228705793438451 -0.0178175172138781978681 -0.0894131514741148547554 -0.0813462117480978075257 0.365427836324101473764 -0.927278431903664768221 3.02613347118275211045
29298 477.078000 -0.513574860346700079461 -0.0182459980345622552189 -0.0894295884445096139759 -0.0815145126068988340462 0.365856395800739420121 -0.927094645592429600356 3.02502329383052259715
29299 477.085000 -0.513595489628456247644 -0.0178089341892925523414 -0.0894037910222932191706 -0.0813517713798641989298 0.365439890401159150901 -0.927273193722835453734 3.02615524964789539553
29300 477.093000 -0.513571239767473319837 -0.0182134540595010815944 -0.0894511146001531476379 -0.0814928980815931708337 0.365896744535097018236 -0.927080622114862751282 3.02506336015631616121
29301 477.100000 -0.513570189905684149068 -0.0182056966890247022561 -0.0894499343960279691412 -0.0814833994677127415596 0.365888404519835563899 -0.927084748579715678396 3.02508470188882094831
29302 477.107000 -0.513569919945564001829 -0.0181964462905328527853 -0.0894504078399970953273 -0.0814797618696938286131 0.365894266139038693009 -0.927082754888813753702 3.02510378847879790598
29303 477.114188 -0.513568739058950063381 -0.0182000734278906367569 -0.089458914044525217335 -0.081474009089018473162 0.365902620786611898485 -0.927079963080020164057 3.0250864952075895431
29304 477.122000 -0.51359483737067535003 -0.0177970653724937762086 -0.0894084114813521735332 -0.0813445224182566262172 0.365447789941914402689 -0.927270716403314709808 3.02617336123039848417
29305 477.130000 -0.513574497080036773689 -0.0182256546376613481897 -0.0894248136969976736843 -0.0815130769734791621461 0.365876270715948692658 -0.927086928399546206236 3.02506314375930784877
29306 477.137000 -0.513570181576310402782 -0.0181885099864077595666 -0.0894459673687604539527 -0.0814822695828025383991 0.365903644080988799114 -0.92707883321316775227 3.02511680745156086303
29307 477.145000 -0.513569883535979210265 -0.0181882658279695769155 -0.0894453155785977505055 -0.0814825815589506896597 0.365905324302229717492 -0.92707814263403331978 3.02511940675426727054
29308 477.152000 -0.513594518722888193629 -0.0177805921880840600569 -0.0894068583674181571741 -0.0813411555093659088822 0.365462072371741886201 -0.927265382767065826641 3.02620193448800023361
29309 477.160000 -0.513594748040658855004 -0.0177759352687700822315 -0.0893996873716967899171 -0.0813461717599100603282 0.365468167236492724737 -0.927262540533589141312 3.02621355384350998463
29310 477.168000 -0.513569496574521111576 -0.0181728263647309047635 -0.0894448265882873960742 -0.0814780015598809137511 0.36591742492126744235 -0.927073769125627111798 3.02514986975391719781
29311 477.176000 -0.513593918631498946858 -0.0177546887215807094873 -0.0894041990326865654293 -0.0813335216537029170869 0.365474856712765971967 -0.927261013612774354087 3.026257874933866443
29312 477.184000 -0.513591812989549478807 -0.0177604474716955632041 -0.0894095671261306290667 -0.0813232137752871037106 0.365462987987830723036 -0.927266595598194465211 3.02625120649928769367
29313 477.192000 -0.513572435847027608524 -0.0181819500526250940609 -0.0894309803612222398161 -0.0815026727787337007536 0.365921528252848460294 -0.927069980902748613794 3.02513444346491322534
29314 477.200000 -0.51357400574216816036 -0.0181988818592544038255 -0.0894181886219515692504 -0.0815117337401308900136 0.365902864849264097824 -0.927076550646050656646 3.02511380321925793524
29315 477.207000 -0.513569708828161441971 -0.0181614530329080314797 -0.0894394872314263483792 -0.0814805484720783623764 0.365930010861608812078 -0.927068577491175660477 3.02516946195943159381
29316 477.215000 -0.513569399495646283782 -0.0181612699278191971897 -0.0894388557164663561272 -0.0814806732953185230972 0.365931682464949448175 -0.92706790670787064812 3.02517275932791251947
29317 477.222000 -0.513569933992051308458 -0.0181600429367259549873 -0.0894349266779115581461 -0.0814843366068647156908 0.365931509853121061937 -0.92706765286269920967 3.02517845567322662959
29318 477.229000 -0.513569072470534848662 -0.0181492342200979435429 -0.0894390593775315767555 -0.0814760938934792344757 0.36594049309676918158 -0.927064831409300404985 3.0251967482269073173
29319 477.237000 -0.513572794319917980133 -0.0181778244162755092672 -0.0894220304552499484219 -0.0815013335109064374073 0.3659244341209664797 -0.92706895166928904306 3.02514834672248245084
29320 477.243000 -0.513593668491670429788 -0.0177529783805481407299 -0.0893969037058877508128 -0.0813347218660773058074 0.365500819587361858165 -0.927250674790767948075 3.02624442430109663604
29321 477.252000 -0.513567844781924298658 -0.0181487292815040758553 -0.0894462277263214505796 -0.0814715638537076985992 0.365954272581762218852 -0.927059790230589486626 3.02518444294378108239
29322 477.259187 -0.513592659538488538473 -0.0177417548424098313331 -0.0894009013916875899808 -0.0813285793823108060785 0.36550739648356000977 -0.927248621078222368119 3.0262581440271074662
29323 477.267562 -0.513569534083630041543 -0.0181474537825526138768 -0.0894340990348466008397 -0.0814823719485825437303 0.365944838057076560212 -0.927062564534353872325 3.02520204554693306065
29324 477.275000 -0.513594103587773020969 -0.0177364365370837676061 -0.0893867407558424503788 -0.0813470140369957628312 0.365511709760107939005 -0.927245303754895111581 3.02629446606826313371
29325 477.283000 -0.513593492574583421195 -0.0177214253721079649517 -0.0893924588167036571207 -0.0813366771978903391194 0.365517051768636191955 -0.9272441047581646556 3.02631692244841232764
29326 477.291000 -0.513593741402046277678 -0.017725175777106527697 -0.0893877069850941702311 -0.0813424701306183633998 0.365517295015451715301 -0.927243500703907264082 3.02631263989356158461
29327 477.298000 -0.513593912039085220833 -0.0177240208313250227623 -0.089384730836476036786 -0.081345374182051913281 0.365522491820309491928 -0.927241197355172408479 3.02631577661741557606
29328 477.306000 -0.513568540887300528652 -0.0181207009275127159387 -0.0894323423524964605802 -0.0814745937485569365899 0.365969202107608748697 -0.927053630423951169348 3.02525005284438197606
29329 477.313000 -0.513570981478362220685 -0.0181401720597249641043 -0.089417131254386661432 -0.081494195962232368613 0.365941568912104386868 -0.927062815653080130041 3.02524120887889180764
29330 477.321000 -0.513593817505397454148 -0.0177206548221570357737 -0.089383881560203576333 -0.0813462552110495035196 0.365529289068216689529 -0.927238440529954965896 3.02631713123350776229
29331 477.329000 -0.513573116725809741823 -0.0181507476003239451301 -0.0894067717459477023789 -0.0815088998418839472127 0.365950883602456422672 -0.927057846111636774111 3.02520570027359214649
29332 477.336000 -0.513593658477977998977 -0.017713567602162333392 -0.0893812353999376835167 -0.0813456847388268622367 0.365534169369000461192 -0.927236566685161522905 3.02633880358074458528
29333 477.343000 -0.51359109942336866883 -0.0176931284883668771268 -0.0893946525608899228432 -0.0813187002459497404461 0.365536321730479007996 -0.927238085114098997686 3.02637003962751238717
29334 477.351000 -0.513568451905132117297 -0.0181105959804688694537 -0.0894272908121335891041 -0.0814771678289777645521 0.365982422324013290105 -0.927048185194500273809 3.02526893689223674855
29335 477.358000 -0.513568180782530414596 -0.0181014523256281048558 -0.0894277554788761308568 -0.0814735326934308973224 0.365988187294563283025 -0.927046228745520672909 3.02528796134125155248
29336 477.366000 -0.513571911113971379947 -0.0181300800213135999972 -0.0894106246378348068493 -0.0814987261400854645643 0.365972154777023384042 -0.92705034359812721334 3.02523913797138099824
29337 477.373000 -0.513570789755135370669 -0.0181136121742563882542 -0.0894173205028997997168 -0.081496486878678747745 0.365992800803111695274 -0.927042389746405959272 3.02526103334745588569
29338 477.381000 -0.51357276820958641661 -0.0181315084308328912377 -0.0894020494795726011761 -0.0815078097871693857401 0.365969921825107236124 -0.927050426494170687342 3.02524296577179985235
29339 477.388000 -0.513592870045672000856 -0.0176995271068241741275 -0.0893824599151554488596 -0.0813343632678231454047 0.365560887616951712964 -0.927227026567131740187 3.02634019477764004691
29340 477.396000 -0.513568158444756006631 -0.0180940423828257236638 -0.0894226982896522831767 -0.0814767107813744312361 0.365998528186137483953 -0.927041866889424359677 3.02530226583339922897
29341 477.403000 -0.513590949663078721876 -0.017680498530838584248 -0.0893828212357000301269 -0.0813271627955661491338 0.365557046938596919006 -0.927229172332900808406 3.02639815636091036311
29342 477.411000 -0.513593087821173299723 -0.0176822219206468136954 -0.0893743558258977971454 -0.081342549096895991334 0.365563810097566888047 -0.927225156288034035867 3.02639916599210989645
29343 477.419000 -0.513592578510008723747 -0.017680877625050391011 -0.0893829106689961461196 -0.0813346862167473039218 0.365561265130818602298 -0.927226849403088970725 3.0263955206617296767
29344 477.427000 -0.513592810529117427265 -0.0176764096514921975611 -0.0893758621101375105855 -0.0813399807906457772422 0.365567105768642708341 -0.927224082250302394925 3.0264058238546631685
29345 477.434000 -0.513569097232689286692 -0.0180929802430817611436 -0.0894229166956646143172 -0.081486409532050774196 0.366029545542980006001 -0.927028768081753717922 3.02528811928571927936
29346 477.442000 -0.513568515249676837975 -0.0180803850157807977084 -0.0894159385507261317283 -0.0814802679991285111472 0.366012341692207476829 -0.927036100513770167098 3.02532792571161390782
29347 477.450000 -0.513592494045503666911 -0.0176760106869358543658 -0.0893787175863047234081 -0.0813381974108235566989 0.365569387207031470943 -0.927223339211774577606 3.02640533952522483574
29348 477.457000 -0.513570652784581915817 -0.0180911283384173893207 -0.0893971778175610687356 -0.0814990048236637759649 0.365987033224176749879 -0.927044445387877669162 3.02534382362869669336
29349 477.465000 -0.513592717652835428765 -0.0176664704643655391669 -0.0893698341749905450504 -0.0813428865266587614036 0.365581080732468144401 -0.92721831745387317536 3.02643032306105608242
29350 477.472000 -0.513566682375845795505 -0.0180657050473187613671 -0.0894247452533638020888 -0.0814675795875008518232 0.366034614585516782093 -0.927028421571521432654 3.02534606786160109593
29351 477.480000 -0.513567563037524710268 -0.0180636238936457832471 -0.0894159060416937628846 -0.0814745471321350334115 0.366029235466255209452 -0.927029933148656226649 3.02535889390966161727
29352 477.488000 -0.513592516556349409917 -0.0176542718047688444727 -0.0893678784891491634346 -0.0813410921805342301827 0.365591658669864039144 -0.927214304157294111342 3.02645088744179435736
29353 477.495000 -0.513591580375760692334 -0.0176366197488376022506 -0.0893759385638712572364 -0.0813265397960557939738 0.365592234130942994597 -0.927215353770604044925 3.0264851036197311096
29354 477.503000 -0.513566037648665929538 -0.0180548607678697042855 -0.08942404164105068054 -0.0814648928472428979219 0.366046344089170971881 -0.927024026232513231882 3.02536823489672856979
29355 477.510000 -0.513590416798016535793 -0.0176458138889642596192 -0.0893751947609192909372 -0.0813234840050354457208 0.365586870686865128555 -0.927217736527223723719 3.02647239548949764654
29356 477.518000 -0.513567289767165480185 -0.0180498699102888751633 -0.0894117788886544528903 -0.0814743304506684168365 0.366042232042351645127 -0.927024820508635771787 3.02538873694089716082
