2104 1284.972000 -0.399139692021326097926 -0.00575776401838851495385 -0.0519595107519301990795 -0.0130871626649990448199 -0.00334396465155468915892 0.999908767875244186563 3.11097432680520213921
2105 1284.980000 -0.39914035400966407785 -0.00574319577334468037849 -0.0519374122079448857781 -0.0130343113270298925632 -0.00337177091017370773179 0.999909364837213265886 3.11094050295069290968
2106 1284.989000 -0.399142869027904911849 -0.00572420489053235281851 -0.0519117711343958648795 -0.0129676774452929001458 -0.00341173929565359709479 0.999910095646930452418 3.11089636375108957722
2107 1284.998000 -0.399148072795594777151 -0.00569881619843102746326 -0.0518825713709209559998 -0.0128852484460523688398 -0.00346797782236245646925 0.999910967787786097993 3.11083468055193312907
2108 1285.008000 -0.399154331833998232693 -0.00567390028551843176446 -0.0518558158763454540852 -0.01281386588629411169 -0.00352118824382963635164 0.999911699138678722321 3.11077131480297142119
2109 1285.017000 -0.399160795901157217092 -0.00564862746221521383472 -0.0518328462890956936926 -0.0127540059384399009912 -0.00357179894208074950879 0.999912284945454254981 3.11070618731856018968
2110 1285.027000 -0.39916752504092167797 -0.0056209274411419905132 -0.0518117234066980403284 -0.0127026097330018208215 -0.00362205023764437675574 0.999912758423477265879 3.11063702144267528737
2111 1285.036000 -0.399173211299415686693 -0.00559515140855362629047 -0.0517952869266861404274 -0.0126670360741751083372 -0.00366363035508293155909 0.999913058225422424208 3.11057771718535214234
2112 1285.045000 -0.399176630059789094851 -0.00557550692854187970871 -0.0517867341369076528146 -0.0126505595751517825598 -0.00369116342408995793886 0.999913165557395955396 3.11053766586639035552
2113 1285.053000 -0.399179476114653264407 -0.00555653419366180286593 -0.0517794144271087608544 -0.0126402916080202067789 -0.00371484779682406405024 0.999913207700503736675 3.11050530951610193497
2114 1285.062000 -0.399181067939294087488 -0.00553969915593461540576 -0.0517760248491605581944 -0.0126393540493776688344 -0.00373250993097787309161 0.999913153778281826867 3.11048282888842031468
2115 1285.068000 -0.399181766757661538048 -0.0055277376229608352759 -0.0517738088516935049399 -0.0126423099708250202128 -0.00374337948996236605584 0.999913075776387660909 3.11047279831106759929
2116 1285.077000 -0.399181456453619576408 -0.00551733135154055046034 -0.0517757315424978367679 -0.0126513670664003888278 -0.00375026278372423598276 0.999912935430082527866 3.11046460381352618541
2117 1285.087000 -0.399180929756342006698 -0.00550641388603834679161 -0.051778210921302789127 -0.0126646769782162386259 -0.00375650948657347324294 0.999912743489908217853 3.11044160787679846436
2118 1285.096000 -0.399179510199441534013 -0.00549640390242938856047 -0.0517808367251788928542 -0.0126810368913441284117 -0.00375951111781651532706 0.999912524863807994358 3.11041922686169769463
2119 1285.106000 -0.399177540921733742252 -0.00548787341833440085737 -0.0517842116801982693675 -0.0126975395469258976744 -0.00376005296347564285653 0.999912313401113306277 3.11039937079735828718
2120 1285.115000 -0.399175190076034580589 -0.00548052787755170210671 -0.0517872063906312796178 -0.012713486454421430577 -0.00375962864943724887207 0.999912112365177629947 3.11038215507205961785
2121 1285.125000 -0.399172256216616727631 -0.00547299537364115060156 -0.0517902301507625756338 -0.012730107571588414675 -0.00375899822196478416644 0.999911903266274326718 3.11036446227525464892
2122 1285.134000 -0.399169470297984108065 -0.00546651036421537221688 -0.0517925231245937728319 -0.0127433525786776295774 -0.00375890660354947407987 0.999911734897736548255 3.11034923827617593162
2123 1285.144000 -0.399166359033864659445 -0.00545937755717267568512 -0.0517945067088271537958 -0.0127555244235432827665 -0.00375980046525200032811 0.999911576339199026364 3.11033244805080544282
2124 1285.154000 -0.399163360993599392046 -0.00545212778297374939251 -0.0517958705336176300493 -0.0127645657216140309687 -0.00376199864356587150571 0.999911452693759472687 3.11031521772815189308
2125 1285.162000 -0.399160826131644830284 -0.00544568757614981042298 -0.0517967365834606091601 -0.0127700285489545182355 -0.00376500567631486921308 0.99991137162406351635 3.11029967455415379263
2126 1285.171000 -0.399158561137800405039 -0.0054387313393389246155 -0.0517969567816191009402 -0.0127725268573690518142 -0.00376917849823282151769 0.999911323993846079539 3.11028257176173239529
2127 1285.181000 -0.399156606069501873613 -0.00543126673278900799074 -0.0517966021676637689009 -0.0127722430234344340449 -0.00377438563361557743309 0.999911307977482066711 3.11026388559620459162
2128 1285.190000 -0.399154949632551658834 -0.00542389846810713369823 -0.0517959577279682170659 -0.0127697530369311040149 -0.00378016266644872530461 0.999911317956543199692 3.11024506919067267319
2129 1285.200000 -0.399153396513122538103 -0.00541534655909906795929 -0.0517948702142391609327 -0.0127650327449207682401 -0.00378736389933738253066 0.999911350977532809026 3.11022222293713213048
2130 1285.210000 -0.399152343654765595637 -0.0054070007617380956913 -0.0517931681202677129949 -0.0127578440252873598348 -0.00379443681443779974247 0.999911415908973144617 3.11020085568988946534
2131 1285.218000 -0.399151947066263834696 -0.00540021171792958061542 -0.0517911679780213851654 -0.0127496508056068203613 -0.00380083125132306583194 0.999911496126599130818 3.11018276222083311922
2132 1285.226000 -0.39915164742399633635 -0.00539316725954518648434 -0.0517889552887711504536 -0.0127414285819882604905 -0.00380743801484263819784 0.999911575797306828584 3.11016411329923148088
2133 1285.233000 -0.399151594914497809263 -0.00538754194214729510704 -0.0517870015897307842123 -0.01273486267825503504 -0.00381255025547717635998 0.999911639962809628557 3.1101493323022046944
2134 1285.239000 -0.399151674034891879028 -0.00538235513275410644429 -0.0517849537562068557017 -0.0127284401244649337387 -0.00381744551608482378738 0.999911703062690171429 3.11013581031866248594
2135 1285.246000 -0.399151877423485013097 -0.00537699493996625192682 -0.0517827461483806109066 -0.0127222068139448123841 -0.00382231218906382624531 0.999911763798842612161 3.11012206509211619476
2136 1285.253000 -0.399152141103340241113 -0.00537220780819236236325 -0.0517807307159510177286 -0.01271709925822174167 -0.00382651051684025633737 0.999911812713361825011 3.11011003680557163165
2137 1285.262000 -0.399152559613231427971 -0.00536608197694598589023 -0.0517780175890501376257 -0.0127109280772026937006 -0.00383192479227819574744 0.999911870446492212494 3.11009495999856344639
2138 1285.270000 -0.399153060988530983266 -0.00536006377447238724354 -0.051775139860299523864 -0.0127052099701229093826 -0.00383755012318594615484 0.999911921545426629621 3.11008063203848283962
2139 1285.280000 -0.399153539425759040782 -0.00535397285877584928893 -0.0517725024322557292322 -0.012700966300602363479 -0.00384276968856644973727 0.999911955412151054468 3.11006651493172636691
2140 1285.289000 -0.399153999376998802617 -0.00534797888182675894286 -0.0517699204530640000321 -0.0126977128883168418477 -0.00384810899007121971077 0.999911976198208374278 3.11005314714433778178
2141 1285.299000 -0.399154383218762454089 -0.00534145931279579599948 -0.0517674463930293607405 -0.0126957769020157491824 -0.00385373548289303247821 0.999911979112002580194 3.11003903448354401817
2142 1285.308000 -0.399154568462292580477 -0.00533567881964693187247 -0.0517656517685911310434 -0.0126954767266640265039 -0.00385849844043662524098 0.999911964555113996767 3.11002676664342159185
2143 1285.318000 -0.3991545580966367468 -0.0053293097845414621333 -0.0517641887964903138486 -0.0126965608444634028146 -0.00386342316330168591976 0.999911931774085882552 3.11001332685980891313
2144 1285.327000 -0.399154342480861068498 -0.00532360416118002159613 -0.0517633536231951948969 -0.0126985636565452812002 -0.00386751309065488978536 0.999911890530137847932 3.11000120378272848498
2145 1285.336000 -0.399153919475481677726 -0.00531788218359104808419 -0.0517629543152371557335 -0.0127012913528711090388 -0.00387127493190000818504 0.999911841328209760604 3.1099888095597654214
2146 1285.344000 -0.399153316187831952444 -0.00531246282794242685732 -0.0517628771754618105527 -0.0127043618570498659248 -0.00387456983816313483421 0.999911789558646124654 3.10997681828776961765
2147 1285.353000 -0.399152547389184320092 -0.00530671118154367113529 -0.0517631325488662127898 -0.0127075926850877540808 -0.00387771467267897414211 0.999911736313294441381 3.10996362488115440925
2148 1285.362000 -0.399151643866207217481 -0.0053009199279746462008 -0.0517635892859758667273 -0.0127106996637615828061 -0.00388064730682018393243 0.999911685445538656047 3.10994990436039486781
2149 1285.371000 -0.399150658711072081619 -0.00529512765474493638657 -0.0517641299017004910543 -0.0127133744952285868135 -0.00388337242782819730066 0.99991164086009676204 3.109935752775590867
2150 1285.379000 -0.399149741315721340307 -0.00528995907937896813616 -0.0517646018103831012658 -0.0127152642335024834014 -0.00388570250665622868302 0.999911607779158551068 3.10992280180728153383
2151 1285.389000 -0.399148715740680504194 -0.00528385197144948769166 -0.0517650488013726289838 -0.0127167082052601129044 -0.00388837474965211295219 0.999911579027980113032 3.1099072069374931182
2152 1285.398000 -0.39914772702227507839 -0.00527805036085523659323 -0.0517652589751812219898 -0.012717294412844156945 -0.00389099193391113668677 0.999911561391599867932 3.10989214053652718306
2153 1285.398000 -0.399146786962225441631 -0.00527504839242977190128 -0.0517651955025937304811 -0.0127170211677693524577 -0.00389288557148272920325 0.999911557496234726372 3.10988390774620215851
2154 1285.406000 -0.399146046066871429403 -0.00526993205739806087201 -0.0517650490632797638524 -0.0127163202133037250841 -0.00389545185350799981483 0.999911556416411051451 3.10987048720200576213
2155 1285.415000 -0.399145331352991017404 -0.00526420741485949215954 -0.051764582526924451944 -0.0127148491321719143282 -0.0038985125080005455199 0.999911563195351460465 3.10985551900362544586
2156 1285.424000 -0.39914475286378764407 -0.00525852079386474914602 -0.0517637920762792635987 -0.0127127730333905872989 -0.003901800086811058315 0.999911576769608179127 3.10984079332595131362
2157 1285.433000 -0.399144309662117335868 -0.00525287120523282996531 -0.0517627016210088289339 -0.0127102465440179328293 -0.00390533186947769487066 0.999911595100176575635 3.10982637781625470552
2158 1285.442000 -0.399143984136366647419 -0.00524757052717697049238 -0.0517614200608524921421 -0.0127075048545653261634 -0.00390896792751825161022 0.999911615739167536354 3.10981308285362523236
2159 1285.451000 -0.399143772862169454729 -0.00524198112203107420559 -0.0517598864692410884358 -0.0127046064522561390209 -0.0039129521859688990576 0.999911636986030694096 3.10979935489507530733
2160 1285.459000 -0.399143668862197820157 -0.00523673225167877332692 -0.0517583415644963448776 -0.0127019723042654138212 -0.00391676948969125592742 0.999911655505798191435 3.10978670267954004913
2161 1285.468000 -0.399143588447278707676 -0.00523118001091623686938 -0.0517566339981574141671 -0.0126993031139698547144 -0.00392104606246832573108 0.999911672648237437322 3.10977356484952816018
2162 1285.477000 -0.399143534982882186579 -0.00522563415430611633017 -0.051754943763034313986 -0.0126969435883119152741 -0.00392538970543664707952 0.99991168556986842475 3.10976064416015196556
2163 1285.486000 -0.399143480619840063106 -0.00522008661484822319987 -0.0517533337407355825688 -0.0126949725706222149579 -0.00392973440011392793209 0.999911693530471601399 3.10974785283842747319
2164 1285.495000 -0.39914340493925204445 -0.00521454200460278426144 -0.0517518508933282675444 -0.0126934205892755402195 -0.00393402115022369047725 0.999911696376901804051 3.1097351471592000749
2165 1285.504000 -0.39914327305405372659 -0.00520897375644442314768 -0.051750537245591837765 -0.0126923368015786058177 -0.00393823164695962773391 0.999911693559991432423 3.10972240405719047018
2166 1285.513000 -0.399143084831188155182 -0.00520339859730277291827 -0.0517494073241919066986 -0.0126916396933850050138 -0.00394227550045648470617 0.999911686473246463791 3.10970958664504504299
2167 1285.522000 -0.399142818387050513085 -0.00519779744802936066739 -0.0517484657759710309222 -0.0126913350207839940864 -0.00394619510192749638894 0.999911674879140455197 3.10969661493537641306
2168 1285.531000 -0.399142483527618441297 -0.0051921867083654666547 -0.0517476987868919421909 -0.0126912836009812277083 -0.00394991022912874033962 0.999911660862968898478 3.10968348138032535388
2169 1285.539000 -0.399142122946342603473 -0.00518718149290985607036 -0.0517471434898741852737 -0.0126914284843850522916 -0.00395310293645947247176 0.999911646406920984198 3.10967163787965361621
2170 1285.547500 -0.399141712618198141183 -0.00518216637720573386483 -0.0517466843281672445043 -0.0126916560057135918704 -0.00395616769178003431506 0.999911631398008537985 3.10965964687451590365
2171 1285.554000 -0.399141321136981697126 -0.00517777440353099291381 -0.0517463389766429637806 -0.0126918735657800350186 -0.00395876181369546765315 0.999911618369489940683 3.10964904250951379439
2172 1285.562000 -0.399140849779781203832 -0.00517276143070623424525 -0.0517459808129387688336 -0.0126920797648000863167 -0.0039616420417032376794 0.999911604344892790408 3.10963683587860861834
2173 1285.570000 -0.399140350659929643573 -0.00516773951489663679881 -0.051745639570622732617 -0.0126922311171391594825 -0.00396448724239480132514 0.999911591147024436665 3.10962452291927382575
2174 1285.578500 -0.399139843787207126979 -0.00516272425728026788244 -0.051745288163707395257 -0.0126922583236218893682 -0.00396729430405813859178 0.999911579668198102766 3.10961215144730651616
2175 1285.587000 -0.399139280123321449345 -0.00515709894117422767978 -0.0517448512470732938096 -0.0126920949481973306672 -0.00397042932982343693693 0.999911569298386870841 3.10959821893476462407
2176 1285.594000 -0.399138849100642290058 -0.00515273139633145010191 -0.0517444662720909498432 -0.0126918444853993568622 -0.00397290913353924753093 0.999911562627703198736 3.10958738850299365453
2177 1285.602000 -0.399138371796119439949 -0.0051477490963280046754 -0.0517439674575639121934 -0.0126914035179303552603 -0.00397577695467239353166 0.999911556826078240512 3.10957504044071875171
2178 1285.610000 -0.399137919335114443875 -0.0051427829214166324856 -0.0517433988496748126229 -0.0126908015188767382686 -0.00397869615408432113907 0.999911552855412222307 3.10956275842895335515
2179 1285.619000 -0.399137443502544042584 -0.00513721331965770987293 -0.0517426746599743067612 -0.0126899548815221589054 -0.0039820530214640745964 0.999911550237739477076 3.10954903131646309689
2180 1285.628000 -0.399137010620387755466 -0.00513167124695662266176 -0.051741861494483509798 -0.0126889374518339460851 -0.00398547550619676987232 0.999911549513922137677 3.10953544038432472263
2181 1285.637000 -0.399136608555827887557 -0.00512613917801340700925 -0.0517409734014977543137 -0.0126878406788381130343 -0.00398901475301267124246 0.999911549318342807169 3.10952195829891131496
2182 1285.646000 -0.399136238358946238147 -0.00512062039589640007053 -0.0517400266988485915687 -0.0126866726357789203622 -0.00399261860135940657712 0.999911549755345463453 3.10950859101943866136
2183 1285.655000 -0.399135887494843910606 -0.0051154193927742380027 -0.0517390710953586421827 -0.0126855200914115923139 -0.00399614243605456945924 0.999911550301146090369 3.10949606420146285046
2184 1285.663000 -0.399135614090224521977 -0.00511023221359297504657 -0.0517381356550589352472 -0.0126844058374579581744 -0.00399955411886930307236 0.999911550796069747982 3.10948361214052360069
2185 1285.669000 -0.39913540567227062672 -0.00510656695508705620046 -0.0517374568126821865466 -0.0126836288219500641777 -0.00400202535820905203057 0.999911550764836176697 3.10947484749973535045
2186 1285.678000 -0.399135098109157038238 -0.00510106863335425472772 -0.0517364419125985533499 -0.0126825313499470335166 -0.00400576731026191460577 0.999911549701679169821 3.10946172874404958009
2187 1285.687000 -0.399134789916078536187 -0.00509556489104191507461 -0.0517354479261014632563 -0.0126815067154444263003 -0.00400949435263097796883 0.999911547759331886809 3.1094486160133696373
2188 1285.696000 -0.39913447597998313876 -0.00509037263073992135576 -0.0517345039282708710204 -0.0126805790757972807609 -0.00401304985720555250361 0.999911545260452450101 3.10943625617259167271
2189 1285.704000 -0.399134194767893579758 -0.00508516075567743038033 -0.0517336521883111633002 -0.0126797881373998996141 -0.00401645855017123548647 0.999911541604308728992 3.10942381529504929816
2190 1285.712000 -0.399133897159771211527 -0.00508025024881057774007 -0.0517328566234945066982 -0.0126790884702084518526 -0.00401969138872112011218 0.999911537485543622239 3.10941208122839496397
2191 1285.721000 -0.399133552536781011089 -0.005074724701202225699 -0.0517319978985343459366 -0.0126783570621661189487 -0.00402327641134518979027 0.99991153234129781513 3.10939884235844754556
2192 1285.730000 -0.399133184020355413768 -0.00506917998534126782589 -0.0517311788458950511105 -0.0126777096621546164074 -0.00402684002535376884407 0.999911526204760092718 3.10938552746957252992
2193 1285.739000 -0.399132807296053104817 -0.00506363827376359043608 -0.0517303906232250559905 -0.0126770772309202344602 -0.00403033434874642323281 0.999911520144617038675 3.10937217296808210421
2194 1285.748000 -0.399132410498205247862 -0.00505808321979317205425 -0.0517296291422477266808 -0.0126765051197070214434 -0.00403383128202000357937 0.999911513296620757529 3.10935875614227175134
2195 1285.756000 -0.399132052779555102084 -0.00505315100480369181618 -0.0517289650157484806603 -0.0126759876369009448493 -0.0040369043968293836025 0.999911507454694703512 3.10934681857071160138
2196 1285.765000 -0.399131637268752836878 -0.00504759099309763994978 -0.051728234246008510111 -0.0126754182340245175747 -0.00404034156788397446486 0.999911500790248708448 3.10933333105598785906
2197 1285.774000 -0.399131224477257684491 -0.00504204666208537405359 -0.0517275023356017008003 -0.0126748140101870486462 -0.00404375850096317691895 0.99991149463689676935 3.1093198652902631629
2198 1285.782000 -0.399130851151797028109 -0.0050371160234269057171 -0.051726849837637450813 -0.012674273380377274606 -0.00404681010028492150338 0.9999114891440598063 3.10930788948741199107
2199 1285.792000 -0.399130385255515751641 -0.00503095950666728776446 -0.0517260271049711992108 -0.0126735670728046201372 -0.0040506266703861102188 0.999911482642952931243 3.1092929351740474786
2200 1285.798000 -0.39913011042848811627 -0.00502727606277611396152 -0.0517255241497382167726 -0.0126731183564716184259 -0.00405292144327729086939 0.999911479031467709255 3.10928399554915868563
2201 1285.803000 -0.399129883632084070388 -0.00502421075904104647014 -0.0517250999329516986114 -0.0126727330876395139631 -0.00405483778758535407666 0.999911476145066369092 3.10927656042635147671
2202 1285.809000 -0.39912961383949296934 -0.0050205356283426118974 -0.0517245849003033636437 -0.0126722577145102158896 -0.00405714109314610649887 0.999911472826753300325 3.10926764894831952901
2203 1285.815000 -0.399129346583792732339 -0.00501686477346932960253 -0.0517240636595298966527 -0.0126717719725633771316 -0.00405945254381346373046 0.999911469601244329297 3.109258756551882108
2204 1285.821000 -0.399129083388233218965 -0.0050131991607697086108 -0.0517235354381273548796 -0.0126712712224388325544 -0.00406176632678626522294 0.999911466550871264047 3.10924988105475819111
2205 1285.826000 -0.399128867586977187365 -0.00501014981303111225225 -0.0517230904808177321952 -0.0126708431186091843162 -0.00406369661336858801343 0.999911464132949068251 3.10924250515360167668
2206 1285.834000 -0.399128522439577582137 -0.00500527045485485606868 -0.0517223699245670381908 -0.0126701608636021565563 -0.00406680883769857878796 0.999911460125129325505 3.10923071830864383713
2207 1285.842000 -0.399128182571581113791 -0.00500039805521178184339 -0.0517216413073698644265 -0.0126694671747372301224 -0.00406992857059549403148 0.99991145622146881955 3.10921896317118484632
2208 1285.850000 -0.39912784849378080132 -0.00499553179985683104558 -0.0517209054633275405743 -0.0126687618105984032418 -0.00407304874868847591879 0.99991145245370449679 3.10920722832653151357
2209 1285.858000 -0.399127523132311479159 -0.0049906775511397577505 -0.0517201628112699332562 -0.0126680332155404973271 -0.00407615426759399407386 0.999911449029781351783 3.10919553051704333768
2210 1285.867000 -0.399127153541529833269 -0.00498521109448515735429 -0.0517193251046530119708 -0.0126672487508732150435 -0.0040796885856595735062 0.999911444554030137688 3.10918237124016627604
2211 1285.875000 -0.399126827145862728141 -0.00498035287566324629677 -0.0517185819695492321468 -0.0126665470013789544651 -0.00408281295502135530007 0.999911440691342412457 3.10917067282695169794
2212 1285.884000 -0.399126466998077578108 -0.00497489784474383980872 -0.0517177442151234983969 -0.012665746226281698536 -0.00408631182686067847415 0.999911436542349485457 3.10915753505519498745
2213 1285.893000 -0.399126098396256123735 -0.00496943089874874247003 -0.0517169130028069801153 -0.0126649803268334155276 -0.00408982577020343233964 0.999911431877089085241 3.10914437266004473059
2214 1285.903000 -0.399125694850827883453 -0.00496336497175111149294 -0.0517159937165351663024 -0.0126641169241705920517 -0.00409369690406321141279 0.999911426971503480843 3.10912974962025767667
2215 1285.912000 -0.399125322444644436981 -0.00495789448281515592737 -0.0517151746495655983971 -0.012663373571548468613 -0.00409719289160566640245 0.999911422067073063502 3.10911656283104020915
2216 1285.922000 -0.399124908896658803226 -0.00495181760743508732336 -0.0517142722448165337301 -0.0126625487504005984629 -0.00410105482406781813448 0.999911416680734577156 3.109101895971913887
2217 1285.931000 -0.399124538635181880242 -0.00494635444610914531277 -0.0517134634372532625557 -0.0126618000777313048644 -0.00410451186324703454211 0.999911411976659225687 3.1090887009344108094
2218 1285.940000 -0.399124158431421960369 -0.00494088042672276381989 -0.0517126626954949597526 -0.0126610825007360504324 -0.00410798396665268406025 0.999911406804442459695 3.10907548039335379642
2219 1285.949000 -0.399123783022980571644 -0.00493541569197829439741 -0.0517118650177837632653 -0.0126603411989900712514 -0.00411142059396158235374 0.999911402065915444481 3.10906226704378596537
2220 1285.958000 -0.399123400609400158512 -0.00492994639951684250623 -0.0517110704200727383517 -0.012659633572185396283 -0.00411489162582508692656 0.999911396747094616266 3.10904904888262478835
2221 1285.967000 -0.399123017275195668407 -0.00492447772746821763046 -0.0517102805638160537005 -0.0126589187515013818636 -0.00411834165603297639585 0.999911391593298670699 3.10903582196248340352
2222 1285.976000 -0.399122639447382465683 -0.00491902410984468990707 -0.0517094869660220529672 -0.0126581897180168406747 -0.00412178810422847690526 0.999911386621777698025 3.10902263867398298558
2223 1285.985000 -0.399122255517282864545 -0.00491356459836135225916 -0.0517086979710544777933 -0.0126574766965773365807 -0.00412524147654220844916 0.999911381406590304977 3.10900944224879305366
2224 1285.994000 -0.399121879654232458723 -0.00490812182447584663403 -0.0517079047831558169523 -0.0126567405335627179708 -0.00412867993454536699044 0.999911376533472617822 3.1089962857190251988
2225 1286.004000 -0.39912145410246435695 -0.00490206784692650936186 -0.0517070259351530003844 -0.0126559486247035963419 -0.00413252328748102155248 0.999911370680265587652 3.10898166359534311454
2226 1286.013000 -0.399121080943216521852 -0.00489663824152023353237 -0.051706230288053947608 -0.0126552078439249090364 -0.00413596192526475680412 0.999911365838682675289 3.10896854810282885495
2227 1286.022000 -0.399120701242658637575 -0.00489120355989588508072 -0.0517054359790402318087 -0.0126544902469910552217 -0.00413942197401375843596 0.999911360602683596532 3.10895543285530528976
2228 1286.031000 -0.399120330350812513309 -0.00488578465727066736657 -0.0517046386394208121184 -0.0126537413450301672313 -0.00414285113186631161891 0.99991135587834600873 3.1089423511191265348
2229 1286.041000 -0.399119905871925806373 -0.00488006555052543540552 -0.0517037720682351556456 -0.0126529705242238929563 -0.00414656970037074589647 0.999911350218924632749 3.10892856192089483969
2230 1286.050000 -0.399119543794820175187 -0.00487435105010163537143 -0.0517029543021359436206 -0.0126521935584739120273 -0.00415012321502626364139 0.9999113453079022662 3.10891476318285775449
2231 1286.059000 -0.399119170008068624433 -0.00486893829152261741616 -0.0517021558835966538181 -0.0126514745899096101023 -0.00415358108155847692566 0.999911340047156316224 3.10890170712803293185
2232 1286.068000 -0.399118799913878607999 -0.00486353427637108062104 -0.0517013566002120297793 -0.0126507397740023876109 -0.00415702152646037995792 0.999911335046862581599 3.1088886720972230826
2233 1286.076000 -0.399118471966853793909 -0.00485873332765670608302 -0.0517006456199962244336 -0.0126500841809494279921 -0.00416007315728321187126 0.999911330649643659285 3.10887708784372174264
2234 1286.085000 -0.399118095400247729909 -0.00485363674053143276388 -0.0516998674443775452225 -0.0126493782487541346626 -0.00416337483025336092118 0.999911325838417908152 3.10886479553634487161
2235 1286.093000 -0.399117774413039250181 -0.00484853444127145323528 -0.0516991389983928739671 -0.0126486954053138655335 -0.0041665436115337819295 0.999911321277480502623 3.10885246770390288873
2236 1286.100000 -0.399117490091552729048 -0.00484433970325951878538 -0.0516985210522162008662 -0.0126481073005021479178 -0.00416917948799743181415 0.999911317729783366559 3.10884233203763171716
2237 1286.108000 -0.399117155604110762646 -0.00483953485291307473892 -0.0516978174911606330744 -0.0126474739942521521852 -0.0041722305512657551288 0.999911313014205216376 3.10883073310889601615
2238 1286.116000 -0.399116821764864071476 -0.00483473266123223520407 -0.0516971132315909159827 -0.0126468437168513019031 -0.004175286167630119262 0.999911308231595130636 3.10881913529852660361
2239 1286.125000 -0.399116451105792802156 -0.00482934034077446734667 -0.0516963196664356403054 -0.012646113470154384667 -0.00417870153230314681642 0.999911303200240797473 3.10880611132908368788
2240 1286.132000 -0.399116158271915821842 -0.00482545935716035927221 -0.0516957192891993461137 -0.0126455675751697398795 -0.00418123151770986942882 0.999911299527961650035 3.10879675146460199286
2241 1286.137000 -0.399115965282912377177 -0.00482216888011063101599 -0.05169525667830539295 -0.0126451151408828697809 -0.00418323932673712265556 0.999911296851780262429 3.10878878823171600487
2242 1286.142000 -0.399115751471875390699 -0.0048191637417408367261 -0.0516948223067235368422 -0.0126447349751951151203 -0.00418514838039059974134 0.999911293670814216306 3.10878153248497435257
2243 1286.148000 -0.39911550779266458111 -0.00481558133372830821095 -0.0516942901568724633155 -0.0126442394974142086062 -0.00418742350337821499229 0.999911290411272135614 3.10877288532478290861
2244 1286.154000 -0.399115266261529932912 -0.0048119986457989538664 -0.0516937628610983357369 -0.0126437291835882412161 -0.00418966383112626909041 0.999911287479701593739 3.10876421835407157346
2245 1286.159000 -0.399115052279133075697 -0.00480899847190400728247 -0.0516933269740148457205 -0.0126433579376385163417 -0.00419158864712271435338 0.999911284107082076744 3.10875698055995419722
2246 1286.165000 -0.399114809879853704722 -0.00480542040547102429493 -0.0516927956675317379354 -0.0126428593458623676066 -0.00419385457188507608517 0.999911280910156907709 3.10874833706583464377
2247 1286.170000 -0.399114603252707811354 -0.00480243060037915166921 -0.0516923609176737769433 -0.0126424527430254399901 -0.00419573145823128046406 0.999911278177304518877 3.10874111208451342492
2248 1286.175000 -0.399114393275551371243 -0.00479943870477673138752 -0.0516919233815363171614 -0.0126420676737654912036 -0.00419764139602316933841 0.999911275029760959754 3.10873388761528035573
2249 1286.181000 -0.399114150775284337591 -0.00479586601338299455682 -0.0516913929492067297788 -0.0126415731524255319645 -0.00419991143646003105977 0.999911271749727714742 3.10872526445486352387
2250 1286.187000 -0.399113910150199480142 -0.00479229346385498175542 -0.0516908669010863186521 -0.012641064147433791337 -0.00420214849972556144658 0.999911268785989015839 3.10871662525233283247
2251 1286.196000 -0.399113541254905945799 -0.0047869293162445111442 -0.0516900782969193506311 -0.0126403390633849088687 -0.00420554985027806610409 0.999911263652339954433 3.10870367282872051007
2252 1286.204000 -0.399113208559976451184 -0.004782156758825315164 -0.0516893810111441615041 -0.0126397118455668661802 -0.00420858197637971696153 0.999911258823606541313 3.10869215283787037052
2253 1286.212000 -0.39911288217378410037 -0.00477739773648502754483 -0.0516886804358695495232 -0.0126390676842964375798 -0.00421160290136942967038 0.999911254246632075215 3.10868066573605439373
2254 1286.221000 -0.39911251855299423319 -0.00477205242121309103354 -0.0516878891268784806945 -0.0126383375941421620403 -0.00421500084847498731472 0.999911249156995918241 3.1086677582171899914
2255 1286.230000 -0.399112151683476357178 -0.0047667058069696000705 -0.0516871022560373219457 -0.0126376144723722022567 -0.00421839375451816666479 0.999911243988474862654 3.1086548526501163181
2256 1286.239000 -0.399111778845856357556 -0.00476135382720462539685 -0.0516863196035620697799 -0.0126369126897369118273 -0.00422179750640368396664 0.99991123849244079036 3.10864194057562892581
2257 1286.248000 -0.399111413501470280174 -0.00475601750765443018198 -0.0516855329038771876826 -0.0126361889971512830061 -0.00422518637493601856292 0.999911233324101367259 3.10862906226590451908
2258 1286.257000 -0.399111047615613945272 -0.00475068280592925648587 -0.0516847477193653342953 -0.0126354679120784241242 -0.00422857009297909845064 0.999911228132583596029 3.10861618497441405395
2259 1286.266000 -0.399110684322510733679 -0.00474535351555672307855 -0.0516839638718184155031 -0.0126347333132422849633 -0.00423192926846937059193 0.999911223203725274544 3.10860331347751506215
2260 1286.276000 -0.39911027364656170846 -0.0047397375040097913107 -0.051683108855659430636 -0.0126339623063157508592 -0.00423556808012760452331 0.999911217538577923314 3.10858976445554002765
2261 1286.285000 -0.39910991446140514638 -0.0047341140926661414573 -0.0516823051896465462951 -0.01263321547181149411 -0.00423906877281603807622 0.999911212139748872829 3.10857618072906216611
2262 1286.294000 -0.399109544420465034431 -0.00472878517135707533703 -0.0516815265686191016581 -0.012632510561823167422 -0.00424244347656023510634 0.999911206733004820357 3.10856331397424368035
2263 1286.303000 -0.399109183023269420421 -0.00472347218811852535836 -0.0516807435106876808528 -0.0126317737093191283931 -0.00424579032592874855423 0.999911201836175544955 3.10855047891558911033
2264 1286.313000 -0.399108782960658547978 -0.00471757641541343739067 -0.0516798713246237675922 -0.0126309582869987401671 -0.00424951842662670345452 0.999911196299898441531 3.10853623830223746438
2265 1286.322000 -0.399108411876324009615 -0.00471225734792272456242 -0.0516790920072794507378 -0.0126302674547398643967 -0.00425290689309408727337 0.99991119061993727346 3.10852339945249944719
2266 1286.332000 -0.399108008893551191587 -0.00470636409058608484735 -0.0516782239333871129539 -0.0126294567482557323901 -0.00425662520805551898573 0.999911185037992367164 3.10850916656722819909
2267 1286.341000 -0.399107648691792216145 -0.00470106784432066174273 -0.0516774393692554234736 -0.0126287319428782900121 -0.00425998530859033296136 0.999911179882836287369 3.10849637198499895163
2268 1286.351000 -0.399107241870400697437 -0.0046951781781132987878 -0.0516765721219008197784 -0.0126279432188387552571 -0.00426372523625846364115 0.999911173903548000652 3.1084821560370312632
2269 1286.360000 -0.399106873475801982032 -0.00468987538609773237791 -0.0516757966771864904465 -0.0126272403010801725909 -0.0042670823346496267528 0.999911168459842736311 3.10846935071163166242
2270 1286.370000 -0.399106472625615937844 -0.00468400106988819866366 -0.0516749294319123614327 -0.0126264363805334341867 -0.0042707994049638120862 0.999911162742356363076 3.10845516238337804538
2271 1286.379000 -0.399106107359142148194 -0.00467871119766319516764 -0.0516741521853674029563 -0.0126257261867516006049 -0.00427415127861715659491 0.999911157388047588945 3.10844238925424898312
2272 1286.389000 -0.399105709409175335445 -0.00467285014159062039862 -0.0516732859829763663262 -0.0126249112772159072932 -0.00427785115519240932008 0.999911151855371937991 3.10842823633774445469
2273 1286.398000 -0.399105344729134059456 -0.00466756960030421247376 -0.0516725077923012171555 -0.0126242100144724669203 -0.00428121209697468647903 0.999911146324757860171 3.10841548964352831774
2274 1286.407000 -0.399104981178422857369 -0.00466229246480921906415 -0.0516717324964259261399 -0.0126234990943777519723 -0.00428455185784320461556 0.999911140995034419809 3.10840274338417366096
2275 1286.417000 -0.399104584914108384552 -0.00465644720384179519601 -0.0516708673165040474617 -0.0126226911934678841937 -0.00428825222434344160288 0.999911135331482792132 3.10838863127536146891
2276 1286.426000 -0.399104220483940508313 -0.00465117839606414822801 -0.0516700918067004646983 -0.0126219882270026621113 -0.00429159858286350115453 0.999911129848448543278 3.10837591529837231619
2277 1286.435000 -0.399103863926875246371 -0.00464592406886943799088 -0.0516693151316821308594 -0.0126212623366737785452 -0.00429492017253995089082 0.999911124749465196615 3.10836322512606644253
2278 1286.444000 -0.399103500221030749184 -0.00464066360570411853836 -0.0516685408656743019873 -0.0126205601710627658002 -0.00429826091215304312981 0.999911119257156699724 3.10835052910740206045
2279 1286.454000 -0.399103099687572016041 -0.00463482706379799574981 -0.0516676813970698561862 -0.0126197703184674058646 -0.00430195749190259799782 0.99991111332900328712 3.10833643517963453817
2280 1286.464000 -0.399102695565432541436 -0.0046292974363982266825 -0.0516668386051697750561 -0.0126190011750547288749 -0.00430552504615635146107 0.999911107680788169283 3.10832309440273757417
2281 1286.473000 -0.399102345042857353796 -0.00462376057114922273117 -0.0516660460908368798782 -0.0126182485453415725585 -0.00430895345626735801203 0.999911102410489083248 3.10830971562856683832
2282 1286.482000 -0.399101983234492196928 -0.00461851786454788026948 -0.0516652731701779041606 -0.0126175520287117245988 -0.00431228867996818338026 0.999911096821684108882 3.10829705943610168362
2283 1286.491000 -0.399101627152352200767 -0.00461328648601248836325 -0.0516645005967247411549 -0.0126168260680022611964 -0.00431558664162902741457 0.999911091753616143585 3.10828442530366366725
2284 1286.497437 -0.399101388029652726086 -0.00460979850521541899971 -0.0516639858593867934422 -0.0126163523667180785953 -0.00431779530539593177363 0.99991108819567531274 3.10827600312967522456
2285 1286.503000 -0.399101149003728172815 -0.00460631223152039356167 -0.0516634713286969332602 -0.0126158788880845230962 -0.00432000277350804481186 0.999911084634988123199 3.10826758498205846237
2286 1286.508000 -0.399100945412223295783 -0.00460340133252094396016 -0.0516630443370109521117 -0.0126155035905101391841 -0.00432185920138940596336 0.999911081347837238376 3.10826055656871336197
2287 1286.514000 -0.399100706576886621324 -0.00459991822276034287298 -0.0516625301803706124537 -0.0126150304866528874259 -0.00432406451382639361869 0.999911077782370094624 3.10825214593472454183
2288 1286.520000 -0.399100462018459167801 -0.00459673498670033764402 -0.0516620345880518527792 -0.0126145825735383496774 -0.0043261436231627663565 0.999911074440045899436 3.10824446691541078636
2289 1286.528000 -0.399100154174094057247 -0.00459180450702940078089 -0.0516613295585783560693 -0.0126139140286905052091 -0.00432919545286537896939 0.99991106966550158397 3.10823255121689312475
2290 1286.536188 -0.399099833547478854978 -0.00458716507664749459372 -0.0516606451172545860784 -0.0126132931095460747162 -0.00433214045603133243723 0.999911064743260968868 3.10822135292007928342
2291 1286.544000 -0.399099514167162439104 -0.00458252912682436796404 -0.0516599624365112336521 -0.0126126674676601841646 -0.00433507413480773654696 0.999911059920629008424 3.10821015648645193608
2292 1286.552000 -0.399099201173248763208 -0.00457790634004879432029 -0.0516592768555506065553 -0.0126120247187820628404 -0.00433799505586264164125 0.999911055360119704893 3.10819899150904221941
2293 1286.561563 -0.399098840666787468834 -0.00457269694973149246064 -0.05165850885726366859 -0.0126113284002050719812 -0.00434130128029341661594 0.999911049793518302842 3.10818641716969512601
2294 1286.571000 -0.399098446738195000716 -0.00456692231447673561984 -0.0516576539836221954038 -0.0126105362454137382572 -0.00434495548013641343793 0.999911043912146468848 3.10817247155168541184
2295 1286.580000 -0.399098087658238620534 -0.00456172190035340069381 -0.0516568879526812657632 -0.0126098368191836160412 -0.00434824962550327612232 0.999911038413212049925 3.10815991500485022669
2296 1286.589000 -0.399097734735496922909 -0.0045565352305724955706 -0.0516561186637020941514 -0.0126091224238123987555 -0.00435153338701031646568 0.999911033136890337047 3.10814739143001306232
2297 1286.598000 -0.399097376274126447449 -0.00455134310812235591548 -0.0516553536160402754218 -0.0126084238291059198833 -0.00435482251766094227013 0.999911027626650850131 3.10813485520825460995
2298 1286.606000 -0.399097064930056089072 -0.00454674236179994882556 -0.0516546706206292699504 -0.0126077831664057407601 -0.00435773019828759183847 0.999911023037123980473 3.10812374430553628457
2299 1286.615000 -0.399096706265249456802 -0.00454155779750113966498 -0.0516539055583697323537 -0.0126070893008715309569 -0.00436102137060423791781 0.999911017437034255195 3.10811123076836626211
2300 1286.624000 -0.399096355256374824005 -0.00453638746120345326407 -0.0516531391690509961157 -0.0126063727575293424432 -0.00436428821712073200523 0.999911012217715278183 3.10809874271682140545
2301 1286.633000 -0.399095997152641601691 -0.00453121112191311181672 -0.0516523751067008152216 -0.0126056798126824853856 -0.0043675741129467699278 0.999911006606502006377 3.10808624906363872853
2302 1286.642000 -0.399095646689254290873 -0.00452604898337855086204 -0.0516516097139764485124 -0.0126049641930405104118 -0.00437083563350660307678 0.999911001376401098462 3.10807378076119267263
2303 1286.650000 -0.39909532938505454247 -0.00452145584428167209706 -0.0516509307451133506395 -0.0126043478624845734642 -0.00437375200818696657779 0.999910996393345130606 3.10806269523649758568
2304 1286.660000 -0.399094933466889123519 -0.00451602032927491108677 -0.0516501005205069543824 -0.012603582312966259138 -0.00437724930388124367636 0.999910990739381722037 3.10804957417577920609
2305 1286.669000 -0.399094582123182772815 -0.00451056681949367661855 -0.0516493201285571010284 -0.0126028663349523079723 -0.00438064743058875268739 0.999910984882270481577 3.1080364034645229232
2306 1286.678000 -0.399094226996716150424 -0.00450571404368409027252 -0.0516485749756625950324 -0.0126021773647410992997 -0.00438377536208869184042 0.999910979857328130471 3.10802468934174225268
2307 1286.696000 -0.399093973545189828478 -0.00449790439810438327783 -0.0516476948214212097654 -0.0126012871941169057877 -0.00438803460727171627809 0.999910972393710961725 3.10800575347343510657
2308 1286.696000 -0.399093527242672663213 -0.00449513143735368742027 -0.0516470330415267769864 -0.0126007493004442021334 -0.00439041331468040772756 0.999910968730713167751 3.10799912948434986504
2309 1286.714000 -0.399093222624396615217 -0.00448734736312419654758 -0.0516461066939680329968 -0.0125998344477254754781 -0.00439478248925296178379 0.99991096106541521582 3.10798027021357547994
