17836 649.152000 30.9799804108940577407 -0.0882421196905470300864 16.2988078965858385061
17837 649.159000 30.9798781570650838546 -0.0877374105509628882116 16.295572813596983508
17838 649.168000 30.9798259014566745861 -0.0872532252849449463383 16.2918838320436840661
17839 649.176000 30.9798532332998526329 -0.0869562325977487060591 16.2892300410593975357
17840 649.185000 30.9799416581770650225 -0.0867283505880469957061 16.2870336727972393476
17841 649.195000 30.9801041175702565056 -0.086559620334623194049 16.285595804143525811
17842 649.203000 30.9802800941556100156 -0.0864609770689342554961 16.2851539446478419393
17843 649.212000 30.9805040660005452935 -0.0863809310938781355071 16.2853004354517700847
17844 649.220000 30.9807257336468921949 -0.0863363921482044882616 16.28588640813363142
17845 649.230000 30.9810280888520281906 -0.086322807968423079239 16.2870380311302476173
17846 649.239000 30.9813027002953091937 -0.0863633340108504454768 16.2882930982469744663
17847 649.248000 30.9815866564598394461 -0.0864477527458115124759 16.2896013556337742045
17848 649.256000 30.98183658950470587 -0.086560260344156189638 16.290700723578503073
17849 649.265000 30.9821091865077526961 -0.0867219812063412254233 16.2917739515398451999
17850 649.273000 30.9823414043175837662 -0.0868869908333113338816 16.2925296895872619984
17851 649.282000 30.9825864061993279108 -0.087081525442726376296 16.2931262195018327077
17852 649.291000 30.9828139524887617995 -0.0872680039906860716137 16.293453362119020511
17853 649.300000 30.9830233287184455548 -0.0874307068383914642862 16.2935372217121638982
17854 649.308000 30.9831958217976186631 -0.087545396403401823382 16.2934451714964865232
17855 649.317000 30.9833771606096668449 -0.0876340757063133052318 16.293207277709026215
17856 649.326000 30.9835479625539242932 -0.0876772750222526708885 16.2928862647511678574
17857 649.334000 30.983694624842009091 -0.0876801124980830792754 16.2925784834415310343
17858 649.343000 30.9838572530631175539 -0.0876493242215062168254 16.2922509641691171112
17859 649.352000 30.9840193377237085315 -0.0875910705699545905079 16.2919770399413152973
17860 649.361000 30.9841851345308896271 -0.0875166662243204440674 16.2917772114788803606
17861 649.369000 30.9843367399082616487 -0.0874455793172659312518 16.2916661556305193415
17862 649.378000 30.9845145161311457116 -0.0873695361981601664736 16.2916093247046411818
17863 649.386000 30.9846789165064286919 -0.087310998716707652334 16.2916064024028557355
17864 649.395000 30.9848715504354004224 -0.0872608400160931330092 16.2916366994237797883
17865 649.401000 30.9850055959201498013 -0.0872381643654827204637 16.2916654253482455772
17866 649.408000 30.9851645847848899962 -0.0872220361232155794173 16.2916966043660416119
17867 649.417000 30.9853761123697530877 -0.0872181186186459789234 16.2917191965141654464
17868 649.423000 30.9855205213043127799 -0.0872238433650709132916 16.2917161770004845778
17869 649.429000 30.9856680556139849614 -0.0872355363756396190444 16.2916957221716209858
17870 649.434000 30.9857922185891503375 -0.0872479083539230565458 16.2916642178597719237
17871 649.439000 30.9859169887613639105 -0.0872620936563001520225 16.2916199165345574329
17872 649.443000 30.9860180045323510001 -0.0872743619554218613699 16.291575640804719427
17873 649.448000 30.9861459742943310403 -0.0872896376636957405104 16.2915105915078264331
17874 649.452000 30.9862491220399292047 -0.0873012884889138168765 16.2914514782532577897
17875 649.457000 30.9863775144784412419 -0.0873145284643858238249 16.2913712328351323322
17876 649.462000 30.9865070207726454043 -0.0873260138688022463649 16.2912858911997879829
17877 649.468000 30.9866634969635690311 -0.0873363447873381770759 16.2911807452149943742
17878 649.472000 30.9867685918191924088 -0.0873408086321207366431 16.2911112693557278419
17879 649.477000 30.9869002784582896481 -0.0873438523510958048091 16.2910273834599550469
17880 649.482000 30.9870317378279729326 -0.0873435666723003240053 16.290949415070137718
17881 649.487000 30.9871636311193086044 -0.0873399906667366443536 16.2908800455791009654
17882 649.493000 30.9873225138673618062 -0.0873320852882067955036 16.2908101760040082695
17883 649.498000 30.9874548240803058263 -0.0873227057629369501912 16.2907655238384769802
17884 649.502000 30.9875608207657222692 -0.0873135844783516912315 16.2907396911453723476
17885 649.508000 30.9877198587226132531 -0.0872981694948605502216 16.2907173987592344133
17886 649.516000 30.9879337162661556704 -0.0872757728187416870202 16.2907195617790563347
17887 649.523000 30.9881210175331816004 -0.0872560436518501764125 16.2907498404483810361
17888 649.530000 30.9883081523262617907 -0.0872381294505238658044 16.2908034336371834172
17889 649.538000 30.9885234596778254001 -0.0872214877028689716809 16.2908868328878284615
17890 649.545000 30.9887120651050906872 -0.0872115654227618442018 16.2909736030223903924
17891 649.552000 30.9889013362474905477 -0.0872068338659590797102 16.2910661257485926967
17892 649.560000 30.9891188609415770827 -0.0872084034914239331071 16.291171165168272239
17893 649.567000 30.9893103426366032238 -0.0872157523821429497835 16.291255430865724918
17894 649.574000 30.9895010394701131418 -0.0872277497662986706084 16.2913269413685704023
17895 649.582000 30.9897217310803618773 -0.0872467398879526179201 16.291387592194162437
17896 649.589000 30.9899145697283060485 -0.0872663584915880780057 16.2914188051197719176
17897 649.597000 30.990137093695693693 -0.0872906029072851308293 16.2914270444247364367
17898 649.604000 30.9903329213285196886 -0.0873121663635198774767 16.2914100670576260654
17899 649.611000 30.9905298168005245429 -0.0873325039578506240323 16.2913714089366408189
17900 649.619000 30.9907556166161342048 -0.0873522476584521340159 16.2913037090865913115
17901 649.626000 30.9909541397600989399 -0.0873656584386669765596 16.291227696043879547
17902 649.633000 30.9911541662784735252 -0.0873748289844973602403 16.2911398231984421159
17903 649.641000 30.9913849176247637729 -0.0873794118997818641814 16.2910305927488856526
17904 649.648000 30.9915878870579710735 -0.0873781005897573542773 16.2909320668703507806
17905 649.656000 30.9918220070331287275 -0.08737089640654123468 16.2908216265482721496
17906 649.663000 30.9920283540974459413 -0.0873600516418656380946 16.2907314810795789128
17907 649.671000 30.9922653741403308914 -0.0873434239324157729589 16.2906398280742692464
17908 649.678000 30.9924753528632521693 -0.0873265871901949125578 16.290572419957719319
17909 649.686000 30.9927168023063757119 -0.0873054925198840092726 16.290511534886974232
17910 649.693000 30.9929302212882760159 -0.0872871538050899176131 16.2904733114397295424
17911 649.701000 30.9931758132919199511 -0.0872672931843976457111 16.2904469312991722063
17912 649.708000 30.99339169267723193 -0.0872517601158167288578 16.2904373949902634422
17913 649.715000 30.9936092429546867777 -0.0872389442057868447211 16.2904392791217986769
17914 649.722000 30.9938275038680508544 -0.0872292443607483730661 16.2904505141923401368
17915 649.730000 30.9940788258481738637 -0.0872227065004302359874 16.2904716842798613641
17916 649.737000 30.9942992973963455938 -0.0872207128355783622986 16.2904946116428774872
17917 649.744000 30.9945216783988222176 -0.0872223124069578803486 16.2905195762014933791
17918 649.752000 30.9947758146663936429 -0.087227801164774770859 16.29054698254848077
17919 649.759000 30.9949994239676875907 -0.0872356479894964981225 16.2905681243009219372
17920 649.767000 30.9952549835294064451 -0.0872467455755986109889 16.290586345430202897
17921 649.774000 30.9954796605016866806 -0.0872580039103947741053 16.2905960381979717511
17922 649.781000 30.9957040970630117727 -0.0872695738716639662913 16.2905986615460385281
17923 649.788000 30.9959296383901090621 -0.0872811416656777555589 16.2905939388939735579
17924 649.795000 30.9961553093435924211 -0.087291684592966087286 16.2905820755336101513
17925 649.802000 30.9963807960788351181 -0.0873007754208650482708 16.2905632971355274208
17926 649.810000 30.9966389729529439023 -0.0873091992435988673016 16.2905339578076038265
17927 649.817000 30.9968659885476434113 -0.0873141500378169371777 16.2905026852109209301
17928 649.824000 30.9970936519229631756 -0.0873170811065323015931 16.2904670036911660702
17929 649.832000 30.997353408057275459 -0.0873173868390049456867 16.2904227493136914973
17930 649.839000 30.9975822035039101365 -0.0873154571855894734433 16.2903821895141263099
17931 649.846000 30.9978118078809181668 -0.087311873074293139263 16.2903411237741124751
17932 649.853000 30.9980422471586116728 -0.0873068540106647222876 16.2903004284712160654
17933 649.860000 30.9982725689987788087 -0.0873002038261827956189 16.2902611827666241595
17934 649.867000 30.9985046266636636858 -0.0872933044978606714759 16.2902242508120522757
17935 649.875000 30.9987705277241758495 -0.0872850364110122761696 16.290185390478121974
17936 649.882000 30.9990045701657059851 -0.087277801525723702758 16.2901547665980537261
17937 649.889000 30.999239066204467008 -0.0872711053545939668963 16.290127377245717355
17938 649.896000 30.9994756397719228858 -0.0872654368686700265823 16.2901034979819208104
17939 649.902000 30.9996784623668055758 -0.0872612488442865569249 16.2900858417335001604
17940 649.910000 30.9999501963582488884 -0.0872568749481348188146 16.2900653072083834161
17941 649.916000 31.0001556544614480515 -0.0872549991416119025134 16.2900522294778404842
17942 649.924000 31.000429068309355074 -0.0872534190701367978749 16.2900372172286012074
17943 649.931000 31.0006701563739888172 -0.0872535906724609816587 16.2900257305741504865
17944 649.938000 31.000911215218486916 -0.0872545086808949044155 16.2900152219988889613
17945 649.945000 31.0011532991761669109 -0.0872563174328267049384 16.2900054141187524692
17946 649.952000 31.001395471478403465 -0.0872586747782290728104 16.2899957539533488671
17947 649.959000 31.0016384726470342059 -0.087261512708395369553 16.2899855881831534532
17948 649.966000 31.0018823758252999312 -0.0872646984255496388494 16.2899748218470890038
17949 649.973000 31.0021267838933631822 -0.0872679234527313218983 16.2899628667433447049
17950 649.980000 31.0023709373788882715 -0.0872706412069875342441 16.2899495689845714708
17951 649.987000 31.0026157704281430938 -0.0872730429553759123884 16.289935011685027888
17952 649.995000 31.0028957516207697154 -0.0872752714896367909336 16.2899165313397276122
17953 650.002000 31.0031403776463463373 -0.0872765089070811628247 16.2898988514409097661
17954 650.009000 31.0033863252099486374 -0.0872771162336413719451 16.2898797997707873719
17955 650.016000 31.0036327324458795829 -0.0872773433857016167625 16.289859299091151712
17956 650.023000 31.0038792057975101102 -0.087276813406211045665 16.2898378880346790254
17957 650.029000 31.0040903998485397608 -0.0872759463483293307373 16.2898189380083699973
17958 650.036000 31.0043377681609300112 -0.0872747929206829781146 16.2897959493097559402
17959 650.044000 31.0046200193988426008 -0.0872726966826373046215 16.2897691946796996376
17960 650.050000 31.0048319672988377249 -0.0872710863697867406108 16.2897487452652072193
17961 650.057000 31.0050805125482078495 -0.0872690201494599193666 16.2897250512302989023
17962 650.065000 31.005364603901835352 -0.0872668257523723234215 16.2896980175718582018
17963 650.071000 31.0055788377310577175 -0.0872651860847831750689 16.2896781676931468041
17964 650.079000 31.0058646010902130286 -0.08726328865669685797 16.2896518244952659416
17965 650.083000 31.0060074927070203898 -0.0872623261187671639405 16.2896392145764785653
17966 650.088000 31.0061864083049414376 -0.0872611997435449315841 16.2896233679027631069
17967 650.092000 31.0063295598010526533 -0.0872606546490407447569 16.2896109627806602305
17968 650.099000 31.0065813748370189273 -0.0872595790840701018842 16.2895898598448241046
17969 650.106000 31.0068338929805484838 -0.0872590047168601834482 16.2895692012818393835
17970 650.114000 31.0071222877004295526 -0.0872583464552688647942 16.2895466171225073992
17971 650.121000 31.007375933606923013 -0.0872582895068520630888 16.2895272175106953227
17972 650.128000 31.0076298557285632285 -0.0872582240571942724383 16.2895084781825474352
17973 650.135000 31.0078837048573845436 -0.0872582130322721999383 16.2894902010813069637
17974 650.143000 31.0081752206659047033 -0.087258568268119243716 16.2894694850479879733
17975 650.149000 31.0083936498296957041 -0.0872587304228728960487 16.289454367036604765
17976 650.157000 31.0086854199275876454 -0.0872590907677085331207 16.2894341535428353041
17977 650.164000 31.0089413866938414799 -0.0872591913154233400629 16.2894164699349275338
17978 650.171000 31.0091980872831598504 -0.0872594585723443366687 16.2893987122920549382
17979 650.178000 31.0094543036476899545 -0.087259356161536932861 16.2893807470425215911
17980 650.186000 31.0097470068876042149 -0.0872590769624727730092 16.2893601587486287485
17981 650.193000 31.0100046268255695736 -0.087258974982439688195 16.2893418664476925528
17982 650.200000 31.0102612412169769129 -0.0872585255795285258396 16.2893234143531486779
17983 650.207000 31.0105190009937530249 -0.0872579744790684258549 16.2893046926024211984
17984 650.214000 31.0107771273994821115 -0.0872575641583551858682 16.2892855167339334344
17985 650.221000 31.0110348423353769931 -0.0872568689347491405206 16.2892664125410995268
17986 650.228000 31.011292581423081316 -0.0872561313519051862109 16.2892467346712628284
17987 650.235000 31.0115512400715793717 -0.0872553735594605583969 16.2892270605283222551
17988 650.241000 31.0117733214113542317 -0.0872549927935809682689 16.2892098970500107669
17989 650.248000 31.0120319644038922036 -0.0872542454828705710268 16.2891900618399141365
17990 650.254000 31.0122535956358404974 -0.0872536939166246028332 16.2891726962104321785
17991 650.261000 31.0125132304719421938 -0.0872530061686451613445 16.2891525646424568663
17992 650.268000 31.0127732869288870177 -0.0872525945036514150033 16.2891322107588010226
17993 650.275000 31.0130329939559423735 -0.0872520171777623060327 16.2891121841277595195
17994 650.283000 31.0133306326531332786 -0.0872515758896420245971 16.2890889255211703812
17995 650.290000 31.0135913567737873109 -0.0872511365119409965097 16.2890688502543063976
17996 650.297000 31.0138518300803340821 -0.0872506574408157681289 16.2890489094863362141
17997 650.304000 31.014112859324278304 -0.0872502915729087558105 16.2890289236017089536
17998 650.310000 31.0143372824072294236 -0.0872502521917386947292 16.2890118017473426448
17999 650.318000 31.0146359826566317963 -0.0872497771184943676781 16.2889893612436367221
18000 650.325000 31.0148983685869872318 -0.0872496411210295225169 16.2889696006660464889
18001 650.332000 31.0151607880876127865 -0.087249304733709301396 16.2889501109324790207
18002 650.337000 31.0153481123374277217 -0.0872491305260782862296 16.2889361672851862295
18003 650.341000 31.0154980082887945514 -0.0872488678358740304963 16.2889252843416443284
18004 650.346000 31.0156855246112890256 -0.0872484896457348668708 16.2889113639808940093
18005 650.351000 31.0158730338093953094 -0.0872483089603571793091 16.2888975128393980185
18006 650.356000 31.0160614261708929007 -0.0872480995461740738151 16.2888839119421149348
18007 650.361000 31.0162492643893941136 -0.0872476761131788791648 16.2888700791408673751
18008 650.366000 31.0164370823099417862 -0.0872474486927307113504 16.2888563003658966011
18009 650.370000 31.0165883873770020784 -0.0872473294607583743643 16.2888453226518947758
18010 650.375000 31.0167769086691365032 -0.0872471033966004949622 16.2888317545437359968
18011 650.380000 31.0169648904830559388 -0.0872465741095548447115 16.2888181120184363238
18012 650.385000 31.0171533501014842216 -0.0872463284077363704361 16.288804231690846791
18013 650.389000 31.0173043986506016267 -0.0872459778108682776354 16.2887933124805321938
18014 650.397000 31.0176060800789912264 -0.0872454302376178825185 16.2887713749234848137
18015 650.406000 31.0179454294689698202 -0.0872447628338910707857 16.2887468762056997207
18016 650.414000 31.0182474692674539085 -0.0872440202979820333962 16.2887247934810126537
18017 650.423000 31.0185878048165051268 -0.0872433368208514192776 16.2887000138759745482
18018 650.432000 31.0189287528675130545 -0.0872429584489371884315 16.2886751755482279691
18019 650.440000 31.0192309705840330025 -0.0872422444580229633493 16.2886530753148193185
18020 650.449000 31.0195712497045974487 -0.0872416743531125304933 16.2886279814702668034
18021 650.458000 31.0199127267304461952 -0.0872411205189020655393 16.2886030778347894454
18022 650.467000 31.0202541407281380259 -0.0872405756655093705954 16.2885780270880253795
18023 650.475000 31.0205574356423987581 -0.087240228550101869831 16.2885557322208534003
18024 650.483000 31.0208609995363246981 -0.0872396534860196970484 16.2885333107127436847
18025 650.492000 31.0212026346840374913 -0.0872391834248206488045 16.2885080838669615844
18026 650.500000 31.0215071385210805488 -0.0872388328420996700396 16.2884858785136223958
18027 650.508000 31.0218116046284997367 -0.0872384793307748179769 16.2884633347863143626
18028 650.517000 31.0221537346162214988 -0.0872377729513096195069 16.2884383034752318054
18029 650.525000 31.0224584546002439822 -0.0872373680247662403042 16.2884160122724637176
18030 650.534000 31.0228018759160200091 -0.0872371029476701892458 16.2883909254068122152
18031 650.542000 31.0231062586341792553 -0.0872364461832804694019 16.2883686788195412021
18032 650.551000 31.0234489200974721257 -0.0872358883774986548776 16.2883435042281838889
18033 650.559000 31.023754734678455236 -0.0872354433365274128942 16.2883212045675840329
18034 650.568000 31.0240982235133770928 -0.0872348244574292636111 16.2882962037696756852
18035 650.576000 31.0244032337222570561 -0.0872341247054766871782 16.2882741452485539924
18036 650.584000 31.0247090717189344389 -0.087233618298985196593 16.2882520612700680829
18037 650.592000 31.0250143526698600738 -0.087232934264265177271 16.2882298181615610133
18038 650.600000 31.0253201429447322823 -0.0872324165191216971404 16.2882077301250944856
18039 650.609000 31.0256646794223129859 -0.0872320486799323391303 16.2881828649260889108
18040 650.617000 31.0259699791450245243 -0.0872313265744307925198 16.288160801036188019
