1263 1010.137000 33.2707631325909716224 -0.0849704997875824069586 4.43395754181830614726
1264 1010.143000 33.2705367323506493449 -0.0846277590530594842066 4.43364617731530685774
1265 1010.151000 33.2702556312665578275 -0.0842468127075359368705 4.43322504984466903011
1266 1010.158000 33.2700283733691577481 -0.0839960067088527106982 4.4328797820768590654
1267 1010.166000 33.2697893697016482406 -0.0838061413539577804155 4.43253992999268042752
1268 1010.173000 33.2695979116011457677 -0.0837188138196092446197 4.4323067688862582969
1269 1010.181000 33.2693987574318725819 -0.0836955336773560765184 4.43212443991771465335
1270 1010.188000 33.2692412101096266497 -0.083727651850304785075 4.43204063418189608825
1271 1010.196000 33.2690795904112661674 -0.0838058062664412128928 4.43202663311159739123
1272 1010.203000 33.2689536322399490587 -0.0838955179403551992712 4.43207689286683059748
1273 1010.211000 33.2688263521192624239 -0.0840066858241338421109 4.43219048296232998041
1274 1010.219000 33.268715522000015028 -0.0841135865936171872592 4.43234458092901029147
1275 1010.226000 33.2686306988804787466 -0.0841955285815909199032 4.43249580844412349734
1276 1010.234000 33.2685458154386921592 -0.0842701708893036638415 4.43266871586483990342
1277 1010.241000 33.2684803375868369812 -0.0843166280091348085968 4.43280614159573005395
1278 1010.249000 33.2684132554448765973 -0.0843481187506519569652 4.43293386150010260138
1279 1010.257000 33.2683518563650437727 -0.084358716490754562245 4.43302025891197182261
1280 1010.264000 33.268300669207548026 -0.0843538133363602865566 4.43305755082976205017
1281 1010.272000 33.268242756910986202 -0.0843361802524560527639 4.43305587467866679674
1282 1010.279000 33.2681908541660362744 -0.0843139003248815493974 4.43301858712861740486
1283 1010.287000 33.2681283805598724257 -0.0842847741452163318199 4.43294191558284644827
1284 1010.294000 33.2680698319150351949 -0.0842591129889924128626 4.43285289162393514317
1285 1010.302000 33.2679975992546843599 -0.0842324449870149732922 4.43273697827216750511
1286 1010.309000 33.267929403831971058 -0.0842131114133418540169 4.43263267708187935767
1287 1010.316000 33.2678565861412067761 -0.0841984215852751849418 4.43253420492784400153
1288 1010.324000 33.2677681558435622833 -0.0841876753758622753399 4.43243793987357381781
1289 1010.332000 33.2676750491340342819 -0.0841830676069601491207 4.43236705336298975055
1290 1010.339000 33.2675907057758735164 -0.0841833858559586922787 4.43233025145198755723
1291 1010.346000 33.2675046772207210211 -0.084186902591198875534 4.43231881589006881939
1292 1010.352000 33.2674306890210971233 -0.0841919296975595365939 4.43232901196799744525
1293 1010.359000 33.2673418986103683892 -0.0841994255521941598053 4.43236242034480909524
1294 1010.366000 33.2672552945662616253 -0.0842063674738939144104 4.43241726079931996907
1295 1010.373000 33.2671710085200729168 -0.0842134644304848301033 4.4324879768907461397
1296 1010.380000 33.2670898748063024186 -0.0842200012350114712856 4.43256947525551225908
1297 1010.386000 33.2670230876003856224 -0.0842248631110984191661 4.4326436520667584773
1298 1010.393000 33.2669486708769568395 -0.0842294405433102189029 4.43273034482666528078
1299 1010.400000 33.2668783731176773699 -0.0842327892424676871741 4.43281222103598437911
1300 1010.407000 33.2668117942865393388 -0.0842347677336310607377 4.43288476791000096711
1301 1010.414000 33.2667492320914988113 -0.084235806986539679686 4.43294419657585248018
1302 1010.422000 33.2666817013432449812 -0.084235716656445830397 4.43299290985578497981
1303 1010.429000 33.266626036398328381 -0.0842348912248495756971 4.43301718357696028505
1304 1010.436000 33.2665726291842460682 -0.0842336261441619105206 4.43302409754188975199
1305 1010.444000 33.2665140821974674168 -0.0842316884120357795007 4.4330121382484639625
1306 1010.451000 33.2664641137790582093 -0.0842297109565627866168 4.43298639645245629026
1307 1010.460000 33.266401121758669035 -0.0842269345336422586845 4.43293697509708550797
1308 1010.468000 33.2663453170645553314 -0.0842241070259755475469 4.4328827478842036669
1309 1010.476000 33.2662891728015992499 -0.0842208985525377540338 4.432824155475741712
1310 1010.484000 33.2662323657461556081 -0.0842171716371860057393 4.43276621660684178039
1311 1010.492000 33.266174406671936481 -0.084212865020656002546 4.43271334099698144371
1312 1010.500000 33.2661157782997989329 -0.0842080246650162567157 4.43266922136703644952
1313 1010.507000 33.2660635823835306724 -0.0842031218923903201912 4.43263992931457462277
1314 1010.513000 33.2660184312977662557 -0.0841986547390675549307 4.43262253073352674448
1315 1010.520000 33.2659655812138623787 -0.0841931054641497367275 4.43261170418432026707
1316 1010.525000 33.2659278312483124296 -0.0841890804211079119002 4.43261009438539677063
1317 1010.531000 33.2658825509086781835 -0.0841840567104601006365 4.43261465182051939138
1318 1010.537000 33.2658375110665076591 -0.0841792129719823867262 4.43262552468364035008
1319 1010.542000 33.265800315530462683 -0.0841752600272807488535 4.43263887473856765808
1320 1010.548000 33.2657564682641933018 -0.0841708879742731896911 4.43265913982413994887
1321 1010.554000 33.2657133207551609644 -0.0841669114502113652199 4.4326829773582954175
1322 1010.559000 33.2656781451531600169 -0.0841640558898996971049 4.43270473467152648084
1323 1010.567000 33.2656233052446381748 -0.0841602920273418764197 4.43274142090224376744
1324 1010.575000 33.2655703312281119111 -0.0841577277979003585129 4.43277808608720480521
1325 1010.583000 33.2655196933107788482 -0.0841564643425524727682 4.43281246352915747622
1326 1010.591000 33.2654711357387924409 -0.0841564555428482297117 4.43284264850331410912
1327 1010.599000 33.2654247327405983015 -0.0841574842704108372349 4.43286739656249118013
1328 1010.608000 33.2653746655821009881 -0.0841596817919735840086 4.4328877003342945784
1329 1010.616000 33.2653320806530459208 -0.0841621205602882394015 4.43289892990028633335
1330 1010.624000 33.2652908624622796196 -0.0841648129198763056413 4.43290394140345611618
1331 1010.632000 33.2652508199263508004 -0.0841672058797559990984 4.43290356143225761087
1332 1010.640000 33.2652115165617061621 -0.0841690333203217733171 4.43289870928632723235
1333 1010.647000 33.2651778498051839961 -0.0841699979693255606605 4.43289172531840680591
1334 1010.656000 33.2651350060777062367 -0.0841700892548071372135 4.43288035508559019604
1335 1010.664000 33.2650973741727113975 -0.0841690137564500423517 4.43286923321368853124
1336 1010.672000 33.2650599514256839484 -0.0841667394653046324615 4.43285834069214512709
1337 1010.680000 33.2650226386696559189 -0.0841633268071262791166 4.43284854731676425388
1338 1010.688000 33.2649858071343018651 -0.0841590830983547782962 4.43284055207575811153
1339 1010.697000 33.2649445468084721256 -0.084153225369121953392 4.43283436575787437306
1340 1010.704000 33.2649126983828864468 -0.0841483388599188891765 4.43283171599207115321
1341 1010.712000 33.2648769583174228615 -0.0841424932619322801797 4.43283115932202687048
1342 1010.720000 33.2648417990328439942 -0.0841367221925858610465 4.43283301422370534794
1343 1010.728000 33.2648074457388815972 -0.0841312372564725907687 4.4328370762131896754
1344 1010.736000 33.2647739076934527702 -0.0841262290301898613132 4.43284294530982680982
1345 1010.744000 33.2647416397224802154 -0.0841220207150888549252 4.43285020004091201429
1346 1010.752000 33.2647101970693199746 -0.0841184250614323558715 4.43285845021268798405
1347 1010.760000 33.2646800185841584607 -0.084115676781993428679 4.43286723198975263216
1348 1010.767000 33.2646545235843333899 -0.0841138505985864065595 4.43287505647812540843
1349 1010.775000 33.2646266816484299511 -0.084112556525946943764 4.43288383969239419002
1350 1010.783000 33.2645996836300099631 -0.0841116763836194936133 4.43289225128307062818
1351 1010.790000 33.2645770748551186102 -0.0841112828528763067926 4.43289912026401555778
1352 1010.795000 33.2645614325493923502 -0.0841111962332938972731 4.43290366061447116408
1353 1010.800000 33.2645461286095951436 -0.0841110773718434512336 4.43290794848623725954
1354 1010.805000 33.2645309427287401149 -0.0841109880395786713159 4.43291188092394339293
1355 1010.809000 33.2645192783208756282 -0.0841109620346002645475 4.43291478729359056388
1356 1010.815000 33.2645019444235572337 -0.0841106991240980622626 4.43291883475684578286
1357 1010.824000 33.2644765989532587014 -0.0841101858620100090169 4.43292399442719897706
1358 1010.832000 33.2644547636852934147 -0.0841093314599370422968 4.43292785432037117488
1359 1010.839000 33.2644360373151855015 -0.084108252905041452907 4.43293070458045423976
1360 1010.846000 33.2644177524948148061 -0.0841068133573421861104 4.4329331710033610392
1361 1010.854000 33.2643971161434990336 -0.0841047308261640702565 4.43293557515360259202
1362 1010.861000 33.2643795219828675158 -0.084102651923159188474 4.43293741407907493368
1363 1010.869000 33.2643597344878045874 -0.0840998582642276115706 4.4329393290970537933
1364 1010.876000 33.2643428796704725414 -0.0840973023706382549758 4.43294084968172352745
1365 1010.884000 33.2643239512327468788 -0.0840940734892858532401 4.43294261486428009533
1366 1010.892000 33.264305271837955047 -0.0840907617036969062818 4.43294437581532463355
1367 1010.899000 33.2642895931209352511 -0.0840878352521800542796 4.43294604431848426884
1368 1010.906000 33.2642741279017783995 -0.0840850274698554667197 4.43294777567082931569
1369 1010.913000 33.2642593239517978532 -0.084082246866159421339 4.4329497182191293092
1370 1010.921000 33.2642428838323809259 -0.0840793534444230494795 4.43295208072415469758
1371 1010.929000 33.2642271219975427243 -0.0840765747665147000767 4.43295475603286526223
1372 1010.937000 33.2642118848568273393 -0.0840739861890365397512 4.43295768866509032335
1373 1010.944000 33.2641992966707462642 -0.0840719236699084826459 4.43296048697053279852
1374 1010.952000 33.2641854351202397311 -0.084069726839060443524 4.43296391709229720135
1375 1010.960000 33.264172530885034007 -0.0840678280734109412142 4.43296757906011151817
1376 1010.967000 33.2641615511915560432 -0.0840661000953547149495 4.43297101450057784433
1377 1010.975000 33.2641498067575795972 -0.0840643280768957196214 4.43297505906810318521
1378 1010.982000 33.2641401470686943753 -0.0840628091698789187136 4.43297875045380962433
1379 1010.990000 33.2641293626677949646 -0.0840610273435052762769 4.43298304315844049484
1380 1010.997000 33.2641206415497094895 -0.0840594185796611770289 4.4329868958500737719
1381 1011.005000 33.2641110629056342418 -0.0840576400942948387396 4.43299124369671915247
1382 1011.013000 33.2641019959986579124 -0.0840556846291769105273 4.43299562676564207209
1383 1011.020000 33.26409431957941365 -0.0840538556125826896714 4.432999403751371581
1384 1011.028000 33.2640860731687268981 -0.0840517246230332165657 4.43300363599981572804
1385 1011.036000 33.2640781414552577644 -0.084049468357134407559 4.43300773448654705788
1386 1011.044000 33.2640708545151255748 -0.0840472655516271288656 4.43301167558436937099
1387 1011.052000 33.2640638492080782385 -0.0840448723908890360512 4.43301550684145606596
1388 1011.060000 33.2640570008215519238 -0.084042455515273700728 4.43301913827202742624
1389 1011.068000 33.2640507477087652433 -0.084040018982252870372 4.43302265170305265229
1390 1011.075000 33.264045608151121769 -0.0840379712682760848796 4.43302555880611048877
1391 1011.083000 33.2640400598509771157 -0.0840355636470570821484 4.43302881845706497899
1392 1011.091000 33.2640347542858805241 -0.0840331581633235041862 4.4330319658796790705
1393 1011.098000 33.2640306220012575977 -0.0840311123986959424004 4.4330346688550941181
1394 1011.106000 33.2640261631676068532 -0.0840287933226944033782 4.43303769980269191109
1395 1011.114000 33.2640223988060768079 -0.0840266528504102078179 4.43304069839616055049
1396 1011.122000 33.2640189853976480094 -0.0840244247720627612797 4.43304375185373977786
1397 1011.130000 33.2640158076406322607 -0.0840222470666787957239 4.43304679793925071607
1398 1011.137000 33.2640136510196811059 -0.0840203425056006564242 4.43304954942015960739
1399 1011.144000 33.2640116355898101119 -0.0840185183445175398642 4.4330522951235531437
1400 1011.152000 33.2640099278297043384 -0.0840163799057527943548 4.4330555605276469322
1401 1011.160000 33.2640085951342356907 -0.0840142642701402209138 4.43305887264991671515
1402 1011.167000 33.2640079003285791259 -0.0840124404832429949597 4.43306185303728028657
1403 1011.175000 33.264007242810528453 -0.084010242834203621709 4.43306534001341923101
1404 1011.182000 33.2640071655509359516 -0.0840083244359315084449 4.43306846155893818917
1405 1011.190000 33.2640073012801096297 -0.0840060826442027147598 4.43307207380577761313
1406 1011.198000 33.2640080625074574527 -0.0840039472097644790427 4.43307572280140771426
1407 1011.206000 33.2640090812270585729 -0.0840016589664162316442 4.43307945320961849234
1408 1011.213000 33.2640100739081958636 -0.0839996463207773463866 4.43308269940682730947
1409 1011.221000 33.2640117401060919633 -0.083997334104748799799 4.43308645509637688775
1410 1011.229000 33.2640136653066775807 -0.0839951253269231590259 4.43309013463866463667
1411 1011.236000 33.2640155389968370514 -0.0839930552032160798737 4.43309340930488993138
1412 1011.244000 33.264018021743218867 -0.0839907810992399500583 4.43309706809754455747
1413 1011.252000 33.2640208289087127014 -0.0839885073472112775317 4.43310071469498456764
1414 1011.260000 33.2640238419836293815 -0.0839862171832660014958 4.43310430712121839036
1415 1011.267000 33.264026853776655912 -0.0839843075193059257488 4.43310741470384783725
1416 1011.275000 33.2640305219553056304 -0.0839820546302910836411 4.43311094477344891374
1417 1011.283000 33.2640345429218911022 -0.0839798853485425877974 4.43311439523244388283
1418 1011.290000 33.2640384041289181027 -0.0839780007807873901671 4.43311741095042588512
1419 1011.298000 33.264042793612581761 -0.0839758165804054407255 4.43312079806366110546
1420 1011.305000 33.2640471356786591173 -0.083973894597062989642 4.4331237816726467571
1421 1011.313000 33.2640522781750931358 -0.0839718252787232388723 4.43312709711353214459
1422 1011.321000 33.2640577463175688422 -0.0839696660022873214713 4.43313045627905566448
1423 1011.328000 33.2640626616969470319 -0.083967735244430602437 4.43313338266599465953
1424 1011.336000 33.2640686861692245202 -0.083965573515303593144 4.43313673305700373106
1425 1011.343000 33.2640741603989766872 -0.0839636856516286500529 4.433139654460751089
1426 1011.351000 33.2640807415773309685 -0.0839615066080708349894 4.4331430196674457278
1427 1011.358000 33.2640866966627370971 -0.0839595394978481096571 4.43314597753464934016
1428 1011.366000 33.2640939834417039833 -0.0839574286582066564577 4.43314935478175353722
1429 1011.373000 33.264100333767963491 -0.0839554003968076278941 4.43315237711152398958
1430 1011.380000 33.2641071261636440681 -0.0839535325504751767101 4.43315534805630306892
1431 1011.386000 33.2641128523666083083 -0.0839517552599796240687 4.43315795482095609259
1432 1011.391000 33.2641180596238115186 -0.0839504365613484709874 4.43316011373704821352
1433 1011.398000 33.2641251494828793511 -0.0839484195921399029006 4.43316316005145782952
1434 1011.406000 33.2641336068127841941 -0.0839461627436652452205 4.43316666045661023077
1435 1011.413000 33.2641411622478102572 -0.0839441998162535896189 4.43316971712308927067
1436 1011.421000 33.26415006700791821 -0.0839419494930049303605 4.43317323332308088624
1437 1011.429000 33.2641592060160817823 -0.0839396674007985427179 4.4331767693341106451
1438 1011.437000 33.2641686246155074969 -0.0839374568754998190423 4.43318026982190716012
1439 1011.444000 33.2641771445815237485 -0.0839355292154524840198 4.4331833593035678831
1440 1011.450000 33.2641844151728918177 -0.0839338953448186125827 4.43318596738537795687
1441 1011.455000 33.2641905099688131031 -0.0839324595714454196882 4.43318817270408338516
1442 1011.461000 33.2641982097850927858 -0.0839308434001149183956 4.43319079839614094141
1443 1011.466000 33.2642044675916181973 -0.0839294295296188208599 4.43319298256766902711
1444 1011.471000 33.2642109374637868768 -0.0839280217705712650034 4.43319518415240310105
1445 1011.476000 33.2642175547784333389 -0.0839266763064274723405 4.43319734794746533879
1446 1011.482000 33.2642255450229100688 -0.0839250393466353383776 4.43319994399853456457
1447 1011.488000 33.2642336786287273753 -0.0839233934773207790325 4.43320255797704199097
1448 1011.496000 33.2642446748473972207 -0.0839212243858966783217 4.43320599212930677169
1449 1011.504000 33.2642559077677333335 -0.0839190449751756328833 4.43320943994416616363
1450 1011.512000 33.264267259183469605 -0.0839168320139791340528 4.43321286617069265645
1451 1011.519000 33.2642774938923153627 -0.0839149721596935960211 4.43321585849419452785
1452 1011.527000 33.2642893303423363704 -0.0839127534958389043052 4.43321929320689900322
1453 1011.535000 33.2643014229254347924 -0.083910593556473608845 4.43322268700006194564
1454 1011.543000 33.264313747304143476 -0.0839083717481953345052 4.43322612403172122697
1455 1011.551000 33.2643262099375505159 -0.0839062530413882678992 4.43322949241881758553
1456 1011.559000 33.264338885520032818 -0.0839040366518082753045 4.43323291880518599584
1457 1011.567000 33.2643515901684025948 -0.0839017842405890695856 4.43323633599888644596
1458 1011.575000 33.2643646217426862677 -0.0838995686358172954034 4.43323976046557355346
1459 1011.583000 33.2643778383034245394 -0.0838973121372036667598 4.433243205088936989
1460 1011.590000 33.2643896723368897028 -0.0838954516641094161233 4.43324617446990210112
1461 1011.597000 33.2644014105681762317 -0.0838934202263285910828 4.43324921603383526048
1462 1011.605000 33.2644151675942580937 -0.0838912241693985649693 4.43325263968126215275
1463 1011.612000 33.264427438329128961 -0.0838893024822293525977 4.43325566781867408395
1464 1011.619000 33.2644395785974396063 -0.08388733468968859186 4.43325867541000917527
1465 1011.627000 33.2644538305245447418 -0.0838850882996410585069 4.43326215534394130202
1466 1011.635000 33.2644681846568772698 -0.0838829547854436224918 4.43326556845579400346
1467 1011.642000 33.2644808098759057202 -0.0838809531482897219323 4.43326862653372621992
1468 1011.650000 33.2644954422851881759 -0.083878754405495775659 4.43327206519866479084
