1560 512.002000 24.0467627279814344377 -0.121934943239347906574 30.5896586130415357729
1561 512.007000 24.0464434764290118096 -0.121091080900900455175 30.5855004619288486367
1562 512.013000 24.0460773469383291001 -0.120213099804172537932 30.5807040814915289673
1563 512.020000 24.0456691535005724347 -0.119384199926053702345 30.5755829487811077172
1564 512.028000 24.0452321668546531441 -0.118679880728908920817 30.5705894189543627704
1565 512.036000 24.0448244093071821226 -0.118193147772537365814 30.5666724153337270309
1566 512.043000 24.0444960700748424642 -0.117902638901623224577 30.5641795665743849497
1567 512.052000 24.0441097457137864524 -0.117653774374380667989 30.562223578139391833
1568 512.061000 24.0437689971422798862 -0.117490803584077582733 30.5615434456428332055
1569 512.069000 24.0435029722789117557 -0.117382699388628303216 30.5618373482511920258
1570 512.078000 24.0432384787163364592 -0.117285656782119468433 30.5629425420369607025
1571 512.087000 24.0430131206606390037 -0.117213608569358473943 30.5646062064949184389
1572 512.094000 24.0428615993438974385 -0.117177447139934276521 30.5661148065381169658
1573 512.099000 24.0427618167310050978 -0.117166112805605890368 30.5672354870128586413
1574 512.104000 24.0426730532403887253 -0.117167773421905735409 30.5683513808096947173
1575 512.110000 24.0425719481181552339 -0.117190993313054131475 30.5696363253218095224
1576 512.118000 24.0424540632810916918 -0.117257010069342262892 30.571186940328132664
1577 512.127000 24.042331592754390357 -0.117379431826794750071 30.5726193606231255728
1578 512.135000 24.0422327816101208953 -0.117527615129310897268 30.5735708363001350563
1579 512.143000 24.0421396817430057524 -0.11770177358935512979 30.5742103767597903641
1580 512.151000 24.0420437807912072969 -0.117893393097355303478 30.5745567243396543233
1581 512.158000 24.0419608540883373848 -0.11806523761420256724 30.5746535008634552355
1582 512.166000 24.0418610851848058019 -0.1182563436218020958 30.5745764711327758789
1583 512.170000 24.0418116604690403904 -0.118346272577471919862 30.574482305444284691
1584 512.177000 24.0417160541449987932 -0.118492093875403881054 30.5742555387463603722
1585 512.184000 24.0416189869597225481 -0.118614909755386258028 30.5739881703698692661
1586 512.193000 24.0414830000029162704 -0.11873833721796901719 30.5736403267699579089
1587 512.201000 24.0413563324823122969 -0.118809108070047950156 30.5733738589018280152
1588 512.209000 24.0412259937416799005 -0.118846829210308396751 30.5731787515938009392
1589 512.217000 24.0410908569898893461 -0.118850117737035299026 30.573067867786988927
1590 512.225000 24.0409535405803644892 -0.118825228394260587472 30.5730421142662365241
1591 512.233000 24.0408155216256993469 -0.118776031545746382778 30.5730900509091654271
1592 512.239000 24.0407143900455224639 -0.118727755078258126464 30.5731632694202559719
1593 512.246000 24.0405957180450933208 -0.118662586322375168679 30.5732720334630414527
1594 512.252000 24.0404968057110437485 -0.118601048916048223969 30.5733732750347364515
1595 512.258000 24.0404036297597727412 -0.118540000265406508806 30.5734712008379716508
1596 512.263000 24.0403275695797127298 -0.118488429942362805125 30.5735410391950814812
1597 512.269000 24.0402430496142613947 -0.118427755494004485759 30.5736051211920738524
1598 512.275000 24.040160059008606197 -0.118372675041656341688 30.573638609392716603
1599 512.282000 24.0400725371971724087 -0.118311979255948981904 30.5736343322761108254
1600 512.288000 24.0400059249471063083 -0.11826815084349408258 30.5735914836002962147
1601 512.295000 24.0399348073130951775 -0.118223251212436458735 30.5734942845831163538
1602 512.299000 24.0399000212923041886 -0.118200515450716553412 30.5734184621196440901
1603 512.304000 24.0398569541177771214 -0.118177930024198463155 30.5733039015668879301
1604 512.308000 24.0398273776603197405 -0.118161612838256144253 30.5731996426986398774
1605 512.312000 24.039800817233604846 -0.118147717914720132293 30.5730866237374279137
1606 512.316000 24.0397775058599343367 -0.118135111708889059545 30.572966473826877376
1607 512.321000 24.039751704144311617 -0.118124472320364354294 30.5728113290516674283
1608 512.327000 24.0397261402420738818 -0.118113705028861010193 30.5726229631755863636
1609 512.335000 24.0397027078718537041 -0.118103206603842894595 30.5723843214534660717
1610 512.341000 24.039687704456618178 -0.118099690477030103142 30.5722240288942188613
1611 512.347000 24.0396800346311394492 -0.11809664324168467342 30.5720894163847596303
1612 512.353000 24.0396782513399820402 -0.118094318854411239883 30.5719861388586906514
1613 512.359000 24.0396749618521141656 -0.118094080821444430418 30.5719165507919967695
1614 512.366000 24.0396773549617641663 -0.11809255802850227024 30.5718840200082837555
1615 512.370000 24.0396835186516035776 -0.118093238373982403755 30.5718903009836999729
1616 512.376000 24.0396878901925639127 -0.118093966867717087288 30.5719289812013457208
1617 512.383000 24.0396965242987619149 -0.118093796031932041224 30.5720195591643602029
1618 512.390000 24.0397083838838376835 -0.11809668348979759922 30.5721534411930306874
1619 512.396000 24.0397190156897657687 -0.11809855413247373479 30.5722952374673617726
1620 512.401000 24.0397285449767714738 -0.118100039014425423067 30.5724279350604177807
1621 512.406000 24.0397379307911442936 -0.118104285159858046761 30.5725702936747261163
1622 512.412000 24.0397493179067005542 -0.118108793010286289293 30.5727467321109678267
1623 512.419000 24.0397635605191588581 -0.118114238608230601169 30.5729523584379769829
1624 512.425000 24.0397752502127914909 -0.118122116171461205569 30.5731212007664154839
1625 512.429000 24.0397837450975160323 -0.118126745257814802503 30.5732262237278646921
1626 512.434000 24.0397946001582809572 -0.118133022915427779442 30.5733469073919259529
1627 512.438000 24.0398042286502011677 -0.118137317887514525783 30.5734327527421498871
1628 512.442000 24.0398144014230581433 -0.118143691281146531735 30.5735089714527568105
1629 512.447000 24.0398253222655817751 -0.118150511309131331372 30.573586704937184777
1630 512.451000 24.0398358408164405375 -0.118155519153340382577 30.573635863199108087
1631 512.456000 24.0398503455615113467 -0.118160565288374486137 30.5736794603185231267
1632 512.462000 24.0398678690754614706 -0.118168153771956982445 30.5737061824563944867
1633 512.468000 24.0398879498464665971 -0.118172749614847721888 30.5737050858941117326
1634 512.474000 24.0399105853352708095 -0.11817499392873091757 30.5736781262500798562
1635 512.480000 24.0399344663195684291 -0.11817739729446953556 30.573628568679133366
1636 512.486000 24.0399616076706266199 -0.11817591396824163319 30.573559210923583862
1637 512.493000 24.0399986302046961839 -0.118170603095387627413 30.5734595553024490755
1638 512.500000 24.0400357227652676784 -0.118163628889124086574 30.5733446344517787452
1639 512.507000 24.0400796930433386933 -0.118152132214246752273 30.5732235426562439784
1640 512.515000 24.0401354447041661899 -0.1181355007660421369 30.5730855079441390387
1641 512.522000 24.0401881723558972226 -0.118117802947316150042 30.5729717009945538564
1642 512.528000 24.0402390468314379746 -0.118100307796384224046 30.5728847772864824606
1643 512.534000 24.0402892806099330869 -0.11808367854881811343 30.572808769100504378
1644 512.538000 24.0403262341811831959 -0.118071118088828697079 30.5727662515206333183
1645 512.543000 24.0403730063675737938 -0.118054780466321326826 30.5727221161222608714
1646 512.548000 24.0404248588643945084 -0.118040344411608474906 30.5726903016335604946
1647 512.553000 24.0404750538831244455 -0.118025460286000763444 30.5726682308997190773
1648 512.557000 24.0405177597646577681 -0.118013709812274297795 30.5726592193537314301
1649 512.562000 24.0405732353627072939 -0.117998959239684328426 30.5726574785070539519
1650 512.567000 24.0406297043103762689 -0.117987377736563869846 30.5726665384385363211
1651 512.571000 24.0406754789384855542 -0.117977980037859031537 30.5726799288148534117
1652 512.574000 24.0407109361474056186 -0.11797135074946868416 30.5726940463696337247
1653 512.578000 24.0407586613949462162 -0.117963422850118127005 30.5727170513347239478
1654 512.579000 24.0407702343911289233 -0.117960765334855152697 30.572723177117236304
1655 512.583000 24.040822203234366583 -0.117954781278519479915 30.5727528119041380705
1656 512.586000 24.0408572445012325147 -0.117950952613101470168 30.5727759800704070869
1657 512.589000 24.0408949018387012586 -0.117946984490843786997 30.5728013550779280649
1658 512.592000 24.040933062826521649 -0.117943552139892188224 30.5728284995278620784
1659 512.598000 24.0410109434054959365 -0.117937647165682349404 30.5728854951038329091
1660 512.604000 24.0410890204950753457 -0.117936051483943094009 30.5729451098251097108
1661 512.611000 24.0411824951958443819 -0.117934736021742619938 30.5730141750359898367
1662 512.616000 24.0412508289785868953 -0.117934361146402974518 30.5730616657528386781
1663 512.623000 24.0413461745341940912 -0.117938025241881336291 30.5731237765786190153
1664 512.626000 24.0413882888654804049 -0.1179392546381194673 30.57314822114916808
1665 512.632000 24.0414720007136679669 -0.117942392080763888695 30.5731922452903113196
1666 512.638000 24.0415588153061179355 -0.117946243944842418805 30.5732298416366994331
1667 512.642000 24.0416145169355033318 -0.117948961952219891214 30.5732497275986325747
1668 512.647000 24.0416873394928245489 -0.117951827800328284956 30.5732705922844587576
1669 512.651000 24.0417451146106913029 -0.117953115149529594308 30.5732829259428022795
1670 512.656000 24.0418211621357009733 -0.117956407270639510032 30.5732948948548397539
1671 512.660000 24.0418791821268627018 -0.11795803966198467605 30.5732994146127552426
1672 512.666000 24.0419702350773221156 -0.117959208614249189129 30.5733015202761322371
1673 512.671000 24.0420486058977935784 -0.117958573413663989071 30.5732987766508905736
1674 512.677000 24.0421396699999370128 -0.117958784666869265223 30.5732893429143075537
1675 512.682000 24.0422186307415977069 -0.11795663304971790164 30.5732784760485962749
1676 512.688000 24.0423150626121930884 -0.117952237528593240068 30.573261899523075158
1677 512.694000 24.0424118574463179243 -0.117948768639938347813 30.5732431252527945276
1678 512.699000 24.0424946047048351261 -0.117943690478805054966 30.5732261107607214967
1679 512.704000 24.042577202533056635 -0.117936934486632435948 30.5732082083572151987
1680 512.711000 24.042696854074808499 -0.117929057641901841036 30.5731844512235646505
1681 512.716000 24.0427836115838893249 -0.117921687813515016496 30.5731680634901721305
1682 512.721000 24.0428707512757995346 -0.117913836545583849968 30.5731527718672140281
1683 512.725000 24.042944431228580271 -0.117907037805534964381 30.5731424843816235182
1684 512.731000 24.0430495828791919166 -0.117898031280553289291 30.5731273120809703414
1685 512.737000 24.0431596836077403623 -0.117888031951483562842 30.5731161126323343069
1686 512.742000 24.0432542421048616177 -0.117879053362153318751 30.5731095529816556677
1687 512.749000 24.0433838590564690207 -0.11786895832490078273 30.5731029197250023799
1688 512.754000 24.0434797546991383399 -0.117861186989346750087 30.5731014566628225282
1689 512.759000 24.0435770158811479291 -0.117852975183456665231 30.5731019591050738882
1690 512.765000 24.0436938407473732582 -0.117846136104814425138 30.5731056201603479394
1691 512.770000 24.0437932074578561981 -0.11783970437405913434 30.5731105440878359047
1692 512.777000 24.0439338872673147307 -0.117830640629931843177 30.5731198975506224258
1693 512.783000 24.0440551217464530964 -0.117825867314990548329 30.5731303888252448075
1694 512.790000 24.0441990326989731841 -0.117819355427641728196 30.5731440930150384361
1695 512.797000 24.0443471280388934019 -0.117813425704390906112 30.5731599167601579836
1696 512.804000 24.044491910144831337 -0.117809471421515418732 30.5731747930904553812
1697 512.810000 24.0446195291223681068 -0.117805827295900250595 30.5731884628786083624
1698 512.818000 24.0447918245030436424 -0.117801752469391660116 30.5732060853452090043
1699 512.825000 24.0449432226027575155 -0.117798123859896228249 30.5732200745470059644
1700 512.831000 24.0450751417870129956 -0.117794288074361278018 30.573231075477067975
1701 512.838000 24.045228847747431189 -0.117792224311814450188 30.5732428001633138592
1702 512.844000 24.0453626117989927025 -0.117788867807575789448 30.5732514460342557072
1703 512.851000 24.0455221232458669078 -0.117784544452982392615 30.5732606708454888178
1704 512.858000 24.0456779948415864112 -0.11778114289310788465 30.5732666434789024379
1705 512.864000 24.0458149135389334106 -0.117777204827091933059 30.5732713874846027124
1706 512.872000 24.0459993968428591415 -0.117771790257875763608 30.573276050222801814
1707 512.879000 24.0461613330313959125 -0.11776628040438111289 30.5732784053074126973
1708 512.886000 24.0463269862331188165 -0.117759785221254589804 30.573280525646378436
1709 512.893000 24.0464899740352180402 -0.117754759430625799421 30.5732807870413090257
1710 512.900000 24.0466569369045828353 -0.117748315622312041406 30.5732813898123474416
1711 512.905000 24.0467792332999898974 -0.117743090389734947343 30.5732821949497619585
1712 512.910000 24.0468971227876302521 -0.11773926083075918203 30.5732815557591877109
1713 512.915000 24.0470186631820830314 -0.117734148042189193384 30.5732817563646612768
1714 512.921000 24.0471657660967359504 -0.117727407495553423877 30.5732819059959162189
1715 512.929000 24.0473618176157799553 -0.117720883956942246051 30.5732827436069527494
1716 512.936000 24.0475360854871595961 -0.117714068502951296757 30.573284117736442056
1717 512.942000 24.047688437903751435 -0.117708146111260694711 30.5732862261591158415
1718 512.948000 24.0478373931887752235 -0.117702990669518642308 30.5732872658267176291
1719 512.955000 24.0480149370777347428 -0.117696410939004680873 30.5732900824648758942
1720 512.962000 24.0481947480968578645 -0.117690513732879822872 30.5732936702189519451
1721 512.969000 24.0483746579353052653 -0.117684286084934655592 30.5732972630052231011
1722 512.974000 24.0485035517205290034 -0.117679149318442810568 30.5732998875286696716
1723 512.980000 24.0486613261253765472 -0.117675309480066977996 30.5733044595190754933
1724 512.987000 24.0488445626089166751 -0.117669421993717215891 30.5733091253072508664
1725 512.995000 24.04905852044186787 -0.117662491986477088513 30.5733157590335089537
1726 513.002000 24.0492423503986394451 -0.117657676617173134748 30.573320316850807643
1727 513.009000 24.0494297167946733396 -0.117651950627787438286 30.5733258935033305193
1728 513.016000 24.0496191194405390945 -0.117646762128988474627 30.5733316938703154619
1729 513.023000 24.0498083849342734197 -0.117641076663126301072 30.5733369267260961522
1730 513.031000 24.0500290423351863467 -0.117634231512525291863 30.5733437630988760247
1731 513.038000 24.0502185752753980807 -0.117629378748905610852 30.5733481588525144446
1732 513.045000 24.0504115071820407934 -0.117623531843838266542 30.5733533134765202988
1733 513.052000 24.0506063493434076861 -0.117618161375735302832 30.5733584905566679879
1734 513.060000 24.050828880008232602 -0.117611445972427522411 30.573363574048105562
1735 513.067000 24.0510275629732888092 -0.117605141851632705174 30.5733688221853618927
1736 513.075000 24.0512507491818325889 -0.117599218885406711643 30.5733730823612646077
1737 513.081000 24.0514202064484265975 -0.117594010199703516428 30.5733766350289357661
1738 513.086000 24.0515647359535940097 -0.117589701794684003966 30.5733803110828397109
1739 513.092000 24.0517336502786385211 -0.11758510163901202128 30.5733829287294192056
1740 513.099000 24.051934064280377612 -0.117579036877856979437 30.5733869701780136552
1741 513.105000 24.0521083191203892682 -0.117574154240177738973 30.5733908500095488137
1742 513.111000 24.0522805120564129311 -0.117569313160440169774 30.5733936739754526002
1743 513.118000 24.0524826177490318457 -0.117562464001220709497 30.5733971185528119463
1744 513.125000 24.0526873715262361486 -0.117557941932898812887 30.5734014237405347103
1745 513.133000 24.0529217214221198162 -0.117551122580514713634 30.573405816547811753
1746 513.140000 24.053129840787072169 -0.117545155982879803713 30.573410369001063458
1747 513.148000 24.0533644180973489313 -0.117539037120489645027 30.5734142068672909431
1748 513.154000 24.0535414775816214217 -0.117533123855667859248 30.5734171243026224829
1749 513.161000 24.0537508408923450531 -0.117528707361965620293 30.5734215590391755768
1750 513.167000 24.0539303961318751135 -0.117523563509248821224 30.5734249442606653702
1751 513.173000 24.0541111141466750212 -0.117517752877364392572 30.5734282340816498902
1752 513.178000 24.0542616315157289364 -0.117514902830607878559 30.5734315313351565635
1753 513.184000 24.054442671374218321 -0.117509998120846032021 30.5734348352603966248
1754 513.188000 24.0545635830312249936 -0.117506678599181194067 30.5734371459056362141
1755 513.195000 24.0547776395148069639 -0.117500988700898034711 30.573441685777382304
1756 513.202000 24.0549900621491232755 -0.117495434068959236917 30.5734453547586504385
1757 513.210000 24.0552365911903294204 -0.117487986922000561818 30.5734504902373487312
1758 513.217000 24.0554495434784492147 -0.117483278968373974771 30.5734539624171439698
1759 513.224000 24.0556658284911506485 -0.117477414454738124383 30.5734582541531025868
1760 513.231000 24.055883827360446503 -0.117471652451142993812 30.5734628208186052234
1761 513.238000 24.0561001139729420117 -0.117466029173419736487 30.5734665084303394167
1762 513.245000 24.0563184894932966529 -0.117459166005459900162 30.5734704064144473534
1763 513.252000 24.0565364402718913084 -0.117454732828094460251 30.5734746415926146312
1764 513.260000 24.0567875411144598274 -0.117447864945178587215 30.5734794566380081449
1765 513.267000 24.0570091068381231025 -0.117442089208711672454 30.5734840453514706837
1766 513.275000 24.0572602231166605691 -0.117435512803582137176 30.5734882941211409957
1767 513.282000 24.0574836796346929191 -0.1174289781671251226 30.5734929493282479029
1768 513.291000 24.0577678992704200311 -0.117422586224345565364 30.57349779739543294
