14783 607.230000 -0.352259216230110916435 -0.00554117715394708727772 -0.0989083744277145932022 -0.0163360992967867858783 -0.0232449078540430779938 0.999596321581178282045 3.0680713310170677488
14784 607.236000 -0.352257972304729327639 -0.00554801189191795555283 -0.0989097715082290496191 -0.0163344314861444336873 -0.0232502160757426280802 0.999596225383257430686 3.06808973156376696423
14785 607.241000 -0.352257069914117149079 -0.00555186308122491457839 -0.0989099540747090111292 -0.0163296188534812133919 -0.0232600084953661877252 0.999596076199229299775 3.06810363879373282359
14786 607.246000 -0.352256315745778092463 -0.00555422803743283854255 -0.0989093878114233604482 -0.0163230678660169110927 -0.0232733510479853598907 0.999595872633755377912 3.06811637043055807084
14787 607.253000 -0.352255454736100537261 -0.0055553535256057341371 -0.0989076514173446441625 -0.0163133044087327185034 -0.0232956945606377051339 0.999595511551650273141 3.06813213030902387501
14788 607.258000 -0.352254896124339744734 -0.00555480736542973609765 -0.0989059768485391621606 -0.0163073202885354873182 -0.0233127875787845426081 0.999595210692965197019 3.06814173051650440627
14789 607.264000 -0.352254164958245630235 -0.00555290236919281105649 -0.0989037623247208258492 -0.0163024470497939930058 -0.023333101820490545486 0.999594816202856950582 3.06815115880835342921
14790 607.272000 -0.352252862854045833974 -0.00554864212739491005633 -0.0989008948537427601266 -0.016301088620720518424 -0.023357944925688496618 0.999594258146088043837 3.06815972407652459708
14791 607.280000 -0.352250938703501270677 -0.00554290726651470236352 -0.0988985821242655133156 -0.0163059838609797176645 -0.0233786516294472064559 0.999593694226966533734 3.06816328346765221369
14792 607.288000 -0.352248219171361620639 -0.00553617458378741558733 -0.0988971608000210611333 -0.0163163500873199293628 -0.023394539123767439659 0.999593153367415943045 3.06816167121452432198
14793 607.296000 -0.352244650575587070485 -0.00552884705356047889691 -0.0988967953286269130242 -0.0163305894406435940514 -0.0234057876517179720699 0.999592657512510807116 3.06815506886582634039
14794 607.304000 -0.352240321280244794711 -0.00552133838040582813206 -0.0988974951109163336049 -0.0163468104584066700746 -0.0234132154694216103319 0.999592218421701761422 3.06814451597878612432
14795 607.312000 -0.352235328131030089871 -0.00551375745992007271906 -0.0988991610889204952883 -0.0163631075587805027705 -0.0234176967131487674678 0.999591846801318628657 3.06812978770168554021
14796 607.320000 -0.352229882688363693521 -0.0055063318656263741252 -0.0989015987612607283541 -0.0163779868378499567083 -0.0234203652117067513683 0.999591540600704431263 3.06811211690958618448
14797 607.326500 -0.352225642940633687505 -0.00550095492396039491279 -0.0989037877254966280027 -0.0163875859041671748106 -0.0234217836062961329291 0.999591350043072979226 3.06809755206875056643
14798 607.333000 -0.352220671716251376715 -0.00549496806750601578251 -0.0989065682925150402305 -0.016396685821160571217 -0.0234232778819098291789 0.999591165800973291411 3.06807982040527260637
14799 607.341000 -0.352215139254683451409 -0.00548857038182994864256 -0.0989098210232703806133 -0.0164041274920239642243 -0.0234252739007260075976 0.999590996930195152537 3.06805934562874993432
14800 607.348000 -0.3522105711132311745 -0.00548340918895071170042 -0.0989125398830533325567 -0.0164080814499949004248 -0.023427550053187650575 0.999590878690695072706 3.06804190182406655296
14801 607.355000 -0.352206373204539846533 -0.00547869168526871931635 -0.0989149719886651540568 -0.0164098231167142116771 -0.0234304644851063073596 0.999590781789873261687 3.06802542943347855697
14802 607.362562 -0.352202630042649511566 -0.0054744455885523783667 -0.0989169839962939501099 -0.0164095746407783744936 -0.0234340116980241187916 0.999590702715789314325 3.06801035679309608284
14803 607.370000 -0.352198978228847769945 -0.00547016704611189875929 -0.0989186327511451246597 -0.016407255952996569609 -0.023438826707120552495 0.999590627884578752926 3.06799517106562547042
14804 607.377000 -0.352196367890042272286 -0.00546692239956469462625 -0.0989194252133814427852 -0.0164037742581617067283 -0.0234436020811724307733 0.999590573040555763207 3.06798388610658001596
14805 607.385000 -0.352194066050534992929 -0.00546376701290238794145 -0.0989195372913228843093 -0.0163984955010675892417 -0.023449523926372946997 0.999590520749835897973 3.06797340472031576653
14806 607.393000 -0.352192469990877554675 -0.00546115569781134915783 -0.0989188108916573410889 -0.0163922386092035105021 -0.0234557774178934010101 0.999590476654865334183 3.0679654623721339668
14807 607.401000 -0.352191520162335902633 -0.00545902177449063708697 -0.0989173107936217599345 -0.0163854108520817311201 -0.0234621846788722471233 0.99959043823022986075 3.06795990531264761714
14808 607.409000 -0.352191132836457421185 -0.00545728976544332215759 -0.0989151580639995448019 -0.0163783981195395680897 -0.0234685648952959458047 0.999590403383702419404 3.06795647362548695725
14809 607.417000 -0.352191195648617061398 -0.00545586745279310128542 -0.0989125188937716032234 -0.0163716045255341176301 -0.0234747830209784992539 0.999590368664773354368 3.06795481457001040226
14810 607.423000 -0.352191472667695848475 -0.00545496868593953968679 -0.0989103362131162205939 -0.0163668378817148837956 -0.0234792235854892027136 0.999590342429125477963 3.06795455999084687448
14811 607.430000 -0.352191947970066643325 -0.0054540238662054048302 -0.0989077068864894909384 -0.0163619109040620096251 -0.0234841426610953099563 0.999590307533561928111 3.06795500285365063675
14812 607.437000 -0.352192505855234594403 -0.00545315773961308879886 -0.0989051253959075948874 -0.0163578342072034088606 -0.0234886835669609224386 0.99959026756183488871 3.06795605090008605131
14813 607.444562 -0.352193074416709772656 -0.00545202440727951716248 -0.0989026079614820780028 -0.0163547135184010511422 -0.0234932722295247420341 0.999590210789241484513 3.06795710912918018209
14814 607.452000 -0.352193556526326390088 -0.00545133528490454773163 -0.0989003881852991151291 -0.0163528352880192261176 -0.0234970188149748494821 0.999590153455330643339 3.06795906956196784421
14815 607.459000 -0.35219381086353751531 -0.00545044011299436904211 -0.0988987946422160701943 -0.0163524681163059043554 -0.0235001789219789689045 0.999590085173487796766 3.06796039960729904905
14816 607.467000 -0.352193805691294603566 -0.00544934387908283836277 -0.0988975967486065976608 -0.0163536628735758415853 -0.0235032271611918218424 0.999589993959336786666 3.06796153511990787877
14817 607.473000 -0.35219355943214353255 -0.00544846886093949215463 -0.0988971706173946418783 -0.0163556468109151594004 -0.0235051193975158723148 0.999589917005721306786 3.06796202289221264792
14818 607.481000 -0.352192878428360334198 -0.00544723498261812533877 -0.0988972436943339472393 -0.0163596266830110421975 -0.0235071497832843520626 0.99958980413160414269 3.0679620866022347947
14819 607.487000 -0.352192099519043066991 -0.00544627261531197524869 -0.0988977614142349248372 -0.0163634727072740765452 -0.0235083133401383440053 0.999589713815053237944 3.06796167449696755014
14820 607.494000 -0.352190912028457869809 -0.00544512927606505790779 -0.0988988208527307177675 -0.0163687040390448033944 -0.0235093165162980136107 0.999589604570304990361 3.06796070348361249458
14821 607.501000 -0.352189447880358053045 -0.00544397899209970656531 -0.0989003018956429724717 -0.0163745320091459138634 -0.0235099994607693672799 0.999589493055442201985 3.06795921531357063117
14822 607.508000 -0.352187746050978023327 -0.00544284323034329928226 -0.0989021144002923124905 -0.0163807062751516255283 -0.0235104096648591290308 0.99958938224618887336 3.06795725856416945376
14823 607.515000 -0.35218586276682239955 -0.00544175781841395138361 -0.0989041525858505299329 -0.0163869427406574015571 -0.0235105784217810656611 0.999589276057865516734 3.06795495720502486847
14824 607.522000 -0.352183851398068736849 -0.00544073203298884276735 -0.0989063091796034965508 -0.0163930247215502526703 -0.0235105961906564610298 0.999589175915404970496 3.06795236394227499588
14825 607.530000 -0.352181479851515211177 -0.00543966740016162131344 -0.0989087783399524300698 -0.0163994649476278502032 -0.0235104753293677339043 0.999589073119158566527 3.06794921663456765515
14826 607.538000 -0.352179117966341381774 -0.00543873307824652586079 -0.0989111090680879906367 -0.0164050938799228836207 -0.0235102955478566598424 0.999588984982349271213 3.06794601429640412249
14827 607.545000 -0.352177128609933942638 -0.00543803430255087281997 -0.098912932513313650551 -0.0164091704834167934068 -0.0235101451982494512316 0.999588921605678581983 3.06794329779722874108
14828 607.552000 -0.352175261230283809244 -0.00543743877131196498564 -0.0989144837777260477196 -0.0164123754208395367105 -0.0235100787729725646535 0.99958887055085499096 3.06794072735378131611
14829 607.559000 -0.352173561936438561659 -0.00543695387359449926884 -0.0989157126060434821468 -0.0164146284423475480319 -0.0235101065425732114189 0.999588832902537194336 3.06793842023609020231
14830 607.565000 -0.352172259785527907994 -0.00543661145406301119648 -0.0989164890208972386043 -0.0164158218952567304394 -0.0235102547161109252938 0.999588809818660717355 3.06793667269178182977
14831 607.571000 -0.352171114499662429864 -0.00543632964289344003395 -0.0989170036094501048396 -0.0164163563633560015409 -0.023510531011750369218 0.999588794542684455635 3.067935172926400611
14832 607.578000 -0.352169981918450392122 -0.0054360593263429917224 -0.098917282263946457177 -0.0164162196829092908723 -0.0235110344353810646334 0.99958878494664016312 3.06793374333572055335
14833 607.584000 -0.352169193189646900777 -0.005435875008100892955 -0.0989172591402804890492 -0.016415511912829010982 -0.0235116241484711434306 0.999588782699436184664 3.06793282978514003645
14834 607.591000 -0.352168460049174791848 -0.00543567494429192735184 -0.0989169696685488347709 -0.0164141695175514489013 -0.0235125275723761552327 0.99958878349359614468 3.06793206064755219487
14835 607.598000 -0.352167922157187007759 -0.00543549071213313920309 -0.0989164395066630675046 -0.0164123619808294110567 -0.0235136127676531456188 0.999588787646611853788 3.06793163064946039498
14836 607.604000 -0.352167591889953390805 -0.00543532130208058267273 -0.0989158394983034594539 -0.0164105935436521972737 -0.0235147027048162246543 0.999588791041720825525 3.067931475443943512
14837 607.608000 -0.352167428489075173825 -0.00543519725849447507549 -0.0989153854123102221907 -0.0164093543497365636219 -0.0235155004293091732248 0.999588792618936849976 3.06793146760646173732
14838 607.613000 -0.352167275254497924575 -0.00543502094496227557141 -0.0989147784192935253245 -0.016407799392814014644 -0.0235165767708227467503 0.9995887928223621266 3.06793153470052493148
14839 607.617000 -0.352167186853995839435 -0.00543486420742835332764 -0.0989142749781655727936 -0.0164065732916325764112 -0.0235174803896518944124 0.999588791688336475438 3.06793165119916411143
14840 607.621000 -0.352167120336156103111 -0.00543468870890925423445 -0.0989137683848794052599 -0.016405398417568869962 -0.0235184205495021884935 0.999588788851504705946 3.06793180244097829501
14841 607.626000 -0.35216705835884964948 -0.00543444290214000272354 -0.0989131467341234221768 -0.0164040318513261999811 -0.0235196277979600118502 0.999588782873870651535 3.06793203104481237986
14842 607.630000 -0.352167015445156272868 -0.0054342183547571743657 -0.0989126716268985128888 -0.0164030602362755309476 -0.0235206233711576298551 0.999588775392719841584 3.06793221328552911942
14843 607.634000 -0.352166972113996112892 -0.00543396994507012662257 -0.098912225801830552796 -0.0164022120291078717103 -0.0235216310363961234042 0.999588765600104234288 3.06793238876064044973
14844 607.638000 -0.352166922142462535117 -0.00543369701454273195534 -0.0989118172965237352212 -0.0164015034558113483032 -0.0235226429423502463034 0.999588753414820896381 3.06793254550294269833
14845 607.643000 -0.352166840459591790058 -0.00543331800378189701956 -0.0989113700584354355039 -0.0164008417665752539993 -0.0235239102702978659931 0.999588734447794280413 3.0679326874180050666
14846 607.647000 -0.352166755315220680878 -0.0054329896517633577413 -0.0989110691680600562226 -0.0164004904857494651638 -0.0235249035830463193442 0.999588716834696633384 3.06793276214906329713
14847 607.651000 -0.352166646869258914698 -0.00543263746518127602081 -0.09891082391880094693 -0.0164003098423829429819 -0.0235258767659622600177 0.999588696894611050681 3.06793278495697485653
14848 607.656000 -0.352166475766470032926 -0.0054320570936002825907 -0.0989105995590667669282 -0.0164003221195611441352 -0.0235270698334338959623 0.999588668612958808346 3.06793242836122681538
14849 607.660000 -0.352166300188354153278 -0.0054317666253611233268 -0.0989104893224634768023 -0.0164005291238762951345 -0.0235279507649557642623 0.999588644481948174203 3.06793261804021710759
14850 607.664000 -0.352166093250466549769 -0.00543134541613878290417 -0.0989104403303706913864 -0.01640090725371568664 -0.0235288153619739974498 0.999588617926853495455 3.06793242375741970207
14851 607.668000 -0.352165850475291641875 -0.00543090486852784281452 -0.0989104523006780061989 -0.016401450162630028945 -0.0235296377633686278064 0.99958858966040997629 3.06793214741758069053
14852 607.672000 -0.352165576761472476353 -0.00543045498269377480138 -0.0989105213143205291848 -0.0164021376977108584994 -0.0235304088761056698353 0.999588560227190892071 3.06793181013712645822
14853 607.677000 -0.352165176411205371743 -0.00542986277190257715652 -0.0989106925781196161251 -0.0164032204017376115335 -0.0235313118739727093753 0.999588521203570889995 3.06793124320568066921
14854 607.681000 -0.352164818794535483537 -0.00542938046556506667684 -0.0989108872841010094978 -0.0164042207230554251685 -0.0235319668990869312886 0.999588489367664645435 3.06793071012164064726
14855 607.685000 -0.352164427573168514751 -0.0054288902874174748206 -0.0989111302460297936445 -0.0164053331150909795233 -0.0235325678756070841291 0.999588456963445892711 3.06793009973717634153
14856 607.690000 -0.352163894613153727331 -0.00542827264756512700011 -0.098911494315869624705 -0.0164068504202148218729 -0.0235332353333062398171 0.999588416346466113183 3.06792924343168138535
14857 607.694000 -0.352163433814230431018 -0.00542777224548936666065 -0.0989118282439502283232 -0.0164081587742703968735 -0.0235337168463934758023 0.999588383534458779778 3.06792847096062670786
14858 607.698000 -0.352162946020750378118 -0.005427270631279911689 -0.0989121937906055070933 -0.0164095273515906803219 -0.0235341478330106552985 0.999588350921453705489 3.06792763350922914611
14859 607.703000 -0.352162301639592167923 -0.00542664173847121067418 -0.0989126868605562786785 -0.0164113051828196632176 -0.0235346280506145769107 0.999588310428206061609 3.06792649322896648911
14860 607.707000 -0.352161764188538339848 -0.00542614412863978365364 -0.098913102423027934873 -0.0164127481139293672496 -0.023534956308025486299 0.999588279008376545676 3.06792553104152121435
14861 607.711000 -0.352161210066232854832 -0.00542565087511062259934 -0.0989135307951414383121 -0.0164141977688430501514 -0.0235352453013420205574 0.999588248400415491091 3.0679245242277137784
14862 607.715000 -0.352160642755837527407 -0.0054251632602298769173 -0.0989139663502129617978 -0.0164156389488361309503 -0.0235354997408087421307 0.999588218743024059521 3.06792347992150293834
14863 607.720000 -0.352159921583843960047 -0.00542456629601094190984 -0.0989145122667934861838 -0.0164173989163721237294 -0.0235357686640732116645 0.999588183506693761515 3.06792214346243641288
14864 607.724000 -0.352159337379202075358 -0.00542409481588713212469 -0.0989149447512449042641 -0.0164187708649046193443 -0.0235359645874729239701 0.99958815635951936418 3.06792104133172260916
14865 607.728000 -0.352158751185817686657 -0.00542363147044487396709 -0.0989153681343765689427 -0.0164200926615927778052 -0.0235361436415094556207 0.99958813043146466093 3.06791992511415800848
14866 607.733000 -0.352158019336998195925 -0.00542306102515029055805 -0.0989158787260071142855 -0.016421667508310273248 -0.0235363609558222330875 0.999588099443567745794 3.06791850984453295936
14867 607.737000 -0.352157440062670468173 -0.00542261649526647182551 -0.0989162671725682396406 -0.0164228426115567253951 -0.0235365231864503379744 0.999588076317864948628 3.06791738609444575303
14868 607.741000 -0.352156868414181090099 -0.00542218001174257866609 -0.0989166348179163767984 -0.0164239410891319909114 -0.023536687147036078338 0.999588054409036641523 3.06791626862567357037
14869 607.745000 -0.352156306813155350888 -0.00542175107261468926245 -0.0989169791664066544445 -0.0164249581869560130898 -0.0235368582183260767471 0.99958803366875437213 3.06791516254046081613
14870 607.749187 -0.352155757380518130706 -0.00542132898147592873911 -0.0989172982621345925347 -0.0164258907455754853133 -0.0235370414656573094525 0.999588014029909377456 3.06791407226102652572
14871 607.754000 -0.352155091585630297679 -0.00542081269121412814838 -0.0989176590527966609345 -0.0164269271697923373299 -0.0235372863103103166504 0.99958799123284036714 3.06791274754607945496
14872 607.758000 -0.352154575623124355133 -0.00542040260052535291524 -0.0989179169322328966096 -0.016427665890753992417 -0.0235375133424064325594 0.999587973746702274092 3.06791170514277089509
14873 607.762000 -0.35215407648145019559 -0.0054199960211175172986 -0.0989181468240346584153 -0.0164283201415003111967 -0.0235377659885801712725 0.99958795704509917357 3.06791068771048225372
14874 607.766562 -0.352153594888786725114 -0.00541959168851680311157 -0.0989183489218195821646 -0.0164288927913772558886 -0.0235380472527101300417 0.999587941010283698162 3.06790969639800614743
14875 607.771000 -0.352153016998277001992 -0.00541908437194969089257 -0.0989185639032665597892 -0.0164295081319340285919 -0.0235384510984581012127 0.999587921386822397807 3.06790848414537720146
14876 607.775000 -0.352152575908704579266 -0.00541868017396962727006 -0.0989187063435535418598 -0.01642991333772382892 -0.0235388046237099343716 0.999587906401734005435 3.06790755182729579786
14877 607.779000 -0.352152152588070921357 -0.00541827379590143105859 -0.098918824388807058412 -0.0164302534042771036793 -0.0235391923480984324724 0.999587891681702256363 3.06790664416983061002
14878 607.783000 -0.352151746510145802205 -0.0054178638741082408431 -0.0989189197755266091949 -0.0164305350571687172612 -0.0235396146859494850845 0.999587877106446254238 3.06790575928416853202
14879 607.788000 -0.352151263140488557379 -0.00541734751125574551245 -0.0989190097283470654022 -0.0164308079883390689702 -0.0235401825662354645397 0.999587859246799048663 3.06790469177555369384
14880 607.795000 -0.352150623061341150333 -0.00541659995515551308254 -0.0989190906961216198656 -0.0164311036509293129093 -0.0235410848451649383495 0.999587833137801529126 3.06790321418226596961
14881 607.803000 -0.352149941242700048605 -0.00541571740577298250258 -0.0989191318793910534524 -0.0164313304072381816123 -0.023542220587069655896 0.999587802662116331476 3.06790157427024468006
14882 607.810000 -0.352149379310521926101 -0.00541491508108958834872 -0.0989191378345309485498 -0.0164314781559340879202 -0.0235432918024882885388 0.999587775003633050019 3.0679001577007833923
14883 607.818000 -0.352148762690500438666 -0.00541395209483772673481 -0.0989191286666846886222 -0.0164316593245872263895 -0.0235446027160773861675 0.999587741148711184103 3.06789850548098774752
14884 607.826000 -0.352148162568202860445 -0.00541294077016434439092 -0.0989191190792814839527 -0.0164318922463549885182 -0.0235459707305620269402 0.999587705096236178726 3.06789679908015688881
14885 607.834000 -0.352147566862003824628 -0.00541188023422748201718 -0.0989191247157098080267 -0.0164322182071250690039 -0.0235473687222553240694 0.999587666806194485858 3.06789500893008648674
14886 607.841000 -0.352147039587912047409 -0.00541090976298563147706 -0.0989191526382944275042 -0.0164326119623417268856 -0.0235486042975597519022 0.999587631225863026962 3.06789334387492385048
14887 607.849000 -0.352146424620015052742 -0.00540976170029019726854 -0.0989192184551736797271 -0.016433185481552634033 -0.0235499901428568789163 0.999587589148244748394 3.06789133586019824307
14888 607.857000 -0.352145788350902821939 -0.00540857256902747829397 -0.0989193270107150135484 -0.0164339091617833679693 -0.0235513392005632961335 0.999587545466389948423 3.06788919186881914314
14889 607.864000 -0.35214521252001318441 -0.00540750534629521380919 -0.098919458197855678061 -0.016434659925498459887 -0.0235524760254847004282 0.999587506337590303573 3.06788720724842800536
14890 607.871000 -0.352144611046476374572 -0.00540641131490557716455 -0.0989196263637569239702 -0.0164355220802050970563 -0.0235535640146468036593 0.999587466526145940193 3.06788511126950602659
14891 607.878000 -0.352143988964213228154 -0.00540529804459121635679 -0.0989198283217178619964 -0.0164364908396998354867 -0.0235546145655012514886 0.999587425842055621317 3.06788291206038632453
14892 607.885000 -0.352143345385750539123 -0.00540417186199143931291 -0.0989200613652105320561 -0.0164375304814828003541 -0.023555596705506453431 0.999587385602438427412 3.06788062585525711512
14893 607.893000 -0.352142585640632277411 -0.00540286949686283584499 -0.098920359988603878687 -0.0164388059981035172807 -0.0235566720417142959343 0.999587339285405107603 3.06787790796694137541
14894 607.901000 -0.352141807536043238702 -0.00540153904964151606455 -0.0989206743194552123866 -0.0164401252146720439073 -0.0235577001218838268104 0.999587293360561512934 3.06787505383273462201
14895 607.908000 -0.352141103704539437658 -0.00540040193830219894533 -0.0989209905926097948781 -0.0164413503040894797003 -0.0235585619541927027143 0.999587252899329703482 3.06787258639899107493
14896 607.914000 -0.352140496553118076406 -0.00539941180020934389377 -0.0989212591132617308221 -0.0164423870346760286898 -0.02355927898722955105 0.999587218947003086633 3.06787040572016378448
14897 607.922000 -0.352139679443419784111 -0.00539809006638748353768 -0.098921623561627355925 -0.0164437640358670693341 -0.0235602176593164291951 0.999587174171506886999 3.06786746787207453835
14898 607.930000 -0.352138858495249451597 -0.00539676735643179403268 -0.0989219887726831975661 -0.0164451166076469389166 -0.0235611492384702088387 0.999587129962327791688 3.06786451025366968537
14899 607.937000 -0.352138142030124612347 -0.0053956121363938442867 -0.0989223035045911358587 -0.0164462591573899773179 -0.0235619605425425315826 0.999587092041068658865 3.06786192690918113612
14900 607.945000 -0.352137326532276251356 -0.00539428646373412562509 -0.0989226539538234084237 -0.0164475257410294506411 -0.023562913023621998021 0.999587048749051798602 3.06785896425503423757
14901 607.953000 -0.352136520964268007194 -0.00539295200284789326417 -0.09892298468052407312 -0.0164487258941004091395 -0.0235638916273030532555 0.999587005931868555209 3.06785599379759332805
14902 607.961000 -0.352135723154826107972 -0.00539162142054779545963 -0.0989233091780250817227 -0.0164498790240252927564 -0.0235649024839987529523 0.999586963125777439032 3.06785306090857723404
14903 607.969000 -0.352134939594254847695 -0.00539027703565633960203 -0.0989236097168827432924 -0.0164509632340042420695 -0.0235659505651106479518 0.999586920574011994489 3.06785011901061732686
14904 607.977000 -0.352134169439447863859 -0.00538892104736862689179 -0.0989238914855779249979 -0.0164519903056917632389 -0.0235670369786889488672 0.999586878056643146628 3.06784717707283638433
14905 607.985000 -0.352133412597464723337 -0.00538755073861294040555 -0.0989241553316516364358 -0.0164529671840819950723 -0.0235681605874294326786 0.999586835486224734026 3.0678442269173005208
14906 607.994000 -0.352132574846737100849 -0.00538598593737131536852 -0.0989244333766158834287 -0.0164540253178990826533 -0.0235694733573763373635 0.999586787115803176995 3.06784087548185713246
14907 608.002000 -0.35213184282929710367 -0.00538457754342729598418 -0.0989246657561194675523 -0.0164549263887552171814 -0.0235706631948356254425 0.999586744226880985487 3.06783787461190016188
14908 608.010000 -0.352131119804496350856 -0.00538314860177036089844 -0.0989248876315124980874 -0.0164558078459390369486 -0.0235718753815163488408 0.999586701131590649183 3.06783483381595489803
14909 608.017438 -0.352130494045807762582 -0.00538188371900906285805 -0.0989250751665606831153 -0.0164565629138955331345 -0.023572940951162288381 0.999586663572485822904 3.06783214367525003397
14910 608.026000 -0.352129692242272251956 -0.00538022589490534837442 -0.0989253123622532565262 -0.0164575512048611462268 -0.0235743411525662881212 0.999586614279904139835 3.06782859750383751773
14911 608.033000 -0.352129073113563839659 -0.00537892288281325691573 -0.0989254947122527455994 -0.0164583115881865339747 -0.0235754190378783118343 0.99958657633886549565 3.0678258041860551053
14912 608.040188 -0.352128452355855325884 -0.00537759756763596993151 -0.0989256787317890906586 -0.016459098045878747113 -0.0235765132073818411973 0.999586537582663803292 3.06782294006429534505
14913 608.048000 -0.352127743652582647638 -0.00537606740008313415541 -0.0989258914564061786479 -0.0164600041266518143379 -0.0235777501827768506959 0.999586493486416260978 3.06781961701934147158
14914 608.056000 -0.352127032998832856237 -0.00537451817959787650492 -0.0989261090473659426836 -0.0164609308755887771836 -0.0235789802537557970086 0.999586449210323357839 3.06781622897749040035
14915 608.065000 -0.352126231094287533985 -0.00537275743135591857258 -0.0989263608370227337518 -0.0164619921435344082616 -0.0235803455203277209651 0.999586399527228608441 3.06781235402559060432
14916 608.073000 -0.352125513389985433932 -0.00537117278333225367515 -0.0989265925048982697199 -0.016462966443689719398 -0.0235815570705583330002 0.999586354899866469381 3.06780883967846751403
14917 608.081000 -0.352124791791473656932 -0.00536957397319022360083 -0.0989268314611832511041 -0.0164639618601917885055 -0.0235827604522106486218 0.999586310114999432308 3.06780527446102624367
14918 608.089000 -0.352124066385742395813 -0.00536796252789491917801 -0.0989270775054807149917 -0.0164649761130147460897 -0.0235839571929753050172 0.999586265174105648157 3.06780166492804218237
14919 608.096000 -0.352123427642471398258 -0.00536654018724863450529 -0.09892729861285069759 -0.0164658847289856358209 -0.0235850088917581440784 0.999586225393121252658 3.06779846497916564019
14920 608.104000 -0.352122696219905884085 -0.0053649085921495314952 -0.0989275561878653619807 -0.0164669258605644325266 -0.0235861990330977142061 0.999586180160507042913 3.06779479016302714101
14921 608.111000 -0.352122055492804231225 -0.005363476358480070115 -0.0989277850578436646067 -0.0164678364951099456825 -0.0235872319214343005578 0.999586140786002941283 3.0677915634997994232
14922 608.120000 -0.352121227304922401746 -0.00536161828349409220335 -0.0989280844369674894345 -0.0164690321732723528314 -0.0235885815362222653335 0.999586089239133279705 3.06778736655235562125
14923 608.128000 -0.352120491378948630157 -0.00535996070812791609861 -0.0989283527595028883139 -0.0164700903514215166168 -0.0235897782615492775105 0.999586043562727510903 3.06778362610115706843
14924 608.136000 -0.352119755502487696841 -0.00535829519364228786665 -0.0989286223164267536356 -0.0164711477048481332031 -0.0235909809375079264349 0.999585997756916921908 3.06777986999828478076
14925 608.144000 -0.352119020365345258838 -0.00535662171697089302402 -0.0989288920327214688077 -0.0164722016563272170842 -0.0235921907050872410594 0.999585951837223540828 3.06777609918230087516
14926 608.152000 -0.352118286551740100609 -0.00535494007314963205851 -0.0989291609695501228394 -0.0164732501535791442393 -0.0235934082051664911761 0.999585905822326981074 3.06777231336548839025
14927 608.158000 -0.352117737341072656321 -0.0053536732773552357656 -0.0989293616897104766128 -0.0164740320217774162403 -0.0235943265214819848652 0.999585871261165492818 3.06776946338365119615
14928 608.164000 -0.352117189279716025219 -0.00535240151357163369134 -0.0989295612759735487618 -0.0164748095300403796237 -0.0235952492048028920901 0.999585836667322924498 3.0677666033406891799
14929 608.169000 -0.35211673467862986131 -0.00535134081467152512152 -0.098929726142632443131 -0.0164754458803980270709 -0.0235960129311716601541 0.999585808150953103457 3.06776422201234399978
14930 608.173000 -0.352116370717562021664 -0.00535048715477426991421 -0.0989298576686191144525 -0.0164759590225336503833 -0.0235966325927548133123 0.999585785065279064376 3.0677623025083673447
14931 608.179000 -0.352115825884514233035 -0.0053492020763984474141 -0.0989300536844499173172 -0.0164767247662526185314 -0.0235975651577491583877 0.999585750428447772364 3.06775941230104143287
14932 608.185000 -0.352115282383733074756 -0.00534791131143415483795 -0.0989302481278372392026 -0.0164774858228680064209 -0.0235985010828379457304 0.999585715788096185186 3.06775650780245712212
14933 608.191000 -0.352114740188868569071 -0.00534661467083069955053 -0.0989304409943332074828 -0.0164782423778725740926 -0.0235994399796523313118 0.999585681150336857748 3.06775358774991291355
14934 608.199000 -0.352114019199447236819 -0.00534487639153471798259 -0.0989306957718931456736 -0.0164792446054383111276 -0.0236006957944955506057 0.999585634978439330212 3.06774966813659188958
14935 608.208000 -0.352113209355554512836 -0.00534290455201594498974 -0.0989309798307904803005 -0.0164803722494342094751 -0.0236021213797387267863 0.999585582727610222342 3.06774520955220086904
14936 608.215000 -0.35211258313044979662 -0.00534136644553508642408 -0.0989311980310073751932 -0.0164812301213093856389 -0.023603217889829292836 0.999585542692036810308 3.06774173072842293308
14937 608.224000 -0.352111777490846600269 -0.00533942252576552131571 -0.0989314731358939547512 -0.0164823398928545389319 -0.0236046250916098938888 0.999585491164182826651 3.06773733398799741678
14938 608.231000 -0.352111153357522077556 -0.00533781113239051568237 -0.0989316927984322386225 -0.0164831975044395090402 -0.0236057499498262580995 0.999585450459007041069 3.06773365382388751854
14939 608.236000 -0.352110706372136650355 -0.00533668779004982819086 -0.0989318468150000435157 -0.0164838180432810531284 -0.0236065512126455816222 0.999585421303532561943 3.06773109030158908084
14940 608.241000 -0.352110262087798830954 -0.00533556620593891774845 -0.0989319996198380902097 -0.0164844218679405345174 -0.0236073364763734576399 0.999585392800520611267 3.06772853432297631926
14941 608.246000 -0.352109815800638659145 -0.00533443426097251517659 -0.0989321530807410753905 -0.0164850413710223957231 -0.0236081392382069023272 0.999585363624690637074 3.06772594407461429711
14942 608.252000 -0.352109282022492586783 -0.00533307406046862851612 -0.0989323365244566682586 -0.0164857749305060488632 -0.0236090935683746540319 0.99958532898688567947 3.06772283152328828493
14943 608.258000 -0.352108748588812470182 -0.00533170798420121161421 -0.0989325199106697861229 -0.0164865086116730875931 -0.0236100491479391237648 0.999585294316112427104 3.06771970130027771262
14944 608.267000 -0.352107950140875203271 -0.00532965128211650672474 -0.0989327947188147482915 -0.0164876020095788174136 -0.0236114767534737583776 0.999585242560880216089 3.06771498533246189666
14945 608.275000 -0.352107239832582741279 -0.00532781013772259167544 -0.0989330398211995115654 -0.0164885826089736023392 -0.023612756114516932765 0.999585196165000855473 3.0677107549609461401
14946 608.283000 -0.352106529903263965053 -0.00532595982089325431508 -0.0989332855424320950499 -0.0164895651499025498732 -0.0236140385397090556141 0.999585149662104543999 3.06770649969076414365
14947 608.291000 -0.35210582033299364646 -0.00532410078940760700394 -0.0989335320252488215065 -0.0164905499436527117063 -0.0236153242570967883407 0.999585103041651046318 3.0677022217539788862
14948 608.298000 -0.352105198591170009959 -0.00532246428605661833777 -0.0989337488362228428818 -0.0164914216585618222943 -0.0236164604473958865405 0.99958506181696027415 3.06769845103364602323
14949 608.306000 -0.352104489716260793397 -0.00532059005854311657668 -0.0989339969404124386365 -0.0164924110061212270129 -0.0236177526405664597875 0.999585014963416784717 3.06769413574726712568
14950 608.314000 -0.352103781250825975668 -0.00531870825698855728692 -0.0989342459192868867168 -0.0164934027061674343129 -0.0236190482548616596803 0.999584967987567796222 3.06768980263401758179
14951 608.322000 -0.352103073231621155337 -0.00531681918012682098312 -0.0989344957238117439502 -0.0164943965513174722881 -0.023620347135796589122 0.99958492089646511225 3.06768545262553171682
14952 608.330000 -0.352102365697589014815 -0.00531492306591747724898 -0.0989347462696329033038 -0.0164953922346282831624 -0.0236216490436461853952 0.999584873700820275566 3.06768108623726210027
14953 608.338000 -0.352101658686632235096 -0.00531302009083958401425 -0.098934997444259348276 -0.0164963893689360693862 -0.0236229536765653370944 0.999584826414138594153 3.0676767035953935725
14954 608.346000 -0.35210095223350412752 -0.00531111037266908739274 -0.0989352491144392665046 -0.016497387508063173639 -0.0236242606983863186187 0.999584779051713723241 3.06767230448821903721
14955 608.355000 -0.352100159342849883259 -0.00530895700347525090201 -0.0989355322087935584729 -0.0164985029734047196348 -0.0236257251568165946298 0.999584726028990067093 3.06766734571984178714
14956 608.363000 -0.352099454170973658051 -0.00530703311656588634648 -0.0989357844375013534277 -0.0164995016287651820319 -0.023627036153539778679 0.999584678558350869793 3.06766290980435751834
14957 608.370000 -0.352098836504747547682 -0.0053053411951520905443 -0.0989360056066434512267 -0.0165003830798366515897 -0.0236281928299770620228 0.999584636667555037626 3.06765900273425140554
14958 608.377000 -0.35209822166935983434 -0.00530365022658055643157 -0.0989362258092061075399 -0.0165012477456701854572 -0.0236293337252384549885 0.999584595424788280305 3.0676551020302276207
14959 608.382000 -0.352097780818670602621 -0.00530243400763028699396 -0.0989363837586769157006 -0.0165018785593389304134 -0.0236301635426794144623 0.999584565394523894 3.0676522885318906475
14960 608.389000 -0.352097166869597910654 -0.00530073415334172265423 -0.09893660362066021563 -0.0165027413919540261178 -0.0236313059181367801642 0.999584524143483088565 3.06764836159851261854
14961 608.394000 -0.352096726662982750788 -0.00529951155132482934484 -0.0989367612446098998458 -0.0165033706555096255919 -0.0236321367678255823963 0.999584494111825261342 3.06764552895432496271
14962 608.400000 -0.352096200175184670389 -0.00529804454832201107695 -0.0989369496257841429809 -0.0165041151170012695415 -0.0236331243310699615212 0.999584458471897585596 3.06764213163728838296
14963 608.407000 -0.352095587612156979418 -0.00529633120229302568893 -0.0989371685956063479095 -0.0165049741271296041001 -0.0236342689894536821249 0.999584417224676946567 3.06763816366580899242
14964 608.413000 -0.352095062003099090742 -0.00529485581525105698797 -0.0989373563238099829054 -0.0165057159768206077044 -0.0236352581238903972083 0.99958438158742246582 3.06763474068960917407
14965 608.420000 -0.35209444815388513117 -0.00529312659936908257163 -0.098937575364339433448 -0.0165065879205363273685 -0.0236364215607575110789 0.999584339678760702697 3.06763072180289375623
14966 608.425000 -0.352094012038113857166 -0.00529189345871313061853 -0.0989377307791525911762 -0.0165071959182005213729 -0.0236372390228919392052 0.999584310308186396732 3.06762785950526861711
14967 608.431000 -0.352093487694269680066 -0.00529040652977579625021 -0.0989379174984301029694 -0.0165079340501772947603 -0.023638230975430853803 0.999584274661094784875 3.0676244016269018644
14968 608.438000 -0.352092875343052003068 -0.00528866394632413697879 -0.0989381353625841397648 -0.0165088017844569404091 -0.0236393980588182409108 0.99958423273031782319 3.06762034277110817726
14969 608.443000 -0.35209244031050362933 -0.00528742134686753170736 -0.0989382899556514039396 -0.0165094069178806750198 -0.0236402183602756159331 0.999584203336116305927 3.0676174525592521114
14970 608.449000 -0.352091917278870236707 -0.00528592319204332534988 -0.0989384757274509030189 -0.0165101418263638236028 -0.0236412139634547928402 0.999584167651332511362 3.06761396201098657244
14971 608.456000 -0.35209130647185504781 -0.00528416771746850928715 -0.098938692561866117825 -0.0165110061591531194491 -0.0236423856041733590483 0.999584125663546152474 3.06760986631867949015
14972 608.461000 -0.35209087254823800972 -0.00528291606550628043554 -0.0989388464818781454557 -0.0165116091327647540599 -0.0236432093233247611619 0.99958409622039323672 3.06760695069906441645
14973 608.468000 -0.352090262778652518527 -0.00528115238719734092498 -0.0989390627923291965384 -0.0165124718665563448294 -0.0236443843154945480822 0.999584054176134606529 3.06760283261691979462
14974 608.473000 -0.352089829593829395371 -0.00527989500346816298393 -0.0989392163940204377726 -0.0165130739058689246512 -0.0236452104625359225964 0.999584024688450978324 3.06759990163304596678
14975 608.479000 -0.352089308776350362606 -0.00527837944435358575462 -0.0989394011207953422149 -0.0165138056534046041846 -0.0236462132158697657669 0.999583988879069185174 3.0675963638641228215
14976 608.486000 -0.352088700538210064295 -0.00527660415349019955994 -0.0989396169479465070751 -0.0165146670672854968542 -0.0236473932639155275115 0.999583946731578243394 3.06759221538422055531
14977 608.491000 -0.352088268433495443777 -0.00527533867886756553667 -0.0989397702920749300137 -0.0165152684518095824173 -0.0236482229494486481669 0.999583917167187085973 3.06758926350417082674
14978 608.497000 -0.352087748892508378695 -0.00527381363345750999588 -0.0989399548032832421018 -0.0165159997052165621878 -0.0236492298197743949784 0.999583881263933160533 3.06758570147282227936
14979 608.503000 -0.35208722975919731768 -0.00527228558229338520325 -0.0989401393050840238796 -0.0165167309735804908322 -0.0236502379279472582652 0.999583845329594100626 3.06758213184755179626
14980 608.508000 -0.35208679628712991061 -0.00527100691668580100674 -0.0989402935116947407357 -0.0165173484616602007924 -0.0236510872726638926578 0.999583815030343991737 3.06757914096777817292
14981 608.515000 -0.352086192671873798865 -0.00526922074488969660599 -0.0989405083795317913387 -0.0165181937941755903332 -0.02365225750128342741 0.999583773372132777801 3.06757497048311478238
14982 608.520000 -0.352085759834037670402 -0.00526793734279557869515 -0.0989406626613552608873 -0.0165188115119863435099 -0.0236531085377556168914 0.999583743026432269829 3.06757196753435490422
14983 608.528000 -0.352085069679599238501 -0.00526588479718631194415 -0.0989409088993797314338 -0.0165197872358304152784 -0.0236544580430531545256 0.999583694967246083607 3.06756716935172191185
14984 608.536000 -0.352084380144711828198 -0.0052638274573085959418 -0.098941155269826011609 -0.0165207632367136737772 -0.0236558088811441927235 0.999583646869162789628 3.0675623585399143245
14985 608.544000 -0.352083691204405080377 -0.00526176541758556839956 -0.0989414017738548673409 -0.0165217394515898251262 -0.023657160848539544179 0.999583598738034484477 3.06755753507629069787
14986 608.552000 -0.352083002837191516576 -0.0052596987541798940341 -0.0989416483980914557295 -0.0165227157759800236114 -0.0236585137731859622423 0.999583550579655200075 3.06755269888080217555
14987 608.561000 -0.352082230252808769944 -0.00525737135162040927078 -0.0989419255177709788818 -0.0165238060620481463925 -0.023660028422416341104 0.99958349670664037312 3.06754725332859345954
