15458 1402.493000 -0.30763543386791725176 -0.0228433580677839705164 -0.0566126372716208442482 -0.0196257079876744587599 -0.037678234679372132887 0.999097183569961244665 2.99342556184247277073
15459 1402.501000 -0.307633821685380948185 -0.022851498762022970368 -0.0566220458767147383217 -0.0196552837121226134376 -0.0376590253452317724747 0.999097326406313213099 2.99344414240104628178
15460 1402.508000 -0.30763237283439898162 -0.0228583315701332244474 -0.0566284390021191894049 -0.019679779057240161938 -0.0376411357669929266812 0.999097518360659742065 2.99345838417197196435
15461 1402.514000 -0.307630447759349334724 -0.0228653666134775654384 -0.0566350405446714375013 -0.0197038074993930618917 -0.037622980616394852138 0.999097728602945656107 2.99347242394761359208
15462 1402.523000 -0.307627739436267422235 -0.0228733128410226888017 -0.0566424637278466619472 -0.0197305862560184612498 -0.0376007516676449965454 0.999098036951340362499 2.99348620425264577705
15463 1402.531000 -0.307624516825249882945 -0.0228820047800771600444 -0.0566508906356752994782 -0.0197544123315891162473 -0.0375818684092534827101 0.999098276627631398661 2.99350329561892358754
15464 1402.540000 -0.307620630660459248862 -0.0228925722245041304848 -0.0566600430029282134403 -0.0197767796005038458407 -0.0375636723469507383122 0.999098518419702097404 2.99352568240506000663
15465 1402.549000 -0.307617122665280406935 -0.0229010542487855378591 -0.0566672598152832898699 -0.0197920690705399339449 -0.0375491735336198895201 0.999098760668258090156 2.99354222641030220942
15466 1402.558000 -0.307614011649216423372 -0.0229071404606792372594 -0.0566732774514412118716 -0.0198020158325835950175 -0.0375378863296801368321 0.999098987717866982017 2.99355200502269669371
15467 1402.567000 -0.30761115795139293283 -0.0229136658119724681559 -0.0566782333339820518225 -0.019807138242577491255 -0.0375306158954871252331 0.99909915931560311364 2.99356512141871533572
15468 1402.576000 -0.307608801360182593232 -0.0229204621815073117386 -0.0566813253957336310451 -0.0198067359372486144486 -0.0375275953811726389886 0.999099280750626372871 2.99358139093235209316
15469 1402.585000 -0.307607080337779059676 -0.0229247244185729961985 -0.0566833408792674353638 -0.0198032322168822765007 -0.0375267302477440625741 0.99909938269957776491 2.99359072315883034676
15470 1402.595000 -0.30760585679822355365 -0.0229282945040065536113 -0.0566841521226950292855 -0.0197959860451339189624 -0.0375284386232738256806 0.999099462131273652332 2.99359920563472758914
15471 1402.604000 -0.307605360231941127314 -0.022930629109711761493 -0.0566837661578862214706 -0.0197873592106398710211 -0.03753169363643944767 0.999099510753683306419 2.99360549437255629712
15472 1402.613000 -0.307605393723137554574 -0.0229323291604038442815 -0.0566825230954703246367 -0.0197775826788306012538 -0.0375359222891088958884 0.999099545471464955959 2.99361091130119394421
15473 1402.622000 -0.307605823081468443547 -0.0229323525160015501134 -0.0566815554940464164102 -0.0197691245982665741998 -0.037539767956293615403 0.999099568378650548794 2.99361139863222414093
15474 1402.632000 -0.307606823056150169293 -0.0229333633290643122693 -0.0566790468273745615124 -0.0197583119269612444979 -0.0375448191993368110553 0.99909959246367729957 2.99361645524771402549
15475 1402.641000 -0.307608086686515569408 -0.0229357536804217845838 -0.0566756004046392800055 -0.0197477514471475490421 -0.0375492363146522276085 0.999099635254146356544 2.99362654891380630673
15476 1402.651000 -0.307609622040248387176 -0.0229356651834346815522 -0.0566736437240438137297 -0.0197410237716226857896 -0.0375522073463005687244 0.99909965654276389202 2.99362878377207275449
15477 1402.660000 -0.307611084469883333536 -0.0229385216970636879319 -0.056670769776129004125 -0.0197343943921474904157 -0.0375539464444491002948 0.999099722142100521438 2.99364032428426440902
15478 1402.670000 -0.307612671165093942705 -0.0229389343808717449669 -0.0566692096401544206929 -0.0197313894163283799765 -0.0375544478631888792308 0.999099762645048405929 2.99364391313653888105
15479 1402.680000 -0.307614069090707986653 -0.022941192196309086182 -0.0566677235608968182801 -0.0197298630047300187218 -0.0375534314306690333862 0.999099830994679360963 2.99365314971951912426
15480 1402.689000 -0.307615086896054990007 -0.022943695388249897571 -0.0566669947777039481607 -0.0197304747416467765597 -0.0375513598480615648501 0.999099896777109419688 2.99366261806536959611
15481 1402.699000 -0.307615914023449399384 -0.022946439470914160863 -0.0566668943954076118064 -0.0197331287842968938762 -0.0375481560575768313903 0.999099964770822412952 2.99367263736678879127
15482 1402.709000 -0.307616363283298333009 -0.0229495710221038068388 -0.0566675002021908152949 -0.019737399701914473682 -0.0375441661898069170555 0.999100030346370737711 2.993683465818435252
15483 1402.718000 -0.307616408681617437004 -0.0229526223189112435485 -0.0566686361651630582381 -0.0197423965025315777122 -0.0375402692695650172516 0.999100078051996409734 2.99369363373872721112
15484 1402.728000 -0.307616169812638562409 -0.0229557159435738282471 -0.0566702723166533223198 -0.0197484060063982461153 -0.0375359005853282065579 0.999100123424802033512 2.99370369238014077951
15485 1402.737312 -0.307615647878337283849 -0.0229587329821974439614 -0.0566721786417054423923 -0.0197541825817314879721 -0.0375320857035591273765 0.999100152543912045644 2.9937132974527203011
15486 1402.747000 -0.30761485366634572225 -0.0229617674210086143705 -0.0566744261981477620571 -0.0197602921529946851109 -0.0375282472762027835556 0.999100175913508969927 2.99372277365876637845
15487 1402.756000 -0.307613786309280601294 -0.0229656433532531879804 -0.0566770757048044859783 -0.0197661400367877548856 -0.0375253524677879798932 0.999100168967163360101 2.9937350906334367906
15488 1402.765000 -0.307612859802025795375 -0.0229680146092424292137 -0.0566790143034598611904 -0.0197703092548783647409 -0.0375228658715933069412 0.999100179866237891879 2.99374238046626883758
15489 1402.765000 -0.307612859802025795375 -0.0229680146092424292137 -0.0566790143034598611904 -0.0197703092548783647409 -0.0375228658715933069412 0.999100179866237891879 2.99374238046626883758
15490 1402.783000 -0.307611030481598768382 -0.022972257806585801021 -0.0566822963900749376975 -0.0197759595295518043889 -0.0375193329632092231751 0.999100200719968301044 2.99375542773239500249
15491 1402.793000 -0.307610148533159877271 -0.0229743771922572663502 -0.0566836517629167591092 -0.0197774602590395642832 -0.0375181087027328871719 0.999100216987801381663 2.99376206460736549175
15492 1402.802000 -0.307609490275366492806 -0.0229761808623906646498 -0.0566845506431165185868 -0.0197778927831526729619 -0.0375173911014059155433 0.999100235372809009071 2.99376785072501716556
15493 1402.812000 -0.307608987567370706362 -0.0229780812327943541329 -0.0566851345697571978866 -0.0197774993215965450011 -0.0375169281142420582564 0.999100260547186147519 2.99377412672220444279
15494 1402.821000 -0.307608639719381293798 -0.0229798620143472354105 -0.0566854903700185625004 -0.0197764054752606957543 -0.0375166121008195518893 0.999100294066093685963 2.99378024805372167094
15495 1402.830000 -0.307608498898867099847 -0.0229816086350614345868 -0.0566855448484863619352 -0.0197749418215440869728 -0.0375164818448423531549 0.999100327928051590298 2.99378642986695053807
15496 1402.840000 -0.30760851673613143209 -0.0229835852261941822605 -0.0566853985296689177886 -0.0197730336632614134285 -0.0375163806833769680749 0.999100369492560869134 2.99379367341399538205
15497 1402.849000 -0.307608672148490247533 -0.0229854211642677441763 -0.0566851403817328070023 -0.0197712413577830273259 -0.0375162522364402145625 0.999100409785374843352 2.99380057637456031827
15498 1402.857000 -0.307608898020142240703 -0.0229871049212736766609 -0.0566848552029726865387 -0.0197697349418011827926 -0.0375160927006610370182 0.999100445585330732001 2.99380701641714708217
15499 1402.867000 -0.307609311422439635209 -0.0229878082138338102336 -0.0566847279738274048566 -0.0197686250180861312897 -0.0375157999832389024708 0.999100478538826330954 2.993810628977920274
15500 1402.867000 -0.307609243186052760954 -0.0229892596221625347686 -0.0566844997219971835634 -0.0197681608041549265742 -0.0375158120917842771713 0.999100487269180992378 2.99381540422780023647
15501 1402.887000 -0.307609999172108572463 -0.022993730267579559623 -0.0566840254513169203299 -0.0197664437188826078162 -0.0375147789959250008152 0.999100560033671092341 2.9938330173033449455
15502 1402.894000 -0.307610233910628472209 -0.0229953271638722103742 -0.0566839935247272358465 -0.0197663752831306882563 -0.0375142450816614778097 0.999100581435182433232 2.99383932910381656001
15503 1402.903000 -0.307610590228729330331 -0.0229960974108334437194 -0.0566840387651916383094 -0.0197667104339438182148 -0.0375133293792451957827 0.999100609186835186826 2.99384316320894505736
15504 1402.912000 -0.307610772053965864092 -0.0229981575712481130236 -0.0566842144392523741847 -0.0197673863491324500186 -0.0375123714442389954993 0.999100631781180248403 2.99385121267251852473
15505 1402.919000 -0.307610720444275842489 -0.0230010226977751079669 -0.0566846079884361780943 -0.0197683627824592721145 -0.0375116618539798954424 0.999100639103916110528 2.993861627225543387
15506 1402.928000 -0.307610588192796741147 -0.0230022983468979383415 -0.0566847982376239914459 -0.0197685831871250508596 -0.0375117588574328253426 0.999100631100889313707 2.99386589323234053595
15507 1402.937000 -0.307610793471724874859 -0.0230037695130739586191 -0.0566854870859712645093 -0.0197711395329805000864 -0.0375091770625903958569 0.999100677448301333072 2.99387268855794452804
15508 1402.937000 -0.307610656350580102814 -0.0230050378897945981271 -0.0566857069609308650282 -0.0197714100814971247 -0.0375092676926737922383 0.999100668691873416982 2.99387692882723932541
15509 1402.955000 -0.30761040406686984694 -0.0230076613366787044446 -0.0566869374581123602885 -0.0197747381607919596458 -0.0375065753054574166359 0.999100703903028963815 2.9938870790551574963
15510 1402.964000 -0.307609988916413501503 -0.0230108313151763319016 -0.0566879723306040056441 -0.0197768265665360203076 -0.0375052877012260893475 0.999100710902262267865 2.9938981862440852133
15511 1402.973000 -0.307609679602516783437 -0.0230127182420819011155 -0.056688773080624227374 -0.0197784835502833149234 -0.0375039421511883311333 0.999100728611270416657 2.99390492606507496731
15512 1402.973000 -0.307609679602516783437 -0.0230127182420819011155 -0.056688773080624227374 -0.0197784835502833149234 -0.0375039421511883311333 0.999100728611270416657 2.99390492606507496731
15513 1402.990000 -0.307609073070492455848 -0.0230162499845235832274 -0.0566902022551543996465 -0.0197811117073575758185 -0.037501549402503074615 0.999100766395478512294 2.99391740925724469946
15514 1402.998000 -0.307608804220413312169 -0.0230179072950527884023 -0.0566908082558362919068 -0.0197820609787257815915 -0.0375005032968689089312 0.999100786865827372729 2.99392325546551019144
15515 1403.006000 -0.307608657680027319792 -0.0230184476308870414329 -0.0566912792370572252154 -0.0197827724496831315604 -0.037499548877199903596 0.99910080860151961879 2.99392542888374357801
15516 1403.015000 -0.30760842193429982494 -0.0230203307176531091205 -0.0566918508831759510036 -0.0197834313866025249262 -0.0374985184061562767943 0.999100834230416734449 2.99393214086799286378
15517 1403.024000 -0.307608152851357063984 -0.0230232762324666107023 -0.0566923192574664766563 -0.0197837923767730863855 -0.0374976580697918560059 0.999100859372302529948 2.99394234980969686788
15518 1403.033000 -0.30760800485244232938 -0.0230251709631353260188 -0.0566927209008521726386 -0.0197840614645092005563 -0.0374968094407115495881 0.999100885893779655511 2.99394922157927512174
15519 1403.041000 -0.307607921740144785172 -0.0230269486042987345242 -0.0566930630881241695573 -0.0197841858942758679063 -0.0374960050094205882276 0.999100913620257990999 2.99395581602524618603
15520 1403.050000 -0.307607871312336633718 -0.0230288768050569414569 -0.0566933539866666807994 -0.0197842176794535556938 -0.0374952538683331823566 0.999100941180700363731 2.99396297660660382078
15521 1403.059000 -0.307607947192899133793 -0.0230295462655017019182 -0.056693626929433478534 -0.0197843236718438682253 -0.0374944863915831344547 0.999100967884166801802 2.99396605940206361751
15522 1403.068000 -0.307607865640845468125 -0.0230327501190398416242 -0.0566938480891242685411 -0.0197842246063198654027 -0.0374938375030337972538 0.999100994197294811627 2.99397759622597758877
15523 1403.077000 -0.307607872908766122322 -0.0230346089758285688109 -0.0566940556464115633095 -0.0197843022829834007392 -0.0374932620200350494311 0.999101014255451835844 2.99398461881619049052
15524 1403.085000 -0.307607907496122767732 -0.0230363921816269731635 -0.0566942977988076912688 -0.0197844800710821402956 -0.0374925649146742659412 0.999101036894885830009 2.99399152787696198885
15525 1403.094000 -0.307607936369364620699 -0.0230383211902477451349 -0.0566945564000571750052 -0.0197847407104573859427 -0.0374918404285804959808 0.999101058920616735826 2.99399893181137244369
15526 1403.103000 -0.307607955990438552973 -0.0230402431315754122054 -0.0566948432261719648118 -0.0197851144874526124751 -0.0374910706758657258364 0.999101080403927643836 2.99400631129710470546
15527 1403.112000 -0.307607950283583564399 -0.0230420850410751991422 -0.056695134459907495228 -0.019785533204673480534 -0.0374903311130683966623 0.999101099863692110326 2.99401328486153772701
15528 1403.120000 -0.307607936425939587632 -0.02304383582419015572 -0.0566954826430296557338 -0.0197861647120339857742 -0.0374894937124044189125 0.99910111877986396145 2.99402003675836247965
15529 1403.129000 -0.307607895991488689003 -0.0230457252671328466365 -0.0566958713781709477963 -0.0197868655537143493806 -0.0374885819202331604938 0.999101139113137581838 2.99402719143672957358
15530 1403.138000 -0.30760793421264237546 -0.0230463513828602951927 -0.056696202474284571049 -0.0197875967854966652859 -0.0374875836254395453095 0.999101162088894989566 2.99403010759426191356
15531 1403.146000 -0.307607747643248774505 -0.0230492596535694857507 -0.0566966979676236382257 -0.0197884138836834332087 -0.0374867566427987894406 0.99910117693473443623 2.99404047782985527348
15532 1403.155000 -0.307607747856461277713 -0.0230498769791423127606 -0.0566970686321439376609 -0.0197892117433362581258 -0.037485705552978997035 0.9991012005686775721 2.99404327644316747836
15533 1403.164000 -0.307607511541808709143 -0.0230529704351061723311 -0.0566976622797899509898 -0.0197901941608873560563 -0.0374847124315396060257 0.999101218370290644621 2.99405425398230118361
15534 1403.173000 -0.307607491340075367425 -0.0230535961540683995152 -0.0566980580465667668988 -0.0197909782113850976626 -0.0374836408798878695237 0.999101243041877196127 2.99405703228279440609
15535 1403.182000 -0.307607239629660689229 -0.0230566837043465061585 -0.0566986584651263531009 -0.0197919125535090598134 -0.0374826243328721733783 0.999101262670904155527 2.99406792903528229388
15536 1403.191000 -0.30760712885090807367 -0.0230579140801322191034 -0.0566987512158447365396 -0.0197919870853472054661 -0.037482649360566715202 0.99910126025549894635 2.99407200133451745216
15537 1403.200000 -0.307606951650284454747 -0.0230603883718289957849 -0.0566996400931950028657 -0.0197934877968162746542 -0.0374806096650638492784 0.999101307045472730728 2.99408155144015752924
15538 1403.208000 -0.307606837977458247302 -0.0230620494101170941947 -0.0567000584972777721404 -0.0197940873995805545482 -0.0374797193449947566024 0.999101328565745738786 2.99408767364615835405
15539 1403.217000 -0.307606716855355011297 -0.0230639173860441512587 -0.0567005131492594321996 -0.0197947205583312579869 -0.0374787580830584568514 0.999101352081243510028 2.99409456344313218423
15540 1403.226000 -0.307606596933578502195 -0.0230657779074349422732 -0.0567009531548297168735 -0.0197953409401043882443 -0.0374778660273983599271 0.999101373252532898306 2.99410146453067138594
15541 1403.235000 -0.307606496427150988282 -0.0230676511314189258695 -0.056701375113892588109 -0.0197958746571049032381 -0.0374769563919844922451 0.999101396799220387024 2.99410842977672997378
15542 1403.243000 -0.307606411788109324057 -0.0230693109939835751254 -0.0567017351053469356725 -0.019796350055638029658 -0.0374762054101868483102 0.999101415549256688386 2.99411461580346838218
15543 1403.252000 -0.307606436743156463898 -0.0230699624548409074065 -0.0567020744030007350922 -0.019796825263346726903 -0.0374752993284263521967 0.999101440119939621098 2.9941175778623314585
15544 1403.261000 -0.307606366640822914693 -0.0230718416212065680071 -0.0567024566569697061058 -0.0197972959575683331301 -0.0374744502525763203971 0.999101462640824888872 2.99412461729515477771
15545 1403.271000 -0.307606180360518677297 -0.0230750664284322115627 -0.0567028913408228335546 -0.0197977850936189303521 -0.0374736827234358124694 0.999101481736730190342 2.99413614768713065573
15546 1403.280000 -0.307606129426721275344 -0.0230770169707661641778 -0.0567032971835892546375 -0.0197982954320451258468 -0.0374727308351300997247 0.999101507326329185688 2.99414355625574390984
15547 1403.290000 -0.30760606114354854812 -0.0230790214779946732671 -0.0567036721915997882215 -0.0197987857231940629632 -0.0374718965419746016798 0.999101528901560009821 2.9941510429913664737
15548 1403.299000 -0.30760600503800133998 -0.0230809512083614450095 -0.0567040802721556908006 -0.0197993600940852831904 -0.0374709483456850123151 0.999101553081537141487 2.9941583688283106568
15549 1403.309000 -0.30760593482027964729 -0.0230829459380223651899 -0.0567044639602914887777 -0.0197998915956867915789 -0.0374700803757309006126 0.999101575101068117846 2.994165803861664088
15550 1403.318000 -0.3076058631702147661 -0.0230848525401264881296 -0.0567048869966301355428 -0.0198005553918151958048 -0.0374691329674689752038 0.999101597476874214721 2.99417302756028869126
15551 1403.327000 -0.307605793035554131443 -0.023086698646989055328 -0.0567052783315600272829 -0.0198011463888295262403 -0.0374682431321334413754 0.999101619135050467158 2.99417994747974258729
15552 1403.336000 -0.307605824345214551307 -0.0230873292614725070249 -0.0567056089861400422492 -0.019801718615553656061 -0.0374672933207404953992 0.999101643413265572136 2.9941828288414331638
15553 1403.346000 -0.307605627980450491155 -0.0230905153776726698722 -0.0567060916544803450545 -0.0198023798607314671649 -0.0374664226771200051247 0.999101662957093905604 2.99419415940054411962
15554 1403.354000 -0.307605547026086778573 -0.0230922022357924541791 -0.0567064991523823017094 -0.0198030312854364926034 -0.0374655074516944547325 0.99910168436615853782 2.99420051468891701418
15555 1403.363000 -0.307605457867915321746 -0.0230940329270776095738 -0.0567069160515263626099 -0.0198036779853211358793 -0.0374645854906514100269 0.9991017061201864502 2.99420733796222959811
15556 1403.372000 -0.307605352257492303814 -0.0230952382694512153849 -0.0567069898686440865276 -0.019803720934123664188 -0.0374646230882426864439 0.999101703859031187172 2.99421133354198909515
15557 1403.381000 -0.307605274573520992565 -0.0230976920732791426993 -0.0567077585154114882648 -0.0198049619420918830703 -0.0374627302819572904902 0.99910175023482650225 2.99422096405311721767
15558 1403.390000 -0.307605168872948919745 -0.0230988955970530124295 -0.0567078334030598138482 -0.0198050062152130695869 -0.0374627712948235672141 0.999101747819373553483 2.99422495555584289306
15559 1403.398000 -0.307605185357439414595 -0.0231000700626447265373 -0.0567084943124555387883 -0.0198061369320057314991 -0.0374609744290961485524 0.999101792779220843066 2.99423026856406959695
15560 1403.407000 -0.307604993160943418484 -0.0231028889323884045748 -0.056708940191239329276 -0.0198067374140132070048 -0.037460212455421082467 0.999101809444766786328 2.99424027518802926551
15561 1403.415000 -0.307605006689230131567 -0.0231035190615723751151 -0.0567092896970302073889 -0.0198072988105623612465 -0.0374592514947241356227 0.999101834344870098903 2.99424313372728656546
15562 1403.424000 -0.307604927526712312869 -0.023105211894948716328 -0.0567096975713762066484 -0.0198079007351722423402 -0.0374583583198779407342 0.999101855898809287915 2.9942495108329620912
15563 1403.432000 -0.307604742398624009247 -0.0231080317646470412285 -0.0567101309752908039341 -0.0198084754632374716865 -0.0374576330207381444359 0.999101871696928545141 2.99425954404496730277
15564 1403.440000 -0.307604670791426559884 -0.0231096613943227793819 -0.0567104926932050709687 -0.0198089698457985102786 -0.0374568232038168108522 0.999101892255803147869 2.99426562994600820033
15565 1403.449000 -0.307604579712473014119 -0.0231114788126696099613 -0.0567108988962908289189 -0.0198095765702456377833 -0.0374559769584860424718 0.999101911952025578678 2.99427243902742379333
15566 1403.458000 -0.307604498580219043458 -0.0231133052053691182004 -0.05671129912824902225 -0.0198101472861008098825 -0.0374551056359895620518 0.999101933301252298492 2.99427927312644248659
15567 1403.467000 -0.307604418686747871359 -0.0231151291168852149327 -0.0567116984036050084117 -0.0198107029517001070884 -0.0374542196891832837591 0.99910195549605140819 2.99428610341561629582
15568 1403.475000 -0.307604437769703309424 -0.0231156850223124231414 -0.0567119956010043169137 -0.0198111864491006227362 -0.03745340460935295962 0.999101976464188190619 2.99428863902592512503
15569 1403.484000 -0.30760424312658729562 -0.0231179388622594558789 -0.0567121168641832457125 -0.0198112367979305717403 -0.0374534902373180322854 0.999101972255875159235 2.9942961176330986639
15570 1403.493000 -0.30760416513919003334 -0.0231197567100682975505 -0.0567125114395539003942 -0.0198118034118907083985 -0.0374526207791984200313 0.999101993613433880803 2.99430292371746498148
15571 1403.493000 -0.307604191529465054167 -0.0231203843571555628378 -0.0567128411257703246573 -0.0198123409700132757649 -0.0374517038369983137902 0.999102017326055524826 2.99430577795056773738
15572 1403.509000 -0.307604047084613196894 -0.0231235992941502474518 -0.0567135440084544847905 -0.0198133770766160018095 -0.0374501680710543766173 0.99910205434693688531 2.99431780926236523754
15573 1403.518000 -0.307604071843494253358 -0.0231242217316680216677 -0.0567138734879208128437 -0.0198139233957911574391 -0.0374492487311550853457 0.999102077972585211896 2.99432063672399717547
15574 1403.527000 -0.307603889704695543372 -0.0231272153423761270274 -0.0567143358219654031283 -0.0198145201996344604012 -0.0374483959369838192988 0.99910209810159311683 2.99433132901172660567
15575 1403.535000 -0.307603798275997264433 -0.023128267286807120684 -0.0567143954251484450069 -0.0198145489317893483405 -0.0374484341319400657055 0.9991020961001411127 2.99433481874705043069
15576 1403.544000 -0.307603734460889177704 -0.0231306156836198449633 -0.0567150891474751048249 -0.0198156302678953663565 -0.0374467329583297037221 0.999102138416204876847 2.99434403841263829804
15577 1403.552000 -0.307603659206820090333 -0.0231322104116643695315 -0.056715443187854874818 -0.0198161668766574788902 -0.0374459668298787184959 0.999102156487759685 2.99434999544704094632
15578 1403.561000 -0.307603556495953001093 -0.0231333896539592659414 -0.0567155111186772170617 -0.0198162011391518240455 -0.0374460083012610814301 0.99910215425386539323 2.99435390681672508606
15579 1403.570000 -0.307603487158212507424 -0.0231357925437394931767 -0.0567162473593533084104 -0.0198173623465370818408 -0.0374442100924724172173 0.999102198616426240285 2.99436337510865291378
15580 1403.578000 -0.307603416923344752387 -0.0231373928605233883382 -0.056716602368171012416 -0.0198178803559805293 -0.0374434245558331046944 0.99910221778140784199 2.9943693566859881372
15581 1403.587000 -0.307603333155876179639 -0.0231391844891361345149 -0.0567170050068092207463 -0.019818460708850658275 -0.0374425312454170489129 0.999102239747798770431 2.9943760533508321231
15582 1403.596000 -0.307603251774746788705 -0.0231409772319354847814 -0.0567174058301211370114 -0.019819041457612450452 -0.0374416443122939368582 0.999102261466208951823 2.99438274650268976274
15583 1403.605000 -0.307603160735633041067 -0.0231427576630967649085 -0.0567178092406456640928 -0.0198196612032717420226 -0.037440799136738339703 0.999102280845054369074 2.99438941136481551197
15584 1403.613000 -0.307603089841655297221 -0.023144352265367026944 -0.0567181649596666531687 -0.0198201674767778078523 -0.0374400062471087896609 0.999102300514521424191 2.99439537154320234436
15585 1403.622000 -0.307603000236979728932 -0.0231461296662737806007 -0.0567185656492877679491 -0.0198207772578174977463 -0.0374391583151226850501 0.999102320192257087328 2.99440201091434543557
15586 1403.631000 -0.307602918862458885041 -0.0231479187870101479896 -0.0567189676223110311737 -0.0198213476836484846222 -0.0374382685959530406294 0.999102342215521632696 2.99440871271362540895
15587 1403.640000 -0.307602938503169553996 -0.02314853328410116165 -0.0567192983483994425664 -0.019821897358830727065 -0.0374373600619185356586 0.999102365354366583894 2.99441150522566701397
15588 1403.648000 -0.307602761407620994838 -0.0231512860739827193435 -0.0567197180711040277457 -0.0198224600742148045207 -0.0374366502846796775361 0.999102380785907628891 2.99442130539059325756
15589 1403.656000 -0.307602784138831741867 -0.0231518394302729461909 -0.0567200112074409540375 -0.0198229206839455815437 -0.0374358150335490011407 0.999102402943928491474 2.99442380562986620873
15590 1403.656000 -0.307602693836305562947 -0.0231528764857239673092 -0.056720070423013906058 -0.0198229498441346782545 -0.0374358523088035993753 0.999102400968684634108 2.99442724579689789621
15591 1403.673000 -0.307602536901048606577 -0.0231562355119991208907 -0.0567208196441730261306 -0.019824052688739688538 -0.0374342295046202339082 0.99910243989112035301 2.99443981545947002232
15592 1403.673000 -0.307602536901048606577 -0.0231562355119991208907 -0.0567208196441730261306 -0.019824052688739688538 -0.0374342295046202339082 0.99910243989112035301 2.99443981545947002232
15593 1403.691000 -0.30760235027859045287 -0.0231591058313975819982 -0.0567212443708028368761 -0.019824613415514794057 -0.0374335231395597906046 0.99910245523083629493 2.99444999628724106699
15594 1403.699312 -0.307602384983498233773 -0.0231603177855051883816 -0.0567219018023948917673 -0.0198257136291765112546 -0.0374317209248388460541 0.99910250092155139523 2.99445551258306252862
15595 1403.708000 -0.307602216157926711126 -0.0231631263194623619739 -0.0567223541027623706645 -0.0198263106678263842375 -0.0374308917193928586409 0.999102520140147665195 2.99446558215185154594
15596 1403.717000 -0.307602115121172914325 -0.0231642854983740362207 -0.0567224205947785553583 -0.0198263437646550612359 -0.037430933423905209112 0.999102517920929411588 2.99446942747485689296
15597 1403.726000 -0.30760203580273498547 -0.0231660573127405074179 -0.0567228143950463808975 -0.0198269151514936167735 -0.0374300678211200305023 0.999102539011127555035 2.99447604351313056981
15598 1403.726000 -0.307602049101578844947 -0.0231666545512680399632 -0.0567231434078045645975 -0.01982747194799477225 -0.0374291716725009479538 0.999102561534130906296 2.99447876822437430988
15599 1403.744000 -0.307601867863751932131 -0.0231695769349235525247 -0.0567236020213705005588 -0.0198280795983756912004 -0.0374283531473051794825 0.999102580138856999348 2.99448920492433190432
15600 1403.753000 -0.307601810328458569188 -0.0231719492884420175116 -0.0567243204070296616615 -0.0198291859050883263749 -0.0374265814826602385978 0.999102624551083340343 2.99449855682717247518
15601 1403.762000 -0.30760172202435054345 -0.0231736985951702667563 -0.056724716611587899795 -0.0198297780528625226804 -0.037425732299580086182 0.999102644608757972655 2.9945051018871162718
15602 1403.771563 -0.307601742025620628063 -0.0231743039576686217507 -0.0567250418493131097764 -0.0198303196606091948484 -0.0374248336215000088067 0.999102667522492993157 2.99450785011615261411
15603 1403.780000 -0.307601651650684870809 -0.0231761922706357030577 -0.0567254411252343243577 -0.0198308920296094114144 -0.0374239762365466202554 0.999102688277814787732 2.99451486060564020519
15604 1403.789000 -0.307601482816035609602 -0.0231789722309368589892 -0.0567258924850319590227 -0.0198314935076595241781 -0.0374231524198394421843 0.999102707196921180355 2.99452481562182803998
15605 1403.798000 -0.307601394579484654912 -0.0231807152060429996765 -0.0567262881416965222825 -0.0198320853990083152685 -0.0374223068231963121311 0.999102727121068845406 2.99453133854746855746
15606 1403.806000 -0.307601326985916301293 -0.0231822790291828437215 -0.0567266347418021732452 -0.0198325875653548172606 -0.0374215429079716027649 0.999102745765844346693 2.9945371886068454792
15607 1403.815000 -0.307601226597691124187 -0.023183427149955811164 -0.0567267018899674652088 -0.0198326223575806606658 -0.0374215850214264580953 0.999102743497837564313 2.99454099776235915797
15608 1403.815000 -0.30760124647623726668 -0.0231840295540077581671 -0.0567270274793016116011 -0.0198331498599463341981 -0.0374206731382968268984 0.999102767180888973186 2.99454373637520809837
15609 1403.824000 -0.307601168478714437349 -0.0231857809423860750098 -0.0567274181642161146044 -0.0198337128277353419437 -0.0374198086804655438709 0.999102788382548734347 2.99455027858798894513
15610 1403.833000 -0.307601080786137404122 -0.0231875196050159507188 -0.0567278114184964765698 -0.0198343155111401006629 -0.037418984803851779164 0.999102807274833693008 2.99455678970127436855
15611 1403.841000 -0.307601012716473720676 -0.0231890766409352799826 -0.0567281582484161217561 -0.0198348075078169996943 -0.0374182098700661588953 0.999102826530506638036 2.9945626104801488232
15612 1403.850000 -0.307600926031566412888 -0.023190811235661006745 -0.0567285492330405899386 -0.0198354024124849440125 -0.0374173811424786603719 0.999102845756918545028 2.99456908988741021815
15613 1403.859000 -0.307600847228925555754 -0.0231925569710866585904 -0.0567289419153097496107 -0.0198359593306697591653 -0.0374165097574665483915 0.999102867333990563026 2.99457562855465253548
15614 1403.865000 -0.307600796295925738022 -0.0231937216468570128747 -0.0567291997012346477236 -0.0198363348668583010237 -0.0374159429439593835265 0.999102881105176310328 2.99457998044965956197
15615 1403.871000 -0.307600750136409528679 -0.0231947501566609828871 -0.0567294550045681078565 -0.019836718506687632535 -0.0374153737562443675091 0.999102894803917007671 2.99458388333846992069
15616 1403.876000 -0.307600693608322428574 -0.0231958409408389437667 -0.0567296761440551494671 -0.0198370498557277619156 -0.0374149245602441449243 0.999102905046908906783 2.99458790633287286198
15617 1403.882000 -0.307600635660784438308 -0.0231969929582968512061 -0.0567299377986474201441 -0.0198374399105384902064 -0.0374143629224647014664 0.999102918334693890223 2.99459221015732435234
15618 1403.894000 -0.307600519215277368179 -0.0231989137389061045313 -0.056730240657090133527 -0.0198378352444573483049 -0.0374138232235945097925 0.999102930695635271796 2.99459907734642882815
15619 1403.894000 -0.307600527817618485393 -0.0231993064434641467486 -0.0567304565790925086066 -0.0198382002338454745127 -0.037413233080991148416 0.999102945547609366805 2.99460086036614159255
15620 1403.899000 -0.307600489089268125387 -0.0232002786620825879327 -0.0567306709016157789671 -0.019838493167609536072 -0.0374127418091708963122 0.999102958127519036324 2.9946044985902506852
15621 1403.905000 -0.307600432491774822275 -0.0232014297122552087815 -0.0567309304578232226346 -0.0198388885314184429398 -0.0374121940108128117619 0.999102970789865652002 2.99460880364088843919
15622 1403.910000 -0.307600386384691282249 -0.0232023889814838533974 -0.0567311454164110134935 -0.0198392080594315747821 -0.037411727876324150921 0.999102981899705144819 2.99461238095258197589
15623 1403.916563 -0.307600335764179999565 -0.0232035480205147227883 -0.0567314054400164385905 -0.0198395706082061841491 -0.0374111444302529655426 0.999102996547653665615 2.99461672447806659392
15624 1403.923000 -0.307600273721480854672 -0.023204893301589184923 -0.056731706169759130165 -0.0198400105565272530384 -0.0374104873380115623971 0.999103012415761604359 2.99462175255120222062
15625 1403.932000 -0.307600196575617101935 -0.0232066242315098932025 -0.0567320926511091228051 -0.0198405665920408993963 -0.0374096316188401792346 0.999103033415197572253 2.99462821694526670768
15626 1403.941000 -0.307600109675128186026 -0.0232083421824077623663 -0.0567324817499941166932 -0.019841162655007491683 -0.0374088165573459030533 0.99910305209636729451 2.99463464947036772656
15627 1403.950000 -0.307600030685499681304 -0.0232100683735197016455 -0.05673286777530531233 -0.0198417281899135392043 -0.0374079741599780551953 0.999103072406287817664 2.99464110147315709654
15628 1403.968000 -0.307599962040428720478 -0.0232125151467697903029 -0.0567335815944256527388 -0.0198428058035679359683 -0.0374062276219565906232 0.99910311639636895098 2.99465066667273216439
15629 1403.977000 -0.307599886644372821909 -0.0232140998009314966644 -0.0567339612810264098952 -0.0198433957338257534186 -0.0374054086071043678796 0.999103135343236803401 2.99465665340250275506
15630 1403.987000 -0.307599696132698496864 -0.0232171319364225421655 -0.0567344577784276021815 -0.0198440681204430507956 -0.0374045249603665933003 0.999103155071047188684 2.99466751223316052233
15631 1403.996000 -0.307599618623195458778 -0.0232188513616615258006 -0.0567348425925533125791 -0.019844626267223195587 -0.0374036817453535092026 0.999103175553059053016 2.99467394691411481489
15632 1404.005000 -0.307599639299399874037 -0.023219446311537623312 -0.0567351603877511712071 -0.0198451505263319075145 -0.0374027971142504855884 0.999103198257626168299 2.99467663628168789813
15633 1404.014000 -0.307599454252503345941 -0.0232222717586011359603 -0.0567356154711724861017 -0.0198457673299463101257 -0.0374020107650685426637 0.999103215443637560078 2.9946867341677738672
15634 1404.023000 -0.307599375363388272131 -0.0232239845630861363457 -0.0567359994780219992205 -0.019846331176127475493 -0.0374011754469291898828 0.99910323551374591311 2.99469313833350225806
15635 1404.031000 -0.307599309180519697726 -0.0232255111432823624362 -0.0567363408505340283128 -0.0198468109802558446975 -0.0374004107367687174679 0.999103254609169599831 2.99469885121606527179
15636 1404.039000 -0.307599236456439717458 -0.0232270270555751251473 -0.0567366845685410708944 -0.0198473160096530459873 -0.0373996671406576150498 0.999103272412307008565 2.99470452252470709098
15637 1404.049000 -0.307599146506222331787 -0.0232288585870148375778 -0.0567370753609676148344 -0.0198478830974205058824 -0.0373988392619881496182 0.999103292136707454851 2.99471131903969922661
15638 1404.057000 -0.307599079736217584369 -0.0232304426377611394905 -0.0567374504067971602295 -0.0198484376526687489317 -0.0373979985740471726485 0.999103312588544900663 2.99471729171578981976
15639 1404.066000 -0.307598994446819706816 -0.0232321370415359829131 -0.0567378341606939451403 -0.019849022238375813032 -0.0373971875717724819288 0.999103331331600674758 2.99472362048325591033
15640 1404.075000 -0.307598916993212900817 -0.0232338425594127151452 -0.0567382196846342654051 -0.0198495690761484426534 -0.0373963339681145090498 0.999103352418175161276 2.99473000854402693349
15641 1404.084000 -0.307598838129733764823 -0.0232355438197232935793 -0.0567386017620294669239 -0.019850130159535062796 -0.0373955039683710188658 0.999103372337217576771 2.99473636951568034092
15642 1404.093000 -0.307598760674665572257 -0.0232372448876507799176 -0.0567389830977599943229 -0.0198506869658347656626 -0.0373946712724202087741 0.999103392441148763226 2.99474272770368754593
15643 1404.102000 -0.307598773450656781669 -0.0232378208784819288713 -0.0567392982196175260645 -0.0198512323217008117282 -0.0373938206579441101418 0.999103413442227861196 2.99474534179856100025
15644 1404.110000 -0.307598602615554106432 -0.0232404362366330566325 -0.0567397072165948188061 -0.0198517727113881881085 -0.0373931270124164480406 0.999103428666145987336 2.99475465881529556711
15645 1404.120000 -0.307598519677901083291 -0.0232423260831665298709 -0.0567401308113587993232 -0.0198523740788782952771 -0.0373921857268017035492 0.999103451945795528744 2.99476173060550854288
15646 1404.129000 -0.307598442436111840781 -0.0232440205228946830673 -0.0567405109505807192516 -0.0198529291912333018255 -0.0373913560857920684866 0.999103471965038014702 2.99476806410561691152
15647 1404.138000 -0.307598357567627489484 -0.0232457016717162179287 -0.0567408923030026865475 -0.019853510294119507823 -0.0373905511309867294445 0.999103490542957772824 2.99477434333352077189
15648 1404.146000 -0.307598284799496690667 -0.023247199459766505758 -0.0567412328468600082876 -0.0198540118835666204444 -0.0373898175874285004783 0.99910350802752478927 2.99477994913532175048
15649 1404.156000 -0.307598196004623014588 -0.0232490107864834275042 -0.0567416194613184904361 -0.0198545728354074663136 -0.0373889968877492429034 0.999103527593237727977 2.99478666941088045306
15650 1404.165000 -0.307598222142109301025 -0.0232496669623719204312 -0.0567419678915873360037 -0.0198551287703781671745 -0.0373880124863607068986 0.999103553383647757791 2.99478964377968015498
15651 1404.174000 -0.307598137717239261679 -0.0232513418804935201312 -0.0567423470322600057014 -0.0198557068954296686569 -0.0373872086007292839249 0.999103571976763804585 2.99479589874596463517
15652 1404.183000 -0.3075979631658063429 -0.0232541297316079739743 -0.0567427940626215876474 -0.0198562975944010858265 -0.0373864252496953486382 0.999103589550598747415 2.99480586878638410653
15653 1404.192000 -0.307597983252813622634 -0.0232547137777095666578 -0.0567431061118933710574 -0.0198568121191065941056 -0.037385556168223289808 0.999103611845367778344 2.99480850742061965875
15654 1404.201000 -0.307597898107307976545 -0.0232563826370926901577 -0.0567434874180852699688 -0.0198573830999896304428 -0.0373847415063977006611 0.999103630980750723189 2.99481475228640547925
15655 1404.201000 -0.307597801050264130218 -0.023257482561026818213 -0.0567435549845913406175 -0.0198574214086225699083 -0.037384784456528132035 0.999103628612237226747 2.99481840315073633008
15656 1404.211000 -0.307597712689574698253 -0.0232592834884191163036 -0.0567439398947249123983 -0.0198579800663738585687 -0.0373839681290443273665 0.999103648053899395798 2.99482508495857668862
15657 1404.229000 -0.3075975578873031413 -0.0232626978735082437511 -0.0567447312290651068034 -0.0198591469269800702246 -0.0373822315464080456859 0.999103689838018449443 2.99483790107671810077
15658 1404.238000 -0.307597481451641341366 -0.0232643741394085168395 -0.0567451115452540510997 -0.0198596864967402475521 -0.0373813913115559892653 0.999103710550543255842 2.99484418002234287215
15659 1404.247000 -0.307597404781171201993 -0.0232660468190261891797 -0.0567454859426444746529 -0.019860246268025936317 -0.0373805863242615693531 0.999103729541746643505 2.99485042378890042869
15660 1404.256000 -0.307597319445096994972 -0.0232677065955230327754 -0.0567458666957220969618 -0.0198608163689590992707 -0.0373797782082407742399 0.99910374844370453129 2.99485663632292942182
15661 1404.265000 -0.307597242039655605073 -0.0232693759432345201321 -0.0567462429646096583324 -0.0198613690776786172565 -0.0373789623878038115845 0.999103767978667622884 2.99486287771086834297
15662 1404.274000 -0.307597166262949472948 -0.0232710456334625920283 -0.0567466189423551994886 -0.0198619145385236402224 -0.0373781416180316086728 0.999103787841907231559 2.99486912614218514506
15663 1404.283000 -0.307597070267512318065 -0.0232721337607539151271 -0.0567466854360547806602 -0.019861952208238279477 -0.0373781820512802884227 0.999103785580366388075 2.99487273672005338554
