30068 739.222000 32.1885961503893227587 -0.0735686532146944544008 3.23453458836914853336
30069 739.229000 32.1883621074507573212 -0.073193974689099244868 3.23351863416196350087
30070 739.236000 32.1881462898969061825 -0.0728995678710752381679 3.23269020484304236973
30071 739.243000 32.1879472249737901279 -0.0726824193724854711318 3.23207072989643018346
30072 739.251000 32.1877388792569547604 -0.0725180757064916858834 3.23162474861266346693
30073 739.257000 32.1875953937579737385 -0.0724437763129535949869 3.23146590349810125531
30074 739.265000 32.1874205289788761775 -0.0723951468161599109852 3.23146369236177966044
30075 739.272000 32.1872826158588125622 -0.0723870652861458019345 3.23162712561430076619
30076 739.280000 32.1871419606417106252 -0.07240312461256120935 3.23195677654153623592
30077 739.288000 32.1870190662918957969 -0.072434169758672811712 3.2323860556068049199
30078 739.295000 32.1869256883692926863 -0.072466414553625402295 3.23280071323453288556
30079 739.303000 32.1868343712668973922 -0.0725037672891684220611 3.23327460618382200863
30080 739.310000 32.1867669743109843239 -0.0725344863818109808484 3.23365751827645864225
30081 739.318000 32.1867026592885494551 -0.0725663645345314411994 3.23402946525467349659
30082 739.325000 32.1866558377612221875 -0.0725917126584771782438 3.2342808411434651461
30083 739.332000 32.18661602114105591 -0.0726155343125050867226 3.23445492671690049136
30084 739.339000 32.1865812945177580673 -0.072638868428618538764 3.23455061817833700033
30085 739.345000 32.1865540657174804551 -0.0726592440832477121093 3.23457359960065549132
30086 739.352000 32.1865234987108195241 -0.0726841581963349470108 3.23453949873108692614
30087 739.359000 32.1864924240608658579 -0.0727107518994863644135 3.23445166316063215106
30088 739.366000 32.1864591380072724291 -0.0727391131073044650002 3.23432476569650573239
30089 739.373000 32.1864222061856182222 -0.0727689255817663971371 3.23417449337626106143
30090 739.379000 32.1863868013830796144 -0.0727951271653740350498 3.23403883169850026036
30091 739.387000 32.186333353956307235 -0.0728298986147460081231 3.2338643443106813713
30092 739.393000 32.1862882756561958786 -0.0728549231327740159925 3.23374818620123649637
30093 739.400000 32.1862302567808171716 -0.0728818478644944478528 3.23363739809604222586
30094 739.407000 32.1861667056379516794 -0.0729052041338582590413 3.23355927912024165849
30095 739.414000 32.1860982433124576119 -0.0729239516936899812016 3.23351703062700224223
30096 739.421000 32.1860257373009872595 -0.0729372825356245785278 3.23351072197348443638
30097 739.427000 32.1859611605948217061 -0.0729440026912408223669 3.23353191477902113249
30098 739.434000 32.1858840035816058389 -0.0729461778254643783415 3.23358333948008880299
30099 739.441000 32.1858060209624383674 -0.0729423822910448133028 3.23365724065581483515
30100 739.447000 32.1857394058966974626 -0.072934713133125370077 3.23373268481515285799
30101 739.455000 32.1856521506512649466 -0.072918986220830400713 3.23384138618600225357
30102 739.462000 32.1855769580907988825 -0.07290192551885930905 3.23393492236216628655
30103 739.468000 32.1855152546044038786 -0.0728839328186445672975 3.23400960000095638591
30104 739.475000 32.1854465771703104338 -0.0728617140322721512646 3.23408370351955110067
30105 739.482000 32.1853824773375833956 -0.0728390385196214795727 3.2341395900778855399
30106 739.489000 32.1853227210421408699 -0.0728172576225522699689 3.23417407301242487705
30107 739.496000 32.1852674932577969003 -0.0727972246808322454026 3.23418609800008027833
30108 739.504000 32.1852092452993332472 -0.0727774465767559580742 3.23417295137281968209
30109 739.510000 32.1851686783702390926 -0.0727652756456594884682 3.23414607172925272494
30110 739.517000 32.1851241940023271582 -0.0727542003177405888215 3.23409936889503368818
30111 739.524000 32.1850823526252796114 -0.0727466975785536346111 3.23404017385247533056
30112 739.531000 32.1850423119616522172 -0.0727424557278367328594 3.23397327439007797878
30113 739.538000 32.1850036273765169881 -0.0727413370611086074202 3.23390361433282924608
30114 739.545000 32.1849654831039089231 -0.0727427020637814725212 3.2338360022016616746
30115 739.552000 32.1849275260226761475 -0.0727461717226394882774 3.23377473880704124909
30116 739.560000 32.1848835980042053961 -0.0727517730131627821111 3.2337170740765106558
30117 739.566000 32.1848499973289179366 -0.0727566312386854069372 3.23368473437299241979
30118 739.572000 32.184815657894546348 -0.0727616504986939860444 3.23366291167865105294
30119 739.579000 32.1847744923330552069 -0.0727672393505513770418 3.23365130521916821493
30120 739.586000 32.1847322580996859642 -0.0727722790145561293507 3.23365435035036030698
30121 739.593000 32.1846888191235080967 -0.0727762791298861427824 3.23367092306715475658
30122 739.598000 32.1846572835399413748 -0.0727785174496705516978 3.23369000271582551775
30123 739.603000 32.1846252425261241115 -0.0727800441885869675573 3.23371414956808367336
30124 739.607000 32.1845994217991346886 -0.072780846896672135582 3.23373644158822903805
30125 739.614000 32.1845539745869331227 -0.0727813537879819505427 3.2337800689427593781
30126 739.621000 32.1845083040334429825 -0.0727806723888476531092 3.2338270045911894357
30127 739.627000 32.1844693494398796929 -0.0727793807002501957903 3.23386761296006097766
30128 739.634000 32.1844242494722934111 -0.0727772396766868251428 3.23391294554247066273
30129 739.641000 32.1843801689344743977 -0.0727745200086018090291 3.23395395153930165222
30130 739.647000 32.1843430857136354462 -0.0727719625533855551947 3.23398405344836170627
30131 739.655000 32.184295042384114538 -0.0727684551673476870404 3.23401538740069538491
30132 739.662000 32.1842544399890400086 -0.0727654847120680348116 3.23403363921464448438
30133 739.669000 32.1842153249569022933 -0.0727626599039034732685 3.23404315662260799513
30134 739.676000 32.1841778125597457461 -0.0727602303813849465852 3.234044179592348911
30135 739.683000 32.184141675920329817 -0.0727580242774134577921 3.23403751853327081633
30136 739.691000 32.1841021582207105212 -0.0727560025985921621228 3.23402192592297588192
30137 739.698000 32.1840689244102406974 -0.0727542548379947195958 3.23400305991491165969
30138 739.705000 32.184036889978806073 -0.072752773640295781421 3.23398084810835539926
30139 739.712000 32.1840057232118468278 -0.0727512087706507354357 3.23395696891040929088
30140 739.719000 32.1839754421837653808 -0.0727496263089760786258 3.23393295575798278563
30141 739.725000 32.183949942026558233 -0.0727480702219875097203 3.23391334466859836638
30142 739.733000 32.1839164795851999656 -0.0727456720418761387803 3.23388994572891297352
30143 739.739000 32.1838916749559658115 -0.0727435872933679672503 3.23387522096039203845
30144 739.746000 32.1838628989653443568 -0.0727407798392257498588 3.23386171439917280424
30145 739.753000 32.1838343735445207017 -0.0727377161334923916236 3.23385249360169790833
30146 739.760000 32.1838058456289246578 -0.0727342605138571879353 3.23384766257994282768
30147 739.768000 32.1837733918879180806 -0.0727300831545605597217 3.23384727633882729236
30148 739.774000 32.1837491227133583038 -0.0727268349760450127928 3.23385024907799989435
30149 739.781000 32.1837209660744392181 -0.0727230649148151164773 3.2338567289289699147
30150 739.788000 32.1836928758595490763 -0.0727192864232324293061 3.23386582308123537999
30151 739.796000 32.183661121083950718 -0.0727152572652652873231 3.23387846029554104632
30152 739.803000 32.1836337275983197515 -0.0727120930716624452872 3.23389064302944673202
30153 739.809000 32.1836105232491362926 -0.0727096399877474874884 3.23390135930943323217
30154 739.816000 32.1835837811446694445 -0.0727072071268169972669 3.23391355864669938214
30155 739.823000 32.1835577342263903233 -0.0727050975389909731605 3.23392505552360542964
30156 739.830000 32.1835323204543755082 -0.0727035680876466361422 3.233935264599264503
30157 739.837000 32.1835074530372224899 -0.0727023713655775283282 3.23394392569529598447
30158 739.844000 32.1834833687568107052 -0.0727016277782534386942 3.23395082950463796934
30159 739.851000 32.1834598852978217565 -0.0727010827281752286533 3.23395592250400065737
30160 739.857000 32.1834403664718067262 -0.0727009166017993369024 3.23395880731483043036
30161 739.864000 32.1834182039601799374 -0.0727005848937620491323 3.23396072852791860441
30162 739.871000 32.1833967767670472426 -0.0727004139678528032986 3.2339611075542129548
30163 739.878000 32.1833758809076186935 -0.0727000635206488943219 3.23396023850219993534
30164 739.885000 32.1833556602096066968 -0.0726996191702396765688 3.23395837082715953414
30165 739.892000 32.1833358642803304406 -0.0726988264407504303222 3.23395580487777545287
30166 739.899000 32.1833166411461562006 -0.0726978058995284559529 3.23395280189676981308
30167 739.905000 32.1833004586335462704 -0.0726966128111285608826 3.23395008579141496341
30168 739.911000 32.1832845553751667467 -0.072695150288323601151 3.23394738884857124717
30169 739.918000 32.1832662683217947119 -0.0726930625990491324773 3.23394443596481284686
30170 739.924000 32.1832508817995304184 -0.072691038938004395864 3.23394217925093929722
30171 739.930000 32.1832357025079645041 -0.0726887900035640133201 3.2339402600701490087
30172 739.937000 32.1832182883223580916 -0.0726859709428907541096 3.23393851334076387616
30173 739.943000 32.1832035206356863455 -0.0726833568677453800699 3.23393747937805908776
30174 739.950000 32.1831864741872308855 -0.0726801388717777663295 3.23393682650229186137
30175 739.957000 32.1831697829642919828 -0.0726769464670620063407 3.23393674321073998357
30176 739.964000 32.1831532592270193049 -0.0726736739087551625316 3.2339372074168180049
30177 739.971000 32.1831371208897252245 -0.0726705656820244849659 3.2339381463951322182
30178 739.978000 32.1831211902185287954 -0.0726675017435763070939 3.23393950760597315153
30179 739.985000 32.1831056914633961696 -0.0726647059400348793723 3.23394119955185610493
30180 739.993000 32.1830881585065142758 -0.0726616855763562857762 3.23394343459241229155
30181 740.000000 32.1830734361551122902 -0.0726593436436674539047 3.23394555979543874003
30182 740.007000 32.1830592214594162215 -0.072657204538767339308 3.2339478832685446541
30183 740.013000 32.1830472769751665396 -0.0726555494222317493902 3.23394988191653665055
30184 740.021000 32.183031823454342657 -0.0726535799440987950515 3.23395253729003950838
30185 740.028000 32.1830187140369261556 -0.0726519957965774815234 3.23395480686200542664
30186 740.036000 32.1830043199153053024 -0.0726503922354592990285 3.23395728579314312157
30187 740.043000 32.182992234257071118 -0.0726491210142655441384 3.23395932504862537726
30188 740.050000 32.1829806246204910281 -0.0726478930086168067648 3.23396123109805078144
30189 740.057000 32.1829691441987080225 -0.0726465635971141610039 3.23396294300804632016
30190 740.065000 32.1829567150004649534 -0.0726449996556313010165 3.23396480233700600593
30191 740.072000 32.182946160974111649 -0.0726435271242568819661 3.23396624635493656896
30192 740.079000 32.1829360348659889723 -0.0726420428712916815828 3.23396752445070845283
30193 740.086000 32.1829261184476251856 -0.0726403507882122517758 3.23396866350586087435
30194 740.093000 32.1829165928802396479 -0.0726386202437283023947 3.23396965934770941331
30195 740.100000 32.1829072403624039111 -0.0726366730798580911843 3.23397054123954541538
30196 740.107000 32.1828982451715006619 -0.0726346942365945907882 3.23397130812481448103
30197 740.114000 32.1828893946808634041 -0.0726325192171763389659 3.23397199293060255698
30198 740.120000 32.1828820389772474186 -0.0726306213589772431405 3.23397251854057099507
30199 740.128000 32.1828724940599784077 -0.0726280125300677731337 3.23397315816970953861
30200 740.132000 32.1828678330544946107 -0.072626684284073025899 3.23397346002994590108
30201 740.136000 32.1828632463366872685 -0.0726253460560728064666 3.23397375483021587428
30202 740.143000 32.1828554496668175489 -0.0726230376498398777496 3.23397426058609305244
30203 740.151000 32.1828467678287353237 -0.0726203558788017788928 3.23397485428115238904
30204 740.159000 32.1828387021415522895 -0.0726178264468675949139 3.23397547563314446961
30205 740.168000 32.1828293152498119412 -0.07261474142042587121 3.23397625286798895416
30206 740.176000 32.1828216577311962965 -0.0726122298362887885759 3.23397704537000496572
30207 740.184000 32.1828143633396095424 -0.0726098105818221012386 3.23397792583629106744
30208 740.193000 32.1828066362191620442 -0.0726072390737448059017 3.23397902198118059047
30209 740.201000 32.1828001166734978256 -0.0726049991974223873914 3.2339801029955355105
30210 740.210000 32.1827931834183758042 -0.0726025149041237966019 3.23398143413680205782
30211 740.218000 32.1827874678952525755 -0.0726003997112953242121 3.23398270217255578984
30212 740.227000 32.1827818396301665871 -0.0725982190560359452736 3.23398419832700367849
30213 740.235000 32.1827766089611841949 -0.072596020643510797421 3.23398558210863829032
30214 740.244000 32.1827714411951220086 -0.0725936312101792408091 3.23398721975649916516
30215 740.253000 32.1827668255797618713 -0.0725913178230958994197 3.23398885833292881742
30216 740.261000 32.1827630198234970749 -0.072589192257537168973 3.23399030650751395655
30217 740.269000 32.1827595218181130576 -0.0725870297531690383819 3.2339917311240609088
30218 740.277000 32.1827563180228892747 -0.0725848260999039790464 3.23399311975525272089
30219 740.285000 32.1827533949078983255 -0.0725825809730201026992 3.2339944626438086317
30220 740.292000 32.1827510076128717742 -0.0725805403968186879649 3.2339955992015894104
30221 740.300000 32.1827485785426503639 -0.0725782280523975115161 3.23399684248209373649
30222 740.308000 32.1827465509820456191 -0.0725759892788370025718 3.23399798377136926675
30223 740.316000 32.1827444521482561868 -0.0725735175481187350099 3.23399915530227488603
30224 740.324000 32.182742757726941818 -0.0725711459307278455855 3.23400026602255286079
30225 740.331000 32.1827415290460905339 -0.072569122414614620209 3.23400120109575661687
30226 740.339000 32.182740285066422814 -0.0725667698722060466876 3.23400224036586569909
30227 740.346000 32.1827393399297392307 -0.0725646796701406998631 3.2340031346539261925
30228 740.354000 32.1827385423110570173 -0.0725623591739833206926 3.23400413927644647671
30229 740.361000 32.1827380950718335839 -0.0725603899086676301655 3.23400500970836235481
30230 740.369000 32.1827377599684467668 -0.0725581080595573968406 3.23400601103348739329
30231 740.376000 32.1827376234928763665 -0.0725560833878087230175 3.23400689822794440431
30232 740.384000 32.1827379216295739184 -0.0725539339962314178134 3.23400791657890884778
30233 740.392000 32.1827381435129069587 -0.0725516010664970095734 3.23400893013288470712
30234 740.400000 32.1827387965811837489 -0.0725493601219662082036 3.23401002036240070581
30235 740.407000 32.1827396404481476111 -0.0725474642868543379004 3.234010978415341242
30236 740.414000 32.1827405725643984624 -0.072545485189502684209 3.2340119549882193617
30237 740.422000 32.1827419249133512835 -0.0725432748824663548026 3.23401308310445179117
30238 740.430000 32.1827435206589527183 -0.0725410602260596615309 3.23401422831725948726
30239 740.438000 32.182745355527565323 -0.0725388371079526278473 3.23401538790281595226
30240 740.446000 32.182747423651036911 -0.0725366027626911241688 3.23401655855700820297
30241 740.454000 32.1827499223580488774 -0.0725344785221260224262 3.23401772460524794539
30242 740.462000 32.18275207140363392 -0.072532169004072957752 3.23401882849491562055
30243 740.469000 32.1827546322006696755 -0.0725301350068361799783 3.23401994073117249329
30244 740.476000 32.1827571272466883556 -0.0725280885798899183081 3.23402099393618236434
30245 740.484000 32.1827602191163535394 -0.0725258008810017451573 3.23402218900889204534
30246 740.492000 32.1827634994757758591 -0.0725235113751005050498 3.23402337273190720879
30247 740.499000 32.1827665725618530246 -0.0725215517296650680201 3.2340243971940658696
30248 740.507000 32.1827702003947351272 -0.0725192618596030430522 3.23402556370127269858
30249 740.515000 32.1827740107002640002 -0.0725169741422930919095 3.23402671985529055476
30250 740.523000 32.1827780017656124301 -0.0725146902079603222768 3.23402786524941543433
30251 740.531000 32.1827821723401044096 -0.0725124114619519199998 3.23402900009575233753
30252 740.539000 32.1827864759665089878 -0.0725102253291667192547 3.23403003988452120154
30253 740.546000 32.1827904118265379907 -0.0725080943398208055406 3.23403109071001759744
30254 740.554000 32.1827950967656732928 -0.0725058258777415698404 3.2340322165350294803
30255 740.563000 32.1828006404132977991 -0.0725033351621142962973 3.23403346735100560849
30256 740.570000 32.1828050136810759341 -0.0725013265651434229975 3.23403443747071639436
30257 740.578000 32.1828102320233497835 -0.0724990869745111288225 3.23403553596153203742
30258 740.585000 32.1828149918500443505 -0.0724971741603770425399 3.23403648968342238845
30259 740.592000 32.1828197859982765294 -0.0724951729772027875232 3.23403744927646341623
30260 740.600000 32.1828254857508326836 -0.0724929354303186085362 3.23403853993441314785
30261 740.608000 32.1828315625138756673 -0.0724908176470428489147 3.23403961826153008019
30262 740.615000 32.1828366413475563945 -0.0724888619031556769023 3.23404049703479401501
30263 740.623000 32.1828428535773412023 -0.0724865079953476987296 3.2340416651863219677
30264 740.631000 32.1828492236414120953 -0.0724842462203210552429 3.2340427794372188508
30265 740.639000 32.1828557510859525337 -0.0724819868490813173922 3.23404389557848492842
30266 740.647000 32.182862430146258248 -0.0724797258557586948635 3.23404501135141719814
30267 740.654000 32.1828683482049626718 -0.0724777007721154609143 3.23404599428291072982
30268 740.662000 32.1828753088376871005 -0.0724754342064610340701 3.23404711621828244716
30269 740.670000 32.1828824164058318047 -0.072473164641212756143 3.23404824106403943063
30270 740.677000 32.1828888037962954627 -0.0724712211954873092301 3.23404922316645127012
30271 740.684000 32.1828954037399199706 -0.0724693104199615467653 3.23405020232046380713
30272 740.691000 32.1829017563394472745 -0.0724673289326647762643 3.2340511138585301687
