3300 1295.319000 -0.315778923797147503816 0.030634342581068639555 -0.0545280709049579814796 -0.0338361357867362350094 -0.0617748061713212504031 0.997516410510382200982 2.93795240704345239635
3301 1295.327000 -0.31578435620160461017 0.0306183325647121709623 -0.0545299853277998458623 -0.0338361921671391438493 -0.0617510497549336456746 0.99751787951584702796 2.93799115477819006159
3302 1295.335000 -0.315789291131450766681 0.0306040638440685311417 -0.05453185468611895792 -0.0338345515207360073018 -0.0617329561298076701092 0.997519055081588890133 2.93802694849052548065
3303 1295.344000 -0.315795694122375403268 0.0305864525283270384526 -0.0545342770614146432617 -0.033830105930764964306 -0.0617137267696591593213 0.997520395711743335099 2.93807234501739511501
3304 1295.353000 -0.315802694440803999321 0.030568251329355422552 -0.0545366098892640371876 -0.0338224001709694008233 -0.0616969027369097047786 0.997521697728599221477 2.93812044837448471668
3305 1295.363000 -0.31580864449167217467 0.0305532435365622190293 -0.0545385372157092401801 -0.033814274012434579475 -0.0616869106600632655102 0.997522591185898699351 2.9381618650581606822
3306 1295.372000 -0.315814064419931095351 0.0305402903134479458691 -0.0545398661461563571962 -0.0338054702587448629991 -0.0616796690312889153707 0.997523337375510132929 2.93819807998565440954
3307 1295.381000 -0.31581879149846703303 0.0305294486273924789432 -0.054540679970734064208 -0.0337969336112919557791 -0.0616749960956917281374 0.997523915570484143167 2.93822886344644240708
3308 1295.389000 -0.315822719832776543925 0.030520888160495578123 -0.0545409329568036504998 -0.0337891863643859022281 -0.0616717188543553784807 0.997524380643592278872 2.93825309684158364476
3309 1295.399000 -0.315825824020888989985 0.030514142256099524575 -0.0545408832338084986757 -0.0337828539229424323898 -0.0616706276736908309832 0.997524662583915255887 2.9382726910187675351
3310 1295.408000 -0.315828117731016932979 0.0305093693064362077305 -0.0545404332586622714318 -0.0337778954322602853466 -0.0616697617522988725258 0.997524884033266667771 2.93828617419577087233
3311 1295.416000 -0.315829664724862457792 0.0305062833715733922046 -0.0545397922265600521019 -0.0337744894600999698286 -0.061669005130951991267 0.997525046135618653764 2.93829445488156659749
3312 1295.426000 -0.315830643055375115402 0.0305040850330737939311 -0.0545390113666396891823 -0.0337723888159989632518 -0.0616684363851508626775 0.997525152418459737369 2.93830017352385874929
3313 1295.435000 -0.315831138048559667553 0.0305028125184921353186 -0.0545382924960691947702 -0.033771623194047979688 -0.061667349348267223863 0.997525245540782146136 2.93830293624732830082
3314 1295.443000 -0.315831299805885756804 0.0305020894037774104035 -0.0545377642600182038768 -0.0337720182479643860063 -0.0616657878463069755726 0.997525328697348778739 2.93830403290267883065
3315 1295.453000 -0.315831345400869101248 0.0305010852119064652943 -0.054537377151824807664 -0.0337730810258454541839 -0.0616633665751563087021 0.997525442392643624245 2.9383059598593415096
3316 1295.462000 -0.315831341213563765447 0.0304999736005969399044 -0.0545373158754535736215 -0.0337747996987328158447 -0.0616603227552201191286 0.997525572355432155192 2.93830832557351673273
3317 1295.471000 -0.315831424686003670033 0.0304983197138890306521 -0.0545375942444527028741 -0.0337770500981011204122 -0.0616562990647627068297 0.99752574486692180411 2.93831244580195916072
3318 1295.480000 -0.315831671856942441945 0.0304961343817976189563 -0.0545380584340607182936 -0.0337788208879957960185 -0.0616523108324730367835 0.997525931406513799438 2.93831845269022950973
3319 1295.488000 -0.315832081848069823327 0.0304935667428352270847 -0.0545386979218438067152 -0.0337804001919965180001 -0.0616481366312113671091 0.997526135904602817561 2.93832585573633719989
3320 1295.496000 -0.315832769947205382888 0.0304902101783121916301 -0.0545395247378835171248 -0.0337816890331639960166 -0.0616432937406670711233 0.997526391542032597748 2.93833586814610203675
3321 1295.505000 -0.315833719911811527936 0.0304860971188566573509 -0.0545404499778704074386 -0.0337823694766568385917 -0.0616382729866284187481 0.997526678748878570246 2.93834842496014303492
3322 1295.513000 -0.315834757750798056364 0.030482056076247952825 -0.0545412605700640665263 -0.0337823508650572368328 -0.061633916382319686722 0.99752694856901358289 2.93836098639407117261
3323 1295.522000 -0.315835958793266202704 0.0304776146570327581553 -0.054542032730268120988 -0.0337817525335601179237 -0.0616297748651952886911 0.997527224714106042214 2.93837499189512252329
3324 1295.531000 -0.315837663478158559016 0.030472140859374288735 -0.0545427577614010505869 -0.0337801744543576934476 -0.0616251704838721506285 0.997527562615022067583 2.93839297984656910856
3325 1295.540000 -0.315839267331436301944 0.0304671931462892550679 -0.0545432233842530339585 -0.0337780035494020663966 -0.0616214495164868342192 0.99752786599458154182 2.93840900803279181375
3326 1295.548000 -0.315840528596491809665 0.0304633702566288223912 -0.054543439584688033217 -0.0337759573219787029297 -0.0616189863606501977977 0.997528087437576926888 2.9384214827305625839
3327 1295.557000 -0.315842087004694183072 0.0304589988102206971066 -0.0545435010564988276283 -0.0337730427453826476114 -0.0616162615834938004467 0.997528354430185060231 2.93843585945582708163
3328 1295.566000 -0.315843548846902577587 0.0304550803612476730931 -0.0545433708293199259742 -0.0337700200957197493867 -0.0616140517132032633496 0.997528593261475027276 2.93844887320927350416
3329 1295.574000 -0.315844859146573675446 0.0304518012646476793348 -0.0545431104419931700455 -0.0337671250581565371429 -0.0616121877164857029152 0.997528806396133727041 2.9384599133700675111
3330 1295.582000 -0.31584579279199764823 0.0304493408263517006951 -0.0545428176987786325625 -0.0337649893666655057101 -0.0616110932522026810698 0.997528946287443485375 2.93846826445422992791
3331 1295.590000 -0.315846791770266643873 0.0304469361286732013994 -0.0545424428747083231417 -0.0337626943444300636754 -0.0616097499585261595967 0.997529106934054499156 2.9384764791148323404
3332 1295.599000 -0.315847632170317305089 0.030444789198716470241 -0.0545420705522676046995 -0.0337608345974934401235 -0.0616085661830477263057 0.997529242989973585765 2.93848391065683678391
3333 1295.608000 -0.315848246404599297676 0.0304430212411215157797 -0.0545417919779236440303 -0.0337596206112853944314 -0.0616075739368878300128 0.997529345357715757636 2.93849000031580587233
3334 1295.617000 -0.315848785296228340425 0.0304413890179440586869 -0.0545415972604660001521 -0.0337587947115904618567 -0.0616062953904442101027 0.997529452270902172728 2.93849567993233229402
3335 1295.625000 -0.315849159550997959922 0.0304400448241719245868 -0.0545415379663874433369 -0.0337584937325677778008 -0.0616050436465115439089 0.99752953976221647725 2.93850030633977699068
3336 1295.633000 -0.31584949688588481731 0.0304386753011190377971 -0.0545415951618346966923 -0.0337585319584370047163 -0.0616034066885611797382 0.997529639561840264506 2.93850506196384575475
3337 1295.642000 -0.315849774622178558481 0.0304371333002487962083 -0.0545417951028793757118 -0.0337588635253490074173 -0.0616017968330218254613 0.997529727757734518967 2.93851029079475756234
3338 1295.651000 -0.315850073065290559704 0.0304354032040712457752 -0.0545421211707706049543 -0.0337593963289954390739 -0.0615997384106376499879 0.997529836840604477999 2.93851621270147100873
3339 1295.660000 -0.315850394287944535865 0.0304334721411335870633 -0.054542544571964779454 -0.0337600029635391415961 -0.061597487077507666331 0.997529955332489226549 2.93852279896047097196
3340 1295.669000 -0.315850773061149614485 0.0304313008646699238724 -0.0545430302569871044982 -0.0337605479741563893614 -0.0615950719484359698885 0.99753008601853798698 2.93853023449335726269
3341 1295.678000 -0.315851229534146460409 0.0304288896593802211943 -0.0545435377490301187553 -0.0337609286902302366262 -0.0615925555088588719266 0.997530228514335037815 2.93853851807879440372
3342 1295.687000 -0.315851724655550447629 0.0304263957353257639971 -0.0545440030317811963556 -0.0337610777787994489896 -0.0615902543943802199822 0.997530365548262021314 2.93854712882200042046
3343 1295.696000 -0.315852421620982315442 0.030423417343700884935 -0.0545444821673728083566 -0.0337608946192180583989 -0.0615874078537971061942 0.997530547496346065017 2.93855756349892871526
3344 1295.705000 -0.315853150975956398216 0.0304204500885217159201 -0.0545448616918763617978 -0.0337604246600798144073 -0.0615849019344682710453 0.997530718113729619745 2.93856797282144022176
3345 1295.713000 -0.315853865988492077399 0.0304177358882109297178 -0.0545451292953747710057 -0.0337597491803686838852 -0.0615827357541040773525 0.997530874706301418087 2.93857759121446804329
3346 1295.722000 -0.315854806435193480318 0.0304144732415672185144 -0.0545453618841020976271 -0.033758638276228124242 -0.0615801607285576743656 0.997531071268649704997 2.93858925386288660775
3347 1295.732000 -0.315855717372590438785 0.0304112731061941254929 -0.0545454881083574510958 -0.0337574102136109985284 -0.0615779979180329714583 0.997531246341725963411 2.93860064924554409416
3348 1295.741000 -0.315856630363000268069 0.0304082976088632973843 -0.0545455377778979594305 -0.0337560608234205652978 -0.0615759436910522164887 0.997531418811578918238 2.93861134728976791664
3349 1295.750000 -0.315857531133146518521 0.0304054368743068674508 -0.0545455327550979432449 -0.0337546615201715569099 -0.061574003097160677489 0.997531585950163890431 2.93862166123428858455
3350 1295.759000 -0.315858403605668414116 0.030402707957636294217 -0.0545454937388852867386 -0.033753284059459841282 -0.061572159395383414815 0.997531746363287896706 2.93863149278640101159
3351 1295.766000 -0.315859209860732959019 0.030400402403110177163 -0.0545454470243490405212 -0.0337520077004227064821 -0.0615703086519204384475 0.997531903784885431996 2.93863993541104084883
3352 1295.771000 -0.315859649564967481794 0.0303990216671217762523 -0.0545454181574698479529 -0.0337513292294588512776 -0.061569331122224096875 0.997531987076307524731 2.93864490903395747523
3353 1295.777000 -0.315860157320950574178 0.0303974119652019834914 -0.0545453896824163592116 -0.0337505699607975537258 -0.0615681675081182003262 0.997532084585259659626 2.93865068346648783404
3354 1295.782000 -0.315860565455926778355 0.0303961017205085816395 -0.0545453766849198634636 -0.0337499813235995135829 -0.0615671819874883605173 0.997532165327402409183 2.93865540728465957088
3355 1295.788000 -0.315861029203415855093 0.0303945776749739299261 -0.0545453740666155401096 -0.033749348075281904169 -0.0615660077654590770502 0.99753225922388955027 2.93866086196645248663
3356 1295.793000 -0.31586140148211394596 0.0303933296595509834515 -0.0545453856918614449212 -0.033748870234111313926 -0.0615650163534745206717 0.997532336578277334382 2.93866532250747125588
3357 1295.798000 -0.315861755695448054304 0.0303921076361265279919 -0.0545454115317107052219 -0.0337484452088369080158 -0.0615640158368062212491 0.997532412706490290155 2.9386696730129084898
3358 1295.807000 -0.315862258279746677125 0.0303901243240009000246 -0.0545454926013203139634 -0.0337479251594328191755 -0.0615626244981696962855 0.997532516167934479867 2.93867663447426830103
3359 1295.817000 -0.315862905947005667695 0.030387723930710864445 -0.0545456340932285593803 -0.0337473221387106572799 -0.0615605286697280332242 0.997532665910429994227 2.93868513641001039005
3360 1295.827000 -0.315863529976686208123 0.0303853092687545178752 -0.0545458274806578657934 -0.0337468375471689299716 -0.0615583691259894288939 0.99753281557355966136 2.93869367506209533403
3361 1295.836000 -0.31586408435803642325 0.0303830999882478518248 -0.0545460364480907372586 -0.0337464658393353128529 -0.061556382372417520199 0.997532950750287361608 2.93870147471914044957
3362 1295.846000 -0.315864709557234446535 0.0303805753587019812534 -0.054546297143735239521 -0.0337460751263919458975 -0.0615541233107562701932 0.997533103369010021311 2.93871042881876709529
3363 1295.856000 -0.315865304336643892835 0.0303780793786843569815 -0.0545465607196953666813 -0.0337457153902397735679 -0.0615520618542444442056 0.997533242741459824643 2.9387192858329855838
3364 1295.865000 -0.315865964874277538321 0.0303755438276564898592 -0.0545468214579981694468 -0.0337452575056055859015 -0.061549750685234987102 0.997533400837518735571 2.93872840683477232204
3365 1295.875000 -0.315866671088390671418 0.0303727793915075337805 -0.0545470877056690797713 -0.0337447388581799054275 -0.0615474483275252060022 0.997533560439829991573 2.93873834515133802725
3366 1295.884000 -0.31586733445414888477 0.030370235950600218966 -0.0545473112600836779196 -0.0337442046802659684213 -0.0615453908171145688821 0.997533705455442287757 2.93874752695776386702
3367 1295.894000 -0.315868102387009352938 0.030367361548390200271 -0.0545475358451709690932 -0.0337435284575028221488 -0.0615431223574246441532 0.997533868286053060359 2.93875794456730110582
3368 1295.903000 -0.315868881309096460885 0.0303646096795509232158 -0.0545477259654789381482 -0.0337427795043807807196 -0.0615408696936517174425 0.997534032596716913055 2.93876800538974780608
3369 1295.913000 -0.315869620445129006825 0.0303618447512353575868 -0.0545478892645878538081 -0.0337420483091182901725 -0.0615388946842513120949 0.997534179172295698557 2.93877799013473151035
3370 1295.923000 -0.315870434827091040031 0.0303589496513436488123 -0.0545480414994960055575 -0.0337411937372418327397 -0.0615367030326469943713 0.997534343281000879244 2.93878852620113573124
3371 1295.932000 -0.315871169212159852435 0.0303563636460463942557 -0.0545481644671388724022 -0.0337403967213564248695 -0.0615347378000603642545 0.997534491470326689644 2.93879794538533767323
3372 1295.941000 -0.315871892330827575002 0.0303538167932461133702 -0.054548278239503748821 -0.0337396014206665026403 -0.0615327978253352447791 0.997534638039081378302 2.93880718215093894585
3373 1295.951000 -0.315872683737217996303 0.030351028152937491178 -0.0545483995853319608704 -0.0337387214617764080726 -0.0615306472397517470463 0.997534800457799630813 2.93881726904231932451
3374 1295.960000 -0.315873379140647947416 0.0303485638022921895562 -0.0545485078330348246989 -0.0337379473824887463063 -0.0615287201340555811591 0.997534945505710868296 2.93882613579494256228
3375 1295.970000 -0.315874134736570055804 0.0303458645972672913516 -0.0545486336688216916224 -0.0337371101425683883601 -0.0615265710663030693239 0.997535106375736280171 2.93883583339108422905
3376 1295.980000 -0.315874875355598938587 0.0303431964960447150825 -0.0545487681607297603126 -0.0337362977020993701216 -0.0615244082569468137001 0.997535267249227586284 2.9388454085122481807
3377 1295.989000 -0.315875523780072275937 0.030340828385065431172 -0.0545488969738233547835 -0.0337355978088104482837 -0.0615224672862771659876 0.997535410629362684354 2.93885387165605260762
3378 1295.999000 -0.315876233791151539432 0.0303382122412326621363 -0.0545490503292928377577 -0.0337348466163540916529 -0.0615203067371094883264 0.997535569281989720203 2.93886321097462133167
3379 1296.008000 -0.315876864797640433125 0.0303358657415409189995 -0.0545491974268029339301 -0.0337341935639759379906 -0.0615183635180417201505 0.997535711207699238301 2.93887158528701730731
3380 1296.018000 -0.315877506427580168058 0.0303333723465818612397 -0.0545493597542174440962 -0.033733554164867333991 -0.0615164356063016004583 0.997535851723486688414 2.93888043095123308035
3381 1296.027000 -0.315878195545103435116 0.0303308973348295589367 -0.0545495254770483328777 -0.0337328500321035507081 -0.0615142637038926798354 0.997536009470174178659 2.93888934580534266772
3382 1296.037000 -0.315878902535326522294 0.0303282585999816722833 -0.0545497053539282655832 -0.0337321521259461507003 -0.0615121076853575102228 0.997536166021591896858 2.93889882371418176277
3383 1296.046000 -0.315879548383285524427 0.0303258613224614975712 -0.0545498688823427835271 -0.033731519016986503956 -0.0615101623598405880533 0.997536307384985887481 2.93890747955571729477
3384 1296.056000 -0.315880271714231941615 0.0303231820915273488082 -0.054550050068569617967 -0.0337308193630907401928 -0.0615080170275387888568 0.997536463326747058211 2.9389171594123482123
3385 1296.065000 -0.315880929304413748948 0.0303207550875951997726 -0.0545502119874189672633 -0.0337301885557374642177 -0.061506093822736529475 0.997536603239531749487 2.93892594716694288692
3386 1296.075000 -0.315881669625728500606 0.0303180399643949403943 -0.0545503889565389712968 -0.0337294791426101248089 -0.061503957053163423041 0.997536758973608495005 2.93893579940557225783
3387 1296.085000 -0.315882353307742669291 0.0303154411814987208296 -0.0545505539954071888564 -0.033728837748312159861 -0.0615020554909738309535 0.997536897901292407553 2.93894516612441636383
3388 1296.094000 -0.315883091192306064698 0.0303128541011274538208 -0.0545507158793324536949 -0.0337281194903292017018 -0.0614999084203610782429 0.997537054559846092516 2.9389546247798099543
3389 1296.104000 -0.315883843487799298444 0.0303101191443561554517 -0.0545508837637881174865 -0.0337273958417999009107 -0.061497771527297524774 0.997537210768052795551 2.93896455762150754509
3390 1296.113000 -0.315884522293410685556 0.0303076560835116859405 -0.0545510334669698504495 -0.033726736572199066122 -0.0614958354286085848162 0.997537352416002054412 2.93897351090588188072
3391 1296.123000 -0.315885270418748864696 0.0303049327993771058787 -0.0545511977770144623756 -0.0337260085633975109642 -0.0614936920276028739507 0.997537509163036850701 2.93898337296886680292
3392 1296.132000 -0.31588593801205117062 0.030302493809592385976 -0.0545513451035241903053 -0.0337253551596046613481 -0.0614917629434009599398 0.997537650171396284016 2.93899218523765615174
3393 1296.142000 -0.315886675652954751481 0.0302997941901180928292 -0.0545515083031528347224 -0.0337246255061131178232 -0.0614896135595727755252 0.997537807333018777811 2.93900192175185370758
3394 1296.151000 -0.315887332599152415025 0.0302973814137885849584 -0.0545516540062124938304 -0.0337239701618424550511 -0.0614876836795065356833 0.997537948447201561208 2.93901058985254870493
3395 1296.160000 -0.315887988612066239469 0.0302949720171610502317 -0.054551800951243629989 -0.033723306278179668305 -0.0614857385460240643549 0.997538090786070141824 2.93901926937907198578
3396 1296.169000 -0.315888635927353000898 0.0302925794995552305489 -0.0545519482512212341985 -0.0337226503461466597944 -0.0614838083092302881139 0.997538231933706720511 2.93902785644829966927
3397 1296.178000 -0.315889279998895600166 0.0302901966394774867231 -0.0545520947192353125588 -0.0337219937215729528845 -0.0614818859169448395097 0.99753837261708278028 2.93903639028658014709
3398 1296.187000 -0.315889925377374758408 0.0302878128121604091316 -0.0545522425305336178258 -0.0337213280152630079378 -0.0614799510914555494279 0.997538514369585183061 2.93904496205950760412
3399 1296.197000 -0.315890638016812552724 0.0302851744327268107559 -0.0545524063893320573793 -0.0337205943488162324106 -0.0614778202317235941687 0.997538670496697310597 2.93905443323428050562
3400 1296.206000 -0.3158912778099136065 0.0302828038037626645629 -0.0545525541427004656558 -0.0337199370226496791814 -0.0614759130281953003472 0.997538810254788188558 2.93906294870703677091
3401 1296.216000 -0.315891931395812619598 0.0302802893651613058701 -0.0545527095619010166105 -0.033719278955981639434 -0.0614740288442757465415 0.997538948615211751303 2.93907192645559911526
3402 1296.224000 -0.315892621443807142256 0.0302779407020806017037 -0.0545528550892430963426 -0.0337185494966645571413 -0.061471897678867279402 0.997539104604726611925 2.93908049348183775251
3403 1296.233000 -0.315893209542760511344 0.0302756797239791923537 -0.0545529953588089061567 -0.0337179619159224952529 -0.0614702218118835172489 0.997539227737252676143 2.93908861314607694482
3404 1296.242000 -0.315893856335735245811 0.0302733010434960078672 -0.0545531418691244524011 -0.0337173104496868783486 -0.061468341673372076106 0.997539365613189565885 2.93909718816462905977
3405 1296.251000 -0.315894509168889836559 0.0302709115959691917042 -0.0545532892325937546207 -0.0337166528499242418304 -0.0614664476675069043621 0.997539504546930411166 2.93910584762260196356
3406 1296.260000 -0.315895159862174423893 0.0302685261143336020728 -0.0545534359206130414766 -0.0337160043814395682382 -0.0614645658564756253162 0.997539642416593763663 2.93911447981212470282
3407 1296.270000 -0.315895885177260860033 0.0302658708693392813904 -0.0545535994605514107381 -0.0337152876398214632059 -0.0614624744296441080649 0.997539795505096305028 2.93912409183733380758
3408 1296.279000 -0.315896536455846643765 0.0302634832906629978877 -0.0545537467791749608459 -0.0337146518716017265516 -0.0614606006536114746197 0.997539932442042198701 2.93913271479661508678
3409 1296.289000 -0.315897205046074047718 0.0302609416660520845477 -0.0545539045294751792636 -0.0337140064939142197753 -0.0614587170379013864041 0.997540070306042081505 2.93914187790074210582
3410 1296.298000 -0.315897917182344667442 0.030258430605296066096 -0.0545540600677063836077 -0.0337133000726989318085 -0.0614566061545445616043 0.997540224230669014815 2.93915101427839475789
3411 1296.307000 -0.315898567074586411607 0.0302560441688967535212 -0.0545542086195667519366 -0.0337126657374821822599 -0.0614547152789038375609 0.997540362160279414638 2.93915963848206196474
3412 1296.315000 -0.315899141204819100537 0.0302539293914988113854 -0.0545543409603853821088 -0.0337121085491533314937 -0.0614530420104119901037 0.997540484073121125341 2.9391672546377263231
3413 1296.323000 -0.315899778529270092164 0.0302516865014246169596 -0.0545544818730112415772 -0.0337114711986546758404 -0.0614511262324321377859 0.997540623631132050697 2.9391754185903753438
3414 1296.331000 -0.315900292729638876299 0.0302496943189631863069 -0.0545546068116791599278 -0.0337109773016973715554 -0.0614496631666230988533 0.99754073044967583872 2.93918254688492108784
3415 1296.339000 -0.315900861835615498485 0.030247588994425214648 -0.0545547394374418653795 -0.0337104198325668263925 -0.0614479890182225152451 0.997540852416746171016 2.93919011234372895558
3416 1296.348000 -0.315901505937425053361 0.0302452153145142330071 -0.0545548890527577795551 -0.0337097794672398115567 -0.0614460856280941297713 0.997540991302740875923 2.93919867823768798942
3417 1296.354000 -0.315901991606699239501 0.0302435176428117943881 -0.0545549960002240652557 -0.0337092847352126814831 -0.0614445995459846003306 0.997541099558947430559 2.93920483863403347868
3418 1296.359000 -0.315902403913763174526 0.0302420882031142826407 -0.0545550866957989627481 -0.0337088622252367312027 -0.061443329898230328312 0.997541192040958923926 2.93921003459714658135
3419 1296.367000 -0.315902852852030346931 0.0302402306391584795031 -0.0545552032297646066761 -0.0337084369028791269729 -0.0614420973344918658343 0.997541282332066514549 2.93921661196618666523
3420 1296.376000 -0.315903488212015859382 0.0302378773082399993077 -0.0545553508795276406729 -0.0337078007354545822194 -0.061440220901311501378 0.997541419403313311953 2.9392250639599364348
3421 1296.385000 -0.315904127139043033878 0.0302355196200296827413 -0.0545554986440200534448 -0.0337071546307111599705 -0.0614383322146191956925 0.99754155756108098263 2.93923356966729087958
3422 1296.395000 -0.315904774038808178194 0.0302330277846298671462 -0.0545556547855432782956 -0.0337065151336972887441 -0.0614364718786962887842 0.997541693745499613577 2.93924248709854341044
3423 1296.404000 -0.315905468181663429128 0.0302305609156574596474 -0.0545558081953730483749 -0.0337058028071018644933 -0.0614343818624098550463 0.99754184653192001786 2.93925142621058554937
3424 1296.414000 -0.315906175033273950437 0.0302279524059074315712 -0.0545559702441489116631 -0.0337050902082917172575 -0.0614323096500305684819 0.997541998226197046407 2.93926082970481061807
3425 1296.423000 -0.315906810584422936827 0.0302256071840700767106 -0.0545561153864277531556 -0.0337044526975762703813 -0.0614304549812039052403 0.997542133981897949369 2.93926927189228415216
3426 1296.433000 -0.315907462337364941529 0.0302231139329637993329 -0.0545562701253912984978 -0.0337038074970848824941 -0.0614286007531891012357 0.997542269966393391201 2.93927823685810585275
3427 1296.442000 -0.315908157945270717804 0.0302206502683254156494 -0.0545564223849399482225 -0.0337030997838348167495 -0.0614265260131263632348 0.99754242163775641572 2.93928718360214036309
3428 1296.451000 -0.315908794024550021451 0.0302183063858408700042 -0.0545565677811777408057 -0.0337024667286753426554 -0.0614246729367552077306 0.997542557132784946106 2.93929564337607418523
3429 1296.460000 -0.315909430419493597597 0.0302159628087014069109 -0.0545567129150885468669 -0.0337018363643534005214 -0.0614228253290103262674 0.997542692196315194941 2.93930408956719313451
3430 1296.469000 -0.315910125978115075007 0.0302135004817207369898 -0.0545568656472505478239 -0.0337011354567572779528 -0.0614207530685674935045 0.997542843471605267247 2.9393130337489039583
3431 1296.479000 -0.315910777863463221315 0.0302110091362389580893 -0.0545570214306397918702 -0.0337004998580137035691 -0.0614189008215544965386 0.997542978989472861606 2.93932199513833225524
3432 1296.488000 -0.315911411761467919579 0.0302086711390978680802 -0.0545571676543694372707 -0.0336998752819908931055 -0.0614170500482848769064 0.997543114040363110284 2.93933043046517950003
3433 1296.497000 -0.315912045570850064102 0.0302063332616280752485 -0.0545573139145782565196 -0.0336992520996329120164 -0.0614152018240234492952 0.997543248883395294868 2.93933884909344556036
3434 1296.507000 -0.315912749762638334072 0.0302037361628945018321 -0.0545574770908224745969 -0.0336985577449365886205 -0.0614131410366047028604 0.997543399213251968938 2.93934821633520959594
3435 1296.516000 -0.315913385336729135577 0.0302013958395483603225 -0.0545576246125059477476 -0.0336979276922245302162 -0.0614112764374824676716 0.997543535288344718204 2.93935667400326350318
3436 1296.525000 -0.31591401591578266439 0.0301990653652682121411 -0.0545577714242615335882 -0.0336973040661334155565 -0.0614094234121443718899 0.997543670429952844536 2.93936507409787362022
3437 1296.533000 -0.31591463192282015493 0.0301968815086272948656 -0.0545579091013722733416 -0.0336966869491856987895 -0.0614075692008567014524 0.997543805420839868603 2.93937297475872938435
3438 1296.538000 -0.315915038576712714491 0.0301954731320467281708 -0.0545579980305701817134 -0.0336962717556338400837 -0.0614063233394970056644 0.997543896138759156322 2.9393781007971697683
3439 1296.544000 -0.315915401785749283547 0.0301940360013934205874 -0.0545580895578151869874 -0.0336959225698945236127 -0.0614053019383895282157 0.997543970808314361953 2.93938324358772140599
3440 1296.550000 -0.315915879200038551833 0.030192368827241664736 -0.0545581945260026346389 -0.0336954353736677175712 -0.0614038494534241002798 0.99754407667394839887 2.93938930421628441536
3441 1296.557000 -0.315916308492532049712 0.0301906813866329136464 -0.0545583016547407373409 -0.0336950220843052067332 -0.0614026339858231642865 0.997544165451505704389 2.93939532882330389896
3442 1296.565000 -0.315916808829578066309 0.0301887359432340546261 -0.0545584239235162166137 -0.0336945356061257306202 -0.0614012108668928816013 0.997544269480992396026 2.93940228575204054451
3443 1296.574000 -0.315917434397022800496 0.0301864199043209990858 -0.0545585697137210834384 -0.0336939148193467277737 -0.061399375639458304843 0.997544403410310032143 2.93941061314420259976
3444 1296.583000 -0.315918063459233622314 0.0301840987743888997108 -0.0545587160847741114988 -0.0336932851335691660455 -0.061397526412550008923 0.99754453849807034338 2.93941899661818828449
3445 1296.593000 -0.315918758065831584148 0.0301815300101131653299 -0.0545588776195235353184 -0.0336925928810238306532 -0.061395488482710147693 0.997544687309256827845 2.9394282550954295985
3446 1296.602000 -0.315919381984765434979 0.0301792203582327625555 -0.0545590230120361688315 -0.03369197199073754867 -0.0613936568666695603458 0.997544821008015114572 2.93943657689192283655
3447 1296.611000 -0.315920006057609170647 0.0301769119917190686841 -0.054559167761058041668 -0.033691352375400024366 -0.0613918325165135822519 0.997544954212781886937 2.93944488246906887596
3448 1296.620000 -0.31592063388616614672 0.0301745978604264879219 -0.0545593132160335780867 -0.0336907245169361241333 -0.061389993462648846656 0.99754508859709178914 2.93945324662824036821
3449 1296.630000 -0.315921327857800138261 0.0301720344317907493426 -0.0545594741438953506618 -0.0336900344403671322957 -0.0613879636462483779802 0.997545236818247804678 2.93946249116783375754
3450 1296.639000 -0.315921951255458632879 0.0301697304944511905667 -0.0545596186497206703248 -0.0336894143985359412197 -0.061386138885572205659 0.997545370051009294698 2.93947080072561073294
3451 1296.648000 -0.315922573101479364777 0.0301674300548117300946 -0.0545597631948943062596 -0.0336888012277984927323 -0.0613843248489700996084 0.997545502388071492206 2.9394790772651937516
3452 1296.658000 -0.315923265683318021946 0.0301648720564862311833 -0.0545599240322789391655 -0.033688114446123643142 -0.0613822996247693972172 0.997545650202455669309 2.93948830306356123643
3453 1296.667000 -0.315923891522974176205 0.0301625658599983456631 -0.0545600693518430990281 -0.0336874916284718647908 -0.0613804677521657959804 0.997545783954955522788 2.93949663970596919427
3454 1296.677000 -0.315924582900776684813 0.0301600116159700393226 -0.0545602303188704035319 -0.0336868073620918070943 -0.0613784449317127112078 0.997545931527723639398 2.93950585030605671122
3455 1296.686000 -0.315925203583708624766 0.0301577164323751888142 -0.0545603749776096963453 -0.0336861925321233005026 -0.0613766258785469406845 0.997546064213805538934 2.9395141259169248471
3456 1296.696000 -0.315925893341385211066 0.0301551667789283599219 -0.0545605360528075011839 -0.033685510304243319879 -0.0613746054900730642068 0.997546211559384721212 2.93952331759445684156
3457 1296.705000 -0.315926569061885431644 0.0301527606508378599737 -0.0545606886579724503772 -0.0336848328581726627617 -0.0613725785743947718776 0.997546359140489613537 2.93953203814172026043
3458 1296.714000 -0.315927187133185904955 0.030150473181284182661 -0.0545608327660539876858 -0.0336842226002637204485 -0.0613707689576640583184 0.997546491079669306323 2.93954026583237482129
3459 1296.724000 -0.315927820502139855563 0.0301480403333654611853 -0.0545609873744145948415 -0.0336836046343330919317 -0.0613689565106764825519 0.997546623449565239561 2.9395490025197417161
3460 1296.734000 -0.315928506727157942802 0.0301455009215864794259 -0.0545611483761433979645 -0.0336829254978482234284 -0.0613669428728623803093 0.997546770258089243733 2.93955815375743778617
3461 1296.743000 -0.315929180148995458755 0.0301431030847797709615 -0.0545613000389062047235 -0.0336822469825681716782 -0.0613649190815976491864 0.997546917665687704613 2.93956684464739304019
3462 1296.753000 -0.315929807366660875267 0.0301406850850434865352 -0.0545614537235126276227 -0.0336816368432342957973 -0.0613631235723113913072 0.997547048717507767179 2.93957550797562605638
3463 1296.762000 -0.315930478211366105867 0.0301382935092121967413 -0.054561605907392653203 -0.0336809632362125160876 -0.0613611086324586316176 0.997547195406250808425 2.93958417321083098628
3464 1296.772000 -0.315931103982849736944 0.0301358808796413531195 -0.054561758608296956341 -0.0336803560901793724858 -0.0613593222679556168919 0.997547325786829919281 2.93959280041208259604
3465 1296.781000 -0.315931774629523154374 0.030133492506073972228 -0.0545619098570631830269 -0.0336796800752577896176 -0.0613573080567972120591 0.997547472503465093574 2.93960145830360009001
3466 1296.791000 -0.315932403357476909722 0.0301310759691056674614 -0.0545620636837272493525 -0.033679065969291682725 -0.061355509546307432367 0.997547603858456977122 2.93961013694976225352
3467 1296.800000 -0.315933072954789062603 0.0301286913999406213982 -0.0545622145526570567764 -0.0336783910296766797465 -0.0613534992112968607936 0.997547750291775003895 2.93961878151662858727
3468 1296.810000 -0.315933696788696094515 0.0301262863880428048702 -0.0545623674913755934979 -0.0336777843431290899168 -0.0613517156830259702271 0.997547880467141712124 2.93962740034218761309
3469 1296.819000 -0.315934307606833886251 0.0301240213954043697941 -0.0545625121135497950786 -0.033677181593429125761 -0.0613499240964079373128 0.997548011001619827631 2.93963556153469296461
3470 1296.829000 -0.31593498694672594862 0.0301215068113194865684 -0.0545626709551918290253 -0.033676511400487600667 -0.0613479386401994952749 0.997548155732088548397 2.93964460802986682353
3471 1296.838000 -0.315935654208864158399 0.0301191307470715825823 -0.0545628215216201334359 -0.0336758395194892631852 -0.0613459364241518562144 0.997548301545795657042 2.93965322303889875499
3472 1296.848000 -0.315936279790821727964 0.0301167264095946983493 -0.0545629748183769705538 -0.0336752295788819364097 -0.0613441482374302918257 0.997548432102338455962 2.93966185895481979529
3473 1296.857000 -0.315936889152002187142 0.0301144689905908369276 -0.0545631181832271563992 -0.0336746264272271000895 -0.0613423603698272368323 0.997548562406485039844 2.93966999583538068919
3474 1296.866000 -0.315937554657731767271 0.0301120981552512739787 -0.0545632691473262251836 -0.0336739578413163820336 -0.0613403638097456890832 0.99754870774864379257 2.93967859112192320126
3475 1296.875000 -0.315938162110415143857 0.0301098458242480618297 -0.054563412948415677961 -0.0336733588253494489639 -0.0613385810484358626193 0.997548837591615722431 2.93968670586842417691
3476 1296.885000 -0.315938781149230130119 0.0301074583815777174767 -0.0545635645546497100034 -0.0336727599865221105535 -0.0613368156523381169443 0.997548966357301836183 2.93969524321559738667
3477 1296.895000 -0.315939460135404248664 0.0301049501937387525841 -0.0545637244818033689819 -0.0336720871221129966488 -0.061334825214929153403 0.997549111455017567529 2.93970430113299308061
3478 1296.904000 -0.315940122782687737857 0.0301025887930416735649 -0.0545638745952967130215 -0.0336714205569164509724 -0.0613328343692828223399 0.997549256360762082174 2.93971286024284639282
3479 1296.914000 -0.315940740017177368326 0.0301002071798738488062 -0.0545640269179057807447 -0.0336708219021955856842 -0.0613310681334487545202 0.997549385160474644252 2.9397213932810015713
3480 1296.923000 -0.315941401275963762441 0.0300978497236173737905 -0.0545641775799671768787 -0.033670158013221380966 -0.0613290822773539315294 0.997549529660749279003 2.93972993805238003162
3481 1296.933000 -0.315942073575269322117 0.0300953583685776154821 -0.0545643367420982419724 -0.0336694941077947812458 -0.0613271095937829510691 0.997549673347346232966 2.9397389152856647776
3482 1296.943000 -0.315942688224638945638 0.0300929840036772769385 -0.0545644892222730826248 -0.0336688998941431505418 -0.0613253501504433945479 0.997549801568244354222 2.93974741825458707467
3483 1296.953000 -0.315943359125311351576 0.0300904974816832808393 -0.054564648225058937081 -0.033668237450444823966 -0.0613233813558203555427 0.997549944958180390131 2.93975637799254263527
3484 1296.962000 -0.315944017136205623775 0.0300881516196440136623 -0.0545647970919471703155 -0.03366757824395626153 -0.0613214096511450340588 0.997550088413400648513 2.939764862951178781
3485 1296.972000 -0.315944634288635395336 0.0300857764244465558656 -0.054564949622625341652 -0.0336669774111094735614 -0.0613196427605154636975 0.997550217304233211024 2.93977339201645371247
3486 1296.982000 -0.31594530318065167096 0.0300832969249464794725 -0.0545651083589762386783 -0.0336663172341717456537 -0.0613176799368856176309 0.997550360238041111671 2.9397823267117750845
3487 1296.991000 -0.315945903777517189681 0.0300810689829168684262 -0.0545652508792226972889 -0.0336657237892831681658 -0.0613159155548785861356 0.997550488717944716655 2.93979035518868858645
3488 1297.001000 -0.315946571440304802003 0.030078593887661205647 -0.0545654094447902276999 -0.033665065053796912331 -0.0613139565228057389912 0.99755063136185884165 2.93979927407273144979
3489 1297.011000 -0.315947238447828626651 0.0300761211285656276937 -0.0545655679214039762703 -0.0336644070685113636077 -0.0613119994419077524173 0.997550773856228811809 2.93980818451574821282
3490 1297.020000 -0.315947836651506386296 0.0300738993865071156664 -0.0545657112105053174189 -0.0336638189297370285513 -0.0613102427980703745813 0.997550901670239409391 2.93981618745134110071
3491 1297.030000 -0.315948502401392605776 0.0300714310814005798822 -0.0545658695264187032503 -0.033663162402403010165 -0.0613082893661862013412 0.997551043882999088908 2.93982508172399992219
3492 1297.039000 -0.31594915583752769539 0.0300691009332045358637 -0.0545660187258967810386 -0.0336625066442010692502 -0.0613063262008541401404 0.997551186663713895797 2.93983352735290370816
3493 1297.049000 -0.315949764245179509636 0.030066751347666616917 -0.0545661691471624882288 -0.033661919572612844509 -0.0613045897663875363759 0.997551313188580701663 2.93984192765423202331
3494 1297.059000 -0.315950428018697659915 0.0300642899318267799169 -0.0545663272378421049247 -0.0336612653085030452682 -0.0613026418188586316727 0.997551454975561302518 2.9398507966958580262
3495 1297.068000 -0.315951079542133694833 0.0300619660881218386805 -0.0545664760558863121132 -0.0336606115087635521244 -0.0613006836511536534751 0.997551597370661125019 2.93985921862529631099
3496 1297.078000 -0.31595169004128398349 0.0300596152437749598862 -0.0545666276257411875239 -0.033660018731890110899 -0.0612989363771610368259 0.997551724743131917883 2.9398676597427964019
3497 1297.087000 -0.315952340272048159964 0.0300572949736399135101 -0.0545667766307179336049 -0.0336593668136978343974 -0.0612969826808222525982 0.997551866791861585604 2.93987606849952198829
3498 1297.097000 -0.315952945259944495415 0.0300549558352375331682 -0.0545669278624388714993 -0.033658783502343012084 -0.061295250536203611802 0.99755199290806229051 2.93988444486277833434
3499 1297.106000 -0.315953594119976088894 0.0300526398670280629755 -0.0545670770467081012178 -0.0336581335448377858 -0.0612933007685823386113 0.997552134641177423724 2.93989283788248245699
3500 1297.116000 -0.315954198230005256498 0.0300503058548064784505 -0.0545672269409255492056 -0.033657551298504569115 -0.0612915760000414325259 0.997552260261095113947 2.93990118209253292747
3501 1297.125000 -0.315954794215806522573 0.0300481004097621420823 -0.0545673690769579861071 -0.0336569616354618211806 -0.0612898251146282088686 0.997552387732537737541 2.93990914761174693126
3502 1297.135000 -0.315955452623184085414 0.030045657440383302661 -0.0545675266084335169881 -0.0336563133619775523009 -0.0612878917689717098161 0.997552528388051973351 2.93991794915472448579
3503 1297.143000 -0.315956031790147529037 0.0300435958939857875039 -0.0545676598279344060582 -0.0336557333723350934895 -0.0612861440891604020154 0.997552655328957094127 2.93992542120664523964
3504 1297.153000 -0.315956633654848384474 0.0300412697648652984861 -0.0545678096865859912912 -0.0336551537762682165256 -0.0612844248375211675395 0.99755278050669071721 2.93993373629844612083
3505 1297.163000 -0.315957290133536294885 0.0300388335186321971115 -0.0545679670020802476404 -0.0336545077002448692061 -0.0612824969296580507327 0.997552920742313609104 2.939942513497312504
