4518 791.945000 -0.368014356987786617204 0.0138023677162005184438 -0.0431266681772927498728 -0.0172743927431631659475 -0.0218624976151192279561 0.999611737902963981561 3.04877356732251936222
4519 791.950000 -0.368011631414652873318 0.0137968546853410485575 -0.0431310373440438044046 -0.0172887445808245394929 -0.0218546704423500243175 0.99961166094172548835 3.04878478997797097705
4520 791.956000 -0.368008209498299987406 0.0137915206651592625597 -0.0431336322396672494639 -0.0173039443665323547372 -0.0218468355603684584454 0.999611569203437189124 3.04879524877285845719
4521 791.963000 -0.368002529424488300513 0.0137868270784116744854 -0.0431359118680113284849 -0.0173253469875665824795 -0.0218365102489951751208 0.999611424090334210746 3.04880227964096350846
4522 791.969000 -0.367998773786067823188 0.0137848232590679787429 -0.043133685174949878971 -0.0173334179795874530894 -0.0218338354510870039094 0.999611342598031860085 3.04880522164089606818
4523 791.977000 -0.367994630767082664402 0.0137844270032704309392 -0.0431270269459193694717 -0.0173334573777797242011 -0.0218366552317378788406 0.999611280320316653025 3.04880518332266703396
4524 791.984000 -0.367991984363368995758 0.0137860762061970138631 -0.0431183615661539509922 -0.0173235140069413137698 -0.02184512584219567774 0.999611267613260690013 3.04880185871412301424
4525 791.991000 -0.367990302887201803372 0.0137894671828198804586 -0.043107710531292350864 -0.0173054013100414905146 -0.0218587669943757501034 0.999611283145095397273 3.04879571651003322685
4526 791.996000 -0.367989668654078228016 0.0137928841557564407783 -0.0430992537966552180517 -0.0172884612340429670574 -0.0218712570826535140922 0.999611303068239309688 3.04878969750962980356
4527 792.002000 -0.367989466699566114549 0.0137979891849657684832 -0.0430885525253231899123 -0.0172649847502953091016 -0.0218887009127629421357 0.999611327003612659681 3.04878076617995352748
4528 792.006000 -0.367989625613826421002 0.0138019482138409289862 -0.0430812676260488719437 -0.0172480900659537396413 -0.0219015001460410516088 0.999611338311260810841 3.04877382333554658445
4529 792.011000 -0.367990095176180920244 0.0138074543229544204059 -0.0430721855072682749399 -0.0172262989381911715836 -0.0219184462028720918048 0.999611342643201394864 3.04876409396133718488
4530 792.016000 -0.367990799975213833672 0.0138135021330398656547 -0.0430633109790720877696 -0.0172044516408937503416 -0.0219360688615518467648 0.999611332332040580795 3.04875327296423614953
4531 792.020000 -0.367991485535728024558 0.0138186708746628802297 -0.0430564755923027731033 -0.0171873728806944750525 -0.021950398008999224414 0.999611311581009576166 3.04874389395963563132
4532 792.027000 -0.367992834509326904868 0.0138282705836042692227 -0.0430453096677751861909 -0.0171592146902334909131 -0.0219754037288485068458 0.999611245926219305069 3.0487261183699310152
4533 792.032000 -0.367993835871653018899 0.0138354384286378615659 -0.04303809287420789359 -0.0171409670051963364257 -0.0219928292836419139733 0.999611175762969983438 3.04871252150022620242
4534 792.039000 -0.367995180144601419236 0.0138457093176658635469 -0.0430292063281235911965 -0.0171185985645149855994 -0.0220160985660156245658 0.999611046851283102654 3.04869252418751779388
4535 792.045000 -0.3679962033352527917 0.0138545640795813638363 -0.043022785887339182187 -0.0171026229746192685865 -0.0220346543936039522549 0.99961091145162206395 3.04867477366638972569
4536 792.052000 -0.367997026603446186765 0.0138632275944102836829 -0.043017741828599742604 -0.0170900037961499787209 -0.0220515346250376303994 0.999610755039644471864 3.04865693840642171253
4537 792.059000 -0.367997872030254802311 0.0138745988190421744995 -0.0430120457126275113069 -0.0170768048534048165477 -0.0220718023259728855778 0.999610533296884540277 3.04863274331407785311
4538 792.064000 -0.367998186412843875104 0.0138813260934404318625 -0.0430095287361994746411 -0.0170711741633024841058 -0.0220827981455137302425 0.999610386620082502773 3.04861800874985355847
4539 792.068000 -0.367998421567075406635 0.0138877606297715637529 -0.0430071440430348506112 -0.0170665384231141852023 -0.0220927287926053587952 0.999610246346419151209 3.0486037089441642145
4540 792.073000 -0.367998398361725209682 0.0138925649383743240323 -0.0430064500610369965239 -0.0170651028234510351855 -0.0220995652617399993001 0.999610119737123992145 3.04859277028359576533
4541 792.078000 -0.367998283940729975505 0.0138971369614164994011 -0.0430060780767937064772 -0.0170645262360827228154 -0.022105581635225583087 0.999609996551108159757 3.04858215785505315409
4542 792.082000 -0.367998146088668376397 0.013902612635287716486 -0.043004899532531948303 -0.0170634440824758426558 -0.0221124387988234950841 0.999609863359907424574 3.04856922817637299161
4543 792.088000 -0.367997758127103058445 0.0139085815936816781929 -0.0430044892478707585504 -0.0170643214609682257465 -0.022119038305375638559 0.99960970237264201721 3.04855478839223748011
4544 792.094000 -0.36799721861412632018 0.0139139508311636687227 -0.0430044387805290015403 -0.0170664969587702025633 -0.0221241857979492008435 0.99960955131708018051 3.04854148377642619749
4545 792.101000 -0.367996441936303653186 0.013919435235387848937 -0.043004685280654091073 -0.0170703104514143069736 -0.0221284962104118590465 0.999609390790501928237 3.04852759418353747023
4546 792.108000 -0.367995530862679498529 0.0139241252222044552267 -0.0430051307484282802074 -0.0170752100402800574552 -0.0221312103656886235981 0.999609247020969649 3.04851543702578364758
4547 792.115000 -0.367994505906609425949 0.0139280929715748687248 -0.0430056716463585522736 -0.0170809390628131815837 -0.0221326100467089358081 0.99960911815231690003 3.04850495077628469431
4548 792.122000 -0.367993409331588083866 0.0139313831517790809311 -0.0430062185835391810884 -0.0170871608189671723987 -0.0221329196721071590204 0.999609004962407676764 3.04849612421707538701
4549 792.129000 -0.367992251289816940663 0.0139341033841205753918 -0.0430067301748391500604 -0.0170936951505176008836 -0.0221324645520570018054 0.999608903321170472189 3.04848874743805797749
4550 792.135000 -0.367991226779656510626 0.013936048596281995493 -0.0430071212551459344797 -0.0170993458028907002744 -0.0221316383597816787598 0.999608824969360321155 3.04848346683867887918
4551 792.142000 -0.367990007368347193939 0.013937948901410011221 -0.0430075179169086968534 -0.0171058181586366750415 -0.0221303983999733173971 0.999608741684356316703 3.04847835742788308977
4552 792.149000 -0.367988767129132976486 0.0139395621660816232401 -0.0430078620040279246961 -0.0171120312478846153814 -0.0221291204737448336803 0.999608663634739547099 3.04847410297518806033
4553 792.155000 -0.367987704181265251613 0.0139407699602727246091 -0.0430081235022726215966 -0.0171169841482568634017 -0.0221281164854881771953 0.999608601060671508876 3.04847103289297871598
4554 792.162000 -0.367986461118090135702 0.0139420665374681840287 -0.0430084150713948565325 -0.0171222552405648313634 -0.0221272242105071473284 0.999608530537937634008 3.04846786243078282652
4555 792.169000 -0.367985224357747942037 0.0139433183034815104395 -0.0430087080853686423709 -0.017126871947806480978 -0.0221267568554715833573 0.999608461793087377245 3.04846492904420784953
4556 792.176000 -0.367984001493027901297 0.013944581798838544956 -0.0430090168910212469755 -0.0171307606514498472761 -0.0221268040373917250496 0.999608394113711828943 3.04846205404807468753
4557 792.183000 -0.367982804856095468971 0.0139458992132083566678 -0.0430093477502443699567 -0.0171338482023206638283 -0.0221273913804870721311 0.999608328194835915603 3.04845911990039697415
4558 792.191000 -0.367981472705255052702 0.0139475313781063821328 -0.0430097491809810147934 -0.0171364057308653512657 -0.0221287640197555743327 0.999608253968315874083 3.04845545293627173677
4559 792.198000 -0.367980342677676652841 0.0139490960887481071917 -0.0430101125437688455722 -0.0171378121731361604541 -0.0221305455103986518928 0.999608190417290765062 3.04845187475001777599
4560 792.205000 -0.367979262784031702083 0.0139507835934416790646 -0.0430104577788957900819 -0.0171384453337995769362 -0.0221328026989006526604 0.999608129586905702624 3.04844791679964499664
4561 792.213000 -0.367978246090167326887 0.0139525115162891753806 -0.043010792569394690199 -0.0171383639991946404302 -0.0221354392686127394996 0.999608072600364994109 3.04844381361908967065
4562 792.219000 -0.367977300614286129132 0.0139544813892389825416 -0.043010976679715332005 -0.0171375010441691850993 -0.0221383355375506414575 0.999608023255910027594 3.04843895169911105469
4563 792.226000 -0.36797642659237650431 0.0139564741214588498852 -0.0430110887781256778784 -0.0171361007678934446075 -0.0221414664727343814266 0.999607977915797474289 3.04843394279160850857
4564 792.233000 -0.367975642935907287789 0.0139585173486986603708 -0.0430110532258739172717 -0.0171341600748974726143 -0.022144710933083840837 0.999607939312317617109 3.04842869435783159204
4565 792.241000 -0.367974871952030491151 0.0139608696715623481488 -0.0430107969549857194203 -0.0171313572302702367411 -0.0221484118964723128431 0.999607905355851533713 3.04842256541480294274
4566 792.248000 -0.367974302854969403942 0.0139629305037222099101 -0.0430103666153170555164 -0.0171285368203928090036 -0.0221515914140229669416 0.999607883234330252264 3.04841712997628988546
4567 792.255000 -0.367973841002212420648 0.0139649524259979080504 -0.0430097289093005763494 -0.0171254551231416023149 -0.0221546430520331641412 0.99960786840543736087 3.04841175675645548182
4568 792.263000 -0.367973447390318508798 0.0139671816993517002026 -0.0430087488633621867207 -0.0171217289515234322161 -0.0221579091795318858238 0.999607859842299495412 3.04840584487897192645
4569 792.270000 -0.367973206375598771434 0.0139690591775606838543 -0.0430076927417763904549 -0.0171184295107715198081 -0.0221605444588373196035 0.999607857932485743824 3.04840090860002232986
4570 792.278000 -0.367973068551524618019 0.0139708029431179422963 -0.0430064150419716684226 -0.0171151232266760731926 -0.0221629604642630331779 0.999607860983693474743 3.04839638180389593813
4571 792.285000 -0.367973005048335743972 0.0139724916493273506463 -0.0430050521424844151008 -0.0171120192043895322231 -0.0221651536498736825842 0.999607865496478620315 3.04839211247831887164
4572 792.292000 -0.36797300624934697888 0.0139743279978425533061 -0.0430034766694037881574 -0.0171088974427158965752 -0.0221674218226569040568 0.999607868635511986888 3.04838762837098897762
4573 792.300000 -0.367973067662832387104 0.0139757908550805099585 -0.0430019235307544378522 -0.0171063761222935983852 -0.0221691931790613111497 0.99960787250288907213 3.04838421940731452153
4574 792.306000 -0.367973145953114921802 0.013977206780899850691 -0.0430005542163051784899 -0.017104444784074770286 -0.022170772129519782101 0.999607870533145259628 3.0483810999798608421
4575 792.314000 -0.367973243265955152204 0.0139785137483006763337 -0.0429990973498173556511 -0.0171028000329068834151 -0.0221722066259507667729 0.999607866857984750375 3.04837838157855989252
4576 792.321000 -0.36797332567255974789 0.0139799716482914629379 -0.0429977379000801504527 -0.0171017209677120085587 -0.0221736697858623231505 0.999607852864397128378 3.04837553759652513108
4577 792.329000 -0.367973372295159306677 0.0139813532506203042072 -0.0429965102076421135102 -0.0171011993502109098386 -0.0221749713554677194138 0.999607832915573313315 3.04837302162468715139
4578 792.336000 -0.367973355442237970436 0.01398253754169599683 -0.0429956414064177547263 -0.0171012907557067002362 -0.0221760237839253963876 0.9996078080045310843 3.04837095361883747557
4579 792.343000 -0.367973275752221107293 0.0139836863862114295365 -0.0429949816421875338768 -0.017101848975635138006 -0.0221770006614208196882 0.999607776782112766867 3.0483690061625621226
4580 792.351000 -0.367973091533992935354 0.013985043861992669037 -0.0429944932460649964501 -0.0171029728695114985326 -0.0221780233363190540374 0.999607734863990904373 3.04836666916833820551
4581 792.358000 -0.367972839125144113304 0.0139862342216381489723 -0.0429942949584157588228 -0.0171043502932700201835 -0.022178880654269414463 0.999607692274308456959 3.04836457275731387284
4582 792.365000 -0.367972506356232631486 0.0139874386977729137094 -0.0429942905437754596676 -0.0171059877657421255392 -0.0221796973557907249608 0.999607646133103489028 3.04836236229248935814
4583 792.370000 -0.367972218229872194417 0.0139883202404957537879 -0.0429943935189112530493 -0.0171072680652932899992 -0.0221802519358369719382 0.999607611917498695142 3.04836066344109957171
4584 792.375000 -0.367971896272913767678 0.0139892067493530697364 -0.042994570937380738318 -0.0171085830611837942661 -0.0221807737249077284447 0.99960757783372322649 3.04835891138793657618
4585 792.380000 -0.367971540174404143642 0.013990105788233741374 -0.0429948091094384532429 -0.0171099233303884795676 -0.0221812896021112565537 0.999607543446534574372 3.04835705094301623319
4586 792.384000 -0.367971152602776130358 0.0139910458248013406385 -0.0429950405916462302658 -0.0171112057930446759269 -0.0221818123875528669386 0.999607509893513879184 3.04835500188120267495
4587 792.389000 -0.367970813026443743787 0.0139917773246861290581 -0.042995358001849337537 -0.0171123287848931743271 -0.0221822076389772693261 0.999607481898679650634 3.04835338823449797374
4588 792.394000 -0.367970376887202077487 0.0139927244028525271657 -0.0429956970248988948335 -0.0171135869267648836611 -0.0221827139721932874161 0.999607449123568692073 3.04835119800948639579
4589 792.398000 -0.36796992660942134945 0.0139937015443382696545 -0.0429959872776029955466 -0.0171146797904897333964 -0.0221832178280940081616 0.999607419231400173842 3.0483488598715777762
4590 792.403000 -0.367969548643735266946 0.0139944659184979315614 -0.042996318529574834022 -0.0171156060071824926705 -0.0221836092359753572767 0.999607394686670258643 3.04834699550713139615
4591 792.410000 -0.367968892374805955914 0.0139958314010493224677 -0.0429967623901396783781 -0.0171168700469523406282 -0.0221843002172107256476 0.999607357707849364381 3.04834356632124992004
4592 792.419000 -0.367968047087742222701 0.0139976187865894219353 -0.0429972305422370096317 -0.0171180666283636852276 -0.0221852169670472658403 0.999607316871496287547 3.04833891892391806167
4593 792.426000 -0.36796732526862391266 0.0139992273165022110964 -0.0429974836233929444407 -0.0171186408455239399973 -0.0221860866849080823338 0.999607287735144511842 3.04833463813826144317
4594 792.432000 -0.367966889753834791588 0.0140002238671276552778 -0.0429975936564620381253 -0.0171188246248439382424 -0.0221866357863435524622 0.999607272400490298736 3.04833195344131091531
4595 792.437000 -0.367966477485442255979 0.0140012320581968698063 -0.0429976144062000700807 -0.017118810495486386225 -0.0221872222044963707255 0.999607259626533628527 3.04832922054863963979
4596 792.442000 -0.36796609404369773344 0.0140022282474696318361 -0.0429975630279872678141 -0.0171186111542446471601 -0.0221878197793402599791 0.999607249776425677013 3.04832653716242818476
4597 792.448000 -0.367965668596949846414 0.0140034241321494550003 -0.0429974074362062738675 -0.0171181801305203898367 -0.0221885820696814638209 0.999607240237262550941 3.04832331406975276522
4598 792.453000 -0.367965272575221824525 0.0140046299274493891984 -0.0429971828372904957272 -0.0171176291197662200361 -0.022189434108186145006 0.999607230759800291509 3.04832009150762983651
4599 792.459000 -0.367964982982433019831 0.0140056229946106444023 -0.0429968757520608410583 -0.017116959007834820633 -0.0221901385309195876838 0.999607226597678422131 3.04831746843325390728
4600 792.465000 -0.3679646739155159052 0.0140068056366967133575 -0.0429964580754240016658 -0.0171160598921427896391 -0.0221910386659476335791 0.999607222011073215384 3.04831440454297242226
4601 792.470000 -0.367964449693029993504 0.0140077815763903993501 -0.0429960516729596398111 -0.0171152143754914713714 -0.0221918080979304141453 0.999607219406815517004 3.04831192232136549691
4602 792.475000 -0.367964245276237833515 0.0140087644543308315753 -0.042995604353077913895 -0.0171143584274441699911 -0.022192646165291200766 0.999607215456050468561 3.04830946116065470974
4603 792.480000 -0.36796406426108219101 0.0140097449627670633115 -0.0429951237773166239364 -0.0171134672271468640803 -0.0221934976523594021391 0.999607211809428686244 3.04830706328012368544
4604 792.485000 -0.367963872421601778662 0.0140109106884137475657 -0.0429945576789237185467 -0.0171124365073994227915 -0.0221945381340111803914 0.99960720635347466434 3.04830428391510732666
4605 792.491000 -0.367963740468917721582 0.0140118930569192376434 -0.0429939822776264565785 -0.0171114877570627266223 -0.0221954419032834998626 0.999607202527801996794 3.04830198697286469667
4606 792.496000 -0.367963592355580182414 0.0140130513786091807915 -0.0429933813375762488573 -0.0171105250092008984164 -0.0221965411234294404674 0.999607194599991477624 3.0482993499141999294
4607 792.502000 -0.367963487555261758999 0.0140140341667520200442 -0.0429928023695985775388 -0.0171096828659351336832 -0.0221974961085998553911 0.999607187808659092276 3.04829714774941162858
4608 792.507000 -0.367963380924620442336 0.0140150187124823515095 -0.0429922807078029073358 -0.0171089735019567049101 -0.022198448491531502097 0.999607178800892004489 3.04829498277171717646
4609 792.512000 -0.36796327858346405959 0.0140160021166950733706 -0.0429917767364188102563 -0.0171083372881484889472 -0.0221993970042029462042 0.999607168625698205844 3.04829285877524114312
4610 792.518000 -0.367963164111911156251 0.0140171733399676295279 -0.0429911967629768715371 -0.0171076510786235432005 -0.0222005106919879180438 0.999607155636446309543 3.04829037684451176204
4611 792.526000 -0.367962985842880507814 0.0140187708178496055894 -0.0429905009877223215353 -0.0171070116182837420049 -0.022202011972570795395 0.999607133236784073382 3.04828700303788258097
4612 792.534000 -0.367962791317000936786 0.0140203738179268157238 -0.0429898889603079620292 -0.0171066015823386416428 -0.0222034720964741083549 0.999607107822450546841 3.0482836361078522458
4613 792.543000 -0.367962533097367316959 0.0140222051298383061646 -0.0429893178855229943225 -0.0171064344425737070721 -0.0222050469554665591554 0.999607075700431169096 3.04827976523620902682
4614 792.551000 -0.367962264366857083608 0.0140238500750858793853 -0.0429889119703588812316 -0.0171065171452982889289 -0.0222063816771995922728 0.999607044635022479184 3.04827624644256856001
4615 792.560000 -0.367961912850202910175 0.014025729276814264887 -0.0429885629863076268453 -0.0171068290937332993795 -0.0222077932374855416264 0.999607007937558855737 3.04827214524768130843
4616 792.568000 -0.367961558344830408362 0.0140274158544128890735 -0.0429883342167632492847 -0.0171072517659859660299 -0.0222089743736116895789 0.999606974462607267284 3.0482683851073928416
4617 792.576000 -0.367961163263566815029 0.0140291282192099263371 -0.0429881683841143655278 -0.0171077812420039297725 -0.0222100968727664098423 0.999606940461038373513 3.0482644661468834002
4618 792.585000 -0.367960686138895765041 0.0140310599011396752722 -0.0429880316381346799792 -0.0171083915976509640111 -0.0222112600618082633996 0.999606904169538124094 3.04825997219380528946
4619 792.593000 -0.367960229605056421409 0.0140328017357309719343 -0.042987938192809896365 -0.017108959433232488051 -0.0222122657306188554804 0.99960687210434095995 3.04825580898337866742
4620 792.601000 -0.367959703284128636369 0.0140347322694081063504 -0.0429878277052736235131 -0.017109492856740848854 -0.0222133277731376178876 0.999606839374075351046 3.04825114985883294239
4621 792.610000 -0.367959215900245717457 0.0140365190346527397847 -0.042987739457065882176 -0.017109940635035347789 -0.0222142802488684183715 0.999606810543270718483 3.04824673725362105259
4622 792.617000 -0.367958795964431373271 0.0140380491553917328279 -0.0429876320259364036458 -0.0171102023540727413153 -0.0222150832639520824652 0.999606788217736408342 3.0482429566675421917
4623 792.626000 -0.367958257647442499305 0.0140400285271810518206 -0.0429874558169262982465 -0.0171104366534187424254 -0.0222161599954795035972 0.999606760277552686134 3.04823801885406853174
4624 792.633000 -0.36795784543154752555 0.0140415737058862937631 -0.04298728760568725632 -0.0171105081377211608318 -0.022216999625989091588 0.99960674039288466286 3.04823416941756564214
4625 792.641000 -0.367957392937035165925 0.0140433308703149378749 -0.0429870489883747847193 -0.0171104729779519952604 -0.0222180057710443697172 0.999606718631897206429 3.04822979498886148519
4626 792.648000 -0.367957010377887472341 0.0140449035820918756434 -0.0429868039511418012499 -0.0171103591061099284676 -0.0222189291719787629376 0.999606700056432373458 3.04822588075195088919
4627 792.657000 -0.36795654174040026696 0.014046851298660945756 -0.0429864435272736128413 -0.0171101011795332033638 -0.0222201525013195830272 0.999606677278840671796 3.04822110015673786165
4628 792.665000 -0.367956149397919707322 0.0140486088181438206757 -0.0429860789120976583 -0.0171097765453250526269 -0.0222212881971212555809 0.999606657589588887269 3.04821681472877603625
4629 792.673000 -0.367955776354667252193 0.0140503681393531563298 -0.042985684085862049808 -0.0171093875867891972997 -0.022222452661690858533 0.999606638360362231843 3.04821257486871699527
4630 792.681000 -0.367955414955564552582 0.0140521403837083006666 -0.0429852669457566269329 -0.0171090023338441622747 -0.0222236938253300223001 0.999606617360998761512 3.04820833549647618455
4631 792.690000 -0.367955074472085807979 0.0140539448365998194401 -0.0429848137427602250416 -0.0171085486885900091292 -0.0222249478359771469871 0.999606597244865335838 3.04820405671212668608
4632 792.698000 -0.367954701697178754305 0.0140559058441738077283 -0.042984329085192861386 -0.0171081066889683039434 -0.0222263744271664134833 0.999606573090304539875 3.0481994660103661765
4633 792.706000 -0.367954380642998901685 0.0140576866188063462348 -0.0429838802866776975575 -0.0171077157130575772948 -0.0222276710250194839413 0.99960655095086525801 3.04819531340611904469
4634 792.714000 -0.367954101993386017977 0.0140592969169534322271 -0.0429834807411498959206 -0.0171073978472422415231 -0.0222288281716688969347 0.999606530659444381115 3.04819154815380199963
4635 792.722000 -0.367953741775102705081 0.0140612850013386199433 -0.042983008964910418559 -0.0171070771094638286736 -0.0222302751097823644844 0.999606503971094739747 3.04818695111558701782
4636 792.730000 -0.367953421421415405312 0.0140630981089395722117 -0.0429825917352951586414 -0.0171068226516261218118 -0.0222315565638681392202 0.999606479826693261614 3.04818273805157113898
4637 792.739000 -0.367953093954573873248 0.0140649672742308700507 -0.0429821865221523824463 -0.017106605940111922759 -0.0222328186980256248262 0.999606455464324472615 3.04817837553936898942
4638 792.747000 -0.367952758409989588717 0.0140668073328531918059 -0.0429818088995153335663 -0.0171064661218084321237 -0.0222340641056681144472 0.999606430156473213522 3.04817407231797776745
4639 792.755000 -0.367952369324991590549 0.0140688475550688578408 -0.0429814141706670732601 -0.0171063762293220400501 -0.0222354204126798023211 0.999606401525806598229 3.04816928836560085969
4640 792.763000 -0.367952008737629843171 0.0140707200367616892811 -0.042981078472442334204 -0.0171063538918505599062 -0.022236632903892356028 0.999606374936466757219 3.04816485189657404575
4641 792.771000 -0.367951644300746949501 0.014072592983064024369 -0.0429807558105490539191 -0.017106328307869293065 -0.0222377908726198170175 0.999606349614151290517 3.0481603979257578807
4642 792.779000 -0.367951270197811430851 0.0140744751670972643304 -0.0429804468564347341708 -0.0171063355972896451174 -0.0222389432904063141794 0.999606323851424449778 3.04815589361240846245
4643 792.787000 -0.367950885295892760052 0.0140763738320766537693 -0.0429801496647090122694 -0.0171063725207608249845 -0.0222400901865588800088 0.999606297703087953721 3.04815131228893854143
4644 792.795000 -0.367950499049774393256 0.0140782683127683889979 -0.042979858070818097171 -0.0171063908891078558794 -0.0222412102094633294669 0.999606272468899326178 3.04814674281926212274
4645 792.803000 -0.367950108519987495459 0.0140801709855874063182 -0.0429795686710521956941 -0.0171064035301556581492 -0.0222423245530272185866 0.99960624745783832612 3.04814212884329283071
4646 792.811000 -0.367949714893311463637 0.014082078557554927184 -0.0429792819505705817051 -0.0171063975094045001013 -0.0222434215221259147521 0.999606223151516370962 3.04813750042849873623
4647 792.820000 -0.367949267094614229645 0.0140842335425644810121 -0.042978958479890472244 -0.0171063969894481512912 -0.022244685246448559629 0.99960619503898928695 3.04813225983232483074
4648 792.829000 -0.367948873105087559399 0.0140862014765788037818 -0.0429786564018464489756 -0.0171063488197927895951 -0.0222458163801232886025 0.999606170691056505895 3.04812745754303726642
4649 792.837000 -0.367948431692065369703 0.0140883063098492522514 -0.0429783256991372528133 -0.017106297163953933238 -0.0222470794776425707939 0.999606143464541685439 3.04812235647517804082
4650 792.845000 -0.367948037753230094982 0.014090234891406337725 -0.0429780201982554524442 -0.0171062432785148883785 -0.022248245993644270857 0.999606118424203549111 3.04811767139322720155
4651 792.852000 -0.36794769904710872277 0.0140919187962626930866 -0.0429777442727456576721 -0.0171061624067374226654 -0.0222492620240797994713 0.999606097193838638582 3.04811358504415519377
4652 792.860000 -0.367947319374432590955 0.0140938379850285063627 -0.0429774211020400170868 -0.017106041256538549733 -0.0222504291945748583492 0.999606073287465868304 3.04810895290307959371
4653 792.868000 -0.367946944344590631815 0.0140957619361843644601 -0.0429770888669078823807 -0.0171059024096102407775 -0.0222516085898986325231 0.999606049410423747048 3.04810430920270203359
4654 792.876000 -0.367946573216201056056 0.0140976889256407781487 -0.0429767519116252133538 -0.0171057431631495421298 -0.0222527823177581206282 0.999606026007223924523 3.0480996748347752856
4655 792.883000 -0.367946247399061288075 0.0140993834019387427603 -0.0429764540374215214813 -0.0171056208044824131775 -0.0222538404133393666329 0.999606004545666504413 3.04809560153305936225
4656 792.891000 -0.367945878773854817556 0.0141013251234848313587 -0.0429761087182273168739 -0.0171054788046525151068 -0.0222550576982761365297 0.999605979874925720807 3.04809092610947951485
4657 792.899000 -0.367945517534236876678 0.0141032603851373519732 -0.042975758871916215631 -0.0171053127014600854505 -0.0222562630433108775418 0.999605955880982111061 3.04808629086044025058
4658 792.907000 -0.367945158368257807524 0.0141052032153068974962 -0.0429754056810918230735 -0.0171051464855613392924 -0.0222574706278713015106 0.999605931837620254043 3.04808162893183665076
4659 792.915000 -0.367944799902202079878 0.0141071519484644927744 -0.0429750540124773788841 -0.0171049767480420077115 -0.0222586619958664092001 0.999605908214133642709 3.0480769594450940474
4660 792.924000 -0.367944393641014555474 0.0141093558061995485997 -0.0429746595040593065695 -0.017104824862799794527 -0.0222600369602297398774 0.999605880195260865229 3.04807166266111373432
4661 792.932000 -0.367944034928985974631 0.0141113179997495834239 -0.0429743107324552370274 -0.0171046706585867049066 -0.0222612215730086243637 0.99960585645330157778 3.04806695199176136413
4662 792.940000 -0.36794366935856981371 0.0141132964010352388723 -0.0429739670785736355141 -0.0171045632060933434915 -0.0222624388117534828535 0.999605831183312920629 3.04806218515907545452
4663 792.947000 -0.367943351041697397363 0.0141150276746311743176 -0.0429736668073334923679 -0.0171044603120469734803 -0.0222634851718161025369 0.999605809639698916769 3.04805800531682624666
4664 792.956000 -0.367942940165554732701 0.0141172600034242690797 -0.0429732859572833220119 -0.0171043364123291755097 -0.0222648226585297585867 0.99960578197001137557 3.04805261723780240857
4665 792.964000 -0.367942575665442028754 0.0141192472102104563808 -0.0429729483056996292012 -0.0171042265981488361692 -0.0222660061739401865522 0.999605757487191048938 3.04804781199747720777
4666 792.972000 -0.367942209198670711068 0.0141212376166442218212 -0.0429726157062958954991 -0.0171041238504581784297 -0.0222671823728682223564 0.999605733045024980044 3.04804300042772524648
4667 792.979000 -0.367941843366186127628 0.0141231670597369990405 -0.0429722913649238508205 -0.0171040320587331866331 -0.0222683407323951802759 0.999605708811409310321 3.04803833995562234449
4668 792.988000 -0.3679414719383299337 0.0141252382407331972952 -0.0429719573932728984844 -0.0171039214495081921819 -0.0222695136680991015443 0.999605684573689923234 3.04803330032737607169
4669 792.996000 -0.367941095016177277532 0.0141272553012829621411 -0.0429716352821705102616 -0.0171038596083330045328 -0.0222707068276044237165 0.999605659049556005691 3.04802839683623094658
4670 793.003000 -0.367940725013475522509 0.0141291923731241136908 -0.0429713176533597848716 -0.0171037703229731455346 -0.022271852807793052903 0.999605635044764628816 3.04802371550325812422
4671 793.011000 -0.367940395153623367452 0.0141310290304918640542 -0.0429710301816017409271 -0.0171037006928803844708 -0.0222729072691752252866 0.99960561274153858502 3.04801922717359241588
4672 793.018000 -0.367940025017293725895 0.0141329739113720768279 -0.0429707137942182543222 -0.0171036162891794567276 -0.0222740637726756979253 0.999605588416193069357 3.04801451752286345354
4673 793.027000 -0.36793965062268352284 0.0141350643661617408203 -0.0429703852489413604121 -0.017103507324257333222 -0.022275240165652639146 0.999605564066532892298 3.04800942292922716348
4674 793.034000 -0.367939274644917546642 0.0141370204761664432225 -0.042970072696359537523 -0.0171034486049453302026 -0.0222764226432033314584 0.999605538720169106703 3.0480046859849583285
4675 793.042000 -0.367938944801465772638 0.0141388700196931390435 -0.0429697839551767130084 -0.0171033655860340846888 -0.0222774747480057010163 0.999605516693701789954 3.04800016443497323593
4676 793.050000 -0.367938574335978429986 0.0141408924891349725012 -0.0429694603073327366372 -0.0171032648332704213801 -0.0222786550523806393953 0.99960549211231319866 3.04799526051748470579
4677 793.059000 -0.36793815490219267117 0.014143180416460645471 -0.042969095473409733843 -0.0171031592647744451474 -0.0222799917752335117915 0.999605464125551734789 3.04798969783066331374
4678 793.067000 -0.367937787616178235695 0.0141452057369791123903 -0.0429687683648878396281 -0.0171030466342837091098 -0.0222811716951051945468 0.999605439752965008182 3.04798478689360408111
4679 793.075000 -0.367937418740001742634 0.0141472390023599913639 -0.0429684410554869028465 -0.0171029410516852532764 -0.0222823609455437554594 0.999605415050396239884 3.04797985264803372729
4680 793.083000 -0.367937051598675568531 0.0141492736580823997433 -0.0429681133242558327412 -0.0171028199523718081598 -0.0222835316323411469774 0.999605391025712330944 3.04797491998200786867
4681 793.091000 -0.367936679363959295852 0.0141513206343850672653 -0.0429677871889641294079 -0.0171027349553296154072 -0.0222847398330677619327 0.999605365545633950397 3.04796994632743079023
4682 793.100000 -0.36793627152742242048 0.0141536092340862999783 -0.0429674132607984204935 -0.0171025857580465560914 -0.0222860584417194813878 0.999605338700989998202 3.04796439531373009046
4683 793.108000 -0.367935900093986856252 0.0141556621348137012806 -0.0429670874186570406206 -0.0171024923418426379185 -0.0222872524519474209115 0.999605313678273876832 3.04795940845070578717
4684 793.116000 -0.367935535170158811713 0.0141577072373215116785 -0.0429667557364058275149 -0.0171023777439412265344 -0.0222884421689285676382 0.999605289112250550154 3.04795444054853570393
4685 793.124000 -0.36793516640423429287 0.0141597647026201391846 -0.0429664265915011278629 -0.0171022833531982165756 -0.0222896418079451506811 0.999605263977826563604 3.04794942650110689542
4686 793.133000 -0.367934757442258397742 0.0141620706929310915395 -0.0429660544134825780893 -0.0171021436728027650953 -0.0222909632668296178726 0.999605236900263371957 3.04794383059939066882
4687 793.141000 -0.367934388596899863977 0.0141641355146932164388 -0.0429657258551622983633 -0.0171020511611452499801 -0.0222921607521276328445 0.99960521177867156517 3.04793879273876289204
4688 793.150000 -0.367933975472322594147 0.0141664571876045520399 -0.04296535694158084423 -0.017101933914440148321 -0.022293493500794615142 0.999605184062145712964 3.0479331402147655794
4689 793.158000 -0.367933610756499274164 0.0141685207662725874689 -0.042965026743224707384 -0.0171018226747757691453 -0.022294677082350992936 0.999605159568013657001 3.04792811256221751748
4690 793.166000 -0.36793324738270694052 0.0141705829692581886103 -0.0429646973268857368389 -0.0171017064556258056862 -0.0222958534319853823868 0.999605135318964443947 3.04792309182970999615
4691 793.175000 -0.367932831733252474482 0.0141729201590987414355 -0.0429643307386121317548 -0.0171016007890780925849 -0.0222971910714079152305 0.999605107290262084874 3.04791738837682180119
4692 793.182000 -0.36793251585786818092 0.014174726460410432341 -0.0429640428721781014731 -0.0171014841243424496608 -0.0222982026150236392614 0.999605086722193503235 3.04791299433897222571
4693 793.189000 -0.367932191865297408828 0.0141765475360816732564 -0.0429637591076004257684 -0.0171014066708248327342 -0.022299246413203910322 0.999605064762720374461 3.04790855262447513141
4694 793.198000 -0.367931778623236616088 0.0141788886543650974326 -0.0429633933193523942506 -0.0171012938999863632616 -0.0223005752315639620142 0.999605037047776812109 3.04790283968332520459
4695 793.205000 -0.367931457001209771818 0.0141807086402161094951 -0.0429631091928582772854 -0.0171012159576639788394 -0.0223016222476857782497 0.999605015022379195244 3.04789839542628726576
4696 793.213000 -0.367931092096048462103 0.0141827893118587951976 -0.0429627826421779546173 -0.0171011091415463022114 -0.0223028034713772735365 0.999604990495468692657 3.04789331624973103274
4697 793.221000 -0.36793072687402028631 0.0141848721313186411364 -0.0429624584234759576695 -0.0171009951545363289571 -0.0223039692784487188215 0.999604966433816022331 3.04788823912363193713
4698 793.230000 -0.367930312818519733575 0.0141872216588500247442 -0.0429620942089472268588 -0.0171008987087842116714 -0.0223053185207279618119 0.999604937977519591996 3.04788249962654855807
4699 793.238000 -0.367929947818670055604 0.0141893082993581262641 -0.042961770672562571427 -0.0171007854338741556444 -0.0223064843114254875156 0.999604913901091629569 3.04787741259058675425
4700 793.246000 -0.367929577192317558421 0.0141914061828706979107 -0.0429614497998349678665 -0.0171007100175509484108 -0.0223076873099228474573 0.999604888345279385398 3.04787228740658644455
4701 793.255000 -0.367929170720593223809 0.0141937504675075602117 -0.0429610827758334853921 -0.0171005728938000943484 -0.0223090000504767085876 0.999604861394467136826 3.0478665706561929305
4702 793.264000 -0.36792879776241493861 0.0141959374974342140974 -0.0429607562131056330834 -0.0171004830715399819274 -0.022310208621892087949 0.999604835957673576452 3.04786120806882454559
4703 793.272000 -0.367928394386027868279 0.0141981995398295715582 -0.0429603961810999107618 -0.0171003610096571584398 -0.022311514372334327605 0.99960480890187419778 3.04785570950831541381
4704 793.280000 -0.367928024275876730531 0.0142003038615038743725 -0.0429600773013215642138 -0.0171002786322672697961 -0.022312702359951752662 0.999604783794122764284 3.04785057005573767341
4705 793.288000 -0.367927660845388304622 0.0142023984314766944098 -0.0429597527440959484069 -0.0171001744363202187738 -0.0223138863258816599888 0.999604759147975974187 3.0478454553777178937
4706 793.296000 -0.367927293635552543627 0.0142045035863826215466 -0.0429594307760784513417 -0.017100089796999170394 -0.0223150806978072435705 0.999604733933560862802 3.04784030031137476158
4707 793.304000 -0.367926931311583493844 0.0142065994177631264861 -0.0429591074386288240827 -0.017099982795177392364 -0.0223162589918399351108 0.999604709459200990729 3.04783518732075053848
4708 793.311000 -0.367926617144857748265 0.0142084335643779795938 -0.0429588219098824830589 -0.0170998700654085983297 -0.0223172736934864196501 0.999604688733819357616 3.04783070907626729706
4709 793.319000 -0.36792624805104051644 0.0142105460975062714013 -0.0429585025083599469919 -0.0170997943440136142279 -0.0223184727229167323426 0.999604663258785053337 3.0478255398646627583
4710 793.327000 -0.367925885429051802156 0.0142126498515028655556 -0.0429581791940164686716 -0.017099681588267818394 -0.0223196397986351567633 0.999604639129310523771 3.0478203997570196826
4711 793.334000 -0.367925566792053959642 0.014214492462340480583 -0.0429578970525672579339 -0.0170996022295256330792 -0.0223206835403630260428 0.999604617181154786465 3.04781588972805073112
4712 793.341000 -0.367925253132495300168 0.0142163320163021297121 -0.0429576117808150304 -0.0170994891404081042485 -0.0223216968731792184122 0.999604596487950747274 3.04781139407763479454
4713 793.348000 -0.367924927606519402978 0.0142181903264795260478 -0.042957334379953436565 -0.0170994339213447581194 -0.0223227500218338911764 0.999604573914621763464 3.04780683581769107349
4714 793.356000 -0.367924612170942855194 0.014220120545476904253 -0.042957041574077592383 -0.0170993211390057103793 -0.0223237954486738172932 0.999604552497311837911 3.04780209325348572236
4715 793.363000 -0.367924251302216342996 0.0142221413338074441357 -0.0429567278326961551893 -0.0170992212433583971876 -0.0223249436984600500844 0.999604528562036520611 3.04779717836732766401
4716 793.371000 -0.367923891022555127339 0.0142242525452206600156 -0.0429564034477278172686 -0.01709910867341046109 -0.0223261159594809431572 0.999604504305947383358 3.04779200962962271149
4717 793.378000 -0.367923565951314590627 0.0142261155933895294678 -0.042956126620458903731 -0.01709905397461657095 -0.0223271683367858020386 0.999604481736268368763 3.04778743682476527255
4718 793.386000 -0.367923204824716132411 0.0142282300321989671477 -0.0429558033328577282273 -0.0170989482521269782478 -0.0223283462778137535565 0.999604457233544407835 3.04778225913531297664
4719 793.394000 -0.367922845402429643524 0.0142303411603206461655 -0.0429554804401770309874 -0.0170988365251980717341 -0.0223295172530447831594 0.999604432987734825566 3.04777709466199064892
4720 793.401000 -0.367922531301499933232 0.0142321911925825522749 -0.0429551978159044139938 -0.0170987304456568130206 -0.0223305327760641887658 0.999604412116655294263 3.04777257081527963578
4721 793.409000 -0.367922163943053270874 0.0142343190016179441115 -0.0429548810310745321495 -0.017098648039167881757 -0.0223317156069130669238 0.999604387101859725995 3.04776735840027379609
4722 793.417000 -0.367921803201635422287 0.0142364364734621391684 -0.0429545587923976512901 -0.0170985444022671330411 -0.0223328946181072969523 0.999604362534147972141 3.04776217274174765492
4723 793.425000 -0.367921438643223852605 0.0142385638434978888112 -0.0429542393697104063488 -0.0170984608721831098099 -0.0223340842280580278989 0.99960433738429532724 3.04775694905047611627
4724 793.432000 -0.367921125768689627478 0.0142404133740092961324 -0.0429539582181798149096 -0.0170983552227873189522 -0.0223350981504673237743 0.999604316536940595839 3.04775243066768064537
4725 793.439000 -0.36792076991244299089 0.014242440185717231832 -0.0429536433356744878909 -0.0170982519241146338485 -0.022336247650161900058 0.999604292618859413544 3.04774748872431455737
4726 793.447000 -0.367920447442448672604 0.0142443960012689115058 -0.0429533585623769059714 -0.0170981714699073444885 -0.0223373058434376756121 0.999604270349042867139 3.04774267304731782957
4727 793.455000 -0.367920083549181375915 0.014246526526606075394 -0.0429530401180369739156 -0.0170980887743218228081 -0.0223384936975481798727 0.999604245218871811929 3.04773743950272679726
