9333 587.687000 26.1450355963818275029 -0.0865617322396741162294 11.4972596395995445562
9334 587.693000 26.1447422041921448965 -0.0856987627951075331412 11.4957349302713041084
9335 587.698000 26.1445170139209324134 -0.085145635332039434906 11.4944458399747126975
9336 587.702000 26.1443476007617583434 -0.084810963679755616007 11.4934306676576856177
9337 587.706000 26.1441881135913192225 -0.0845690949784062145911 11.4924488710850827289
9338 587.710000 26.1440368791581683183 -0.0844141013879850243828 11.4915154910660994858
9339 587.715000 26.14385977775398473 -0.0843324367456008555655 11.4904365473672953613
9340 587.720000 26.1436944781252584846 -0.0843592378541479365195 11.4894742577601451927
9341 587.726000 26.1435107403506279411 -0.0845102053715873630102 11.4884943312248442027
9342 587.732000 26.1433409865372539116 -0.0847596091302741661 11.4877208172004117159
9343 587.739000 26.1431589531942947247 -0.0851334512434717000096 11.4870879003383468131
9344 587.746000 26.1429927774306420929 -0.0855528903569096332848 11.4867402437729602127
9345 587.753000 26.142839329837979534 -0.085978438035730131439 11.4866578671530792377
9346 587.760000 26.1426968824689964777 -0.0863786548525183606184 11.4868084773552521227
9347 587.766000 26.1425825525821728945 -0.0866840349805668708427 11.487091469880667205
9348 587.773000 26.1424547271006879612 -0.0869828034984603953861 11.4875581962162645056
9349 587.778000 26.1423668587399866681 -0.0871539610712706719342 11.4879548891431948476
9350 587.786000 26.142229307343448852 -0.0873515991184679319037 11.4886471715780675851
9351 587.792000 26.1421283970255586837 -0.0874406644718142000983 11.489175118600764236
9352 587.800000 26.1419938530598479076 -0.0874884075769230412645 11.4898381046848978571
9353 587.805000 26.1419098454398231013 -0.0874826667282912057155 11.4902070185602696029
9354 587.811000 26.1418078803661337872 -0.0874466118890250415641 11.4905862543302035306
9355 587.818000 26.1416885306878228334 -0.0873740496652444242898 11.4909262793251620849
9356 587.824000 26.1415850401925276003 -0.0872938503527973252982 11.4911227571246374879
9357 587.831000 26.141461793425651905 -0.0871887275308866893653 11.4912399158992268866
9358 587.834000 26.1414086527037845542 -0.0871424884294278445651 11.4912548456742431569
9359 587.838000 26.1413373225787992737 -0.0870811577605292014281 11.4912439805130013326
9360 587.842000 26.1412654935831483272 -0.0870216199138178353456 11.491200844828817651
9361 587.845000 26.1412113647220749613 -0.0869789139446053433113 11.4911494069037658505
9362 587.849000 26.1411388660437928877 -0.0869253628711866704881 11.4910587550866907236
9363 587.855000 26.1410294409143695304 -0.0868539578574697990199 11.4908842426718251772
9364 587.862000 26.1409015706752008157 -0.0867868129832190249306 11.4906407404359125479
9365 587.868000 26.1407920362025762984 -0.0867437809377392538002 11.4904159809216217525
9366 587.875000 26.1406649135752324753 -0.0867112991920735709517 11.490155603370739712
9367 587.882000 26.1405385223934274563 -0.0866961050221279477812 11.4899170594966264503
9368 587.890000 26.1403957651207576873 -0.0866976038226449363666 11.4896923365420242646
9369 587.898000 26.1402556061428512635 -0.0867153357617508890876 11.4895348445818807903
9370 587.905000 26.1401355356559932375 -0.0867402258670953857367 11.4894588909887751527
9371 587.912000 26.1400179723920444985 -0.0867709667108644000511 11.4894405179338630063
9372 587.920000 26.1398872448225496612 -0.0868093336965940209904 11.4894841529013689296
9373 587.927000 26.1397752078670144726 -0.0868427887306677803725 11.4895687966925308388
9374 587.936000 26.1396354310571226165 -0.0868828637401115461136 11.4897223713006706447
9375 587.944000 26.1395149674328450828 -0.086913320080058309447 11.4898803695320914642
9376 587.952000 26.1393987404580272482 -0.0869379759117498568388 11.4900382272852841226
9377 587.960000 26.1392861992764871104 -0.0869559478725089596285 11.4901782433103338832
9378 587.967000 26.1391904653275197745 -0.0869665223425539618551 11.4902744903508615693
9379 587.975000 26.1390841596041987316 -0.0869729083621229304146 11.4903453270085638138
9380 587.983000 26.1389814624213734362 -0.0869740499817691775641 11.490369052040140474
9381 587.990000 26.1388947686351400534 -0.0869713618408688299288 11.4903506308656755408
9382 587.998000 26.1387980653261813302 -0.0869641751192032491646 11.490287708517243459
9383 588.006000 26.1387043539027281724 -0.0869539183213313970899 11.4901872194532845839
9384 588.014000 26.1386150889933439601 -0.0869412950436059123183 11.4900595395770839247
9385 588.022000 26.1385286474775071497 -0.0869266937306304721123 11.4899161355420318387
9386 588.030000 26.1384451885906941015 -0.0869108203429021924924 11.4897691957275949193
9387 588.038000 26.1383653942344622578 -0.086894574707023317095 11.4896303895214231261
9388 588.046000 26.1382888718002170947 -0.0868783842709177217545 11.4895096894810659904
9389 588.054000 26.1382153631625939738 -0.086862854991929541737 11.48941450303746592
9390 588.062000 26.13814524414275553 -0.0868485343776116275327 11.4893499735970934239
9391 588.069000 26.1380864755454105364 -0.0868378544531974022602 11.4893198590197069819
9392 588.076000 26.1380293488650892186 -0.0868287535914371993995 11.4893138288540299641
9393 588.084000 26.1379663190858693156 -0.0868210885016253014479 11.4893338901610064795
9394 588.090000 26.137921435119984892 -0.0868175188480618809095 11.4893650861916647443
9395 588.098000 26.1378635409147221935 -0.0868157924904092159757 11.4894228768856958567
9396 588.106000 26.1378078196418250911 -0.086817510155224264512 11.4894925999581793974
9397 588.113000 26.1377606335660352954 -0.0868214753235354297356 11.4895576048751948406
9398 588.120000 26.1377150299067793071 -0.0868277553654957512386 11.4896212920841787053
9399 588.127000 26.1376704099784333835 -0.0868358140227925984211 11.4896792058079686427
9400 588.136000 26.1376161925157575183 -0.0868482224256024726294 11.4897400624806351743
9401 588.142000 26.1375809183415022119 -0.0868571850322637784014 11.4897691927518170729
9402 588.147000 26.1375520299267698476 -0.0868646897045155380601 11.4897856867890659771
9403 588.152000 26.1375240093302032562 -0.0868721992886632848885 11.4897947096421528812
9404 588.158000 26.1374918090028671713 -0.0868805789598021266373 11.4897958952778758146
9405 588.165000 26.1374548566644513414 -0.0868892750371006855614 11.4897839824674683484
9406 588.172000 26.1374195987358568516 -0.0868965502749261681226 11.4897591763259168118
9407 588.177000 26.1373958610440979555 -0.0869005648146059794801 11.4897347781313694526
9408 588.182000 26.1373720628400683097 -0.0869032350780410273172 11.4897053786615508386
9409 588.188000 26.1373448066914946253 -0.0869050989954470026744 11.4896650328579497113
9410 588.194000 26.1373195834092619805 -0.0869051679877338167923 11.4896210444500592729
9411 588.201000 26.1372911030941992294 -0.0869031338978283884877 11.4895668703918278908
9412 588.208000 26.1372647413796883598 -0.0868991653145683856652 11.4895122861681446835
9413 588.215000 26.1372401614122118474 -0.0868932164855983762974 11.4894596658888374918
9414 588.221000 26.137221319134649633 -0.0868869050408766774307 11.4894177933582302131
9415 588.228000 26.1372004889786531123 -0.0868785628953468586078 11.4893737467742766967
9416 588.234000 26.1371840870332192708 -0.0868709762281918568272 11.4893410608439214826
9417 588.242000 26.137165603566192118 -0.08686071425543030744 11.4893058750179424266
9418 588.247000 26.1371548326050415767 -0.0868544029795579181075 11.4892886674284397941
9419 588.255000 26.1371402724502210901 -0.0868452028915143170451 11.4892688707904824241
9420 588.262000 26.1371295190799308727 -0.0868381727407188108714 11.4892587271408697092
9421 588.270000 26.1371193956210881026 -0.0868319685016561010338 11.4892540902080622089
9422 588.276000 26.1371132978831326454 -0.086828441962725058656 11.4892546327065723233
9423 588.285000 26.1371060577384781709 -0.0868253438386065029553 11.489260163882658361
9424 588.293000 26.1371022007907498619 -0.0868248952930202183564 11.4892679038789591317
9425 588.301000 26.1370999328240785076 -0.0868260838481882402107 11.4892763280881933241
9426 588.309000 26.1370992052867947564 -0.0868289766927429901289 11.4892837718538416425
9427 588.316000 26.137100700001447251 -0.0868324082976127953337 11.4892887854908334333
9428 588.324000 26.1371026748178749699 -0.0868366476150815025381 11.4892913173910304891
9429 588.332000 26.1371062138037153488 -0.0868411611534610772267 11.4892900631392400612
9430 588.339000 26.1371107123582717691 -0.086845103525082956164 11.489285590798356651
9431 588.347000 26.1371166118451832006 -0.0868488261291292251709 11.4892765829943357403
9432 588.356000 26.1371252793268027403 -0.0868520777302778379525 11.4892618517808386969
9433 588.363000 26.1371337666021616997 -0.0868538255932636976686 11.489247534126576511
9434 588.371000 26.1371444621477309056 -0.0868545702064566216283 11.4892284700756004412
9435 588.379000 26.1371559333885521426 -0.0868539626470289233273 11.4892072074969888718
9436 588.387000 26.1371690723159701975 -0.0868523609612166652694 11.4891846119090281775
9437 588.394000 26.1371820516541433221 -0.0868502821797344087829 11.4891643745382019404
9438 588.402000 26.1371985845831673601 -0.0868473176132644741898 11.4891412850532557144
9439 588.409000 26.1372137989156421156 -0.086844217970774545412 11.4891213474265505567
9440 588.416000 26.1372309687709964976 -0.0868409216702631242546 11.4891023696871776849
9441 588.423000 26.1372493127389446954 -0.0868377031295300971792 11.4890842787422240434
9442 588.431000 26.1372720881765303602 -0.086834274747859846455 11.4890649706614844661
9443 588.439000 26.1372965097046474625 -0.0868312397710337136036 11.4890472440268336385
9444 588.446000 26.137319306417396092 -0.0868288887070487319653 11.4890330394513107137
9445 588.454000 26.1373468716168559922 -0.086826936650874750323 11.4890180514545896528
9446 588.461000 26.1373723597223523996 -0.086825476144948579571 11.4890060434977598902
9447 588.469000 26.1374029385291315464 -0.0868245581111211084391 11.4889932691431777556
9448 588.476000 26.1374309620377083263 -0.0868241221657220230146 11.4889828521087604685
9449 588.484000 26.1374638025773755601 -0.0868239442751104623097 11.4889713797555046426
9450 588.491000 26.1374947199773473017 -0.0868242961002833324446 11.4889618296970361655
9451 588.498000 26.137526079034685722 -0.0868245180747567735224 11.488952264503097922
9452 588.505000 26.1375584716270132901 -0.0868248980779647849815 11.4889426571442605507
9453 588.512000 26.137591357245057111 -0.0868251910081196121016 11.4889327318610519058
9454 588.520000 26.1376307175802047311 -0.0868255674698181489912 11.4889212192738305873
9455 588.528000 26.1376710773942733113 -0.0868254635876098135316 11.4889093472872936275
9456 588.536000 26.1377129117767985633 -0.0868253927177270595772 11.4888969364333703993
9457 588.543000 26.1377499129672621336 -0.0868249101898223435425 11.4888855884910014993
9458 588.550000 26.137787889693537835 -0.0868243962735577995415 11.4888738191983126313
9459 588.558000 26.1378319276975261687 -0.086823300929659050218 11.4888599494661942657
9460 588.565000 26.1378718334079742647 -0.0868221681912410142568 11.4888475939863923259
9461 588.573000 26.1379186148218956021 -0.0868209408157492174007 11.4888330818840067593
9462 588.580000 26.1379599425927438006 -0.0868196001254398913582 11.4888200900437045249
9463 588.589000 26.1380145278089663918 -0.0868179180186663956853 11.4888031871207054735
9464 588.595000 26.1380513069403264126 -0.0868168302609249042945 11.4887917392883611711
9465 588.603000 26.1381023619510699518 -0.0868154694546504346331 11.4887766690784207668
9466 588.611000 26.1381543525635500202 -0.0868143472461583992628 11.4887615503117448412
9467 588.619000 26.1382069073406846371 -0.0868130392882349721795 11.4887463645742862184
9468 588.628000 26.1382675389941425692 -0.0868119831849512163524 11.4887294477632071477
9469 588.633000 26.1383018258000099365 -0.0868113674471215485129 11.4887201048081042387
9470 588.638000 26.138336766684091117 -0.0868110023764905452959 11.4887108248810143607
9471 588.643000 26.1383718479693136771 -0.086810661168976094304 11.4887015282130136029
9472 588.648000 26.1384080074084721446 -0.0868104080650145409903 11.488692505305477809
9473 588.653000 26.1384437159226870051 -0.0868099464632767353622 11.4886833321244150596
9474 588.658000 26.1384799468910955511 -0.0868095119812381382784 11.488674241045329083
9475 588.665000 26.1385317967371619829 -0.0868091362757991702459 11.4886616671790733335
9476 588.672000 26.1385847046000847627 -0.0868089129823369776151 11.4886492233986228229
9477 588.678000 26.138630136369034318 -0.08680861351240194701 11.4886384599523339034
9478 588.684000 26.1386767476567136725 -0.0868082325337559829181 11.4886280112061029968
9479 588.688000 26.1387079699018585188 -0.0868079355911151456793 11.4886210281837009006
9480 588.692000 26.1387390936882262338 -0.0868076296503543370919 11.4886139224405319226
9481 588.696000 26.1387710239861199568 -0.0868075011767078658087 11.4886069728676911694
9482 588.700000 26.138802774311937327 -0.0868070756828659140236 11.4885999900424291553
9483 588.704000 26.1388352592896602289 -0.0868068723814544446205 11.4885930728903833398
9484 588.708000 26.1388670771017110894 -0.0868063995128179610727 11.488585953964554065
9485 588.712000 26.1388997340116659984 -0.0868059527335845182439 11.4885790931636897483
9486 588.716000 26.1389325436934889524 -0.0868054869921385252596 11.488572180884354168
9487 588.720000 26.1389652306418227568 -0.0868050083951958234563 11.4885651296266839694
9488 588.723000 26.1389906602612960285 -0.0868048731287496683207 11.4885600106017840005
9489 588.727000 26.1390235184168062688 -0.0868042823079451519863 11.4885529156551005059
9490 588.731000 26.1390572852753599875 -0.0868037077326506145702 11.488546042570476402
9491 588.736000 26.1390992474313570426 -0.0868031254725761952651 11.4885372337821554112
9492 588.741000 26.1391416784339334356 -0.0868023369705784447747 11.4885285574068927161
9493 588.745000 26.1391760538711146467 -0.0868017543831867688375 11.4885216214156802295
9494 588.750000 26.1392192678143508999 -0.0868011506739095745067 11.4885128798913616066
9495 588.755000 26.1392624939374798032 -0.0868005159052691321886 11.4885040516230834129
9496 588.761000 26.139315137530559241 -0.0867997504678906101061 11.4884936086006312905
9497 588.766000 26.1393590289582995467 -0.0867988875099728884877 11.4884847819282338577
9498 588.772000 26.139412474749917692 -0.0867981371625197589692 11.4884743120288188578
9499 588.779000 26.13947547275010308 -0.0867974392672477834676 11.4884619635099003432
9500 588.785000 26.1395292149813727178 -0.0867964910060392697 11.4884512641435971858
9501 588.792000 26.1395930049440039511 -0.0867958274586714123577 11.4884388005312398917
9502 588.799000 26.1396575439998279933 -0.0867950289756859588719 11.4884264481955558068
9503 588.806000 26.1397225428028505689 -0.086794348065135765169 11.4884140042064615272
9504 588.811000 26.139769148209449412 -0.0867939503780437299207 11.4884050216550246404
9505 588.818000 26.1398349128424065668 -0.086793332245230933597 11.4883924916364552615
9506 588.825000 26.1399015775292831165 -0.0867926703678323918645 11.4883800640534232684
9507 588.832000 26.1399687108076896891 -0.0867921302733128258167 11.4883675583171918078
9508 588.838000 26.1400264496115575241 -0.0867916826311567329855 11.4883567466529843415
9509 588.845000 26.1400951600483608672 -0.0867913340803776328647 11.4883443379316076971
9510 588.852000 26.1401638409129191132 -0.0867907049427438653799 11.488331813305427076
9511 588.859000 26.1402331198006372404 -0.0867901630175479110729 11.4883192914483149849
9512 588.866000 26.1403024878341128101 -0.0867895386290675058261 11.4883066197912455664
9513 588.874000 26.1403830814736117816 -0.0867889571970568568515 11.4882922982349242602
9514 588.881000 26.1404541398539436159 -0.0867882350494193210988 11.4882798511324484281
9515 588.888000 26.1405255991426770379 -0.0867875742410942618843 11.4882673463107920497
9516 588.895000 26.140597652305910259 -0.0867869926799785251781 11.4882548046992294388
9517 588.902000 26.1406698815230242872 -0.086786249925399988614 11.4882422684164442472
9518 588.909000 26.1407429082003019971 -0.0867853994711841603138 11.4882298616031963689
9519 588.916000 26.1408162959542984538 -0.0867846219695800613625 11.4882174010707398537
9520 588.923000 26.1408902393418394183 -0.086783941022033642132 11.4882049063298659064
9521 588.929000 26.1409540654884438027 -0.086783313140693527088 11.488194319209661387
9522 588.936000 26.1410286814902690367 -0.0867824010658515276884 11.4881818924110312707
9523 588.944000 26.1411143465543887032 -0.0867814114433359401479 11.488167644255090849
9524 588.951000 26.1411900508311951796 -0.0867807281238590633166 11.4881551922524227649
9525 588.957000 26.1412553658601716222 -0.086780117207241408428 11.488144638297516309
9526 588.962000 26.1413097180790359175 -0.0867793808401835509159 11.4881357393501897235
9527 588.967000 26.1413645897318858147 -0.0867789049739378925974 11.4881269095300098115
9528 588.972000 26.1414192972648606883 -0.0867783217602568351934 11.4881180276680119334
9529 588.979000 26.1414966744930694631 -0.0867777108384994028123 11.4881055948454644522
9530 588.986000 26.141574149024066287 -0.0867769922568488866199 11.4880931564584205518
9531 588.993000 26.1416523484524816467 -0.0867762146852216892379 11.4880808338769515586
9532 588.999000 26.1417198085989888057 -0.0867757114675797719405 11.4880702749829719522
9533 589.004000 26.141776170775486321 -0.0867753513295565215291 11.4880613994218307994
9534 589.008000 26.1418212182080367256 -0.0867748827379773018942 11.4880543097143625886
9535 589.012000 26.1418669021384353357 -0.0867746656942287308834 11.4880472733510519134
9536 589.016000 26.1419118232089751075 -0.0867742081590209130004 11.488040025305494396
9537 589.020000 26.1419574908105083466 -0.0867738051951087718816 11.4880330273955504339
9538 589.023000 26.1419917561286432317 -0.0867735225862864278934 11.4880276799730332016
9539 589.028000 26.1420487392362339563 -0.0867730275518300425697 11.488018773592369115
9540 589.032000 26.1420949547524799073 -0.086772845253631242235 11.4880117133523036443
