15210 630.649000 -0.300812599285948389927 0.010422487885656965545 -0.0570696257583526433965 -0.0367966329038967795984 -0.0718857476439582199212 0.996733889808410822297 2.90227388465322633238
15211 630.657000 -0.300812828075386617943 0.0104204027489241228543 -0.0570674445583613937361 -0.0367941799517857853763 -0.071887940781856923822 0.996733822187157225692 2.90228112843271013332
15212 630.664000 -0.300813010367084188168 0.0104188288751848774638 -0.0570652766248189446951 -0.0367917926971160144656 -0.0718903900636514020528 0.99673373365539730262 2.90228776251836206868
15213 630.670000 -0.300813283727720703897 0.0104180506500327930974 -0.0570630114209892541632 -0.0367887992202308722334 -0.0718933624493573592007 0.996733629756545780332 2.90229267239629251662
15214 630.677000 -0.300813760772973615154 0.0104177457072288509599 -0.0570600418502995310188 -0.0367842164824143946777 -0.0718969229257806763389 0.996733542072092193465 2.90229644313056267535
15215 630.684000 -0.300814243078979970392 0.0104177033531438027747 -0.0570572136779116528826 -0.0367797367443859143932 -0.0719007025891094803116 0.996733434741810087054 2.90229994656894829674
15216 630.691000 -0.300814713029482649898 0.010417979734042761425 -0.0570546036089095362498 -0.0367753580153634893057 -0.0719044875223984608636 0.996733323270062476773 2.90230252534495969385
15217 630.697000 -0.30081506504941279978 0.0104184588418010544431 -0.0570526314342571991278 -0.0367718458423558491877 -0.0719077031927854021243 0.996733220864482016843 2.90230391087687156215
15218 630.704000 -0.30081537357137821953 0.0104193001983948346778 -0.0570507067890988553427 -0.0367681549954945730008 -0.0719114299778200877222 0.996733088151874446758 2.90230446304948763725
15219 630.710000 -0.300815522023410331087 0.0104202682530611621947 -0.0570494048570998127379 -0.0367653980511014055743 -0.0719146317741986007555 0.996732958842500460506 2.90230395554076547882
15220 630.717000 -0.300815535026001001917 0.0104216920687052565231 -0.0570482907273971578954 -0.0367626820716876814843 -0.0719184209140589641995 0.996732785625176531674 2.90230216478769742494
15221 630.724000 -0.30081536098887573516 0.0104234351142645023658 -0.057047581708339963058 -0.036760494636769204535 -0.0719223113423302640168 0.996732585584135910572 2.90229906713924279416
15222 630.730000 -0.300815022675459509127 0.0104255424745911193241 -0.0570470809074885357171 -0.036758554270663081065 -0.0719264607103613090588 0.99673235772578971936 2.90229457186615613651
15223 630.735000 -0.300814707943140524637 0.0104267984151636891599 -0.0570471449706427685689 -0.0367580284934930084928 -0.0719286852508848051357 0.996732216585453079105 2.90229165763569740832
15224 630.739000 -0.300814362952009584085 0.0104281967464488756203 -0.0570471436696485950657 -0.0367573911135342587531 -0.071931077961869621662 0.996732067419208944692 2.9022882546362405165
15225 630.743000 -0.300813895007578158136 0.010430097757058384017 -0.0570470370195035186844 -0.0367564435836723185647 -0.0719342004774091159369 0.996731877014453759855 2.90228343230204499648
15226 630.747000 -0.300813443227323062956 0.0104316661626303909538 -0.0570471456969008500204 -0.0367560590772342751786 -0.071936628329779622737 0.99673171597258514165 2.9022793314714538937
15227 630.754000 -0.300812658784989250815 0.0104341098805772816704 -0.0570475493735697614106 -0.036755994848591717894 -0.0719402144696931478141 0.996731459513917839033 2.90227279122066628148
15228 630.761000 -0.300811704929497492067 0.0104371235568415862693 -0.05704781182305818793 -0.0367557804381812847083 -0.0719444123946403335523 0.996731164421766235861 2.90226452510209265157
15229 630.768000 -0.300810700053548762956 0.0104402082351179245623 -0.0570480321716758803641 -0.0367557849740040715192 -0.0719484349144152296462 0.996730873899424718587 2.90225592406868271311
15230 630.774000 -0.300809825868275815264 0.0104428541865620796991 -0.0570481525100623582114 -0.0367559372537248629786 -0.0719516665382593373357 0.996730635005750764677 2.90224848014228165027
15231 630.781000 -0.300808821471904408451 0.0104458794828255867315 -0.0570481862600769884519 -0.0367562627445147185878 -0.0719551022969642378735 0.996730374977350508381 2.9022399378534529113
15232 630.788000 -0.300807863009592835191 0.0104487728429405422881 -0.0570480918214426660495 -0.0367567243277486799258 -0.0719581046842320826151 0.996730141205204422938 2.9022317796867573847
15233 630.795000 -0.300806976155882810353 0.0104514723246821525371 -0.0570478703670796866154 -0.036757301129800634687 -0.0719606187863746082911 0.996729938427423522995 2.90222422484840469892
15234 630.802000 -0.300806180413682844321 0.0104539261558337613633 -0.0570475368143833205803 -0.0367579751872610521746 -0.0719626159569472789723 0.996729769378223107168 2.9022174591643770114
15235 630.808000 -0.300805524610911811934 0.0104560150213235114602 -0.0570471520768543668978 -0.0367586746176800510666 -0.0719642175361749070195 0.996729627950708407802 2.90221228351503768295
15236 630.815000 -0.300805056062108111536 0.0104575423148050156152 -0.0570467240594020874589 -0.0367595240145534504772 -0.0719650508969441188301 0.99672953645591533256 2.90220848629192085255
15237 630.822000 -0.300804598020684432758 0.0104590509896088298958 -0.0570462437320673407259 -0.0367603732999273874471 -0.0719656076757173440717 0.996729464933546860372 2.90220486724934412237
15238 630.829000 -0.300804285034780571895 0.0104601311890866292831 -0.0570457623509546193907 -0.0367610141756595926177 -0.0719657763683639040142 0.996729429117288234785 2.90220240453307276596
15239 630.835000 -0.300803976673124862096 0.0104611100737397356986 -0.0570454168356768348547 -0.0367620650141643745545 -0.0719656554530890973931 0.996729399090395928873 2.90220055780618135799
15240 630.842000 -0.300803787899670327377 0.0104617438146624025519 -0.0570450486414319710149 -0.03676280638367682152 -0.0719653643919747898483 0.996729392761509069842 2.90219962856732482948
15241 630.848000 -0.300803598471009514537 0.0104622763617205835618 -0.0570448603180647370592 -0.0367639336636339936204 -0.0719649025543077636158 0.996729384528180051284 2.90219934830911840962
15242 630.855000 -0.300803491551200896659 0.0104625452662318943475 -0.0570447003557346885017 -0.0367647637829927251274 -0.0719643882902989556749 0.996729391039505752126 2.90219973710457734839
15243 630.861000 -0.300803369981872292804 0.0104627516106725118594 -0.0570447179964610612268 -0.0367658871427778699559 -0.0719638344400350543628 0.996729389591423542427 2.90220063588699561663
15244 630.868000 -0.300803283926356246347 0.0104627955061714732199 -0.0570448000779461561471 -0.0367667868058868044234 -0.0719633426632328293548 0.996729391911718831665 2.90220184852014462251
15245 630.874000 -0.300803170485301918369 0.0104628337309036721636 -0.0570450199516697870061 -0.0367678388056650803928 -0.0719629124112633605792 0.996729384169469212473 2.90220335974871934681
15246 630.881000 -0.300803043485653620603 0.0104628138793926434014 -0.0570453462030253086179 -0.0367688381668917624312 -0.0719625765957098983971 0.996729371549551435017 2.90220507703558805446
15247 630.887000 -0.300802909127455886384 0.0104628092513605885916 -0.0570456936291691696361 -0.0367696485794755459353 -0.0719624190911106881297 0.996729353025131437072 2.90220648846864781589
15248 630.895000 -0.300802703886734912331 0.0104628301830095235547 -0.0570462050235914508445 -0.0367706060873914178377 -0.0719624033311523358947 0.996729318839759348414 2.90220802546466849492
15249 630.901000 -0.300802474180566492556 0.0104629733267851340872 -0.0570466518490194973712 -0.0367713048815324905494 -0.0719625669472521434233 0.996729281247256015952 2.90220908610865580002
15250 630.908000 -0.300802201914968925234 0.0104631791175579108577 -0.0570471532844621306846 -0.036771937975737821469 -0.0719628644453581961526 0.996729236411939223395 2.9022099295921650608
15251 630.914000 -0.300801930291505537074 0.0104634541015880856707 -0.0570475586606864343286 -0.0367723848181428850102 -0.071963262856214238461 0.996729191161708660829 2.90221023398569943907
15252 630.922000 -0.300801587226567579414 0.0104638483751353303375 -0.0570480320967778273267 -0.0367728055919340768298 -0.0719638240968278469767 0.996729135116586562049 2.90221033911022674445
15253 630.928000 -0.300801282634868327737 0.0104642908887388023931 -0.0570483348031027986957 -0.0367729626544328475068 -0.0719643678065325642645 0.996729090066012735072 2.90220999903171872347
15254 630.935000 -0.300800865617135426699 0.0104650113299400576716 -0.0570486098626222237762 -0.0367729415247186816607 -0.0719651382898849889536 0.996729035215959346949 2.90220901627617688945
15255 630.941000 -0.300800543432134748212 0.0104656225392566679111 -0.0570487565893279188756 -0.0367728355323391556397 -0.0719657730790331379156 0.996728993293587661739 2.90220798897704002073
15256 630.948000 -0.30080018829518240242 0.0104663851124188501951 -0.0570488354269468936342 -0.0367725446711558781598 -0.0719664788373219760365 0.996728953067063772053 2.90220663340131235231
15257 630.955000 -0.300799848689558224635 0.0104672043645202411666 -0.0570488107620930884334 -0.0367721318702894789388 -0.0719671771537481047565 0.996728917875986608621 2.90220504269557189048
15258 630.963000 -0.300799544442589550375 0.010468041090500455198 -0.0570486740205340542298 -0.0367715788591101641614 -0.0719678466410578060453 0.996728889938511608548 2.90220337757732993467
15259 630.969000 -0.30079927919650173429 0.0104688794027905963946 -0.0570484936966942218772 -0.0367709891926762122427 -0.0719683936242477839684 0.996728872197919946174 2.90220174771469174857
15260 630.977000 -0.300799062806944128567 0.0104696930452886638463 -0.0570482043353864876067 -0.0367702816176762800615 -0.0719688941261620307444 0.996728862162631457089 2.90220022679903744134
15261 630.984000 -0.300798887141328408212 0.0104704734125585681437 -0.0570478960178103650103 -0.0367696144952135636763 -0.0719693117153121231233 0.996728856621045933295 2.90219884842012287862
15262 630.991000 -0.300798740196611125164 0.0104712956359462004696 -0.0570475545942006750932 -0.0367689317339494059489 -0.0719696663927320984255 0.996728856198346058193 2.9021976157781947947
15263 630.998000 -0.300798680469388457492 0.0104718358945259312764 -0.0570472507988500909804 -0.0367683765039831106369 -0.0719698431168209196152 0.996728863919873475652 2.9021970249785611351
15264 631.005000 -0.300798629324875221869 0.0104724919908289748616 -0.0570469336134293847351 -0.0367678600787086223844 -0.0719700124918379036121 0.996728870740261618799 2.90219653664143839578
15265 631.012000 -0.300798629752919488567 0.0104728936984749346206 -0.0570466879745755370279 -0.0367674945226452790092 -0.0719700596959832739064 0.996728880816585838254 2.90219653549043687946
15266 631.018000 -0.30079863915902349536 0.0104733187442144215495 -0.0570464921894162715899 -0.0367672714873240949474 -0.0719700824028291080703 0.996728887404347063672 2.90219676433540074711
15267 631.026000 -0.300798671375248127813 0.0104736415897407932063 -0.057046332581127012773 -0.0367671463610607027195 -0.071970040539745233632 0.996728895042765294932 2.90219737793518062219
15268 631.033000 -0.300798714667420752367 0.0104738999405473709459 -0.0570462558311183309812 -0.0367671672058438522845 -0.0719699350709752799782 0.996728901889343932297 2.90219830819191804139
15269 631.040000 -0.30079875090313817898 0.0104741071608830497996 -0.0570462471873277796042 -0.0367673410626963084735 -0.0719698120743383351616 0.99672890435722993896 2.90219942736461034016
15270 631.047000 -0.300798778346214490398 0.0104742691318967379166 -0.0570463031639713083476 -0.0367676417776363617662 -0.0719696699574828568924 0.996728903526090448395 2.90220070568263777133
15271 631.054000 -0.300798797076143986651 0.0104743875490457445665 -0.0570464230152285256548 -0.0367680330323635132239 -0.0719694811428781833218 0.996728902726792487243 2.90220217057419382911
15272 631.061000 -0.300798789145549694268 0.0104744922009564200849 -0.0570465936377972798743 -0.0367685266712518762922 -0.0719692969884335453923 0.996728897813952241513 2.90220364200046931913
15273 631.068000 -0.300798756759133811833 0.0104746174819597206995 -0.0570468135055492639451 -0.0367691209267101762337 -0.0719690688903452807645 0.996728892362077401046 2.90220526022128133548
15274 631.075000 -0.300798704943501360454 0.0104746813807618001368 -0.0570470447477167963424 -0.0367696572299772844739 -0.0719688966136028812626 0.99672888501708944986 2.90220654474457662175
15275 631.081000 -0.30079862311269417452 0.0104748127236563848275 -0.0570472795841337962375 -0.0367702221876292784097 -0.0719686966794083476939 0.99672887861170134105 2.90220778053612971092
15276 631.088000 -0.300798511849021288356 0.0104749472418748171276 -0.0570475412944704551865 -0.0367708113179753964816 -0.0719685103946098719829 0.996728870328635885301 2.90220892553746789844
15277 631.095000 -0.30079838346106385627 0.010475098882576371756 -0.0570478019501467897845 -0.0367713502683532852955 -0.071968304949059674902 0.996728865279922104925 2.90220997818313586336
15278 631.102000 -0.300798229719834053775 0.0104752910444110419741 -0.0570480431084691014254 -0.0367718460481694861541 -0.0719681313779267778363 0.996728859522076460209 2.9022107900920586232
15279 631.108000 -0.300798089550407432569 0.0104754761381832019185 -0.0570482344549988820703 -0.0367722026631157397625 -0.0719679681748983113287 0.99672885814953693373 2.90221139728294197369
15280 631.114000 -0.300797941239381971812 0.0104756854790131470612 -0.0570484026997390078484 -0.0367725015713768477177 -0.071967822361244160323 0.996728857650245547717 2.90221186634892669431
15281 631.120000 -0.300797781013797227434 0.0104759279093768753466 -0.0570485447807444687185 -0.0367727525024525922492 -0.0719677082088903408152 0.996728856634818916049 2.90221216478806498529
15282 631.127000 -0.300797601874008113665 0.0104762213332545393862 -0.0570486831531272914342 -0.0367729416683893681195 -0.0719675559831462335891 0.996728860647099867975 2.90221248267083442585
15283 631.134000 -0.300797419681964994798 0.0104765482392246873922 -0.0570487826590468649623 -0.0367730562319695045148 -0.0719674446614953222667 0.996728864458261365478 2.90221262969483895233
15284 631.140000 -0.300797272910808266566 0.0104768379146001379409 -0.0570488444258498775263 -0.0367730769037688393075 -0.0719673413150034718688 0.99672887115758790344 2.90221274810879092954
15285 631.147000 -0.300797106955409510043 0.0104771945811950074889 -0.0570488838461460853746 -0.0367730455488546603693 -0.0719672640532273560909 0.996728877892957831897 2.9022127903430692264
15286 631.154000 -0.300796960886805853086 0.0104775500943088094308 -0.0570489006008546017945 -0.0367729352080254784374 -0.071967180396607044468 0.996728888004129398581 2.90221289315857466917
15287 631.161000 -0.300796823721280470743 0.0104779169618515952123 -0.0570488939176367476636 -0.0367727910601920449096 -0.0719671362653339641291 0.996728896508679573785 2.90221296661692607088
15288 631.168000 -0.300796704629540112563 0.0104782772376094124311 -0.0570488689559346534574 -0.036772612035797486163 -0.0719671137529492160878 0.996728904738963916721 2.90221308493495566694
15289 631.175000 -0.300796608751786320735 0.0104786211859535412227 -0.0570488380381943271935 -0.0367723985908378209198 -0.0719670832954268507864 0.996728914812761601638 2.90221334613988668494
15290 631.182000 -0.30079653258849542441 0.0104789056863714528933 -0.0570487993252256631038 -0.0367722221859693998436 -0.0719671019483731910782 0.996728919974060878495 2.90221361060001425969
15291 631.189000 -0.300796452772171596379 0.0104792867979122961142 -0.0570487618433773643889 -0.0367720033531266921045 -0.0719671069653414624545 0.996728927685173959894 2.90221404282145289955
15292 631.196000 -0.30079640402389784537 0.0104795821445364568947 -0.0570487327519906481377 -0.0367718135345236479816 -0.0719671032852963049598 0.99672893495378456219 2.90221462670312524423
15293 631.203000 -0.300796359187524287027 0.010479870046832602537 -0.0570487106269997185093 -0.036771671604061598182 -0.0719671254550791200666 0.996728938589211521659 2.90221526255127715288
15294 631.210000 -0.300796323112427654856 0.0104801387557091826852 -0.0570486978618342521763 -0.0367715687236299035301 -0.0719671515541468603816 0.99672894050026750179 2.90221598662100044308
15295 631.218000 -0.300796300353857848364 0.010480363507690527991 -0.0570487067374042255974 -0.0367714939086667760848 -0.0719671447575069567204 0.996728943751096663206 2.90221693239490186045
15296 631.225000 -0.30079627270230469005 0.0104805972971020733286 -0.0570487273872477343439 -0.0367714822063117466322 -0.0719671473164049946281 0.996728943998061001075 2.90221784747145372663
15297 631.232000 -0.300796245022323438523 0.010480860459679601504 -0.0570487606215715620239 -0.0367715066980146138009 -0.0719671200707291680576 0.996728945061737037214 2.90221891837614442977
15298 631.239000 -0.300796222024894477354 0.0104810189247267933343 -0.0570488085242408099473 -0.036771575441301128373 -0.0719670917005333643512 0.996728944574066022533 2.90221985651470548717
15299 631.246000 -0.300796188088006455352 0.0104812194482824944108 -0.0570488684591605871299 -0.0367716904294857691027 -0.0719670477163208005544 0.99672894350768959093 2.90222087205078915773
15300 631.253000 -0.30079614850753411126 0.0104814163087278283681 -0.0570489405253095938075 -0.0367718326970522119135 -0.071966972128166648015 0.996728943716797877173 2.90222190015336467539
15301 631.260000 -0.300796106834671561625 0.010481601949988251371 -0.0570490223576478466816 -0.0367719914383236312627 -0.0719668613789443134543 0.996728945856858228325 2.90222295683242004216
15302 631.267000 -0.300796050336726239482 0.010481797071054080317 -0.0570491095157925759418 -0.0367721861224619833708 -0.0719667557119383627384 0.99672894630389530235 2.90222391749196795274
15303 631.274000 -0.300795991599654644055 0.0104819876319794044739 -0.0570492037170928500966 -0.0367723740979419427832 -0.0719666037011232606613 0.996728950344538899841 2.90222489583857345963
15304 631.280000 -0.300795917647164290365 0.0104822091823268161159 -0.0570492935160951675222 -0.0367725757991740134778 -0.0719664535025116847144 0.996728953747890833448 2.90222570993559347841
15305 631.285000 -0.300795860076086774004 0.0104823595415944048614 -0.0570493631700087905356 -0.0367727234224880586422 -0.071966339709135157543 0.99672895651774984227 2.90222630230493194858
15306 631.292000 -0.300795787363358102517 0.0104825249756709780458 -0.057049450565572354388 -0.0367729002558399645229 -0.0719661958770888010584 0.996728960378775341589 2.902227037198110704
15307 631.299000 -0.30079569307182135729 0.0104827494161181256072 -0.0570495442088711363082 -0.0367730974248405215188 -0.0719660331462891322829 0.996728964854022181363 2.90222774407528172347
15308 631.306000 -0.300795599848548422806 0.0104829741538585430316 -0.0570496370158046772758 -0.0367732607856590815176 -0.071965840442051190462 0.996728972740663854424 2.90222846045939375514
15309 631.313000 -0.300795495415477620593 0.0104832153733833491338 -0.0570497252007983110533 -0.0367734231123513152784 -0.0719656696997271888572 0.996728979079704480171 2.90222907857365841622
15310 631.320000 -0.300795388377471883956 0.0104834653522003010129 -0.057049806380578514664 -0.0367735662119887257715 -0.0719655128643060110205 0.996728985123955246728 2.90222963879249551411
15311 631.327000 -0.300795286817023499459 0.0104837120968105240726 -0.0570498850460749926117 -0.036773669677721609883 -0.0719653372304872029908 0.99672899398770176127 2.90223023975122806917
15312 631.334000 -0.300795178318595812783 0.0104839727328662375705 -0.0570499588919632788508 -0.0367737708896212350806 -0.0719651955556520755986 0.996729000482675986383 2.90223077256854811168
15313 631.341000 -0.300795071612658726501 0.0104842380107166670278 -0.0570500244935787520495 -0.036773852167740456176 -0.071965074262355391288 0.996729006241495407714 2.90223127734912056397
15314 631.348000 -0.300794974042336682452 0.0104844943464318385296 -0.0570500882875074194489 -0.0367738991918995783426 -0.0719649406557049814426 0.996729014153117320873 2.90223185690958107585
15315 631.355000 -0.300794875165009745199 0.0104847581195326201853 -0.0570501479331403382744 -0.036773941120607389621 -0.0719648363149992392751 0.996729020139683452584 2.90223241334547354953
15316 631.361000 -0.300794779520020760799 0.0104850386863361913492 -0.0570501979028782760239 -0.0367739732609572503308 -0.0719647548755697336054 0.996729024833881926959 2.90223290776396991575
15317 631.368000 -0.30079470509384831356 0.0104852419070765347231 -0.0570502447536223866731 -0.036773988911511429345 -0.0719646901770453623071 0.996729028927751170563 2.90223349200140123827
15318 631.374000 -0.300794625563892747966 0.0104855066481242230336 -0.057050292908547475812 -0.036773987076942432628 -0.0719646014237601688857 0.99672903540349633289 2.9022341149029857732
15319 631.382000 -0.300794544400381558269 0.0104857447407946773044 -0.0570503431571595664984 -0.0367740015872028841448 -0.0719645513471523223803 0.996729038483713192242 2.90223483072974541841
15320 631.388000 -0.300794468069297382673 0.0104860099143228892304 -0.0570503847816952736061 -0.0367740128531242604915 -0.0719645071524829399445 0.99672904125894645766 2.90223545504707747256
15321 631.396000 -0.300794403351936967539 0.0104862283307576749369 -0.0570504340234232396045 -0.0367740126886684504104 -0.0719644477626401324333 0.996729045552998793589 2.90223629497519164389
15322 631.403000 -0.300794335222055952972 0.0104864655449497835848 -0.0570504800220972968505 -0.036774032025494340914 -0.0719644044340752297995 0.996729047967920389617 2.90223705961159827993
15323 631.409000 -0.300794270401074537169 0.0104867150921011571818 -0.0570505202265094851777 -0.0367740547211478432943 -0.0719643624108288471053 0.996729050164671837031 2.90223777487379130946
15324 631.417000 -0.300794214170552798304 0.0104869185169737984265 -0.0570505718457593805071 -0.0367740752737765533298 -0.0719642986433690484693 0.996729054010429993404 2.90223869409425150323
15325 631.424000 -0.300794152343085652301 0.0104871428337973277012 -0.0570506212048522004521 -0.0367741196510287596255 -0.0719642460339937201086 0.996729056171560934274 2.90223952129409479284
15326 631.431000 -0.30079409127699324733 0.0104873651379853889687 -0.0570506690418973658185 -0.0367741737436765719904 -0.0719641926676179710665 0.996729058028894776555 2.90224033556105176501
15327 631.436000 -0.300794043626307683326 0.0104875621932625090471 -0.0570507113892746442474 -0.0367742104589513230106 -0.0719641119969709336379 0.996729062498735385311 2.90224103961204660251
15328 631.443000 -0.300793981821177058844 0.0104877794868392069938 -0.0570507622819659207525 -0.036774281184541693368 -0.0719640420439913025552 0.996729064939941844514 2.9022418578158424296
15329 631.450000 -0.30079393090212352968 0.0104879423521407125208 -0.0570508140108338182572 -0.0367743463327945274699 -0.0719639658600420700774 0.996729068036791066021 2.90224264721121549826
15330 631.457000 -0.300793859248316142185 0.0104882025597790341787 -0.0570508755355652111274 -0.0367744329740627082237 -0.0719638485295447244416 0.996729073311425350923 2.90224353739401408347
15331 631.464000 -0.300793798312677884699 0.0104884102736133681677 -0.0570509361869186298888 -0.0367745075122499348597 -0.0719637229958293989096 0.996729079624855240915 2.90224439056910288315
15332 631.471000 -0.300793727872861738071 0.010488629071051913666 -0.0570509974835695099493 -0.036774602970197245444 -0.0719636120348943336689 0.996729084114272079198 2.90224517177340679552
15333 631.477000 -0.300793669350456926992 0.0104888128152584268749 -0.0570510508792306525461 -0.0367746786652373217064 -0.0719635050080457971955 0.996729089048787431082 2.90224584942874841431
15334 631.483000 -0.300793601816044309238 0.0104890084709448883071 -0.0570511030172980576625 -0.0367747717496693660166 -0.071963416816695352507 0.996729091981781278875 2.90224645538603631678
15335 631.489000 -0.300793538912117075501 0.0104891951253875057026 -0.0570511586150182770094 -0.0367748528674042771125 -0.0719633079363403843631 0.996729096850011764275 2.90224710298174226608
15336 631.495000 -0.3007934749420664855 0.0104893837629937251854 -0.0570512160460417971919 -0.0367749279320718908126 -0.0719631869431630322165 0.996729102816093170958 2.90224775463343265258
15337 631.500000 -0.300793418075906204834 0.010489546426558717801 -0.0570512628678476602095 -0.0367749958808813726119 -0.071963098510673215169 0.996729106693842070719 2.90224826355132980993
15338 631.506000 -0.30079333550166570399 0.010489792839246777495 -0.0570513233675776776366 -0.0367750917357146100972 -0.0719629836979223114213 0.996729111446596816037 2.90224888500633193544
15339 631.513000 -0.300793283240165076897 0.0104899154209984295238 -0.0570513782207887204523 -0.0367751489394430031155 -0.0719628840482167547732 0.996729116530637337945 2.90224954282792069193
15340 631.520000 -0.300793189500797031322 0.0104901947568544345879 -0.0570514496722045877375 -0.0367752438529594938288 -0.0719627446783267371577 0.996729123091081858909 2.90225027612297337143
15341 631.528000 -0.300793104464838534362 0.0104904135949398132077 -0.0570515179379620096523 -0.0367753329055039782092 -0.0719626380883416211232 0.996729127501075673479 2.90225100528380686171
15342 631.536000 -0.300793035316543777569 0.0104906996946049733965 -0.0570515551823711705715 -0.0367753619555139799058 -0.0719625528734482294846 0.996729132581654519996 2.90225177983453974662
15343 631.543000 -0.300792925998927984654 0.0104909140273759249329 -0.0570516535225461043912 -0.0367755005138840768142 -0.0719624250237745205494 0.996729136699961770773 2.90225245660363784239
15344 631.551000 -0.300792833214086674509 0.0104911791677757375296 -0.0570517248070879084976 -0.0367755783051606499612 -0.0719623143446563862113 0.99672914182062599675 2.90225325348019635996
15345 631.559000 -0.300792741937934759999 0.0104914431270052357914 -0.0570517947774977773889 -0.0367756514862552300049 -0.0719622098386576425355 0.996729146665681908779 2.90225406158572418747
15346 631.566000 -0.300792652553847295049 0.0104917218884335201878 -0.0570518599231188139331 -0.0367757174380586374096 -0.0719621068638402056061 0.996729151666907564611 2.90225482522083266801
15347 631.572000 -0.300792588694496210167 0.0104919138828312545619 -0.0570519126061331399713 -0.0367757614333369259318 -0.0719620227075797036509 0.996729156119571024774 2.90225547867524680257
15348 631.579000 -0.300792526472352161893 0.010492088677836991506 -0.0570519652945814387257 -0.036775808072002903748 -0.0719619524197239457397 0.996729159473421222337 2.9022561819746410805
15349 631.586000 -0.300792442170838725257 0.0104923608664193174222 -0.0570520276767923634198 -0.0367758688822086010628 -0.0719618560133192530781 0.996729164190090610731 2.90225698300769385796
15350 631.594000 -0.300792367289253625984 0.0104925689528243479276 -0.0570520884233175415434 -0.0367759326856805859873 -0.0719617839832172173642 0.99672916703638758662 2.90225779046194842792
15351 631.602000 -0.300792286096203564938 0.0104928201875447435487 -0.0570521527152400148575 -0.036775996180139942926 -0.0719616917590880089683 0.996729171352042087051 2.90225867047457386505
15352 631.609000 -0.300792213816717168839 0.0104930420792273895736 -0.0570522068432148254935 -0.0367760587846641187615 -0.071961621348060333947 0.99672917412566253148 2.902259417065087721
15353 631.617000 -0.300792134802152055784 0.0104932892946388023336 -0.0570522704903378835573 -0.0367761245420797425187 -0.0719615250852471549647 0.99672917864938170851 2.90226031040061549504
15354 631.625000 -0.300792056379913075315 0.0104935343771839217908 -0.0570523343955167822061 -0.0367761925611712614526 -0.0719614259290350805065 0.996729183298534548996 2.90226120856732316966
15355 631.633000 -0.300791978632964029927 0.0104937786885021949734 -0.0570523978216734284352 -0.0367762620874417869854 -0.0719613235540241813482 0.996729188124451881414 2.90226210583678367882
15356 631.641000 -0.300791900457903937927 0.0104940223582272347536 -0.0570524619326583035117 -0.0367763341119320130712 -0.0719612171529973310147 0.996729193148844561101 2.90226299969471179807
15357 631.648000 -0.300791821794121616573 0.010494265941455589719 -0.0570525265284778648756 -0.0367764082696415417484 -0.0719611073514313942523 0.996729198340020716707 2.90226388811756086383
15358 631.656000 -0.300791756853335201516 0.0104944735186286615403 -0.0570525847402178903911 -0.0367764631502933148077 -0.0719609927038664665133 0.996729204592315176647 2.9022646989146245744
15359 631.664000 -0.300791662300099960081 0.0104947711620478299765 -0.0570526539402531410183 -0.0367765590709650397327 -0.0719608766763134288791 0.996729209429961682254 2.90226558466394690683
15360 631.672000 -0.300791581162750121248 0.0104950162612668894402 -0.0570527202335438243797 -0.0367766384279871322294 -0.0719607601387300122031 0.996729214915562322652 2.90226645063742738628
15361 631.678000 -0.30079152162840050444 0.0104951979821905072576 -0.0570527720691903078576 -0.0367766921968283935773 -0.0719606595412128069444 0.996729220194458642723 2.90226712073341586162
15362 631.684000 -0.300791461485739819448 0.0104953805609716184499 -0.0570528223995641139976 -0.0367767484031109384568 -0.0719605674714887122434 0.996729224767727739476 2.90226777202235908248
15363 631.690000 -0.300791393786854877046 0.010495573922894217006 -0.057052870793468962729 -0.0367768209025936196332 -0.0719604972287817418186 0.996729227163970055159 2.90226836201834448303
15364 631.695000 -0.300791332160529389927 0.0104957735715596120474 -0.0570529187646163851722 -0.0367768779609868382008 -0.0719604045512391016226 0.996729231749658550754 2.90226894599403140163
15365 631.701000 -0.300791278924634641889 0.0104959127182223735386 -0.0570529649796559928943 -0.0367769322117332334021 -0.0719603355123746984967 0.996729234732301794253 2.90226952785723391059
15366 631.709000 -0.300791209424936478722 0.0104961075306490882186 -0.0570530289292112274824 -0.0367769944694195730084 -0.0719602226550615509115 0.996729240583033249123 2.9022703603947537232
15367 631.716000 -0.300791124314927771355 0.0104963731394737726232 -0.0570530937963555848103 -0.0367770718599787493908 -0.0719601055228763913929 0.996729246184008821352 2.9022711388016997347
15368 631.722000 -0.30079105552940477164 0.0104965668238178114202 -0.0570531433202512705538 -0.0367771425097728060782 -0.0719600372206996713453 0.996729248508345655466 2.90227172288776813502
15369 631.728000 -0.300791000902854155363 0.0104967087345599514869 -0.0570531897344628557978 -0.0367771976790194146667 -0.0719599755492297959991 0.996729250925161069929 2.90227229574990230887
15370 631.733000 -0.300790929909472815051 0.010496953982133679778 -0.0570532440265608536967 -0.0367772518169235465568 -0.0719598604036864597511 0.996729257240639432425 2.90227294848473071909
15371 631.740000 -0.30079087623505124105 0.0104970757849967739894 -0.0570532938017825827504 -0.0367773074468689328831 -0.0719597991660024527416 0.996729259609121287511 2.90227358963749582088
15372 631.746000 -0.300790799651390439173 0.0104973138385006797835 -0.0570533475121223002113 -0.0367773773752997842901 -0.0719597140808817120616 0.996729263171696411305 2.90227423612661761254
15373 631.752000 -0.300790737626010939998 0.0104974984086988500087 -0.0570534004218554088861 -0.0367774299243047789187 -0.0719596264791820955375 0.99672926755721358294 2.90227489333048982445
15374 631.759000 -0.300790675482469793689 0.0104976650726370905609 -0.0570534535799168476822 -0.036777488586118449454 -0.0719595512942212550689 0.996729270820734036818 2.90227559114821387354
15375 631.765000 -0.300790600910500083298 0.0104978993977519682868 -0.0570535099271765461237 -0.0367775529238121082209 -0.0719594584267895936991 0.996729275151412075218 2.90227627287618616947
15376 631.771000 -0.300790539585173932746 0.0104980807439872016185 -0.0570535598473053684465 -0.0367776084727529650742 -0.0719593818196171824964 0.996729278632449644526 2.90227692055335140253
15377 631.776000 -0.30079048755475518151 0.0104982341395226559666 -0.0570536016140451712753 -0.0367776548486595453169 -0.0719593170202961485149 0.99672928159947504767 2.90227745407092729835
15378 631.782000 -0.300790427562865947397 0.0104984145432155395739 -0.0570536514988118220737 -0.0367777060018086507376 -0.0719592366791461657272 0.996729285512269358449 2.90227811031455473767
15379 631.789000 -0.300790360664372091737 0.0104985880769994724404 -0.0570537030061477323795 -0.0367777771248123247494 -0.0719591821307859619283 0.996729286826079974304 2.90227876911917492819
15380 631.796000 -0.300790292936805037094 0.0104987939121120900376 -0.0570537618371117147276 -0.0367778326003447703085 -0.0719590786600598081302 0.996729292249212805999 2.90227956171047374312
15381 631.802000 -0.300790219516682444389 0.0104990245738511810136 -0.0570538151414859071031 -0.0367779009059162609319 -0.0719589973268291716035 0.996729295600702225322 2.90228023515540467514
15382 631.807000 -0.300790168583309314165 0.0104991753973775088504 -0.0570538560036948222409 -0.0367779461599404902672 -0.0719589310601431719761 0.99672929871502125021 2.9022807751248302921
15383 631.811000 -0.300790116951383579291 0.0104993441432006083536 -0.0570538941719456460522 -0.036777991262448524179 -0.0719588663027218022883 0.996729301725963190428 2.90228125456144203653
15384 631.817000 -0.30079007233168336688 0.0104994685860794398358 -0.057053939798915834225 -0.0367780272193892199262 -0.0719587857150477960833 0.996729306217222665865 2.9022819028087125659
15385 631.823000 -0.30079002136555965663 0.0104996022954914579317 -0.0570539844027982759322 -0.0367780766811168988162 -0.0719587245495089677938 0.996729308807986158492 2.90228250197160564383
15386 631.829000 -0.300789948973285925504 0.0104998309925075465621 -0.0570540384765462482708 -0.0367781425371626335963 -0.0719586323033166164187 0.996729313037673314568 2.9022831903380787999
15387 631.834000 -0.300789897983149978611 0.0104999818203262637595 -0.0570540795503713185632 -0.0367781895478785439413 -0.0719585676253218370357 0.99672931597244207591 2.90228372851093174845
15388 631.838000 -0.30078986096680421225 0.0105000957888635171322 -0.057054111797207103518 -0.0367782206399692029875 -0.0719585084408043973436 0.996729319097984789444 2.90228417896715651381
15389 631.843000 -0.300789810035751059569 0.0105002459767998372608 -0.0570541530551380987601 -0.0367782673760241179961 -0.0719584421104290383742 0.996729322162169473209 2.90228471622108674666
15390 631.849000 -0.30078975806473357002 0.0105003804437135382643 -0.0570541966312497067504 -0.0367783204154472007086 -0.07195838300257226261 0.996729324472333200191 2.90228530306555443374
15391 631.854000 -0.300789699614743832878 0.0105005729344730888708 -0.0570542428207455737388 -0.0367783688016411966504 -0.0719582942259762714521 0.996729329096108340735 2.90228590316132262217
15392 631.859000 -0.30078963409349007696 0.0105007755209586793599 -0.057054287719401644563 -0.0367784334095177731228 -0.0719582260763335784803 0.99672933163215815533 2.90228644606925678673
15393 631.865000 -0.300789596263677572185 0.0105008578219132481246 -0.0570543277425110545442 -0.0367784691698018750827 -0.0719581680318668592822 0.996729334503115405042 2.90228702027211982184
15394 631.870000 -0.300789537509585369612 0.0105010504983338685825 -0.0570543740112676306397 -0.0367785179083108121345 -0.0719580790860039759549 0.996729339126084079581 2.90228761628963116692
15395 631.876000 -0.300789471786306383816 0.0105012363861231444728 -0.0570544215889987466062 -0.0367785847777296198702 -0.0719580137537174369111 0.996729341375263921954 2.90228821369091338767
15396 631.881000 -0.300789419827280857245 0.010501388195635969619 -0.057054462456409077431 -0.0367786330368206279551 -0.0719579496060912399136 0.996729344225617985842 2.90228873908714302132
15397 631.887000 -0.300789351976389729426 0.0105016084934370160231 -0.0570545187166279846314 -0.0367786883294900085462 -0.0719578401398787287357 0.996729350088159882226 2.90228946045428282119
15398 631.893000 -0.300789300561016770263 0.0105017409280888825152 -0.0570545636713204740165 -0.036778738811647095075 -0.0719577758679085938143 0.996729352865444728771 2.90229004993860861816
15399 631.898000 -0.300789249400129410361 0.010501891241545605743 -0.0570546045399038942447 -0.0367787854412312820163 -0.071957709259280328018 0.996729355953573148419 2.9022905778490364348
15400 631.903000 -0.300789190018447116781 0.0105020857048449683946 -0.0570546503340206775934 -0.0367788340245815068008 -0.0719576225596857826927 0.996729360420044119273 2.90229116352653537803
15401 631.909000 -0.300789145133068425153 0.0105021754378579537659 -0.0570546886355178459183 -0.036778889315368677726 -0.0719575930661796314691 0.996729360509085227093 2.90229167104193130911
15402 631.914000 -0.300789085681642309744 0.010502369223670270787 -0.0570547363508697863432 -0.0367789359148939440369 -0.0719574983426690684141 0.99672936562801883742 2.90229227193054128975
15403 631.920000 -0.300789026102949108576 0.0105025460641169354759 -0.0570547857799488938868 -0.036778987898701397119 -0.0719574159374340160955 0.996729369658963193501 2.90229291784072307436
15404 631.927000 -0.300788951771174706273 0.0105027591551293680849 -0.0570548436521852442294 -0.0367790589829208938721 -0.0719573304212996478491 0.996729373209684688106 2.9022936434054775745
15405 631.934000 -0.300788877649458497032 0.0105029714178254893198 -0.0570548989846915294288 -0.0367791311205968723952 -0.0719572518455361825884 0.996729376220472418346 2.90229435349185438398
15406 631.941000 -0.300788809666202971993 0.0105031734713813759696 -0.0570549588559354226014 -0.0367791898199296002359 -0.07195714888795380626 0.996729381487325483135 2.90229513294926277922
15407 631.948000 -0.300788750647127622884 0.0105033320309887608091 -0.0570550113639319150804 -0.0367792440993473662703 -0.0719570702640046772069 0.996729385160536773824 2.90229583984625616466
15408 631.956000 -0.300788663130519828837 0.0105035783966670147327 -0.0570550761300950490251 -0.0367793322090189528373 -0.0719569848998098671178 0.996729388072001842858 2.90229663968686546482
15409 631.963000 -0.30078859599538787517 0.0105037793914532565087 -0.0570551344894335982216 -0.0367793888583655623203 -0.0719568821258722290946 0.99672939340120214613 2.90229742095455955919
15410 631.970000 -0.300788514901931980372 0.0105040316549827039694 -0.0570551975016694856713 -0.0367794613171324169532 -0.0719567769828915182462 0.996729398318047077332 2.90229821652685471278
15411 631.977000 -0.300788441910143533597 0.0105042409908009566621 -0.0570552532994922367848 -0.0367795327847259961862 -0.0719566988156773029717 0.996729401323993791095 2.90229893419427131818
15412 631.984000 -0.30078837565659310993 0.0105044235969402113828 -0.0570553154829726849595 -0.036779589606282955816 -0.0719565963129212282645 0.996729406627221314885 2.90229977977312181281
15413 631.993000 -0.300788295072922817752 0.0105046580941061708236 -0.0570553810337302916289 -0.0367796639024202259849 -0.0719564937913431540428 0.996729411286975675033 2.90230063354257383779
15414 631.998000 -0.300788230046072635471 0.0105048571572794076368 -0.0570554251156263902978 -0.0367797272080386886128 -0.0719564280154675606216 0.996729413699504074309 2.90230117264605036453
