19440 1150.894000 20.143062831610286878 -0.0730299713244925985389 -0.149463661042545797875
19441 1150.900000 20.1428854233592069534 -0.0729967113092588049117 -0.149482365993631460821
19442 1150.908000 20.1426480004364272247 -0.0730121847771456611298 -0.149538800986866671217
19443 1150.917000 20.1423821638355349251 -0.0730925821101638950594 -0.14963342411392910325
19444 1150.927000 20.1420916944934695891 -0.0732297628972757991273 -0.149760307286118582448
19445 1150.937000 20.1418095645316874709 -0.073384468224459098451 -0.149892169329954000334
19446 1150.946000 20.1415648662894568588 -0.0735154792615781427223 -0.150001715904661325762
19447 1150.955000 20.1413301988476050042 -0.0736237182740230450273 -0.150093001928614189211
19448 1150.965000 20.1410819945600536585 -0.0737075110389792537147 -0.150165656272810171812
19449 1150.974000 20.1408699121086556261 -0.0737475121510593328855 -0.150202270069218934978
19450 1150.983000 20.1406679067235572234 -0.0737562143596530855882 -0.150212279913100654749
19451 1150.993000 20.1404537970647687928 -0.0737357180808337342448 -0.150196321700793250509
19452 1151.002000 20.1402685172686837234 -0.0736978887504181334744 -0.150163278434406993744
19453 1151.011000 20.1400880905490780037 -0.0736495647504307182629 -0.15011879844975425935
19454 1151.020000 20.1399102280873165682 -0.073597850153101107562 -0.150068837449874287193
19455 1151.029000 20.1397326571667960593 -0.0735487095835605508842 -0.150018555593297159279
19456 1151.038000 20.139553318212470856 -0.0735065867280324664046 -0.149971865373564966495
19457 1151.048000 20.1393499580162149698 -0.0734713469757229675761 -0.149927161404684455848
19458 1151.057000 20.1391601438628065068 -0.0734524876865166181927 -0.149895781828845858774
19459 1151.065000 20.1389865197184398937 -0.0734429931887750492292 -0.149871826165632326955
19460 1151.075000 20.1387649810269948603 -0.0734419917574451464048 -0.149848566117970954936
19461 1151.084000 20.1385612342827151622 -0.0734493018541499398388 -0.149832780989515551573
19462 1151.093000 20.1383542913997466428 -0.0734618979118233511594 -0.149820469761862057334
19463 1151.103000 20.1381220611449904823 -0.0734789778943169269443 -0.149808694944170067709
19464 1151.112000 20.137911736964774434 -0.0734947453843320941402 -0.149798292741821298391
19465 1151.121000 20.1377019144030207087 -0.0735094996388848259672 -0.149787890185998390224
19466 1151.131000 20.1374708257580365967 -0.0735229682664175487883 -0.149775497133512291992
19467 1151.140000 20.1372650075895371913 -0.0735316359638047978287 -0.149763374985865282962
19468 1151.149000 20.1370622752471923889 -0.0735371336099743533321 -0.149751210342852658641
19469 1151.159000 20.136841016985609798 -0.073539334731263436562 -0.149737673466672244205
19470 1151.168000 20.1366447594018360689 -0.0735380946997084422589 -0.14972565311947150235
19471 1151.177000 20.1364513155751012619 -0.0735346563838682604208 -0.149714694301835232748
19472 1151.186000 20.1362602228729059561 -0.0735293786945809269007 -0.149704694760406237242
19473 1151.196000 20.1360492060217204369 -0.073521629290147313962 -0.149694034204654019549
19474 1151.205000 20.1358600475441882338 -0.0735140995054571200207 -0.149685547961066450773
19475 1151.214000 20.13567103829309346 -0.0735062654167450008069 -0.149677474453276365685
19476 1151.223000 20.1354812011366881563 -0.0734982667343790085912 -0.149669023750479024404
19477 1151.232000 20.1352900190664030333 -0.0734906165089021373715 -0.149660020244886976526
19478 1151.241000 20.1350975202995066127 -0.0734838260623658645621 -0.149650512234266203082
19479 1151.250000 20.1349036920075263879 -0.0734779439220450830694 -0.149639972145966443362
19480 1151.260000 20.1346862319764525751 -0.0734723077130007146129 -0.149626212388421941935
19481 1151.268000 20.1345112150314697885 -0.0734690181122641117195 -0.149614299380921467186
19482 1151.277000 20.1343133414891823918 -0.0734665797007313520206 -0.149599879251576695083
19483 1151.287000 20.1340930465733407573 -0.073465238651502798306 -0.149582649471013406917
19484 1151.296000 20.1338942396162181581 -0.0734650853813360316114 -0.149566147859869991166
19485 1151.305000 20.1336958053598529261 -0.0734661079136361278019 -0.149549662769850710831
19486 1151.314000 20.1334982060660614422 -0.0734678938545279686112 -0.149533303248282928299
19487 1151.323000 20.1333013401730660519 -0.0734699135429835864519 -0.149516991584394187687
19488 1151.332000 20.1331053364556744611 -0.0734720378646655375432 -0.149501220635055109831
19489 1151.341000 20.1329106037680283237 -0.0734741844157276169369 -0.149486587749502131128
19490 1151.350000 20.132717232724697709 -0.0734758734952438707921 -0.14947293016460511117
19491 1151.360000 20.1325032331713167366 -0.0734765263186973466292 -0.149458240349260668145
19492 1151.369000 20.132311591546198315 -0.0734764130601120307729 -0.149446260597794755576
19493 1151.378000 20.1321207830007615769 -0.0734753055325515075369 -0.149434978399576701147
19494 1151.387000 20.1319301837201543037 -0.0734729638857054973 -0.149423789983906429857
19495 1151.397000 20.1317182806541730145 -0.0734693555083544974638 -0.149411624627584421754
19496 1151.406000 20.131527825867841841 -0.0734654729590986238508 -0.149400926734817363073
19497 1151.415000 20.1313369362738363577 -0.0734608777016335090515 -0.149389699716118817818
19498 1151.425000 20.1311241131446294617 -0.0734555843083955911643 -0.149376867643273375519
19499 1151.434000 20.1309324727380953846 -0.0734510289813441741291 -0.149365153228589425671
19500 1151.443000 20.1307402471073650929 -0.0734465779212718772317 -0.1493526780578963431
19501 1151.453000 20.1305259788541093258 -0.0734423248893531499526 -0.14933838222361073278
19502 1151.462000 20.1303332470135210031 -0.0734393542093991213981 -0.149325440164181977298
19503 1151.471000 20.130140257690793959 -0.073436912503982154643 -0.14931194191825539197
19504 1151.480000 20.1299471065947770398 -0.0734351783662856305579 -0.149298224623914788101
19505 1151.490000 20.1297330469244357687 -0.0734343659584755642511 -0.149283510563481880418
19506 1151.499000 20.1295406558607901104 -0.0734339000856853718613 -0.149269932883532907564
19507 1151.509000 20.1293271545887790808 -0.073433849659543012911 -0.149255055600595987197
19508 1151.518000 20.1291359252504626909 -0.0734340979153214612474 -0.149242132771716828898
19509 1151.527000 20.1289450948914101502 -0.0734340764111586913332 -0.149229076049627790157
19510 1151.536000 20.128754602852289679 -0.0734338047661917958653 -0.149216099380929639873
19511 1151.545000 20.1285647365926365637 -0.0734333884327544317294 -0.14920358474097786261
19512 1151.553000 20.128396378976006531 -0.0734325669757319721143 -0.149192426822908535966
19513 1151.562000 20.128207501221350384 -0.0734313085877455890005 -0.149180113182969725782
19514 1151.571000 20.1280187483063706111 -0.0734293587426932264917 -0.149167470832043042028
19515 1151.579000 20.1278510919038282623 -0.0734273440360040247077 -0.149156296449081793298
19516 1151.588000 20.1276624031975828188 -0.0734246228817094226393 -0.149143445777217692472
19517 1151.596000 20.1274948558009434407 -0.0734220946985882222391 -0.149132129504216115468
19518 1151.605000 20.1273062942587657176 -0.073419206737533465601 -0.149119432186434530685
19519 1151.614000 20.1271179013502070632 -0.0734163234509780798787 -0.149106734663163653654
19520 1151.622000 20.1269502158513411416 -0.0734137222256298488388 -0.149095218214599783968
19521 1151.631000 20.1267615382017197589 -0.0734108679122482815638 -0.149082115939436155028
19522 1151.636000 20.1266565075159498122 -0.073409315048459267139 -0.149074693826750592773
19523 1151.641000 20.1265515915509034528 -0.0734080558747995381985 -0.149067605250488705027
19524 1151.647000 20.1264259659520199364 -0.0734065826903172874429 -0.149059053480910030931
19525 1151.653000 20.126299923527351865 -0.0734051836825786591101 -0.149050355281596269563
19526 1151.660000 20.1261532153190714212 -0.0734036584427467247993 -0.149040223987547043594
19527 1151.669000 20.1259645920649781203 -0.0734021441039224564751 -0.149027546973001662201
19528 1151.678000 20.1257763734419619084 -0.0734008866066949289264 -0.149015036808624629083
19529 1151.687000 20.1255882327967867695 -0.0733995801609344244998 -0.149002288732956122974
19530 1151.696000 20.1254001571322227448 -0.0733983404204129052939 -0.14898952007014235055
19531 1151.704000 20.1252333787610382387 -0.073397365266571354403 -0.148978395092747101236
19532 1151.713000 20.1250460017327377216 -0.0733963208091557295365 -0.14896602498300137718
19533 1151.723000 20.124838443859655257 -0.0733949747319536521806 -0.148952229778098604873
19534 1151.732000 20.1246515996096846379 -0.0733934697098646005031 -0.148939502703250986615
19535 1151.740000 20.1244859049318449706 -0.0733921000511650184484 -0.14892833314679421175
19536 1151.749000 20.1242996932088118456 -0.0733904881881884407768 -0.148915829641073804712
19537 1151.758000 20.1241139341312234023 -0.0733887444374307779116 -0.148903336569913641307
19538 1151.767000 20.1239282139890214296 -0.0733866473912697658832 -0.148890452242132320659
19539 1151.776000 20.1237424439387773134 -0.073384416544313074704 -0.148877413351097942495
19540 1151.784000 20.1235569196086210297 -0.0733823287981957284032 -0.148864649195308285101
19541 1151.790000 20.1234541032443559061 -0.0733812260060485721525 -0.148857676098981983603
19542 1151.796000 20.1233304053306056858 -0.073379544578234451313 -0.14884873172738211089
19543 1151.802000 20.123207014305986462 -0.0733782966754936288867 -0.148840429185762956887
19544 1151.807000 20.1231041352812312084 -0.073377002559649504021 -0.148833123552979396109
19545 1151.812000 20.1230010761574931166 -0.0733756999024639533502 -0.148825732365921115097
19546 1151.818000 20.1228777751566170195 -0.0733745225179637389212 -0.148817443428933771088
19547 1151.824000 20.1227542392643954372 -0.0733729596004668305209 -0.14880852166537814063
19548 1151.830000 20.1226310139469788396 -0.0733718621187264413708 -0.14880026565776752201
19549 1151.838000 20.1224666023547698046 -0.0733701833678198078736 -0.148788860031280500973
19550 1151.847000 20.1222817832930189752 -0.0733682915862103740556 -0.14877596265335257808
19551 1151.856000 20.1220968977409846445 -0.0733664569434439167717 -0.148763031659760541769
19552 1151.865000 20.1219122929626195173 -0.0733649003954021383667 -0.148750480680521185439
19553 1151.874000 20.1217280961455031729 -0.0733634213956445985216 -0.148738055499496563128
19554 1151.883000 20.1215439466078187536 -0.0733617530915624260768 -0.148725344810103327076
19555 1151.892000 20.1213598030533411531 -0.0733600594346427714587 -0.148712566399423817831
19556 1151.901000 20.121175999858721184 -0.0733585580375209489468 -0.148700123977044823542
19557 1151.910000 20.120992647434906786 -0.0733570530664225395334 -0.148687758135094605372
19558 1151.919000 20.1208093662274229985 -0.0733552891788861877176 -0.148675057224354895125
19559 1151.928000 20.1206260959063953919 -0.0733534468385667326462 -0.148662243076097849714
19560 1151.937000 20.1204431531166534342 -0.073351763036735698198 -0.148649727011512022834
19561 1151.946000 20.1202606332071454176 -0.0733500621383800371911 -0.148637259875307153889
19562 1151.954000 20.1200983831926691892 -0.0733484087804113088493 -0.148625971645892335227
19563 1151.963000 20.1199160453245795566 -0.0733464280687627645516 -0.148613128328437538173
19564 1151.972000 20.1197336617958306704 -0.0733444015251177167114 -0.148600172606312752599
19565 1151.981000 20.1195515484351084012 -0.0733425788860699451321 -0.148587528220187281569
19566 1151.990000 20.1193698046297946291 -0.0733407918151906396131 -0.148574956211374814563
19567 1151.999000 20.1191880477437017305 -0.0733388058700793071809 -0.148562063882590134067
19568 1152.007000 20.1190265684620008813 -0.0733371409175893190779 -0.148550713413485968584
19569 1152.016000 20.1188448623532352144 -0.0733351730953803460089 -0.148537749259990609074
19570 1152.025000 20.1186634171973288687 -0.0733334437488713936082 -0.148525129515123477386
19571 1152.033000 20.1185022948406242449 -0.0733318491944224964962 -0.148513820766550952435
19572 1152.042000 20.1183213564200542578 -0.0733302001632294697675 -0.148501320670181596872
19573 1152.051000 20.1181404264420500283 -0.0733283581742976975359 -0.148488521963950098614
19574 1152.060000 20.1179594576830567121 -0.0733265037531120045244 -0.148475653226280951413
19575 1152.068000 20.1177988907925708872 -0.0733249690781264257256 -0.148464411470469570542
19576 1152.076000 20.1176384632767373262 -0.073323436739347339075 -0.148453179841035398656
19577 1152.085000 20.1174581058811163814 -0.0733218012485643555465 -0.148440673940230111194
19578 1152.094000 20.1172781611061317619 -0.0733201891898691698879 -0.148428253749572136577
19579 1152.103000 20.117098251911123441 -0.0733183527123043160545 -0.148415514684745786234
19580 1152.111000 20.1169384568995290863 -0.0733167913443736468659 -0.148404292828978046082
19581 1152.120000 20.116758689889966405 -0.073314901959986453206 -0.1483914565600904234
19582 1152.129000 20.1165792244689498602 -0.0733132092049703226744 -0.148378940328385527936
19583 1152.138000 20.1164001635736724438 -0.0733115348646533604438 -0.148366496426870497771
19584 1152.147000 20.1162211247208126963 -0.0733096371781024463976 -0.148353724298320804875
19585 1152.155000 20.1160620888798327144 -0.0733080265698419636378 -0.148342468644706793057
19586 1152.164000 20.1158831577376524535 -0.0733060913925917961853 -0.148329593304358797745
19587 1152.174000 20.1156848561346386361 -0.0733042852330410693584 -0.14831583439457207696
19588 1152.183000 20.1155064616521777054 -0.0733023791169515742672 -0.148303040331746849301
19589 1152.192000 20.1153280187872240958 -0.0733004504676754015113 -0.148290156966223302115
19590 1152.202000 20.1151302539275960157 -0.0732986599783359144 -0.148276397339310556101
19591 1152.211000 20.1149523405553836142 -0.0732967734247950419846 -0.148263609752552649734
19592 1152.221000 20.1147545881480596108 -0.0732947598961324053857 -0.148249453238062989247
19593 1152.231000 20.1145574635765314042 -0.0732928131516374231635 -0.148235475294518220801
19594 1152.240000 20.1143798566263818373 -0.0732909218423276470622 -0.148222620051204706515
19595 1152.250000 20.1141830307818132439 -0.0732891706054093761136 -0.148208897653676840989
19596 1152.260000 20.113986137690950784 -0.0732869991076539328834 -0.148194536600310927676
19597 1152.269000 20.1138091859123733229 -0.0732853273820582434839 -0.148182030064514247414
19598 1152.279000 20.1136130393522449822 -0.0732833976723087920924 -0.148168089556098087067
19599 1152.288000 20.1134363224093348776 -0.0732815135038277221113 -0.148155263699481398731
19600 1152.298000 20.1132404937198536743 -0.0732797617737962481144 -0.148141567666105616885
19601 1152.307000 20.1130643386165850472 -0.0732778989079579945454 -0.148128833833826051292
19602 1152.317000 20.112868554811900168 -0.0732758988198105448708 -0.148114730078631878785
19603 1152.326000 20.1126929036084369784 -0.0732742428499703196687 -0.148102314567562176606
19604 1152.336000 20.1124975918220911808 -0.0732720532510420657912 -0.148087970100254595618
19605 1152.345000 20.1123220602962362591 -0.073270362034345740132 -0.148075471068684072495
19606 1152.355000 20.1121274849839650756 -0.0732684099583251063903 -0.148061532383107430366
19607 1152.365000 20.1119326767262407429 -0.0732663997477697864769 -0.148047422907393061431
19608 1152.375000 20.1117384996735601987 -0.0732644483105572008608 -0.148033483549167260707
19609 1152.384000 20.1115635450822090036 -0.0732625477368259725441 -0.148020656129193434181
19610 1152.394000 20.1113696626480233931 -0.0732607829708458585527 -0.148006957679257644678
19611 1152.404000 20.1111757060354676696 -0.0732585970183599333172 -0.147992615051328435527
19612 1152.413000 20.1110013895134578377 -0.0732569133853273046775 -0.14798012171580057772
19613 1152.422000 20.1108274631151289213 -0.0732552625236105592332 -0.147967712325899197756
19614 1152.431000 20.1106535491757263401 -0.073253400050532629928 -0.147954986875220906306
19615 1152.438000 20.1105183346973852565 -0.0732521166637935677857 -0.147945299809345787168
19616 1152.446000 20.1103639627942101242 -0.0732505454458631521941 -0.147934097423152693951
19617 1152.455000 20.1101904820742412028 -0.0732486864547038235562 -0.147921380548267589194
19618 1152.463000 20.1100363841519857999 -0.07324711655128393617 -0.147910183187554444828
19619 1152.472000 20.1098630090407795024 -0.07324523101399389724 -0.147897382372538882533
19620 1152.480000 20.1097091860751895354 -0.0732436612815606374882 -0.147886189074539042831
19621 1152.489000 20.1095362431394804048 -0.0732419857139057911555 -0.147873719628742628096
19622 1152.496000 20.1094019283602669645 -0.0732405210624191976843 -0.147863806828113342196
19623 1152.504000 20.1092484933003134984 -0.0732389503962768556589 -0.147852617442501110823
19624 1152.512000 20.1090951870992391548 -0.0732373793291810626371 -0.147841428981437955636
19625 1152.521000 20.1089228244303406257 -0.0732357020882491160929 -0.147828964115284067216
19626 1152.529000 20.1087697909405029861 -0.0732341303469775245505 -0.147817777281698009562
19627 1152.537000 20.1086168852215401159 -0.0732325584479504021473 -0.147806591162388228922
19628 1152.546000 20.1084452012099319518 -0.0732309113088057406227 -0.147794209781062030329
19629 1152.554000 20.1082925658882949449 -0.0732293395230572685684 -0.147783025322968691873
19630 1152.563000 20.1081210364476774544 -0.0732274793181982713852 -0.14777032681357318844
19631 1152.571000 20.1079686703307274342 -0.0732259082561404761602 -0.147759144463805947023
19632 1152.579000 20.1078164306368094572 -0.0732243377089254326995 -0.147747963302090334903
19633 1152.588000 20.1076451424193329842 -0.0732224519236030213509 -0.147735179893970641762
19634 1152.595000 20.1075123302168989881 -0.0732211984524488435078 -0.147725605038878909925
19635 1152.603000 20.1073604694637282364 -0.0732196298220141594815 -0.14771442815167615259
19636 1152.611000 20.1072087350610182455 -0.0732180618644830694119 -0.147703252869508500078
19637 1152.619000 20.1070571270743165826 -0.0732164945555815876999 -0.147692079242654150661
19638 1152.627000 20.1069056455797507965 -0.0732149278514943741003 -0.147680907295132696211
19639 1152.636000 20.1067352106103385267 -0.0732130463231790151735 -0.147668134695911806853
19640 1152.644000 20.1065839981448952756 -0.0732114806997170713965 -0.147656966286795587884
19641 1152.653000 20.1064139887489652381 -0.0732098104766154139655 -0.147644524912727448385
19642 1152.661000 20.1062630454901558608 -0.0732082456197943737264 -0.147633359842277656071
19643 1152.669000 20.1061122289003648689 -0.0732066810241350229838 -0.147622196244450110125
19644 1152.677000 20.1059615389255554874 -0.0732051166384431739598 -0.147611034051053746641
19645 1152.685000 20.1058109754807432523 -0.0732035524241959473235 -0.147599873197408804071
19646 1152.693000 20.1056605384535664882 -0.0732019883567122386925 -0.147588713626010836766
