22925 1466.227000 18.4313349902250962487 -0.0572420938367257797763 20.2427327484266790236
22926 1466.233000 18.4313708618878244749 -0.0574249239284779430803 20.2403089333196852806
22927 1466.242000 18.4314978382036507298 -0.0577187215676375903195 20.2367558417177981767
22928 1466.250000 18.4316757332135310321 -0.0579623860502096882596 20.2338923701739048511
22929 1466.260000 18.431962787415109517 -0.0581934261343814915324 20.2309238901104144759
22930 1466.269000 18.4322691822714936905 -0.0582896758361906783263 20.2289336515990605392
22931 1466.279000 18.4326655789861924006 -0.0582498284673912333775 20.2275017342617644545
22932 1466.289000 18.4331251824572142084 -0.0580690092549759895313 20.2268273076049922565
22933 1466.298000 18.4335933025208831282 -0.0578205350514597177236 20.2267671807352265034
22934 1466.308000 18.4341683416438542054 -0.0575013180682034663604 20.2271669427088305326
22935 1466.317000 18.4347257074412169686 -0.0572212676552028634558 20.2278158571221844397
22936 1466.327000 18.4353744347858992114 -0.0569623457145832165494 20.2287128186847589006
22937 1466.336000 18.4359705039447590025 -0.0568020983883189903296 20.2295662278725707495
22938 1466.345000 18.4365650649709493791 -0.0567219384335312937218 20.2303763756673973262
22939 1466.354000 18.4371472510806881928 -0.0567205589913437335792 20.2310817239728066852
22940 1466.364000 18.4377695890430821635 -0.056798009923133926935 20.2316965298014856955
22941 1466.373000 18.4383018879028810488 -0.0569194888062197548728 20.2320813707227316058
22942 1466.382000 18.4388027021349962808 -0.0570712460675999178061 20.2323104563053668414
22943 1466.391000 18.4392580145581277407 -0.0572220563956149924634 20.2324036912043787595
22944 1466.399000 18.4396528154866068405 -0.0573446843597756883426 20.2324003645638157423
22945 1466.409000 18.4401317501869073112 -0.0574736901297356120311 20.2323166120377102573
22946 1466.417000 18.4405047073045551542 -0.0575509096771396264081 20.232214695937539517
22947 1466.427000 18.4409652830607626584 -0.0576076747578050038512 20.2320791529257171248
22948 1466.437000 18.4414108349466481229 -0.0576264421896406017765 20.2319605922056204861
22949 1466.446000 18.4418042074594730195 -0.0576141781318521700728 20.2318812337110713884
22950 1466.456000 18.4422377045306120635 -0.0575761448015753019014 20.231827450021604875
22951 1466.465000 18.4426287137757896062 -0.0575298341119372461105 20.2318048389828710754
22952 1466.474000 18.443023588803004742 -0.0574818506743969004358 20.2317962514517439843
22953 1466.483000 18.443424306185153938 -0.0574404057601040629599 20.2317890777226701005
22954 1466.493000 18.4438775918311108626 -0.057409186973874169746 20.2317674979448440808
22955 1466.502000 18.4442928895298976499 -0.057397739926743643335 20.2317245232210503048
22956 1466.511000 18.444714521674310248 -0.0574021641497026516299 20.2316524725766697657
22957 1466.520000 18.445141431000294574 -0.0574200035036208644712 20.2315495080556537744
22958 1466.528000 18.4455242941549819591 -0.0574436913110531119364 20.2314342429164994996
22959 1466.537000 18.4459575944927323121 -0.0574743608606279460238 20.2312840842094381344
22960 1466.547000 18.4464407253817199717 -0.057507020586469607959 20.2311036017506395979
22961 1466.556000 18.446875806350107041 -0.057529789327997106485 20.2309419445904339341
22962 1466.566000 18.4473583396422817771 -0.0575431801114285601528 20.2307786346067999261
22963 1466.575000 18.4477910398581173013 -0.0575424368434321598098 20.2306583580773988729
22964 1466.585000 18.4482694479170810098 -0.0575273486603569694786 20.2305648700086777581
22965 1466.594000 18.4486975720635584253 -0.0575027924875551460504 20.2305220285529756552
22966 1466.603000 18.4491232670238396452 -0.0574709954811659443075 20.2305191015145560129
22967 1466.613000 18.4495934559694241273 -0.0574319425189495150197 20.2305587340146502129
22968 1466.622000 18.4500142626805114787 -0.0573980539381746812655 20.2306257735104573214
22969 1466.632000 18.4504794922503343457 -0.0573667643771224658455 20.2307235705845869234
22970 1466.641000 18.4508964153600381053 -0.0573478188480155900986 20.2308209543247201623
22971 1466.650000 18.4513119818348805268 -0.0573397840801448469006 20.2309159720957190132
22972 1466.658000 18.4516805047412546514 -0.0573425040240475650255 20.2309903436602667171
22973 1466.664000 18.4519565059404726526 -0.0573505192382243456084 20.23103611228420462
22974 1466.669000 18.4521863273573067943 -0.0573608242143242921807 20.2310660683893104306
22975 1466.675000 18.4524619755880863181 -0.0573770427576786104518 20.2310909059387107334
22976 1466.681000 18.452737553766560552 -0.0573967614657358848884 20.2311027148578013168
22977 1466.686000 18.4529672053238620322 -0.05741523974372739203 20.2311022779633766788
22978 1466.692000 18.4532428525148262111 -0.0574390367485074077036 20.2310894829336618272
22979 1466.698000 18.4535186307367027325 -0.0574636523877584473596 20.2310638335080881234
22980 1466.703000 18.4537485858815628603 -0.0574840609978194486129 20.2310333521637879528
22981 1466.708000 18.4539786972178667668 -0.0575037717724029076583 20.2309954289928661808
22982 1466.714000 18.454255068241401716 -0.0575257660971081191681 20.2309414479926736874
22983 1466.719000 18.4544855957198485896 -0.0575421647386333834362 20.2308906762064530938
22984 1466.725000 18.4547625092706937266 -0.0575589405037687865119 20.2308245615033293063
22985 1466.731000 18.4550397409104398605 -0.0575720578321669423927 20.2307547770485314231
22986 1466.736000 18.4552710135673585512 -0.0575799367215616350602 20.2306953398817945811
22987 1466.742000 18.4555488332851496125 -0.0575855739701639432471 20.230624233782865673
22988 1466.747000 18.4557805862352850568 -0.057587084647024770756 20.2305664478886733093
22989 1466.753000 18.4560589586528784878 -0.0575852065991013448154 20.2305003440346524712
22990 1466.759000 18.4563376022973848478 -0.0575795954543036475615 20.2304391528167393233
22991 1466.768000 18.4567560123217937473 -0.0575651884476730338336 20.2303590721658039797
22992 1466.778000 18.4572214108897547646 -0.057542941183326444532 20.2302892412290020729
22993 1466.787000 18.4576405754276358095 -0.0575198448022763222931 20.2302446378457503329
22994 1466.797000 18.4581064806430994452 -0.057493797857644420024 20.2302145032623172938
22995 1466.807000 18.4585723817569657967 -0.0574702962633938801984 20.2302021089693653266
22996 1466.816000 18.4589915461657412266 -0.0574533964605952393589 20.2302027019364594196
22997 1466.826000 18.4594569826966008463 -0.057440941491920381734 20.2302118793001746155
22998 1466.835000 18.4598755056318211132 -0.0574361247876485694897 20.2302236905968939595
22999 1466.844000 18.4602936083282926916 -0.0574373902849125636538 20.2302351735024146251
23000 1466.854000 18.460757622016640056 -0.0574452620281861101037 20.2302438220591724871
23001 1466.863000 18.4611747230817364596 -0.0574570712428899912916 20.2302453095699945607
23002 1466.873000 18.4616376052975255107 -0.0574737846845220709535 20.2302380173384399598
23003 1466.882000 18.4620537183181205876 -0.05749045259669199881 20.2302226414240671204
23004 1466.892000 18.462515582730915753 -0.0575089461652637523592 20.2301958883487671415
23005 1466.901000 18.4629308839336552239 -0.0575241459443847080735 20.2301639545698215272
23006 1466.910000 18.4633458920428843442 -0.0575369041351331267364 20.2301258964396666329
23007 1466.919000 18.4637606729311016807 -0.0575465195488616895747 20.230083306859874881
23008 1466.929000 18.4642213546492968135 -0.0575531079008670537478 20.230032776891690105
23009 1466.938000 18.464635869851939276 -0.0575553723340740674974 20.2299862797885694476
23010 1466.948000 18.4650964041301506313 -0.0575542438552075347191 20.2299354148476204784
23011 1466.957000 18.4655109021675691849 -0.0575505925607747714778 20.2298917262532640393
23012 1466.967000 18.4659715193870148653 -0.0575445490791081093462 20.2298466423864162778
23013 1466.976000 18.4663861569513976235 -0.0575382125310570993748 20.2298097557578522299
23014 1466.986000 18.4668469674401762859 -0.0575311683786965538667 20.2297730711948666737
23015 1466.995000 18.4672617830546528239 -0.0575255798210786498115 20.2297437457606257283
23016 1467.004000 18.4676766616104792718 -0.0575212607552978497094 20.2297174822767047431
23017 1467.013000 18.4680915735784125786 -0.0575185660504959755945 20.2296936796372044398
23018 1467.022000 18.4685064801067326812 -0.0575176622401599169088 20.2296716342445961345
23019 1467.031000 18.4689213353309220622 -0.0575185362165877289709 20.2296506105292053235
23020 1467.041000 18.4693821642755686696 -0.0575213827034130043003 20.229627594238539956
23021 1467.050000 18.4697967446462989471 -0.0575253099789519162233 20.2296065129959217188
23022 1467.060000 18.4702571427175925578 -0.0575307196228883321876 20.2295820649898168142
23023 1467.069000 18.4706712297983344229 -0.0575360854649381164849 20.229558767484785875
23024 1467.078000 18.4710850212111559188 -0.0575415141497612955823 20.2295340483546617349
23025 1467.088000 18.4715444091640286217 -0.0575472014063520762028 20.2295048652168105718
23026 1467.097000 18.4719574979082032939 -0.0575517151183644881662 20.2294771454312005687
23027 1467.106000 18.4723702399888587422 -0.0575554698863170385859 20.2294482344729011913
23028 1467.116000 18.4728284437294192344 -0.0575586514744497734775 20.2294150167465787149
23029 1467.126000 18.4732862505553292465 -0.0575608019624787650703 20.2293810230022650387
23030 1467.134000 18.4736522337438593411 -0.0575618573653789364353 20.2293535349553295077
23031 1467.144000 18.4741094214066094992 -0.0575625088167665693861 20.2293191160605196899
23032 1467.152000 18.4745206504151191496 -0.0575626468221028669836 20.2292917289400655534
23033 1467.162000 18.4749316887287626798 -0.0575625558891794120164 20.2292578835210470345
23034 1467.171000 18.4753425691884771709 -0.0575624182174705803505 20.229227916119171482
23035 1467.180000 18.4757533198053316426 -0.057562393656820219634 20.2291984789747907314
23036 1467.189000 18.4761639617891901821 -0.0575626084067527576948 20.2291695784438267935
23037 1467.198000 18.4765745081573840025 -0.0575631483918612463224 20.2291411766677029505
23038 1467.207000 18.4769849630096238968 -0.0575640572578034678819 20.2291132022758901599
23039 1467.215000 18.4773497312137919835 -0.0575651784635811125668 20.22908861994829266
23040 1467.224000 18.4777599932501708224 -0.0575667654886138496773 20.2290611903814294692
23041 1467.232000 18.4781245646056859755 -0.057568422491345576375 20.2290369286536417803
23042 1467.241000 18.4785345655643737928 -0.0575704970019790054914 20.2290096823116627434
23043 1467.249000 18.4788988627902774908 -0.0575724636462123032232 20.228985442391895333
23044 1467.258000 18.4793085034206718831 -0.0575747376143660311021 20.2289580905231822783
23045 1467.267000 18.4797179105499012053 -0.0575770015441802937572 20.2289306095014573827
23046 1467.275000 18.4800816099920801605 -0.0575789517475412196412 20.2289060537490463787
23047 1467.284000 18.4804905054761121619 -0.0575810297797865675018 20.2288782788342977881
23048 1467.294000 18.4809444820817496691 -0.0575831572394801122217 20.2288472432044059701
23049 1467.302000 18.4813073863731958113 -0.0575847095773326100865 20.2288223009649357209
23050 1467.311000 18.4817153545305892237 -0.0575863005829949162195 20.2287941467482283997
23051 1467.317000 18.4819871576762935206 -0.0575872781035253814008 20.2287753366189981818
23052 1467.322000 18.4822135543238559308 -0.0575880485736100858341 20.2287596444999842049
23053 1467.328000 18.4824851054835264108 -0.0575889285978753440176 20.2287408010581835072
23054 1467.336000 18.4828469678057203396 -0.0575900441610945335036 20.2287156673131924833
23055 1467.345000 18.4832537934886325104 -0.0575912509836384312045 20.2286873967453821876
23056 1467.354000 18.4836603497705240784 -0.0575924427780868941618 20.2286591465138840817
23057 1467.363000 18.4840666537066482533 -0.0575936530353245088043 20.2286309257608856171
23058 1467.372000 18.484472721476205237 -0.0575949087767331779908 20.2286027374139258939
23059 1467.381000 18.4848785670657989044 -0.0575962289459001422487 20.2285745793646754009
23060 1467.390000 18.4852842012212263967 -0.0575976237480803759938 20.22854644602227836
23061 1467.399000 18.4856896307324909401 -0.0575990948676956340813 20.2285183299993995831
23062 1467.408000 18.486094858084591408 -0.0576006364221955322047 20.2284902237124768476
23063 1467.417000 18.4864998814743870525 -0.0576022364693860242091 20.2284621207190866699
23064 1467.427000 18.4869496611547177167 -0.057604063172572002316 20.2284308938300760872
23065 1467.435000 18.4873092901264719501 -0.0576055452239318116492 20.2284059098126718368
23066 1467.445000 18.4877585695345558747 -0.0576074022099676841258 20.2283746778592998794
23067 1467.455000 18.4882075469178310811 -0.0576092424004357381295 20.2283434481542023775
23068 1467.464000 18.4886113531868048199 -0.0576108684332159726171 20.228315349052994776
23069 1467.473000 18.4890148873386159778 -0.05761245572256552816 20.228287263160606102
23070 1467.482000 18.4894181382798912239 -0.0576139989008276481863 20.2282591959803603743
23071 1467.491000 18.4898210970910348294 -0.0576154969391310667337 20.2282311519166917435
23072 1467.500000 18.4902237574354195715 -0.0576169527636878550658 20.2282031336256942211
23073 1467.510000 18.4906708035023328307 -0.0576185284641139300321 20.2281720329479135501
23074 1467.518000 18.4910281711020978435 -0.0576197649595536626199 20.2281471740704255069
23075 1467.527000 18.4914299250978615419 -0.0576211398999077958893 20.2281192270834928593
23076 1467.536000 18.4918313812794075091 -0.0576225077650798778173 20.2280912949550959468
23077 1467.545000 18.4922325446610216204 -0.0576238783798796450064 20.2280633708153381178
23078 1467.553000 18.4925888932512272333 -0.0576251059176560651021 20.2280385501147854654
23079 1467.562000 18.4929895197269154039 -0.057626503340104467954 20.2280106211701991015
23080 1467.570000 18.4933454004723323294 -0.0576277636233452211778 20.2279857854894871139
23081 1467.579000 18.493745510229768314 -0.0576292038436427497827 20.2279578296211255406
23082 1467.588000 18.4941453525439776229 -0.0576306676474733492466 20.227929854029557788
23083 1467.597000 18.4945449298311643815 -0.0576321527647860876176 20.2279018575532987256
23084 1467.605000 18.494899887845658526 -0.0576334874946850539423 20.2278769549950396822
23085 1467.614000 18.4952989654561044119 -0.0576350006598083108855 20.2278489232856628632
23086 1467.623000 18.4956977761360796819 -0.0576365202125031436675 20.2278208785552493509
23087 1467.632000 18.4960963165238183592 -0.0576380398125246329322 20.227792826407071658
23088 1467.641000 18.4964945822998174663 -0.0576395534176331048037 20.2277647731094134542
23089 1467.651000 18.4969367717545338792 -0.0576412217960639294834 20.2277336091450052891
23090 1467.660000 18.4973344413527627239 -0.0576427068324633570806 20.2277055736944824105
23091 1467.669000 18.4977318206817606949 -0.057644173516298947979 20.2276775547310379011
23092 1467.679000 18.4981730073313030971 -0.0576457803832093398921 20.2276464460235025911
23093 1467.688000 18.4985697598262532892 -0.0576472065798560584504 20.2276184712712954195
23094 1467.697000 18.4989662104444789748 -0.0576486157346327854345 20.2275905185147877319
23095 1467.706000 18.4993623572821803691 -0.0576500107562458452559 20.227562586310160242
23096 1467.716000 18.4998021630152322814 -0.0576515486498000856441 20.2275315712690932912
23097 1467.725000 18.5001976664430038966 -0.0576529262497086011918 20.2275036723050760656
23098 1467.734000 18.5005928657812539484 -0.0576543018733985460078 20.2274757826773381453
23099 1467.743000 18.5009877622527838525 -0.0576556792194733505608 20.2274478979338105944
23100 1467.753000 18.5014261827687782613 -0.0576572153541045212544 20.227416915531037489
23101 1467.762000 18.5018204450172980557 -0.0576586054870269204553 20.2273890280549792919
23102 1467.772000 18.5022581647482979861 -0.0576601600907574590726 20.2273580349585202498
23103 1467.781000 18.5026517993579631138 -0.0576615684752801796464 20.2273301331494081978
23104 1467.788000 18.5029577550621375792 -0.0576626694852989257756 20.2273084261419668906
23105 1467.797000 18.5033508639926758121 -0.0576640910715153498511 20.227280510327322105
23106 1467.807000 18.5037873049391734526 -0.057665676207553050181 20.2272494853052187125
23107 1467.816000 18.5041797890333583609 -0.0576671051784576685351 20.2272215583126282468
23108 1467.825000 18.5045719757074138556 -0.0576685336310082119482 20.2271936297016701189
23109 1467.834000 18.504963863500773158 -0.0576699589689560476735 20.2271657022142363758
23110 1467.844000 18.5053989417440121201 -0.0576715361945216997697 20.2271346762620858328
23111 1467.853000 18.5057901927411165843 -0.0576729478018368699188 20.2271067596672118327
23112 1467.863000 18.5062245587754681253 -0.0576745058478944569447 20.2270757511578338494
23113 1467.872000 18.5066151646736436476 -0.0576758980187127429096 20.2270478538616487185
23114 1467.881000 18.5070054623981086195 -0.0576772806456278749887 20.2270199670524419844
23115 1467.890000 18.5073954505946005611 -0.0576786543152868064199 20.2269920907291940182
23116 1467.900000 18.507828406499754692 -0.0576801714192089753919 20.2269611286299593189
23117 1467.909000 18.5082177381134300731 -0.0576815301078955761094 20.2269332720294059413
23118 1467.917000 18.5085635488501658585 -0.057682733875682089264 20.2269085168488906845
23119 1467.923000 18.5088227450993763057 -0.0576836350097722147523 20.2268899536436776998
23120 1467.928000 18.50903863601931576 -0.0576843852428780279329 20.2268744860130986751
23121 1467.933000 18.5092544306297703827 -0.0576851351130443917858 20.2268590196534212566
23122 1467.938000 18.5094701289567424851 -0.0576858848639272350778 20.2268435543150850719
23123 1467.944000 18.509728839906184561 -0.0576867847097145974855 20.2268249969335940364
23124 1467.949000 18.5099443265449536966 -0.0576875349149333152554 20.2268095330635020446
23125 1467.954000 18.510159717033317861 -0.0576882855776430156225 20.2267940695663206441
23126 1467.959000 18.5103750114163077001 -0.0576890368033872238951 20.2267786063017069864
23127 1467.965000 18.5106332378748561496 -0.0576899391093463609348 20.2267600505426550228
23128 1467.975000 18.511063308054758636 -0.0576914450501831641005 20.2267291243895925845
23129 1467.984000 18.511450042944005645 -0.0576928024264456787429 20.2267012909105012852
23130 1467.994000 18.5118793836062849323 -0.057694312203794756444 20.2266703651965080724
23131 1468.003000 18.5122654617264608135 -0.0576956715460980665289 20.2266425329585963766
