18242 1140.507000 21.5450936127301417855 -0.0742633107313705048691 10.8335407502608838115
18243 1140.514000 21.5449277944110626493 -0.0741034049918446319216 10.8325764147049881103
18244 1140.522000 21.5447506277633671345 -0.0741079522132142703983 10.8314889724089642442
18245 1140.532000 21.5445469437482763908 -0.0743340438295020389248 10.830265636605213686
18246 1140.541000 21.5443792068354618152 -0.0746741756571537157461 10.8293789479758473249
18247 1140.550000 21.5442243230047587588 -0.075072593384586175369 10.8287453692204014288
18248 1140.559000 21.5440800054236163419 -0.075469622179564779807 10.8283811734012207495
18249 1140.569000 21.5439290736900126433 -0.0758540360938893543086 10.828277235447425042
18250 1140.578000 21.5437991876256695889 -0.07611729355245951123 10.8284146450133107464
18251 1140.587000 21.5436729134430926536 -0.0762886115700554673369 10.8287154908700369305
18252 1140.596000 21.5435487630592561459 -0.0763684163247201064362 10.8291169716192055006
18253 1140.606000 21.5434120831057960288 -0.0763626236659211837798 10.8296031775116130547
18254 1140.615000 21.543289567086880254 -0.0762911312433863370019 10.8300134212829544111
18255 1140.623000 21.5431808336959385031 -0.0761918342499995071559 10.8303174055382225305
18256 1140.632000 21.5430586582911232085 -0.0760585339117560571554 10.8305628940720080067
18257 1140.641000 21.5429367257011463721 -0.0759202918427049205929 10.8306921347061368976
18258 1140.650000 21.5428151943684227376 -0.0757924119621311287442 10.8307063650822161804
18259 1140.660000 21.5426808583610167602 -0.0756757976780941810091 10.8306061343036201805
18260 1140.669000 21.5425600877616112427 -0.0756011356616799606867 10.8304393325853283159
18261 1140.678000 21.5424407146447975947 -0.075556152702227014073 10.8302335056740144381
18262 1140.688000 21.5423091692362262961 -0.0755399665953397914109 10.8299971930150924493
18263 1140.697000 21.5421922900442481819 -0.0755513008224453219697 10.8298090062900378427
18264 1140.707000 21.5420644558502800692 -0.0755853270645985425569 10.8296542789812022534
18265 1140.716000 21.5419508574958200597 -0.0756276596368441050844 10.8295776978817546166
18266 1140.725000 21.5418387126823311917 -0.0756750425543639276826 10.8295638934358411376
18267 1140.734000 21.5417280499390280113 -0.0757219720012212715865 10.8296077262673833275
18268 1140.743000 21.5416189105141029358 -0.0757642939454270802901 10.8296974095156883777
18269 1140.752000 21.5415113202629555644 -0.075799216556639736897 10.8298167561076912335
18270 1140.761000 21.5414046485933532438 -0.075825252443322679885 10.8299474670621727057
18271 1140.770000 21.541300704534780408 -0.0758420464778695041508 10.830072291446864341
18272 1140.779000 21.5411980483167866396 -0.0758502117972303657734 10.8301755839041859986
18273 1140.789000 21.5410858028596550184 -0.0758504841732668411147 10.8302516597392894937
18274 1140.798000 21.5409871228805442911 -0.0758445169436938876339 10.8302787369958082309
18275 1140.808000 21.5408798209835765647 -0.075832805187648344436 10.8302617299498962211
18276 1140.817000 21.5407846607460164989 -0.0758191212308641226958 10.8302084147793387103
18277 1140.827000 21.5406818164809088501 -0.0758022467249251929999 10.8301169428201582434
18278 1140.836000 21.5405919086708870225 -0.0757866637946613130872 10.8300167269948541815
18279 1140.846000 21.5404934961525071913 -0.0757695056797301064178 10.8298993628548991808
18280 1140.855000 21.5404073818877677127 -0.0757554763291599236874 10.8297997701892114719
18281 1140.863000 21.54033308876627828 -0.0757439535093597793303 10.8297238632624228671
18282 1140.872000 21.540250734494556184 -0.0757328468953677030884 10.8296580612748964967
18283 1140.882000 21.5401614616145451464 -0.0757229249076680488439 10.8296138634000502776
18284 1140.891000 21.5400824887703450372 -0.0757164344666213379176 10.8296007638893740932
18285 1140.900000 21.5400052895901943373 -0.0757126070284394325771 10.8296109779546849694
18286 1140.908000 21.5399385585642733076 -0.0757116713080816933212 10.8296363728892721667
18287 1140.918000 21.5398555364613564223 -0.075712729005968343321 10.8296833065738518087
18288 1140.927000 21.5397823377290436042 -0.0757162561750563262164 10.8297334536132794369
18289 1140.937000 21.5397022640361406332 -0.075722374026844341266 10.8297900697876521292
18290 1140.946000 21.539630712292442638 -0.0757292310517536371162 10.8298354841809008065
18291 1140.956000 21.5395535565036091441 -0.075737875683147673489 10.8298747382005302597
18292 1140.965000 21.5394844817686745841 -0.0757452869414397683689 10.8298967205533251956
18293 1140.975000 21.5394092899042632894 -0.0757529531701955638479 10.829904707769967942
18294 1140.984000 21.539342952020245292 -0.0757586415387082739992 10.8298976281805270361
18295 1140.993000 21.5392776243488910382 -0.0757621073006997935995 10.8298787655284858289
18296 1141.002000 21.5392128046297202104 -0.075763600827806226734 10.829850433150127742
18297 1141.010000 21.5391574300652770546 -0.0757631086760519323331 10.8298202743793154923
18298 1141.017000 21.5391090267348239706 -0.0757612048534731519212 10.829791445498258895
18299 1141.025000 21.5390551831672674155 -0.0757577920985041675106 10.829758028436041073
18300 1141.034000 21.5389956603057015627 -0.0757524480512943854116 10.8297220138231580222
18301 1141.042000 21.538944374047613195 -0.0757467850240165080367 10.8296933393131951107
18302 1141.050000 21.5388935591723615914 -0.0757404463371569719454 10.829668891518178242
18303 1141.059000 21.5388380499753893105 -0.0757336661014225559496 10.8296472156756955485
18304 1141.068000 21.5387845236165063056 -0.0757269984765089748668 10.829632451223620393
18305 1141.077000 21.538731383577470524 -0.075721210823445128657 10.8296236367433831305
18306 1141.085000 21.5386861049922764266 -0.075717202382135403993 10.8296205846492163971
18307 1141.094000 21.5386359719558910797 -0.075713964806266048635 10.8296211349663948909
18308 1141.103000 21.5385870651467854486 -0.0757122876926071830539 10.8296245595370486114
18309 1141.112000 21.5385392103025345989 -0.0757118734504481361025 10.8296295986237183229
18310 1141.121000 21.538492112989050753 -0.0757123985586011655213 10.8296348641712771865
18311 1141.130000 21.5384464381500038144 -0.0757141168656338264809 10.8296390726511067015
18312 1141.139000 21.5384019215255655411 -0.0757164694084495049076 10.8296415245176067543
18313 1141.148000 21.5383572728250562989 -0.0757183757026500536824 10.8296415479161076689
18314 1141.156000 21.5383190899297289889 -0.0757205598402351381937 10.8296393036324527515
18315 1141.165000 21.5382767025538299777 -0.0757221023085974526134 10.8296343731892044104
18316 1141.173000 21.5382391847425083142 -0.0757231374426623055074 10.829627767965705587
18317 1141.182000 21.5381987275108990332 -0.0757234217809430593116 10.829618721694069805
18318 1141.191000 21.538158118266590435 -0.075722902391071128525 10.8296077706946949348
18319 1141.200000 21.5381191474336723957 -0.0757216988252625566869 10.8295959806695751837
18320 1141.209000 21.5380811262562694708 -0.0757199869129259323097 10.8295836377798799788
18321 1141.217000 21.5380474788927820384 -0.0757177730378670171829 10.8295725956510491272
18322 1141.227000 21.5380068826098636237 -0.0757149460922170447486 10.8295591533422257413
18323 1141.235000 21.5379757582054516263 -0.0757128473229078391427 10.829549023552603515
18324 1141.243000 21.5379442686552415864 -0.0757101943209282784997 10.8295394661572821349
18325 1141.251000 21.5379146343817140519 -0.0757083086040514080528 10.829530691294436906
18326 1141.260000 21.537880962740974411 -0.075705781154747783801 10.8295216230381967648
18327 1141.269000 21.5378488069101550195 -0.0757039900126058040719 10.8295133874601283708
18328 1141.278000 21.537817464659831046 -0.0757028401635160413941 10.8295057293223990769
18329 1141.286000 21.5377909155653597395 -0.0757018527048971962001 10.8294996458748489232
18330 1141.296000 21.5377575533147300746 -0.0757009565565428116374 10.82949220098145382
18331 1141.303000 21.5377357486402445375 -0.0757006647099139062806 10.829487363835019309
18332 1141.311000 21.5377108520235651667 -0.0757003524220890566809 10.8294817150624265167
18333 1141.319000 21.5376860238256533364 -0.0757001608490874833279 10.8294759394122674934
18334 1141.328000 21.5376598015453417645 -0.0756997593223789483341 10.8294696658050018101
18335 1141.336000 21.5376360884397222151 -0.0756993912496605469986 10.8294635895272879367
18336 1141.346000 21.5376082960119745735 -0.0756986667006279007053 10.829456114610168882
18337 1141.354000 21.5375866479619411109 -0.075698158012940802708 10.8294497814292309812
18338 1141.364000 21.5375601350201471007 -0.0756970737481098970845 10.8294417320929436954
18339 1141.372000 21.5375392231682738498 -0.0756960263542535288783 10.8294350323330785812
18340 1141.381000 21.537516916918377774 -0.0756950116681019413711 10.829427392144770792
18341 1141.390000 21.5374942314817374722 -0.0756932972527959851972 10.8294195766011362991
18342 1141.399000 21.5374726485559229161 -0.0756921301190454087759 10.8294115202388248065
18343 1141.407000 21.5374545711463944997 -0.0756908086274292596363 10.8294045768379891825
18344 1141.414000 21.5374386822574059863 -0.0756898841437422115197 10.829398315085693838
18345 1141.422000 21.5374208226978574032 -0.0756884013564783908468 10.8293912384345798472
18346 1141.431000 21.5374015000204579451 -0.0756874155836552986454 10.8293830754359543533
18347 1141.439000 21.5373854376700215596 -0.0756863458772664005059 10.8293761018878367253
18348 1141.448000 21.5373674814451234738 -0.075685320440992645552 10.8293681258008938073
18349 1141.456000 21.5373515289178669718 -0.0756845715671795732371 10.8293609086259525753
18350 1141.465000 21.5373351822336793759 -0.0756836355952781314471 10.8293531479782831894
18351 1141.474000 21.5373184702970341675 -0.0756827435317228430778 10.8293451041393176126
18352 1141.482000 21.537304980059641224 -0.0756820895941592297618 10.8293381852044277025
18353 1141.491000 21.5372900695117159842 -0.0756813994437669085302 10.8293302808989917452
18354 1141.499000 21.5372769757779458644 -0.0756805182048859714783 10.8293233690653387669
18355 1141.508000 21.5372630658677337578 -0.0756796554687928502148 10.8293155902253044331
18356 1141.517000 21.5372499969359800787 -0.0756788601038196617754 10.8293078417758010801
18357 1141.527000 21.5372360464447467621 -0.0756779395606108767902 10.8292992451997900361
18358 1141.536000 21.5372232106988441558 -0.0756765176795443084146 10.8292915277799810525
18359 1141.545000 21.5372113582569895129 -0.0756756369804416767488 10.8292836927335898167
18360 1141.552000 21.5372027105838661498 -0.0756744965792786467018 10.8292778779002194511
18361 1141.561000 21.5371917376153589885 -0.0756735558356800702695 10.8292700786149680425
18362 1141.570000 21.5371818199033917551 -0.0756722841736868906404 10.8292626196098833447
18363 1141.579000 21.5371713846859726971 -0.0756710175436365456436 10.8292548524693028611
18364 1141.588000 21.5371622003536309364 -0.0756698494605031191096 10.8292472941928483721
18365 1141.597000 21.5371532520922386311 -0.0756687335162789104226 10.8292396729573887626
18366 1141.606000 21.5371446797480814439 -0.075667686498389549743 10.8292319955424449773
18367 1141.614000 21.5371381235748451388 -0.0756670771906236688809 10.8292252335036565114
18368 1141.623000 21.5371298820678163111 -0.0756657377066860120651 10.829217526684610462
18369 1141.631000 21.5371237264178070347 -0.0756652074011504166551 10.8292106199133826294
18370 1141.640000 21.5371170098192195042 -0.0756641388693785194031 10.82920292349256286
18371 1141.649000 21.5371100318397985518 -0.0756632168817399086702 10.8291950157851033509
18372 1141.656000 21.5371060266415881301 -0.0756625363147405000097 10.8291891233404982131
18373 1141.665000 21.5371004868965805201 -0.0756616360684067984499 10.8291813440468409624
18374 1141.674000 21.5370946835800722852 -0.075660720179952498099 10.8291733884662821907
18375 1141.683000 21.5370903950712815345 -0.0756597569638776529244 10.8291657113879171703
18376 1141.691000 21.537086182058168049 -0.0756588732920505102619 10.8291586757332858326
18377 1141.700000 21.5370824811466228255 -0.0756578851917229511237 10.8291509281916393803
18378 1141.708000 21.5370795491122954957 -0.0756571531936785640626 10.8291439383691585618
18379 1141.717000 21.5370763739975323858 -0.0756561349909021796378 10.8291361522248390514
18380 1141.723000 21.5370745513553281114 -0.0756553814401470514639 10.8291310478127815742
18381 1141.731000 21.5370716008080833603 -0.0756544513837719839744 10.8291239197222761703
18382 1141.739000 21.5370702089777594779 -0.0756535146042132122801 10.8291171896798665841
18383 1141.748000 21.5370677583897887075 -0.0756523595642037555153 10.829109283861503954
18384 1141.758000 21.5370662868875939466 -0.0756511051795942662812 10.8291007731573145634
18385 1141.767000 21.5370653053982934466 -0.0756501609080226650184 10.8290930078191163233
18386 1141.775000 21.5370645928203572339 -0.0756492961999347540702 10.829086155522698931
18387 1141.784000 21.5370642219880892299 -0.0756482476436746986703 10.8290784540596050078
18388 1141.792000 21.5370638674247878441 -0.0756472911421324500925 10.8290715663149139658
18389 1141.801000 21.5370643941858617154 -0.0756465287727424162689 10.8290638858577317194
18390 1141.809000 21.5370642162885879145 -0.0756453445190583134705 10.82905699322211035
18391 1141.818000 21.5370651629332598986 -0.0756446253792586176257 10.8290492625724148468
18392 1141.827000 21.5370662896791564833 -0.0756435119531686239736 10.8290415829751527355
18393 1141.835000 21.5370671382511922332 -0.0756424889318773191471 10.8290347186173594451
18394 1141.844000 21.537068668823010853 -0.0756417744343134690332 10.8290268484558147577
18395 1141.853000 21.5370710677332226624 -0.0756407382362131175402 10.8290192791144885831
18396 1141.863000 21.5370735291682073864 -0.0756397251372346590692 10.8290105575972308571
18397 1141.872000 21.5370761412296296555 -0.0756387633265069858624 10.8290028188893838745
18398 1141.881000 21.53707876186297554 -0.0756375792482877340461 10.8289951127641579376
18399 1141.890000 21.5370821172032336221 -0.0756367205213728382995 10.8289872998741731891
18400 1141.899000 21.5370859938029681757 -0.0756359748776802148784 10.8289795529437018473
18401 1141.907000 21.5370887536682751318 -0.075634786417521721047 10.8289726003701467505
18402 1141.914000 21.5370920036831208222 -0.0756341385623999773458 10.8289665687907774583
18403 1141.923000 21.5370963470975986809 -0.075633119996429687415 10.8289588091451101093
18404 1141.932000 21.5371004925958757781 -0.0756319993656454359066 10.8289510011049383564
18405 1141.941000 21.5371054357289821723 -0.0756312500181587077375 10.828943213071013929
18406 1141.949000 21.5371095926673845611 -0.0756300372212100197045 10.8289363582708642042
18407 1141.958000 21.5371147871325980816 -0.0756290286957165130977 10.8289285936118293563
18408 1141.967000 21.5371201294467375931 -0.0756282649739037360348 10.8289207036474888213
18409 1141.976000 21.5371262752327545797 -0.0756271828754122438232 10.828913129095651513
18410 1141.984000 21.5371309313262386809 -0.0756262920774632696475 10.828906052432932583
18411 1141.993000 21.5371375204816786209 -0.0756252559476558033902 10.8288984504339769188
18412 1142.002000 21.5371439413207887981 -0.0756242629609784750011 10.8288907295888385818
18413 1142.011000 21.5371506350637567095 -0.0756233847020991722943 10.8288829237576500475
18414 1142.020000 21.5371572293856878844 -0.075622196192985588481 10.8288752545973903096
18415 1142.029000 21.5371644785520750531 -0.075621333461523346231 10.8288674864756711003
18416 1142.037000 21.5371709792977128473 -0.0756205323421888508939 10.8288606209630078325
18417 1142.044000 21.5371766002639617454 -0.0756196390119076994329 10.8288545944144107835
18418 1142.053000 21.5371845500896981207 -0.075618789886400389344 10.8288468669615536299
18419 1142.061000 21.5371912036713695215 -0.0756177479798913892983 10.8288399740017720063
18420 1142.069000 21.5371986760153966145 -0.0756170524057627746473 10.8288330831914318964
18421 1142.077000 21.5372059270247717677 -0.0756162186932743396461 10.8288261393237412733
18422 1142.086000 21.5372140746152638258 -0.0756150245976818374816 10.8288184457594169885
18423 1142.095000 21.5372228665360090361 -0.0756141619547662513501 10.8288106492179920792
18424 1142.103000 21.5372308716388722871 -0.0756133401200974469836 10.8288037723754282382
18425 1142.112000 21.5372395313588675947 -0.0756122370226679357819 10.8287959866631560146
18426 1142.120000 21.537247681902133678 -0.0756114317767036803186 10.8287890679339593447
18427 1142.128000 21.5372562850233180143 -0.0756105957941643203046 10.8287822309493950712
18428 1142.133000 21.5372609608705438689 -0.0756099464572094343007 10.8287778161129395471
18429 1142.138000 21.5372664920302980818 -0.075609329995129301305 10.8287736101027487479
18430 1142.143000 21.537271867006388959 -0.0756087806016856184277 10.828769299135982962
18431 1142.151000 21.5372808979856635858 -0.0756080750274350787965 10.8287624079542563749
18432 1142.159000 21.5372896838512914996 -0.0756072329660669451012 10.828755467577339644
18433 1142.168000 21.5372995302112535398 -0.0756060320100434418711 10.8287477820090813907
18434 1142.177000 21.5373099919770467636 -0.0756051655135169115018 10.8287399968905813097
18435 1142.186000 21.5373208580533237466 -0.0756044213365434231156 10.8287322827334620001
18436 1142.194000 21.5373297345305125816 -0.0756032414516692452544 10.8287253614995133688
18437 1142.202000 21.537339300058789604 -0.075602439915147742755 10.828718456275918669
18438 1142.210000 21.5373492975362665902 -0.0756016092835735814548 10.8287116322379937117
18439 1142.219000 21.5373600256444603929 -0.0756005148871238957797 10.8287038551911809492
18440 1142.228000 21.5373714462997014607 -0.0755997942535830552702 10.828696093314240656
18441 1142.235000 21.5373800504118975141 -0.0755987705927712722032 10.8286900860960866311
18442 1142.244000 21.5373914436640419012 -0.0755977958606458277924 10.8286823228837203459
18443 1142.252000 21.5374023990545673257 -0.0755972234985593377621 10.828675503233128552
18444 1142.261000 21.5374135602384306765 -0.0755958879439552755564 10.8286677459191889028
18445 1142.271000 21.5374264993293067505 -0.0755949509986514334159 10.8286589764367242594
18446 1142.280000 21.5374389938933958888 -0.0755939266862076103548 10.8286513695058221884
18447 1142.289000 21.5374512253555359109 -0.0755929405276468541208 10.8286436414126825412
