7406 1056.211000 21.8727485611319707459 -0.0696020392519118291652 20.2649047619031072998
7407 1056.217000 21.8727266574724126258 -0.0695320456900446193238 20.263043474303302105
7408 1056.221000 21.8727266392135355488 -0.069519568289909919323 20.2618738034961154426
7409 1056.225000 21.8727375669418329096 -0.0695296747243875495892 20.2607794010006330154
7410 1056.229000 21.8727596436289601911 -0.0695566473795863754459 20.2597721553534810823
7411 1056.233000 21.8727941381874373405 -0.0695976179606609124395 20.2588646355978738711
7412 1056.237000 21.8728331574468164433 -0.0696493926113919969989 20.2580606189166800846
7413 1056.241000 21.8728805416103959658 -0.0697074262263185362443 20.2573657511610640825
7414 1056.245000 21.8729348630524853547 -0.0697681560063032196739 20.2567823444891459417
7415 1056.249000 21.8729964862632009215 -0.0698286246526725606909 20.2563106814785989229
7416 1056.253000 21.8730653820687308553 -0.0698866164223897051722 20.2559491084536062999
7417 1056.257000 21.8731416059064471824 -0.0699405606334858875872 20.2556941789265394505
7418 1056.261000 21.8732251151831214031 -0.0699894726453645921183 20.2555408499525881894
7419 1056.265000 21.873315783137716295 -0.0700328731360184419952 20.2554827057527795375
7420 1056.269000 21.8734133760838460603 -0.0700707023544785145841 20.2555121706712384366
7421 1056.276000 21.8735997298200715022 -0.070124448762960617243 20.255748478794078693
7422 1056.283000 21.8738035567848640994 -0.070165086729870554394 20.2561760167922670917
7423 1056.291000 21.8740534244347237802 -0.0702005782263908639784 20.256829262797293012
7424 1056.298000 21.8742823084161450709 -0.0702263754734607226204 20.2574838430278063584
7425 1056.306000 21.8745498532165250083 -0.0702538073454902489701 20.2582580268946621516
7426 1056.312000 21.8747511112083188323 -0.0702744126606958535719 20.258817921455179345
7427 1056.319000 21.8749830560511924205 -0.0702989142805729022578 20.2594135081312209934
7428 1056.327000 21.8752405171040642529 -0.0703267311014966201022 20.2599833600391683319
7429 1056.334000 21.8754492665424500331 -0.0703525535619684283528 20.2603616666481691766
7430 1056.341000 21.8756377466164195766 -0.0703672289427344083146 20.2606216129671317105
7431 1056.347000 21.8757945353844220904 -0.0703728926028663326342 20.2607523490222476426
7432 1056.354000 21.875972022288831198 -0.070373836208149895266 20.2608029987033049224
7433 1056.359000 21.8760950464815593364 -0.070371323425325357781 20.2607791699493624549
7434 1056.364000 21.8762151001277622697 -0.0703663571703546514291 20.2607128794420745521
7435 1056.369000 21.8763323947440007089 -0.0703590870733742101972 20.2606118492813891407
7436 1056.373000 21.8764244092005171183 -0.0703517355071217043161 20.260511536225763507
7437 1056.377000 21.8765149638884892624 -0.0703431516804525203135 20.260398547571934813
7438 1056.382000 21.8766263502624340731 -0.070330926993096593014 20.260245924340779311
7439 1056.387000 21.8767360407169348946 -0.0703173884669970883365 20.2600879977708174806
7440 1056.392000 21.8768443790024811335 -0.0703029726343526728538 20.2599320121748043277
7441 1056.397000 21.8769517085067128903 -0.0702881717544967532518 20.2597843408635291951
7442 1056.401000 21.8770370703002079438 -0.0702764097365272399909 20.2596758142272648229
7443 1056.406000 21.8771434117586167645 -0.0702622664320261547388 20.2595557871846452258
7444 1056.413000 21.8772921387751750899 -0.0702444873481942594351 20.2594223781923936656
7445 1056.420000 21.8774413292566158873 -0.0702303407231432003099 20.2593334643418430119
7446 1056.427000 21.8775915747173534953 -0.0702210417686514459801 20.2592894630499102959
7447 1056.434000 21.8777473279127292471 -0.0702147517572043189382 20.2592877398768820285
7448 1056.441000 21.8779010570837613159 -0.0702166527673585422198 20.2593215432892215233
7449 1056.448000 21.8780558940107496824 -0.0702260296017264556978 20.2593803098833795673
7450 1056.456000 21.8782346875030562217 -0.0702443473809900714722 20.2594648659486864517
7451 1056.463000 21.8783937413823039719 -0.0702658675305887076012 20.2595423984536147088
7452 1056.469000 21.8785324544962342941 -0.0702875048862226931012 20.2596035376251322191
7453 1056.475000 21.8786735472025064553 -0.0703112138133522440731 20.259653938128305839
7454 1056.483000 21.8788654176151524666 -0.0703443855629011932651 20.2596968842850202464
7455 1056.490000 21.8790366621246867851 -0.0703730676569320062752 20.2597066483013854565
7456 1056.497000 21.8792108647816654354 -0.0703993728054049527909 20.2596879697590814828
7457 1056.502000 21.8793301025032818075 -0.0704191059753680320688 20.2596557843977578273
7458 1056.508000 21.8794785531273490164 -0.0704349254678084540915 20.2595998690019172273
7459 1056.512000 21.8795782621463281714 -0.0704422268245525340369 20.2595531522095910759
7460 1056.518000 21.8797300846107596328 -0.0704485474907963482583 20.2594711712123469738
7461 1056.526000 21.8799349587275813178 -0.07044866802939145356 20.2593451575515928198
7462 1056.534000 21.8801420896361875634 -0.0704397209990005324087 20.2592088836154289311
7463 1056.542000 21.8803510796105591396 -0.0704226100574965735435 20.2590725536641471649
7464 1056.550000 21.8805616763760646393 -0.0703987777597042535538 20.2589458829344870594
7465 1056.558000 21.8807736768143961115 -0.0703701441797681126467 20.2588372095522153415
7466 1056.567000 21.8810136163585973179 -0.0703350099948011620032 20.2587442368103936019
7467 1056.575000 21.8812279621052745426 -0.0703038535413872539559 20.2586917585781201012
7468 1056.583000 21.8814431102269750795 -0.0702752200666892923309 20.2586687944597514388
7469 1056.591000 21.8816588732651595706 -0.0702512069144664574871 20.2586738709293356919
7470 1056.599000 21.8818750780881394746 -0.0702334942011265533912 20.2587033487997238979
7471 1056.606000 21.8820645020995954155 -0.0702240752996737549463 20.2587449903080241143
7472 1056.615000 21.8823079946770562287 -0.0702209638294388621693 20.258812878242387967
7473 1056.622000 21.8824978338723212801 -0.0702255077069514344057 20.25887130540083092
7474 1056.630000 21.8827145684646673374 -0.070237160421978764302 20.258937111428831912
7475 1056.638000 21.8829312109665714559 -0.0702552425594929197405 20.2589958979854749543
7476 1056.646000 21.8831484927371739957 -0.0702777772273607548303 20.2590425758407377543
7477 1056.654000 21.8833656437413779372 -0.0703032337599784618032 20.2590726053815970431
7478 1056.662000 21.8835834710945036363 -0.0703294048382500369687 20.2590838769547261222
7479 1056.670000 21.8838015807806876012 -0.0703547392120217607303 20.2590751152909795962
7480 1056.678000 21.8840206733345503665 -0.0703769970005439088334 20.2590472087024870973
7481 1056.686000 21.8842406354660070633 -0.0703952198285967278846 20.2590019354334529567
7482 1056.694000 21.8844617244092596309 -0.0704083102624280532389 20.258942334806967267
7483 1056.702000 21.8846839939704906897 -0.0704157078220457033346 20.2588720855244339702
7484 1056.710000 21.8849078918536399385 -0.0704171994895199798714 20.2587955616754804566
7485 1056.717000 21.8851051217013754524 -0.0704140613443037383101 20.2587266179295255597
7486 1056.726000 21.8853608423388514836 -0.0704048889555327628287 20.2586397696643096822
7487 1056.733000 21.8855607307351007762 -0.0703941165802817042652 20.258576374411873644
7488 1056.741000 21.8857911690120161552 -0.0703795423818657089887 20.2585112712567365634
7489 1056.748000 21.8859943051651093526 -0.0703659077593012660667 20.2584621414456655941
7490 1056.755000 21.8861984948629029191 -0.0703517693873061678023 20.2584210165908942258
7491 1056.762000 21.8864334359396828233 -0.0703366897696937332096 20.2583844430899269184
7492 1056.769000 21.886610376065011252 -0.0703267068370195119753 20.258363938836666307
7493 1056.777000 21.8868478318203756317 -0.0703156082206721211314 20.2583454892051442187
7494 1056.784000 21.8870562534132879762 -0.0703086602149529255046 20.2583362380150013848
7495 1056.791000 21.887265737890988504 -0.0703043215199081888978 20.2583325038772947835
7496 1056.798000 21.8874754926590426862 -0.070302910355275347043 20.2583324966695492719
7497 1056.805000 21.8876862430471206267 -0.0703040121402807721696 20.2583352382362384958
7498 1056.811000 21.887866802603021199 -0.0703070753522393732116 20.2583382615466334187
7499 1056.818000 21.8880783386159407655 -0.0703123681595936717015 20.2583419368948618455
7500 1056.825000 21.888289796479785565 -0.0703195820281840161536 20.258344129300670744
7501 1056.831000 21.8884715142726840043 -0.0703264502626911314209 20.2583443239717375661
7502 1056.838000 21.8886835535447232814 -0.0703352341342908943256 20.2583416900409218897
7503 1056.844000 21.8888652666851086792 -0.0703430042902408042549 20.2583364739310418656
7504 1056.851000 21.8890778032753949844 -0.0703516919006483554266 20.2583269739878346627
7505 1056.858000 21.8892905522254643813 -0.0703599536058791691362 20.25831341586498624
7506 1056.864000 21.8894728685196753304 -0.070365880400780567161 20.2582984957989076236
7507 1056.870000 21.8896554883119307533 -0.0703709989951605274783 20.2582809545071356183
7508 1056.877000 21.8898691668996612236 -0.070375858053632250888 20.2582573851121097164
7509 1056.884000 21.8900825990756224826 -0.0703788228139379107295 20.2582307848761509206
7510 1056.891000 21.8902967578201383958 -0.0703803781203420353307 20.2582020302120398014
7511 1056.898000 21.8905115152591918104 -0.0703807317331392873205 20.2581716697315670217
7512 1056.905000 21.8907265992754673789 -0.070379437779274453546 20.258140195473160361
7513 1056.912000 21.8909423780331664489 -0.070377252202653770019 20.2581084721219575329
7514 1056.918000 21.8911276825463367857 -0.0703749341722150478784 20.2580813537022912385
7515 1056.926000 21.8913758495685222272 -0.0703709111934804343313 20.2580461635476041238
7516 1056.932000 21.8915625268790670077 -0.0703678000280190119042 20.2580206843506083203
7517 1056.939000 21.8917807410217371 -0.070364294431030427468 20.2579921509084748266
7518 1056.947000 21.8920313625447384709 -0.0703605075230893800553 20.2579617394391853225
7519 1056.954000 21.892251041761070951 -0.0703579041234630858659 20.2579367698327956759
7520 1056.960000 21.8924403632098716344 -0.070355989750399194893 20.2579169760348456464
7521 1056.967000 21.8926618390773199962 -0.0703547426461557101618 20.2578953349961814467
7522 1056.974000 21.8928833733077468082 -0.0703539431855440822172 20.2578750612953761845
7523 1056.981000 21.8931058112688141648 -0.0703540558032349216955 20.2578562111698303738
7524 1056.987000 21.893296643738025864 -0.0703548465591518207285 20.2578407476982995661
7525 1056.993000 21.8934883397310890984 -0.0703559499089392581528 20.2578261436863336087
7526 1056.999000 21.8936804523223145225 -0.0703577168485358811489 20.2578119139797472315
7527 1057.005000 21.893872223113422848 -0.0703594737107103851415 20.2577977821469232822
7528 1057.011000 21.89406467868523265 -0.0703615656563812558177 20.2577839252797140546
7529 1057.018000 21.8942892450019463979 -0.0703643288920605125547 20.2577674986155180648
7530 1057.025000 21.8945146150948986019 -0.0703669118692688694283 20.2577510557886064646
7531 1057.033000 21.8947723741004587339 -0.0703700544388656673567 20.2577316438609784655
7532 1057.039000 21.8949657004137883121 -0.0703719243863997617749 20.2577164612222482276
7533 1057.046000 21.8951916133189818936 -0.070373992625793579947 20.2576982883665621671
7534 1057.053000 21.8954174920836983631 -0.0703758288998538178438 20.257679268929251748
7535 1057.061000 21.8956764188362171808 -0.0703772723634011193594 20.2576569575401883583
7536 1057.068000 21.8959029043318373908 -0.0703783494487277838658 20.2576365688154673705
7537 1057.075000 21.8961298849074594841 -0.0703787715790695489471 20.2576157245434060883
7538 1057.082000 21.8963569928348817939 -0.0703790052843955432627 20.2575943366102286802
7539 1057.090000 21.896616734250251568 -0.070379028617758909725 20.2575693175426039261
7540 1057.097000 21.8968444333486438325 -0.0703787694921676754145 20.2575472427021310295
7541 1057.104000 21.8970721286338800837 -0.0703785701427353527215 20.2575248071944926664
7542 1057.110000 21.8972680221412367985 -0.0703781748303217713492 20.2575057451787650109
7543 1057.114000 21.8973985656858758375 -0.0703779762595910102219 20.257492961459409031
7544 1057.120000 21.8975944773949642297 -0.0703779021352120420785 20.2574737449933017785
7545 1057.125000 21.8977581767677484947 -0.0703776476190333261096 20.2574578883424152309
7546 1057.130000 21.8979219057515557267 -0.0703775662291988013397 20.2574421042084829025
7547 1057.135000 21.8980859653647534913 -0.0703777916424879607105 20.2574264491619153716
7548 1057.140000 21.898249916659658254 -0.0703777672807113230391 20.2574107303737740438
7549 1057.144000 21.8983814019773781467 -0.0703779104644995379125 20.2573983906158829882
7550 1057.149000 21.8985459058202280858 -0.070378214046459205977 20.2573830214245411696
7551 1057.153000 21.8986773268269772075 -0.0703786520703126167176 20.2573706702757867504
7552 1057.158000 21.8988424055677590729 -0.0703790465954752947342 20.2573556314153293556
7553 1057.163000 21.8990073744696864821 -0.0703796066449476065419 20.2573406130744864129
7554 1057.170000 21.8992384225071745618 -0.070380634281147408382 20.2573196334132887841
7555 1057.176000 21.8994371758352066593 -0.0703814626192108688807 20.2573020360798352613
7556 1057.183000 21.8996692111657793589 -0.070382787061211329882 20.2572815831440387058
7557 1057.190000 21.8999013390558339154 -0.0703837978236779848729 20.2572611323986997434
7558 1057.197000 21.9001338681953505727 -0.0703849735814135318845 20.2572408719695111756
7559 1057.205000 21.9003999047934456712 -0.0703863346910874598805 20.2572177231737846625
7560 1057.213000 21.9006663279248030562 -0.0703875546409255259395 20.2571946831121145749
7561 1057.221000 21.9009329900664511115 -0.0703887155710678086296 20.2571715490881061328
7562 1057.228000 21.9011665836822082554 -0.0703895619572778713513 20.2571513386313846183
7563 1057.235000 21.9014001872304540086 -0.0703903855471039729963 20.2571309400840924297
7564 1057.242000 21.9016342793867018202 -0.0703909763618527084539 20.2571106683454615904
7565 1057.249000 21.9018681597238611403 -0.0703916341226466096836 20.2570901078699705522
7566 1057.256000 21.9021026916910344084 -0.0703919832215497837113 20.2570697284658471915
7567 1057.261000 21.9022701725025292774 -0.0703922543131001721139 20.2570550535337190468
7568 1057.268000 21.9025046331745372186 -0.0703926421616424685679 20.2570343705951678714
7569 1057.275000 21.9027393945232553563 -0.0703929126514828001904 20.257013761876716984
7570 1057.281000 21.9029404368434192918 -0.0703932855590514300337 20.2569958810644479286
7571 1057.289000 21.9032092506309190583 -0.0703935319335699388743 20.2569722992798126882
7572 1057.296000 21.9034443070670725717 -0.070394025461308531999 20.2569514639122871813
7573 1057.302000 21.9036461717774599833 -0.0703942219374531913401 20.2569337076250945984
7574 1057.309000 21.9038816694022990816 -0.070394643037905907379 20.2569129437014794348
7575 1057.316000 21.9041172379943773763 -0.0703951932776315791873 20.2568920900447970723
7576 1057.323000 21.9043531328939025116 -0.070395728130291698732 20.2568713724255822228
7577 1057.330000 21.9045889113613654331 -0.070396460825055670596 20.2568504796023773906
7578 1057.337000 21.9048253361289368968 -0.0703970905087270698575 20.2568298441855887404
7579 1057.343000 21.9050280752191994793 -0.0703979358847929559406 20.2568121237872666995
7580 1057.350000 21.9052645209720182606 -0.0703985671854074623877 20.2567913189728123768
7581 1057.357000 21.9055012594724551889 -0.0703993880943058619737 20.2567706188538707579
7582 1057.364000 21.9057380728453416907 -0.0704002950079472833433 20.2567498341995531064
7583 1057.370000 21.9059413165030214543 -0.0704010000063393093228 20.2567321413860526036
7584 1057.377000 21.9061782996841927229 -0.070401979626035865456 20.256711308220285872
7585 1057.384000 21.9064159270293608017 -0.0704027220200158371233 20.2566907284973005687
7586 1057.390000 21.90661982532579799 -0.0704036104740232288046 20.256673038538565379
7587 1057.398000 21.906891172963202763 -0.0704043430554067845017 20.2566493090920225484
7588 1057.405000 21.9071290046687821018 -0.0704050683964229928602 20.2566286267329935811
7589 1057.413000 21.9074009224242267635 -0.0704058985374793055989 20.2566049214711867421
7590 1057.418000 21.907570953962459015 -0.0704063414786229024855 20.2565901615511769762
7591 1057.423000 21.907741189385454561 -0.0704069837459935093937 20.2565754322099849105
7592 1057.428000 21.9079111717635584 -0.0704072592000435787396 20.2565605271781059571
7593 1057.433000 21.9080814229830167505 -0.0704076305701575172469 20.2565457993644955081
7594 1057.438000 21.9082518052526715735 -0.0704082104491923765899 20.256531075374269335
7595 1057.442000 21.908387783530532289 -0.0704083782067093794099 20.2565191034046314655
7596 1057.447000 21.908558275922594305 -0.0704086959348602936526 20.2565044203816775337
7597 1057.452000 21.9087287051651244951 -0.0704090490334254720528 20.2564896632996394032
7598 1057.457000 21.9088988635355406132 -0.0704094936351748329484 20.2564747655047696639
7599 1057.464000 21.9091377574082670776 -0.0704099071681465182859 20.2564542261207840568
7600 1057.471000 21.9093762631826400877 -0.0704105099876826262539 20.2564334511284300788
7601 1057.479000 21.9096494552950531443 -0.0704109798031392897233 20.2564099945323619067
7602 1057.486000 21.9098882537888499655 -0.0704116572871379964305 20.2563893035186630698
7603 1057.494000 21.9101615110891962956 -0.0704121376652930841544 20.2563658106840165374
7604 1057.501000 21.910400449297686265 -0.0704128536179225439362 20.2563451375311913694
7605 1057.508000 21.9106397431271027187 -0.0704133100545922124835 20.2563246034378181548
7606 1057.515000 21.9108790638085437763 -0.0704141155284877390264 20.2563040662420519311
7607 1057.521000 21.9110840606794070595 -0.0704145020041499758445 20.2562863263106436307
7608 1057.529000 21.9113579057706857611 -0.0704154287547837237637 20.2562628648507185858
7609 1057.537000 21.9116312935626247338 -0.0704160436679591716924 20.256239255424162593
7610 1057.544000 21.9118710861191949846 -0.0704169186778382666381 20.2562187070836330349
