9608 1074.189000 -0.355549105292995826222 -0.031295204582318013331 -0.0547186737664931421854 -0.0100699615614263521257 -0.00910255294714825378966 0.99990786545761101145 3.08630797764959474705
9609 1074.195000 -0.355546011659734928489 -0.0312950488411693414359 -0.0547210932471126135224 -0.0100802045726255222469 -0.00910703486511073648235 0.999907721438203389575 3.08630992516308433338
9610 1074.199000 -0.355544056738583746924 -0.0312945087016413062142 -0.0547218836113981671465 -0.0100853141241739625161 -0.00911105214765793071374 0.999907633318087629704 3.08631068092223159738
9611 1074.204000 -0.355541784221352630269 -0.0312933805989166688444 -0.0547219946076256680279 -0.0100896544275491384379 -0.0091171211888502398657 0.999907534212419291109 3.08631103202956103004
9612 1074.208000 -0.355540128320367632142 -0.0312921386693379641186 -0.0547214305960641300697 -0.0100915023869573156068 -0.00912271749668902391661 0.999907464521117450573 3.08631083652724491628
9613 1074.213000 -0.355538282992388599002 -0.0312901913052323205067 -0.0547199919739130846708 -0.010091897880522997244 -0.00913048762781413190959 0.999907389608081342836 3.08630998639156217678
9614 1074.218000 -0.355536698236349979485 -0.0312878382970489254955 -0.0547178458606282849819 -0.0100903857532593874829 -0.0091389324372857377865 0.99990732772055301858 3.08630844936912795973
9615 1074.223000 -0.355535373188163528191 -0.0312851174708309448524 -0.054715120178116798122 -0.0100872689704438450037 -0.00914784265596302152701 0.999907277691016616039 3.08630621404626603876
9616 1074.228000 -0.355534295614610640346 -0.0312820699142004540749 -0.0547119508832797779574 -0.0100828911588103017904 -0.00915700862966580854396 0.999907237947018634472 3.08630327698620821053
9617 1074.233000 -0.355533444336555537468 -0.0312787401556969685279 -0.0547084764251036526073 -0.0100776074786769944541 -0.00916623012004901503713 0.999907206721149743878 3.08629964573795501082
9618 1074.238000 -0.355532791784366530852 -0.0312751757512704925412 -0.0547048324107255803939 -0.0100717600862070075923 -0.00917532477096839188535 0.999907182224486823507 3.08629534053895016044
9619 1074.243000 -0.355532306506924355993 -0.0312714264477267703257 -0.0547011467542628526672 -0.0100656592245377748962 -0.00918413469510116937944 0.999907162777763924844 3.08629039497028578865
9620 1074.248562 -0.355531955484647721466 -0.0312675430808688620266 -0.0546975355256862222353 -0.0100595702934467672029 -0.00919253088065826069741 0.999907146899910559412 3.08628485576265809698
9621 1074.255000 -0.355531627926930049455 -0.0312619774327135904746 -0.0546927937125209762126 -0.0100514617693974982193 -0.0092034098714982200129 0.999907128368947795138 3.086276217985896686
9622 1074.264000 -0.355531338132469398872 -0.0312546989704270486432 -0.0546877916111589007508 -0.0100426204895800123135 -0.00921603002650862694611 0.999907100967011186476 3.08626378524456956853
9623 1074.271000 -0.355531214014110585886 -0.0312493394539045121761 -0.0546842804218401201677 -0.0100364184203207678497 -0.0092238136092204717903 0.999907091467899800108 3.08625365094096038021
9624 1074.278000 -0.355531056796646760532 -0.0312441386683109355304 -0.0546817964666984068778 -0.0100316293803385612332 -0.00923079326170373783145 0.99990707511635046334 3.08624322543261753182
9625 1074.286000 -0.355530810401739227888 -0.0312385465797138002497 -0.0546799108244964138237 -0.0100274382173670614793 -0.00923745812299075867713 0.999907055605781303065 3.08623114960504718596
9626 1074.294000 -0.355530492736635228557 -0.0312334383997525735777 -0.0546789224917711563778 -0.0100243547826779008658 -0.00924292434082700856135 0.999907036009258565201 3.08621932215465832883
9627 1074.302000 -0.355530104572046423694 -0.0312288662379819476067 -0.0546786645367768678327 -0.0100221396150525082769 -0.00924743198020518131219 0.999907016536691672925 3.08620808408107727416
9628 1074.310000 -0.355529662924772782429 -0.0312248507030420119346 -0.0546789286669863844326 -0.0100205513766434984452 -0.00925120449050829789239 0.999906997558064225551 3.08619771572491297107
9629 1074.318000 -0.355529192192858556343 -0.0312213821785597873959 -0.0546794965980201552735 -0.010019388159837746069 -0.00925443615511103122306 0.99990697930975236396 3.08618842108212865227
9630 1074.326000 -0.3555287180048066209 -0.0312184254691409632243 -0.0546801639587778526286 -0.0100185010023519944361 -0.00925728608890880738658 0.999906961817915274082 3.08618032312559797958
9631 1074.334000 -0.35552826491903621875 -0.0312159282602262680428 -0.0546807575443827575956 -0.0100177849299630129104 -0.00925987162202487543161 0.999906945051708628824 3.08617347214760773255
9632 1074.342000 -0.355527846526547119943 -0.0312138242830302947706 -0.0546811489868684538762 -0.0100172037691721033115 -0.00926230476080448089649 0.999906928338415323942 3.08616788112506146291
9633 1074.350000 -0.355527468171416116682 -0.0312120327263384483851 -0.0546812603517285097943 -0.0100167807790727640682 -0.00926469511259398956216 0.999906910430813367086 3.08616344235557971132
9634 1074.358000 -0.355527143729462424826 -0.0312105007654599510281 -0.0546810604282397388909 -0.010016476022742970553 -0.00926703529528081874911 0.999906891797892383167 3.08616009891928255726
9635 1074.366000 -0.355526859312825682657 -0.0312091464967128341679 -0.0546805724204443982517 -0.0100163570781321657061 -0.009269381241924378248 0.999906871244655048869 3.08615766551849635135
9636 1074.373000 -0.355526632094789241112 -0.0312080567060852472061 -0.0546799550513738866209 -0.0100164470288159716815 -0.00927145256806194244248 0.999906851139743535484 3.08615614411780248005
9637 1074.381000 -0.355526377522247583052 -0.0312068647929666688479 -0.0546791110115649181544 -0.0100168236348553742199 -0.00927384030909913538443 0.9999068252243253907 3.08615490673251002818
9638 1074.389000 -0.35552611433564196286 -0.0312057020096723897185 -0.0546782124203992470068 -0.0100175122893569595178 -0.00927622354180845758165 0.999906796218695048672 3.08615407725737345146
9639 1074.398000 -0.355525749838958127214 -0.0312043053720410315521 -0.0546773812781780541026 -0.0100189499788933787661 -0.00927887924129023114461 0.999906757173560589713 3.08615314871634716098
9640 1074.406000 -0.355525384672568778299 -0.0312031405085730281779 -0.0546765992007557516397 -0.0100203068764434990306 -0.00928133190603841126687 0.999906720813572569284 3.08615274671011885488
9641 1074.414000 -0.355524921043021580047 -0.0312018628608119463763 -0.054676170088718556439 -0.0100222178576408124662 -0.00928363613192156357512 0.99990668027040607857 3.08615200399573863521
9642 1074.422000 -0.355524373634753698692 -0.031200558377128630172 -0.0546760216050103664553 -0.0100244260082934851658 -0.00928581585662034171558 0.999906637895299210683 3.08615109753134886361
9643 1074.430000 -0.355523723482065845403 -0.0311992156352729581303 -0.0546761787652355057965 -0.0100269297568791656422 -0.00928791076582325021704 0.999906593334225823888 3.08614991581409547905
9644 1074.438000 -0.355522981409657767848 -0.0311978579759116733672 -0.0546766308085755853297 -0.0100295756260608479038 -0.00928983325135442593312 0.99990654893891117716 3.08614844151438072473
9645 1074.445000 -0.355522268722433754107 -0.0311966763845046499148 -0.0546772365534038545798 -0.0100319173191546016227 -0.00929137070369276396598 0.999906511162592770425 3.08614691627039983146
9646 1074.453000 -0.355521404893275383419 -0.0311953618520647048273 -0.0546781114703925874565 -0.0100344941458143151886 -0.00929295521148252624821 0.999906470581461315206 3.08614496685131145526
9647 1074.461438 -0.355520496840890543044 -0.0311940785124829450536 -0.0546791137339547872465 -0.0100368812976504278439 -0.00929439489634920415484 0.999906433241294578806 3.08614278282602239045
9648 1074.469000 -0.355519583897708491005 -0.031192855140714362272 -0.0546801549804155281875 -0.0100389195109662869576 -0.00929567537685537827186 0.999906400876772294417 3.08614044340885973483
9649 1074.477000 -0.355518703534822622103 -0.0311917168998557120529 -0.0546811444561912246565 -0.0100404941060378422035 -0.00929682715167842385617 0.99990637435862883553 3.08613807155259456394
9650 1074.485000 -0.355517868818152837918 -0.0311906439366396413815 -0.0546820097325321288761 -0.0100415745792545186427 -0.00929791948641060100877 0.999906353351749377367 3.08613568047999642374
9651 1074.493000 -0.35551712049279776684 -0.0311896583742694230579 -0.0546826777705687605557 -0.0100420758607645179555 -0.00929896364389920515592 0.999906338607550071451 3.08613338512456758522
9652 1074.501000 -0.355516468256798390257 -0.0311887365376792777272 -0.0546831126871932665656 -0.0100420283345050466439 -0.00930000449078374064049 0.999906329404610105804 3.08613119927607248982
9653 1074.509000 -0.35551593742150217059 -0.0311878911870825080432 -0.0546832758288725295781 -0.0100414410053530130801 -0.00930109047831004925877 0.999906325201741386088 3.08612923735357114197
9654 1074.517000 -0.355515571553201792376 -0.0311872276818928977071 -0.054683169082845858866 -0.010040514204844117746 -0.00930206239267710073559 0.999906325467413426011 3.08612777998480503072
9655 1074.524000 -0.355515263957180249754 -0.0311864271103066449664 -0.0546828793588344519438 -0.0100392026294152530985 -0.00930333242435270844906 0.999906326820851676374 3.08612614041649324648
9656 1074.533000 -0.355515059333332217317 -0.0311856102549457128714 -0.0546822549093391938047 -0.0100373718265226487267 -0.00930484711175893000612 0.999906331106590773317 3.0861247223897816383
9657 1074.540000 -0.355514978076668930473 -0.0311849767965795693359 -0.0546816256658771981947 -0.0100358713998157551839 -0.00930614463926216113621 0.999906334091948623133 3.08612381351725684198
9658 1074.548000 -0.355514954149968587238 -0.0311842464205805483535 -0.0546808085675342808729 -0.0100341769854046438532 -0.00930772063389790488275 0.999906336427981212722 3.08612295131566449768
9659 1074.557000 -0.355514987298581941477 -0.0311835280105848579313 -0.0546798829724264162655 -0.0100325372068599486669 -0.00930939186452270708849 0.999906337323804295103 3.08612233024305782081
9660 1074.565000 -0.355515037887911611314 -0.0311827586348320320853 -0.0546790491043524853887 -0.0100312575799483046785 -0.00931113071187958905861 0.999906333971453120668 3.086121752108265337
9661 1074.573000 -0.35551508731718128864 -0.0311818334661817207765 -0.0546782545880043838182 -0.0100302961754330961786 -0.00931309343847581093401 0.999906325337148516041 3.08612109780200238873
9662 1074.580000 -0.355515100961694641146 -0.0311810979489531396591 -0.0546777047723642078969 -0.0100298592610442299788 -0.00931464677467078346063 0.999906315250917110404 3.08612065201522822733
9663 1074.588000 -0.355515070066111438241 -0.0311802229669417216296 -0.0546772291341851152113 -0.0100297660629467856597 -0.00931638644330822461581 0.99990629997833380127 3.08612009983313440031
9664 1074.595000 -0.355514992465373103059 -0.0311794322920243248409 -0.0546769612199973567557 -0.010030035632278708202 -0.00931785254465312441641 0.999906283613204993621 3.08611955223969980366
9665 1074.602000 -0.355514865734398333164 -0.0311786315992104712258 -0.0546768346251648093559 -0.0100305904625083760345 -0.00931922872460257990801 0.999906265222371692936 3.08611895572554439937
9666 1074.610312 -0.355514639532602483296 -0.0311776834448004788736 -0.0546768630727400145597 -0.0100316066980832702127 -0.009320750269217196321 0.999906240845347293877 3.08611812357415971064
9667 1074.618000 -0.355514335445127005464 -0.0311767182693004039906 -0.0546770585918680690485 -0.010032901737747405152 -0.00932213562721374150444 0.999906214937215209737 3.08611714352064536726
9668 1074.626000 -0.35551396723568517988 -0.0311757564695649656838 -0.0546773901896121308774 -0.0100343719934753022871 -0.00932336661133731890716 0.999906188706584209136 3.0861160395788318489
9669 1074.633562 -0.355513600330490120438 -0.0311749035355817112614 -0.0546777522811518826296 -0.0100357622039002839648 -0.0093243950882255424023 0.999906165164124449696 3.08611495193684470806
9670 1074.641000 -0.355513109135118021698 -0.0311739411227365155466 -0.0546782637260602027984 -0.0100374300258745160347 -0.00932542990188421974662 0.999906138772845398677 3.08611357602942959488
9671 1074.649000 -0.35551259526194206595 -0.0311729842135887655341 -0.0546787912600961295562 -0.0100390131549076208617 -0.00932637492917364613332 0.999906114065493678567 3.08611208900448819037
9672 1074.657000 -0.355512071405239271638 -0.0311720553145715256749 -0.0546793077945251851379 -0.0100404500170010579224 -0.00932723930266368510267 0.999906091575827438156 3.0861105605370653393
9673 1074.662000 -0.355511739026732553892 -0.0311714780030698662694 -0.0546796137571367718566 -0.0100412552003024003328 -0.00932774877561665625991 0.99990607873778891701 3.08610956637163225125
9674 1074.669000 -0.355511279449058414937 -0.0311706807497942710306 -0.0546800009454105617746 -0.01004226208645597751 -0.0093284787613089163727 0.999906061815902136303 3.0861081510081005419
9675 1074.676000 -0.355510841786915665619 -0.0311699041157021128345 -0.0546803249479514211218 -0.0100430427547145550288 -0.00932916568129871226489 0.999906047566428979323 3.08610674003398610665
9676 1074.684000 -0.355510357518875108607 -0.0311690138674591069035 -0.0546806150961588882664 -0.0100437589239063818081 -0.00933003106717908599343 0.999906032298517488677 3.08610511859897496123
9677 1074.691000 -0.355509969466009212447 -0.0311682505217718182344 -0.054680783021998302651 -0.0100441589948425842593 -0.00933080839009932209993 0.999906021026413016628 3.08610374180013691259
9678 1074.698000 -0.355509616006707884761 -0.0311674941217025998352 -0.0546808728647211333973 -0.0100443733206685183179 -0.00933162668990871781161 0.999906011237013725435 3.08610240014857106772
9679 1074.705000 -0.355509304147583138356 -0.0311667504374610812579 -0.0546808830040460339128 -0.0100444094690839372946 -0.00933249433801644316666 0.999906002776185021119 3.08610111978556522772
9680 1074.712000 -0.355509020036902156914 -0.0311659944182360038045 -0.0546808340544720009047 -0.0100443335888471367567 -0.00933342560961333139735 0.999905994846088330696 3.08609985888252014163
9681 1074.721000 -0.355508704274752562746 -0.0311650189819994011264 -0.0546806846687847639132 -0.0100440850299792789474 -0.00933472091124942088269 0.999905985251323459195 3.08609831098413600614
9682 1074.729000 -0.355508472588385360247 -0.0311641554138339799129 -0.0546804899232997895786 -0.0100437465793589073004 -0.00933592657856222550572 0.999905977394659473134 3.08609702181985756653
9683 1074.736000 -0.35550828564703607082 -0.0311633760960781103222 -0.0546802924246303639899 -0.0100434718899942224124 -0.00933708988562975857051 0.999905969291544183264 3.08609590068163663901
9684 1074.744000 -0.355508104445229455859 -0.0311624875844958293403 -0.0546800479134776779011 -0.010043129531161132037 -0.00933843429318270169814 0.999905960175341834706 3.08609469365767763449
9685 1074.752000 -0.355507929370724617968 -0.0311615687850059115693 -0.0546798079030838130032 -0.0100428659093852665207 -0.00933984336733366567185 0.999905949662366899666 3.08609347237690245791
9686 1074.759000 -0.355507782824888596274 -0.0311607505362964803952 -0.0546796120210887026669 -0.0100426966579945254471 -0.00934108975082915266031 0.999905939719383018982 3.08609239869224394326
9687 1074.768000 -0.355507598226031451549 -0.03115968543533370258 -0.0546793923232594680783 -0.0100425844775977428369 -0.00934269006513527462687 0.999905925894709834978 3.08609101445187006263
9688 1074.775000 -0.355507441647578192878 -0.0311588331027793895289 -0.0546792582005008742652 -0.0100426224540926933154 -0.00934394548623773343876 0.999905913782389133004 3.08608989616448248228
9689 1074.783000 -0.355507248707015777178 -0.0311578403502630885136 -0.0546791490283001779815 -0.0100427825285403834327 -0.00934535530653925368416 0.999905898999140174688 3.08608856586695257107
9690 1074.790000 -0.355507066592469500588 -0.0311569597988364151153 -0.0546790928226647959809 -0.0100430194207137332002 -0.00934655645498078981037 0.999905885392894822061 3.08608735258032629289
9691 1074.799000 -0.355506814725184139281 -0.0311558217565320837161 -0.0546790708726933999406 -0.0100434412024663563545 -0.00934805118615711881647 0.999905867183423224809 3.08608575257800055169
9692 1074.807000 -0.355506562637990575215 -0.0311547881551593533467 -0.0546791003015117058061 -0.0100439300824489707864 -0.00934933629951251871093 0.999905850257541639614 3.08608423384561447733
9693 1074.816000 -0.355506262871788603075 -0.0311536267028185188954 -0.0546791739426079684283 -0.0100445451899596732009 -0.00935070643082135284641 0.99990583126671050973 3.08608246924876050699
9694 1074.824000 -0.355505970310659780154 -0.0311525785526805473746 -0.0546792714769486140614 -0.0100451665546185085753 -0.0093518964934512262277 0.999905813894921835505 3.0860808227613651944
9695 1074.833000 -0.355505631566608970573 -0.0311514049596213968285 -0.0546794018729691994052 -0.0100458572494602216274 -0.0093531496991564079535 0.999905795234145355899 3.08607892097347757954
9696 1074.841000 -0.355505314438348041239 -0.03115035445508242129 -0.0546795278667641521109 -0.0100465072161776327458 -0.00935427250258871224864 0.999905778200477546314 3.08607717729292874154
9697 1074.849000 -0.355504990680628130129 -0.0311493024505984893169 -0.0546796558561642581653 -0.0100471253919498619556 -0.00935535654555712421765 0.99990576184721713382 3.08607539804812214257
9698 1074.857000 -0.355504708367397947999 -0.031148372473806563987 -0.0546797609255081987212 -0.0100476312048920143893 -0.00935628895576499398923 0.999905748040357478246 3.08607378767226370186
9699 1074.864000 -0.355504386498914470849 -0.0311473420063200501229 -0.0546798708891832602186 -0.0100481670373874162894 -0.0093573590242336870948 0.999905732642472955263 3.08607203280199682283
9700 1074.873000 -0.355504034175773364623 -0.0311461736296262114987 -0.0546799744726157305186 -0.0100486946621385041245 -0.00935855253738027831334 0.999905716170275904453 3.08607001698056526706
9701 1074.882000 -0.355503724317067448801 -0.0311451145969128470603 -0.0546800410415034521261 -0.0100491172947905927498 -0.00935965203196513842454 0.99990570163162684203 3.08606818048278830346
9702 1074.890000 -0.355503389221113796914 -0.0311439600149951457964 -0.0546801054989625584524 -0.010049514031326204494 -0.00936087600389367245624 0.999905686186539410798 3.08606621728689090034
9703 1074.899000 -0.35550306958214805686 -0.0311427920822893826436 -0.0546801344142920642266 -0.0100498589851725720484 -0.00936216573692471264179 0.999905670644532396096 3.08606423165141752207
9704 1074.907000 -0.355502786612805043998 -0.0311417372246210640008 -0.0546801504642947175383 -0.0100501464491224608289 -0.00936334488596876103605 0.999905656714121016115 3.08606246032475661778
9705 1074.915000 -0.355502517181671140456 -0.0311406833081586467693 -0.0546801484041123525559 -0.0100503892100157407596 -0.00936454231925586307039 0.999905643060323034987 3.08606070568794343956
9706 1074.923000 -0.355502264244787147263 -0.0311396350679231659342 -0.0546801326303804624551 -0.0100505802355826540095 -0.00936573218162456769265 0.999905629995966105383 3.08605897673711471185
9707 1074.931000 -0.35550204770641097296 -0.0311386901656204237443 -0.0546801023654003640062 -0.0100507535631878270471 -0.00936683170465573734786 0.99990561795432908454 3.0860574065857360182
9708 1074.938000 -0.355501831043898430806 -0.0311377532846435767233 -0.0546800803890978570632 -0.0100509382990434034677 -0.00936793116890461026458 0.999905605797329122275 3.0860558749561102232
9709 1074.945000 -0.355501589505367310284 -0.0311367011827202340435 -0.0546800585629147878342 -0.0100511501196964784383 -0.00936918188338085183853 0.999905591949613925529 3.08605417974078433119
9710 1074.952000 -0.355501377256390860282 -0.0311357482890107645224 -0.0546800392325184209108 -0.0100513486539718401025 -0.00937028578077688141523 0.999905579609706496313 3.08605261729735591558
9711 1074.959000 -0.355501167841323795216 -0.0311347927407653948806 -0.0546800188065823880579 -0.0100515541932884710369 -0.00937139553538408540123 0.999905567143227202997 3.08605105441458915649
9712 1074.966000 -0.355500958902702612896 -0.0311338306667121242355 -0.0546800023816356450812 -0.0100517714901527284443 -0.00937249934168921279565 0.999905554613034430744 3.08604946852633554855
9713 1074.973000 -0.355500749340427635303 -0.0311328618503129844752 -0.0546799908416737839856 -0.0100520032430425083209 -0.00937359648789795087132 0.99990554199868508789 3.08604785815542426164
9714 1074.980000 -0.355500545019567959493 -0.0311318979712074325739 -0.0546799821944305916577 -0.0100522249402319290013 -0.00937466384420249099207 0.999905529763466804916 3.08604625822918920974
9715 1074.987000 -0.355500332722366974014 -0.0311309190582986644591 -0.054679980644637991849 -0.0100524975128660053886 -0.00937576086371053225854 0.999905516737446542486 3.08604461117447614882
9716 1074.995000 -0.355500084182267528377 -0.0311297895685260436749 -0.0546799872532729019925 -0.0100528271739110802718 -0.00937699935175074876514 0.999905501809530306012 3.0860426979450488183
9717 1075.001000 -0.355499898209870324184 -0.0311289413394612059227 -0.0546799961286384278436 -0.0100530767558681660007 -0.00937791203756257497892 0.999905490740778168934 3.086041247550376454
9718 1075.008000 -0.355499677811298930852 -0.0311279454300230386254 -0.0546800116566173305399 -0.0100533801802664881503 -0.00937896947579435966147 0.999905477772035866657 3.0860395296373321905
9719 1075.015000 -0.355499455422797094872 -0.0311269453600516513014 -0.0546800313928188508328 -0.0100536910671833856074 -0.00938001708733670995499 0.999905464819233369411 3.08603778889624180692
9720 1075.022000 -0.35549923787289172683 -0.0311259530724605805452 -0.0546800519287730726892 -0.010053981758570647298 -0.00938103485054728007675 0.999905452348336276636 3.08603606355085169355
9721 1075.029000 -0.355499012777243938999 -0.0311249486921781233495 -0.0546800763689854057992 -0.0100543110824332215109 -0.00938208513353387847655 0.999905439182728228431 3.086034299012593074
9722 1075.036000 -0.355498784913183873968 -0.0311239398035920399044 -0.0546801033568818026231 -0.0100546392543076831827 -0.00938312581111225459118 0.999905426117629669847 3.08603252171248554347
9723 1075.043000 -0.355498564152756102441 -0.0311229387931153470004 -0.0546801264551778631873 -0.0100549390511768116374 -0.009384144747174786097 0.999905413540721377252 3.08603074641947427992
9724 1075.050000 -0.355498332727035293299 -0.0311219210691036918259 -0.0546801586421975238661 -0.0100552699223157831349 -0.00938517980895769987626 0.999905400498838692336 3.08602894038138808597
9725 1075.057000 -0.355498103972417878182 -0.0311209065124236974875 -0.0546801861345180689744 -0.0100555916992084212053 -0.0093862204229631200636 0.999905387495112263352 3.08602714297878577554
9726 1075.064000 -0.355497876417805391824 -0.0311198905605544334785 -0.0546802128824016575592 -0.0100559045013851947048 -0.00938725782303331292289 0.999905374610629338328 3.08602533836495407371
9727 1075.072000 -0.355497653621953124681 -0.0311188425734305190717 -0.054680232593191380186 -0.0100562008989885220273 -0.00938830376015760241504 0.999905361809799386741 3.08602344212518087119
9728 1075.079000 -0.355497428861243136566 -0.0311178209500886024386 -0.0546802561076476997814 -0.0100564988273745530706 -0.00938934258090097680072 0.999905349059216574936 3.08602161736134306125
9729 1075.086000 -0.355497176165947781357 -0.0311166981381142924989 -0.0546802842722505094697 -0.0100568256472067935059 -0.00939051960316110261029 0.99990533471898446205 3.08601966174341457716
9730 1075.094000 -0.3554969648400335136 -0.0311156560844572001312 -0.0546802932829459076292 -0.010057071025083541907 -0.00939155013069364538736 0.999905322572361976441 3.08601777860640247297
9731 1075.100000 -0.355496735723946299945 -0.0311146544408760841738 -0.054680321954320973421 -0.010057382522674072553 -0.00939261016277940889718 0.999905309482414295097 3.08601603210691211032
9732 1075.106000 -0.355496548602028894503 -0.0311137765108588197627 -0.0546803354372800629046 -0.0100576203793512532897 -0.00939351826163641566436 0.999905298559305211192 3.08601447923043270549
9733 1075.114000 -0.35549633580753320361 -0.0311127187678250476111 -0.0546803426791185320788 -0.0100578936265758658863 -0.00939460117941572254996 0.999905285636832896756 3.08601257141918328131
9734 1075.121000 -0.355496118959418516692 -0.0311116874258383739604 -0.0546803565719506251552 -0.0100581720222085030381 -0.00939567171932348399466 0.99990527277763396885 3.08601074312345424744
9735 1075.128000 -0.355495868065460574048 -0.0311105367171480608202 -0.0546803785100489284088 -0.0100584953138752562773 -0.00939688321795477399245 0.999905258140894592778 3.08600873057541358335
9736 1075.133000 -0.355495753130671221509 -0.0311099172547661881327 -0.0546803772301586582527 -0.0100586315495027837225 -0.00939749756920214493472 0.999905250996707239963 3.08600759857328998947
9737 1075.139000 -0.355495535603851497974 -0.0311089121034385102105 -0.0546803956156893672391 -0.010058912628500747688 -0.00939855741064496777448 0.999905238207766777769 3.08600584354691109823
9738 1075.147000 -0.355495327201643285253 -0.0311078355402039444244 -0.0546804010056923667227 -0.0100591721221157514438 -0.00939963412945440598967 0.999905225476119707828 3.08600388685212800866
9739 1075.154000 -0.355495087244624141665 -0.031106686104875654747 -0.0546804183365230608849 -0.0100594629990992945334 -0.00940081586869657287453 0.999905211440150654134 3.08600186820859789805
9740 1075.161000 -0.35549487698472997943 -0.0311056400996602040732 -0.0546804286954048757163 -0.0100597410115487798099 -0.00940189315072663921169 0.999905198514320581182 3.0859999920742016144
9741 1075.168000 -0.355494665445350022104 -0.0311045889724875998517 -0.0546804401479029436595 -0.0100600176503967391611 -0.00940296294543181525316 0.999905185671481788745 3.08599810456018897042
9742 1075.175000 -0.355494454474828414092 -0.0311035347049460481061 -0.0546804521184199449069 -0.0100602920580851844246 -0.0094040271738687637032 0.99990517290222036273 3.08599620519041728528
9743 1075.182000 -0.355494243941423870847 -0.0311024772861856826922 -0.0546804646963663862347 -0.0100605658557512134266 -0.00940508686842302966957 0.999905160180534102743 3.08599429108441913883
9744 1075.190000 -0.355494038228522490908 -0.0311013766793326179583 -0.0546804716607263707751 -0.0100608306497157705406 -0.00940615189510990087896 0.999905147498083346491 3.08599225058622250728
9745 1075.196000 -0.355493830340163796677 -0.0311003644024603169427 -0.054680488811471764099 -0.0100610887666697599446 -0.00940717478145521555921 0.999905135278072565441 3.08599045615088218852
9746 1075.202000 -0.355493651101417507121 -0.031099452616433442137 -0.0546805002223024819163 -0.0100613244271159189835 -0.00940807897384329273882 0.999905124399707356808 3.0859887947873936298
9747 1075.209000 -0.355493441831134571185 -0.0310983862389946318083 -0.0546805134863188185834 -0.0100616101884555657342 -0.00940914656214418554381 0.999905111478778030332 3.08598684629576025529
9748 1075.216000 -0.355493231011917487638 -0.0310973154485536286418 -0.0546805280265258569772 -0.0100618942327252332281 -0.00941020761479720128928 0.999905098635413214225 3.08598488896190259467
9749 1075.223000 -0.355493020637416223817 -0.0310962423666835338643 -0.0546805431079693191054 -0.0100621753830742732827 -0.00941126452030979429586 0.999905085858997288994 3.08598292329759882335
9750 1075.231000 -0.355492815189246302854 -0.0310951265813123947646 -0.0546805528938276858009 -0.0100624460729424568262 -0.00941232958944906127063 0.999905073109807251974 3.08598083473410245148
9751 1075.238000 -0.355492605934225325282 -0.0310940468954158701076 -0.0546805685443209205099 -0.0100627247112622802971 -0.00941338092497428190197 0.999905060408710300024 3.08597884193958060806
9752 1075.245000 -0.355492403240886045701 -0.0310929809088384204174 -0.0546805822627144388903 -0.0100629774788740609243 -0.00941441189160333903596 0.999905048158571396755 3.0859768898333639342
9753 1075.251000 -0.355492190590697476615 -0.031091942649882093469 -0.0546806031827280492053 -0.0100632741551961758797 -0.00941546942634010827766 0.999905035215224446965 3.08597501486723047037
9754 1075.259000 -0.355491993499049530048 -0.0310908307068514175309 -0.0546806090057457422349 -0.010063512027580188285 -0.00941650781752432011751 0.999905023042785390253 3.08597292458357363998
9755 1075.266000 -0.355491745925306079634 -0.0310896247323095148429 -0.0546806372835725723602 -0.010063869384262199777 -0.00941773193839772447544 0.99990500791732872532 3.08597073918335196296
9756 1075.273000 -0.355491537254268741286 -0.031088539181426479846 -0.0546806533391969301627 -0.0100641544567752171113 -0.00941879794342419772446 0.999904995007211305769 3.08596874152073352704
9757 1075.280000 -0.355491329662100286058 -0.0310874523526185157773 -0.0546806696408981413038 -0.0100644350115695977582 -0.00941985911183861567009 0.999904982186913038333 3.08596673702073243106
9758 1075.287000 -0.355491122794259317708 -0.0310863639749964885961 -0.0546806860733274058273 -0.0100647129896736468174 -0.00942091793170911177835 0.999904969413473510009 3.08596472446158420766
9759 1075.295000 -0.355490921534438453211 -0.031085228430956911988 -0.0546806965408528841688 -0.0100649803020994819958 -0.00942198621494876736859 0.99990495665702316952 3.08596257728359368855
9760 1075.302000 -0.355490722304263928599 -0.0310841502189136420498 -0.0546807105378163682552 -0.0100652302532353073866 -0.00942302164939209929706 0.999904944383687155351 3.0859605918573738137
9761 1075.309000 -0.355490517784970094795 -0.0310830600643257140558 -0.0546807250806633088347 -0.0100655139433942775185 -0.00942409404912894488326 0.999904931421186859986 3.08595857333866119276
9762 1075.316000 -0.355490312091086724244 -0.0310819650343222286804 -0.0546807411772624457624 -0.0100657959292710982163 -0.00942516042233556942953 0.999904918531418940297 3.08595654566103672067
9763 1075.323000 -0.355490072121401323724 -0.0310807537032427340373 -0.0546807661578444376138 -0.0100661246561063958543 -0.00942636207826262444154 0.999904903894553775956 3.08595433694520382417
9764 1075.331000 -0.355489873257788024929 -0.0310796085656062925917 -0.0546807762520064993828 -0.0100663900104497640309 -0.00942742981225355193564 0.999904891156800257335 3.08595216037656827623
9765 1075.335000 -0.355489724422279829152 -0.0310788743627865779451 -0.054680792353433121944 -0.0100665929262520100623 -0.00942817503139194504347 0.999904882087508495303 3.08595084464920876854
9766 1075.340000 -0.355489581109300623041 -0.0310780920199452831421 -0.0546808024844945839149 -0.0100667854386962875995 -0.00942892917690155499266 0.999904873038184649481 3.08594939089392550358
9767 1075.345000 -0.355489438271269442282 -0.0310773087660677523048 -0.0546808127342400113191 -0.0100669758457058392681 -0.00942968016119384751239 0.99990486403926415182 3.08594793052279214862
9768 1075.350000 -0.355489329902357820146 -0.0310766366549896956573 -0.0546808156430882569277 -0.0100671047214126140046 -0.00943027468118364659011 0.999904857134900404425 3.08594663513992539805
9769 1075.355000 -0.355489152181878098613 -0.0310757377409749263597 -0.0546808342361630311812 -0.0100673466237670705681 -0.00943116743635090404307 0.999904846279256798169 3.08594499883950890151
9770 1075.360000 -0.355489002608248505499 -0.0310749408428789460068 -0.054680846688341541717 -0.010067565488877701016 -0.00943194542250074333123 0.999904836737313562622 3.08594350378431903081
9771 1075.365000 -0.355488859976865745338 -0.031074154318303008615 -0.0546808565102670923741 -0.0100677579079280678925 -0.00943270002468944192275 0.999904827681590613331 3.08594203822199064646
9772 1075.370000 -0.355488717737264037222 -0.0310733667333731970739 -0.0546808663224615937315 -0.0100679490578138124135 -0.00943345249928266224582 0.999904818658112537477 3.08594056604292799051
9773 1075.375000 -0.355488575947152385393 -0.0310725782306003894817 -0.0546808762581491580868 -0.0100681381236744204449 -0.00943420191415445669181 0.999904809683884510108 3.08593908723876753086
9774 1075.380000 -0.355488434651645257567 -0.0310717888880520480555 -0.0546808863077089535309 -0.0100683235471830147267 -0.00943494724992949111708 0.999904800784224834231 3.08593760479246714823
9775 1075.385000 -0.355488291891380037146 -0.0310709967604195086421 -0.0546808971618886890953 -0.0100685063411358726587 -0.00943568646965864399334 0.999904791968167727667 3.08593611906845488591
9776 1075.390000 -0.355488143310460524837 -0.0310701947033066028236 -0.0546809093381485228358 -0.0100687240124518444934 -0.00943646334741469680618 0.999904782444935524843 3.08593460615194414842
9777 1075.395000 -0.355488001660272168181 -0.0310694030854510756801 -0.0546809189050979777003 -0.0100689153080573221694 -0.00943721702460089371944 0.999904773405622671056 3.08593312309432965534
9778 1075.400000 -0.355487860393301435824 -0.0310686104888022868176 -0.054680928486411845002 -0.0100691054114130061625 -0.00943796876096389576738 0.999904764396030265594 3.08593163385237678753
9779 1075.405000 -0.355487719570177829187 -0.0310678170710480434924 -0.0546809382186021625261 -0.0100692935128460260563 -0.00943871762227964199166 0.999904755433135727927 3.08593013847846941999
9780 1075.411000 -0.355487548987837298498 -0.0310668614562792065603 -0.0546809505067117479493 -0.0100695240141460990585 -0.00943962060380488555966 0.999904744587695515357 3.08592833755541429142
9781 1075.420000 -0.355487289823971930325 -0.0310654195007558919794 -0.0546809708779503259035 -0.0100698770223393210127 -0.00944097839547556813566 0.999904728213488858124 3.08592561104614437895
9782 1075.430000 -0.355487043833597970988 -0.0310639405665924309141 -0.0546809811966267877992 -0.010070205159312901888 -0.00944234314392408680128 0.999904712022101627156 3.08592278248949503094
9783 1075.438000 -0.355486780527923484918 -0.0310625423456197709282 -0.0546810077692669871396 -0.0100705674070180380836 -0.00944368797580776540845 0.999904695673300869529 3.08592017576539401347
9784 1075.447000 -0.355486530400358435866 -0.0310611074093047993816 -0.0546810243497557954551 -0.0100709048922659263892 -0.00944503974427448808604 0.999904679506441906867 3.0859174679289886889
9785 1075.456000 -0.355486273350430870277 -0.0310596574507666541021 -0.0546810449348272831216 -0.0100712572887714686687 -0.00944639804282329173524 0.999904663125760095888 3.08591471653403459641
9786 1075.464000 -0.355486054177637011975 -0.0310583817398773220919 -0.0546810592606383899517 -0.0100715487439121727936 -0.0094475917354061231257 0.999904648912235072267 3.08591230416929906966
9787 1075.473000 -0.355485831850025413292 -0.0310570415385608318559 -0.0546810710941372096761 -0.0100718576590460608122 -0.00944882111862012027959 0.999904634184062723889 3.08590972255336248864
9788 1075.481000 -0.355485578184887573983 -0.0310556481833677289206 -0.0546810954043075031494 -0.0100721898305546949531 -0.00945013712199345087828 0.999904618401371680925 3.0859071210132769103
9789 1075.490000 -0.355485358029522691137 -0.0310543074163811584631 -0.0546811061559262095999 -0.0100725040796950122274 -0.00945137577057808021819 0.9999046035285604761 3.08590453213822923928
9790 1075.499000 -0.355485075931808502947 -0.0310527474885413726224 -0.0546811335385332664139 -0.0100728786478668109333 -0.00945284484296347177201 0.999904585868131801085 3.08590161052793909846
9791 1075.507000 -0.355484851289599168567 -0.0310514539888810323087 -0.0546811504560319738832 -0.0100732020464170506091 -0.00945406850779677287999 0.999904571041247858254 3.08589915069985654128
9792 1075.516000 -0.355484597591648521231 -0.0310499933338375770642 -0.0546811716048637291854 -0.0100735533383305743416 -0.00945542403243799720047 0.999904554684849289359 3.085896363327125691
9793 1075.525000 -0.355484351814072729869 -0.0310485443315829980071 -0.0546811888475429441758 -0.0100738892678582988433 -0.00945677232641071313646 0.999904538549648447265 3.08589360820907376848
9794 1075.534000 -0.355484099044791113098 -0.0310470805646277658862 -0.0546812099755650538047 -0.0100742397727616572051 -0.00945812632054663510184 0.999904522211748747473 3.08589080936361792595
9795 1075.543000 -0.355483854184564296297 -0.0310456284474043067712 -0.0546812271422119564046 -0.010074574811435978508 -0.00945947309127464705525 0.999904506096059186859 3.08588804267861505082
9796 1075.551000 -0.355483630871996192369 -0.0310443262428771182826 -0.0546812452956348671318 -0.0100748851912838052053 -0.0094606768695638006339 0.999904491579846954608 3.08588555260130714686
9797 1075.560000 -0.355483387704008002572 -0.0310428709912587558195 -0.0546812626777789315136 -0.0100752128721660755284 -0.00946201367506795988638 0.99990447562894402278 3.08588276721285437176
9798 1075.569000 -0.355483135861817678425 -0.0310414014586952377583 -0.0546812831237575985854 -0.0100755677696309740854 -0.00946337367720859364006 0.999904459182358595903 3.08587995397604508696
9799 1075.577000 -0.355482921211698055242 -0.0310401062131466752569 -0.0546812986971093178967 -0.0100758465691796125774 -0.00946454613925142018704 0.999904445275793474224 3.08587747145246371616
9800 1075.586000 -0.355482671240591519002 -0.0310386359057548619211 -0.0546813177635768893348 -0.0100762082383330734553 -0.00946591792909959837965 0.999904428645706722101 3.08587465282926931565
9801 1075.595000 -0.355482428827248952974 -0.0310371730441280149759 -0.0546813359131598092366 -0.0100765260997687008254 -0.00946724000462561068869 0.999904412925783359078 3.08587184209458564865
9802 1075.603000 -0.355482208532045595994 -0.0310358653822328384164 -0.0546813522164375925838 -0.0100768450448657231888 -0.00946845779022951854198 0.999904398180654241379 3.08586933020647258274
9803 1075.611000 -0.35548198791681773212 -0.0310345547677977791345 -0.0546813697923790031918 -0.0100771524195408506558 -0.00946965863163143004022 0.999904383711019417724 3.08586680935600998765
9804 1075.620000 -0.355481747788276347677 -0.0310330903689793533018 -0.0546813865533989779122 -0.0100774768373921210646 -0.00947099241878261895178 0.999904367808839733556 3.08586399064596728081
9805 1075.628000 -0.355481527325890056535 -0.0310317778171858016378 -0.0546814037088327459246 -0.0100777888867750308605 -0.00947219941592240648187 0.999904353230537168429 3.08586146697741359191
9806 1075.636000 -0.355481308340568069593 -0.0310304641348678536539 -0.0546814213828121370442 -0.0100780924047963165585 -0.0094733945813052326812 0.999904338848765728009 3.08585892869910072278
9807 1075.643000 -0.355481124734919995412 -0.0310293268409984196454 -0.0546814337477461720471 -0.0100783297620470682632 -0.00947441615469556998319 0.999904326777184881969 3.08585674216672334325
9808 1075.650000 -0.355480935416808030425 -0.0310281798494332142213 -0.0546814474669217454039 -0.0100786019844840493698 -0.00947547521942076510781 0.999904313997796778679 3.08585452902280676923
9809 1075.659000 -0.355480688103033237724 -0.0310266981496106972194 -0.0546814673091879019373 -0.0100789527521169229585 -0.00947683097328095788714 0.999904297613588899374 3.08585167134583482351
9810 1075.667000 -0.355480477459287791397 -0.031025392556451012599 -0.0546814824462382650938 -0.0100792280993628850794 -0.0094779996586129237196 0.999904283760896905875 3.08584915089875444494
9811 1075.676000 -0.355480231966985193992 -0.0310239111297093868302 -0.0546815011358519967311 -0.010079586122792966521 -0.00947936710044966317212 0.999904267189098638902 3.08584629127981546759
9812 1075.684000 -0.35548001503521675648 -0.0310225930068537270046 -0.05468151882713659373 -0.0100798882756997186527 -0.00948055978654866078614 0.999904252835481677231 3.08584373595670902191
