7947 579.292000 -0.381937304031222946143 0.0172107325705269306737 -0.0502348534127996515508 -0.0184859830047447229462 -0.017285214425010089756 0.99967969359921959871 3.06099194637780191997
7948 579.297000 -0.381934478414805045343 0.0172159432805378612152 -0.0502217466282211671968 -0.0184710276691480955458 -0.0172965738865312503025 0.999679773561830797846 3.06098037725523841601
7949 579.303000 -0.3819322655905389996 0.0172235607494168434239 -0.0502037736352552305119 -0.0184431247273898132888 -0.0173155566366212064489 0.999679960111561793923 3.06096549392084327224
7950 579.310000 -0.381930849338095179668 0.0172343073961621177925 -0.0501836254625913219529 -0.0184030411093434771719 -0.0173434760470843433999 0.999680214826987545429 3.06094650673503609895
7951 579.316000 -0.381931208645053865691 0.0172446017240436844098 -0.0501626804238777396217 -0.0183581275348583747298 -0.0173726694804929963911 0.999680533724917275151 3.06093040292618479015
7952 579.321000 -0.381932512736243123808 0.0172538687500222442939 -0.0501428818179715102277 -0.0183149439346854195354 -0.0173996910549073860452 0.999680855863441464315 3.06091700396309240872
7953 579.326000 -0.381933974902926021144 0.0172637662482753549698 -0.050126068645935203949 -0.0182743631881977751374 -0.0174273149825364646881 0.999681117328203527883 3.06090301807516551591
7954 579.331000 -0.381935801641064498479 0.0172740757796888584619 -0.0501100204607127230894 -0.0182344990214156864317 -0.0174554210052732979019 0.999681354894131457556 3.06088891794168072025
7955 579.335000 -0.381937603378270318366 0.0172825524634626845333 -0.0500967009410076061227 -0.018202370038550401421 -0.0174779484718140150357 0.999681546814882637797 3.06087753443214971583
7956 579.340000 -0.381939610084589598049 0.0172932060255492764389 -0.0500839930532459148838 -0.0181684856784049553191 -0.0175049591137993003354 0.999681690606854078673 3.06086334720501351825
7957 579.344000 -0.381941357535603931428 0.0173017811572328365777 -0.050073889931614476434 -0.0181427327485963810205 -0.0175258204603767099583 0.999681792804892443982 3.06085193730629523401
7958 579.351000 -0.381944216276904058294 0.0173164603940921639491 -0.0500592955147492885137 -0.0181050787799156703839 -0.0175595675619977902027 0.999681883255572834024 3.06083238701656146219
7959 579.357000 -0.381946504144812404302 0.0173290552083558493934 -0.0500482822363627066764 -0.0180786126245957856629 -0.0175853889490859421896 0.999681908339387192974 3.06081471990502418379
7960 579.363000 -0.381948381503030787165 0.0173408765543111020868 -0.0500400059183991607892 -0.0180593596683989859875 -0.0176077963628371858551 0.999681861911884461769 3.06079788736641589253
7961 579.367000 -0.38194929272117617014 0.0173486614186295698414 -0.0500363325319323204443 -0.018050911079331689868 -0.0176207518182248251692 0.99968178622728065541 3.06078610174917464803
7962 579.372000 -0.381950199377582622073 0.0173577853165544082614 -0.0500327376689966851764 -0.0180436856765318065499 -0.0176347258135556954339 0.999681670259431665038 3.06077190022106293554
7963 579.378000 -0.381950933154263205793 0.0173679063349825787976 -0.0500295249524001159336 -0.0180391702561762436174 -0.0176484102482696823821 0.999681510258230821009 3.06075544057363746475
7964 579.385000 -0.38195105111267174669 0.0173788615823228798085 -0.0500288335638814224415 -0.0180411145859721705476 -0.0176601306692919721164 0.999681268189636207389 3.06073615278286137453
7965 579.390000 -0.381950607627778160325 0.0173861773339008818251 -0.0500305337802554872528 -0.018047143888580474691 -0.0176658750587216396843 0.999681057865894784342 3.06072221158012913733
7966 579.398000 -0.381949747477601131429 0.017396102269568780585 -0.0500316930581895732977 -0.0180571193682515437895 -0.017671674335272294365 0.999680775230927909369 3.06070229613465416563
7967 579.406000 -0.38194795264683212288 0.0174049875493316567876 -0.0500362350151961204903 -0.0180737835935308836788 -0.0176732790855193624968 0.999680445719020482898 3.06068247653837088862
7968 579.413000 -0.38194595209454923479 0.0174116883723767108816 -0.0500409515781090330488 -0.0180905969732949346851 -0.0176720416415160966328 0.999680163474983896066 3.06066613253605357414
7969 579.420000 -0.381943633072509836079 0.0174175238023041613344 -0.0500459436201150728585 -0.0181085511824875915188 -0.017668992867973232902 0.999679892298080852164 3.06065075671276876079
7970 579.428000 -0.381940701146255001674 0.0174232670666586951513 -0.0500515767211941464687 -0.0181294934384623532275 -0.0176639912189637052209 0.999679601113217186636 3.06063444087342739763
7971 579.436000 -0.381937574163101201119 0.0174282319496889444299 -0.0500567783193958046328 -0.0181499856505276217777 -0.017658156210642855094 0.999679332356194216835 3.06061939937793514588
7972 579.442000 -0.381935130052675542167 0.0174316713789297375592 -0.0500604344544332419131 -0.0181648440428046550887 -0.0176535457011740247457 0.999679143908222656023 3.06060856373593193069
7973 579.449000 -0.381932298947725401561 0.0174352651270141024986 -0.0500637936578931380671 -0.0181805156487153084244 -0.0176486508501380659486 0.99967894544894597697 3.06059706709524359525
7974 579.456188 -0.381929475523775541213 0.0174385774656141377681 -0.0500665652387205645235 -0.0181946491090773203314 -0.0176445259235712692547 0.999678761127158366229 3.06058652237547335062
7975 579.464000 -0.381926298353721327405 0.0174423928323927356077 -0.050069024688574617632 -0.0182085879602028009872 -0.0176409315285576059895 0.999678570771275532003 3.0605747227221469231
7976 579.471000 -0.381923607813331067451 0.017445767821521258184 -0.0500705342065416170172 -0.0182185656576144966445 -0.0176391165148261606921 0.999678421010454565376 3.06056474795238209197
7977 579.477000 -0.381921396812164526402 0.0174488414751370404798 -0.0500712061783779166513 -0.0182251654213961417073 -0.0176387508087882532992 0.999678307164493906711 3.06055615504797851045
7978 579.485000 -0.381918546646516032794 0.0174529684868497611538 -0.0500720483251137285508 -0.0182320784467681802632 -0.0176397854706606543873 0.999678162852455365339 3.06054513194561073064
7979 579.491562 -0.381916588688362201864 0.0174564244821201301761 -0.0500718066876252310138 -0.018234738154798608295 -0.0176419785128394332463 0.999678075641642904792 3.06053636882841306743
7980 579.499000 -0.381914059931068194942 0.017461067533435469662 -0.0500718944167495155773 -0.0182369810718603121702 -0.0176460940273885959206 0.999677962089272620361 3.06052496540490626131
7981 579.506000 -0.38191203924278388504 0.0174654167917914632246 -0.0500715513902176209693 -0.0182367732306298151179 -0.0176509846010411836081 0.999677879541579161859 3.06051459894434652043
7982 579.513000 -0.381910165523614064664 0.0174699300539759051765 -0.0500711290823764795799 -0.0182350955969545168445 -0.0176567075855514413196 0.999677809079409507298 3.06050401538117045064
7983 579.519000 -0.381908727089254829146 0.0174740366781888679937 -0.0500704463883183681361 -0.0182322830813312838916 -0.017662336196342384026 0.999677760947861426821 3.06049446711239214736
7984 579.526000 -0.381907192959653030151 0.0174787949033149911382 -0.0500696855732708778763 -0.018228146597048217048 -0.0176691165049395818021 0.999677716563479035194 3.06048341159358283647
7985 579.532000 -0.381906031559672565212 0.0174830806705811268864 -0.0500688374458752305518 -0.0182237386422495276084 -0.0176752981493562728865 0.999677687649989654695 3.06047343654626713416
7986 579.540000 -0.381904697627265865556 0.0174886173337403943995 -0.0500676036268122293116 -0.018217135820977309324 -0.0176833276966848196299 0.999677665992419695051 3.06046044315191601015
7987 579.547000 -0.381903719628517657192 0.0174936013077896107548 -0.050066350914374085912 -0.018210853919524639527 -0.0176902950299683246749 0.999677657178189793541 3.06044862962676766927
7988 579.555000 -0.381902839207297561952 0.0174989754876738179412 -0.0500647169526959590069 -0.0182033919155049107863 -0.0176976699623500634273 0.999677662549621093291 3.06043576187452703863
7989 579.562000 -0.381902252312636636411 0.0175037176813666352226 -0.050063101559239486793 -0.0181968395784739278565 -0.0177036478595389741575 0.999677675994528169845 3.06042423929173024177
7990 579.567000 -0.381901928261598078151 0.0175070532974034506757 -0.0500618199181085410387 -0.0181922464859056061404 -0.017707598436504139866 0.999677689620713461061 3.06041610273199538028
7991 579.571563 -0.38190168905384180853 0.0175100806272166370503 -0.0500604988941937140146 -0.0181878514984414769995 -0.0177111980289633777486 0.999677705824356777065 3.06040871404596348526
7992 579.576000 -0.381901551118279558583 0.0175126261295324610334 -0.0500593194709161859457 -0.0181843983471375834904 -0.0177138655250056349655 0.999677721380703210308 3.06040244195983790476
7993 579.581000 -0.381901445513818105226 0.0175155581282364775086 -0.0500578266240144439947 -0.0181803574293863644262 -0.0177168951169962875236 0.999677741190206248234 3.06039523001144964098
7994 579.586000 -0.381901391419839864039 0.0175184036346069695045 -0.050056276233272883891 -0.0181766167215152221748 -0.0177196463548653718179 0.99967776044964495874 3.06038825422251026254
7995 579.591000 -0.381901391836183212725 0.017521132865806601786 -0.0500546842373860434439 -0.0181732103307686784777 -0.0177221068496652561786 0.999677778764278879287 3.06038158857680464564
7996 579.596000 -0.381901431913846178823 0.0175237560032017146427 -0.0500530691458107995784 -0.0181701722305540359914 -0.0177242937017073817763 0.999677795218983367143 3.06037521114572497183
7997 579.601000 -0.38190149224283231888 0.0175263009292995278199 -0.0500514516785047769432 -0.0181675493366350582214 -0.0177262792875882597976 0.999677807682915031684 3.06036911378983278453
7998 579.607000 -0.381901581455884431282 0.0175291127357979359402 -0.0500496512527787568159 -0.0181651085200258168018 -0.017728373050149799639 0.999677814909108786168 3.06036249675347615806
7999 579.613000 -0.381901683416186576991 0.0175319343995705076433 -0.050047805238661452476 -0.0181631681890543419944 -0.0177302102105205867943 0.999677817582858563306 3.06035592324090499616
8000 579.621000 -0.381901785817676420187 0.0175354208726760767145 -0.0500456155385730003249 -0.0181617314014161611302 -0.0177323242803429405312 0.999677806189634088341 3.06034802263453453719
8001 579.627000 -0.381901824343477858115 0.0175381933252548687097 -0.0500439535061030782437 -0.018161182329879184405 -0.0177338062797548941252 0.999677789875924371898 3.06034180913853992578
8002 579.635000 -0.381901775935127918427 0.0175416358884990901401 -0.0500421708889769514816 -0.0181616050735691897389 -0.0177355988324982075111 0.999677750395198239097 3.06033430718505528034
8003 579.642000 -0.381901620597827229364 0.0175446210696944410179 -0.0500409226362031611668 -0.0181628213510971019129 -0.0177370953783954274363 0.999677701745970703762 3.06032789458631038215
8004 579.650000 -0.381901274705194748726 0.0175480632000770860046 -0.050039889165249672176 -0.0181650811784856286435 -0.0177388331673180091319 0.999677629850563853608 3.06032057286452374711
8005 579.657563 -0.381900830107464783758 0.0175510840033467896415 -0.050039337597806682334 -0.0181676727374197183318 -0.0177403508367481518859 0.999677555824624475278 3.06031410903038203486
8006 579.665000 -0.381900134104955935044 0.0175546216289570317093 -0.0500391020236394673537 -0.0181711812659764090916 -0.0177421777897646022748 0.999677459633193654653 3.06030645536842627052
8007 579.672000 -0.381899374071404507092 0.0175577722377486325489 -0.0500392140893400477752 -0.0181745615022114240245 -0.0177438363462556099315 0.999677368747497241408 3.06029949138385770624
8008 579.679000 -0.381898469774173243696 0.0175610305622737224163 -0.0500395820494437051917 -0.0181780762154806173336 -0.0177455940029484122988 0.99967727364314251659 3.06029211892797681216
8009 579.686000 -0.381897460646586639488 0.0175643184372350977251 -0.0500401534197983804964 -0.0181815473847594111234 -0.0177473650886145750682 0.999677179076879363073 3.06028443794289817248
8010 579.693000 -0.381896355729823167025 0.0175675866442312027249 -0.0500407799926363833221 -0.0181847504660412398469 -0.0177492054080506077296 0.999677088142901570933 3.06027664285110434506
8011 579.700000 -0.3818951455313611687 0.0175711820973880016028 -0.0500416681338509694577 -0.0181878770111383210317 -0.0177511847273097017608 0.999676996119548966213 3.06026776485077967038
8012 579.706000 -0.381894088682758814368 0.0175741816110501838932 -0.0500423618970086553359 -0.0181901145352769827435 -0.0177528605633619288029 0.999676925648987468875 3.06026017265330319006
8013 579.712000 -0.381893006795117118113 0.0175772367301822822483 -0.05004302519346669198 -0.0181919951853039101042 -0.0177546052687785858859 0.99967686044187686889 3.06025231048323487215
8014 579.720000 -0.381891583607068429984 0.0175812240659677029853 -0.0500437198088495988069 -0.0181937362660411598714 -0.0177569419052207785881 0.999676787254188736753 3.06024182312505566017
8015 579.727000 -0.381890356161750765818 0.0175848448300528273358 -0.0500442400988723029576 -0.0181947024289671605013 -0.0177590649071591583086 0.999676731957458541977 3.06023213755048439921
8016 579.735000 -0.381889025363370715471 0.0175889865848581732066 -0.0500445889032851559675 -0.0181950198510157680476 -0.017761531913894994944 0.999676682351195555754 3.06022090497236742834
8017 579.742000 -0.381887936122671634021 0.0175926305561830143009 -0.0500446420466742619704 -0.01819463517049889692 -0.0177637732743654123968 0.999676649527270533291 3.06021098256494550327
8018 579.750000 -0.381886815505964871686 0.0175967519322709903262 -0.0500443939875322291178 -0.0181934725705740520108 -0.0177663591796275062429 0.999676624732880325652 3.06019970266948071469
8019 579.757000 -0.381885943797511340225 0.0176003314139750871581 -0.0500439046802515219436 -0.0181919209306483434241 -0.017768703140729973089 0.999676611310652663001 3.06018996376814467197
8020 579.765000 -0.381885086679721430514 0.0176043836071376851027 -0.050043042034688275943 -0.0181896259335352118713 -0.0177714468612521943325 0.999676604300038351703 3.06017902736573299549
8021 579.773187 -0.381884365421939264706 0.0176083973346720171205 -0.0500418939703570209154 -0.0181869330407230106461 -0.0177742758300714724651 0.999676602999834518215 3.06016835656438868085
8022 579.781000 -0.38188378639344694454 0.0176124909662340387029 -0.0500404183859151294178 -0.0181838862826774610992 -0.0177771961425143287805 0.999676606496805675306 3.06015766795191712646
8023 579.789000 -0.381883311925563961875 0.0176162477070797574008 -0.0500389432152250623886 -0.0181809922357809294891 -0.0177801379860985826753 0.999676606815682933238 3.06014810079411692101
8024 579.796000 -0.381882985311437217479 0.0176197712558355847057 -0.05003738720128435985 -0.0181782941555060292838 -0.0177827959908284406743 0.999676608603174421397 3.06013927410428943077
8025 579.804000 -0.381882652491568164166 0.0176234640932360839272 -0.0500357738292910303457 -0.0181756993098871888481 -0.0177858359838274290854 0.99967660170324723623 3.06013032480766611343
8026 579.811000 -0.381882403934222791619 0.0176269623360943011869 -0.050034206907312639423 -0.018173479350506682034 -0.0177885987188868277542 0.999676592905883398821 3.0601219645922639323
8027 579.819000 -0.381882130124279906003 0.0176305957816696792784 -0.0500326674565694101693 -0.0181715523766397477057 -0.0177916049985162375013 0.999676574435852227651 3.06011348563166096781
8028 579.826000 -0.381881879608976904095 0.0176339100388091044036 -0.0500313502993501441063 -0.0181701786096324577335 -0.0177942833194497766758 0.999676551735830698497 3.06010584983653854962
8029 579.834000 -0.38188156459152705624 0.0176377074149407682413 -0.0500299924532852519077 -0.0181690680150098440859 -0.0177972782435939849699 0.99967651860718731438 3.06009715575843621593
8030 579.842000 -0.381881193968954535389 0.0176415109549314039206 -0.0500288253358922713199 -0.0181684740721238351113 -0.0178002078095031920912 0.999676477242427252712 3.06008848797471522118
8031 579.849000 -0.381880809967824585982 0.0176448686453928513251 -0.0500279705417034231685 -0.01816835377242406388 -0.0178027033408397171443 0.999676434990321327589 3.06008081771545370486
8032 579.856000 -0.381880355638963275844 0.0176484207510184815115 -0.0500272664498662977817 -0.0181685628344259025857 -0.0178051960646926285547 0.999676386796061744455 3.06007260873173114746
8033 579.864000 -0.381879769075165742542 0.0176523004427072451039 -0.0500266594906725800551 -0.0181691575379821362857 -0.0178078401245802403485 0.999676328890735210742 3.06006357431152720139
8034 579.871000 -0.381879200603114199453 0.0176555594636840958167 -0.0500262511461158909665 -0.0181698775809741447373 -0.0178099918951329233563 0.999676277470555763038 3.06005590139670013983
8035 579.878000 -0.381878557591930178905 0.0176590223000744894755 -0.0500259642699395490339 -0.0181707695533949407929 -0.0178121369886481799305 0.999676223039107414436 3.06004759966224959555
8036 579.886000 -0.38187775838900128722 0.0176629984510004653386 -0.0500257465015310764933 -0.0181718978312735875147 -0.0178145047019723015702 0.999676160339653785414 3.06003792519855233323
8037 579.893000 -0.381876998997517036472 0.0176666815075472299901 -0.0500256477341961894312 -0.0181729298021387764006 -0.0178165433020932260921 0.999676105249680979625 3.06002878312427029073
8038 579.901000 -0.381876097943697700998 0.0176707219796802747491 -0.0500255441108989479249 -0.0181740120260193913082 -0.0178187728852398467871 0.999676045836721316462 3.0600186441652592606
8039 579.909000 -0.381875183147935226557 0.0176746007849850964022 -0.0500254230775609570747 -0.0181749130927662122525 -0.017820906536673036813 0.999675991421361098688 3.06000877852280828151
8040 579.917000 -0.381874241519555346347 0.0176786683714392420241 -0.0500253011614958664754 -0.0181756516440482775165 -0.0178230647209365426764 0.999675939518035905351 3.05999830917892756688
8041 579.925000 -0.381873303055980717335 0.0176827459263622123464 -0.0500251177541101640922 -0.0181761398296288977094 -0.017825239987754259996 0.999675891857092380199 3.05998773956589120715
8042 579.933000 -0.381872374714507079041 0.0176868414363273163126 -0.0500248569145761851074 -0.0181763710754724513996 -0.0178274679876239440512 0.999675847922553595382 3.05997709377306303935
8043 579.941000 -0.381871481777280197267 0.017690912445902335498 -0.0500245007153242784992 -0.0181763185624614423408 -0.0178297206555866061262 0.999675808702431112351 3.05996647791413911577
8044 579.947563 -0.381870826484081438146 0.017694150232246890625 -0.050024148423642479655 -0.0181760909998449973757 -0.0178315104046263273041 0.99967578091732078871 3.05995805694923106444
8045 579.955000 -0.381870006861370514528 0.0176980353543608574796 -0.0500236256285666175403 -0.0181756068106142289198 -0.0178338576658694618338 0.999675747849181006721 3.05994798273304891012
8046 579.962000 -0.381869313136515731166 0.0177017718073447377636 -0.0500230415381400922437 -0.0181749693108880713832 -0.0178360759841611690724 0.999675719863214129468 3.05993835575901274026
8047 579.970000 -0.381868576914882407181 0.017705637062637953616 -0.0500223492777326639303 -0.0181741403821764381521 -0.0178385772138339865345 0.999675690303788111457 3.05992846741182900061
8048 579.977000 -0.381867961389876331424 0.0177091741900364287032 -0.0500216529762721878738 -0.0181732913758020815653 -0.0178408880664646281311 0.999675664500026872616 3.05991950112241095638
8049 579.984312 -0.381867372796498294463 0.0177128867152140968833 -0.0500208685319099843891 -0.0181723306517997985898 -0.0178432999234652105158 0.999675638918205655692 3.05991014555570695066
8050 579.993000 -0.381866664348682660624 0.0177172400922483638808 -0.0500198929885878051937 -0.0181711604403354126669 -0.0178463483131462777309 0.999675605774261843983 3.05989930912635221816
8051 580.000000 -0.381866139112260083444 0.0177207461115390409179 -0.0500190800295520002217 -0.0181702200142885191003 -0.0178487803173681056079 0.99967557944856033636 3.05989062870866757038
8052 580.007000 -0.381865618816299545735 0.0177244516169863322586 -0.0500182219817384352001 -0.0181692866252589832476 -0.0178513198227599166612 0.999675551068502699081 3.0598815112628843238
8053 580.014000 -0.381865110819209374604 0.0177279704835777221494 -0.0500174089464063970079 -0.0181684610120011573453 -0.0178538028029587222956 0.999675521731891003618 3.05987291375720804609
8054 580.021000 -0.381864613232475780258 0.0177314793273778761873 -0.0500166086558610362145 -0.0181677083592547312929 -0.0178562617624883103462 0.999675491491535339605 3.05986435615344243288
8055 580.029000 -0.38186403578138883308 0.0177353384964832189175 -0.0500157538085930358784 -0.0181670107334889648076 -0.0178590297424314342623 0.999675454724016088193 3.05985502076577020603
8056 580.037000 -0.381863452332984409932 0.0177393744976891247489 -0.0500149033663481040746 -0.0181663916897765280456 -0.0178617992556040147689 0.999675416492936563806 3.05984520951589544779
8057 580.044000 -0.381862925474521164304 0.017742916503575238002 -0.05001420220573594283 -0.0181659757803423402289 -0.0178642078397429349135 0.999675381012359642874 3.05983660915061950192
8058 580.052000 -0.381862311039414537017 0.0177469773539210770585 -0.0500134441696587356274 -0.0181656075853417510457 -0.0178668986771657843649 0.999675339614174651715 3.05982670780041843273
8059 580.059000 -0.381861750348142348077 0.0177505537663592144471 -0.050012822861389631679 -0.0181653862056315416884 -0.0178692292606334526828 0.999675301980413655301 3.05981796783159287756
8060 580.067000 -0.381861092892298248369 0.0177546333910557213587 -0.050012159676264322794 -0.0181652242172474463755 -0.0178718209856714820016 0.999675258593406224072 3.05980794181239001972
8061 580.074000 -0.381860489138817815746 0.0177584252725057727129 -0.0500116020411016728997 -0.0181651367701313667946 -0.0178741171830650615038 0.99967521912921719629 3.05979855996046401501
8062 580.082000 -0.381859806179495775424 0.0177623223606958625942 -0.0500110244239034343328 -0.0181651062747006444842 -0.017876546185943722328 0.999675176250011121581 3.05978889825269240177
8063 580.090000 -0.38185908310862370918 0.0177664652437974253385 -0.0500104663232677632001 -0.0181651130441713437591 -0.0178790401586646080512 0.999675131525785909403 3.05977858480683817533
8064 580.097000 -0.381858441505882328926 0.0177700846091274067273 -0.0500099938068709962136 -0.0181651217997718800179 -0.0178811843101917659904 0.999675093016558324877 3.05976952474444363617
8065 580.105000 -0.381857706828707621494 0.0177742059636960963998 -0.0500094658601955982524 -0.0181651191292661988441 -0.0178835918255359493934 0.999675049998966946951 3.05975915537662235266
8066 580.112000 -0.381857039004608878052 0.0177780445424630152707 -0.0500089996079234877513 -0.0181650982135153939157 -0.0178857789496050731404 0.999675011250285905362 3.05974947949485809318
8067 580.120000 -0.381856296335213896143 0.0177819899622984750609 -0.0500084827542649212884 -0.0181650442747619891848 -0.0178881409946419801804 0.999674969966864557236 3.0597395274814078725
8068 580.127000 -0.38185563131510336099 0.0177856407463956867065 -0.0500080140417535276565 -0.0181649576968295131674 -0.0178902946273691056123 0.999674933000732068855 3.05973032249008358718
8069 580.134312 -0.381854970147065153618 0.0177894677543959239818 -0.0500075209304917944753 -0.0181648030325734233248 -0.0178924797650407974015 0.999674896703245940977 3.05972062650406817497
8070 580.141000 -0.381854315557352663735 0.0177931070043854978879 -0.0500070277678358807161 -0.0181646261923200207089 -0.0178946532918676966262 0.999674861011747739603 3.05971144357225455224
8071 580.148000 -0.381853666988039075481 0.0177967417408505905463 -0.0500065191792700008966 -0.0181643996529101785231 -0.0178968401137993456118 0.999674825980523817925 3.05970227543179218443
8072 580.154000 -0.381853125765883594234 0.0177998392347250532219 -0.0500060667613866777215 -0.0181641537329797868316 -0.0178986979187245875966 0.999674797187554919908 3.05969444342101359879
8073 580.160000 -0.381852581706563942721 0.017802952409328321598 -0.05000560400379019943 -0.0181638995271578077007 -0.0179006161109796571584 0.99967476746030492496 3.05968662507402777706
8074 580.164000 -0.381852213042315313807 0.0178052352459182709754 -0.0500052690804352953369 -0.0181636922399777689385 -0.0179019644453863313593 0.999674747081873427135 3.05968088309005148417
8075 580.170000 -0.381851687508394821435 0.0178081496044617121344 -0.0500048055488894194198 -0.0181634086312206302627 -0.0179038396287056582323 0.999674718652745153413 3.05967358996366467494
8076 580.176312 -0.381851160708770231977 0.0178112656265870597516 -0.0500043088932272949965 -0.0181630819423973660642 -0.017905791879831513963 0.999674689622334078365 3.05966579162826457505
8077 580.183000 -0.381850552399584985963 0.0178148938642331937376 -0.0500037207742600048332 -0.0181626833070229094791 -0.0179080803425777750071 0.999674655872365480747 3.05965672663663390551
8078 580.190000 -0.381849958418567669849 0.0178185084753261571699 -0.0500031192787474265682 -0.0181622604524106397161 -0.0179103611246924504519 0.999674622694625480968 3.05964769597794639111
8079 580.196000 -0.381849447016617382644 0.0178216279215643279288 -0.0500025962302893672851 -0.0181619001905205523784 -0.0179123539034460182995 0.999674593534869759814 3.05963994053670385043
8080 580.201000 -0.38184902735208237079 0.0178242177226492562458 -0.0500021568638157332121 -0.0181615890829472347023 -0.0179139964177056180972 0.999674569754742115002 3.0596334885684184357
8081 580.205000 -0.381848684552560824201 0.0178264928855727117218 -0.050001784022303798205 -0.0181613273666227544034 -0.0179153875485421713865 0.999674549579645854713 3.05962781995932653345
8082 580.210000 -0.381848269716621169234 0.0178290852489572659856 -0.0500013411181998851385 -0.0181610214891424412431 -0.0179170322430184728035 0.999674525660263824101 3.05962136951049812339
8083 580.216000 -0.381847783239161631119 0.0178317889366939041906 -0.0500008536989387311622 -0.0181607112346401713965 -0.0179188957747396723774 0.999674497895022939886 3.05961470212278285885
8084 580.222000 -0.381847278850198146305 0.0178351129342564709845 -0.0500003005607441361469 -0.0181603402675589060966 -0.0179209408765075260683 0.999674467974183578178 3.05960643194792014654
8085 580.230000 -0.381846618279850669175 0.0178390753972333601651 -0.0499996190767081835626 -0.0181599258737898811011 -0.0179235307756701808812 0.999674429070180892154 3.05959663099879719539
8086 580.236000 -0.381846113875046855313 0.0178423972924684828834 -0.0499990754092435041311 -0.0181595872684809298003 -0.0179255578476236430985 0.999674398874998759723 3.05958836108424936384
8087 580.242000 -0.38184561500217784058 0.0178455198019261858378 -0.049998555963566004845 -0.0181592841129074034079 -0.017927518114991214393 0.999674369229672454829 3.05958060564477873911
8088 580.249000 -0.381845040500426446961 0.0178489616757665503499 -0.0499979748762700015874 -0.01815896266927071942 -0.0179297227604196772466 0.999674335529581625792 3.05957206067051989962
8089 580.256000 -0.38184444999485306349 0.0178526127479753105032 -0.04999738402586409447 -0.0181586544930658032315 -0.0179319987933171318129 0.99967430030299264665 3.0595629873379963648
8090 580.262000 -0.38184393629497970224 0.0178559583679604241824 -0.0499968642378936650728 -0.018158380856138044146 -0.0179339973858275679441 0.999674269421019223714 3.05955463841991104346
8091 580.269000 -0.38184335276739200804 0.0178594110254261598247 -0.0499963040622628251963 -0.0181581108888017248026 -0.0179361706412445552627 0.99967423533453036999 3.05954604104485961003
8092 580.273000 -0.381842993041952627475 0.0178619277042160531921 -0.0499959435167575128034 -0.0181579295691755605857 -0.0179375874055455672429 0.999674213207397577285 3.05953973714796223504
8093 580.278000 -0.381842575407605688831 0.0178643310145516071019 -0.0499955574187776474737 -0.0181577593111715909768 -0.0179391103803958514018 0.999674188971365618173 3.05953374837704528133
8094 580.282000 -0.381842221829369055097 0.0178666445206854818117 -0.0499952178906693522897 -0.0181575988527011358831 -0.0179404532867538865637 0.9996741677865693676 3.0595279571232469884
8095 580.287000 -0.381841792372705268743 0.0178692676601683378412 -0.0499948199873317539188 -0.0181574233182121812236 -0.0179420395584038161463 0.999674142505910579004 3.05952139889071395018
8096 580.292000 -0.381841368381938606191 0.0178716769343958414851 -0.0499944405773678005045 -0.0181572674992998214782 -0.0179435640579224779667 0.999674117973381348712 3.05951539352933643556
8097 580.296000 -0.381841011076050507178 0.0178739929464206762089 -0.0499941102928818173479 -0.0181571175886521656018 -0.0179448952327769875592 0.999674096801530853718 3.05950958114382753905
8098 580.301000 -0.381840578976801847677 0.0178766114646124116283 -0.0499937194128307893504 -0.0181569489767227677801 -0.0179464726121576802209 0.999674071547640874513 3.05950302462872869569
8099 580.306000 -0.381840145648714601734 0.0178792380981840567933 -0.0499933287407680199133 -0.0181567789278779291584 -0.0179480452812173195409 0.999674046401899829561 3.05949643811769611546
8100 580.310000 -0.381839799705754434633 0.0178813294679537465592 -0.0499930169135057445029 -0.0181566383487144870912 -0.0179492978213453106828 0.999674026466425114101 3.05949119088027154945
8101 580.316000 -0.381839275150973989081 0.0178842886299505343661 -0.049992570269325485588 -0.0181564688665567103287 -0.0179511652335375693212 0.999673996013228260971 3.05948382225800896705
8102 580.320000 -0.381838920800600667427 0.0178866031612032704012 -0.0499922426980020720433 -0.0181563116008424466075 -0.0179524845604177064884 0.999673975177488016719 3.05947799851044122121
8103 580.325000 -0.381838487072576171499 0.0178892229703699820464 -0.0499918548663985454206 -0.0181561336945726924108 -0.0179540512754413628116 0.999673950271819156121 3.05947141882878126395
8104 580.331000 -0.381837968861524379438 0.0178921656085067951047 -0.0499914076173555710358 -0.0181559499641322195929 -0.0179559041546794029287 0.999673920329468113088 3.05946407891747584884
8105 580.338000 -0.381837361647322071079 0.0178956464423098045302 -0.0499908809212981919412 -0.0181557203853155366136 -0.0179580772149993996012 0.999673885464670064493 3.05945538740230382757
8106 580.344000 -0.381836829735998306568 0.0178990179092013840245 -0.0499903965240045197738 -0.0181554807454010203038 -0.0179600484388310402406 0.99967385440401423935 3.05944692390026729001
8107 580.350000 -0.381836313279197370196 0.0179021572914415116884 -0.0499899260621879532041 -0.018155247399688680815 -0.0179619423868855876414 0.999673824613581785137 3.05943905166284713104
8108 580.357000 -0.38183570855543114142 0.01790563579478705869 -0.0499893937737625748685 -0.0181550004414522368756 -0.0179641356623610991272 0.999673789687853586727 3.05943038216118523565
8109 580.362000 -0.381835263684907721959 0.0179084884950588031638 -0.0499889830259906686738 -0.0181547920641538101938 -0.0179658142324458890149 0.999673763306846319132 3.05942324035056634202
8110 580.367000 -0.381834833065455847567 0.017911119852073519032 -0.0499885850816674595642 -0.0181545867854577339107 -0.0179674151909940370275 0.999673738261640965064 3.05941665824044717326
8111 580.373000 -0.381834313205024422633 0.0179142814239807018906 -0.0499881081020654982616 -0.0181543408692497812429 -0.0179693465765399032485 0.999673708012377204568 3.05940875923885302612
8112 580.379000 -0.38183379745348616785 0.0179174317154498774496 -0.0499876289698994585864 -0.0181540881228372079359 -0.0179712732405276631731 0.999673677968237139879 3.05940088603591098249
8113 580.385000 -0.38183329773582047606 0.0179203563732464182801 -0.0499871645822748539301 -0.0181538357926329559089 -0.0179731068159037915555 0.999673649586403034739 3.05939357044206117209
8114 580.391000 -0.381832775195670215407 0.0179237270887301070044 -0.049986662233233329633 -0.0181535627997115034393 -0.0179751145526257337381 0.999673618444788636417 3.05938514603279632098
8115 580.397500 -0.381832260593412464722 0.0179268950797652794338 -0.0499861752937957107279 -0.0181532967478016324381 -0.0179770523928515918444 0.999673588429968895674 3.05937723771522751548
8116 580.404000 -0.381831662662443893641 0.0179305796772099082514 -0.0499856089946771886545 -0.018152988129895273467 -0.0179793082401948044191 0.999673553464909825372 3.0593680379559282656
8117 580.410000 -0.381831158515945068288 0.0179337201815789777648 -0.0499851200268114220782 -0.0181527131461559076975 -0.0179812191629676043636 0.999673524088162901435 3.05936018245232554946
8118 580.417000 -0.381830559461832363954 0.0179374204668466402657 -0.0499845496361249475026 -0.0181524065885522688235 -0.0179834903483106559041 0.99967348880018624957 3.05935095844370152918
8119 580.424000 -0.381829972162043285167 0.0179408913008826040314 -0.0499839988240075167036 -0.0181521141901000715446 -0.0179856778321399943255 0.999673454755775736658 3.05934231151927127357
8120 580.430000 -0.381829461657491708859 0.0179442514470044278685 -0.0499834910982261335088 -0.0181518226200996918296 -0.0179876492296439788321 0.999673424579627267761 3.05933388698404851169
8121 580.437000 -0.381828863873216850511 0.0179479555437156053366 -0.0499829208397119251206 -0.0181515198473966681003 -0.0179899142036960765778 0.99967338931981841732 3.05932465040797296751
8122 580.443000 -0.381828341825252326469 0.0179513472098352423745 -0.0499824168218436920563 -0.0181512475064544570591 -0.017991918617350225601 0.999673358191777605697 3.05931617082132722985
8123 580.450000 -0.381827774469258307555 0.0179545779595602500445 -0.0499818855532093639371 -0.0181509690494625793022 -0.0179939950471963046319 0.999673325874411267122 3.05930811044547779076
8124 580.457000 -0.381827176776307952721 0.0179582785701218293484 -0.0499813176685107787844 -0.0181506741060528664633 -0.017996252085111470731 0.999673290600676667239 3.05929887852615367549
8125 580.464500 -0.381826573107290678788 0.0179621987474149272246 -0.0499807347626183631761 -0.0181503603984068638544 -0.0179985545343276029384 0.99967325484484303999 3.05928905972155718018
8126 580.471000 -0.381825982569259092525 0.0179658813411958176443 -0.0499801710190118930743 -0.0181500682666329224424 -0.0180007805735726729435 0.999673220067767265284 3.05927985013439762696
8127 580.478000 -0.381825392477562697291 0.017969369790320165875 -0.0499796272901177063286 -0.0181498003713412743576 -0.0180029577427144767132 0.999673185725712398764 3.05927115388781567518
8128 580.484000 -0.381824873762647620801 0.0179727612073910456014 -0.0499791285501592214002 -0.0181495335946529438853 -0.0180049315142737434425 0.999673155021911674645 3.05926264855630014594
8129 580.489000 -0.38182444950119726057 0.0179754007575638752314 -0.0499787288992321124259 -0.0181493308695023190802 -0.0180065234084580833018 0.999673130029876344516 3.0592560482596131699
8130 580.496000 -0.381823858798681137205 0.0179788808297041829976 -0.0499781899547637603609 -0.0181490739394207928337 -0.0180086958721354939428 0.999673095560807078996 3.05924737111452849092
8131 580.501000 -0.381823419199745550667 0.0179819630255823245668 -0.0499777551325254060233 -0.0181488351034804484829 -0.0180104124514308891469 0.999673068971909550839 3.05923961938189181708
8132 580.508000 -0.38182283630059588031 0.0179852324923114870181 -0.0499772343853319839235 -0.0181485943811138458748 -0.0180125210114436828945 0.999673035351460459452 3.05923148595285665508
8133 580.514000 -0.381822320890592870057 0.0179886147478931328336 -0.0499767407455081538736 -0.0181483334819473075827 -0.0180144788638904804201 0.999673004808617537975 3.05922299429847699415
8134 580.521000 -0.381821732176062467179 0.0179920951291009309503 -0.0499762044742879732451 -0.0181480778414730252457 -0.0180166437130735226924 0.999672970435820040791 3.05921431057548032229
8135 580.528000 -0.381821132959248521477 0.0179958050108719805338 -0.0499756502184801887356 -0.0181478040121071798607 -0.0180188830640247293902 0.999672935045589405867 3.0592050387174070103
8136 580.535000 -0.381820539964595251359 0.0179994930768687631806 -0.0499750991813864703373 -0.018147527471178516445 -0.0180210951350597767262 0.999672900191265423331 3.05919580412394243041
8137 580.541000 -0.381820021330188885678 0.0180028887405542965816 -0.049974606297183060688 -0.018147272007664638771 -0.0180230723250766056154 0.999672869184036971824 3.05918729373151210282
8138 580.549000 -0.381819349980116906629 0.0180068984385715509522 -0.0499739909058281445153 -0.018146967778746161265 -0.0180255481623534975777 0.999672830066859252618 3.05917727935873084988
8139 580.555000 -0.381818831383209489339 0.0180102848509992793935 -0.0499734999834381202199 -0.0181467154684730735958 -0.0180275247068500191205 0.999672799005079548706 3.05916879506704875169
8140 580.562000 -0.381818234647694376704 0.0180139922021868431612 -0.0499729470474858522566 -0.0181464391294643076491 -0.018029762617369597677 0.999672763661630381371 3.05915953145003971514
8141 580.569000 -0.381817652108760841045 0.0180174677179971778895 -0.0499724108047735690596 -0.0181461692439744796956 -0.0180319118327542937674 0.999672729795819225984 3.05915084828296057751
8142 580.575000 -0.381817134754566689381 0.0180208539385531829602 -0.0499719193973313519086 -0.0181459137598951013304 -0.0180338882226162636191 0.999672698781652435684 3.05914236534311312354
8143 580.582000 -0.381816547739609768453 0.0180243378648144852994 -0.0499713847875956490574 -0.0181456526592655813246 -0.0180360588182238816557 0.999672664361627272278 3.05913368007937602755
8144 580.590000 -0.381815878866700986194 0.0180285468330466727704 -0.0499707504200974234054 -0.0181453138877338791823 -0.0180385706016411226371 0.999672625190149544139 3.05912312833910826626
8145 580.597000 -0.381815283030685070909 0.0180322529200473043176 -0.0499701951978318709147 -0.0181450331064849298968 -0.0180408145206803899319 0.999672589793775823175 3.05911387687625646592
8146 580.602000 -0.381814840297316437923 0.018035354646015147595 -0.0499697631483916049344 -0.0181447986224272106437 -0.0180425495167499498617 0.999672562737363157304 3.05910609235377739523
8147 580.608000 -0.381814349838398570114 0.0180380790132146709426 -0.0499693244924909463212 -0.018144589058535429138 -0.0180443275992612645053 0.999672534447849869821 3.0590993204144312223
8148 580.612562 -0.3818139983272606508 0.0180406361195817183107 -0.0499689710680802368081 -0.0181443878171974881663 -0.0180457223275762093651 0.999672512924315026517 3.05909288200387186052
8149 580.618000 -0.381813492570419743544 0.018043800835573123309 -0.0499684963970987161552 -0.0181441397091638666195 -0.0180476234605867306982 0.999672483107162057614 3.05908496362998594265
8150 580.624000 -0.381813003376582804638 0.0180465237926707398886 -0.0499680560562733855345 -0.0181439232888550502909 -0.0180493902503609526811 0.999672455136820459209 3.05907818606238190995
8151 580.628000 -0.381812646746894635008 0.0180490927311774511377 -0.0499677038150893801371 -0.0181437301735210450293 -0.0180508073372322788708 0.999672433054880515968 3.05907173607654225833
8152 580.634000 -0.381812153719502778149 0.0180520285716295782186 -0.0499672462079743112673 -0.0181434944114339212484 -0.0180526285521690615932 0.999672404447026763386 3.05906440010499292015
8153 580.638000 -0.381811807639928835201 0.0180543678267619349398 -0.0499669115428848578664 -0.0181433149451262279439 -0.0180539672408389813285 0.999672383528558139432 3.05905853275623007548
8154 580.644000 -0.38181131069463036809 0.018057314627831361209 -0.0499664541521951388603 -0.0181430817057073312526 -0.0180557980341261442581 0.999672354696062859247 3.05905117495942047157
8155 580.648312 -0.381810963003009706807 0.0180596599751498658459 -0.0499661193671523395921 -0.018142905468879987757 -0.0180571465222767735259 0.999672333537654722591 3.05904530212777014953
