1378 511.997000 -0.398479697831645440775 -0.00536729678427213217906 -0.102546008536952934498 -0.0173473144548034613477 -0.0107487443490631162657 0.999791745903177986321 3.09604569725626399546
1379 512.002000 -0.3984775333255502483 -0.0053727932823568374035 -0.102529609553155015567 -0.0173417518742130551124 -0.0107355929647883069356 0.999791983707424836147 3.09604973333216548781
1380 512.007000 -0.398477581487434673324 -0.0053775607232405264746 -0.102510025598013115866 -0.0173231227241966607988 -0.0107287522965964915445 0.999792380093607602198 3.09605485725167106636
1381 512.013000 -0.39848108996498704526 -0.0053820501565611253772 -0.102482532081761182341 -0.0172855284449870798269 -0.0107289673653008614529 0.999793028464217470308 3.09606294715399998907
1382 512.020000 -0.398487209563616384678 -0.00538592326406677618378 -0.102449192554976892255 -0.0172253187476826240265 -0.0107387231547248114538 0.999793962883876785597 3.09607210930709042529
1383 512.028000 -0.398497982160725405798 -0.00538777143746206090003 -0.102409146232426001566 -0.0171376039963832688118 -0.0107634774462775448939 0.999795204070576981614 3.09608332966472898917
1384 512.036000 -0.398511901906857590738 -0.0053869922027071394377 -0.102369170274069165583 -0.0170375743379607355599 -0.0108001339918782444244 0.999796518380833276751 3.09609437254049479904
1385 512.043000 -0.398524181477347805291 -0.00538498978939197341098 -0.102338372111926048658 -0.0169570169825363423199 -0.0108334951248969055954 0.999797526981554773862 3.09610317631063836075
1386 512.052000 -0.398540884978331011457 -0.00538026334332202677002 -0.102302911344675132033 -0.016854606701232087429 -0.0108828315264649123917 0.999798722849210896868 3.09611325834509898414
1387 512.061000 -0.398561298383252271549 -0.00537101774080047181248 -0.10226707586306081621 -0.0167402967465578450534 -0.0109481485463874348568 0.999799930240167333828 3.09612201847839951796
1388 512.069000 -0.398577013767787313725 -0.00536239575287645719309 -0.102243115629871955674 -0.0166608826021634216785 -0.0109998317185677606939 0.999800689484199089918 3.09612750195971297984
1389 512.078000 -0.39859311655996426671 -0.00535200987917008874639 -0.102222135945871706042 -0.0165877995126924270008 -0.0110541962630637796011 0.999801305086317815274 3.09613157143823736206
1390 512.087000 -0.398606977305359044816 -0.00534130645635493093298 -0.102207095771445460874 -0.016532817124112225704 -0.0111024431974987413535 0.999801681191318403208 3.09613327831578999394
1391 512.094000 -0.398619195347490684611 -0.0053306249778832699715 -0.102194072438698588257 -0.0164911885570578863047 -0.0111430428764217829413 0.999801917029283226945 3.0961320049871803306
1392 512.099000 -0.398624505139191009917 -0.00532522138452804459641 -0.102190374476634579515 -0.0164770019160303260453 -0.0111619119733403493466 0.999801940450686599249 3.09613084672057548019
1393 512.104000 -0.398629001278300032496 -0.00532001474550923558748 -0.102187890334750022814 -0.0164675526211942799271 -0.011178112223476787887 0.999801915140087871237 3.09612919668492292402
1394 512.110000 -0.39863243941326331754 -0.0053153613712741644079 -0.102187833462950822261 -0.0164639875683998092304 -0.0111913943172565685802 0.999801825266679156101 3.0961274091156112398
1395 512.118000 -0.398636285171154958196 -0.0053092485377280070058 -0.102188180040185150332 -0.0164643572335284246733 -0.0112055319469602371329 0.999801660828122717994 3.09612382630748772527
1396 512.127000 -0.39863999801535560108 -0.00530255834354843424289 -0.102188307474137610176 -0.0164715005990220889065 -0.0112162327204527647456 0.999801423179411563602 3.09611823720673484672
1397 512.135000 -0.398642109712950942768 -0.00529707135044687766473 -0.102188901637160239888 -0.0164862191029299005873 -0.0112195298864343189632 0.99980114359247340694 3.09611217386226567072
1398 512.143000 -0.398642433183392486118 -0.0052938107254260919482 -0.102191018770386082837 -0.0165035574612319331511 -0.0112172491719992103304 0.999800883132304973877 3.09610727850903044711
1399 512.151000 -0.398642058965292644945 -0.0052909619319954238198 -0.102192965833288351707 -0.0165257835298065099139 -0.0112108576712025148625 0.999800587691866526896 3.09610213108255027947
1400 512.158000 -0.398640845236819196806 -0.00528893585268943363514 -0.102195135857226324094 -0.0165503096445542112469 -0.0112015043713195507763 0.999800286832569717888 3.09609746471825797443
1401 512.166000 -0.39863898806981562517 -0.00528781235583798171762 -0.10219757322622760598 -0.0165758412000357874261 -0.0111898114528869215695 0.999799994803040714686 3.09609329396520260858
1402 512.170000 -0.398637472552326010966 -0.00528731696130135906536 -0.102199368491361505806 -0.0165920463077650383321 -0.0111821828074797711278 0.999799811355743917041 3.09609118346422373946
1403 512.177000 -0.398636420435396932049 -0.00528742608764211450417 -0.102199943602844720014 -0.0166035213088134118997 -0.0111750402842634051492 0.999799700717495021252 3.09608983003029747394
1404 512.184000 -0.398633241877874189285 -0.00528748394806275584523 -0.102203411172282210284 -0.0166303306567253568471 -0.0111613243413396789894 0.999799408352093021968 3.09608729751351896553
1405 512.193000 -0.398630404248373704235 -0.00528812306447225613515 -0.102205891298494000452 -0.0166505664843258419094 -0.0111496308288335736064 0.99979920202415240027 3.09608629469513774168
1406 512.201000 -0.398627478601243478984 -0.00528891945937351708878 -0.102208734321758643038 -0.0166678438302863100862 -0.0111398910361435437427 0.999799022708940166027 3.09608582567223500348
1407 512.209000 -0.398624633033808406513 -0.00528979900420921758664 -0.102211604602815905873 -0.0166813632239170769878 -0.0111323139730245927737 0.999798881628999214222 3.09608622221640539252
1408 512.217000 -0.398622047989784344946 -0.00529072418116500325924 -0.102214344757209571468 -0.016690713391314528774 -0.0111272489493128533267 0.999798781964305605108 3.09608694214207202933
1409 512.225000 -0.398619498892602286411 -0.00529149006794508557777 -0.102217132628221005208 -0.0166963071853398863087 -0.0111245839021331810459 0.999798718222511539899 3.09608808173898175653
1410 512.233000 -0.398617730226353272904 -0.00529213818884483391813 -0.10221909569524745276 -0.0166968441024544535234 -0.0111247870413444041593 0.999798706995714603352 3.09608933733615421247
1411 512.239000 -0.398616675062193726031 -0.0052924187420221625866 -0.102220230077047141704 -0.0166948737141026960773 -0.0111263745268440593372 0.999798722234409797949 3.09609042998512373757
1412 512.246000 -0.398615963562970299083 -0.00529280181079799967592 -0.102221044623575979537 -0.0166909255975734825694 -0.0111290342665314925114 0.999798758550434985004 3.09609176908489791558
1413 512.252000 -0.398615558135657799266 -0.00529273321717540004561 -0.10222120935864853486 -0.0166839507651455297432 -0.0111333044037602822696 0.999798827424757230453 3.09609240848617695008
1414 512.258000 -0.398615505426685834411 -0.00529257762939533849683 -0.102220938693146079501 -0.0166765653333337329767 -0.0111377406296832501265 0.999798901230817049779 3.09609323482020037943
1415 512.263000 -0.398615860501339236421 -0.00529223329732913735923 -0.102220016829210502696 -0.0166677342724541807661 -0.0111427262445999084028 0.999798992941111297483 3.09609341528612302952
1416 512.269000 -0.398616327072423504152 -0.00529200309313413753964 -0.102219021552031635869 -0.0166599208561751532809 -0.0111472085800408612921 0.999799073203180621583 3.09609396685509441483
1417 512.275000 -0.398617188896996044178 -0.00529149341455866385059 -0.102217230826764232665 -0.0166497644429768817953 -0.0111526933383289204166 0.999799181223556820974 3.09609432515140303721
1418 512.282000 -0.39861836091945729299 -0.00529096228726737283221 -0.102214894648708740088 -0.0166391127832355677219 -0.0111583199647168167246 0.999799295769581819471 3.09609456532213833668
1419 512.288000 -0.398619996901213413665 -0.00528994911396647640028 -0.102211662059106117573 -0.0166266497172548044503 -0.0111647112589684082556 0.999799431757031675794 3.09609425360263124105
1420 512.295000 -0.398621986190471566669 -0.00528896386263761914687 -0.102207817047667376409 -0.0166142145986147571346 -0.0111708639943494513619 0.99979956974930273006 3.0960938405831370801
1421 512.299000 -0.398623737086102214455 -0.00528781074178361846366 -0.102204513776326916252 -0.0166045180997230167053 -0.0111758292293245714566 0.99979967534487279579 3.09609313294820820417
1422 512.304000 -0.398625117614168633651 -0.00528727886846516552388 -0.102201817771914463262 -0.0165978009658110554903 -0.0111788169851585808545 0.999799753477620956055 3.09609310831468942382
1423 512.308000 -0.398626486823092096579 -0.00528660667943134550406 -0.102199199943493732046 -0.0165916646023939705346 -0.0111817079877069326665 0.999799823000684151353 3.09609277723443421237
1424 512.312000 -0.398627867703140625899 -0.00528589521398270534291 -0.102196546671991808641 -0.0165859514298956033096 -0.0111843893193954227461 0.99979988780291295658 3.09609241156463488309
1425 512.316000 -0.398629529039366159449 -0.00528488368124614086435 -0.102193423273658226536 -0.0165797480564711489925 -0.0111875002737734374758 0.999799955887180513692 3.09609193851880215576
1426 512.321000 -0.398630999549067388532 -0.00528425053346163672852 -0.102190553167892536623 -0.0165746801817536863755 -0.0111896025211498176266 0.999800016389423285013 3.09609188037580329578
1427 512.327000 -0.398632796600470795667 -0.0052833737791424355279 -0.102187068880019715778 -0.0165691643307927620465 -0.0111920640147224765421 0.999800080264284463105 3.09609153563064332104
1428 512.335000 -0.398635172252279734728 -0.00528209636862940826174 -0.102182555587816983889 -0.016563006903914604534 -0.0111949274402741733719 0.999800150230988782241 3.09609111084014276827
1429 512.341000 -0.398637264901247956317 -0.00528080341698509980741 -0.102178839574766450182 -0.0165590548973184939485 -0.0111971630778426242681 0.999800190658071241678 3.09609090285486132643
1430 512.347000 -0.398638952706064808584 -0.00527974645684150829111 -0.102175880242223723893 -0.0165567497413515729576 -0.0111986672570571921953 0.99980021198720891995 3.09609065588091558752
1431 512.353000 -0.398640398082163893712 -0.00527861765595663209871 -0.102173375364845636648 -0.0165557798518458192116 -0.0111998558500892870377 0.999800214734140935136 3.09609050110909711506
1432 512.359000 -0.398641882026851357423 -0.0052775433403064661575 -0.102171071470186364261 -0.0165558867500928998118 -0.0112006739698526022742 0.999800203799008690986 3.09609063912213811065
1433 512.366000 -0.398642908459786171615 -0.00527660096313828375081 -0.102169544041405796486 -0.0165570442805547321519 -0.0112011444876516444435 0.999800179359285112746 3.09609065005011663274
1434 512.370000 -0.398643407608839261957 -0.00527590465296605762302 -0.102168866856277407162 -0.0165584879388327894933 -0.0112013757657716799682 0.999800152859626978241 3.09609071227723386954
1435 512.376000 -0.398644169010735793801 -0.00527496938616585191173 -0.102168056418364863736 -0.0165614266609526543383 -0.0112014393623012034618 0.999800103472272216898 3.09609092661057072604
1436 512.383000 -0.398644517380126350847 -0.00527415461646395158229 -0.102168003702355028595 -0.0165648624307004437017 -0.011201378396079831809 0.99980004723678617129 3.09609102348015730044
1437 512.390000 -0.398644656232443883592 -0.00527322863304272373974 -0.102168392195660026611 -0.0165693858844308851419 -0.0112011537409332766896 0.999799974798101676043 3.09609126211844198906
1438 512.396000 -0.398644609487067813625 -0.00527251324213414383768 -0.102169075806066461665 -0.0165734825226589929659 -0.0112009480235134746551 0.999799909202059078339 3.09609122989511087454
1439 512.401000 -0.398644436896252007951 -0.00527182971946408424069 -0.102169850569190298617 -0.0165774630645724556366 -0.0112006963286656237994 0.999799846029241878753 3.09609118872927036037
1440 512.406000 -0.398644139852674994629 -0.00527135015349162495968 -0.102170824702950566176 -0.0165805420806129019673 -0.0112005060812474382947 0.999799797103318566016 3.09609124332730756279
1441 512.412000 -0.398643748853357238193 -0.00527073587101835154545 -0.102172067130496466159 -0.0165845095330035517678 -0.0112003042203108141989 0.999799733561137826676 3.09609098936213733566
1442 512.419000 -0.398643176837727986062 -0.00527002363413138323611 -0.102173619917169875015 -0.0165887909670562293252 -0.0112001108617117324517 0.999799664698351797654 3.09609059908365669145
1443 512.425000 -0.398642623410040641829 -0.00526941028346799861942 -0.102174953590392636471 -0.0165920406219008352566 -0.0111999975133244954878 0.999799612044184882187 3.09609028266168051502
1444 512.429000 -0.398642243688893782583 -0.00526895568743030590086 -0.10217580091150005317 -0.0165940401048321160837 -0.0112000203310631245984 0.999799578604423588857 3.0960897964899460888
1445 512.434000 -0.398641808490758697836 -0.00526846226283907842491 -0.102176762855966080101 -0.0165959261768518981373 -0.0112001128139401998768 0.999799546262793326079 3.09608917580918507895
1446 512.438000 -0.398641485198231615428 -0.00526806572688111665603 -0.102177439731079983121 -0.0165971040759346419313 -0.0112002513993114914681 0.999799525157361146377 3.09608864908638281577
1447 512.442000 -0.398641164673728620738 -0.00526764295540207462543 -0.102178042439584976231 -0.0165980397911421953538 -0.0112004058514133184032 0.99979950789338511985 3.09608822560380714251
1448 512.447000 -0.398640909063311621452 -0.00526725986522680062613 -0.102178594027331995364 -0.0165986766194267248986 -0.0112006531801207443594 0.999799494550193568188 3.09608754524128126917
1449 512.451000 -0.398640679876820835936 -0.00526678051014387808154 -0.102178919584431066037 -0.016598836694230456601 -0.0112010368698017108435 0.999799487594107305632 3.09608671958552372772
1450 512.456000 -0.398640494210201201675 -0.00526624819600312460421 -0.102179145072187504972 -0.0165986711293402353085 -0.0112015452888352892713 0.999799484646737623983 3.09608578597334505034
1451 512.462000 -0.398640375298726257203 -0.00526568098199034408807 -0.102179190279130555075 -0.0165980866985346135756 -0.0112020920781434347308 0.999799488223024113154 3.09608494205998141524
1452 512.468000 -0.398640404736264386543 -0.005265025035839503674 -0.102178886276609481865 -0.016596690611616147365 -0.0112029563852796831824 0.999799501714704663691 3.09608367483646551577
1453 512.474000 -0.398640552888811061649 -0.00526432403636729363827 -0.102178294438825506552 -0.0165947602284322696942 -0.011203928590140016866 0.999799522863012768426 3.09608242123664645362
1454 512.480000 -0.398640811637828273994 -0.0052635718402057303858 -0.102177436170829971651 -0.0165924012012767484181 -0.0112050049664343641387 0.999799549952928301444 3.09608130438465467549
1455 512.486000 -0.398641237669669523669 -0.00526281277622133586425 -0.102176297140423338883 -0.0165895725748074693295 -0.0112062687355157352548 0.99979958272786495499 3.09607997386067657075
1456 512.493000 -0.398641795915579744136 -0.00526195665546104387328 -0.102174841878977670784 -0.0165863369767287813228 -0.0112076595937859544577 0.9997996208201541668 3.09607860808758683646
1457 512.500000 -0.398642629496346545537 -0.00526084991074011673606 -0.102172865493030423645 -0.0165820423874578314061 -0.011209579387274485815 0.999799670534163076319 3.09607719720238261374
1458 512.507000 -0.398643523323949255932 -0.00525979158564331226305 -0.10217085356175997779 -0.0165780351762524758019 -0.0112114534882045494002 0.999799715973342828512 3.09607575506617704875
1459 512.515000 -0.39864449519207117989 -0.00525858400075089171127 -0.102168643077114873474 -0.016573995939091687446 -0.0112134517496424498256 0.999799760531312364797 3.09607444497855865961
1460 512.522000 -0.39864556418466418064 -0.00525746524529928892233 -0.102166485168997275834 -0.0165701165335646188881 -0.0112154765710748179075 0.999799802122078862254 3.09607319770899325206
1461 512.528000 -0.398646602679126937918 -0.00525629517105887650308 -0.10216448149740491036 -0.016566726797072030275 -0.0112175068596140382893 0.999799835518632940001 3.09607205565901866251
1462 512.534000 -0.3986475082822952265 -0.0052552347920253846339 -0.10216273999189157129 -0.0165639912223313201523 -0.0112192441233190717126 0.999799861350304297503 3.09607125997019538843
1463 512.538000 -0.398648251685455146109 -0.00525439090421559416855 -0.102161420954781922976 -0.0165620108629421017299 -0.0112206868200274215153 0.999799877967317285332 3.09607053861084269286
1464 512.543000 -0.398648989248903018456 -0.00525347678970733943105 -0.1021601042071276777 -0.0165601648968749758095 -0.0112221469378434024478 0.999799892156772562757 3.09606978017292400196
1465 512.548000 -0.398649527940683479077 -0.00525259691694220272329 -0.102159108818966434806 -0.0165589191403057479912 -0.0112233787162010264365 0.999799898963336319824 3.09606909660816143059
1466 512.553000 -0.398650365360420866345 -0.0052515784558932517706 -0.102157768827836031855 -0.0165572308585008633186 -0.0112249960914922609218 0.999799908766271339111 3.09606836623868408864
1467 512.557000 -0.398650876708617596389 -0.00525081334225392399456 -0.102156953714880996409 -0.0165563322625758221895 -0.011226097218453424606 0.999799911283879461088 3.09606772978638478122
1468 512.562000 -0.398651470511638239547 -0.00524983096915957597739 -0.102156033883776725668 -0.016555442241869878367 -0.0112274621088998046575 0.999799910695519655768 3.09606692881340617163
1469 512.567000 -0.398652003848011138309 -0.00524884229646671671837 -0.10215523746169528907 -0.0165547984107844090018 -0.0112287163563685524204 0.999799907270733201337 3.09606630568923968383
1470 512.571000 -0.398652429873948332961 -0.00524807709330071814335 -0.102154652627487824157 -0.0165543718934095494821 -0.0112297331136830443044 0.999799902913283022876 3.09606562792312489663
1471 512.574000 -0.398652816942697385549 -0.00524737113626059376026 -0.10215411328526588508 -0.016554068956637652682 -0.0112306286558817892962 0.999799897870055187532 3.09606509170390209462
1472 512.578000 -0.398653068916264619048 -0.00524669818497594617895 -0.102153816192775998006 -0.0165540046768455836879 -0.0112314023053973772309 0.999799890243749267427 3.09606440322497045159
1473 512.579000 -0.398653300179167224826 -0.0052461976725435514185 -0.102153425855293092384 -0.016553935236318321339 -0.0112320075026413994379 0.999799884594738452748 3.09606422983170848084
1474 512.583000 -0.398653429642226053708 -0.00524564459487282704064 -0.102153357369788810871 -0.0165540380946282497665 -0.0112325451895036731997 0.999799876851026336766 3.09606356882861222246
1475 512.586000 -0.398653673455568402506 -0.00524510253111362158285 -0.102153090505383653541 -0.016553999974238738091 -0.0112331576515858153759 0.999799870601125628689 3.09606308783368433524
1476 512.589000 -0.39865388801255174922 -0.00524451987705929975614 -0.102152861063371028227 -0.0165540531230087446801 -0.0112338043119007344184 0.99979986245542296075 3.09606249551402612497
1477 512.592000 -0.398654076483662189734 -0.00524392808463365524968 -0.102152668411716246455 -0.0165541736862107255468 -0.011234416102333787818 0.999799853584909414828 3.09606187691402823248
1478 512.598000 -0.39865434365355900681 -0.00524284805237556182644 -0.102152461294537144632 -0.016554522827661052875 -0.0112354686703873846848 0.99979983597603439005 3.09606065041299016727
1479 512.604000 -0.398654684259696245885 -0.00524154246956178623135 -0.102152103030237584314 -0.0165549399042240232005 -0.0112366691330563206463 0.999799815578879647049 3.09605945208546629033
1480 512.611000 -0.398654927301494599323 -0.00524028184976894906288 -0.102151964165677622276 -0.016555452677614379553 -0.011237789804942310487 0.99979979449234701594 3.09605781662388590547
1481 512.616000 -0.398655111076681667459 -0.00523929335606934751951 -0.10215181499060926873 -0.0165558187416355237498 -0.0112386319439594373204 0.999799778964679641824 3.09605658695689145432
1482 512.623000 -0.398655327846916207601 -0.00523790836992816394302 -0.102151623759609261333 -0.0165563053993370810912 -0.0112397216631876118581 0.999799758655931181117 3.09605493651727403659
1483 512.626000 -0.398655474394227604673 -0.00523722260930535067625 -0.102151442818780635591 -0.0165564407591712627055 -0.011240315958396501772 0.999799749733187193002 3.0960540369103859426
1484 512.632000 -0.398655573334771806682 -0.00523625060943538715719 -0.102151415311348719994 -0.0165567375404049761667 -0.0112410429882087367637 0.999799736644571890309 3.09605249795420212067
1485 512.638000 -0.398655715761703666189 -0.00523499842617436948744 -0.102151203642512858338 -0.0165569902444305701306 -0.0112419995622009671193 0.999799721704246802112 3.09605086139538387968
1486 512.642000 -0.398655963290258208431 -0.00523409149039759206967 -0.102150831607692366143 -0.0165567938268348785469 -0.0112427473786603261685 0.999799716548047112674 3.09604965789137498433
1487 512.647000 -0.398656094799021532005 -0.00523321003794916580348 -0.1021506503913217484 -0.0165567534708713770542 -0.0112434291710502322348 0.999799709549357928928 3.0960482205069128625
1488 512.651000 -0.398656238494749459722 -0.00523242656240748005292 -0.102150405559008977674 -0.0165566032318399808387 -0.0112440632615801172633 0.999799704906334296695 3.09604703078024501295
1489 512.656000 -0.39865634440616648515 -0.00523145329702023789004 -0.10215017420852309793 -0.0165565215359649332838 -0.0112448078421749954325 0.999799697885142113485 3.09604561823967472378
1490 512.660000 -0.398656541343525294696 -0.00523072638806241618087 -0.10214984815117711392 -0.0165561229051090115505 -0.0112453974012750781281 0.999799697855344615682 3.09604449649389135146
1491 512.666000 -0.398656776522272549013 -0.00522963411349691622426 -0.102149415906320609193 -0.0165556333575670351632 -0.0112463303006996306888 0.999799695468496119055 3.09604267439754510249
1492 512.671000 -0.398657071817229313737 -0.00522852708184822628779 -0.102148842508693465936 -0.0165549243333176845927 -0.0112473300380930129466 0.999799695962812373651 3.09604101623205174576
1493 512.677000 -0.398657315623046182296 -0.00522739453396618355963 -0.102148314584222535406 -0.0165542708154718179459 -0.0112482847407827882963 0.999799696043241592491 3.0960393964612133999
1494 512.682000 -0.398657685927219396227 -0.00522630127280449344185 -0.102147618630688635788 -0.0165532843860291788152 -0.0112493904964189126577 0.999799699934689201086 3.09603770218573259854
1495 512.688000 -0.398658007633523381319 -0.00522516499461601283821 -0.102146979417117214628 -0.0165523765569057998426 -0.0112504661616064614849 0.999799702861260519704 3.0960358846956168577
1496 512.694000 -0.398658373407294541746 -0.00522387438216727686968 -0.102146210238350784727 -0.0165513218176686974226 -0.0112517059483668666747 0.999799706370900875818 3.09603411672136052957
1497 512.699000 -0.398658830099900884925 -0.00522277046478170168392 -0.10214538340844903086 -0.0165500524482938247972 -0.0112529239225717461736 0.999799713676269852236 3.09603251869243223382
1498 512.704000 -0.398659203656488214662 -0.00522171439773401295514 -0.10214466753122071474 -0.0165490132641171010242 -0.0112540560673165621758 0.999799718134595893915 3.09603094557393898612
1499 512.711000 -0.398659640233572309942 -0.00522025976777515561544 -0.102143788099954835324 -0.0165477822338554285408 -0.0112555200939829635337 0.999799722029644732935 3.09602892812578112114
1500 512.716000 -0.398660151884508928699 -0.00521911673491825753302 -0.102142895390996649163 -0.0165464236665310050756 -0.0112568606873354511849 0.999799729421504523863 3.09602735621686253609
1501 512.721000 -0.398660562536000573353 -0.00521801840612164894578 -0.102142145968781503096 -0.0165453564573782366254 -0.011258085751368671415 0.999799733289078784715 3.09602577860062755377
1502 512.725000 -0.398660936673121080176 -0.00521693891800774356415 -0.102141428369200898407 -0.0165444230783546135377 -0.0112592990662505349625 0.999799735071749795523 3.09602447904225552833
1503 512.731000 -0.398661389313458514039 -0.00521577807215800083596 -0.102140655957570686274 -0.0165432658800920909248 -0.0112605548751023368248 0.999799740076944276623 3.09602285524471421141
1504 512.737000 -0.398661826609316649606 -0.00521452974813439718016 -0.102139903920126715042 -0.0165422255837528904554 -0.0112619387255868657477 0.999799741702745881078 3.09602099522538232179
1505 512.742000 -0.398662331155715532471 -0.00521327169740316755803 -0.102139047755176265442 -0.0165410728260019790348 -0.0112633906042365877082 0.999799744419781921678 3.09601936976026559378
1506 512.749000 -0.398662726961637348122 -0.00521184755047910449471 -0.102138346749642311417 -0.0165401944100230305357 -0.0112648306525623288082 0.999799742728136431325 3.09601743527768435982
1507 512.754000 -0.398663328557862461921 -0.00521049302604988887749 -0.102137375598191956771 -0.0165389322107562727893 -0.0112664619958373676128 0.9997997452267249896 3.09601571678159537271
1508 512.759000 -0.398663738280752799614 -0.0052093156840610325975 -0.102136709350708745903 -0.0165381120052234854845 -0.0112677483001581823369 0.999799744298600523429 3.09601410984821479033
1509 512.765000 -0.398664100944979726826 -0.00520795323448476274453 -0.102136091911084331274 -0.0165374405690691360371 -0.0112691104191404625062 0.999799740052869534424 3.09601230748961686601
1510 512.770000 -0.398664607963180761541 -0.00520670052062439502744 -0.102135316075220222709 -0.0165364837969141122154 -0.0112705274095983385557 0.999799739905719353494 3.09601066266977742458
1511 512.777000 -0.398664988336090431176 -0.00520522647670666402386 -0.10213473729771313514 -0.0165358499395068109239 -0.0112719874733303946496 0.999799733929339962124 3.09600837233118220126
1512 512.783000 -0.398665474512671758056 -0.00520362666056234639961 -0.102133935141500542532 -0.016535052816482161131 -0.0112736114862972431477 0.999799728801929687982 3.09600641868325743289
1513 512.790000 -0.398665942719440891118 -0.00520207703700880860764 -0.102133260030243006034 -0.0165342928739060160415 -0.0112751664871426869607 0.999799723834652320775 3.09600408979768593198
1514 512.797000 -0.39866650614913529127 -0.0052002464227964310603 -0.102132389164733911047 -0.0165334306190703592132 -0.0112770074698764107002 0.999799717330670523197 3.09600153871593430921
1515 512.804000 -0.398666968536191324013 -0.00519853053212308933301 -0.102131661536542267532 -0.0165327502588439416431 -0.0112786297447533337412 0.999799710281994102878 3.09599922388987502941
1516 512.810000 -0.39866737803877239088 -0.00519706395043610137885 -0.102131045211197840628 -0.0165321556049470193284 -0.0112800458239654868148 0.999799704139415768012 3.09599701265692184293
1517 512.818000 -0.398667791614533695288 -0.00519510691182181044701 -0.102130371759196425518 -0.0165316328622315406038 -0.0112818161019279297047 0.99979969280868996595 3.09599411049444972477
1518 512.825000 -0.398668271103216009799 -0.00519344088334004749807 -0.102129663694339303803 -0.0165308766733839283825 -0.0112833585798551207929 0.999799687905316147862 3.09599163764668361409
1519 512.831000 -0.398668715183912836242 -0.00519184410681786546321 -0.102128955290322814831 -0.0165302083741470477729 -0.0112848679132826843624 0.999799681919977034639 3.0959892781815989693
1520 512.838000 -0.398669123830856952928 -0.00519007302028362451501 -0.1021282770041741228 -0.0165295976178400257084 -0.0112864219021562711687 0.999799674476461674999 3.09598677356961848872
1521 512.844000 -0.398669522052795766154 -0.00518859239693085852463 -0.102127660345415621768 -0.0165289566329243076126 -0.0112878073482108199493 0.999799669432780202527 3.09598441010505975868
1522 512.851000 -0.398669960251794186501 -0.00518682300573795364296 -0.102126956010977043565 -0.0165282377385056640506 -0.0112894010784927688318 0.999799663322882170569 3.0959816548502909761
1523 512.858000 -0.398670385413515515616 -0.00518506109280176576137 -0.102126238042850953081 -0.0165275094471291628118 -0.0112909665008690957011 0.999799657684954157233 3.09597909271418947341
1524 512.864000 -0.398670775918479880495 -0.0051835552621839250248 -0.102125606605369984026 -0.0165268227389092810242 -0.0112923615972124625345 0.9997996532804532821 3.09597668927633007385
1525 512.872000 -0.398671184517328136554 -0.00518154151232149903783 -0.102124881035369069471 -0.0165261300519784562479 -0.0112941472960243066703 0.999799644560029343587 3.0959735642648436027
1526 512.879000 -0.398671669707699627416 -0.0051798268801664295452 -0.10212411245563267348 -0.0165251794598875560716 -0.011295730281623351729 0.999799642389025411404 3.09597091427434500943
1527 512.886000 -0.398672128469134412487 -0.00517802076611039406584 -0.102123347967550792692 -0.0165243132890629806919 -0.0112974122090098005183 0.999799637701326848749 3.09596804921702073443
1528 512.893000 -0.398672565419760926986 -0.00517620298863732605787 -0.102122579968754984003 -0.0165234631583182078884 -0.0112990571653880586545 0.999799633162779866069 3.09596542752297043677
1529 512.900000 -0.398673128307670820991 -0.00517431766935035498262 -0.102121660291053295566 -0.0165223471306788147195 -0.0113009051661919837639 0.999799630719934828704 3.09596249940974654891
1530 512.905000 -0.398673530164925571384 -0.00517289259342182394796 -0.102120980694114946163 -0.0165215579509505883227 -0.0113022936003637410746 0.999799628066666445925 3.09596037055869599541
1531 512.910000 -0.398673855706003998911 -0.00517159123557139280974 -0.102120412856433098736 -0.0165208981176891180065 -0.0113034805552246920418 0.999799625551401560664 3.095958553407172964
1532 512.915000 -0.398674216187233809716 -0.00517028908841190865814 -0.102119826551940559578 -0.0165201855317961415759 -0.0113047588966672055838 0.999799622872644899729 3.09595645800989371921
1533 512.921000 -0.398674634670272032277 -0.0051687085290767886131 -0.102119131883451480514 -0.0165193494821956436691 -0.0113062626148634215451 0.999799619683048756968 3.0959539946443759284
1534 512.929000 -0.398675026585962211101 -0.00516676125719377384027 -0.102118459036290520903 -0.0165185845483466556272 -0.0113079756321481320752 0.999799612948325755468 3.09595095926187369173
1535 512.936000 -0.398675612237067378274 -0.00516482251320480797996 -0.102117515256057223016 -0.016517422735686619617 -0.0113099058938423684822 0.999799610309407449371 3.09594796204323507993
1536 512.942000 -0.398676029301805789906 -0.00516319093332319282996 -0.102116827437271240342 -0.0165166193907878809666 -0.0113114585275019240151 0.999799606016065878222 3.09594540936513773488
1537 512.948000 -0.398676440790094510636 -0.00516158394498288358027 -0.102116135865747845179 -0.016515807627663726953 -0.0113129531157730254393 0.999799602515527241486 3.09594309259827005221
1538 512.955000 -0.398676875005037012478 -0.00515980307853134128465 -0.102115445745773053554 -0.0165149816339161398249 -0.0113146230777792389938 0.999799597262490902239 3.09594015058958849096
1539 512.962000 -0.398677326992371183767 -0.00515781766271899283494 -0.10211465946604553201 -0.0165141628617005049862 -0.0113164771336282995312 0.999799589803007204836 3.09593716438013144554
1540 512.969000 -0.398677849456871680189 -0.00515597748978995941427 -0.102113853091261211348 -0.0165131365800052463955 -0.011318216838701889923 0.999799587061268146826 3.09593431134636043467
1541 512.974000 -0.398678337877087285435 -0.0051544152469407081979 -0.102113049402897421158 -0.016512218812456975342 -0.0113197885343568529354 0.999799584425512199992 3.09593204870861260503
1542 512.980000 -0.398678642004455796588 -0.00515278819951080820777 -0.102112518964286552725 -0.0165117002901077093713 -0.0113212253900692311204 0.999799576719852756135 3.09592954332706815634
1543 512.987000 -0.398679096927586407162 -0.00515101869071079264406 -0.102111834408095722426 -0.0165108330376757886371 -0.0113228397993609397609 0.999799572760100674351 3.09592661913471323132
1544 512.995000 -0.398679649349654829926 -0.00514878628452889418321 -0.102110952461750115194 -0.0165098377011011557269 -0.0113249108731065650096 0.99979956573945327758 3.09592304079134716943
1545 513.002000 -0.398680109526343751103 -0.00514683555650166484063 -0.102110187057880594241 -0.0165090039872799604348 -0.0113266675028387067692 0.999799559607138510486 3.09592014743600030258
1546 513.009000 -0.398680605136002341737 -0.00514489851831285115169 -0.102109409210851709293 -0.0165081112908044003174 -0.011328481056643031899 0.999799553799940343701 3.09591698364495693241
1547 513.016000 -0.39868104141493970749 -0.0051428538299482890947 -0.102108658254681433641 -0.0165073749983097387006 -0.0113303311562053862088 0.999799544992172828373 3.09591383701832034703
1548 513.023000 -0.398681547624140764086 -0.00514095720277057272041 -0.102107885111223983809 -0.0165064236789914907388 -0.0113320656256356115665 0.999799541041096029304 3.09591082684368679168
1549 513.031000 -0.398682088199565465292 -0.00513868638250971222076 -0.102107022523645216139 -0.0165054671338823871762 -0.0113341345559892989203 0.999799533380846705555 3.09590713693918617722
1550 513.038000 -0.398682612273226100186 -0.00513661106921077352527 -0.102106150960320093968 -0.0165045166848850309582 -0.0113360284789978480596 0.999799527599068871275 3.09590408943218298177
1551 513.045000 -0.398683094457373154995 -0.00513463948224183661107 -0.102105388142481406932 -0.0165036531895519367197 -0.0113378398687692550501 0.999799521313402661526 3.09590085258936342782
1552 513.052000 -0.398683456600805619097 -0.00513265969859385759455 -0.102104760236509689575 -0.0165030558772225471875 -0.0113395693949568335951 0.999799511558517650656 3.09589766743991079423
1553 513.060000 -0.398684027382016525909 -0.00513045057056501531412 -0.102103882359513870037 -0.0165019811852889428105 -0.0113415767163543342727 0.999799506528457504473 3.09589411190082408609
1554 513.067000 -0.398684494298703007154 -0.00512842827236321095741 -0.102103132182369132908 -0.0165011466774997971052 -0.0113434031297650443626 0.99979949958167280144 3.09589080054837895162
1555 513.075000 -0.398685016500091693459 -0.00512613133078118968222 -0.102102268559516581869 -0.0165001938236706696683 -0.0113454454605139403583 0.99979949213383989548 3.09588725582890944565
1556 513.081000 -0.398685497230943097779 -0.00512432303126793449455 -0.102101497340984143092 -0.0164993116320566006461 -0.011347149236521796023 0.999799487357276306376 3.09588437439490204994
1557 513.086000 -0.398685857065057935866 -0.00512268745707613638862 -0.102100858323605450662 -0.0164986949644679303795 -0.0113486541502101478257 0.999799480452679856235 3.09588194834082397477
1558 513.092000 -0.39868621833183448544 -0.00512112363896696353577 -0.102100311829179529743 -0.0164979946345639380545 -0.0113500059680147324243 0.999799476663977837454 3.09587934671150666333
1559 513.099000 -0.398686700833196738802 -0.00511910762165581657845 -0.1020995456783976435 -0.0164971110232861976896 -0.0113518525402632828453 0.999799470279810531537 3.09587600741857604802
1560 513.105000 -0.398687062978045292372 -0.00511727196574533749196 -0.102098909461781225949 -0.0164964913905764933022 -0.0113534923649871982015 0.999799461883691398256 3.09587313898928284672
1561 513.111000 -0.398687495726762708426 -0.00511559437758665920548 -0.102098246151839378015 -0.0164956501383381817782 -0.0113550014179278190712 0.999799458626234760494 3.09587044005630662724
1562 513.118000 -0.3986879090954114635 -0.00511366222847427741305 -0.102097593397382738201 -0.0164948953808239061336 -0.0113567238211861633312 0.999799451515365089627 3.09586713852102102251
1563 513.125000 -0.398688333349944468154 -0.00511153049928360705967 -0.102096856738682281729 -0.0164941544223827819826 -0.0113586130025306979163 0.999799442278574757026 3.09586382390733394487
1564 513.133000 -0.398688847227831488773 -0.00510933797293826406222 -0.102096079893299787611 -0.0164931755910430986878 -0.0113605603009743535287 0.999799436301387012271 3.095860090864990255
1565 513.140000 -0.398689384870219265533 -0.00510716226970036896865 -0.102095209896330238464 -0.016492186588173435996 -0.0113625619956767096724 0.999799429869028810636 3.0958566091509620577
1566 513.148000 -0.398689914998202832308 -0.00510479734382739483434 -0.102094339846006548767 -0.0164912045020777150994 -0.011364669669138181482 0.999799422112946478691 3.09585289591475065762
1567 513.154000 -0.398690391421013756723 -0.00510293342190235726941 -0.102093568854719485284 -0.0164903276002848868387 -0.0113664187031170330067 0.999799416693919029697 3.0958499046258851628
1568 513.161000 -0.398690825177304253302 -0.00510079781145299920864 -0.102092831853117987917 -0.0164895466647415403494 -0.0113682791845277891135 0.999799408421096158506 3.09584657742640390055
1569 513.167000 -0.398691329242395531285 -0.00509895645817282777701 -0.102092047705572952498 -0.0164885990668133912418 -0.011370018707293223087 0.999799404268380986771 3.09584360581009088165
1570 513.173000 -0.398691735553595993924 -0.00509716506326248017938 -0.102091396510436943634 -0.0164878497374055035807 -0.0113716231985468863713 0.999799398377928083548 3.09584064766477951025
1571 513.178000 -0.398692108065463124422 -0.00509554224677578188052 -0.102090761134369517604 -0.0164871705408691435202 -0.0113730685981337405199 0.999799393137552616651 3.09583828991204335068
1572 513.184000 -0.398692403752690105456 -0.00509395976793066817406 -0.102090322792995957801 -0.0164866299976687384621 -0.0113744230596591524435 0.999799386642830523186 3.09583539353475467593
1573 513.188000 -0.398692806384208509041 -0.00509256920176442366005 -0.102089663101342986717 -0.0164858890583588872658 -0.0113757667267985682069 0.999799383573191202679 3.09583328039860372627
1574 513.195000 -0.398693076448525640654 -0.00509073609857054430738 -0.102089252531813390323 -0.016485420687776496107 -0.0113772615766738471876 0.99979937428654308551 3.09582990898458376705
1575 513.202000 -0.398693540723998818276 -0.00508862910307259289078 -0.102088496727857941382 -0.0164845601796041255072 -0.0113791174098111669971 0.999799367354600065916 3.09582659099323453944
1576 513.210000 -0.39869401594290621027 -0.00508629961037797891782 -0.102087749889485907007 -0.0164837117894635898363 -0.0113811685812815789609 0.999799357995076132255 3.09582256106540310014
1577 513.217000 -0.398694523864354111176 -0.00508406958973573429306 -0.102086894912766054655 -0.0164827783274068655206 -0.0113831465472722433846 0.999799350866608982358 3.09581919909146829895
1578 513.224000 -0.398695017909269089351 -0.00508196710453284565545 -0.102086128012370630502 -0.0164818725170524579826 -0.0113850548684953142148 0.999799344070585571664 3.09581561997787479967
1579 513.231000 -0.398695484359421925546 -0.00507982235934845236663 -0.102085380089494887068 -0.016481032045248620449 -0.0113869564045725769896 0.999799336270315586184 3.09581204093163320223
1580 513.238000 -0.398695946597044048598 -0.0050776923536435874737 -0.102084628573936450624 -0.016480178728585436615 -0.0113888236796494835695 0.999799329067722397646 3.09580866700735812813
1581 513.245000 -0.39869641975311276294 -0.00507555664549016669063 -0.102083875314155109182 -0.0164793261825116471586 -0.0113907433648549622635 0.999799321251102934838 3.09580506109644471024
1582 513.252000 -0.398696849670825415046 -0.00507337048485304205336 -0.102083146213795383783 -0.0164785597424636949537 -0.0113926260874147606411 0.999799312432073317147 3.09580160768136591898
