16785 1129.983000 -0.379367724285967211628 0.0198395177902257642544 -0.061454557450584368361 -0.016613400847106926661 -0.0206112486800428956757 0.999649524253446997157 3.05655207358718605803
16786 1129.991000 -0.379365043404877422262 0.0198440069025023410609 -0.0614468046482584823176 -0.0166082948848575683021 -0.0206158245234660322809 0.999649514740158839921 3.05654098761032733123
16787 1130.000000 -0.379362757617762502704 0.0198506648404417132547 -0.0614370921855613288942 -0.0165974852002947793894 -0.0206242623741975765472 0.999649520225237009363 3.05652547480485603515
16788 1130.010000 -0.37936123498695262235 0.0198586871756317971671 -0.0614264557440845487823 -0.0165824460981510678204 -0.0206353669746009056596 0.999649540644732881312 3.05650734517876232488
16789 1130.019000 -0.379359709178884008107 0.0198690246168898160262 -0.0614174156196472809111 -0.0165671988885572225858 -0.0206503186467164694118 0.999649484699900114926 3.05648450293323925564
16790 1130.029000 -0.379358688891071160754 0.0198790081761483529432 -0.0614098334902043047068 -0.0165531757550489988517 -0.0206646437867231448637 0.999649420981971292832 3.05646238062553621262
16791 1130.038000 -0.379357463056972765703 0.0198905102081694054594 -0.061404128793980369827 -0.0165407791741302885591 -0.0206813641409879685196 0.999649280398670847525 3.05643689993997291765
16792 1130.048000 -0.379356235648535322635 0.0199007993957151414766 -0.0614010289427715169608 -0.0165322567729325048402 -0.0206959217997094400976 0.999649120095073229209 3.05641372094594920839
16793 1130.057000 -0.379354781662727791325 0.0199117335882189223917 -0.0613991125987180461077 -0.0165249014857633547138 -0.0207114564986610738551 0.99964891997170179927 3.05638879293648191293
16794 1130.067000 -0.379353221002574292342 0.0199209331753411704458 -0.0613994745013545922818 -0.0165212574496493881659 -0.0207242893400189712172 0.999648714240974678447 3.05636740763569036972
16795 1130.077000 -0.379351502371724158547 0.019930127393153980464 -0.061400368654196159357 -0.0165181780417633893021 -0.0207370526648058481345 0.999648500444510035301 3.05634566135885954452
16796 1130.086000 -0.379349963741254070371 0.0199374305969290989415 -0.0614015056636151163039 -0.0165163797874580894898 -0.0207470538131013168548 0.999648322639913544663 3.05632809806372218731
16797 1130.096000 -0.379348369028870979758 0.0199444083210964066832 -0.061402626929353276708 -0.0165149819173255364702 -0.0207563712901488624241 0.999648152313170501593 3.05631107232881271685
16798 1130.106000 -0.379346955006099384455 0.0199502477347299339572 -0.0614032119899706740895 -0.0165139812956445822256 -0.0207638321815052373509 0.999648013900345633331 3.05629669598806508191
16799 1130.115000 -0.379345866603190640109 0.019954641816962007117 -0.0614030988867200686054 -0.0165133431762063305481 -0.020769046968426695815 0.9996479161110516376 3.05628585984742384696
16800 1130.125000 -0.379344871884944201401 0.019958701169971417716 -0.061402217485731214186 -0.0165129026194872630118 -0.020773338480714276244 0.999647834217353259412 3.05627594414943448697
16801 1130.135000 -0.379344052657633323822 0.0199621198276276889949 -0.0614006621866307056301 -0.016512905365964700849 -0.0207763742264666893822 0.999647771082583180835 3.05626779610109489127
16802 1130.144000 -0.379343423993271366967 0.0199647971106851826462 -0.0613988735920852346517 -0.0165133533517084658826 -0.020778272211834276223 0.999647724233378442982 3.05626162520666522227
16803 1130.153000 -0.379342731362148022356 0.0199675269170650239448 -0.0613969472188873183205 -0.0165147608270412166176 -0.0207797853787796207858 0.999647669528838433983 3.05625555967590178952
16804 1130.162000 -0.379342121323732683891 0.0199698581097099876758 -0.0613951065530894263267 -0.016516323976429318765 -0.0207808008440689730156 0.999647622594374229976 3.05625052107710626359
16805 1130.171000 -0.379341434812135114285 0.0199721839350702201621 -0.061393546822141008279 -0.0165184234306550471738 -0.0207817033758452007763 0.999647569142327219183 3.05624551789123088952
16806 1130.180000 -0.379340617222491183202 0.0199745860163693597644 -0.0613924332057538199581 -0.016521048019448741212 -0.0207826500440232431188 0.999647506088764736809 3.05624027466947412179
16807 1130.189000 -0.379339648594978595675 0.0199770716440994949847 -0.0613918601992327270245 -0.0165240579456148867221 -0.0207836832212506227024 0.999647434859295080933 3.05623468637920625568
16808 1130.199000 -0.379338507882537756544 0.0199796671575105354302 -0.0613918653879715198185 -0.0165273587373795834143 -0.0207848691121641712676 0.999647355635554180076 3.05622860212676172864
16809 1130.208000 -0.379337210308323735664 0.0199823371618139018768 -0.0613924418569383248401 -0.016530789460831675497 -0.0207862174943799875304 0.999647270872120130569 3.0562220578631968948
16810 1130.217000 -0.379335777331605950025 0.0199850811215135579224 -0.0613934430352173210466 -0.0165341064872552220844 -0.0207877153886200059796 0.999647184866535809533 3.05621502103511444304
16811 1130.226000 -0.379334262702869684514 0.0199878344647439476489 -0.0613947167477147254244 -0.016537080567674247028 -0.0207893273280452192675 0.999647102149326283183 3.05620763874549528083
16812 1130.233000 -0.379332613369142090942 0.0199908133488453029769 -0.0613959011877186072725 -0.0165392480611141756697 -0.0207911733946117976979 0.999647027896571227501 3.05619930394818117847
16813 1130.240000 -0.379331572994887900041 0.0199926025644063670716 -0.061396924117303852686 -0.0165406290881709126805 -0.0207923350328087820638 0.99964698088537795595 3.05619416186637105071
16814 1130.247000 -0.379330578571526577658 0.0199943255368510222625 -0.0613978566886332760566 -0.0165416049393421263347 -0.020793464077331954426 0.999646941253608423139 3.05618910603635907108
16815 1130.254000 -0.379329490208171304921 0.0199962843992285248251 -0.0613986710405801106027 -0.0165421595904778027941 -0.02079482605289502406 0.999646903744273784831 3.05618327833558067752
16816 1130.261000 -0.379328368247350111719 0.0199984002250490205954 -0.0613992925053223198573 -0.0165421052275002491982 -0.0207963776392961381678 0.999646872366300232038 3.05617689782480317362
16817 1130.268000 -0.379327490740047512663 0.0200001708763207323993 -0.0613996358270717385031 -0.0165416341649884147957 -0.0207977428492751477418 0.999646851758923538078 3.05617154079867026084
16818 1130.274000 -0.379326830701436357174 0.0200016275964420772726 -0.0613997184800017387074 -0.0165408783572340359336 -0.0207989146653011769406 0.999646839884924864883 3.05616716766246643289
16819 1130.280000 -0.379326172779188619533 0.0200032340965864315063 -0.0613995929331207640489 -0.0165396921568859815721 -0.0208002990900022811938 0.999646830706285904888 3.05616239664608890791
16820 1130.289000 -0.379325655547957552027 0.0200048293119332622203 -0.0613990801158079690936 -0.0165380299797712806975 -0.0208017131225018483964 0.999646828782824292681 3.05615778491859346744
16821 1130.299000 -0.37932516324117904194 0.0200067603209512015483 -0.0613980945232731334382 -0.0165355958931696911396 -0.0208035509399194136482 0.999646830804133523785 3.05615240787593922533
16822 1130.307000 -0.379324816549449217451 0.0200085634662182168531 -0.0613969967767000607273 -0.0165332417900388752019 -0.0208053906433432293788 0.999646831454034101583 3.05614765907791685606
16823 1130.309000 -0.379324501201538932804 0.0200099687176752485951 -0.0613966175165737843011 -0.0165322067124294702634 -0.0208069548325299294445 0.999646816016444117459 3.05614418942729315631
16824 1130.319000 -0.379324494155284908103 0.0200112929388626889504 -0.0613950546143857342485 -0.0165299523180604569783 -0.0208083116934121258035 0.999646825054144927414 3.05614102981484592192
16825 1130.324000 -0.379324437087666666013 0.0200122690580792662873 -0.0613942599891889109753 -0.0165288395873742360864 -0.0208093485937622078852 0.999646821869103030522 3.05613880987630404107
16826 1130.329000 -0.379324389463903177688 0.0200132485898318543405 -0.0613934825256257921122 -0.016527867893020492529 -0.0208103851481340057505 0.999646816357105838513 3.05613664009392804743
16827 1130.337000 -0.379324343508271655256 0.0200145076866049508035 -0.0613924428145886033614 -0.0165267472253895486567 -0.020811693161373101546 0.999646807654535951571 3.0561339051412468315
16828 1130.344000 -0.379324222250513765076 0.0200160951488050006808 -0.0613914864836574702966 -0.0165260255565707787906 -0.0208132924165846527886 0.999646786289079880561 3.05613055878619643835
16829 1130.352000 -0.379324091035016519591 0.0200175602436535628181 -0.0613907001005890920475 -0.0165256540224863260335 -0.0208146735516850818482 0.999646763674081895168 3.05612747686395991309
16830 1130.362000 -0.379323817932734397296 0.0200195023155010226601 -0.0613900090175968499162 -0.0165258466028504573397 -0.0208163646229432806878 0.999646725277456904557 3.05612334927662487871
16831 1130.371000 -0.379323430527599980699 0.0200214552116984093044 -0.06138965220153468072 -0.0165266531787618825566 -0.0208178886140598547183 0.99964668020674252169 3.056119103938858661
16832 1130.380000 -0.379322915557125717179 0.0200234515382186444021 -0.0613895826011847528525 -0.0165279456069120887773 -0.0208192551694410497853 0.999646630379057876681 3.05611459368246718427
16833 1130.389000 -0.379322269019396141054 0.0200255010411760706046 -0.0613897662344410205426 -0.0165296216832964623644 -0.0208204805545568541469 0.999646577144384651525 3.05610975639832505024
16834 1130.398000 -0.379321510889614799122 0.020027575997678036257 -0.0613901445868704001563 -0.0165315214758395175043 -0.020821566208651748342 0.99964652311620272318 3.05610463283547106883
16835 1130.405000 -0.379320685649810251938 0.0200295732965822606553 -0.0613905576151916945737 -0.0165333434404411269703 -0.0208224821961225485534 0.999646473904586163606 3.05609949374725742288
16836 1130.412000 -0.379320070907970152696 0.0200309994598506790897 -0.0613909835100613227032 -0.0165346778679598786777 -0.0208230468436821393452 0.99964644007166281181 3.05609570736727365059
16837 1130.421000 -0.379319227891817045695 0.0200328782962602668094 -0.0613915311129894225584 -0.0165363151245179612614 -0.0208237482864006596961 0.999646398377650013956 3.05609059192034315799
16838 1130.430000 -0.379318277079469745594 0.0200349275190977692274 -0.0613920555404666723476 -0.0165378421045675183532 -0.0208244734662254502022 0.999646358010360835955 3.05608486403182100233
16839 1130.439000 -0.379317330761838156228 0.0200369630279351312874 -0.0613924873813340293838 -0.01653907170890383041 -0.0208252120127528847493 0.999646322281851795744 3.0560790827560375682
16840 1130.449000 -0.379316324244665825649 0.0200391772587280234119 -0.0613928083056158174768 -0.016539990197418832224 -0.0208260478948061947269 0.999646289671177856739 3.05607274121269290035
16841 1130.458000 -0.379315484293206162114 0.0200411323053219445067 -0.0613929305292829283203 -0.0165404151451083135382 -0.0208268622226960263555 0.999646265674405731794 3.05606714060517914433
16842 1130.467000 -0.37931462111198516185 0.0200432480488574489563 -0.0613929103789836103089 -0.0165405629740025990337 -0.0208278999614486433345 0.999646241607349383962 3.05606115274713374674
16843 1130.477000 -0.379314011172239839986 0.0200450265129915386475 -0.0613926697445671271103 -0.0165402914937735900924 -0.0208288390713454348024 0.999646226532287185407 3.05605622518095509932
16844 1130.486000 -0.379313326005916606753 0.0200470705736658059981 -0.0613923448427670659377 -0.0165398416341359551229 -0.0208300782692197906931 0.999646208154672977209 3.05605067306456845699
16845 1130.495000 -0.379312774878704406234 0.02004896093901423898 -0.0613919195776541359866 -0.0165392886673147929133 -0.0208313552510338284574 0.999646190693879721501 3.05604569026660133346
16846 1130.505000 -0.379312280742760243868 0.0200508983620629743783 -0.0613913904577458521827 -0.0165386266143375884607 -0.0208327446676621966248 0.999646172692779999558 3.05604072129006221203
16847 1130.514000 -0.379311777401854843816 0.0200529470822965079357 -0.0613908585549543459048 -0.0165379991270456390418 -0.020834297098661896247 0.999646150719982751198 3.05603559577651706647
16848 1130.521000 -0.379311389888123962066 0.0200545979841186446102 -0.0613904401974639801765 -0.0165375947658263633411 -0.0208355923294016864844 0.999646130413980205098 3.05603154598822213117
16849 1130.528000 -0.379311053585067392557 0.0200561125884703844724 -0.0613900649248548535564 -0.0165372997848875144533 -0.0208367714711328207156 0.999646110716429725507 3.05602786953715277463
16850 1130.534000 -0.379310667897191755582 0.0200577474143165991605 -0.0613897156214882541714 -0.0165371221176435212463 -0.020838056133594278635 0.999646086877070350063 3.0560239303351459661
16851 1130.541000 -0.379310374723072107894 0.0200591164291880966197 -0.0613894255362886220873 -0.0165370065013413815314 -0.0208390793698210625984 0.999646067459374787489 3.05602061906424937732
16852 1130.548000 -0.379310064857478757006 0.0200605081926378721324 -0.0613891806408831258723 -0.0165369845845966915998 -0.0208400773541508148312 0.999646047017003991364 3.05601725071344665352
16853 1130.557000 -0.379309631707328065442 0.0200623613303972728183 -0.0613889191222456997998 -0.0165370976752274301269 -0.0208413697953247593897 0.999646018201210351251 3.0560127382460109402
16854 1130.567000 -0.379309053520877792476 0.020064643358056612199 -0.0613886913540396400579 -0.0165374414957351160982 -0.0208428895138178839341 0.999645980827957858494 3.05600712069104973878
16855 1130.577000 -0.37930848617360363173 0.0200667824263517681482 -0.0613885585654774176834 -0.0165379034564675994612 -0.02084421149724057995 0.999645945620909803786 3.05600178193849902897
16856 1130.586000 -0.379307831022700436829 0.0200690404151294340962 -0.0613884743693751330773 -0.0165384939228117242016 -0.0208455249280143535551 0.999645908464212529232 3.05599606346686591962
16857 1130.596000 -0.379307193316366864089 0.0200712161470906445826 -0.0613884451061840613617 -0.0165391272846620029924 -0.0208467082037026782415 0.999645873310009425161 3.05599047592187300637
16858 1130.606000 -0.379306467539839486935 0.0200735642055985818999 -0.0613884362063997282566 -0.016539837086777770675 -0.0208479372267326157342 0.999645835935174198461 3.05598436128426920178
16859 1130.615000 -0.379305722448960935811 0.0200758525280434856064 -0.0613884388381350579178 -0.0165405246081056882257 -0.020849097786719825165 0.999645800354889813022 3.05597834617085384323
16860 1130.625000 -0.379305043958687415628 0.0200780233327656834619 -0.0613884292531297545703 -0.0165410866189559524475 -0.0208501505758261311552 0.999645769097448622098 3.05597259835302992315
16861 1130.635000 -0.379304284931050172958 0.0200803716778023659539 -0.0613884007620741356526 -0.0165416727154940705613 -0.0208513334677405993978 0.999645734726253176738 3.05596636768656626515
16862 1130.644000 -0.379303548874785900757 0.0200826243250847684407 -0.0613883496334452494203 -0.0165421332084127910289 -0.0208524683260895640768 0.999645703433783894276 3.05596038270673631132
16863 1130.654000 -0.379302889119415120867 0.0200847808572374823821 -0.0613882533627552531841 -0.0165424788137264432153 -0.0208535875666695687258 0.99964567436682105761 3.05595468363967537329
16864 1130.663000 -0.379302178827463865041 0.0200870247224219124205 -0.0613881371501169698091 -0.0165427926893211528492 -0.0208548052579522365246 0.999645643769676572887 3.05594878179984208444
16865 1130.673000 -0.379301561071764492539 0.0200891596329584205816 -0.0613879714170751794589 -0.0165429649035917190891 -0.020855974383741506667 0.999645616528529235012 3.05594320163721810957
16866 1130.682000 -0.379300886254592461988 0.0200914045841864216668 -0.0613877954787778526424 -0.0165431779426881697681 -0.0208572996292591961165 0.999645585352994858752 3.05593738128527059317
16867 1130.692000 -0.379300300936574519284 0.020093536818993600751 -0.0613875810847670996817 -0.0165432602256504121541 -0.0208585396781785434306 0.999645558117276067378 3.05593189579993040894
16868 1130.702000 -0.379299664891546706169 0.0200958415481373581235 -0.0613873480310980282337 -0.0165433714322572762712 -0.0208599386010585689799 0.999645527086083784951 3.05592599536202680355
16869 1130.711000 -0.379299037143271511319 0.0200980871466666793923 -0.0613871243386076986814 -0.0165434955553663207151 -0.0208613252590374304019 0.999645496095113883506 3.05592028238937585272
16870 1130.721000 -0.379298480234031620828 0.0201002480354742114887 -0.0613868899536857068333 -0.016543571069560319281 -0.0208626267343907170759 0.999645467684422528443 3.05591478821806594723
16871 1130.731000 -0.37929785402597893107 0.0201025991830919500969 -0.0613866544574627401309 -0.016543734856413312706 -0.0208640800955763247582 0.999645434641086128025 3.05590882413602527023
16872 1130.740000 -0.379297238602051389744 0.0201048726931125770756 -0.0613864405274843899507 -0.0165438986427810935664 -0.0208654569021806159113 0.999645403193532677832 3.05590304952502966884
16873 1130.750000 -0.379296668757484356505 0.0201070873816432231507 -0.0613862365017988423355 -0.0165440829799943026068 -0.0208667694176058252098 0.999645372745967097927 3.05589741068366116394
16874 1130.759000 -0.379296033463307757927 0.0201094011927842042375 -0.061386048611286575527 -0.0165443319202230529341 -0.020868138310878282804 0.999645340050536068688 3.05589150695761579968
16875 1130.765000 -0.379295464461469500339 0.0201113332532219454829 -0.0613859127140007898582 -0.0165445972368570559663 -0.0208692953244568879523 0.999645311505501177329 3.05588655208475312719
16876 1130.770000 -0.379295137466887366529 0.0201125409362148087344 -0.0613858236684380748072 -0.016544752683793864656 -0.0208699947757100476298 0.999645294330290923313 3.05588345023940322065
16877 1130.775000 -0.379294806850264509812 0.0201137534449560666239 -0.0613857377905998591316 -0.0165449104405231590953 -0.0208706839494212613439 0.999645277330913128999 3.0558803303075392499
16878 1130.780000 -0.379294479686301477805 0.0201149585497098978837 -0.0613856548656119965779 -0.0165450526445948924159 -0.0208713486680759154057 0.999645261099037729657 3.05587722568616149132
16879 1130.785000 -0.379294152585011923318 0.0201161644407552957226 -0.0613855737930078040887 -0.0165451992850546708569 -0.0208720124648763306896 0.99964524481252037269 3.05587410669695325183
16880 1130.790000 -0.379293817924763854155 0.0201173813930871914213 -0.0613854958630359326399 -0.0165453738347326254066 -0.0208726977881595263109 0.999645227614133657923 3.05587096139797687044
16881 1130.795000 -0.379293480402004001828 0.0201186017864388028142 -0.061385419628300894046 -0.0165455470029391704667 -0.0208733746445206279352 0.999645210614907631097 3.05586780376511413237
16882 1130.800000 -0.379293147217284798423 0.0201198134088153707255 -0.0613853447720748984784 -0.0165457009048061050305 -0.0208740290656469554276 0.99964519440256160987 3.05586466747331408911
16883 1130.804000 -0.379292878512111630851 0.0201207865965329947555 -0.0613852855080976173019 -0.0165458336941882722115 -0.0208745617184613041495 0.999645181081980860327 3.0558621449489140609
16884 1130.809000 -0.379292545860384688883 0.0201219981287625235278 -0.0613852113990101047603 -0.0165459884335203769035 -0.0208752168687038434924 0.999645164839725763883 3.05585899842410357863
16885 1130.814000 -0.37929220689755915874 0.0201232192637877116415 -0.061385138507651863804 -0.0165461670706546840059 -0.0208758962196058731053 0.999645147696070268672 3.0558558329376328544
16886 1130.819000 -0.379291866338643091083 0.0201244425081786790233 -0.0613850654428051145661 -0.0165463406160127855793 -0.0208765697363209982995 0.999645130758042288477 3.05585266216214490598
16887 1130.824000 -0.379291531367034584488 0.0201256558122505195552 -0.061384991978946888691 -0.0165464915291126044017 -0.0208772233153123980276 0.999645114610539953226 3.05584951921290137733
16888 1130.829000 -0.379291198629507608775 0.0201268675677178585093 -0.061384917112080869539 -0.0165466403441067791413 -0.0208778805028725054915 0.999645098421950262235 3.05584637410463377805
16889 1130.834000 -0.379290860493421977395 0.0201280883022782984548 -0.0613848422806571453192 -0.0165468111093451386573 -0.0208785635486701745545 0.999645081329496587585 3.05584321409971781947
16890 1130.839000 -0.379290521582644535314 0.0201293106877130506538 -0.0613847662499812790626 -0.0165469752186920768255 -0.0208792421730024622961 0.999645064439070196727 3.05584005213050335925
16891 1130.844000 -0.379290188975123288007 0.0201305228454264698024 -0.0613846889588840344265 -0.0165471155034013772678 -0.0208799019959986023598 0.999645048335235264503 3.05583692048890354087
16892 1130.852000 -0.379289785890704389537 0.0201321410219547983211 -0.0613845687909284065675 -0.0165472673771791464747 -0.0208807716708056083366 0.999645027655707285597 3.0558327392301984915
16893 1130.861000 -0.379289252054293590799 0.0201341697207470839148 -0.061384427245012300467 -0.0165474845387159619214 -0.0208818840637800089144 0.999645000824486595903 3.0558275065721183239
16894 1130.872000 -0.379288085696516397149 0.0201378136636609951504 -0.0613842387084129678665 -0.0165481042807002938499 -0.0208840804194421851558 0.999644944682735459018 3.05581812762606919165
16895 1130.879000 -0.379287623648195515447 0.0201396023393313958194 -0.0613841039108425079451 -0.0165482860393384376141 -0.0208850811869665427267 0.999644920765855871103 3.05581352918450344092
16896 1130.889000 -0.379286981113739485316 0.0201419373398545389908 -0.0613839369260555656194 -0.0165485329871518614675 -0.0208864055176541836556 0.999644889008354464721 3.0558075333808010221
16897 1130.898000 -0.379286392186223397793 0.0201442224346496355503 -0.0613837624795781702791 -0.016548760616785652966 -0.0208876878005566160579 0.999644858447436224225 3.05580166926022434026
16898 1130.908000 -0.379285745471563462416 0.0201465806466577385114 -0.0613835938842209466459 -0.016549024108167147834 -0.0208890332679121486226 0.999644825970804062898 3.05579562191459253029
16899 1130.917000 -0.379285165234363896847 0.0201488598897778953267 -0.0613834131507833141717 -0.016549219837685195944 -0.0208902924178285230583 0.999644796417938463762 3.05578976550423453418
16900 1130.927000 -0.379284514663877247997 0.0201512448590705738061 -0.0613832448587847689936 -0.0165495088486761407487 -0.0208916619077374118851 0.999644763013141757213 3.05578363958664134259
16901 1130.936000 -0.379283931960842646269 0.0201535350899383208789 -0.0613830666601009738992 -0.016549707469205400534 -0.0208929161565445178916 0.999644733511440786167 3.05577775414201235904
16902 1130.946000 -0.379283288021870057527 0.0201559172178688190968 -0.0613828968310329708968 -0.01654997560423513564 -0.0208942636209714475981 0.999644700908896122193 3.05577161858009516138
16903 1130.955000 -0.379282696990011103377 0.0201582381932028167904 -0.0613827243694624602455 -0.0165502036594342150089 -0.0208955347627380709497 0.999644670563401005481 3.05576564061880961987
16904 1130.964000 -0.379282113803864895374 0.0201604623195020954407 -0.061382563500658821054 -0.01655042365880451255 -0.0208967554249776983621 0.999644641404845768484 3.0557599101731800495
16905 1130.974000 -0.379281466758129071071 0.020162860028574664667 -0.0613823985576170683132 -0.0165506992976640204818 -0.0208980989034134381765 0.999644608756022567952 3.05575372073841311504
16906 1130.983000 -0.379280875647753368263 0.0201651098953078387888 -0.0613822433644965748112 -0.0165509482875257525614 -0.0208993390058476898041 0.999644578707803765916 3.05574791618728625053
16907 1130.992000 -0.379280287794425019499 0.020167431748596843788 -0.0613820742912475139641 -0.0165511609044909878408 -0.0209005903609514702424 0.999644549024940820559 3.05574192948404155246
16908 1131.001000 -0.379279704189489585975 0.0201696720850198657482 -0.0613819176507498509565 -0.0165513886150090612503 -0.0209018146394454214232 0.999644519656709418243 3.05573614445457319988
16909 1131.010000 -0.379279114301372954898 0.0201719273052150885328 -0.0613817644176556237445 -0.0165516444302509328768 -0.0209030642977141335737 0.999644489290877791277 3.05573032846122005779
16910 1131.019000 -0.379278523607893158776 0.0201741820985285556789 -0.0613816111217793045074 -0.0165518965646159373073 -0.0209043097515032062772 0.999644459072287938639 3.05572451676927325792
16911 1131.028000 -0.379277939499398752954 0.0201764239625634653197 -0.0613814561989561302546 -0.0165521258170565101209 -0.0209055362635594786658 0.999644429627089547985 3.05571874337479387762
16912 1131.037000 -0.379277357850408003426 0.0201786689618739939478 -0.0613813003768190340592 -0.0165523552605681724403 -0.0209067661386592405781 0.999644400106833863617 3.05571295658463304434
16913 1131.044562 -0.37927692049728994883 0.0201804381443402430785 -0.0613811480916885074399 -0.0165525093775633069804 -0.0209077851863797327392 0.999644376241824339502 3.05570846164549614343
16914 1131.052000 -0.379276379759733328623 0.0201824269698267846906 -0.0613810440900983272927 -0.0165527702098518005036 -0.0209088446203943498225 0.999644349763964767952 3.05570328923060641202
16915 1131.061000 -0.379275803397416066964 0.0201845807738246160734 -0.0613808997503953665542 -0.0165530118918547353157 -0.0209100448833847082919 0.999644320656243756673 3.05569774345525724257
16916 1131.070000 -0.379275218476738285034 0.0201868415498791010931 -0.06138074460883322786 -0.0165532655190889187169 -0.0209113003410251810377 0.999644290194618090339 3.05569192913431963987
16917 1131.079000 -0.379274632477423656596 0.0201891058467699689716 -0.0613805906311488264082 -0.0165535167287992231178 -0.0209125493328986937491 0.999644259906647181246 3.05568610617024249976
16918 1131.088000 -0.379274053241691055938 0.0201913542102376830645 -0.0613804343714530048493 -0.0165537435122863896275 -0.0209137777763494792094 0.999644230451439574914 3.05568032682040868764
16919 1131.097000 -0.379273473524436521842 0.020193697494556964861 -0.0613802628833804986286 -0.0165539537918124660121 -0.0209150394075338745548 0.999644200573604035931 3.05567429452719574456
16920 1131.106500 -0.379272890396812056846 0.0201959656469082177166 -0.0613801073613947090202 -0.0165542050565244749927 -0.0209162924069442694719 0.999644170196022141539 3.0556684591087890368
16921 1131.116000 -0.379272246816498403987 0.0201983865200839433907 -0.0613799465258518667232 -0.0165544793682533553092 -0.0209176323438689422407 0.999644137615968264576 3.05566223225217514781
16922 1131.125000 -0.379271667730388561957 0.0202007380392029804728 -0.0613797744627015903762 -0.0165546867302639837127 -0.0209188920590911847652 0.999644107821520133683 3.05565617361305097432
16923 1131.134000 -0.379271088403510758802 0.0202029174962903880497 -0.0613796302173261892898 -0.0165549475065197813917 -0.0209201114643024106698 0.999644077984448209406 3.05565056117820788018
16924 1131.143000 -0.379270504263631624831 0.0202051972914771595102 -0.061379474951530552107 -0.0165551923667593588185 -0.0209213564655379574697 0.999644047873712637831 3.05564468879751061081
16925 1131.152000 -0.379269926450728878109 0.0202074618471721895174 -0.0613793177372588261154 -0.0165554129776352143555 -0.0209225816920320037418 0.999644018576853365943 3.0556388573771910977
16926 1131.161000 -0.379269350987701148181 0.0202097269665801743121 -0.0613791580756490873227 -0.0165556308912592452243 -0.0209238097144643607483 0.999643989264590748789 3.05563301612464899293
16927 1131.170000 -0.379268765680009223296 0.0202121083796282449696 -0.0613789896057160555554 -0.0165558633202782280736 -0.0209250944304829981923 0.999643958523631415147 3.05562688000967597191
16928 1131.178000 -0.379268254147059558079 0.0202140358563216819554 -0.0613788614645078556276 -0.0165560807694836026327 -0.0209261632781581295715 0.999643932547989999549 3.05562191282518202939
16929 1131.185000 -0.379267802863879177622 0.0202158989798939432714 -0.0613787262365222546778 -0.0165562332071935297551 -0.0209271461849880602291 0.999643909447029521687 3.05561711176101402643
16930 1131.193000 -0.379267288456340168068 0.0202179262103467823064 -0.0613785864915431453315 -0.0165564381050744384438 -0.0209282487612417363032 0.999643882970861041848 3.05561188872417055507
16931 1131.202000 -0.379266707670220692972 0.0202202154633555307439 -0.061378430614938438159 -0.0165566832597021408591 -0.0209295037732706197542 0.999643852635148544294 3.05560599207088490203
16932 1131.211000 -0.379266129244741179161 0.0202224090068262585262 -0.0613782870256949220078 -0.0165569378172688956574 -0.0209307202337272735271 0.99964382294926046324 3.0556003428247553444
16933 1131.220000 -0.379265554080914502055 0.0202246842289874120824 -0.0613781299402721067238 -0.0165571567205251256316 -0.0209319501370862637302 0.999643793570885286215 3.05559448738464478623
16934 1131.227000 -0.379265100192316684247 0.0202265635799803028538 -0.0613779951302504817034 -0.0165573341795831850687 -0.0209329620077510179799 0.999643769443119056817 3.05558964625770812518
16935 1131.233000 -0.379264722091482986421 0.0202280729415537652294 -0.0613778881923283184396 -0.0165574629028291051003 -0.0209337680760903685484 0.999643750431301159054 3.05558575899772089102
16936 1131.238000 -0.379264399509186223014 0.0202293497889443132931 -0.0613778023022500396344 -0.0165576058807514851778 -0.0209344722028113432166 0.999643733317569171959 3.05558247280034489535
16937 1131.244000 -0.379264014142510430538 0.0202308710684363235455 -0.0613776978968272879378 -0.0165577576336657442124 -0.0209352964400937140155 0.999643713542535228278 3.05557856168951857967
16938 1131.253000 -0.379263446025224382208 0.0202330511952951291876 -0.061377552023449882812 -0.0165579895613951061373 -0.0209364949523451297775 0.999643684600065585144 3.05557294566727710716
16939 1131.262000 -0.379262865108331626018 0.0202354446050282271719 -0.0613773840986476387771 -0.0165582220878740804526 -0.0209377837654771380149 0.999643653754816230439 3.05556678641793144635
16940 1131.271000 -0.379262286761204547858 0.020237737191263843739 -0.0613772283886642039397 -0.0165584636631302545284 -0.0209390328892641447434 0.999643623589316354661 3.05556088734617770086
16941 1131.279000 -0.379261776281099916019 0.0202397703735878592424 -0.0613770892103161977427 -0.0165586690386196368208 -0.0209401353510892812571 0.999643597094058034003 3.05555565448821742081
16942 1131.289000 -0.37926114819956679991 0.0202421984899907175803 -0.0613769255553538589654 -0.0165589137083342434476 -0.0209414568962553379605 0.999643565357103747182 3.05554940307535538579
16943 1131.298000 -0.379260568615413296012 0.0202445957057272099555 -0.0613767579310472155552 -0.0165591456855492639988 -0.0209427433248743771754 0.99964353456429311251 3.05554323266618466093
16944 1131.307000 -0.37925999153697420585 0.0202468913878185233224 -0.0613766024705027363195 -0.0165593863328653036204 -0.0209439898432659636629 0.999643504462327858739 3.05553732367723229757
16945 1131.316000 -0.379259420704420979753 0.0202491740614156520706 -0.0613764453340527177394 -0.016559603423020711338 -0.0209452154798471651409 0.99964347518651608393 3.05553144966884104861
16946 1131.326000 -0.379258789374450122622 0.0202516205731108206445 -0.0613762829626725986421 -0.0165598724788843000566 -0.0209465603603125813392 0.999643442549669747343 3.05552514526577745357
16947 1131.335000 -0.37925820953609340469 0.0202540205519228591613 -0.0613761158360098396658 -0.0165600994657634642548 -0.0209478395028598433913 0.999643411985417063015 3.05551896596231475911
16948 1131.344000 -0.379257639624864695271 0.0202563057562382721477 -0.0613759585929727208287 -0.0165603148939595934408 -0.0209490642504095332666 0.999643382750891484889 3.05551308396091414465
16949 1131.354000 -0.379257009423320579078 0.0202587542614186925938 -0.0613757960672063201946 -0.016560582053406148334 -0.0209504082854329552743 0.999643350157807919487 3.05550677325837805043
16950 1131.363000 -0.379256430621728590769 0.0202611570156782834495 -0.0613756287091215685381 -0.0165608073128577990007 -0.0209516874254193422034 0.999643319617139036737 3.05550058628766363356
16951 1131.372000 -0.379255865047544882263 0.0202633453514923962679 -0.0613754847009856038809 -0.0165610357084390036331 -0.0209528775379580478599 0.99964329088887660113 3.05549495290031991601
16952 1131.381000 -0.37925529878693531316 0.0202656312393171729458 -0.0613753255057240543202 -0.0165612479676403162587 -0.0209541046787312043587 0.99964326165030858995 3.05548906170866896304
16953 1131.389000 -0.379254788419848276604 0.0202677747188455756322 -0.0613751735187062427701 -0.0165614352106355118555 -0.0209552385224096096583 0.99964323478040539861 3.05548354198105531765
16954 1131.398000 -0.379254216190275661447 0.0202700783428162376043 -0.061375017954834520939 -0.0165616752384670912202 -0.0209564894120961020541 0.999643204580922595248 3.05547761067004364222
16955 1131.407000 -0.379253646559766843804 0.0202722809137129457435 -0.0613748746881605383718 -0.016561924291561395256 -0.0209576996181545759101 0.999643175083227308875 3.05547193984396514566
16956 1131.416000 -0.379253079890149946696 0.0202745692597432122795 -0.0613747178273348348299 -0.0165621374514315598814 -0.0209589242309963716404 0.999643145876626948443 3.05546605154128370074
16957 1131.425000 -0.379252512278692444081 0.0202769597018840654068 -0.0613745459788210545593 -0.0165623350265238812595 -0.0209601856588966205253 0.999643116154767530368 3.05545989311844579106
16958 1131.434000 -0.379251941898747613191 0.0202792637578441542479 -0.0613743904594848399547 -0.0165625741985820744417 -0.020961435836135144245 0.999643085977992451596 3.055453962171414517
16959 1131.443000 -0.379251370737475945738 0.0202815661492058742221 -0.0613742346276379760472 -0.0165628089704645611868 -0.0209626799184576377566 0.99964305600031266863 3.05544803637862383283
16960 1131.452000 -0.379250805971039328668 0.020283854682167937189 -0.0613740771765508563718 -0.0165630204992348283033 -0.0209639031815733768715 0.999643026842750193062 3.05544214853185591707
16961 1131.461000 -0.379250243316857804654 0.0202861456205092639815 -0.0613739190152281510748 -0.0165632320930969509365 -0.0209651280283362946577 0.999642997649353715062 3.05543624615336950612
16962 1131.470000 -0.379249674601982944555 0.0202884497154403667385 -0.0613737637587307566234 -0.0165634707034946690452 -0.0209663762991105021016 0.999642967515471658757 3.05543031536940246085
16963 1131.478000 -0.379249171615207048003 0.0202904910468953564306 -0.0613736246434808882522 -0.0165636695863890966163 -0.0209674729975932415404 0.999642941217477098981 3.05542506038808969748
16964 1131.487000 -0.37924860238855062633 0.0202927934574346699459 -0.0613734691423604428184 -0.0165639035756381391984 -0.0209687144609565292996 0.99964291129992610685 3.0554191343222316668
16965 1131.495000 -0.379248100019589085008 0.0202948347844440525611 -0.0613733301225161398396 -0.0165641020911752832878 -0.0209698101835160931328 0.999642885025837979462 3.05541387904015460109
16966 1131.504000 -0.379247537451217475724 0.0202971233056339350753 -0.0613731730258307156545 -0.0165643125016048629872 -0.0209710302106385290677 0.999642855945689134956 3.05540799051892575378
16967 1131.512000 -0.379247035692593548184 0.0202991645931413326742 -0.0613730340646381627989 -0.0165645105488029208141 -0.0209721250131155861895 0.999642829696043455634 3.05540273500419257147
16968 1131.521000 -0.379246475521178127988 0.020301455435921073045 -0.06137287622926961006 -0.0165647205801150512738 -0.0209733461516984492912 0.999642800595944680531 3.05539683180300736254
16969 1131.531000 -0.379245842939272825856 0.0203040204046901762158 -0.0613727048100763533656 -0.0165649925410138315618 -0.0209747357413612132981 0.999642766933616200298 3.05539022936967885613
16970 1131.540000 -0.379245281869812989051 0.0203063086329238300098 -0.0613725477596807345027 -0.0165652016341932689647 -0.0209759538290845252984 0.999642737909788858808 3.05538434105193124068
16971 1131.549000 -0.379244722904016062781 0.0203085991032477264362 -0.0613723899164156649899 -0.0165654105583463995277 -0.0209771736011807666267 0.999642708851887440424 3.05537843857665292191
16972 1131.558000 -0.37924415789401250132 0.0203109025264615189466 -0.0613722348919932617073 -0.0165656462832682628561 -0.0209784169620038582482 0.999642678853291943852 3.05537250831091489189
16973 1131.567000 -0.379243592083784053504 0.0203132040192320686978 -0.0613720794858881452116 -0.0165658773791376688622 -0.0209796542343464419156 0.999642649057585375161 3.05536658375362080164
16974 1131.576000 -0.379243032675229740924 0.0203154913539327179606 -0.0613719223860748550048 -0.0165660850129710837675 -0.0209808707748122789949 0.999642620084234656552 3.05536069793507669701
16975 1131.585000 -0.379242475409212187465 0.0203177807626952477982 -0.0613717644958489197404 -0.0165662925000332333925 -0.0209820890254461961399 0.999642591075896369546 3.05535479854625346974
16976 1131.594000 -0.379241912130749259102 0.0203200829609807009923 -0.0613716094366776251934 -0.0165665268287764969046 -0.0209833308559833585372 0.999642561126235618119 3.05534887190531101453
16977 1131.600187 -0.379241533318732060298 0.0203217164145743922621 -0.061371492820200948537 -0.016566657612658616805 -0.020984180729097211271 0.999642541118910932241 3.05534467110744190066
16978 1131.606000 -0.379241165112825684425 0.0203231418010552736253 -0.061371400951949983682 -0.0165668191826834308722 -0.0209849673887521591398 0.999642521927644578383 3.05534099697209216018
16979 1131.612000 -0.37924079043718733617 0.0203246688901549329986 -0.0613712969270551397805 -0.0165669629331349314849 -0.0209857814549657233083 0.999642502455701076336 3.05533707011533417486
16980 1131.618000 -0.379240418884783714315 0.0203261998652898290274 -0.0613711924952599074956 -0.0165671110174471954146 -0.0209866031122714277735 0.999642482751880501191 3.05533312427591319249
16981 1131.627000 -0.379239856010743392467 0.0203284987852314948109 -0.0613710371252399466968 -0.0165673400086102026729 -0.0209878375577892822834 0.999642453039929157477 3.05532720721665063124
16982 1131.636000 -0.379239299544327668201 0.02033078334725899744 -0.0613708801049690916285 -0.0165675456336390851397 -0.0209890511243518186613 0.999642424152044739571 3.0553213293865431055
16983 1131.644000 -0.379238803265638801943 0.0203328207216765324827 -0.0613707412146792322116 -0.0165677394543379194469 -0.0209901401674106730111 0.999642398072993709768 3.05531608458536130257
16984 1131.653000 -0.379238249313764375081 0.0203351067256782244708 -0.06137058347781636225 -0.0165679447925701807398 -0.020991354760640998367 0.999642369165424815591 3.05531019474197140795
16985 1131.661000 -0.379237749817430469523 0.0203372498435891342627 -0.061370432986978973311 -0.0165681261877403777916 -0.0209924784107483781981 0.999642342562979457909 3.05530467775228187222
16986 1131.670000 -0.379237194129848076418 0.0203394413764147047319 -0.0613702898167664823159 -0.016568370220158157996 -0.0209936802606999831089 0.999642313278784389041 3.05529903659961554752
16987 1131.678000 -0.379236699259238252413 0.0203414769589861307852 -0.0613701510515406029045 -0.0165685631873734549868 -0.0209947672977502282354 0.999642287250804173482 3.05529379638513498563
16988 1131.687000 -0.3792361392006721732 0.0203437723692990318769 -0.061369995916965833227 -0.0165687904627642955402 -0.0209959978533621922925 0.999642257638572728773 3.05528788841389120634
16989 1131.696000 -0.37923558552456387849 0.0203460533243827249028 -0.0613698391347640426208 -0.0165689943696894596836 -0.0209972074362063665376 0.999642228852632208635 3.05528201980722924347
16990 1131.703000 -0.379235147725994148349 0.0203479441359444915283 -0.0613697050651463987814 -0.0165691608196357927085 -0.020998205382805813779 0.99964220513163337678 3.05527714952931406245
