17859 892.087000 -0.32404466804466963703 0.0254657353112500914327 -0.0472018426326314410879 -0.0291610581506828586695 -0.0509412110635181561435 0.998275826464266713423 2.95939414470821171577
17860 892.097000 -0.324049708857703733234 0.0254526186863039821651 -0.0472002271168705939131 -0.0291534818692576226662 -0.0509300837215063625929 0.99827661550645341304 2.95943333441058742395
17861 892.105000 -0.324053089895631418749 0.0254453300976735484473 -0.0471978652171275991911 -0.0291442049807255527949 -0.0509266056249344373219 0.998277063823247434726 2.95945604403818940398
17862 892.113000 -0.324056457372152439955 0.0254388961178760031334 -0.0471957870843108667769 -0.029134272941567403159 -0.0509248451251999578737 0.998277443544198672676 2.95947665009309135442
17863 892.118000 -0.324058548264884005441 0.0254351409205847839301 -0.0471944008650525687054 -0.0291276677691024651895 -0.0509247453253802925821 0.998277641382335101383 2.9594889830231374539
17864 892.124000 -0.324060911787802774509 0.0254311867306418332157 -0.0471930315107703390876 -0.0291202174360413630627 -0.0509252982380219432201 0.99827783053408836178 2.95950220419471854427
17865 892.129000 -0.324062723545403164049 0.0254285334668926041313 -0.0471920405444327395461 -0.0291144360726422642138 -0.0509258808470196208673 0.99827796944144131519 2.9595111190487557451
17866 892.135000 -0.324064702106342306109 0.0254258038541000860877 -0.0471910051036262823132 -0.0291080839351487846711 -0.050927216043813346158 0.99827808656488647987 2.95952047435750387194
17867 892.140000 -0.324066146378050423671 0.0254239335014666972823 -0.047190372356513320129 -0.0291035280292487284759 -0.050928802146844205645 0.998278138480523047349 2.95952704934896226874
17868 892.146000 -0.324067634677846161395 0.025422445861464325334 -0.0471895514277576241802 -0.029098543649760909291 -0.0509304934498228389916 0.99827819749527757498 2.95953225272963793557
17869 892.152000 -0.3240688216257451848 0.0254214844576085008399 -0.0471889743458968335954 -0.0290945730822154483008 -0.0509325505377793141815 0.998278208273064793232 2.95953576408909002637
17870 892.159000 -0.324069833174254362529 0.0254210770420108152223 -0.0471884599287506548149 -0.0290910301069218293901 -0.0509350425665588343871 0.998278184378513233632 2.95953742769664529533
17871 892.165000 -0.324070392894832637332 0.0254212761718051738491 -0.0471881302194459076316 -0.0290888785992697608551 -0.0509371682787205168341 0.998278138611470522434 2.95953697010323768524
17872 892.173000 -0.324070736561635208695 0.0254222029720307350631 -0.0471878129364655257705 -0.0290871715941872360789 -0.0509398585374464529796 0.998278051076369798977 2.95953407669521695311
17873 892.182000 -0.324070664191092538964 0.025423979379988650984 -0.0471874779888651063597 -0.0290865026856263649002 -0.0509424222715080254886 0.998277939741548436814 2.95952825061795143924
17874 892.191000 -0.324070196638051089 0.025426149425349941352 -0.0471873570529617938907 -0.0290872629485175795971 -0.0509445468006920060278 0.998277809172094188206 2.9595211214561429891
17875 892.200000 -0.324069474863563744549 0.0254284737327403406737 -0.0471873049807606387285 -0.0290890240613272538228 -0.0509459562890205788777 0.998277685925592850325 2.95951347480003734702
17876 892.208000 -0.324068721033351436756 0.025430448967057792814 -0.0471873111571830469724 -0.0290912306116233483622 -0.0509465366571496686143 0.998277592007425051968 2.95950701191568077419
17877 892.216000 -0.324067947353553986733 0.0254321202042185751102 -0.047187376454390458913 -0.0290938670996193776697 -0.050946425343248037676 0.998277520853762534436 2.95950159097778264794
17878 892.226000 -0.324067044774566048737 0.0254337555063078799011 -0.0471875327122824664294 -0.0290974838596470969376 -0.0509455020465912206129 0.998277462559512218654 2.95949649510376744388
17879 892.235000 -0.324066379436282969717 0.0254345276618830606896 -0.0471877723746924743198 -0.0291008081256688977412 -0.0509439146577223139767 0.9982774466678989711 2.95949433778279180629
17880 892.243000 -0.324065951874856150727 0.0254345839927286668236 -0.0471880459152270517742 -0.0291035925832652045409 -0.0509419819147733515807 0.998277464123748514702 2.95949457667193627231
17881 892.253000 -0.324065637537245265776 0.0254340451158727928749 -0.0471885237894312456475 -0.0291067317946130839357 -0.0509393541039339994847 0.998277506692257676768 2.95949715484492203998
17882 892.262000 -0.324065588228285461625 0.0254328710361279193564 -0.0471890104814277344669 -0.0291089691085109798785 -0.050936763293301594302 0.99827757365506408771 2.95950185437817925305
17883 892.272000 -0.324065765960469653884 0.0254310029554896156745 -0.0471895954809193121648 -0.0291106895655740341433 -0.0509339448884240236781 0.99827766729057887396 2.95950907564412268869
17884 892.281000 -0.324066101197842959536 0.0254289725933055967 -0.0471901214771486623989 -0.0291114878657125347727 -0.0509316358767560317666 0.998277761818404107963 2.95951682369023583163
17885 892.290000 -0.324066560350485755038 0.0254267753623340468649 -0.0471906052609572940204 -0.0291115753281163229527 -0.0509296652373276426129 0.99827785980694239143 2.95952518131240438493
17886 892.299437 -0.324067101562300730055 0.0254244858233738171838 -0.0471910299594249516009 -0.0291110295358797087351 -0.0509281062026602990289 0.998277955259942451072 2.9595338562541213534
17887 892.308000 -0.32406771627229763455 0.0254223900639575124683 -0.0471913002272915729773 -0.0291099073086637377683 -0.0509270314794042985862 0.998278042812310362208 2.95954225658457747983
17888 892.318000 -0.324068380316833826171 0.0254202677106029166498 -0.0471914574781906667744 -0.0291081117660872863706 -0.0509262708348098905309 0.99827813397282849639 2.9595505010973481852
17889 892.327000 -0.3240689134389442283 0.0254187505034335972653 -0.0471914450401005602931 -0.0291061529887737049926 -0.0509259391558062601835 0.998278208005811129588 2.95955647688498446612
17890 892.336000 -0.324069369761389891593 0.0254176195595662984816 -0.0471912858702557141966 -0.0291040499361746446416 -0.0509258998148392136307 0.998278271327870725393 2.95956110201945588045
17891 892.345000 -0.324069738929844253228 0.0254168687158172999785 -0.0471909961335246069813 -0.0291019447662072307248 -0.0509260627479113589522 0.998278324388454540994 2.95956441309333806444
17892 892.352000 -0.324069793958577545556 0.0254162200167330903922 -0.047190988170336976848 -0.0291018678382014284178 -0.05092647625201648931 0.998278305536527632569 2.95956661587084690623
17893 892.363000 -0.324070219626198252616 0.0254163328031498693405 -0.0471901400545087224003 -0.0290981927226198894276 -0.0509266074552534656061 0.998278405973692328779 2.95956773720092591873
17894 892.372000 -0.324070351299397318989 0.0254164055812380468291 -0.0471896481219526639506 -0.0290967194978215201728 -0.0509268133567132644246 0.998278438410744928255 2.95956826839472109114
17895 892.380000 -0.324070430144185572807 0.0254165125613160861051 -0.0471892072931781036971 -0.0290956747360277823145 -0.0509269095796851395397 0.998278463952978478702 2.95956862542549048456
17896 892.389000 -0.32407047772265062946 0.0254167774553203142107 -0.0471887788838967620064 -0.0290948814614882533824 -0.0509267896479226600537 0.998278493191603555346 2.95956861628947276444
17897 892.397000 -0.324070517237653399345 0.0254168686298015950031 -0.047188443588237545534 -0.0290944445515642496902 -0.0509265479143101371107 0.998278518257188274276 2.9595691432657775799
17898 892.402000 -0.324070543529080046241 0.0254168615102100606262 -0.0471882744878346499506 -0.0290943113881465265091 -0.050926312325836137207 0.998278534156545438449 2.95956970780495565165
17899 892.411000 -0.324070585169114910862 0.0254169422818537327213 -0.0471880697659715214742 -0.0290943337895450647446 -0.0509256831292924927457 0.998278565601384282324 2.9595705727611982816
17900 892.419000 -0.324070655300008447774 0.0254166943977598841498 -0.0471879821323268264233 -0.0290945575500619543763 -0.0509249739936356096703 0.99827859525520923345 2.95957245638938104548
17901 892.427000 -0.324070747714619800117 0.0254163390192308630278 -0.0471879842641649421831 -0.0290949457023993614257 -0.0509241366534991454773 0.998278626657242540432 2.95957478068281520933
17902 892.436000 -0.324070889352825020069 0.0254157302849629743169 -0.0471880885304387237555 -0.0290954982132049094767 -0.0509230476445943977537 0.99827866610596849295 2.95957820950836092422
17903 892.445000 -0.324071070218008683295 0.0254149167161679158389 -0.047188281161830665511 -0.0290961166739811261106 -0.0509218713705881717568 0.998278708082372845389 2.95958238515735772012
17904 892.454000 -0.324071286860108664918 0.0254139943277248980813 -0.0471885158361149831263 -0.0290966923935651912425 -0.0509206421769909933772 0.998278754002126067491 2.95958699366952115994
17905 892.463000 -0.324071533552652224497 0.0254127986811137282497 -0.0471888390095703269544 -0.0290972751827376537037 -0.0509193997331902001302 0.998278800389826748152 2.95959248590157431025
17906 892.472000 -0.324071802942160036576 0.0254116473245203713938 -0.0471891256227307404059 -0.0290976651751732699747 -0.0509181694140486418299 0.998278851776835063347 2.95959786956833514893
17907 892.480000 -0.324072060003266548822 0.0254104420791403072533 -0.047189417328606070301 -0.029097937260434823814 -0.0509170991960897420525 0.998278898433019756808 2.95960322118276364378
17908 892.485000 -0.324072218355127228406 0.0254097373820740372874 -0.0471895724058065402229 -0.0290980271095076618859 -0.0509164649149979400833 0.998278928165316825627 2.95960637968717676927
17909 892.489187 -0.324072347277366279439 0.0254091056732113212968 -0.047189706458885413709 -0.0290980866032417261058 -0.0509159840963922180612 0.99827895095485530419 2.95960909521209991624
17910 892.497000 -0.324072597187177624534 0.0254081533794719288677 -0.04718986814243156247 -0.0290979855987871932621 -0.0509150194148963453067 0.998279003100873252308 2.95961353800321891327
17911 892.504000 -0.324072813063944253908 0.0254071682553999068921 -0.0471900204050214600038 -0.02909785866115803879 -0.0509142619438932020337 0.998279045433712375335 2.95961781571073689889
17912 892.512000 -0.324073050292887687718 0.025406184772614852363 -0.04719012749246578875 -0.0290975538763285808408 -0.0509134235465240475582 0.998279097077158339424 2.95962221638188394124
17913 892.520000 -0.324073264282559558858 0.0254053609072552311066 -0.0471901778213529576878 -0.02909714705599701981 -0.0509126461260088272742 0.99827914858402688747 2.95962601402807834461
17914 892.527000 -0.32407345114385122109 0.0254045723217849045428 -0.0471901920427458682061 -0.0290967152498001722927 -0.0509120220748032065172 0.99827919299659195751 2.95962950208169539579
17915 892.535000 -0.324073641709698434532 0.0254038365390959822165 -0.0471901616351176889097 -0.0290961627057570518251 -0.050911343766964545221 0.998279243694689788491 2.95963290069091256029
17916 892.543000 -0.324073819499376192255 0.025403176284592030032 -0.047190095474198140435 -0.0290955642526228019928 -0.0509106985080553728351 0.998279294044629339488 2.95963602021079807969
17917 892.550000 -0.324073968845936644101 0.0254026495017162581846 -0.0471900137521188561829 -0.0290950189476254644783 -0.0509101514261827634011 0.998279337837962188473 2.9596385676878367299
17918 892.556000 -0.324074014741710658694 0.0254021105307023417619 -0.0471899967357685412583 -0.0290949455876170944013 -0.0509102406531622697639 0.998279335425656610958 2.95964028471479423388
17919 892.568000 -0.324074318936327931961 0.0254015232882966457417 -0.0471897591980050476468 -0.0290936756428761406079 -0.05090878698599546337 0.998279446570549122697 2.95964438503604743147
17920 892.576000 -0.324074474641852183776 0.0254010265111939553817 -0.0471896436885431563857 -0.0290931327541126757974 -0.0509081877716777431164 0.998279492949922908629 2.95964699965981781205
17921 892.585000 -0.32407466033460613497 0.0254003936298122651172 -0.0471895285259922303567 -0.0290925853605593330575 -0.0509075139787969824234 0.998279543263076774018 2.95965023237189805982
17922 892.594000 -0.324074841153370929447 0.0253998743600347201554 -0.0471894316670564278882 -0.0290921321801977141031 -0.0509068152244329039102 0.998279592102791268893 2.95965316005186229731
17923 892.603000 -0.324075048286448175183 0.025399168556513064543 -0.0471893720261822025019 -0.0290917548424706011445 -0.0509060972335572264891 0.998279639712557287368 2.95965677751554734343
17924 892.612000 -0.324075263836311078247 0.0253984762509801946517 -0.0471893387295647531721 -0.0290914585540773922012 -0.0509053455371609106517 0.998279686678507416353 2.95966043149488688968
17925 892.622000 -0.324075518422226649395 0.0253977016805137754962 -0.0471893261711087280696 -0.0290911945051925621697 -0.0509044592233244760915 0.998279739568745383416 2.9596646104534376498
17926 892.631000 -0.324075762884765694594 0.025396881972703774788 -0.0471893529142368636786 -0.0290910360250228004764 -0.0509036482067403081575 0.998279785542227293682 2.95966880803451903859
17927 892.639000 -0.324075992312655603023 0.0253960369769405391871 -0.0471894105076500758322 -0.0290909487556418530629 -0.0509029105873804593729 0.99827982569729900586 2.95967294382771495265
17928 892.648000 -0.324076253978590023141 0.0253951206932256437487 -0.0471894770786374373461 -0.0290908629056116363465 -0.0509020511499069794326 0.998279872021939129745 2.95967750861787148864
17929 892.658000 -0.324076542679160528593 0.0253941395005963174714 -0.0471895522055176125376 -0.0290907734955905029894 -0.0509010674783013372657 0.998279924784124750303 2.95968246365183951241
17930 892.667000 -0.324076808548990902281 0.0253931662729475794704 -0.0471896371997650859731 -0.0290907009645513282836 -0.0509001666167657323969 0.99827997283115754712 2.95968719114865974618
17931 892.675000 -0.32407704419926114392 0.0253922261453564807043 -0.04718972440258402401 -0.0290906419990898043593 -0.0508993697298488895209 0.998280015180703195199 2.95969158900119921896
17932 892.684000 -0.324077299943238472668 0.0253912519288313938415 -0.0471898050961757076216 -0.0290905285741928643084 -0.0508984420256571312713 0.99828006578646799607 2.95969625822007476046
17933 892.693000 -0.324077547369196139471 0.0253902947110121075813 -0.0471898761046370684991 -0.0290903863875723416033 -0.0508975187890881100583 0.998280117001704048185 2.95970080508089194993
17934 892.703000 -0.324077806652639743845 0.0253893305408149916325 -0.0471899341275332923074 -0.0290901767234196251266 -0.0508964874596287003561 0.998280175693413207583 2.95970548057875548764
17935 892.712000 -0.324078031467806892962 0.0253884300313210603539 -0.0471899831271577474556 -0.0290899599267947679693 -0.0508955751811636727955 0.998280228522250068224 2.95970973406946091799
17936 892.721000 -0.324078243672520194263 0.0253875661027713056539 -0.0471900204261391717497 -0.0290897157388183731641 -0.0508946857364844587601 0.99828028098426302428 2.95971381124631616188
17937 892.731000 -0.324078474643833436275 0.0253866310570001890712 -0.0471900488538549017781 -0.0290893927331326677954 -0.0508936952590433935861 0.998280340892926165708 2.95971825462130100348
17938 892.740000 -0.324078675190257847749 0.0253858200121756319434 -0.0471900638156287355329 -0.0290890777957301706336 -0.0508928291978343952384 0.998280394222602174281 2.9597221237328179555
17939 892.749000 -0.324078873880896733972 0.0253850279600536035685 -0.0471900704952984001439 -0.0290887389256902183232 -0.0508919778290658000874 0.998280447499778955667 2.95972593037778031189
17940 892.758000 -0.324079071226086090629 0.0253842493236596453143 -0.0471900720036936630053 -0.0290883914131933388192 -0.0508911496106567856623 0.998280499847762570198 2.95972969990424017439
17941 892.767000 -0.324079270402508223814 0.0253834770819434570044 -0.0471900704044620755706 -0.0290880384187317542199 -0.0508903381851518385459 0.998280551498601065319 2.95973346836252870773
17942 892.773000 -0.324079312533425811793 0.0253828410069769326574 -0.0471901309304489230412 -0.0290880772799941081375 -0.050890405387664178205 0.998280546940404245326 2.959735485582833725
17943 892.784313 -0.324079664307693859904 0.0253819398910439218697 -0.0471900725422400441067 -0.0290873848594935084655 -0.0508888516295210036056 0.998280646322397879899 2.95974091856069509987
17944 892.793000 -0.324079871723601198319 0.025381226533229998138 -0.0471900639831275212077 -0.0290870537775137841252 -0.0508880777350191951247 0.998280695419368924171 2.95974457825983661152
17945 892.801000 -0.324080077619482098683 0.02538043324891692612 -0.0471900736529449818524 -0.0290867658503287697391 -0.0508873862434467416627 0.99828073905774561414 2.95974839831774039212
17946 892.810000 -0.324080307088924934877 0.0253796115034480053441 -0.0471900788309964902556 -0.0290864614298048627938 -0.0508866127285989219842 0.998280787357195387166 2.95975248216673092472
17947 892.818000 -0.324080511251867986466 0.0253789390420184231278 -0.0471900783549755245549 -0.0290861986436743748252 -0.0508859133120500087277 0.998280830665829732595 2.95975595026663240716
17948 892.827000 -0.324080752102845648377 0.0253780860505790975545 -0.0471900903175983682525 -0.0290859266852206213572 -0.0508851296048452167442 0.998280878537678884044 2.95976017566930948988
17949 892.836000 -0.324080996076637373182 0.0253772186142170695644 -0.0471901071558569196185 -0.0290856722009914421545 -0.0508843361404788530056 0.998280926397053569588 2.95976445709499369485
17950 892.845000 -0.324081238708810781546 0.0253763446146145071891 -0.0471901285753199978279 -0.0290854409176063179177 -0.0508835414602400934458 0.998280973641735958068 2.95976874409133072774
17951 892.854000 -0.324081484812846321031 0.0253754586368494308712 -0.0471901525906450319825 -0.0290852125145887561997 -0.0508827243397868556052 0.998281021945595425926 2.9597730785182481128
17952 892.863000 -0.324081733349103340291 0.025374495208703495841 -0.0471901891948005441924 -0.0290850005657291750538 -0.0508819014340852193712 0.998281070064209852255 2.95977764333621617965
17953 892.872438 -0.324081974770854652768 0.0253736039749407477073 -0.0471902196167975837571 -0.0290847809350351545199 -0.050881050743883701748 0.998281119822046592027 2.9597819726275420571
17954 892.881000 -0.324082211624789118254 0.0253727171177268798208 -0.0471902507528760006839 -0.0290845671504508969385 -0.0508802010982258856586 0.99828116935554522815 2.95978625171473019861
17955 892.890000 -0.324082438582725673726 0.0253719094487854721076 -0.0471902750594452927158 -0.0290843453272214211291 -0.0508793383269802237945 0.998281219791445129097 2.95979025540072582245
17956 892.898000 -0.324082644282214615838 0.0253710616593531418372 -0.0471903130010090515745 -0.0290841571742013957347 -0.0508785792680544537991 0.998281263959777453998 2.95979420561555039981
17957 892.906000 -0.324082841170829416555 0.0253702944492720690317 -0.0471903414902122286811 -0.029083961754192279997 -0.0508778238144419123201 0.998281308155465452181 2.95979787110623338009
17958 892.915000 -0.324083054691863936547 0.0253695110836639967089 -0.0471903652681504998112 -0.0290837228271192682616 -0.050876959604667079673 0.998281359160783199336 2.95980174082106906042
17959 892.923000 -0.324083249693046360207 0.0253686842179137762854 -0.0471904015028853651703 -0.0290835158060276412206 -0.0508762069588624063488 0.998281403550040802308 2.95980558313517283509
17960 892.931000 -0.324083441507094838219 0.0253679314031470329316 -0.04719042728559416644 -0.0290832863576869979361 -0.0508754442083899013904 0.998281449107032092805 2.95980920230964184015
17961 892.940000 -0.324083652496653384922 0.0253670951042416423227 -0.0471904550324897115177 -0.0290830297443642679656 -0.0508746058970959286194 0.998281499305533448485 2.95981321917587791859
17962 892.949000 -0.324083855357872319125 0.0253663401183038782205 -0.0471904730508269781852 -0.0290827674302361893766 -0.0508737802137132419378 0.998281549025807235509 2.95981696458161769314
17963 892.957000 -0.324084050760661490642 0.0253655251255336423866 -0.0471905018321916724933 -0.0290825247535212924599 -0.0508730483643402703331 0.998281593391404098448 2.95982078716067631419
17964 892.965000 -0.324084238303241845003 0.0253647893597860815684 -0.0471905216566706059433 -0.0290822838710229729375 -0.0508723297415664063581 0.998281637030107082964 2.9598243468006302237
17965 892.973000 -0.324084423699685764131 0.0253641237037490543949 -0.0471905321732607047069 -0.029082031519109225598 -0.0508716084101171681087 0.998281681140392951335 2.95982769780233745394
17966 892.979000 -0.324084573473176762448 0.0253634949667360387604 -0.0471905525317476842728 -0.0290818506822874550677 -0.0508710826974310623139 0.998281713198275633125 2.95983062694625287392
17967 892.988000 -0.324084792965760148942 0.0253626573939970054172 -0.0471905704794056274354 -0.0290815713298001807252 -0.0508702890406809576929 0.998281761779662657474 2.95983469724170289439
17968 892.993000 -0.324084919673325866363 0.0253621202187182571974 -0.0471905876788032002667 -0.0290814274035752322323 -0.0508698652004349743949 0.998281787570353462691 2.95983717820040448387
17969 893.000000 -0.324085095557552937962 0.0253614592022405396787 -0.047190601643933585696 -0.0290812047655160874071 -0.0508692404939219133819 0.99828182588934155639 2.95984040405201076496
17970 893.007000 -0.324085259662759694876 0.0253609501981283610994 -0.0471905976435563895288 -0.0290809862859571326144 -0.0508686232517559164257 0.99828186370639171443 2.9598431202107473581
17971 893.015000 -0.324085469296497286074 0.0253601150537952832464 -0.0471906207853445558431 -0.0290807439891145116939 -0.0508679183743543719687 0.99828190668232552607 2.95984706764613747509
17972 893.024000 -0.324085690162418615934 0.0253593387146620850847 -0.0471906296008874764913 -0.0290804803965629271589 -0.0508671307179493770168 0.998281954496037293723 2.95985095909710871354
17973 893.032000 -0.324085898263145322229 0.0253585687005986049058 -0.0471906454990032100949 -0.0290802388618488713568 -0.0508664122108819158341 0.998281998143075055552 2.95985470400422023829
17974 893.040000 -0.324086106375077454 0.0253577310420633542098 -0.0471906711877957199541 -0.0290800212926065788921 -0.0508657125493605158373 0.998282040131178161069 2.95985864146053412327
17975 893.047000 -0.324086287030861452951 0.0253570571853701798304 -0.0471906864648558299624 -0.0290798214893401123227 -0.0508650857225930036476 0.998282077890102814699 2.95986190164879392483
17976 893.055000 -0.324086490771606505756 0.0253562900720628627005 -0.0471907055374236744649 -0.0290796005184032688162 -0.0508643678863299197879 0.998282120902310166066 2.95986560966290168651
17977 893.063000 -0.324086692591856906365 0.025355523869656552971 -0.0471907255125093225145 -0.0290793857453705492655 -0.0508636501057798950942 0.998282163730569993554 2.95986930527206348884
17978 893.071000 -0.324086893277465648566 0.0253547590002751004057 -0.0471907462112262504617 -0.029079174688861921666 -0.0508629348459894645162 0.998282206321572829211 2.9598729787561555149
17979 893.078000 -0.324087070548337907727 0.0253540850485014512827 -0.047190765713686771976 -0.0290789791083231226321 -0.050862288325213250717 0.998282244958979880778 2.95987623005378219787
17980 893.086000 -0.324087268263600736251 0.0253533236311280149589 -0.047190788241936815206 -0.0290787686343990554871 -0.0508615635360030529655 0.998282288017462549057 2.95987988920151501304
17981 893.094000 -0.324087464421308812934 0.0253525640989956113636 -0.0471908112016902331343 -0.0290785600407620949126 -0.0508608439602941178603 0.998282330754983626697 2.95988352514733987775
17982 893.101000 -0.324087636711662019362 0.0253518975889051589867 -0.0471908321891024579164 -0.0290783680745594318162 -0.0508601985016704574716 0.99828236923151714155 2.95988673272264302128
17983 893.106000 -0.324087669066134564932 0.025351385324089200507 -0.0471908911545214984629 -0.0290784153147490113944 -0.0508602471747111387068 0.998282365375703917287 2.95988835582812725988
17984 893.116000 -0.324088001894246746648 0.0253504774379652575433 -0.0471908766724481662513 -0.0290779607753689148253 -0.0508588343500040451772 0.998282450594872972083 2.95989354486505984454
17985 893.123000 -0.324088167836648677333 0.0253498223630439847853 -0.0471908975602411476236 -0.0290777787709553987849 -0.0508582123348377268535 0.998282487585478994774 2.95989667828262659199
17986 893.129000 -0.324088312167579495338 0.025349256718801085192 -0.047190916147274483694 -0.0290776108063443977647 -0.0508576636005930518558 0.998282520433411035832 2.95989940504241966224
17987 893.134000 -0.32408843618396088182 0.0253487166167436182851 -0.0471909379279561030929 -0.0290774830257058761185 -0.0508572281767752029658 0.998282546337991960606 2.95990186872348060021
17988 893.139000 -0.324088558835891382692 0.025348241711353063782 -0.0471909525594323836506 -0.029077336880875891828 -0.0508567700101922592903 0.998282573935880268579 2.95990415691701436174
17989 893.144000 -0.324088677132460034613 0.0253477751165844603087 -0.0471909672057070073148 -0.0290772015918835946557 -0.0508563262523155645844 0.998282600483301640892 2.95990639999928362158
17990 893.151000 -0.324088841957383411163 0.0253471895641827829615 -0.0471909778920574576877 -0.0290769954852314709004 -0.0508556927413782305925 0.998282638759858675925 2.95990933349273088737
17991 893.157000 -0.324088982985832607664 0.0253466317639368526882 -0.0471909947124741838143 -0.0290768353477015642494 -0.0508551701835079292269 0.998282670044796871522 2.95991200757367289853
17992 893.162000 -0.324089110889803022619 0.0253460851081358136405 -0.047191015991038559596 -0.0290766922933101655546 -0.0508547245983140341896 0.998282696910704592241 2.95991452718194247851
17993 893.168000 -0.32408925572026359152 0.0253455218836191736864 -0.0471910317378640975505 -0.0290765225826945181153 -0.0508541950391620464766 0.998282728830573895529 2.95991723765419401104
17994 893.173000 -0.324089375027471815471 0.0253450548657738056191 -0.0471910451214981041534 -0.0290763845186884049843 -0.0508537576327160248391 0.998282755134012322884 2.95991948737813448389
17995 893.178000 -0.324089495148896455934 0.0253445877514686460086 -0.0471910570304371057571 -0.0290762465644833177636 -0.0508533254294513265004 0.998282781168987054521 2.95992172744229575798
17996 893.184000 -0.324089641543900186527 0.0253440215845334507194 -0.0471910732806215121871 -0.0290760723004799895297 -0.0508527904190540849805 0.998282813498345911185 2.95992446506477913104
17997 893.190000 -0.324089783440899725786 0.025343529327194698475 -0.047191079294806273503 -0.0290758947882853863165 -0.0508522573838618846542 0.998282845821376274564 2.95992695579875686462
17998 893.196000 -0.324089934693003012267 0.0253428905613813232334 -0.0471911024647917037855 -0.0290757313893006026639 -0.0508517398238359785712 0.998282876944739716585 2.95992991201372035448
17999 893.200000 -0.324089957914232451586 0.0253425252297928907397 -0.0471911434837314902602 -0.0290757634581538769447 -0.0508517757432368489035 0.998282874181003365699 2.95993106998928956486
18000 893.206000 -0.324090177597967432632 0.0253419508676438060002 -0.0471911264631593302399 -0.0290754540548608941819 -0.0508508734607163170871 0.998282929153747500273 2.95993443012825752092
18001 893.212000 -0.324090321083698895688 0.0253414559702952388309 -0.0471911327335482466694 -0.0290752772540040123339 -0.050850339590012970381 0.998282961497481857727 2.95993693159628712408
18002 893.218000 -0.324090468846332024899 0.0253408879207303872061 -0.0471911471656961400978 -0.0290751086019637554336 -0.0508498144801443410778 0.998282993157310505339 2.95993966415644083057
18003 893.225000 -0.324090642181299848357 0.0253402233075470523227 -0.04719116454947044903 -0.0290749079487207205685 -0.0508491928006222573821 0.99828303066780543773 2.95994287074446482677
18004 893.232000 -0.324090816953946814216 0.0253394913980195327086 -0.0471911899972148052296 -0.0290747254997044228542 -0.050848595536843434195 0.998283066404037189301 2.95994626267912552819
18005 893.238000 -0.324090960669958183527 0.0253389953431171696674 -0.0471911966524732398587 -0.0290745514614595412795 -0.0508480601989846348054 0.998283098740690544304 2.95994876475489032686
18006 893.246000 -0.324091160083134210979 0.0253382327639650045681 -0.0471912166695432275243 -0.0290743223299891884182 -0.0508473466201456239522 0.998283141760263559306 2.95995243495025439628
18007 893.254000 -0.324091354704319323243 0.025337477723075842867 -0.0471912375547064999459 -0.0290741061336573618223 -0.0508466452021129888816 0.998283183783148397872 2.95995605890857893527
18008 893.260000 -0.324091507080856766621 0.0253368349577440601927 -0.0471912617003826459494 -0.0290739455827862397497 -0.0508461210719547140879 0.998283215154990632989 2.95995902300254210004
18009 893.264000 -0.324091530236364167017 0.0253364696659716878702 -0.0471913030691341328637 -0.0290739782196274727799 -0.0508461561674663220511 0.998283212416936294176 2.9599601805188422432
18010 893.270000 -0.324091748984394856237 0.0253358945527998383196 -0.0471912874013516309146 -0.0290736804538900238393 -0.0508452506670241596853 0.998283267208998403852 2.95996352255059047565
18011 893.275000 -0.32409187325339822161 0.0253354171476277215125 -0.0471913011912740432141 -0.0290735368992551916623 -0.0508447997187797748331 0.998283294357731443291 2.95996581821018756031
18012 893.280000 -0.324091993032450287338 0.0253349478946521891598 -0.0471913152030245669488 -0.0290734049668657269783 -0.0508443619878914954135 0.998283320494576242865 2.95996806741126272655
18013 893.286000 -0.324092134713307999938 0.0253344534129401402489 -0.04719132314526873484 -0.029073232353372932546 -0.0508438229450642251162 0.99828335297592607489 2.95997055424605415297
18014 893.291000 -0.324092259000311189165 0.0253339118307757960036 -0.0471913453706317154168 -0.0290731070501861268984 -0.0508433926749931180966 0.998283378539252641559 2.95997303092278229997
18015 893.298000 -0.324092429574227680611 0.0253332502735440050212 -0.0471913641869131927908 -0.0290729140117692921863 -0.0508427738173767851393 0.998283415679845687052 2.95997619657340438337
18016 893.306000 -0.32409261585277060469 0.0253325738923014798232 -0.047191378349526094671 -0.0290726944711942950073 -0.0508420659236831634642 0.998283458126396183729 2.95997955417685432167
18017 893.314000 -0.32409280748107099912 0.0253318234023934170385 -0.0471914010056546928684 -0.0290724782817661751844 -0.050841362813877896687 0.99828350023116374512 2.95998314852515598261
18018 893.322000 -0.324092998481940341993 0.0253310745495439922081 -0.0471914226479745874121 -0.0290722662880703204558 -0.0508406709450546431817 0.998283541640716531873 2.95998672355927450184
18019 893.330000 -0.324093192598659096682 0.025330320162539946699 -0.0471914448633475730466 -0.0290720412700303659781 -0.0508399605134888799007 0.998283584374390353666 2.9599903449177222825
18020 893.338000 -0.324093383341375051998 0.0253295709242173996967 -0.047191467462783256992 -0.0290718246021879796193 -0.0508392617738857785503 0.998283626268900547984 2.95999393353229844905
18021 893.346000 -0.324093573577220461779 0.0253288240087217175756 -0.0471914894552100117053 -0.0290716105423071621838 -0.0508385675037150916444 0.998283667859314660653 2.95999751167353331027
18022 893.353000 -0.324093742586661681671 0.0253281661976188163243 -0.0471915083450870284643 -0.0290714169009210210426 -0.0508379564811662285062 0.998283704615171907371 2.96000066163327213431
18023 893.361000 -0.324093932389815375661 0.0253274194896585952419 -0.047191530531811971827 -0.0290712028645444368891 -0.0508372642746711816963 0.998283746098811097802 2.96000423895155373444
18024 893.369000 -0.324094123660070898563 0.0253266710839270201006 -0.0471915523466807929065 -0.0290709853280121145735 -0.0508365706055514746109 0.998283787758333374107 2.96000782582033705737
18025 893.377000 -0.324094314395468541257 0.0253259235710317567869 -0.0471915736201014013318 -0.0290707725660132865197 -0.0508358866573284176593 0.998283828783266602436 2.9600113956177160901
18026 893.385000 -0.324094508727077457166 0.0253251699010065556283 -0.0471915951401100791651 -0.0290705467886325924498 -0.0508351840331706522624 0.998283871137725653533 2.96001501458915283749
18027 893.392000 -0.324094674616330513661 0.0253245172011027849801 -0.0471916146291349591912 -0.0290703603183126227383 -0.0508345807815043654321 0.998283907286765748168 2.96001814232330007215
18028 893.400000 -0.324094865803567444562 0.0253237693995275736647 -0.0471916354311276847744 -0.0290701477476065471561 -0.0508338991939806320031 0.998283948184417457838 2.9600217126662133893
18029 893.407000 -0.324095039417890806721 0.0253230385158464757489 -0.0471916629645796059656 -0.0290699600775844516076 -0.050833294422024971615 0.998283984444953143012 2.9600251036862408327
18030 893.414000 -0.324095205234632532942 0.0253223868942386506897 -0.0471916814013790680837 -0.0290697762101367329635 -0.0508326994611738164354 0.998284020094773683063 2.96002821549269290458
18031 893.420000 -0.324095345303559267958 0.0253218966320452321117 -0.047191689207780843085 -0.0290696062882637856761 -0.0508321734282277601369 0.998284051828339902279 2.96003067803089781052
18032 893.427000 -0.324095514423830333151 0.0253212383304365629133 -0.0471917081476014715902 -0.0290694124290074851213 -0.05083156168468724867 0.998284088622936938151 2.96003383635918249084
18033 893.435000 -0.324095705035363335078 0.0253204913756781349599 -0.0471917294466097647643 -0.0290692016075777479034 -0.0508308805347059411428 0.998284129445101586775 2.96003739889551908959
18034 893.442000 -0.3240958745886249881 0.0253198321589396813103 -0.0471917487539006835773 -0.0290690052786452823863 -0.0508302659588436914206 0.998284166454954324799 2.960040560994596337
18035 893.450000 -0.324096064798613303637 0.0253190861661252708537 -0.047191770384181250253 -0.0290687935169412180192 -0.0508295793399367798471 0.998284207581986327007 2.96004412808916095301
18036 893.457000 -0.324096233560428714782 0.0253184294176921030617 -0.0471917891262813998798 -0.0290686023508417920591 -0.0508289741569345615568 0.998284243962370809733 2.9600472661813936881
18037 893.465000 -0.324096422755597024512 0.0253176843628149378373 -0.0471918113439906417028 -0.029068391608965328532 -0.0508282878012377217769 0.998284285045328401154 2.96005082691658438776
18038 893.472000 -0.324096588103289562355 0.0253170338095726095429 -0.0471918304394135929014 -0.0290682093306140719446 -0.0508276935777305163833 0.998284320608051944923 2.96005392704213221577
18039 893.480000 -0.324096781191247518272 0.0253162824666333975687 -0.0471918522895407518969 -0.0290679874067081532585 -0.0508269951808270892268 0.998284362628710897347 2.96005752452356096782
18040 893.488000 -0.324096969596768480493 0.025315538958493845334 -0.0471918747483203726567 -0.0290677775981146822859 -0.0508263103023848805684 0.998284403607785586487 2.96006107631755810417
18041 893.494563 -0.324097134306668310799 0.0253148899240987837467 -0.0471918935027070690635 -0.0290675901666145909685 -0.0508257205532457526087 0.998284439091458919435 2.96006416369175928693
18042 893.502000 -0.324097301295431572399 0.0253142354950372586164 -0.0471919136422685042698 -0.0290674049153644802057 -0.0508251089372405984168 0.99828447562456046338 2.96006730253307637213
18043 893.508000 -0.324097443342269919686 0.025313677164353693555 -0.0471919303353175167981 -0.0290672454542893511642 -0.0508245949261280430265 0.998284506437065233264 2.96006996875298566962
18044 893.515000 -0.324097610387307555335 0.025313023909562915037 -0.0471919495555771645323 -0.0290670560176625424054 -0.0508239932409744743502 0.998284542585683554172 2.96007308764024212877
18045 893.522000 -0.32409777379982174228 0.0253123762745512334571 -0.0471919697919830349875 -0.0290668739212965147878 -0.0508233961149633026166 0.998284578288067603324 2.96007618215781942439
18046 893.530000 -0.324097961947378943037 0.0253116347070741765091 -0.0471919915064896722257 -0.0290666663067851265001 -0.0508227218146007214683 0.998284618662015454937 2.96007971292072680214
18047 893.537000 -0.324098128182765510275 0.0253109825162452020675 -0.0471920113630673043748 -0.0290664760141163720786 -0.0508221160968305510353 0.998284655039613944005 2.96008283696717500177
18048 893.545000 -0.324098316004284625613 0.0253102406361052217898 -0.0471920343745805964675 -0.0290662651957534455549 -0.0508214346076358777782 0.998284695871869964812 2.96008638161725690097
18049 893.553000 -0.324098504177101121027 0.0253095001013073431229 -0.0471920558889867280961 -0.0290660571828793706795 -0.0508207611040016327131 0.99828473621540059213 2.96008990627984625021
18050 893.561000 -0.324098695362147803944 0.0253087535062800454699 -0.0471920782188713985872 -0.0290658373997171419478 -0.0508200698060900443731 0.998284777806992873472 2.96009347979218739866
18051 893.568000 -0.324098857600864653783 0.0253081088204769460992 -0.0471920978706308266726 -0.0290656606993349858614 -0.050819485663734710601 0.998284812688735923025 2.96009654812899158927
18052 893.575000 -0.32409902466484163952 0.0253074564427212198026 -0.0471921176748990589545 -0.029065467691346342366 -0.0508188796860545924372 0.99828484915646076292 2.96009967328634138184
18053 893.582000 -0.32409918710136709219 0.0253068114594268596396 -0.0471921370616878027571 -0.0290652911429266844201 -0.0508182969966820552443 0.998284883959050239888 2.96010274177065468848
18054 893.590000 -0.324099377950090195011 0.0253060658602550503371 -0.0471921594262763657857 -0.0290650719725768641455 -0.0508176078635104028214 0.99828492542072333471 2.96010630946930408669
18055 893.598000 -0.324099565472855122295 0.0253053252617239342326 -0.0471921822580720073947 -0.029064861566285179334 -0.0508169295493892461679 0.998284966075972168831 2.96010984428231793686
18056 893.605000 -0.324099727846019647348 0.0253046817431564069478 -0.0471922015225522129001 -0.0290646852771460385834 -0.0508163479170714790789 0.998285000815955059217 2.96011290584647657198
18057 893.612000 -0.324099893434555585969 0.0253040317286570039246 -0.0471922214073638712772 -0.0290644964802588209873 -0.0508157472065288995378 0.99828503689086278694 2.96011601662965606607
18058 893.620000 -0.324100080161351833397 0.0253032938690475814325 -0.0471922436035337386495 -0.0290642911307627330175 -0.050815079058197411277 0.998285076880034094593 2.96011952635077513207
18059 893.626000 -0.324100221565046919814 0.025302737755847053841 -0.0471922611042676701243 -0.0290641291015554109611 -0.0508145626476281045414 0.998285107883764011305 2.96012219001954690611
18060 893.633000 -0.32410038754713160758 0.0253020881405957159815 -0.0471922801020149274009 -0.0290639418318792835949 -0.0508139696280188735145 0.998285143521546958212 2.96012528706536048873
18061 893.640000 -0.324100548960588374925 0.0253014458905744879513 -0.0471922998526235967787 -0.0290637668264394667672 -0.0508133896608630938885 0.998285178137505724294 2.96012834032442695431
18062 893.647000 -0.324100713831235898166 0.0253007976314067739576 -0.0471923198700716223231 -0.0290635788331151737052 -0.0508127906120578454185 0.998285214102475948472 2.96013144112736892311
18063 893.654000 -0.324100876190532571908 0.025300154730813793208 -0.0471923395009657131727 -0.0290634007260015328478 -0.0508122085001474557697 0.998285248917150647152 2.96013449821620788782
18064 893.659000 -0.324101000402184702409 0.0252996163902879794838 -0.0471923617724532284967 -0.0290632684638792437859 -0.0508117836100308653546 0.998285274394330457426 2.96013695750615912772
