26510 956.608000 -0.353757960926640302457 -0.0201113574275114878609 -0.0473645717918454306483 -0.0117923080377655541823 -0.0150710399165867574983 0.999816885848091141398 3.06416228253475741994
26511 956.614000 -0.353756852006964994661 -0.0201107042956670152567 -0.0473611092815358278307 -0.0117895904734445326756 -0.0150750572800980760235 0.999816857331616515303 3.06416298990395707946
26512 956.621000 -0.353755939473125280426 -0.0201095635203247802281 -0.0473565328390442991102 -0.0117844188264660965776 -0.0150801359241842843767 0.999816841713236370559 3.06416301559791248721
26513 956.628312 -0.35375537423011504945 -0.0201080679379451905675 -0.047351734940936529572 -0.0117779280989296873672 -0.0150853739152054591721 0.999816839177824046025 3.06416217553416458941
26514 956.635000 -0.353755074770163879805 -0.020106279236131004845 -0.0473470538806381319175 -0.011770910158675483223 -0.0150905546054418710639 0.999816843644743102892 3.06416049462718920182
26515 956.643000 -0.353754948528017088005 -0.020103960400151627691 -0.0473422049029067759651 -0.0117630489417447532674 -0.0150962265962413123149 0.999816850539212098603 3.06415762074537090243
26516 956.650000 -0.353754938503986648968 -0.0201017658509033483871 -0.0473386309828673218503 -0.0117567938221770883211 -0.0151009011596445665709 0.999816853520278159273 3.06415437623017217206
26517 956.657000 -0.353754953666223115327 -0.020099484020516766164 -0.0473358135801653368002 -0.0117513715465145437283 -0.0151053059979830237719 0.999816850726913286529 3.06415057559860803948
26518 956.664000 -0.353754945806004250652 -0.0200971740850220334518 -0.0473338007787677123028 -0.0117468594608770883492 -0.0151094818628714298164 0.999816840651647664728 3.06414635715055583276
26519 956.671000 -0.353754851300100758849 -0.0200981744715126968426 -0.0473341261206853339272 -0.0117474926651062617361 -0.0151075354447690914095 0.9998168626247849744 3.06414843391942914863
26520 956.679000 -0.353754663862224205673 -0.0200959827938650831269 -0.0473337983649155247257 -0.0117451261683429297039 -0.0151115596078783016171 0.99981682961305839985 3.06414424376912153392
26521 956.686000 -0.35375446365988588715 -0.0200932794491440018525 -0.047333661486175002131 -0.0117424136504164621647 -0.0151165725584070254756 0.999816785694133569606 3.06413871112422864229
26522 956.693000 -0.353754255436221243247 -0.0200883204309430796197 -0.0473327319714513042315 -0.0117360571039418475764 -0.0151254630851658609242 0.999816725870352751571 3.0641276309892671037
26523 956.701000 -0.353753878475026484196 -0.0200892844655134530929 -0.0473351539525955836152 -0.0117395467998672262816 -0.0151247125074897743879 0.999816696256118464525 3.06413015608397643064
26524 956.708000 -0.353753571193946958484 -0.0200846982435379170506 -0.0473346178453445537437 -0.0117332667052582918787 -0.0151331328668890176953 0.999816642561052959515 3.06411928279656153862
26525 956.715000 -0.353753271894613530169 -0.0200854882097657207185 -0.0473365159585730430059 -0.0117359516506482554343 -0.0151330413935529192737 0.999816612433017559702 3.06412157521013606143
26526 956.722000 -0.35375297655403664665 -0.0200837692162127087747 -0.047336961884867342909 -0.0117339694757090419464 -0.0151369933739767276865 0.99981657587376460139 3.06411762951764865548
26527 956.730000 -0.353752688430318984469 -0.0200826758563700594196 -0.0473374560476502309614 -0.0117327485989362871599 -0.0151401565343984041007 0.999816542306851574473 3.06411532746485582024
26528 956.737000 -0.353752471944334789811 -0.020081662295529961737 -0.0473374577979920746484 -0.0117312894051992775563 -0.0151429188315152455507 0.999816517596180509564 3.06411321177251982917
26529 956.745000 -0.353752290304134853205 -0.0200809361117459950208 -0.0473371647121388072765 -0.0117299310053654293196 -0.015145312028333701021 0.999816497284463534534 3.06411194664932340359
26530 956.752000 -0.353752148903972774008 -0.0200800833090615735155 -0.0473364696527062006615 -0.0117285691333324885999 -0.0151474358007521962138 0.999816481087777875203 3.06411042118986864935
26531 956.761000 -0.353752060038530435904 -0.0200796629442928711851 -0.047335380976895199967 -0.011727346378343449923 -0.015149059629937898161 0.999816470828147063621 3.06411024848290969302
26532 956.769000 -0.353752001944132032918 -0.0200793142065719999734 -0.0473341620729912995746 -0.0117266661616533089674 -0.015150215391966493847 0.9998164612939268725 3.06411036750082343971
26533 956.776000 -0.353751926692304763389 -0.0200789548085043116632 -0.0473330295426047376051 -0.0117266731811084407022 -0.015150907644947499836 0.999816450721650151756 3.06411048668567920217
26534 956.785000 -0.353751882134119399748 -0.0200789545007756947692 -0.0473316486435247790743 -0.0117267315737825464361 -0.015151233429641435338 0.99981644509987788183 3.06411169002495187286
26535 956.793000 -0.353751771348183863264 -0.0200788793604037563156 -0.0473305880127346673136 -0.0117275805039454318612 -0.0151513494263685131319 0.999816433384690617103 3.06411275235736857425
26536 956.801000 -0.353751626831808108076 -0.0200788878683151039706 -0.0473297700511311758564 -0.011728883080730116012 -0.0151513069256752185704 0.999816418749023383405 3.06411408621527669993
26537 956.809000 -0.353751393879858266889 -0.0200788831364527922685 -0.0473292781749306418204 -0.0117306939559032163273 -0.0151512278565707082106 0.999816398702157216327 3.06411540805095805595
26538 956.817000 -0.35375109585829428438 -0.0200789184102664122755 -0.0473291254766656926956 -0.0117328381336636988069 -0.0151511428273860080523 0.999816374831075327378 3.06411682399209928107
26539 956.825000 -0.353750703559232992923 -0.0200789202562422705589 -0.047329324652656656891 -0.0117352827946940220516 -0.015151141394035796961 0.999816346161727098618 3.06411809941408597169
26540 956.834000 -0.35375016176378920596 -0.020078908355008587977 -0.0473299280986881620858 -0.0117382018528679465952 -0.0151512355770053348814 0.999816310467953606178 3.06411939171215985667
26541 956.842000 -0.353749107359571490772 -0.0200779879145870643331 -0.0473311141105047794575 -0.0117424067475414492523 -0.0151519726709963310773 0.999816249921930855216 3.06411879602337799966
26542 956.850000 -0.353748460063892766758 -0.0200779446830842284166 -0.0473321176920468988936 -0.011744506480519778524 -0.0151523504681000432959 0.99981621953378063683 3.06411945294657783734
26543 956.858000 -0.35374832155080254692 -0.0200787688974679093268 -0.047332800232165073151 -0.0117454757522965375777 -0.0151521637029284582388 0.999816210978033748091 3.06412178060173889804
26544 956.866000 -0.353747641052253536387 -0.0200786909834202824399 -0.0473338816184363520012 -0.0117473147705189056439 -0.0151526522958338287494 0.999816181967507433548 3.06412221683150720608
26545 956.874000 -0.353746437004349434385 -0.0200777478241197619713 -0.0473352406000552006216 -0.0117489342658861333629 -0.0151540011360630829523 0.999816142494800885743 3.0641204847604446293
26546 956.882000 -0.353746327791585379874 -0.020078528410146033456 -0.0473357214159880954063 -0.0117496133508734629941 -0.015153864352035256377 0.999816136587775461386 3.06412270323996338561
26547 956.890000 -0.353745743433183268412 -0.0200784610053925741124 -0.0473363520855508285168 -0.0117499611177191605471 -0.0151545125329483609811 0.999816122676375318434 3.06412286005304856928
26548 956.899000 -0.353745224777389621895 -0.0200784956163262140461 -0.0473367374052990619315 -0.0117498262700062201802 -0.0151552034911286246516 0.999816113787813987024 3.06412325933370599529
26549 956.906000 -0.353744766884189765221 -0.0200782750311086950756 -0.047336871221822049427 -0.0117490929807841214955 -0.0151560131139808085959 0.999816110132567215096 3.06412297537543132364
26550 956.915000 -0.353744486138946878651 -0.0200784453098374511548 -0.0473366780782226437285 -0.0117480925144897423856 -0.0151566123082667678773 0.999816112805553824927 3.06412373671868465408
26551 956.922000 -0.353744226986585752481 -0.0200782660813216586038 -0.0473363525599512641184 -0.0117467194028050385401 -0.0151574536261469584864 0.999816116184792713639 3.06412369439971277174
26552 956.931000 -0.353744096440449462548 -0.020078365436937389843 -0.0473357271801008866463 -0.0117451387813862044573 -0.0151581875068933988326 0.999816123627995878564 3.06412447387282993461
26553 956.938000 -0.353744046500733988481 -0.0200783173298438380461 -0.0473350939749070456775 -0.0117436515519909450561 -0.0151589410715778482447 0.999816129672758346913 3.06412496185240090796
26554 956.946000 -0.353744066128487022471 -0.0200784522787612086658 -0.047334351170588234714 -0.0117422044520907910281 -0.0151595585006498966008 0.999816137307590557803 3.0641259826032136715
26555 956.953000 -0.353744112881172245721 -0.0200784065030394573426 -0.0473336306820615337898 -0.0117409287636938749338 -0.0151603112700514769395 0.999816140874891567947 3.06412670143018939228
26556 956.962000 -0.353744196688906498149 -0.0200786355331706994898 -0.0473328590840568497189 -0.0117397359159268511314 -0.0151608945180098219491 0.999816146037879271979 3.06412819114060619441
26557 956.970000 -0.353744290303591335523 -0.0200785969318334305 -0.0473321617387251480924 -0.0117388908302288041963 -0.015161726298324676096 0.999816143347230790184 3.06412927564648640555
26558 956.978000 -0.35374437170504807737 -0.0200786603168210571468 -0.0473316231457554872919 -0.0117383928974435711168 -0.0151623633430157736535 0.999816139532684222679 3.06413058658546599844
26559 956.986000 -0.35374440307506099801 -0.0200786777889154742505 -0.0473312411096442689495 -0.0117383515527865571471 -0.0151630313674196055829 0.999816129887177829083 3.06413183224281393535
26560 956.995000 -0.353744398950421257144 -0.0200787946569154218679 -0.0473310204464248152068 -0.0117386126487570643939 -0.0151635863847600534104 0.999816118404296405586 3.06413337243623340456
26561 957.003000 -0.35374433090530205126 -0.0200787239546882170793 -0.0473309536308176570518 -0.0117393333479198832409 -0.0151642074633419037671 0.999816100522768813619 3.06413451144121262715
26562 957.011000 -0.353744204301397080492 -0.0200787285221514788525 -0.0473310584998632988274 -0.0117402542877924707249 -0.0151646538780084022546 0.999816082938266403879 3.06413567094420846715
26563 957.019000 -0.353744019683499444362 -0.0200787304048210581142 -0.0473312853557564527929 -0.0117413691144881947304 -0.0151650276375484109603 0.99981606417784152363 3.06413675559114828673
26564 957.027000 -0.353743774494461593605 -0.0200787094053597736654 -0.0473316111505489994782 -0.0117426354092650571392 -0.0151653544393104099119 0.999816044349347010645 3.06413769703689231605
26565 957.028000 -0.353743519150647500737 -0.0200780196803634833347 -0.047331756648373614349 -0.0117436961395069004721 -0.0151657449962836910623 0.999816025966622778931 3.06413675353155134928
26566 957.042000 -0.35374315815250956252 -0.0200785861277962239535 -0.0473323952236354150713 -0.0117452054034387007309 -0.0151658151375092115076 0.999816007173942811193 3.06413906759488341436
26567 957.050000 -0.353742808710103495695 -0.0200785793461803648008 -0.0473328176139249934273 -0.0117464012368181536933 -0.0151659578882260125815 0.999815990959994849163 3.06413976864754467044
26568 957.050000 -0.353742523591443147613 -0.0200780426774604947582 -0.0473330332201473275022 -0.0117471836500689288257 -0.0151662053150325333573 0.999815978014271355967 3.06413884045983397897
26569 957.066000 -0.353742099841086787837 -0.0200785892107692674757 -0.0473335373934519326733 -0.0117483282799953400038 -0.0151661743367400014826 0.999815965034872466966 3.06414096189460760655
26570 957.074000 -0.353741746653842947801 -0.0200785842159947186536 -0.0473338129979219424115 -0.0117490135645715362139 -0.0151662626457287792736 0.999815955642647358204 3.06414148423446341951
26571 957.082000 -0.353741392960947809154 -0.020078542836935799748 -0.0473340201612874739157 -0.0117495765175905791944 -0.0151664348738533641403 0.999815946414576162127 3.06414189206861564685
26572 957.091000 -0.353741079617688802816 -0.0200786016688007870612 -0.0473341244470377175979 -0.0117498473062719183124 -0.0151665660894138593778 0.999815941241854022614 3.06414256744092883267
26573 957.100000 -0.353740760254348973746 -0.0200785665206560035023 -0.0473341599217042136027 -0.0117499970279769192644 -0.015166837880672311839 0.999815935359375962399 3.06414306052860840879
26574 957.108000 -0.353740284271976679342 -0.0200779296191433490049 -0.0473342133010626608947 -0.0117500594928117204491 -0.015167622916236980779 0.999815922716269955828 3.06414251463266484876
26575 957.116000 -0.353740279781079636212 -0.0200784458477278604516 -0.0473340251543353518482 -0.0117497936088623630008 -0.0151675019749138387942 0.999815927675684834597 3.06414395893895807887
26576 957.123000 -0.353740113478847650885 -0.0200783693141153088413 -0.047333894118205654955 -0.0117495578960789496398 -0.0151678992495123884932 0.999815924418891888159 3.06414440818728772697
26577 957.132000 -0.353739984826138498253 -0.0200784590778114238607 -0.047333691123666386813 -0.0117492441201391736166 -0.0151682709275248895492 0.99981592246756834097 3.06414528949152353832
26578 957.140000 -0.353739851728952892085 -0.0200783640575181304699 -0.0473334952865206645689 -0.0117489193957131168172 -0.0151687941668266525197 0.999815918345250964627 3.06414588584427782791
26579 957.148000 -0.353739734958088747341 -0.0200782941578069029642 -0.0473333079357635827522 -0.0117487108840703333157 -0.0151693482859115436057 0.999815912388447247672 3.06414652513219554208
26580 957.156000 -0.353739642869288384297 -0.0200782443247985650792 -0.0473331273316347084235 -0.011748494361134613484 -0.0151698684768587672977 0.999815907040211726553 3.06414725776625962439
26581 957.165000 -0.353739545934175947384 -0.0200782234066117989957 -0.0473329632800823518757 -0.0117483883525433523837 -0.0151704337281006167854 0.999815899709351252334 3.0641481033435757908
26582 957.172000 -0.353739365312361830895 -0.0200775324353775312669 -0.0473327843608793361052 -0.0117485154776986264885 -0.0151715695068799002326 0.999815880981477556055 3.06414799803741377815
26583 957.180000 -0.353739252354496325204 -0.0200774358645177120053 -0.0473327066984664049376 -0.0117486540227704737427 -0.015172074346935180908 0.999815871692715352204 3.06414865763341071059
26584 957.187000 -0.353739134748418282417 -0.0200773335641232231197 -0.0473326728010968755811 -0.0117488741167191164394 -0.0151725102812323674184 0.999815862491066686957 3.06414917669139219569
26585 957.192000 -0.353739118040325428716 -0.0200776122004499707474 -0.0473326773927534999453 -0.0117488784574101366026 -0.0151724725089444952703 0.999815863013264194414 3.0641499701330552341
26586 957.198000 -0.353738932455362864449 -0.0200771706184449463817 -0.0473326739858006967365 -0.0117493273426046845875 -0.0151731282879366095873 0.999815847786458156143 3.06414995173565873898
26587 957.203000 -0.353738833968357424542 -0.0200770988523293336669 -0.0473326907266187896228 -0.0117495685734670483186 -0.0151733906469864524014 0.999815840970031510793 3.0641502989341455887
26588 957.208000 -0.35373872343923651318 -0.0200770128097482215834 -0.0473327247495415118217 -0.0117498435158545355694 -0.0151736327819227915376 0.999815834064230246625 3.06415058699089604133
26589 957.213000 -0.353738607683837469331 -0.0200769252903550479705 -0.0473327650499810043128 -0.0117501305291601420427 -0.0151738645677150039287 0.999815827173499149794 3.06415085809551079876
26590 957.219000 -0.353738470149329242709 -0.020076831133741826485 -0.0473328191579057977467 -0.0117504709557002540166 -0.0151741167860795951594 0.999815819344783918154 3.064151201763796184
26591 957.225000 -0.353738324299648132509 -0.0200767300650290421438 -0.0473328794513463713134 -0.0117508234603091402809 -0.0151743568591881823615 0.999815811558266376302 3.0641514965604850218
26592 957.231000 -0.353738166023407130112 -0.0200765602271948742641 -0.0473329492393720213661 -0.0117512058942936623712 -0.0151746119308148203625 0.9998158031921576816 3.06415159849064000497
26593 957.236000 -0.353738146713493906148 -0.0200768685079155337347 -0.0473329613001424454044 -0.0117512234435374184754 -0.015174541409913616663 0.999815804056216617113 3.06415246414583819501
26594 957.241000 -0.353738021085132303689 -0.0200767824587161705652 -0.0473330110289546385216 -0.011751498772767269424 -0.0151747174781389614767 0.999815798147864920331 3.06415267976638006076
26595 957.247000 -0.353737731337324001757 -0.0200763111608953624676 -0.0473331323434137279937 -0.0117521457612722590724 -0.0151751800085972478327 0.999815783523001044841 3.06415235832720300735
26596 957.253000 -0.353737573686274897611 -0.0200762046176097899708 -0.0473331919997516253895 -0.0117524394487807104515 -0.015175362965051260658 0.999815777293938223735 3.0641525867535150951
26597 957.259000 -0.353737558430197052139 -0.0200764987948855097577 -0.0473331799028052502276 -0.0117524231376782417602 -0.0151752913183661741758 0.999815778573130753415 3.06415341048060563267
26598 957.265000 -0.353737250849895823457 -0.0200759736088645113217 -0.0473332937756054394907 -0.0117530216418498031222 -0.0151758001182004994417 0.999815763815043334617 3.06415297520660523389
26599 957.270000 -0.353737125326669343828 -0.0200758841734122797651 -0.0473333239767652555474 -0.0117532009726863308913 -0.0151759537757273320346 0.99981575937464228776 3.06415314936754246133
26600 957.275000 -0.353736990657592953458 -0.0200757800913351491801 -0.0473333540460312146569 -0.0117534115781644209198 -0.0151761558416464853449 0.999815753831746811819 3.06415330050659973082
26601 957.281000 -0.353736844243270398547 -0.0200756681872586023596 -0.0473333762510365213538 -0.0117536030807194186165 -0.0151763739610573152733 0.999815748269657467162 3.0641535002149495881
26602 957.287000 -0.353736690567649503247 -0.0200755411326682606243 -0.0473333958014125477654 -0.0117538204249028905429 -0.0151766454816599921651 0.999815741593091389383 3.06415367966864593541
26603 957.293000 -0.353736679955660215935 -0.0200758214083049495169 -0.0473333546253209350163 -0.011753761795224101569 -0.0151765875737356684128 0.999815743161347691981 3.06415446834294247225
26604 957.299000 -0.353736406252220692004 -0.020075294804168166557 -0.0473334064561040379626 -0.011754145224253992677 -0.0151771719260731727252 0.999815729783430362509 3.06415406962983194461
26605 957.306000 -0.353736249900883703567 -0.0200751503480827118986 -0.0473333975430457465361 -0.0117542997160552144253 -0.015177501388207902816 0.999815722965885389506 3.0641543122454555359
26606 957.315000 -0.353736063036476200416 -0.0200749672929003489252 -0.0473333764003024959344 -0.0117544590872444253138 -0.0151779225023654668753 0.999815714699503255147 3.06415463569734702887
26607 957.323000 -0.353735887959179984286 -0.0200747772005426053377 -0.0473333584733583445647 -0.0117546325493414639124 -0.0151783414663569145991 0.999815706299896245213 3.06415487665319208332
26608 957.332000 -0.353735712015955938714 -0.0200745813174760326381 -0.0473333252528358658373 -0.0117547864694926163659 -0.0151788106511679798255 0.999815697367406053253 3.06415520975187494201
26609 957.340000 -0.353735557768499575548 -0.0200743966870908785438 -0.0473332954195891456028 -0.0117549241723453878894 -0.0151792297084482434577 0.999815689386378991799 3.06415548299612927607
26610 957.348000 -0.353735404932457919713 -0.0200742053901816139283 -0.0473332664771925065716 -0.0117550656899549649942 -0.0151796465711890281314 0.999815681393624977602 3.06415574817499969384
26611 957.356000 -0.353735250263383482761 -0.0200740044023783315019 -0.0473332396495665802538 -0.0117552503562187299346 -0.0151801007845925439027 0.999815672326270443726 3.0641559867465097966
26612 957.364000 -0.353735236710863654164 -0.0200743333054380704294 -0.0473331990993212797791 -0.0117551909214886809302 -0.015180049526887300429 0.999815673803306825818 3.06415691957974312132
26613 957.371000 -0.353734971406270526373 -0.0200736247569127737589 -0.0473331967401212361235 -0.0117555639350405850135 -0.0151808662725529588261 0.999815657016724257389 3.06415641748301847969
26614 957.378000 -0.353734827083405201087 -0.0200734237778011567754 -0.0473331885360709567201 -0.0117557871093894993758 -0.0151812658590508679779 0.999815648325407813068 3.06415655910878514945
26615 957.385000 -0.353734691861096628429 -0.0200732317286036604509 -0.0473331804989071402989 -0.0117559639833386131436 -0.0151816024216393508084 0.999815641135271326867 3.06415671298907277276
26616 957.390000 -0.353734593023461052486 -0.0200730911783767937417 -0.0473331758053319728852 -0.0117561201957815525398 -0.0151818697715948667387 0.999815635238907818305 3.06415680996868555752
26617 957.396000 -0.353734476903200312226 -0.0200729240092507310589 -0.0473331709210179640834 -0.0117562908248538110917 -0.0151821622341898297692 0.999815628791597021952 3.06415691655016209083
26618 957.401000 -0.353734371593904306508 -0.0200727724768119016041 -0.0473331751279739143534 -0.0117564594025947478234 -0.0151824125576646967034 0.999815623008184495291 3.06415698196476116166
26619 957.406000 -0.353734275243502316322 -0.0200726317579704612026 -0.0473331746145113224644 -0.0117565904338152241171 -0.0151826260155456128215 0.999815618226002511548 3.06415706068543114426
26620 957.412000 -0.353734144946130368847 -0.0200724434909155743934 -0.0473331827316982728382 -0.0117568185388229017041 -0.0151829404641711362273 0.99981561076865899107 3.06415711203722995748
26621 957.417000 -0.353734046690741765762 -0.0200722988693408481431 -0.0473331853222355644628 -0.0117569558950628219596 -0.015183148041439270895 0.999815606001243306622 3.06415717318081615161
26622 957.423000 -0.353733914356599843387 -0.0200721062755914517184 -0.0473331965929368603252 -0.0117571895563341240892 -0.0151834565460724508351 0.999815598568580932159 3.06415720502707289441
26623 957.428000 -0.353733806118445737177 -0.020071947799087868497 -0.0473332048813744910021 -0.0117573688634521281854 -0.0151836958488787560073 0.999815592825885723904 3.06415723305227105655
26624 957.433000 -0.353733699263325429563 -0.0200717891055536244715 -0.0473332141689163932163 -0.0117575401782937065398 -0.0151839239866532384887 0.999815587346648437794 3.06415725154130402785
26625 957.440000 -0.353733552776724302635 -0.020071571101191072739 -0.0473332262013785587396 -0.011757758670844194529 -0.0151842249728064704328 0.999815580206176446332 3.06415729093612698719
26626 957.447000 -0.353733403325210249424 -0.0200713480232994519181 -0.0473332378830915168066 -0.0117580057532378837171 -0.0151845635488059797075 0.999815572158455179164 3.06415731178900507814
26627 957.455000 -0.353733229449502251107 -0.0200710860641457530806 -0.0473332512170171054722 -0.0117582816029532521984 -0.0151849450071167187126 0.999815563120957206955 3.06415732094584969403
26628 957.463000 -0.353733066884631019988 -0.0200708346954487949765 -0.0473332633809660646707 -0.0117585070557096327271 -0.015185277904975508223 0.999815555413481882319 3.06415734527415350996
26629 957.470000 -0.353732909281647134314 -0.0200705925482661876047 -0.0473332786161930613167 -0.011758772231505273953 -0.0151856411613551581241 0.999815546777567565329 3.06415732316318223383
26630 957.478000 -0.353732737775620531551 -0.0200703227457150468194 -0.0473332894399128151219 -0.0117590280444034456925 -0.0151860261063708774226 0.999815537922144725869 3.06415730981462708371
26631 957.486000 -0.353732569950842234974 -0.0200700545999319447665 -0.0473333002230672955646 -0.0117592763146843314742 -0.0151864083475939173895 0.999815529196288688141 3.06415730630671268031
26632 957.494000 -0.353732405567554697434 -0.0200697867308834952682 -0.0473333071814508316022 -0.0117595121110621852328 -0.0151867934997760752058 0.999815520572722826742 3.06415730346992054578
26633 957.502000 -0.353732243225917564189 -0.0200695165229984665012 -0.0473333123214625950403 -0.0117597386292861930818 -0.0151871787143847882667 0.99981551205713348196 3.06415729591383101393
26634 957.509000 -0.353732100754078793159 -0.0200692762706855439003 -0.0473333136117597350068 -0.0117599420239084817563 -0.0151875316157618761581 0.99981550430417642783 3.06415727958343708792
26635 957.517000 -0.353731938401063872313 -0.020068966192541150273 -0.0473333250763392013316 -0.0117601670813484490002 -0.0151879141485043653303 0.99981549584612683379 3.06415716748197075603
26636 957.524000 -0.353731796737060899538 -0.0200687484445893557505 -0.047333320965172134831 -0.0117603694333970922037 -0.0151882744206466822889 0.999815487993116258636 3.06415721783344086049
26637 957.532000 -0.353731634200816491553 -0.0200684602454609777034 -0.0473333205445583826698 -0.0117606028805045566277 -0.0151886873857605582405 0.999815478973687721265 3.06415717156592437576
26638 957.539000 -0.353731497354290880253 -0.0200682109500839624128 -0.0473333216848234872298 -0.0117607917557913371071 -0.0151890281783280071265 0.999815471574767467011 3.06415713465851125008
26639 957.547000 -0.353731339782927978188 -0.0200679199972726915457 -0.0473333215046778457702 -0.0117610033681859720706 -0.0151894140525054791718 0.999815463223346578836 3.06415707772109913165
26640 957.555000 -0.353731182006950639618 -0.020067625332784826131 -0.0473333178450327379805 -0.0117612394449410611469 -0.0151898371386255236909 0.99981545401860083544 3.06415700383913902627
26641 957.563000 -0.353731023673625910586 -0.0200673238214904778309 -0.0473333208013932763003 -0.0117614536360659775044 -0.0151902160070324799418 0.999815445742876174329 3.06415691497805608989
26642 957.571000 -0.353731015775443025095 -0.0200675431418934936689 -0.0473332853644647527647 -0.0117614024276941481206 -0.0151901783841270482389 0.999815446916875960603 3.06415753537789870009
26643 957.578000 -0.353730727003329359359 -0.0200667513845108787252 -0.0473333176597793628404 -0.0117618976193633890254 -0.015190991749558617474 0.999815428733752176171 3.06415672162070418238
26644 957.585000 -0.353730720440721402298 -0.0200669337236810164937 -0.0473332881863439275394 -0.0117618550794098379597 -0.0151909599573287739521 0.999815429717238357554 3.06415723719006249937
26645 957.591000 -0.353730471207848229387 -0.0200662447339855949668 -0.0473333209567218388125 -0.0117622724883382160505 -0.0151916300104880143407 0.999815414625887188826 3.06415651371611330589
26646 957.597000 -0.353730350465115361835 -0.0200660036237611631715 -0.0473333226222883429735 -0.0117624513728650965938 -0.0151919299287729576975 0.999815407964260383089 3.06415639498966818621
26647 957.605000 -0.353730200360520663505 -0.020065671528861121764 -0.0473333255560343252322 -0.0117626740480065508643 -0.015192320593883387389 0.999815399408417349036 3.06415620650089737254
26648 957.612000 -0.353730061971127718312 -0.0200654164248765601308 -0.0473333210901939749338 -0.0117628743468835492147 -0.0151926690814119420836 0.99981539175653943996 3.06415614146436698917
26649 957.620000 -0.353729903569779124961 -0.0200650902066623754161 -0.0473333277185576523083 -0.0117630989357815022439 -0.015193041337946541422 0.999815383457531403621 3.06415596901226239268
26650 957.628000 -0.353729744881540408841 -0.0200647365142892150636 -0.0473333352616932545587 -0.0117633604535021182858 -0.0151934618170986215219 0.999815373991045031055 3.06415571544882903154
26651 957.635000 -0.353729608320378752229 -0.0200644759350604232062 -0.0473333344028334448983 -0.0117635422187026966734 -0.0151937817071858532331 0.999815366991277598707 3.06415563274428759399
26652 957.643000 -0.353729445372367889977 -0.020064135836157133419 -0.0473333397167247094117 -0.0117638035452101805817 -0.0151942011356098454627 0.999815357542581772954 3.06415541560225745954
26653 957.650000 -0.353729314812165518411 -0.0200638554253062470489 -0.047333340725466820087 -0.0117639827735608673565 -0.0151945263650272409384 0.99981535049120240366 3.06415527825187972155
26654 957.658000 -0.353729157114498482528 -0.0200635190312488317921 -0.047333343086330727234 -0.0117642329626116010077 -0.0151949438309902096211 0.999815341202951679556 3.06415507096441519508
26655 957.665000 -0.353729013190888508245 -0.0200632116677374877645 -0.0473333524442533376542 -0.0117644548801048732384 -0.0151952936613834552887 0.999815333275059558993 3.06415485404983511941
26656 957.673000 -0.353728862821464984378 -0.0200628817226989678013 -0.0473333547221636979918 -0.0117646760132052666942 -0.0151956844052280378582 0.999815324734403598761 3.064154668820758598
26657 957.681000 -0.353728706355305899667 -0.0200625386734251051624 -0.0473333605181820923913 -0.0117649016953595021012 -0.0151960679910523189379 0.999815316248811036814 3.06415444781007373365
26658 957.688000 -0.353728566185190718141 -0.0200622324513264824186 -0.0473333647903933091294 -0.01176512988100827245 -0.0151964427103720503553 0.999815307868324953944 3.06415423781504969725
26659 957.696000 -0.353728416259079025963 -0.0200618946791556243547 -0.0473333673048600273026 -0.0117653383013934589862 -0.0151968208538456762274 0.999815299668188606219 3.06415402865694019852
26660 957.703000 -0.353728283554213207562 -0.0200615938788479761246 -0.0473333679533482903912 -0.0117655439343113590173 -0.0151971802403601148612 0.999815291785773774258 3.06415382260492163979
26661 957.710000 -0.353728139903258298471 -0.0200612757665517213446 -0.0473333768383515096634 -0.0117657731654541176242 -0.0151975450303533949487 0.999815283543350030726 3.06415358549334548854
26662 957.717000 -0.353728004783921301524 -0.0200609679215493080795 -0.0473333788859157111872 -0.0117659754558264283836 -0.0151978991730532496385 0.999815275779630474595 3.06415336776773683525
26663 957.724000 -0.353727872346981220275 -0.0200606625689657147582 -0.0473333823443614146176 -0.0117661756018547988822 -0.0151982462424296548009 0.999815268148501856693 3.06415315983941116684
26664 957.732000 -0.353727721364050062824 -0.0200603101073398397414 -0.0473333851233139202286 -0.0117663977972625333895 -0.0151986394077168514988 0.999815259556999680335 3.06415290667916817569
26665 957.738000 -0.353727610753284071876 -0.0200600477201059619603 -0.0473333842064903587143 -0.0117665589081156936324 -0.0151989348026816909615 0.999815253170467377331 3.064152713844364051
26666 957.745000 -0.353727468573072911795 -0.0200597213796141413122 -0.0473333921631625964555 -0.0117667853724150121147 -0.0151993000162241754386 0.999815244953294657293 3.06415245096411581471
26667 957.752000 -0.353727334787374114722 -0.0200594049808024456338 -0.0473333934726083635502 -0.0117669854412233241409 -0.0151996540561597261176 0.999815237216456376146 3.06415220596412218867
26668 957.760000 -0.353727190775568522962 -0.0200590533598741238563 -0.0473333926499072341065 -0.0117671922701822785629 -0.0152000384362045680431 0.999815228938634614764 3.0641519456544927813
26669 957.767000 -0.353727049357438039223 -0.0200587214436876055956 -0.0473334004174375683194 -0.0117674181642543965176 -0.0152004027184208835577 0.999815220741785637415 3.06415166429037189033
26670 957.774000 -0.353727046162095437598 -0.0200588445964518732878 -0.047333371220985798189 -0.0117673760673144365413 -0.0152003831002350021928 0.999815221535507836492 3.06415201312700480329
26671 957.782000 -0.353726769329267221043 -0.0200580362433772189934 -0.0473334047389437212461 -0.0117678231349759871566 -0.0152011289273849391906 0.999815204934390355795 3.06415111332272616096
26672 957.790000 -0.35372661586152237545 -0.020057662133270804522 -0.0473334072008869885528 -0.0117680706022512421988 -0.0152015522714672862703 0.999815195585083360541 3.06415079327741857185
26673 957.798000 -0.353726462752267656331 -0.0200572678651220921708 -0.0473334131719401682292 -0.0117683081332969931287 -0.0152019604866580424624 0.999815186582521220338 3.06415041578847091586
26674 957.805000 -0.353726340805382344357 -0.0200569694851871760388 -0.0473334083770742056196 -0.0117684607302265178269 -0.0152022704285074642533 0.999815180073727494126 3.06415020875534738209
26675 957.812000 -0.353726200207449048563 -0.0200566275823760506447 -0.0473334148227870787906 -0.0117687000872685083863 -0.0152026562279254928711 0.999815171390128210049 3.06414989505514734347
26676 957.820000 -0.353726051204374225545 -0.0200562493758934881627 -0.0473334175092215425629 -0.0117689208651333837574 -0.0152030497323745548283 0.999815162807858759386 3.06414955986618275929
26677 957.827500 -0.353725914532023122394 -0.0200559075947737766588 -0.0473334214006312994916 -0.0117691341136920493704 -0.0152034114854469708245 0.999815154796834471007 3.06414923753288581665
26678 957.836000 -0.353725749344970419319 -0.020055482989118373488 -0.0473334231037134817166 -0.0117693842703201559385 -0.0152038622472581656103 0.999815144997646010339 3.0641488652587800523
26679 957.843000 -0.35372561800946855648 -0.0200551462618729879617 -0.0473334235107462156233 -0.0117695833469294453694 -0.0152042201384635609906 0.999815137211785165405 3.0641485587984536032
26680 957.852000 -0.353725455997892956894 -0.0200547017266420046777 -0.0473334293258700286589 -0.0117698281363098726515 -0.0152046592664427226288 0.999815127652224022725 3.06414811763858629945
26681 957.859000 -0.353725316463355698993 -0.0200543664806203773832 -0.0473334327940834603821 -0.0117700466158125773009 -0.0152050236514295507295 0.99981511953881807564 3.06414782138929542299
26682 957.867000 -0.353725168723712235508 -0.0200539785128842594497 -0.0473334355847602958334 -0.0117702709002524743415 -0.0152054232079536569278 0.999815110821996699819 3.06414745779339137144
26683 957.874000 -0.353725041282039409651 -0.0200536398005152632917 -0.0473334379258183238215 -0.0117704503831443201001 -0.0152057549469300293254 0.999815103663808213419 3.06414714241634777991
26684 957.882000 -0.35372489043963267763 -0.020053244578327258929 -0.0473334409358303828674 -0.01177069739177505521 -0.0152061810001803549008 0.999815094276087279468 3.06414675770582034531
26685 957.889500 -0.353724760343281152686 -0.0200528997928540037021 -0.0473334416131021562535 -0.011770896237395403125 -0.0152065396381569229584 0.999815086480495995858 3.0641464267233482488
26686 957.897000 -0.353724620411999979286 -0.0200525141280178051395 -0.0473334432092106308088 -0.0117710866565167559389 -0.0152069037214905590505 0.999815078701121739968 3.06414605771204451301
26687 957.905000 -0.353724461652018373758 -0.020052102158469774229 -0.0473334513756645813842 -0.011771358551973930967 -0.0152073440291535227215 0.999815068802936246506 3.06414563416758278791
26688 957.913000 -0.353724315334037087144 -0.0200517054626095404812 -0.0473334543171694960284 -0.0117715821030596485414 -0.0152077436305200798528 0.999815060092845042661 3.06414524310860203471
26689 957.921000 -0.353724177298770536826 -0.0200513179870231809943 -0.0473334530272554246388 -0.011771769029137258214 -0.015208113045243559433 0.999815052272932991428 3.0641448690233810126
26690 957.929000 -0.3537240191929980071 -0.0200509016188558826521 -0.0473334609917496276776 -0.0117720396827084867325 -0.015208553724365865556 0.999815042383000895931 3.06414443120183932479
26691 957.937000 -0.35372387717184916589 -0.0200505061244729762548 -0.0473334621894926366181 -0.0117722412089435474886 -0.0152089353319090365285 0.999815034205321473415 3.06414404281004681962
26692 957.944000 -0.353723876134100057023 -0.0200505909558039777107 -0.0473334333288610437096 -0.0117721995946105575243 -0.0152089238675350707508 0.999815034869698249231 3.06414428381041137328
26693 957.949000 -0.353723655905075706762 -0.020049896595321036602 -0.047333467372560826536 -0.0117725939025820659778 -0.0152095534531863224581 0.999815020649599706104 3.06414340910097626747
26694 957.956000 -0.35372352147950680834 -0.0200495306435562077596 -0.0473334724739168863361 -0.0117728073449147319085 -0.0152099148045607909796 0.999815012639267197692 3.0641430111478418219
26695 957.964000 -0.353723376987453874687 -0.0200491259377417359311 -0.0473334744918884331444 -0.0117730302383295942076 -0.0152103178531349542829 0.999815003883125275053 3.06414259723307003114
26696 957.971000 -0.353723249073963186273 -0.0200487673828022294753 -0.0473334758506759045726 -0.0117732257745270570831 -0.0152106728097631642427 0.999814996180561466055 3.06414221622665206013
26697 957.979000 -0.353723111325378813952 -0.020048368058164130201 -0.0473334750313325475224 -0.0117734280167553547608 -0.0152110597499874287963 0.999814987912271857518 3.06414180447409778552
26698 957.987000 -0.353722955339549505194 -0.0200479398457823684843 -0.0473334840034863174596 -0.0117736803209242332779 -0.0152114762729589798884 0.999814978604190329747 3.06414132430263785878
26699 957.995000 -0.353722815894876474463 -0.0200475359927990044728 -0.047333484387464944132 -0.0117738900865872603285 -0.0152118715297800497638 0.999814970120366908191 3.06414090759734314418
26700 958.003000 -0.353722670189176746636 -0.0200471197622572108732 -0.0473334882910781337695 -0.0117741046873427353259 -0.0152122589678399533497 0.999814961698366921894 3.06414045635685328151
26701 958.010000 -0.353722539275770520018 -0.0200467501095768635411 -0.0473334909641077439257 -0.0117743234937015724129 -0.0152126366113886687254 0.999814953375671167102 3.06414004604506429175
26702 958.018000 -0.353722399726540848164 -0.020046340558680070254 -0.0473334917723853762506 -0.0117745216333363465072 -0.015213017714790170315 0.999814945243526320695 3.06413960946618146863
26703 958.026000 -0.353722254356640342099 -0.02004592110685141787 -0.0473334922517482867277 -0.0117747589920550316256 -0.0152134416651541343191 0.999814935997347498109 3.06413914329741787768
26704 958.034000 -0.353722254328396212841 -0.0200459956882343623419 -0.0473334601634941079529 -0.0117747125082916584415 -0.01521343533204817626 0.999814936641148954699 3.06413935665682268805
26705 958.041000 -0.353721982960684133701 -0.0200451307231390637997 -0.047333500111181772696 -0.0117751784058323129278 -0.0152141922930167216438 0.999814919635820475996 3.06413826139051659325
26706 958.048000 -0.353721982901497367102 -0.020045198299975343359 -0.0473334712752865316432 -0.0117751365771112687791 -0.0152141870512978276409 0.999814920208214608088 3.06413845492959646677
26707 958.056000 -0.35372170865980473442 -0.0200443316803946419702 -0.0473335065528877191321 -0.0117756099577148512503 -0.0152149581672719521469 0.999814902898577551049 3.06413735750499949262
26708 958.063000 -0.353721582898223196878 -0.0200439603109985112206 -0.0473335076736887752635 -0.01177580346124898307 -0.0152153138029571012579 0.999814895207467690952 3.06413693503445871968
26709 958.070000 -0.353721467867695593679 -0.0200436024638685345023 -0.0473335067281637628112 -0.011775956806204735533 -0.015215627796038551714 0.99981488862292444697 3.06413654415472969106
26710 958.076000 -0.353721354077310312647 -0.0200432749024272126304 -0.0473335118997981335598 -0.0117761546263182893812 -0.0152159590303044597176 0.999814881252027221059 3.06413616464605675915
26711 958.083000 -0.353721229005636073062 -0.0200429022133023562735 -0.0473335117105863900644 -0.0117763508547997237247 -0.0152163190477857829946 0.999814873461672748434 3.06413574017291523433
26712 958.089000 -0.35372111680910472975 -0.020042573287930798287 -0.0473335182212666349955 -0.0117765308046699056915 -0.0152166237407335824122 0.999814866704901272776 3.06413535083563459693
26713 958.095000 -0.353721013775464721007 -0.020042257577039212374 -0.0473335196340849348462 -0.0117766743940438314148 -0.0152169020011389214547 0.999814860778586611545 3.06413499636251529523
26714 958.102000 -0.353720884922006040263 -0.0200418680143649753644 -0.0473335263490185370605 -0.0117768975410313808672 -0.0152172799075242868444 0.999814852398444919857 3.06413452419870102617
26715 958.108000 -0.353720780264397127723 -0.0200415578655215691206 -0.047333521504550536696 -0.0117770525468113996387 -0.0152175843974631987837 0.999814845938194474151 3.06413418520831637437
