28848 730.830000 19.3712305525379129278 -0.0794278963970931339844 -0.0792477933809632856255
28849 730.836000 19.3711072573651321704 -0.0788252352303692033209 -0.0791553402760315910625
28850 730.842000 19.370983937805181796 -0.0782890497875103757996 -0.079178249323734087306
28851 730.848000 19.370861036408072664 -0.0778412027646687154636 -0.0792992151064058209409
28852 730.855000 19.3707189903896690453 -0.0774477207089600550027 -0.0795384197362240252804
28853 730.863000 19.3705595345910026595 -0.0771763286339666038094 -0.0799011260669441475413
28854 730.870000 19.3704232231233781647 -0.0770884924939129467791 -0.0802597494101068287264
28855 730.877000 19.3702901037181369759 -0.0771238689535362065275 -0.0806241111407626637186
28856 730.884000 19.3701599327733937628 -0.0772598517759235658975 -0.0809662940589697815996
28857 730.892000 19.3700140404416139006 -0.077504588984070629798 -0.0813006960833690395241
28858 730.899000 19.3698880489312621478 -0.0777660891779352742015 -0.0815247030979630304959
28859 730.907000 19.3697449070349847489 -0.0780840840845547085047 -0.081688970657354406657
28860 730.914000 19.3696196428355555952 -0.0783534406279100120729 -0.0817492724485682636937
28861 730.922000 19.3694758383088263543 -0.0786266054428649413532 -0.0817280345983367045859
28862 730.930000 19.3693310399994125248 -0.078844406814423062535 -0.0816245897107189255504
28863 730.938000 19.3691852946757201437 -0.0789959804721012404105 -0.0814600272341148290423
28864 730.945000 19.3690572569863022068 -0.0790718699662938950823 -0.0812855620044826837622
28865 730.954000 19.3688925259618756058 -0.079095920032034361391 -0.0810488220252135738164
28866 730.961000 19.3687647522363093344 -0.0790659005175079893091 -0.0808764674064264971198
28867 730.966000 19.3686713231818892211 -0.0790220713876217256688 -0.0807672436792908898795
28868 730.972000 19.3685619033637337338 -0.0789509468291099969495 -0.0806580960664927959503
28869 730.977000 19.3684716056930277261 -0.0788808839768489339361 -0.0805894386832290421374
28870 730.983000 19.3683642400456328403 -0.0787889530160477413734 -0.0805365286087757620281
28871 730.989000 19.3682581981790882253 -0.0786941405185051373605 -0.0805170704478904430967
28872 730.995000 19.3681531578002079641 -0.0786013618234475963664 -0.0805298134889698979944
28873 731.001000 19.3680491698404111389 -0.0785148120766477469745 -0.0805720578980716889417
28874 731.006000 19.3679632471844911379 -0.0784501463900656448303 -0.0806269985744051259635
28875 731.011000 19.3678774067862704555 -0.0783938353048797137435 -0.0806963866019165393384
28876 731.019000 19.3677407333740632112 -0.0783232571308033753699 -0.0808284495668362829024
28877 731.027000 19.3676044782637291064 -0.0782781164760906617017 -0.0809729411566852130822
28878 731.035000 19.3674680086802979417 -0.0782575641342700412117 -0.0811143242622040100409
28879 731.043000 19.3673310043107669287 -0.0782587264010595196062 -0.0812386590013676329614
28880 731.051000 19.367193245609236385 -0.0782775134510652753628 -0.0813349402102094970468
28881 731.059000 19.3670545394229094427 -0.0783086797944266971294 -0.0813953094128981591293
28882 731.067000 19.3669148923295786346 -0.0783472729096554992845 -0.0814163651949995348378
28883 731.074000 19.3667917903617059494 -0.0783835136735125670437 -0.0814026347494978680386
28884 731.082000 19.3666505960129953223 -0.0784241217223440589823 -0.0813537033609167126169
28885 731.090000 19.3665085300078843034 -0.0784604984945561911847 -0.0812750039932229467743
28886 731.099000 19.3663479719566993253 -0.0784940805652763751166 -0.0811618191881730427495
28887 731.107000 19.3662054196846717957 -0.0785160376592736047874 -0.0810498371805097039822
28888 731.115000 19.366062844413622912 -0.0785304142544581279539 -0.0809370369063527883569
28889 731.123000 19.3659206315426075662 -0.078537981787192609473 -0.0808326562217895200346
28890 731.131000 19.365778889846698263 -0.0785395608570219755373 -0.0807438391781129943814
28891 731.139000 19.3656373415832696594 -0.0785361773333351775861 -0.0806756103950498903998
28892 731.146000 19.3655139338384962855 -0.0785304493108880397045 -0.0806355613545552130095
28893 731.152000 19.3654084982170218154 -0.0785241963455240582492 -0.0806164398767562490056
28894 731.156000 19.3653380023684249522 -0.0785193580126661988539 -0.0806111494206715184507
28895 731.162000 19.3652328347427271638 -0.0785119978839533827486 -0.0806141503224596933652
28896 731.167000 19.3651457008059928455 -0.0785056559801027287193 -0.0806257093655207701666
28897 731.172000 19.3650581933491956477 -0.0784992986402314324446 -0.0806443445304531603135
28898 731.178000 19.3649533436639558204 -0.0784918561788150170866 -0.080674516696642911695
28899 731.183000 19.3648660471701425934 -0.078486200509814002535 -0.0807048971425500805132
28900 731.189000 19.3647614104765217746 -0.0784794961955991715596 -0.080745045336709744821
28901 731.195000 19.3646569090719964379 -0.078473459470601095167 -0.0807876214990381341652
28902 731.200000 19.3645693943103047729 -0.0784686286647676006778 -0.08082294490929931019
28903 731.207000 19.3644469439309112602 -0.0784624419718836368931 -0.0808701619898482687576
28904 731.215000 19.3643067920155651507 -0.0784559723101894285202 -0.0809175063870342381467
28905 731.222000 19.3641838439773792402 -0.0784508157024305929905 -0.0809507670986822913672
28906 731.229000 19.3640606863853186326 -0.078446034512588566634 -0.0809747875463342342561
28907 731.237000 19.3639198969448322885 -0.0784411757647934249071 -0.0809901729089379657234
28908 731.244000 19.3637963442451379592 -0.0784372479110042319927 -0.0809927691047351433484
28909 731.251000 19.3636726712564559705 -0.0784338006299182960435 -0.0809859730360468627053
28910 731.259000 19.3635312014686604698 -0.0784304803866492095121 -0.0809680489586148272041
28911 731.266000 19.3634074628778023452 -0.0784283501318842196648 -0.0809452966119561523328
28912 731.273000 19.3632837872598990714 -0.0784269628876179125676 -0.0809176763592859699115
28913 731.280000 19.363160229192544648 -0.0784263712872467211312 -0.0808869995158595783691
28914 731.288000 19.3630189726944763606 -0.0784265870902736278447 -0.0808503301590789702491
28915 731.295000 19.3628958090593599195 -0.0784276984846761920922 -0.0808189109569386054943
28916 731.302000 19.3627728707058359703 -0.0784295045922184935749 -0.0807894582698755747696
28917 731.310000 19.3626325906441607572 -0.0784323604811705266115 -0.0807597310471539764354
28918 731.316000 19.3625276888230679617 -0.0784346556799593030984 -0.0807405468730906933361
28919 731.324000 19.362387907460661296 -0.0784381787302035338172 -0.080720233354693776695
28920 731.331000 19.3622658482780956035 -0.0784411471179699698597 -0.0807071474279374284633
28921 731.338000 19.3621439309515253058 -0.0784438747777456701904 -0.0806983871176831929484
28922 731.346000 19.3620047798629038027 -0.0784463735333571776653 -0.0806931753938632811973
28923 731.353000 19.361883022708862967 -0.0784479632341269633722 -0.0806921771088907474612
28924 731.360000 19.3617612717708986736 -0.078448804715616368699 -0.0806937902198660850228
28925 731.368000 19.3616220705002426428 -0.078448652202014496071 -0.080697729628737668861
28926 731.375000 19.3615002061171388448 -0.078447698663782330919 -0.0807024457916557802495
28927 731.380000 19.3614130526317467229 -0.078446690144191949523 -0.0807062058596846459979
28928 731.386000 19.3613085162631080038 -0.0784446489290298032415 -0.0807103140216631764758
28929 731.391000 19.3612215848739666058 -0.0784428300662927818765 -0.0807137539517493590724
28930 731.397000 19.3611166132246843574 -0.0784399092482761656209 -0.0807168199956738441347
28931 731.405000 19.3609770002634391517 -0.0784358430175600973566 -0.0807198511004163787863
28932 731.411000 19.3608718357321905046 -0.0784323186465969018899 -0.0807205807077014253492
28933 731.418000 19.36074930511183112 -0.0784282801443127869367 -0.0807201320459358384607
28934 731.426000 19.3606094026847941336 -0.078423894385811654395 -0.0807178050077082542835
28935 731.433000 19.3604867742695532229 -0.0784201872246560183211 -0.0807139918274695361555
28936 731.441000 19.3603465810756993903 -0.0784163313743501400044 -0.0807078844588915433889
28937 731.448000 19.3602240020115736741 -0.078413528277873165151 -0.0807013942623149849176
28938 731.456000 19.3600837531031508831 -0.0784108735725920769077 -0.0806927579448400017492
28939 731.462000 19.3599790921138605881 -0.0784095296087540943875 -0.0806859877827110494319
28940 731.469000 19.3598568133973003569 -0.0784083377140036563713 -0.0806775585009240625567
28941 731.477000 19.3597169930926931158 -0.0784074671133402484324 -0.0806675687230854893128
28942 731.484000 19.3595950373004441758 -0.0784072308703387399476 -0.080658976125820500136
28943 731.489000 19.3595083291919465296 -0.0784074365927375366292 -0.0806531705121898007116
28944 731.495000 19.3594038161723354108 -0.0784074901395383772051 -0.080645953325492139574
28945 731.500000 19.3593168874816328184 -0.0784077298057327259917 -0.0806403196280173067967
28946 731.505000 19.3592301343564265892 -0.0784079841587617121235 -0.0806346970689467423821
28947 731.510000 19.3591437563513331099 -0.0784084486718520518034 -0.0806296395720553227271
28948 731.515000 19.359056822450831703 -0.078408454324282950143 -0.0806243150262257457506
28949 731.520000 19.3589702191463395309 -0.0784088226727681636419 -0.0806196076721718835056
28950 731.526000 19.3588664879189842338 -0.0784088270854442770386 -0.0806139239817716679593
28951 731.533000 19.3587454719338225573 -0.0784087448998604247263 -0.0806077856040068735366
28952 731.539000 19.3586420460790016307 -0.0784085672345848083697 -0.0806029312508731859976
28953 731.546000 19.3585211329696740279 -0.0784079812143314153206 -0.0805973657448469382736
28954 731.554000 19.3583827281210076876 -0.0784068658176206162436 -0.0805911454963477436042
28955 731.561000 19.3582618510010000534 -0.0784056958090048328192 -0.0805860162184082740033
28956 731.568000 19.3581409672611712836 -0.0784042956958580644633 -0.0805810137276579685484
28957 731.576000 19.3580027294437329033 -0.0784025749837662794262 -0.080575525096096375921
28958 731.583000 19.3578818034127024816 -0.0784008360914204005532 -0.0805706661497837262065
28959 731.590000 19.3577608533933691604 -0.0783990210296752199071 -0.0805658301061110138086
28960 731.599000 19.3576053648181058975 -0.0783964814435275936244 -0.0805594661686497570674
28961 731.606000 19.3574843761462318525 -0.0783946788526101029371 -0.0805546209790757722358
28962 731.613000 19.3573633851937181305 -0.0783929489381813005 -0.0805497559192790285598
28963 731.621000 19.3572252339339812011 -0.0783912069984060294603 -0.080544258892986858589
28964 731.629000 19.3570872134904057305 -0.0783896517929654340628 -0.0805387876508662642339
28965 731.637000 19.3569489870590487612 -0.0783880490595547929633 -0.0805330268149163641667
28966 731.644000 19.3568281479955821567 -0.0783868461203918315272 -0.080528019919225035661
28967 731.652000 19.3566898848569550751 -0.0783855052305981181426 -0.0805221016389993105022
28968 731.660000 19.3565519181456231479 -0.0783844877963455199943 -0.0805163853468958273796
28969 731.668000 19.3564142031079704509 -0.0783833737586730194824 -0.0805104713311578096269
28970 731.675000 19.3562937564275472369 -0.0783825032073209304606 -0.0805052274008376395065
28971 731.683000 19.356156218281249437 -0.0783814185627572379556 -0.0804989987458016448274
28972 731.691000 19.3560189441085732653 -0.0783805297794479410856 -0.0804929237527258617524
28973 731.699000 19.3558819025753017229 -0.0783796268021118847091 -0.0804868199492188851618
28974 731.707000 19.3557447283816621564 -0.0783784476156875048458 -0.0804803811154962134289
28975 731.714000 19.3556248462481654826 -0.0783774241836212165468 -0.0804747548949710928001
28976 731.723000 19.3554705197729823851 -0.0783760298495168455934 -0.0804674257906608653146
28977 731.731000 19.3553337853992637463 -0.0783746395129371747901 -0.0804608712668315323446
28978 731.738000 19.3552141561086692434 -0.0783734402628614157393 -0.0804551065392058173398
28979 731.746000 19.3550774903060833765 -0.0783719259086178288154 -0.0804483532397162331984
28980 731.753000 19.3549579711926540426 -0.0783706672735659526374 -0.0804425824756012791683
28981 731.761000 19.3548215394376690313 -0.078369328026923118502 -0.0804361063212499782793
28982 731.769000 19.3546852522549244213 -0.0783680215975997157551 -0.0804297396012868121007
28983 731.777000 19.3545487472168069587 -0.0783665186223121007503 -0.0804231884969354299253
28984 731.784000 19.3544293869793619933 -0.0783652939750746624359 -0.0804175906125063066909
28985 731.792000 19.3542927661045212062 -0.0783638267880498728957 -0.0804111250876196337334
28986 731.800000 19.3541563777855358808 -0.0783626046668344095059 -0.0804050085868803637856
28987 731.808000 19.3540201691757225433 -0.0783612408481421107709 -0.0803988481158122991754
28988 731.816000 19.3538839424719633087 -0.0783598822130414929266 -0.0803926062332310509273
28989 731.824000 19.3537479079227665579 -0.0783587626883778393116 -0.0803866728663368002028
28990 731.832000 19.3536120455054962974 -0.0783576893666905888169 -0.0803808527412345208418
28991 731.840000 19.3534760047039853248 -0.0783564089189875967456 -0.0803748206073289644946
28992 731.847000 19.353357090017162534 -0.0783553541497556960138 -0.080369631881260283901
28993 731.855000 19.353221027975759938 -0.0783540385135661487936 -0.0803635614470643577789
28994 731.860000 19.3531365004573814304 -0.0783534487914015476129 -0.0803600788469110149936
28995 731.866000 19.3530345487451747033 -0.0783523790612475345974 -0.0803554558226437648516
28996 731.871000 19.3529497110784411973 -0.0783515858298413220284 -0.0803517810742918892064
28997 731.877000 19.3528480144954713182 -0.0783507045118790740323 -0.080347281006757281796
28998 731.883000 19.3527465060912220451 -0.0783496295235811823776 -0.0803426338762264213855
28999 731.888000 19.3526622120424498519 -0.0783489882990253960759 -0.0803390739837598760742
29000 731.896000 19.3525268886013641634 -0.0783475839781320043675 -0.0803328880772107983832
29001 731.903000 19.3524086131731571925 -0.0783464061027577124419 -0.0803275108857714748023
29002 731.911000 19.3522732861684225725 -0.0783449453069176154907 -0.0803211800913184309492
29003 731.919000 19.3521382424463794791 -0.0783436821118154436139 -0.0803150751003704477249
29004 731.927000 19.3520034195020578238 -0.0783422367129133351282 -0.0803088120089854723416
29005 731.935000 19.3518686083748434612 -0.0783407662297143508878 -0.0803023684343025512256
29006 731.943000 19.3517340075488597506 -0.0783395169326183554714 -0.0802961539892724229794
29007 731.951000 19.3515995852750393169 -0.078338308973471437735 -0.0802899963231482466375
29008 731.959000 19.3514649802085862973 -0.0783369016300842213596 -0.0802835947132126831471
29009 731.967000 19.3513302556168902413 -0.0783354865277720024963 -0.0802771459353458505248
29010 731.974000 19.3512126527450121216 -0.078334350924615658851 -0.0802716403122942512294
29011 731.982000 19.3510782562501724158 -0.07833317352062500738 -0.0802654927072059820592
29012 731.987000 19.3509946519096232009 -0.0783323749502633642772 -0.0802616011262434758677
29013 731.991000 19.3509272731145287594 -0.0783315702960858395443 -0.0802583143617983246765
29014 731.996000 19.3508433601525950962 -0.0783309607112809280771 -0.0802545745134461141479
29015 732.000000 19.3507766592981766962 -0.0783304060610164609724 -0.0802515726325560008192
29016 732.006000 19.3506758858386902489 -0.078329330085881498924 -0.080246768983875935155
29017 732.014000 19.3505420791985294215 -0.0783282220142171303756 -0.0802407569300588457972
29018 732.023000 19.3503911112385615922 -0.0783266414838770658191 -0.0802336135855104548575
29019 732.031000 19.3502572171349846997 -0.0783254953316604995983 -0.0802276119874233972773
29020 732.039000 19.3501235417993200372 -0.0783241627946649338066 -0.0802215015803215691914
29021 732.045000 19.3500232363106654532 -0.0783232875159908109586 -0.0802169223350918253468
29022 732.051000 19.349923111877505022 -0.0783222271295940103419 -0.0802122233796869893441
29023 732.057000 19.3498232275349018039 -0.0783213672823096507258 -0.080207793467606217086
29024 732.063000 19.3497232016215860995 -0.0783204766381468547864 -0.0802033073505442201112
29025 732.070000 19.3496065120914266799 -0.0783193414203719601163 -0.0801979710460258704563
29026 732.075000 19.3495228895403954539 -0.0783182773005128424204 -0.0801939036122459175671
29027 732.081000 19.3494229906340038383 -0.0783173973643362247854 -0.0801894745392209146173
29028 732.088000 19.3493064955317137787 -0.0783162462465868125516 -0.0801841229329776639112
29029 732.095000 19.349190075636865771 -0.0783150912411308963712 -0.0801787629687455982719
29030 732.102000 19.3490737303895912191 -0.078313933850666081482 -0.0801733940292426727758
29031 732.109000 19.3489574590799797704 -0.0783127755950903947646 -0.0801680159612424697579
29032 732.117000 19.3488246529065541779 -0.0783113500967408254771 -0.0801617066165010855316
29033 732.124000 19.3487085372738469857 -0.0783101947025956895976 -0.0801563103989327702115
29034 732.131000 19.3485924929795096716 -0.0783090424720083583265 -0.0801509071138666040479
29035 732.139000 19.3484600684197225462 -0.0783078406929590686847 -0.0801448190560899720314
29036 732.146000 19.3483441745666375766 -0.0783066977308134043456 -0.0801394050431909754639
29037 732.153000 19.3482283500521852204 -0.0783055596647372897934 -0.0801339883552673881706
29038 732.160000 19.3481125945363388041 -0.0783044264866393779911 -0.0801285705189345720534
29039 732.168000 19.3479805948729008946 -0.0783032758512656051897 -0.080122538073996205088
29040 732.175000 19.3478649868534660072 -0.0783021520369751172774 -0.0801171225922407276299
29041 732.182000 19.3477494478534950417 -0.0783010316719325721868 -0.0801117101588815216928
29042 732.190000 19.3476174345812559352 -0.0782996782610329705721 -0.0801054435932621738958
29043 732.195000 19.3475348516379312969 -0.0782988187268678637043 -0.0801015108699674183157
29044 732.200000 19.347452362039863516 -0.0782980147752621313817 -0.0800977117984657260852
29045 732.206000 19.3473534753665248331 -0.0782971336403980727736 -0.0800930851589510134358
29046 732.213000 19.3472382472810906506 -0.0782960189125197630888 -0.0800876947664795335591
29047 732.222000 19.3470902513579261495 -0.078294407587489484035 -0.0800806220422039527485
29048 732.229000 19.3469751882778382424 -0.0782932901103396972076 -0.0800752438507982278182
29049 732.238000 19.3468276768053577541 -0.0782920992785560848626 -0.0800685887730456374856
29050 732.246000 19.3466963204500750351 -0.0782907400779782880473 -0.0800623676421333557718
29051 732.255000 19.346548406314088453 -0.0782892971186379543758 -0.0800554531650073952775
29052 732.264000 19.3464009787937030183 -0.0782876694099343961586 -0.0800484082756741655018
