20329 667.949000 34.927651185373221665 0.022749726072394661075 1.49017659843733496494
20330 667.955000 34.9260646187673700069 -0.0229592150273474487898 1.48996636608522980971
20331 667.962000 34.9273402851040941641 0.0226331864969409532473 1.48859977543718602355
20332 667.970000 34.924921488510968004 -0.0225876516563925655579 1.487955459581947526
20333 667.977000 34.9269070046340175395 0.0226347402468579442236 1.48701933633735028373
20334 667.986000 34.9271364047833827726 0.0227762762904935855968 1.48629102854405314993
20335 667.994000 34.9263370670017749831 0.0225981069367538721371 1.48584025764049876273
20336 668.002000 34.9245745741763116143 -0.0228264857274690612099 1.48608982335659223217
20337 668.009000 34.9257749365824139431 0.022529741399355679432 1.48551389033470981893
20338 668.017000 34.9254535518369451097 0.0225982885603188445034 1.48564634167166564893
20339 668.023000 34.9230796537905519017 -0.0225363963139076396713 1.48605249624095137051
20340 668.030000 34.9250024866737192042 0.0226203130969857557631 1.48611921569804983356
20341 668.036000 34.9220062216844198133 -0.0226377994236849865162 1.48694682002734457349
20342 668.043000 34.9242583893839153575 0.0224803423314801631427 1.48670657496959379706
20343 668.051000 34.921402379577742181 -0.022670344908836938258 1.48776167115915836092
20344 668.057000 34.9213866476325378585 -0.0224580119240246449397 1.48772800546778816155
20345 668.063000 34.9214089408994539099 0.0226295941729944306842 1.48811268404721230851
20346 668.071000 34.9231738370139268568 0.0225210047399604998408 1.48801212445468311607
20347 668.079000 34.9203289189977041929 -0.0227043075461049737029 1.48883609237622027699
20348 668.088000 34.9227627931255000249 0.0226350658548966805761 1.48837169644265454593
20349 668.096000 34.9202992296621559376 -0.0226217952231522120843 1.48863485815614748908
20350 668.104000 34.9199276181353681636 0.0226406183115905115799 1.48863831476394281594
20351 668.112000 34.9217366601865748521 0.0225211542370734145446 1.48810062246373853156
20352 668.121000 34.9214631411627109969 0.0225467992703786597464 1.48787848065699068734
20353 668.130000 34.9190630123755667569 0.0226134342270091215354 1.48806848118637558009
20354 668.138000 34.9209138119427748848 0.0224987750714092972493 1.48748152713703940542
20355 668.146000 34.9194053895351856909 -0.0228942554370554461618 1.48790524656030864747
20356 668.155000 34.9206205522633936766 0.0226579414029108271167 1.48726129425086672775
20357 668.163000 34.9178075554225273436 -0.0224361280506708525573 1.48739140217498011509
20358 668.171000 34.9206797938930932901 0.0230205242151360033043 1.48759224149473756604
20359 668.179000 34.9198346009412503577 0.0225878146753410967429 1.48715505691959459789
20360 668.188000 34.92010097953146186 0.0228196958020348700247 1.48726061264293552
20361 668.196000 34.9193078736137394458 0.0226588515584789165769 1.4873427959526712705
20362 668.204000 34.9168437464843535167 -0.0225878621686558221648 1.48767864823066964242
20363 668.212000 34.9164695413232095689 0.0226146023233227688731 1.48787966918880054656
20364 668.220000 34.9182695970367973359 0.0225027883402921305422 1.48759580423601422972
20365 668.229000 34.9187296287386175209 0.0228377600240188376179 1.48780012499871183707
20366 668.237000 34.9179447062417906977 0.0226758037888793728687 1.48786283763755045051
20367 668.245000 34.9151183223742052064 -0.0224615771482712806018 1.48811425289936982708
20368 668.254000 34.914612978939750576 -0.0226838946610222538802 1.48847315518252143463
20369 668.262000 34.9147577460269076255 -0.0225140840904720120064 1.48817549773364699028
20370 668.271000 34.9146473747853605119 -0.0225988708768290330609 1.48812557922862387372
20371 668.279000 34.9171940105760469919 0.0230480200851163746778 1.48828478289688570513
20372 668.287000 34.9163380942567727061 0.0226078021919211627488 1.48777673569193424896
20373 668.295000 34.9139070058511222783 -0.0225948933920361409722 1.48798782583978983496
20374 668.303000 34.9135649833051857627 0.0226150062675073114382 1.48802100911093626578
20375 668.311000 34.915392198179155514 0.0224974082759722554536 1.48758088763134543875
20376 668.320000 34.9158792222765796964 0.0228283015489851408286 1.487640078728082349
20377 668.328000 34.9151157022474052383 0.0226640715939278800106 1.48761161599589009086
20378 668.337000 34.9146057336763391277 0.0224954078046315890382 1.4875279053570285015
20379 668.343000 34.9118902093172991385 -0.022678466798766849094 1.48816470113508803053
20380 668.352000 34.914358889018664911 0.0226004868663844775412 1.48761328531551062504
20381 668.360000 34.9119344242163052172 -0.0225920235881828315727 1.4879081355867729286
20382 668.368000 34.9115873123014708312 0.0226146531286890301038 1.48802938849404409183
20383 668.375000 34.9111123401466230121 -0.0224518751031540786389 1.48795264787726111422
20384 668.384000 34.9119010394375806072 -0.0229052533406045137621 1.48830146777566096894
20385 668.391000 34.9131542226547253449 0.0226066446047708501099 1.48779567116000532856
20386 668.400000 34.9126818830258471849 0.0225372525155638908645 1.48775274356908093765
20387 668.407000 34.9103789810536824234 0.0226190269370065560883 1.4881979161740725992
20388 668.415000 34.9122011276655257461 0.022505527538255111486 1.48781817384090753187
20389 668.422000 34.9127385921256490064 0.0228407937639399823138 1.48793297016706249636
20390 668.428000 34.9120206699293049724 0.0226075706232154692576 1.48788551754883191514
20391 668.435000 34.9123461217142576629 0.0228340539883724567838 1.48792853219835685685
20392 668.443000 34.9115838699276466173 0.0226714591778502637387 1.48791133048601054156
20393 668.451000 34.9087789381090445318 -0.0224537257927094648091 1.48810445276319835983
20394 668.458000 34.9083629806699420328 -0.0226825810769774802167 1.48843779804820286472
20395 668.466000 34.9085137602688106995 -0.0225068787217995516792 1.48813279547988219775
20396 668.474000 34.9111783932580195255 0.0228361778300705531297 1.48788407457564963998
20397 668.481000 34.9081889793662440979 0.0225891688847380395222 1.48816139055841523131
20398 668.489000 34.9099835046569566543 0.0225036669824155502462 1.48778736699716840342
20399 668.497000 34.9084765187604730841 -0.0229026671997365829925 1.48837428355448220252
20400 668.504000 34.9097426293575878731 0.0226075913423155541726 1.48784049368011772607
20401 668.512000 34.9069744643236887782 -0.0224548252744844120676 1.48808764657547221155
20402 668.519000 34.9065577033803506879 -0.0226815543908220826341 1.4884330743969360622
20403 668.526000 34.908882748493795134 0.0225002754632722852535 1.48781398540035469935
20404 668.532000 34.9061716327219073719 -0.0226815973637798269646 1.48845056403141207113
20405 668.537000 34.9085745858731613112 0.0225351906478643178311 1.48780323258307234369
20406 668.541000 34.9086496217210822124 0.0226067122271800431677 1.48788738165824141468
20407 668.546000 34.909090995195846574 0.0230397289427578672028 1.48835437177896978689
20408 668.552000 34.9081129349322765165 0.022504077083543287674 1.48785420567366943878
20409 668.557000 34.9087920187991400667 0.0230448673381517150915 1.48837623588759337956
20410 668.562000 34.9054952798723121532 -0.0224548642480345908568 1.48816397647898512879
20411 668.568000 34.9055707832239150434 0.0226162283364599002444 1.48828031874290234171
20412 668.575000 34.9051043840959920317 -0.0224519642687577951345 1.48818095523785776102
20413 668.581000 34.9080809515290937384 0.0230450154553618960507 1.48841707420247715277
20414 668.589000 34.907234902841736357 0.0226077846573959802268 1.48796727005813567146
20415 668.597000 34.9048142812311752436 -0.0225944063159382244055 1.4882364733395172518
20416 668.605000 34.9073733890226378662 0.0230443059099471186935 1.48844163944576290959
20417 668.613000 34.9065292218762124321 0.0226068226324261448146 1.48798689278855356122
20418 668.620000 34.9068633720266348064 0.0228341446814057554004 1.48803307341788082496
20419 668.628000 34.9061101480422522059 0.0226738049860322476992 1.4880240162865083775
20420 668.636000 34.9033134071290263023 -0.0224512127308103340284 1.48822911348443387425
20421 668.643000 34.9041826731452289323 -0.0229109449659034326852 1.48854426479863466426
20422 668.651000 34.9031878853281796182 0.0225897159442652491201 1.48833023151834709097
20423 668.659000 34.9049797093775637791 0.0225036458832264599228 1.4879652187124232654
20424 668.666000 34.9055722281230345061 0.0230390192131253619678 1.48847805216149997598
20425 668.674000 34.9047563027165921312 0.0226093952327822457493 1.4880232091944485262
20426 668.681000 34.9043571693197236527 0.0225378390378360334012 1.48795784352294457875
20427 668.689000 34.9015790435654835733 -0.0226815367890218083646 1.48861270953113189464
20428 668.696000 34.9039103553482163989 0.0225037043882830474495 1.48798945142149108278
20429 668.704000 34.9017056393443780848 -0.0225988785939233577382 1.4883204238597311786
20430 668.712000 34.9013834655975472288 0.0226162493677632345235 1.4884008337677465672
20431 668.720000 34.903222383139471674 0.0225051753305505752856 1.48801243835502372548
20432 668.728000 34.901018102104984564 -0.0225983866625178858589 1.48834391689711931228
20433 668.736000 34.9035937576380987934 0.0230437859080346932328 1.48854176807028326657
20434 668.742000 34.9025992434115508445 0.0225037351621596992679 1.48803966866822934279
20435 668.748000 34.8998890060798103718 -0.0226813483421238193394 1.48867070592384886929
20436 668.757000 34.9023750338410181371 0.022610188701941293099 1.48810053404370767893
20437 668.764000 34.9019814921380557848 0.022539657944337487816 1.4880368757317163908
20438 668.769000 34.899803864350673166 0.0225898753951403151452 1.48843674646308787857
20439 668.774000 34.8997025686364708008 -0.0225984937038566889578 1.48838849910678416855
20440 668.779000 34.901750727730721735 0.0226069681067734978841 1.48812315651147453188
20441 668.786000 34.9020970923187192625 0.0228360928069739170521 1.48817098600553743282
20442 668.793000 34.8991193051794326152 0.0225904095184610818892 1.48845630626640956784
20443 668.800000 34.8986174525039984928 -0.0224541373474779135111 1.48837559773927008422
20444 668.806000 34.9015996309250056129 0.0230439648829863959201 1.48860452469171478107
20445 668.813000 34.8984350741245421545 -0.0225082671446013155014 1.48843486756481135913
20446 668.820000 34.8991171955389347659 -0.0229049275810187073776 1.48869362807614913358
20447 668.827000 34.900389198338679364 0.02261165757873116397 1.48816061138470434599
20448 668.836000 34.899933484433475428 0.0225074626818168449516 1.48812150636143880611
20449 668.845000 34.8996872957572605856 0.0225397175852846513855 1.48810826477177160498
20450 668.853000 34.898193243111293782 -0.022911116590567822543 1.48873318244762042895
20451 668.861000 34.8972051954977402488 -0.022590170848263785297 1.48852133363320215942
20452 668.867000 34.8998165310340624501 0.022838155034101612767 1.48824220782709071287
20453 668.872000 34.8967731698988785638 -0.0225068041528044895938 1.48848491413041594811
20454 668.876000 34.8996321188748765962 0.0230482453940833442729 1.48866671108401593671
20455 668.882000 34.8986459685600465264 0.0225090962786176698729 1.48816288731111279198
20456 668.887000 34.8993257085963080044 0.023046999264209142716 1.48867576279597768618
20457 668.893000 34.8983362357695341416 0.0225081259298054586759 1.48817375110975436137
20458 668.898000 34.8990185174763993814 0.0230469086860320346299 1.48868859012592902324
20459 668.903000 34.8957311109766337154 -0.0224542899136988757802 1.48847126900789916704
20460 668.908000 34.8954358711551009264 -0.0226742112879492509203 1.48880581793245037048
20461 668.913000 34.8977917279431295583 0.0225403986252452649686 1.48816983584164908017
20462 668.918000 34.8956153169204483788 0.0225901255700908971946 1.48857080730895185994
20463 668.925000 34.8951184593895504804 -0.0224545315027293683474 1.48848953624163504728
20464 668.933000 34.8979738652222835071 0.022839668952583776218 1.48830942678633237897
20465 668.941000 34.8972369407914655426 0.0226726919935154591634 1.48829353641515460538
20466 668.949000 34.8944501751315740989 -0.0224513037314668824351 1.48849933924743038638
20467 668.956000 34.8953286422719699544 -0.0229110206375077486707 1.48881512502442925339
20468 668.965000 34.8938573353870751248 -0.022673203601053522338 1.48884682073295082638
20469 668.972000 34.896147103417206381 0.0225082383711154437878 1.48823808372865018512
20470 668.979000 34.8967015582334809665 0.0228434856614570733213 1.48834747266773947949
20471 668.988000 34.896530586885809555 0.0230474299364012286118 1.4887653663980531249
20472 668.996000 34.8956963382924456596 0.0226132834077523506289 1.48831367997992503049
20473 669.004000 34.8929386456156365171 -0.022453687550228862424 1.48856000165578628014
20474 669.012000 34.8957966852906906752 0.0228433068053817828202 1.48838141802156820326
20475 669.020000 34.8923449811091899164 -0.0226740224895109164505 1.48890577125573764228
20476 669.028000 34.8924670712740692124 -0.0225079080294953402797 1.48862703193536427548
20477 669.035000 34.8924396663633729077 -0.0225981727942859943192 1.48861984240163036652
20478 669.043000 34.8950247830784974212 0.0230467694432818573369 1.48881580942127467182
20479 669.050000 34.8918673621605464064 -0.0225079050168230584972 1.48864426971937358068
20480 669.057000 34.8918405931030903844 -0.0225982246096946420844 1.48863699175024044585
20481 669.063000 34.8911460346466952842 -0.0226743101644225238112 1.48894070804026523724
20482 669.071000 34.893441040924237484 0.0225073038543304945747 1.48832843617283505644
20483 669.079000 34.8912433779798902833 -0.0225982052102957527151 1.48865495978843420666
20484 669.086000 34.8905493813018665605 -0.0226741843826448706556 1.48895909577137630642
20485 669.094000 34.8906735276669053292 -0.0225078766405248584248 1.48868072771613313421
20486 669.102000 34.8926120525163696584 0.0225417941953895070717 1.48833271544224343685
20487 669.110000 34.8911264124606290693 -0.022911036965152370426 1.48895552402836650607
20488 669.117000 34.8924050960058167448 0.0226141690845502764395 1.48841792675713135985
20489 669.122000 34.8928094846251894978 0.0228446938907730240365 1.4884743551202586076
20490 669.126000 34.8919538878142674321 0.0225096759991845717097 1.48837736725145197703
20491 669.133000 34.8925131499812763991 0.0228458028962991339939 1.4884846097176955837
20492 669.141000 34.8903405433806597102 -0.0229051212343574887853 1.48897648028002183018
20493 669.147000 34.8892404157133171339 -0.0225096532097215015766 1.48873794303896911373
20494 669.155000 34.8911863201732899142 0.0225406087171664167024 1.48838697433182209906
20495 669.162000 34.8918090569138854562 0.0230447864492672772896 1.48892152683714540373
20496 669.170000 34.8909807540248664282 0.0226103078812945404441 1.48846696226826891163
20497 669.178000 34.8882314799701447328 -0.022455203704768188222 1.48871011484438175998
20498 669.186000 34.8910931983315393268 0.0228412650292206913238 1.48852778977804800498
20499 669.194000 34.8876463816417512476 -0.0226746851328888075761 1.48905102425734980898
20500 669.202000 34.8877734715300960033 -0.0225079098541159511315 1.48877228714270382071
20501 669.209000 34.8877504520529768683 -0.0225980235151810177063 1.48876592707457811038
20502 669.218000 34.8882323601830535154 -0.0229110406441635806873 1.48904794287231245775
20503 669.226000 34.8901401960702131078 0.0230186618621049353395 1.48895249837962384554
20504 669.233000 34.8869442209154740908 -0.0225096347715625678954 1.4888118665048872824
20505 669.241000 34.8888926394260039388 0.0225420837426554866723 1.48846214540603805077
20506 669.250000 34.8893879336679191283 0.022842996871167406403 1.48859092543859761193
20507 669.258000 34.8859448685538211521 -0.0226734626480214404576 1.48911462359524171539
20508 669.266000 34.8860772886189565156 0.0225085009300263969023 1.48883488908907923864
20509 669.273000 34.8856899235382158508 -0.0224573111968376648573 1.488804031362317426
20510 669.281000 34.8885698538472652785 0.02284248913800294295 1.48861923326037293158
20511 669.286000 34.8855509495733073777 -0.0225089834558955675936 1.48885365605945452216
20512 669.292000 34.8882792486064587933 0.0228427574824191965963 1.48862422664593307964
20513 669.298000 34.8875838792265824395 0.0226144845463651378292 1.48857682055382301023
20514 669.306000 34.8848379991789698806 -0.0224538527726656778061 1.48882044904131993768
20515 669.314000 34.8869542637033376309 0.022545641984643153416 1.48852572710452291105
20516 669.322000 34.885484373901810784 -0.0229112272564667394936 1.48914364706466950672
20517 669.331000 34.8840263579342888534 -0.0226736523297888688255 1.48917317063209830863
20518 669.338000 34.8863258130362012821 0.0225104146120193616964 1.48856152684228670857
20519 669.345000 34.8841339299839603427 -0.0228048998774322553285 1.48921456481776526282
20520 669.352000 34.8860138639603292177 0.0224827426757427117909 1.48857619195729062866
20521 669.360000 34.8859247573037407619 0.0226633866486023426157 1.48867702060556106325
20522 669.367000 34.8863268956994545533 0.0228376291890267958673 1.48867107363948014687
20523 669.374000 34.8862497965787952126 0.0230203380341160619704 1.48907182053539943745
20524 669.382000 34.8853876755649494612 0.022616421808227173823 1.48864317314284444471
20525 669.389000 34.8850068998197500036 0.0225457200905168006488 1.48857702664557334238
20526 669.397000 34.882811147982629052 -0.0226037729837775952513 1.48893542229898390161
20527 669.404000 34.8833980746176663956 -0.022906100764082511223 1.48920775267470628656
20528 669.412000 34.8823747726826240978 0.0225923121301899766655 1.48901148657096649153
20529 669.419000 34.8818922061061726936 -0.0224550163127965746179 1.48892971106849159035
20530 669.426000 34.8827763809845521337 -0.0229108296457589018236 1.48923866141064431545
20531 669.431000 34.8839076318267231613 0.0225118190588118327611 1.48864978010832094135
20532 669.437000 34.8817750765096334931 -0.022604589917389748821 1.48898107032336191047
20533 669.444000 34.8810889199783389358 -0.0226743578971694038915 1.48928016262355389365
20534 669.450000 34.8810869964185599201 -0.0224537877629422122361 1.48895275532401627494
