19071 1434.417000 -0.336718769805388840055 -0.0262640958781713874937 -0.0450332535062480665555 -0.0131229695886255336851 -0.0186876164721652554546 0.999739246333645525944 3.04914458953801181806
19072 1434.424000 -0.336717461418411190266 -0.0262614583436632069435 -0.0450334267164821805407 -0.0131245441034453166895 -0.0186965398211011678276 0.999739058825248938511 3.04914234790183913404
19073 1434.432313 -0.336716030497992868664 -0.0262579725087016893625 -0.0450330785956833540284 -0.0131246050952454462041 -0.0187073279085675676925 0.999738856213768900538 3.04913877582233316943
19074 1434.441000 -0.336714576024486289541 -0.0262535936502275926707 -0.0450320152449443650289 -0.0131226214278625744752 -0.0187197511295219692906 0.999738649710268045823 3.04913356882952779614
19075 1434.450000 -0.336713335200906849209 -0.0262488932580185463372 -0.0450303299025097830688 -0.0131189589520747384999 -0.0187319164795895151676 0.999738469911514049393 3.04912723865663748413
19076 1434.460000 -0.336712217423118631565 -0.0262433970724719953238 -0.0450280310068824976555 -0.0131138963989069351479 -0.0187445394021324152067 0.999738299738406777095 3.04911883042500653218
19077 1434.469000 -0.336711460367088877277 -0.0262386655401822543876 -0.0450254159121862979065 -0.0131086049128998280433 -0.0187544875257731405438 0.999738182563256416735 3.04911105784600522384
19078 1434.478562 -0.336710896944709792145 -0.0262340405732701363595 -0.0450228206478523185208 -0.0131036360646779453942 -0.0187630247899446996052 0.999738087512232476151 3.04910276356271747744
19079 1434.488000 -0.33671045578743658 -0.0262291688212230658661 -0.0450201018687263684881 -0.0130987378042896323443 -0.0187708760369819441238 0.999738004319500994654 3.0490931848854194719
19080 1434.497000 -0.336710192222777260351 -0.0262253762865816072991 -0.0450176871598079314518 -0.0130947273110833990739 -0.0187758903659417664134 0.999737962697033299975 3.04908505412892960607
19081 1434.507000 -0.336709999056629294412 -0.0262215007677219814897 -0.0450154979775789776397 -0.013091243285895984641 -0.0187804401734503710608 0.999737922865848283038 3.04907616866719610726
19082 1434.516000 -0.336709899138645130101 -0.0262187070384838835646 -0.0450138017475164922687 -0.0130886758500370018604 -0.018783003559414045841 0.999737908324866864085 3.04906931305613237981
19083 1434.526000 -0.336709841165595047396 -0.0262159955699585583977 -0.0450123871508832512633 -0.013086562401598415481 -0.0187853379304355576351 0.99973789213140684673 3.04906243695550749351
19084 1434.534000 -0.336709812737844060848 -0.0262143021346051968701 -0.0450115489912364108438 -0.0130853685836346371463 -0.018786598169583803436 0.9997378840767439101 3.04905803533215236101
19085 1434.542000 -0.336709773519048793933 -0.0262129975725347019733 -0.0450109983436888100305 -0.0130846623451773558244 -0.0187875545811998258261 0.999737875347418980532 3.0490546896117063369
19086 1434.551000 -0.336709728876644076578 -0.0262116971731336488582 -0.0450105707168705210242 -0.0130842454216482610013 -0.0187886876318665019259 0.999737859510591020396 3.04905154400121070069
19087 1434.560000 -0.336709626052511978855 -0.0262108022360821937835 -0.0450104543961032180222 -0.0130844415596968102061 -0.0187897899691980424519 0.999737836226070153423 3.04904978477961075001
19088 1434.569000 -0.336709479207102591047 -0.0262100276847046995132 -0.0450104663142407365739 -0.0130850141872296491657 -0.018791074272410304008 0.999737804592488399358 3.04904867719042327323
19089 1434.578000 -0.336709274373358513621 -0.0262093819071719039138 -0.0450106021247764498394 -0.013085953122111703556 -0.0187925412014887001366 0.999737764729369482453 3.04904828713244846483
19090 1434.587000 -0.336709014651643823157 -0.026208818317688321875 -0.0450108100142821640488 -0.01308716727736812524 -0.0187942134373174606077 0.999737717400882575092 3.04904846559443987175
19091 1434.597000 -0.336708639830192613118 -0.0262081239139044207265 -0.0450110783690061966311 -0.0130887798630855822085 -0.0187962343667844901385 0.999737658296077302822 3.04904877914355143531
19092 1434.606000 -0.336708228393262309908 -0.0262075327041789256366 -0.0450113693762736327697 -0.013090436566335931709 -0.0187983006300715474457 0.9997375977544926684 3.04904940020726167305
19093 1434.615000 -0.33670775219325121963 -0.0262069724868835111919 -0.0450116821210788872754 -0.0130921316096672540885 -0.0188004706641893351571 0.999737534752356937773 3.0490502763379665474
19094 1434.624000 -0.336707238270830488958 -0.026206301809316361745 -0.0450119688559516978321 -0.013093808551918766081 -0.0188025931524683151408 0.999737472873928445516 3.04905080382617343915
19095 1434.633000 -0.336706688596426162441 -0.0262055883327837052521 -0.0450122456706843060426 -0.0130954146464855782778 -0.0188046574811998254417 0.999737413010162168092 3.04905112471995121126
19096 1434.642000 -0.336706118568742662767 -0.0262048498947879196508 -0.0450125098287163238897 -0.0130968742577139470734 -0.0188065749824598837936 0.999737357820596139746 3.0490512174571891002
19097 1434.652000 -0.336705492525995297992 -0.0262039663606429551468 -0.0450127790795671473001 -0.0130982372676734445949 -0.0188084585968305469106 0.999737304528390158254 3.04905087813545749853
19098 1434.661000 -0.336704927911730900192 -0.0262033124013452550782 -0.045012997612006104553 -0.0130992493037022823821 -0.0188099527572502846218 0.999737263157150501947 3.04905072560960199723
19099 1434.670000 -0.336704395056242999917 -0.0262026300400782785616 -0.0450131830587234410546 -0.0130999930143912094588 -0.0188112189599533470574 0.999737229587986941937 3.04905022844192474807
19100 1434.680000 -0.336703862588697444558 -0.0262018814276997087653 -0.0450133365760938264355 -0.0131004571260495122215 -0.018812397273867107611 0.999737201334380043427 3.04904943925421845208
19101 1434.689000 -0.336703425420161905901 -0.0262014004433990393972 -0.0450134153409193563111 -0.0131006141609746693671 -0.018813243028591372652 0.999737183361383396907 3.04904906463979852305
19102 1434.698000 -0.336703052158666360505 -0.0262009255503947227628 -0.0450134320417488048571 -0.0131004989338486012296 -0.0188140031834129646537 0.999737170566293853469 3.04904858608053297431
19103 1434.708000 -0.336702724748353610096 -0.0262004965619410910838 -0.0450133619284964620055 -0.0131000442533104541343 -0.0188147371670360288864 0.999737162711228033452 3.04904825590358496967
19104 1434.717000 -0.336702480530335634956 -0.0262001567158329090601 -0.0450132306391693159942 -0.0130995160121507459722 -0.0188154627136186899938 0.999737155978070113349 3.04904811188960955803
19105 1434.727000 -0.336702296241421838996 -0.0261998596031067128298 -0.0450130005992506118662 -0.0130987154900058626328 -0.0188162611748499304654 0.999737151439272997422 3.04904824696566301157
19106 1434.734000 -0.336702197989050155957 -0.0261996691732288150556 -0.0450128013266998389108 -0.0130981347755873903105 -0.0188168972966420017245 0.999737147074933996116 3.04904848495715175005
19107 1434.740000 -0.336702138020781083227 -0.0261995211347379082512 -0.045012608354797381538 -0.0130976234457602334904 -0.0188174787888799842361 0.999737142829105418507 3.04904879597921185663
19108 1434.745000 -0.336702103753901527128 -0.0261994066308679184052 -0.0450124356393641483765 -0.0130971983257069379825 -0.0188179868223946368533 0.999737138835988914387 3.04904912782163428631
19109 1434.751000 -0.336702069405441728467 -0.026199266222791950387 -0.0450122229109854235518 -0.0130967374822182000549 -0.0188186500623470504001 0.999737132388885840761 3.04904958804201564604
19110 1434.757000 -0.336702043129294359414 -0.0261991242635706937658 -0.0450120086640276584333 -0.0130963308010390456354 -0.0188193550762262504228 0.999737124445253755312 3.04905011349675092447
19111 1434.762000 -0.336702026909148632861 -0.0261990053293034222404 -0.0450118336318639788995 -0.0130960241033675085093 -0.0188199476345422313239 0.999737117308203693256 3.04905060154268747752
19112 1434.768000 -0.336702004266047905112 -0.0261988522162561465745 -0.0450116342090670987219 -0.0130957572318029392272 -0.0188207141777668035543 0.999737106373652983926 3.0490512106197180664
19113 1434.773000 -0.336701976466054819781 -0.0261987100264560977825 -0.0450114847322986774691 -0.0130956248770893787098 -0.0188213831493576587428 0.999737095513327123086 3.04905172546239988662
19114 1434.779000 -0.33670194377025147725 -0.0261985384916313193693 -0.0450113213362493685965 -0.0130955350046328185959 -0.0188221827473517774876 0.999737081636750901659 3.04905236866181006405
19115 1434.784000 -0.336701910507868185096 -0.0261983903869107276341 -0.0450112038037502465437 -0.0130955370271801097015 -0.0188228543806056476673 0.999737068965103614637 3.04905291742943340694
19116 1434.790000 -0.336701851650975103603 -0.0261981906159485210261 -0.0450110959414671413237 -0.0130956650467008214184 -0.0188236723197507289929 0.999737051887836680741 3.04905352429176756957
19117 1434.796000 -0.336701785573361944692 -0.0261979908254850180072 -0.0450110179715035516046 -0.0130958489665344447045 -0.0188244331780559985556 0.99973703515242973161 3.0490541462259259653
19118 1434.801000 -0.336701713912193889566 -0.0261978113022048944569 -0.0450109798936707133921 -0.013096108242806214772 -0.0188250848855236393997 0.999737019484597144725 3.04905462013435490931
19119 1434.807000 -0.336701607954347115204 -0.0261975823090144603611 -0.0450109691220095115005 -0.0130965003155039203669 -0.0188258284435260832279 0.999737000347041826487 3.04905513807316452812
19120 1434.812000 -0.336701514660459333417 -0.0261973991095786201688 -0.0450109836992083206519 -0.0130968519448096745728 -0.0188263893210441832227 0.999736985178735881874 3.04905558082823535671
19121 1434.818000 -0.336701375880046671618 -0.0261971588904744909221 -0.0450110342021992071437 -0.0130973896883165522725 -0.018827076790816302948 0.999736965187776216446 3.04905601621226773901
19122 1434.824000 -0.336701226244200235715 -0.0261969233957797358048 -0.0450111136505813164144 -0.0130979382451900851908 -0.0188276757054626382726 0.999736946722113994923 3.04905643261774539354
19123 1434.829000 -0.336701085286040147082 -0.026196719759446200626 -0.0450112004551246128181 -0.0130984561722121695126 -0.0188281754475216195344 0.99973693052483658672 3.04905672051264620137
19124 1434.835000 -0.336700899461197689089 -0.0261964696319838437344 -0.0450113272636438258023 -0.0130990966356134483362 -0.0188287237124256344456 0.999736911807647343764 3.04905700747310692833
19125 1434.840000 -0.336700744280026165178 -0.0261962755936978770877 -0.0450114430979294682933 -0.0130995995199690677679 -0.018829117209597744792 0.999736897807379953917 3.04905725830244467289
19126 1434.846000 -0.336700538942048488433 -0.0261960303606694859535 -0.0450115957383022194382 -0.0131002492017274190655 -0.0188296059911783331131 0.999736880088490931229 3.04905747211894295745
19127 1434.852000 -0.336700333088592151931 -0.0261957980104266623111 -0.0450117534537697316921 -0.013100833415998118861 -0.0188300163261058799147 0.999736864704390715275 3.04905768390766818143
19128 1434.858000 -0.336700121587357625863 -0.0261955119570870288703 -0.0450119010970279898043 -0.013101407257571310444 -0.0188304554628236087144 0.999736848913219677826 3.04905769167430351629
19129 1434.863000 -0.33669993494271699408 -0.0261953679203137147768 -0.045012043185859343386 -0.0131018691924861124809 -0.0188307687883877312995 0.999736836957857200048 3.04905794892529558027
19130 1434.869000 -0.336699725661782689468 -0.0261951524514886305295 -0.0450121874815043246376 -0.0131023320278046452592 -0.0188311350103964152136 0.99973682399402163945 3.04905810854864123272
19131 1434.874000 -0.336699547902272966482 -0.0261949685630611280029 -0.0450123000773574241662 -0.0131026900310757497825 -0.0188314484270436025004 0.999736813398450885337 3.04905820936808691357
19132 1434.880000 -0.336699346448110503616 -0.0261947615667328728706 -0.045012417521576433832 -0.0131030258904451992613 -0.0188317945986280106674 0.999736802475886254804 3.04905835854796603002
19133 1434.886000 -0.336699150419135229129 -0.026194502811820806476 -0.0450125132338632938378 -0.0131033312692788242448 -0.0188322063954354003423 0.999736790716400092194 3.04905834320105117996
19134 1434.891000 -0.336698987675174976619 -0.0261943784431932225054 -0.0450125823881314945929 -0.0131035292534859466873 -0.0188325173152123319376 0.999736782264549428412 3.04905859552293234671
19135 1434.897000 -0.336698814445460237188 -0.0261941863764063101461 -0.0450126373759414943887 -0.0131036817985683527732 -0.0188329126953200691463 0.999736772817091279286 3.04905878243036498887
19136 1434.902000 -0.336698672957365885416 -0.0261940197177074063362 -0.0450126679950980379541 -0.0131037818320924558113 -0.0188332721668095261214 0.999736764734191374338 3.04905892554659985194
19137 1434.908000 -0.336698520771588960532 -0.0261938298654599520388 -0.0450126817674527668345 -0.013103818682232488968 -0.0188336960944165236753 0.999736756265051207393 3.04905914479112194471
19138 1434.913313 -0.336698399589659025377 -0.0261936668824643940912 -0.0450126768802349280785 -0.013103843647379181947 -0.0188341045480530343281 0.999736748243025274974 3.04905932453764139112
19139 1434.919000 -0.336698261861154757302 -0.0261934660628593551923 -0.0450126551275504549476 -0.0131038353264628960881 -0.0188346089302213783034 0.999736738849874684298 3.04905954767124898197
19140 1434.925000 -0.336698144463253357106 -0.026193277278823805243 -0.0450126120803033061279 -0.0131037707329382958205 -0.0188351238561538202043 0.999736729995403083926 3.04905983545909098353
19141 1434.930500 -0.336698048351485756946 -0.0261931093601651641956 -0.0450125677251641542753 -0.0131037215509520726248 -0.0188355860933109610367 0.999736721931347549486 3.04906006305599630579
19142 1434.936000 -0.336697947659412855081 -0.0261929133548805398446 -0.0450125020663135130827 -0.0131036207608257217194 -0.0188361322825662119707 0.999736712961763029917 3.04906037976841304271
19143 1434.942000 -0.336697847787418957921 -0.0261927039957393949232 -0.0450124297743028922714 -0.013103562890537819724 -0.0188367440616377598839 0.999736702193497639435 3.04906067785132162129
19144 1434.947000 -0.336697769923500145328 -0.0261925263379029736599 -0.0450123662534921836764 -0.0131035071530242585441 -0.0188372500348301247231 0.999736693390522623837 3.04906093566273916906
19145 1434.953000 -0.33669768743496086838 -0.0261923194143452581217 -0.0450122858573717143926 -0.0131034369299073399223 -0.0188378584585128759643 0.999736682846698920812 3.04906128637925988301
19146 1434.958000 -0.336697614608815365411 -0.026192134057313791462 -0.0450122227652430262346 -0.0131034158047047249313 -0.0188383855857426271707 0.999736673190881885986 3.04906155267175815737
19147 1434.964000 -0.336697534527717834418 -0.026191915006399384136 -0.0450121492183970101086 -0.0131033842069189446905 -0.0188389920437578572976 0.99973666217714618476 3.04906189793378246122
19148 1434.969000 -0.336697463705070865192 -0.0261917228371171678658 -0.0450120934371954495301 -0.0131034138552761671159 -0.0188395325116414852351 0.99973665160385127848 3.04906216074221259049
19149 1434.975000 -0.336697373707319336233 -0.0261914822439198759219 -0.0450120370885980641829 -0.0131034799985627701396 -0.0188401666863559046072 0.999736638786014153446 3.04906245341203518961
19150 1434.980000 -0.336697305617116304788 -0.0261912915214782757167 -0.0450119950507859439837 -0.013103526616029375837 -0.0188406583380704879815 0.999736628909640101526 3.04906273341777112051
19151 1434.986000 -0.336697210226682142054 -0.0261910436318143098611 -0.0450119580026702229003 -0.0131036700365789685746 -0.0188412904208649402416 0.999736615117626237215 3.04906300445887001871
19152 1434.992000 -0.336697116709147592495 -0.0261908005172129774996 -0.0450119320336648115477 -0.0131038065829895029879 -0.0188418643519505692174 0.99973660251127061116 3.04906328940041371212
19153 1434.997500 -0.336697030767152571951 -0.0261905894679086460874 -0.045011920371446391409 -0.0131039777367029305899 -0.0188423657865239638221 0.99973659081732269005 3.04906349110257890445
19154 1435.003000 -0.336696918891776608707 -0.0261903279753380319184 -0.0450119201924883763355 -0.0131042097166231795435 -0.0188429412834847792579 0.999736576929888043352 3.0490636997813660436
19155 1435.008500 -0.336696830267536051373 -0.0261901215265686881928 -0.0450119260213454053243 -0.0131043872432345543527 -0.0188433763490434627585 0.999736566402743775939 3.04906390309412289596
19156 1435.014000 -0.336696808620166376791 -0.0261903411028323977738 -0.0450119576729296894113 -0.0131044293075455210718 -0.0188433703280364850396 0.999736565964856604971 3.04906456757669541702
19157 1435.020000 -0.336696587874713904043 -0.0261895996965110545995 -0.0450119737715254444876 -0.0131049368125168239768 -0.0188444303174296057257 0.999736539332814255765 3.04906426167952027129
19158 1435.025000 -0.336696569773316800589 -0.0261897789122320090449 -0.0450120031714868820694 -0.0131049775185033048203 -0.0188444172628857535556 0.999736539045293581829 3.04906480056255579925
19159 1435.032000 -0.336696324858817785941 -0.0261890716974942094897 -0.0450120542755007013724 -0.0131055381196552543643 -0.0188454222420971553853 0.999736512752790962288 3.04906454043783936569
19160 1435.042000 -0.336696090495485267358 -0.0261886247593047377658 -0.0450121370219925820422 -0.0131060697964692860623 -0.0188462347308116645594 0.999736490466843652491 3.04906470628392467503
19161 1435.050000 -0.336695900851976204216 -0.0261882704383067932419 -0.0450122064185955322868 -0.0131064676351950269023 -0.0188468509447346777019 0.999736473634724620574 3.04906482701973047256
19162 1435.060000 -0.336695664611394940291 -0.0261878322540561037091 -0.0450122907051163437253 -0.0131069158247180527627 -0.0188475893431523863764 0.999736453838468208666 3.04906497303528789544
19163 1435.069000 -0.336695448567088495562 -0.0261874325033225434367 -0.0450123602455238594477 -0.0131073161896415064237 -0.018848290458695158428 0.999736435371388010296 3.04906507195861253834
19164 1435.079000 -0.336695208895833153484 -0.026186983380418377837 -0.0450124280582785488147 -0.0131077143781345370477 -0.018849069690452451703 0.999736415459388072513 3.04906516447443021178
19165 1435.089000 -0.336694987533106226962 -0.0261865147985166878131 -0.0450124752713477044308 -0.0131080350700687395249 -0.0188498544138256604596 0.999736396459176335227 3.04906520727638641333
19166 1435.098000 -0.336694783556289345405 -0.0261861444702822625252 -0.0450125098190991557168 -0.0131083095702703190943 -0.0188505859442033261997 0.999736379066886948763 3.04906540816056947918
19167 1435.108000 -0.33669457455575912963 -0.0261857029933964848001 -0.0450125298570530352205 -0.0131085443480745064693 -0.0188513971237438369977 0.999736360692936698591 3.04906556088106572844
19168 1435.117000 -0.336694389933357207667 -0.0261852972525683964922 -0.0450125366199359833175 -0.0131087634782981101583 -0.0188521836757524451078 0.999736342987852744102 3.04906568549570078375
19169 1435.127000 -0.336694188895217849655 -0.0261848373737812202544 -0.0450125363442647891121 -0.0131089888207996680541 -0.0188530674064377734567 0.999736323368049073501 3.04906581631956674627
19170 1435.136000 -0.336694167148244127841 -0.0261851098104937049516 -0.0450125375259213672541 -0.0131089848440295760057 -0.0188530543283624771322 0.999736323666821080636 3.04906663733775085134
19171 1435.146000 -0.33669383649666762004 -0.0261839352696500854423 -0.0450125139751677560973 -0.0131093761099623697802 -0.0188547665325723978746 0.99973628624603294579 3.04906602646137248058
19172 1435.155000 -0.336693667463892010172 -0.0261835398843663080815 -0.0450125034594806919253 -0.013109575361774036123 -0.0188555806184934685032 0.999736268279476480991 3.04906623372428731145
19173 1435.165000 -0.336693643473316261971 -0.0261838263800575864193 -0.0450125129063137507934 -0.0131095827220159329846 -0.0188555723770240137027 0.999736268338400013711 3.04906709973118461576
19174 1435.174000 -0.336693324327656917649 -0.0261826354295017493801 -0.0450124853223554249881 -0.0131100274754708135544 -0.0188572847918252843591 0.999736230207684539728 3.04906646915791101904
19175 1435.183000 -0.336693157400158926684 -0.0261821939039839808594 -0.0450124846987508125951 -0.0131102729170323260149 -0.018858083528268562018 0.999736211922766071503 3.04906653410705263951
19176 1435.192000 -0.336692996085843687659 -0.026181759299502466859 -0.0450124869055019138919 -0.0131105038616610939523 -0.018858846096985407842 0.999736194509523334872 3.04906661777212928399
19177 1435.202000 -0.336692804664539768744 -0.0261812573765124283198 -0.0450124980354279780048 -0.0131108274769736379145 -0.0188597307303904997144 0.999736173577632669662 3.04906663713919590109
19178 1435.212000 -0.336692617033833574425 -0.0261807596975742080947 -0.0450125137674518560615 -0.013111121188244917804 -0.0188605581477914105437 0.999736154116445452367 3.04906666220929389866
19179 1435.221000 -0.33669244175619950088 -0.0261803022411536343017 -0.0450125325447428975556 -0.0131114260452022679537 -0.0188613301813525466311 0.99973613555320239854 3.04906664228358526003
19180 1435.231000 -0.336692241369617117908 -0.0261797850389520331271 -0.045012559324013379225 -0.0131117685618936906378 -0.0188621709165874701375 0.999736115199152286515 3.04906658516710393769
19181 1435.241000 -0.336692048313616654198 -0.0261792777553789685063 -0.0450125847140839391303 -0.0131120857860367364539 -0.0188629900601344942246 0.999736095583394934749 3.04906655281089733478
19182 1435.250000 -0.336691867300189628942 -0.026178809319116577714 -0.0450126112871235550816 -0.0131123900731497586292 -0.0188637394901031187067 0.99973607745195380847 3.04906648224147369675
19183 1435.260000 -0.336691845132617406655 -0.0261790514163200808972 -0.0450126341266047710898 -0.0131124205328705875639 -0.0188637165549166013756 0.999736077485205654192 3.04906720746157944291
19184 1435.270000 -0.336691650307011203225 -0.0261785334496558233508 -0.0450126607720503224552 -0.0131127205684016673315 -0.0188645232318817995809 0.999736058328661192363 3.04906713734484347
19185 1435.279000 -0.336691291341757792388 -0.0261772925896186364758 -0.0450126905925956888321 -0.0131133132956031545069 -0.0188661467417860877205 0.999736019918022522646 3.04906622391829884577
19186 1435.289000 -0.336691270584600466087 -0.0261775225555250616594 -0.0450127098717091195246 -0.0131133380353525893364 -0.0188661294996545422786 0.999736019918894824876 3.04906691471994850673
19187 1435.299000 -0.336691079700723205903 -0.0261770019957455468695 -0.0450127309342573528328 -0.0131136262095173754261 -0.0188669634727564594634 0.999736000400582969228 3.04906683975702241796
19188 1435.308000 -0.336690884142292312653 -0.026176438663516758687 -0.0450127509609495185527 -0.0131139313031918350316 -0.0188678159879048894243 0.999735980309612304318 3.04906663458032989311
19189 1435.318000 -0.336690715025941722516 -0.0261759898696384309125 -0.0450127682932865980092 -0.0131141684893134428946 -0.0188685562533684458852 0.999735963227165069789 3.04906663435187308409
19190 1435.327000 -0.336690369646616527444 -0.0261747467057788507638 -0.0450127832424210838624 -0.0131147140893162050118 -0.018870209859721050194 0.99973592485926277007 3.04906573550369719428
19191 1435.337000 -0.33669018704317199564 -0.0261742158942838247515 -0.0450127957061835226593 -0.0131149828952877300914 -0.018871055512315847158 0.999735905370767063971 3.04906563986082668194
19192 1435.346000 -0.336690017237299410446 -0.0261737264572924621664 -0.0450128090646660303231 -0.0131152453814876238103 -0.0188718301386056018509 0.99973588730514373335 3.04906551716659590667
19193 1435.356000 -0.336689835502227030606 -0.0261731879187674723597 -0.0450128217310354905578 -0.0131155060396714179261 -0.018872659745050625324 0.999735868224938317717 3.04906539759962802449
19194 1435.365000 -0.336689668436914890659 -0.0261726948191081804085 -0.0450128334699753523962 -0.013115774286717209185 -0.0188734406862428004403 0.999735849963140243979 3.04906525841774822538
19195 1435.374000 -0.336689651975068893197 -0.0261728750398388734788 -0.0450128499148598412716 -0.0131157951946097930951 -0.0188734308553423525689 0.999735849874436310891 3.04906580143288197249
19196 1435.384000 -0.336689319493973793218 -0.0261716494739707358774 -0.0450128604331305956499 -0.0131163057268736740757 -0.0188750315617000619106 0.999735812956414893193 3.04906494986132647895
19197 1435.394000 -0.33668913384803544897 -0.0261710691863530423018 -0.0450128741043479829731 -0.0131166143282668099662 -0.0188758964126613873469 0.999735792578810178455 3.04906468806226005341
19198 1435.403000 -0.336688964220503428315 -0.0261705822644581406755 -0.0450128910158317241397 -0.0131168830488130553485 -0.0188766526415882415768 0.999735774774581309465 3.04906455674707421721
19199 1435.413000 -0.336688947117349535176 -0.0261707665613505960356 -0.0450129099904848506419 -0.0131169080887925237205 -0.0188766391884425850656 0.999735774700065138454 3.04906511061732921064
19200 1435.422000 -0.336688616174824151273 -0.026169515176769745507 -0.0450129217123070024531 -0.0131174352623758642966 -0.0188782402980536036241 0.999735737550371927895 3.04906415745955294838
19201 1435.431000 -0.336688448230501813363 -0.0261690007905615862338 -0.045012938267704444284 -0.0131177041475209373023 -0.0188789938922437061652 0.999735719791742916129 3.04906393652341778377
19202 1435.440000 -0.336688287874270630873 -0.0261684959666228095232 -0.0450129527514274707656 -0.0131179430046177939589 -0.0188797209974772978169 0.999735702926721092609 3.04906374794302159614
19203 1435.450000 -0.336688100404687107314 -0.0261679189543641416149 -0.0450129716119604256219 -0.0131182591064705651729 -0.0188805786372492692693 0.99973568258232037298 3.04906348273228022805
19204 1435.459188 -0.336687932909203513354 -0.0261673983708097315781 -0.0450129889906615426876 -0.0131185280557193917339 -0.0188813325502862477956 0.999735664814843216774 3.04906324025940156375
19205 1435.469000 -0.336687753950739798725 -0.0261668286435361163722 -0.0450130055251869998223 -0.0131188085354691126583 -0.0188821603662329938478 0.999735645499605807274 3.04906299941852321211
19206 1435.478000 -0.336687586795290261232 -0.0261663050226102582296 -0.0450130231968716015833 -0.0131190812662542490019 -0.0188829197762588781029 0.999735627577337360172 3.04906274853426451088
19207 1435.486000 -0.336687440722514275127 -0.0261658412012306558492 -0.04501303793151080479 -0.0131193153107813011843 -0.018883589396675344585 0.999735611858092121373 3.04906253018108674979
19208 1435.494000 -0.336687295000668684875 -0.0261653762836740813591 -0.0450130525998895664186 -0.0131195489119737482286 -0.0188842591650384902802 0.999735596141366866796 3.0490623082750349937
19209 1435.504000 -0.336687116755114757005 -0.0261647982871629596058 -0.0450130700995591895297 -0.0131198185165443889644 -0.0188850738637234456807 0.999735577213922477213 3.04906204207034292608
19210 1435.513000 -0.336686952803654238053 -0.0261642710068717247729 -0.0450130860033834262479 -0.0131200930155354906353 -0.0188858431487132043258 0.999735559079412694494 3.04906177622894070112
19211 1435.522000 -0.336686787835442979944 -0.0261637406359453567051 -0.0450131031609155990436 -0.0131203630761565527563 -0.0188866023011776545948 0.999735541193903398671 3.04906150244078411049
19212 1435.530000 -0.336686643722746370422 -0.0261632708469730357326 -0.0450131173533778600193 -0.0131205947866437026145 -0.0188872708524769859773 0.999735525522720380742 3.04906126309864333734
19213 1435.539000 -0.336686479915708047894 -0.0261627374208793020416 -0.0450131340483569120092 -0.0131208592992749523837 -0.0188880241213646646314 0.999735507819963231668 3.04906097648657548049
19214 1435.546000 -0.336686356445967227558 -0.0261623277810813723021 -0.0450131454095548874661 -0.0131210571703341168093 -0.0188886060257869026202 0.999735494228916055093 3.04906077074416037576
19215 1435.555000 -0.336686193291661606253 -0.026161791631747421949 -0.0450131618796336813171 -0.0131213209879208550501 -0.0188893577100402790259 0.999735476564093006324 3.04906047328206764035
19216 1435.564000 -0.336686037989094522072 -0.0261612656131130390247 -0.0450131758122113007081 -0.0131215541829271496732 -0.0188900822125373339666 0.999735459814159121983 3.04906020960329060543
19217 1435.573000 -0.336685877904758512624 -0.0261607147143428295233 -0.0450131888878439051505 -0.0131218232915181268194 -0.0188908467986179280651 0.999735441834857296861 3.04905986345032253837
19218 1435.582000 -0.336685713941803521632 -0.0261601876117007643707 -0.0450132072949416539576 -0.0131220935931799388002 -0.0188916000163276073809 0.999735424054061905252 3.0490595899520482881
19219 1435.591000 -0.336685551948085248775 -0.0261596449247015437611 -0.0450132234699937988642 -0.0131223563587785918561 -0.0188923485289863371528 0.999735406460455666711 3.04905926650020253632
19220 1435.600000 -0.336685397728808011308 -0.0261591123410950289474 -0.0450132371943839926232 -0.0131225886786798685152 -0.0188930702199680625175 0.999735389772730576041 3.04905897695070615683
19221 1435.609000 -0.336685237327733033474 -0.0261585685097464604176 -0.0450132521506508287423 -0.0131228597598390759466 -0.0188938319387605864474 0.999735371819159723827 3.04905864646897883929
19222 1435.618000 -0.336685075697424729402 -0.026158021428372126016 -0.045013268530184009919 -0.0131231268468785626513 -0.0188945836565293893983 0.99973535410637914822 3.04905830728735960378
19223 1435.627000 -0.336684914675492219516 -0.0261574725376681159472 -0.0450132847629075710794 -0.0131233892220566309567 -0.0188953305800956226912 0.999735336545425679056 3.0490579602406659987
19224 1435.636000 -0.336684761426113643434 -0.0261569339967760057519 -0.0450132986240132648703 -0.0131236212795167572071 -0.0188960509910430438096 0.999735319882945727699 3.04905764827298231268
19225 1435.644000 -0.33668462056192693943 -0.0261564469161964761879 -0.0450133124023019554061 -0.0131238506809939949743 -0.0188967128465415343253 0.999735304361558552166 3.04905734183063836795
19226 1435.653000 -0.336684461370498788746 -0.0261558963240115828486 -0.0450133276343156335519 -0.0131241215922919107068 -0.0188974732871519737754 0.999735286431259306816 3.04905698612276587767
19227 1435.661000 -0.336684320944310777612 -0.0261554072403213724862 -0.0450133415487519034093 -0.013124350973439178128 -0.0188981347185624738716 0.999735270917098794996 3.04905667220002074558
19228 1435.670437 -0.336684160786483832606 -0.0261548527982001129122 -0.0450133583321492836138 -0.0131246179251923219405 -0.0188988849421626754765 0.999735253230704334904 3.04905630552048556581
19229 1435.678000 -0.336684020814550843959 -0.0261543619172568166109 -0.0450133723775032537628 -0.0131248472379058012116 -0.0188995457871449813736 0.99973523772748018601 3.04905598469675886975
19230 1435.687187 -0.336683861539820661335 -0.0261538051897227327713 -0.0450133891017877665885 -0.013125109399860335202 -0.0189002907143392372136 0.999735220202907060028 3.04905560802440289692
19231 1435.696000 -0.336683710066711661124 -0.0261532592185636167392 -0.045013403446562086363 -0.0131253411556991710085 -0.018901008858579482208 0.999735203583266174299 3.04905526761492273735
19232 1435.704000 -0.336683570800335063566 -0.0261527658234251524083 -0.0450134176254629453373 -0.0131255701737930576684 -0.0189016684174612495384 0.99973518810665529255 3.04905493662313409331
19233 1435.713000 -0.336683413419894495 -0.0261522083887942985436 -0.0450134332532906300539 -0.0131258404880425557509 -0.0189024259310900215325 0.999735170235299008823 3.04905455383506440725
19234 1435.722000 -0.336683254839033163641 -0.0261516482819100573587 -0.0450134502837560707134 -0.0131261066678830910781 -0.0189031731570025694766 0.999735152612100330671 3.04905416406763096759
19235 1435.732000 -0.33668308599236318468 -0.0261510237872994294461 -0.0450134656581071893044 -0.013126368055378105984 -0.0189039743563372865387 0.99973513403061387006 3.04905372556747966684
19236 1435.739000 -0.33668295854437496617 -0.0261505901653521638517 -0.0450134812853046489822 -0.0131265961637244497201 -0.0189045726093964756853 0.999735119723024756588 3.04905342267006629342
19237 1435.748000 -0.336682808608684436269 -0.0261500386489043265548 -0.0450134956278410436337 -0.0131268266232092544604 -0.0189052871953138447447 0.999735103184272055898 3.04905305867764786498
19238 1435.757000 -0.336682652501244739085 -0.026149476489932488299 -0.0450135111559665235248 -0.0131270956687268361418 -0.0189060416384601442941 0.999735085384557908839 3.04905265558715532492
19239 1435.766000 -0.336682495172167639552 -0.0261489116262969070736 -0.0450135280362622264283 -0.0131273605107716118817 -0.0189067858480423990619 0.999735067832931645349 3.0490522453440598305
19240 1435.775000 -0.336682485936229680679 -0.0261489982404674338456 -0.0450135457621108625581 -0.0131273847100622023665 -0.0189067851233011910428 0.999735067528880527732 3.04905250832609109324
19241 1435.784000 -0.336682189503725581847 -0.0261477900035567180359 -0.0450135588495968463896 -0.0131278497563953461258 -0.018908237360502042762 0.999735033956844376668 3.04905144774874026226
19242 1435.793000 -0.336682034369988669731 -0.0261472239638467635059 -0.0450135742107102970744 -0.0131281177327410760597 -0.0189089897110780100209 0.99973501620824578584 3.04905102810016215287
19243 1435.800000 -0.336681916430928596107 -0.0261467777109064269947 -0.0450135851153707980399 -0.0131283007920573388527 -0.0189095471882585221268 0.99973500326008801764 3.04905068711663718162
19244 1435.805000 -0.336681829179220848403 -0.0261464697668166989875 -0.0450135951102616019281 -0.0131284575687970975905 -0.018909970712299811052 0.999734993190457554846 3.04905047135660334234
19245 1435.810000 -0.336681741375467857846 -0.0261461518619881538861 -0.0450136048628175453046 -0.0131286079891820822024 -0.018910385651286470976 0.999734983366484919465 3.04905022781578827207
19246 1435.816000 -0.336681642420814275507 -0.0261457785056539299129 -0.0450136145897531564364 -0.0131287559396045614563 -0.0189108532138687647495 0.999734972579334080223 3.04904996179101939191
19247 1435.822000 -0.336681536781608614639 -0.026145395466225223452 -0.0450136257344745244202 -0.0131289473541105379539 -0.0189113655718182067933 0.999734960373789394161 3.04904966172099989308
19248 1435.828000 -0.336681438036978530892 -0.0261450213749140555897 -0.0450136354629786933357 -0.0131290951598759444291 -0.0189118327564018716413 0.999734949595179833715 3.04904939254639328894
19249 1435.834000 -0.336681332607510541699 -0.0261446376228333041136 -0.0450136466146847380454 -0.0131292864388163656175 -0.018912344733296372612 0.999734937398056855429 3.04904908940321517363
19250 1435.839000 -0.336681245592644728948 -0.0261443179094137528873 -0.0450136561830307840859 -0.0131294319092518478598 -0.0189127543816547498412 0.999734927738067824521 3.04904883717200858584
19251 1435.844000 -0.336681166176838908566 -0.0261440096995318796425 -0.045013663326391409325 -0.0131295470475131844518 -0.0189131376135360830537 0.999734918975994646395 3.04904862415355060179
19252 1435.851000 -0.336681042010538500442 -0.0261435581648195233817 -0.0450136771072048233466 -0.0131297706436016275305 -0.018913732425036453022 0.999734904786564348989 3.04904825652461086705
19253 1435.857000 -0.336680944873313514609 -0.0261431845483133667996 -0.045013685671879105632 -0.013129926736551717284 -0.018914212826285303759 0.999734893647838407382 3.04904798566859813747
19254 1435.866000 -0.336680790181869138422 -0.0261426102794398845797 -0.045013702465502049288 -0.0131301894705603116459 -0.0189149519011695549375 0.999734876214210976819 3.04904753486547619445
19255 1435.875000 -0.336680636087309970161 -0.0261420350040867388586 -0.0450137190943117326825 -0.0131304474017035002764 -0.0189156859484044884145 0.99973485893817481962 3.04904707860900714422
19256 1435.884000 -0.336680489747954170277 -0.0261414708283111488218 -0.0450137333180977150526 -0.0131306748982874220422 -0.0189163931941273705251 0.999734842568388626383 3.04904665959368381678
19257 1435.892562 -0.33668033806311697953 -0.0261408890965886021862 -0.0450137467458827933431 -0.0131309382924615671018 -0.0189171401005696938891 0.999734824976090785675 3.04904618050276932095
19258 1435.902000 -0.336680183429347190671 -0.0261403195946988547993 -0.045013765677201049431 -0.0131312032444616880178 -0.0189178773188119625503 0.999734807546032722136 3.04904574005299666695
19259 1435.910000 -0.336680049081589549687 -0.026139809236432526296 -0.0450137797623327423624 -0.0131314281674742537598 -0.0189185262193456889268 0.999734792312426345795 3.04904533482847295289
19260 1435.919000 -0.336679896080851803752 -0.0261392309892692735473 -0.0450137964755125685734 -0.0131316852890107828994 -0.0189192575940240505228 0.999734775094655581107 3.04904486420366760413
19261 1435.928000 -0.336679750823006274096 -0.0261386638956504491205 -0.0450138107600788900386 -0.0131319119253966772737 -0.0189199621285721514274 0.999734758784667221221 3.04904443091415222611
19262 1435.937000 -0.336679599355902303692 -0.0261380865669380256511 -0.0450138262672747230253 -0.0131321772311764582708 -0.0189207065654283489164 0.999734741211004473982 3.04904395987308030058
19263 1435.946000 -0.336679446631184653427 -0.0261375069494788683788 -0.0450138431639361541459 -0.0131324384106843872894 -0.0189214407881410050238 0.999734723884236453628 3.04904348303761718597
19264 1435.955000 -0.33667929448277972293 -0.0261369264215476557189 -0.0450138598578999349353 -0.0131326947126460744086 -0.0189221699417535735299 0.999734706716876919685 3.04904300094568458945
19265 1435.964000 -0.336679150069990607008 -0.0261363570795886332454 -0.0450138741095342173604 -0.0131329205139908422595 -0.018922872280359506747 0.999734690457140362518 3.04904255629286824458
19266 1435.973000 -0.336678999441911375179 -0.0261357775403648837087 -0.0450138895739350675118 -0.0131331849772994557757 -0.0189236145509826605982 0.999734672933112800131 3.04904207401936755417
19267 1435.982000 -0.336678847551341142719 -0.0261351957574055410172 -0.0450139064225952498233 -0.0131334453149721339799 -0.0189243466385453605605 0.999734655655420856313 3.04904158611449815908
19268 1435.989000 -0.336678733880784619714 -0.0261347485769710292935 -0.0450139176475896143903 -0.0131336317905155330193 -0.0189249042770245450018 0.999734642649786731106 3.04904122183789905165
19269 1435.998000 -0.33667858235712416759 -0.0261341659073217567888 -0.0450139344777699887401 -0.01313389176859511287 -0.0189256354497228801437 0.999734625393076448141 3.04904072929084524191
19270 1436.007000 -0.336678431405273592691 -0.0261335824124601240337 -0.0450139511082864318681 -0.0131341468841844211807 -0.0189263615886383108899 0.999734608294941873297 3.04904023179537642108
19271 1436.016000 -0.336678288185643770358 -0.0261330101989133423146 -0.0450139653044346471633 -0.0131343715199969610086 -0.0189270609410505767645 0.99973459210377846329 3.04903977208287546574
19272 1436.025000 -0.336678138747873667569 -0.0261324278902818028791 -0.0450139807239796629901 -0.0131346348402449943082 -0.0189278002444028745077 0.999734574647451745832 3.04903927510815231372
19273 1436.034000 -0.336677988044770226672 -0.026131843444794012471 -0.0450139975405428396926 -0.013134894057619767721 -0.018928529373603359548 0.999734557437046755801 3.04903877286829683158
19274 1436.043000 -0.33667783791105843072 -0.0261312582505025398083 -0.0450140141669953322556 -0.0131351484254657330936 -0.0189292534622146901846 0.999734540385198489076 3.04903826592830773379
19275 1436.052000 -0.33667769550657911104 -0.0261306844122417558651 -0.0450140283678350100471 -0.0131353723239352269264 -0.0189299507528420292435 0.999734524240514010884 3.04903779700911403694
19276 1436.061000 -0.336677546880168210297 -0.0261301005494767729642 -0.0450140437987181785129 -0.0131356349131215542625 -0.0189306879789146141613 0.999734506830725511151 3.04903729104299392461
19277 1436.069000 -0.336677415790898049153 -0.0261295825700265070546 -0.0450140578250734432753 -0.0131358567563999006217 -0.018931328554951845633 0.999734491785904011429 3.04903684540697206273
