6747 570.534000 -0.311746761144463646609 0.00915399370425334230061 -0.053898752811810640706 -0.0328805471235438448452 -0.056644680143911642356 0.997852819724557416059 2.9390799823131583679
6748 570.539000 -0.311746764549468036165 0.00915677619249038489413 -0.0538935254571954042158 -0.0328670815461576532046 -0.0566596711004425934721 0.997852412244129238772 2.93907959548519226445
6749 570.544000 -0.311747056628408514278 0.00916010026767578866558 -0.0538878594014176454108 -0.0328516705766897301744 -0.0566758358683368129727 0.997852001736202365301 2.93907846417588025645
6750 570.551000 -0.311747901335413357682 0.00916554260788023794637 -0.0538794454906146857986 -0.0328279441815900532853 -0.0566997212137626271922 0.997851425661702595704 2.93907561346266943403
6751 570.557000 -0.311748956974790603081 0.00917083204169057489286 -0.053872030042195331867 -0.032806722585174440121 -0.056720672506143147984 0.997850932887107244795 2.93907192530543959208
6752 570.565000 -0.311750688749916349263 0.00917861461109981471851 -0.0538622266614200706503 -0.0327788746574772318909 -0.0567482517018207330284 0.997850280004458412009 2.9390650693172646335
6753 570.574000 -0.31175283429571915006 0.00918813155325146416197 -0.0538517924376442636003 -0.0327502470489572233836 -0.0567775184189135626034 0.997849555153692668874 2.93905451936289718873
6754 570.583000 -0.311754910372811167019 0.00919818361275997684046 -0.0538424304484990540187 -0.0327262166460876857688 -0.0568038263289130790357 0.997848846298089342532 2.93904089034870441566
6755 570.592000 -0.311756678782320995058 0.00920849897647918295973 -0.0538344392423587142504 -0.0327077250506662073337 -0.0568265146412242905249 0.997848160771838466054 2.93902434274235435652
6756 570.601000 -0.311757973113987563174 0.0092188174441354096833 -0.0538279597975722112757 -0.0326949745895133495055 -0.0568453333256514065086 0.997847506744235168696 2.93900529658554221513
6757 570.607000 -0.311758524786177049215 0.00922557670800335655192 -0.0538244885806427181274 -0.0326895208198211065231 -0.0568557440426586332971 0.997847092293166038068 2.93899152134306040907
6758 570.614000 -0.311758836849646947531 0.00923323715277256720779 -0.0538212630018988641423 -0.0326859711099773617149 -0.0568658259098036092394 0.997846634075694960408 2.93897471414877076157
6759 570.622000 -0.311758762826810309488 0.00924157640862566243101 -0.0538185851315613611456 -0.0326851983164997000886 -0.0568748071023888121522 0.997846147523793969292 2.93895502669010388885
6760 570.628438 -0.311758424018744983996 0.00924746708990932010652 -0.0538172132219107007822 -0.0326865954047596482535 -0.0568799144586253566103 0.997845810640113461965 2.93894027808749491726
6761 570.636000 -0.311757634641861125502 0.00925475204682612087592 -0.0538161236133319689778 -0.0326906366817236795907 -0.0568847849165261612581 0.997845400609906119094 2.93892111286801283043
6762 570.644000 -0.3117565161984245381 0.0092613137117935305509 -0.0538157501750330113932 -0.0326966571410066686454 -0.0568877224546133208882 0.997845035887702680455 2.938903015049984635
6763 570.653000 -0.311754949369487888156 0.0092677687632246093935 -0.0538160147042923767136 -0.0327051322753198203674 -0.0568891225863602384427 0.99784467832133483256 2.93888450128628164748
6764 570.662000 -0.311753150898635200683 0.00927322016029219660382 -0.053816828004912727057 -0.0327147211478961558173 -0.056888973875982871975 0.997844372470754081839 2.93886841378062380059
6765 570.670000 -0.311751434312602049292 0.00927724325178747553922 -0.0538178779049897082487 -0.0327236413134443029915 -0.0568879449271951012634 0.997844138641476252616 2.93885639865045389385
6766 570.678000 -0.311749669985547761542 0.00928054299957639314278 -0.0538191283594345870611 -0.0327324901509734519922 -0.0568864359620090409564 0.997843934436671631261 2.93884662042355238043
6767 570.687000 -0.311747694139735187502 0.00928348517772827758199 -0.0538206629117183657507 -0.032741890903467477103 -0.0568845793066674321192 0.997843731862444016656 2.93883823846085601161
6768 570.693000 -0.311746412613193357721 0.00928505802978622091226 -0.0538217079921037705459 -0.0327476156378544505654 -0.0568834522227458089239 0.997843608253947689235 2.93883409018391672518
6769 570.700000 -0.311744977676803813882 0.0092865709569149544611 -0.0538229045644677273064 -0.0327535769651776248468 -0.0568824189832033075276 0.997843471495707734498 2.93883055254881497831
6770 570.706000 -0.311743862959176776251 0.00928753968125228292207 -0.0538238835618254224391 -0.0327580143395377609838 -0.0568819107688063874129 0.997843354802656401503 2.93882917806339349909
6771 570.712188 -0.311742792230092380379 0.00928840340503995186283 -0.0538247938141917930954 -0.0327617097139204782597 -0.0568817708590012433012 0.997843241456574991943 2.93882812396065240534
6772 570.721000 -0.311741316005376856157 0.00928956226265310880397 -0.0538259885940125734627 -0.0327658016476431029895 -0.0568823213470011079806 0.997843075719105021548 2.93882733234590620697
6773 570.731000 -0.311739884816491785724 0.00929080592220534080827 -0.0538270140979578426421 -0.0327683559293982309968 -0.0568841095730478196746 0.997842889901895291338 2.93882716886593176042
6774 570.739000 -0.311738906421202943697 0.00929182058056801304935 -0.0538275671186151521974 -0.0327689580043235770268 -0.0568864459818241574585 0.997842736935469099002 2.93882737427702922517
6775 570.748000 -0.311737973430961545773 0.00929313187752156891208 -0.0538278840077772990913 -0.0327682883140303013447 -0.0568898617780412146905 0.997842564189283298681 2.93882732575895788685
6776 570.756000 -0.311737295030945382734 0.00929446669565969600668 -0.0538278794120249093336 -0.0327666416046342792723 -0.0568934508497506638558 0.997842413634718594651 2.93882687568930212052
6777 570.764000 -0.311736749034968563254 0.0092959839996511126059 -0.0538276052400266796782 -0.0327641892408296331318 -0.0568973934818959234394 0.997842269358417910396 2.93882587113182758287
6778 570.772438 -0.311736319176136755793 0.00929769249725089994008 -0.0538270724909131192959 -0.0327611426177084399947 -0.0569015428080985041781 0.997842132784760860176 2.93882417335417978066
6779 570.781000 -0.31173597382880913198 0.00929982186875187404052 -0.0538261967971450788761 -0.0327572175146551847202 -0.0569061774740321490995 0.997841997345266795705 2.93882146488926343508
6780 570.790000 -0.311735750473001227423 0.0093021036175169342225 -0.0538250576715174344766 -0.0327530362854372841808 -0.0569106722898055084059 0.997841878252064051757 2.93881802393946411911
6781 570.798000 -0.311735652395661644309 0.00930420503338953534811 -0.0538238422122994109031 -0.0327492407237597107916 -0.0569143758170799346496 0.997841791596929206243 2.93881453820418769851
6782 570.806000 -0.311735624751750040051 0.00930636379387262888119 -0.0538225272517019806551 -0.0327456127714287961727 -0.0569176867552779741644 0.997841721806946524431 2.9388106878526643051
6783 570.814000 -0.311735657753762551714 0.00930851777353117366964 -0.0538211423464811100636 -0.0327422641109853737595 -0.0569205821651292409591 0.997841666531754434288 2.93880667050702992782
6784 570.822000 -0.311735738667710426952 0.00931062068652801014257 -0.0538197413268964447441 -0.032739298623335993943 -0.0569230262973696651829 0.997841624408804306334 2.93880269759489509696
6785 570.831000 -0.311735855380494308875 0.0093128908549729248062 -0.0538182590944744770889 -0.0327366194673942081939 -0.0569252600748124670815 0.99784158487771090762 2.93879844939337031562
6786 570.839000 -0.311735994868830579296 0.00931475694920081559447 -0.0538169536121648334204 -0.0327346687999462634955 -0.0569267877583723297397 0.99784156171912941069 2.93879512705612322421
6787 570.847000 -0.311736119075579631854 0.00931649451063438355236 -0.0538158312177389325237 -0.0327333891029231369152 -0.0569279763181222489554 0.997841535891425879257 2.93879223398452138483
6788 570.856000 -0.311736247501333774146 0.00931824815724336535938 -0.0538147773869184636863 -0.0327326231967149383628 -0.0569289127168318628835 0.997841507593035137447 2.93878973305918655967
6789 570.865000 -0.311736328778367322023 0.00931980754945098410769 -0.0538139793130168742064 -0.0327325910823920152026 -0.0569295711963164197122 0.997841471078666164551 2.93878795196234010589
6790 570.874000 -0.311736351208433459803 0.00932117697089692408274 -0.053813450814983163073 -0.0327332097907803570846 -0.0569300291133576219504 0.997841424657217257455 2.93878689551611893549
6791 570.881000 -0.311736319824359175978 0.00932212132780435923096 -0.0538132281284969121726 -0.0327340737607706225298 -0.0569302861471960783279 0.99784138165052194136 2.93878655280991507581
6792 570.890000 -0.311736211671870544482 0.00932320072206309358176 -0.0538131667490193976722 -0.0327355704271256528481 -0.0569305484339291262286 0.997841317587031428893 2.93878664279765988709
6793 570.895000 -0.311736113153962102196 0.00932375198765943158374 -0.0538132313093801772919 -0.0327365549374954642459 -0.0569306960573891518429 0.9978412768658377896 2.93878686554478418813
6794 570.901000 -0.311735957724643353295 0.00932437921101579927918 -0.0538133901533129066497 -0.0327378360441435770078 -0.0569308874153601832124 0.997841223917536046528 2.93878725300721255209
6795 570.906000 -0.311735802963525765463 0.00932487495945116817708 -0.0538135770726339002223 -0.0327389447992346011018 -0.0569310591554194542208 0.997841177741665918965 2.93878766092565646417
6796 570.913312 -0.311735545002827407757 0.00932554767356182090499 -0.0538139043229961949732 -0.0327405223555974553284 -0.0569313435876293919002 0.99784110975304574076 2.93878826333951526095
6797 570.922000 -0.311735157576440546912 0.00932638646922711624099 -0.0538143986791992726126 -0.0327424636623066464547 -0.0569317563505200296969 0.997841022504169949947 2.93878908848885966876
6798 570.931000 -0.311734717795754179281 0.00932726136050671290889 -0.0538148742190444617783 -0.0327441531277250577614 -0.0569322789305009707705 0.99784093724988442986 2.9387896564583142478
6799 570.939000 -0.311734286755003475733 0.00932802116688087080976 -0.053815351828110660759 -0.032745517947500413225 -0.0569328286490915214113 0.997840861097782028111 2.93879010875632173949
6800 570.947000 -0.311733850563550518586 0.00932883916168980066586 -0.0538157217074968358128 -0.0327465012737464672421 -0.0569334470782426396718 0.997840793542796311577 2.93879024617962647525
6801 570.956000 -0.311733358556586903632 0.00932981814681267153377 -0.0538160278575491035635 -0.0327472016525610226667 -0.0569342393188842221807 0.997840725355057078794 2.93879005995773834314
6802 570.965000 -0.311732890404521123529 0.00933088238701479909254 -0.0538161740346960043579 -0.0327474231598484585848 -0.0569351223568306391565 0.997840667701313299709 2.93878944368561478839
6803 570.972000 -0.311732557149221323201 0.00933170481382980705753 -0.0538161940135149161057 -0.0327472860773420637592 -0.0569358372277426402763 0.997840631410519818267 2.93878893458147771867
6804 570.981000 -0.311732168565645395564 0.0093328502879773643508 -0.0538160590959283480217 -0.0327467370578993222097 -0.0569368448326264472992 0.997840591934686771403 2.9387879092428312866
6805 570.989000 -0.311731877486151054413 0.00933390469013487336647 -0.0538158040187204506077 -0.0327459335705239870662 -0.0569377868664080397099 0.997840564549943631611 2.93878685398375205651
6806 570.998000 -0.311731610569818018419 0.00933512845644479671847 -0.0538153824855629459023 -0.0327447625827713348357 -0.0569389090238106854169 0.997840538945264476922 2.93878555037700728292
6807 571.006000 -0.311731432657245566276 0.00933622894170653590262 -0.0538149124243150756008 -0.0327435410647060470835 -0.0569399248706649874219 0.997840521062492658011 2.93878442843508302929
6808 571.014000 -0.311731305143589543238 0.00933733755764384713849 -0.0538143733967688941977 -0.0327422385456836231854 -0.0569409762154305595927 0.997840503809427015192 2.93878333878585262795
6809 571.023000 -0.311731212964530768339 0.00933858523422499871292 -0.0538137170874311704383 -0.0327407654522111901674 -0.0569421921285893778419 0.997840482759240421373 2.93878221745574030876
6810 571.031000 -0.311731172942370626799 0.00933967549683397887939 -0.0538131206710937282089 -0.0327395045586415731065 -0.0569432618994807557278 0.997840463082902862091 2.93878142671345976566
6811 571.037000 -0.311731162957984864192 0.00934047982577964307216 -0.0538126772519883916912 -0.0327386299401205213555 -0.0569440642214316186664 0.997840445993040225936 2.93878094136053036323
6812 571.043000 -0.311731158938027275163 0.00934127626331589591691 -0.0538122516808933887278 -0.0327378525270099890454 -0.0569448695848445637924 0.997840425539016195877 2.93878054372880814782
6813 571.049000 -0.311731167065145198247 0.00934205125683476751697 -0.0538118463061085933186 -0.0327371627223739178336 -0.0569456534720530205274 0.997840403435103384666 2.93878027468415403689
6814 571.055000 -0.31173117151294860161 0.00934281747983837715377 -0.0538114720615800803949 -0.0327366027838847314935 -0.056946440408232268382 0.997840376895524183709 2.93878006911982803118
6815 571.063000 -0.311731179266148905604 0.00934380371100057213751 -0.0538110293168538519892 -0.0327360205497930420449 -0.0569474266895950848033 0.997840339709713752825 2.93878001174385605765
6816 571.068000 -0.311731177748130472427 0.00934440639453454000019 -0.0538107867575426182527 -0.0327357693522552437027 -0.0569480256408439883264 0.997840313767952347135 2.93878003884486327379
6817 571.074000 -0.311731169262258300812 0.00934511217528594985426 -0.0538105316471735803385 -0.0327355705144308575805 -0.0569487120723907100373 0.99784028111536504646 2.93878014630058315149
6818 571.081000 -0.31173113913190120261 0.00934592082761773190747 -0.0538102872249539773697 -0.0327354920893526551984 -0.056949482581513950763 0.997840239713435162017 2.93878032605726557946
6819 571.086000 -0.311731106508278510425 0.00934648592543152814671 -0.0538101445483951806859 -0.0327355172647225620142 -0.0569500017308699688079 0.997840209258108012946 2.93878049385757922352
6820 571.093000 -0.311731041113696816236 0.00934726425493236090514 -0.0538099873382557811197 -0.032735656477858872393 -0.0569506891530189990336 0.997840165457354100198 2.93878075469734900693
6821 571.099000 -0.311730969498791143923 0.00934791734971913111651 -0.0538098867289544813275 -0.0327358489865961499454 -0.0569512349786958568809 0.997840127989212510862 2.93878099567091854993
6822 571.104000 -0.311730894644638933944 0.00934845780837436322874 -0.0538098253068044207748 -0.0327360581321973764801 -0.0569516689440450266102 0.997840096359358330602 2.93878118274400845777
6823 571.109312 -0.311730808003104153947 0.00934899426410147442457 -0.053809780342726529212 -0.0327362964781290691207 -0.0569520813547550047717 0.997840065001529774591 2.93878135538091989076
6824 571.116000 -0.311730666265269407145 0.0093497424728595703719 -0.0538097399912404877886 -0.0327366654482454735864 -0.0569526301815069732615 0.997840021571964386204 2.93878155191812506786
6825 571.122000 -0.311730527455395589609 0.00935038552639746479989 -0.0538097177715970154122 -0.032736994336378645587 -0.0569530836315067165443 0.997839984900726673089 2.9387816531597135139
6826 571.129000 -0.311730356905276784207 0.00935112444084506416742 -0.0538097017677373404276 -0.0327373450237465890567 -0.0569535572390582819913 0.997839946363450414069 2.93878177622651293177
6827 571.138000 -0.31173010937834794154 0.00935209014513317844763 -0.0538096832091361082506 -0.0327377663511775121585 -0.0569541683175026972052 0.997839897661742747381 2.93878176925110112805
6828 571.146000 -0.311729878998964871073 0.00935295340909537281648 -0.0538096548040775252142 -0.032738056297914930326 -0.0569546965623812170842 0.997839857997926182875 2.9387816652839831022
6829 571.155000 -0.311729610039786608766 0.00935394119515689514976 -0.0538095980376280397239 -0.0327382749033428913088 -0.056955309526168354517 0.997839815838760468836 2.93878140934819498398
6830 571.164000 -0.311729346366635851062 0.00935493470865689583094 -0.0538095080031973788115 -0.0327383386692022756992 -0.0569559212762960828669 0.997839778828619849982 2.93878110870049669145
6831 571.173000 -0.311729084357710461983 0.009355950175923201384 -0.0538093785514682856896 -0.0327382777623085804986 -0.0569565919582051549686 0.997839742544695540438 2.93878069022465515658
6832 571.182000 -0.311728836076538395883 0.00935698016526160733508 -0.0538092044591506959983 -0.03273808214749866774 -0.0569573188086699641608 0.997839707473816228678 2.9387802070559208012
6833 571.191000 -0.311728610321860888366 0.00935801250540309673132 -0.0538089913668389208112 -0.0327377521200458362904 -0.056958077527671728546 0.997839674993171610318 2.93877976388111683548
6834 571.200000 -0.311728400540074557235 0.00935906098283476560462 -0.0538087392822387614033 -0.0327373390415282086718 -0.0569589170691472412855 0.997839640623076395975 2.93877928327415549603
6835 571.208000 -0.311728234620071209537 0.00935999105738425860035 -0.0538084914411788989286 -0.032736901851589617074 -0.0569596900890124019368 0.997839610840401070035 2.93877893602755957403
6836 571.217000 -0.311728064423517858827 0.00936104473297493661077 -0.0538081878849077932525 -0.0327363834121125116261 -0.0569606268028066201059 0.997839574378229787754 2.93877854980441455268
6837 571.225000 -0.311727931815641012836 0.00936197456442755537864 -0.0538079057305410335399 -0.0327359022084561315791 -0.056961478613457107445 0.99783954154000487069 2.93877829587597583227
6838 571.231000 -0.311727841914773484699 0.00936266668681512946593 -0.0538076908101677436891 -0.032735540459141621028 -0.0569621223114333899429 0.99783951666218617671 2.93877816984922857202
6839 571.238000 -0.311727741890050036311 0.0093634750862205996802 -0.0538074377135837195185 -0.0327351412533287422502 -0.0569628957292077214847 0.997839485607413867463 2.93877803908433143931
6840 571.244000 -0.311727664254619341033 0.00936416031685205658974 -0.0538072209705355297693 -0.0327348122186247869614 -0.0569635553900189398058 0.997839458743910223681 2.93877797527504691644
6841 571.252000 -0.31172755830186205106 0.00936507658690422309378 -0.0538069388922986988066 -0.032734431310842880547 -0.0569644555159298099367 0.997839419853981057784 2.93877789389648125251
6842 571.260000 -0.311727460612428508568 0.00936597668623411622191 -0.0538066665679013886314 -0.0327340852790391698135 -0.0569653248669636444457 0.997839381575885475684 2.93877790120167503574
6843 571.268000 -0.311727363004368041022 0.00936686690852793837903 -0.0538064082144530594909 -0.032733788875261002338 -0.0569661673117964686974 0.99783934320494416248 2.93877796798336721196
6844 571.275000 -0.311727273585958086777 0.00936764368298813321356 -0.0538061916493084713142 -0.032733584249070010741 -0.0569669017079199729858 0.997839307991025714628 2.9387780045086726588
6845 571.284000 -0.311727157977134683442 0.00936862573952118929399 -0.0538059320956948763937 -0.0327333608487547500498 -0.0569677863041073359596 0.997839264817312443512 2.93877812998536080968
6846 571.292000 -0.311727040948494182881 0.00936950267792298341352 -0.0538057172387696319715 -0.0327332345947504779748 -0.056968569900143428697 0.997839224222267895392 2.93877817879755243169
6847 571.301000 -0.311726907625681337599 0.00937047155923739945316 -0.0538054934145789504063 -0.0327331160508167184897 -0.056969383602475616446 0.997839181654818552225 2.93877828870720847476
6848 571.309000 -0.311726779428938671757 0.00937133209120270295467 -0.0538053058396648284378 -0.0327330428355354502434 -0.0569700844535094841348 0.997839144042809600421 2.9387783471680268832
6849 571.317000 -0.311726636856488270588 0.00937219879169542621766 -0.0538051292294308772246 -0.0327330066146010456585 -0.0569707827087182552828 0.997839105364950351706 2.9387783345929245904
6850 571.325000 -0.311726491697770446976 0.00937305765649056911448 -0.0538049602420721459484 -0.0327329650537178246106 -0.0569714437193414996452 0.997839068988244148883 2.9387783286845046149
6851 571.333313 -0.31172633958605727722 0.00937391633356049122638 -0.0538047976484741924397 -0.0327329195559765903645 -0.0569720849161215250889 0.997839033871521952079 2.9387783095531232469
6852 571.342000 -0.311726158413688003712 0.00937489134394712056442 -0.0538046150350511356852 -0.0327328714947556428938 -0.0569728215371672896961 0.997838993390116946181 2.93877819560996300652
6853 571.350000 -0.311725995613426287711 0.00937575619030766790885 -0.0538044535091043649166 -0.0327328050316314650425 -0.0569734643780176672201 0.997838958866373415546 2.93877809046599836051
6854 571.358000 -0.311725830252292890332 0.00937662284024170719632 -0.0538042910275230712447 -0.0327327144910947789858 -0.0569741058380254447591 0.997838925210878802119 2.93877798204846518715
6855 571.366000 -0.311725663510624473318 0.009377493948482619468 -0.0538041231276047970944 -0.0327326055487438677405 -0.0569747662950522149039 0.997838891073911993246 2.93877783392268954188
6856 571.375000 -0.311725473930540453171 0.00937848172183511526179 -0.0538039269924989321803 -0.0327324606587090158327 -0.0569755378733399764357 0.997838851770800450147 2.93877762950479892723
6857 571.383000 -0.311725309968375718928 0.00937935629966266462554 -0.0538037482772132230613 -0.0327322953975085692568 -0.0569762219019831414601 0.997838818134364924362 2.93877749124359688437
6858 571.392000 -0.311725125925879753552 0.00938034822612313599899 -0.0538035368654753362594 -0.0327320961676401817053 -0.0569770338523897315608 0.997838778307325591221 2.93877728875085253435
6859 571.401000 -0.311724951484406043178 0.00938133187560508639835 -0.0538033194204118325743 -0.032731858498718048589 -0.056977841938212279993 0.997838739961164344905 2.9387771560436308782
6860 571.409000 -0.311724800264959411855 0.00938220819208309721182 -0.0538031180896269001224 -0.0327316330933594135111 -0.0569785824448096264727 0.997838705070925646723 2.93877703877117646414
6861 571.418000 -0.311724631388516582042 0.00938319624537863397618 -0.0538028876383470563982 -0.0327313793369423955415 -0.0569794390342031123464 0.997838664481412451757 2.93877691392502748968
6862 571.427000 -0.311724468416528954773 0.00938418241040561533495 -0.0538026499526612494995 -0.0327311196824947858719 -0.0569803119676878383482 0.997838623151256487454 2.93877679884366926899
6863 571.437000 -0.311724295415307994794 0.00938526924785787822203 -0.0538023831952910702725 -0.0327308224739546183013 -0.0569812747313313064379 0.997838577922386837926 2.93877673301995567812
6864 571.445000 -0.311724161665886789763 0.00938613340946131517739 -0.0538021681909719301506 -0.032730587018054452253 -0.0569820428918669935614 0.997838541779842658208 2.93877670592243500636
6865 571.453000 -0.31172403046303215346 0.00938699266836757507948 -0.053801954402524915233 -0.0327303541814082735173 -0.056982800281112071239 0.997838506165843797113 2.9387767160677347178
6866 571.462000 -0.311723881651185474873 0.00938796158398217187036 -0.0538017124588831968657 -0.0327301158283893472989 -0.05698366750390464891 0.997838464459886664848 2.93877668969583050185
6867 571.471000 -0.311723738531609395608 0.00938891768740942114779 -0.0538014749285890409025 -0.0327298758048815904842 -0.0569845003137906327972 0.997838424773161536407 2.93877672888435936827
6868 571.480000 -0.311723590799090566339 0.00938987845103634449773 -0.0538012385648482596712 -0.0327296632134111004087 -0.056985344633634742173 0.997838383528576455817 2.93877672006630019652
6869 571.489000 -0.311723447117366603276 0.00939082782867198956334 -0.0538010072054513621698 -0.0327294463622522860402 -0.0569861513391675331142 0.997838344571088331492 2.93877676750853478183
6870 571.498000 -0.311723295854554716122 0.00939178267108833203514 -0.0538007807771320387125 -0.0327292589589035023967 -0.0569869663256224387449 0.99783830417407981539 2.9387767680408347637
6871 571.507000 -0.311723142548305576227 0.00939273755010609084914 -0.0538005560987611236579 -0.0327290826268312184943 -0.0569877773273597329484 0.997838263640803413423 2.93877674091417695479
6872 571.515000 -0.311723006788188761185 0.00939358122317478227981 -0.0538003603801550031593 -0.0327289247510569869526 -0.0569884788060809194254 0.9978382287565495945 2.93877673376048109688
6873 571.524000 -0.311722853770345587066 0.0093945268726554603117 -0.0538001434765924824166 -0.0327287424140322233401 -0.056989249819215721804 0.997838190702800775789 2.93877674210589168169
6874 571.532000 -0.311722708209953680569 0.00939537861002470373051 -0.0537999526318250764767 -0.0327286058472362403893 -0.0569899620342041238197 0.99783815450534674163 2.93877667424253319339
6875 571.541000 -0.311722549914695390427 0.0093963256039975191769 -0.0537997407544179157002 -0.032728430526436216863 -0.0569907304871155873105 0.99783811636648822585 2.9387766547618445756
6876 571.549000 -0.311722406844764710065 0.00939717078943410645542 -0.0537995516535564877181 -0.0327282749652270804619 -0.0569914213655707893591 0.99783808200956747303 2.93877661187890293348
6877 571.558000 -0.311722240448781440225 0.00939812646362003616118 -0.0537993414780836010092 -0.0327281089414842504826 -0.0569922110498252282307 0.997838042351947174247 2.93877653974708463736
6878 571.567000 -0.311722073631830576268 0.00939908380770260523662 -0.0537991289597454930282 -0.032727939539340070163 -0.0569930110809709622455 0.997838002213502273108 2.93877644565154794165
6879 571.575000 -0.31172192794902325863 0.00939993011629863470247 -0.0537989404222294492763 -0.0327277769808605317747 -0.0569937138939162202256 0.99783796740275898518 2.93877638852784706103
6880 571.583000 -0.311721782596944274601 0.00940077488768675979813 -0.0537987524012736861856 -0.0327276062013896681946 -0.0569944133005514941281 0.997837933055690462503 2.93877635371247336593
6881 571.591000 -0.311721637536615747699 0.00940162043859662024947 -0.0537985619479777119056 -0.0327274359596835193176 -0.0569951250732381245467 0.997837897984131805273 2.93877630034765546796
6882 571.600000 -0.311721472854143033526 0.0094025750325165743243 -0.0537983454576951569681 -0.0327272466758793539876 -0.0569959418151720145773 0.997837857540802009026 2.93877622087005851981
6883 571.608000 -0.311721330244858596537 0.00940341647092482468828 -0.0537981539831560440224 -0.0327270639199798568653 -0.056996651887906528422 0.997837822975630728273 2.93877620313553844511
6884 571.616000 -0.3117211885517293668 0.00940425771833209266093 -0.0537979600070159769132 -0.0327268831938809234838 -0.05699737242169363588 0.997837787745802340389 2.93877617048782280307
6885 571.625000 -0.311721028101129504773 0.00940520651601745374948 -0.0537977397606920065831 -0.0327266844105751561478 -0.0569981961639054388047 0.997837747212216630288 2.93877611680855421739
6886 571.633000 -0.311720889380929899737 0.00940604218747721071425 -0.0537975453455857982599 -0.0327264955215074357375 -0.0569989096525075414346 0.997837712651364006078 2.93877612257084486203
6887 571.641000 -0.311720751463564871298 0.00940687733762880090582 -0.0537973489565772150511 -0.0327263109238212016039 -0.0569996309291699587707 0.99783767750434038124 2.93877611250284509481
6888 571.650000 -0.311720594884215052023 0.00940781918748352825876 -0.0537971267451432949569 -0.0327261104086027238003 -0.0570004525171504128345 0.997837637148631495521 2.9387760816276120579
6889 571.658000 -0.311720459099961322291 0.00940864886107154255179 -0.0537969313013665489942 -0.0327259221135982117379 -0.0570011617881620927251 0.99783760280749811411 2.93877610431670088786
6890 571.667000 -0.311720303794401798481 0.00940958690480531503852 -0.0537967090374999734603 -0.0327257248782784407326 -0.0570019791700755729114 0.997837562583151815865 2.93877607969966270218
6891 571.676000 -0.311720169070973274206 0.00941039015420203420192 -0.0537965155960086829912 -0.032725545668662939236 -0.0570026933605793512116 0.997837527661857404127 2.93877616692308230029
6892 571.685000 -0.311719998963129074632 0.00941144920840736136369 -0.0537962680950339888764 -0.0327253213361830552763 -0.0570035788262270165516 0.997837484435439292518 2.93877609023776420472
6893 571.694000 -0.31171984930063401098 0.00941237421209139245304 -0.0537960488961808924735 -0.03272511238568878017 -0.0570043601886633874432 0.997837446650918780122 2.93877612449288916352
6894 571.703000 -0.311719693526571806075 0.00941330594443861787268 -0.0537958314554349004144 -0.032724923105518673172 -0.0570051588527997268874 0.997837407232212814101 2.93877611484412870624
6895 571.712000 -0.311719537574958238668 0.00941423839436821008331 -0.0537956126779255694448 -0.0327247368441862807042 -0.0570059616730790238992 0.997837367476386960519 2.93877608364900044791
6896 571.722000 -0.311719365832550832085 0.00941526977482495808225 -0.0537953718664213598188 -0.0327245241862658270415 -0.0570068389513401427293 0.997837324331756314599 2.93877607449200750622
6897 571.731000 -0.311719213362175007198 0.00941619288728891973284 -0.0537951569440153903878 -0.0327243265700510529981 -0.057007614786563069742 0.997837286488575503363 2.93877609062875766455
6898 571.741000 -0.31171904029340269382 0.00941722352286459944704 -0.0537949178777005071472 -0.032724116558137922306 -0.0570084903988160654476 0.997837243350807034936 2.9387760741393225139
6899 571.750000 -0.31171888232216227177 0.00941815416574827077301 -0.0537947022561329618595 -0.0327239342253096351931 -0.0570092890688085260353 0.997837203700426500497 2.93877603246521879043
6900 571.759000 -0.311718729199607469393 0.00941907575420074943962 -0.0537944883114424773907 -0.0327237344857278719679 -0.0570100627304973989196 0.997837166049036494719 2.93877604713015694315
6901 571.769000 -0.311718555148441711644 0.00942010444358875632942 -0.0537942507878608894289 -0.0327235250660765156216 -0.0570109393847761242169 0.997837122830031342247 2.93877602776738777735
6902 571.778000 -0.311718396184682056127 0.00942103178938465991854 -0.0537940383062327359687 -0.0327233421520012959793 -0.0570117342424424217162 0.997837083414458092534 2.93877600300314867354
6903 571.787000 -0.311718237738819625715 0.00942195927423137083445 -0.053793823711854135694 -0.0327231596475303296301 -0.0570125359764218075931 0.997837043591897954187 2.93877596238998739508
6904 571.796000 -0.31171808432552300383 0.00942287685961500087739 -0.0537936112529614901545 -0.0327229619024263437832 -0.057013313832900446021 0.997837005632745355221 2.93877597953091074245
6905 571.806000 -0.311717911305290806823 0.00942390002757279021672 -0.0537933740767010948325 -0.0327227498820962803272 -0.0570141923705408878997 0.997836962388389814294 2.93877597140200430559
6906 571.814000 -0.311717774926756452381 0.0094247156813038295009 -0.053793183376643377569 -0.0327225744026253470564 -0.0570148909463891809257 0.997836928227671893232 2.93877597560589665093
6907 571.824000 -0.311717602963570705743 0.00942573536992026908554 -0.0537929460503643180891 -0.0327223610484520185948 -0.0570157689568606962371 0.997836885055705113956 2.93877597526761213942
6908 571.832000 -0.311717461472764079122 0.00942655602167231584931 -0.0537927560656381309467 -0.0327222028977207299305 -0.057016487653522907042 0.997836849175844031734 2.93877594226770488817
6909 571.841000 -0.311717310350749121639 0.00942746591535291098007 -0.0537925433320709800444 -0.0327220024977564957758 -0.057017263809757537385 0.997836811397627920783 2.93877597575930815665
6910 571.849000 -0.311717175569208471142 0.00942827624650738847778 -0.0537923524587300833089 -0.0327218257150015470747 -0.0570179600023135793596 0.99783677741354648294 2.93877599005464906767
6911 571.858000 -0.311717020088120078114 0.00942919080843094246924 -0.0537921398436192466086 -0.0327216387405639894115 -0.0570187521209167685887 0.997836738281721924437 2.93877599042817649888
6912 571.867000 -0.311716865221190908564 0.00943010542103470128517 -0.0537919250830252299034 -0.0327214528428410797445 -0.0570195494431566113347 0.997836698816571443515 2.93877597372346421878
6913 571.874000 -0.311716750823190669184 0.00943080676447650284588 -0.0537917590777208312613 -0.032721290076765746635 -0.0570201429460120631787 0.997836670239237388813 2.93877601750387107415
6914 571.882000 -0.311716610854811060349 0.00943162107556520454277 -0.0537915693341242534542 -0.0327211320082677267762 -0.0570208564712341645087 0.997836634648870957065 2.93877599132391287284
6915 571.891000 -0.31171646108762701699 0.00943252443085701441916 -0.0537913570981300298568 -0.0327209323813371852352 -0.0570216265924297013856 0.99783659718655814963 2.93877602958994232907
6916 571.899000 -0.311716327189408726195 0.00943332948403698828832 -0.0537911668716868490714 -0.0327207568250217975536 -0.057022317428689524299 0.99783656346510951618 2.93877604575244033569
6917 571.906000 -0.311716206969855691433 0.0094340362415717398531 -0.0537910022871252585519 -0.0327206134666642584063 -0.0570229291560037168662 0.997836533208137477224 2.93877604524110935813
6918 571.915438 -0.311716052709967272882 0.009434945845182765925 -0.0537907886988576097731 -0.0327204289431244355058 -0.0570237202255402808593 0.997836494051714484321 2.93877602879640109634
6919 571.924000 -0.311715903545067674063 0.00943584622889662855139 -0.0537905766404452034823 -0.0327202273870794910215 -0.0570244852818833705688 0.997836456939750204853 2.93877606886244002737
6920 571.933000 -0.311715748608656528784 0.00943675340643219430492 -0.0537903658031349263258 -0.0327200437384861375634 -0.0570252697805103750395 0.997836418128849156339 2.93877606731405327523
6921 571.941000 -0.311715613671057212297 0.00943755590441587577377 -0.053790177525619126131 -0.032719874880103964887 -0.0570259609702500266937 0.997836384164883960501 2.93877607467848145362
6922 571.950000 -0.311715459301066755149 0.00943846257582399081332 -0.0537899651278820473133 -0.0327196922099061981992 -0.0570267499657126850088 0.997836345063676799505 2.93877605687485754515
6923 571.959000 -0.311715309776832205646 0.00943938339242102186777 -0.053789751900605461965 -0.0327194909671894296199 -0.0570275108593755741815 0.997836308176863084896 2.93877601909762331545
6924 571.966000 -0.311715189841161366413 0.00944006250777661842788 -0.0537895912172024343034 -0.0327193512594612032074 -0.0570281222317184297022 0.997836277817099714937 2.93877609531601491355
6925 571.973000 -0.311715070548475525758 0.00944076404592476652045 -0.0537894276048912906019 -0.0327192057201220326546 -0.0570287279272909536365 0.997836247972601841916 2.9387761009179413918
6926 571.980000 -0.311714951013108809708 0.00944146643856740540313 -0.0537892627319785515683 -0.0327190650484301542855 -0.0570293418128546281132 0.997836217500020938864 2.93877608472581863808
6927 571.987000 -0.311714831633564448676 0.00944216698189393258134 -0.0537890993360794905653 -0.0327189205224110851722 -0.0570299479878182483117 0.997836187594113410704 2.93877608973687598493
6928 571.994000 -0.311714717680262487498 0.00944285924195199799502 -0.0537889360350909256914 -0.0327187616210277976148 -0.0570305349784224480114 0.997836159255647059396 2.93877613434493678568
6929 572.002000 -0.311714578257513030835 0.00944366306685300721524 -0.0537887494110671632308 -0.0327186077718471107767 -0.0570312415067186842532 0.997836123918990125503 2.93877611012639095023
6930 572.009000 -0.311714464554815051667 0.00944435384087132651088 -0.0537885863522605534026 -0.0327184489331416444857 -0.0570318278067211831273 0.997836095617127827317 2.9387761565568255584
6931 572.018000 -0.311714310605257116649 0.00944525157876282585312 -0.0537883778423553157721 -0.0327182673284094754917 -0.0570326079693484894184 0.997836056980925922844 2.93877616297278621005
6932 572.026000 -0.311714176741298198969 0.00944604537089358334279 -0.0537881914983908832051 -0.0327180998998602284855 -0.0570332951751822136988 0.99783602319238962064 2.93877617866417883974
6933 572.035000 -0.311714023772156290093 0.00944694196706249988971 -0.0537879811185543940666 -0.0327179184507179476871 -0.0570340794567280595651 0.99783598431444420207 2.93877617119929990253
6934 572.043000 -0.311713890558988682145 0.00944773243284725491864 -0.0537877964144484951858 -0.0327177462797836049457 -0.0570347570804174419656 0.997835951228031037274 2.93877621104398478735
6935 572.052000 -0.311713737691520165196 0.00944862732542854633078 -0.0537875862117220063241 -0.0327175656885731955259 -0.057035541028823549814 0.997835912339781083702 2.93877620310045939434
6936 572.061000 -0.311713589719671280154 0.0094495126332354208859 -0.0537873782517449411378 -0.0327173705708782985857 -0.0570363000146271933999 0.997835875354043055907 2.93877625055923896724
6937 572.069000 -0.311713457516936409686 0.00945030153478991843952 -0.0537871917487470346808 -0.0327171987020495394494 -0.0570369811678078514339 0.997835842054370036891 2.93877627569005683839
6938 572.078000 -0.311713304732676443898 0.00945119240137304479632 -0.0537869841639844470382 -0.0327170174000403352066 -0.0570377567344919275683 0.99783580366668678252 2.93877628692364334384
6939 572.086000 -0.311713171826221768779 0.00945198030543849265772 -0.0537867986472977122059 -0.0327168503669948915191 -0.0570384398192413377693 0.997835770096988761146 2.93877630593815597493
6940 572.094000 -0.311713039910045452974 0.00945276703361297779282 -0.0537866125296977554138 -0.032716678875026355966 -0.057039119299062933377 0.997835736879059465032 2.9387763313631909412
6941 572.102000 -0.311712902086981769045 0.00945356091635399589657 -0.0537864273918313706702 -0.03271652577025917219 -0.0570398192660734881798 0.997835701886647052916 2.93877631365090907778
6942 572.110000 -0.311712769658035016018 0.00945434653581126403787 -0.0537862423693435398597 -0.0327163584153239636598 -0.0570404998481156000345 0.997835668469070569131 2.93877633473660004881
6943 572.117000 -0.311712652019535518821 0.0094550358536140272081 -0.053786080787537215997 -0.0327162149616266953456 -0.0570410988496107829171 0.99783563893088789154 2.93877634721208114144
6944 572.125000 -0.311712519718932490331 0.00945582024084495355309 -0.0537858960644752026603 -0.0327160479814913515706 -0.0570417785541403599137 0.997835605550259630014 2.93877636840434908194
6945 572.134000 -0.311712373257094665924 0.00945669833290785355473 -0.0537856887265678249022 -0.0327158506473403387638 -0.0570425302519362784071 0.997835569048767689893 2.93877642119136917032
6946 572.142000 -0.311712235787216795924 0.00945748889471811210461 -0.0537855043994975023924 -0.0327156985430922045421 -0.0570432278980012169578 0.997835534153707293115 2.93877640395638684012
6947 572.150000 -0.311712103721117350652 0.00945827115313830485421 -0.0537853202140915198637 -0.032715532210287626147 -0.0570439062041771458023 0.997835500830255295313 2.93877642578743936141
6948 572.158000 -0.31171197180669779625 0.00945905150888873107184 -0.0537851375420333038813 -0.0327153621368674041303 -0.0570445766218712138618 0.997835468079925846929 2.93877646840950790263
6949 572.166000 -0.311711839666384826764 0.00945983262909954290831 -0.0537849536340123529632 -0.0327151970037716718909 -0.0570452550298069793744 0.99783543471034774619 2.9387764889527905332
6950 572.173000 -0.311711722774816346604 0.00946051739291900797846 -0.0537847931778901861 -0.0327150539472643372974 -0.0570458502895018690348 0.997835405370031680583 2.93877650508624288506
6951 572.181000 -0.311711590820449857553 0.0094612971278103218109 -0.0537846095906543003595 -0.0327148891317242951349 -0.0570465278469467554356 0.997835372037745749196 2.93877652648649023703
