21915 397.988000 26.9256367394171327589 -0.0742776704889529931775 7.06399237294092863237
21916 397.994000 26.9253443981762536907 -0.0730548343893209772837 7.06275341364435593761
21917 398.000000 26.925073144421542537 -0.0719281590212059313005 7.06144674097360613985
21918 398.004000 26.9249033020501293834 -0.071251068362771868836 7.06057091511462076028
21919 398.008000 26.924741757262331987 -0.0706429563746659439083 7.05971168804666771024
21920 398.012000 26.9245878962721683081 -0.0701098851573183634578 7.05888376238104786609
21921 398.016000 26.9244399809866976625 -0.069652210304477629732 7.05810156907071206689
21922 398.020000 26.9243005038122369399 -0.0692718802116773918476 7.05737626763158942822
21923 398.025000 26.9241345732658885481 -0.0689027010767223613286 7.05656306166463576091
21924 398.030000 26.9239781909259576764 -0.0686459410552487936386 7.05586678652721221994
21925 398.035000 26.9238297861730764282 -0.0684929375235411308509 7.05529660090152788143
21926 398.039000 26.9237168420496573162 -0.0684380477697710265517 7.05493475909818990033
21927 398.044000 26.9235807587680469055 -0.0684435503101272491033 7.05460112348548751271
21928 398.049000 26.9234512372044285655 -0.0685203123833392074848 7.05439679399611030419
21929 398.053000 26.9233504228125788416 -0.06862375559717098783 7.05432230140814997554
21930 398.058000 26.923229165719391176 -0.0687954091446605214832 7.05433297072813658701
21931 398.063000 26.9231114304494134615 -0.069002417335661744846 7.05444779635371421733
21932 398.068000 26.9229974822584701144 -0.0692334089089957638308 7.05465285117932339176
21933 398.073000 26.9228864141150552314 -0.0694774605283783597276 7.05493236674093626704
21934 398.081000 26.9227139785806173222 -0.0698715816900880443141 7.05549236334743756771
21935 398.089000 26.9225476913431478465 -0.0702426151117294672588 7.05612878311681068766
21936 398.097000 26.9223857961478927336 -0.0705663737550155656386 7.05677290743416119057
21937 398.106000 26.9222088472134899462 -0.070855095463501299724 7.05743214837439403198
21938 398.114000 26.9220542122322399337 -0.071036565335218848638 7.057907351257723505
21939 398.122000 26.9219019488663455775 -0.0711479734500074789683 7.05824520802214383508
21940 398.129000 26.9217699158682535199 -0.0711921104590117898026 7.05841638121188452715
21941 398.137000 26.9216195957079875711 -0.0711906363203122644068 7.05846978284030068806
21942 398.144000 26.9214883204729282795 -0.071152797165086906217 7.05840258115233609715
21943 398.150000 26.9213760151670236098 -0.0711004109232061254353 7.0582731228491883968
21944 398.157000 26.921243848384115438 -0.0710233780060181563165 7.05805682465336925446
21945 398.164000 26.9211118484275608864 -0.0709376359033716819003 7.05779341607509458356
21946 398.172000 26.920960445139932915 -0.0708382296542166556286 7.05746663278710339995
21947 398.180000 26.920809029267381618 -0.0707458390971573286565 7.05714701712264069755
21948 398.187000 26.9206762534195540582 -0.070675904069251588302 7.05689784249325047227
21949 398.195000 26.9205251857863956388 -0.0706124161443071329813 7.05667036829941007881
21950 398.200000 26.9204310383031923948 -0.0705824087259136617734 7.05656655431493451403
21951 398.206000 26.920318573048465538 -0.0705563552867417703718 7.05648513096530649591
21952 398.214000 26.9201696328863988583 -0.0705376940573418653724 7.05645139951660382849
21953 398.221000 26.9200410376228482789 -0.070535148364274824484 7.05648876536992464281
21954 398.230000 26.9198776766910015112 -0.0705469098784953646541 7.05661589076211637206
21955 398.238000 26.9197351756708869175 -0.0705679262208026847336 7.05678566905319115676
21956 398.246000 26.9195950455212233976 -0.0705949856450954482678 7.05698780406451575686
21957 398.253000 26.9194750518627259339 -0.0706212313325642881967 7.05717422712741981883
21958 398.261000 26.9193404428527927053 -0.0706511640490918441104 7.05737963049480043765
21959 398.269000 26.9192086960498677684 -0.0706787836344053288506 7.05755944868834017569
21960 398.275000 26.9191120255672871053 -0.070697080977409218483 7.05766863717793224708
21961 398.282000 26.9190015880126551906 -0.0707150963011892869092 7.05776175729724020158
21962 398.290000 26.9188778388303973088 -0.0707304197418029412248 7.05781843127852415165
21963 398.298000 26.9187574087573580073 -0.070740402405580354861 7.0578211001192086016
21964 398.305000 26.9186541293738486047 -0.070744654744290813575 7.05778191969974866282
21965 398.313000 26.9185390976115819228 -0.0707451999083092142317 7.05769653746363356817
21966 398.320000 26.9184404086792881117 -0.0707421611103901254447 7.0575940689951579543
21967 398.328000 26.9183304600570245668 -0.0707357340054335648194 7.05745631070358836467
21968 398.335000 26.9182360751006868327 -0.0707278821664274331971 7.0573273952211792448
21969 398.343000 26.9181308850271925337 -0.0707174327547238495972 7.05718193553480865887
21970 398.350000 26.9180405300816651959 -0.0707072953700396134025 7.05706482223588960068
21971 398.358000 26.9179398042198663177 -0.0706955251512770277422 7.05695115817096763067
21972 398.366000 26.9178412105715914038 -0.0706839207105050826296 7.05686550994389349967
21973 398.374000 26.9177446348315818625 -0.070672918868004433457 7.05681199906489986517
21974 398.382000 26.9176505406253632202 -0.070663266303666968926 7.05679159432788960515
21975 398.389000 26.9175696236179078369 -0.0706559126197757042531 7.05679956907650485221
21976 398.397000 26.9174791853542672015 -0.0706492608328539994922 7.05683469981135935711
21977 398.405000 26.9173909751635278553 -0.0706446138478653284931 7.05689221722587411989
21978 398.414000 26.9172938299895214698 -0.0706417897886323364887 7.0569750779579818456
21979 398.421000 26.9172197349609234607 -0.0706413415431377395004 7.05704643466919989692
21980 398.429000 26.9171368782481721382 -0.0706428046640396462008 7.05712870488553178916
21981 398.437000 26.9170560276904851094 -0.0706461563163803124565 7.05720564854332810256
21982 398.445000 26.9169767247496913853 -0.0706510485920562314455 7.05727179521423142461
21983 398.453000 26.916898896544172004 -0.0706570315298035434015 7.05732335877775707189
21984 398.461000 26.9168230472071066117 -0.0706639979150067848446 7.05735793257611287999
21985 398.469000 26.9167486836326190769 -0.0706712524569375194483 7.05737467681548835685
21986 398.477000 26.9166757564550493953 -0.0706782282359217362 7.05737435079438490959
21987 398.484000 26.9166136170664600513 -0.0706840390823536696141 7.05736141395203286919
21988 398.493000 26.9165353646020157896 -0.0706902276457600092785 7.05733060315855365019
21989 398.500000 26.9164759644070628042 -0.070693824837023869212 7.05729842990195965768
21990 398.508000 26.9164097346053132753 -0.0706964836238980487426 7.05725613103290694283
21991 398.515000 26.9163532064483916884 -0.0706973260602154207621 7.05721712632041775493
21992 398.523000 26.9162903384844902632 -0.0706966903940987878574 7.05717310614860604545
21993 398.529000 26.9162443915791698146 -0.0706950818676512909855 7.05714223067312840243
21994 398.538000 26.9161774633699515391 -0.0706910830177749360814 7.0571016515169642247
21995 398.543000 26.9161411519366104983 -0.0706880644439089600439 7.05708287478539020299
21996 398.548000 26.9161059284250754331 -0.070684839653716760588 7.05706711961027899349
21997 398.553000 26.9160713162846541024 -0.0706812750295517377985 7.05705447571899746606
21998 398.557000 26.9160441419092109072 -0.0706782309615298781624 7.05704673597902232274
21999 398.563000 26.9160043063658172002 -0.0706735941172181858505 7.05703885172156386574
22000 398.571000 26.9159528564780146098 -0.070667467942961803562 7.05703498362296777202
22001 398.578000 26.9159092146486003116 -0.0706623729909933578908 7.05703712589386800147
22002 398.586000 26.9158614113744185659 -0.0706574168323245432877 7.05704477909949901004
22003 398.594000 26.9158152220027417911 -0.0706534142266965481394 7.05705646170660116923
22004 398.602000 26.9157705280486858612 -0.0706504578007163819287 7.0570707348255172775
22005 398.611000 26.9157224020200622761 -0.0706488887410849225601 7.05708785875711885893
22006 398.615000 26.915701729534696085 -0.0706485662680553239134 7.05709549428838212037
22007 398.620000 26.9156762621074818753 -0.0706486850699148960508 7.05710450943638267773
22008 398.626000 26.9156464478349093383 -0.0706493517700521184155 7.05711447648953971168
22009 398.632000 26.9156173884022180687 -0.0706505470010263120217 7.0571231417143884812
22010 398.640000 26.9155796003392175919 -0.0706526790238234947417 7.05713226620940048406
22011 398.648000 26.9155433890156956522 -0.0706554771716118301672 7.05713828743451276893
22012 398.652000 26.9155254943297919112 -0.0706568547284683462495 7.05714007394266218398
22013 398.658000 26.9154994412752373023 -0.070659053956843950739 7.05714131123380106203
22014 398.662000 26.915482609154643967 -0.0706605884100049153052 7.05714117790601758173
22015 398.667000 26.9154615764448479354 -0.0706621766813061991108 7.05714007254652653245
22016 398.672000 26.9154413228779212375 -0.0706637915477441730383 7.05713796606974064218
22017 398.676000 26.9154251521061915753 -0.0706648038987579552028 7.05713560853279275875
22018 398.681000 26.9154056976541866675 -0.0706660328520593156165 7.05713200642393356787
22019 398.685000 26.9153901685515819509 -0.0706666937243008025371 7.05712862133739804449
22020 398.689000 26.9153752624523612269 -0.0706673603009816131415 7.05712488980866492483
22021 398.693000 26.9153604559377832572 -0.0706677129885682486776 7.05712094162420999766
22022 398.698000 26.9153423968717611103 -0.0706679593533160871344 7.05711564067209096152
22023 398.702000 26.9153282562576521286 -0.0706679025946639061129 7.05711132178986666474
22024 398.707000 26.9153110409235729605 -0.0706676508215482168662 7.05710575773921178211
22025 398.712000 26.9152941136665333488 -0.0706670136559399975074 7.05710026294597358998
22026 398.718000 26.9152746545401839739 -0.0706660775643479233121 7.05709379684410897937
22027 398.724000 26.9152559088085894246 -0.0706648696150225519297 7.05708762908936737546
22028 398.731000 26.9152351306791395302 -0.0706633048626763710098 7.05708093799252011991
22029 398.737000 26.9152179666157032045 -0.0706617275711587389253 7.05707576041437167902
22030 398.742000 26.9152040957558895684 -0.0706603946461354937014 7.05707181301696451214
22031 398.747000 26.9151908277103153466 -0.0706588742391691254641 7.0570683840839647516
22032 398.751000 26.9151807876990538659 -0.0706578969382750388117 7.05706585351323933963
22033 398.755000 26.9151709161365815248 -0.0706568209390696366778 7.0570636349531978837
22034 398.759000 26.9151612209768273942 -0.0706557473499104665704 7.05706160617598854401
22035 398.764000 26.9151499232893627322 -0.0706546653763511500745 7.05705943504101984587
22036 398.768000 26.9151409634610310206 -0.0706537450404127465031 7.05705791149354855207
22037 398.772000 26.9151326611820991275 -0.0706530876991467299275 7.05705658594807427875
22038 398.777000 26.9151223377646822144 -0.0706521543900056753218 7.05705522935957141328
22039 398.781000 26.9151147491606970164 -0.0706516982832994661079 7.05705428923920852213
22040 398.785000 26.9151072800564108434 -0.0706512014735846682889 7.05705354645267224356
22041 398.789000 26.9150999726251605182 -0.0706507464407355040281 7.05705286886068705599
22042 398.795000 26.9150898130631048843 -0.0706503404943790574988 7.05705206031737830585
22043 398.802000 26.9150788514542149699 -0.0706501857181560388721 7.05705129333470804198
22044 398.807000 26.9150716083973939874 -0.0706501313228849875392 7.05705084269713101008
22045 398.813000 26.9150633731388069236 -0.0706501763136375138252 7.05705034139855946762
22046 398.819000 26.9150557370736187579 -0.0706503146596239445243 7.05704983923915207811
22047 398.825000 26.9150486797013464013 -0.0706505107336447141231 7.05704928865307667962
22048 398.833000 26.9150399643547686424 -0.07065069946806484813 7.0570484431109088419
22049 398.840000 26.9150334574300522661 -0.0706510383921954837616 7.05704749920431240184
22050 398.847000 26.9150274751946767537 -0.0706511811161518177293 7.05704642755931210729
22051 398.855000 26.9150215261156340318 -0.0706512865617172775012 7.05704487530084634272
22052 398.862000 26.915017023083979808 -0.0706512006820082111291 7.05704336447254032549
22053 398.869000 26.9150130490027876817 -0.0706509396438095155224 7.05704159419442955681
22054 398.876000 26.9150100765922530854 -0.0706507344991521152311 7.05703962684457142274
22055 398.883000 26.9150075767982066566 -0.0706502820318655744281 7.05703753794948518419
22056 398.890000 26.9150055965109729073 -0.0706496838815872940653 7.05703523443667535275
22057 398.897000 26.9150046165231948692 -0.0706491923971896973455 7.05703279016737461404
22058 398.904000 26.9150041140294433717 -0.0706485197001547882145 7.05703028837949908336
22059 398.911000 26.9150042977655594711 -0.070647879130284391147 7.05702760601499434756
22060 398.918000 26.9150051470870401715 -0.0706471779603133065439 7.0570249564506095652
22061 398.925000 26.9150065452690547829 -0.0706464630850013319829 7.05702220023403281601
22062 398.931000 26.9150084178464261697 -0.0706459524337670063954 7.0570198295568644653
22063 398.938000 26.9150114096976302847 -0.0706455144210582641762 7.05701703530258406261
22064 398.945000 26.9150148930208104048 -0.0706450086205006044793 7.0570143065327188836
22065 398.952000 26.9150189137267972228 -0.0706445215381942548394 7.05701154614630787876
22066 398.958000 26.9150230362682378882 -0.0706442212371930083892 7.05700922306214550872
22067 398.965000 26.9150286453189124813 -0.0706440295563579012672 7.0570065346097035075
22068 398.972000 26.9150347276455335077 -0.0706437536257844000964 7.05700395636159782953
22069 398.979000 26.9150413616353425539 -0.0706436021272629222079 7.05700130923590940313
22070 398.985000 26.9150477794465636805 -0.070643393355399194955 7.05699921657942308428
22071 398.991000 26.9150545513214609628 -0.0706432305389883830049 7.05699712141533641585
22072 398.998000 26.9150630101436263431 -0.0706430106106548244549 7.05699477564186050671
22073 399.004000 26.9150707534102018315 -0.0706428330046138530651 7.05699277808741953777
22074 399.011000 26.9150801748968646621 -0.0706425232449483103681 7.05699048117316607431
22075 399.018000 26.9150905080949129911 -0.0706423577502051369681 7.05698823157009691442
22076 399.024000 26.9150996641574629109 -0.0706420926730073200916 7.05698635509392779852
22077 399.031000 26.9151108433040846535 -0.0706417138880789663435 7.05698423686842701841
22078 399.037000 26.9151208696715293911 -0.070641378056210818448 7.05698241204487253242
22079 399.042000 26.9151295389762452714 -0.0706411029770081938528 7.05698086602141394508
22080 399.049000 26.9151420863104107184 -0.0706406194104615414719 7.05697880375108166362
22081 399.054000 26.9151513910392665707 -0.070640303421030822828 7.05697727129490193221
22082 399.061000 26.9151645333082001343 -0.070639744689122374588 7.05697514091744348974
22083 399.067000 26.9151765676861280951 -0.0706392490561110336644 7.05697339791953570654
22084 399.075000 26.915193188346091091 -0.0706387314199206223231 7.05697100834366430888
22085 399.081000 26.91520596109344865 -0.0706382942087625531613 7.05696919003928080372
22086 399.086000 26.9152168929000836783 -0.0706379667365625574238 7.05696762358129170423
22087 399.092000 26.9152303168830648872 -0.0706375547350406723934 7.0569657715390086139
22088 399.099000 26.915246409463524202 -0.0706370710542993801573 7.05696362283351508182
22089 399.104000 26.9152582253129217804 -0.070636792520709035248 7.05696200623247893446
22090 399.108000 26.9152678257878612555 -0.0706365315186923137247 7.05696076942712569036
22091 399.115000 26.915284870287017327 -0.0706360742558417575854 7.05695849879891046186
22092 399.121000 26.9152999961583425659 -0.0706357751216715318288 7.0569565442683668266
22093 399.127000 26.9153154709688315904 -0.0706354999014049411699 7.05695456934797427095
22094 399.134000 26.9153341392287828171 -0.0706353106533633978703 7.05695222137396172002
22095 399.140000 26.9153502498847210234 -0.0706350702314183648278 7.0569502051619288352
22096 399.147000 26.9153695283599923016 -0.0706347115311584949904 7.05694785723626072382
22097 399.153000 26.9153865123751785404 -0.0706345032547997381256 7.05694581872991300031
22098 399.160000 26.9154069134871143376 -0.0706343747570319369089 7.05694340815892040553
22099 399.166000 26.915424607884531838 -0.070634176272354257109 7.05694134982972798298
22100 399.172000 26.9154426299398465972 -0.0706339739864811910763 7.05693928669764325434
22101 399.178000 26.9154609764428194296 -0.0706337638811762591473 7.05693722121673161496
22102 399.185000 26.9154827701310637167 -0.070633476364885275367 7.05693484883712773836
22103 399.191000 26.9155018064775255482 -0.0706332385442268589903 7.05693278546779900751
22104 399.197000 26.9155211543837964427 -0.0706329845706253206528 7.05693072599085891028
22105 399.202000 26.9155375280302351371 -0.0706327878023785132866 7.0569289764526113018
22106 399.209000 26.9155607664871681095 -0.0706324248215500494208 7.05692662487149302564
22107 399.216000 26.9155844236086103649 -0.0706320929597774732622 7.05692419503672052628
22108 399.221000 26.9156013862758634048 -0.0706317112519448259134 7.05692253530359714375
22109 399.228000 26.9156259182693240462 -0.0706314207980935360176 7.05692016360224005922
22110 399.235000 26.915650632797717634 -0.0706309858568846260507 7.05691786142017463135
22111 399.241000 26.9156721290041502925 -0.0706306286349465684005 7.05691586502986734075
22112 399.248000 26.9156973934974743656 -0.0706301289548956767739 7.05691352967303853205
22113 399.254000 26.9157194780191986183 -0.0706297637397402672255 7.05691155183650931093
22114 399.261000 26.9157457559125070645 -0.0706294430899063879759 7.05690923358607857807
22115 399.268000 26.915772201823376264 -0.0706289947991715905129 7.05690698119969272994
22116 399.275000 26.9157988585836456252 -0.0706285063869862561603 7.05690468058826159137
22117 399.281000 26.9158221234378096653 -0.0706281623389565932358 7.05690272732474888073
22118 399.288000 26.9158497065159032502 -0.07062790694723478091 7.05690041737755002771
22119 399.295000 26.9158773901785011162 -0.070627390206943016504 7.05689817281848430497
22120 399.301000 26.915901494464556265 -0.0706270790594360764469 7.05689622369345848085
