6252 546.308000 -0.399825170994873690944 -0.00231021604239691792648 0.000310400446612669328461 -0.00517441282167517384305 -0.00382207354797816593189 0.999979308388801002572 3.08882317495656666395
6253 546.313000 -0.399818437105732726877 -0.00231668058810554277835 0.000299402299616498973611 -0.00520735817165971903026 -0.00380501027909320443943 0.999979202442554671038 3.08883089111722553
6254 546.318000 -0.399811769705453956547 -0.00232268952349577598518 0.000292163822361413139106 -0.00523630143876495281891 -0.00379083408785018663098 0.999979105143782742715 3.08883862906493700251
6255 546.325000 -0.399803014220454389083 -0.002329659194494555427 0.000285504992384159883567 -0.0052701065148907533936 -0.00377450719668564940029 0.99997898931564754843 3.0888476967325053657
6256 546.332000 -0.399795421791522442856 -0.00233699160291091136837 0.000289910768841682153774 -0.00528339984433005230985 -0.00376985753931247417545 0.999978936708277976741 3.08886110229041488395
6257 546.340000 -0.399788729030321143831 -0.00234256087280613773532 0.000295863302791705279349 -0.00528644264846166861416 -0.00376971797968385282512 0.999978921153080291262 3.08887208537140089959
6258 546.347000 -0.399784850102249733617 -0.00234706689108147214737 0.000311354058140710793223 -0.00526548859923144530609 -0.00378119673642146863352 0.999978988369781607304 3.08888417991886843339
6259 546.355000 -0.399782773543759128998 -0.00234969342101700590097 0.000329888602331102065435 -0.0052293502154464261214 -0.00380031422276997429138 0.999979105535776846558 3.08889424448724447814
6260 546.363000 -0.399783056032855077522 -0.00235027659635060311508 0.000351471500858128310663 -0.00517986986603502161386 -0.00382640223516088947425 0.999979263582053357062 3.08890176768560031917
6261 546.371000 -0.399785372385144444074 -0.00234855206725406500876 0.000372909263062163459646 -0.00512434690112335139434 -0.00385694792254890261515 0.999979432299264781037 3.08890536595698517175
6262 546.378000 -0.399788714115548837746 -0.00234618697694131701087 0.000395242289425182247165 -0.00506878484747559990287 -0.00388662407115726712611 0.999979600578681626644 3.08890753411463503397
6263 546.387000 -0.399794289212697717684 -0.00234102385063652716421 0.000420816082623998860557 -0.00500118217809818622205 -0.0039251154510430352404 0.999979790618549246872 3.0889055672745504566
6264 546.395000 -0.399799952569323879814 -0.00233519932609368898596 0.000441774914562365755843 -0.00494556221040848807691 -0.00395832878942552809226 0.999979936322533458082 3.0889006943450514342
6265 546.404000 -0.399806585184158291835 -0.00232773732612044865001 0.000462567301476708714336 -0.00489088196649622043016 -0.00399293400117356478418 0.999980067677177175689 3.08889225684641344216
6266 546.412000 -0.399812340703351476456 -0.00232069539800755595543 0.00047820032052994093652 -0.004850585800235145649 -0.00402030152827446453367 0.999980154299582313371 3.08888273223357234798
6267 546.421000 -0.399818329499477043143 -0.0023127337686261037128 0.000492457443520930016057 -0.00481505780296147094244 -0.00404663159843180256225 0.999980219799902259048 3.08887050901306015049
6268 546.430000 -0.399823565282639181717 -0.00230510283226154164687 0.000503322184874338551808 -0.0047896074876901846562 -0.00406795061344507238171 0.999980255524038130766 3.08885750124822822116
6269 546.438000 -0.39982746391308088274 -0.0022988422128877080558 0.000510393163247718772979 -0.0047748032006265676494 -0.00408268403928630126132 0.99998026627800529198 3.08884591360787652548
6270 546.447000 -0.399830933259395948642 -0.00229248119353448907495 0.000516509923878895327309 -0.00476513184455597607614 -0.00409493668059270673337 0.999980262311254919361 3.08883323635335127477
6271 546.455000 -0.399833194038062167408 -0.00228781944891347493315 0.0005187882208379027138 -0.00476422769178072927354 -0.0041016157567951294638 0.999980239246098467909 3.08882336219923692155
6272 546.463000 -0.399834704097445481352 -0.00228385761436696683654 0.000520314900452328171765 -0.00476730786676159579845 -0.00410534277695224960464 0.999980209272357201122 3.08881446443636642485
6273 546.472000 -0.399835568812049235721 -0.00228035959790672546413 0.00052067979473589473538 -0.00477550728278257081288 -0.00410625066876465615734 0.999980166421133298549 3.08880614263428388
6274 546.480000 -0.399835673818624282028 -0.00227806436053977360082 0.000520074150316039707231 -0.00478606439552539588561 -0.00410467124912371021661 0.999980122433210549815 3.0888003589144950034
6275 546.489000 -0.39983515622031629011 -0.00227631521796377127298 0.000518606595477030113406 -0.00480052492995493816641 -0.0041008904251093533655 0.999980068630429208554 3.0887956831561158566
6276 546.497000 -0.399834237202552900126 -0.0022754060078551052379 0.000516780196395279917132 -0.00481476066089298049278 -0.004096351375088785364 0.999980018792970715147 3.08879308029926136214
6277 546.505000 -0.39983299150886170148 -0.00227500082757041552015 0.000514596055452936490537 -0.00482947566894008448873 -0.00409126096857099792042 0.999979968673597952034 3.08879180312607726222
6278 546.513000 -0.399831520561816367021 -0.00227499346376439440243 0.000512159920639333743342 -0.00484394408478479830682 -0.00408611643192912862843 0.999979919727495447646 3.08879167148686173405
6279 546.521000 -0.399829921779938868287 -0.00227527742290450181104 0.000509564763434985912305 -0.00485752495568636533108 -0.00408135238184903752917 0.999979873304478017459 3.08879247273800716656
6280 546.528000 -0.39982848872320425615 -0.00227568499153849718164 0.000507232414017566579645 -0.00486825599203442004048 -0.00407777498841705408894 0.999979835714070564023 3.08879375851129145403
6281 546.536000 -0.39982688440889502246 -0.00227610390199713954681 0.000504543362521262667153 -0.00487886187988133875754 -0.00407460264108816701267 0.999979796955955624327 3.08879531160371678666
6282 546.543000 -0.399825558543438097647 -0.00227676971951856765841 0.000502324251130833315804 -0.00488634991052367372022 -0.00407274280983903769898 0.999979767970610944339 3.08879760793180224709
6283 546.550000 -0.399824346565737120951 -0.00227726733703097336189 0.000500208298573084908512 -0.00489214029309579124388 -0.00407180561590697077945 0.999979743476026028404 3.08879960295795052971
6284 546.558000 -0.39982313595819590768 -0.0022777642077152775342 0.000498036302363610156041 -0.00489656082482666909356 -0.00407185363482479023567 0.999979721644426722271 3.08880182143418124951
6285 546.565000 -0.399822251560274177784 -0.00227810845153599353385 0.000496421479513578511877 -0.0048985208139872300076 -0.00407281732397654812339 0.999979708120560140117 3.08880360000977782775
6286 546.573000 -0.39982145633523430428 -0.00227837842654588212249 0.000494981488664204827277 -0.00489867889625611625803 -0.00407485151840889306407 0.999979699059023063867 3.08880535051479965247
6287 546.581000 -0.399820896948337389798 -0.00227850833400698683448 0.000494047958762174749259 -0.00489679679084444475362 -0.00407771232506409612995 0.999979696615577839935 3.08880673554573004225
6288 546.589000 -0.399820569958265814581 -0.00227850081673302380311 0.000493681534326561449744 -0.00489312532562836272065 -0.00408120087023690000794 0.999979700355964395975 3.08880772649827584075
6289 546.597000 -0.399820463629907751901 -0.00227836776929336544753 0.000493920484691285494039 -0.0048879634043314671224 -0.00408511199400630239248 0.999979709631027668948 3.08880833116036779273
6290 546.605000 -0.39982055958349982383 -0.00227812757555524107028 0.000494776296019922706693 -0.00488164193054906134922 -0.0040892495346319885155 0.999979723599586423077 3.08880858778123279507
6291 546.613000 -0.399820838300354031158 -0.00227781673515035096647 0.00049623169346691212156 -0.0048745123399919322929 -0.00409344881867628861832 0.999979741197898452931 3.08880861467973311107
6292 546.621000 -0.399821266340133263384 -0.00227743789814452510939 0.00049823701031911915571 -0.00486692171701104143305 -0.00409754334315182849879 0.999979761400975331043 3.08880840096452313759
6293 546.628000 -0.399821743424401687683 -0.00227707466474536641618 0.000500384523131600089663 -0.00486016205018743267102 -0.0041009506695787205019 0.999979780309807719796 3.08880810486541568238
6294 546.636000 -0.399822374958470228012 -0.00227663942267042904502 0.00050319151550715091048 -0.00485259926949302509286 -0.00410456739362438736279 0.999979802199444822719 3.08880772557740268525
6295 546.643000 -0.399822972540445076284 -0.0022762498852366194052 0.000505867053976479658095 -0.00484638559683805373451 -0.00410749330086352532065 0.999979820319105261461 3.08880738442755697903
6296 546.651000 -0.399823696298276187733 -0.00227583366030900376489 0.000509064591427708934557 -0.00483989744785999400495 -0.00411048722658743925784 0.999979839440503170955 3.0888071453878409578
6297 546.659000 -0.399824427962121142777 -0.00227544451105313183525 0.000512270325716230462421 -0.00483428711217717081011 -0.00411309945044481713172 0.999979855837620279502 3.08880706529150206308
6298 546.668000 -0.399825212434500809611 -0.00227504167767086842161 0.000515715843787775685136 -0.00482929140181769574885 -0.00411567093160464768375 0.999979869396048881569 3.08880718312664681591
6299 546.676000 -0.399825864029055899618 -0.0022747438089313421275 0.000518505938005758837406 -0.00482605556336197696193 -0.00411761232765240139941 0.999979877025742092123 3.08880758323979653923
6300 546.685000 -0.399826510366642629002 -0.00227446261938566351643 0.000521197133110030963454 -0.00482384175842894176445 -0.00411945664065375277696 0.999979880111432684053 3.088808301462593775
6301 546.693000 -0.399826981456673447024 -0.00227424966881148438169 0.000523098100031284957145 -0.00482313970636885809562 -0.00412084545811058390596 0.999979877775589609534 3.08880913794944245154
6302 546.702000 -0.399827394195943930377 -0.00227407624272761565987 0.000524636112539229870766 -0.00482362484328297501379 -0.00412217135165851567002 0.999979869970750390173 3.08881034887342753592
6303 546.709000 -0.399827621860866511128 -0.00227397987342348607137 0.000525379358365780924078 -0.00482481913302210217026 -0.00412305107649527970148 0.99997986058227905648 3.08881142719837065158
6304 546.717000 -0.399827769149303458018 -0.0022738857977347495809 0.000525746252832734461968 -0.00482694115191143000715 -0.00412392678471151102881 0.999979846730418064915 3.08881270243485150928
6305 546.726000 -0.399827813241403651201 -0.00227382786560848329516 0.000525614273111693619533 -0.00483000744228934825175 -0.00412477660753000387184 0.999979828419576222132 3.08881423905413576847
6306 546.735000 -0.399827749324088210781 -0.00227390366890941643396 0.000524968115232910675916 -0.00483325972641752629744 -0.00412542233579342183108 0.999979810041667027676 3.08881587099318100087
6307 546.743000 -0.399827578216689127899 -0.00227379402457067447685 0.000524144044885294091429 -0.00483675497958027406781 -0.00412609174650221607883 0.999979790379869171169 3.08881709308011442872
6308 546.751000 -0.399827357713784470317 -0.00227379866095531006642 0.000523107868448158958019 -0.00483989527802602351875 -0.00412661723214002851279 0.999979773017393158696 3.08881831885959368122
6309 546.759000 -0.399827091720150296084 -0.00227380822328824118775 0.000521990982897957422892 -0.00484274949053351260603 -0.00412710282210947566189 0.999979757194948248866 3.08881944059703927863
6310 546.767000 -0.399826792150059007191 -0.00227380932800097870783 0.000520894578346163539262 -0.0048452107068219828559 -0.00412761608342049422099 0.999979743154167266539 3.08882039488749882139
6311 546.774000 -0.399826532560512259984 -0.00227382171577770846038 0.000520030663848595336995 -0.00484688873069984236391 -0.00412806797376368776048 0.999979733156845629338 3.08882117528575861343
6312 546.782000 -0.399826247758781283537 -0.00227382807093585992408 0.000519217158413076695922 -0.00484821903640582189954 -0.00412861550860350087072 0.999979724447529472187 3.08882193993131837217
6313 546.789000 -0.399826024121035739078 -0.00227382609478156720237 0.000518701358021803060616 -0.00484882618372087150632 -0.00412912399531937743258 0.999979719404184397291 3.08882251972964017028
6314 546.796000 -0.399825823776548294752 -0.00227380541544876246807 0.000518398236153461144937 -0.00484896708937879779983 -0.00412973177172131378915 0.999979716211113811575 3.08882298668423160848
6315 546.804000 -0.399825652596853986509 -0.00227378154670245706884 0.00051833972840732364662 -0.004848497090982289634 -0.00413050056233248055054 0.999979715314797457104 3.08882349698418590123
6316 546.812000 -0.399825543012006456856 -0.00227374179902166059786 0.000518587124718253994482 -0.00484744596063547104892 -0.00413137958066172195776 0.999979716779505145574 3.08882395194391579096
6317 546.820000 -0.399825494917228019265 -0.00227377287492172694069 0.000519059628353722019023 -0.00484610684106652651881 -0.00413221258654455133458 0.999979719828169466567 3.0888245175863424663
6318 546.827000 -0.399825509856235217221 -0.00227361275567983115234 0.00051980314188831630573 -0.0048442583586793350886 -0.00413336975659989516729 0.999979724002146741491 3.08882472686924591798
6319 546.835000 -0.399825586424258028195 -0.00227351991005059596643 0.000520790039057084097607 -0.00484210107102748133628 -0.00413461000269533390794 0.99997972932322154449 3.08882515871248441996
6320 546.843000 -0.399825713344311217678 -0.00227339649735598149649 0.000521938070350037863765 -0.00483981542167432037677 -0.00413597451266526239949 0.999979734745417014885 3.08882558469796331124
6321 546.851000 -0.399825895511644935354 -0.00227327190911153203395 0.000523201688092642808181 -0.00483748661605007575226 -0.00413745365461166362403 0.999979739895011876527 3.08882611009318308604
6322 546.858000 -0.399826086821219561784 -0.00227314395153747949088 0.000524351893959169867987 -0.00483550096259865308523 -0.00413880247544597991427 0.99997974391710042763 3.0888265884315422305
6323 546.866000 -0.399826319756720227616 -0.00227296770657854337386 0.00052565877192645160676 -0.00483343109989383366842 -0.00414042258607839105261 0.999979747217217940225 3.08882713929763408345
6324 546.873000 -0.399826542918313265762 -0.00227281482565162536516 0.000526769081027094604464 -0.00483180044866385934726 -0.00414187237355449853343 0.999979749093783065739 3.08882770284348806555
6325 546.881000 -0.399826801225779737692 -0.00227262320313561779275 0.000527954977408068293343 -0.00483021333228119201242 -0.00414353131963330918036 0.999979749888650459866 3.08882835940675359865
6326 546.890000 -0.399827043603342757727 -0.00227248377778979139541 0.000529010884736978020948 -0.00482898683033175686596 -0.00414517648411689369065 0.999979748994002326512 3.08882919873396666333
6327 546.897000 -0.399827276616614768479 -0.00227219113099556531757 0.000529934137831891000081 -0.00482808792992629569329 -0.00414679198763084552737 0.999979746636476596322 3.08882969234189275198
6328 546.905000 -0.399827489510779121584 -0.00227197262106833969275 0.000530706033975845287154 -0.0048275022604704074039 -0.00414832408915934147675 0.999979743109417285041 3.08883038452191893697
6329 546.913000 -0.399827632550582179327 -0.00227182422762837142594 0.000531201937804641477481 -0.00482735219729581079701 -0.00414961258515733708713 0.999979738487813740733 3.08883109695839319642
6330 546.920000 -0.39982778174875205357 -0.00227151510773429413451 0.000531724002071271018011 -0.00482728385041291882529 -0.00415100430367228937639 0.99997973304157450336 3.0888315451089822794
6331 546.927000 -0.399827872818294627333 -0.00227128330436177170576 0.000532027017122377321456 -0.00482747554694618399851 -0.00415212540508643965231 0.999979727461744238859 3.08883199278239839458
6332 546.934000 -0.399827945476090962362 -0.00227106815719157334454 0.000532251820675091330548 -0.00482777591743301700417 -0.00415318189870843203909 0.999979721624297379634 3.08883246710368908339
6333 546.940000 -0.399827990546013978257 -0.00227088484300119004475 0.000532391135981462315652 -0.00482809237976027094685 -0.00415402508037986638312 0.999979716594093681614 3.08883284272520075575
6334 546.947000 -0.399828013931661896407 -0.00227065352464424479589 0.000532496708937429952258 -0.00482853172706247842083 -0.00415494947084133880305 0.99997971063229840194 3.08883318971163589595
6335 546.954000 -0.39982802453773763629 -0.00227043563320159869426 0.000532573239957426919355 -0.00482896636116228634983 -0.00415582144519218831674 0.999979704910053834865 3.08883354118582342807
6336 546.962000 -0.399828018249204553136 -0.00227018447037300027599 0.000532643147207783468344 -0.00482942609274207308029 -0.00415675964099384339517 0.999979698790381399398 3.08883388443696160763
6337 546.969000 -0.399828004463273822822 -0.0022699653926724532374 0.000532707453957174253967 -0.00482975283843175770548 -0.00415753373242429887652 0.999979693994224705378 3.08883414136974554509
6338 546.976000 -0.399827974863562141117 -0.00226973230016796036559 0.000532785194914942722422 -0.00483002579286861185442 -0.00415830620778045220026 0.999979689463902254865 3.08883432851836969846
6339 546.983000 -0.399827955189785977375 -0.00226952189567266801595 0.000532905911867592035902 -0.00483015823263717707786 -0.00415907529801082687798 0.999979685625719816322 3.08883456157648916829
6340 546.990000 -0.399827925717497312252 -0.00226928195953834824575 0.000533052857481376707316 -0.0048302085034616689535 -0.00415983719790714769754 0.999979682213743781283 3.08883467997088567714
6341 546.994563 -0.399827920972516459575 -0.00226905265297442596678 0.000533235015747590690438 -0.00483008139972652180555 -0.00416043488817570243643 0.999979680341162247004 3.08883459642381863475
6342 547.001000 -0.399827902496152076672 -0.0022689277215900216858 0.00053339352311468357648 -0.00483001656635104453102 -0.00416109118130886072862 0.999979677923581333765 3.0888349248609645592
6343 547.007000 -0.399827908908643059327 -0.00226874738045270731013 0.000533642537807153816143 -0.00482975433957683834146 -0.00416179873244996220011 0.999979676245637549847 3.08883509094825736696
6344 547.014000 -0.399827904898522823451 -0.00226849823776055720473 0.000533960617362765066485 -0.0048294233623282188661 -0.00416267880974326501264 0.999979674180987654353 3.08883518488639152721
6345 547.022000 -0.399827932023361032332 -0.00226823973873581949748 0.000534401660630505481731 -0.00482887241020692106058 -0.00416373383683576753916 0.999979672449286205449 3.08883538444632943509
6346 547.029000 -0.399827958921086967781 -0.00226798391270536733866 0.000534820606625699412895 -0.00482833797621483925416 -0.00416469248288468818497 0.99997967103782192666 3.08883548259637441546
6347 547.037000 -0.399828015295011329755 -0.00226771109021809986334 0.000535355803924480316835 -0.00482763036395838368575 -0.00416585763682690481818 0.999979669600946752261 3.08883568957681697853
6348 547.044000 -0.399828077015172811404 -0.00226745826099939307846 0.000535851949687332629324 -0.00482695542679942041914 -0.00416689061689144712997 0.999979668555263323526 3.08883585274992622516
6349 547.051000 -0.399828141876250819919 -0.00226719569155868754667 0.000536366761715291462398 -0.00482630594129949876819 -0.00416800421809583338667 0.999979667049185061423 3.08883600334972374668
6350 547.057000 -0.399828211699267244139 -0.00226697063524288703468 0.000536820954386632576139 -0.0048257034712038265889 -0.00416894191800767661277 0.999979666047911441851 3.08883615937881605973
6351 547.065000 -0.399828302435502380696 -0.00226665334416255217359 0.000537427450725561084433 -0.00482497272107588418694 -0.00417026632668263032983 0.99997966405172733495 3.08883632951868447591
6352 547.071000 -0.399828389905676984117 -0.00226642917924259291659 0.000537890539930627187282 -0.00482437998611389209924 -0.00417123131066984755705 0.999979662886751996531 3.08883652143800713219
6353 547.077000 -0.399828456989716141123 -0.00226616932047705868861 0.000538333080545412567819 -0.00482390695876964634148 -0.00417225692081087465302 0.999979660890080279678 3.08883661529529662815
6354 547.084000 -0.399828559997506105539 -0.00226588965549091988713 0.000538852722069150386064 -0.0048232965042353057733 -0.00417339335661443423114 0.999979659092485428928 3.08883680975180308081
6355 547.092000 -0.399828652583524180031 -0.0022654700573812962261 0.000539426669462026581181 -0.00482273818712730412833 -0.004174747394624536527 0.999979656133348271396 3.08883676387160210908
6356 547.097000 -0.399828720103818424647 -0.00226531422724840589972 0.000539754844759172264235 -0.004822413255534194719 -0.00417556285864835886185 0.999979654295629405425 3.08883702138544924409
6357 547.105000 -0.399828814409617094849 -0.0022649447383532870029 0.000540273665769079591836 -0.00482194573706722865586 -0.00417685745528267697579 0.999979651143515502199 3.08883710936886668463
6358 547.111000 -0.399828890091194266709 -0.0022646837698711073765 0.000540652788426451702541 -0.00482161719265639717585 -0.00417782478809026157351 0.999979648686755817621 3.08883723216958205882
6359 547.119000 -0.399828980376633780214 -0.00226430969621216468188 0.000541125939848164511092 -0.00482123595593626427802 -0.00417906364530815869346 0.999979645348296863894 3.08883730030424352719
6360 547.125000 -0.399829036695707351612 -0.00226401691414068999969 0.000541460794500039227506 -0.00482100778675787541155 -0.00417999117669314978335 0.999979642571628968284 3.08883731375043835143
6361 547.132000 -0.399829105706775378426 -0.00226368587790509289553 0.000541842036140695315627 -0.00482074379638265312908 -0.00418104873855048349979 0.99997963942307133145 3.08883735574462736651
6362 547.139000 -0.399829171420061801889 -0.00226334794532294641262 0.000542205827741844281764 -0.00482048836380009372571 -0.00418206157892775463175 0.999979636419104367384 3.08883736774097128475
6363 547.145000 -0.399829217024342375986 -0.00226305233236314849374 0.000542507193226755141113 -0.00482032321470577101302 -0.00418295832014140955141 0.999979633464501027618 3.08883734739805015934
6364 547.152000 -0.399829272571243399259 -0.00226270590216861959554 0.000542850751304082418391 -0.00482010399212616253567 -0.0041839495585221809365 0.999979630374337569165 3.08883731109701953343
6365 547.159000 -0.399829315489341363676 -0.00226234498996703836671 0.000543182660336316569527 -0.00481991990965839698507 -0.00418494651977190882525 0.999979627089817801888 3.08883722633849311379
6366 547.167000 -0.399829368821992381378 -0.00226194383019127009601 0.000543563655859710670448 -0.00481968187735598661142 -0.00418607210418688036047 0.999979623525869443235 3.08883715703028105537
6367 547.174000 -0.399829422023977643086 -0.00226160276343465244456 0.000543904295396063081069 -0.00481943248966539179723 -0.004187040806798878953 0.99997962067222123661 3.08883711138055039314
6368 547.181000 -0.399829453621545261033 -0.00226122667551913137871 0.000544228731780477259505 -0.00481923947471371398599 -0.0041880266105379848271 0.999979617474273663191 3.08883696707632759981
6369 547.187000 -0.399829499107423047555 -0.00226093340861797595376 0.00054452741094410811451 -0.00481899697917438380596 -0.00418885784706090821827 0.999979615161255108724 3.08883692060774572852
6370 547.194000 -0.399829530440548641668 -0.00226055332173413911154 0.0005448606720644608159 -0.00481877292924138937724 -0.00418985002652950445923 0.99997961208427221802 3.08883676138079144025
6371 547.201000 -0.399829579862563788684 -0.00226020190147299291847 0.000545218708146659458702 -0.00481847109440760798527 -0.00419084214655931694415 0.999979609381318801375 3.08883668348725004549
6372 547.207000 -0.399829610115302602757 -0.00225987292296085445428 0.000545515093776396259306 -0.00481824192739932575386 -0.00419169706375657584452 0.999979606902288042924 3.08883653662803059348
6373 547.215000 -0.399829666968963992613 -0.00225946228731443337148 0.00054593778257330805026 -0.00481786710460218280117 -0.00419285541676561474694 0.999979603852006904141 3.08883643019577736055
6374 547.222000 -0.39982970841767223602 -0.00225907556142129675031 0.000546301959395242842099 -0.00481755264157372655592 -0.00419386718391138481332 0.999979601124237449383 3.08883625241934689498
6375 547.230000 -0.399829768923294859295 -0.00225865648604670543262 0.000546738310804338600857 -0.00481715036622835327679 -0.00419505169791531060119 0.999979598093681532056 3.08883613394401557173
6376 547.237000 -0.399829824268936873111 -0.0022582789182959838066 0.000547123833717765017948 -0.00481677138457823044576 -0.00419606808159380621076 0.999979595654872932542 3.08883600229205645959
6377 547.245000 -0.399829881932515451837 -0.00225783828168284054008 0.000547568067674197855865 -0.00481637732664422311274 -0.00419728646172745460674 0.999979592439668496517 3.0888358220561928924
6378 547.252000 -0.399829948086618314207 -0.00225746855598514062705 0.000547972067496852593971 -0.00481597056431263669668 -0.00419833258983112744822 0.999979590007210594749 3.08883571683181834544
6379 547.260000 -0.399830004228254487497 -0.00225700678100550309463 0.000548417294894170542774 -0.00481557658922993070405 -0.00419955261297189248737 0.999979586781632345804 3.08883549445953375923
6380 547.267000 -0.399830065832803616122 -0.0022566193801054237715 0.000548818669350841642496 -0.00481519742062307305741 -0.00420062042386051652521 0.999979584122523412759 3.08883535507999296144
6381 547.274000 -0.39983013862253030668 -0.00225623933612972447579 0.000549225488676429590695 -0.004814777668705244075 -0.00420165902300520879842 0.999979581780275794678 3.08883523704353279982
6382 547.282000 -0.399830196656016045864 -0.00225576434276946336671 0.000549673219255159689611 -0.00481440498843826829301 -0.00420290330326183320109 0.999979578345693398411 3.08883498033525860649
6383 547.289000 -0.399830265624538105929 -0.00225537417605306631657 0.000550079395935664655637 -0.00481401869829723404182 -0.00420396984537842275526 0.999979575722180213937 3.08883483597376340413
6384 547.296000 -0.399830319819474033771 -0.00225495048258365048122 0.000550465657449150658209 -0.0048136873133854196985 -0.00420503041540696426148 0.99997957285819327744 3.08883459297851148406
6385 547.304000 -0.399830382931048944339 -0.00225458082951393926074 0.000550840391098043197227 -0.00481335903245207977902 -0.00420609109394657829095 0.999979569977574089812 3.08883450066475706564
6386 547.310000 -0.399830447480958417472 -0.00225413207002755607358 0.000551252404665074358103 -0.00481298134556271909462 -0.00420714598513042235817 0.999979567357867082933 3.08883419658391167317
6387 547.318000 -0.399830511838707547412 -0.00225364201827520918217 0.000551689877004934992044 -0.00481260935069497200467 -0.00420834690462743628986 0.99997956409497079644 3.08883389775628458551
6388 547.325000 -0.399830575253822817494 -0.00225322922894964378787 0.000552076282005545954101 -0.0048122743253134810798 -0.00420940478011155600618 0.999979561254736637466 3.08883369228264870188
6389 547.333000 -0.399830643480213687724 -0.00225274091163352348233 0.000552511439014091026989 -0.00481189927862342176762 -0.00421059298809778412981 0.999979558057073947275 3.08883339772752796293
6390 547.340000 -0.399830696754060910258 -0.00225230039860837161908 0.000552884359270418984655 -0.00481159349264616200553 -0.00421163346707110336498 0.999979555146804255372 3.08883309909507053348
6391 547.347000 -0.399830755362346246251 -0.00225187111750901674742 0.000553260421465553292597 -0.00481127648816755300321 -0.00421267686444851217203 0.999979552277040273367 3.08883283912956185802
6392 547.355000 -0.399830826458182464478 -0.00225138467413922745142 0.000553694653506631162543 -0.00481089664406957571996 -0.00421386366490146199726 0.999979549104127229953 3.08883254668658047137
6393 547.362000 -0.399830874008000769493 -0.00225092859790270794287 0.000554056778396920523999 -0.00481061126860321628534 -0.00421489855418107853963 0.999979546115519313254 3.08883220124412405383
6394 547.369000 -0.399830930393401173806 -0.00225049013049199043285 0.000554428651998267046919 -0.00481029863124159302867 -0.00421593843795779223138 0.999979543235843260085 3.08883191264370537965
6395 547.377000 -0.399831002138481494956 -0.00224999522806840993733 0.000554858688536059851959 -0.00480991251466982190632 -0.00421711267136602643152 0.999979540141856193536 3.08883158944904634424
6396 547.385000 -0.39983105319758549534 -0.0022494648146906734941 0.000555270673643925433138 -0.00480959347197182796735 -0.00421830614475703514349 0.999979536642577215844 3.0888311711104825541
6397 547.393000 -0.399831115964696337528 -0.00224895269196000646347 0.000555693185568435082944 -0.00480923567663374060266 -0.00421949550466114466085 0.999979533345504378872 3.08883080795431608223
6398 547.402000 -0.399831190416709059132 -0.00224838110384835811531 0.000556174309229759411544 -0.00480881698640657148647 -0.00422083824130648713885 0.999979529692349378145 3.08883041201497343664
6399 547.411000 -0.399831260419812761775 -0.00224779149604767240767 0.000556646236711838549027 -0.00480840924372677447352 -0.00422216593717319142731 0.999979526048080602507 3.08882995974477259082
6400 547.419000 -0.399831316479883513981 -0.00224725698467785660675 0.000557064982598602653763 -0.00480806530948012147281 -0.00422336389441228202829 0.999979522643036466967 3.08882952976585123395
6401 547.427000 -0.399831375786028342389 -0.00224683819809485011906 0.000557420825697426541856 -0.00480776028285181695338 -0.0042244197644455685689 0.999979519649635828493 3.08882929591780897027
6402 547.435000 -0.399831446795365863522 -0.00224621204555405448722 0.00055791693708506437388 -0.00480732193275962109424 -0.00422575758931378799715 0.999979516104520516073 3.08882875109943100256
6403 547.443000 -0.399831505358669736516 -0.00224566999231306987234 0.000558337289403635500529 -0.00480696636991111148074 -0.0042269527879816547189 0.999979512762359856737 3.08882830055600487995
6404 547.450000 -0.399831564949061801784 -0.00224521374857427399169 0.000558712326251997043469 -0.0048066379590706292263 -0.00422801041746226347051 0.999979509869797444921 3.08882797032202294218
6405 547.459000 -0.399831636955122027288 -0.0022446090614815731451 0.000559190813509038986417 -0.00480622130444522191461 -0.00422935583237240512317 0.999979506183009569931 3.08882748507627002965
6406 547.467000 -0.399831704582206737264 -0.00224407242965049330205 0.000559616375769348556313 -0.00480584083201757595455 -0.00423054471153734221178 0.99997950298260662727 3.08882705404598878474
6407 547.475000 -0.399831762887146724417 -0.00224351937208508000338 0.00056003703854306044474 -0.00480549025743075633454 -0.0042317483088726431939 0.999979499574684349561 3.08882657650530667581
6408 547.483000 -0.399831830900714724208 -0.00224298360535431359417 0.000560464855955875723703 -0.00480511526598310402536 -0.00423295455536713740446 0.999979496271304890698 3.08882615694798312589
6409 547.491000 -0.399831896655710283817 -0.00224243525988464644308 0.000560889791575057417017 -0.00480474168483597391388 -0.00423414562003129098938 0.999979493023837151533 3.08882569312372767811
6410 547.498000 -0.399831948691320382405 -0.002241943325609407206 0.000561256189583494297102 -0.00480443295541305940427 -0.00423519110558454384141 0.999979490079809685277 3.08882525089643866778
6411 547.503000 -0.399831991891960170094 -0.00224160522587284801593 0.00056152369799315413057 -0.00480419785139056271933 -0.00423594410682736743218 0.999979488019893558715 3.08882498195390597928
6412 547.508000 -0.399832029799458310571 -0.00224125108047292182292 0.000561785148164947734095 -0.00480397407567972455772 -0.00423668603020247325902 0.999979485951867697047 3.08882465421334817535
6413 547.513000 -0.399832078280155156502 -0.00224092008334615113915 0.000562058294455557855285 -0.00480372128611781905316 -0.00423743729517328266559 0.999979483983033934358 3.08882440201384067535
6414 547.519000 -0.399832119291608723 -0.00224048632690536115436 0.000562365913737785522164 -0.00480347214861791792229 -0.00423833250586383089575 0.99997948138593684142 3.08882398946440250853
6415 547.525000 -0.399832169898157507859 -0.00224007090536576785461 0.000562685546693079963188 -0.00480319104940179954916 -0.00423923055228953710172 0.999979478929476583993 3.08882363455980657463
6416 547.530000 -0.399832207074183543227 -0.00223971155420658396898 0.000562945102372067879282 -0.00480297215522479566119 -0.00423997338143869331034 0.999979476831500235789 3.08882329339017047687
6417 547.537000 -0.39983226494415829988 -0.00223922191276618729253 0.000563315137077944477761 -0.00480265068140092645649 -0.00424102222577821437455 0.999979473927796513877 3.08882286471152278651
6418 547.545000 -0.399832338332608894227 -0.00223866810120642786841 0.000563743167689902124895 -0.00480225595950371612897 -0.0042422059508185000834 0.999979470802461190004 3.08882238060582103856
6419 547.553000 -0.399832391195431902098 -0.00223807900212372656509 0.000564153021492819206628 -0.00480193019149348972879 -0.00424340779574209833735 0.999979467267561039634 3.08882180190583710555
6420 547.561000 -0.399832455824158494728 -0.00223750856139800276962 0.000564572919526204475282 -0.00480156795589354624954 -0.00424460412096931780784 0.999979463929645429054 3.08882127913774784389
6421 547.568000 -0.399832513899666008861 -0.00223700999776849270007 0.000564942049289252068434 -0.00480124502847735327993 -0.00424564998612563925667 0.999979461040261585758 3.08882082245033240397
6422 547.576000 -0.399832580705284879041 -0.00223643397848726378091 0.000565359652439745979935 -0.00480086622971691301398 -0.00424682405130269967353 0.999979457873471311302 3.08882028415649623199
6423 547.584000 -0.399832639227042485608 -0.00223584887881894244649 0.000565774539443310992004 -0.00480053324742900182354 -0.00424803957618488485515 0.999979454309086968067 3.08881971022343515543
6424 547.592000 -0.399832703469440553512 -0.00223526927961199915057 0.000566193507583592769983 -0.00480017104404848859306 -0.00424923616351784161349 0.999979450963855875933 3.08881916191933969529
6425 547.600000 -0.399832769305202451182 -0.00223468806172063324395 0.000566611517390437635644 -0.0047998051547597430852 -0.00425042692308159279074 0.999979447659524622871 3.08881860347212411355
6426 547.608000 -0.399832827887809882927 -0.00223409141339757973815 0.000567023296229519913059 -0.004799459361990515531 -0.00425162019903867465648 0.999979444246488435866 3.08881799846458848791
6427 547.616000 -0.399832894095241697663 -0.00223351146675522223631 0.000567440397885962677371 -0.0047990996969515774262 -0.00425282269485620020855 0.999979440859273371878 3.08881745206339930476
6428 547.624000 -0.399832958369269797494 -0.00223292293343824947011 0.00056785721317357401583 -0.00479873852559255156119 -0.00425401668897473512337 0.999979437513878521848 3.08881687683134087408
6429 547.633000 -0.399833031284950901618 -0.00223225853234569615591 0.000568323975515837298556 -0.00479833318598544330408 -0.00425535737968616746552 0.999979433754618507457 3.08881621972736564175
6430 547.641000 -0.399833097111365054488 -0.00223166605267549654837 0.000568736947060416442312 -0.00479796299536136734709 -0.00425653537816177932745 0.999979430517283107704 3.08881563824695382081
6431 547.649000 -0.399833154462875151047 -0.0022310418489505392213 0.000569167015730717706923 -0.0047976089913755459726 -0.0042577436450300454665 0.999979427071886917133 3.08881495573121744869
6432 547.656000 -0.399833215548683340579 -0.00223055185688627970186 0.000569515809015166962759 -0.00479730645270298045046 -0.00425879865979162872125 0.999979424030701835591 3.08881452264893052728
6433 547.665000 -0.399833287014508320656 -0.00222987347431571241232 0.000569976460999859629863 -0.00479690612023303888933 -0.00426012853220953963823 0.999979420286519093963 3.08881382306613438971
6434 547.672000 -0.399833336558882923573 -0.00222933740251110177819 0.000570332763806826598119 -0.00479661555541091230714 -0.00426117781457416560514 0.999979417209597376548 3.0888132560887902045
6435 547.680500 -0.399833401183487424646 -0.00222873781538090141863 0.000570745434880531865574 -0.00479625954837841188966 -0.00426237291254610243391 0.999979413823854135224 3.08881264991609816306
6436 547.688000 -0.3998334660340565061 -0.00222813656206160204051 0.000571158665935187631613 -0.00479590113738602528276 -0.00426356691031419196558 0.999979410452776051876 3.08881203802141257597
6437 547.697000 -0.399833538444299696479 -0.00222743679757576992437 0.000571641072355359020074 -0.00479547595556134836209 -0.00426490411233581504652 0.999979406789595959282 3.08881128417754791116
6438 547.704000 -0.399833589966663904836 -0.00222691314258558229963 0.000571977383170413355984 -0.00479519854105970623481 -0.00426594391730334386581 0.999979403684618906034 3.08881074123091581285
6439 547.712000 -0.399833655885407313058 -0.00222631058575343404593 0.000572389223626654924937 -0.00479484335558039240915 -0.00426714218040990210523 0.999979400275229468598 3.08881012816464606274
6440 547.719000 -0.399833713162571380284 -0.00222577740807905054971 0.000572750265300733113483 -0.00479452617737229167677 -0.00426817976406159999697 0.99997939736788399312 3.0888095687957464186
6441 547.727000 -0.399833778589434807316 -0.00222516462809542589149 0.000573158897539064599025 -0.00479415990779214970519 -0.00426935314840794048752 0.999979394114935082882 3.08880892680636254255
6442 547.735000 -0.399833835557618144652 -0.00222453993051934884387 0.000573565041137879400024 -0.00479383373072633702655 -0.00427056004962442139344 0.999979390525137179502 3.08880823556783168371
6443 547.743000 -0.399833899804958592394 -0.00222392599072490865578 0.000573974978645690192547 -0.00479347967250346763957 -0.00427175308055124849232 0.999979387126678664899 3.08880758646738406981
6444 547.750000 -0.399833957279328244816 -0.00222338925173159486504 0.000574335370625535940325 -0.0047931643843720081119 -0.0042727954065875902237 0.999979384184792818857 3.08880701890715814173
6445 547.758000 -0.399834023458420451114 -0.00222277157649820346352 0.000574744124001217576714 -0.0047928019586288526932 -0.00427397593465909247934 0.999979380876973689141 3.08880635285840066118
6446 547.766000 -0.399834080071214736929 -0.00222213857893004910343 0.000575147719298493842466 -0.00479247013320570087319 -0.00427517094868523888501 0.99997937735904418588 3.08880564312557037709
6447 547.774000 -0.39983414402922601294 -0.00222151791391076705237 0.00057555562010432742559 -0.00479211909148710007988 -0.00427636293419584884862 0.999979373944616889425 3.08880497401398645962
6448 547.782000 -0.399834208151033432266 -0.00222089629027807456199 0.000575964097165763272423 -0.00479176638696017162533 -0.00427755512481228609978 0.999979370535736156178 3.08880430225184587911
6449 547.790000 -0.399834272756249275993 -0.00222027283605029900071 0.000576372569864935097028 -0.00479141146630563882769 -0.00427874393428824811164 0.999979367150395703767 3.08880362248419348958
6450 547.798000 -0.399834338816069112532 -0.00221963199760699019317 0.000576798414500267336846 -0.00479102776323948181814 -0.00427991961165797175221 0.999979363957621769643 3.0888028930783115733
6451 547.805000 -0.399834387760613529927 -0.0022190872546912279728 0.000577129737859925079357 -0.00479076614390798547621 -0.00428096950245296196946 0.999979360716946930054 3.08880229467001976573
6452 547.813000 -0.399834451666397749925 -0.00221845997517681981989 0.000577535755500759723224 -0.00479041659776162972312 -0.00428216055803578438121 0.999979357291826742582 3.08880160591179375729
6453 547.821000 -0.399834515852417471393 -0.00221783160662223722062 0.000577942209468721573851 -0.00479006499286219536438 -0.00428335037595972169255 0.999979353880329546733 3.08880091315498095383
6454 547.829000 -0.39983458087596923658 -0.00221720117149779493912 0.00057834769893568005461 -0.00478971054687703495095 -0.00428453371015708080194 0.999979350508681030796 3.08880020930286969261
6455 547.837000 -0.399834645825942747166 -0.00221656796722250783171 0.000578750275486202697683 -0.0047893501352425128792 -0.00428570419643579166719 0.999979347219142722381 3.08879950613456966124
6456 547.845000 -0.399834702248665907476 -0.00221592302672288504056 0.000579150137072222126466 -0.0047890305659496435961 -0.00428690745255695324079 0.999979343592022340559 3.08879875407828530243
6457 547.852000 -0.399834758716374527587 -0.00221537068636714230135 0.000579504239047318181477 -0.00478872489416823192421 -0.00428794939673651526874 0.999979340588523890609 3.08879814197023350175
