11773 1369.859000 -0.399932124024022783715 0.00691243866285641203606 -0.0582731407141969734442 -0.0151826430726376554459 -0.00851338981924755315578 0.999848493294416384991 3.09368381586738161459
11774 1369.866000 -0.399924905569849997722 0.00691945397784797869289 -0.0582649845363204937909 -0.0151971225274151761769 -0.00850142917498087659356 0.999848375089377960911 3.09365624847665099395
11775 1369.875000 -0.399920145870165444357 0.00692905881732056548594 -0.0582456481631689268474 -0.0151857344460587431051 -0.00849780539054705019719 0.99984857892226763898 3.09362420192064924152
11776 1369.882000 -0.399917217824114379354 0.00693955909416947396007 -0.0582277682217196279613 -0.0151626285375704283193 -0.00850351739573350362544 0.999848881025393820821 3.0935936874406646524
11777 1369.891000 -0.399915747173950286708 0.00695554509013136985918 -0.058201508465907852985 -0.0151133138182253639464 -0.00852287858419300235757 0.999849462812313127813 3.09355273491413562681
11778 1369.900000 -0.39991661376602616329 0.00697383732096777328446 -0.0581735143910130647615 -0.0150487523760893335961 -0.00855372528327365787282 0.999850173193814639738 3.0935113478455051883
11779 1369.909000 -0.399919192226078856756 0.0069941061651680250244 -0.0581458959806617770028 -0.0149782328217455112246 -0.00859285507694190764383 0.999850896575666614474 3.09346872581767540211
11780 1369.918000 -0.399922963705413192503 0.0070151817551704085188 -0.0581204741846253133963 -0.0149102331447417430638 -0.0086351666819194667496 0.999851548403034140478 3.09342390016386437068
11781 1369.927000 -0.399927608116491084544 0.00703839178108483978086 -0.0580970427256568833219 -0.0148466052213100819374 -0.00868088744755712328482 0.999852099315956643899 3.09337224026536139476
11782 1369.937000 -0.399931547729765468624 0.00705942089329666608299 -0.058080037111367395497 -0.0148028571499263655875 -0.00871842886698090055453 0.999852421319411654999 3.09332455191720256948
11783 1369.946000 -0.399934565867302693754 0.00707910485054642074632 -0.0580684972800131621318 -0.0147747478513481078632 -0.00874949286095936216989 0.999852565731870757126 3.09328147292030131155
11784 1369.955000 -0.399936442984757001273 0.007097210702297345776 -0.058061812884404602475 -0.0147609154833278997249 -0.00877352257114096846513 0.999852559468538570897 3.09324569931345516594
11785 1369.964000 -0.399937105831083938856 0.00711336315776973232561 -0.0580594200357622824971 -0.0147592792586954419526 -0.00879056051743149109712 0.999852433972910570326 3.09321927054423095882
11786 1369.973000 -0.399936655164019938535 0.00712840839977336038907 -0.0580599226472359591922 -0.0147674292674300853406 -0.00880182736387931201338 0.99985221451366901313 3.09320226550169241619
11787 1369.982000 -0.399935186769025008413 0.00713915863093323929678 -0.0580641873915742068313 -0.0147829467032553670686 -0.00880874032272826144874 0.999851924327145091809 3.09319668875042053102
11788 1369.991000 -0.399933337231279828483 0.00714901949454664360079 -0.058069465636249442686 -0.0148031981144059465727 -0.00881222906942223140059 0.999851593960030538 3.09317857155492026422
11789 1370.001000 -0.399930562570717129667 0.00715894120337312589442 -0.0580760484269363871923 -0.0148278975894877290687 -0.00881273488521547646024 0.999851223511237452435 3.09315655077362805514
11790 1370.010000 -0.399927607067285473263 0.00716679024787866998658 -0.0580819881237261553819 -0.0148502921435376966652 -0.00881097247059021808357 0.999850906679277895428 3.09313781149050859298
11791 1370.019000 -0.399924076050272858662 0.00717433355277734968736 -0.0580876865372912248864 -0.0148734442837936929604 -0.00880722816895325444353 0.999850595532711050595 3.09311812875888669794
11792 1370.029000 -0.399920707686553522642 0.0071811557503996172741 -0.0580924087663070853882 -0.0148927697292334272616 -0.00880330990748444223992 0.999850342373529987761 3.09309929590133414479
11793 1370.038000 -0.399917377979842669777 0.00718741110018591283781 -0.0580958704868382580511 -0.0149092202222805211842 -0.00879970530520746661851 0.999850128938784998844 3.09308152748067621829
11794 1370.053000 -0.399910821374384106708 0.00719759825921026472756 -0.0581011769050434404016 -0.0149346303036353867527 -0.0087955175171644996851 0.999849786562611031471 3.09305191948551572168
11795 1370.062000 -0.399907811400613544262 0.00720422748555467166998 -0.0581022594881791532018 -0.0149421110346045771244 -0.00879589219650385271965 0.999849671499819514509 3.09303363691137755964
11796 1370.072000 -0.399904745033705932844 0.00721166505927421045558 -0.0581025516793590851572 -0.0149466082793683827101 -0.00879887184060079360903 0.999849578064258337484 3.09301413303566574697
11797 1370.081000 -0.39990235882415786639 0.00721913874053652787621 -0.0581015878909975080902 -0.0149465204257885602573 -0.0088035208644502271208 0.999849538454437025692 3.09299496659124351083
11798 1370.090000 -0.399900273493855595852 0.00722659061611933412062 -0.0581002357683151338108 -0.0149436317295555069068 -0.00880951311286328614392 0.999849528853939961692 3.09297603431778123095
11799 1370.100000 -0.399898312004827949373 0.00723484931245387073023 -0.058098389512897044562 -0.0149376840373985665666 -0.008817315640259559828 0.999849548952490674303 3.09295514690443473782
11800 1370.109000 -0.3998969024687862861 0.00724259561399670515058 -0.0580962513449073819638 -0.0149302655377539159054 -0.00882546045595911272941 0.999849587897456038021 3.09293597334027037249
11801 1370.112000 -0.399897014574318920843 0.00724520869317060549342 -0.0580951503704707841735 -0.0149289078106460363499 -0.00882693433977342102603 0.999849595160063331356 3.09292978722595446328
11802 1370.128000 -0.399894887336956550428 0.00725901930489695687565 -0.0580911691702099830525 -0.0149117648820414980954 -0.00884426351889227441161 0.999849697840085815947 3.09289645731180984356
11803 1370.138000 -0.399894283907617498208 0.00726696262736549643269 -0.0580884093028381509605 -0.0149020036114724235138 -0.00885384823807659239459 0.999849758543622901819 3.09287795816812671745
11804 1370.147000 -0.399894016376913796762 0.00727434826149889711411 -0.0580856982062083332385 -0.0148934747502554622189 -0.00886202518464465974213 0.999849813181704849541 3.09286073748579282139
11805 1370.157000 -0.399893942803700941369 0.00728163005953334427356 -0.0580827424533493716363 -0.0148851175213369196076 -0.00886995220308140451537 0.999849867342238018963 3.09284390359760008593
11806 1370.167000 -0.399894014644643969181 0.00728880145648828827593 -0.0580797637753628498425 -0.0148783460131037392066 -0.00887767729763191959513 0.999849899567786915 3.09282841346269954386
11807 1370.170000 -0.399894059073681806815 0.0072916883488847381023 -0.0580790877004028066599 -0.014877525802882384659 -0.00887882061636822463024 0.999849901620461611884 3.09282138127960548601
11808 1370.177000 -0.399894271542784007778 0.00729761754550440309985 -0.0580762614338425214866 -0.0148723347386774118473 -0.00888483934604930580825 0.999849925383412552193 3.09280853768243746416
11809 1370.185000 -0.399894448202636920708 0.00730167088950444981982 -0.0580742614839294332696 -0.014869683095965880934 -0.00888889354912484989935 0.999849928787364450322 3.09280016952428615795
11810 1370.190000 -0.399894557657032967413 0.00730452878028723003034 -0.0580729805378884383904 -0.0148685070438696383816 -0.00889136141414272572481 0.99984992433389197064 3.09279425468968849344
11811 1370.198000 -0.399894690056811275003 0.00730860173066184750507 -0.0580711725833950379028 -0.0148676306533521134651 -0.0088946965316906625304 0.999849907702333395854 3.09278595655909471773
11812 1370.207000 -0.399894769469288036134 0.00731372148750390575767 -0.0580692020248989651532 -0.0148676700751084311242 -0.0088981707263513371009 0.999849876203554144283 3.09277526054774076769
11813 1370.216000 -0.399894683148300789099 0.0073190686098750174296 -0.0580675392032665577124 -0.0148689636875627886198 -0.00890150919455948153036 0.999849827250531286715 3.09276414604569538369
11814 1370.226000 -0.399894387129428152683 0.00732495891797993285699 -0.0580661308396060726889 -0.0148715748539589628224 -0.00890484479720070332132 0.999849758714028369333 3.09275172546052479206
11815 1370.236000 -0.399893838051291417024 0.00733058344255643409837 -0.0580652752301317603978 -0.0148751829678285124592 -0.00890773313116048452709 0.999849679312914463303 3.09273960620314536385
11816 1370.245000 -0.399893107250910040396 0.00733626345628260803644 -0.0580649315604825494441 -0.0148789419734729165545 -0.00891050447106187144819 0.999849598687633234206 3.09272689332980288413
11817 1370.255000 -0.399892059714803793646 0.00734234109729177408799 -0.0580650227318337680549 -0.0148833871075559360381 -0.00891333484309084211894 0.999849507301064699405 3.09271287274063144679
11818 1370.264000 -0.399890927580821564646 0.00734794435459924788479 -0.0580654294137350202032 -0.0148872667458406111873 -0.0089158492862508841037 0.99984942712407598453 3.09269942813924991754
11819 1370.273500 -0.399889638661121149532 0.0073536289307061953463 -0.0580660850877599762909 -0.014890932181013876584 -0.0089186875759114832285 0.999849347227222851053 3.09268576417159435366
11820 1370.283000 -0.39988810814666991833 0.00736003752107654285464 -0.0580669465032756099143 -0.0148942493613904072131 -0.00892180107313510044331 0.999849270041025639522 3.09266971690039094156
11821 1370.292000 -0.399886699374033149912 0.00736587018827122071846 -0.0580676788375197663883 -0.0148963839939827372844 -0.00892476556632393336344 0.999849211783201741177 3.09265483402729879359
11822 1370.301000 -0.399885321893340417443 0.00737175184338787273242 -0.0580682689042481547936 -0.0148975491389323443092 -0.0089277694942341331158 0.999849167605549760118 3.09263945875509049799
11823 1370.310000 -0.39988397901431022019 0.00737795285683656709708 -0.0580686784781337603234 -0.0148979313218497236293 -0.00893123968108342457251 0.999849130919304496246 3.09262346255038433895
11824 1370.320000 -0.399882665300415107712 0.00738392239118989147234 -0.0580686744611497024371 -0.0148970848368126743827 -0.0089349217783683664712 0.999849110634289384159 3.0926077950724564225
11825 1370.329000 -0.399881593713151572977 0.00739009079694250611142 -0.0580683663465921956481 -0.0148956074242103352068 -0.00893885108393848749897 0.99984909752460304766 3.09259205076860599348
11826 1370.338000 -0.399880717480942116104 0.00739589956165772124952 -0.0580676236829309605492 -0.0148932638053431969788 -0.00894269678624001404521 0.999849098048007367545 3.09257711984658856252
11827 1370.347000 -0.399880001867855328079 0.00740165968214330765446 -0.058066527169369282213 -0.0148904407677006266064 -0.00894677888047465570687 0.999849103575838338287 3.09256266488046183127
11828 1370.356438 -0.399879429821992593563 0.00740736518107504467168 -0.0580651319289949979785 -0.0148873893334541800709 -0.00895113471369052282611 0.999849110029194187987 3.09254882140945852598
11829 1370.366000 -0.399878972481772676506 0.00741360998746083254413 -0.0580632658225693348841 -0.0148837754737842012376 -0.00895595900802638282545 0.999849120630654120134 3.0925338244803217691
11830 1370.375000 -0.39987869028749495337 0.00741915306576407425354 -0.0580613798801476177491 -0.0148805698296381912205 -0.00896028989580162013584 0.999849129542316639174 3.09252073952199690865
11831 1370.384000 -0.399878485353395596302 0.00742467130085957670999 -0.0580594108659103630421 -0.0148775949557102930843 -0.00896446586822327064203 0.999849136380099645649 3.09250773700183589909
11832 1370.393000 -0.399878275893902346283 0.00743013130253969249217 -0.0580575268591464258017 -0.0148753103948831150172 -0.00896913399907916727982 0.999849128506877571354 3.09249579962920861931
11833 1370.402000 -0.399878108256477515781 0.0074355743666773537609 -0.0580556504652212090889 -0.0148732474048953264983 -0.0089731387785666385376 0.999849123264151873336 3.09248322288318222562
11834 1370.411000 -0.399877897826655726021 0.007443589701315990112 -0.058053518325596673022 -0.0148714399283986654227 -0.00897892373450409272961 0.999849098215838782977 3.09246533467319650867
11835 1370.421000 -0.399877537775913838303 0.00744962227872818759378 -0.0580520939760113957595 -0.0148709249359234140647 -0.00898349345895504101944 0.9998490648276984194 3.09245203106858568276
11836 1370.430000 -0.399877153316226141566 0.00745510158721454305186 -0.0580510168249280672503 -0.0148708159269563145594 -0.00898700741697994708035 0.999849034870441633061 3.09243925957703291729
11837 1370.439000 -0.399876649856150234719 0.00746054048462571964273 -0.0580502180027979292065 -0.0148713809944786123224 -0.00899081988614701226037 0.999848992190866758811 3.09242716461933619954
11838 1370.448000 -0.39987603531654630773 0.00746606951422640503779 -0.0580496245435239560662 -0.0148722455354511721992 -0.00899438755187805319413 0.999848947244182384431 3.09241448886575742705
11839 1370.457000 -0.399875413699156911917 0.00746892343643318183666 -0.058049083957709295134 -0.0148731221277139044612 -0.00899652715249671733333 0.999848914955338896604 3.09240800893287026696
11840 1370.467000 -0.399874586320311753429 0.0074747936680274445348 -0.0580486800943372169281 -0.0148741669725323735068 -0.0089998657726660501871 0.999848869366239512146 3.0923938351793278656
11841 1370.476000 -0.399873734503877309443 0.00748069488680561545807 -0.0580484837072974269034 -0.0148752393921176822439 -0.00900320718174786767396 0.999848823329541946947 3.09237961925842474997
11842 1370.476000 -0.399873661147896353185 0.00748338519431450931163 -0.0580486349504315546355 -0.0148754523688894753353 -0.00900430855679053808449 0.999848810242946028914 3.09237308785768538755
11843 1370.494000 -0.399871977772609799029 0.00749224787188013108263 -0.0580480823058972666972 -0.0148766305873579193081 -0.00900932346105937781333 0.999848747537917081907 3.09235085800588205274
11844 1370.504000 -0.399870965647719234237 0.00749822206913857390587 -0.0580478319494879893559 -0.0148771406664582172413 -0.00901302299573470896976 0.999848706606188630808 3.09233642239221540038
11845 1370.513000 -0.399870127047016687971 0.00750386208550976076259 -0.0580474297656809051782 -0.0148769677720504856638 -0.00901595872500062477106 0.999848682710628100523 3.09232197349822079957
11846 1370.523000 -0.399869155504674167467 0.00751280714088987770782 -0.0580467752379916698824 -0.0148765668523207009177 -0.00902100699290885564563 0.999848643141311832494 3.09230032176110825048
11847 1370.532000 -0.3998684076262739584 0.00751843876247264633617 -0.0580460610984401825796 -0.0148756992828223896796 -0.00902419732443873745531 0.999848627259894984221 3.09228602274321273669
11848 1370.542000 -0.399867685562490471352 0.00752431397410978884677 -0.0580452162237815733059 -0.0148747654542450234022 -0.00902816919612881539636 0.99984860529664554285 3.09227199581502176784
11849 1370.551000 -0.399866974568149513569 0.0075275521290008228989 -0.0580445375796693335824 -0.0148738118642367748296 -0.00903081470024324171886 0.999848595591591116083 3.09226379204251466959
11850 1370.560000 -0.399866354021098768801 0.00753308760207706522988 -0.05804358711047963304 -0.0148727201965425225721 -0.00903485081584742832916 0.999848575367635716837 3.09225086069077681472
11851 1370.569000 -0.399865783379221295668 0.00753863559289836421273 -0.0580425087590358962375 -0.014871473907377818352 -0.00903879396283392699818 0.999848558266460463173 3.09223775740535389289
11852 1370.578000 -0.399865273489904415882 0.00754413365386601923041 -0.0580413770635849757262 -0.0148701200465649139432 -0.00904252709921949185401 0.999848544647368386862 3.09222454672370794526
11853 1370.588000 -0.399864697432029569946 0.00755027474066699046118 -0.0580401170820548303886 -0.0148688566737656419764 -0.00904699392082973508078 0.999848523028469160501 3.09221027103759071863
11854 1370.598000 -0.399864213676530966257 0.00755875404436549651332 -0.0580385730395095930656 -0.0148672250461710422215 -0.00905212463436721320731 0.999848500853519395193 3.09219001393900860819
11855 1370.607000 -0.399863708877673473818 0.00756424823857685269674 -0.0580375229857048313686 -0.0148663833506544173363 -0.00905606235896880967795 0.999848477710808869467 3.09217727898550265309
11856 1370.616000 -0.399863150080777218776 0.00757006753166390364274 -0.0580364222409907454248 -0.0148655559840851006492 -0.00906003126459559854355 0.999848454056297630821 3.09216353478731287296
11857 1370.625000 -0.399862612173783493752 0.00757557726837290029698 -0.0580354793249577768921 -0.0148650260894817812934 -0.00906381141928817336828 0.999848427673872275356 3.0921506819291946222
11858 1370.625000 -0.399862612173783493752 0.00757557726837290029698 -0.0580354793249577768921 -0.0148650260894817812934 -0.00906381141928817336828 0.999848427673872275356 3.0921506819291946222
11859 1370.644000 -0.399861474780387138317 0.00758692415719186205592 -0.0580337517260144791775 -0.0148642592362777745812 -0.0090711357981095759595 0.999848372650917971427 3.09212381958037019203
11860 1370.653000 -0.399860815982131523327 0.00759007127744138268555 -0.0580330805252168707709 -0.014864262544229714727 -0.00907382875279931847001 0.999848348166251232882 3.09211657261082661918
11861 1370.653000 -0.399860783716857293157 0.00759279132583125064559 -0.0580329401728553670448 -0.0148641110273996009811 -0.00907501024994725527528 0.999848339695740273569 3.0921099942582066511
11862 1370.672000 -0.399859456414427938409 0.00760148936215566083108 -0.058031608370352878723 -0.0148639540037986545018 -0.00908100437707033518453 0.999848287607113195286 3.0920892226120098023
11863 1370.681000 -0.399858774457886034792 0.00760735460539647620481 -0.058030926360256723795 -0.0148638239915549492248 -0.00908463103133817784229 0.999848256594655704355 3.09207519358791715902
11864 1370.690000 -0.399858099836752134415 0.00761291949741871656898 -0.0580302652406040342381 -0.0148635872373573778293 -0.00908794376820288955787 0.99984823000918665592 3.0920615993052344983
11865 1370.700000 -0.399857293480352038451 0.00762184345316326700148 -0.0580294077255291140816 -0.0148632541589697551171 -0.00909301086656651505469 0.999848188891286682178 3.09204017186577662102
11866 1370.709000 -0.39985670033304132609 0.00762711861256673909204 -0.0580287499483780194742 -0.0148628042558351762537 -0.00909586512167282791597 0.999848169617437942946 3.09202693418534213521
11867 1370.718000 -0.399855933249603889834 0.00763298028167295593976 -0.0580280016130453601964 -0.0148625289862307757155 -0.00909993327076127206388 0.99984813669206829001 3.09201322032399650297
11868 1370.727000 -0.399855287141188064926 0.00763854549329703001737 -0.0580272418793909283696 -0.0148619360312504042443 -0.00910313110893034779791 0.999848116396393815641 3.09199935079161258855
11869 1370.736000 -0.399854638604120293799 0.00764136252862772889782 -0.0580267084176293579389 -0.0148617582041909272739 -0.00910576087622984656211 0.999848095093422206681 3.09199293866102697947
11870 1370.746000 -0.399853926857198449518 0.00764720357559110861662 -0.0580258571197627692762 -0.0148611918206979099627 -0.00910968819621933018071 0.999848067737611811978 3.09197903952852870546
11871 1370.755000 -0.399853286282069675384 0.00765575768964177772596 -0.0580247764554194314646 -0.0148602236221081450418 -0.009114504072560494774 0.999848038238517533571 3.09195833029312172613
11872 1370.765000 -0.399852613135214252083 0.00765887775908651903534 -0.0580241219347827422159 -0.0148598654334734757432 -0.00911729720147592265223 0.999848018096269774979 3.09195105824134097716
11873 1370.774000 -0.399852012397613754136 0.00766743129244861626459 -0.058022955995651978589 -0.014858742774239857426 -0.00912197577159032206573 0.999847992107396055239 3.09193014265483734349
11874 1370.783000 -0.399851422744744000592 0.0076702058462898015101 -0.058022361648536378842 -0.0148584670689507966634 -0.00912463088310973974293 0.999847971977544047739 3.09192391737064165014
11875 1370.793000 -0.399850747049120103238 0.00767903055990123289964 -0.0580211440119343321853 -0.0148575088281096903686 -0.00912998634057603751513 0.999847937328893654474 3.09190298154454712432
11876 1370.801000 -0.399850250439410082048 0.00768150709595394678986 -0.0580205734034880474259 -0.0148571190008747536226 -0.00913201372428811691817 0.999847924606703908346 3.09189697471368862836
11877 1370.810000 -0.399849638822284192408 0.0076894489254809607337 -0.0580195005075289232943 -0.0148563045512965750949 -0.00913674757091094240369 0.999847893461252801295 3.09187805696978168513
11878 1370.819000 -0.399849045715727269279 0.00769494684258805339977 -0.0580186626066676314206 -0.0148557894671473497694 -0.00914042046679757261285 0.999847867544356838643 3.09186507308015556816
11879 1370.829000 -0.399848462221953471207 0.00770076228064828487846 -0.058017779958865103862 -0.0148551408612084927252 -0.00914399680879257777122 0.999847844480526215527 3.09185101391113770219
11880 1370.838000 -0.399847786190576481857 0.0077065857852927008298 -0.0580169064566491143875 -0.014854675476229593431 -0.00914793541219726009939 0.999847815367013836862 3.09183727535364294425
11881 1370.847000 -0.399847194948721063046 0.00771209185114792548921 -0.0580160912045429022488 -0.014854137606568795088 -0.00915134787439607355619 0.999847792130405643718 3.09182395945572219276
11882 1370.856000 -0.399846579223508857837 0.00771760870352073205525 -0.0580152927116343725134 -0.0148537083988265258133 -0.00915495874732116625416 0.99984776545088971389 3.09181086540268745821
11883 1370.866000 -0.39984595565853553456 0.00772342968682399912128 -0.0580145070368079801559 -0.0148532978635940188933 -0.0091586607311480473792 0.999847737646181289328 3.09179700153904413185
11884 1370.875000 -0.399845277293427614485 0.0077292609565953081241 -0.0580136390065292550933 -0.0148527627088556931495 -0.00916233234208151808842 0.999847711957159823726 3.09178288712875071198
11885 1370.884000 -0.399844670917705535818 0.00773203949471737081445 -0.0580130705065753371485 -0.0148526066323446080675 -0.00916477796824773094375 0.999847691861624254805 3.09177644262951378806
11886 1370.894000 -0.399844032140836525002 0.00774058874700510411021 -0.0580120717138801617052 -0.0148518627199565687175 -0.00916947650957663368265 0.999847659833380864036 3.09175572006993126806
11887 1370.903000 -0.399843354701166719956 0.007743674698179218302 -0.0580114450706305448402 -0.0148516745167888569723 -0.00917216995672044850541 0.999847637924065169024 3.09174852163437208219
11888 1370.911000 -0.39984279780804860005 0.00774886642090883218104 -0.0580107445656688758273 -0.0148512709860446328464 -0.00917545633633103790983 0.999847613764777043421 3.09173611304438900049
11889 1370.920000 -0.39984218518094089001 0.00775407234390863755319 -0.0580099834954888593508 -0.0148507698976524851048 -0.00917873987762510626376 0.999847591069611851822 3.09172348189702539401
11890 1370.929000 -0.399841562453214172113 0.00775956382421033683677 -0.0580092212382706320928 -0.0148503356408528665311 -0.00918229335483720064681 0.999847564891818696431 3.09171038943659048925
11891 1370.930000 -0.399841536452001766744 0.00776260284591144891775 -0.0580089861212990040573 -0.0148500691177859030223 -0.00918361592614612420871 0.999847556703379658494 3.09170303940384183505
11892 1370.948000 -0.399840262192715678591 0.00777116427952076298247 -0.0580075652153312776305 -0.0148492836021033025595 -0.00918971929707308558821 0.99984751229162205366 3.09168256097176907815
11893 1370.957000 -0.39983964432933577493 0.00777665006571906687605 -0.0580067706135066474271 -0.0148488165844652773157 -0.00919336430794874363837 0.999847485719068007626 3.09166958168982031196
11894 1370.967000 -0.399838976321385652923 0.0077827360734175708018 -0.0580058798262564484505 -0.014848188063674211748 -0.00919718665757664373406 0.999847459900164658997 3.09165486724220306414
11895 1370.976000 -0.39983836209855005972 0.0077882229642241684181 -0.0580050808107084731047 -0.0148477071824934647032 -0.00920080237972030132165 0.999847433775269633927 3.09164186119308448397
11896 1370.985000 -0.399837785979378579349 0.00779369552425791291272 -0.0580042433026967882426 -0.0148470260235344531791 -0.00920401318466764969961 0.999847414338584594695 3.09162832611353133316
11897 1370.994000 -0.399837164933947608603 0.00779916206199801793908 -0.0580034790431161462188 -0.0148466314717515170812 -0.00920778979169345306033 0.999847385424942669552 3.09161560289336456719
11898 1371.002000 -0.399836620542142640033 0.00780433554651185912299 -0.058002733820954263666 -0.0148461626616418623792 -0.00921114240113846301228 0.999847361505690090944 3.09160332999770615103
11899 1371.011000 -0.39983602106633409079 0.00780949263915741397069 -0.0580019606616793276244 -0.0148457045356739248537 -0.00921457893901097245537 0.999847336642857853484 3.09159107685854595005
11900 1371.021000 -0.399835356758969806545 0.00781557332156221015729 -0.0580010752292550169074 -0.0148450974873536294812 -0.00921841172599389274689 0.999847310325852278723 3.0915764192760755158
11901 1371.030000 -0.399834760407974831864 0.00782101762684788912039 -0.0580002649287628610497 -0.0148445995032835328931 -0.00922196699115552728787 0.999847284934254898481 3.09156347765103056702
11902 1371.030000 -0.399834736111841393402 0.00782375523489260184251 -0.0580000561231076156021 -0.0148443634407336606806 -0.0092231511701723993546 0.999847277516187293855 3.09155685344206831999
11903 1371.040000 -0.39983407326360020928 0.00782983386050401138079 -0.0579991537727786166112 -0.0148437412267490940337 -0.00922695805369097565851 0.999847251629702116205 3.09154217794184393853
11904 1371.050000 -0.39983346127510843715 0.00783560280472115483485 -0.057998350785063684798 -0.0148432687010753797813 -0.00923067894948812958655 0.999847224299992287655 3.09152847612102821273
11905 1371.059000 -0.399832804149595100185 0.00784135992411707540006 -0.0579974892828508947762 -0.0148426988067834643437 -0.00923434003932489637367 0.999847198954004756644 3.09151458722765370979
11906 1371.069000 -0.399832122026014591398 0.00784743228931219019562 -0.0579966176347567891058 -0.0148422135706812608619 -0.0092383581113621385944 0.999847169039213001795 3.09150021627805049462
11907 1371.078000 -0.399831540373998151061 0.00785289766621463311558 -0.0579958087698824731326 -0.0148415866971018921977 -0.00924152283059986173752 0.99984714909834282448 3.0914866795906621455
11908 1371.088000 -0.399830846902467951232 0.00785895511545081290605 -0.0579949536624678393948 -0.0148411690451713713934 -0.00924571280800269741651 0.999847116561349391617 3.09147259297971821468
11909 1371.097000 -0.399830267796255744983 0.00786440245019665376547 -0.0579941481569028055576 -0.0148405470578555874483 -0.00924886718393356718759 0.999847096619696951159 3.09145910217587571722
11910 1371.106000 -0.39982964926569769526 0.00786983923887479841497 -0.0579933782602027048103 -0.0148401616986378690616 -0.00925261082135102677637 0.999847067702729463967 3.09144644036892435324
11911 1371.115000 -0.399829039516738260485 0.00787528638722598262056 -0.0579926073225296712099 -0.0148397264390522538868 -0.00925618427198371916675 0.999847041087754240252 3.09143351246540998289
11912 1371.125000 -0.39982837993939113197 0.00788132138810719064248 -0.0579917356638056449847 -0.0148391432531819120189 -0.00925996188407302717183 0.999847014764467467707 3.0914189502279154631
11913 1371.134000 -0.399827834656793668078 0.00788646249524053294389 -0.057991014446653894876 -0.0148387047212948947755 -0.00926325806679669135069 0.999846990740174246248 3.09140671207760231454
11914 1371.143000 -0.399827166660303268131 0.00789218224050156590132 -0.0579901827374426706574 -0.0148382405605298802603 -0.00926705852089076097255 0.999846962411467421461 3.09139312611177086154
11915 1371.159000 -0.39982613866514715717 0.00789910209141732669313 -0.057988982402465076571 -0.0148375242299937318974 -0.00927195781253076223294 0.999846927620946956949 3.09137648145187782234
11916 1371.168000 -0.399825525461342923261 0.00790454171130366631259 -0.0579882168190554020404 -0.0148370896523511014431 -0.00927552088440012495463 0.999846901021836931278 3.09136357538437200887
11917 1371.168000 -0.399825502617837946762 0.00790726945076544902868 -0.057987995383410553818 -0.0148368379645221256519 -0.00927670750661281975913 0.999846893747763254545 3.09135697748748539126
11918 1371.177000 -0.399824902409986693286 0.00791267959481981898728 -0.0579872245324846297132 -0.014836386363004735664 -0.00928023057338076863554 0.999846867755354140606 3.09134410346490806631
11919 1371.196000 -0.399823675712950410421 0.00792136704230863956944 -0.0579857714910156224475 -0.014835552256079244729 -0.00928634132918674908008 0.999846823395451389516 3.09132335339336394853
11920 1371.205000 -0.399823101052240670317 0.00792679673351515470814 -0.0579849528219669035911 -0.0148348970649969918306 -0.00928948908924964386613 0.999846803876239698106 3.09130989625293439715
11921 1371.215000 -0.399822420221707219845 0.00793249366582858030095 -0.0579841489645086041738 -0.0148345184977727966025 -0.00929349592367489235611 0.999846772257857563382 3.09129667135276564593
11922 1371.215000 -0.399822395075567882383 0.00793552058396185949762 -0.0579839002637650008376 -0.0148342356606671645081 -0.00929480406893795976786 0.999846764294251233451 3.09128934607587968486
11923 1371.233000 -0.399821239139590001166 0.00794358922556296503936 -0.0579825430862567492429 -0.0148334531300177378116 -0.00930049575508168531457 0.999846722976551638418 3.09127003688188883856
11924 1371.233000 -0.399821213360948002347 0.00794631507288936708711 -0.0579823400665219895744 -0.0148332247706242127683 -0.00930165863149317283243 0.999846715546741870995 3.09126343406040504647
11925 1371.242000 -0.399820607316048459712 0.00795172736873244780098 -0.0579815572516533053737 -0.0148327667110530608818 -0.00930522249904993173364 0.99984668918086572198 3.09125060047984856482
11926 1371.250000 -0.399820074895396559977 0.00795652140242350362775 -0.0579808722805715201498 -0.0148323553890448277953 -0.00930832020686687619526 0.999846666448680698736 3.09123916067966053589
11927 1371.258000 -0.399819574097608210206 0.00796132108026145410284 -0.0579801491682501793368 -0.0148317579534900292199 -0.00931103936910525863124 0.999846649992825686759 3.09122719569070003587
11928 1371.276000 -0.399818391750106361116 0.007969364582352606724 -0.0579788204664028333779 -0.0148311508583565589831 -0.00931708962156641354313 0.999846602637224801668 3.09120846899907686378
11929 1371.285000 -0.39981782230689327795 0.00797505222251053240423 -0.0579779873240946763691 -0.0148304879594539154586 -0.00932036420135258329711 0.999846581950470492117 3.09119442326372917407
11930 1371.295000 -0.399817145174224730653 0.00798072109174629944206 -0.0579771847090236325251 -0.0148301137463958190854 -0.00932433460369436889481 0.999846550481856333192 3.0911812560607034861
11931 1371.304000 -0.399816554392504186488 0.00798608264304940390632 -0.0579764068668604873324 -0.0148296566895970254041 -0.00932784753498671140304 0.999846524494050870047 3.09116852951705345376
11932 1371.312000 -0.399816046865724250559 0.00799117743750078074472 -0.0579756607095733983437 -0.0148290359220355667802 -0.00933070841144071662365 0.99984650700703237014 3.091155858093094011
11933 1371.322000 -0.399815367630187545878 0.00799684518526641054115 -0.0579748621072309899827 -0.0148286705636447319751 -0.0093346930109540031395 0.99984647523292591309 3.0911427094064758414
11934 1371.331000 -0.399814777602350013286 0.00800220077166728313567 -0.0579740822387476914535 -0.0148282044574470483339 -0.00933817801774498336409 0.999846449603076337098 3.09112996558647212808
11935 1371.340000 -0.399814197333152321345 0.00800756199055247669394 -0.057973299099327191275 -0.0148276466903527939095 -0.00934148963993359712776 0.99984642694012437758 3.0911169556939408487
11936 1371.348000 -0.399813668541922850874 0.00801262769951496811593 -0.0579725854922565966842 -0.0148272072547908015383 -0.00934472089380873789655 0.999846403262241278931 3.09110490495188683369
11937 1371.356000 -0.399813140772529662659 0.00801738894075187599753 -0.0579719033716813228474 -0.0148267958184949144584 -0.00934779823329854285541 0.999846380597512740529 3.09109354898914467924
11938 1371.357000 -0.399813115025438869932 0.00802009897452727986422 -0.0579716989788590097987 -0.014826565716291519037 -0.0093489745801125963276 0.999846373011054501134 3.09108699268633158042
11939 1371.363000 -0.399812723303816397458 0.00802366892986648358455 -0.0579711801080688704513 -0.0148262343140993721469 -0.00935126047270460995786 0.999846356548662495989 3.09107844869971337687
11940 1371.368000 -0.399812339022131424393 0.00802692515367948132565 -0.0579706832154456702666 -0.0148259184904015739459 -0.00935338062631558067594 0.999846341400404958755 3.09107062955511047164
11941 1371.374000 -0.399811952629893718747 0.00803048429137884212103 -0.0579701631134397349365 -0.0148255691059164217138 -0.00935560730944128525477 0.999846325748390718502 3.09106204337553958084
11942 1371.385000 -0.399811266759074745991 0.00803522291523278350822 -0.0579693414309699617259 -0.0148250349769849538301 -0.00935877245770751382825 0.999846304046784983832 3.09105042544016761497
11943 1371.385000 -0.399811249351091246851 0.00803702290752545019104 -0.057969207256248635185 -0.0148248841477946324136 -0.00935955605128363683776 0.999846298948257050654 3.0910460717055778801
11944 1371.391000 -0.399810831529524457473 0.00804057670387599461581 -0.0579687254719565767114 -0.0148247321791187131046 -0.0093622022608991408571 0.999846276426853197705 3.09103806812367087886
11945 1371.403000 -0.399810070079956725309 0.00804588747696593012404 -0.0579678298294887817121 -0.0148242193451406413518 -0.00936596180862665945999 0.999846248820390637313 3.09102538420198502678
11946 1371.408000 -0.39980973191517027443 0.00805065322513774661584 -0.0579672520902806687193 -0.0148237540881199867521 -0.00936857759400085837731 0.999846231211879987733 3.09101385091064084776
11947 1371.414000 -0.399809363739258516457 0.00805240230954639563121 -0.057966871538807994424 -0.0148235607380590734411 -0.00937002107575935806738 0.99984622055198324464 3.09100964531748623187
11948 1371.421000 -0.399808904535025766425 0.00805625137710312341777 -0.0579663022180885723067 -0.0148232329310966082225 -0.00937259008817503160016 0.999846201333239759101 3.0910004981924728007
11949 1371.427000 -0.399808518676555313398 0.00806009899596963133583 -0.0579657578791043584521 -0.0148228566026429586788 -0.00937495088647807145454 0.999846184779445645852 3.09099122894955602447
11950 1371.432000 -0.399808206559285173043 0.00806336092547045059364 -0.0579652819163417043491 -0.0148224604453984082353 -0.00937674763352411982931 0.9998461738038315616 3.09098310701765388586
11951 1371.438000 -0.399807813953390323025 0.00806691650501802429152 -0.0579647807820888039121 -0.0148221422014711938508 -0.00937899515313169243602 0.999846157441472094263 3.09097456126384839692
11952 1371.444000 -0.399807407131063052841 0.00807014307580533607478 -0.0579643314703774878427 -0.0148220243094338427481 -0.00938149456501061532188 0.999846135740443453521 3.09096735834227631656
11953 1371.450000 -0.399807011282075408509 0.00807370316566091705823 -0.0579638106166930969221 -0.0148216842993778488008 -0.00938376029764071035999 0.999846119519001930165 3.09095880778799125821
11954 1371.457000 -0.399806546466757839475 0.0080796225092634073317 -0.0579630698459706050762 -0.0148211461914789909694 -0.00938718232378222064427 0.999846095373478349622 3.09094460586024766258
11955 1371.463000 -0.399806158028312097485 0.00808316567984572117989 -0.0579625542870025808884 -0.0148208165455193576626 -0.00938945113914870128913 0.999846078956270978289 3.09093612766157699312
11956 1371.469000 -0.399805768328850341664 0.0080867084477099296369 -0.0579620401289596687278 -0.0148204793631712926361 -0.00939168944871164243504 0.999846062932062129569 3.09092760719987280638
11957 1371.474000 -0.399805754400743507126 0.00808820317155143839183 -0.0579619236263006834542 -0.0148203479342637594457 -0.00939233010527213384167 0.999846058862213449281 3.09092398750926333761
11958 1371.480000 -0.399805438439548632701 0.00809144631889202950448 -0.0579614609419119436451 -0.0148200040787018066935 -0.00939426546577449422815 0.999846045776781489067 3.09091611429284007784
11959 1371.487000 -0.399804614638244182334 0.00809730786712477453027 -0.0579604913826315265579 -0.0148194606697060887734 -0.00939839656838219704438 0.999846015008012289904 3.09090213992773055196
11960 1371.493000 -0.399804229279577705292 0.00810083565237282483829 -0.0579599910867238110601 -0.0148191454331600466071 -0.00940063897110665278034 0.999845998599567242771 3.09089368476952675024
11961 1371.499000 -0.399804212731955099791 0.00810262982151997712688 -0.0579598496500390164554 -0.0148189856842652397523 -0.00940141217771345814869 0.999845993697206503192 3.09088934164227424617
11962 1371.505000 -0.399803466558549092102 0.00810790815199847331174 -0.0579589474748149757755 -0.0148184051883685392881 -0.00940494109305983067015 0.999845969112597710016 3.09087644773539871323
11963 1371.510000 -0.399803115263229758014 0.00811084872482792200443 -0.0579585513704179156047 -0.0148182931037285029602 -0.00940716692968373256745 0.999845949834197722517 3.09086987270999902222
11964 1371.517000 -0.399802669373892971549 0.00811495194459331721515 -0.0579579544256563841675 -0.0148179163621869613987 -0.00940979867529209181021 0.999845930653105230412 3.09086006561170290041
11965 1371.523000 -0.399802652738521058229 0.00811674224501149170485 -0.0579578136920488248829 -0.0148177574949197241039 -0.00941056957214096018172 0.999845925752137931752 3.09085573155892401331
11966 1371.529000 -0.399802266247317628078 0.00812026585127798190833 -0.0579573015865994869977 -0.0148174308434191378397 -0.0094128282743106399949 0.999845909331572357814 3.09084730155401077312
11967 1371.535000 -0.399801514562133863961 0.00812552105436689653395 -0.05795641309832626209 -0.0148169094247455283148 -0.00941651128965386753633 0.999845882378994743611 3.09083470202504928537
11968 1371.541000 -0.399801126659071526248 0.00812904424317283449963 -0.057955904358737903026 -0.0148165854589453506451 -0.00941875215682836178233 0.999845866072939459812 3.09082625338769512169
11969 1371.550000 -0.399800540162824680213 0.00813432078575989335467 -0.0579551528491382833552 -0.0148161477284952259464 -0.00942219020117082521615 0.999845840166522892289 3.09081370632278540356
11970 1371.559000 -0.399799977109978388334 0.00813958431549241696878 -0.0579543791982018927089 -0.0148155976296010134796 -0.00942543010578197025529 0.999845817781021106718 3.09080094777542324636
11971 1371.569000 -0.399799950344968402227 0.00814255538233307415985 -0.0579541386568629135478 -0.0148153252249956877279 -0.00942672591914022785231 0.999845809601121904286 3.09079376199818245397
11972 1371.578000 -0.399798769449769719753 0.00815071386061840506831 -0.0579527497737625310603 -0.0148144879796737703737 -0.00943232608030083498341 0.999845769191736288839 3.09077400269793756138
11973 1371.587000 -0.399798180838019878713 0.00815595549380098566727 -0.0579519980758939345922 -0.0148140965969335135916 -0.0094359332473886066428 0.999845740954957262758 3.09076180235557407272
11974 1371.597000 -0.399797531284518503636 0.00816179466796707747678 -0.0579511697148665377854 -0.0148136295432189802473 -0.00943978026630898012228 0.999845711561679117985 3.09074797833794789881
11975 1371.606000 -0.399796967106323120067 0.00816704077038568621028 -0.0579503992545457036201 -0.0148130840430287461645 -0.00944301531618664882761 0.999845689095508527444 3.09073526536393616837
11976 1371.615000 -0.399796383639148433797 0.00817229717067053697266 -0.0579496370699438267948 -0.0148126267368749522935 -0.00944644008838288300189 0.999845663519530747365 3.0907227641920633765
11977 1371.625000 -0.399795764221267391214 0.0081781280683631205064 -0.0579487753649395587185 -0.0148119768125502971473 -0.00944987828065912277564 0.999845640658289402936 3.09070841558268050164
11978 1371.634000 -0.399795175709615924209 0.00818335749336710285839 -0.0579480274334958148086 -0.0148115856102721786536 -0.00945346295902857805538 0.999845612567156205586 3.09069622708504221364
