31228 1253.121000 -0.324807986370360013417 -0.00698566727381588585544 -0.0505611933875328850574 -0.0191655393592018892523 -0.0349024737701290957426 0.99920693523703907335 3.00193551436697347867
31229 1253.129000 -0.324809925876965999159 -0.0069923438394349935604 -0.0505627071799294031118 -0.0191755937987536616285 -0.0348915231175579015899 0.99920712478294615444 3.00195417097448657984
31230 1253.137000 -0.324811072393738020647 -0.00699901391067824646397 -0.0505650404608744552526 -0.0191881020426581845595 -0.0348794436213313088779 0.999207306394757521772 3.00197211477361936005
31231 1253.145000 -0.324811825146186838875 -0.00700698682938819331079 -0.0505684639451892403716 -0.0192050348611190468961 -0.0348640057512818804519 0.999207519857090331605 3.00199282216265617151
31232 1253.154000 -0.324811965819809866929 -0.00701654984402188576509 -0.0505733453198774357551 -0.0192261667580949473233 -0.0348450708867370298472 0.99920777396229665257 3.00201666377462217383
31233 1253.163000 -0.324811522726678070239 -0.00702553369569722946375 -0.0505784485603206351856 -0.0192453499820342717463 -0.0348277913983122203168 0.999208007098814521285 3.00203835274691055446
31234 1253.172000 -0.324810419802068928163 -0.00703627025736247233012 -0.0505851596228147001866 -0.0192674710270441564008 -0.0348072591123283342496 0.999208296239232129921 3.00206310008661780842
31235 1253.180000 -0.324809177918136959828 -0.00704467047333612837734 -0.0505906821117171334734 -0.0192828485000821510387 -0.0347923944989868977329 0.999208517296940157415 3.00208194118933668904
31236 1253.189000 -0.324807549910234139023 -0.00705342735256013313172 -0.0505966569103462604495 -0.0192967723590055408034 -0.034778114997362254146 0.999208745605118853206 3.00210101953148056353
31237 1253.199000 -0.324805796423575321441 -0.00706135501061173898041 -0.0506021399675472965951 -0.0193068068178344418029 -0.034766944913332473166 0.99920894048837050061 3.00211798255941220148
31238 1253.208000 -0.324804066811421876526 -0.00706793378013038584018 -0.050606764938375209395 -0.0193127693886913226473 -0.0347588562699181896631 0.999209106668542346164 3.00213143132043436268
31239 1253.213000 -0.324802480772065027548 -0.00707265468369384746328 -0.0506103368885962925927 -0.0193149447356857073554 -0.0347532962250004170968 0.999209258019237323012 3.00213979046303514053
31240 1253.217000 -0.324801664521520483397 -0.0070749382012590435187 -0.0506119543777829583586 -0.0193148094517243268387 -0.0347515564848133243214 0.999209321142335293864 3.00214391934476099166
31241 1253.222000 -0.324800914823130670861 -0.00707700305104714405546 -0.0506132745650342413812 -0.0193137874384464655608 -0.034750728413660142424 0.99920936969661300342 3.00214778876230647953
31242 1253.226000 -0.324800376196532014639 -0.00707840230990925550758 -0.0506140954291506711682 -0.0193123819229093114658 -0.0347505765370592634156 0.999209402144918490407 3.0021503599231555981
31243 1253.231000 -0.324799787169162801348 -0.00707985889950252245129 -0.0506148318315735867845 -0.0193099790377836283417 -0.034750949193320994357 0.999209435623845343422 3.00215299091844878276
31244 1253.236000 -0.324799389957404260887 -0.00708094708819258927823 -0.0506151635732863744432 -0.0193075384831042258515 -0.0347517577057459697842 0.999209454666079688323 3.00215517131128750705
31245 1253.240000 -0.324798984504719057131 -0.00708176350642575683225 -0.0506153822798512814662 -0.0193041751662135219192 -0.0347529069736999818296 0.999209479677824807808 3.0021563911638042832
31246 1253.245000 -0.324798745979896219538 -0.00708249412251382888528 -0.050615273062502269541 -0.0193010186645343299883 -0.0347542895494051609639 0.999209492567213142244 3.00215794438656313758
31247 1253.249000 -0.324798535450904424238 -0.00708293700438695876531 -0.0506150298442718110659 -0.019297017091832770197 -0.0347560375530172535607 0.999209509054517885929 3.00215860423096270182
31248 1253.254000 -0.324798442387848718127 -0.00708336164464319975598 -0.0506144975849063261109 -0.0192926879796528547018 -0.034758079678523880196 0.999209521615752604973 3.00215955677654733336
31249 1253.261000 -0.324798478853805416833 -0.00708401252047931480338 -0.0506136654650019765511 -0.019288692196662876599 -0.0347599816891269244867 0.999209532593796745381 3.00216157038216335806
31250 1253.269000 -0.32479866765548726093 -0.00708449311194782847811 -0.0506122817075614905846 -0.0192822493153979278302 -0.0347629856674835160946 0.999209552440738724144 3.00216327613787603568
31251 1253.277000 -0.324799163763977938313 -0.00708476200056127117244 -0.0506103888066706669724 -0.0192746507528475420623 -0.0347665462809443673309 0.999209575163314100976 3.00216497767237822103
31252 1253.286000 -0.324799855301197260005 -0.00708535172680999775219 -0.0506083695211416717541 -0.0192682583107367348674 -0.0347692737692989958798 0.999209603548337765844 3.00216805829094202096
31253 1253.294000 -0.324800703086584319212 -0.00708601212561771331977 -0.0506064512439984431902 -0.0192629296484551730539 -0.0347713711706800279733 0.999209633304377842222 3.00217168382871602006
31254 1253.302000 -0.324801668696465206665 -0.0070869517436765849111 -0.0506046634009479009975 -0.0192587023839504260792 -0.0347727372843141813163 0.999209667249192801108 3.00217639489733212343
31255 1253.310000 -0.324802824291702263437 -0.0070882478147117223416 -0.0506029857751857936599 -0.0192554873032464261839 -0.0347733839245412332253 0.999209706707831712968 3.00218259143924770527
31256 1253.319000 -0.324803862704939605432 -0.00709002922993100768989 -0.0506017586710354808077 -0.0192538495604491211033 -0.0347730488751384833601 0.999209749926926349417 3.00219002936293577477
31257 1253.326000 -0.324804849998096389907 -0.00709182543979852697547 -0.0506009615798421880095 -0.0192535391840135891584 -0.0347720893806234554457 0.999209789298020956139 3.00219748495892124751
31258 1253.335000 -0.324805733950531083654 -0.00709419231638694705588 -0.050600574418873042748 -0.0192543812959017970887 -0.0347704136355893034249 0.999209831385041047369 3.00220653952434624046
31259 1253.343000 -0.324806485431290536958 -0.00709661801987585168228 -0.0506005994082809190671 -0.0192562491442389849272 -0.0347682802450612338241 0.999209869625843905006 3.00221560978914858708
31260 1253.351000 -0.324807072371817495693 -0.00709918362221866917905 -0.050601012108409254564 -0.019258958629854362743 -0.0347657754109470945592 0.999209904560883099833 3.00222489195695940722
31261 1253.359000 -0.324807536984441203032 -0.00710203668121848173678 -0.0506018173347793642769 -0.0192626467597752336347 -0.0347626851640785300424 0.999209940983370792367 3.00223502568075018004
31262 1253.367000 -0.324807755922020990891 -0.00710472514186981894679 -0.0506028800271660084142 -0.0192664883051147893533 -0.0347599125937079062032 0.999209963373497767058 3.0022442982870369832
31263 1253.375000 -0.324807768207366509561 -0.00710714093402481719708 -0.0506040653773758841716 -0.019270064301349993513 -0.0347574093501359301928 0.999209981493924481732 3.00225229636183588156
31264 1253.383000 -0.32480762919003192124 -0.00710959274440406754914 -0.0506054631503556617833 -0.019274019700910555164 -0.0347546672247039598047 0.999210000585797342154 3.00226022198379371986
31265 1253.391000 -0.324807336579998884307 -0.00711187324928267902702 -0.0506069258932389659522 -0.0192777875937391908467 -0.0347521223248224223057 0.999210016412671486741 3.00226740989298601647
31266 1253.398000 -0.324806887834225621603 -0.00711394071039012781954 -0.0506084463315525853733 -0.0192814396024915367389 -0.0347495209535023663605 0.999210036418949121284 3.0022737354146222799
31267 1253.407000 -0.324806414766911744074 -0.00711585537707908749594 -0.050609773174894998049 -0.0192841715227919825726 -0.034747823421324285087 0.999210042731837222441 3.00227955167959814631
31268 1253.414000 -0.324805866288012334842 -0.00711742687967792213299 -0.0506110063258133069386 -0.0192865423515527698028 -0.0347461148811349720966 0.999210056386938383355 3.00228417393693503001
31269 1253.423000 -0.324805285890970685259 -0.00711909578013326070633 -0.0506121464787500155436 -0.0192884050121123716559 -0.0347447398137016444375 0.999210068247596727709 3.00228910170391483092
31270 1253.431000 -0.324804674848100993767 -0.00712053375034845878466 -0.0506131569080503218583 -0.0192897101115185425069 -0.0347434941699838809037 0.999210086366562832971 3.00229329038041736766
31271 1253.439000 -0.324804178597917658777 -0.00712181577972643108099 -0.0506138598995598751329 -0.0192902804977747449611 -0.0347426742936914473292 0.999210103862665843799 3.00229711793296916156
31272 1253.448000 -0.324803760399777041723 -0.00712316574054582853093 -0.0506143456276720651865 -0.0192902890717247879615 -0.0347420711122737244092 0.999210124669660748609 3.00230127761997689362
31273 1253.456000 -0.324803436363723219138 -0.00712435563808851320122 -0.0506146481024095651335 -0.0192898703978342279941 -0.0347416382455969022236 0.999210147802776726955 3.00230508961252695599
31274 1253.465000 -0.324803228253620013266 -0.00712569508950271386649 -0.0506147502016512096379 -0.0192890211378133266673 -0.0347413271651996757861 0.999210175013417911671 3.0023095353707556221
31275 1253.472000 -0.324803123229172763242 -0.00712683498313369974408 -0.0506147834398881085738 -0.0192879108141929545006 -0.034741091322968202515 0.999210204646706401377 3.00231363102662740516
31276 1253.480000 -0.324803141013408791515 -0.00712811535516782480981 -0.0506146406895400940984 -0.0192867921693201486988 -0.0347409505187520825653 0.999210231135005511049 3.00231820410678684752
31277 1253.488000 -0.324803275590112294768 -0.00712954425103206820835 -0.0506144382257640856881 -0.0192853948796670934818 -0.0347407769209582550918 0.999210264140267589994 3.00232363188978412794
31278 1253.497000 -0.32480345909657115655 -0.00713110114502002977177 -0.0506141747360055599403 -0.0192842155286326623342 -0.0347406097422745946401 0.999210292714291403726 3.00232938767287782511
31279 1253.504000 -0.324803771910316785299 -0.0071325797017520106702 -0.0506139314233069459448 -0.0192830306997050712758 -0.0347403653528909617254 0.999210324077059341974 3.00233533929496276826
31280 1253.512000 -0.324804057897424724999 -0.00713413825816763651211 -0.050613710699142985816 -0.0192821855427550599427 -0.0347401089924472689097 0.999210349299829658776 3.00234133467727426492
31281 1253.519000 -0.324804419416276135557 -0.00713569899192427643808 -0.0506135271820348370264 -0.0192814886009898579788 -0.0347397361408103566571 0.999210375711840348423 3.0023476019298755979
31282 1253.527000 -0.324804734254862892406 -0.00713734975483149361453 -0.0506134092796940299186 -0.0192810860896923882968 -0.0347393439234157941353 0.99921039711512837922 3.00235402117670213684
31283 1253.535000 -0.324805091712524030001 -0.00713911573030717033772 -0.0506133535093757219725 -0.0192808995082458661807 -0.034738785717787629137 0.999210420122311648861 3.002360998376199408
31284 1253.542000 -0.324805467341017450877 -0.00714084081470479740961 -0.0506133724162528136903 -0.0192810471895281977661 -0.0347380615653434046686 0.999210442448415281369 3.00236799860807668239
31285 1253.551000 -0.324805705888192242092 -0.00714265914283666869533 -0.0506135054501005154926 -0.0192814326245193679021 -0.034737422857351520078 0.999210457215683800491 3.0023748951472590818
31286 1253.558000 -0.324805948280818546081 -0.007144277813235191954 -0.0506136958883843732226 -0.0192820600630107565066 -0.0347365880931192680392 0.99921047412813657207 3.00238127081538985763
31287 1253.566000 -0.324806125356967734241 -0.00714599857603192244182 -0.0506139863264588110714 -0.0192829202891432807676 -0.0347356784707222240871 0.999210489149458980229 3.0023878767107237131
31288 1253.573000 -0.324806246643831342258 -0.0071475464414486530873 -0.0506143284797450493384 -0.0192839234505821251198 -0.0347346938129480739543 0.999210504019084400085 3.00239383124318237606
31289 1253.580000 -0.324806292957510844843 -0.00714891887611528858981 -0.0506146644178655583102 -0.0192847763389065694761 -0.0347339043811077316515 0.999210515000719112777 3.00239890311717605442
31290 1253.588000 -0.324806303626842152177 -0.00715051538264949160251 -0.0506151275497697394901 -0.019285982253769106548 -0.0347328399893580552771 0.999210528724943314316 3.00240481783016299744
31291 1253.595000 -0.324806266664271592326 -0.00715186854636645601146 -0.050615564723678362069 -0.0192870763418280175006 -0.0347318940100552267514 0.99921054048916957413 3.00240977279651177767
31292 1253.603000 -0.324806191569951274722 -0.00715331711074636972247 -0.0506160356846253531304 -0.0192881874891420411477 -0.0347309484668446022404 0.999210551906842714409 3.00241493947750415217
31293 1253.610000 -0.324806027779079298234 -0.00715493431521863759714 -0.0506168605162033644063 -0.0192901183132570333556 -0.0347288820003757020549 0.999210586458362359785 3.0024212134853636158
31294 1253.618000 -0.324805886413797595402 -0.00715637446630959170313 -0.050617383419997906413 -0.0192911352292374042861 -0.0347278351894667255961 0.999210603208663394881 3.00242630293566215016
31295 1253.625000 -0.32480575717652732104 -0.0071576185346546444821 -0.0506178227276181391669 -0.0192919318066942860335 -0.0347269575071745065231 0.999210618333022382309 3.00243069732151424134
31296 1253.632000 -0.324805720210061821263 -0.00715863294651132922586 -0.0506179151219972034426 -0.0192920225753770331611 -0.034726933174308402541 0.999210617426205205405 3.00243386151445967869
31297 1253.639000 -0.324805603577737689314 -0.00715987856480735859743 -0.0506183063271768499125 -0.019292678137204075095 -0.0347260896871083440951 0.999210634083393500759 3.00243825590051560681
31298 1253.647000 -0.324805489937030233971 -0.00716131225144625571666 -0.0506187153190927607849 -0.0192932697998055534272 -0.0347251624304726128067 0.99921065488444882341 3.00244333506561256186
31299 1253.655000 -0.324805402773664098071 -0.00716269847234945154779 -0.0506190437040037813365 -0.0192936792385833277841 -0.034724397787879494881 0.99921067355173309732 3.00244823314028508321
31300 1253.662000 -0.324805342838341115641 -0.00716403346214518690904 -0.0506193687288486182663 -0.0192940045435296379794 -0.0347235677001423437282 0.999210696117114105519 3.00245310725313041544
31301 1253.670188 -0.324805331191417634429 -0.00716593442703083657874 -0.0506198683470888838309 -0.0192943885164537434762 -0.0347221984831759464263 0.999210736283528411228 3.00246053617059383001
31302 1253.678000 -0.324805364692205555954 -0.00716733187073064804962 -0.0506200896942812783585 -0.0192944557089162506414 -0.0347215047832449760778 0.999210759091636147033 3.00246580801834461738
31303 1253.687000 -0.324805434966834227772 -0.00716906751463921264322 -0.0506202985515348258261 -0.0192944822049484626669 -0.0347207882523484639981 0.999210783478430175641 3.00247231162420025186
31304 1253.696000 -0.324805536205668821115 -0.00717082535129059256418 -0.050620481474497283636 -0.0192944797308048886231 -0.0347200908629063803579 0.999210807758997843209 3.00247897266811625272
31305 1253.705000 -0.324805662481396251184 -0.00717259569063090698937 -0.0506206439680496542155 -0.0192944829715281443439 -0.0347194085169275981628 0.999210831406013300082 3.00248571572752931402
31306 1253.714000 -0.32480580182140644796 -0.00717450591425987382888 -0.0506208034244678278801 -0.0192945204690674887438 -0.0347187253895706524065 0.999210854418221550155 3.00249294985350578813
31307 1253.724000 -0.324805980763420210078 -0.00717637161611830824703 -0.0506209786989414850522 -0.0192946128960523807794 -0.0347179146569978960835 0.999210880802976930681 3.00250020533637407283
31308 1253.733000 -0.324806125440657234016 -0.00717814284826300864906 -0.0506211573443184903454 -0.0192948190661671493962 -0.0347171886301533352825 0.99921090204762186282 3.00250701768622585419
31309 1253.741000 -0.324806247394875791112 -0.00717983758983017916755 -0.0506213346027225841173 -0.0192950588246741903953 -0.0347165043462162731247 0.999210921192783652067 3.00251342569998147525
31310 1253.749000 -0.324806357658219357898 -0.00718138973879287739743 -0.0506215309575473587644 -0.0192953853406061352771 -0.0347157927869998217396 0.999210939609714077214 3.00251936179808565086
31311 1253.757000 -0.32480644618181581107 -0.00718291758227130629211 -0.0506217524175189143021 -0.0192958084938616054871 -0.0347150708518860623419 0.999210956520351967214 3.00252518736592532989
31312 1253.765000 -0.3248065252572869821 -0.00718443912193176235925 -0.0506219942788925514332 -0.0192962564543842744758 -0.0347142782187608994748 0.999210975407394674797 3.00253095700827632442
31313 1253.773000 -0.324806589433029979652 -0.00718581734488945265971 -0.0506222494043923332274 -0.019296763947974332476 -0.0347134719444955122669 0.999210993617811848999 3.00253623341236153266
31314 1253.780000 -0.324806620379681165733 -0.00718723821506346560728 -0.0506225049642530788852 -0.0192972709569932364404 -0.0347127656689544955571 0.999211008362710484398 3.00254147905355006642
31315 1253.788000 -0.324806657022799205592 -0.00718859391558699517555 -0.050622793510721256216 -0.0192978341047297489996 -0.0347119090741775798703 0.999211027244641725176 3.00254662179343201345
31316 1253.795000 -0.324806674977165199536 -0.00718988237963998598479 -0.0506230655278061825175 -0.019298336023537056988 -0.0347111396668352001349 0.999211044279311400018 3.00255141746420539661
31317 1253.802000 -0.324806672695936327067 -0.00719127538190570021748 -0.0506233582724143343912 -0.0192988829814307524813 -0.0347103894424203793245 0.999211059776874410687 3.00255652015460139381
31318 1253.809000 -0.324806672680570618361 -0.00719254521523629911095 -0.0506236437765419933221 -0.0192994117796982875279 -0.0347096398520375312713 0.999211075602297160714 3.00256121516902751978
31319 1253.816000 -0.324806672175717847662 -0.00719381867975361390111 -0.0506239310799680708453 -0.0192999015416176686322 -0.0347088647524710705583 0.999211093066964761711 3.00256592594857396605
31320 1253.823000 -0.324806662137634094556 -0.0071950823612353231179 -0.0506242219405309279434 -0.0193004075101133112935 -0.0347081240114217384751 0.999211109024289889646 3.00257060371495310136
31321 1253.831000 -0.324806652285132391178 -0.00719652690722936971834 -0.0506245487391325660331 -0.0193009607302160567099 -0.0347072962160135181642 0.999211127091899853347 3.00257593964287217148
31322 1253.839000 -0.324806649706820937951 -0.00719798233479372953636 -0.0506248682250773074376 -0.0193014628879970909225 -0.0347064691145890294455 0.999211146120769222456 3.00258133275312610877
31323 1253.847000 -0.324806655576206915192 -0.00719944711106579836313 -0.0506251786225720146195 -0.0193019209562078318532 -0.0347056514981683300602 0.999211165670944811978 3.002586777815896113
31324 1253.856000 -0.32480666380786799019 -0.00720109256961874374947 -0.0506255166170358206212 -0.0193024138806018458192 -0.034704771930804248492 0.999211186698594211464 3.00259290728689443029
31325 1253.865000 -0.324806689410355065029 -0.00720262669174936455418 -0.0506258331804635280937 -0.0193028531829647735651 -0.0347039057462847633229 0.999211208296298947218 3.00259872135650329739
31326 1253.873000 -0.324806715171210735882 -0.00720423149715012159366 -0.0506261140460785713513 -0.0193032191919511285361 -0.0347031579845226215153 0.999211227196096340997 3.00260466632630551587
31327 1253.882000 -0.324806761318061298915 -0.00720577889610567699774 -0.050626404780487327395 -0.0193035991902276923837 -0.0347023277512669217626 0.999211248689158115788 3.00261056980907081737
31328 1253.890000 -0.324806804371809476617 -0.00720739275918989841241 -0.0506266631653437271243 -0.0193039226645702263752 -0.0347016063556628354125 0.999211267493565036268 3.00261658058743341471
31329 1253.899000 -0.324806867143533462006 -0.00720894675109690769021 -0.0506269338194540730047 -0.0193042730043927052153 -0.0347007955916801419383 0.999211288881924453165 3.00262253727613570575
31330 1253.906000 -0.32480691857359206276 -0.00721038153801217655825 -0.0506271464996205233788 -0.019304533660443056603 -0.0347001665843298737202 0.999211305690229201204 3.00262788987794104756
31331 1253.914000 -0.324806979379537119623 -0.0072118728326743142959 -0.0506273839082817742052 -0.0193048371215060812767 -0.0346994373684690812776 0.99921132515100319349 3.00263354723795661272
31332 1253.923000 -0.324807052954879715845 -0.00721342199274932656394 -0.0506276403512214007163 -0.0193052026359997186411 -0.0346986385251234069615 0.999211345830143038427 3.00263948833784377612
31333 1253.931000 -0.324807111833837647286 -0.00721502532554703021606 -0.0506278799905827900374 -0.0193055350521769732153 -0.0346979147592214320905 0.999211364540911750609 3.00264548024877964139
31334 1253.940000 -0.324807182942964511874 -0.00721656289155668019542 -0.0506281415015296040738 -0.0193059232457241936043 -0.0346970845597481467038 0.999211385869218315925 3.00265137674035198501
31335 1253.948000 -0.324807241313243066916 -0.00721803254176613638682 -0.0506283810223519536997 -0.0193062838677900520945 -0.0346963413508717816169 0.999211404708773454075 3.00265692789950078279
31336 1253.956000 -0.32480729175359440708 -0.00721961594950788071445 -0.0506286338399683372158 -0.019306656713857468094 -0.034695576299446750923 0.999211424069892495403 3.00266283301186787114
31337 1253.965000 -0.324807351209146333293 -0.00722113032946896347963 -0.0506289077100961354416 -0.0193071045849607866862 -0.0346947305439044700881 0.999211444782850399804 3.00266860675894786681
31338 1253.973563 -0.324807392814356721278 -0.00722269810696666604566 -0.050629170480966725898 -0.0193075165782572513717 -0.0346939627723222149269 0.999211463480444983531 3.00267442884862134633
31339 1253.983000 -0.324807439096527317268 -0.00722449305497542375309 -0.0506294999739157897123 -0.0193080534474331273753 -0.0346929986388771621764 0.999211486582051722216 3.00268117225662800607
31340 1253.992000 -0.324807483519979456332 -0.00722611439594426918642 -0.0506298004566313811226 -0.0193085201513068620283 -0.0346921047932597093055 0.999211508597944497723 3.0026872667103021719
31341 1254.002000 -0.32480752775578969338 -0.0072279069729380817505 -0.0506301387903416860725 -0.0193090535134393080641 -0.0346911191834623558461 0.999211532510616229352 3.00269398785887897674
31342 1254.011000 -0.324807559977282778174 -0.00722951153516242402131 -0.0506304473819886788344 -0.0193095626739373110725 -0.0346902635515677626454 0.999211552377205158848 3.00270000346795740143
31343 1254.020000 -0.324807590877238150373 -0.00723111544009873152827 -0.0506307598256994784158 -0.0193100590078526639093 -0.0346893928351771144158 0.999211573014364362599 3.00270602903308336806
31344 1254.029313 -0.32480762182970385199 -0.00723271779049004283346 -0.0506310703955805685439 -0.0193105482102817471723 -0.0346885292336200010133 0.999211593541341369651 3.00271203822024101981
31345 1254.039000 -0.32480766121481030595 -0.00723450711212249297777 -0.0506314161544566959661 -0.0193110651457481970195 -0.0346875536785823737618 0.999211617417818165343 3.00271877585874857886
31346 1254.049000 -0.32480770268048114735 -0.00723629533489936367652 -0.0506317550399370819303 -0.0193115890476269376486 -0.0346866169150823883127 0.999211639811827811997 3.00272549320004999984
31347 1254.058000 -0.32480773812794261346 -0.00723790241298820531679 -0.0506320615338782392678 -0.0193120544652226021343 -0.0346857718745949006323 0.999211660151039238187 3.00273155274773584367
31348 1254.068000 -0.324807783994481957812 -0.00723969395938442970839 -0.0506323959997079867112 -0.019312541805183113669 -0.0346848230135885920999 0.999211683669451122825 3.00273830821605880459
31349 1254.077000 -0.324807825582298537181 -0.0072413040193795453342 -0.0506326949394318159836 -0.0193129861682517570132 -0.0346839854173610559473 0.999211704155247182335 3.00274438557647105341
31350 1254.087000 -0.324807877770461606026 -0.00724309614949894715885 -0.050633018951731945112 -0.019313472852503316135 -0.0346830710637726913337 0.999211726486414320014 3.00275113923339187494
31351 1254.097000 -0.324807841444195943836 -0.00724426861900890652068 -0.0506330822173413561127 -0.0193135063658958112953 -0.0346830833322857648437 0.999211725412797679979 3.00275481321061299411
31352 1254.106000 -0.324807892051846958115 -0.00724593102949811808389 -0.0506334004103969406718 -0.0193139922824577051075 -0.0346821619283222346009 0.99921174800243961478 3.00276116833564454822
31353 1254.116000 -0.32480803540192165757 -0.00724828195701790467531 -0.0506339503337644644687 -0.0193148322566250967014 -0.0346803690816336954161 0.999211793993275643189 3.00277072271716916063
31354 1254.126000 -0.324807999446914963393 -0.00724944955425118470194 -0.0506340118120439525162 -0.019314863416458730172 -0.0346803798987080150185 0.999211793015517213412 3.00277438067147217637
31355 1254.126000 -0.324808084148445419537 -0.00725005392767349467198 -0.0506342691705269146163 -0.0193153330378361340336 -0.0346794704153592786566 0.999211815503273537153 3.00277740487549893444
31356 1254.140000 -0.324808108097231706957 -0.00725217656298510898738 -0.0506345603575725916601 -0.0193157278109751806561 -0.0346787281699205487961 0.999211833632713375408 3.00278497357603946227
31357 1254.148000 -0.324808134295973383043 -0.00725347194802624523069 -0.0506347635438004137209 -0.0193160087337677678632 -0.0346781574775710671465 0.99921184800849804919 3.00278971420711604523
31358 1254.157000 -0.324808186370517559816 -0.00725506785263281724074 -0.0506350484307288017938 -0.0193164289368292600713 -0.0346773125645033208908 0.999211869208143421695 3.00279572583411891173
31359 1254.166000 -0.324808232422121201388 -0.0072566522854685608368 -0.0506353361921960468117 -0.0193168652119035874626 -0.0346764690556313273651 0.999211890047460804531 3.00280169977274002946
31360 1254.175000 -0.32480827586168647958 -0.00725823100018079675477 -0.0506356248945600273537 -0.019317321931601537377 -0.0346756495811790799166 0.999211909656562480286 3.00280764642484765403
31361 1254.184000 -0.324808318297618026094 -0.00725980688373610051622 -0.0506359161207180150099 -0.0193177696533353773778 -0.0346748095480919546474 0.999211930152169691688 3.00281359119344148922
31362 1254.194000 -0.324808356244102147681 -0.00726149312245829257895 -0.050636213648758171546 -0.0193182225266624700566 -0.0346739748078050691316 0.999211950363604328729 3.00281986539158562977
31363 1254.204000 -0.324808405803732436201 -0.00726324345255186659687 -0.0506365383436680402407 -0.0193187033256545792614 -0.0346730205568076890743 0.999211974181295814468 3.00282647379190681391
31364 1254.213000 -0.324808458082056772387 -0.00726487558535117775027 -0.0506368546081571446749 -0.019319201121254753889 -0.0346721014942076230514 0.999211996448207129262 3.00283268854059404163
31365 1254.223000 -0.32480849388182914117 -0.00726655638934407474561 -0.0506371560168389772683 -0.0193196596286688802857 -0.0346712676696253468966 0.999212016516021317436 3.00283895945100809399
31366 1254.224000 -0.324808577420531985336 -0.00726715646896941916411 -0.0506374153754549360951 -0.0193201050309420307993 -0.0346703168677894024707 0.999212040895164688159 3.00284195497859363044
31367 1254.233000 -0.324808617882094363694 -0.007268722156151744343 -0.0506377097225966243954 -0.0193205550164686004622 -0.0346694830320635610788 0.999212061126238171305 3.00284786479051346575
31368 1254.242000 -0.324808664924886025815 -0.00727029480393574095709 -0.0506379989929861343279 -0.0193209856652589682946 -0.0346686440496050130022 0.999212081908883109627 3.00285379033504140622
31369 1254.252000 -0.324808706700495775088 -0.00727202605422228032239 -0.0506383258380639841856 -0.0193215050132394920712 -0.0346677428680645660641 0.999212103133492512974 3.00286033036445365596
31370 1254.258000 -0.324808732431949354069 -0.00727318409254923414764 -0.0506385271246034759929 -0.0193217926693792299564 -0.0346671777698371805232 0.999212117177086689424 3.00286463219097088384
31371 1254.272000 -0.324808738077752567897 -0.00727518779736284308679 -0.0506387984904897794913 -0.0193221797204451740948 -0.0346665587436380609465 0.999212131169215145299 3.00287167779084640529
31372 1254.273000 -0.32480880858308214254 -0.0072756751849124019077 -0.0506390042396719503026 -0.0193225315213658328795 -0.0346658085224837084204 0.999212150394043319146 3.00287410477618887938
31373 1254.291000 -0.324808824577780430598 -0.00727842967821940717288 -0.0506393861089630553662 -0.0193230476464324694985 -0.0346648911747614169032 0.999212172238456930451 3.00288385886648478973
31374 1254.300000 -0.324808867462866801556 -0.0072799870707088275984 -0.0506396756247956825181 -0.0193234869443161538793 -0.0346640630092347676316 0.999212192473653004754 3.00288974297983468631
31375 1254.309000 -0.324808916734020958206 -0.0072815498038053781682 -0.0506399612827423198369 -0.0193239089076369698061 -0.0346632317648177326608 0.999212213150013406349 3.0028956366128181088
31376 1254.310000 -0.324808992207950564257 -0.00728208910429441712286 -0.0506401922685659477974 -0.019324312122107670936 -0.0346623968242843610854 0.999212234316315450755 3.00289832752603524924
31377 1254.320000 -0.324809035335306139913 -0.00728380418820424695159 -0.0506405119269862646902 -0.0193248220644374538169 -0.0346615063282722998816 0.999212255344795519107 3.00290479772702445516
31378 1254.338000 -0.324809042283127236139 -0.0072864779832655674624 -0.050640864171813793071 -0.019325297420964213102 -0.0346606907823001630931 0.999212274441264591829 3.00291417266310567413
31379 1254.347000 -0.324809090786873089218 -0.00728803134995659358808 -0.0506411503738487950299 -0.019325712160223551539 -0.034659849752036453463 0.999212295593217114664 3.00292004330158457392
31380 1254.348000 -0.324809177867307619092 -0.00728863189027421400079 -0.0506414036412419221733 -0.0193261454658246074889 -0.0346589164137599547999 0.999212319587012620659 3.00292302488226736656
31381 1254.366000 -0.324809183741684326385 -0.00729128886769522463474 -0.0506417535579484281993 -0.0193266345475832865275 -0.0346581231111282653257 0.999212337643745174276 3.00293233236230650007
31382 1254.375000 -0.32480922966067826696 -0.00729287942127645333334 -0.0506420677877370412068 -0.0193271269520636536365 -0.034657214140881353881 0.999212359647223324899 3.00293841089907154185
31383 1254.385000 -0.324809273663596687065 -0.00729453379937109076814 -0.0506423597653782031625 -0.0193275456444438435699 -0.0346563763910903502308 0.999212380605245198417 3.00294459146735848165
31384 1254.394000 -0.324809315426957567752 -0.00729606614030760096401 -0.0506426464537436463176 -0.0193279818860639281131 -0.0346555534043781060527 0.999212400710903891898 3.00295037985496771071
31385 1254.403000 -0.324809363062088574114 -0.00729760506355583982163 -0.0506429301540192028375 -0.0193284024433444182045 -0.0346547284725558721319 0.999212421186547183893 3.00295618303519873393
31386 1254.413000 -0.324809405033721687595 -0.00729929962744115153062 -0.0506432505375169483841 -0.019328911185556345298 -0.0346538408803422973148 0.999212442128610045522 3.00296258730822795968
31387 1254.423000 -0.324809453448859586366 -0.00730099825879654794336 -0.0506435684526982191067 -0.0193293825457648421606 -0.0346529194446903096583 0.999212464966465208072 3.00296900688960066717
31388 1254.432000 -0.324809494932619124974 -0.00730252323663661134789 -0.0506438548771338814536 -0.0193298192015571752844 -0.0346521006987738910965 0.999212484913392540165 3.00297477104583121488
31389 1254.442000 -0.324809544113619064198 -0.00730422040793256288627 -0.0506441705634010849724 -0.0193303071804954186563 -0.0346512091998212035104 0.999212506389555610298 3.00298117378391093979
31390 1254.451000 -0.32480958445941182644 -0.00730574268276854704718 -0.0506444580117050152657 -0.019330748214149758718 -0.0346503965922121681675 0.999212526037120740696 3.00298693248443493431
31391 1254.461000 -0.324809633020116728108 -0.00730743440317188110156 -0.0506447751909303647833 -0.019331218731913252934 -0.0346494791063533258413 0.999212548750263329644 3.00299332890164416554
31392 1254.470000 -0.324809674682340288054 -0.00730895323016452977405 -0.0506450608199047469515 -0.0193316542369020537284 -0.03464866358732423407 0.99921256860393681265 3.00299907186027592587
31393 1254.480000 -0.324809724061179250221 -0.00731064347768060548982 -0.0506453754921341453565 -0.0193321405494345371912 -0.0346477753273171443227 0.999212589996065325693 3.00300544998470186897
31394 1254.489000 -0.324809764545213375264 -0.00731215932204832413932 -0.050645661931607841022 -0.0193325797957607167787 -0.0346469653726170431773 0.99921260958261992613 3.00301118515911324991
31395 1254.498000 -0.324809805311414012685 -0.00731366995641301309572 -0.0506459461906509228468 -0.0193330166279805891472 -0.0346461588218439989206 0.999212629097007476453 3.00301688810196898416
31396 1254.508000 -0.3248098548204879088 -0.00731535535655284188672 -0.0506462624151782087045 -0.019333481464877642908 -0.0346452374709970353783 0.999212652049114802288 3.00302326980253164734
31397 1254.517000 -0.324809902408039141708 -0.00731687382595529872686 -0.0506465436854597050864 -0.0193338984310950298684 -0.0346444219322933205651 0.999212672257730027958 3.0030290002299908636
31398 1254.527000 -0.324809944341190592887 -0.00731854553597366917772 -0.0506468611100346285947 -0.0193344024338633277416 -0.0346435442925461731245 0.999212692934480228857 3.00303532204217926704
31399 1254.536000 -0.324809984822639952196 -0.00732004822592458720409 -0.0506471442442085542646 -0.0193348371858442606708 -0.0346427402915026813601 0.999212712397161584299 3.00304099455112938344
31400 1254.543000 -0.324810032731990938615 -0.00732133383274049219513 -0.0506474150047313831369 -0.0193352618393022625265 -0.034641928652388263854 0.999212732319223695399 3.00304599759185242291
31401 1254.553000 -0.324810064758595473666 -0.00732289072165442575524 -0.0506476781488510718887 -0.019335648241033561584 -0.0346412137497799019203 0.999212749626945506698 3.00305173701317196233
31402 1254.562000 -0.324810109918238887339 -0.00732439823349340969616 -0.0506479613455936700239 -0.01933606187568704185 -0.0346403904261599893122 0.999212770165725294724 3.00305744425766985017
31403 1254.571000 -0.324810151647184075507 -0.00732589735001812868143 -0.0506482440452592636015 -0.0193364911691393560889 -0.0346395840604951862907 0.999212789812751411844 3.00306311195906205924
31404 1254.580000 -0.324810203113886197812 -0.00732745593039734258167 -0.0506485505952933359741 -0.0193369609871538242207 -0.0346386862654794250305 0.999212811844195081257 3.00306907190218730364
31405 1254.590000 -0.324810241219590511985 -0.00732906015651886219575 -0.0506488381713139645957 -0.0193374024754007743654 -0.034637898365503780318 0.999212830613340985408 3.00307505912070649146
31406 1254.599000 -0.324810290397619882974 -0.007330611510662693453 -0.0506491465079882408062 -0.0193378687162945074596 -0.0346369943102049979156 0.999212852929077466335 3.00308100231102725886
31407 1254.608000 -0.324810331973138133321 -0.00733210387602333153734 -0.050649427960842235974 -0.0193382965418154306736 -0.0346361904321174640664 0.999212872514766314858 3.00308664528760305146
31408 1254.617000 -0.324810372144756331902 -0.00733359258402064249915 -0.0506497093773072351586 -0.0193387372128307338803 -0.0346354042517230953369 0.999212891237564404534 3.00309227272881562598
31409 1254.627000 -0.324810416166155691009 -0.00733519676512038240612 -0.0506499951360416811319 -0.0193391439394684817865 -0.0346345821487929958482 0.999212911861664720981 3.00309826510100386088
31410 1254.636000 -0.324810455213818294329 -0.0073366819278197700771 -0.0506502779936275279726 -0.0193395820301968703048 -0.0346337881539025421729 0.999212930903622842393 3.00310388652335902293
31411 1254.637000 -0.324810532102305038471 -0.00733725242755025978958 -0.0506505254142449873322 -0.019340034285241173434 -0.0346329095443855677905 0.999212952603365622828 3.00310673124928140254
31412 1254.655000 -0.324810548415378652631 -0.0073398713256105432845 -0.0506508958773530457154 -0.0193405425891457621868 -0.0346320292279406957703 0.999212973276424554214 3.00311601754157164734
31413 1254.656000 -0.324810626793924250855 -0.00734039932564262490033 -0.0506511166470335894019 -0.0193409074879981775219 -0.0346311999586517982319 0.999212994955011923892 3.00311863454668381834
31414 1254.674000 -0.324810631275217587266 -0.00734294676508841052953 -0.0506514629211232136896 -0.0193413854171081874 -0.0346304186105819700181 0.99921301278406238211 3.00312758078596697686
31415 1254.683000 -0.324810672638537800694 -0.007344424985543435494 -0.0506517418430322691192 -0.0193418201954997578951 -0.0346296364437975109918 0.99921303147591855609 3.00313316491471171688
31416 1254.692000 -0.324810712211799024196 -0.0073459020180541238082 -0.0506520233414496853785 -0.0193422521361100163695 -0.0346288427446176522162 0.999213050621573728449 3.00313875677095243333
31417 1254.693000 -0.32481079391794093203 -0.00734647880723887820864 -0.0506522698403338161866 -0.0193426716732690538725 -0.0346279359660653374142 0.999213073925311445755 3.00314163153825930408
31418 1254.703000 -0.324810820456226334585 -0.00734810883015182478295 -0.050652537304444106292 -0.0193430620274551469395 -0.0346272326833785698552 0.999213090740955545144 3.00314758919297153383
31419 1254.708000 -0.32481085451648994411 -0.00734898967354757383375 -0.0506527160257826958301 -0.0193433301266903272253 -0.0346266930293148769704 0.999213104252272832362 3.00315098485835019204
31420 1254.716000 -0.324810869059453333207 -0.00735017392447594175575 -0.0506529155480953535706 -0.0193436485447178591057 -0.0346261923286729916827 0.999213115439242072213 3.00315532128770668052
31421 1254.725000 -0.324810908828920053004 -0.00735164360737367711396 -0.0506531959356663757932 -0.0193440767512765773861 -0.0346253995802620964661 0.999213134620711374012 3.00316088396842895136
31422 1254.734000 -0.324810954561291942433 -0.00735312210337629723611 -0.0506534741123116638573 -0.0193444812806974376918 -0.0346245910279255192377 0.999213154807386261247 3.00316648112021411521
31423 1254.742000 -0.324810998073343404347 -0.00735448199046745410001 -0.0506537471057067686941 -0.0193449030887995546135 -0.0346237969591074029596 0.9992131741568558434 3.00317169655470328493
31424 1254.751000 -0.324811044166934625999 -0.00735595669730647848394 -0.05065402269157000259 -0.0193453118243187560665 -0.0346230007284914764742 0.999213193833515367359 3.00317726499646431293
31425 1254.760000 -0.324811082137550721782 -0.00735741832135970545703 -0.0506543031550369879379 -0.0193457462795511153653 -0.0346222172569696576283 0.999213212569318498524 3.00318279972409429845
31426 1254.770000 -0.324811119649193402736 -0.00735898437422708232014 -0.0506545851454468856745 -0.019346180347177988762 -0.0346214404764756678023 0.999213231079987274086 3.00318864763434856258
31427 1254.779000 -0.324811158622945739261 -0.00736044347395395023859 -0.0506548646053761597585 -0.0193466092121898601552 -0.0346206543693300047848 0.999213250013744613831 3.00319417366296548266
31428 1254.788000 -0.324811208685422903031 -0.00736196203440787726169 -0.0506551664850724142619 -0.019347061964836577419 -0.0346197652309994802211 0.99921327205390897408 3.00319998886902839175
31429 1254.798000 -0.32481124490817309125 -0.00736352549980209998559 -0.0506554517497654482883 -0.0193474911019978768056 -0.0346189795212173689887 0.999213290966932454751 3.00320583796510964802
31430 1254.807000 -0.324811290870842872547 -0.00736498891880816609901 -0.0506557254972882370359 -0.0193478974302402836893 -0.0346181865067119939883 0.999213310573881074994 3.00321136538377730929
31431 1254.816000 -0.324811328608795191197 -0.00736644050875156532199 -0.050656004734469364803 -0.0193483302578638521885 -0.0346174074326392189338 0.99921332918395144862 3.00321686368261575595
31432 1254.825000 -0.324811369263229177129 -0.00736789174756031020608 -0.0506562793643395917198 -0.0193487588756214162755 -0.0346166347231800231032 0.999213347654250849672 3.00322234721932002088
31433 1254.833000 -0.324811411324340160167 -0.00736923807408313390199 -0.0506565516061221327027 -0.0193491823585453005807 -0.03461585305208882829 0.99921336653366077396 3.0032275154397569672
