8843 563.684000 31.8532861740789030591 -0.151284150027862607235 5.41301425766689092711
8844 563.690000 31.8530806871590108642 -0.152557106438508810475 5.41480724332690499523
8845 563.696000 31.852847060488493014 -0.153651191233725198382 5.41632872750685034902
8846 563.702000 31.8525950116362075448 -0.154561894951636386031 5.41755864244129003993
8847 563.709000 31.852288037145157773 -0.155407570026105640304 5.41863526615720303425
8848 563.716000 31.8519752842416927763 -0.156051674097622550264 5.41937019674221343024
8849 563.724000 31.8516165868651910387 -0.156591811500737726481 5.41987972774223170092
8850 563.731000 31.8513028102649400353 -0.156934375609084963976 5.42012291891928654763
8851 563.739000 31.8509424380963857004 -0.157214579721601771523 5.42026650972719625798
8852 563.746000 31.8506226413701192257 -0.157380689574698390265 5.42034059497627751512
8853 563.753000 31.8502958446626287525 -0.15747918309157801775 5.42040917286689527543
8854 563.760000 31.8499600439116008488 -0.157508325165518187072 5.42049368819916921325
8855 563.768000 31.8495641889977783023 -0.157449699204240456396 5.42061491091849845247
8856 563.775000 31.8492078250563395159 -0.157311971761557228833 5.42073151121898444416
8857 563.783000 31.8487915558614034239 -0.157053342846916160758 5.42085105818079249218
8858 563.790000 31.8484225933214055715 -0.156742810597624682156 5.42091732679574089815
8859 563.798000 31.8480000630961832542 -0.156305569563565144309 5.42091844900672636953
8860 563.805000 31.8476335839898716529 -0.155869332177911101844 5.42083311686612834279
8861 563.813000 31.8472229029728168825 -0.155337459568625213535 5.42062109774806977214
8862 563.820000 31.8468738247817277909 -0.154869020910983312689 5.42033150049170764362
8863 563.828000 31.846488999344234827 -0.154360746088389316766 5.41988933169354680786
8864 563.835000 31.8461630155602648529 -0.153965967379975227081 5.41941709660441617302
8865 563.843000 31.8458081109634640882 -0.153588580008882896744 5.41881378105953270818
8866 563.850000 31.845513309106760147 -0.153340695599996995613 5.41825377965685639481
8867 563.858000 31.845195436711339454 -0.153159064562143953925 5.41761365680939643852
8868 563.865000 31.8449236369258272816 -0.153087476145837925179 5.41708729558551294048
8869 563.872000 31.8446634825291710058 -0.153092993947207961503 5.41661976654757904015
8870 563.880000 31.8443827319934911202 -0.153181473595150302591 5.41618673525259275436
8871 563.888000 31.844096121456495041 -0.153340034767092597834 5.41588711206978601354
8872 563.895000 31.8438539830727584956 -0.153517353618322943687 5.41575071585172462818
8873 563.903000 31.8435803442101246219 -0.153744362769879877595 5.41574403461810849336
8874 563.910000 31.8433444271808525627 -0.15395193621781197435 5.41586167376332383583
8875 563.917000 31.8431060822875373617 -0.154147810696189907498 5.41609256382811032893
8876 563.925000 31.8428345917527977349 -0.154348563351684536782 5.41647215088354272439
8877 563.933000 31.8425690926894624511 -0.154513292917125816262 5.41694715240488555708
8878 563.940000 31.8423261636258381202 -0.154621306976520545007 5.41741669595618180466
8879 563.947000 31.8420877852812296283 -0.154693536502729711568 5.41791190236985364947
8880 563.955000 31.8418161741338536785 -0.154733144549343587526 5.41847873713915006988
8881 563.962000 31.8415810513545274318 -0.154737457901117952952 5.41894599372186380748
8882 563.969000 31.8413448923579203154 -0.154712153261054252695 5.41937260866359338252
8883 563.976000 31.8411104536400877407 -0.154666592698164268027 5.41973904289182062399
8884 563.984000 31.8408523471321664999 -0.15459724955291032078 5.42006849872215212827
8885 563.991000 31.8406148478920520972 -0.154528340824048288082 5.42027101804916089378
8886 563.999000 31.8403526983357885172 -0.154446486986190789636 5.42040272744805040617
8887 564.006000 31.8401252237185516947 -0.154377601617866788697 5.42043289678176520852
8888 564.014000 31.8398688132965226316 -0.15431108889453273858 5.42037363329692656322
8889 564.021000 31.8396444674847671763 -0.154260802237251803959 5.42025666869621591815
8890 564.029000 31.8393899836879619158 -0.15421749721239705333 5.4200612074288869735
8891 564.036000 31.8391742263362580445 -0.154191778931986156476 5.41985080323151358073
8892 564.043000 31.8389488507086255709 -0.154175509488866741004 5.41962021264266713416
8893 564.050000 31.8387284741065705873 -0.154167076571324085377 5.41938339134465518754
8894 564.058000 31.8384780038337069641 -0.154164062567787946145 5.4191218849437730043
8895 564.066000 31.838230144342912098 -0.154168671333399565082 5.41888206932482052736
8896 564.073000 31.8380128235615131871 -0.154171223438057752864 5.41870684691254478338
8897 564.081000 31.8377666325559154359 -0.154173633622905592588 5.41855170039866340659
8898 564.088000 31.8375584302778236179 -0.154173277463934360609 5.41845985167402943716
8899 564.096000 31.8373111778628086199 -0.154167928748840776798 5.41840934277963715004
8900 564.104000 31.8370711308736176193 -0.154157084084925150025 5.41841571875684646642
8901 564.111000 31.8368682637672542057 -0.154143668551434936953 5.41846420229330405505
8902 564.117000 31.8366893970960838089 -0.154130886720208803986 5.41853262643234590001
8903 564.124000 31.8364863215472624347 -0.154111838927974031943 5.41864303971756822165
8904 564.132000 31.8362583897897657437 -0.154089808475933398579 5.41879822421465195958
8905 564.140000 31.8360401453138130989 -0.15406904325409195855 5.41897375969559114139
8906 564.147000 31.835842028931239156 -0.154052550533285897982 5.41913733956119969548
8907 564.155000 31.835623751955516525 -0.154037085216015667832 5.41932678622365227028
8908 564.162000 31.8354356476777695661 -0.154027046348885476856 5.41948809675036624611
8909 564.169000 31.8352513259820995017 -0.154024744186259499035 5.41963521927830527147
8910 564.177000 31.8350403746988916964 -0.154024330390395897128 5.41978885833211432299
8911 564.184000 31.8348580132239611373 -0.154029274337515842408 5.41990363545453757155
8912 564.192000 31.8346566301709259506 -0.154039900145784502961 5.42000921947519742616
8913 564.199000 31.8344712136674772296 -0.154051753767647292559 5.42007985096900846145
8914 564.207000 31.8342645933115804269 -0.154066811308190027008 5.42013617108157497171
8915 564.215000 31.834063349790444164 -0.154082552909100750638 5.42016720120834438745
8916 564.223000 31.8338540104408451725 -0.1540978847459716361 5.42017472091764851427
8917 564.230000 31.8336730448120306392 -0.154107483999123745511 5.42016822628106798021
8918 564.236000 31.8335181750040661086 -0.154113690794792645988 5.42015362398843070224
8919 564.243000 31.8333447991313569503 -0.154117701510071730686 5.42012856239276885617
8920 564.250000 31.8331575595168629889 -0.154117732140034657817 5.42009857037889553055
8921 564.257000 31.8329760455168582212 -0.154112382560542632293 5.42006803211824195188
8922 564.264000 31.8327953691824419025 -0.154103171604467348299 5.42003817774625673565
8923 564.272000 31.8325914528562776695 -0.154088716424748417566 5.4200073301943181292
8924 564.279000 31.832410714212198144 -0.154070840672257097781 5.41998827900947510727
8925 564.287000 31.8322068060452494365 -0.154047854301097408847 5.41997581255436688963
8926 564.294000 31.8320368860169011782 -0.154025897985699961046 5.41997416531985631849
8927 564.302000 31.8318305906584306797 -0.154000944263918526644 5.41998273085370474433
8928 564.309000 31.831656436402113286 -0.153978206762257097129 5.42000204881670732959
8929 564.316000 31.8314847088680039633 -0.15395712811430845024 5.42003011631246245372
8930 564.324000 31.8312927825441569496 -0.153936384206101811722 5.4200711612609611123
8931 564.331000 31.8311238068568940207 -0.153919381075122013725 5.4201165052084343543
8932 564.339000 31.8309344603192201362 -0.153904226124977838719 5.42017549007317178678
8933 564.346000 31.8307778994388286264 -0.153894349223396481596 5.42023170140496723945
8934 564.353000 31.8306100339795960963 -0.153888775596014687475 5.42028965164030385182
8935 564.360000 31.8304492312528601872 -0.153884610785863712445 5.42035099168863254704
8936 564.368000 31.8302678549177500145 -0.153883841003135041214 5.42042068056526993303
8937 564.375000 31.8301139731702100732 -0.153886229162921606139 5.42047922270671822531
8938 564.382000 31.8299546798366179701 -0.15388910732064173259 5.42053674035522004004
8939 564.389000 31.8297986754921247154 -0.153893154129974923938 5.42059131139278083111
8940 564.397000 31.8296262762757571352 -0.153898492863063035552 5.42064873633152366494
8941 564.404000 31.8294683658861146114 -0.153903993035763464459 5.42069284321131128479
8942 564.411000 31.8293139552521289204 -0.153906922726611633534 5.42073453642799663044
8943 564.419000 31.8291383661446971587 -0.153909585982343277699 5.42077625792444450781
8944 564.426000 31.8289908645335692938 -0.153910706397765800757 5.42080726874397456072
8945 564.434000 31.8288107359436942545 -0.153909157675924085362 5.42083902185845456501
8946 564.442000 31.8286356340383100871 -0.153904964105365693605 5.42086702418271126902
8947 564.450000 31.8284682611437936828 -0.15389835914201022149 5.42089143373250159641
8948 564.457000 31.8283099708060071009 -0.153891792889771006347 5.42090963332586461831
8949 564.463000 31.8281791318341511499 -0.153883482307811403356 5.4209260055572849879
8950 564.470000 31.8280277493273011657 -0.153873335063000549194 5.42094414279498337805
8951 564.477000 31.8278844019690190237 -0.153862518577832507738 5.42096171247572566898
8952 564.484000 31.8277279193438076277 -0.1538513561184909062 5.42097986125700526117
8953 564.491000 31.8275779415374309167 -0.153838988751604621719 5.42100036071749880051
8954 564.498000 31.8274294436332745306 -0.153827199478927700849 5.42102194988869623415
8955 564.505000 31.8272854641314566493 -0.153816501925538556828 5.42104420862822955485
8956 564.512000 31.8271360574658821463 -0.153805306691267934527 5.42106974640564853729
8957 564.516000 31.8270525298168003303 -0.153799331304106556839 5.42108543382634433527
8958 564.522000 31.8269282557145842816 -0.153791121804093156022 5.42111000691084221614
8959 564.529000 31.8267918005194694331 -0.153782772207363388484 5.42113985556098398888
8960 564.533000 31.826703678067868708 -0.153779173832780530207 5.42115732093556346172
8961 564.539000 31.8265811870874983924 -0.153772467849614152824 5.42118618207009106413
8962 564.543000 31.8265001334036163883 -0.153768720752854165523 5.42120604504912595445
8963 564.548000 31.8263993542483376586 -0.153764608255092610767 5.42123135129743083382
8964 564.553000 31.8263036307954045867 -0.153760939992731382464 5.42125732322992703871
8965 564.557000 31.8262229874295385912 -0.153759206339598719637 5.42127708777252603767
8966 564.562000 31.8261211796293395082 -0.15375619479139993051 5.42130368762157743845
8967 564.569000 31.8259822136708798723 -0.153752115154162455335 5.42134205381349154607
8968 564.577000 31.8258247117441541718 -0.15374804520922008555 5.42138630181245506634
8969 564.585000 31.8256699072777031745 -0.153746136233532032511 5.42142790911284233601
8970 564.592000 31.8255332721221257941 -0.153742407113623330561 5.42146613111408104402
8971 564.599000 31.8253978506372092738 -0.153739290074313528223 5.42150339311506535012
8972 564.607000 31.8252511306315710726 -0.153735600647676357022 5.42154434336705204345
8973 564.615000 31.8250911381599443928 -0.153731497768370140022 5.42158409378791361632
8974 564.623000 31.8249375119400035317 -0.15372615093189026525 5.42162355484608404765
8975 564.631000 31.8247896955737594737 -0.153720465798586891637 5.42166139316693485029
8976 564.638000 31.8246531762681286182 -0.153716028773360963156 5.42169188733838414151
8977 564.647000 31.8244825383956140286 -0.153707571562894301787 5.42173228723935096696
8978 564.655000 31.8243313711530788623 -0.153699726132273312151 5.42176729216800090683
8979 564.663000 31.8241825405228020429 -0.153693375821376959633 5.42179897371414831753
8980 564.670000 31.8240509424165622931 -0.153685513757472774765 5.42182843945176529132
8981 564.678000 31.8239018082844253854 -0.153677202407701801734 5.42186140866756094425
8982 564.686000 31.8237592468042613802 -0.153669403127743464665 5.42189317829553196759
8983 564.692000 31.8236437610506399665 -0.15366347950586517479 5.42191737620785563223
8984 564.697000 31.8235509713295421363 -0.153657912570319549195 5.4219384137511807964
8985 564.702000 31.8234592753585516789 -0.153652895374719961064 5.42195917058602727678
8986 564.707000 31.8233676208421449871 -0.153647559086740492784 5.42198061605976366906
8987 564.711000 31.823302459778730622 -0.153644316414095871703 5.42199629920248682424
8988 564.719000 31.8231507806222033707 -0.153637082317381323815 5.42202978022337145347
8989 564.725000 31.823041962515635106 -0.153631359967313502191 5.42205604472349023126
8990 564.732000 31.8229161202761972049 -0.153625231404638684651 5.42208673029059351478
8991 564.739000 31.8227944711936387989 -0.153620022037940562321 5.42211670963435743431
8992 564.746000 31.822667030353983364 -0.153613876549167915897 5.4221483762968833986
8993 564.754000 31.8225250912304069573 -0.153607303440670583949 5.42218518364505630558
8994 564.761000 31.8224063004490425044 -0.153601760278982424346 5.42221764252848803523
8995 564.768000 31.8222800104016485534 -0.153597426255485530744 5.42224872679822134103
8996 564.776000 31.8221400769428797162 -0.153590606415382441297 5.42228672446445525424
8997 564.783000 31.8220184388131350772 -0.153585242894832246785 5.42231972965858410873
8998 564.791000 31.8218838350998183273 -0.153579936349669932127 5.42235620069648316388
8999 564.799000 31.821743227727715464 -0.15357335700072077822 5.42239399584672376875
9000 564.806000 31.8216230146330332218 -0.153567723933148436721 5.42242708031600084695
9001 564.813000 31.8215079691536715245 -0.153562091228719083125 5.42245994074471493462
9002 564.822000 31.8213516090484169752 -0.153555609214004962215 5.42250034400358416065
9003 564.829000 31.8212324082681021764 -0.153549399098752981097 5.42253312895274941496
9004 564.837000 31.8210970130515136134 -0.153542310684266825049 5.42257042129902444572
9005 564.844000 31.8209815787521428376 -0.153537876812471801857 5.42260036352174612517
9006 564.852000 31.8208459562562708811 -0.15353028443192101582 5.4226370287312875007
9007 564.860000 31.8207123070120445618 -0.153523352543726288033 5.42267314393427479757
9008 564.868000 31.8205850460900059318 -0.153516946165197815111 5.42270797639742330176
9009 564.875000 31.8204642044978704973 -0.153510962498060260506 5.42273889095810179839
9010 564.882000 31.8203480062050410027 -0.15350459501354263292 5.42277036140422019628
9011 564.890000 31.8202160607472173126 -0.15349663021985957001 5.42280699615554784287
9012 564.898000 31.8200861276560580393 -0.153491882581561656096 5.42283980938009779749
9013 564.905000 31.8199713756087660954 -0.153485172704022343471 5.4228713085411799355
9014 564.913000 31.8198412726197048528 -0.153478367917052022085 5.42290681330107116054
9015 564.919000 31.8197515976979410368 -0.153473538221868238685 5.42293281117864989227
9016 564.924000 31.8196642258442174978 -0.153470089084508792832 5.42295422418553929589
9017 564.929000 31.819583480437504619 -0.153465312243833584827 5.42297680372314516717
9018 564.934000 31.8195029007954950373 -0.153460928055305145801 5.42299933668674505327
9019 564.938000 31.8194388086314177144 -0.153457617680152230699 5.42301719394550651998
9020 564.943000 31.8193633137331275407 -0.153453407985199380414 5.42303964467161581098
9021 564.948000 31.8192811687840340085 -0.153450391480627723606 5.42306053246994768102
9022 564.955000 31.8191685247430484651 -0.153443919700378766935 5.42309229414368232369
9023 564.962000 31.819057412242244709 -0.153437972956580404027 5.42312401987628422972
9024 564.970000 31.8189382499570214691 -0.153431245740539873301 5.42316004712655352904
9025 564.977000 31.8188222477062616633 -0.153426438736145615005 5.42319038014652310409
9026 564.984000 31.8187120729802472852 -0.15342004407437348501 5.4232225846191663976
9027 564.991000 31.8186027249689402652 -0.153414218283252995478 5.42325439901418260291
9028 564.999000 31.8184819954454027879 -0.153408404388221231152 5.42328949022359640963
9029 565.007000 31.8183551123113801395 -0.153401376354606461261 5.42332595054394239753
9030 565.014000 31.8182467901467163074 -0.153395418000053296304 5.42335795669627884763
9031 565.022000 31.8181307403933253397 -0.153388666083570657239 5.42339420546246309129
9032 565.030000 31.8180022175905428128 -0.153382848796286497262 5.42342924615443955361
9033 565.036000 31.8179098309634795783 -0.1533774089568764043 5.42345687662641040561
9034 565.041000 31.8178336174344771337 -0.153373257398850021405 5.42347955638655143673
9035 565.048000 31.8177341008148850676 -0.153367305133303377662 5.42351116472671179736
9036 565.057000 31.8175916577081459025 -0.153360456476051787433 5.42355070227452440434
9037 565.066000 31.817455178789249004 -0.15335270045504664771 5.42359164247402514292
9038 565.072000 31.817364573449495424 -0.153346586767342613067 5.42361987348143514964
9039 565.079000 31.8172609545974971468 -0.153342966550593096109 5.42364875373649013568
9040 565.086000 31.8171555570327555529 -0.153336374716872697599 5.4236806734785512063
9041 565.092000 31.8170659167015834612 -0.153331350909586910936 5.42370771104770010851
9042 565.099000 31.8169662023125603412 -0.153325467567067358354 5.42373923741901275974
9043 565.106000 31.8168587394195725437 -0.153320708831839597197 5.42376910874035189636
9044 565.113000 31.8167547012955616026 -0.153314163472129755261 5.42380098935823085071
9045 565.121000 31.816636707270514961 -0.153307510095388704885 5.42383689164262428051
9046 565.126000 31.8165702510253858293 -0.153303265403291477664 5.42385919131050187048
9047 565.134000 31.8164470608627141246 -0.153297453541321154757 5.42389377711476505795
9048 565.140000 31.8163586523510097948 -0.153292020543920270992 5.42392109443130632229
