15818 1119.848000 19.0252744623426046644 -0.0505501977129312538017 22.4306396184796064119
15819 1119.854000 19.02527725656594626 -0.0507346661626473863227 22.4277982853104340677
15820 1119.863000 19.025369359639334732 -0.0510866264877136572187 22.4235822023675979153
15821 1119.871000 19.0255312636468651988 -0.0514340361621616615206 22.4201408912196384904
15822 1119.878000 19.0257183358361459113 -0.0517309202278686403043 22.4175163764847837911
15823 1119.884000 19.0259068849564982884 -0.0519563801242175701822 22.4156135510497840357
15824 1119.893000 19.0262361237697490424 -0.0522086504472227957985 22.4134129800184460635
15825 1119.902000 19.0266238569747017095 -0.0523319999094754295665 22.412000489852239582
15826 1119.910000 19.027019937836755048 -0.0523297224352308881778 22.4113612955898524604
15827 1119.919000 19.0275231116538954268 -0.0522175168518756518954 22.4112424260945921617
15828 1119.928000 19.0280822528606456956 -0.0520205966169909050922 22.411633147025288082
15829 1119.936000 19.0286185698019885137 -0.0518059760302337427018 22.4122920537632133176
15830 1119.943000 19.0291108220802875906 -0.05160986645990976035 22.4130256935330862689
15831 1119.951000 19.0296904146784626732 -0.0513973140492406596613 22.4139574195782920185
15832 1119.959000 19.0302780165852105654 -0.0512143789444784655607 22.4149067507276846811
15833 1119.968000 19.030936199870659209 -0.0510585203522896657891 22.4159077320787076815
15834 1119.976000 19.0315091408489784897 -0.0509702658163234470501 22.4166792734175821522
15835 1119.983000 19.0319955130207354443 -0.0509318155565478200564 22.4172346084314426662
15836 1119.992000 19.0325950656443545483 -0.0509305573437209418985 22.4177660333487551725
15837 1120.000000 19.0331009010192140352 -0.0509670659697203931593 22.4180658373436507702
15838 1120.008000 19.0335820086205771418 -0.0510304764920754549973 22.4182173564841278335
15839 1120.017000 19.0340729042726160003 -0.0511185298748531788404 22.418235813153991387
15840 1120.025000 19.0344963574262600048 -0.0511994500296890642232 22.4181572828861632729
15841 1120.034000 19.034959558838956184 -0.0512898487566440103302 22.4179994748062618726
15842 1120.042000 19.0353652698148039235 -0.0513615104178674619639 22.4178322519882300412
15843 1120.051000 19.0358061504083728721 -0.0514327060370443206461 22.4176447926682449463
15844 1120.059000 19.0361892626187092503 -0.0514826872498327439698 22.4174992818807936601
15845 1120.068000 19.0366145996818119102 -0.0515220229980156776972 22.4173741749661559197
15846 1120.077000 19.0370382744587445245 -0.051544898444557403494 22.4172946532287511445
15847 1120.086000 19.0374642030996206188 -0.0515550117359038079234 22.4172559138207283524
15848 1120.096000 19.0379437876934964891 -0.0515571443533883802535 22.4172459043263998524
15849 1120.105000 19.0383832846457288213 -0.0515561615429084782458 22.4172488657096735665
15850 1120.114000 19.038831210607394695 -0.0515565441771730983977 22.4172455442012044102
15851 1120.123000 19.0392875840844340019 -0.0515608197015674160624 22.4172210852847229035
15852 1120.132000 19.0397517284552044714 -0.0515698778522949152769 22.4171648786745514315
15853 1120.138000 19.040064919073572014 -0.0515782924950828128297 22.4171070154796474583
15854 1120.143000 19.0403278634939638891 -0.0515863360126340431133 22.4170461410565842186
15855 1120.149000 19.0406453561884525527 -0.0515966029548977772601 22.4169587954534819119
15856 1120.157000 19.0410712634365104634 -0.0516099312309135152543 22.4168215527315553004
15857 1120.163000 19.0413920584892260024 -0.0516184739651724330822 22.4167069691542302223
15858 1120.169000 19.0417135591564914421 -0.0516247812652497056751 22.4165865760905305137
15859 1120.174000 19.0419817386467826736 -0.0516277550211817828907 22.4164848445319435655
15860 1120.180000 19.0423035695400528766 -0.0516280206987156514709 22.4163648650810074514
15861 1120.185000 19.042571567261187937 -0.0516251691241733368098 22.4162695618892655602
15862 1120.192000 19.0429461608790546734 -0.0516161878971200319133 22.416148004047514064
15863 1120.198000 19.0432664467182455326 -0.0516038491495772397299 22.4160586888983885956
15864 1120.203000 19.0435326591721540979 -0.0515904720027358168477 22.4159969928415669926
15865 1120.208000 19.04379816087315902 -0.0515745665001072495226 22.4159482240821752441
15866 1120.214000 19.0441157478225484567 -0.0515526806371511131522 22.4159079017673548151
15867 1120.223000 19.0445899364482116312 -0.0515158901356380233283 22.4158855765908704427
15868 1120.231000 19.045009189887888823 -0.0514816004252405395869 22.4159027214690951268
15869 1120.240000 19.0454783893313113197 -0.0514445546815680346264 22.4159584077065829888
15870 1120.249000 19.0459451675493873779 -0.0514125847591074616738 22.4160439053476743254
15871 1120.257000 19.0463582749381252768 -0.0513909974124288418396 22.4161357845836448632
15872 1120.265000 19.0467699343929801614 -0.0513776478009978568307 22.4162334984352789036
15873 1120.274000 19.0472316603970952542 -0.0513738274092966767936 22.416339523540145251
15874 1120.283000 19.0476923110294649177 -0.051382337159727772824 22.4164304890743615317
15875 1120.291000 19.0481012144168992961 -0.0513997788571890490417 22.4164911210852650925
15876 1120.299000 19.0485098873544167475 -0.051425350647001759341 22.4165277617519187459
15877 1120.308000 19.0489697076538284648 -0.0514616997741379339493 22.4165369923119648377
15878 1120.316000 19.0493787675631267575 -0.0514983768099479891078 22.4165161317002024077
15879 1120.324000 19.0497883649916133209 -0.0515366742856473783463 22.4164693797711400691
15880 1120.332000 19.0501986805587613105 -0.0515741500604139230246 22.4163998559578665493
15881 1120.341000 19.0506613179028292393 -0.0516124676718233282857 22.4162999630367210102
15882 1120.350000 19.0511251781342458855 -0.0516440220386829920707 22.416184452950989936
15883 1120.359000 19.0515903286257106686 -0.0516667215776508426117 22.416061517738633313
15884 1120.368000 19.0520567688916386828 -0.0516793551822557206687 22.4159391802844041308
15885 1120.377000 19.0525244353609330972 -0.0516816568512596108409 22.4158246131664711243
15886 1120.386000 19.0529932092053222448 -0.0516742748369719145929 22.4157236057366269222
15887 1120.396000 19.0535151675847664876 -0.0516564953122388217932 22.4156321455261604569
15888 1120.405000 19.0539857027970356285 -0.0516341539111069905421 22.4155707721210930572
15889 1120.414000 19.054456746171712922 -0.0516083570904859040285 22.4155293836793561013
15890 1120.423000 19.0549280777882046323 -0.0515816825600255851603 22.4155064151423033536
15891 1120.432000 19.0553994870499785463 -0.0515565812649342453122 22.4154989684394010396
15892 1120.441000 19.0558707841164363117 -0.0515351733194525443715 22.4155032116898169647
15893 1120.450000 19.0563418091388570019 -0.0515190917925619079609 22.415514810744507912
15894 1120.459000 19.0568124388520701018 -0.0515093837772127929875 22.4155293511039097609
15895 1120.468000 19.0572825903009004378 -0.0515064718711612731794 22.4155427145743146866
15896 1120.477000 19.0577522217025752127 -0.051510173523952415553 22.4155513837328221882
15897 1120.485000 19.0581692324917248982 -0.0515184459873967229293 22.4155529442208383273
15898 1120.494000 19.0586379036879129956 -0.0515323348368366268568 22.4155461311106840583
15899 1120.502000 19.0590541324029416614 -0.0515476580364405551071 22.4155317514032361714
15900 1120.511000 19.0595220500308677458 -0.0515668271427150992636 22.415506170122036167
15901 1120.520000 19.0599897016274795192 -0.051586520883367237289 22.4154713426803517962
15902 1120.529000 19.0604571926336632259 -0.0516052738391499232762 22.4154286322742919424
15903 1120.538000 19.0609246296445640212 -0.0516218474588146514215 22.4153798526845235983
15904 1120.547000 19.0613921136938309076 -0.0516353132229321609703 22.4153270615220030493
15905 1120.556000 19.0618597346063367581 -0.0516451002237691275676 22.4152723612426818534
15906 1120.565000 19.0623275666262976813 -0.0516510063430295415787 22.4152177233873146633
15907 1120.575000 19.062847694597540027 -0.0516532027570468024735 22.4151591427374405896
15908 1120.583000 19.0632640664148844678 -0.0516520482018047663586 22.4151150609791010027
15909 1120.593000 19.0637848838350123515 -0.0516477422199099339695 22.415064446105567697
15910 1120.602000 19.0642539477041097484 -0.0516420068135888254979 22.4150236024827727022
15911 1120.609000 19.06461897454106591 -0.0516369031724976529363 22.4149949408391506722
15912 1120.617000 19.0650363366159112388 -0.0516309372739741090363 22.4149653065288809728
15913 1120.625000 19.0654538665663899621 -0.051625345181716728038 22.4149386164562436363
15914 1120.634000 19.0659237377688128845 -0.0516200649256454216496 22.4149114424527944323
15915 1120.642000 19.0663414848014127756 -0.0516166501085574547236 22.4148891369285792052
15916 1120.651000 19.0668114837860507293 -0.0516145298700970353578 22.4148652801296712767
15917 1120.661000 19.0673336688488674895 -0.0516144531340501228067 22.4148392588077918219
15918 1120.670000 19.0678035344537661899 -0.0516163743224065801884 22.4148154061213240595
15919 1120.678000 19.0682210653878279061 -0.0516194926927149091989 22.4147933151314724398
15920 1120.686000 19.0686384417107461786 -0.051623707494366358195 22.414770040924693717
15921 1120.694000 19.0690556369610746401 -0.0516287486787271460154 22.4147453734762898137
15922 1120.703000 19.0695247417311364302 -0.0516350433679305456658 22.4147158460009023884
15923 1120.713000 19.07004565406802854 -0.0516423260533428671315 22.4146808764188527618
15924 1120.722000 19.0705141888749558632 -0.0516487269522081932083 22.4146476561450285203
15925 1120.732000 19.0710344773267586049 -0.0516552775306230518848 22.4146091700482905651
15926 1120.742000 19.0715544712777713698 -0.0516609432636624191226 22.4145695035667955608
15927 1120.751000 19.0720222468665028259 -0.0516651422540386554005 22.4145332285578788856
15928 1120.761000 19.0725417978904161487 -0.0516687678856698057173 22.4144927456163962631
15929 1120.771000 19.073061188063402227 -0.0516713681580729666809 22.4144524970078045101
15930 1120.780000 19.0735285430487095937 -0.051672964025556607226 22.4144167549246908777
15931 1120.790000 19.0740477607284582007 -0.0516741134713011515678 22.4143777845949649929
15932 1120.800000 19.0745669441249852127 -0.0516748492887082674918 22.4143397025201664974
15933 1120.809000 19.0750342002009993791 -0.0516753662954541823082 22.4143061920791026864
15934 1120.819000 19.0755533738069118499 -0.0516759891967581014294 22.4142697285652765515
15935 1120.828000 19.0760206279946409325 -0.0516767429000780792459 22.414237485637539038
15936 1120.838000 19.0765397821527606936 -0.0516779188408100151331 22.4142021256063195267
15937 1120.847000 19.0770069829990767118 -0.051679344268424048936 22.4141705591698396915
15938 1120.856000 19.0774741196082651129 -0.0516811359879511961202 22.4141390895925987081
15939 1120.866000 19.0779930458570454732 -0.0516835349308359115472 22.4141040866312089008
15940 1120.875000 19.0784599388147810828 -0.0516860118854498562513 22.4140724444288252926
15941 1120.884000 19.0789266629560501087 -0.0516887233107584664893 22.4140406011743777981
15942 1120.893000 19.079393186437755503 -0.051691594476041845263 22.4140085221081015732
15943 1120.902000 19.0798594817451956374 -0.0516945486406730839168 22.4139762009546998911
15944 1120.911000 19.0803255271843887897 -0.0516975139527159205377 22.4139436553602919844
15945 1120.921000 19.0808430445324326286 -0.0517007474314201756482 22.4139072739868083772
15946 1120.930000 19.0813085223827130221 -0.051703551326801600041 22.4138743846106684998
15947 1120.939000 19.0817737276279082437 -0.0517062232678392880159 22.4138414099733722651
15948 1120.949000 19.0822903107686698831 -0.0517090213055040950896 22.4138047313437240859
15949 1120.959000 19.0828065819520276136 -0.0517116426166912487861 22.4137680661540308336
15950 1120.968000 19.0832709772298407813 -0.0517138677304055174866 22.4137351146726011564
15951 1120.978000 19.0837867178882305552 -0.0517162218511834359536 22.4136985784147562129
15952 1120.988000 19.0843022144700924514 -0.051718490861742967557 22.4136621318381727974
15953 1120.997000 19.0847659706053640605 -0.0517204953495898692162 22.4136294027445863719
15954 1121.007000 19.0852810587939778486 -0.051722717233183682084 22.4135931037224302997
15955 1121.016000 19.0857444701121892194 -0.0517247387978103309591 22.4135604770649941031
15956 1121.025000 19.0862077254194595355 -0.051726799965075433152 22.4135278724370472503
15957 1121.035000 19.0867222680608108476 -0.0517291500532153503134 22.4134916509722863509
15958 1121.045000 19.0872366063574787631 -0.0517315683746853993696 22.4134554184131431498
15959 1121.054000 19.0876993236816581145 -0.0517338003045573480154 22.4134227901661411408
15960 1121.064000 19.0882132283366665604 -0.0517363318711780567627 22.4133865117905202169
15961 1121.074000 19.0887268742384890174 -0.051738902451551153916 22.4133502102050954363
15962 1121.083000 19.0891889156303733444 -0.0517412341220912438966 22.4133175259713723904
15963 1121.093000 19.0897020085483895002 -0.0517438279268237419362 22.4132812071891720507
15964 1121.103000 19.0902147815891645166 -0.0517464087613051307302 22.4132448985402632502
15965 1121.112000 19.0906759911019889842 -0.0517487093682582055543 22.4132122401283773172
15966 1121.122000 19.0911881180479880982 -0.0517512328254313633269 22.4131759839588298178
15967 1121.131000 19.0916487320099896863 -0.0517534711619073301003 22.4131433862917681665
15968 1121.140000 19.0921090600320830788 -0.0517556787740215129556 22.4131108210973017947
15969 1121.149000 19.0925691035498950043 -0.0517578588909783643413 22.4130782862757591545
15970 1121.158000 19.0930288662264580068 -0.0517600169659279407686 22.413045776792710484
15971 1121.166000 19.0934373126036014412 -0.051761922335986525201 22.4130168948669172835
15972 1121.175000 19.0938965597957590603 -0.0517640582581946340213 22.4129844121132464352
15973 1121.184000 19.0943555430190805566 -0.0517661933797171833205 22.4129519304792310663
15974 1121.193000 19.0948142680500119184 -0.0517683345137603043162 22.4129194412059824515
15975 1121.202000 19.0952727396218762124 -0.0517704871549993714264 22.4128869368308478727
15976 1121.211000 19.0957309609821983543 -0.0517726550686004663437 22.4128544118858172851
15977 1121.219000 19.0961380600412660158 -0.051774596438263376097 22.4128254810591798218
15978 1121.227000 19.0965449623835397119 -0.0517765513021292492213 22.4127965311990848818
15979 1121.236000 19.0970024906280251287 -0.0517787651304212753756 22.4127639414803567774
15980 1121.245000 19.0974597645786161593 -0.0517809913168730262534 22.41273133328031264
15981 1121.253000 19.0978660128313180167 -0.0517829770005681991329 22.4127023373749487689
15982 1121.262000 19.098322792002097259 -0.0517852139782094267328 22.4126697111529189499
15983 1121.271000 19.0987792999613326117 -0.0517874490863969444421 22.4126370860224533033
15984 1121.279000 19.0991848515837077116 -0.0517894301344209509463 22.4126080928242714663
15985 1121.289000 19.0996914749849615589 -0.0517918939013865126109 22.4125718678749485946
15986 1121.298000 19.1001471292208790942 -0.051794095701889406036 22.412539286774148195
15987 1121.306000 19.1005519066814848372 -0.0517960385512990229007 22.4125103458679504342
15988 1121.315000 19.1010069977865590829 -0.0517982073378478735659 22.4124778115354494901
15989 1121.324000 19.1014617855605521868 -0.0518003586170971003222 22.4124453026896262031
15990 1121.333000 19.1019162678861889049 -0.051802494031637787153 22.4124128174476915376
15991 1121.340000 19.1022695422639365859 -0.0518041456315994491844 22.4123875653333435309
15992 1121.349000 19.1027234795995433103 -0.0518062599723446010058 22.4123551129254217074
15993 1121.357000 19.1031267223854186454 -0.0518081335981265683754 22.4123262763330721725
15994 1121.366000 19.1035800822159060885 -0.0518102385097738704633 22.4122938415717811722
15995 1121.374000 19.1039828134575486729 -0.0518121099004146754008 22.4122650123665643207
15996 1121.382000 19.1043853054307959383 -0.051813984099408932904 22.4122361813825712318
15997 1121.390000 19.1047875590016751346 -0.0518158630347325607768 22.4122073459651467431
15998 1121.398000 19.1051895748421216581 -0.0518177480936162782044 22.4121785041705301467
15999 1121.407000 19.1056415589746713124 -0.0518198770557529650449 22.4121460481250700525
16000 1121.414000 19.1059928945560528746 -0.0518215390924121957483 22.4121207976494432046
16001 1121.423000 19.1064443443694607083 -0.0518236833793264545234 22.4120883244604343076
16002 1121.432000 19.1068954924151981345 -0.051825834597712581997 22.4120558435163701461
16003 1121.441000 19.1073463370971907693 -0.0518279906170569446 22.4120233573200664523
16004 1121.449000 19.1077468315766587637 -0.0518299090098839482232 22.4119944787705485112
16005 1121.458000 19.108197097256528707 -0.0518320667983291558101 22.4119619912626362179
16006 1121.466000 19.108597073016838408 -0.0518339822683027418027 22.4119331168193447468
16007 1121.474000 19.1089968016553264363 -0.0518358933917557399007 22.4119042477572492089
16008 1121.483000 19.1094461985520318592 -0.0518380362318992815585 22.4118717787547652165
16009 1121.491000 19.1098453956533731457 -0.0518399332361321601992 22.4118429266829366497
16010 1121.500000 19.1102941899940965698 -0.0518420576166416652297 22.4118104796705566173
16011 1121.508000 19.110692847800279992 -0.0518439369130727426005 22.4117816485638243762
16012 1121.516000 19.1110912496540983341 -0.0518458078101932465231 22.4117528273757429247
16013 1121.524000 19.1114893944791006675 -0.0518476708244234654743 22.4117240155387946743
16014 1121.533000 19.1119369991285594779 -0.0518497583706493125888 22.411691612249523331
16015 1121.541000 19.1123345952112408952 -0.0518516078030459362513 22.411662816931105624
16016 1121.549000 19.1127319322836477511 -0.0518534527932508898518 22.4116340273829734997
16017 1121.558000 19.113178626544517158 -0.0518555248130774457116 22.4116016443290604343
16018 1121.565000 19.1135258283746019004 -0.0518571349347385010531 22.4115764601580771398
16019 1121.570000 19.1137737080073648599 -0.051858284759299835831 22.4115584723962193436
16020 1121.574000 19.1139719386925044375 -0.0518592046716901330927 22.4115440825515079837
16021 1121.579000 19.1142196357551199526 -0.0518603548289629373569 22.4115260955208199789
16022 1121.586000 19.1145662411831622762 -0.0518619659025512866335 22.411500913881660324
16023 1121.592000 19.1148631732057303623 -0.0518633479005817035756 22.4114793295716729915
