12333 589.941438 -0.352297094562356805092 -0.00863430557030913509164 -0.0994554253652345648939 -0.0182519432673818281232 -0.0232673517252898719165 0.99956265281904965736 3.07104601095600182603
12334 589.948000 -0.35229433863978298902 -0.0086245890265536240965 -0.0994494605743525550423 -0.0182438962733542063555 -0.0232929335224546230076 0.999562203915636993123 3.07103986620618973902
12335 589.955000 -0.352292616337495423373 -0.00861425746578581286172 -0.0994410272258288430169 -0.0182311470630110473989 -0.0233194761658392715753 0.99956181765217388957 3.07103312843370490626
12336 589.963000 -0.35229068307353517131 -0.00860176880720243605682 -0.0994327664016001477876 -0.0182182864504982257314 -0.0233454144550984954432 0.999561446666850650367 3.07102079897721091939
12337 589.970000 -0.352289103780868639859 -0.00859053127674657898694 -0.0994261842727604400194 -0.0182081616079835355293 -0.023364833238922189107 0.999561177426661839895 3.07100671886046949766
12338 589.978000 -0.3522872811729030329 -0.00857772875028071229986 -0.0994198197011640916188 -0.018198865475525086155 -0.023382995893368542506 0.999560922004484320169 3.07098755910696130655
12339 589.985000 -0.352285565657734389688 -0.00856680649337143891586 -0.0994154924220337354868 -0.0181931081648356446356 -0.0233954559452515635509 0.999560735251448395644 3.07096863448616375081
12340 589.992000 -0.352283693067296843626 -0.00855636151363741229159 -0.0994124176839265571992 -0.0181895807569692029293 -0.0234049931082757553535 0.999560576178096127364 3.07094831122486500163
12341 589.997000 -0.352282242904015552298 -0.00854926009208958198604 -0.0994109849228082126382 -0.0181883106179359620158 -0.0234102645293486899547 0.999560475845024276609 3.07093322662678147594
12342 590.002000 -0.35228073977203500089 -0.00854248069326818404434 -0.0994100537390633087753 -0.0181877335146754318118 -0.0234153355480050673343 0.999560367567048801973 3.07091847173209187005
12343 590.009000 -0.35227844477643999177 -0.00853374288985662456108 -0.09940991199830044589 -0.0181886526496276984544 -0.0234188109298863605945 0.99956026942322062645 3.07089663253049049985
12344 590.016000 -0.352276084199596994928 -0.00852577375848728551133 -0.0994105696002641203712 -0.0181904234421099257613 -0.0234219100529638388219 0.999560164584637367291 3.07087588045158366157
12345 590.023000 -0.352273686707988142874 -0.00851864042913397928602 -0.0994119206689794698839 -0.0181928804811716388068 -0.0234241845855261802967 0.999560066567438121332 3.07085621066127423262
12346 590.031000 -0.352270994341832399677 -0.00851150438191885030936 -0.0994140145084699417 -0.0181961017268282912451 -0.0234262249968097448216 0.999559960114622447769 3.07083555702200783344
12347 590.039000 -0.352268424658623402479 -0.00850536293233112618284 -0.0994163776516341773926 -0.0181994366396953828613 -0.0234281189962106742297 0.99955985500934219079 3.07081722170958038021
12348 590.046000 -0.352266338189936134562 -0.00850074662240479783648 -0.0994184357497054083108 -0.0182022709061759671578 -0.02342986846032147491 0.999559762394320316936 3.07080330208043994489
12349 590.053500 -0.35226444621613800523 -0.00849674753071522417813 -0.0994203053210190590416 -0.0182049222576155488029 -0.0234318209423297653393 0.99955966834047504932 3.07079138552658248429
12350 590.060000 -0.352262758706435585854 -0.00849326545264747836961 -0.0994218690765360235684 -0.0182073770696205318453 -0.0234340665957897716087 0.999559570982654688187 3.07078143338030340459
12351 590.068000 -0.352261128835062775622 -0.00848978649740293050963 -0.099423052135650114014 -0.0182097648898516054072 -0.0234368639930429174811 0.999559461897504109018 3.07077213561755435478
12352 590.075000 -0.352259854586077891803 -0.00848708264978692734914 -0.0994238603672413234769 -0.0182119799500011711468 -0.023439873319161530496 0.999559350976760407903 3.07076590017612183203
12353 590.082000 -0.352258788885008222724 -0.00848456972094435019072 -0.099424127131857442663 -0.0182139077906824237152 -0.0234430207132207621412 0.99955924203762525071 3.07076082739933653443
12354 590.089000 -0.352257863380131597264 -0.0084821624073855086956 -0.0994240221132980522833 -0.0182157673303430314715 -0.0234463879813499066762 0.9995591291720538063 3.07075671979768394237
12355 590.097000 -0.352256924995373865706 -0.00847943764033444458139 -0.0994235381167793141888 -0.0182178818781075918531 -0.023450443307940688209 0.999558995501784508519 3.07075281064773664141
12356 590.104000 -0.352256152547009426801 -0.00847700422844236550768 -0.0994229017992264013648 -0.0182197970801562456056 -0.0234541194298074628932 0.999558874342142189562 3.07074975149041495825
12357 590.112000 -0.352255226349521943785 -0.00847408475696921799358 -0.0994222114653088018255 -0.018222348884479846326 -0.0234581759203918265022 0.999558732633365587539 3.07074609113883090217
12358 590.119000 -0.352254444015595358231 -0.00847140463207532792844 -0.0994213491846785424322 -0.0182243359102544841277 -0.0234621106653228848893 0.999558604056689836703 3.0707429656396398876
12359 590.127000 -0.352253390867780680207 -0.00846812597567984243208 -0.0994206713227632210561 -0.0182271057154510633669 -0.0234663138939857907062 0.999558454883688440873 3.07073861949013826589
12360 590.134000 -0.352252343112315235985 -0.00846509530996147029069 -0.0994202872125378722679 -0.0182297605636537358997 -0.0234698731996393940291 0.999558322901562767981 3.07073418551863364101
12361 590.142000 -0.352250983462740085983 -0.00846146084259004858941 -0.099420150277379396031 -0.0182330360222800712255 -0.023473750980980447739 0.999558172100200037491 3.07072826686330069279
12362 590.149000 -0.352249647209834926276 -0.00845816481322223673311 -0.0994203238185490251189 -0.0182360764315005439984 -0.0234769413362516873867 0.99955804170737305725 3.07072232622338425756
12363 590.157000 -0.352247956520958416249 -0.00845429678238023701864 -0.0994208556703410351041 -0.0182396717786996384603 -0.0234803413216965253807 0.999557896244545496245 3.07071466284016914017
12364 590.164000 -0.352246355344369099782 -0.00845086714445530962081 -0.0994215830021268065497 -0.0182428318878040118811 -0.0234830924897553618147 0.999557773943973160158 3.07070726929212911571
12365 590.171000 -0.352244677074259937566 -0.00844744814184869054208 -0.0994225053292040750197 -0.0182459008676187119102 -0.0234856245710824348971 0.999557658436988405448 3.07069936046209379654
12366 590.178000 -0.35224295321998411179 -0.00844407801935823099093 -0.0994235629436035911466 -0.0182487768178645863582 -0.0234879529422889372914 0.99955755122515721478 3.07069106051300222404
12367 590.186000 -0.352240968870340342978 -0.00844030922420152193708 -0.0994248439117233206996 -0.0182517039009920563342 -0.0234904428268119386258 0.999557439270255532193 3.07068127876417129585
12368 590.194000 -0.352239042434626892231 -0.00843668962302968408751 -0.0994260938084264994652 -0.0182540939935206814049 -0.0234927496925822799911 0.999557341408864430399 3.07067139422804746829
12369 590.201000 -0.352237449781635569845 -0.00843366896320028001932 -0.0994270791986144181207 -0.0182556583909403158383 -0.023494668103923789515 0.999557267747776201361 3.07066284033301872824
12370 590.208000 -0.352235974058848377855 -0.00843077690929907967721 -0.0994278954154827476764 -0.0182566776930825624969 -0.0234965643763509340891 0.999557204557157352731 3.07065448657378414765
12371 590.216000 -0.352234487437093624074 -0.008427699236123929738 -0.0994285198991753382813 -0.0182570868017593972155 -0.0234987647906906398088 0.999557145357295229182 3.07064552287140646314
12372 590.223000 -0.352233349682546714732 -0.00842508927778875052472 -0.0994288757286699020899 -0.0182569710803074727878 -0.0235006643580007966443 0.999557102811893138927 3.07063789908343798274
12373 590.230500 -0.352232407559335214398 -0.00842264936474147914158 -0.0994289238236728545317 -0.0182562851784041184355 -0.0235026751879886183771 0.999557068060894948758 3.07063092499134304703
12374 590.238000 -0.352231558322528615079 -0.0084199981448679246665 -0.0994286561226602472185 -0.0182549684179311409726 -0.0235050911325338680868 0.999557035300593366145 3.07062360973444370416
12375 590.246000 -0.352230916832416696138 -0.0084175004451407919176 -0.0994281390290937955312 -0.0182533131415407758047 -0.0235076312531776708548 0.999557005794177499958 3.07061709139751837228
12376 590.253000 -0.352230549779742108107 -0.00841529349008218914563 -0.0994273628767087802593 -0.0182515004904684891018 -0.023510038853554963284 0.999556982269120486428 3.0706117240246828537
12377 590.261000 -0.352230260184122234701 -0.00841286804253701080147 -0.0994263748614826886607 -0.0182494600971800959022 -0.0235128833705193530934 0.999556952615390348349 3.07060625752031368663
12378 590.269000 -0.352230088600993473946 -0.00841045585749375552986 -0.0994252829432606954896 -0.0182475256078661121628 -0.0235158349040613771919 0.99955691849836902918 3.0706012542681739852
12379 590.276000 -0.352229988186507247949 -0.00840832307069387316356 -0.0994243110550434572303 -0.0182460618475116624626 -0.0235184913167981596294 0.999556882720157302558 3.07059714061797084383
12380 590.284000 -0.352229886495246335976 -0.0084058443562014598105 -0.099423260458656292915 -0.018244788028398298968 -0.0235215578454997138735 0.999556833815026024581 3.07059261669494709679
12381 590.292000 -0.352229747687581862259 -0.00840329685764277384274 -0.0994223459776399365317 -0.0182440523302772779346 -0.0235246166382963584063 0.999556775259210161799 3.07058812601802211262
12382 590.300000 -0.35222952732409712473 -0.00840066775350550853929 -0.0994216289189164825757 -0.0182439307250739923827 -0.023527618790809928101 0.999556706818444218321 3.0705835260748211013
12383 590.308000 -0.352229189650073881701 -0.00839795083380818520313 -0.0994211519675623628389 -0.0182444530261951544381 -0.0235305200522848076417 0.999556628990996176576 3.07057868995786087396
12384 590.317000 -0.352228641059652791689 -0.00839479047120166022022 -0.0994209276176194756136 -0.0182457849752969934742 -0.0235336155633867859238 0.999556531802553993593 3.07057283770225630803
12385 590.325000 -0.352227986862532704837 -0.00839190144301984845832 -0.0994210093446804832329 -0.0182475709349096334999 -0.0235361910202034202433 0.999556438560242677127 3.07056720978783159737
12386 590.334000 -0.352227081112215845149 -0.00838864586416018451209 -0.0994213322354524225988 -0.0182500383521930417685 -0.0235388237842965655777 0.999556331516636142887 3.07056050219724863126
12387 590.343000 -0.352225964913380984456 -0.00838516833669274500029 -0.0994220170722800861141 -0.0182530742939433603123 -0.0235413348920950962762 0.999556216943458530899 3.07055284499815472898
12388 590.351000 -0.352224861277749878852 -0.00838210981067380456189 -0.0994227307672499310831 -0.0182558744205822583162 -0.0235433510198889070497 0.999556118320474196182 3.07054573856251611375
12389 590.360000 -0.35222352050613575658 -0.00837866697261494507154 -0.0994236344730834442629 -0.0182590396866651460961 -0.023545448851192477685 0.999556011090982798883 3.07053734168551573092
12390 590.367000 -0.352222427497167533961 -0.0083759857688140877674 -0.0994243615958140952715 -0.0182614000326285427778 -0.0235470068719021360937 0.999555931269592967681 3.07053055842207456294
12391 590.376562 -0.352221003609439087256 -0.00837255443866564280642 -0.099425258839871050176 -0.0182641576191860423306 -0.023548946568136271823 0.999555835189806951568 3.07052160669055718145
12392 590.385000 -0.352219605769111154814 -0.0083691619687915469461 -0.099426051397599912729 -0.0182664863988123565841 -0.0235508680345313109461 0.999555747364529012522 3.07051254446357280159
12393 590.394000 -0.352218271395185300587 -0.00836581755949915642501 -0.0994266898337748949999 -0.0182683070358681427792 -0.0235528284400942228283 0.999555667899749700211 3.07050349476512884905
12394 590.403000 -0.352217026378306208301 -0.00836250663454140771846 -0.0994271384139392977453 -0.018269591954993572025 -0.0235549125201806493213 0.999555595305215982549 3.07049456184918723167
12395 590.411000 -0.352216012452585047754 -0.00835969223197130864578 -0.0994273701765532591512 -0.018270294040745826275 -0.0235568575582284604752 0.999555536634981645072 3.07048705104309371805
12396 590.419000 -0.352215106846099745841 -0.00835672304784954890489 -0.0994274359377562283457 -0.0182706067281859438345 -0.0235589801430066553278 0.999555480893584813451 3.07047924039438946409
12397 590.428000 -0.352214204895714144694 -0.00835351044118049293474 -0.0994273406767875317369 -0.0182705805887786697228 -0.0235615009934201334596 0.999555421953123302004 3.07047100551988139117
12398 590.437000 -0.352213415452527156546 -0.00835030960284278631067 -0.09942709675029802463 -0.0182702646597019159602 -0.0235642017168674264282 0.999555364062797102598 3.070463064651695273
12399 590.445000 -0.352212796889404877732 -0.00834745943880140471582 -0.0994267844786856369588 -0.0182698317487115166613 -0.0235667382517766657579 0.9995553121743917524 3.07045621870983831414
12400 590.454000 -0.35221217125435794193 -0.00834422952069037784928 -0.0994263672745003407316 -0.0182692854533881322843 -0.0235697221394022653207 0.99955525180316762146 3.07044869625511873679
12401 590.463000 -0.352211601752709879687 -0.00834098918478198836368 -0.099425927473071704088 -0.0182687870770382558561 -0.023572775429089958682 0.999555188910199121644 3.07044134099747889621
12402 590.471000 -0.352211112244250779124 -0.00833807062014611279077 -0.099425550995022107803 -0.018268469585773317726 -0.0235755442573012778673 0.999555129411062392997 3.07043485441284147441
12403 590.479000 -0.352210622370117798496 -0.00833511782901729010586 -0.0994252148707511496095 -0.0182683234785817431856 -0.0235783190711683250662 0.99955506663067839046 3.07042836181528810968
12404 590.488000 -0.352210044276395239926 -0.00833186763268588780063 -0.0994249167206986556033 -0.0182684232569504008403 -0.0235813531387095223768 0.999554993232414701332 3.07042128959668447763
12405 590.495000 -0.352209578989799265702 -0.00832910133440055433507 -0.0994247381773082639089 -0.0182686781488632585257 -0.0235837708342506516268 0.999554931532995349919 3.07041515442969714655
12406 590.503000 -0.352209001965490431374 -0.008326038074323926369 -0.0994246192138179274433 -0.018269202222639727845 -0.0235864010825309125541 0.999554859892203495519 3.07040835516544374784
12407 590.512000 -0.35220829504443423863 -0.00832255195247153661819 -0.0994245866107828363267 -0.0182700590042164968951 -0.0235892642137640294597 0.999554776667009758917 3.07040051139188019391
12408 590.521000 -0.35220752543576344662 -0.00831902299582694404467 -0.0994246512265528903374 -0.0182711534910069382798 -0.0235920146865057911434 0.999554691746849743872 3.07039241737187218462
12409 590.529000 -0.352206793637301840416 -0.00831586664004445655363 -0.0994247817061697236607 -0.0182722869072877956709 -0.023594354357744318218 0.999554615803268209362 3.07038503212776570095
12410 590.538000 -0.352205922003068716553 -0.00831229454972592582407 -0.0994249919635368517579 -0.0182736857473177506661 -0.0235968857024806445699 0.999554530475627589503 3.07037651356987195683
12411 590.547000 -0.352205007849600182368 -0.00830871323732532834905 -0.0994252520464912747933 -0.0182751580973556232435 -0.0235993214364740751254 0.999554446052967393577 3.07036780829198852061
12412 590.555000 -0.352204166276994801166 -0.00830551692562783369644 -0.0994255050739007578686 -0.0182764815449137293935 -0.023601447116177311919 0.999554371665874241693 3.07035994106711473961
12413 590.564000 -0.352203202635902878903 -0.00830205136066577975562 -0.0994257760468422180367 -0.0182779084153182232175 -0.0236037638039588160144 0.999554290870810158154 3.070351354178723291
12414 590.572000 -0.352202337855888392149 -0.0082987189675646916287 -0.0994260441950100548603 -0.0182791614913090372241 -0.0236059055240155322986 0.999554217378710085917 3.07034298352087287043
12415 590.580000 -0.352201479967475694632 -0.00829552240415924908856 -0.0994262704235394229046 -0.0182802947306362414959 -0.0236080131683811499099 0.999554146876897586793 3.07033495139725864931
12416 590.589000 -0.352200526364148003289 -0.00829192363774507341934 -0.0994264884141810578733 -0.0182814450241086841331 -0.0236104328702650342886 0.999554068686386409937 3.07032591968373358426
12417 590.597000 -0.352199700407050619866 -0.00828873311643356543155 -0.0994266446844617318712 -0.018282347129338585856 -0.0236126238988192162227 0.999554000430219580231 3.07031793222214055561
12418 590.606000 -0.352198802289923340592 -0.00828515023039285217199 -0.0994267740402643429576 -0.0182832232965528980462 -0.0236151389555889733296 0.999553924987540032276 3.07030899676417723398
12419 590.614000 -0.352198026846840095416 -0.00828196245433099852151 -0.099426849040126427659 -0.0182838995419111888241 -0.0236174511603121847769 0.999553857987768190618 3.07030112695998536054
12420 590.622000 -0.352197275466378745268 -0.0082787697823103762601 -0.0994268894430952732133 -0.0182844889798145435189 -0.0236198233718401366665 0.999553791152147041998 3.07029330929759725066
12421 590.629000 -0.352196630584466374714 -0.00827611414381830209908 -0.0994269004268716477535 -0.0182849508074847365291 -0.0236218928721977465546 0.999553733798790089438 3.070286901770625132
12422 590.637000 -0.352195924996179854372 -0.00827275934512589072867 -0.0994268877896684333262 -0.0182854251271201556639 -0.0236244248255354331867 0.99955366528245159774 3.07027877738085752668
12423 590.645000 -0.352195233567043741729 -0.00826954302258369605694 -0.0994268576683224603041 -0.0182858683968699503586 -0.0236269307937994089974 0.999553597941719829123 3.07027107368080187655
12424 590.654000 -0.352194475070312151832 -0.00826591561647724813733 -0.0994268105976321980854 -0.0182863504903173559879 -0.0236297684307167493722 0.999553522043545084053 3.07026242088919865125
12425 590.662000 -0.352193808097019889214 -0.0082626703156117725646 -0.0994267637331276987744 -0.018286789566639247151 -0.023632317062186710549 0.999553453757035414995 3.07025471992400955656
12426 590.668000 -0.352193306321673060832 -0.0082602197541254331753 -0.0994267305629203540507 -0.0182871396981989370323 -0.0236342460297740974973 0.999553401743129898982 3.07024892979100361146
12427 590.673000 -0.352192894991063876198 -0.00825817592621437036871 -0.0994267032104889092459 -0.0182874363771702401482 -0.023635835397444151379 0.999553358733697661087 3.07024408413010396757
12428 590.680000 -0.352192313716615912345 -0.00825530351337874779283 -0.0994266743247846779274 -0.0182878851676385630054 -0.0236380586664384148565 0.999553297947926910894 3.07023727609227581326
12429 590.686000 -0.352191819924717153256 -0.00825283776581721070786 -0.0994266547217112495183 -0.0182882872496446385879 -0.0236399352148376554195 0.999553246211782764341 3.07023140181532605553
12430 590.692000 -0.352191313176166032051 -0.00825035040797381796773 -0.0994266450865050471775 -0.0182887286614170849197 -0.0236418299933975131766 0.999553193321152000372 3.07022549508111408656
12431 590.698000 -0.352190812058726265832 -0.00824786689257819491394 -0.099426642277295917971 -0.0182891841658524012537 -0.023643678755282480225 0.999553141257364163863 3.07021954649962891537
12432 590.704000 -0.352190296394396085145 -0.00824536255441006213363 -0.0994266506125537352645 -0.0182896791142410190811 -0.0236455430557354420729 0.999553088100625819479 3.07021356153927271748
12433 590.709000 -0.352189868750258372465 -0.00824327500463319269575 -0.0994266624144644339811 -0.0182901022414168924757 -0.0236470688191466708872 0.999553044263415180204 3.07020853915235791831
12434 590.715000 -0.352189349117876138173 -0.00824076941063863616099 -0.0994266884445320076047 -0.0182906375729158035548 -0.0236488815942146671234 0.999552991579995664395 3.07020249026355607214
12435 590.721000 -0.352188822449626071087 -0.00823824496231615258091 -0.0994267191431374430799 -0.0182911896901213275046 -0.0236506941285483246462 0.99955293859152738456 3.07019638350807699823
12436 590.727000 -0.352188292333523333966 -0.00823572691323369229788 -0.0994267615047227243386 -0.0182917640177623873343 -0.0236524795762059168724 0.999552885833968951523 3.07019026259323624117
12437 590.734000 -0.35218766899462838893 -0.00823277550825615017649 -0.0994268157626000126381 -0.0182924446331603554605 -0.0236545514846858984104 0.999552824348668766952 3.07018306133319063278
12438 590.739000 -0.352187216758692078766 -0.00823066348398502137251 -0.0994268619166072398219 -0.0182929489363368447119 -0.0236560345758310350273 0.999552780020825037965 3.07017791038692022809
12439 590.744000 -0.352186761303706685755 -0.00822854251132542659219 -0.0994269092459808268014 -0.0182934545147374894025 -0.0236575174288775440246 0.99955273567282054703 3.0701727271798486818
12440 590.750000 -0.352186220370009295255 -0.00822600788459668802455 -0.0994269690154546553762 -0.0182940575221559008356 -0.0236592661841952683899 0.999552683245361395237 3.07016649661876694921
12441 590.756000 -0.352185667514401057332 -0.00822345764205623455667 -0.0994270332340186080433 -0.0182946750328141331809 -0.0236610451246653148705 0.99955262983449366665 3.07016025448805773834
12442 590.764000 -0.352184934864769372265 -0.00822006160745595085282 -0.0994271194475160879911 -0.0182954871303529810478 -0.0236633986058892124837 0.999552559256931760778 3.07015191285207311722
12443 590.773000 -0.352184111921849840598 -0.00821623635343448309454 -0.0994272148020460821982 -0.0182963870652828493324 -0.0236660527731482397962 0.999552479946148597634 3.0701425129268895553
12444 590.781000 -0.352183379860859124832 -0.0082128322359505522704 -0.0994272982277425443343 -0.0182971756930927487161 -0.0236684271437088075696 0.999552409290377918971 3.070134156895226063
12445 590.790000 -0.352182562339459770406 -0.00820900466514642643268 -0.0994273874347396946494 -0.0182980396669478531657 -0.0236711033259553831065 0.9995523301016703277 3.07012476045725035689
12446 590.799000 -0.352181744649940509095 -0.00820516630648108515056 -0.0994274708095072151659 -0.0182988885379640857376 -0.02367381941825294836 0.999552250236288020169 3.07011537847858928529
12447 590.808000 -0.352180931989466095011 -0.00820131674313466854653 -0.0994275442681696736136 -0.0182997095604471755881 -0.0236765605681846583175 0.999552170279102702999 3.07010598776220033912
12448 590.816500 -0.352180217386409477598 -0.00819789564870354418857 -0.0994276032692783945377 -0.0183004193561132622037 -0.0236790049623546265678 0.999552099380208836088 3.07009765129888334556
12449 590.825000 -0.35217942137044233597 -0.00819404085473105642246 -0.0994276609692797130879 -0.01830119565942703308 -0.0236817681508711859462 0.999552019704169292247 3.07008827062982803113
12450 590.833000 -0.3521787170297607239 -0.0081906081507808984471 -0.0994277076748659727201 -0.0183018746415546940121 -0.0236842379097697286472 0.999551948754659913554 3.07007993108406163074
12451 590.841000 -0.35217801689416849964 -0.00818716904672893777684 -0.0994277497605769167155 -0.0183025433601760045832 -0.0236867150721754640696 0.999551877811071132207 3.07007158273755464961
12452 590.850000 -0.352177236392026582479 -0.0081832979429798426152 -0.0994277932134716990742 -0.018303283950162368976 -0.0236894939351627725754 0.999551798394528123737 3.07006217532332259523
12453 590.859000 -0.352176454465422117401 -0.00817941123546900294983 -0.0994278346450695738046 -0.0183040277563211242762 -0.0236922930627985681151 0.999551718430478408628 3.07005275129303445425
12454 590.868000 -0.352175674268846550241 -0.00817550858077642494948 -0.0994278723499950611853 -0.0183047660821517577112 -0.0236950940171049978522 0.999551638515088547443 3.07004328103089729751
12455 590.877000 -0.352174900374018329252 -0.00817160228274081343325 -0.0994279088889789830485 -0.0183055015779143848142 -0.0236978778907971573964 0.999551559048083237968 3.07003378069683607876
12456 590.886000 -0.352174125400697368704 -0.00816788022618281789322 -0.0994279418440001672153 -0.0183062313241346488746 -0.0237005681824583140649 0.999551481897023585965 3.07002474632471500371
12457 590.895000 -0.352173348117597428963 -0.008163951504408127266 -0.0994279838678772676097 -0.0183069855774449681551 -0.0237033469870540844382 0.999551402190341886644 3.07001517560627101844
12458 590.903187 -0.352172661061721181674 -0.00816026859193231049461 -0.099428028144116942233 -0.0183076671437092490524 -0.0237058838281960712613 0.999551329545251165953 3.07000614677021488319
12459 590.912000 -0.352171881610795989292 -0.00815631936356406815614 -0.0994280730010887597858 -0.0183084307797139501928 -0.0237086550680419075321 0.999551249830267107832 3.06999650137468504951
12460 590.922000 -0.3521710198657212465 -0.00815212742916312377295 -0.0994281190379479318242 -0.01830926885660543596 -0.0237116245584453183559 0.999551164040508588471 3.06998626504675309334
12461 590.930000 -0.352170327788418169312 -0.00814860926863721427016 -0.0994281645698614907625 -0.0183099591162498159802 -0.0237140725858171648455 0.999551093320674599596 3.06997764810968432059
12462 590.938000 -0.352169637615527442165 -0.0081448916662954229384 -0.0994282193131375419126 -0.0183106654339844111823 -0.0237165991887401984839 0.999551020435818116106 3.06996849909475466589
12463 590.947000 -0.352168855759813437256 -0.00814092100286095687878 -0.0994282767661351790656 -0.0183114571691849921387 -0.0237193601357320801859 0.999550940418292399592 3.06995877542535167137
12464 590.955000 -0.352168162410118834593 -0.00813738694592516798032 -0.0994283281087895987049 -0.0183121593776778002205 -0.0237218112522317899071 0.999550869385765761166 3.06995011255376981651
12465 590.964000 -0.352167379663764990028 -0.00813340018102099056307 -0.0994283867256460646145 -0.0183129529497981016761 -0.0237245820975178940693 0.999550789084054813749 3.06994034964772088969
12466 590.972000 -0.352166686741387569004 -0.00812985804990297607209 -0.0994284401780950732874 -0.0183136584388935430567 -0.0237270401995738830503 0.99955071781173332468 3.06993167107050979325
12467 590.981000 -0.352165909851783087703 -0.00812586915134265626304 -0.099428499473040901635 -0.0183144490743818791345 -0.0237298075223191205774 0.999550637631758776003 3.06992189840126217248
12468 590.989000 -0.352165218324141104933 -0.00812231990075140686258 -0.0994285535788636126719 -0.0183151542942830251881 -0.0237322738142695943697 0.999550566156000352969 3.06991320929605082668
12469 590.998000 -0.352164444341781845971 -0.00811832933239783199886 -0.0994286147081513832502 -0.0183159431493436462846 -0.0237350396257214879547 0.999550486028852436249 3.06990342954311046242
12470 591.006000 -0.352163754857592603553 -0.00811477322062194306174 -0.0994286683076570365625 -0.0183166453562580225367 -0.0237375128818106614914 0.999550414428946543133 3.06989472943646513059
12471 591.014000 -0.352163066450630279913 -0.00811121380874192839106 -0.0994287213862541791043 -0.0183173454777645627889 -0.0237399885279322049592 0.999550342803873781428 3.06988602274193045361
12472 591.023000 -0.352162291250336434434 -0.00810720535175041279174 -0.099428781853049486017 -0.0183181355258476043224 -0.0237427815344624683347 0.999550261985791221875 3.0698762272218913516
12473 591.031187 -0.352161605171620706312 -0.0081036385699469384164 -0.0994288334880613078326 -0.0183188304134056893779 -0.0237452600344470222959 0.999550190374741132082 3.0698675021609678204
12474 591.040000 -0.352160831772578841736 -0.00809961532690952820679 -0.0994288901404980357546 -0.0183196102340083648297 -0.0237480585119494644331 0.999550109598206781847 3.06985766629856371424
12475 591.049000 -0.35216006443691483252 -0.00809559359292537361608 -0.0994289450086551646057 -0.0183203822457108124466 -0.0237508443283194654871 0.999550029257196825938 3.06984781934049655305
12476 591.058000 -0.3521592992033384939 -0.00809157303267829704219 -0.0994290008034121319813 -0.0183211513362964255325 -0.0237536190564545598991 0.999549949224866507436 3.06983796008228004837
12477 591.067000 -0.352158530101868816331 -0.00808754121813049647871 -0.0994290569219184183769 -0.0183219259855491103939 -0.023756411621112614313 0.999549868658421658552 3.06982809113402055345
12478 591.076000 -0.352157758176342317036 -0.00808370130588826306395 -0.0994291045456616034981 -0.0183226846500279122454 -0.023759122300358214569 0.999549790322989628599 3.06981872559111090837
12479 591.085000 -0.352156998117350461541 -0.00807945649673776078448 -0.0994291623370958527195 -0.0183234557529525499131 -0.0237619889387737578956 0.999549708044048745847 3.06980827238290832071
12480 591.093000 -0.352156318760622644159 -0.00807585971378394634757 -0.0994292094997302894344 -0.0183241343937916092988 -0.0237644635745121457493 0.999549636771348226638 3.06979944694623840817
12481 591.102000 -0.352155558171676652535 -0.00807181508137092690314 -0.0994292627551113389339 -0.018324893720312769585 -0.0237672342277184880932 0.999549556974192343617 3.06978950495350311201
12482 591.111000 -0.352154793425069612134 -0.00806775971583046161428 -0.0994293170338983317569 -0.0183256608446804476753 -0.023770023816511057918 0.999549476575505968512 3.06977955653007095194
12483 591.120000 -0.352154028694350640372 -0.00806369393578265994393 -0.0994293693056425564869 -0.0183264237988200254237 -0.0237728177408379690028 0.999549396141784951553 3.0697695793078647597
12484 591.129000 -0.352153269530212365002 -0.00805963051689133000433 -0.0994294209123934707995 -0.0183271825095197467281 -0.0237756000767268375895 0.999549316053117253844 3.06975959535418230217
12485 591.138000 -0.352152512048828136848 -0.00805556954282510458143 -0.0994294746140495788733 -0.0183279420156162164979 -0.0237783731422984076498 0.999549236162070142697 3.06974960622339798633
12486 591.146000 -0.352151836785872696112 -0.00805195143602379162506 -0.0994295222932760069945 -0.0183286206365434918564 -0.0237808506637166502951 0.999549164777436938145 3.06974071899682510178
12487 591.155000 -0.352151072922036567636 -0.00804808616666050774535 -0.0994295709623824186529 -0.0183293791604135815343 -0.0237835578738187468362 0.999549086455715940502 3.06973127334476192374
12488 591.163000 -0.352150401752872765915 -0.00804425485759942271446 -0.0994296262861940893796 -0.0183300706059117482494 -0.0237861245245298072448 0.999549012701070882514 3.06972182448580399594
12489 591.171000 -0.352149728321321353608 -0.00804062949915302672965 -0.0994296750855484523512 -0.0183307517298297167896 -0.0237886049254129247621 0.99954894118133197356 3.06971292116667138217
12490 591.179000 -0.352149055462469995348 -0.00803700209165774878683 -0.0994297242469823761013 -0.0183314335569746585108 -0.0237910859852440530193 0.999548869626387448406 3.06970401330015363328
12491 591.187188 -0.352148383168361833739 -0.00803337272270037219823 -0.0994297737453512520123 -0.0183321159467959536593 -0.0237935675068196815507 0.999548798043502939592 3.069695100874088034
12492 591.196000 -0.352147624680597626234 -0.00802928118575199287199 -0.0994298292416501972024 -0.0183328852855599820637 -0.0237963692576526331113 0.999548717235563377592 3.06968506149896613877
12493 591.204000 -0.352146953561435549496 -0.00802564782777670168712 -0.09942987931411481628 -0.0183335682318835728466 -0.0237988510537514817711 0.999548645621816778117 3.06967613875333444895
12494 591.213000 -0.352146201180286111398 -0.00802155818887219720925 -0.0994299344702317955402 -0.0183343331173577671345 -0.0238016402069753107984 0.99954856517960111173 3.06966609128606204848
12495 591.222000 -0.352145450409524773949 -0.00801747234061182811882 -0.0994299915718165894241 -0.018335097742759074585 -0.0238044185476530764656 0.999548484991284347245 3.0696560408763140515
12496 591.231000 -0.352144695367558380195 -0.00801337792750739762171 -0.0994300498273885946521 -0.0183358700107693166348 -0.0238072151336578032021 0.99954840421988966348 3.06964599051830067111
12497 591.239000 -0.352144026631692641516 -0.0080097365323744847132 -0.099430100225894518795 -0.0183365509600818890612 -0.0238096951507593239394 0.999548332656163274201 3.06963704217274635511
12498 591.247000 -0.352143358454658328416 -0.00800609328958906511786 -0.0994301505342872760096 -0.018337230952083571206 -0.0238121745695515363295 0.999548261117630731931 3.06962808735130732174
12499 591.256000 -0.352142604615674814639 -0.00800198620785127698318 -0.099430206419006697538 -0.0183379958599231285277 -0.0238149729709480374729 0.999548180414648212988 3.06961799810965141333
12500 591.264000 -0.352141937668520366156 -0.00799833906415121226319 -0.0994302563867437982914 -0.0183386734922032744455 -0.0238174512164224388977 0.999548108933281609367 3.06960902948777913934
12501 591.272563 -0.352141186714490295184 -0.00799445328888146941604 -0.0994303050101902757829 -0.0183394211129014501893 -0.0238201465235482988392 0.999548030988426705612 3.06959951083000426308
12502 591.281000 -0.352140524402814736327 -0.00799058304873171906801 -0.0994303604748345837283 -0.0183401062983259525996 -0.0238227135000875639426 0.999547957239900974891 3.06958994764529435884
12503 591.290000 -0.352139776196993714574 -0.00798669924584655480104 -0.0994304092504074699121 -0.0183408498334907445193 -0.0238253977278317062571 0.999547879618828405413 3.06958041924977553805
12504 591.298000 -0.352139114924277518703 -0.00798282551751180145805 -0.0994304653899703017039 -0.0183415344454701395582 -0.0238279643236570110032 0.99954780587542491066 3.06957084470402952192
12505 591.307000 -0.35213836633086104122 -0.00797871241555526272693 -0.0994305218881024327482 -0.0183422958089401594295 -0.0238307567702574600588 0.999547725331919378888 3.06956073077526925275
12506 591.315000 -0.352137703446328498291 -0.00797505484429153303771 -0.099430570600591128283 -0.0183429671611460842762 -0.0238332337126741233835 0.999547653954788617447 3.06955172812002707872
12507 591.323000 -0.352137041224021896113 -0.0079713959390208515704 -0.0994306192052154813599 -0.0183436379524128667651 -0.0238357106798066410713 0.999547582580769033989 3.06954272166856823034
12508 591.332000 -0.352136294186791154459 -0.00796727196560659614577 -0.0994306732628816858366 -0.0183443932884578345122 -0.0238385070422059835993 0.99954750203123288177 3.06953257808996626821
12509 591.340000 -0.352135630045224357065 -0.00796382901459842702796 -0.0994307158681774494458 -0.0183450534936601961089 -0.023840892954396997877 0.999547433009285168914 3.06952414275725926629
12510 591.347000 -0.352135058469195294517 -0.00796041217548826979256 -0.0994307647830366264641 -0.0183456482377888155377 -0.0238431416126066407501 0.999547368456731200048 3.06951568325932910852
12511 591.354000 -0.352134483296217104531 -0.00795720688311861434894 -0.0994308057644939236042 -0.0183462290185933615816 -0.0238453029689758601306 0.999547306237736465917 3.0695077834943682582
12512 591.362000 -0.352133824174478582414 -0.00795354279924631070442 -0.0994308544120485610085 -0.0183468987082832588054 -0.0238477796328752551791 0.999547234859048505662 3.06949876323200010475
12513 591.370000 -0.35213316564321683888 -0.00794987788676305290325 -0.0994309031614913352293 -0.0183475683674922916688 -0.0238502560203916157133 0.999547163480924427681 3.06948974070359037469
12514 591.378000 -0.352132507684232043399 -0.0079462122060559477188 -0.0994309520293590598516 -0.0183482380050124897763 -0.023852732037591899833 0.999547092105446677301 3.06948071597105709429
12515 591.385000 -0.352131929522152997691 -0.00794299795162514699065 -0.0994309944776637089081 -0.0183488270506620664013 -0.0238549111749458975229 0.999547029288117339085 3.06947281626748047501
12516 591.393000 -0.352131272590346267037 -0.00793933096254467556008 -0.0994310435838141604137 -0.0183494965899173682888 -0.0238573862549175570724 0.999546957924429047004 3.06946378742950143348
12517 591.401000 -0.3521306161856919692 -0.00793566333179452493285 -0.0994310928112600023177 -0.018350166010097312963 -0.0238598607211463510647 0.999546886570994774779 3.06945475636926801144
12518 591.409000 -0.352129960297393351798 -0.00793199509050255407994 -0.0994311421470775030906 -0.0183508352467953612941 -0.0238623345110595304341 0.999546815230495933058 3.06944572305100082943
12519 591.417000 -0.352129304917977004052 -0.00792832626567551226882 -0.0994311915729027689936 -0.0183515042275404598182 -0.0238648075775293212752 0.999546743905393442198 3.0694366874434102499
12520 591.424000 -0.35212872989818427838 -0.00792511550128580447017 -0.09943123626689473471 -0.0183520926182368301904 -0.0238669735096251264816 0.999546681387128876928 3.06942878235502547568
12521 591.432000 -0.352128075464936907135 -0.00792144564821204225091 -0.0994312857992845217092 -0.0183527609158087544328 -0.0238694451475356186898 0.999546610096355592212 3.06941974242669690653
12522 591.440000 -0.352127421538216189845 -0.00791777528190388407703 -0.0994313353522237181048 -0.0183534287474140765661 -0.0238719160141852605739 0.99954653882599453496 3.06941070022830819752
12523 591.448000 -0.352126768123099009866 -0.00791410442911658768006 -0.0994313849007253253154 -0.0183540960523576809904 -0.0238743861191513875863 0.999546467576937880395 3.0694016558230905467
12524 591.455000 -0.352126199634805459038 -0.00791089828926920014818 -0.0994314287796293772015 -0.0183546782781241202276 -0.0238765371139387089228 0.999546405506394286533 3.06939374753017402142
12525 591.463000 -0.352125547199987620761 -0.00790722660784608233353 -0.0994314782601575797294 -0.0183553444729677335545 -0.0238790058474796090815 0.999546334298222816095 3.06938469927147750127
12526 591.471000 -0.352124895301460294483 -0.00790355453621750803084 -0.0994315276790250779371 -0.0183560100349024896138 -0.0238814738883021578097 0.999546263111678712221 3.06937564916284300054
12527 591.478000 -0.352124327394679303982 -0.00790034123192292006554 -0.0994315693401450206856 -0.018356586625311366312 -0.023883627000756555564 0.999546201077647133992 3.06936771995636625832
12528 591.486000 -0.352123676527897000454 -0.00789666854295385453599 -0.0994316186148266334399 -0.0183572509824380114551 -0.0238860938168177390495 0.999546129930250826234 3.06935866686329639208
12529 591.493000 -0.352123104576160306234 -0.00789344852847989955635 -0.099431661246220076622 -0.0183578349222492630266 -0.0238882647734796477179 0.999546067324102560647 3.06935074305791921745
12530 591.500000 -0.352122533987874186678 -0.00789023445935563630393 -0.099431705620048216332 -0.0183584185478733868946 -0.0238904248710587810423 0.999546004978210778091 3.06934282260303570311
12531 591.507000 -0.352121968640633609127 -0.0078870265740216775191 -0.0994317490906232448467 -0.0183589972344351225197 -0.023892572164585519634 0.999545943024084282413 3.06933490577868584026
12532 591.515000 -0.352121319841573132692 -0.00788335318012540857413 -0.0994317980809227980332 -0.0183596594343193031396 -0.0238950367756762364901 0.999545871945327513153 3.06932584890820026047
12533 591.523000 -0.352120671620272052138 -0.00787967971244052552138 -0.0994318470107904278654 -0.0183603211144914187092 -0.0238975007770838125676 0.999545800884172552792 3.06931679144241265078
12534 591.531000 -0.352120020911619202586 -0.00787622991769094255021 -0.0994318889001906125458 -0.0183609708720791388326 -0.0238998709686542333552 0.999545732278576792851 3.06930832534758879504
12535 591.538000 -0.352119459813884372323 -0.00787279198584731054744 -0.0994319371152334874342 -0.0183615552443947803452 -0.0239021131967577932231 0.999545667928052439244 3.06929979868018376621
12536 591.542000 -0.35211913645641673698 -0.00787095527487914441156 -0.0994319615312530963314 -0.0183618854882840014386 -0.023903344348943290909 0.999545632420176688449 3.06929526953909093123
12537 591.548000 -0.352118646803389723221 -0.00786819397488488017633 -0.0994319991217620519075 -0.0183623871061370236291 -0.0239052063587613418394 0.999545578674984280809 3.06928847744990473956
12538 591.554000 -0.352118164110955311763 -0.00786567332866281929138 -0.0994320276322156609838 -0.0183628638414054454198 -0.0239069435424472259699 0.999545528368768310123 3.06928228654783108453
12539 591.559000 -0.352117758632218613712 -0.00786337383984529562919 -0.099432059790258042753 -0.0183632817249939385429 -0.023908487188536282908 0.999545483769820219955 3.06927662294504211005
12540 591.564000 -0.352117355614048666013 -0.00786084764332759672323 -0.0994320967602817379349 -0.0183637065502202379008 -0.0239101280735687059253 0.999545436714731283523 3.06927036078024029209
