3819 529.136000 -0.400871465068968202416 -0.00594848265340250717537 -0.100415990051837447639 -0.0133768743399946179323 -0.0110195188231512371246 0.999849803439395556914 3.10021099788374110418
3820 529.142000 -0.400871055828821376554 -0.00594714392064829480006 -0.100401805968876128849 -0.0133600011715219769981 -0.0110251069445147821535 0.999849967437894671107 3.10020767960606669078
3821 529.148000 -0.400872713401457969606 -0.00594516552001877855715 -0.100385514715141926922 -0.0133355480729863539596 -0.0110342802911049496506 0.999850192686909666762 3.1002053606968300592
3822 529.156000 -0.400876570586558123033 -0.00594195259516681721645 -0.100363390494723425661 -0.0132989393534644773781 -0.0110485747132261918901 0.999850522432667920825 3.10020211643231435872
3823 529.163000 -0.400880750533111895884 -0.00593606616311118887724 -0.100343771241593035515 -0.0132609392127334777683 -0.0110678707382350170058 0.999850813735988275255 3.10019484410963519494
3824 529.169000 -0.400884705615523029287 -0.00593089829479126820488 -0.100328429523380516231 -0.0132305285401435185344 -0.0110837991510125775246 0.999851040160947501789 3.10018872414194301967
3825 529.176000 -0.40088939830365472039 -0.00592410542353614434641 -0.100312448952290744764 -0.0131971196713686848151 -0.011103079504774047287 0.999851267768306684047 3.10018008257523680626
3826 529.183000 -0.400893805775667300129 -0.00591662484848789506364 -0.10029904878839053517 -0.0131672885087657943332 -0.0111224761610242434823 0.999851445484465140012 3.10017009497914619587
3827 529.190000 -0.400897744293905011759 -0.00590879986138345518476 -0.100288447225338916979 -0.0131415748004205627797 -0.0111414866210197555096 0.999851572128402699136 3.10015893593535007966
3828 529.196000 -0.400900587846352740584 -0.00590193112041122094208 -0.100281664746690826751 -0.0131230563889197324873 -0.0111571642228161845706 0.999851640533493513097 3.10014867878513644683
3829 529.201000 -0.400902562850364851954 -0.0058962347000096771571 -0.100277557774248265998 -0.0131100191824879766522 -0.0111697022123516346431 0.999851671574100042683 3.10013974575426143332
3830 529.206000 -0.400903686821945770546 -0.00589173851513696139603 -0.100275885360434927063 -0.0131019467592605499962 -0.0111790880219398720136 0.999851672490532528137 3.10013242591783466651
3831 529.210000 -0.400905152350354232471 -0.00588620181236186763851 -0.100273411548968113816 -0.0130917082827777427056 -0.0111907504481691452008 0.999851676139338896299 3.10012322035280440957
3832 529.215000 -0.40090604980336758123 -0.00588081180264315734468 -0.100272681460463627956 -0.0130842162918953716644 -0.0112015723792161514538 0.999851653026717746009 3.10011400120283253656
3833 529.220000 -0.400906680093125522557 -0.00587573919790609390523 -0.100272823337298547242 -0.0130781462541884017925 -0.011211555909158425412 0.999851620544093488974 3.10010479160811547317
3834 529.225000 -0.400906986321377001303 -0.00587088422338117449373 -0.100273709776089695045 -0.0130736319051252235235 -0.011220858307670951437 0.999851575228867917033 3.10009576883931758928
3835 529.231000 -0.400906998823207627591 -0.00586539752771660614916 -0.100275509070063773009 -0.0130699457789242579064 -0.0112309419740888819655 0.999851510205245652685 3.10008530218073508067
3836 529.236000 -0.400906593220646534359 -0.00586202569540526536446 -0.100278025763602576803 -0.0130696657147632098322 -0.011236945449721882917 0.999851446413448141648 3.10007857878117043526
3837 529.240000 -0.400906471900204008918 -0.00585796981844766140313 -0.100279066156250484809 -0.0130674217061261359329 -0.0112438819185617360635 0.999851397763365290494 3.10007056557588045465
3838 529.245000 -0.400906020054376865946 -0.00585433454304072186519 -0.100281169354032445584 -0.013067205856685082388 -0.011249841430778948978 0.999851333548583909305 3.10006286455456292472
3839 529.251000 -0.400905293092204795258 -0.00585026884859371834602 -0.100283639002292382369 -0.0130681638428391568019 -0.0112559510383717312904 0.999851252267055179423 3.10005428992358655904
3840 529.258000 -0.400904415345016029715 -0.00584618504913275542634 -0.100286158728118995898 -0.0130702896676193596609 -0.0112614310164959527394 0.999851162773472523781 3.10004524839488748711
3841 529.266000 -0.400903312997854699429 -0.00584205025487801246631 -0.100288342375055433697 -0.0130742274477441793035 -0.0112659256651453341946 0.999851060656312018438 3.10003603078362166556
3842 529.273000 -0.40090243999924712881 -0.00583907359848234545907 -0.10028949223206987118 -0.0130783829912250581379 -0.0112682309549838113871 0.999850980331309258098 3.10002917995318538757
3843 529.280000 -0.400901606896931661517 -0.00583646495910866355827 -0.100289913259494878339 -0.0130832467388369774741 -0.0112693832643778225899 0.999850903712954153235 3.10002309797817510173
3844 529.288000 -0.400900747020232317563 -0.00583391965079102167713 -0.100289562786277819395 -0.0130893009697347021542 -0.0112694349667229846979 0.999850823891071383009 3.10001741118775742123
3845 529.295000 -0.400900087531679161224 -0.00583201502934635809816 -0.100288643985033065764 -0.0130948448147088884752 -0.0112686896651426182031 0.9998507596999210989 3.1000130798485949768
3846 529.303000 -0.40089938557762228033 -0.00583008254565268394659 -0.100287114646005370844 -0.0131012999439447021949 -0.0112672163594321923796 0.999850691741166142101 3.10000908363891891639
3847 529.311000 -0.400898745731163186345 -0.00582838400984338547706 -0.100285300100569324533 -0.0131076218124594572056 -0.0112654327682022627893 0.999850628981632794101 3.10000552851259758569
3848 529.318000 -0.400898153830402614872 -0.00582696673169448217666 -0.100283718321845086163 -0.0131130123140843126567 -0.011263846595727379854 0.999850576170218996452 3.10000297705501370871
3849 529.326000 -0.400897453178529372675 -0.00582544079790252647411 -0.100282098975534167407 -0.0131188016551126631487 -0.0112622733879227856363 0.999850517948192796247 3.10000005567063663392
3850 529.334000 -0.400896618266161242072 -0.0058238675478243700015 -0.100280926051146329625 -0.0131242266406158530206 -0.0112610965822797174513 0.999850460008320562899 3.09999742797225330548
3851 529.342000 -0.40089587994781428204 -0.00582259501097660836511 -0.100280138880629865472 -0.0131282223378463690916 -0.0112604833446635736738 0.999850414458629210834 3.09999503464295411703
3852 529.349000 -0.40089494428160460382 -0.00582119865400780849701 -0.100280104492792496163 -0.0131321608577349546038 -0.0112603877734462152344 0.999850363813704845484 3.09999242861669399574
3853 529.356000 -0.40089389824318344413 -0.00581974504638431595904 -0.100280552920632759495 -0.0131356053581012394843 -0.0112607474953341640811 0.999850314515989047059 3.09998974042269281881
3854 529.363000 -0.400892628147098084579 -0.00581800210263618781253 -0.100281491929340882407 -0.0131387495500560388256 -0.0112618278041044846821 0.999850261036507204082 3.09998613925661814505
3855 529.371000 -0.400891395500262814888 -0.00581650699999552815711 -0.100282848362819337895 -0.0131410624015691705063 -0.0112631332317730606385 0.999850215936747943601 3.09998303786656181913
3856 529.379000 -0.400889991615039298356 -0.00581472996644291292845 -0.100284564696633687886 -0.0131427669616482733356 -0.0112651655599168027538 0.999850170636330415341 3.09997898066914734372
3857 529.386000 -0.400888642705621522921 -0.00581286643423750432752 -0.10028618348573065111 -0.0131433341487195137071 -0.0112676146650662889481 0.999850135583935872852 3.09997467589615594008
3858 529.394000 -0.400887437395667234341 -0.00581132197503052543713 -0.10028794040447257252 -0.0131435610466980844213 -0.0112699750073536660716 0.999850105999066984808 3.09997082879588647941
3859 529.401000 -0.400886275834309968591 -0.0058094610363064666525 -0.100289282411652844185 -0.0131424502281452856151 -0.011272906106272271437 0.999850087558089795081 3.09996627066077534707
3860 529.409000 -0.400885267413465196107 -0.00580769709891409448288 -0.100290440732246272093 -0.0131407105614059077636 -0.0112759621690970823077 0.999850075962942730357 3.09996169342170801997
3861 529.417000 -0.400884460090938810062 -0.00580592823607795766039 -0.100291109479112156011 -0.0131382531458884479342 -0.0112790634165598757654 0.999850073277348871947 3.09995729996362978653
3862 529.424000 -0.400883976442641509763 -0.00580443280383907776049 -0.100291211317062214925 -0.0131355422262876622708 -0.0112817825203353830354 0.99985007821852223131 3.0999534971875175593
3863 529.430000 -0.40088369306822368987 -0.00580312936861195928506 -0.100290951857450516549 -0.0131329690107522146364 -0.0112840742228351234577 0.999850086159868367552 3.09995050413769135389
3864 529.435000 -0.400883603576004887703 -0.00580211149879708652094 -0.10029045033417963162 -0.0131305889630906006543 -0.0112859634344028639252 0.999850096095829532494 3.09994802526609269933
3865 529.440000 -0.400883597810046121701 -0.00580108041907051105723 -0.100289747040744059436 -0.0131281489073842815019 -0.0112878007213332923198 0.999850107396674236959 3.09994567288393252369
3866 529.445000 -0.400883642561652930869 -0.00579999842300972946046 -0.100288867941213846735 -0.0131257661859887908573 -0.0112896178729205796248 0.999850118162874501593 3.09994354846251995994
3867 529.450000 -0.400883841219673631162 -0.0057990390302213130555 -0.1002877685674983671 -0.0131232160700744757836 -0.0112913349617273350151 0.999850132247208311931 3.0999415233889773269
3868 529.458000 -0.400884248739330040223 -0.00579742761340742464304 -0.100285762825343308102 -0.0131194449445887172112 -0.011294027618284867634 0.99985015132493892942 3.09993842897318838681
3869 529.466000 -0.400884779952789038759 -0.00579582579050204240584 -0.100283534382280659081 -0.0131160377248028051089 -0.0112965445220133148957 0.999850167593256733412 3.09993585543937655302
3870 529.474000 -0.400885379478650383245 -0.00579422129864306731384 -0.100281237420694210871 -0.0131132080222656939583 -0.0112989359515296584197 0.999850177687501395773 3.09993335146461213014
3871 529.483000 -0.40088604864580013043 -0.00579240694130353766383 -0.100278759767905997768 -0.0131108736488578236923 -0.0113014198439752751313 0.999850180227854767878 3.09993098411433631867
3872 529.492000 -0.400886610732708037474 -0.00579077209150853471076 -0.100276682728423147117 -0.0131095148250610395169 -0.0113034951584293566484 0.999850174585299900087 3.09992887105933823122
3873 529.500000 -0.400887027884828772706 -0.00578892714342693799623 -0.100275023751777048187 -0.0131093509833726720032 -0.0113055649903598121053 0.999850153331509727828 3.09992672877754049665
3874 529.508000 -0.400887257114640405131 -0.00578726255452286734299 -0.100273898524726956527 -0.0131099735844687342867 -0.0113072716277716651956 0.999850125869347738927 3.09992464207707030255
3875 529.517000 -0.400887282978393877375 -0.00578537317088082068267 -0.100273193456727652273 -0.0131115957534339924728 -0.0113089929805066397722 0.999850085130048360504 3.09992234554779155786
3876 529.526000 -0.400887047975406474176 -0.00578345534704399841935 -0.100273085233741898747 -0.0131140752742294613986 -0.0113105622834974457042 0.999850034860494951694 3.0999196394668433463
3877 529.535000 -0.400886564788286492433 -0.00578153560963213120766 -0.100273511192701614281 -0.0131171409780669254164 -0.0113119408001000811698 0.999849979050805748315 3.09991684046665127994
3878 529.543000 -0.400885905264145969706 -0.00577975355552127340042 -0.100274285454749839674 -0.0131203068319336330766 -0.011313120624661061886 0.999849924163805581223 3.09991400026989882832
3879 529.551000 -0.40088518552532459438 -0.0057781101886362085801 -0.100275274098584610272 -0.0131233395058650680748 -0.0113141027025428133473 0.999849873251104637184 3.0999109271241040986
3880 529.560000 -0.400884247820625816416 -0.00577630111494700348301 -0.10027658839754666209 -0.0131266692145610586878 -0.0113151263693023213658 0.999849817957966124915 3.09990752876175701402
3881 529.568000 -0.400883261562004600265 -0.00577448143429446295039 -0.100277817514985490011 -0.0131296093664277253865 -0.0113161609502261031185 0.999849767644736542316 3.09990359670908244283
3882 529.576000 -0.400882290102904437212 -0.00577276037737517282167 -0.100279000377131721766 -0.0131320761197263411596 -0.0113171081134041985605 0.999849724529008887508 3.09989994521126766003
3883 529.584000 -0.4008813846938940606 -0.00577111039470698007625 -0.100280009790677721027 -0.01313398034584620927 -0.0113181091637578022657 0.999849688185795226758 3.09989605419780023254
3884 529.592000 -0.400880508417415293287 -0.00576941781447017076889 -0.100280839016599648827 -0.0131354190006983898714 -0.0113191622213435327121 0.999849657365687538579 3.09989222515602014241
3885 529.601000 -0.400879659315060088431 -0.00576756155804344396165 -0.100281447035696996695 -0.013136326612983391729 -0.0113204846554668947523 0.999849630469643368968 3.09988775646944025866
3886 529.610000 -0.400879014282848500361 -0.00576585854693010581296 -0.10028169735400656315 -0.0131365668967845777154 -0.0113217733049905729809 0.999849612721531721959 3.09988388882509102729
3887 529.618000 -0.400878440261120128074 -0.00576403289163870003603 -0.100281650654996501437 -0.0131362749693833807257 -0.0113233468708830737476 0.99984959873751544368 3.09987965980309576608
3888 529.627000 -0.400878062367001464228 -0.0057623065002098960985 -0.100281293418355496594 -0.0131355538263338619126 -0.011324925151125271594 0.999849590336465032792 3.09987598324120572357
3889 529.635000 -0.400877768508077103604 -0.0057604652646809310218 -0.100280715285418542404 -0.0131344858248587798011 -0.0113268077346851212678 0.99984958304169824217 3.0998720267877066803
3890 529.643000 -0.400877627699383065618 -0.00575890070449915168066 -0.100280036631485727772 -0.0131334221108192015365 -0.0113284219616110928136 0.999849578726479504276 3.09986904700318133266
3891 529.650000 -0.400877552031309258851 -0.00575725674100030157532 -0.100279253660380276991 -0.0131322131431246963418 -0.0113302985480750236652 0.999849573342297626155 3.09986577270249918925
3892 529.657000 -0.400877490786387846722 -0.00575566698034057043498 -0.100278498405164784302 -0.013131239395887004881 -0.0113320637619150170472 0.999849566126236766195 3.09986300240824341756
3893 529.664000 -0.400877533445770872778 -0.0057541761296570131598 -0.100277683025625119484 -0.0131301631851394578349 -0.0113338366731366331497 0.999849560164427164644 3.09986025045563362568
3894 529.670000 -0.40087755225989352148 -0.00575283215469684933857 -0.100277023166551376709 -0.0131294110574862871177 -0.0113353888886571062961 0.999849552444779687832 3.09985788177318388747
3895 529.675000 -0.400877527451613258069 -0.00575163715650938572876 -0.100276522869574100105 -0.0131289758527173509167 -0.0113367172103917175641 0.99984954309933560257 3.09985601042581926379
3896 529.681000 -0.400877578966903513891 -0.00575048535677137422073 -0.100275974303508610963 -0.0131284120597398631242 -0.0113380541523637520113 0.999849535342607342869 3.09985398841983750273
3897 529.687000 -0.400877563940383319085 -0.00574892122947727804427 -0.100275395405342415689 -0.013128038929691679404 -0.0113398326487753157987 0.999849520072574993179 3.09985132449070421856
3898 529.693000 -0.400877496033906155493 -0.00574745127850966475852 -0.10027496942090138865 -0.0131279412907131295268 -0.0113413953990119699411 0.999849503629356761714 3.09984903094227615128
3899 529.699000 -0.400877473888202939811 -0.00574608394576303464774 -0.100274572431240008297 -0.0131278242636881543881 -0.0113428888349311231265 0.999849488224592852781 3.09984666372144213042
3900 529.704000 -0.400877399574275927741 -0.00574487875577258701176 -0.100274325909845890559 -0.0131279388701158340053 -0.0113441423342485782355 0.999849472498596902881 3.09984456519933759822
3901 529.709000 -0.400877267208198717618 -0.00574360433350407442732 -0.100274140662405253366 -0.0131282442139390512215 -0.0113454111197248720677 0.99984945409315684195 3.09984251886053607805
3902 529.716000 -0.4008771228157991251 -0.00574195670371995849079 -0.100273952313140402026 -0.0131285927979416933153 -0.0113470026463764975949 0.99984943145560123412 3.09983961867972857007
3903 529.725000 -0.400876788219002688773 -0.00573967505388542180433 -0.100273879185789421831 -0.0131295146997851309989 -0.0113491053551494896351 0.999849395484832870196 3.09983565853463494122
3904 529.733000 -0.400876504492318819217 -0.00573775305209762824521 -0.100273888228732399597 -0.0131302985617181913747 -0.0113507991110626364761 0.999849365964303959942 3.09983202363498833165
3905 529.741000 -0.400876132197523993295 -0.00573575229430462775471 -0.100273998622324680974 -0.0131312950658054299752 -0.0113524730557929068309 0.999849333872565138037 3.09982821251247298022
3906 529.749000 -0.400875760733624297849 -0.00573391254026525513943 -0.100274176974184808797 -0.0131322509227741902188 -0.0113539170525651881422 0.99984930492212908959 3.09982477194262617815
3907 529.757000 -0.400875331799028455926 -0.00573191230806433318912 -0.100274357149798418187 -0.0131332877207047775403 -0.0113555105589376922198 0.999849273207512601047 3.0998207656492087203
3908 529.765000 -0.400874829283742628583 -0.00572973284642010454587 -0.100274539973801118942 -0.0131343632394813648878 -0.0113571713373160389227 0.999849240216498014178 3.09981650816359177725
3909 529.773000 -0.400874371894849423903 -0.00572772270073165779003 -0.100274712386676123632 -0.0131352819551744329912 -0.011358696416955155889 0.999849210823144818328 3.09981237570075540688
3910 529.781000 -0.400873909725709742791 -0.00572570111320239161223 -0.100274851083542254626 -0.0131361084163002656 -0.011360211383452530412 0.999849182753578258342 3.09980836173280804857
3911 529.789000 -0.400873477452066584448 -0.00572370263405597851092 -0.100274930001072820618 -0.0131367923336960044228 -0.0113617658781823734071 0.99984915610471492009 3.09980418009764102649
3912 529.797000 -0.400873105527762063627 -0.00572185659189214119308 -0.100274962766984221396 -0.0131372940368948455669 -0.0113631731882775453141 0.999849133519893240596 3.09980050136424667429
3913 529.805000 -0.400872670884231285804 -0.00571969528518929699185 -0.100274915373978992794 -0.0131377692595335288789 -0.0113649304867670820213 0.999849107302654083185 3.09979602084050043231
3914 529.813000 -0.400872294285740782271 -0.00571766697449443798973 -0.100274826422225765699 -0.0131381058365664469406 -0.0113665707450712003684 0.999849084234478047151 3.09979205115585898511
3915 529.821000 -0.400871971580575525707 -0.00571567280256836916796 -0.10027466189445746747 -0.0131382962286253086176 -0.0113682870476655706327 0.999849062219798634388 3.09978795062959378015
3916 529.829000 -0.400871636463439151576 -0.00571361359834873273889 -0.100274480124936893333 -0.0131384798496184014571 -0.0113700320349198209097 0.999849039964916919132 3.09978406204141831992
3917 529.837000 -0.400871382850549629051 -0.00571163113578741603316 -0.100274216472633681541 -0.0131384753817220915895 -0.011371823883057458407 0.999849019645574710324 3.09978002930077201071
3918 529.845000 -0.400871077338399994794 -0.00570952407575020352837 -0.100273967218688211944 -0.0131386165316889659549 -0.0113737166722270612029 0.999848996261282096931 3.09977610975030692941
3919 529.853000 -0.40087087029030776808 -0.00570753861694893796508 -0.100273661627756777159 -0.0131385203176589259594 -0.0113755460329906712275 0.999848976714140635913 3.09977217131823667984
3920 529.861000 -0.400870634079185661491 -0.00570547050968969477608 -0.100273372030218424489 -0.0131385378256133680819 -0.0113774524495938340884 0.999848954792453614715 3.09976817258639947283
3921 529.868000 -0.400870425759745463434 -0.00570364186431367506391 -0.100273124892321874313 -0.0131385704591368245031 -0.0113791161582524179979 0.999848935430621588161 3.09976482044398471416
3922 529.876000 -0.400870201923189228843 -0.00570155311428338033158 -0.100272844553927098499 -0.0131386297926756063364 -0.0113810615490418376439 0.999848912508878973071 3.09976077179952236307
3923 529.884000 -0.400869949373350520361 -0.00569940903672899734644 -0.100272602443002234462 -0.0131387793207872055623 -0.0113829872734454145417 0.999848888622021925165 3.09975686550416984488
3924 529.892000 -0.400869731589984901188 -0.00569731015080144741897 -0.100272349254451942357 -0.0131388923819184526981 -0.0113849273322228702887 0.99984886504742109814 3.09975275372534175844
3925 529.899000 -0.400869470496070245957 -0.00569536046206583698726 -0.10027218284911890156 -0.0131391944791444548885 -0.0113866706743787540063 0.9998488412252085622 3.09974920985817092856
3926 529.908000 -0.400869221355394544926 -0.00569299439886065093697 -0.100271950805965459619 -0.0131393792498449533956 -0.0113887817857704458369 0.999848814752692938157 3.09974454446253844253
3927 529.915000 -0.400868949755153802794 -0.00569103273690757961029 -0.100271832072969052652 -0.0131397335258644012979 -0.0113904622094155635187 0.999848790954674826459 3.09974091391776118698
3928 529.924000 -0.400868672136351966717 -0.005688629835032571469 -0.100271648882060290808 -0.0131400312795383472642 -0.0113925618802213288183 0.999848763119592032211 3.09973612400680398338
3929 529.931000 -0.400868380824031089738 -0.00568663783720860759041 -0.100271549862397252317 -0.0131404726118660077766 -0.011394262191165722628 0.999848737944223020513 3.09973237098946086121
3930 529.936000 -0.400868217697880224737 -0.00568530356474826383678 -0.10027148172575241214 -0.0131406428569797971428 -0.0113953571169735420193 0.999848723228410229957 3.09972973877225399519
3931 529.944000 -0.400867965023140537806 -0.0056832757069991326343 -0.100271390309555646914 -0.0131409874688327606151 -0.0113970655249223135758 0.999848699226920212269 3.09972563589269389794
3932 529.951000 -0.400867617132285580794 -0.00568110888806665562112 -0.100271310604280045053 -0.0131414971347434596932 -0.0113988573291991784203 0.999848672102256808003 3.09972155432204132808
3933 529.959000 -0.400867339615487761062 -0.00567894305945885417147 -0.100271195093213097427 -0.0131418373433355630681 -0.0114006816788433697207 0.99984864683035856725 3.09971714002923448561
3934 529.966000 -0.400867026885405985936 -0.00567693680775320941995 -0.100271140355056145865 -0.0131422931818938638904 -0.0114023056654502779467 0.999848622320115620887 3.09971331449894638155
3935 529.973000 -0.400866784807290876813 -0.00567504154665031748661 -0.100271034745959747303 -0.0131425714805716974815 -0.0114038991753702811244 0.999848600488332017733 3.09970943541329591042
3936 529.980000 -0.400866511604334840868 -0.00567309020040557276943 -0.100270949851511276263 -0.0131429148174899354529 -0.0114055044539678098608 0.999848577664763538131 3.09970551638546876205
3937 529.988000 -0.400866188469477580103 -0.00567084062544408705475 -0.100270851161378918293 -0.0131433183368694396498 -0.0114073459379309769673 0.999848551352527592506 3.09970116421576058485
3938 529.995000 -0.400865922791548201509 -0.00566888937448218818704 -0.100270749805362796581 -0.0131436385325538248464 -0.0114089858720496824251 0.999848528431930616556 3.09969720625760736255
3939 530.003000 -0.400865587999070627223 -0.00566660575155266896252 -0.100270651593315426875 -0.0131440504409101512756 -0.0114108487431597797196 0.999848501758625274327 3.09969287369922730235
3940 530.010000 -0.40086535088876584787 -0.00566468296384325074866 -0.100270517206710013669 -0.0131442805122171241239 -0.011412491850667214055 0.999848479980629201158 3.09968893265673095527
3941 530.017000 -0.400865089533338658789 -0.00566271186882730693385 -0.100270399501251522567 -0.0131445674354832685998 -0.0114141516337113516077 0.999848457262107692678 3.09968500016818060416
3942 530.024000 -0.400864826568944065954 -0.00566073254756091666373 -0.100270279201956941106 -0.0131448377999928266852 -0.0114157952513210050882 0.999848434943012565057 3.09968122107352206385
3943 530.032000 -0.400864543496943670498 -0.00565848233817560497538 -0.100270126783392574121 -0.0131451241767987121734 -0.0114177168920076236441 0.999848409235795432259 3.09967670401419814752
3944 530.039000 -0.40086426530251473288 -0.00565645855131020457857 -0.100270014497650147844 -0.013145434988597432327 -0.0114193947914302661867 0.999848385987374577155 3.09967291500657182723
3945 530.045000 -0.40086407964876286103 -0.00565479689193251408574 -0.10026987462772733728 -0.0131455844410169643555 -0.0114208438536791152124 0.999848367471475096835 3.09966952319323763021
3946 530.053000 -0.400863839272174837802 -0.00565268260861946300611 -0.100269736632175476831 -0.0131458133151662309029 -0.0114226161854440646376 0.99984834421614299238 3.09966530112274973874
3947 530.060000 -0.400863549877590596981 -0.00565051115057712063927 -0.10026958171698767408 -0.013146101320280901073 -0.0114244610199604017253 0.999848319351730685511 3.09966118103598953226
3948 530.067000 -0.400863312748803213292 -0.00564851271951206414246 -0.100269438910734115522 -0.0131463368121280087253 -0.0114261786789354412297 0.999848296627653065904 3.09965716794133427925
3949 530.074000 -0.400863034621938729707 -0.00564644440833021992593 -0.100269322695042156779 -0.0131466585594563426659 -0.0114278976532743454381 0.999848272751394540059 3.09965328146931096143
3950 530.081000 -0.400862831762621052434 -0.00564448891950984892735 -0.100269159284319009373 -0.0131468007927230210591 -0.0114295785078757650144 0.999848251668246201795 3.09964932669813642008
3951 530.089000 -0.40086254633792950397 -0.00564225216640564398302 -0.100269053014679310198 -0.0131471726167603809865 -0.011431437627334097018 0.999848225525233225142 3.09964503153699943994
3952 530.096000 -0.40086230860641108853 -0.00564013650741809410838 -0.100268873429440491529 -0.0131473439409926021182 -0.0114332519177924446518 0.999848202527704565945 3.09964076881090333515
3953 530.103000 -0.400862068202266386141 -0.00563810082932757368479 -0.100268743236243393357 -0.0131475886179801548792 -0.0114349554069950974655 0.999848179829504135618 3.09963670544942226925
3954 530.110000 -0.400861808845665745782 -0.00563603382772743643353 -0.10026862595933080935 -0.0131478760812170306777 -0.0114366571898008480279 0.999848156585226743864 3.09963275376738955913
3955 530.118000 -0.400861539630576135806 -0.00563370754203268778171 -0.100268473097816210315 -0.013148159637240914091 -0.0114386297804638034648 0.999848130291245418277 3.09962804142888304071
3956 530.127000 -0.400861203016541434163 -0.00563103445930231844008 -0.100268331136427635286 -0.0131485394683217328426 -0.0114408161026940593391 0.999848100281614859952 3.09962290416149910399
3957 530.135000 -0.400860940619838013177 -0.00562870968875046201463 -0.100268176364396416345 -0.0131488045097220788288 -0.0114427806816657061384 0.999848074314411139341 3.09961816642655652032
3958 530.143000 -0.400860643519258819101 -0.00562632802191164946293 -0.100268049999367656056 -0.0131491426717082610098 -0.0114447310784888504898 0.999848047543995699371 3.0996135582799362318
3959 530.151000 -0.400860370607691862688 -0.00562397814002319005461 -0.10026790537607727094 -0.0131494401426735466748 -0.0114467088446916862715 0.999848020991469965679 3.09960877856888439297
3960 530.159000 -0.400860057646947320897 -0.0056215649451615461521 -0.100267792572852287858 -0.0131498156756827445923 -0.0114486678121350424209 0.999847993623542152797 3.09960417204622062926
3961 530.167000 -0.400859801976638341348 -0.00561923348407921199876 -0.100267636654119501882 -0.0131500647517168115647 -0.0114506292488822207509 0.999847967886533406379 3.09959938833457382401
3962 530.175000 -0.400859474426500217437 -0.00561678495991171488483 -0.100267522552987764506 -0.0131504971629932652932 -0.0114526521211500767472 0.999847939030609644817 3.09959469165456313888
3963 530.183000 -0.400859234194998304002 -0.00561447392369381938215 -0.100267366329539669989 -0.0131506923178016654763 -0.011454568117464593649 0.99984791451540522278 3.09958997827818150128
3964 530.191000 -0.400858947019894718 -0.00561207889902959247003 -0.100267234786076006592 -0.0131510253771985382437 -0.0114565577463490390203 0.999847887338935703561 3.09958516201232070486
3965 530.199000 -0.400858662845427649035 -0.00560968940707761397346 -0.10026709972262948245 -0.013151331059596978873 -0.0114585207488837690498 0.999847860823639633665 3.09958052362628988519
3966 530.207000 -0.400858348948635256903 -0.00560723484135393010486 -0.100266971766227577789 -0.0131517436793914931775 -0.0114605669243925019363 0.999847831944422948958 3.0995757234454242024
3967 530.215000 -0.400858103720196756736 -0.00560490583436323852595 -0.100266825494523606488 -0.0131519448184752377196 -0.0114624890777492317168 0.999847807264502730362 3.09957103371476705433
3968 530.223000 -0.400857825087577002154 -0.00560250479265779477434 -0.100266689882448883919 -0.0131522549960621931708 -0.0114644810621833004999 0.999847780345835102089 3.09956620093590373699
3969 530.232000 -0.400857505559056415123 -0.00559979314378279170727 -0.100266537004041658698 -0.0131526074415469901302 -0.0114667153006942201116 0.99984775008883297609 3.09956091539101574739
3970 530.237000 -0.40085733637638570892 -0.00559829365657324613814 -0.100266450347578417457 -0.0131527918519332258362 -0.0114679628159124798875 0.999847733355110790399 3.09955787464540755138
3971 530.242000 -0.400857158585487316493 -0.00559678007077669438518 -0.100266365413685706875 -0.0131529982975177456295 -0.0114692228746714804805 0.999847716186038404373 3.09955484522511470757
3972 530.247000 -0.400856966265416336803 -0.00559524405187671481504 -0.100266295879740591213 -0.0131532225484778299979 -0.0114704520059769506102 0.99984769913590776369 3.09955196643530328515
3973 530.253000 -0.400856776926237501346 -0.00559346144285420392162 -0.100266175474476873508 -0.0131534133595500035696 -0.011471964162373931434 0.999847679276823719796 3.09954831223607651935
3974 530.259000 -0.400856605386475217667 -0.00559180072852284021367 -0.100266094467071686935 -0.0131536022304173209896 -0.0114733070395404545411 0.999847661383443275795 3.09954494884961162526
3975 530.264000 -0.400856367065121232951 -0.00559008807501472533563 -0.100266010016348869338 -0.0131538930424486919663 -0.011474708451543719212 0.999847641475329784733 3.09954176688265814477
3976 530.269000 -0.400856222303236808813 -0.00558861667343783438677 -0.100265900938587004809 -0.013154012451809389897 -0.0114759515962927875765 0.999847625636715364728 3.09953873086775644197
3977 530.274000 -0.400856051610462393864 -0.00558710018949603887811 -0.100265816478171329584 -0.0131542005162986457706 -0.0114772044794339469348 0.999847608781515351239 3.09953566014975567811
3978 530.280000 -0.400855822693962415837 -0.00558524482923175059901 -0.100265730839573088962 -0.0131544728665670459383 -0.0114787008526251697871 0.999847588020463695635 3.09953212443449066527
3979 530.286000 -0.400855668773992701581 -0.00558359922744269734224 -0.100265631419928419321 -0.0131546280519823574617 -0.0114800707614515287713 0.999847570250648742807 3.09952871270285124083
3980 530.291000 -0.400855462403126083792 -0.00558192484334000746382 -0.100265526799504456346 -0.0131548453264936152096 -0.011481465713957790184 0.999847551374455800755 3.09952536403646838892
3981 530.297000 -0.400855225478528143235 -0.00558004976241551972627 -0.100265446650626463554 -0.0131551382692614363124 -0.0114829720446997553263 0.999847530221551927809 3.09952181756769018506
3982 530.302000 -0.400855081056425810448 -0.00557856693974584285506 -0.100265338181184812671 -0.0131552569705784948989 -0.0114842194830752867413 0.99984751433251184416 3.09951875127261100573
3983 530.307000 -0.400854907623884759715 -0.00557703399373948860429 -0.10026525535051296345 -0.0131554567879146374482 -0.0114854862399809097562 0.9998474971527071542 3.09951563404814045555
3984 530.312000 -0.400854699810578640751 -0.00557543980928894809812 -0.100265178352199307854 -0.0131557427662291510917 -0.0114867944660348129948 0.999847478361156727367 3.0995126031782742615
3985 530.319000 -0.400854490850554912029 -0.0055733565899389689996 -0.100265051941759622545 -0.013155903712278680523 -0.0114884892228448061424 0.999847456771726483815 3.09950839075660500299
3986 530.327000 -0.400854182917479484605 -0.00557084020768715618144 -0.100264924123102339149 -0.0131563049990490628371 -0.0114905661593399689713 0.99984742762488998391 3.09950344096931162952
3987 530.335000 -0.40085394314247257963 -0.00556844983516486397024 -0.100264778637259840965 -0.0131564959592260343618 -0.0114925182784849522905 0.999847402675875018829 3.09949860180457736902
3988 530.343000 -0.400853669482131302892 -0.00556598796950880103651 -0.100264644307122993694 -0.0131567970173581440252 -0.0114945394398964038235 0.999847375480532374326 3.09949361907359133284
3989 530.351000 -0.400853385354734137458 -0.00556351015097711950469 -0.100264514103508547982 -0.0131571124468855688017 -0.0114965512078750321107 0.999847348199906282851 3.09948878443255004811
3990 530.359000 -0.400853152785538680014 -0.00556120376847395354869 -0.100264394823314867411 -0.0131573725243310304944 -0.0114984394870989575788 0.999847323063685289313 3.09948405655996817032
3991 530.367000 -0.400852823623820575527 -0.00555855137935821683182 -0.100264256187529043896 -0.0131577437697072297668 -0.0115005955992883088235 0.999847293380220270009 3.09947895039466780887
3992 530.375000 -0.400852570669395391612 -0.00555611035463055447786 -0.100264104649678248427 -0.0131579987630428031642 -0.0115026276081956722874 0.999847266649591337462 3.0994739464972096421
3993 530.383000 -0.4008522841246102697 -0.0055536152441276786032 -0.100263979957425974909 -0.013158323954261868724 -0.0115046456088758915215 0.999847239152126032735 3.09946908365584050671
3994 530.391000 -0.400852022700565524538 -0.00555115424243771658774 -0.100263835965832256991 -0.0131586065330752382402 -0.0115066907900189304564 0.999847211898483356762 3.09946405412447179017
3995 530.399000 -0.400851721737918720301 -0.00554863171155399719642 -0.100263723275526045464 -0.0131589660284173442378 -0.011508716149936136855 0.999847183856434673643 3.09945920300302413253
3996 530.407000 -0.400851511907427238146 -0.0055463412405773165198 -0.10026358794716661027 -0.0131591694931379975253 -0.0115106017276173852593 0.999847159472946223069 3.09945445591481627545
3997 530.414000 -0.400851203498234498479 -0.00554395092247044439515 -0.100263458910506197963 -0.0131595691969786810632 -0.0115125817973475395861 0.999847131415052658987 3.09944983058695733291
3998 530.421000 -0.400850998100197752905 -0.00554183648792769961711 -0.100263334578005305908 -0.0131597302103013576169 -0.011514295884684774135 0.999847109557792323997 3.0994455505790434735
3999 530.429000 -0.400850694239613114522 -0.00553928531661190652613 -0.100263209228380584248 -0.0131601316933619722632 -0.0115163935930240636518 0.999847080113966280024 3.09944052392325852807
4000 530.436000 -0.400850489487475203365 -0.00553716817578219205193 -0.100263085199333731867 -0.0131602920447292104367 -0.0115181098389742029436 0.999847058233925389814 3.09943624050505439627
4001 530.444000 -0.400850221696362862822 -0.00553467724833797691808 -0.100262952228050483683 -0.0131605903926934053594 -0.0115201519170326349001 0.999847030780370960024 3.09943118005828122108
4002 530.451000 -0.400849963722430702173 -0.00553246133996725120152 -0.100262853112133953903 -0.0131608967865278203568 -0.0115219245260776998602 0.999847006321961995212 3.0994269104555320915
4003 530.459000 -0.400849714460457584586 -0.00552999556760724354787 -0.100262704206415642627 -0.0131611497845705270604 -0.0115239656435432175768 0.999846979468455687723 3.09942184642186768784
4004 530.466000 -0.400849474295442542715 -0.00552788043976048734662 -0.10026261919611287321 -0.0131614897566236423859 -0.0115256715543712844746 0.999846955329968034576 3.09941771796733522848
4005 530.473000 -0.400849238153029308052 -0.00552561541976350455163 -0.100262472637504790329 -0.013161676690476438803 -0.0115275310636494248556 0.999846931432142760343 3.09941314790615418673
4006 530.481000 -0.400848967548136037031 -0.0055231861897197774558 -0.100262372361736906701 -0.0131620500972613949098 -0.0115294928670421469724 0.999846903896524530353 3.09940833730001941149
4007 530.488000 -0.400848732061410750749 -0.0055209184924230525135 -0.10026222581611371476 -0.0131622355066802875639 -0.0115313545257165802477 0.999846879986765357806 3.09940376263582972882
4008 530.494000 -0.400848528944033888344 -0.00551903329813226151135 -0.100262129068594788017 -0.0131624677142837907123 -0.0115328936072956883541 0.999846859178300961801 3.09939992412238130015
4009 530.499000 -0.400848318587985641415 -0.00551739762505382320967 -0.100262066337594560328 -0.0131627633611850741041 -0.0115342169727247999267 0.999846840020772287261 3.09939683368923590834
4010 530.504000 -0.400848184804257823277 -0.00551588484873750863752 -0.100261969042022461296 -0.0131628485177283163776 -0.011535433177871987423 0.99984682486883869057 3.09939372457663608884
4011 530.509000 -0.400848024239183864381 -0.00551432585344270326938 -0.100261882447283012798 -0.013163020835127580907 -0.0115367157469902156808 0.999846807802208914495 3.09939052837640538485
4012 530.515000 -0.400847819943930760989 -0.00551243518372012547557 -0.100261784388088928677 -0.0131632557181896470838 -0.0115382598315985143711 0.999846786892349959075 3.09938670682187034089
4013 530.520000 -0.400847633321562868414 -0.00551083571046982398367 -0.100261718502061378255 -0.0131634745273622715683 -0.0115395191107744779502 0.999846769478733521375 3.09938367437377371161
4014 530.526000 -0.400847450804614202635 -0.00550897824246070547116 -0.100261602443154129727 -0.0131636590534761257348 -0.0115410671065945651115 0.999846749182275895684 3.09937983688437013186
4015 530.531000 -0.400847248293542013364 -0.00550733986579989270166 -0.100261529504266477808 -0.0131639424158028883055 -0.0115423967815380043578 0.999846730102474601232 3.09937667082368539795
4016 530.536000 -0.400847103850294428362 -0.00550581247844196715324 -0.100261449019777570957 -0.0131640472200444513112 -0.0115436074624667931593 0.999846714745585729567 3.09937359510041021693
4017 530.541000 -0.400846947770294947944 -0.00550425611680358840838 -0.100261356418069005891 -0.0131642097168263132179 -0.0115448989844535634258 0.999846697694186659078 3.09937039066331010417
4018 530.548000 -0.400846712619870315653 -0.00550204665547540140713 -0.100261242315064946773 -0.0131644753376716390492 -0.0115466975810418620574 0.999846673427508880749 3.09936591554366014378
4019 530.556000 -0.400846442993827323242 -0.00549952329439157196894 -0.100261111296380017732 -0.0131647637288842839914 -0.0115487298741397629437 0.999846646158427887485 3.09936096114493242482
4020 530.563000 -0.400846211405092911484 -0.00549731593001050178326 -0.100260996244330713445 -0.0131650239273740886359 -0.0115505326282574621866 0.999846621908078048158 3.09935645866569542406
4021 530.571000 -0.400845924928396601938 -0.00549476095051285376436 -0.100260881529972187276 -0.0131653574898795318326 -0.0115525700191992184568 0.999846593977353648164 3.0993514954566272479
4022 530.579000 -0.400845679050776726449 -0.00549226589269185931641 -0.100260733925588055304 -0.0131656071675320864717 -0.0115546274294037604191 0.999846566915583379043 3.09934636079288416965
4023 530.587000 -0.40084539946180725023 -0.00548971796411559624651 -0.100260613159474265554 -0.0131659267981040720846 -0.011556669659682399301 0.999846539103838694018 3.09934137090067096665
