12948 613.216000 29.2439757054612599063 0.0273893812641626717419 0.630777317131738457512
12949 613.221000 29.2438041882202277577 0.0273736224288184601394 0.629765924567372348264
12950 613.228000 29.2435694370581380497 0.0274081695090392131464 0.628339054806283825449
12951 613.235000 29.2433399671470475312 0.0275032733206586471608 0.626987279341584713421
12952 613.242000 29.2431155814000440785 0.027653997394320756209 0.625785292234464662897
12953 613.250000 29.2428658682999937923 0.0278884386081525159629 0.624658779550296694438
12954 613.258000 29.2426242885997744736 0.028181615489091427218 0.623832890939266526686
12955 613.267000 29.2423636012689733832 0.0285686730392472540419 0.623270714795737923453
12956 613.274000 29.2421698518179979942 0.0288996156489225788921 0.623084868800259039645
12957 613.282000 29.2419588719422662848 0.0292939180740566761096 0.623105866477595693453
12958 613.289000 29.2417839001962747147 0.0296384014468046783075 0.623290793069267712312
12959 613.296000 29.2416182398592674474 0.0299681062292275236791 0.623592001102982629313
12960 613.301000 29.2415057011926506902 0.0301872023316727064457 0.623857076134562094083
12961 613.308000 29.2413562557894515237 0.0304616458744393185654 0.624269190888314118304
12962 613.313000 29.2412552203376456816 0.0306295862334948695849 0.624575643626979593037
12963 613.319000 29.2411400636973404232 0.030795700463441842698 0.624938676359706679619
12964 613.326000 29.2410136682614307801 0.030936742697109193001 0.625334674947528590394
12965 613.331000 29.2409282369533762846 0.0310015767957410211253 0.625588097385552543983
12966 613.339000 29.2407989723488590528 0.0310440139558200572933 0.625926871108620108686
12967 613.347000 29.240677288299437464 0.031016125445041148323 0.626171761065170362492
12968 613.355000 29.2405611264805997962 0.0309274927065697549655 0.626318830375712232161
12969 613.362000 29.2404622408710501702 0.0308098823081234436672 0.626371313894628967134
12970 613.371000 29.2403362688868568853 0.0306194828602884064339 0.626348551722549884424
12971 613.379000 29.2402230190091358963 0.03042840972608784611 0.6262622075310806391
12972 613.387000 29.2401064830106101056 0.0302308630818236938331 0.626135418942786015073
12973 613.396000 29.2399694408105936816 0.0300156120945744495088 0.625971154930959894358
12974 613.405000 29.2398245724575360782 0.0298209102624844742124 0.625810936883915203133
12975 613.412000 29.2397059496279752011 0.0296902316227434029394 0.625703873050701075975
12976 613.420000 29.2395639611572519811 0.0295675934451855131069 0.625611168147921725691
12977 613.429000 29.2393965745683388491 0.0294666696176204452595 0.625552357557989102688
12978 613.437000 29.2392419345696445987 0.0294104905225531301771 0.625542153916905818711
12979 613.445000 29.2390830118998295006 0.0293846418650991793309 0.625568364636287843616
12980 613.453000 29.2389211832941917635 0.02938654579271260045 0.625624324773217943552
12981 613.461000 29.2387579005757984874 0.029412588864090455365 0.625701005389676545576
12982 613.469000 29.2385925538121682621 0.0294573300561982928669 0.625787319477882686414
12983 613.478000 29.2384088663820023157 0.029527449282646084372 0.625886058638669307008
12984 613.486000 29.2382491634519965373 0.0295995487557198788675 0.625963339408035945866
12985 613.494000 29.2380926129261702329 0.02967638379452022801 0.626023530794003746358
12986 613.502000 29.2379398514142643251 0.0297534573811810178212 0.626061763053727071693
12987 613.511000 29.2377727513205591947 0.0298358109501818541398 0.626076055121625230093
12988 613.519000 29.2376283714655826884 0.0299017227835841614692 0.626063854200493485891
12989 613.527000 29.2374878312514283607 0.0299585069625898509083 0.62603114131664194808
12990 613.534000 29.2373666369819815714 0.029999431416257948263 0.62598939226880490061
12991 613.540000 29.2372641576406913089 0.0300275390191135360674 0.625946802428157589304
12992 613.547000 29.2371463010826815321 0.0300523003949422981562 0.625892948932282311425
12993 613.556000 29.2369952609096692697 0.030071597632533846739 0.625823592357148905663
12994 613.563000 29.2368775760079770976 0.0300776724657676707009 0.625774494066950737192
12995 613.572000 29.2367261579476114264 0.0300753580641128365203 0.625723216487757749604
12996 613.580000 29.2365900755942185185 0.0300653722375918454335 0.625692740085380894044
12997 613.587000 29.2364694299222129814 0.0300518464564583850929 0.625679498219997909381
12998 613.596000 29.2363123986531512344 0.0300296979261471044809 0.625681413302554445544
12999 613.604000 29.2361710536341909972 0.0300072240634621234534 0.625700060184802953067
13000 613.612000 29.2360279550163539852 0.0299835095476145459259 0.62573231136010087905
13001 613.621000 29.2358648007346566544 0.0299571555053141543035 0.625781152203430002245
13002 613.629000 29.235718175159437493 0.0299350103761099398114 0.625831446633426824455
13003 613.637000 29.2355711151509751744 0.029915057290586410943 0.625884073364120663285
13004 613.645000 29.2354230118065849808 0.0298977449141731507765 0.625935262312094065074
13005 613.653000 29.235275484330067286 0.0298837712467187807674 0.625981665992143665456
13006 613.661000 29.235127761109080069 0.0298731228271998869306 0.626020593545954073811
13007 613.669000 29.2349807953109888103 0.029866071929315417266 0.626050324358325971374
13008 613.677000 29.2348351656045863933 0.0298626269422999600367 0.626069833547572618393
13009 613.685000 29.2346900495667156861 0.0298624335283933367569 0.626079093545867326753
13010 613.693000 29.234546158555360762 0.0298654105050823043266 0.626078953869543930466
13011 613.701000 29.2344035717399641783 0.0298711905337713697073 0.626070668157995280367
13012 613.708000 29.234279342507278443 0.0298782807071297125401 0.626058369168302042418
13013 613.715000 29.2341561205921891542 0.0298868513043707532961 0.626042673239342262193
13014 613.722000 29.2340335419140089357 0.0298966639655157788436 0.626025110915400806455
13015 613.729000 29.2339109703950725816 0.0299074215355137860983 0.626007264766596516203
13016 613.736000 29.2337890719622244262 0.0299186768492918919726 0.62599025921101625336
13017 613.742000 29.2336843025045141076 0.0299285160287314049021 0.625977301664118135349
13018 613.749000 29.2335620264145354952 0.029939992103792174849 0.625964938546096694161
13019 613.754000 29.2334745219561042973 0.0299479497019410172143 0.625958195026685593199
13020 613.760000 29.2333700239931921772 0.0299571068029815361367 0.625952633663166446709
13021 613.765000 29.2332821117817545087 0.0299643237427154839059 0.625950318851906994944
13022 613.770000 29.2331946353472211797 0.0299710605551256024925 0.625949989761847902514
13023 613.775000 29.233106635152676489 0.0299772882312123109538 0.625951704472309300442
13024 613.781000 29.2330008658598714533 0.0299839339845963462339 0.625956228481736487446
13025 613.788000 29.2328766293822432942 0.0299903842885187593703 0.625964544812205203606
13026 613.794000 29.232770686424029094 0.0299948467505997025395 0.625973808776269846632
13027 613.800000 29.2326641205962616255 0.0299983079578333700077 0.625984715399477198439
13028 613.806000 29.2325572241062303647 0.0300007241111829095481 0.625996750299165904963
13029 613.812000 29.2324501540422865276 0.0300022729391788110787 0.626009599563952634504
13030 613.817000 29.2323610431075735505 0.0300026812277974924692 0.626020386306252563102
13031 613.824000 29.2322364477640341818 0.0300024068453653425248 0.626035506426880328235
13032 613.830000 29.232129524355720207 0.0300013716013805172012 0.626047992711093015394
13033 613.834000 29.2320577914447810031 0.0300003477807267784905 0.62605596808706676093
13034 613.839000 29.2319689998025395994 0.0299987084561795271098 0.6260652867208971184
13035 613.843000 29.2318978997179605983 0.0299971475210587291971 0.626072179210161561258
13036 613.847000 29.2318271084964926843 0.0299955562480262727387 0.626078649843324397395
13037 613.851000 29.2317558348577506422 0.0299937082323759283964 0.62608454407998159752
13038 613.855000 29.2316850724991255106 0.0299918938026705779454 0.626089882266268826783
13039 613.859000 29.231614353917450444 0.0299899937203732085134 0.626094609336962815149
13040 613.863000 29.2315439729959862802 0.029988226438803344126 0.626098874722410325688
13041 613.868000 29.2314558617244628635 0.0299859299214838143088 0.626103379658941583408
13042 613.872000 29.2313854813992080039 0.0299842480831491349502 0.626106430862296226003
13043 613.876000 29.2313147869228870945 0.0299827241204244018813 0.626109071718780607618
13044 613.880000 29.2312450374479801951 0.0299813455418210458858 0.626111189669837031602
13045 613.888000 29.2311051096183334153 0.0299791466442231313572 0.62611443546680412009
13046 613.896000 29.230965453640006757 0.0299779129596812882186 0.62611656223700429269
13047 613.903000 29.2308433463072070424 0.029977662517513228857 0.626117875633879772401
13048 613.910000 29.2307218931901751091 0.029978207643772080554 0.626118838801813737405
13049 613.918000 29.2305824549876369645 0.0299798709454778544714 0.626120001805677617313
13050 613.925000 29.230461314565538089 0.0299821796494106999897 0.626121168659895643849
13051 613.933000 29.2303222470530350563 0.0299856408773561400327 0.626123007803274234107
13052 613.940000 29.2302009832974754033 0.0299893119703092368711 0.62612509103300395541
13053 613.948000 29.2300615313580962606 0.029994134086969114622 0.626128247589611497403
13054 613.955000 29.2299402149762173053 0.0299987423193671075283 0.626131575969859022202
13055 613.963000 29.2298008117080740931 0.0300042148299437989867 0.626136126334329135013
13056 613.971000 29.2296617394881472762 0.0300098232070482619227 0.626141329676191626952
13057 613.978000 29.229539290764986248 0.0300145554858623833661 0.626146381499940396509
13058 613.986000 29.2294001327606629559 0.0300197548851092455013 0.626152515375515528184
13059 613.993000 29.2292778789735443468 0.0300240537348264863171 0.62615827645985400185
13060 614.000000 29.2291560622371839884 0.0300279214546062094005 0.626164122326330341295
13061 614.008000 29.2290162783132316804 0.0300319287032333667731 0.626171029034709780703
13062 614.015000 29.2288942564592844064 0.0300347973701274341407 0.626176990350435613841
13063 614.023000 29.2287550631491761521 0.0300376109923575183858 0.626183752775521851319
13064 614.031000 29.2286158805789604287 0.030039872701025056162 0.626190479876706174167
13065 614.038000 29.2284945814978769363 0.03004140724400488488 0.62619613753765046571
13066 614.045000 29.2283730766844627169 0.0300426521039981013483 0.62620175247092135784
13067 614.053000 29.2282348812304881847 0.0300437354801565831286 0.626207907679977915372
13068 614.060000 29.2281136682430933149 0.0300444407598114242297 0.626213175621043283137
13069 614.068000 29.2279759708723290146 0.0300450020160116203216 0.626218901240212399983
13070 614.074000 29.2278725071550624648 0.0300454200921385014555 0.62622311448105116849
13071 614.082000 29.2277345527231098288 0.0300460655483586712433 0.626228694731467361301
13072 614.089000 29.2276147013583553758 0.0300466956049437391996 0.626233380250428184333
13073 614.096000 29.2274943666147315469 0.0300474929225230599772 0.626238072628445885393
13074 614.103000 29.227374300356839143 0.0300483374097638630817 0.62624261397881697544
13075 614.110000 29.2272545727552497397 0.0300494696995964628849 0.626247109879875751837
13076 614.117000 29.2271345725551903172 0.0300508673119621420866 0.626251645074321405815
13077 614.124000 29.2270149529176066494 0.0300524574794337924477 0.626256151516756287556
13078 614.131000 29.226895155856873032 0.0300543710120679090358 0.626260697580353076219
13079 614.137000 29.2267922417709087313 0.0300560421774788560922 0.626264533762312392007
13080 614.142000 29.2267066552123999656 0.030057709524697516501 0.626267859026939488487
13081 614.149000 29.2265868430410300505 0.0300599772255300788648 0.626272383362920459504
13082 614.155000 29.2264844470779046048 0.0300621604632980710115 0.626276312328631568072
13083 614.162000 29.2263647050524753013 0.0300647437298096863179 0.626280919326414609039
13084 614.168000 29.226261863862990964 0.0300671080182865896324 0.626284995449673531631
13085 614.174000 29.2261590795476209337 0.0300693768956190460306 0.626288999981394534089
13086 614.181000 29.226039791399763601 0.0300721414501343917158 0.626293713500279292106
13087 614.188000 29.2259199522313402042 0.0300749085686348102686 0.626298542959186077539
13088 614.194000 29.2258172838133525318 0.0300771376144306629152 0.626302641626114819928
13089 614.201000 29.2256978912642182422 0.0300797352338949969264 0.626307475235060140406
13090 614.207000 29.225595794646856973 0.0300819450491921318303 0.62631163404195233646
13091 614.214000 29.2254762402841272717 0.0300844203740898534505 0.62631657608206259269
13092 614.219000 29.2253910897397659596 0.0300859920735308018769 0.626319998492992024985
13093 614.225000 29.2252889267600544088 0.0300879478394528651619 0.626324261346718036414
13094 614.232000 29.2251701455095620474 0.0300900550502595336144 0.626329147549722797805
13095 614.237000 29.2250848225108477152 0.0300915008840579589755 0.62633269902608545987
13096 614.244000 29.2249662005169845713 0.030093426857444434408 0.626337570154838485514
13097 614.250000 29.2248642573455583715 0.0300951098780294565294 0.626341869546165996852
13098 614.256000 29.2247623957626387892 0.0300965653639207880721 0.626346046300444880828
13099 614.265000 29.2246104732410643123 0.0300988140231032465233 0.626352317300571614922
13100 614.270000 29.2245258118539048553 0.0300999197896542440567 0.626355747318573685689
13101 614.277000 29.2244073579171939059 0.0301015973369372150104 0.626360653616119256171
13102 614.283000 29.2243059821794197717 0.0301029624265282784445 0.62636478725535860157
13103 614.288000 29.2242219091347266158 0.0301041258825907563634 0.626368195300613050946
13104 614.295000 29.2241038656262510642 0.0301058461380057651446 0.62637303073753769489
13105 614.301000 29.2240027354923377345 0.030107278955193328418 0.626377135034353549337
13106 614.307000 29.2239014332151043618 0.0301086663073949385716 0.626381185269983764563
13107 614.313000 29.2238003987974650499 0.0301102038046775072333 0.626385317570489430494
13108 614.319000 29.2236993719433364447 0.0301117155367191594029 0.626389385969122525211
13109 614.325000 29.22359870228442702 0.0301133433563604627214 0.626393448846668809971
13110 614.331000 29.2234978819880382162 0.0301150006241723382228 0.626397531768834059385
13111 614.337000 29.2233970358616801377 0.0301166689743598385565 0.626401605657104454394
13112 614.343000 29.2232960031435275994 0.0301183021147383434002 0.626405638125138497507
13113 614.351000 29.2231618481645440966 0.0301206905011839609632 0.626411106123347716235
13114 614.359000 29.22302739204697275 0.030123068819723673728 0.626416572474487676203
13115 614.366000 29.2229102592950731321 0.0301251751067445928955 0.626421311568085448229
13116 614.374000 29.2227758612178973863 0.0301277135953209561359 0.626426850391497036519
13117 614.380000 29.2226751635036450239 0.0301295013282645331165 0.626430933355950902985
13118 614.386000 29.2225751348592268641 0.0301313377290380705886 0.626434999077574716786
13119 614.394000 29.2224410063415405148 0.0301338964184622165599 0.626440564527216081636
13120 614.402000 29.2223075381777412929 0.030136268623721387816 0.626445992891490277543
13121 614.410000 29.2221735983323931407 0.0301387742192556797038 0.626451562982298759685
13122 614.418000 29.2220403607985979022 0.0301410883910454667489 0.626456993862824274011
13123 614.426000 29.2219064840219715506 0.0301434563685078031614 0.626462532392963233896
13124 614.434000 29.2217735446800936927 0.0301457446824389199702 0.626467962162788105651
13125 614.443000 29.2216235186959956138 0.0301483226926386425892 0.626474183409319929083
13126 614.451000 29.2214905909642119752 0.0301505582937358039552 0.626479614158094055831
13127 614.460000 29.2213412280576783076 0.0301530485315165373839 0.626485758290423744299
13128 614.467000 29.2212248984681934871 0.0301550105457273273646 0.626490590406238667676
13129 614.474000 29.2211090928943839629 0.0301569006132467835879 0.626495326638405902742
13130 614.481000 29.2209930675279530021 0.0301588714817655860478 0.626500126838448689881
13131 614.488000 29.2208767116417469367 0.0301607264712273441531 0.626504907471006622366
13132 614.496000 29.2207446846158767073 0.0301628796014067265818 0.626510292335674123798
13133 614.503000 29.2206287868910621341 0.0301648376608903805163 0.626515113057113715023
13134 614.511000 29.2204968623238343639 0.0301670864835787977398 0.626520554090682191273
13135 614.519000 29.2203645226472978891 0.030169264096650334761 0.626526014447875922997
13136 614.528000 29.2202160266289787671 0.0301718430379638025141 0.626532184932958591261
13137 614.536000 29.2200844377431927512 0.0301740208131673001701 0.626537575742973307236
13138 614.544000 29.2199521832025226331 0.0301763081817357885217 0.626543082886991564706
13139 614.553000 29.2198044802927157093 0.0301789360251715939321 0.626549222455199839033
13140 614.560000 29.2196889001955995013 0.0301808981468087988986 0.62655402277574745451
13141 614.567000 29.2195742254281576322 0.0301829414540125857969 0.626558784706542137855
13142 614.574000 29.2194590299256482524 0.0301850086249944755956 0.626563623431091731852
13143 614.581000 29.2193440789072376162 0.0301869451343627220874 0.626568369542468861511
13144 614.589000 29.2192131643915544714 0.0301893285769541386276 0.626573841144221210797
13145 614.597000 29.219081737410654398 0.0301915664706968907283 0.626579305605399206058
13146 614.604000 29.2189673124542608207 0.0301935706360100981904 0.626584037603561183616
13147 614.611000 29.2188526017844090177 0.0301956198704446988901 0.626588867749467759438
13148 614.618000 29.2187384105936907019 0.0301976005531883612276 0.626593602970116791973
13149 614.625000 29.218623998116470375 0.030199660806438374111 0.626598401948165073527
13150 614.633000 29.2184930672545704056 0.0302018637517882868049 0.626603845844080020733
13151 614.641000 29.2183626344053450907 0.0302041222750158121213 0.626609245437209194662
13152 614.648000 29.2182487586797527968 0.0302061046927138872331 0.626614011203956322582
13153 614.655000 29.2181347487420737252 0.0302081521527551959128 0.626618801165462868674
13154 614.661000 29.2180370775887041646 0.0302098387426350152574 0.626622878778035574676
13155 614.666000 29.217955640827721453 0.0302111634449829559446 0.626626227198627372417
13156 614.671000 29.2178744454702226108 0.0302126526230752472102 0.626629670215988920923
13157 614.676000 29.2177930864859654037 0.0302139736197970971976 0.626633018373943140311
