27856 1222.712000 25.6740395918891088911 -0.0851764004288355774941 13.7084141160379839874
27857 1222.719000 25.6740054139172997338 -0.0848687880207996681037 13.7069614551070753095
27858 1222.727000 25.673997176183984692 -0.0846476389939166684595 13.7054431762956365759
27859 1222.735000 25.6740202512619362096 -0.0845451309185283328418 13.7041413264211673351
27860 1222.744000 25.6740819586578190581 -0.0845387607494190035373 13.7029859584114355187
27861 1222.751000 25.6741546078999469671 -0.0845905054861427613266 13.7023288827119689159
27862 1222.760000 25.6742767416789838819 -0.0847031077389143183254 13.7017919229544222759
27863 1222.769000 25.6744266088828716477 -0.0848440712648453054801 13.7015768608838754972
27864 1222.778000 25.674598131201641138 -0.084995238940443057496 13.7016395426806472102
27865 1222.787000 25.6747845241993957188 -0.0851446136931953145854 13.7019224205338865374
27866 1222.797000 25.6750007229625296645 -0.085299057215844353852 13.7024155266439979783
27867 1222.806000 25.6751965702850739603 -0.085421868355935154371 13.7029468302022312542
27868 1222.815000 25.6753881344823646771 -0.0855251894777889348775 13.7034957314582310772
27869 1222.825000 25.6755912026025328032 -0.0856133668120241525523 13.704061270317088983
27870 1222.834000 25.6757624736653689013 -0.0856664838946854245716 13.704486266802014427
27871 1222.843000 25.6759217671545840744 -0.0856940100674641325185 13.7048057835302099505
27872 1222.852000 25.6760692520025060048 -0.0856969649549718381909 13.7050103723918361709
27873 1222.862000 25.6762206417921134971 -0.0856749281485900820998 13.7051084458225798102
27874 1222.870000 25.6763338673096903619 -0.0856421372254784762923 13.705102672925102425
27875 1222.879000 25.6764541978092353247 -0.0855947046117662979636 13.7050278963687723888
27876 1222.887000 25.6765580330545191146 -0.0855478948105569680926 13.7049216677655021357
27877 1222.896000 25.6766714795398840465 -0.0854957730810074895134 13.7047806029153420582
27878 1222.904000 25.6767724496225362429 -0.0854550322533307038508 13.7046544003703534287
27879 1222.913000 25.676885859960467684 -0.0854192758378260752483 13.7045278921168609543
27880 1222.922000 25.6770021448952654453 -0.0853974951581032565295 13.7044298456471445036
27881 1222.931000 25.6771214044931923581 -0.0853913783951336241573 13.7043654815820801218
27882 1222.939000 25.6772290889103835809 -0.0853985631652617455112 13.7043356400739870793
27883 1222.948000 25.6773548280048444781 -0.0854193108950193347173 13.7043285716013762965
27884 1222.957000 25.6774830157847873124 -0.0854500248569437376167 13.7043403343972851616
27885 1222.965000 25.6775999712400562203 -0.0854829680461337282349 13.7043581115794488312
27886 1222.974000 25.6777343924196124192 -0.0855218993602758076333 13.7043767590254965683
27887 1222.983000 25.6778705442451737895 -0.0855585554243734058844 13.7043849017653105449
27888 1222.991000 25.6779930951128960714 -0.0855862353999218422596 13.7043779866556345581
27889 1222.999000 25.6781175799799363801 -0.0856068542281592931298 13.7043554157014551009
27890 1223.007000 25.6782437814696429257 -0.0856187907321219743295 13.7043169369738322416
27891 1223.015000 25.6783708517751882994 -0.0856219053913591099381 13.7042638536891185908
27892 1223.024000 25.6785152417844315664 -0.0856145046400930004316 13.7041913351232604867
27893 1223.033000 25.678660131823839663 -0.0855968245819914569372 13.7041113907046891995
27894 1223.041000 25.678790615561936761 -0.0855739812543193506533 13.7040406615154335412
27895 1223.049000 25.6789221818934727537 -0.0855470959280938553215 13.7039754005469767151
27896 1223.058000 25.679071439596313553 -0.0855143916251244473603 13.7039145039399272719
27897 1223.067000 25.6792217978012580204 -0.0854822651353560059029 13.7038714300874548968
27898 1223.075000 25.6793567888775875474 -0.0854567913566003645176 13.7038507783755392211
27899 1223.084000 25.6795085175097526076 -0.085433202951170794659 13.7038475494404483612
27900 1223.092000 25.6796449220308424799 -0.0854190143889032582614 13.7038616307867240351
27901 1223.101000 25.6797992521621374351 -0.0854111272853317199383 13.7038933163913636548
27902 1223.109000 25.6799371379884000532 -0.0854115515926486684739 13.7039316882310764356
27903 1223.118000 25.6800933450526933655 -0.0854199153348572243205 13.7039811376405182841
27904 1223.126000 25.6802317095463337182 -0.0854328960463711373219 13.7040255188193818014
27905 1223.135000 25.6803881200335091251 -0.0854523125248914799945 13.7040709089053045489
27906 1223.143000 25.6805269876382844529 -0.0854721922191920696621 13.7041031392547392187
27907 1223.152000 25.680683813058589493 -0.0854955631629736173549 13.7041268381200680437
27908 1223.160000 25.680823905577451427 -0.0855154264779773715111 13.70413494496912854
27909 1223.169000 25.6809814788015344789 -0.0855347965312895780476 13.7041282348454398488
27910 1223.177000 25.6811215060692106249 -0.0855480738677451002516 13.7041088250677631777
27911 1223.186000 25.6812802414955534402 -0.0855579800153155461961 13.7040737807932604397
27912 1223.194000 25.6814221943824811945 -0.0855617968606728063197 13.7040331032146536216
27913 1223.203000 25.6815821652416502729 -0.0855602637778983543537 13.703979826874240544
27914 1223.211000 25.6817258926948888131 -0.0855546559193006428412 13.7039290635901291893
27915 1223.220000 25.6818889626938187121 -0.085544138262155358654 13.7038717702687957711
27916 1223.229000 25.6820534095778683081 -0.0855304635441446053923 13.7038175030190902959
27917 1223.237000 25.6822005128887447256 -0.0855167222485750389005 13.7037743191390699593
27918 1223.246000 25.6823681780326751323 -0.0855011888753733212409 13.7037335686998069662
27919 1223.255000 25.6825373800552299031 -0.0854866394582109584421 13.7037021523784865451
27920 1223.264000 25.6827084190452019641 -0.0854743517754659037911 13.7036805420645908526
27921 1223.272000 25.6828615808620774885 -0.0854659362452778043062 13.7036689240948579283
27922 1223.281000 25.6830350147281052386 -0.0854597967143202047469 13.7036634747949523927
27923 1223.288000 25.6831706402226522812 -0.0854573791038695101951 13.7036637733451716059
27924 1223.297000 25.6833466545023583194 -0.0854577871571271380224 13.7036684149742598038
27925 1223.304000 25.6834838719765308213 -0.0854600195594514000508 13.7036738775930064804
27926 1223.313000 25.6836599403426681931 -0.0854647879596978216066 13.7036814425065411882
27927 1223.320000 25.6837982442105570158 -0.0854701808659779488364 13.7036870060068327604
27928 1223.329000 25.6839758026398961022 -0.085477870952150744599 13.7036918576008233117
27929 1223.336000 25.6841139724182419002 -0.0854838760773457273512 13.7036931554191880878
27930 1223.344000 25.6842726714459104187 -0.0854906727287116224856 13.7036916935336652301
27931 1223.353000 25.6844510463141126877 -0.0854972304610845112993 13.703685389319895549
27932 1223.361000 25.6846093247587141661 -0.0855016154448025311741 13.7036757340412478356
27933 1223.367000 25.6847284463520182385 -0.085503991583364621909 13.7036662271653479905
27934 1223.372000 25.6848278174154884823 -0.0855053418102491025188 13.703656870081053043
27935 1223.376000 25.6849073960419751472 -0.0855060259970250730044 13.7036485221752588615
27936 1223.380000 25.6849872731065751452 -0.0855065273241452927788 13.7036396055976865682
27937 1223.384000 25.6850667292112291307 -0.0855060751257046836038 13.7036299709052169504
27938 1223.388000 25.6851464066903751871 -0.0855058146706924870895 13.7036198034704490567
27939 1223.392000 25.6852269959441201763 -0.0855049113545382905022 13.7036095075118566911
27940 1223.396000 25.6853061786766332375 -0.0855037799869647757722 13.7035984900109006901
27941 1223.400000 25.6853874756004891822 -0.0855025676273550722106 13.7035877851566372243
27942 1223.404000 25.6854667177432709479 -0.0855006778404368700253 13.7035763489542308236
27943 1223.408000 25.6855477658346238456 -0.0854990824306477714689 13.7035652933110458918
27944 1223.412000 25.6856279677412331353 -0.085496826515678636671 13.7035539913988841931
27945 1223.417000 25.6857286367724739762 -0.0854943946246392028065 13.7035399818566059338
27946 1223.421000 25.6858107291016040108 -0.0854924460519105033907 13.7035293864921996487
27947 1223.427000 25.6859322205799927019 -0.0854890505061850075608 13.7035133681018113094
27948 1223.435000 25.6860948772598831624 -0.0854848909470025952739 13.7034931445952494755
27949 1223.443000 25.6862588928919706177 -0.0854812858888784610212 13.7034745499966899018
27950 1223.452000 25.6864439599121503477 -0.0854779651214539748505 13.7034554551201850359
27951 1223.460000 25.6866090177436099395 -0.0854755935799892951898 13.7034402095677414479
27952 1223.468000 25.6867754870080879925 -0.0854742917836399385134 13.703426683867217406
27953 1223.476000 25.686942341402009049 -0.0854736693714290007851 13.7034143354860020736
27954 1223.484000 25.687109374762183478 -0.0854735864705002262864 13.7034030938636224306
27955 1223.489000 25.6872143252446996087 -0.0854739070902587744216 13.7033965750750805768
27956 1223.493000 25.6872983724123535865 -0.0854743031872770286927 13.7033915283706004828
27957 1223.498000 25.6874037368510279578 -0.0854749030222824029979 13.7033854566824508936
27958 1223.506000 25.6875729698894872399 -0.0854762004238685119129 13.7033760952308742986
27959 1223.513000 25.6877205326552520148 -0.085477421891009278121 13.7033676153623904526
27960 1223.521000 25.6878899182986586425 -0.0854785977757634429786 13.7033580203459397495
27961 1223.529000 25.6880598778131599147 -0.0854796005233340872032 13.7033481752678696353
27962 1223.537000 25.6882302399736204279 -0.0854803290205801008517 13.7033378784714443555
27963 1223.545000 25.6884009885086754821 -0.0854809647109198433856 13.7033270045291235562
27964 1223.553000 25.6885712348022359208 -0.085480888198478655049 13.7033153269144740705
27965 1223.560000 25.6887210258026286169 -0.085480824797810522897 13.7033047458940142604
27966 1223.568000 25.6888916194568892593 -0.0854801096286152833903 13.7032918141901145503
27967 1223.576000 25.6890632882763334521 -0.0854793834715959627291 13.703278473695679196
27968 1223.583000 25.6892132323076580747 -0.0854784174335803392797 13.7032663311453095645
27969 1223.591000 25.6893851421324406203 -0.0854773458901539329169 13.7032522094422191117
27970 1223.599000 25.6895566171731566385 -0.0854759679030319685644 13.7032376314626578306
27971 1223.607000 25.6897285089134044256 -0.085474347989842491824 13.7032229382521606453
27972 1223.615000 25.6899012428384736495 -0.0854732199128454134263 13.7032082834620521083
27973 1223.623000 25.6900744484761389685 -0.0854722146452067954581 13.7031937146467619471
27974 1223.630000 25.6902261771239288635 -0.085471381134950744074 13.7031810162354812377
27975 1223.638000 25.6904001031302584579 -0.0854708102551554188553 13.7031667398953480586
27976 1223.645000 25.6905523957619408293 -0.0854703000348989716528 13.7031543555881167862
27977 1223.652000 25.6907043770291245721 -0.0854696889994557840176 13.7031419889988619332
27978 1223.659000 25.690857129074014864 -0.0854693366250392910777 13.7031300006657001944
27979 1223.667000 25.6910324194100176953 -0.0854692907056156941925 13.7031165255617448651
27980 1223.675000 25.6912081389422759514 -0.0854692769829216852928 13.7031033493886056362
27981 1223.682000 25.691361634461571839 -0.0854691644622250501495 13.7030917412919261977
27982 1223.690000 25.6915384277591662965 -0.0854694623348600801549 13.7030789371000771837
27983 1223.697000 25.6916929375667635327 -0.085469387882146100055 13.7030676979463166276
27984 1223.705000 25.6918692059391524651 -0.085469207342208822209 13.7030547945809058064
27985 1223.712000 25.6920240551808340967 -0.0854690111010689840265 13.7030436370740691387
27986 1223.720000 25.6922009068059864489 -0.0854683904003017830275 13.7030308414703281272
27987 1223.728000 25.6923784782877611121 -0.0854680724634555993857 13.7030181155189030306
27988 1223.735000 25.6925340497290939368 -0.0854677488561638720732 13.7030069453400251689
27989 1223.742000 25.6926894029654917517 -0.0854671125940876241778 13.7029957097944876665
27990 1223.750000 25.6928675769474210711 -0.0854665284794699359194 13.7029828542995293361
27991 1223.758000 25.6930450687015934363 -0.0854658690860591457872 13.70296968336448451
27992 1223.765000 25.6932010237762931126 -0.0854651926875710371556 13.7029582586288700696
27993 1223.773000 25.6933792153414479742 -0.0854643324229470147113 13.7029450859268617791
27994 1223.780000 25.6935354437571845665 -0.0854636510783655933832 13.7029335538874725842
27995 1223.788000 25.6937148211943942044 -0.0854628986356139458413 13.7029206039130428962
27996 1223.795000 25.6938710214074177429 -0.0854621964380947035655 13.7029088853368197221
27997 1223.803000 25.6940500807530263216 -0.0854616528983982992607 13.7028956065844322865
27998 1223.811000 25.6942296533141067982 -0.0854611506863714315285 13.7028823878251433399
27999 1223.818000 25.6943863743411817779 -0.085460655701277241092 13.7028706861994944433
28000 1223.826000 25.6945655790837328425 -0.085460193705354209337 13.7028572427565613623
28001 1223.833000 25.6947228382585706186 -0.0854598532080957928869 13.7028455630936356613
28002 1223.841000 25.6949033624609519677 -0.0854596332356415688825 13.7028323290051918804
28003 1223.847000 25.6950385435820898294 -0.0854593156247386437352 13.7028224788250021504
28004 1223.855000 25.6952185738883969179 -0.0854588612403155145625 13.7028090979761980606
28005 1223.862000 25.6953765772973063974 -0.0854587305154470011637 13.702797457097211975
28006 1223.869000 25.6955346366252470602 -0.0854583456486874282199 13.7027858826957853466
28007 1223.877000 25.6957156703989006985 -0.0854581351111832893119 13.7027726368795939038
28008 1223.885000 25.6958969446250833357 -0.0854578332251462596814 13.7027594957054841274
28009 1223.892000 25.6960551497062432702 -0.0854573995574823275234 13.7027477748588015771
28010 1223.900000 25.6962371613318154573 -0.0854572889773311666906 13.702734708956258558
28011 1223.908000 25.6964183450184968649 -0.0854567426845975197658 13.7027214012261175924
28012 1223.915000 25.696577298419899904 -0.085456279647691660295 13.7027098266933986537
28013 1223.923000 25.696758732264790126 -0.0854554155777502433278 13.7026965612209714607
28014 1223.931000 25.6969407923778376812 -0.0854549327544864845141 13.7026833949499948773
28015 1223.939000 25.69712288659152577 -0.0854544247516618726834 13.7026702856037196909
28016 1223.947000 25.6973047487028836144 -0.0854536357480016051102 13.7026570551750008775
28017 1223.954000 25.6974645463852269245 -0.0854532595055323418443 13.7026456468495201335
28018 1223.962000 25.6976468893576743824 -0.0854526778113930823855 13.7026324301520450177
28019 1223.970000 25.6978288676138824087 -0.0854519627085060656801 13.702619189595116822
28020 1223.977000 25.6979887509202171714 -0.0854515942616526497089 13.7026077690790017982
28021 1223.985000 25.6981710678529360337 -0.0854508477890820183909 13.7025945499186061483
28022 1223.993000 25.6983538821776846817 -0.0854504145634897432915 13.7025814036479758329
28023 1224.001000 25.6985368493552641667 -0.0854499449992205811766 13.7025683544382044232
28024 1224.009000 25.6987193238793238947 -0.0854493074124051260609 13.7025550920294918456
28025 1224.017000 25.6989022069408967752 -0.0854488981532338237601 13.7025418888859622513
28026 1224.025000 25.6990856365104640702 -0.0854485321300139794021 13.7025288921955450405
28027 1224.033000 25.6992687281890468398 -0.0854481607322673808458 13.7025156401077055079
28028 1224.041000 25.6994516241415880131 -0.0854475526633911575125 13.7025024362412501944
28029 1224.049000 25.6996352910616039367 -0.0854472251776547120361 13.7024894022860284082
28030 1224.057000 25.6998187397825397227 -0.0854468095015998435615 13.7024761696871024697
28031 1224.065000 25.7000018136650254519 -0.0854462437962361931465 13.7024629040920338241
28032 1224.073000 25.700185402160300896 -0.0854458669379606627903 13.7024497115521182167
28033 1224.081000 25.7003693998256359521 -0.0854454482893848288327 13.7024366007154103642
28034 1224.088000 25.7005298930427166226 -0.0854449595930360100704 13.702425003062552733
28035 1224.096000 25.7007138826389081032 -0.085444510906792878191 13.7024119038936458281
28036 1224.104000 25.7008973485642506773 -0.0854438573037727272519 13.7023985904744325381
28037 1224.111000 25.7010582847257360584 -0.0854435276495595502633 13.7023870086672516777
28038 1224.120000 25.7012655303719661504 -0.0854429561400652792802 13.7023722980580515696
28039 1224.130000 25.7014952129283287263 -0.0854422564975746701155 13.7023556695772281699
28040 1224.139000 25.7017025813585711091 -0.0854416669151509267088 13.7023409746145254928
28041 1224.148000 25.7019095649374698098 -0.0854410862038793988971 13.7023261077121549789
28042 1224.157000 25.7021168825703369976 -0.0854404567087512917256 13.7023112860895874832
28043 1224.166000 25.7023239982602191844 -0.0854398928598138068802 13.7022964422481212665
28044 1224.174000 25.702507883259720245 -0.0854391811587971727882 13.7022832516412691461
28045 1224.183000 25.702715394635387014 -0.0854388431450176233373 13.7022685305759317487
28046 1224.192000 25.702922087599425538 -0.0854380865640844422426 13.7022535329164298901
28047 1224.199000 25.7030833531243985135 -0.0854376169431759480144 13.7022420339028023761
28048 1224.204000 25.7031989274112753208 -0.0854371740710376664785 13.7022339570297315703
28049 1224.209000 25.7033141063867098808 -0.0854368491116285211362 13.7022257632595199084
28050 1224.214000 25.7034293511288858269 -0.0854365321132749822031 13.7022175767468770147
28051 1224.220000 25.7035672892240825149 -0.0854362604000660913472 13.7022076050608472286
28052 1224.226000 25.7037057301856854963 -0.0854359589103516198216 13.7021977965918253517
28053 1224.234000 25.7038899285888540192 -0.0854353795598486176477 13.7021846204139041703
28054 1224.242000 25.7040750177333841009 -0.085434869193388426889 13.7021717615457259143
28055 1224.251000 25.7042824127988644989 -0.0854343499098742520381 13.7021569603448618579
28056 1224.259000 25.7044666149008413925 -0.0854336789970032983721 13.7021437622471680129
28057 1224.268000 25.7046741483227378922 -0.0854331865378801930122 13.7021289438040358988
28058 1224.276000 25.7048587399574763879 -0.0854327410035413126188 13.7021158199509702769
28059 1224.284000 25.7050434734062740461 -0.0854323188726397592108 13.7021027021419783409
28060 1224.293000 25.7052509162748776816 -0.085431857055489349162 13.7020878805416987944
28061 1224.301000 25.7054349188199005027 -0.0854312566576530263429 13.7020745169443252109
28062 1224.309000 25.7056199336294675106 -0.0854306548559961853595 13.7020615301391739393
