28673 730.828000 -0.304201573535298530615 -0.0200232971874811510604 -0.0508615881253387316918 -0.0225108702418787449961 -0.0419306182097705787415 0.998866900030979998348 2.96096198623562978369
28674 730.832000 -0.304201119948453446717 -0.0200233216666846867982 -0.050862985488944897905 -0.0225148599614638823818 -0.0419330775539865641122 0.998866706867221121335 2.96096330676627861322
28675 730.839000 -0.304200236974311144511 -0.0200232886083968400492 -0.0508648422390639495805 -0.0225212683344465681989 -0.0419365994694394297881 0.998866414540777181053 2.96096547134863641304
28676 730.845000 -0.304199396093471519098 -0.0200231846560160187121 -0.0508660625323303083878 -0.0225263841948156427752 -0.0419401319334955779983 0.998866150867326441087 2.96096783403134589108
28677 730.851000 -0.304198528922861477497 -0.0200231193792994935365 -0.0508668568710754845363 -0.0225312245148917809912 -0.0419430330748881141645 0.998865919880310260126 2.96097040359757279759
28678 730.859000 -0.304197320547557881198 -0.0200231480379557055804 -0.0508676047568620975925 -0.0225379503352741983324 -0.0419451146373729794048 0.998865680736275129981 2.96097379932596105334
28679 730.866000 -0.304196299155481186816 -0.0200234645935466956668 -0.0508675680466593310713 -0.022543185461158476296 -0.0419460073307293956901 0.998865525112501817517 2.96097751598953662366
28680 730.873000 -0.304195223737394160324 -0.0200239826033326191734 -0.0508676127151977755525 -0.0225490255234291961384 -0.0419449895697953864526 0.998865436031267095451 2.96098101446023687089
28681 730.881000 -0.304193915378815626926 -0.0200247670780614173136 -0.0508679790998763647902 -0.0225563765283545089591 -0.0419422416713268464417 0.998865385445654063723 2.96098472335972440206
28682 730.888000 -0.304192767085572690622 -0.020025796999549018429 -0.050868205658334011976 -0.022562457106641543858 -0.0419385749425219001019 0.998865402074324282289 2.9609881571090705954
28683 730.895000 -0.304191609595752365802 -0.0200271790582909857414 -0.0508684506190031013317 -0.022568108499084235663 -0.0419337756843179559896 0.998865475895343357671 2.96099177124869417099
28684 730.903000 -0.304190192311466156561 -0.0200286369397724879626 -0.0508695290598875776711 -0.0225748211487798271235 -0.0419285262900941854691 0.998865544572061780926 2.96099505035783172602
28685 730.910000 -0.304188965231327157479 -0.0200302850695657924662 -0.0508705077723530310618 -0.0225797400940033997363 -0.0419233381885108016829 0.998865651152555544812 2.96099828871231762761
28686 730.918000 -0.304187551832698688248 -0.020031865739260114323 -0.0508721519771871341642 -0.0225846948591116453153 -0.0419187063332763648615 0.998865733528518484619 2.96100103722059904143
28687 730.926000 -0.304186181336837002664 -0.0200335288853469677128 -0.0508739709523026856219 -0.0225884081933401294207 -0.0419146983795347580215 0.998865817752837004129 2.96100379453173490063
28688 730.934000 -0.304184882371500431297 -0.0200350417607235639639 -0.0508759428297062138435 -0.0225908794470265142373 -0.0419119515220804927935 0.998865877125363010869 2.96100623848773603086
28689 730.941000 -0.30418380560188928996 -0.0200363098367968110736 -0.0508778050151179050964 -0.0225922099476096038817 -0.0419105769023293550646 0.998865904710635743591 2.96100846935772032964
28690 730.949000 -0.304182761191540473877 -0.0200372738562357571857 -0.0508795795185996296839 -0.0225921486095034713959 -0.0419105410519875071218 0.998865907602184410763 2.96101002591564510524
28691 730.957000 -0.304181824599147221377 -0.0200381830421055041891 -0.0508813742451295486502 -0.0225914011769113402817 -0.0419116957622548136353 0.998865876057039026037 2.96101202420043740915
28692 730.964000 -0.304181228568186190486 -0.0200387646256600729378 -0.0508825279183458684118 -0.0225897543259185838715 -0.0419136445225785220225 0.99886583153210806163 2.96101385948671991244
28693 730.969000 -0.30418087414680655689 -0.0200390495252841249751 -0.0508831559624275675535 -0.0225881903964789791661 -0.0419153956528140539395 0.998865793418655778524 2.96101490115554222271
28694 730.974000 -0.304180574579095419629 -0.0200393028356591444694 -0.0508836933263370483349 -0.022586475350973377052 -0.0419175110176839144094 0.998865743431669783625 2.96101612785445222897
28695 730.980000 -0.304180358448417509365 -0.0200393303736976641227 -0.0508838858929352294558 -0.022583888284231211363 -0.0419200064741221053999 0.998865697202168778546 2.96101679915971605084
28696 730.985000 -0.304180245362351442395 -0.0200394350395371421969 -0.0508839554269031185685 -0.0225816630027924000745 -0.0419223945567813727209 0.998865647287288438427 2.96101801865775415834
28697 730.991000 -0.304180208661490147914 -0.0200393909438059368566 -0.050883722351273863449 -0.0225788501733216705192 -0.0419251624870437128445 0.998865594699950509749 2.96101906753450494492
28698 730.998000 -0.304180296248246551105 -0.0200392312952897624911 -0.0508831698646493024718 -0.0225755933828562516119 -0.04192815667133823615 0.998865542634020386892 2.96102014212021824591
28699 731.003000 -0.304180426325901365203 -0.020039222068010210942 -0.0508825666657374831026 -0.0225732396634815216108 -0.0419304042951015934482 0.998865501479925921302 2.96102151461246032582
28700 731.009000 -0.304180643680551199282 -0.0200390626508856507793 -0.0508817871118149508969 -0.0225707631321985409401 -0.0419326154135324022376 0.998865464622844423381 2.96102266855764240105
28701 731.014000 -0.304180885523138988535 -0.0200390303455306659219 -0.0508810061967867877097 -0.0225687530140105813148 -0.0419343058959665976326 0.998865439073960637018 2.96102409435988445097
28702 731.022000 -0.304181312775643364343 -0.0200390208029871119688 -0.0508796601269847909021 -0.0225660618000098345259 -0.0419366167232365777418 0.998865402860989459732 2.96102659498119313852
28703 731.031000 -0.30418182474874660981 -0.0200390608928351018903 -0.0508782270920837137451 -0.0225640275828145712989 -0.0419384801254034031426 0.998865370580046207927 2.96102958318983500163
28704 731.038000 -0.304182239194912162894 -0.0200393655904617697117 -0.0508770410846373227765 -0.0225628089871837828051 -0.0419394002950239166982 0.99886535947218713094 2.96103278149450144241
28705 731.046000 -0.304182648932923016538 -0.0200397473574087346682 -0.0508759932612680154662 -0.0225624432029223644103 -0.0419399302879585322845 0.998865345481639965719 2.96103641532570183159
28706 731.054000 -0.30418297128127136375 -0.0200402689490786871385 -0.0508752440856666959812 -0.022562937379254754261 -0.0419399352665871319457 0.998865334109986235944 2.9610403666940414702
28707 731.062000 -0.304183176482500039484 -0.0200409175575659501134 -0.0508748464461271573955 -0.0225642596354487696975 -0.041939521360325450472 0.998865321620072355024 2.9610445279740709168
28708 731.070000 -0.304183245161627924258 -0.020041681183367240221 -0.0508748305125159977491 -0.0225663223733296794404 -0.0419387794859054294228 0.99886530616984370301 2.96104886942556744245
28709 731.078000 -0.304183183139714985455 -0.0200424451490511731921 -0.0508751694060906103911 -0.0225689369779964454921 -0.0419378325791485428997 0.998865286854161649188 2.96105301075186888582
28710 731.086000 -0.30418295594225891465 -0.0200433588068333889964 -0.050875851196559948586 -0.0225720459274818749384 -0.041936760588821613005 0.998865261611376453743 2.96105739477012885885
28711 731.094000 -0.304182586295128509768 -0.0200443074652708712324 -0.0508768315426149919656 -0.022575431329798400365 -0.0419356456945145505966 0.998865231910920692293 2.9610616856816500686
28712 731.103000 -0.304182041337626996036 -0.0200454128933872620377 -0.0508781967262923948137 -0.0225792959355445924108 -0.0419344142513303902442 0.998865196258460708023 2.96106643618621001579
28713 731.110000 -0.304181506417669167419 -0.0200463464539497523975 -0.050879455096889208976 -0.0225823669123906833889 -0.0419335802889514719372 0.998865161845573612531 2.96107024371510840766
28714 731.119000 -0.304180781396049149112 -0.020047282949860769502 -0.0508809576101474092535 -0.0225857781804009553894 -0.041932743084360804553 0.998865119864242201331 2.96107412321849139403
28715 731.127000 -0.304180102428499854472 -0.0200481757062878490627 -0.0508823228089637369376 -0.0225884298936605797115 -0.0419321509266916414571 0.998865084760499621908 2.9610777186748262757
28716 731.135000 -0.304179421042385933482 -0.0200490099402558900887 -0.050883574753638180499 -0.0225906056058025779543 -0.0419318130607516451058 0.998865049739854127253 2.96108107418546273593
28717 731.143000 -0.304178774922213512877 -0.0200497912209629119973 -0.0508846593150539122652 -0.0225921994065305560551 -0.0419316795778025483421 0.998865019296281131389 2.96108426310634653689
28718 731.148000 -0.304178391028646688543 -0.020050448136731752885 -0.0508852819338436596075 -0.0225929293430234823248 -0.0419317062840743395857 0.998865001665293683608 2.96108687467569797747
28719 731.154000 -0.30417798599149070693 -0.0200509760611395568275 -0.0508858235973231598503 -0.0225934307887911169088 -0.0419318514849256404609 0.998864984227717411791 2.96108913068271117908
28720 731.159000 -0.304177706417669058148 -0.0200513277989388394307 -0.0508861732734412972046 -0.0225935607828831874766 -0.041931986425336444102 0.998864975622619111206 2.96109077251949148746
28721 731.164188 -0.304177431703403278185 -0.0200518146255319051896 -0.0508864360094196804818 -0.0225935526417981660807 -0.0419322783521505204618 0.998864963551740592251 2.9610929094609796941
28722 731.170000 -0.304177183614532276046 -0.0200522085591218514333 -0.0508866465116054461637 -0.0225932914293328970801 -0.041932629726782973123 0.998864954709387187215 2.96109490763979588124
28723 731.175000 -0.304177011875066183322 -0.0200525940503002500503 -0.0508867245515078753249 -0.0225928974321254368018 -0.0419329939199811277395 0.998864948332119806373 2.96109681233002230982
28724 731.181000 -0.304176865944833396682 -0.0200530582807781423971 -0.0508867194025816177438 -0.0225922411834202190029 -0.0419334713068882855569 0.998864943134187943663 2.9610991980018308567
28725 731.187000 -0.304176774922623738284 -0.0200534232854466080986 -0.0508866552044372477681 -0.0225915000144763754297 -0.0419339653056659891761 0.998864939158863207602 2.96110133857933721657
28726 731.191000 -0.30417673183607013554 -0.0200538895012229781423 -0.0508864780070829164638 -0.0225908291484635814772 -0.0419343808665762762811 0.998864936885724308269 2.96110356079088399284
28727 731.197000 -0.30417671982735045022 -0.0200543380836795646915 -0.050886265757158030687 -0.0225899176612507635031 -0.0419349312514974148502 0.998864934393529635415 2.96110612131226202948
28728 731.203000 -0.30417673819894847087 -0.0200546920095240714665 -0.0508860508421322479955 -0.0225891165325536116826 -0.041935526004597163674 0.998864927541755487361 2.96110843106477794606
28729 731.210000 -0.30417680750881170848 -0.020055228634524038811 -0.0508857333338821465896 -0.0225881288049960202158 -0.041936188475306557244 0.998864922065667681927 2.96111165569407353004
28730 731.218000 -0.304176916143575670759 -0.0200558450369065950636 -0.0508853728601072682891 -0.0225871652085610878646 -0.04193692715991960418 0.998864912842685082062 2.96111543131266063966
28731 731.225437 -0.30417702873215685111 -0.0200564051337840179579 -0.050885091809178516209 -0.022586509643248035839 -0.04193752481108603547 0.998864902574344570851 2.96111888027985692418
28732 731.233000 -0.304177165574673447068 -0.0200569795625863446509 -0.0508848543154981208803 -0.0225860381607147255034 -0.0419381114639710769754 0.998864888604579226339 2.96112266686565250851
28733 731.240000 -0.304177260458774412211 -0.0200576633959390279727 -0.0508846969760482076284 -0.0225858445725953989325 -0.0419385842357465135621 0.998864873132118802346 2.96112659680222156666
28734 731.247000 -0.304177335872537590866 -0.020058273160782152944 -0.050884638512614363548 -0.0225859304574667386911 -0.0419389786227611291447 0.998864854631220877579 2.96113027710503962098
28735 731.255000 -0.304177388513516389068 -0.0200588932486643299613 -0.0508846711834526482798 -0.0225863320790134734783 -0.0419393455199542491973 0.998864830144987503324 2.96113419393477750319
28736 731.262000 -0.304177383435172088433 -0.020059624038675255564 -0.0508848120453845170763 -0.0225869190005099085283 -0.0419395839839784290159 0.998864806860926157661 2.96113821708425017931
28737 731.269000 -0.304177346313820373691 -0.0200602737175237556821 -0.0508850259964337275909 -0.0225876882116800049849 -0.0419397388262862103048 0.99886478296535952115 2.96114191139932358965
28738 731.277000 -0.304177260333975962858 -0.0200609279964397702045 -0.0508853376745097424338 -0.0225887329869798834936 -0.0419398281347668211438 0.998864755589098485267 2.9611457484952055097
28739 731.284000 -0.304177139057212997386 -0.0200615919599212121083 -0.0508856921983808566101 -0.0225897823684180938664 -0.0419398449933908248899 0.998864731149557649736 2.96114934598863532855
28740 731.291000 -0.304176972299820880252 -0.0200623519317472132073 -0.050886118229585122763 -0.0225909355352878551959 -0.0419398186241752915504 0.998864706176673111671 2.96115319536472654249
28741 731.299000 -0.304176772907991499473 -0.0200630310630055090637 -0.050886591863294403093 -0.022592192229799221842 -0.0419397039486910580552 0.998864682568639028482 2.96115687923849169039
28742 731.306000 -0.304176559354260689361 -0.0200636971352037007943 -0.0508870430092314141035 -0.022593326876885266169 -0.041939602591755532901 0.998864661160399514017 2.96116026589624992127
28743 731.312000 -0.304176338817520430791 -0.0200644416624723154197 -0.0508874659324129868798 -0.0225943321757680302964 -0.0419395338118389443549 0.998864641308909617656 2.96116369427317982499
28744 731.320000 -0.304176089067083821327 -0.0200650190312825354999 -0.0508879370163618366396 -0.0225954266970968820072 -0.0419393759931036488875 0.998864623176576982289 2.96116684798148721569
28745 731.327000 -0.304175837673435534025 -0.0200657649442650826144 -0.0508883685822392461962 -0.0225963557258258701532 -0.04193927488612585186 0.998864606405661881183 2.96117036718780335391
28746 731.334000 -0.304175597543278997126 -0.0200664132245180967806 -0.0508887571677769101619 -0.0225971580702337242197 -0.0419391957895690059566 0.998864591575691407321 2.96117354084852868468
28747 731.341000 -0.304175365394335373015 -0.0200670559969379699861 -0.0508891118521218599469 -0.0225978443826411988515 -0.0419391481973575980247 0.998864578047363838031 2.9611766900823588422
28748 731.349000 -0.30417512107688055023 -0.020067791325713797701 -0.0508894697585492369885 -0.0225984702938667493533 -0.0419391313989502939608 0.998864564592156778389 2.96118029350204592376
28749 731.356000 -0.304174919321861692012 -0.0200684234360383358109 -0.0508897449112442057384 -0.0225989139084832486859 -0.0419391715745039278529 0.998864552868806709895 2.96118343516360482681
28750 731.364000 -0.3041747123616321824 -0.0200690455832914851908 -0.050890017167068112014 -0.0225993341560737463769 -0.0419392959352438143839 0.998864538139260238481 2.96118672180923825366
28751 731.371000 -0.304174544687188130876 -0.0200697609297678311591 -0.0508902176953638235579 -0.0225995734059833697227 -0.0419394366334913185068 0.998864526818693865273 2.96119021239974911097
28752 731.378000 -0.304174401877942202077 -0.0200703835750080834821 -0.0508903916395878411216 -0.0225997558764140585308 -0.0419396165955233587996 0.998864515134133212904 2.96119343415347469062
28753 731.382562 -0.304174285745422268157 -0.0200707494079846310298 -0.0508904868739979768244 -0.0225998779880381660268 -0.0419398361331758673387 0.998864503153479854625 2.96119543869169143946
28754 731.388000 -0.304174220452802956949 -0.020071356934911778469 -0.050890599140968613423 -0.0225999315871074982209 -0.0419399485124340859477 0.998864497222237135432 2.96119840093188502195
28755 731.394000 -0.304174140867916165121 -0.020071801148680255833 -0.0508907124622501039202 -0.0226000111074222791163 -0.0419401455124719241274 0.998864487151453817049 2.96120095001625793785
28756 731.401000 -0.304174055444237145807 -0.020072333860848095427 -0.0508908353487799447468 -0.0226001167629255456104 -0.0419404208517884860563 0.998864473199981728335 2.96120400675742567742
28757 731.407000 -0.304173969677087985275 -0.0200730415354513705428 -0.0508909281235054161696 -0.0226002021992104951131 -0.0419407089215547215777 0.998864459171369345469 2.96120748467098948709
28758 731.415000 -0.304173902817474195448 -0.0200735827275698164307 -0.0508910625717721998296 -0.022600338355211906094 -0.041941018746643347892 0.998864443081604380659 2.96121083172233623415
28759 731.421000 -0.304173833254560377348 -0.0200742043861616738243 -0.0508911627381066489217 -0.0226004835037674073339 -0.0419413076119509731221 0.998864427668337606647 2.96121406355709515523
28760 731.429000 -0.304173762881653875212 -0.0200749295310584420504 -0.0508913066491761684196 -0.0226006819340940946772 -0.0419416212896558809886 0.998864410007538894298 2.96121806896419004218
28761 731.437000 -0.304173689976618588648 -0.0200755581927750809124 -0.0508914592859910780431 -0.0226009806156440423708 -0.0419419497882947064915 0.998864389455929702066 2.96122174029788620686
28762 731.444000 -0.304173612815191285463 -0.0200762832939458298054 -0.0508916133114075686095 -0.0226012762941332039091 -0.0419422154696716467659 0.998864371609765600013 2.96122554296924800354
28763 731.452000 -0.304173528905281542745 -0.0200769134860013381827 -0.0508917958106784099059 -0.0226016799944080207241 -0.0419424774631777588785 0.998864351474053280278 2.96122919980359311509
28764 731.458000 -0.304173448134851365232 -0.0200776486538205983789 -0.0508919589402364591635 -0.0226020126580000375871 -0.0419426640564593763982 0.998864336111593642542 2.96123282698690148962
28765 731.465000 -0.304173366107958809135 -0.0200781949523899660992 -0.0508921410444151123276 -0.0226024381702307312902 -0.0419428381092821073173 0.998864319174581072325 2.96123598233870621854
28766 731.472000 -0.304173268885616798762 -0.0200788335186700035717 -0.0508923416728564309564 -0.0226029018977721568584 -0.0419429940110335602865 0.99886430213477450657 2.96123942698742004254
28767 731.480000 -0.304173143627298969704 -0.0200795581218323436479 -0.0508925851933528239357 -0.0226034751389458006543 -0.0419431487054525084512 0.9988642826672274877 2.96124331094327120084
28768 731.487000 -0.304173029647407222598 -0.0200801958609010400281 -0.0508928065523673173187 -0.0226039901389735974069 -0.0419432575579136851518 0.99886426644225667637 2.96124670260878364303
28769 731.491000 -0.304172956656496351613 -0.0200806521728211472 -0.050892940063458652622 -0.0226042887414794196888 -0.0419433130110460766771 0.99886425735639838841 2.96124893388131216199
28770 731.497000 -0.304172854886913257566 -0.0200812062263879612112 -0.0508931384925777607897 -0.0226047338755936029486 -0.0419433793485862529971 0.998864244497336128958 2.96125184179517919603
28771 731.502000 -0.304172761627646337512 -0.0200816573643686976935 -0.0508933087308635276336 -0.0226051068429719455299 -0.0419434200194197873146 0.99886423434903914842 2.9612542278994027356
28772 731.507000 -0.304172665625732863148 -0.0200821080428993312128 -0.0508934766810998917563 -0.0226055025608270371285 -0.0419434918812219559303 0.998864222375985488789 2.96125658821266313225
28773 731.512000 -0.304172567424272233261 -0.02008255539491336783 -0.0508936449552272324182 -0.0226058831549228005098 -0.0419435430759791741395 0.998864211612879526747 2.96125892200004825483
28774 731.518000 -0.30417246091970906452 -0.0200830155265608011061 -0.0508938455220639615617 -0.0226063189601249554805 -0.0419435933611862696302 0.998864199638281324845 2.96126147740144984866
28775 731.523000 -0.30417236008288794924 -0.0200834632971587032091 -0.0508940183178523963825 -0.0226066761629467177785 -0.0419436281338588026757 0.998864190093844750429 2.9612638255419829747
28776 731.529000 -0.30417223400388271326 -0.020083993792521803029 -0.0508942215688605870128 -0.0226071290053916282292 -0.0419437181259408944922 0.998864176065948017325 2.96126659317274176786
28777 731.536000 -0.304172093322436609686 -0.020084621480328621046 -0.0508944572121403787657 -0.0226076140339114273203 -0.0419438014189556299116 0.99886416159066437892 2.96126986285474202987
28778 731.542312 -0.304171977637081425438 -0.0200851635746819474904 -0.0508946552671015323144 -0.0226080058009704501498 -0.0419438757058614719586 0.998864149604176354558 2.96127268733830995018
28779 731.550000 -0.304171821897883165597 -0.0200857827108443416642 -0.0508949132765795370092 -0.0226085276803228082954 -0.0419439953402568829754 0.998864132768328305545 2.96127609497664856519
28780 731.557000 -0.304171678976613957257 -0.0200864988665227853226 -0.0508951421656434893626 -0.022608957838731548462 -0.0419441197432632376096 0.998864117808027529577 2.96127967688634585741
28781 731.565000 -0.304171539477585572975 -0.0200871314566919319244 -0.0508953900212442689188 -0.0226094052604657522187 -0.0419442422397548544954 0.998864102536827114243 2.96128316834584381922
28782 731.572000 -0.304171410250209384163 -0.0200877565310324211756 -0.0508956040564623873879 -0.02260979936028230039 -0.0419443881411524846503 0.998864087489560237287 2.96128646503099801635
28783 731.579000 -0.304171278049535587229 -0.0200884721411880018405 -0.0508958164276609795196 -0.0226101781063755141732 -0.0419445499274251829003 0.998864072122620516581 2.96129007628556983889
28784 731.587000 -0.304171151166857001158 -0.0200891055962743730889 -0.0508960444092592945164 -0.0226105849950008867821 -0.0419447251082694858026 0.998864055555997998326 2.96129358932933461901
28785 731.594000 -0.304171033065933071882 -0.0200897325081227373644 -0.0508962450052168058345 -0.0226109457058897289627 -0.0419449002010199509249 0.99886404003818851649 2.96129692395481658451
28786 731.602000 -0.304170890885684164218 -0.0200905344607982955241 -0.0508964740537315232793 -0.0226113756017566891465 -0.0419451387086282045935 0.998864020291105547678 2.96130102818974405565
28787 731.609000 -0.304170779076864072898 -0.0200911632163863311529 -0.0508966681840452572771 -0.0226117283224040628575 -0.0419453217040886977562 0.998864004621957790597 2.96130438369624160444
28788 731.617000 -0.30417065580298513483 -0.0200917850143390447348 -0.0508968843744510776594 -0.022612143863740680888 -0.0419455336436250839083 0.998863986315072227562 2.96130789477662537124
28789 731.625000 -0.304170538064158335612 -0.0200925113810988160978 -0.0508971026131602374831 -0.0226125279124499180272 -0.0419457179392574153187 0.998863969881769730996 2.96131177591420069461
28790 731.632000 -0.304170425212835326967 -0.0200932309814527629288 -0.0508972951094789766158 -0.0226128855831221470263 -0.0419458991343590881229 0.998863954175649992884 2.96131544169520521947
28791 731.640000 -0.304170301044420166026 -0.0200939489289734818378 -0.0508975117922943892657 -0.0226133207331394858741 -0.0419461146741936519167 0.998863935273047842678 2.96131927603012279349
28792 731.648000 -0.304170182432302982356 -0.0200945739732978669034 -0.0508977260566065847769 -0.0226137557183931289795 -0.0419463026850095954678 0.998863917529993816657 2.9613227883051633782
28793 731.655000 -0.30417006902232202048 -0.0200952951915759625567 -0.0508979219256052439757 -0.0226141359363635323365 -0.0419464672408020808336 0.998863902011614346321 2.96132644854251303457
28794 731.663000 -0.304169951851962272471 -0.0200960234165285731023 -0.0508981428715614137026 -0.0226145547274935881932 -0.0419466158041330444695 0.998863886291349256652 2.96133031220044395937
28795 731.671000 -0.304169833046763704587 -0.0200967490440040891242 -0.0508983630351304006112 -0.0226149894677402131526 -0.0419467722701850759259 0.99886386987791653258 2.96133414148295726065
28796 731.679000 -0.304169709038322855221 -0.0200973719410373306837 -0.050898583371654759766 -0.02261547202697920117 -0.0419469520995055800139 0.998863851400459190621 2.96133762026266422751
28797 731.686000 -0.304169590000952838604 -0.0200980875047323953586 -0.050898786973501655706 -0.0226158795141649660021 -0.0419470931125604726275 0.998863836252573022989 2.96134123529510828732
28798 731.694000 -0.304169455119552067934 -0.0200987932177897135611 -0.0508990164141431347677 -0.0226163597980747095584 -0.0419472513205671818093 0.998863818734132213883 2.96134497997723800111
28799 731.702000 -0.304169328326125198991 -0.0200995113413073023256 -0.050899248444934860891 -0.0226168107674372467764 -0.0419473768571718835796 0.998863803251230253366 2.96134877745613822597
28800 731.710000 -0.304169191433218744081 -0.020100219303622064021 -0.0508994820949230097895 -0.0226173041936505274385 -0.0419475436661760903156 0.998863785073513588131 2.96135252145413208069
28801 731.718000 -0.304169058797839175767 -0.0201008339005914124509 -0.050899713781702757287 -0.0226177894561256920269 -0.0419476909206214707004 0.998863767901582377817 2.96135594384699674109
28802 731.726000 -0.304168921395792324347 -0.0201016413211529791638 -0.0508999559107649462986 -0.0226182437474802683353 -0.0419478212453875051735 0.998863752141674554608 2.96136003077026010999
28803 731.734000 -0.304168790179289050268 -0.0201023563186487341792 -0.0509001908067406444447 -0.0226187028680667479019 -0.0419479633124231199304 0.998863735779063066644 2.96136378859391413698
28804 731.742000 -0.304168655354994377227 -0.0201029701011083972162 -0.0509004233700875718949 -0.0226191991062271724466 -0.0419481376901503361099 0.998863717218780977625 2.96136720923058760491
28805 731.749000 -0.304168528488553469025 -0.0201036774873803586461 -0.0509006362611514745486 -0.0226196117280438244168 -0.0419482818022820572179 0.998863701822780725159 2.96137078043801338367
28806 731.757000 -0.304168393475045539809 -0.0201042878179741937861 -0.0509008693350649493725 -0.0226200892139671629055 -0.041948445513074805735 0.998863684134621565569 2.96137419400862089702
28807 731.765000 -0.304168262416217138888 -0.0201050011056563525391 -0.0509011060598396694599 -0.0226205296353974710799 -0.041948586513645871876 0.998863668239325486198 2.96137797183142481572
28808 731.772500 -0.304168137436476915259 -0.0201057079869210453271 -0.0509013151132009442068 -0.0226209300719317947526 -0.0419487357762261120486 0.998863652902365450892 2.96138154499857053636
28809 731.780000 -0.304167999777514075355 -0.0201064128380305240373 -0.0509015488587220774064 -0.022621402574494839377 -0.0419489232613024648488 0.998863634327919580613 2.96138528286258173594
28810 731.788000 -0.30416786881631147077 -0.0201070265159487109041 -0.0509017776882531094995 -0.0226218623906324356465 -0.0419490922765192938981 0.998863616816207500193 2.96138871075781828779
28811 731.796000 -0.304167741861610663179 -0.0201077446890377473099 -0.0509020107852886163902 -0.0226222892159004922152 -0.0419492401303655504385 0.99886360094014681188 2.96139250968424461163
28812 731.804000 -0.304167616291792508587 -0.0201084620407692843402 -0.0509022373127731020404 -0.0226227177720388535065 -0.0419494000755277415826 0.998863584516879843278 2.9613962865337093433
28813 731.811000 -0.304167495565734524732 -0.0201091709405219268292 -0.0509024411501075163544 -0.0226231056971132465927 -0.0419495553952004274212 0.998863569207908308378 2.96139987122213899084
28814 731.819000 -0.304167361489334486802 -0.020109875665234137887 -0.0509026685606733114708 -0.02262357272033472394 -0.041949751774058685605 0.99886355038286522845 2.96140360848002037741
28815 731.827000 -0.304167227797375983034 -0.0201105766678229824773 -0.0509028947190689404212 -0.0226240244092292784595 -0.0419499284805916750063 0.998863532731075420834 2.96140733243777187766
28816 731.835000 -0.304167104597121984444 -0.0201112913505264376268 -0.0509031204425806418912 -0.0226244423971141278562 -0.0419500737240848728393 0.998863517163763314777 2.96141111720493599435
28817 731.843000 -0.304166973310197874536 -0.0201119968438352864082 -0.0509033452716720763442 -0.0226249004371453753259 -0.0419502598412763091917 0.998863498972436425483 2.96141485388796921185
28818 731.851000 -0.304166847720048039161 -0.0201126103014667295676 -0.0509035665715350457705 -0.0226253503080868084707 -0.041950424713889988837 0.998863481858136781355 2.96141827399777524121
28819 731.858000 -0.304166728893437821046 -0.0201133184445620588621 -0.0509037676491934307221 -0.0226257375964599542761 -0.041950574309186784705 0.998863466802818567025 2.9614218469787170207
28820 731.863000 -0.304166656323289374964 -0.0201137680261989013064 -0.0509039066556888214476 -0.0226259874367391866645 -0.0419506517765594194591 0.998863457890033390463 2.96142421746815154293
28821 731.868000 -0.304166569165137790076 -0.0201142996755713440726 -0.0509040501693515945458 -0.0226262754544057989592 -0.0419507730390733732384 0.998863446273055566316 2.96142684400498579222
28822 731.874000 -0.304166483712505653081 -0.0201147455511952177876 -0.0509042151954478272469 -0.0226265846620265290157 -0.0419508646994440070888 0.99886343541922739675 2.96142936595269778977
28823 731.879000 -0.304166385369929515026 -0.0201152584726015729033 -0.0509043608145814535648 -0.0226269011913805447034 -0.0419510042480181546964 0.998863422388195365542 2.96143193336856658249
28824 731.888000 -0.304166260145933731174 -0.020116230103091055359 -0.0509045484823835436838 -0.0226272253447110972824 -0.0419511448851022580864 0.998863409138621261008 2.96143622147539797851
28825 731.891000 -0.304166205745395490379 -0.0201162327920634403933 -0.05090469445917805702 -0.0226275451120710631436 -0.0419512168778447061546 0.998863398871271623847 2.96143724903527116865
28826 731.903000 -0.304166026975957792811 -0.020117546263293199782 -0.0509049485868919709963 -0.0226280091045273842876 -0.0419514317694947916348 0.998863379334959278211 2.96144301298773271469
28827 731.911000 -0.304165892676171223385 -0.0201182417764648041603 -0.0509051766573354741441 -0.0226284673922510365385 -0.0419515975247578831731 0.998863361991317977306 2.96144669484939093707
28828 731.919000 -0.304165768172506179035 -0.020118950125861810585 -0.0509054043303852690738 -0.0226288932826150743227 -0.041951732932216823091 0.998863346655981643174 2.96145043600211854695
28829 731.927000 -0.304165643404073315903 -0.0201196563849849706374 -0.050905629363330859305 -0.0226293270532387895411 -0.0419518839097529350202 0.998863330487980261019 2.96145415151301394374
28830 731.935000 -0.304165522398679888383 -0.0201203551438626435099 -0.0509058334740445511679 -0.0226297220893991631041 -0.0419520307606303446968 0.998863315370634552437 2.96145768018362121055
28831 731.943000 -0.304165372937437339385 -0.0201210399593425015574 -0.0509060848161511855792 -0.0226302624683548288254 -0.0419522391474680886314 0.998863294375725407903 2.96146148961043920167
28832 731.951000 -0.304165247538847827169 -0.020121743482062651176 -0.0509063128024056094079 -0.0226306892954342836477 -0.0419523776373767337544 0.998863278888849959181 2.96146521419087660476
28833 731.959000 -0.304165113841827927654 -0.0201224381547811560778 -0.0509065403324525378448 -0.0226311555220748486517 -0.0419525586491803284539 0.998863260723169554822 2.96146889350548514486
28834 731.967000 -0.304164979077933383955 -0.0201231308151829345332 -0.0509067691107930875294 -0.0226316129912842931016 -0.0419527259571674665528 0.998863243331225891808 2.96147256103701561614
28835 731.974000 -0.304164861115666818048 -0.0201237492133353318424 -0.0509069934120494754781 -0.0226320375026852933786 -0.0419528590462907510772 0.998863228123009427861 2.96147599640775593954
28836 731.982000 -0.30416474096861789711 -0.0201244473119801051131 -0.050907195266379046128 -0.022632426973230687639 -0.0419530049283280345729 0.998863213171245378774 2.96147951895590288984
28837 731.984000 -0.304164677412420980662 -0.0201244388642459783034 -0.050907339264316765759 -0.0226327834710482039826 -0.0419531209521818437835 0.998863200220492797321 2.96148048845755074154
28838 731.989000 -0.304164603799418620245 -0.0201248826602327540725 -0.0509074805716082171014 -0.0226330363988986836554 -0.0419531995243723337952 0.998863191189381161017 2.9614828297502979737
28839 731.996000 -0.304164510360143303114 -0.0201256752831423524341 -0.0509076130352674321999 -0.0226332449575793702434 -0.0419532937389635804393 0.998863182506564473151 2.96148615889647359722
28840 731.997000 -0.304164464820673219325 -0.0201256657160672966511 -0.0509077101275355187182 -0.0226334971550221746017 -0.0419533851395418808106 0.998863172953066147386 2.96148680214496007324
28841 732.006000 -0.304164349473368955667 -0.0201265329946037560549 -0.0509078710738201031805 -0.022633779210088880024 -0.0419535146685254684007 0.998863161121495646277 2.96149054452037141516
28842 732.009000 -0.304164282547861597461 -0.0201265331716184575628 -0.0509080398230738334631 -0.0226341666419298953583 -0.0419536218790277012913 0.998863147839410880913 2.96149171993162241279
28843 732.018000 -0.304164146654174016859 -0.0201272323986233167559 -0.0509082885053843137158 -0.0226346577303172188933 -0.04195379427276313411 0.998863129470474730986 2.96149558851416294658
28844 732.031000 -0.304163955201357139035 -0.0201287071335763539937 -0.0509085502246810900351 -0.0226351069196962864649 -0.0419540047797898330018 0.998863110449911051347 2.961501875953559626
28845 732.035000 -0.304163881044569539558 -0.0201287231537531641212 -0.0509087651645450806059 -0.0226355643427790624578 -0.041954107414524731412 0.998863095773356857165 2.96150343954042627459
28846 732.041563 -0.304163766338686025748 -0.0201294103960386189245 -0.0509089433859502976665 -0.0226359099925394179065 -0.0419542487394452337512 0.998863082004495028698 2.96150675897587190022
28847 732.047000 -0.304163664720782600526 -0.0201299237952056418732 -0.0509091097504451584044 -0.0226362622237865074304 -0.0419543926075189449465 0.998863067979525509621 2.96150947433756117633
28848 732.053000 -0.304163572878501375918 -0.0201304501624053333586 -0.050909277412804931906 -0.0226365843167731402297 -0.0419545096407223719326 0.998863055764540597181 2.96151225180673227655
28849 732.063000 -0.304163428801899504705 -0.0201314892616875490416 -0.0509094914388677488581 -0.0226369661892018396443 -0.0419546727770765889853 0.998863040258231582591 2.9615169090921602546
28850 732.070000 -0.304163329494006096088 -0.0201320987312612401099 -0.0509096633326534611652 -0.0226372785463432937836 -0.0419547793563102566772 0.998863028702723809715 2.96151995889975916398
28851 732.072000 -0.304163267599264652841 -0.020132091901137467993 -0.0509098054633296825955 -0.0226376296441392933778 -0.0419548913687756153124 0.99886301604090288464 2.96152092116822140966
28852 732.078000 -0.304163182761627293171 -0.0201325336694580490915 -0.0509099696209620589116 -0.0226379493321948906115 -0.0419550005367111261689 0.998863004210285843065 2.9615234079668266709
28853 732.083000 -0.304163095153466123133 -0.0201330496693755758852 -0.0509101150860573406498 -0.0226382145462441404515 -0.0419550898076506903478 0.998862994449884578074 2.96152598449181292395
28854 732.091000 -0.304162979508816988528 -0.0201336617893790141565 -0.0509103315564632397106 -0.0226386372001105805329 -0.0419552343947564368443 0.998862978797694034405 2.96152936288140500309
28855 732.098000 -0.304162867671512571199 -0.0201342659177979228791 -0.0509105265029469455929 -0.0226390210065114255711 -0.0419553742150656078236 0.998862964225994520717 2.96153255480230148677
28856 732.105000 -0.30416275583633067825 -0.0201348695734059959794 -0.0509107214222844356444 -0.0226394048037961842512 -0.0419555140037564319733 0.998862949655662468729 2.9615357443640490942
28857 732.113000 -0.304162630225154384522 -0.0201354678964528674423 -0.0509109394909633694581 -0.022639867127564147764 -0.04195569366805828454 0.998862931630400630034 2.96153907628309465139
28858 732.120000 -0.3041625117963862035 -0.0201361568634094642571 -0.0509111392297982578992 -0.0226402520814941096705 -0.0419558393730727063886 0.998862916784974741446 2.9615425515148969815
28859 732.127000 -0.304162400024907741969 -0.0201367592445120743849 -0.050911334061773866333 -0.0226406357467308395892 -0.0419559790605770061012 0.998862902221346993237 2.96154573456075187465
28860 732.135000 -0.304162273964817209126 -0.0201373531308209376134 -0.0509115531111356128813 -0.022641085391460973042 -0.0419561419754716502517 0.998862885186365567769 2.96154905072358021201
28861 732.142000 -0.30416215594422940649 -0.020138040515524043006 -0.0509117513507768570946 -0.0226414681398083086905 -0.0419562854476634924938 0.998862870484186315956 2.96155251737282165791
28862 732.149000 -0.304162044345780535615 -0.0201386419009116218737 -0.0509119460125601885903 -0.0226418513818303461516 -0.0419564249505034736476 0.998862855937378446569 2.96155569492786918673
28863 732.160000 -0.304161887550440379613 -0.0201398446032438928344 -0.0509121689846529015822 -0.0226422347964681386356 -0.0419565988449562415896 0.998862839941893732032 2.96156089216186391155
28864 732.168000 -0.304161769886209354397 -0.0201405300626604291669 -0.050912366630654848354 -0.0226426164873676782907 -0.0419567416566792583676 0.99886282529092063065 2.9615643500359900564
28865 732.171000 -0.304161699396771678661 -0.0201405357381369415348 -0.0509125574961422563969 -0.0226430317487488243222 -0.0419568397829930203602 0.998862811755773294387 2.96156570249784323323
28866 732.182000 -0.304161542957758213035 -0.0201417364653882144387 -0.0509127800917581196938 -0.022643414365114567649 -0.0419570131880861035834 0.998862795798414304649 2.96157089070339907266
28867 732.190000 -0.304161412833844402304 -0.0201424185904792753254 -0.0509130018163276368282 -0.0226438681390582659259 -0.041957191197450921516 0.998862778034361187274 2.9615744982336535962
28868 732.195000 -0.304161327045327334329 -0.0201428505675742483549 -0.0509131649504814820517 -0.0226441788892986252402 -0.0419572873909154764327 0.998862766949106917203 2.96157694008040239808
28869 732.200000 -0.304161247619420038735 -0.0201432805156319082174 -0.0509133014173656570089 -0.0226444607508610555591 -0.0419573998511223594798 0.998862755835372873037 2.96157919657934165514
28870 732.206000 -0.304161156856243120039 -0.0201437989458977118051 -0.0509134680491378499578 -0.0226447636280916568541 -0.0419574931189888242211 0.998862745051289691034 2.96158192931700092743
28871 732.209000 -0.304161094850800339806 -0.0201437909989199623317 -0.0509136121008452735559 -0.0226451056620783248985 -0.0419575928248084803474 0.998862733108959677253 2.96158289588924672486
28872 732.222000 -0.304160922371906228268 -0.020145165914747256708 -0.0509138638744127264291 -0.0226455258254286209696 -0.0419577814285763961433 0.998862715661007039003 2.96158882238157250555
28873 732.229000 -0.304160798083082051235 -0.0201457586943020738879 -0.0509140800123160999768 -0.0226459836785251784896 -0.041957959479853472462 0.9988626978016140745 2.96159212164137874979
28874 732.238000 -0.304160660816290895347 -0.0201465171608106417833 -0.0509143036873490259508 -0.022646426932030516016 -0.0419581281233196920488 0.998862680668168301246 2.9615959767962425353
28875 732.246000 -0.304160527136660974179 -0.0201472022572258269157 -0.0509145487155092460463 -0.0226469103785964173681 -0.0419582983636065456889 0.998862662556136537972 2.9615997639079174597
28876 732.255000 -0.304160390290316162698 -0.0201479641820652838335 -0.0509147736035919853959 -0.022647351757909002512 -0.0419584652465793128684 0.998862645538667326406 2.96160362538988986003
28877 732.264000 -0.304160263333892899595 -0.020148737504580092883 -0.0509149997972573320482 -0.0226477630294347025142 -0.0419586053005322479059 0.998862630330616063645 2.96160754339887688502
28878 732.272000 -0.30416012950143705984 -0.0201494197679567589587 -0.0509152395657195624978 -0.0226482562478331622691 -0.0419587911314170253219 0.99886261134138087936 2.96161129279067969478
