1076 766.181000 22.1946911200671053166 -0.0753108248292498339005 6.21207306358814204117
1077 766.187000 22.1943248399172610164 -0.0742907608160194576907 6.21139437827724716357
1078 766.193000 22.1939875707954321626 -0.073261431753620889773 6.2104944263151269368
1079 766.199000 22.1936753742503718456 -0.0722812540787707985546 6.20944904787335794083
1080 766.207000 22.1932924323474374262 -0.0711251310283608911833 6.20794793377917120125
1081 766.214000 22.1929840460785925416 -0.070301138232239698822 6.20663410663518799737
1082 766.222000 22.1926576468303125012 -0.069599386218075834365 6.20523191571051402349
1083 766.229000 22.1923920127507550148 -0.0691938601452749268983 6.20415270822566444764
1084 766.237000 22.1921087470166575883 -0.0689471807952771742478 6.20313525821592737231
1085 766.245000 22.1918451986877620641 -0.0688950484547865976692 6.20237337244617492615
1086 766.252000 22.1916295480843253074 -0.0689736326537302435469 6.20192017864278000161
1087 766.260000 22.1913990406791477028 -0.0691639509368631444364 6.20163428549866857509
1088 766.268000 22.1911844241354074825 -0.0694203817807996226286 6.20156981697914932994
1089 766.275000 22.191008718717785797 -0.0696697867419905497721 6.20166596046742846227
1090 766.283000 22.1908205186326732417 -0.0699566026436893861895 6.20191117933618141222
1091 766.291000 22.1906443111498923315 -0.0702240451554960454228 6.20225642191735726527
1092 766.298000 22.190498636420372236 -0.0704302474295632058299 6.20260447053099284176
1093 766.305000 22.1903596087647443369 -0.0706042408854838793308 6.20296536259999164997
1094 766.313000 22.1902071939855147775 -0.0707604683246653154427 6.20336142268086110363
1095 766.321000 22.1900598033254645713 -0.0708715919087623547057 6.20371114945539758878
1096 766.329000 22.1899155294498271473 -0.0709410683194610369728 6.20399313264186158534
1097 766.334000 22.1898261494717381481 -0.070965749055659069211 6.20412927265224833917
1098 766.340000 22.1897190427723813855 -0.0709789927620998323254 6.20424989879727650788
1099 766.345000 22.1896295104809375687 -0.0709783830836593770952 6.20431524109872611916
1100 766.350000 22.1895394150501523711 -0.0709690225224849924324 6.20435031353462296266
1101 766.356000 22.1894302255605389007 -0.070948601029091090675 6.20435624053185907911
1102 766.361000 22.1893381284234934014 -0.0709257893203053962905 6.20433517841053028263
1103 766.366000 22.1892448958679118221 -0.0708992726961919089712 6.20429487498952703106
1104 766.373000 22.1891123472903046832 -0.0708584036759788010729 6.20421470393246554664
1105 766.380000 22.1889774376492532326 -0.070815932729656153044 6.20411827398409343459
1106 766.388000 22.1888205777729048407 -0.0707685993605473850909 6.20400365141194587437
1107 766.396000 22.1886608715790920598 -0.0707255903173479583135 6.20389903037103351835
1108 766.403000 22.1885191991866044248 -0.0706919387230611068196 6.20382598125557649382
1109 766.410000 22.1883772876165039634 -0.070663653764028930282 6.20377561064264426705
1110 766.415000 22.1882760764633317763 -0.0706470072120571335184 6.20375507010348048453
1111 766.422000 22.1881339056876925042 -0.0706282523343542967265 6.20374813697705729254
1112 766.428000 22.1880130101846937407 -0.0706166744691268388756 6.20376136165421421254
1113 766.435000 22.187873438639563517 -0.0706080319101822506678 6.20379598425413547602
1114 766.441000 22.1877547307738787197 -0.0706044823857132908262 6.20383822464037049116
1115 766.448000 22.1876186835256667962 -0.0706047019716665030797 6.20389686540847851148
1116 766.454000 22.1875040194795971615 -0.0706080098357587532254 6.20395042050160938629
1117 766.460000 22.187391113913253804 -0.0706136096970171184273 6.20400267558662577017
1118 766.467000 22.1872623318928212655 -0.0706227713537823792445 6.20405693189384876973
1119 766.472000 22.1871719336141950407 -0.0706304828369968690227 6.20408847850101974331
1120 766.479000 22.1870483202862054384 -0.0706426015150912467444 6.20411942170266961227
1121 766.485000 22.1869448230517001264 -0.0706536702497457397287 6.20413165988290593589
1122 766.490000 22.1868602875271747621 -0.0706629021497481579761 6.20413109785461980294
1123 766.495000 22.1867766466034268547 -0.070671680160781527591 6.20412061672637360488
1124 766.499000 22.1867112252846361287 -0.0706785074954927733382 6.2041053757117934353
1125 766.504000 22.1866305454699137556 -0.0706864169656408330988 6.20407820382583530261
1126 766.508000 22.1865670311925704539 -0.0706920961748684906212 6.20405063345342266956
1127 766.513000 22.1864881603794472653 -0.0706982234628787953312 6.20400968548319120544
1128 766.518000 22.1864115431754598262 -0.0707033580718859078207 6.20396320992224925561
1129 766.522000 22.1863503477619659066 -0.0707061998345951403522 6.20392298039474177074
1130 766.527000 22.186275022415937741 -0.0707088801239527525722 6.2038701326741216846
1131 766.532000 22.1862011941653420877 -0.0707098141889462711296 6.20381652601605715347
1132 766.536000 22.1861424204311674657 -0.0707095695331486223667 6.20377392592435494834
1133 766.541000 22.1860699606526488026 -0.0707080853902051637005 6.2037225228894294915
1134 766.545000 22.1860128587109350917 -0.0707056446598699345207 6.20368405485976737168
1135 766.551000 22.1859272743855306942 -0.0707003513291235563543 6.2036319508502328901
1136 766.556000 22.1858570657490616895 -0.0706946207961755557214 6.20359518103138363188
1137 766.561000 22.1857873271172536533 -0.0706880866136473107186 6.20356517343900115691
1138 766.566000 22.1857187499776031814 -0.0706804490357351850038 6.20354305481384304954
1139 766.570000 22.1856639408088085474 -0.0706739786358469568306 6.20353097597786984352
1140 766.575000 22.1855961292791512562 -0.0706654359261673636894 6.20352325367720691673
1141 766.580000 22.1855286865940968255 -0.0706569539837584026376 6.20352330773488169768
1142 766.585000 22.1854487333639127655 -0.0706467006933513691491 6.20353355099585446197
1143 766.593000 22.1853564132826015509 -0.070635333775029049419 6.2035579789563755071
1144 766.601000 22.1852530730615420396 -0.0706244057609885372839 6.2035993679151948399
1145 766.608000 22.1851629404991790295 -0.0706165694720959219444 6.20364407049511434877
1146 766.615000 22.1850736850749683526 -0.0706109917743674708746 6.20369337226732842083
1147 766.622000 22.1849856488225043449 -0.0706079238982399298719 6.20374409050196184978
1148 766.630000 22.1848870818717571751 -0.0706077342288893849975 6.20379981091356480505
1149 766.635000 22.1848255864436154638 -0.0706091150054850291706 6.20383153242493445845
1150 766.642000 22.1847414767166881688 -0.0706133034041561830074 6.20387016720385187085
1151 766.649000 22.1846585363455766071 -0.0706194644268087617922 6.20390034937163914464
1152 766.657000 22.1845642299623726501 -0.070627945874781411506 6.20392286453934804769
1153 766.664000 22.1844832250486554415 -0.0706363023628826247613 6.20393165510726252165
1154 766.672000 22.1843928264680592122 -0.0706462731538784194374 6.20392942327580954043
1155 766.679000 22.1843149027483903524 -0.0706545302829780508258 6.20391746285397438498
1156 766.686000 22.1842379655340913303 -0.0706619021035116562368 6.2038973889179578336
1157 766.694000 22.1841514721746086991 -0.0706683626498379180436 6.2038667102549993615
1158 766.701000 22.1840775941347487787 -0.0706725173965103287133 6.20383489643945473802
1159 766.708000 22.1840049465520543492 -0.0706744409977118903665 6.20380067728195339072
1160 766.715000 22.1839333678998471555 -0.0706743251372292935475 6.20376574825741933239
1161 766.723000 22.1838530729801810537 -0.0706714654927800833839 6.20372732835010953778
1162 766.730000 22.1837846735693133837 -0.0706673790121084693938 6.20369645410247816386
1163 766.737000 22.1837175457613113849 -0.0706615036449442790456 6.20366962204336847009
1164 766.744000 22.1836515152740858525 -0.0706544754590191226296 6.20364750509214868401
1165 766.752000 22.1835775771378216348 -0.0706452691344421207509 6.20362879109200271444
1166 766.760000 22.1835062317646958263 -0.0706362886308759541087 6.20361701507394425192
1167 766.768000 22.1834354322375482127 -0.0706270689477657420685 6.20361196594664399129
1168 766.775000 22.1833755949011575126 -0.0706197204645139520185 6.20361272454135193044
1169 766.782000 22.1833165161805929699 -0.0706132525873399280458 6.20361730382439180431
1170 766.789000 22.1832590326370500122 -0.0706082126259405806756 6.20362494644539186339
1171 766.797000 22.183195163688985474 -0.070604270190504053728 6.20363631248827296361
1172 766.804000 22.183139830855242991 -0.0706021619346943463125 6.20364737389436982085
1173 766.811000 22.183085405404955992 -0.0706013744282865396418 6.20365868026292055504
1174 766.819000 22.1830246443412377744 -0.0706019309659684790592 6.20367101588741309826
1175 766.826000 22.1829732053873129871 -0.070603861056722935774 6.2036804392267317354
1176 766.834000 22.1829153489772217256 -0.0706070488893277420361 6.20368893422702250007
1177 766.842000 22.1828578116470893633 -0.0706106094727634303609 6.20369450997993077124
1178 766.849000 22.1828094185208790634 -0.0706141333244056507157 6.20369701658901906427
1179 766.856000 22.1827613678565391808 -0.0706175672512330404595 6.20369698204524322449
1180 766.864000 22.1827072014995252403 -0.0706208619154635869331 6.20369419595048476879
1181 766.871000 22.1826611066481298451 -0.0706235467504190694843 6.20368940476942665185
1182 766.878000 22.1826159675791636516 -0.070625473763516147252 6.20368293996288766579
1183 766.886000 22.1825644746175889566 -0.0706261445299797979702 6.20367389218941944762
1184 766.894000 22.1825144295725458221 -0.0706260238232987447304 6.2036635461945452974
1185 766.901000 22.1824717015540464615 -0.0706250946798701040308 6.20365390860588750144
1186 766.908000 22.1824293570339108328 -0.0706233710230935868291 6.20364398751093126805
1187 766.915000 22.1823881691827864415 -0.0706208859486507634085 6.20363434501862176518
1188 766.922000 22.1823482841536225862 -0.0706181000941388248293 6.20362509729838773609
1189 766.929000 22.1823087059618799799 -0.0706147036906813463375 6.20361650427177391265
1190 766.936000 22.1822703599441020117 -0.0706113308542180573291 6.20360867645251978786
1191 766.943000 22.182232972227645007 -0.0706078957707374360586 6.20360177490869979522
1192 766.950000 22.1821965730563874786 -0.0706047987207812505206 6.20359567262982380953
1193 766.956000 22.1821658480836418903 -0.070602144635479313628 6.20359121590653206368
1194 766.964000 22.1821254442934900908 -0.0705988691097404058583 6.20358619408945877183
1195 766.971000 22.1820917888402000528 -0.0705965030712459723494 6.20358283884436367828
1196 766.979000 22.1820541243061803982 -0.0705944283911525971575 6.20357970058067831332
1197 766.986000 22.1820219020931617138 -0.0705929727651132959965 6.20357753520358201627
1198 766.994000 22.1819865942060445718 -0.0705921561014666298917 6.20357546158146888615
1199 767.001000 22.1819568044693404829 -0.0705918947317269035446 6.2035739352190280016
1200 767.008000 22.1819272971643712822 -0.0705917167304829368257 6.20357247880548356989
1201 767.016000 22.1818941094237018774 -0.0705916555604777368194 6.20357077344559826315
1202 767.023000 22.1818669084984172457 -0.0705919278351435780516 6.2035693448428235186
1203 767.030000 22.1818399416033287253 -0.0705922320559113081195 6.20356758832119759006
1204 767.038000 22.1818097282367965306 -0.0705923148331292216184 6.203565326302973304
1205 767.045000 22.1817844543155473502 -0.0705926632459485808857 6.20356288670893540882
1206 767.053000 22.1817563367217296388 -0.0705927388735340249903 6.20355976943884446229
1207 767.060000 22.1817318610763472009 -0.0705923737785781324483 6.20355666011026762874
1208 767.067000 22.1817086296351533292 -0.0705918052873539259018 6.20355342555139621652
1209 767.075000 22.1816825185919128671 -0.0705909387642634084115 6.20354927250339471811
1210 767.082000 22.1816601006406308727 -0.0705898098396612189154 6.20354539403018545585
1211 767.090000 22.1816356709075996889 -0.070588601288422245239 6.20354065713768410006
1212 767.096000 22.1816176907151572095 -0.0705874539341086737476 6.20353698835727396244
1213 767.104000 22.1815945158151706096 -0.0705857048328946967697 6.20353203295232003001
1214 767.110000 22.1815775826907426449 -0.0705844789535867156438 6.2035282164803851046
1215 767.114000 22.1815665717630032816 -0.0705835905034468830133 6.20352568738452170294
1216 767.121000 22.1815475047369581318 -0.0705819062454479811963 6.20352125224259065561
1217 767.128000 22.1815290563377587318 -0.0705804185026255165303 6.20351675775100108723
1218 767.136000 22.1815097778775012216 -0.0705790867066228566618 6.20351178381608470147
1219 767.143000 22.1814927216704944613 -0.0705777028325740574122 6.20350745680395565529
1220 767.151000 22.1814740610177665303 -0.0705761697913249302916 6.20350271892319238276
1221 767.158000 22.1814582490527065772 -0.0705749322354628227938 6.20349865202323691449
1222 767.166000 22.1814412223171757432 -0.0705738263317663011565 6.20349412430345115155
1223 767.174000 22.1814251915846121221 -0.070573006402173413254 6.20348967051736366329
1224 767.181000 22.18141201953092434 -0.070572424661318189365 6.20348590315940118245
1225 767.190000 22.1813947078868025642 -0.0705713166731624652606 6.20348107634971857038
1226 767.198000 22.1813811577810930942 -0.0705705517137831389585 6.20347707742885212667
1227 767.206000 22.1813680652356808309 -0.0705698256863268869044 6.20347306072995774429
1228 767.215000 22.1813544665421886748 -0.0705691930037232045825 6.20346855882304470953
1229 767.222000 22.1813439008267572206 -0.0705684591562244500906 6.20346498828472725506
1230 767.230000 22.1813325975661435052 -0.070567440256321348202 6.20346104848350243799
1231 767.238000 22.1813228450540194103 -0.0705666306533025144976 6.2034571453307147948
1232 767.246000 22.1813131063734942927 -0.0705656487947499133639 6.20345316113535893976
1233 767.254000 22.1813040611880296638 -0.0705645890086891575121 6.20344916107407229333
1234 767.260000 22.1812978375287030985 -0.0705638897782966678651 6.20344609502892652131
1235 767.267000 22.1812904480843364752 -0.0705628176563655312714 6.20344242540416868081
1236 767.275000 22.1812826897652399794 -0.0705614284777622002842 6.20343832787592930345
1237 767.281000 22.1812774819158420314 -0.0705604973029005516638 6.20343520518403579445
1238 767.290000 22.1812707694313218099 -0.0705592282637708678728 6.20343054673622695816
1239 767.297000 22.1812654611791906234 -0.0705579988601029578499 6.20342688017518195664
1240 767.305000 22.1812605997336262931 -0.0705570455165207416348 6.20342260506532827691
1241 767.311000 22.181257012203307255 -0.0705561743679877090285 6.20341936013805206329
1242 767.319000 22.1812520768119334491 -0.070554842243955362413 6.20341497238211214693
1243 767.326000 22.1812487338738009157 -0.0705537634374142907934 6.20341123893558066271
1244 767.335000 22.181245651622688797 -0.0705526806663754196824 6.20340642642282169561
1245 767.342000 22.1812431369709166518 -0.0705516306726573089181 6.20340266362704717551
1246 767.349000 22.1812419062130459224 -0.0705510476439573236407 6.20339889845079284214
1247 767.354000 22.1812403850535808658 -0.070550305221530468236 6.20339611282696079542
1248 767.360000 22.181239354654167073 -0.070549595725376113009 6.20339283828602283677
1249 767.367000 22.1812389714666942098 -0.0705489410817802531373 6.20338904209269426104
1250 767.374000 22.1812383026490671512 -0.0705478682882686447542 6.20338527576370513117
1251 767.380000 22.1812383202675604821 -0.0705472542831033777588 6.20338201087099339048
1252 767.388000 22.1812388443769172852 -0.070546322127714888861 6.20337770809988153786
1253 767.394000 22.1812399743746624381 -0.0705457658716519830921 6.2033745111131821659
1254 767.401000 22.1812409770095690931 -0.0705449330082444370227 6.20337065073992377506
1255 767.408000 22.1812421921174802719 -0.0705440067442609924919 6.20336680349385805044
1256 767.415000 22.181243932836331112 -0.0705430371406145784174 6.20336302946772288891
1257 767.421000 22.1812464466687409015 -0.070542312822210295753 6.20335992873051189633
1258 767.428000 22.1812488867273920334 -0.0705412651104002363933 6.20335619769275403712
1259 767.435000 22.1812520629077667422 -0.0705404182065485357844 6.20335246195958145421
1260 767.442000 22.181255143644936112 -0.0705395199065107503245 6.20334862504222694923
1261 767.449000 22.181258880402861422 -0.07053849314982336971 6.20334492892390620966
1262 767.456000 22.1812633968077079771 -0.0705376610344313897949 6.20334121745373590073
1263 767.463000 22.181268025159074142 -0.0705366662750400996718 6.20333754379155610792
1264 767.470000 22.1812727180430293572 -0.0705357224208081612371 6.20333381561222640954
1265 767.476000 22.1812769943551835183 -0.07053482095634747151 6.20333065838246078272
1266 767.484000 22.181283709014799399 -0.0705339447757189347277 6.20332646407905130559
1267 767.489000 22.1812873487272845807 -0.0705331307342233065905 6.20332374476179460032
1268 767.494000 22.1812911632792300054 -0.0705323317508475544635 6.20332105645367271052
1269 767.499000 22.1812955980205082085 -0.0705317485149789535903 6.20331834432345186059
1270 767.505000 22.181301102223098809 -0.0705309445800647860647 6.2033151577989960046
1271 767.512000 22.1813083030001756413 -0.0705300486709390106466 6.2033115713909836586
1272 767.520000 22.1813163753489206442 -0.0705290081676398505905 6.20330734159960694996
1273 767.527000 22.1813234675685180264 -0.070527927978091820016 6.20330366286380652241
1274 767.534000 22.1813313600129298209 -0.0705272634453626701134 6.20329985060943922548
1275 767.541000 22.1813397112797296984 -0.0705265674141501847094 6.20329611183382478856
1276 767.548000 22.1813478308511626835 -0.070525651679329406929 6.20329233150123560137
1277 767.555000 22.181356047755556915 -0.0705246970822015206704 6.20328852198367286519
1278 767.562000 22.1813651776934896986 -0.0705237739130759044848 6.20328488215272244588
1279 767.570000 22.1813756581379948329 -0.0705227878004169028703 6.20328059627966776901
1280 767.577000 22.1813849197341461661 -0.0705217867324335750956 6.20327685238911108456
1281 767.584000 22.181394470627040505 -0.0705209443598799751163 6.20327301670947584
