12955 855.285000 -0.373248335300296552042 -0.0068218993041732831073 -0.0509735768547856724076 -0.011556980669005406312 -0.0123166815510988014726 0.999857357603265772816 3.07640947375524076435
12956 855.291000 -0.373245704929190902366 -0.00682519141255805410901 -0.0509734159482385235096 -0.0115611408998985022017 -0.0123153338491390207388 0.999857326108718802438 3.07641560598715946284
12957 855.298000 -0.37324308346967399741 -0.00682750559291820172114 -0.0509709008996748480502 -0.0115617867236081275223 -0.0123166178795128793827 0.999857302824641913652 3.07642043854784885681
12958 855.305000 -0.373241005364344569095 -0.00682839490241791968739 -0.0509663828274544289387 -0.0115587401970179259186 -0.0123203580340419446143 0.999857291968694439355 3.07642322380667732062
12959 855.312000 -0.373239459660525407791 -0.00682804203293550186077 -0.050960435587975541627 -0.0115529833971300278234 -0.0123259523680656745553 0.999857289553287120754 3.07642421876331129127
12960 855.319000 -0.373238382083936393041 -0.00682660243078339092071 -0.050953636795692480721 -0.0115454807668666295517 -0.012332883993803977693 0.999857290740162274467 3.07642355301042869087
12961 855.327000 -0.373237810368939160188 -0.00682443782764067478214 -0.0509455249755724481897 -0.0115357296311845852754 -0.0123409072929943283703 0.999857304293498616587 3.0764219649332500417
12962 855.335000 -0.373237298277944606895 -0.00682070871711279533983 -0.050937830840796609333 -0.0115262155268835361777 -0.0123504551479138632158 0.999857296124435412921 3.07641740149952269689
12963 855.342000 -0.373237008080425924916 -0.00681674170951791780215 -0.0509317598397229370777 -0.0115183223467100522702 -0.0123592370807290383855 0.999857278569846519289 3.07641189908886314441
12964 855.350000 -0.373236736786672962385 -0.0068115806858432140572 -0.0509259289694723032982 -0.0115102016524557190791 -0.0123695692773807975479 0.999857244317313487159 3.07640404123330490904
12965 855.357000 -0.373236414428162410761 -0.00680578559927699257293 -0.0509216281019585631507 -0.0115034159649306591544 -0.0123803174381910165158 0.999857189383197675348 3.07639441722488893305
12966 855.362000 -0.373236142231617273879 -0.00680121231749459143751 -0.0509190982961960081354 -0.0114987570758536428867 -0.0123885072365163256131 0.999857141532809690077 3.07638638181217816125
12967 855.367000 -0.373235870539308234317 -0.00679745202297706192784 -0.0509174859842904115048 -0.0114952222821041658007 -0.0123950853986820805352 0.999857100651210140008 3.07637951667301479119
12968 855.372000 -0.373235537232881608993 -0.00679366343877490022618 -0.0509164159483472683609 -0.011492133378853065101 -0.0124015862796915312533 0.999857055547516804239 3.07637233443276469913
12969 855.377000 -0.373235160557198408782 -0.00678994016891455807322 -0.0509158289365423330497 -0.0114894262097895785701 -0.012407995844536728533 0.999857007138766795684 3.07636512317045962561
12970 855.382000 -0.373234701463750484507 -0.00678622015101981463508 -0.0509156907400292041421 -0.0114871446636748055642 -0.0124142695001818355316 0.999856955479258791009 3.07635762690909952966
12971 855.387000 -0.373234191347952493079 -0.00678258101629807940575 -0.0509159048417603815606 -0.0114851554551214252858 -0.0124203337202755774438 0.999856903018851328468 3.07635004111056931109
12972 855.392000 -0.373233642869788218022 -0.0067790647124830114012 -0.0509163973241672507264 -0.0114834084540912616246 -0.0124261438005578758043 0.999856850894428994536 3.07634249828357386747
12973 855.399000 -0.373232924295034351747 -0.00677588068512708242147 -0.0509180141072673175806 -0.0114831614961701401062 -0.0124313988509260585358 0.999856788407550878262 3.07633547457559863858
12974 855.404000 -0.373232193486723651255 -0.0067711912605467198048 -0.0509182494135152624581 -0.0114801316456699959573 -0.0124389672459227981771 0.999856729072346905873 3.07632482485079394863
12975 855.412000 -0.373231328657982752706 -0.00676781625726047535857 -0.0509200746326324976687 -0.0114799074517599932616 -0.0124444575221451143865 0.999856663328238526312 3.07631693226867986013
12976 855.420000 -0.37323037297682176705 -0.0067635085160082245373 -0.0509211211568359398139 -0.0114781495858349655986 -0.0124511666029884608686 0.999856599984372707013 3.07630655296631294604
12977 855.428000 -0.373229478126896496715 -0.0067597208555026256499 -0.0509217571118695949695 -0.011476558082500937924 -0.0124568343451007118583 0.999856547657051453193 3.07629714746613558418
12978 855.435000 -0.373228699741078140395 -0.00675638319668613041014 -0.0509217589284510774306 -0.0114749151977327039365 -0.0124614207083461360492 0.999856509362785805806 3.07628864145697455967
12979 855.443000 -0.373228087658178386832 -0.00675405474359325880274 -0.0509214822653977355893 -0.0114738083152804027504 -0.0124645283509499382735 0.99985648332934884408 3.07628263287853398467
12980 855.451000 -0.373227522074305817501 -0.00675172667209982327319 -0.0509205309109705892001 -0.0114725444952637686824 -0.0124672598797658552849 0.999856463775623316437 3.07627658809054871369
12981 855.455000 -0.373227135685646360663 -0.00675007592751839576722 -0.0509197835446112689883 -0.0114721107709667632935 -0.0124687946515276270459 0.999856449613841680168 3.07627233636305597031
12982 855.461000 -0.373226834058254686166 -0.00674880359892717981984 -0.0509186387500350015611 -0.0114715704648656723758 -0.01246995603870446577 0.999856441329185274824 3.0762691721462749328
12983 855.467000 -0.37322665399927962282 -0.00674797833666912830197 -0.0509173379068441692152 -0.0114709378497711983469 -0.0124706833761432153013 0.999856439515682926533 3.07626723721818784441
12984 855.472000 -0.373226418572778051441 -0.00674691952026205271631 -0.050916130093188571859 -0.0114709552393081528482 -0.012471377159891099129 0.99985643066273932611 3.07626484351067297496
12985 855.478000 -0.373226300807766087075 -0.00674630565323376674147 -0.0509146755200587108892 -0.0114705677709746600712 -0.012471812633585505764 0.999856429676102997917 3.07626367220815133408
12986 855.483000 -0.373226164757603007249 -0.00674566509651545066079 -0.0509134706774956244391 -0.0114706604763294799099 -0.0124721964327784064913 0.999856423825130513627 3.07626253222938794707
12987 855.489000 -0.373225951677786937921 -0.00674475638991393726396 -0.0509121061289200121935 -0.011471382104850316383 -0.0124727045116355354099 0.999856409208227270291 3.07626107630278600169
12988 855.495000 -0.37322588682067175947 -0.00674450940646283830793 -0.0509108963113610174522 -0.0114712743561619923138 -0.0124729612250442586929 0.999856407242022071635 3.07626105765112800583
12989 855.496000 -0.37322555869837642506 -0.00674329433867765400124 -0.0509109041349889296368 -0.011473580068140799143 -0.0124735645397446928695 0.99985637325972609446 3.07625888738815911339
12990 855.502000 -0.373225299411132582783 -0.0067424661541796038905 -0.0509102297807140086183 -0.0114749654681066907275 -0.0124741860801780082846 0.99985634960685365602 3.07625786180203997233
12991 855.513000 -0.373225197782292628101 -0.00674280618113238822825 -0.0509086217708567545515 -0.01147464712656642849 -0.0124745634064473281954 0.99985634855270033583 3.07625980860837255904
12992 855.515000 -0.373224681621683707089 -0.00674115692857737980326 -0.0509087102355574028234 -0.0114775417540849949266 -0.0124757635735476598432 0.999856300354476146275 3.07625714327755339639
12993 855.528000 -0.373224108780883190306 -0.00674091194772298216153 -0.0509086327033633767591 -0.0114799112291154026266 -0.0124768851363088652956 0.999856259157018478767 3.07625825887163628636
12994 855.531000 -0.373223465000758702903 -0.00673918264932773462134 -0.0509088210061375973092 -0.0114822883473259772236 -0.0124784320666013193168 0.99985621255631951243 3.07625531500570748022
12995 855.539000 -0.373222670996463112836 -0.00673817280883891658871 -0.0509095476891661541385 -0.0114849774644302932147 -0.0124799766480556354603 0.999856162393124137111 3.07625417939320522365
12996 855.546000 -0.37322188875496925542 -0.00673726530049582189585 -0.0509104868651631264909 -0.0114873845361168156615 -0.0124813958857191379531 0.999856117025476387461 3.07625296952604543321
12997 855.554000 -0.37322091428085463205 -0.00673620123298928740602 -0.0509118067856230149815 -0.0114900687882237284576 -0.0124830496120099665447 0.999856065537248261954 3.07625130161187865241
12998 855.566000 -0.373219748934233430671 -0.00673572278962781406664 -0.0509141969017170709089 -0.011493777287486605862 -0.0124845647083201612831 0.999856003996430375835 3.0762509686590564506
12999 855.573000 -0.373218852236005704803 -0.00673478471083698102678 -0.0509154004209663793579 -0.0114955169882147503757 -0.0124859300484037646223 0.999855966947239882536 3.07624905985728824831
13000 855.580000 -0.373217980671123161773 -0.0067338702021688644217 -0.0509164644717281511532 -0.0114968075728737514213 -0.0124872228539143342863 0.999855935963291253543 3.0762470334314806486
13001 855.584000 -0.373217134287662066772 -0.00673224679550212586759 -0.0509168413780096973387 -0.0114968967032250367344 -0.0124888281821976133285 0.999855914888155838938 3.07624301108700226592
13002 855.595000 -0.373216298068961616075 -0.00673202747895687656637 -0.0509180132796750034574 -0.0114979134604032105782 -0.0124897279594680197384 0.999855891957213804844 3.07624253033067684981
13003 855.604000 -0.373215636960372243447 -0.00673137385010670087626 -0.0509182989018574505558 -0.0114976475167578879449 -0.0124907326534647016708 0.999855882464747880434 3.0762408210446809953
13004 855.611000 -0.373215016424125078931 -0.00673046399587750102111 -0.0509182822759074657504 -0.0114967523354191202695 -0.0124918808191391422779 0.999855878414153464995 3.0762384214622828793
13005 855.619000 -0.373214528996395067395 -0.00672968158166756778849 -0.0509179088452656469777 -0.0114953743835723900396 -0.0124929595016637778881 0.999855880780160966026 3.07623638182323322354
13006 855.627000 -0.373214170846188131314 -0.00672894755497044447928 -0.0509172366461389594439 -0.0114936580582953411234 -0.0124940317719423529819 0.999855887112998442667 3.07623455118810662512
13007 855.635000 -0.373213947995129802226 -0.0067282785926383488484 -0.0509163274338213095449 -0.0114916945632052291959 -0.0124950845067570235486 0.999855896526712140115 3.07623303333833941764
13008 855.643000 -0.373213825872376558923 -0.00672763263771504645139 -0.0509152627751540270973 -0.0114896881394162837103 -0.0124961716235333503144 0.999855905999066485457 3.07623175002302406966
13009 855.650000 -0.373213770798516808469 -0.00672695323081973391155 -0.0509142228702725713196 -0.0114879143798168378149 -0.0124973358194714941755 0.999855911829608090535 3.07623057694380452887
13010 855.658000 -0.373213795315528562568 -0.0067264868306618121746 -0.0509131270417935433148 -0.011486276527481608864 -0.012498332683685806771 0.99985591818604646619 3.07623003818407880772
13011 855.665000 -0.373213822466574418613 -0.00672582219862451549663 -0.0509121367810011840604 -0.0114849814865404260128 -0.0124995682451626427545 0.999855917617102574191 3.07622925617341547166
13012 855.673000 -0.373213863686409297316 -0.00672533718562652767237 -0.0509112372070979063432 -0.0114839959607017285531 -0.0125006650798032414862 0.999855915224457381107 3.07622896196075501507
13013 855.680000 -0.373213873644468174806 -0.00672478117144523733495 -0.0509105532281449307819 -0.0114834715771320160921 -0.0125017955595019374104 0.999855907112782715807 3.07622858637558138639
13014 855.686000 -0.373213840398953833333 -0.00672402286898445260971 -0.0509100061660770972227 -0.0114833709292680111874 -0.0125030812082910971345 0.999855892192669570839 3.07622790160080494815
13015 855.691000 -0.373213792273270728028 -0.00672359956052559493145 -0.0509097287512598056791 -0.0114834870903464253411 -0.0125038780551177119982 0.999855880893755877281 3.07622764158298167558
13016 855.698000 -0.373213717830967683931 -0.00672327422412426645854 -0.0509095545575558305895 -0.0114837759877432620675 -0.0125046447881068233804 0.999855867986874646824 3.07622766291879168321
13017 855.706000 -0.373213526998424360848 -0.00672255607220534692758 -0.050909474502752613545 -0.0114846359651617751368 -0.0125058593830426785509 0.999855842918287551768 3.07622713993191609916
13018 855.713000 -0.373213286794356724485 -0.0067218952477755234895 -0.0509095727327194685907 -0.0114857027914455848278 -0.0125068841968779525392 0.999855817845289429613 3.07622655250015508699
13019 855.721000 -0.373212939797170406564 -0.00672112832109448329193 -0.0509098463915142393499 -0.0114871560444149891506 -0.0125079528351947927983 0.999855787782359839433 3.07622576897630883863
13020 855.729000 -0.373212516462863352906 -0.0067203415080623433997 -0.0509102550411934529073 -0.0114887913816611834938 -0.012508924468127105914 0.999855756837574771723 3.0762248178408171384
13021 855.736000 -0.373212035010125287027 -0.00671950050747732990225 -0.0509107073225500694758 -0.0114904467205079446196 -0.0125098032578967177653 0.999855726820930934551 3.07622358819245311778
13022 855.744000 -0.373211560402971598283 -0.00671883801202441052758 -0.0509112260794463075686 -0.0114919974644891367127 -0.012510475705844023922 0.999855700584784234941 3.07622259637591710657
13023 855.752000 -0.373210991065524189114 -0.00671802542797242472489 -0.0509117696275264430827 -0.0114936152937025783116 -0.0125111731143850452713 0.99985567326228741436 3.0762211843929447852
13024 855.760000 -0.37321040355026702251 -0.00671721423401009168352 -0.050912277560864097059 -0.01149506771953612283 -0.0125117994045285466087 0.999855648728247392576 3.07621965148084663966
13025 855.768000 -0.373209815132976241436 -0.00671640844887567284305 -0.0509127168061674628685 -0.0114962987395946687752 -0.0125123761120375601857 0.999855627357930432098 3.07621802896071816491
13026 855.776000 -0.373209241590639784203 -0.00671561084818996911067 -0.0509130628052266373529 -0.0114972723661201196854 -0.0125129277511335183087 0.999855609259274080713 3.07621635083883093742
13027 855.779000 -0.373208695349991015355 -0.00671454615006710376496 -0.050913342986204687679 -0.0114980263267069390126 -0.0125136451326266270184 0.999855591611151228726 3.07621395607711622944
13028 855.792000 -0.373208189405733525845 -0.00671404444398290226742 -0.0509134229509608168818 -0.0114984046794673715197 -0.0125140564559070421174 0.999855582112159635422 3.07621296058081838964
13029 855.800000 -0.373207727764618191202 -0.00671327441384817792669 -0.050913433330528376497 -0.0114985882267725110506 -0.0125146792217014409671 0.999855572206690745851 3.07621130595005976005
13030 855.807000 -0.373207317988213937987 -0.00671249525980121240776 -0.0509133698608329812729 -0.0114985673481968354165 -0.0125153502840495301635 0.999855564047231193392 3.07620966117272320872
13031 855.815000 -0.373206947606921524141 -0.00671172139788414612305 -0.0509131956753370168434 -0.0114984036881602309788 -0.0125161403715352281818 0.999855556039383142064 3.07620810422372326087
13032 855.818000 -0.373206632977433949705 -0.00671086110371559973337 -0.0509132398559385412895 -0.0114984659613058398664 -0.0125169352636257617123 0.999855545372501763879 3.07620632880999345105
13033 855.828000 -0.373206485609385629765 -0.00671060699249156986795 -0.0509127706850522609994 -0.0114978552536453820093 -0.0125174098214307447791 0.999855546454550658808 3.07620602236684748121
13034 855.836000 -0.373206221399477622302 -0.00670983646169700902184 -0.0509124611634834273177 -0.0114974626547232425949 -0.0125183659753363308448 0.999855538998414838936 3.07620466783949764178
13035 855.844000 -0.373205984236281373967 -0.00670905525318237806742 -0.0509121373458697040748 -0.0114970803568124786687 -0.0125193902644687039133 0.999855530569629280535 3.07620336755412138174
13036 855.852000 -0.373205765042534498566 -0.00670825994539706472325 -0.0509118188061625023821 -0.0114967512438480263387 -0.0125204694786231335302 0.999855520840322142817 3.07620210462168364174
13037 855.860000 -0.373205554675138606591 -0.00670744788694124446926 -0.050911522236451720036 -0.0114965096793606721265 -0.0125215874883894996705 0.999855509617246340781 3.07620085945488819235
13038 855.868000 -0.373205344499955238291 -0.00670661721537135942228 -0.0509112607318223456265 -0.0114963803266266151315 -0.0125227266698673869033 0.999855496837486645845 3.07619961123928309377
13039 855.876000 -0.373205126900998829242 -0.00670576691251919838194 -0.050911043402919513301 -0.0114963777008891786247 -0.0125238693096414634848 0.999855482555990771054 3.0761983395624534765
13040 855.883000 -0.373204925888647176535 -0.0067050068743744924149 -0.0509108942974730305231 -0.0114964750673769051936 -0.0125248476974450413668 0.999855469181011535795 3.07619719494673660165
13041 855.890000 -0.373204678896551067524 -0.0067041048710940430444 -0.0509107725624504819928 -0.0114967187898784347494 -0.0125259517120262179463 0.99985545254840424434 3.07619578909428570412
13042 855.898000 -0.373204441379802243084 -0.00670331920414921501178 -0.0509107032899360628653 -0.0114970433668602264182 -0.0125269112526740153402 0.99985543679488397828 3.07619455695623944536
13043 855.905000 -0.373204154784306241233 -0.00670238981450028015879 -0.0509106649950706313668 -0.0114974867815020170836 -0.0125279420971278129815 0.999855418780395521772 3.0761930329566165021
13044 855.913000 -0.373203886902607473441 -0.00670158950308258512252 -0.050910666338633045469 -0.011497943082947227264 -0.012528802463344732715 0.999855402752665933797 3.07619170392097984745
13045 855.921000 -0.373203559926140238101 -0.00670064529994393760781 -0.0509106956072537808478 -0.0114985231826586851295 -0.012529741606305435167 0.999855384313099948557 3.07619006225022184609
13046 855.929000 -0.37320321483604917967 -0.00669969138528219744499 -0.0509107475174146242858 -0.0114991404533290736412 -0.0125306343149112590918 0.999855366026757175213 3.07618834784496097967
13047 855.932000 -0.373202858075126098214 -0.00669866457249080737152 -0.0509107996019703343271 -0.0114997529810323233235 -0.0125315152024227279004 0.999855347941944416768 3.07618639908770763469
13048 855.944000 -0.373202484590642424855 -0.00669775655283216288238 -0.0509108846371717493895 -0.0115003961412785318114 -0.0125323099375094209468 0.999855330583491852536 3.07618471641910540271
13049 855.952000 -0.373202157114549404326 -0.00669691940784456190422 -0.0509109430855597400178 -0.0115009125485172683523 -0.0125329972074101157059 0.999855316029049534521 3.0761831038601736843
13050 855.960000 -0.373201727605126987175 -0.00669581770054356213706 -0.050911016291029606573 -0.0115015585495328014759 -0.0125338908081705467656 0.999855297396648579067 3.07618093967897632268
13051 855.968000 -0.373201349362261847187 -0.00669484652263231672098 -0.0509110636659219351063 -0.0115020705738218213116 -0.0125346725390230086944 0.999855281706734988489 3.07617901809536364865
13052 855.975000 -0.373201072342994433217 -0.00669412566304642374371 -0.0509110792438071252386 -0.0115023911478199011155 -0.0125352422065624427572 0.99985527087709324956 3.07617759133032819818
13053 855.978000 -0.373200694646707631374 -0.00669313120295543517724 -0.0509111671353838501908 -0.011502902131745861361 -0.012536066833346579466 0.999855254659841929943 3.07617561197042510557
13054 855.991000 -0.37320034530453233268 -0.00669217954771144426379 -0.0509110864406405114191 -0.0115031603983792012763 -0.0125368642873602831322 0.999855241689860729792 3.07617373742849053997
13055 855.999000 -0.373199996286633084441 -0.00669120474996916063393 -0.0509110607888004496058 -0.0115034672913302844083 -0.0125377107462802967613 0.999855227545228042452 3.07617182545778655722
13056 856.007000 -0.373199657915920190998 -0.00669022645458897374099 -0.0509110173147002964544 -0.0115037308910650726279 -0.0125385853038095657075 0.999855213545523979768 3.07616992413884871027
13057 856.014000 -0.373199327969782057579 -0.00668924235608668853875 -0.0509109702418402837454 -0.0115039885457791403456 -0.0125395024785610684909 0.999855199078910961141 3.0761680268244293579
13058 856.017000 -0.373199033620431830371 -0.00668838912268591642696 -0.0509110023592428545536 -0.0115043007328699369018 -0.0125403039017602749988 0.999855185435720716924 3.07616640932756091331
13059 856.030000 -0.373198704750468790436 -0.00668728368257927047874 -0.0509108159644429125734 -0.0115043548209123828313 -0.0125413547863439753943 0.999855171632510808521 3.07616432666906414184
13060 856.033000 -0.37319842453882512423 -0.00668643156839519598594 -0.0509108292762919384389 -0.0115046521616734183369 -0.0125421963571352452355 0.999855157654936599343 3.07616274286454549625
13061 856.041000 -0.373198120259049526126 -0.00668541505167921570191 -0.0509107401282930180364 -0.0115048535309262029563 -0.0125431900755496195804 0.999855142872186464231 3.07616084789877808348
13062 856.049000 -0.373197826272617994015 -0.00668442113977276916592 -0.0509106579279091225887 -0.0115050397031877648518 -0.0125441538365922387877 0.999855128639120405154 3.0761590141993737646
13063 856.057000 -0.373197538954142649104 -0.00668340615590384476419 -0.0509105506948525909916 -0.0115052227508832000807 -0.0125451604657401422777 0.999855113903180048318 3.07615713029100001918
13064 856.065000 -0.373197240241176897424 -0.0066823607026932881417 -0.0509104674785647998148 -0.0115054636665599223366 -0.0125461696975580870583 0.999855098467641756343 3.07615518065921911273
13065 856.073000 -0.373196948531544892003 -0.00668133387931206523813 -0.0509103859323569440942 -0.0115056861905656528794 -0.012547137996959497469 0.999855083756325813127 3.07615326864324423184
13066 856.080000 -0.373196694835073894403 -0.00668042778083530533473 -0.0509103183274543305559 -0.0115058977950496105214 -0.0125479863742847374403 0.999855070674685597609 3.07615156500613684543
13067 856.088000 -0.373196391266424176703 -0.00667934236058247837731 -0.0509102475072972654457 -0.0115062003306963325788 -0.0125489938038033151807 0.999855054549639188366 3.07614949240684198983
13068 856.096000 -0.373196081913378718831 -0.00667827986558418122687 -0.0509102007801814498977 -0.011506525170023847518 -0.0125499547480055068105 0.999855038750285363136 3.0761474628291569644
13069 856.104000 -0.373195784689935194933 -0.00667722837592269347767 -0.0509101463188974881491 -0.0115068066138022274264 -0.0125508719430203405376 0.999855023998490688442 3.07614544412487989078
13070 856.112000 -0.373195468165921417913 -0.0066761297130708587011 -0.0509101066856686435003 -0.0115071722405058335381 -0.0125518412877883983603 0.999855007622261982014 3.07614330143841474552
13071 856.120000 -0.373195148711551905052 -0.00667503094929874744856 -0.0509100733881752559595 -0.0115075296305270705077 -0.0125527734783478835817 0.999854991806213844185 3.07614114019871953687
13072 856.128000 -0.37319484115396278634 -0.00667395838386717482615 -0.0509100368200030017896 -0.0115078428164407161466 -0.0125536625067961416652 0.999854977039859260657 3.07613903221303708335
13073 856.136000 -0.373194515929130277154 -0.00667284117125146146454 -0.0509100112593242754011 -0.0115082287408604603401 -0.0125546097484615284262 0.999854960704457229603 3.076136811239744695
13074 856.144000 -0.373194189818552291005 -0.00667172626039544414134 -0.0509099879334792143615 -0.0115085954109984470173 -0.012555526962464766752 0.999854944966699021869 3.07613458395371841547
13075 856.153000 -0.373193834312722128033 -0.00667051294942690251727 -0.0509099619026380373343 -0.0115089780349781015817 -0.0125565362916995378745 0.999854927887514066676 3.07613217771495017772
13076 856.161000 -0.373193507689939474314 -0.0066693636164786599882 -0.0509099322896766973146 -0.011509335293883279569 -0.0125574740043322176375 0.999854911998597661871 3.07612986383984798877
13077 856.169000 -0.373193188969990707893 -0.00666825765584723624546 -0.0509099035311298270257 -0.0115096554440388635504 -0.0125583733558296498783 0.999854897017669941306 3.07612765632069873334
13078 856.177000 -0.373192866583701876593 -0.00666713259951755288224 -0.050909874641580039889 -0.011510003876916726287 -0.0125593165386362493746 0.999854881159679020897 3.07612540228196440495
13079 856.184000 -0.37319259091679812812 -0.00666615227658810122202 -0.0509098450752405451425 -0.0115102780895183186283 -0.0125601271222657087656 0.999854867820812565071 3.07612344583317787183
13080 856.193000 -0.373192232358202979903 -0.00666490232029859526464 -0.0509098142387253010943 -0.0115106507710768333347 -0.0125611823249766468846 0.999854850274491058215 3.07612096355765096689
13081 856.201000 -0.373191920686582356836 -0.00666375313901010866979 -0.0509097660992325895535 -0.0115109447859628039046 -0.0125621356095516195639 0.99985483491307969306 3.07611866162723224249
13082 856.209000 -0.373191609477845354093 -0.00666262018921962712037 -0.0509097239394206355079 -0.0115112448850130198036 -0.0125630871085057830433 0.999854819503062541841 3.07611640671844721595
13083 856.222000 -0.373191313507109823089 -0.00666129842967864461978 -0.0509096060532860661407 -0.0115114419198033314518 -0.0125641075703109405398 0.999854804412064868124 3.07611365992469254493
13084 856.230000 -0.373191006149662496405 -0.00666015149663308145267 -0.0509095589878320597954 -0.0115117337329187080508 -0.0125650686278844705285 0.999854788975298780507 3.07611137487380537081
13085 856.238000 -0.373190700276772924227 -0.00665899988942750785392 -0.0509095104965201425418 -0.0115120236246357941778 -0.012566031965169699447 0.999854773530994389574 3.07610907925469456714
13086 856.245000 -0.373190435841823819896 -0.006657991872886162045 -0.0509094663968359950612 -0.0115122684901948178771 -0.0125668694598367793741 0.999854760185792779126 3.07610706898522989761
13087 856.248000 -0.373190118343456112004 -0.00665703709636566477725 -0.0509094891245130756752 -0.0115126550206168746376 -0.0125677665622664531953 0.99985474445942046362 3.07610529181478087324
13088 856.256000 -0.373189815028764582117 -0.00665587628097203190536 -0.0509094385558812728698 -0.0115129439489145158487 -0.0125687305089401540892 0.999854729015681953364 3.07610297110046504443
13089 856.269000 -0.373189525701041191486 -0.00665449271830541311257 -0.0509093166154760828901 -0.0115131381473506447244 -0.0125697630706322529409 0.999854713799134153795 3.07610006079858822048
13090 856.276000 -0.373189261090028201462 -0.0066534632127189727302 -0.0509092742027829683882 -0.0115133860344932524578 -0.0125705942498670220769 0.999854700495140025218 3.07609799055672983314
13091 856.284000 -0.373188958121593417072 -0.00665228131108000671212 -0.0509092255896341910892 -0.0115136805901635032312 -0.0125715557560389899761 0.999854685014347710492 3.07609560599027309635
13092 856.286000 -0.373188676348268355554 -0.00665143664251799208997 -0.0509092464685640261335 -0.0115140434283097729123 -0.0125723515286305879274 0.99985467083020196366 3.07609401600319021242
13093 856.291000 -0.373188491240417696826 -0.00665070587975620693133 -0.0509092147893363128341 -0.0115142073055106534951 -0.0125729311374372064447 0.999854661654752008282 3.07609254414314392534
13094 856.300000 -0.373188269336106104301 -0.00664965750592337503239 -0.0509091376349622010133 -0.0115143912228489637972 -0.0125737130117622233905 0.999854649704578157809 3.07609032177079244619
13095 856.303000 -0.373188033730422197287 -0.00664894744486210775847 -0.0509091544303298670915 -0.0115146690991700124257 -0.0125743569917785447815 0.999854638405893392239 3.07608899188793571966
13096 856.310000 -0.373187763073220546417 -0.00664789063012588034296 -0.050909116019864288083 -0.0115149539346812608553 -0.0125752124774678678693 0.999854624366476985031 3.07608683407821414946
13097 856.323000 -0.373187472401198927496 -0.00664643807350713371196 -0.0509090032447974544239 -0.0115151650991009903841 -0.0125762478781334657157 0.999854608911739828336 3.07608372163994170378
13098 856.330000 -0.37318716599297746539 -0.00664526291397135419892 -0.0509089682509645397035 -0.0115154803853975903905 -0.0125771962665326714897 0.999854593351236720089 3.07608134003889377439
13099 856.338000 -0.373186902928722530337 -0.00664417283325322276938 -0.05090892151655100617 -0.011515731266139094674 -0.0125780435083812040103 0.999854579803936993621 3.0760790922380034651
13100 856.341000 -0.373186584212958694096 -0.00664322106440480911194 -0.0509089473489264671136 -0.011516127678388561606 -0.0125789181365187439227 0.999854564235124088079 3.07607729746232250179
13101 856.349000 -0.373186279628228700922 -0.00664200563386161801221 -0.0509089052655106941159 -0.0115164325406686366554 -0.0125798773439539223612 0.999854548655726982354 3.07607480783557329929
13102 856.362000 -0.373185989528268979853 -0.00664051395220058293667 -0.0509087950758231530535 -0.0115166454823414695502 -0.0125809265541743722783 0.999854533001612422183 3.0760715911094909103
13103 856.370000 -0.373185685719918003311 -0.00663928831141143496741 -0.050908753101822579179 -0.0115169494411717313748 -0.012581890361392093422 0.999854517372654183482 3.07606907594334222367
13104 856.378000 -0.373185382402458354356 -0.00663805990980085094955 -0.0509087110205225096271 -0.0115172527358032711353 -0.0125828555440111802821 0.999854501733016265419 3.0760665543482268447
13105 856.386000 -0.373185079639090366843 -0.00663682882716648634563 -0.0509086687535189319487 -0.0115175552842666159559 -0.0125838219628772625402 0.999854486085390514738 3.07606402653220145638
13106 856.394000 -0.373184777467799155826 -0.00663559510043728109641 -0.0509086262487716614822 -0.0115178570495505123994 -0.0125847894203371338945 0.999854470432688491321 3.07606149247584736983
13107 856.397000 -0.373184461292717040148 -0.00663465175023174660862 -0.0509086522247421957577 -0.0115182502668277134128 -0.0125856633343525720764 0.999854454902924794091 3.07605972391892734663
13108 856.410000 -0.373184174933572865296 -0.00663311967906421266761 -0.0509085404373362665487 -0.011518458248734559507 -0.0125867265068528022542 0.999854439123722404936 3.07605640463825702469
13109 856.417000 -0.373183872685310613626 -0.00663191507203237697043 -0.0509085058368254489425 -0.0115187694408571180554 -0.0125876832978568335003 0.99985442349362108061 3.07605394780170193769
13110 856.420000 -0.373183599503902008188 -0.00663109682987924557024 -0.0509085271511576370473 -0.0115191036831655459899 -0.0125884407110196556989 0.999854410107192337342 3.07605241860652478536
13111 856.428000 -0.373183299982692784358 -0.0066298535468787486713 -0.0509084834867205987541 -0.0115194020035424126575 -0.012589409212650160691 0.999854394476094365807 3.07604985921465567955
13112 856.436000 -0.373183000896135153024 -0.00662860729761496556001 -0.0509084396386647319854 -0.0115196997295326352545 -0.0125903775363236537094 0.999854378853057945697 3.07604729102426599496
13113 856.443500 -0.373182741838699705283 -0.00662747658546814378405 -0.0509083927443429035131 -0.0115199393172919703487 -0.0125912257545320437763 0.999854365411345646919 3.07604493826312275218
13114 856.451000 -0.37318244149980844826 -0.00662626259224317198937 -0.0509083577994634342567 -0.0115202483305995827256 -0.0125921811629822692075 0.999854349818992460541 3.07604245255370845058
13115 856.464000 -0.373182158565860899735 -0.00662468500855988365328 -0.0509082444683908522109 -0.0115204519757712443156 -0.0125932493116393349336 0.999854334019735668804 3.07603900629551452184
13116 856.467000 -0.373181845516027455023 -0.00662374923546656287077 -0.0509082693943068015363 -0.0115208403925181005617 -0.0125941160635596773043 0.999854318627082738757 3.07603725191181442966
13117 856.475000 -0.373181547886142939152 -0.00662248786203301943731 -0.0509082251293287782468 -0.0115211357797676688941 -0.0125950833447403907212 0.999854303039139247211 3.07603463701439805433
13118 856.482000 -0.373181283200712032855 -0.00662137184395544288462 -0.0509081874916896409689 -0.0115214147787594273914 -0.0125959488131137976874 0.999854288921637524012 3.0760323143740015972
13119 856.490000 -0.373180985978063040065 -0.00662010472671966526681 -0.0509081431996535188622 -0.0115217094460353490504 -0.0125969163291678402233 0.999854273337088317319 3.07602968193392012353
13120 856.498000 -0.373180687031031910195 -0.00661887903452087079242 -0.0509081073433041292331 -0.0115220149937000655022 -0.0125978716304713349305 0.999854257780036004277 3.07602715829745276821
13121 856.505000 -0.373180431103814935767 -0.0066177268490661819364 -0.050908059164921394546 -0.0115222563916198041112 -0.0125987301192746967149 0.999854244181134332869 3.07602473896553529897
13122 856.513000 -0.373180132601859504415 -0.00661649389901198658331 -0.0509080236069630182039 -0.0115225618616902267255 -0.0125996851065487951854 0.999854228627033103649 3.07602219399954002199
13123 856.521000 -0.37317983630419704344 -0.00661521632463212948955 -0.0509079793255747120595 -0.0115228553529939398842 -0.0126006543785809194125 0.999854213029952365588 3.07601953106856917941
13124 856.529000 -0.373179542251700913091 -0.00661389302688876815073 -0.050907926336491854391 -0.0115231369131273391621 -0.0126016384337474252053 0.999854197383031606527 3.07601674747230191542
13125 856.541000 -0.373179260325391448649 -0.00661229864854365016746 -0.0509078217984109959726 -0.0115233492627088984772 -0.0126027068125811065463 0.99985418146986093646 3.07601324848858670435
13126 856.549000 -0.373179006081588382493 -0.00661113131156366821972 -0.0509077735884754106754 -0.0115235859464644357225 -0.0126035655410462587439 0.999854167917795577658 3.0760107865958463691
13127 856.557000 -0.373178711047591704641 -0.00660984126775496748374 -0.0509077294649252498626 -0.0115238788646455578291 -0.0126045384070639192309 0.999854152277950047889 3.07600809019192267257
13128 856.564000 -0.373178414327069440937 -0.00660859366618255297809 -0.0509076944891943411475 -0.0115241839092116542254 -0.0126054971992090193017 0.999854136674738991353 3.07600550543512829549
13129 856.569000 -0.373178187552891893475 -0.00660766262134533915312 -0.0509076712514529572395 -0.0115244267040592023726 -0.0126062210586401143853 0.99985412475008739186 3.07600358007661345283
13130 856.574000 -0.373178008209612555035 -0.00660686367929824800577 -0.0509076421549226124097 -0.011524588113214429691 -0.0126068105844670957927 0.999854115456704106712 3.07600191511307041736
13131 856.580000 -0.373177825999556178616 -0.00660600439270859606661 -0.0509076064470677658313 -0.011524769258286677448 -0.0126074444191754050926 0.999854105376759672019 3.07600008790600698561
13132 856.585000 -0.373177599742860077736 -0.00660507121169630426888 -0.0509075832655543208949 -0.0115250118916011157905 -0.0126081683567964165232 0.999854093451432168749 3.07599815663061537663
13133 856.591000 -0.373177383728412137565 -0.00660410401568937207445 -0.0509075487262772921615 -0.0115252189909556459341 -0.0126088902457326557799 0.999854081960953711139 3.07599613363441992675
13134 856.597000 -0.373177200256611052431 -0.00660324198265033711353 -0.0509075135600749045794 -0.0115253982164419035289 -0.0126095200780357175746 0.999854071952179457305 3.07599430196415202232
13135 856.605000 -0.373176948154772702981 -0.00660206034440564536875 -0.0509074656897272742606 -0.0115256343396410443347 -0.0126103807728418365608 0.999854058375437282358 3.07599180100207814093
13136 856.613000 -0.373176655511132715493 -0.0066007570993847283769 -0.0509074218834349723206 -0.0115259264587229647014 -0.012611354463734228068 0.999854042727166270055 3.07598906778269487461
13137 856.621000 -0.373176363172332603568 -0.00659945204970701065211 -0.0509073781057935714767 -0.011526218363762746888 -0.0126123279636397439551 0.999854027082737850662 3.0759863291234421645
13138 856.625000 -0.373176014211779927265 -0.00659841166495952081289 -0.0509074067530183860253 -0.0115266575651252166368 -0.012613293649605897967 0.999854009837778834324 3.07598437668785384957
13139 856.638000 -0.373175740690108059816 -0.00659666913144948442727 -0.0509072859855645015736 -0.0115268457868315504083 -0.0126144024419659640801 0.99985399367969662876 3.07598048248429067897
13140 856.646000 -0.373175449227693634136 -0.00659535842498123678346 -0.0509072422177976949276 -0.0115271367583758138631 -0.0126153752896545519324 0.999853978051022496132 3.07597772633455113223
13141 856.654000 -0.373175158028332121241 -0.00659404591123867282743 -0.0509071984251934644972 -0.0115274273553044957069 -0.01261634797525822832 0.999853962427681541847 3.07597496453321994636
13142 856.662000 -0.373174867088156392292 -0.00659273160144814227013 -0.0509071545951525206153 -0.0115277175505874192318 -0.0126173205433320733543 0.999853946809423077546 3.07597219711954661392
13143 856.670000 -0.373174576406127556094 -0.00659141551468527941288 -0.0509071107169091902067 -0.0115280073252228727754 -0.0126182930444558964733 0.999853931195829104261 3.07596942417373808709
13144 856.678000 -0.37317428598381335858 -0.00659009767834590944741 -0.0509070667822069458652 -0.0115282966689971375779 -0.0126192655305443750952 0.999853915586362718138 3.07596664581433199004
13145 856.686000 -0.373173995824986282077 -0.0065887781279804031806 -0.0509070227857925522441 -0.0115285855806208804158 -0.0126202380504869642042 0.999853899980421845228 3.07596386219312201149
13146 856.689000 -0.373173689369151240225 -0.00658786286561535445322 -0.0509070473625508612692 -0.0115289658837873024155 -0.0126210844409000658844 0.999853884911783730161 3.07596214451579763605
13147 856.697000 -0.373173399711790476641 -0.00658654232285085274035 -0.050907003266229197691 -0.0115292539958132232714 -0.012622056376250800902 0.999853869320479704541 3.07595935696534006354
13148 856.705000 -0.373173110338962887855 -0.00658522016975752067652 -0.0509069591013698447002 -0.0115295417045401336203 -0.0126230284501332792879 0.999853853731049291298 3.07595656461942645876
13149 856.717000 -0.37317287627692247165 -0.00658365323304985986669 -0.0509068508571410283103 -0.0115296932331397841004 -0.0126240010205887071004 0.99985383970467511805 3.07595303798497798908
13150 856.725000 -0.373172547104820562236 -0.00658220770815690255084 -0.0509068105864537157057 -0.0115300357656808842577 -0.0126250857354759920409 0.999853822058711760867 3.07595000709303523223
13151 856.728000 -0.373172282252097753386 -0.00658141421131734193767 -0.0509068309449324310489 -0.0115303588222743537417 -0.0126258174975916129951 0.99985380909308296804 3.07594852030089116468
13152 856.735000 -0.373172032594479063938 -0.00658020162082817786087 -0.0509067837876853862555 -0.0115305890502978534984 -0.012626673646308823884 0.999853795626531982599 3.07594593014274986231
13153 856.748000 -0.373171759312589945701 -0.00657850296555362226009 -0.0509066799209409170945 -0.0115307956438852991787 -0.0126277610249479182308 0.999853779511442164463 3.0759421424260811051
13154 856.755000 -0.373171469650774301208 -0.00657722323659014514174 -0.0509066437715223543692 -0.0115310925740050636973 -0.0126287176800200292431 0.999853764004420941802 3.07593945946615354714
13155 856.758000 -0.373171198981818219576 -0.00657641850795694007242 -0.0509066664186478695653 -0.0115314441443945675525 -0.0126294729270111059927 0.999853750410294117579 3.07593794183770041784
13156 856.766000 -0.373170911905219671034 -0.00657508590037653682658 -0.0509066220588773321598 -0.0115317296384948690668 -0.0126304456367517768667 0.999853734830530971323 3.07593511876584324582
13157 856.777000 -0.373170677569995667966 -0.00657354966842061370913 -0.0509065225075345725858 -0.0115318947260516242032 -0.0126314116054448248583 0.999853720723627215072 3.07593167224477070931
13158 856.785000 -0.373170431197473506657 -0.006572330825053900559 -0.0509064742768642539139 -0.0115321246827230234483 -0.0126322735323822817749 0.999853707182058237812 3.07592906102089314047
13159 856.792000 -0.373170142775326674212 -0.0065710460598792505213 -0.0509064390807667660477 -0.0115324218242861317035 -0.0126332295151342123563 0.999853691676379718878 3.07592636262719176798
13160 856.799000 -0.373169893041477906959 -0.00656987601399740706737 -0.0509064002257488337766 -0.0115326616300678256449 -0.0126340691994370792062 0.999853678300575254845 3.0759238816125082927
