27918 965.479000 20.4601831702225069876 -0.076195654832584849836 12.2295176018234386106
27919 965.487000 20.4600589650301358802 -0.0760787128048557442783 12.2282272985653754915
27920 965.495000 20.459955887488391113 -0.0761109369983633265999 12.2272249365128686804
27921 965.502000 20.4598817420127332412 -0.0762284823255106325224 12.2265968193260281538
27922 965.510000 20.4598139144245827481 -0.0764287571435281337662 12.2261581619732098147
27923 965.517000 20.4597680560687500417 -0.0766350520796209300212 12.226001040022717703
27924 965.526000 20.4597253740946065648 -0.0769106283007567059773 12.2260680014620124467
27925 965.534000 20.4597004437784022457 -0.07714285727362221734 12.2263312533491177447
27926 965.542000 20.4596852440083409874 -0.0773484311715567363077 12.2267309426208878875
27927 965.550000 20.4596772763424894492 -0.0775195391961086277544 12.2272123586756507052
27928 965.558000 20.4596740829057992528 -0.0776531800442818304075 12.2277232362579457714
27929 965.566000 20.4596733647929376332 -0.0777498927480362173048 12.2282171774446233314
27930 965.574000 20.4596730847528824881 -0.0778126126284632985142 12.2286563722820726952
27931 965.582000 20.4596715455792654836 -0.0778457217437814597005 12.2290134353264807743
27932 965.590000 20.4596674396580269217 -0.0778543113603323844174 12.2292722481673070689
27933 965.598000 20.459659868506385294 -0.0778436426458721797417 12.2294277936470177082
27934 965.606000 20.4596483339552221992 -0.0778187766229752886371 12.2294850676220789865
27935 965.614000 20.4596327048839654594 -0.0777843400131892903637 12.2294572420051679273
27936 965.622000 20.4596131650575259187 -0.0777443951072099848076 12.2293633160937567084
27937 965.630000 20.4595901485691129551 -0.0777023857390636008002 12.2292255250752450735
27938 965.638000 20.4595642696238186886 -0.077661135837860273412 12.2290667739849023832
27939 965.647000 20.4595326390145366702 -0.0776183996269160930703 12.2288894872863824759
27940 965.655000 20.4595020443989277226 -0.0775859676608496168226 12.2287519470901795415
27941 965.662000 20.4594764865728215852 -0.0775617318750406320449 12.2286587140069844537
27942 965.670000 20.4594461781266332423 -0.0775405355252463263094 12.2285882181564513616
27943 965.678000 20.4594167537401929735 -0.0775264563830162789504 12.2285587026484972029
27944 965.686000 20.4593888032986193082 -0.0775195427215880916716 12.2285673476887826183
27945 965.694000 20.4593627168624934143 -0.0775194889282306565104 12.2286073060538029722
27946 965.702000 20.4593387479329074097 -0.0775256869318286384596 12.228668913502406923
27947 965.710000 20.4593173461722059869 -0.0775374768993422475161 12.2287410032836412199
27948 965.718000 20.4592980751264548189 -0.0775532697506424451017 12.2288123182613013284
27949 965.726000 20.4592809294084609917 -0.0775717648229804490612 12.2288725462697520641
27950 965.734000 20.4592663348104260024 -0.0775919929011955056275 12.228913399500063619
27951 965.741000 20.4592559405849065968 -0.0776096582995353112544 12.2289290762608633401
27952 965.748000 20.459247666446913172 -0.0776262877554913521827 12.2289239050106974815
27953 965.756000 20.4592402402713595677 -0.0776428307987791638256 12.2288922969549531672
27954 965.764000 20.4592357278685170741 -0.0776559203378822809904 12.2288359221238707164
27955 965.772000 20.4592325319204597633 -0.0776637573755538102027 12.2287593765537110357
27956 965.779000 20.4592317130605501063 -0.07766685074802545663 12.2286809772030107268
27957 965.787000 20.4592328934321230349 -0.0776654147641758774157 12.2285851673012793128
27958 965.796000 20.4592366699439764943 -0.0776577651336408519844 12.2284784871031106945
27959 965.803000 20.4592410248402636341 -0.07764798675989306731 12.2284024691717085886
27960 965.811000 20.4592477268306360827 -0.0776334880813307620651 12.2283288571329826766
27961 965.820000 20.4592572608474014828 -0.0776143588447594789947 12.2282682422127475519
27962 965.827000 20.4592655336371507246 -0.0775987126556547668343 12.2282394267530225562
27963 965.835000 20.4592766468736648733 -0.0775810092853596311446 12.2282272693902243077
27964 965.842000 20.4592869094918512474 -0.0775670270283720653115 12.2282335493382419145
27965 965.851000 20.4593020705570047824 -0.077551712394129113104 12.2282625233911623752
27966 965.860000 20.4593183550977855134 -0.077541070094913414068 12.2283093231917927568
27967 965.868000 20.4593338770771246971 -0.0775364033005141867205 12.2283603150280182348
27968 965.875000 20.4593477143625435133 -0.0775357957380840429051 12.2284079447244202754
27969 965.882000 20.4593617890530161674 -0.0775382626075407643818 12.2284548450168895073
27970 965.890000 20.4593787001632705369 -0.077545041286177368578 12.2285034199101740882
27971 965.898000 20.4593963439929709125 -0.0775549440820029606369 12.2285431207537715892
27972 965.906000 20.4594147611013639221 -0.0775671075770134749172 12.2285709499692405444
27973 965.914000 20.4594336691742739731 -0.0775805525839660253817 12.2285849462369533569
27974 965.922000 20.4594534410180521888 -0.077594021132722776346 12.2285847632704811616
27975 965.931000 20.459477131841818931 -0.0776082125987603982376 12.2285681686390041989
27976 965.938000 20.4594958033998324254 -0.077617177276700685673 12.2285445567673409784
27977 965.945000 20.4595154989395062728 -0.0776244011454638449532 12.2285131551242010062
27978 965.954000 20.4595423963260394373 -0.0776301481228973272453 12.2284645012970294431
27979 965.961000 20.4595642646933484343 -0.0776317691780331609053 12.2284225605547689497
27980 965.969000 20.4595904771315524329 -0.0776305713320323553805 12.2283730765320921563
27981 965.977000 20.4596180569197301224 -0.0776264291651407173367 12.2283246864534103082
27982 965.985000 20.4596478303853785974 -0.0776194989450833122691 12.2282801447058453448
27983 965.993000 20.4596789258718310123 -0.0776108049830826207671 12.2282409554962470111
27984 966.001000 20.4597114933823540639 -0.0776009425880874736947 12.2282085666855753203
27985 966.009000 20.4597456588175852232 -0.0775907838201015664925 12.2281836611418714966
27986 966.018000 20.4597860733588277071 -0.0775797757094655315857 12.228164790369284276
27987 966.026000 20.4598231380879163055 -0.0775713106349374820203 12.2281553422191429092
27988 966.034000 20.4598618047962474975 -0.0775643652786457971082 12.2281522015530974556
27989 966.042000 20.459901773473944786 -0.0775594041530701105991 12.2281539558232985598
27990 966.050000 20.4599425112271653404 -0.0775567062682224472869 12.2281589763059113096
27991 966.058000 20.4599845072776957977 -0.0775560158766677443243 12.228166136864487612
27992 966.066000 20.4600274634706096322 -0.0775572761694756085404 12.2281738300727944591
27993 966.074000 20.4600708647313176414 -0.0775602908376204353003 12.2281805615959680011
27994 966.082000 20.4601152306639768597 -0.0775644095022485352553 12.2281856168007223573
27995 966.090000 20.4601598847553987071 -0.0775694351342566951191 12.2281878071413050435
27996 966.098000 20.4602055977964170097 -0.0775745523078192611433 12.2281870347921497455
27997 966.105000 20.4602457733771352366 -0.0775791760520623263631 12.2281833432557611729
27998 966.114000 20.4602983575316024201 -0.0775840109924642445938 12.2281749427710728639
27999 966.122000 20.460345635330721592 -0.0775875324587413511823 12.2281639978542404634
28000 966.130000 20.4603934093387103132 -0.0775898972911185508261 12.2281502691252210724
28001 966.138000 20.4604418701874344322 -0.077591092291973237649 12.2281342854616035254
28002 966.145000 20.4604848230293683287 -0.0775911233506240416435 12.228118952394140706
28003 966.154000 20.4605409887958735737 -0.0775898578551411644 12.2280981264769827987
28004 966.162000 20.4605917951585389858 -0.0775876991632148682587 12.2280792187384150793
28005 966.169000 20.4606367397195860747 -0.0775852870121735566089 12.2280627115758520063
28006 966.177000 20.460689181322660346 -0.0775819832612255066984 12.2280445314630057396
28007 966.185000 20.4607424512101623293 -0.0775785031266381513992 12.2280272621152725776
28008 966.193000 20.4607967515171260686 -0.0775750160056698362387 12.2280112655903092644
28009 966.200000 20.4608448737901014169 -0.0775722382963803247513 12.2279982930504296235
28010 966.208000 20.4609009719954215711 -0.077569393771473843513 12.2279848817468739242
28011 966.216000 20.4609578198633279555 -0.0775671822660553983431 12.2279726819051983711
28012 966.221000 20.4609936592728374194 -0.0775661901688138311073 12.2279656725167580333
28013 966.227000 20.4610381995150092393 -0.077565489254864672386 12.227958082070596646
28014 966.232000 20.461074242935929135 -0.0775646274674419572426 12.2279518494917702753
28015 966.239000 20.4611263126614773 -0.0775642751628450033419 12.2279439236776461541
28016 966.245000 20.4611717980652088045 -0.0775645887441632625459 12.227937538861395339
28017 966.250000 20.4612096654385702266 -0.0775644671078951353227 12.2279323621588407178
28018 966.256000 20.4612553345056014109 -0.0775649901863962737414 12.2279262110328534874
28019 966.262000 20.4613019752368181514 -0.0775658948829111988266 12.2279202321632638473
28020 966.267000 20.461340760317860088 -0.0775661417634686822797 12.2279151898482538741
28021 966.274000 20.4613954368639916481 -0.0775670346439939623062 12.2279079746777199489
28022 966.281000 20.4614503284725586241 -0.077568075194568888997 12.2279003746491827798
28023 966.289000 20.4615143290203214121 -0.0775688129686532418239 12.2278916517105979977
28024 966.297000 20.4615784023216242815 -0.0775696083363235366903 12.2278822236446718108
28025 966.305000 20.4616434660959960468 -0.0775697909527813533881 12.2278725290504990397
28026 966.312000 20.4617011024153718779 -0.0775700465866833166473 12.2278636129482300987
28027 966.320000 20.4617666280126933032 -0.0775695510956519451717 12.2278528378716941916
28028 966.328000 20.4618327546669682704 -0.0775689615675775184789 12.2278416589674083781
28029 966.336000 20.4618990358962484777 -0.0775679178483050235648 12.2278300987611299178
28030 966.344000 20.4619661284309373173 -0.0775668701265207344298 12.2278183091171701591
28031 966.351000 20.4620249568898877612 -0.0775659651851794279542 12.2278076738893677344
28032 966.359000 20.4620931128404386357 -0.0775647152994009270177 12.2277956643710670193
28033 966.365000 20.4621443174362305228 -0.0775640782977057713365 12.2277864545046224265
28034 966.372000 20.4622053695052805722 -0.0775629499777651942871 12.2277761381773526494
28035 966.380000 20.4622752065657422804 -0.0775621043502573714878 12.2277641370699647894
28036 966.387000 20.4623360976762818098 -0.0775608756756234890561 12.2277536908594264276
28037 966.394000 20.4623977359470572424 -0.0775602096405529767287 12.2277433479937069905
28038 966.401000 20.4624595350166025298 -0.0775598075499956962631 12.2277329778337424671
28039 966.408000 20.4625224148826951875 -0.0775593580783845576443 12.2277230198367199421
28040 966.415000 20.4625858396919504401 -0.0775592957799185606094 12.227713151570419825
28041 966.422000 20.4626497626222736415 -0.0775589126512176429973 12.2277034342002206557
28042 966.429000 20.462713389295632993 -0.07755856859290841121 12.2276937149932383164
28043 966.435000 20.4627680170025882944 -0.0775586819314401515468 12.2276852253286456573
28044 966.442000 20.4628329675436688717 -0.0775586055396055989997 12.227675763286859123
28045 966.449000 20.4628984132972142618 -0.077558802256251085927 12.2276663216426602077
28046 966.457000 20.4629735177678675484 -0.077558545986339960665 12.2276556058206224975
28047 966.463000 20.4630298273947310861 -0.0775582337832959878288 12.2276474963174024424
28048 966.470000 20.4630957365770740353 -0.0775581777591229371005 12.2276378972230244102
28049 966.476000 20.4631527579058705157 -0.0775580298789022432038 12.2276298179277436162
28050 966.483000 20.4632199123493663251 -0.0775579791699703979813 12.2276204180828518275
28051 966.490000 20.4632874432459139769 -0.077557433022168276171 12.2276110285131345279
28052 966.498000 20.4633645711856075877 -0.0775569219093718564828 12.22760015900333741
28053 966.505000 20.4634319076114827851 -0.0775562493162520322221 12.2275905158455042709
28054 966.512000 20.4634998444634952364 -0.077555705909477370974 12.2275809079096919874
28055 966.519000 20.4635678291589861999 -0.0775552989419338867361 12.2275711149018295743
28056 966.526000 20.4636369817669283577 -0.0775546172338023448445 12.2275616660443340322
28057 966.534000 20.463715892658299822 -0.0775541054355327746928 12.2275506227614467747
28058 966.541000 20.4637855085341868744 -0.0775533117112169045893 12.2275410292052022498
28059 966.547000 20.4638446124459107978 -0.0775526127756236555166 12.2275326517438625018
28060 966.553000 20.4639038625333391508 -0.0775523526707778132483 12.2275240953730115478
28061 966.560000 20.4639743630807586783 -0.0775517555139012548793 12.227514568153571517
28062 966.568000 20.4640548178049819228 -0.0775514005566708131134 12.2275034589292843634
28063 966.576000 20.4641357267819223864 -0.0775507247630987522902 12.2274924410397414221
28064 966.583000 20.4642068241166690257 -0.0775503314227308504503 12.2274827151701845906
28065 966.592000 20.4642984196269104302 -0.0775498953677680180618 12.2274702045558445462
28066 966.599000 20.464369635767226896 -0.0775493734617974522783 12.2274604690896637749
28067 966.606000 20.4644411636136638322 -0.077549201090237052103 12.2274505856840249862
28068 966.613000 20.4645132512957843574 -0.0775489410220311925492 12.2274408855071428093
28069 966.620000 20.4645855286356059821 -0.07754890901063887787 12.2274310656107179085
28070 966.627000 20.4646588561581914689 -0.077548535851933650398 12.2274215969960238226
28071 966.635000 20.4647425154560309579 -0.0775484431909766736002 12.2274104940720853563
28072 966.643000 20.4648261152563790688 -0.0775479038821813293492 12.2273993705173911195
28073 966.650000 20.4648992831729827913 -0.0775473773473078081819 12.2273896361338216821
28074 966.659000 20.4649941886713193639 -0.0775469531439059445166 12.2273771246425653203
28075 966.667000 20.4650788357862403188 -0.0775465178995520115768 12.2273660230761382905
28076 966.674000 20.4651528480989419734 -0.0775462255909030173662 12.2273561418143472679
28077 966.681000 20.4652273653474452431 -0.0775458049430559487325 12.2273464456559537439
28078 966.689000 20.4653125508640165719 -0.0775454414500818395295 12.2273352019602601359
28079 966.695000 20.4653776559098794507 -0.0775450061856268052507 12.2273271772216176601
28080 966.702000 20.4654530213870771149 -0.0775445277342262928588 12.2273174759384115617
28081 966.710000 20.4655388667244686474 -0.0775437767074066836015 12.2273063686473939526
28082 966.717000 20.4656143462844042347 -0.0775433128764308338132 12.2272966409619172623
28083 966.725000 20.4657008033588994067 -0.0775428452525544487095 12.2272854674794331231
28084 966.733000 20.4657877760243067655 -0.0775422696536810784895 12.2272744725444368896
28085 966.741000 20.4658750714041630658 -0.0775417134895743792589 12.2272634935552648727
28086 966.748000 20.4659514260981936218 -0.0775413289510989423015 12.2272537856919178978
28087 966.756000 20.4660391468012612393 -0.0775408161477232071856 12.2272427998848591812
28088 966.763000 20.4661155761542055131 -0.0775405633540820204974 12.2272329367029719549
28089 966.771000 20.4662038250958531194 -0.0775400490108089229802 12.2272219924041340988
28090 966.779000 20.466291847462169784 -0.0775397634439180666321 12.2272108071789400441
28091 966.785000 20.4663590552505922915 -0.0775394092052894279288 12.2272028218542416766
28092 966.790000 20.4664141811910269553 -0.0775389620647449762103 12.2271958540688832073
28093 966.796000 20.4664806794948965774 -0.0775386943852936494359 12.2271875355139609809
28094 966.801000 20.4665364656492307915 -0.0775385768764695060273 12.2271806448944566625
28095 966.806000 20.4665925372324863929 -0.0775383769957573298903 12.2271737987974233874
28096 966.812000 20.4666590998264084078 -0.0775378828956206772594 12.2271654784438812413
28097 966.817000 20.466714636438183561 -0.0775379404694617330174 12.2271583609207574739
28098 966.823000 20.4667826566416408696 -0.0775375224532310614034 12.2271502975340506936
28099 966.831000 20.4668722700298495454 -0.0775371139367828920985 12.2271392048423415133
28100 966.839000 20.4669623090703716173 -0.0775366939804138510794 12.2271281435692138473
28101 966.847000 20.4670522075617213886 -0.0775362540118929993715 12.2271169432936375188
28102 966.855000 20.4671426838435763784 -0.0775360213645467089005 12.2271058422616487604
28103 966.863000 20.467233491229876563 -0.0775353912167178888071 12.2270948316882943629
28104 966.868000 20.4672899243328458851 -0.0775349124797290178979 12.2270878258359196877
28105 966.872000 20.4673351921795187991 -0.0775347973114368788083 12.2270821962339830691
28106 966.876000 20.4673809557494763567 -0.0775344146911667031485 12.2270767867963474629
28107 966.880000 20.4674262223968987939 -0.077534336152177849022 12.2270711052391067852
28108 966.887000 20.4675059996622117353 -0.0775339232655457566423 12.2270614006960585129
28109 966.894000 20.4675861743979261576 -0.0775337502453557481097 12.2270517425102323017
28110 966.901000 20.4676666001338567469 -0.0775331466505276428736 12.2270421318593971449
28111 966.907000 20.4677348579308535648 -0.0775325913861362320256 12.2270337596108049638
28112 966.914000 20.4678151559529659664 -0.0775321644581948993258 12.2270240858203109724
28113 966.920000 20.4678838961814832942 -0.0775318933001836463337 12.2270157048514072073
28114 966.927000 20.4679644171508030581 -0.0775314759715634432835 12.2270060326987195509
28115 966.934000 20.4680449059797275879 -0.0775312873724568335509 12.2269962418015261107
28116 966.940000 20.4681149584611432601 -0.0775308156607789206172 12.2269881961651645241
28117 966.947000 20.4681957654706216942 -0.0775304142708596738531 12.2269784968947110571
28118 966.954000 20.4682764752992945034 -0.0775297809563179479708 12.2269688631911161991
28119 966.961000 20.4683574929838272283 -0.0775294239222616143881 12.2269591564790793825
28120 966.965000 20.4684037149939541678 -0.0775293181609306852886 12.226953550199512577
28121 966.972000 20.4684852568870319089 -0.0775291735732202003106 12.2269439336543204178
28122 966.979000 20.4685670276480848884 -0.0775286038898223145432 12.2269343589740859812
