26714 956.614000 22.0543573527463649953 -0.0947210661148876476023 9.02734367788658076392
26715 956.621000 22.0541440658743788106 -0.094476583982747816548 9.02639773604266792972
26716 956.628000 22.053943090513492109 -0.0943703798375359059758 9.02554444237560282716
26717 956.635000 22.0537532112998775347 -0.0943810805455773116357 9.02481927752944557142
26718 956.643000 22.053548337460448181 -0.0945028600391196321739 9.02417666586629430014
26719 956.650000 22.0533784808920572118 -0.0946743198829921722703 9.02378942163131902987
26720 956.657000 22.0532163384029225028 -0.0948788569530765180104 9.02356544858240283702
26721 956.664000 22.0530609536789299341 -0.0950934819811093540176 9.02349506343369611727
26722 956.671000 22.0529114375443668905 -0.0952994921822426371838 9.02356088974412173798
26723 956.679000 22.0527467032715982498 -0.0955067379596607896053 9.02377278771785462652
26724 956.686000 22.0526071050636502946 -0.095653497324182046313 9.02404686001070643897
26725 956.693000 22.0524710492764874914 -0.0957634602208767421461 9.02437277832792084098
26726 956.701000 22.0523191246748773153 -0.0958436068805896407286 9.02477114930827362116
26727 956.708000 22.0521887025202580901 -0.0958768323494527119344 9.02511190942844798712
26728 956.715000 22.0520601085264829067 -0.0958805657160889251989 9.02542090142268627062
26729 956.722000 22.0519328970650754229 -0.0958608141602806801407 9.02567979076857440646
26730 956.730000 22.0517886943874472649 -0.0958178509834786418242 9.02589827368470665192
26731 956.737000 22.051663160616627124 -0.0957696165764597151515 9.02601456322316941794
26732 956.745000 22.0515200397268671395 -0.0957100940448061404675 9.02606154452696074486
26733 956.752000 22.0513948562666115549 -0.0956595599161987886205 9.02603333790305661921
26734 956.761000 22.0512329859136713139 -0.0956029576914848716607 9.02591810845135711361
26735 956.769000 22.0510885966018079785 -0.095563206799493802257 9.02576242689581320633
26736 956.776000 22.0509631366710472378 -0.0955389723900253312605 9.02560270217203708398
26737 956.785000 22.0508003048856906503 -0.0955206376855799177417 9.02538984359628848608
26738 956.793000 22.0506564618753699847 -0.0955164608195491621201 9.02521473592539891229
26739 956.801000 22.050512284883904357 -0.0955202000035979825743 9.02507008136331734249
26740 956.809000 22.0503692875607768542 -0.0955304494103696444363 9.02496702848527121432
26741 956.817000 22.0502261324265731446 -0.0955439790191607296599 9.02491150328598834562
26742 956.825000 22.0500850897022857566 -0.095558623434656986273 9.0249045527676816647
26743 956.834000 22.04992797219215106 -0.0955743508450013767863 9.0249489828236306721
26744 956.842000 22.0497896535116808536 -0.0955859067848588705996 9.02502598876747619272
26745 956.850000 22.0496539224525385237 -0.0955951664481012042263 9.02512674628353117612
26746 956.858000 22.0495199085350712664 -0.0956014368824454896512 9.02523905737993104026
26747 956.866000 22.0493879139116728538 -0.0956050893339386032022 9.02535067590006612193
26748 956.874000 22.0492585239150322707 -0.0956067490555611437797 9.02545066689241792801
26749 956.882000 22.0491312216482242547 -0.0956069232390708290126 9.02552989334015798306
26750 956.890000 22.0490060106373420012 -0.0956061016440886146661 9.02558220178979198067
26751 956.899000 22.0488680250159099216 -0.0956048110318926391837 9.02560495008564522834
26752 956.906000 22.0487625559496542849 -0.0956036917184178158813 9.02559618427695120602
26753 956.915000 22.0486292843586895174 -0.095601915111614282905 9.02555399359835774931
26754 956.922000 22.0485268886825771517 -0.0956004629026102753508 9.02550112268625248646
26755 956.931000 22.0483977609838888156 -0.0955984002743255761869 9.02541508719097329561
26756 956.938000 22.0482991015560472192 -0.0955964611339007314106 9.02534023135272711613
26757 956.946000 22.0481873605055760379 -0.0955932090779582493978 9.02525309234542660874
26758 956.953000 22.0480913050829379074 -0.095589995907324629143 9.02518057406434337508
26759 956.962000 22.0479686154372878093 -0.0955844065096840694862 9.0250993073078227269
26760 956.970000 22.0478624637878688475 -0.095578665290886558048 9.02504337475530782342
26761 956.978000 22.0477562691781656667 -0.0955717013286553063178 9.02500531226641911076
26762 956.986000 22.0476521530401825544 -0.0955648065804337032425 9.02498628834885252559
26763 956.995000 22.0475358276152384462 -0.0955568547804614976116 9.02498680530440466896
26764 957.003000 22.0474346100504696722 -0.0955503234139200297026 9.02500459268312305028
26765 957.011000 22.0473345368365585273 -0.0955448575208817374449 9.02503506454570292306
26766 957.019000 22.0472349877350026759 -0.0955406799920233695822 9.02507411575947848803
26767 957.027000 22.047137530054250476 -0.0955381034397899120414 9.02511792124644607327
26768 957.035000 22.047040690462139878 -0.095537263428276550381 9.02516193820971324158
26769 957.042000 22.0469580433995453461 -0.0955382943200412393381 9.02519791653618241867
26770 957.050000 22.0468632021032249213 -0.0955403365768986434503 9.02523303323542691601
26771 957.058000 22.0467702353080738931 -0.0955440522297281574771 9.02525970783397646358
26772 957.066000 22.0466787353159467955 -0.0955488881104546994294 9.02527644901737247096
26773 957.074000 22.0465873777781631304 -0.0955536089799830651303 9.02528268920133491804
26774 957.082000 22.0464979709789865581 -0.0955587349080605635843 9.02527879724460824207
26775 957.091000 22.0463980362391964718 -0.0955635965260391434528 9.02526365727742074796
26776 957.100000 22.046300721011267143 -0.0955673687462295640138 9.02523961233746163657
26777 957.108000 22.0462147165094499712 -0.0955688377057138521709 9.02521289670222515156
26778 957.116000 22.0461305471101312037 -0.0955692774051343507669 9.02518333265167882473
26779 957.123000 22.0460571372333618001 -0.0955683075172226725869 9.02515671428981391955
26780 957.132000 22.0459654712903692086 -0.0955653696431380678122 9.02512411300923567126
26781 957.140000 22.0458841554629287884 -0.0955609904713875663029 9.02509784542489335024
26782 957.148000 22.0458048407099163057 -0.0955560994991792866937 9.02507545429438984286
26783 957.156000 22.0457262320208009498 -0.0955504547105250484629 9.02505765584423791381
26784 957.165000 22.0456404341978391415 -0.0955438807190548550219 9.02504372612940208853
26785 957.172000 22.0455738502334384066 -0.0955385682524630686085 9.02503692799808554525
26786 957.180000 22.0454995315448734061 -0.0955332590325306124646 9.02503330651969903897
26787 957.187000 22.0454349220282104227 -0.095529053857832960106 9.02503307114506547748
26788 957.192000 22.0453893227098802754 -0.0955267476998196279903 9.02503416535973990165
26789 957.198000 22.0453358355329918083 -0.0955241146077561581462 9.0250370105527171205
26790 957.203000 22.0452911872042740526 -0.095522699959627158095 9.02503978031474041188
26791 957.208000 22.0452476193328870124 -0.0955213941179175879403 9.02504327022243479917
26792 957.213000 22.0452040159457425261 -0.0955205598138459954782 9.02504682725428608592
26793 957.219000 22.0451526002315496555 -0.0955203083717624246152 9.02505102951137061496
26794 957.225000 22.0451015573416704285 -0.0955204801139292319911 9.02505485973154542023
26795 957.230000 22.0450594009437566001 -0.095520683661693736588 9.02505766521130148305
26796 957.236000 22.0450091761144264524 -0.0955215453855053492349 9.02506019543852744391
26797 957.241000 22.0449678522396759206 -0.0955221636664047718535 9.02506168647732032184
26798 957.247000 22.044918210981162332 -0.0955231095731376989022 9.02506241051481872262
26799 957.253000 22.0448698215720746418 -0.0955243548489439070481 9.02506209690082883412
26800 957.259000 22.0448219181433984204 -0.0955255359225313238625 9.0250607077163742531
26801 957.265000 22.0447738216658422061 -0.0955262606030099492571 9.02505817699155699074
26802 957.270000 22.0447345894222728191 -0.0955270492989451908139 9.025055308165940815
26803 957.275000 22.0446950831550338989 -0.0955273246407852966167 9.02505172869570948535
26804 957.281000 22.044648855704327417 -0.0955276951716399064241 9.0250468570909916366
26805 957.287000 22.0446024952389620921 -0.0955274092593662721429 9.02504123265661561959
26806 957.293000 22.0445567624659801709 -0.095527130468583548728 9.02503502875459062693
26807 957.299000 22.0445115003836420442 -0.0955261653500281276985 9.02502853010583017124
26808 957.306000 22.044458859190537936 -0.0955249555479406042835 9.02502048650644894678
26809 957.315000 22.0443933389416315549 -0.0955229425083709421385 9.0250102972341448293
26810 957.323000 22.0443352253058826307 -0.0955203170900953690836 9.02500138568795584604
26811 957.332000 22.0442713915909322964 -0.0955175860998972309224 9.02499171199740679583
26812 957.340000 22.0442155815601026347 -0.0955149935676410655194 9.02498379508099546342
26813 957.348000 22.0441604613361121778 -0.0955124473592732642357 9.02497641672826489412
26814 957.356000 22.0441060559873314162 -0.0955099684048792002544 9.02496969924207448344
26815 957.364000 22.0440522621177485973 -0.0955077336191744868943 9.02496357181096442446
26816 957.371000 22.0440071339020597918 -0.0955063079239358569961 9.02495887082056391648
26817 957.378000 22.0439614459541353142 -0.0955045825273195952976 9.02495443961834986624
26818 957.385000 22.0439169564588617334 -0.0955033826589440082433 9.02495038634704549452
26819 957.390000 22.043885318556185382 -0.0955026461351484307061 9.02494763160105506472
26820 957.396000 22.0438480209319713765 -0.0955019939409867818503 9.02494443034864701758
26821 957.401000 22.0438172511674430609 -0.0955012929720267522704 9.02494190953759378715
26822 957.406000 22.0437870002465494679 -0.0955009948528351276797 9.02493939324842386895
26823 957.412000 22.0437505544065288632 -0.0955002862020976617252 9.02493640033089583596
26824 957.417000 22.0437209573424333087 -0.0955000821434088542627 9.02493391338231809584
26825 957.423000 22.0436852803442597803 -0.0954994402472725961717 9.02493089681937732394
26826 957.428000 22.0436557412980675963 -0.0954990300875208641962 9.02492829724058864826
26827 957.433000 22.0436269736384602425 -0.0954986085626549352501 9.02492575135760510818
26828 957.440000 22.0435870799117807906 -0.0954980883631410121248 9.02492202274236099413
26829 957.447000 22.0435474847366918993 -0.0954974265527631094308 9.02491813781348994894
26830 957.455000 22.0435022398612083805 -0.0954965476551775521719 9.02491336742756011802
26831 957.463000 22.0434591748734796113 -0.0954957045806119064757 9.02490873454957842625
26832 957.470000 22.043420837865774331 -0.0954944391328627906201 9.02490437302837911204
26833 957.478000 22.0433776058953583288 -0.095493119864734257729 9.02489918851295769286
26834 957.486000 22.0433355991039192645 -0.0954917102826436381413 9.0248940013400176241
26835 957.494000 22.0432941554704520115 -0.0954903095724685818668 9.02488865683913310534
26836 957.502000 22.0432533653916031824 -0.0954888554128431182866 9.02488325986042028148
26837 957.509000 22.0432176821706349301 -0.0954875914263680486416 9.02487831272684282169
26838 957.516000 22.0431829076831959924 -0.0954860049184680509393 9.02487361790580244758
26839 957.524000 22.0431439658645764723 -0.0954846965535354058607 9.02486804393456409912
26840 957.532000 22.0431046469175591085 -0.0954832712607768807622 9.02486233360414402682
26841 957.539000 22.0430718169728052658 -0.0954820903668780890383 9.02485763815360897411
26842 957.547000 22.0430343696739257098 -0.0954808342540824084299 9.02485211064757741894
26843 957.555000 22.0429970690053345095 -0.0954796664028495778442 9.02484653577275608427
26844 957.563000 22.0429612095057159138 -0.0954784437958998005724 9.02484123561196049934
26845 957.571000 22.0429253612174207433 -0.0954773035902518329987 9.02483580879557223398
26846 957.578000 22.0428941039186412354 -0.0954764467842393049768 9.02483098192594290765
26847 957.585000 22.0428643042300080879 -0.0954755589429848589011 9.02482647157025574813
26848 957.591000 22.0428386780031466685 -0.0954747092493541532621 9.02482251620029174433
26849 957.597000 22.0428131570687249052 -0.0954738443988282781127 9.02481857624059813361
26850 957.604000 22.0427842878471373922 -0.0954731577617529830748 9.02481390943836281338
26851 957.612000 22.0427511539973863819 -0.0954721366039105040491 9.02480859958109782326
26852 957.620000 22.0427193874148557029 -0.0954709402430506254289 9.02480354907684656496
26853 957.627000 22.0426916185465238129 -0.0954699340495907128323 9.02479900601162299267
26854 957.635000 22.0426603740326569891 -0.0954687356321587271557 9.02479383753840913585
26855 957.643000 22.0426292352710646583 -0.0954673420378259474095 9.02478868616263874003
26856 957.650000 22.0426029753813246259 -0.0954664530666858163199 9.02478409418760740834
26857 957.658000 22.0425727595566556261 -0.0954652008855137179655 9.02477884725331769289
26858 957.665000 22.0425471485256174731 -0.0954637833467439633761 9.02477449417814447941
26859 957.673000 22.0425185265057983486 -0.0954626305052356793901 9.02476931214691546757
26860 957.681000 22.0424900305345730089 -0.0954612979236105635428 9.02476414669110660327
26861 957.688000 22.0424650546606102353 -0.0954600542528394740982 9.0247595821310326869
26862 957.696000 22.0424376647481885527 -0.0954589129959799997938 9.02475436527624097494
26863 957.703000 22.0424138515827294782 -0.0954579051029843250742 9.02474982553090399051
26864 957.710000 22.0423901331587188679 -0.0954565440392121516977 9.02474529947762782456
26865 957.717000 22.0423666795437185328 -0.0954555034555085862857 9.02474065006340708806
26866 957.724000 22.042344120096434068 -0.0954545107312142898648 9.02473612460736163143
26867 957.732000 22.04231864423113052 -0.0954533977349826118219 9.02473093457192199196
26868 957.738000 22.0422997542281464689 -0.0954526717134803609488 9.02472696317349054596
26869 957.745000 22.0422776733570380259 -0.0954514272176479328103 9.02472237682615840981
26870 957.752000 22.0422558790416900365 -0.0954504850630535361944 9.0247176767956247545
26871 957.760000 22.0422322220673194693 -0.0954496195759078347454 9.02471243969336889279
26872 957.767000 22.0422112050576579634 -0.0954483844722788243864 9.0247078464836718581
26873 957.774000 22.0421910596548293881 -0.0954475078804681714706 9.02470327998829446869
26874 957.782000 22.0421680328725067 -0.0954464271935831776172 9.02469795249304773677
26875 957.790000 22.0421452439078464636 -0.0954452550828497475743 9.02469261838010972099
26876 957.797000 22.0421252797215210251 -0.0954443222950143166372 9.02468783340749425292
26877 957.805000 22.042104306918517409 -0.0954433521769322557038 9.02468268746685708948
26878 957.812000 22.0420851044126493434 -0.0954420769943449404105 9.02467802399692686777
26879 957.820000 22.0420641437675044472 -0.0954409146357010490513 9.02467279449227888222
26880 957.827000 22.0420455465502058701 -0.0954397240633998028558 9.02466813363355768729
26881 957.836000 22.0420227849141880938 -0.0954384733592772982469 9.02466215546420080784
26882 957.843000 22.0420047206196336731 -0.0954374631259022748742 9.02465739163458913197
26883 957.851000 22.0419858822113567953 -0.0954364158306685306243 9.02465227656721502569
26884 957.859000 22.0419659616246903511 -0.0954348701518288738965 9.0246469893132612583
26885 957.867000 22.0419470730194184682 -0.0954336869602464971107 9.0246417561625289494
26886 957.874000 22.0419308704308498648 -0.0954326830891003841106 9.02463717487538197304
26887 957.882000 22.0419122872250845546 -0.0954314147442985039049 9.02463189758923789441
26888 957.889000 22.0418959458912553373 -0.0954304189810732811372 9.02462716734200931512
26889 957.897000 22.0418790507964885705 -0.0954294042207766007868 9.02462208657516207211
26890 957.905000 22.0418610482993528876 -0.0954279047206902514278 9.02461682765938988382
26891 957.913000 22.0418440547209755209 -0.0954267772369556677159 9.02461161551008927972
26892 957.921000 22.0418276692750403356 -0.0954258682926954759917 9.02460639648030671367
26893 957.929000 22.0418105697882644733 -0.0954244142011084206523 9.02460111925756791607
26894 957.937000 22.0417945600933613548 -0.095423432231821619931 9.024595814701804386
26895 957.944000 22.0417806635820916483 -0.0954225320484883565708 9.02459123551514785788
26896 957.949000 22.0417709408582815911 -0.0954216647918855881416 9.0245880037940438001
26897 957.956000 22.0417570329006800023 -0.09542049211669274833 9.02458340410090009698
26898 957.964000 22.0417418656112573672 -0.0954194211405246378588 9.02457810663344872637
26899 957.971000 22.0417286226027044904 -0.0954184370362968631296 9.02457343816989343566
26900 957.979000 22.0417145191098953205 -0.0954175323205968400897 9.02456819482031669111
26901 957.987000 22.0416999186485433881 -0.0954160519132530166031 9.02456297791311001788
26902 957.995000 22.0416862247166207567 -0.0954150653620337019234 9.02455767275105635861
26903 958.003000 22.0416724785398443487 -0.0954138922379501042137 9.02455238741378096279
26904 958.010000 22.0416602632851486021 -0.0954127747106238988106 9.02454772316056974546
26905 958.018000 22.0416472905520954839 -0.0954117549628612643398 9.02454240099562632338
26906 958.026000 22.0416339459875665341 -0.0954106205214470259879 9.02453702078377872908
26907 958.034000 22.041621696558650001 -0.0954093468271557387794 9.02453188053791421908
26908 958.041000 22.041610788854512748 -0.0954083078449759480755 9.02452724728762945006
26909 958.048000 22.0415996861065472956 -0.0954070970875515733667 9.02452262532846560816
26910 958.056000 22.0415876806252590825 -0.0954059833252387801128 9.02451731196974016314
26911 958.063000 22.0415771656278209889 -0.0954049646761669506434 9.02451263806891468278
26912 958.070000 22.0415678886631773992 -0.0954042127351795998802 9.02450811403999608729
26913 958.076000 22.0415591217332966778 -0.0954031375238357653989 9.02450415348201318011
26914 958.083000 22.0415488842817453019 -0.0954021949069159269641 9.02449939215898488953
26915 958.089000 22.041540831260292066 -0.0954011032025895017172 9.0244955721570931928
26916 958.095000 22.0415330464994383419 -0.0954003351464694782091 9.02449164690367311437
26917 958.101000 22.041524777381532374 -0.0953994317883828518712 9.02448766008977898423
26918 958.108000 22.0415152926211206363 -0.095398452613709508463 9.02448295076887063715
26919 958.112000 22.0415106611255886548 -0.095397814075526554678 9.0244804463783339088
