25328 1487.411000 29.6264518266662868484 -0.0708259095068629745962 7.38721676446599406773
25329 1487.419000 29.6262432629794751904 -0.0703386273667607891946 7.38701916035424677176
25330 1487.428000 29.6260478796656592237 -0.0698858495928442319256 7.38680445471243452005
25331 1487.438000 29.6258723793809899405 -0.0695288065874072463979 7.38661026160543521257
25332 1487.447000 29.6257470940826337369 -0.0693443947683068800947 7.38649743427493543635
25333 1487.456000 29.6256497296194076796 -0.06927900232793161861 7.38645222141740820376
25334 1487.465000 29.6255783417720834905 -0.0693117384814845027829 7.38647198859640585766
25335 1487.474000 29.6255314005226715324 -0.0694162341122608328448 7.38654497923637265444
25336 1487.484000 29.625505932586161606 -0.0695829613900006554994 7.38666641041749993946
25337 1487.494000 29.625505709528418663 -0.0697695529893261889853 7.38680226025249897503
25338 1487.503000 29.6255238356744818873 -0.0699312796170172001897 7.38691345966035850523
25339 1487.512000 29.6255556099720642749 -0.0700720402822852667102 7.38699632040554465817
25340 1487.519000 29.6255871618724420102 -0.0701612778108117868259 7.38703333926900107542
25341 1487.526000 29.6256225073472023723 -0.070230570646713355587 7.38704284471853789285
25342 1487.532000 29.6256543271520627059 -0.0702738197140594794687 7.38702848458926286668
25343 1487.538000 29.625686317390940161 -0.0703027310229819707432 7.38699418483599679064
25344 1487.544000 29.625717420905221644 -0.0703183965372895930512 7.38694186084545911797
25345 1487.552000 29.6257559587637757659 -0.0703212561140566100315 7.38684904665790487144
25346 1487.562000 29.6257971432826501257 -0.0703016864975279098804 7.38670832411888689251
25347 1487.572000 29.6258287756420557457 -0.0702643127400959938145 7.38655829839554467497
25348 1487.581000 29.6258486078465494984 -0.0702220983700864026522 7.38643154267698509585
25349 1487.590000 29.6258607755414189455 -0.0701770329176807927674 7.38632582817419702792
25350 1487.600000 29.6258658540096178058 -0.0701290621311147499561 7.38624446533062695153
25351 1487.609000 29.6258651637718983807 -0.0700896780035400041031 7.38621122608268443344
25352 1487.618000 29.6258624569536657134 -0.0700570723608170270458 7.38621688175937052279
25353 1487.627000 29.6258594330736144684 -0.0700324490535794291768 7.38625886675444220941
25354 1487.637000 29.6258584482704812046 -0.0700150801761643681864 7.38634081723627833327
25355 1487.646000 29.6258608629254069911 -0.0700081333337648631376 7.38643676603644472323
25356 1487.654000 29.6258670010986477905 -0.0700084106657161975296 7.38653118584703261007
25357 1487.661000 29.6258756660919004844 -0.0700130773899905606283 7.38661464904275977261
25358 1487.670000 29.6258915016750989935 -0.0700240730775326808422 7.38671523250746453471
25359 1487.679000 29.6259131307579330894 -0.0700395710282099154265 7.3868002223551387786
25360 1487.688000 29.6259393716955337084 -0.0700578634771289454619 7.38686285797620989513
25361 1487.698000 29.6259736650622969023 -0.070079627442146352756 7.38690152261692301039
25362 1487.707000 29.626008236307967536 -0.0700988863037757814478 7.38690724270207965674
25363 1487.717000 29.6260493984461135142 -0.0701181163080544789246 7.38688334293596948754
25364 1487.726000 29.6260878778996676886 -0.070132050335416182274 7.38683895016741853823
25365 1487.736000 29.6261313918098174724 -0.0701426880770242427987 7.38677131285816557238
25366 1487.745000 29.6261703352706717851 -0.0701471278919782864625 7.3867011301678973112
25367 1487.755000 29.6262128949051621873 -0.0701461368127177797849 7.38662121034279905984
25368 1487.764000 29.6262505963068498716 -0.0701402209817226923727 7.38655426026154415808
25369 1487.774000 29.6262917369026688164 -0.0701287995895568949667 7.38649165836239340877
25370 1487.783000 29.6263284265593291877 -0.0701151045327386285289 7.38644978739152957559
25371 1487.792000 29.6263653308873422532 -0.0700994032157666174809 7.38642356942272204634
25372 1487.802000 29.6264069332713546601 -0.0700812060949922849273 7.38641299577290322276
25373 1487.811000 29.6264454299905892753 -0.0700654258981268374118 7.38641891507009251683
25374 1487.821000 29.626490308937864171 -0.0700501131306913715768 7.38643965551185122109
25375 1487.830000 29.6265323487322653762 -0.0700391938977297928703 7.38646754920067483141
25376 1487.839000 29.6265767032067834919 -0.0700316576527478112935 7.38650063335092799122
25377 1487.848000 29.6266234191540469567 -0.070027840431627103035 7.38653532843569138322
25378 1487.858000 29.6266778128786896218 -0.0700277646034377226902 7.38657192404970874833
25379 1487.867000 29.6267292592134339202 -0.0700309967363347829483 7.38660029622229785673
25380 1487.876000 29.626782689852781516 -0.0700367194593162628591 7.38662234160528718974
25381 1487.885000 29.626837636823356803 -0.0700440090934009024215 7.38663697836429822274
25382 1487.895000 29.6269006681567788064 -0.070052893785632508461 7.38664425532440649391
25383 1487.904000 29.6269586116443015555 -0.0700605867446858626701 7.38664304212401123806
25384 1487.914000 29.6270239249737450393 -0.0700677668776161360897 7.38663427171017783479
25385 1487.923000 29.6270834654416397314 -0.0700722709113787700641 7.38662117207451807133
25386 1487.933000 29.6271504265619682883 -0.0700746067847292652964 7.38660277326581482527
25387 1487.942000 29.6272113679673054776 -0.0700743384158354631897 7.3865844321863676214
25388 1487.950000 29.6272657302010955505 -0.0700720239395266480953 7.38656795123096721056
25389 1487.959000 29.6273273989188368205 -0.0700675303999660215037 7.38655036254974373122
25390 1487.969000 29.6273970084839390893 -0.0700607055801829720076 7.38653324918475906458
25391 1487.978000 29.6274604550639644174 -0.0700534847392060983085 7.38652071210169403059
25392 1487.987000 29.6275249193900869216 -0.0700458643697741412115 7.38651129411919260548
25393 1487.996000 29.6275902663006966975 -0.0700383474927926269471 7.38650505659580325357
25394 1488.005000 29.6276570065271727117 -0.0700314660364398100523 7.38650189089304021195
25395 1488.015000 29.6277327884113930168 -0.0700250804990938113814 7.38650147144520374809
25396 1488.024000 29.6278021149166441717 -0.0700206069720412521695 7.38650330003158295256
25397 1488.033000 29.6278729552580948337 -0.0700174886985744510115 7.38650668972666579748
25398 1488.042000 29.6279452989810749841 -0.0700157790030080939836 7.38651100271733263014
25399 1488.051000 29.6280184778440336402 -0.0700150923125503615863 7.386515617882372986
25400 1488.060000 29.6280928783649102343 -0.0700152956615429228338 7.38652009859625735544
25401 1488.069000 29.6281684417693007561 -0.0700160815377256079417 7.38652401556196469556
25402 1488.077000 29.6282364812820802058 -0.0700170918240759637685 7.38652673424255112877
25403 1488.086000 29.6283134631482099053 -0.0700181145031904678122 7.38652872006359562107
25404 1488.096000 29.6283999492282958954 -0.0700188884239479891747 7.38652953772944798061
25405 1488.105000 29.6284787699239693382 -0.0700192130428087811111 7.38652898466864638038
25406 1488.114000 29.6285577963816919578 -0.0700188075824919875512 7.38652722288124330419
25407 1488.123000 29.6286374787199093817 -0.0700177420693463697932 7.38652445904782339881
25408 1488.132000 29.6287177985005243386 -0.0700160556628191682593 7.38652084584366175335
25409 1488.141000 29.628798758529335089 -0.0700137851760242596599 7.38651661299243933456
25410 1488.150000 29.6288803277037828821 -0.0700111111608578140508 7.38651193747792600419
25411 1488.159000 29.6289623305301716982 -0.0700081041773401996364 7.38650704184989415069
25412 1488.168000 29.6290452183579091638 -0.0700049609055787142031 7.38650218992146267993
25413 1488.176000 29.6291195770099129447 -0.0700022087114621910375 7.38649802255648690874
25414 1488.185000 29.629203954599283577 -0.0699992177727997294534 7.38649360814831279498
25415 1488.194000 29.6292889245347517146 -0.0699963954724898140825 7.38648958718096082521
25416 1488.203000 29.6293749103546026902 -0.0699938424469465497735 7.38648609098833830444
25417 1488.212000 29.6294619436635215948 -0.069991685426007352322 7.38648311209761665452
25418 1488.221000 29.6295494151658544979 -0.0699896939378762128481 7.38648059585506100433
25419 1488.230000 29.6296377790895455462 -0.0699879482088135440598 7.38647857754437087152
25420 1488.239000 29.6297270481521763941 -0.0699863866303555848258 7.38647698641962868749
25421 1488.248000 29.6298170403503036141 -0.0699849799441472908423 7.38647569744880261311
25422 1488.258000 29.6299176240851238617 -0.0699834527051459015512 7.38647452427245632123
25423 1488.267000 29.6300089962841965985 -0.0699820422058850949432 7.3864736411343008271
25424 1488.276000 29.6301009445422778299 -0.0699806037317884238602 7.38647276657672158251
25425 1488.285000 29.6301932083698069675 -0.0699790272119496931102 7.3864718187682711914
25426 1488.294000 29.6302861596461326599 -0.0699773399440773852254 7.38647078814021273985
25427 1488.303000 29.630379801545107199 -0.0699756474204020900709 7.38646958142962439808
25428 1488.312000 29.6304735202632265612 -0.0699737444474639591618 7.38646811203850095495
25429 1488.321000 29.630567786506457395 -0.0699717727570389469438 7.3864664331492786431
25430 1488.330000 29.6306626488757629545 -0.0699697565590003678349 7.38646453470824937426
25431 1488.339000 29.6307579754583123588 -0.0699677633746921545654 7.38646238656212617002
25432 1488.348000 29.6308535575037304 -0.0699657430908367100608 7.38646001862277934435
25433 1488.357000 29.6309498133534248154 -0.0699637604879540103697 7.38645752973309566158
25434 1488.365000 29.6310358509963727158 -0.0699620809050142677954 7.38645521638234736628
25435 1488.370000 29.6310897180749464042 -0.0699610580898229195146 7.38645370751234686679
25436 1488.375000 29.6311438817091996611 -0.0699600532803877350752 7.38645220141212632825
25437 1488.381000 29.6312090714791374069 -0.0699588259495254743969 7.38645040181622203335
25438 1488.387000 29.6312745283150569264 -0.0699576858848905691612 7.38644859359984540248
25439 1488.394000 29.6313510801068389355 -0.0699563255207386602841 7.38644648888096444495
25440 1488.399000 29.6314057226344651497 -0.0699552778391056978569 7.38644498514789127341
25441 1488.405000 29.6314717903521938069 -0.0699541752185558335375 7.38644322587582280448
25442 1488.410000 29.6315270855491839086 -0.0699532433844288065172 7.38644179252247035095
25443 1488.416000 29.6315936262244008503 -0.0699520802613831232941 7.38644013067766191938
25444 1488.422000 29.6316604209827367811 -0.0699509765788842302614 7.38643850723604167285
25445 1488.428000 29.6317271779859012781 -0.0699497531579160031212 7.38643691950975966876
25446 1488.434000 29.6317942310259851979 -0.0699485560419670082677 7.38643537229529734134
25447 1488.439000 29.6318503032463240743 -0.0699475848008692530078 7.38643411714776210175
25448 1488.445000 29.6319178960173772452 -0.0699464205907863179057 7.38643268127937968615
25449 1488.451000 29.6319856461163766426 -0.0699451746755105074893 7.38643129902395312314
25450 1488.458000 29.6320648499766328143 -0.0699437204004690615822 7.38642971660100489117
25451 1488.464000 29.6321330280525963019 -0.0699424998996571456455 7.38642840648198362175
25452 1488.469000 29.6321896644801796583 -0.0699413458695374162799 7.38642731022590215417
25453 1488.475000 29.6322580668036152929 -0.0699400960823815531775 7.38642603229541716559
25454 1488.481000 29.6323265984658661409 -0.069938771599670004897 7.38642476793190638773
25455 1488.489000 29.6324182880503492754 -0.0699370496490956811142 7.38642311895903169727
25456 1488.498000 29.632521803061109722 -0.0699350670472307645031 7.38642127766814304834
25457 1488.506000 29.6326142015187663503 -0.0699333947161592528463 7.38641961628194554379
25458 1488.515000 29.6327181306087865664 -0.0699314370481128183554 7.38641768830206135732
25459 1488.524000 29.6328224804238580248 -0.069929515303337408394 7.38641574653220800428
25460 1488.533000 29.6329272974819986075 -0.0699276297561749332621 7.38641377403321008899
25461 1488.542000 29.6330324431335228041 -0.0699258190280754587942 7.38641172226430597902
25462 1488.551000 29.6331376985621197662 -0.0699240030254458660997 7.38640959374449490582
25463 1488.559000 29.6332317095069583957 -0.0699224561481732037604 7.3864076895580099702
25464 1488.568000 29.6333378228159389778 -0.0699206928129846999598 7.38640551278068624441
25465 1488.577000 29.6334442666791453291 -0.0699189805099741656935 7.3864032721651016189
25466 1488.586000 29.6335508189895513453 -0.0699172311134520635401 7.38640098070369344185
25467 1488.594000 29.6336459776139378164 -0.0699157130334812637606 7.38639895976703542146
25468 1488.603000 29.6337533708408606969 -0.0699139470239297095011 7.38639668779525226938
25469 1488.612000 29.6338610764994285773 -0.0699121973295041276852 7.38639439232878824981
25470 1488.622000 29.633980907508483682 -0.0699102028238153816453 7.38639184267208825929
25471 1488.630000 29.6340771352707257336 -0.0699085396138622444662 7.38638983819126426766
25472 1488.638000 29.6341736692005390807 -0.069906920517490103717 7.38638786050658779914
25473 1488.646000 29.634270508532608801 -0.0699053223869273016033 7.38638589449622617877
25474 1488.656000 29.6343914027722377114 -0.0699031551403266893097 7.38638342827275273805
25475 1488.665000 29.6345007316186901392 -0.0699012304881680840429 7.38638128480036559864
25476 1488.673000 29.6345981752116713892 -0.0698995545029191256425 7.38637940177510365913
25477 1488.681000 29.6346958955486847742 -0.0698979184005027592841 7.38637752697948801739
25478 1488.690000 29.634805717402485925 -0.0698959857302930143153 7.38637540335203190978
25479 1488.699000 29.6349158573056499222 -0.0698940693341928015458 7.38637331990999346232
25480 1488.707000 29.6350140033900828485 -0.0698923533430619442486 7.38637147907038738026
25481 1488.716000 29.6351248652485743662 -0.0698905741233691452097 7.38636942166971355306
25482 1488.725000 29.6352355561729119415 -0.0698887010017941456841 7.386367315423759905
25483 1488.734000 29.6353465509474958139 -0.0698868513718469142049 7.38636522836362452438
25484 1488.742000 29.6354454470256030163 -0.0698851956626086040503 7.38636336845188523625
25485 1488.751000 29.6355571429893451807 -0.0698834799173728010713 7.38636127472673198469
25486 1488.760000 29.6356686585326336569 -0.0698816608065525174398 7.38635912030845354082
25487 1488.769000 29.635780468364966822 -0.0698798518970687593255 7.38635697771023558289
25488 1488.777000 29.6358800802385076167 -0.0698782192811509966779 7.38635506596064583817
25489 1488.784000 29.6359673752160865945 -0.0698768256215277772103 7.38635337933733193694
25490 1488.791000 29.63605478887726008 -0.0698754281492591777791 7.38635168603811020915
25491 1488.798000 29.6361423190811876793 -0.0698740254875466620943 7.3863499874498046438
25492 1488.804000 29.6362174419750843413 -0.0698728606487825643079 7.38634852231237992726
25493 1488.814000 29.6363430449548808099 -0.0698708822534429424556 7.38634611228488058288
25494 1488.823000 29.6364559166102523591 -0.0698690238378876782299 7.38634389385297751573
25495 1488.833000 29.6365816327654840734 -0.069866912015632942623 7.38634146856074913501
25496 1488.842000 29.6366952531604184173 -0.0698651441791707933371 7.38633930373579694617
25497 1488.852000 29.6368211753849593038 -0.0698630072229007442752 7.38633685128794237329
25498 1488.861000 29.6369349212740011978 -0.0698611198353421003482 7.38633469933085340386
25499 1488.868000 29.6370234772187153283 -0.0698596658228363698306 7.38633301955840337882
25500 1488.875000 29.637112122082939436 -0.0698582118610668462155 7.38633134492349086031
25501 1488.882000 29.6372008538106008757 -0.0698567590497929935545 7.38632967508210658281
25502 1488.889000 29.637289670494038063 -0.0698553083360567983462 7.38632800950480294944
25503 1488.897000 29.6373913501341661458 -0.0698536772147961837476 7.38632612459624482426
25504 1488.903000 29.6374675517947068215 -0.069852416017998339437 7.38632468833459299162
25505 1488.913000 29.6375949434738288346 -0.0698504007905123985855 7.38632233135640525745
25506 1488.922000 29.637722226610740961 -0.0698483520056810136545 7.38631994963777582797
25507 1488.932000 29.6378370992607962364 -0.0698464945961988076251 7.38631784052301298971
25508 1488.942000 29.6379648068716363696 -0.069844496075021605952 7.38631545040731207763
25509 1488.951000 29.6380798003890824077 -0.0698426465642052185512 7.38631331652096445595
25510 1488.961000 29.6382080106016552179 -0.0698406601456238035341 7.3863109647967473137
25511 1488.970000 29.6383231598498930737 -0.0698388070249541942358 7.38630879497908843234
25512 1488.980000 29.6384513333923500511 -0.0698367125537702471139 7.38630641585965896923
25513 1488.990000 29.6385798511324551896 -0.0698347186865333202643 7.38630403516766254057
25514 1488.999000 29.6386953441689335875 -0.0698328609605732009147 7.38630185504836500598
25515 1489.009000 29.638824059798878352 -0.0698308201309451870298 7.38629948871710695357
25516 1489.019000 29.6389528004232936098 -0.0698288094219842170318 7.38629707015086101052
25517 1489.029000 29.6390815788227754979 -0.0698266934563064045616 7.38629468078281981036
25518 1489.039000 29.6392106780904107666 -0.0698246772154702960433 7.38629229559662281446
25519 1489.048000 29.6393266745015750985 -0.0698228003336654329258 7.3862901162576548586
25520 1489.058000 29.6394559274056703657 -0.0698207409143314222666 7.38628775556926076007
25521 1489.068000 29.6395851826189513645 -0.0698187156652484430808 7.38628534669296943349
25522 1489.078000 29.6397144536962322547 -0.0698165899237668668986 7.38628296980725718157
25523 1489.087000 29.6398311723581322497 -0.0698148203826800678451 7.38628084544150542712
25524 1489.097000 29.6399604284956588174 -0.0698126914425273858988 7.38627843185738264253
25525 1489.104000 29.6400511345415473841 -0.0698112493700274727715 7.38627676762680174249
25526 1489.109000 29.6401161077333163973 -0.0698102418782396844099 7.38627560489193690785
25527 1489.114000 29.6401808772114705448 -0.0698091943404186843214 7.38627442109182474894
25528 1489.120000 29.6402586290526883772 -0.0698079367760687380384 7.38627298154621225734
25529 1489.126000 29.6403364866179366288 -0.0698067454181959395898 7.38627155028978688023
25530 1489.136000 29.6404665224699712667 -0.0698047350760928608793 7.38626920036713752182
25531 1489.145000 29.6405832533924780137 -0.0698028609277839273695 7.38626703640536241835
25532 1489.154000 29.6407001263516391987 -0.0698009926401431529674 7.38626489952410292261
