14394 1109.826000 -0.313377016585877132826 -0.0124685392702856192443 -0.053387677586520070061 -0.0228465377849747033889 -0.0394808824005767333709 0.998959106087987769307 2.99039496104381585795
14395 1109.832000 -0.31337583056590045949 -0.0124677101418072013017 -0.0533895978218397182502 -0.022853199672368273293 -0.0394845641702917249383 0.998958808188314062448 2.99039635504686840406
14396 1109.841000 -0.313373877170165515693 -0.0124660847486377148602 -0.0533918530570094765353 -0.0228615565142872706472 -0.0394886431325053577357 0.998958455741427386876 2.9903959932485051354
14397 1109.853000 -0.313371951873688714407 -0.0124645104845011456263 -0.0533936631385886761869 -0.0228675456916814234809 -0.0394937842305662714648 0.998958115418854042389 2.99039544600033480037
14398 1109.862000 -0.313369548115020046808 -0.0124618867158439502324 -0.053395031267619325055 -0.0228727776651710713873 -0.0394972681202237288489 0.99895785789637747687 2.99039028344234258938
14399 1109.871000 -0.313367400440108856419 -0.0124591683117716723467 -0.0533957921723784423307 -0.0228757209681787268551 -0.0395001687294358680425 0.998957675810407952355 2.99038355453424475883
14400 1109.880000 -0.313365339461456615666 -0.0124561485389871606788 -0.0533961632899567079091 -0.0228772075980168236586 -0.0395028638247239272108 0.998957535194646029097 2.99037503898117362766
14401 1109.889000 -0.313363422448822870336 -0.0124529061365557507796 -0.0533962014214066429951 -0.0228774353424232995691 -0.0395054341191324737137 0.998957428335768504724 2.99036513851718144252
14402 1109.898000 -0.313361696150851187781 -0.0124495324099690562319 -0.0533959669551412469124 -0.0228765964485512507398 -0.0395079781331484497509 0.998957346936675039117 2.99035434484913764663
14403 1109.904000 -0.313360103235067688487 -0.0124458761312509977315 -0.0533961043918504546513 -0.0228756427309845591922 -0.0395121418519079059539 0.998957204096311168762 2.99034321480598119791
14404 1109.915000 -0.313359076369843392307 -0.0124431487482787560273 -0.0533949794752269363274 -0.02287277144044701227 -0.0395130211196033434562 0.998957235064962478788 2.9903334322094545783
14405 1109.924000 -0.313358172008473823134 -0.0124402946499799979541 -0.0533943054098312414046 -0.0228702110337682916474 -0.0395155014697918596789 0.99895719557489648377 2.9903241479484181653
14406 1109.933000 -0.313357322560377460352 -0.0124369627703351335463 -0.0533934619809286331593 -0.0228668042842697406825 -0.0395189470725291758235 0.998957137260705119175 2.99031376092065404038
14407 1109.942000 -0.313356878310987962966 -0.0124345523285844961753 -0.0533926994498204465778 -0.0228639356678003932699 -0.0395217311951035141226 0.998957092776822319635 2.99030663295928977874
14408 1109.947000 -0.313356571970350883394 -0.0124322196138319501085 -0.0533919651505122064283 -0.0228610575514425345967 -0.039524761978352980496 0.998957038734991864537 2.99030026537282545007
14409 1109.956000 -0.313356493086425824668 -0.0124301980933190572842 -0.0533910853362658671672 -0.022858244768273413422 -0.0395276199675284115043 0.99895699001799687089 2.99029535955678005266
14410 1109.964000 -0.3133565527671042239 -0.0124286708219589567964 -0.0533903528246543052083 -0.0228561422277417172766 -0.0395301363452464707415 0.998956938552904571971 2.9902923339646001466
14411 1109.972000 -0.313356693111904560656 -0.0124274020455845870398 -0.0533897162135271580174 -0.0228545527050379344847 -0.0395325378669973831469 0.998956879885436688227 2.99029051230543174711
14412 1109.978000 -0.313356830919309214956 -0.0124266128996595674044 -0.0533893037659509545056 -0.0228537259121420026353 -0.0395341664305808790369 0.99895683435100024461 2.99028983480584065191
14413 1109.989000 -0.313357010113727518785 -0.0124257600458607484623 -0.0533889564055579010637 -0.0228532424381501439448 -0.0395365278666873973257 0.998956751953912203135 2.99028995920056939184
14414 1109.998000 -0.313357236541107253558 -0.0124251066010836047626 -0.0533886234358952049828 -0.0228533234489720314675 -0.0395383573332335758188 0.998956677692644512412 2.99029111948343118144
14415 1110.006000 -0.313357380092962212181 -0.0124246520002627286461 -0.0533884752222693048651 -0.0228539962174054700483 -0.0395396358524441812743 0.998956611697200180799 2.99029245712332425455
14416 1110.014000 -0.313357440311866908278 -0.012424266151104713593 -0.0533884694691510036657 -0.0228551394171961456958 -0.0395405538415779592154 0.998956549207282495928 2.99029381727784482337
14417 1110.023000 -0.313357393253280991363 -0.0124238706211544803343 -0.0533886291433469523104 -0.0228569192115188890568 -0.0395412185780558214643 0.998956482174033655319 2.99029524766785925749
14418 1110.032000 -0.313357202505457621555 -0.012423464058263859397 -0.0533889561335114670726 -0.0228591580545491057652 -0.0395416078299179948874 0.99895641553736580498 2.99029632744489459739
14419 1110.040000 -0.31335691804281629036 -0.0124230748843149572946 -0.053389372494822333326 -0.0228613584615280016066 -0.039541703942886460843 0.998956361378507295967 2.99029690959341953871
14420 1110.049000 -0.313356476655069382531 -0.0124225857239141125599 -0.0533899516475514063218 -0.0228639648272984212507 -0.0395416392001519401145 0.998956304290503638299 2.99029703061100660122
14421 1110.058000 -0.313355913225887960927 -0.0124220056553745426819 -0.0533906198113876656608 -0.022866572583730884749 -0.0395414482656292962104 0.998956252158886948145 2.99029649274603404052
14422 1110.068000 -0.313355260435657756446 -0.0124213776371551471583 -0.0533913572715564027638 -0.0228690608106748086148 -0.0395411698014814308455 0.998956206221458087313 2.990295445811899544
14423 1110.077000 -0.313354546145651557953 -0.012420647421263227364 -0.0533920788947603100483 -0.0228712516128044517083 -0.039540912794342283898 0.998956166238065712548 2.99029380163030866768
14424 1110.085000 -0.31335381516926019696 -0.0124198587218017526823 -0.0533927492657387536834 -0.022873044191972072281 -0.0395407153966133365075 0.998956133008510049898 2.99029175935260171926
14425 1110.095000 -0.313353079816397817048 -0.0124190581341894635409 -0.0533933855629888376448 -0.0228744855255303310149 -0.0395405988604180941293 0.998956104618066720313 2.99028954083516218532
14426 1110.104000 -0.313352317069996610943 -0.0124181341522045327747 -0.0533939576512214714166 -0.0228755000323652910033 -0.0395406178031063940126 0.998956080637190879656 2.99028695725228654823
14427 1110.112000 -0.31335176644367151999 -0.0124174251748523402361 -0.0533943171433521809877 -0.0228759399073144922832 -0.039540771270156663264 0.998956064489684325558 2.99028501447381200862
14428 1110.122000 -0.313351226160782092567 -0.0124166731938706795257 -0.0533946031083627342673 -0.02287603683740392288 -0.0395410710337909740431 0.998956050404678386201 2.99028309053247465243
14429 1110.130000 -0.313350793973110164359 -0.0124159688451393641906 -0.0533947656073217105654 -0.0228757724100696613334 -0.0395415132937801949709 0.99895603895420759244 2.99028152523603774071
14430 1110.136000 -0.31335045964661112361 -0.0124152340350161174282 -0.0533948739162970892336 -0.0228753375623112521764 -0.0395420601494019044453 0.99895602726574073138 2.99028007659652006467
14431 1110.146000 -0.313350278382407143596 -0.0124149056689167192752 -0.0533947716752068424206 -0.0228746775886443133585 -0.0395425947200406802118 0.998956021218162626418 2.99027990103237062414
14432 1110.153000 -0.313350148703570197117 -0.0124145115037833670552 -0.0533946809483630616122 -0.0228740746912210017594 -0.0395431777914449500422 0.998956011943055610658 2.99027963650881245528
14433 1110.160000 -0.313350043436597336388 -0.0124138928699000367084 -0.0533945917160078276087 -0.022873352423554572932 -0.0395439649067616458278 0.998955997323386024611 2.99027930661249996547
14434 1110.171000 -0.313350043720510618162 -0.0124137241386163259954 -0.0533943090833758071678 -0.0228724868840425622774 -0.0395447205679618565832 0.998955987228136721434 2.99028033603531495643
14435 1110.179000 -0.313350062710652799147 -0.0124134433243034518479 -0.0533941233845461882268 -0.0228719259152401349633 -0.0395453996898032997254 0.998955973188158874443 2.99028107689511868372
14436 1110.187000 -0.313350092949897462979 -0.0124131814746831752733 -0.0533939541732212363812 -0.0228715541159312529818 -0.0395460715308311519522 0.998955955104528281474 2.99028194941589653411
14437 1110.196000 -0.313350141538592696921 -0.0124129327323503849817 -0.0533938019595667293093 -0.022871323832873009102 -0.0395467209738500774518 0.998955934666964306956 2.99028314781604143135
14438 1110.201000 -0.313350177855026224005 -0.0124125731092003827732 -0.0533936968356515245793 -0.0228713270242826595402 -0.0395471444724345144728 0.99895591782832182659 2.99028371552996041771
14439 1110.211000 -0.3133501670002978301 -0.0124125188979420011254 -0.0533936918633149265601 -0.0228715426812443299587 -0.0395475879170956653996 0.99895589533538442506 2.99028508824208660855
14440 1110.220000 -0.313350134590753393038 -0.0124122723657433143424 -0.0533937274754445606595 -0.022872007896095176982 -0.039547948993493627079 0.998955870389282463151 2.99028617767755822143
14441 1110.229000 -0.313350055152260054125 -0.0124120457407642902081 -0.0533938405238531393904 -0.0228726311191346440288 -0.039548166724172134634 0.9989558475000007709 2.99028702662390211131
14442 1110.238000 -0.313349900254585811421 -0.0124116962937083959856 -0.053394033887193617649 -0.0228735905681019362212 -0.0395483352127019710531 0.998955818861087752047 2.99028769904508884281
14443 1110.247000 -0.313349701575372230344 -0.0124113759029899697883 -0.0533942917524400720297 -0.0228745837419322244066 -0.039548357524995948753 0.998955795236059596043 2.99028814251127217361
14444 1110.253000 -0.313349476654930958475 -0.0124108574554769937603 -0.0533944536215996551354 -0.0228754520255046930877 -0.0395483243722418997823 0.998955776665802597236 2.99028778983869747421
14445 1110.263000 -0.313349149699870155317 -0.0124104250392934219172 -0.0533948234883202532686 -0.0228766487413232279258 -0.0395482425721973840371 0.998955752499487314999 2.99028773250578616683
14446 1110.275000 -0.31334878872620725021 -0.0124102168820071825234 -0.0533953488989813707111 -0.0228779521762722259925 -0.0395481327857991060704 0.998955726995634507581 2.99028816908088801441
14447 1110.285000 -0.313348437832476567344 -0.012409830364984978171 -0.0533957231989281577711 -0.0228789529164919215598 -0.0395480425031135562897 0.998955707650552859889 2.99028795219968390739
14448 1110.294000 -0.313348052216122052727 -0.0124093685835372884163 -0.0533960939195597394935 -0.0228798734331459967251 -0.0395479642194987920933 0.998955689666852331143 2.99028758262780591792
14449 1110.303000 -0.313347715118550029789 -0.0124089786144838572224 -0.0533964073205895686791 -0.0228805550816233611855 -0.0395479200498399102726 0.998955675802929876639 2.99028734532228979148
14450 1110.312000 -0.313347419901707113787 -0.0124086465129870752999 -0.0533966617211454885883 -0.0228810904439503033647 -0.0395479701623041718372 0.998955661556676588475 2.99028719189152480951
14451 1110.318000 -0.313347106616529980094 -0.0124080662404381144442 -0.0533968727163660339397 -0.0228814894026998331966 -0.0395480846094503277199 0.998955647887551534403 2.99028655342740767864
14452 1110.330000 -0.313346832797485319588 -0.0124078886461577112682 -0.0533971084568344717125 -0.0228818396482400286673 -0.0395482416919802973188 0.998955633646151919258 2.99028718104267898781
14453 1110.334000 -0.31334665437268088839 -0.012407502329980708497 -0.0533972131674754213471 -0.0228819913896136234444 -0.0395484124928108457531 0.998955623408439463695 2.99028690838217725556
14454 1110.340000 -0.313346520242374193543 -0.0124073065197862746761 -0.0533973022484012793676 -0.0228820703694675303685 -0.039548555692623360569 0.998955615930074314335 2.99028717104152752526
14455 1110.346000 -0.313346392661047967731 -0.0124071086443238234875 -0.0533973767522005690611 -0.0228821494316356170706 -0.0395487466635326204156 0.998955606558535658124 2.99028745283603303307
14456 1110.352000 -0.313346277223317037919 -0.0124069179250018042648 -0.0533974385578634413996 -0.0228822153037025778632 -0.0395489611284081735154 0.998955596558955605246 2.99028779147681467165
14457 1110.358000 -0.313346167608205328214 -0.0124067252982813878287 -0.0533974891374395105315 -0.0228822837275284192426 -0.0395491996466073303385 0.998955585548589541922 2.99028813779236068982
14458 1110.364000 -0.313346073339063169172 -0.0124065449377587719293 -0.0533975307562352605184 -0.0228823321703841807417 -0.0395494295226770722906 0.998955575338000167918 2.99028856704848200465
14459 1110.370000 -0.313345994514907077999 -0.0124063656292505378881 -0.0533975667531924186315 -0.0228823599521891310471 -0.0395496317831296947953 0.998955566693953245228 2.99028902616996949959
14460 1110.378000 -0.313345879843228591888 -0.0124061285958170577914 -0.0533976140900854212568 -0.0228824800586873607078 -0.039549962673567189142 0.998955550842420270108 2.99028963743242703899
14461 1110.387000 -0.313345768444208361281 -0.0124058639973863103073 -0.053397666328082737941 -0.0228826217600948643438 -0.0395502852823641920521 0.998955534823982027604 2.99029036719130303368
14462 1110.396000 -0.31334565403199410305 -0.0124056158563414595936 -0.0533977307376967344488 -0.0228828158307131691862 -0.0395505750839417608011 0.998955518904714456774 2.99029114589871358731
14463 1110.404000 -0.31334553520328511933 -0.0124053972465549937343 -0.0533978075503148269521 -0.0228830942991639953166 -0.0395508540350709633659 0.998955501481618601822 2.99029181176594649472
14464 1110.412000 -0.31334542321840364032 -0.0124051748893413762986 -0.0533978943608337808246 -0.0228833700219679345156 -0.0395510447154443431361 0.998955487616117299154 2.99029246003427662259
14465 1110.420000 -0.313345286026493752285 -0.012404925425487033433 -0.0533979995339040822144 -0.0228837513355139958449 -0.0395512574864580260248 0.998955470457044136801 2.99029296341664663217
14466 1110.428437 -0.313345149863180294503 -0.0124046888257378223885 -0.0533981209550364877003 -0.0228841325254358247954 -0.0395513928033072031942 0.998955456367238037174 2.99029349598989613312
14467 1110.437000 -0.31334497084251927701 -0.0124043975943790504846 -0.0533982788512907813328 -0.0228846365491918411761 -0.0395515387974612747657 0.998955439040583148547 2.99029395964625699378
14468 1110.445000 -0.313344801679823925511 -0.0124041374532806517039 -0.053398433287085433907 -0.0228851206619236913209 -0.0395516578491215131663 0.998955423236530193343 2.99029432147983742496
14469 1110.454000 -0.313344603003053057133 -0.0124038206482530860564 -0.0533986128043630811635 -0.0228856487489567071714 -0.0395517351360330782217 0.998955408078392781412 2.99029462186318673034
14470 1110.462000 -0.31334440343822261843 -0.0124035579493318864897 -0.0533987996247510462999 -0.0228861850282341891538 -0.0395518335153748831767 0.998955391897168643034 2.99029491355970478139
14471 1110.471000 -0.313344184610858222939 -0.0124032546796702981828 -0.0533990056991275330311 -0.0228867420344256063125 -0.0395519102826932533734 0.99895537609646978261 2.9902952179202588745
14472 1110.480000 -0.313343962230001216174 -0.0124029292154000936321 -0.0533992056699387623864 -0.0228872643630899062772 -0.0395519745909639758308 0.998955361583254042301 2.99029543263559371979
14473 1110.488437 -0.313343757113892673605 -0.0124026761979216179621 -0.0533993989789917078426 -0.022887740955195072512 -0.0395520533510173230574 0.998955347545467664538 2.99029574079936555364
14474 1110.497000 -0.313343525736435868367 -0.0124023666055361417998 -0.053399604765070982082 -0.0228882555895305525584 -0.0395521676088132698168 0.998955331230337195692 2.99029601589151772245
14475 1110.506000 -0.313343301195395884662 -0.012402041232616168448 -0.0533997930184075056403 -0.0228887318374480126792 -0.039552306313443780228 0.99895531482652466515 2.99029623499297780853
14476 1110.514000 -0.313343112264818091095 -0.0124018105784729024826 -0.0533999674113768973971 -0.0228891108391383740761 -0.0395524130457178962894 0.998955301916584437194 2.9902966704027758027
14477 1110.523000 -0.313342897714950052723 -0.0124015192058867795843 -0.0534001481874178951514 -0.0228895369602443200796 -0.0395525830308119386025 0.998955285422393757244 2.99029706289414587417
14478 1110.532000 -0.313342691587578159318 -0.0124012359890891266101 -0.0534003175469466850878 -0.0228899419567912335016 -0.0395527819946423428443 0.99895526826464997594 2.99029748735416989192
14479 1110.541000 -0.313342500444011906602 -0.012400971511177097395 -0.0534004780257977609836 -0.0228903042595718815566 -0.0395529728699168039996 0.998955252405259619408 2.99029801800097283504
14480 1110.549000 -0.313342334153381474326 -0.0124007363318068622449 -0.0534006129680420354999 -0.0228906144708917839992 -0.0395531499275399503479 0.998955238286458269137 2.99029849203715603068
14481 1110.559000 -0.313342134133489325087 -0.0124004291085403686723 -0.0534007706683078398058 -0.0228909907306553174478 -0.0395533817148047139867 0.99895522048703067064 2.99029906034443637708
14482 1110.568000 -0.313341960741635283672 -0.0124001778394278588946 -0.0534009124231488996326 -0.0228913147270418115831 -0.0395535754420780621965 0.998955205392021206023 2.99029966880871267421
14483 1110.577000 -0.313341783973268894758 -0.0123999186056770859671 -0.0534010521959035755479 -0.0228916679115171370351 -0.039553791193401112436 0.998955188755960898916 2.99030024804022032114
14484 1110.585000 -0.313341630166271423175 -0.012399715756701967101 -0.0534011786661330103976 -0.0228919914678286512411 -0.039553987060210293869 0.998955173586021150101 2.99030084151265906911
14485 1110.594000 -0.313341461511900454262 -0.012399467268420980709 -0.0534013169041145235871 -0.0228923306637486903559 -0.0395541658572341331412 0.998955158733423775885 2.99030145027477489705
14486 1110.604000 -0.313341271061427451006 -0.0123991633093362245421 -0.0534014670420565745745 -0.0228927326377294168558 -0.0395543708137000640801 0.998955141406214219835 2.99030201505540249585
14487 1110.613000 -0.313341092022332068368 -0.0123988995563453236609 -0.0534016112016723193401 -0.0228931237070796080035 -0.0395545529468764450742 0.998955125232412699532 2.99030254379682025601
14488 1110.622000 -0.313340916401485203302 -0.0123986433210705165181 -0.0534017566377327085325 -0.0228935114385361675182 -0.0395547171535182984226 0.998955109844741118152 2.99030307976097864398
14489 1110.631000 -0.313340732099247232245 -0.0123983761250631117912 -0.0534019069190670575553 -0.0228939252977972788894 -0.0395548907980329961243 0.998955093484393930048 2.99030356376367079108
14490 1110.640000 -0.313340549657474987111 -0.0123981131103641506463 -0.0534020614391335426974 -0.02289432019469418364 -0.039555024850396205971 0.998955079126137346357 2.99030406204673449011
14491 1110.649000 -0.313340357485146658867 -0.0123978375399919939215 -0.0534022203786121280045 -0.0228947495138878687193 -0.0395551793639701554373 0.998955063168599388668 2.99030450563160021815
14492 1110.658000 -0.313340169124740830497 -0.0123975708802852684076 -0.0534023800721804969838 -0.0228951686127031282803 -0.0395553235304723430077 0.998955047854804933927 2.99030496851659988167
14493 1110.667000 -0.313339973472151256395 -0.012397295649362571543 -0.0534025431553091442516 -0.0228956057633782524008 -0.0395554854525770119289 0.998955031424007100505 2.99030539704644393595
14494 1110.675000 -0.313339797811375220249 -0.012397073469783642316 -0.0534026983014873612987 -0.0228959884018770445935 -0.0395556085871264645482 0.998955017778279663609 2.99030586490624505913
14495 1110.683000 -0.313339625076001548898 -0.012396832545013487456 -0.0534028436948254525696 -0.0228963728757430283467 -0.039555753660111693526 0.998955003221624338039 2.99030625509400849182
14496 1110.693000 -0.313339410262556739006 -0.0123965118738673142629 -0.0534030216705890653506 -0.0228968340436245185177 -0.039555924714530565911 0.998954985878121037857 2.99030669345262634096
14497 1110.701000 -0.313339234662545096377 -0.0123962933096367130398 -0.0534031769085491006543 -0.0228972099058878317268 -0.0395560591262754945863 0.998954971940639757655 2.99030718394467598387
14498 1110.709000 -0.313339062978125804104 -0.0123960594330420770942 -0.0534033230558524363296 -0.0228975890833357717535 -0.0395562201878175284664 0.998954956871741961422 2.9903076117132960654
14499 1110.718000 -0.313338875752299461652 -0.0123957807686781180251 -0.0534034796815774093215 -0.0228979760146424092537 -0.0395563669856244456979 0.998954942189752337356 2.99030805436103674921
14500 1110.727000 -0.313338681979435540459 -0.0123955184441535762319 -0.0534036441095834257808 -0.0228983890411127571918 -0.0395565414809214560554 0.998954925812666538754 2.9903085581167858642
14501 1110.736000 -0.313338490057041618719 -0.0123952565496980530307 -0.0534038044176428708387 -0.0228988069521275060259 -0.0395567327927878048532 0.998954908657507578695 2.99030904731461077972
14502 1110.745000 -0.313338306843597258489 -0.0123950097688509449506 -0.0534039625167562759245 -0.0228991978811612685585 -0.0395569018140708369979 0.998954893003318411537 2.99030961142918094708
14503 1110.754000 -0.313338124038247067826 -0.0123947645066574217015 -0.0534041199404178129617 -0.0228995781310751128634 -0.0395570589189077476133 0.998954878065623552708 2.99031017529555098733
14504 1110.763000 -0.313337937294614676809 -0.0123945139481945812432 -0.0534042762433219464491 -0.0228999819930179107641 -0.0395572467348708003976 0.998954861370360380768 2.99031071253725189152
14505 1110.771000 -0.313337771778702200987 -0.0123943152835692335656 -0.0534044206880743693722 -0.0229003408845657556447 -0.0395574055274466040988 0.998954846855105826897 2.99031127627712534078
14506 1110.780000 -0.313337593731656816054 -0.0123940501261964423907 -0.0534045677610330213336 -0.0229007064476742794312 -0.0395575556041202411328 0.998954832531894099112 2.99031176777351337392
14507 1110.789000 -0.313337408716905352346 -0.0123938013763232341563 -0.0534047212016674141544 -0.0229011067049791003369 -0.0395577382883644662614 0.998954816121928601547 2.99031230176198281612
14508 1110.798000 -0.313337229092188085389 -0.0123935589707986661134 -0.0534048742806824822127 -0.0229014783320301527902 -0.0395578859197485560584 0.998954801756199550766 2.9903128640726777121
14509 1110.806000 -0.313337064004669263451 -0.0123933598983281354627 -0.0534050161479594220904 -0.022901838333399492792 -0.0395580385232639566984 0.998954787459944482109 2.99031340835916026322
14510 1110.815000 -0.31333688043950341795 -0.0123930869077659468191 -0.0534051624920978268429 -0.0229022309704905654981 -0.0395582132515318318777 0.998954771539192654117 2.99031384960171209286
14511 1110.823000 -0.313336714550679684699 -0.0123928861928416858551 -0.0534053065672266819019 -0.0229025809568470829769 -0.0395583479688720249245 0.998954758180513602284 2.9903143905545994663
14512 1110.832000 -0.313336529316376843912 -0.0123926083931055319026 -0.0534054522685403626481 -0.022902978697295493099 -0.0395585218083121248345 0.998954742177608601139 2.99031479800966604188
14513 1110.841000 -0.313336346421717149013 -0.0123923862815740921939 -0.0534056119199943502007 -0.0229033727681862801784 -0.0395586801291860981622 0.998954726873184317704 2.99031541258349164991
14514 1110.850000 -0.313336166138668714698 -0.0123921188310015112366 -0.0534057604984556066885 -0.0229037419487362753356 -0.039558821399319855916 0.998954712814471124105 2.9903158739573219016
14515 1110.859000 -0.313335977047227431935 -0.0123918619228953873906 -0.0534059166198947443682 -0.0229041483237063421552 -0.0395589890159399673597 0.998954696859473356696 2.99031636456983163086
14516 1110.868000 -0.313335788164476436446 -0.0123916054085716036137 -0.0534060712919669916543 -0.0229045598613620456085 -0.0395591675403850345782 0.998954680353953183847 2.99031683788869706575
14517 1110.877000 -0.31333560603760851615 -0.0123913616745623227089 -0.0534062269673225703537 -0.0229049498356295837265 -0.0395593261754385930318 0.998954665130291297181 2.99031737890687887571
14518 1110.886000 -0.313335423254338940602 -0.0123911162693749448555 -0.0534063829955561258922 -0.0229053302980158531021 -0.0395594715307059432985 0.998954650650443642945 2.99031791288327442047
14519 1110.895000 -0.313335233977911242764 -0.0123908635891614299362 -0.0534065414851799119544 -0.0229057393409940884821 -0.039559643314869351316 0.99895463446847421185 2.99031841829451261461
14520 1110.903000 -0.313335067854965010348 -0.0123906669689860977901 -0.0534066858086081203139 -0.0229061085619097978827 -0.0395598041231716088251 0.998954619634088381019 2.99031895093014021825
14521 1110.912000 -0.313334887800048200734 -0.0123904033477488812603 -0.053406835854895078064 -0.0229064801784259509942 -0.0395599488855553002575 0.998954605380048099583 2.99031942625184044005
14522 1110.922000 -0.313334684504419258566 -0.0123901116177451350864 -0.0534070040869176199116 -0.0229069135321982170206 -0.0395601314069590967448 0.998954588214845951022 2.99031995114180570994
14523 1110.931000 -0.313334494583109413046 -0.012389885252396487178 -0.0534071684999855855747 -0.0229073298446066976608 -0.0395603078620538478605 0.998954571680439218362 2.99032054611148812029
14524 1110.940000 -0.313334307988422378077 -0.0123896383982026736525 -0.0534073233900263649732 -0.0229077383464032745264 -0.0395604871373812921886 0.998954555213251826906 2.99032104916814667206
14525 1110.948000 -0.313334149709685150231 -0.0123894572866628978336 -0.0534074676854121646596 -0.022908072366632649397 -0.0395606133435243492724 0.99895454255553040035 2.99032165425342233434
14526 1110.957000 -0.313333964729394731652 -0.0123891916961381305662 -0.0534076184841137807657 -0.0229084687394916358683 -0.039560783604096705357 0.99895452672313456155 2.99032211580068496559
14527 1110.966000 -0.313333778677687913028 -0.0123889469663078129191 -0.0534077727978870889225 -0.0229088764314717627246 -0.0395609655308098231985 0.99895451016896530394 2.9903226256938006955
14528 1110.974000 -0.313333621522160932216 -0.0123887678770031109399 -0.0534079155105065817022 -0.0229092055230487902373 -0.0395610859110504947678 0.998954497854552592173 2.99032322821778917543
14529 1110.983000 -0.313333437214517063207 -0.0123885041326836902592 -0.0534080651523637511824 -0.0229095989066389893463 -0.0395612542918089143962 0.998954482164625789942 2.99032368937761283689
14530 1110.992000 -0.313333251641000509746 -0.0123882603676563115419 -0.0534082184140829072105 -0.0229100040178814336189 -0.0395614347249540060369 0.998954465728245089018 2.99032419623191580982
14531 1111.000562 -0.313333094210111073874 -0.0123880814587589843656 -0.0534083604046887844286 -0.0229103367256079520908 -0.0395615593125804854147 0.998954453163844791064 2.99032479358039049444
14532 1111.009000 -0.313332910667378894409 -0.0123878185321911974542 -0.0534085090600103784553 -0.0229107225135939535088 -0.0395617215632455276886 0.998954437890366087061 2.99032525204739618729
14533 1111.017000 -0.313332747232841712925 -0.0123876294512366008638 -0.0534086504784380827759 -0.0229110849446353820325 -0.0395618819172609131884 0.998954423227518817363 2.99032579557769784273
14534 1111.026000 -0.313332569904666236038 -0.0123873739001417078331 -0.0534087966627563651145 -0.022911449118646294576 -0.0395620229405292539449 0.998954409290102152141 2.99032627331959899308
14535 1111.035000 -0.313332385347655451024 -0.0123871342050427234172 -0.0534089499988823906973 -0.0229118486268989930699 -0.0395621990887166929962 0.998954393151040176413 2.99032679458397332439
14536 1111.043000 -0.313332221004400890418 -0.012386944806001536773 -0.0534090929181296192318 -0.0229122053671672425146 -0.0395623488866259712116 0.998954379036292916538 2.99032734386719178943
14537 1111.052000 -0.313332043830521100869 -0.0123866885630376163951 -0.0534092391030840107913 -0.0229125696102120170183 -0.0395624908436638944575 0.998954365059837146035 2.99032781652096701919
14538 1111.061000 -0.313331859447964600207 -0.0123864494689318056092 -0.0534093924858955459989 -0.022912969324102697849 -0.0395626677418417782572 0.998954348885824239268 2.99032833741337356059
14539 1111.070000 -0.313331680559776004635 -0.0123862175050040244223 -0.0534095459914281714409 -0.0229133405206402955556 -0.0395628118827953331738 0.998954334663057386123 2.99032889302902527007
14540 1111.078000 -0.313331516379149244145 -0.0123860291924189555579 -0.0534096886063064324457 -0.0229137000501731455393 -0.039562963321751201673 0.998954320418712904406 2.99032943960403674311
14541 1111.087188 -0.313331332639993798139 -0.0123857892676196533477 -0.0534098412254403326349 -0.0229140987942394597221 -0.0395631394804883337879 0.998954304295694650584 2.99032995555970471102
14542 1111.096000 -0.313331154123533073275 -0.0123855602453101509841 -0.0534099950468730072517 -0.0229144703454613185567 -0.0395632843523170893429 0.998954290035357295174 2.99033051934297366969
14543 1111.104000 -0.313330986246753429025 -0.012385341604865207632 -0.0534101319030536175747 -0.0229148408540494896712 -0.0395634521982682896279 0.998954274888890436657 2.99033094985492065021
14544 1111.113000 -0.313330810921953584192 -0.0123850926761833821793 -0.0534102784391949289566 -0.0229152127581735004513 -0.0395636068423563594387 0.998954260233105406641 2.99033144810383655354
14545 1111.123000 -0.313330609963867412482 -0.0123848358281758198773 -0.0534104487371239999849 -0.0229156432718248745384 -0.0395637878952122823417 0.9989542431867542982 2.99033205685618774794
14546 1111.131000 -0.313330446677025198365 -0.0123846511978002258442 -0.053410593176952701755 -0.0229159904127212953051 -0.0395639229452826382549 0.998954229874714494386 2.99033261972924524486
14547 1111.140000 -0.313330265157154008726 -0.0123843917196178442824 -0.0534107384407894111855 -0.0229163829230975488183 -0.039564097124822540652 0.998954213972001681121 2.99033305415264694105
14548 1111.149000 -0.313330088548753382671 -0.0123841678410170751706 -0.0534108910210160103826 -0.0229167619317876547491 -0.0395642538570655580288 0.998954199069855053317 2.99033363056102752253
14549 1111.158000 -0.313329911313119269245 -0.0123839433337603280899 -0.053411044105880364774 -0.0229171307955255178224 -0.0395643971215699427613 0.99895418493367726942 2.99033420111376946338
14550 1111.168000 -0.313329711273350131062 -0.0123836884425225120243 -0.0534112136825435623866 -0.0229175593056410997761 -0.039564575783316631441 0.998954168027021527365 2.99033480850039046217
14551 1111.177000 -0.313329527786352646235 -0.0123834535247162227239 -0.0534113672876963541114 -0.0229179549345778776903 -0.0395647423062089539925 0.998954152355282065656 2.99033533689896469099
14552 1111.186438 -0.313329348917504135752 -0.0123832520514176921272 -0.0534115248263790642902 -0.0229183435361061810243 -0.0395649033627157101223 0.998954137061086488991 2.99033597050039690046
14553 1111.196000 -0.313329151355016155556 -0.0123829749586692097058 -0.0534116871396806275341 -0.0229187613131272630018 -0.0395650788414086060363 0.998954120526135747049 2.99033649940962176217
14554 1111.205000 -0.313328969375267718522 -0.01238274437758213678 -0.0534118393297672300335 -0.0229191567302446837229 -0.0395652534879228703901 0.998954104536945552972 2.99033703039565734727
14555 1111.214000 -0.313328790984885474646 -0.012382542494333424743 -0.0534119974868627611642 -0.0229195311950399112366 -0.0395653973483853643733 0.998954090247626935728 2.99033766655683486135
14556 1111.224000 -0.313328586464153957536 -0.0123822561396490747609 -0.0534121607750062329933 -0.0229199757908256813999 -0.0395655993827688512443 0.998954072044971441713 2.99033814994712932034
14557 1111.233563 -0.313328409013105269043 -0.0123820565043427123497 -0.0534123183176502952518 -0.0229203605696740898845 -0.0395657583670663282049 0.998954056919633903711 2.99033879373245703448
14558 1111.243000 -0.313328212153462792866 -0.0123817810708688625515 -0.0534124798011282320154 -0.0229207763913983272874 -0.0395659330046478560639 0.998954040461865977463 2.99033932088399367899
14559 1111.252000 -0.313328035979844710113 -0.0123815591958231652897 -0.0534126310894106684501 -0.0229211439939851838177 -0.0395660762508197733078 0.998954026353626067802 2.99033988297706176951
14560 1111.261000 -0.313327853860072169656 -0.0123813289389638307714 -0.0534127843472749566645 -0.0229215323616992448785 -0.039566240369746534522 0.998954010942042835985 2.99034041845149989314
14561 1111.270000 -0.313327672013824998221 -0.0123810964075406256674 -0.0534129350630974802927 -0.0229219298694875277256 -0.0395664190731301046444 0.998953994742894813008 2.99034092611845991883
14562 1111.279000 -0.313327497370837038115 -0.0123808766269936140064 -0.0534130852023463609246 -0.022922304219948352183 -0.0395665742792081637225 0.998953980005613750848 2.99034149800906945416
14563 1111.288000 -0.313327321811154024811 -0.0123806564629018005241 -0.0534132362296497256726 -0.0229226710838566112571 -0.0395667173291377044508 0.998953965921441922049 2.99034206188437101659
14564 1111.297000 -0.313327140316902175154 -0.0123804279970113548237 -0.0534133892355006870134 -0.0229230587090867785061 -0.039566881126491398879 0.998953950538933432846 2.99034259932325907627
14565 1111.305000 -0.313326980583782777057 -0.0123802509969829898501 -0.0534135287102844025231 -0.0229234149363453133807 -0.0395670401010181638224 0.998953936067775161156 2.99034315199004652186
14566 1111.313000 -0.313326823096349849074 -0.0123800522790114431865 -0.0534136618939775459358 -0.022923749211070536258 -0.0395671774089639202709 0.998953922958409235022 2.99034363416688053761
14567 1111.319000 -0.313326702464017392558 -0.0123799267853753544588 -0.0534137693331973584243 -0.0229240122407460070186 -0.0395672866250985563741 0.998953912596528770251 2.99034407614180963719
14568 1111.326000 -0.313326560354880823134 -0.0123797446057618016485 -0.0534138868090866802962 -0.0229243170734971871139 -0.0395674178846272261989 0.998953900402144268078 2.99034446821807975425
14569 1111.335000 -0.313326388750520878901 -0.0123795076960250723108 -0.0534140312055522148427 -0.0229246801318124318603 -0.0395675667809963077515 0.998953886172873062321 2.99034497300095924999
14570 1111.345000 -0.313326193656510709751 -0.012379238530764452228 -0.0534141923625520431695 -0.0229250938377309199101 -0.0395677412974830902681 0.99895386976634048537 2.99034550780808539017
14571 1111.354000 -0.313326019437387193189 -0.0123790204645932953864 -0.0534143425689221837405 -0.0229254558535882252412 -0.0395678816177964937095 0.99895385590035401524 2.99034607433632926288
14572 1111.363000 -0.313325838404638123968 -0.0123787941169478891285 -0.0534144952166837744256 -0.0229258473603559526088 -0.039568049652597629684 0.998953840259648506716 2.99034660992177503402
14573 1111.372000 -0.313325658581605048791 -0.0123785670655644306631 -0.0534146443973056439525 -0.022926239589863721402 -0.0395682224107593086271 0.998953824415083291299 2.99034711830867383497
14574 1111.382000 -0.313325462091245232621 -0.012378321874094728311 -0.0534148113044340261402 -0.0229266601543179904255 -0.0395683985349983904922 0.998953807786698400051 2.9903477265472537816
14575 1111.391000 -0.313325289092886261066 -0.0123781076287527054547 -0.0534149610977647515409 -0.0229270307821152589944 -0.0395685525054261591493 0.998953793181717286664 2.99034830264411644052
14576 1111.399000 -0.313325129383516587378 -0.0123779319927104329568 -0.0534151019569299168044 -0.0229273690061079678248 -0.0395686854504197285665 0.998953780153107762096 2.99034886535732935542
14577 1111.408000 -0.313324949892838933163 -0.0123777075883034805293 -0.0534152513454701841078 -0.0229277606701485253682 -0.0395688595006627383266 0.998953764269632893402 2.99034937846749038215
14578 1111.416000 -0.313324799867640335638 -0.0123775220072498588764 -0.0534153839906786401248 -0.0229280712096537643563 -0.0395689767992771501692 0.998953752495911784237 2.99034991100169955658
14579 1111.428000 -0.313324603983635818771 -0.0123774741676068375518 -0.0534155865469329582673 -0.022928528228783908588 -0.0395691655450515766823 0.998953734529948178533 2.99035102892347737225
14580 1111.438000 -0.313324422868476504256 -0.0123772704258231277391 -0.0534157408215957529851 -0.0229289276008412569452 -0.0395693428709670350085 0.998953718339260721137 2.99035161007272787259
14581 1111.447000 -0.313324229625963457391 -0.0123770059984996474989 -0.0534159008823288927736 -0.0229293362005363078604 -0.0395695134373402826466 0.998953702204328886083 2.99035214247541203392
14582 1111.456000 -0.313324057637557884526 -0.0123767943115243219537 -0.0534160495293015680218 -0.0229297041572727698655 -0.0395696659706184297733 0.998953687716419569398 2.9903527186885194844
14583 1111.466000 -0.313323882997404545847 -0.0123766018373607095127 -0.0534162051960671291351 -0.0229300715184794189072 -0.0395698084783824219346 0.998953673639144112961 2.99035335636302868068
14584 1111.475000 -0.313323689899138779769 -0.012376338252445157409 -0.0534163651397090502582 -0.0229304810459988357707 -0.0395699819800366392464 0.998953657366095648662 2.99035389190725053865
14585 1111.484000 -0.313323511048344716112 -0.0123761151541230476902 -0.0534165157264437778784 -0.0229308668484137084809 -0.0395701453858381888007 0.998953642037369027307 2.99035441992561690228
14586 1111.490000 -0.313323350416063239887 -0.012375693988355871214 -0.0534166070992108596438 -0.022931180652658707253 -0.0395702960245009893736 0.998953628866930176677 2.99035427464516567753
14587 1111.500000 -0.313323155939953246207 -0.0123754530521373029561 -0.0534167727183259138934 -0.022931597324902554258 -0.0395704711361662270219 0.998953612365554466379 2.99035488102988322723
14588 1111.509000 -0.313322984793099834633 -0.0123752429730389426621 -0.0534169212942179477688 -0.0229319643540638364032 -0.0395706240174172677038 0.998953597884174038235 2.99035545645565425943
14589 1111.518000 -0.313322813010151524082 -0.0123750320995410362235 -0.0534170704339525098669 -0.0229323214564663181714 -0.0395707636031091825046 0.998953584157184049097 2.99035602582296222707
14590 1111.527000 -0.313322632758553876187 -0.0123748331564684996287 -0.0534172271635348569485 -0.0229327152059480843249 -0.0395709304671380962537 0.99895356850819050365 2.99035662947435643133
14591 1111.536000 -0.313322457270678089714 -0.0123745889600520436735 -0.0534173680771278247548 -0.0229330945681326531238 -0.0395711001015462138231 0.99895355307956268387 2.99035706296647862956
14592 1111.544000 -0.313322307037938785346 -0.0123744297921901807991 -0.0534175060384757677268 -0.0229334103123493490695 -0.0395712195195812715953 0.998953541100475184145 2.99035766937263547405
14593 1111.553000 -0.31332213120441215759 -0.0123741882378867289194 -0.0534176497316252024694 -0.0229337855796721210022 -0.0395713802128185646034 0.998953526119728207888 2.99035812768683095797
14594 1111.562000 -0.313321954022545146046 -0.0123739678565463594867 -0.0534177971804714740722 -0.0229341731914427804373 -0.0395715531191761435426 0.99895351037160950991 2.99035863709206273242
14595 1111.570000 -0.313321804125882619196 -0.0123738093803204517174 -0.0534179349040160567075 -0.0229344882342973899192 -0.0395716722812844909352 0.998953498418366447886 2.99035924286491150426
14596 1111.581000 -0.313321626927362650861 -0.0123737829683190914132 -0.0534181177824422648293 -0.0229349134668333509701 -0.0395718588043248720165 0.998953481266790177528 2.99036025804742822132
14597 1111.587000 -0.313321474871105953852 -0.012373378801573650318 -0.0534182087424766166572 -0.022935200612934896619 -0.0395719835175179016074 0.998953469733867893687 2.99036017748988180998
14598 1111.599000 -0.31332128654803159673 -0.0123733681445908679647 -0.0534184137798924402185 -0.0229356316375084294534 -0.039572145934357476349 0.99895345340388019828 2.99036139970564640578
14599 1111.607000 -0.313321125471707817578 -0.0123731653321900673254 -0.0534185456279396286838 -0.0229359883425105243182 -0.0395723104987471263616 0.998953438694988982149 2.99036182836955921616
