11331 580.797000 31.5740076323807414838 -0.105486837217059356564 5.49663587339895709505
11332 580.804000 31.5738432495456322613 -0.104367071431272953608 5.49726292473866795518
11333 580.811000 31.5736860165499173547 -0.103338108025694333514 5.49779819588329843327
11334 580.819000 31.5735182755249788045 -0.1023550380402155624 5.49827739292867168075
11335 580.827000 31.5733649107997607075 -0.101635566648101180465 5.49861367829257208228
11336 580.832000 31.5732762659656138737 -0.101332470938287760864 5.49875809511358593085
11337 580.838000 31.5731767255129298633 -0.101117873369484717605 5.49887544657361004852
11338 580.845000 31.5730674441054937063 -0.101061029415287009781 5.49895202710539177104
11339 580.853000 31.5729445260186665223 -0.101213318261345525118 5.49899154555929126076
11340 580.861000 31.5728294118550003589 -0.101546021759930243933 5.49900543479518155721
11341 580.868000 31.5727364996065169578 -0.101933019290118567768 5.49901437558191474864
11342 580.876000 31.5726169897395969599 -0.102424788689025533794 5.49903280558941620626
11343 580.882000 31.5725289161526099235 -0.102791064163097217721 5.49905706347667067035
11344 580.890000 31.5724092706354895199 -0.103235031924206105414 5.49909915756761868977
11345 580.897000 31.5723047235292924029 -0.103553045312545347056 5.49913844474588220379
11346 580.904000 31.5721925702557300042 -0.103785159239608251736 5.49917354916925393837
11347 580.911000 31.5720809068890631011 -0.103924542194844288234 5.49919473513471501747
11348 580.918000 31.5719687376476905172 -0.103971077528229940978 5.49919425564034725085
11349 580.926000 31.5718425787364544988 -0.103924759231926414071 5.49915468080279534746
11350 580.933000 31.5717324510058112708 -0.103808486736096869385 5.49908680591923726411
11351 580.940000 31.5716250362855603839 -0.103642492724094190115 5.49898463411295423953
11352 580.948000 31.5715109066264112414 -0.103416345998564460085 5.49882877463412889085
11353 580.956000 31.5713917127510050875 -0.103177076373678774934 5.49864095001995867307
11354 580.964000 31.5712809560919822616 -0.102949874544068342708 5.49843332591082845084
11355 580.971000 31.5711917733119484808 -0.102776729389204304899 5.49824664729620860015
11356 580.978000 31.5710987525749970928 -0.102637914922342712853 5.49806567137430235448
11357 580.985000 31.5710113909884100281 -0.102536555276600757636 5.49790410258761674811
11358 580.992000 31.5709270480084605026 -0.102476269886057055891 5.4977698555320317908
11359 581.000000 31.5708383973112027832 -0.102455351058029608957 5.49766004620768189426
11360 581.007000 31.5707539667313454856 -0.102473182058946107875 5.49761031578676995224
11361 581.015000 31.5706635327527500579 -0.102526570729527852222 5.49761111159920901059
11362 581.022000 31.5705860198471697231 -0.102593375048761328849 5.49766297839264428404
11363 581.029000 31.5705109000468020497 -0.102674024222475693269 5.49775642015534060647
11364 581.036000 31.5704348016896041429 -0.10275590893664915404 5.49789252936335337552
11365 581.044000 31.5703493496320142242 -0.102846319746862119304 5.49808785320787052342
11366 581.050000 31.5702921708036257087 -0.10290689250993571846 5.49825489898060570937
11367 581.058000 31.5702032220286525899 -0.102973890049443655981 5.49849300771850302283
11368 581.065000 31.5701302196072006723 -0.103015668311667765722 5.49870719856346923393
11369 581.072000 31.5700588008046842958 -0.103042111286449938889 5.49891501576132668561
11370 581.079000 31.5699912937940538882 -0.103053874056709696139 5.49910693005234563202
11371 581.087000 31.56990909901834641 -0.103049394625020981908 5.49929954756084971024
11372 581.094000 31.5698402698390196974 -0.103033626464239552734 5.49943708131004260764
11373 581.102000 31.5697692731365187058 -0.103005702281428010436 5.49955326787858211901
11374 581.109000 31.5696973975316446115 -0.102976512433012062919 5.4996164626523098562
11375 581.116000 31.5696312791027438038 -0.102943980442470189862 5.49964656538164753385
11376 581.123000 31.5695664515395648664 -0.102912277769500834501 5.49964392165391124934
11377 581.130000 31.5695077083995805367 -0.10288344491885745291 5.49961180918316294708
11378 581.137000 31.5694403905189808768 -0.102857996823004532727 5.49955668249252127566
11379 581.145000 31.5693686943916382859 -0.1028344648618356727 5.49947297481121921692
11380 581.152000 31.5693071595225802639 -0.102818659445156265764 5.49938885649028375013
11381 581.160000 31.5692390028503275801 -0.102809159101504302147 5.49928475396283555909
11382 581.167000 31.5691789189814571159 -0.102803136990875093604 5.49919875471366559339
11383 581.174000 31.5691202148038279063 -0.102800790948756951004 5.49912057456536640387
11384 581.182000 31.5690593560039509669 -0.102801130944607299611 5.49904597271135742176
11385 581.189000 31.5689984828148446638 -0.102801968442871802245 5.49899866080386878764
11386 581.196000 31.5689424832887013395 -0.10280244801169022284 5.49897051071587572579
11387 581.204000 31.5688802733830975455 -0.102801329281198339238 5.49896293572013483697
11388 581.211000 31.5688286949764567169 -0.102801351328956055986 5.49897403098341452932
11389 581.219000 31.568769304261490305 -0.102796470563580294444 5.49901194017725281071
11390 581.227000 31.5687123858707607837 -0.102789991086236348616 5.49907023851402065873
11391 581.234000 31.5686692909929433881 -0.102783212646472110752 5.49913429800591213592
11392 581.242000 31.5686113237587875346 -0.102773519065599699962 5.49922012493873602068
11393 581.249000 31.5685655997749243795 -0.102764450490896844248 5.49930227303240304337
11394 581.257000 31.568519431800897479 -0.102754513336073369234 5.4993991724414854616
11395 581.264000 31.5684734998341056667 -0.102747350797768019492 5.49948227173646664312
11396 581.271000 31.5684314909145946615 -0.102739931421173713577 5.49956384963672828547
11397 581.278000 31.5683908957204941714 -0.102734650097657365109 5.49963961095731512785
11398 581.285000 31.5683576348584225002 -0.102731351837262702142 5.49970764993311878044
11399 581.293000 31.5683073858148404156 -0.102729684979391458488 5.49977520848313528035
11400 581.301000 31.568263033755453506 -0.102729660970580047308 5.49983182483378651995
11401 581.308000 31.5682251392088062403 -0.102730463933465826498 5.49987221417668603607
11402 581.316000 31.5681835653069384762 -0.102735239377343190448 5.49990431736795049034
11403 581.323000 31.568146303271252151 -0.102737803668767349596 5.49992626397156225693
11404 581.331000 31.5681046277571262237 -0.102741348487949149537 5.49994257394334518096
11405 581.338000 31.5680737468934289325 -0.102744353911875418994 5.49995010099026426786
11406 581.345000 31.5680337914830211332 -0.102745852539268447967 5.49995421475419199453
11407 581.352000 31.5679980169920426647 -0.102745812005312700532 5.49995624459833720721
11408 581.360000 31.5679580518114768495 -0.102743277387853049198 5.4999577147702991553
11409 581.367000 31.5679251532729985286 -0.102741812097812856841 5.49995603815713263174
11410 581.375000 31.5678862293770343683 -0.102735302704578687627 5.49995876213464018889
11411 581.382000 31.5678535553458203822 -0.102728505405702746911 5.49996326222288711705
11412 581.389000 31.5678282136351917586 -0.102720663804825793064 5.49997018100312473621
11413 581.396000 31.5677915154486470328 -0.102711742804501501847 5.49998059590616694692
11414 581.403000 31.5677607621797484683 -0.102701413897653692775 5.49999581977083984441
11415 581.409000 31.5677354821545783636 -0.102692542150890298025 5.50001169943382794969
11416 581.417000 31.5677062784976705245 -0.102681438695825119622 5.50003615964883696421
11417 581.424000 31.5676763927880124072 -0.102671057571393886665 5.50006245941102722696
11418 581.431000 31.5676496168092555195 -0.102661510118078419529 5.50009218065888649818
11419 581.439000 31.5676246716722737062 -0.102651959566342917962 5.50012924401713210187
11420 581.446000 31.5675970171173503331 -0.10264552646611710407 5.50016284929180532259
11421 581.453000 31.5675730193844508165 -0.102638872442832901344 5.50019975846342656922
11422 581.460000 31.567550280392559614 -0.102634022004936584227 5.50023734951350462552
11423 581.468000 31.5675302308105365512 -0.102630378456910142937 5.50028001950290867939
11424 581.475000 31.567504702723379495 -0.102627885943022689741 5.5003177621254497609
11425 581.482000 31.5674835409137983788 -0.102625994441658305312 5.500355541840128204
11426 581.490000 31.567460349769060457 -0.102624072312112110672 5.50039815824293576441
11427 581.497000 31.5674420783333324891 -0.102625404376604459356 5.50043098296297827687
11428 581.504000 31.5674224565651186936 -0.102624450958062926609 5.50046492207325066204
11429 581.511000 31.567403818837728835 -0.102624091590904367721 5.50049688916053902688
11430 581.518000 31.5673917559227987795 -0.102623482465625984195 5.50052694854665169544
11431 581.526000 31.5673661938104217484 -0.102622876070281310312 5.50055831736300415713
11432 581.533000 31.5673482648399712502 -0.102620868686653862745 5.50058532265532562633
11433 581.540000 31.5673312741806881832 -0.102618619085009452063 5.50061046857303903579
11434 581.547000 31.5673178155472697881 -0.102616319558681640123 5.50063334649995550052
11435 581.554000 31.5672991356696428511 -0.102612290199499883725 5.50065627122295808249
11436 581.562000 31.5672809420598454722 -0.102607186515662057724 5.50068161818180278999
11437 581.569000 31.5672697669296304923 -0.102602232490712874657 5.50070306891429439133
11438 581.576000 31.5672518781597126747 -0.1025976086258122838 5.50072301290684162467
11439 581.584000 31.5672354112538151583 -0.102590385966270583595 5.50074763149291445785
11440 581.591000 31.5672217881229748571 -0.102584314550479144268 5.50076908895632499252
11441 581.599000 31.567210225046206773 -0.102578015609357586779 5.50079300896358613926
11442 581.607000 31.5671935605915336964 -0.102570640956349198869 5.5008188774041411051
11443 581.614000 31.5671816468080272955 -0.102564556017042812774 5.50084235328490489536
11444 581.622000 31.5671752173095114813 -0.102558016190378561983 5.50086982089715803568
11445 581.630000 31.5671580751974012458 -0.102552433657850772253 5.50089743519496465751
11446 581.638000 31.5671462265005615677 -0.102546269082391394711 5.50092754625068991459
11447 581.647000 31.5671384416321316735 -0.102540375508409081773 5.50096208149995913317
11448 581.655000 31.5671256308134324797 -0.102536250039531304235 5.50099244848402868513
11449 581.664000 31.5671149164174060786 -0.102530704799236163649 5.50102927351863080219
11450 581.672000 31.5671062687705337169 -0.102525709097265313452 5.50106306755413498877
11451 581.680000 31.5670994746824931099 -0.102523520074908031097 5.50109394611724500379
11452 581.689000 31.5670910706256080402 -0.102518690633354378483 5.50113174296513918193
11453 581.698000 31.5670832813588511101 -0.102513585620553585032 5.50117000885370721619
11454 581.706000 31.5670782206584554785 -0.10251155301451686519 5.50120062756524497161
11455 581.714000 31.5670723005313185183 -0.1025071208967595765 5.50123352557559730514
11456 581.723000 31.567066354340735046 -0.102502289155639456086 5.50126998030065994527
11457 581.733000 31.5670617997614435524 -0.10249809243271881809 5.5013075558726320935
11458 581.741000 31.5670573578529207737 -0.102493208307964864257 5.50133878458081859719
11459 581.750000 31.5670530526106460911 -0.102487140972290752261 5.50137384628516823426
11460 581.759000 31.5670508361009680698 -0.102483423822564992389 5.50140509840081204374
11461 581.768000 31.5670475072942693373 -0.102477377425932672517 5.50143858644370009614
11462 581.776000 31.5670452600128577103 -0.10247151917422377132 5.50146860812904403559
11463 581.785000 31.5670447343277764674 -0.102467458159820945518 5.50149884931790111864
11464 581.793000 31.5670432940258507415 -0.10246188136954291481 5.50152805496069774449
11465 581.801000 31.5670424770696484984 -0.102456458566659455722 5.50155728194369242345
11466 581.809000 31.5670436073963855961 -0.102452616828500139845 5.5015844772167525889
11467 581.818000 31.5670435135087572576 -0.102446295966537717637 5.50161756437876281467
11468 581.827000 31.5670443554268196351 -0.102440370403757752271 5.50165093991866349654
11469 581.835000 31.5670469967243612075 -0.102436688065279307702 5.50167877562709506378
11470 581.843000 31.5670482403871872634 -0.102431153570526317642 5.50170897028112904081
11471 581.852000 31.5670510306884217755 -0.10242581838754788448 5.50174272447644607809
11472 581.861000 31.567055180650523738 -0.102421342824991212783 5.50177557793913507567
11473 581.869000 31.567057849506884537 -0.102415965058202260152 5.50180649517672115678
11474 581.877000 31.5670615888762178258 -0.102411302434349885115 5.50183716786883714178
11475 581.885000 31.5670689778018740412 -0.102407395941929255101 5.5018668446453151688
11476 581.894000 31.5670713880755222647 -0.102401728292872862269 5.50190171767117153223
11477 581.903000 31.5670769210853912057 -0.102396503549846737413 5.5019365066295220501
11478 581.913000 31.5670847987121803158 -0.102391652797151844201 5.50197376670639837215
11479 581.921000 31.5670900237271041533 -0.102386357186736540181 5.50200494679647356122
11480 581.930000 31.5670971887887361618 -0.102381217755855860596 5.50203940720276207799
11481 581.938000 31.5671055438134260385 -0.102377460795661484605 5.50206874960014769016
11482 581.945000 31.5671104343983692786 -0.102372826442767336785 5.50209563876151186435
11483 581.952000 31.5671165719575377295 -0.10236864736281606203 5.50212233371805403692
11484 581.959000 31.5671271705923182083 -0.102364584168842726042 5.50214877802286750352
11485 581.966000 31.5671308236067957864 -0.102361311695367634966 5.50217389095736475468
11486 581.973000 31.5671375354590253437 -0.102356622581006098671 5.50220059275128470233
11487 581.980000 31.5671449605147138584 -0.102352515584942571625 5.50222684746786505627
11488 581.987000 31.5671591777569844339 -0.102348716566467073941 5.50225243453090495649
11489 581.994000 31.5671614573962955319 -0.102344904051956619995 5.50227794564117900222
11490 582.001000 31.5671690261813040479 -0.102340416221262650587 5.50230441775946044203
11491 582.008000 31.5671773776790409727 -0.102336322460784820421 5.50233048200717522747
11492 582.015000 31.5671890892508173465 -0.102332856299315627657 5.50235555328632841565
11493 582.023000 31.5671966140828992309 -0.102327733525381492363 5.50238548921211201304
11494 582.028000 31.5672028842333354248 -0.102324610722143272135 5.50240434868360228648
11495 582.032000 31.5672081799322974405 -0.102322263470294799736 5.50241927653267737242
11496 582.037000 31.5672188428167750374 -0.102319318126639358102 5.5024379519390560489
11497 582.041000 31.5672235081316330252 -0.10231765581462042014 5.50245184774118811788
11498 582.045000 31.5672267477660604129 -0.102315278388111788321 5.50246665123520539709
11499 582.050000 31.5672333046239046439 -0.102311838975870803004 5.50248575529562611308
11500 582.055000 31.5672402647284044974 -0.102308792306969431607 5.50250462333201895149
11501 582.062000 31.567250284723748166 -0.102303776764087819839 5.50253187309770108726
11502 582.069000 31.5672619454051250898 -0.102301430538209961463 5.5025559583520804452
11503 582.076000 31.567272018675730294 -0.102296634848142817265 5.50258270240432612042
11504 582.083000 31.567282862789028286 -0.102292484763603794273 5.50260916115013021255
11505 582.090000 31.5673000779491168544 -0.102288338598322370299 5.5026354557103589471
11506 582.098000 31.5673077711132030743 -0.102284214347011820356 5.50266462681579149319
11507 582.105000 31.5673187363626297497 -0.102279736596996850828 5.50269144809159982401
11508 582.112000 31.5673304461383388286 -0.102275669647220998626 5.50271787920545740747
11509 582.119000 31.5673454755309741415 -0.102272245910992584661 5.50274331733055088733
11510 582.127000 31.5673567422980028141 -0.102267189025225677113 5.50277365091594727886
11511 582.134000 31.5673688650495449792 -0.102262991303203751303 5.50280026207820593953
11512 582.141000 31.5673853804946773494 -0.102258922711345678902 5.5028266986736609212
11513 582.148000 31.5673948861407964728 -0.102255656487635085417 5.50285187073665316149
11514 582.155000 31.5674073822594891681 -0.10225098523740597245 5.50287868655015177666
11515 582.162000 31.5674205235953238002 -0.102246904868182900139 5.50290509874540845203
11516 582.169000 31.5674403863189994013 -0.102243139921234044154 5.50293087413061776658
11517 582.176000 31.5674482471178592391 -0.102239367131495340058 5.5029565902913546438
11518 582.183000 31.5674613257092389063 -0.102234924173898816813 5.50298327200701820061
11519 582.190000 31.5674751169382439286 -0.102230878112174100592 5.50300953939711678942
11520 582.197000 31.5674921968827746355 -0.102227461107068068324 5.50303479779191562216
11521 582.204000 31.5675038086611614574 -0.102222996126038703779 5.5030611346780489157
11522 582.211000 31.5675177382506078061 -0.102218717116825119628 5.50308762741365242732
11523 582.217000 31.5675300428399587815 -0.102214919753510283251 5.50311051546653917654
11524 582.224000 31.5675466477760267026 -0.102212048011859513164 5.50313510193954424921
11525 582.231000 31.567560225223974868 -0.102207353366437048159 5.50316161329798170243
11526 582.238000 31.56757494910020867 -0.102203118270607615226 5.50318802317774391497
11527 582.245000 31.5675940332748865558 -0.102199004966257375737 5.5032142750660222319
11528 582.252000 31.5676060792009209877 -0.10219568919734174639 5.50323928384727700802
11529 582.259000 31.5676210861123784923 -0.102190967178997019205 5.50326596092319864084
11530 582.265000 31.5676345311307784414 -0.102187460967881504903 5.5032884839201612337
11531 582.272000 31.5676563890077055419 -0.102183328105206416847 5.50331462931588610843
11532 582.279000 31.5676669294757346051 -0.102179924381689629653 5.50333980294880031892
11533 582.285000 31.5676800799971672973 -0.102175894122487231908 5.50336275109656281046
11534 582.293000 31.5676985244025054556 -0.102171195751948232222 5.50339283011611257734
11535 582.300000 31.5677200045900860914 -0.102167576334968271401 5.50341827822422935412
11536 582.305000 31.5677275028411834512 -0.102164889695900401589 5.50343666669724917995
