7634 554.990000 23.0478523240648307535 -0.176860857320845388241 13.2373119037446578261
7635 554.995000 23.0476435556648944214 -0.175658706033289147008 13.2357461463108219135
7636 555.002000 23.0473741453788179001 -0.174108773841827796369 13.2334760849782586689
7637 555.007000 23.0471954174541302507 -0.173137453174541822154 13.2318719660991686027
7638 555.013000 23.0469936795379055638 -0.172150443651035489623 13.2300362420670616359
7639 555.020000 23.0467735664983948141 -0.171261553736415800264 13.2280916999944384571
7640 555.028000 23.0465397480085698589 -0.170586548702847229375 13.2262091524553220268
7641 555.036000 23.0463232602532173132 -0.170239647848651837192 13.2247422134144709815
7642 555.045000 23.0460994890763970488 -0.170170148371298374235 13.2236090485364741198
7643 555.052000 23.0459397066737423643 -0.170293038541099478467 13.2230929540521131571
7644 555.061000 23.0457520134705262649 -0.170601884155423572098 13.2228520902167865358
7645 555.069000 23.045602733168038867 -0.170955737154486586693 13.2229770992863127077
7646 555.077000 23.0454746424431498042 -0.171330434610132587014 13.2233520647380426993
7647 555.086000 23.0453391194468331094 -0.171744390480682795896 13.2239801322382568571
7648 555.093000 23.0452487312558105259 -0.172025092744599567007 13.2245566288768703345
7649 555.102000 23.0451419642743005056 -0.172330550905038182297 13.2253353594299500884
7650 555.110000 23.0450524114278216814 -0.172535371660549913253 13.2259983183013059005
7651 555.118000 23.0449743218380014298 -0.172676388235995653675 13.2265907728964613455
7652 555.126000 23.0449019781216399849 -0.172760360640715815439 13.2270813290795530293
7653 555.134000 23.0448320130752506429 -0.172795629925976745866 13.22745269058945361
7654 555.143000 23.0447530852204778284 -0.172789359104775219755 13.2277235629694960295
7655 555.151000 23.0446806664923826702 -0.172754282733743047551 13.2278429415302980487
7656 555.159000 23.0446047126178577003 -0.172701593194116959085 13.2278662944865921247
7657 555.166000 23.0445346664535861692 -0.172647841231165027898 13.2278264166379511124
7658 555.171000 23.0444827096780855413 -0.172608192572379220975 13.2277737664054519939
7659 555.176000 23.0444278931708090852 -0.172568592527226699618 13.227708047224506771
7660 555.183000 23.0443490498930430022 -0.172516149247975342229 13.2276068172746086304
7661 555.191000 23.0442538720164833421 -0.172463668210043941098 13.227494775029072116
7662 555.200000 23.0441436355139188663 -0.172415317604691170628 13.2273966106366014372
7663 555.206000 23.0440670224855743697 -0.172390911046504669013 13.2273553839300888058
7664 555.215000 23.0439510969328900103 -0.172364906406354267965 13.227337990736341311
7665 555.223000 23.0438465400335381617 -0.17235112886172310187 13.2273668511349136168
7666 555.231000 23.0437416527841669733 -0.172345712505136972048 13.2274322297414048677
7667 555.239000 23.0436371771845749379 -0.172346469358681864126 13.2275247980103003442
7668 555.247000 23.0435343154003611232 -0.172351648516624295082 13.2276327410737621904
7669 555.256000 23.0434226478707806507 -0.172360187306893619663 13.2277567316804187669
7670 555.263000 23.0433371402439703957 -0.172367099016173669357 13.2278432882096872447
7671 555.272000 23.0432313700306856674 -0.172375997447994394607 13.2279301644474003297
7672 555.279000 23.0431521107178447494 -0.172381530897846108052 13.2279720672702190143
7673 555.287000 23.0430655620479534207 -0.172385395886216374883 13.2279885263220311487
7674 555.296000 23.0429729522625876825 -0.172385844369769114515 13.22796611693758706
7675 555.303000 23.042903959431363603 -0.172382820250338880674 13.2279209568099922478
7676 555.312000 23.0428194730123649947 -0.172375030782366295279 13.2278343752926570431
7677 555.320000 23.0427480215857016788 -0.172364258406504572418 13.2277392131194844183
7678 555.328000 23.0426807255116017359 -0.172349995181199339145 13.2276372491254559094
7679 555.336000 23.042615439926972698 -0.172332591722758221575 13.2275378110463250891
7680 555.343000 23.0425604416409726127 -0.172315915423949028717 13.2274604761683480803
7681 555.351000 23.0425006447223559292 -0.172295394950777447374 13.2273909354134495686
7682 555.359000 23.0424423212753382018 -0.172274064361270934365 13.2273468502416857717
7683 555.367000 23.0423854775719725296 -0.172253529031804741845 13.2273322694307697844
7684 555.375000 23.0423305567468794663 -0.172234319822959447421 13.2273490384833039002
7685 555.383000 23.0422772201877279485 -0.172217350673229407931 13.2273959393503588444
7686 555.391000 23.0422239631392891113 -0.172203148302113001611 13.2274692402774558531
7687 555.399000 23.0421714261832839554 -0.172192844901125519108 13.2275639099777109209
7688 555.407000 23.0421200839915059078 -0.172186507201153943258 13.2276738666274393807
7689 555.415000 23.0420692186349995723 -0.172183313108810409631 13.2277915796606571064
7690 555.423000 23.0420187166213921159 -0.1721842307415317741 13.2279097213712208969
7691 555.430000 23.041974722901315431 -0.172187662327878021618 13.2280081097204877949
7692 555.438000 23.0419250988869031005 -0.172193830383576690357 13.2281096521306711367
7693 555.444000 23.0418890787373094042 -0.17219960023474520372 13.228175669321451835
7694 555.452000 23.04184035915682216 -0.172207649635355702911 13.2282466728829604108
7695 555.460000 23.0417921466372632722 -0.172216142156747548109 13.2282968871360591123
7696 555.467000 23.0417520484562849958 -0.172222073220614890765 13.2283241871559802405
7697 555.475000 23.0417065111614149941 -0.172227556819928295795 13.2283363080311513471
7698 555.483000 23.0416620213890013247 -0.172230499234216544169 13.228330735398033724
7699 555.491000 23.0416190526732478361 -0.172230328716232505837 13.2283108971135376919
7700 555.500000 23.0415728813148099619 -0.17222598374633507623 13.2282766223065095801
7701 555.508000 23.0415340411529214748 -0.172218492708688664106 13.2282403631504941188
7702 555.516000 23.0414961652208134524 -0.172207584658201129368 13.228202790122610466
7703 555.523000 23.0414645854655937285 -0.172196118573949619179 13.2281721133023406622
7704 555.532000 23.041426352968780833 -0.172178924536561611669 13.2281396588767741207
7705 555.540000 23.0413946468472232709 -0.172162213922315426862 13.2281201558804468732
7706 555.548000 23.0413651911019421448 -0.172144946996282993679 13.2281112694771305627
7707 555.553000 23.0413468039027229395 -0.172134117968686634059 13.2281111378134621503
7708 555.559000 23.0413267072249752232 -0.17212177445998069758 13.2281172615180810936
7709 555.567000 23.0413007930208202367 -0.172106094153294919558 13.22813477769828161
7710 555.575000 23.0412764084527879049 -0.172092487436459246064 13.228162191741088094
7711 555.583000 23.0412531830418245704 -0.172081340464383364397 13.2281979360513517463
7712 555.590000 23.0412349392666868653 -0.172072840194193443786 13.2282349597966266685
7713 555.598000 23.0412142327621118909 -0.172066043500996884719 13.2282809205146705267
7714 555.605000 23.0411980228629467149 -0.172062145303869984403 13.2283235662247378173
7715 555.614000 23.0411769319540837841 -0.172058512355385523351 13.2283782631570492327
7716 555.622000 23.0411591461849276641 -0.172057568288692536163 13.2284251268778714206
7717 555.631000 23.0411401960595867422 -0.172057839166967624367 13.2284741598914834526
7718 555.639000 23.0411249078167763571 -0.172057977242174364729 13.228513474085835
7719 555.647000 23.0411096614326034171 -0.172058571147048255945 13.2285473714733878836
7720 555.656000 23.0410932453305967726 -0.172058639352185960281 13.2285792752926774085
7721 555.664000 23.0410797606202457644 -0.172057871870550438409 13.2286023822117950743
7722 555.671000 23.0410685218427566667 -0.172055527118770590356 13.2286187267798709399
7723 555.679000 23.0410560023265311713 -0.172052201598834081375 13.2286335306453270988
7724 555.686000 23.0410459736028272459 -0.172048119316545539137 13.2286440216810259329
7725 555.694000 23.0410357849659206408 -0.172042040194448242474 13.2286540255351852124
7726 555.701000 23.0410268019183206434 -0.17203545880673806745 13.2286613857572774577
7727 555.709000 23.0410176524316305802 -0.172027272166821509902 13.2286693666844143991
7728 555.716000 23.0410107248451190287 -0.172019467353512228724 13.2286766755328653034
7729 555.725000 23.0410032661723427339 -0.172008704541553009149 13.2286872891436306787
7730 555.733000 23.040997420626414538 -0.171998685033670384303 13.2286981831500618512
7731 555.741000 23.040992643603861012 -0.171989016821156553982 13.228710911421662999
7732 555.748000 23.0409894713489507012 -0.171980934401248675147 13.2287238724143492163
7733 555.757000 23.0409867207679077694 -0.171970940714635617264 13.2287429952192265858
7734 555.764000 23.0409857740494992129 -0.171963515341041844886 13.2287597728446062462
7735 555.772000 23.0409853858554214412 -0.171956025064489453902 13.2287805041255008831
7736 555.780000 23.0409855143089181695 -0.171949440425692628986 13.2288026038426433928
7737 555.788000 23.0409881584175089131 -0.171943542117823616744 13.2288265107463249848
7738 555.795000 23.040989991794411651 -0.171938257263128252417 13.2288476591626178447
7739 555.803000 23.0409926941269951328 -0.171933526888219612161 13.2288721856271536126
7740 555.811000 23.0409979220844718384 -0.171928732870564454638 13.2288975238439530102
7741 555.819000 23.0410026133423215811 -0.17192401301453891227 13.2289222175128973191
7742 555.826000 23.0410070217436775408 -0.171920520797151532566 13.2289433620276906112
7743 555.834000 23.0410139198492878165 -0.171915600587452616077 13.2289674959342260507
7744 555.841000 23.0410199349314019912 -0.17191161398734267074 13.2289877030491247467
7745 555.848000 23.0410262577816418172 -0.171907431156626877566 13.2290073095485869459
7746 555.856000 23.0410345247974319705 -0.171902294160575314086 13.229029103935433298
7747 555.863000 23.0410423122044605293 -0.171897227490149989704 13.2290475815324306552
7748 555.870000 23.041050212998257507 -0.171892189025087127607 13.229065305518163953
7749 555.876000 23.0410574457803569715 -0.171887942879908939275 13.2290802027528471285
7750 555.882000 23.0410651684272202999 -0.17188274847845849691 13.2290947739519229032
7751 555.887000 23.041071892263829568 -0.17187886689782147509 13.2291067908845825229
7752 555.892000 23.0410785334920227285 -0.171874547648688064116 13.2291184891613848862
7753 555.897000 23.0410861625380611883 -0.17187070183631453224 13.2291303916993658873
7754 555.902000 23.0410927531803686463 -0.171866094911251737765 13.229141720830613238
7755 555.908000 23.0411025322558735695 -0.171860997319779107428 13.2291558714641297456
7756 555.915000 23.0411133740599396447 -0.171854745191333563303 13.2291719999357511028
7757 555.922000 23.0411243466512090095 -0.171849027707412643773 13.2291880098513114916
7758 555.929000 23.0411372184776297445 -0.171842703297935855966 13.2292047235264700333
7759 555.936000 23.0411498677800743451 -0.171836937561336416946 13.2292212000864477517
7760 555.943000 23.0411628743919401074 -0.171831301179269868573 13.2292378728657311626
7761 555.950000 23.0411771577592148219 -0.171825751109671381878 13.2292550333682665809
7762 555.956000 23.041189250254983989 -0.17182086192895507093 13.2292696467845978248
7763 555.963000 23.0412033296060130283 -0.171815789232879823079 13.2292866902921364414
7764 555.970000 23.0412193197209091977 -0.171810151389539228495 13.2293045094657131244
7765 555.976000 23.0412323154008795711 -0.171805959228450016996 13.2293193651556872936
7766 555.983000 23.0412494518295645207 -0.171800831460332564804 13.2293374860102712631
7767 555.991000 23.0412683388977868049 -0.1717948121084401647 13.2293578471039143807
7768 555.997000 23.0412830275953588455 -0.17179090453671738703 13.2293732477833057004
7769 556.004000 23.0413008844471640657 -0.171785436304063093838 13.2293913405871279565
7770 556.010000 23.0413158258620924812 -0.171781523608746600207 13.2294065662977455844
7771 556.017000 23.0413349370945361727 -0.171776026347144283868 13.2294248990893787976
7772 556.024000 23.0413533290656538099 -0.171771164728809461186 13.2294426672663512079
7773 556.030000 23.0413704454763426099 -0.171766464410142566388 13.2294583789525912465
7774 556.037000 23.0413898454321106612 -0.171761386785225345086 13.2294761445221720209
7775 556.044000 23.0414103807872230334 -0.171756165119653053663 13.2294942660457923722
7776 556.051000 23.041430762178709557 -0.171750609047406438412 13.2295120708333904247
7777 556.057000 23.0414483245725172367 -0.171746085641623136286 13.2295271985516755819
7778 556.064000 23.0414695311536732447 -0.17174075497528679124 13.2295449454810185586
7779 556.071000 23.0414912357981904734 -0.171735045684678289124 13.2295627188032618449
7780 556.078000 23.0415127178764471694 -0.171729668568096488501 13.2295801293440593582
7781 556.084000 23.0415323559349012328 -0.171725011879566263895 13.229595431678513151
7782 556.092000 23.0415578418258704119 -0.171718475843156304084 13.2296154163784436264
7783 556.099000 23.0415806130460438794 -0.171713023981809265184 13.229632876641796102
7784 556.104000 23.0415974429295609127 -0.171709265192108939679 13.2296455102406493864
7785 556.111000 23.0416208400485977847 -0.171703595516403101362 13.2296629707690325262
7786 556.118000 23.0416440971630720469 -0.171698395751977678225 13.2296802164666154056
7787 556.125000 23.0416691812791007976 -0.171692980498713260173 13.2296980534212753611
7788 556.133000 23.0416970246497143648 -0.17168664296565716576 13.2297180180616784639
7789 556.140000 23.0417218615480940969 -0.171681389616925805797 13.2297354929507982035
7790 556.147000 23.0417469645862311722 -0.171676265450061399376 13.2297529524087309483
7791 556.154000 23.0417733273766849322 -0.171671051939431301703 13.2297707507227571
7792 556.162000 23.0418027320484668508 -0.171664820703871345842 13.2297906969566536617
7793 556.169000 23.0418285795897723744 -0.171659971870348593281 13.2298080312097354749
7794 556.176000 23.0418559262972379997 -0.171654321947617538591 13.229825864938804969
7795 556.183000 23.0418824675677527125 -0.171649356240567346754 13.2298431571445451738
7796 556.191000 23.0419148117166159295 -0.171643584377150909548 13.2298636072186095447
7797 556.198000 23.0419422022126809679 -0.171637888693260687312 13.2298810237264845568
7798 556.206000 23.0419736658451874689 -0.171632198254384998881 13.2299008169535632362
7799 556.213000 23.0420028077907836916 -0.171626558860053263222 13.2299186965920814174
7800 556.219000 23.0420269010286631328 -0.171622272506659040436 13.2299334611193177835
7801 556.225000 23.0420522953880499983 -0.171617449501988289517 13.2299487767936785332
7802 556.231000 23.0420768159356903482 -0.171613133418193786195 13.2299635339551056035
7803 556.235000 23.0420942223910287794 -0.171609815286405925638 13.2299738162947644327
7804 556.240000 23.0421152339968529077 -0.171606419592746473057 13.2299862882201235692
7805 556.244000 23.0421320647504721535 -0.171603074759973051044 13.2299961848808873555
7806 556.249000 23.0421537800622111547 -0.171599070657448782296 13.2300089041020552116
7807 556.254000 23.0421746490032646193 -0.171595576923725623431 13.2300211043055515603
7808 556.260000 23.0422013829939125173 -0.171590598873680610925 13.230036458849088632
7809 556.264000 23.0422187179204094321 -0.171587957812164876303 13.2300464148272496345
7810 556.269000 23.0422406749069281773 -0.171583749209236385846 13.2300589056634212426
7811 556.273000 23.0422584274365895851 -0.171580589558228940872 13.2300690440560604344
7812 556.279000 23.042284520558805383 -0.171576233343162354306 13.2300838110659082503
7813 556.287000 23.0423212890484343518 -0.17157029940900980769 13.2301042524969538761
7814 556.293000 23.0423478334911600029 -0.171565304672502721983 13.230119100203024729
7815 556.300000 23.0423796332188821623 -0.171560305797661405425 13.2301367112122996161
7816 556.307000 23.0424118344498012334 -0.171554528403489392474 13.2301543402246348791
7817 556.314000 23.042443416180933724 -0.171549552357092044419 13.2301716096981643034
7818 556.321000 23.0424766362992876623 -0.1715438837879139089 13.2301895144579280128
7819 556.329000 23.0425140234815621909 -0.171537904245726791075 13.2302094922967139468
7820 556.336000 23.042547072899342453 -0.171532970832603937072 13.2302271072904371607
7821 556.341000 23.0425708391495334126 -0.171528840362367540617 13.2302396166188636073
7822 556.346000 23.0425951427755038026 -0.171525246512060081105 13.2302523301466354866
7823 556.351000 23.0426182731378048629 -0.17152148420120583161 13.2302645390951809645
7824 556.357000 23.0426477709399968319 -0.171516704405820785695 13.2302798616362817796
7825 556.362000 23.0426713519785977269 -0.171513293289066448555 13.2302920679272606463
7826 556.367000 23.0426964448910176486 -0.171509175872742475333 13.2303049032506834237
7827 556.372000 23.042720789921297353 -0.171505844992782541247 13.2303173706837728929
7828 556.377000 23.0427454040422290404 -0.171501720433645171715 13.2303298460135447812
7829 556.382000 23.0427705486940332946 -0.171498126695242364415 13.2303425238631788829
7830 556.387000 23.0427945124048640935 -0.171494359249344419105 13.2303546961327018749
7831 556.393000 23.042824999715371348 -0.171489566814943955597 13.2303699746919214419
7832 556.398000 23.0428493961977132187 -0.171486140670704861888 13.2303821451801830733
7833 556.404000 23.0428803266657951099 -0.17148124222973995523 13.2303974579603416117
7834 556.409000 23.0429050595373894339 -0.171477873313144929535 13.2304096769989314453
7835 556.415000 23.0429361663740515098 -0.171472909308174936704 13.2304249174177535053
7836 556.420000 23.0429615597748949085 -0.17146954885643536648 13.2304373484832140662
7837 556.424000 23.0429818671206270153 -0.171466235352837975681 13.230447212190275863
7838 556.430000 23.0430133773715617451 -0.171461768138295889141 13.2304624430090651543
