14393 864.171000 25.5272323278069315222 -0.0919596220510832257355 12.5564400890890173201
14394 864.176000 25.5269281725899794822 -0.0912488894800725508505 12.5556389515867827811
14395 864.182000 25.5265894382306797183 -0.0904733841194636373428 12.5545268584889235797
14396 864.189000 25.5262259127601609521 -0.0897117481537322014606 12.5531123416284913219
14397 864.194000 25.5259845750350109483 -0.0892758859834063694949 12.5520791220036187497
14398 864.203000 25.525583504143924074 -0.0887267614218850836361 12.5502849778576042183
14399 864.211000 25.5252583422064276419 -0.0884778332854826710108 12.5488631908987144925
14400 864.219000 25.5249587954622754182 -0.0884196310297609144868 12.5476833886934056039
14401 864.228000 25.5246488842175054401 -0.0885274832059450289545 12.546700291296126295
14402 864.236000 25.52439496796050733 -0.0887260816735858937054 12.5461496263668337292
14403 864.244000 25.5241593200255998397 -0.0889764793068591047787 12.5458933331320121596
14404 864.252000 25.523940122297005928 -0.0892425536884644265978 12.5459013268765282589
14405 864.258000 25.5237854206258809597 -0.0894354353774532984112 12.5460539587303987474
14406 864.266000 25.5235905549505481815 -0.0896676986000582848524 12.5464093029590877393
14407 864.274000 25.5234068908670792553 -0.0898602185836465533475 12.5468834892876248688
14408 864.283000 25.5232110775258789204 -0.0900223891109222379425 12.5474841105678951436
14409 864.291000 25.5230443112632983116 -0.0901182745103697585565 12.5480157968150471959
14410 864.300000 25.5228622761060464086 -0.0901772144753943127871 12.5485503871373698104
14411 864.308000 25.5227033652549692988 -0.0901933998109079870797 12.5489301173483465135
14412 864.317000 25.522526121903897689 -0.0901810032703457276071 12.5492221518145026238
14413 864.325000 25.5223668346310645916 -0.0901507638107433700858 12.5493532417466777673
14414 864.334000 25.5221873095882330063 -0.0901044569872349182527 12.5493640311152532263
14415 864.342000 25.5220252830092988461 -0.0900586453345141590976 12.5492695104188438648
14416 864.350000 25.5218616751908911056 -0.0900135410086058962431 12.5491018351613607962
14417 864.358000 25.5216968351930262315 -0.0899723316454803245801 12.548888803090068933
14418 864.367000 25.5215087376451279511 -0.0899326626001023254897 12.5486302088441377123
14419 864.375000 25.5213413935946356048 -0.0899049265830277194445 12.5484128680410176315
14420 864.384000 25.5211527795780916961 -0.0898819633597923439705 12.5482103489801595231
14421 864.392000 25.5209854041396440039 -0.0898686833087206787818 12.5480840050364594873
14422 864.400000 25.5208206519989779792 -0.0898614990982684047616 12.5480170127544852221
14423 864.409000 25.5206368503626777056 -0.089859607393908288997 12.5480127630028146513
14424 864.417000 25.5204766049683584583 -0.0898623730388704577976 12.5480662619237364197
14425 864.425000 25.5203205932291048441 -0.089869182017964510667 12.5481624605164725494
14426 864.434000 25.5201473569209689174 -0.0898796794526342396336 12.5483034596078244505
14427 864.442000 25.5199988001825524009 -0.0898915246160535696962 12.5484412052549334504
14428 864.450000 25.5198535734964977451 -0.0899048734398774362919 12.5485740680532789071
14429 864.459000 25.5196947964908886775 -0.0899205357214184070047 12.5487008362111644999
14430 864.467000 25.519557877401346957 -0.0899345687790395614813 12.5487815293892523982
14431 864.475000 25.5194241876477434516 -0.089947787857198646666 12.5488247891165460857
14432 864.484000 25.5192790720369302448 -0.0899606634185570325224 12.5488260369943027683
14433 864.492000 25.5191539951397103891 -0.0899698065574713878867 12.5487861490734307068
14434 864.501000 25.5190170783477974226 -0.089976205292948863157 12.548701664708817205
14435 864.509000 25.5188985145894307038 -0.0899780716529190588426 12.5485997247069569482
14436 864.517000 25.5187837811313436021 -0.0899763878129722638466 12.548482546409307048
14437 864.526000 25.5186573680008628173 -0.0899694923159208570507 12.5483445565447535586
14438 864.534000 25.5185479267715216167 -0.0899597443546369390788 12.5482272865595003708
14439 864.542000 25.5184420398869384883 -0.0899469516081542463937 12.5481242099513625732
14440 864.551000 25.5183261333830877504 -0.0899302434405942763274 12.5480328176560700371
14441 864.559000 25.5182247892830318392 -0.0899137713697811952196 12.5479779940366675817
14442 864.567000 25.5181264491556021312 -0.0898976136903354844376 12.5479501494829328578
14443 864.575000 25.5180305370723665703 -0.0898825252654872480784 12.5479485525855114503
14444 864.583000 25.517936905932728564 -0.0898695068012472508823 12.5479704998264551818
14445 864.592000 25.5178340947581148157 -0.0898585293701398973854 12.5480178425044623935
14446 864.599000 25.5177558610827581731 -0.0898528189938172378026 12.5480665768857200248
14447 864.607000 25.5176691432923448133 -0.0898499771424086934868 12.5481295310285041467
14448 864.616000 25.5175729077929069888 -0.0898512756255869515787 12.5482019568993585779
14449 864.624000 25.5174901169306629356 -0.0898560547639966483713 12.5482621263121725264
14450 864.632000 25.5174088739509521417 -0.0898637972716136990137 12.5483130196640768617
14451 864.640000 25.5173294659365410553 -0.0898736768375839045753 12.548351314316816385
14452 864.649000 25.5172427999846931357 -0.0898863795752342237266 12.5483767255811358154
14453 864.657000 25.5171665979636017596 -0.0898976046625981906057 12.5483823857305427651
14454 864.666000 25.5170842372569737222 -0.0899092518684976998999 12.5483711357968914513
14455 864.674000 25.517013053804408429 -0.0899179306780814452393 12.5483468982932251379
14456 864.682000 25.5169436013674619801 -0.0899242432483123854681 12.5483118109002731444
14457 864.690000 25.5168767425225269108 -0.0899278449276696700831 12.5482690731850059507
14458 864.699000 25.5168038767135847422 -0.0899285758684467834145 12.5482156016185815162
14459 864.707000 25.5167419244861370942 -0.0899259719426295234257 12.5481671384089210619
14460 864.715000 25.5166819310406900456 -0.0899208512900998985229 12.548120391465348078
14461 864.723000 25.5166236928123879579 -0.089913619871259717331 12.5480777088851169765
14462 864.732000 25.5165618413212982318 -0.0899036522697241602398 12.5480373351195080289
14463 864.740000 25.5165091307002924736 -0.0898940445613345823217 12.548009097704781567
14464 864.749000 25.5164524498759313076 -0.0898833776605029999285 12.5479864659484690037
14465 864.756000 25.5164102074310363832 -0.0898753703274353804575 12.5479754835935075619
14466 864.764000 25.5163645096881275265 -0.0898673287465111686467 12.5479695049572974597
14467 864.773000 25.5163151262573855149 -0.0898600739941549514489 12.5479695229805585655
14468 864.781000 25.5162733822226108771 -0.0898555866701615107983 12.5479741543929907976
14469 864.789000 25.516233838348803431 -0.0898532264544739250889 12.5479816567899007396
14470 864.797000 25.5161951114489582437 -0.0898522726357422890642 12.5479902297987635507
14471 864.806000 25.5161544752625530919 -0.0898531666428454833806 12.5480000991090481222
14472 864.813000 25.5161241801656331063 -0.0898551208553337449336 12.5480066260435272341
14473 864.822000 25.5160866485890771571 -0.0898585016144824166862 12.5480124781304542836
14474 864.830000 25.5160552364642541079 -0.089862228542556391031 12.5480146635587850312
14475 864.839000 25.5160209231163328525 -0.0898661252643130348261 12.5480132296861626173
14476 864.847000 25.5159920445909378373 -0.0898693832760349836652 12.5480084508712028679
14477 864.855000 25.5159645753368558019 -0.0898719825628224167069 12.5480005586839329368
14478 864.863000 25.5159388038100409801 -0.0898738717795307673342 12.5479898931549644914
14479 864.872000 25.5159110377576929807 -0.089874613397404504167 12.5479752372564945517
14480 864.880000 25.5158878811860425628 -0.0898742065802376477457 12.5479603807617152711
14481 864.888000 25.5158656126383966978 -0.089872824461040820565 12.5479442545493036221
14482 864.897000 25.5158431928341471462 -0.089870212460329543247 12.547925898150777968
14483 864.905000 25.5158246587427655072 -0.0898672939410651849812 12.5479095935340811963
14484 864.913000 25.5158079685209102649 -0.0898642196087169747853 12.5478938800017445487
14485 864.921000 25.5157918811324364583 -0.0898605594432337617672 12.5478787665992630451
14486 864.929000 25.515778306058610525 -0.0898570315203797570502 12.5478650568906715534
14487 864.937000 25.5157659797514568822 -0.0898537387459075881369 12.5478524627646379486
14488 864.945000 25.515755779266303449 -0.0898510344657532239454 12.5478412341275724629
14489 864.953000 25.5157456853282020859 -0.0898484452294676938511 12.5478307924463461376
14490 864.961000 25.5157382230633800191 -0.0898464013746996248422 12.5478218445454494656
14491 864.970000 25.5157310201215423717 -0.0898447082932822549406 12.5478125773164563839
14492 864.978000 25.5157262509820874641 -0.0898437509412342433235 12.5478051241476151745
14493 864.986000 25.5157225354122054739 -0.0898431346704453848151 12.5477980521543575065
14494 864.995000 25.515720655905298031 -0.089842849194645621469 12.5477905416411825712
14495 865.003000 25.5157198456982285961 -0.0898427619671955945968 12.5477838424453711497
14496 865.011000 25.5157203288804623753 -0.0898427156614236555043 12.5477770533067296554
14497 865.019000 25.5157216728551894391 -0.0898425836911008190988 12.5477699374880753425
14498 865.027000 25.5157250008326528246 -0.089842454054948880926 12.5477626959687089681
14499 865.035000 25.5157287592242454366 -0.089842060064119377838 12.5477549118037643439
14500 865.043000 25.5157336613951137849 -0.089841429112500786891 12.547746732092825539
14501 865.050000 25.5157384269780997954 -0.089840749064008129654 12.5477390427444408516
14502 865.058000 25.5157451407657340781 -0.0898395192738900977281 12.5477301067850266492
14503 865.066000 25.5157532045308030888 -0.0898382411735891284188 12.547720852833450067
14504 865.075000 25.5157636368301545815 -0.089836780560745427282 12.547710095934013097
14505 865.083000 25.5157732486104649183 -0.0898352711347840393596 12.5477001331223938507
14506 865.091000 25.5157841850100766123 -0.0898335177763594505684 12.5476901537091940497
14507 865.099000 25.5157964810613471229 -0.0898319225053443165541 12.5476801184604163097
14508 865.107000 25.5158096448385158794 -0.0898303866792524025042 12.5476700271080776616
14509 865.115000 25.515824158142642375 -0.0898291959367787523627 12.5476600104247815182
14510 865.123000 25.5158387656557117396 -0.089827720093149238112 12.5476497903414010437
14511 865.132000 25.515857382469455672 -0.0898262711874438790627 12.5476387283601074074
14512 865.140000 25.5158748329682971701 -0.0898251947390423799433 12.5476289436762407092
14513 865.149000 25.5158955647352883034 -0.0898243053160599214113 12.5476179760205308611
14514 865.157000 25.5159150168422286242 -0.0898232727931032454149 12.5476084485849135319
14515 865.166000 25.5159387769496710519 -0.0898225028502781658313 12.5475979297690791725
14516 865.174000 25.5159604527801455731 -0.0898217168122688591758 12.5475886297152356974
14517 865.182000 25.5159826346375311346 -0.0898209595193494303444 12.5475792754114081617
14518 865.191000 25.5160095619569524672 -0.0898200014407100622016 12.5475690461907269935
14519 865.199000 25.5160341229805283092 -0.0898191254838908020863 12.5475599372947321797
14520 865.207000 25.5160595417307014543 -0.0898181741173413594748 12.5475508580363168676
14521 865.215000 25.5160853672927530056 -0.0898171844133018038026 12.5475416522767080352
14522 865.224000 25.5161162782902373181 -0.0898159180227345033121 12.5475315104584836945
14523 865.232000 25.5161442831169047452 -0.0898147568684267288974 12.5475224176198629777
14524 865.240000 25.5161730618079971578 -0.089813536908512667245 12.5475133069819424492
14525 865.248000 25.5162021721784242345 -0.0898123173894489340574 12.5475040333112328739
14526 865.256000 25.5162323384679154969 -0.0898108839252602236813 12.547494865726626756
14527 865.264000 25.5162635812311968664 -0.0898096044471938526055 12.5474856995606991461
14528 865.273000 25.5162997553101753567 -0.089808352339708852341 12.5474753532221221519
14529 865.281000 25.5163319429465396126 -0.0898071736973374279422 12.5474659629609277545
14530 865.289000 25.5163651579423707005 -0.0898058416264839592946 12.547456684469006305
14531 865.297000 25.5163994267723985843 -0.089804711898091998945 12.5474474164949985067
14532 865.305000 25.5164342484930557475 -0.0898036415826141409813 12.5474381029063426496
14533 865.314000 25.5164741590922510284 -0.0898026892433238660418 12.5474275012649965078
14534 865.322000 25.5165103461556235231 -0.0898015561351981628224 12.5474181570031735333
14535 865.330000 25.5165475692034142696 -0.0898006088086656245606 12.5474088340016010079
14536 865.338000 25.5165853242087976582 -0.0897996918982609387827 12.5473994750331989678
14537 865.346000 25.5166240818833784942 -0.0897990434950660249003 12.5473901619413190645
14538 865.355000 25.5166675669051379316 -0.0897977990167902612173 12.5473794596963319492
14539 865.363000 25.5167076300660191635 -0.0897968722758253901084 12.5473701148742211586
14540 865.371000 25.5167481853971338523 -0.0897959328550831242799 12.5473607403550939665
14541 865.379000 25.516789699214658782 -0.089795224110201243839 12.5473514178676008868
14542 865.387000 25.5168309023488824039 -0.0897940878883888293771 12.5473418305082997648
14543 865.395000 25.516873685206963529 -0.0897930299516806890159 12.547332558129147273
14544 865.403000 25.5169167722156835509 -0.0897919702149312659589 12.5473231922496282209
14545 865.412000 25.5169661547499160292 -0.0897909417930581182921 12.5473127030956987937
14546 865.420000 25.5170098504677476114 -0.0897896918686549722066 12.5473031396220058298
14547 865.429000 25.5170606328885192227 -0.0897883324326143456018 12.5472927147841826212
14548 865.435000 25.5170950279289669993 -0.0897876023976592052556 12.547285809998538042
14549 865.440000 25.5171234853376702745 -0.0897868390070821059679 12.547279898844841739
14550 865.446000 25.5171579409125222071 -0.089786116547139555033 12.5472727970122814867
14551 865.456000 25.5172168312027238812 -0.0897846433163993207227 12.5472613093066698298
14552 865.465000 25.5172698629106982082 -0.089783354357379330235 12.5472507465581646358
14553 865.474000 25.5173237129419057112 -0.0897820732376378577433 12.5472402751963088008
14554 865.483000 25.5173790084747622586 -0.0897811981069994713422 12.5472299128402546842
14555 865.493000 25.5174400177700348991 -0.089779710491704523001 12.5472182540011587548
14556 865.502000 25.5174958241243992063 -0.0897785067379124612774 12.5472077253686560283
14557 865.512000 25.5175585526895716271 -0.089777386168907305497 12.5471959956860370511
14558 865.521000 25.5176162302289846195 -0.0897762507377553586885 12.5471856031135935439
14559 865.530000 25.5176741155508288728 -0.0897751251626589114041 12.54717518921565933
14560 865.539000 25.5177324345783489434 -0.0897739740854170270579 12.5471646266349861065
14561 865.544000 25.5177654267569380409 -0.089773554941438002408 12.5471588430146105964
14562 865.549000 25.5177987189454924533 -0.0897730138291918250415 12.5471530354175353494
14563 865.557000 25.5178511826434473164 -0.0897717083089981660038 12.5471435711555709958
14564 865.565000 25.5179046556427451264 -0.0897707298032590778059 12.5471341971802416992
14565 865.572000 25.5179519592504640002 -0.0897699225510009274354 12.5471260172738912075
14566 865.580000 25.5180060254460094882 -0.0897688760980289712776 12.5471165671650393136
14567 865.589000 25.5180681119839576354 -0.089767759294800561487 12.5471060812174126653
14568 865.597000 25.5181232854766406604 -0.0897667450446139603137 12.5470966808528441305
14569 865.605000 25.5181789704185923995 -0.0897657090828415660244 12.5470873068505426318
14570 865.613000 25.518235683534388869 -0.0897648984432163482561 12.547078062211630467
14571 865.621000 25.5182913852245860653 -0.089763746027953270068 12.5470684246794590422
14572 865.630000 25.5183555658821248358 -0.0897624473516008547502 12.5470579696222976906
14573 865.637000 25.5184059292486367099 -0.0897615793583816240497 12.5470498652459259148
14574 865.645000 25.5184637559949933916 -0.089760515295314494133 12.5470405046085708989
14575 865.653000 25.5185216896376054763 -0.0897596235840120021399 12.5470311027114327374
14576 865.662000 25.5185873358182568893 -0.0897583185111824471969 12.54702061520141676
14577 865.670000 25.518646175930502551 -0.0897572795173490894927 12.5470112849066541827
14578 865.678000 25.5187053466540874069 -0.0897562539792467195543 12.5470019537510566465
14579 865.686000 25.5187643139024658012 -0.0897552201922612730156 12.5469924126524894348
14580 865.695000 25.5188323353589616715 -0.089754083321870153922 12.5469821069809412961
14581 865.703000 25.5188925071280294787 -0.0897530861280568664773 12.5469727637877852544
14582 865.711000 25.5189531009780310455 -0.0897520797671725600875 12.5469634434029195802
14583 865.720000 25.5190211836246305666 -0.0897508536867008405169 12.5469527908937656946
14584 865.728000 25.5190830474218195434 -0.0897499429112044860846 12.5469435893295386819
14585 865.736000 25.5191445794299553995 -0.0897489558947590637672 12.5469342354165380726
14586 865.744000 25.5192065134502783508 -0.0897479553305247090833 12.546924901075193759
14587 865.752000 25.5192689223308804003 -0.0897469422638606795228 12.5469155463325012789
14588 865.760000 25.5193313730202540057 -0.0897460949273008873339 12.5469061404931032655
14589 865.767000 25.5193860803762326839 -0.0897449463880398701221 12.5468979038116614788
14590 865.775000 25.5194491358797819203 -0.0897439464781346618594 12.5468885309274931217
14591 865.783000 25.5195125391042161311 -0.0897429363295913912202 12.5468791738543945513
14592 865.791000 25.5195765682390600659 -0.0897421757543395287593 12.5468698742654716227
14593 865.800000 25.5196480056601373576 -0.0897408010068033307194 12.5468591941919527244
14594 865.808000 25.5197124944151099157 -0.089739767930888142411 12.5468498735568143587
14595 865.816000 25.5197770849509879554 -0.0897387407334522130276 12.5468405267090226118
14596 865.824000 25.5198419151305628816 -0.0897377215392078653178 12.5468311681030488813
14597 865.832000 25.5199073407444778638 -0.0897368576430519621079 12.5468218173358962986
14598 865.840000 25.5199725701787301091 -0.0897357282141919010421 12.546812458230093057
14599 865.847000 25.5200300365486008047 -0.0897349077835471603537 12.5468043312399277767
