24116 938.670000 -0.315450787307672175785 -0.0220901184241778063277 -0.0491220887349082743767 -0.0188378133508407402674 -0.0326339505527063339363 0.999289828858216044871 3.00746591807607144275
24117 938.675000 -0.315451325176851427035 -0.0220914139571031717391 -0.0491218300310580988088 -0.01883831867445000946 -0.0326339988485457380141 0.999289817754925868698 3.00747060719972836296
24118 938.680500 -0.31545174937324987896 -0.0220926651227648096487 -0.0491216182841241605361 -0.0188395005676127921812 -0.0326344132826457342111 0.99928978193918316375 3.00747561997260959288
24119 938.686000 -0.315452094833726826018 -0.0220939258763556342635 -0.0491216216914097392188 -0.0188422818140164677336 -0.0326339656640182301794 0.999289744118832090614 3.00748071499536751006
24120 938.691000 -0.315452237137350210983 -0.0220949426442366078649 -0.0491217803537562225369 -0.0188454334867667154529 -0.0326334278694552226696 0.999289702249645195309 3.00748494109774133776
24121 938.697000 -0.315452223118602270713 -0.0220961039044537746467 -0.0491222175881880634973 -0.0188501641053739760201 -0.032632293316314710252 0.999289650074551061287 3.00748967897661856341
24122 938.705000 -0.315451887390956253743 -0.0220975264182638811428 -0.049123256538118685588 -0.0188577349824365220199 -0.0326298651171012255023 0.999289586523231965209 3.00749510340858483559
24123 938.712000 -0.315451309771055510289 -0.022098738710670265406 -0.0491245109222145023842 -0.0188648963716246224898 -0.0326274014380834240234 0.999289531797609820174 3.00749935338330454115
24124 938.719000 -0.315450493144205923457 -0.0220998591844059899536 -0.0491260654367266652587 -0.018872140880244765021 -0.0326246798755051234386 0.999289483864218786024 3.00750283875020851809
24125 938.728000 -0.315449153684126792907 -0.0221011086503010399651 -0.0491283894338393201107 -0.0188809053371046427217 -0.0326211825474620395471 0.99928943247832680008 3.00750607790676482978
24126 938.737000 -0.31544759178791526022 -0.0221020024078141252843 -0.0491308645114054282077 -0.0188883361353820236617 -0.0326181339693711533356 0.999289391565022722119 3.00750763324834347046
24127 938.744000 -0.315446247997120843287 -0.0221026259723659523893 -0.0491329523531640055545 -0.0188931902474320408125 -0.0326161969369794108031 0.999289363027367816272 3.00750833501518277657
24128 938.753000 -0.315444533021585538091 -0.0221028327858832501773 -0.0491353056863860493397 -0.0188974148815423785563 -0.0326147195758511448949 0.999289331363936383923 3.00750726360265963066
24129 938.760000 -0.315443203239176073183 -0.022102808165222899428 -0.0491370638693826577992 -0.0188995770357527279049 -0.0326141951756733980416 0.99928930758860456951 3.00750581771637603978
24130 938.769000 -0.315441637396306151508 -0.0221022611518172373835 -0.0491388024394417630147 -0.0189004572024723642432 -0.0326146318001979823586 0.999289276691226580063 3.00750256565843576695
24131 938.777000 -0.315440386297841490748 -0.0221015075318708523189 -0.0491400077056716802493 -0.018899986541144161295 -0.0326157705253114910127 0.999289248426993181873 3.00749907329211385587
24132 938.786000 -0.315439200015449894288 -0.0221003616964950896917 -0.0491408592759751128298 -0.0188981807286340841578 -0.0326178139878352882364 0.999289215880869385877 3.0074945947938966917
24133 938.794000 -0.315438368639311628172 -0.0220991502541167395002 -0.0491411578871508575306 -0.0188956884672398413294 -0.0326201398431636285791 0.999289187089483887938 3.00749039558043973486
24134 938.802000 -0.315437759339383172463 -0.0220978340587746416301 -0.0491410431484559651061 -0.0188926022334422218096 -0.0326227716563638470149 0.999289159528064740989 3.00748624539930942134
24135 938.811000 -0.315437338640619624464 -0.0220963228451231744054 -0.0491404717305969074292 -0.0188887040828106152202 -0.0326258902514159621067 0.999289131404607289255 3.00748191863073888186
24136 938.820000 -0.315437177124387346794 -0.0220948502955459480379 -0.049139561686953409092 -0.0188847287511361289214 -0.0326289415948015429358 0.999289106910707269904 3.00747812560724092634
24137 938.828000 -0.315437239643372335784 -0.0220937215439377734882 -0.0491384326488307071612 -0.0188811493442732035442 -0.0326315005729079926633 0.999289090989088912842 3.00747564179246351657
24138 938.835000 -0.315437433610488149327 -0.0220929020984362012303 -0.0491372426944145374028 -0.0188780869164078199396 -0.0326335418404572891182 0.999289082188594357525 3.00747420348755190034
24139 938.841000 -0.315437653749899293842 -0.0220922507039714687005 -0.0491363629195475520861 -0.01887600551994327025 -0.0326349885412589232891 0.999289074261558774026 3.0074732047793459877
24140 938.848000 -0.315437984609282184856 -0.0220916780299817774869 -0.0491352736788185917582 -0.0188738181282755192181 -0.0326364177551347126038 0.999289068901172972126 3.00747273329489583915
24141 938.855000 -0.315438352157817680776 -0.0220912469348019183113 -0.0491343092636760889191 -0.0188721907818876141749 -0.0326374895556271193975 0.999289064630749401807 3.00747275544391978741
24142 938.862000 -0.315438749462230993981 -0.0220910482484281758819 -0.0491333407326394328019 -0.018870871928811636109 -0.032638265849511682859 0.999289064182623310018 3.00747354701531177668
24143 938.869000 -0.315439129884757363254 -0.022090976121654698483 -0.049132584095648988709 -0.0188701819650879260015 -0.032638690946169085505 0.999289063327486237753 3.00747470997536225923
24144 938.877000 -0.315439521117872101463 -0.022091023545507619541 -0.0491319660108482936245 -0.0188700805415117356389 -0.0326387995985919984743 0.999289061693922509022 3.00747638171622178049
24145 938.884000 -0.315439825727176104131 -0.0220912652832775668887 -0.0491316102252490408131 -0.0188704574412721336196 -0.0326386063365861692209 0.999289060888971625296 3.00747849653446897022
24146 938.893000 -0.315440096322995688904 -0.0220917009224447305482 -0.0491314539019137366815 -0.0188716935598086839321 -0.0326381031737276866567 0.999289053979580899068 3.0074814170516579459
24147 938.902000 -0.315440207541472894537 -0.0220921793614941297523 -0.0491316465295004167757 -0.0188735362541350079613 -0.0326372508980771539044 0.999289047014466080832 3.00748415391016665765
24148 938.910000 -0.315440183081463931813 -0.0220926357631067472875 -0.0491320708728435473489 -0.0188755424109437013047 -0.0326363065171786162488 0.999289039965719494418 3.00748649183328931045
24149 938.919000 -0.315440001964978566917 -0.0220930510144545858009 -0.0491327434786017758217 -0.0188780851926969653332 -0.032635222984976980376 0.999289027319012590489 3.00748860704439824332
24150 938.927000 -0.315439702834727220271 -0.0220934614642917942495 -0.0491335933620735201832 -0.0188806088854663357834 -0.0326342381229271574772 0.999289011803016991031 3.00749044370073859156
24151 938.935000 -0.315439317157330423314 -0.0220937488387095287701 -0.049134486914629835197 -0.0188830549442677506078 -0.0326333312797307401043 0.999288995198866047964 3.00749174111623807093
24152 938.942000 -0.315438907952422020742 -0.0220939875641035440856 -0.049135361908583259638 -0.0188851538595030954415 -0.0326325747856996001284 0.999288980238728807848 3.00749274610174843758
24153 938.950000 -0.315438404791270443628 -0.022094067243637896536 -0.049136242505238916789 -0.0188872148787831255212 -0.0326318676556732190086 0.99928896437788483631 3.00749317257913517665
24154 938.958000 -0.31543787336661865961 -0.0220941313752890979016 -0.0491371250162062345179 -0.0188890184173196792883 -0.0326312486395606143885 0.999288950502032369272 3.0074935028983906804
24155 938.967000 -0.31543727263795828808 -0.0220940661152897559194 -0.0491379801326065762668 -0.018890619811311713111 -0.0326307515932766009636 0.999288936461122934141 3.00749338254499010148
24156 938.975000 -0.31543675094254469693 -0.0220940326518057547633 -0.049138670282374855014 -0.018891694377447788844 -0.0326304272632875896898 0.999288926737489924257 3.00749336638693609558
24157 938.983438 -0.315436278534095948523 -0.0220939221887040196379 -0.0491391877719783431999 -0.0188923590564186207053 -0.0326302576014293396756 0.999288919711485479347 3.00749312442087202157
24158 938.991000 -0.315435868505048067068 -0.0220937976537129536492 -0.0491395605165664967062 -0.0188926385871203209033 -0.0326301806152074005962 0.999288916940558880064 3.00749290153961545968
24159 938.998000 -0.315435561748298398665 -0.0220937213936225444744 -0.0491397605764227196623 -0.0188926007279361998781 -0.0326301954075462821714 0.999288917173306923125 3.00749287350360594573
24160 939.006000 -0.315435294868311011385 -0.0220936224872674384645 -0.0491398633800881542988 -0.018892276705125755909 -0.0326302616269474043964 0.999288921136952223989 3.00749290163881166649
24161 939.013000 -0.315435126086172912263 -0.0220935646082929676437 -0.0491398580825525774229 -0.0188918006191225486268 -0.0326303500844796062763 0.999288927249137315378 3.00749310293376570513
24162 939.022000 -0.315434991737416570157 -0.0220934958130141329002 -0.0491397667895053999465 -0.0188910677150580380568 -0.0326305170957170015411 0.999288935651071463795 3.00749350428387041134
24163 939.030000 -0.315434949491330440807 -0.022093525950746331632 -0.0491395896555372815873 -0.0188902991959959340451 -0.0326306939675267901335 0.999288944403711187903 3.00749426186431412233
24164 939.038000 -0.315434962757329462324 -0.0220936073305641536568 -0.0491393764588007736505 -0.018889507408739812655 -0.0326308361097180713029 0.999288954729629641527 3.00749530712107571162
24165 939.046000 -0.315435019335674415863 -0.0220937328850597802798 -0.0491391444236326940809 -0.0188887925931927429246 -0.0326309901488869916197 0.999288963211480085747 3.00749656980029511644
24166 939.055000 -0.315435130608867853041 -0.0220939466715821715426 -0.0491388921564583566748 -0.0188880831073740575177 -0.0326310958783903384828 0.999288973169575212019 3.007498323712164634
24167 939.062000 -0.315435223338869585863 -0.0220941372426472978918 -0.0491387274947653329704 -0.0188876822939861438444 -0.0326311443233170336842 0.999288979163541202233 3.00749980624195512036
24168 939.070000 -0.315435345951648127283 -0.0220944035415274603329 -0.0491385782922287711605 -0.0188873456494932159822 -0.0326311166204200572838 0.999288986431063008808 3.00750169282963453199
24169 939.077000 -0.315435430295854246641 -0.0220946335336572839692 -0.0491384995631016646689 -0.018887273723373173423 -0.0326310997364775215446 0.99928898834185431177 3.00750334568335819796
24170 939.084000 -0.315435501506663384941 -0.0220948705311556359288 -0.0491384712502100362563 -0.0188873370969422881005 -0.032631016564950564296 0.999288989859952625494 3.00750500898901673708
24171 939.092000 -0.315435569926877545921 -0.0220951157026099825886 -0.0491384906157022738338 -0.0188875485959521943746 -0.0326308375564857838791 0.999288991707802942699 3.00750681171909972633
24172 939.099000 -0.315435579683349009983 -0.0220954385215888643446 -0.0491385963268565900686 -0.0188879598383255159488 -0.0326306799041361575431 0.999288989082807499464 3.00750870362198075014
24173 939.107000 -0.315435573846287897748 -0.0220956567261518278811 -0.0491387362208558498011 -0.0188885070301353409639 -0.032630417674643863446 0.999288987302747622188 3.00751032243384130993
24174 939.115000 -0.315435521674194807584 -0.0220958942614651460135 -0.0491389452763930645318 -0.0188892056777484988739 -0.0326301199349399717597 0.999288983818942710968 3.00751193615021339411
24175 939.123000 -0.31543543149532737857 -0.0220961143528820742887 -0.0491392023055095480966 -0.0188899909490559958503 -0.0326297680125321939992 0.999288980466307763528 3.00751344167399725649
24176 939.131000 -0.3154353088503940028 -0.0220962613339203695073 -0.0491394757975825990926 -0.0188908186212266883397 -0.032629392177048577306 0.999288977092200436658 3.00751462675194547458
24177 939.138000 -0.315435170996662572751 -0.0220964621143564486638 -0.0491397696427598729141 -0.0188915833964629076291 -0.0326290259167172774779 0.999288974593685930259 3.00751586405236759347
24178 939.146000 -0.315434993750812853186 -0.0220966183273961919165 -0.0491400946164014529316 -0.018892440451978805005 -0.0326286137559605657343 0.99928897184855036695 3.00751697398010664486
24179 939.153000 -0.315434823925717533477 -0.0220967865935100815644 -0.0491403916344752556 -0.0188931627771745623556 -0.0326282421355421764497 0.999288970326111192222 3.00751800422937431989
24180 939.159000 -0.31543466780685219808 -0.0220968795231863725237 -0.0491406334714165615729 -0.018893755379793694682 -0.0326279407784060698772 0.999288968961535961633 3.00751870940845833502
24181 939.166000 -0.315434489557008534977 -0.0220969425087821115528 -0.0491408945895980414642 -0.0188943774670470507338 -0.0326275983856941440009 0.999288968378874264964 3.00751935989622598555
24182 939.173000 -0.315434312398125804577 -0.0220970527128339713774 -0.0491411522799813024753 -0.0188949195846397459408 -0.0326272406237920198357 0.99928896980961778862 3.0075201586179440838
24183 939.178000 -0.315434178738674853015 -0.0220971609679966735085 -0.0491413320117274898813 -0.0188953023830935387672 -0.0326270284699215831759 0.999288969498349999299 3.00752081526613146423
24184 939.186000 -0.315433993271220181054 -0.022097247637194294273 -0.0491415776665668352363 -0.0188957760698791922549 -0.0326266757000575335912 0.999288972059373947765 3.00752160616053609843
24185 939.195000 -0.315433801273564351497 -0.022097359453318261846 -0.0491418251432555047709 -0.0188962016930948710491 -0.0326263146884380392243 0.999288975798004353024 3.00752256857184052663
24186 939.203000 -0.315433650240490803807 -0.0220975589184960949374 -0.0491420194385042835572 -0.0188964702016676637519 -0.0326260104873017098281 0.999288980652543679106 3.00752378642386242191
24187 939.212000 -0.315433505681156634015 -0.0220977002343619582936 -0.0491422003154622089038 -0.0188967011996451147993 -0.032625726747961443508 0.999288985548193897657 3.00752492890439171447
24188 939.220000 -0.315433394721796878102 -0.0220979237786939411436 -0.0491423369106033305909 -0.018896841781022088308 -0.0326255095287665206061 0.999288989981722552969 3.00752630317526303827
24189 939.228000 -0.315433301722819026125 -0.0220981095922926328023 -0.0491424510121988705746 -0.0188969591185522978183 -0.0326253382093804056296 0.999288993356173826932 3.00752759167781080762
24190 939.237000 -0.315433230311242984722 -0.0220983098447730119673 -0.0491425577347350123203 -0.0188970295862234856366 -0.0326251431913499381765 0.999288998390636229452 3.00752907254551926641
24191 939.245000 -0.31543317414944394006 -0.0220985723759223526286 -0.049142645652240052323 -0.0188970779487968171262 -0.0326249744203499503215 0.999289002986157415265 3.00753069958817631502
24192 939.254000 -0.315433127978763161448 -0.0220987856796159426453 -0.0491427312889910275495 -0.0188971694932573812398 -0.032624825236861554334 0.999289006125558931792 3.00753228810366790569
24193 939.261000 -0.315433093166072986424 -0.0220990790348141591393 -0.0491428047178346372181 -0.0188972362217895602232 -0.0326246871424797496575 0.999289009372180347945 3.00753395824294189609
24194 939.269000 -0.315433056234634079384 -0.0220992599075452711421 -0.0491428832040268978587 -0.0188973826677973633092 -0.0326245576527121328159 0.999289010830336166258 3.00753536522889941551
24195 939.277000 -0.315433022775280957894 -0.0220994933682353081328 -0.0491429701866203660909 -0.0188975450352890199379 -0.0326244001103546954479 0.999289012903213480499 3.00753695252610153688
24196 939.283000 -0.315432993339523404241 -0.0220996646930652559937 -0.0491430426959340443949 -0.0188976974239469380779 -0.0326242696977084578602 0.999289014279034271127 3.0075381253443027596
24197 939.291000 -0.315432951107447734351 -0.0220998900903307468613 -0.0491431475821650434743 -0.0188979380932375248814 -0.0326240837608261502467 0.999289015798027535631 3.00753967046205650249
24198 939.298000 -0.315432906207929020237 -0.0221001294281864303637 -0.0491432568462626950812 -0.0188981728451973231275 -0.032623884547427428604 0.99928901786227453119 3.00754115200620164572
24199 939.305000 -0.315432850896354255443 -0.0221003078418737994304 -0.0491433688688962741486 -0.0188984737002855958388 -0.0326237119589139895615 0.999289017807071355826 3.00754240494169788889
24200 939.312000 -0.315432794925568527056 -0.0221004930322008172339 -0.0491434923756316893728 -0.0188987630709752871261 -0.0326234768516239989622 0.999289020009976325376 3.00754367556440005416
24201 939.319000 -0.315432733413835930669 -0.0221006253731069260415 -0.0491436159594999255606 -0.0188990856985451691208 -0.032623250234148422344 0.999289021306608349349 3.0075447474286516325
24202 939.326000 -0.315432654819894464637 -0.0221007888103559660409 -0.0491437574783739408724 -0.0188994552478613138391 -0.0326230251105389321142 0.999289021666890486806 3.00754590252725195754
24203 939.329000 -0.315432626358969681046 -0.0221010800900007936542 -0.0491438066660670677677 -0.0188995159307413472527 -0.0326230470049220511175 0.999289019804429856642 3.00754685144296018962
24204 939.338500 -0.315432508708013426002 -0.0221011099861381683784 -0.0491440220512531777963 -0.0189000842486433499878 -0.0326225789425454992809 0.999289024336068476551 3.00754798315811600062
24205 939.345000 -0.315432414455407650333 -0.0221012612033514924126 -0.0491441805427204683743 -0.0189004778689616896592 -0.0326223317550073735327 0.999289024960842375833 3.00754905884148371342
24206 939.352000 -0.315432324581741196923 -0.0221013780837850254413 -0.0491443356916931722855 -0.0189008337244626171969 -0.0326220474484115938174 0.999289027511457095265 3.00755001672185340311
24207 939.359000 -0.315432223865000305185 -0.0221015274706774580982 -0.0491444989947723148704 -0.0189012205887726172926 -0.032621795734063943617 0.99928902841136979518 3.00755106919896997297
24208 939.366000 -0.315432125527104867402 -0.0221016850260598099465 -0.0491446640705564263829 -0.0189015718980961623663 -0.0326215153130349211352 0.999289030920715526385 3.00755214992752417658
24209 939.373000 -0.315432022857642380131 -0.0221018359121592927741 -0.0491448274356743042279 -0.018901938578987097922 -0.0326212694723279211795 0.999289032010243771786 3.00755320422399030633
24210 939.379000 -0.315431930652545045035 -0.0221020082859445070322 -0.0491449732237513037258 -0.0189022459269483251998 -0.0326210586472714531014 0.999289033078842980906 3.00755424693263151426
24211 939.385000 -0.315431845748346262326 -0.0221021433442097833821 -0.0491451106774506707442 -0.0189025269248355547169 -0.0326208437000748141532 0.999289034780303619954 3.00755517719311704639
24212 939.392000 -0.315431752263046150109 -0.0221023084924696980313 -0.0491452644179192141283 -0.0189028339839240437648 -0.0326206023331826050482 0.999289036851098821934 3.00755628958727472266
24213 939.399000 -0.315431665077052503232 -0.0221024385590310144811 -0.0491454129135967393571 -0.0189031076769699303564 -0.0326203457600370214098 0.99928904004929841598 3.00755731143316440424
24214 939.405000 -0.315431584013420862611 -0.0221026237752737844677 -0.0491455454501390359701 -0.0189033567899792934175 -0.0326201534714775712165 0.999289041613870776537 3.0075584250384181928
24215 939.412000 -0.315431498495446216435 -0.022102798863396961454 -0.0491456878062701135734 -0.0189036252837126717008 -0.0326199378349141741462 0.999289043573869717463 3.00755959806068018381
24216 939.419000 -0.315431417461232710409 -0.0221029288990800369674 -0.0491458217744061634513 -0.0189038915482183343675 -0.032619741654840335443 0.999289044940804171979 3.00756063448006205618
24217 939.425000 -0.315431349997419674391 -0.0221031278380762058466 -0.0491459403926347987435 -0.01890409208199662211 -0.0326195547819246520205 0.999289047247283845898 3.00756181515147380523
24218 939.432000 -0.315431270809651997933 -0.0221033066629840527217 -0.0491460727326541377269 -0.0189043495119188345588 -0.0326193724416051836212 0.999289048329384588243 3.0075630256254455297
24219 939.439000 -0.315431201832215901693 -0.0221034959797164060058 -0.0491461977755467127604 -0.0189045757487080988424 -0.0326191771962921484018 0.999289050422748403868 3.00756427071805454432
24220 939.446000 -0.315431129908738672185 -0.0221036312957549330172 -0.0491463184392096005815 -0.0189048153557282924697 -0.0326189904178442457994 0.999289051986704368602 3.00756535254091161846
24221 939.453000 -0.315431066574668461655 -0.0221038239585930537667 -0.0491464408849068279395 -0.0189050245781149893476 -0.0326187796522193415583 0.99928905490838870751 3.00756663235716059646
24222 939.459000 -0.315431002539720117817 -0.0221040205907663683815 -0.0491465468976251956823 -0.0189052464587022017728 -0.0326186434503667327389 0.999289055156611594199 3.00756781582585963619
24223 939.463500 -0.31543096537487275155 -0.0221041748993347705876 -0.0491466204996073435796 -0.0189053637643961207349 -0.0326185135654883107126 0.999289057177008110955 3.00756869342363009068
24224 939.467000 -0.315430926074703021911 -0.0221042790110332759701 -0.0491466883725062975152 -0.0189055116834042670482 -0.0326184211412993974033 0.999289057395425173169 3.00756939876453399663
24225 939.472000 -0.315430883237786174877 -0.0221043674207250726016 -0.0491467660986403750978 -0.0189056774496468918412 -0.0326182852283884994193 0.999289058695695509016 3.00757013609936008081
24226 939.476000 -0.315430845054550268447 -0.0221045212232549130593 -0.0491468398391795985303 -0.0189058020823821143486 -0.0326181555920113663838 0.999289060569261367029 3.00757101272390769964
24227 939.480000 -0.315430805277017112243 -0.0221046225673031705716 -0.0491469086984468866985 -0.0189059565441302562805 -0.0326180585510359999368 0.999289060814493534934 3.00757170556589059629
24228 939.484000 -0.315430764624387016681 -0.0221047215288947308809 -0.0491469771731766619238 -0.0189061044531413369185 -0.0326179480771272567452 0.999289061622133711893 3.00757238594905196294
24229 939.488562 -0.315430729585153502015 -0.0221048276776063118421 -0.0491470430855858730901 -0.018906241793580660232 -0.0326178326451683764375 0.999289062791529958396 3.00757308874794970777
24230 939.493000 -0.31543068218269276759 -0.0221049614273128268438 -0.0491471316679555209062 -0.0189064216687406770612 -0.0326176833198565593874 0.999289064262453119447 3.00757398223414140759
24231 939.497000 -0.315430639927906153464 -0.0221050567722740863574 -0.0491472022389648835472 -0.0189065774490024714194 -0.0326175678539135510681 0.999289065084002503525 3.0075746460165255769
24232 939.501000 -0.315430605106620354228 -0.0221051657277138921542 -0.0491472711831260344884 -0.0189067176031469039166 -0.0326174436929649730343 0.99928906648497417553 3.00757536083887666578
24233 939.505000 -0.315430561018461452782 -0.0221052607916550555855 -0.049147343266501594683 -0.0189068790596162127071 -0.0326173273156183524124 0.999289067228802840859 3.00757602036239513055
24234 939.509563 -0.315430524890904839808 -0.0221053669811759508079 -0.0491474156571645448555 -0.0189070124764237519621 -0.0326171822932337027168 0.999289069438101362763 3.00757672574371337504
24235 939.514000 -0.315430475679487232199 -0.022105495321273205267 -0.0491475052684567786931 -0.0189072031532564258094 -0.0326170255601603564788 0.999289070946204782686 3.00757758028105426362
24236 939.518000 -0.315430430451613508236 -0.0221055896750137828577 -0.0491475788842554370262 -0.0189073795756020957004 -0.0326169212417764253775 0.999289071013133689547 3.00757823607306740143
24237 939.523000 -0.315430382511688645053 -0.0221056718519504480369 -0.0491476668871451971565 -0.018907559776123426809 -0.0326167420253372294936 0.999289073453204834685 3.00757893894282801739
24238 939.527000 -0.315430333697533205051 -0.022105808690303815206 -0.0491477473913783102777 -0.0189077421883373196498 -0.0326166351497701040296 0.999289073490171930736 3.00757972802537842938
24239 939.531000 -0.315430292927951216875 -0.0221059088186984845081 -0.0491478220016191014174 -0.0189078896809429276848 -0.032616492055869264477 0.999289075369976687035 3.00758040114753244509
24240 939.535000 -0.315430246369424294173 -0.0221060036155634603849 -0.0491478989177429881341 -0.0189080688948453125298 -0.0326163799854668687295 0.999289075636930590463 3.00758104972506323804
24241 939.539000 -0.315430198774038883514 -0.0221060938679128182738 -0.0491479759807267602145 -0.0189082409173345865339 -0.0326162553477428313053 0.999289076450104563065 3.00758168125273739335
24242 939.543000 -0.315430158541117555693 -0.0221061974378121244011 -0.0491480516489046226347 -0.0189083964050501471266 -0.0326161229237264121972 0.999289077830241012634 3.007582364460238189
24243 939.548000 -0.315430102383995547566 -0.0221063186034531691804 -0.0491481500046103622625 -0.0189085920454471201335 -0.0326159457679143782727 0.999289079910574917776 3.00758318896312992763
24244 939.552000 -0.315430054712535046235 -0.022106411584685126126 -0.0491482285060603416027 -0.0189087729397448174595 -0.0326158339941865840772 0.999289080135861706999 3.00758383081551983196
24245 939.556000 -0.315430013002727493987 -0.0221065133950333649049 -0.0491483059219897031045 -0.0189089201736667052167 -0.0326156867520272439331 0.99928908215568901241 3.00758450402767341103
24246 939.561000 -0.315429949050871794025 -0.0221066237100552911987 -0.0491484049037159767548 -0.0189091531877585879162 -0.0326155513260088236738 0.999289082166628372939 3.00758528367033450834
24247 939.565000 -0.315429907334852432932 -0.022106725803429795596 -0.0491484844347943039544 -0.0189092981934144074851 -0.0326154017623717720764 0.999289084304292640759 3.00758596475914785628
24248 939.567000 -0.315429891739720247301 -0.0221068920092815437983 -0.0491485084019187140614 -0.0189093266335612388007 -0.0326154117314617561507 0.999289083440749181797 3.00758650479000300137
24249 939.574000 -0.315429806398682011093 -0.0221069001067737067046 -0.0491486551081871808622 -0.0189096751906807844512 -0.0326151334545125293207 0.999289085927554388 3.00758730050185851823
24250 939.581000 -0.315429726202953286673 -0.0221070227004387769021 -0.0491487889167067648621 -0.0189099629285681657132 -0.0326149157798235542205 0.999289087587128199708 3.00758829513188974403
24251 939.589000 -0.315429635347778236643 -0.0221072193764183452802 -0.0491489458787168695397 -0.0189102864550290163115 -0.0326146694796762143254 0.999289089503593186414 3.00758962443553423682
24252 939.596000 -0.315429560151676058322 -0.0221073988115024697154 -0.0491490841714794721162 -0.0189105468412208745088 -0.0326144337925575178438 0.999289092268376921702 3.00759082199066929419
24253 939.604000 -0.315429470875485673531 -0.0221075990346205238091 -0.0491492394143328223399 -0.0189108633658891765739 -0.032614192220969874525 0.999289094162710389568 3.00759216769443549211
24254 939.612000 -0.315429384411946456268 -0.0221078014341057373093 -0.0491493927502978447674 -0.0189111717929864482646 -0.0326139499232568283449 0.999289096233827334181 3.00759352241725963495
24255 939.620000 -0.315429290182416055544 -0.0221079930839238533724 -0.0491495467293555157728 -0.0189115072626264736633 -0.0326137351749603426887 0.999289096893883455053 3.00759483896787216395
24256 939.628000 -0.315429204930051054756 -0.0221081969351263583901 -0.0491496977221025227456 -0.0189118129510533403148 -0.0326135003432275541457 0.999289098772855877151 3.00759620414687045553
24257 939.636000 -0.315429121376088195117 -0.0221084046584264122537 -0.0491498483517133488707 -0.0189121106436394639805 -0.0326132583006622303601 0.999289101038341565086 3.00759758624544515371
24258 939.644000 -0.315429037544081303235 -0.022108609408903336091 -0.0491499966720388842267 -0.0189124120345081601913 -0.0326130244194931459556 0.999289102967329534444 3.00759895474014316008
24259 939.652000 -0.315428954522100291058 -0.0221088163639750270861 -0.0491501467322123936077 -0.0189127005397734110348 -0.03261277215155082565 0.999289105740117644672 3.00760033192138198643
24260 939.661000 -0.315428859288145013728 -0.0221090456054593292867 -0.0491503109706016988456 -0.0189130504661057380345 -0.0326125226827469263946 0.999289107258922171262 3.00760186098414639133
24261 939.669000 -0.315428777402661564278 -0.0221092513215454360143 -0.0491504574685064921091 -0.0189133488521304321539 -0.0326122873461465387357 0.999289109291825683457 3.0076032279563351679
24262 939.676000 -0.315428700272585682551 -0.0221094224554857429754 -0.0491505863754562941081 -0.0189136201489147198762 -0.0326120830377691212076 0.999289110824690185453 3.00760438851595868215
24263 939.684000 -0.315428618051376452591 -0.0221096261306340073627 -0.0491507319117702456968 -0.018913919498338951225 -0.0326118460568699322644 0.999289112892747133365 3.00760574538508285158
24264 939.693000 -0.315428522845618286574 -0.0221098514097986496851 -0.049150897399438675528 -0.0189142597278740762223 -0.0326115751956302935 0.999289115292569585236 3.00760725525104177791
24265 939.702000 -0.315428437245862558491 -0.0221100441745823994566 -0.049151056409031126937 -0.0189145721722145040977 -0.0326112812540894289604 0.999289118971335987851 3.00760866404138482721
24266 939.710000 -0.315428350994861050882 -0.0221102881818296820304 -0.0491512080445556526209 -0.018914877787325253683 -0.0326110408746584784501 0.999289121031226912351 3.00761014295202366853
24267 939.718000 -0.315428259362225016371 -0.0221104767601350976625 -0.0491513563049224139201 -0.0189152083799180546764 -0.0326108226359388755911 0.99928912189563623425 3.00761143451128720727
24268 939.727000 -0.315428172705459197722 -0.0221106658080016706125 -0.0491515166140057482846 -0.0189155245834783485026 -0.0326105292697858734075 0.999289125483949436379 3.00761282753100944731
24269 939.735000 -0.315428077751290558695 -0.0221108958011383589792 -0.0491516712300575364658 -0.0189158600557754880134 -0.0326103102474855563453 0.999289126281234452165 3.00761424985742076288
24270 939.744000 -0.315427989996246049831 -0.0221110845257655244667 -0.0491518326236043412436 -0.0189161782887234258821 -0.0326100160201222566414 0.999289129858879521251 3.00761563858092406676
24271 939.752000 -0.315427902050018027502 -0.022111325471119065017 -0.0491519866771161287322 -0.0189164888564118810477 -0.0326097766685983017632 0.999289131790679130418 3.00761710350097954958
24272 939.761000 -0.315427802812260849041 -0.0221115441432454540305 -0.0491521562983345261522 -0.018916841330982082231 -0.0326095097478037304617 0.999289133828676456872 3.00761858418299787843
24273 939.765000 -0.315427772467660572087 -0.0221118724196033740459 -0.0491522006605813743807 -0.018916892791677179797 -0.0326095291391849603779 0.999289132221715226123 3.00761965051423629802
24274 939.776000 -0.315427635904592162941 -0.0221119518075736723461 -0.0491524416580485234984 -0.0189174399445569824119 -0.0326090820192047672887 0.999289136454414417265 3.00762118857700322394
24275 939.784000 -0.31542755446049908219 -0.0221121090449295232272 -0.0491525849049186114303 -0.0189177410632606866903 -0.0326088434966027226891 0.999289138537429177944 3.00762238453602659405
24276 939.791000 -0.315427471830455607993 -0.0221123184299127292785 -0.0491527233739957464254 -0.0189180261602714464009 -0.032608643586140309556 0.999289139663626757581 3.00762365933131814444
24277 939.799000 -0.315427390722777256649 -0.0221124765798860374588 -0.0491528661545528114396 -0.018918325934374646824 -0.0326084054278530238724 0.999289141759928112307 3.007624858161033643
24278 939.807000 -0.315427304085959869795 -0.0221127210545408146858 -0.0491530210618072518902 -0.0189186320485250601686 -0.0326081666358418037488 0.999289143756731723656 3.00762634308927179205
24279 939.815000 -0.315427223116022670268 -0.0221128813338493240837 -0.049153164078429831263 -0.018918931289480078739 -0.0326079287356754107807 0.999289145854408422665 3.00762754821350419832
24280 939.824000 -0.315427125785851858453 -0.0221131015331938463042 -0.0491533313447120312478 -0.0189192815201841349482 -0.0326076706370827806847 0.999289147645656905539 3.00762903021195882047
24281 939.833000 -0.315427033272728418734 -0.0221132844148971101361 -0.0491534935380006088312 -0.0189196189057180760851 -0.0326074019678077101081 0.999289150024842531828 3.00763039374447105345
24282 939.840000 -0.315426955566112721119 -0.0221135476349879414593 -0.0491536327421014940242 -0.0189198891317856887628 -0.0326071981225278945127 0.999289151560167177024 3.00763185258048348913
24283 939.849000 -0.315426863915167388086 -0.0221137313770750840169 -0.0491537942361769397692 -0.0189202245811587489721 -0.0326069293231682696965 0.999289153979924127391 3.0076332168573189918
24284 939.858000 -0.315426766559074922558 -0.022113952525114187464 -0.0491539603556635507076 -0.0189205722685921416681 -0.0326066696808926734241 0.999289155868985812248 3.00763469617342860118
24285 939.862000 -0.315426736307923727409 -0.0221142802309429870045 -0.0491540043627644793189 -0.0189206232103809497691 -0.0326066889469750209596 0.999289154275801005944 3.00763576059538539909
24286 939.873000 -0.315426613596349714186 -0.0221143348882057097504 -0.0491542366342277575741 -0.0189211176663208191506 -0.0326062075084105340572 0.999289160622777727916 3.00763722076972195296
24287 939.881000 -0.315426530552349038139 -0.0221145342503580796811 -0.0491543823173332533605 -0.0189214177531907071228 -0.0326059737229558235794 0.999289162568966826683 3.00763854742088776462
24288 939.890000 -0.315426435040434438584 -0.0221147576664007250447 -0.0491545485779623092526 -0.0189217579716169509441 -0.0326057075172021745835 0.999289164812951491434 3.00764003438526650314
24289 939.899000 -0.315426342836793660585 -0.0221149392707924996593 -0.0491547070245341166661 -0.0189221034449008201905 -0.0326054572186124796973 0.999289166438216525101 3.00764138135999870016
24290 939.907000 -0.315426256420846817807 -0.0221151796023717796269 -0.0491548583495193883164 -0.0189224087800049130259 -0.0326052253788943480206 0.999289168221067947151 3.00764283691737510651
24291 939.915000 -0.315426172503191992735 -0.0221153777592418138154 -0.0491550062296313566845 -0.0189226980411133262339 -0.0326049735627634076907 0.999289170959946071449 3.00764415845137689232
24292 939.923000 -0.315426085628788099857 -0.022115615800602728136 -0.0491551567249563781115 -0.0189230036011994832978 -0.0326047424193755888688 0.999289172715523421608 3.00764560627862920228
24293 939.932000 -0.315425993680730543112 -0.022115796586978826721 -0.0491553175903155711857 -0.01892333758911178207 -0.0326044764452577962022 0.999289175069068336121 3.00764695151241978621
24294 939.940000 -0.315425909944143545438 -0.0221159951210066693661 -0.0491554635314325819029 -0.0189236380253306711585 -0.0326042435183930487397 0.999289176979556659219 3.00764826917170635667
24295 939.949000 -0.315425814964669981588 -0.0221162156264001832917 -0.0491556272092957269315 -0.0189239884847523000266 -0.03260399821375763868 0.999289178346441486767 3.00764973965321669169
24296 939.957000 -0.315425731113659790772 -0.0221164129066480918961 -0.0491557750830685438737 -0.0189242778912534770352 -0.0326037483920557577544 0.99928918101672747909 3.00765105674329813468
24297 939.965187 -0.315425644392553938822 -0.0221166502640336541663 -0.0491559256076915390699 -0.0189245836293496262626 -0.0326035192631718775957 0.999289182702440714756 3.00765250109107817877
24298 939.974000 -0.31542555270669042633 -0.0221168309090534580263 -0.0491560864086302909404 -0.0189249176044487578408 -0.0326032553903844168897 0.99928918498681562621 3.00765384461122486925
24299 939.982000 -0.315425469285361415039 -0.0221170294738835572501 -0.0491562322751061681059 -0.0189252179413828408583 -0.0326030242027165947927 0.999289186841681109641 3.00765516130733923106
24300 939.991000 -0.315425374733641405989 -0.0221172502456205566368 -0.0491563957969127218739 -0.0189255680894648177504 -0.0326027806251989599184 0.99928918815726008873 3.00765663132918881217
24301 939.999000 -0.315425291310519051446 -0.0221174478965135146158 -0.0491565434571626797 -0.0189258570177372534293 -0.0326025321105391854837 0.999289190793198445206 3.00765794821313514618
24302 940.007000 -0.315425205051512391741 -0.0221176855784211007228 -0.0491566936950289454233 -0.018926162087585834265 -0.0326023040510223446886 0.999289192455917074653 3.00765939189873954263
24303 940.016000 -0.315425113882365215634 -0.0221178667865588596264 -0.0491568540798607706011 -0.0189264950494265685177 -0.0326020411790615069481 0.99928919472598265461 3.00766073490518603961
24304 940.024000 -0.315425030919312565647 -0.0221180656811144141227 -0.0491569995032121592748 -0.018926794297251255117 -0.0326018106814074878907 0.999289196578209359956 3.00766205018888621581
24305 940.033000 -0.315424936858296978137 -0.0221182866693648977341 -0.0491571624521761202375 -0.0189271430243111923875 -0.03260156772772412892 0.999289197899502767974 3.00766351768870388028
24306 940.041000 -0.315424853838277285956 -0.022118484336167282267 -0.0491573095485404870653 -0.0189274305478244128653 -0.0326013196860886339534 0.999289200545859457314 3.00766483141608453877
24307 940.050000 -0.315424759351387640205 -0.0221187034540155716411 -0.0491574715046534799212 -0.0189277790659559651265 -0.0326010772511364579906 0.999289201853845621137 3.00766629197807500162
24308 940.058000 -0.315424677140126785702 -0.022118902627876628475 -0.0491576188586249351875 -0.0189280653083486079258 -0.0326008297378237305031 0.999289204506927708493 3.00766760857188053535
24309 940.067000 -0.315424582356719773735 -0.0221191230169359709379 -0.0491577808689451639657 -0.0189284132882182772051 -0.0326005864182384794137 0.999289205853629458609 3.00766906993127314252
24310 940.074000 -0.315424509674179953667 -0.0221193405116691041434 -0.0491579136342083639066 -0.0189286629823259000549 -0.032600369978631735246 0.999289208184976907035 3.00767036079810035076
24311 940.081000 -0.315424433417833216531 -0.0221195069459344736962 -0.0491580403721417411034 -0.0189289407686421412569 -0.0326001865350987254932 0.99928920890763828222 3.00767148114505999956
24312 940.089000 -0.315424351880264797199 -0.0221197047996274584469 -0.0491581846105753894616 -0.0189292362147866072286 -0.0325999568302256931274 0.999289210804855998482 3.00767278744997179629
24313 940.096000 -0.315424274784500580093 -0.0221198697517873618668 -0.0491583132681947046483 -0.0189295066190633166914 -0.0325997611063939679577 0.999289212067740129086 3.0076738998936027869
24314 940.103000 -0.315424206832430775727 -0.0221200477696756672708 -0.0491584380541684878851 -0.0189297560986747617773 -0.0325995553187854378296 0.999289214055201324705 3.00767506252521421573
24315 940.109000 -0.31542414330976442649 -0.022120192989120414373 -0.0491585473095694086565 -0.0189299806555212092596 -0.0325993834154896383604 0.999289215409288722469 3.00767603192549692892
24316 940.117000 -0.315424065539896492094 -0.0221203502049575340127 -0.049158686228664809359 -0.0189302696640853140853 -0.0325991531091294958755 0.999289217447587696519 3.0076772048145556937
24317 940.125000 -0.315423982951654413576 -0.0221205459960445403877 -0.0491588322088405832444 -0.0189305546054590601024 -0.0325989072774070173799 0.999289220069269457092 3.00767850600229680325
24318 940.132000 -0.315423903433858954237 -0.022120750176592769709 -0.0491589628863418337534 -0.0189308398552330905962 -0.0325987325842849035018 0.999289220364291574938 3.00767974101693402744
24319 940.139000 -0.315423834651962220477 -0.0221209274507058323289 -0.0491590900812457765046 -0.0189310790334395045997 -0.032598509565793798437 0.999289223108464463863 3.00768090212021421692
24320 940.147000 -0.315423756605687166665 -0.0221210828020663649585 -0.0491592282618534270888 -0.018931368035316052667 -0.0325982817519013742813 0.99928922506506356882 3.00768206891463751873
