26412 1212.771000 -0.349802200801512808148 -0.0320926818490051557475 -0.0446412020818859542337 -0.0106567752344075093035 -0.0107298929174844473455 0.999885644731227540838 3.07929601365812555258
26413 1212.778000 -0.34980080517159967135 -0.0320876037838399991164 -0.044637012855786299681 -0.0106469119787249866943 -0.01074670023788263859 0.999885569302464860542 3.07928985289763490485
26414 1212.787000 -0.349799737400522003927 -0.0320799754342143417229 -0.0446308005510498706503 -0.0106309718916772835695 -0.0107691441472409273755 0.999885497430067937685 3.07927924759032167756
26415 1212.796000 -0.349799440348723400529 -0.0320714862815811227459 -0.0446235271470023994733 -0.0106124762873556263004 -0.0107920108473833313567 0.99988544736330675633 3.07926646827465155809
26416 1212.803000 -0.349799711389132461647 -0.0320646163934178232702 -0.0446167590312755019122 -0.0105966030737585752142 -0.0108092897024702986469 0.999885429066463160552 3.0792555858883692288
26417 1212.811000 -0.349800246658155844504 -0.0320565099811384035533 -0.0446097832370048325012 -0.0105803492901337704846 -0.0108271179654681366789 0.999885408297101152542 3.07924157822884936309
26418 1212.819000 -0.34980095945709371863 -0.0320484355049681646221 -0.0446033269731606341058 -0.0105659863757545016 -0.010842714480383538328 0.999885391169710091575 3.07922659474160331783
26419 1212.828000 -0.349801828046561902319 -0.0320396519616846786604 -0.0445969877023981858821 -0.0105526473122677273697 -0.0108573063153076399684 0.999885373697544710403 3.07920908850288421732
26420 1212.836000 -0.34980256100452833401 -0.0320323049923579294962 -0.0445923298578133550651 -0.0105434363078997575536 -0.0108676401398555382005 0.999885358602981000331 3.07919342690823327757
26421 1212.844000 -0.349803194187520594127 -0.0320255298243922112422 -0.044588640928538106345 -0.0105366119024177789382 -0.0108756577724766906323 0.999885343365744971855 3.07917810725843077435
26422 1212.853000 -0.34980374425583876663 -0.0320186987198134223598 -0.0445856093443263643006 -0.0105314930212615943256 -0.0108822501993717096758 0.999885325567557936566 3.07916175288472970806
26423 1212.862000 -0.349804119776198130243 -0.0320127428468134911377 -0.0445835052800076653279 -0.0105284478816327978223 -0.0108870435336890190869 0.999885305456730488771 3.07914683673805678055
26424 1212.870000 -0.349804261255570791977 -0.032008233888208920126 -0.0445826311902352556693 -0.0105277584050038341967 -0.010889354390788023863 0.999885287552486179408 3.07913484944915971653
26425 1212.878000 -0.349804277791548434706 -0.0320043759803506008832 -0.0445821744273167674955 -0.010528030839299628782 -0.0108910535458123444719 0.999885266177729548076 3.0791244168069269449
26426 1212.887000 -0.349804161798597856858 -0.0320007492219706521364 -0.0445819984561290766356 -0.0105292243721818255114 -0.0108923917688106657031 0.999885239032797690228 3.07911454184704957981
26427 1212.895000 -0.349803905760332101149 -0.0319980957568058235752 -0.0445823883858216946097 -0.0105314350175344864646 -0.010892991102029238662 0.99988520922219981113 3.07910730246545361055
26428 1212.903500 -0.349803558870019737359 -0.0319958655301570346619 -0.0445828752393045424363 -0.0105340456795098517256 -0.0108936356272001256401 0.999885174699797096842 3.07910149905948005156
26429 1212.911000 -0.349803143836065588701 -0.0319939550131755068296 -0.0445833073095381615669 -0.0105367991017649553082 -0.0108944461850736633302 0.999885136856733858224 3.0790969204015059546
26430 1212.920000 -0.349802596280049560296 -0.0319920700424553353103 -0.0445837685045290810226 -0.0105400693842295969244 -0.0108955578520156561029 0.999885090276112165064 3.07909290725658602028
26431 1212.928000 -0.349802041918593542569 -0.0319905650761862503373 -0.0445841972180533521741 -0.0105431036465064350421 -0.0108969230658038911813 0.999885043409089457889 3.07909026706450283939
26432 1212.936563 -0.349801437536320369848 -0.0319891320750021607155 -0.0445845792295060244781 -0.0105460461372985109946 -0.0108985948124717783869 0.9998849941578198397 3.07908813665823499761
26433 1212.945000 -0.349800698502289675318 -0.0319875096100739469973 -0.0445849587818403989004 -0.0105492132387367248264 -0.0109009169084099931391 0.999884935435372823598 3.07908601214307742211
26434 1212.953000 -0.349799997158871056602 -0.031986012201110240738 -0.0445852707508295892369 -0.0105518122888021998601 -0.0109032871917907128734 0.99988488216685988963 3.07908417152385105453
26435 1212.961000 -0.349799258004832636093 -0.0319844431666481965326 -0.0445855568966583432067 -0.0105541428935636335401 -0.0109060015058450379688 0.999884827967169820262 3.07908227024383140957
26436 1212.970000 -0.349798412023912264068 -0.0319825618124411140131 -0.0445859237708551847668 -0.0105564614303733633055 -0.0109089773319667789758 0.999884771028961782946 3.07907967466754328711
26437 1212.978000 -0.349797646451206922791 -0.0319808234372188984751 -0.0445862412980411182417 -0.010558181089670569397 -0.0109118117904108517802 0.999884721943248955256 3.07907710444773563552
26438 1212.986000 -0.349796875763563885897 -0.031979025895252886913 -0.0445865778538952761689 -0.010559571195252694456 -0.0109146531505919172633 0.999884676251603821129 3.07907420853211766243
26439 1212.994000 -0.349796129623098195349 -0.0319771853830105798333 -0.0445869174340833979153 -0.0105605885877002418638 -0.0109172942115755584186 0.99988463667354110509 3.0790709142439256496
26440 1213.002000 -0.349795413166244517633 -0.0319753312917658433223 -0.044587235461160834582 -0.0105612659793964270422 -0.0109198197832626811565 0.999884601940050576907 3.07906730568871278564
26441 1213.011000 -0.349794650362595715976 -0.0319732243149695311013 -0.0445875336859565818415 -0.010561587266305277194 -0.0109224481997989598947 0.999884569837808379056 3.07906288225947788462
26442 1213.019000 -0.349794045676472709072 -0.0319714293529392776239 -0.0445877307396603389522 -0.0105614506711155849844 -0.010924514341561001457 0.999884548708561027297 3.07905888133499372472
26443 1213.028000 -0.349793443843291973483 -0.0319694777242520433713 -0.0445878344070051585435 -0.0105609251611332773807 -0.0109266443063362802407 0.999884530985425179495 3.07905431450133582061
26444 1213.036000 -0.349792998973693536335 -0.0319678265563140828753 -0.0445877954007632137934 -0.0105600891935388428722 -0.0109283112999207197846 0.999884521596547393152 3.07905030675836277609
26445 1213.044000 -0.349792651743764060335 -0.0319662862973257716481 -0.0445876120061317743337 -0.010558942295667580677 -0.0109298161203906420841 0.999884517260453908882 3.07904651498275683252
26446 1213.053000 -0.349792365636473812085 -0.0319646534667709508737 -0.0445872324549992440912 -0.0105573915416854648835 -0.0109313973429080620037 0.999884516349746732544 3.0790424945338812357
26447 1213.061500 -0.349792199871606535044 -0.0319632912360469714774 -0.0445867512718604586119 -0.0105558505241883301973 -0.0109327244364372626328 0.999884518110020548143 3.07903921325067386761
26448 1213.070000 -0.349792111926144400069 -0.0319618531318178883405 -0.0445860619170543939771 -0.0105540110564615579464 -0.0109341864657651437198 0.999884521540838622222 3.07903588465552990883
26449 1213.079000 -0.349792110867921612893 -0.0319605145275103849634 -0.0445852919550628890022 -0.0105522287779734984248 -0.0109357006752910414227 0.99988452379190162489 3.07903304005802391785
26450 1213.086000 -0.349792170193172269332 -0.0319595284018351216693 -0.0445845249036098817408 -0.010550756788603293454 -0.0109368449572292639888 0.999884526809755924681 3.07903108620684262675
26451 1213.095000 -0.349792246238881276987 -0.031958261034732093897 -0.0445836843375905581 -0.0105493352442226767662 -0.0109384753627744992638 0.999884523973965100296 3.07902883231732449332
26452 1213.104000 -0.349792351702205572828 -0.0319570310282289993253 -0.0445828297699684267252 -0.0105481287751334890102 -0.0109401272610306216082 0.999884518629454377425 3.07902687779027672832
26453 1213.112000 -0.349792427342574985261 -0.0319559321566579151996 -0.0445821441309589075463 -0.0105474298213245627071 -0.010941697438385265817 0.999884508821559436775 3.07902528671442521357
26454 1213.120000 -0.34979247536488511372 -0.0319548097355378743489 -0.0445815423431984159119 -0.0105470336871730466927 -0.0109433074415546394142 0.999884495380662152719 3.0790237553870132281
26455 1213.128000 -0.349792479300537251241 -0.03195368959663386077 -0.0445811102733548181298 -0.0105470317157722644902 -0.0109448572644790485808 0.99988447843810768223 3.07902228639489150552
26456 1213.137000 -0.349792409140657123423 -0.0319523777922906052074 -0.0445807758198279863171 -0.0105474612913821659543 -0.0109466684294393691579 0.999884454079871587417 3.07902054177754136433
26457 1213.145000 -0.349792279356894886266 -0.0319511761597603693996 -0.0445806392899464332125 -0.0105481599714136627111 -0.0109482137738892374573 0.999884429789952511314 3.07901886763088450394
26458 1213.154000 -0.349792059184258041782 -0.0319498082760223400811 -0.0445806551584235905006 -0.0105492448315179839641 -0.0109498805512781294258 0.999884400093029368506 3.07901688101346682203
26459 1213.163000 -0.349791753224655554977 -0.0319483931259305631301 -0.0445808344315118884604 -0.0105505824281458965297 -0.0109514584189713305717 0.999884368699163528227 3.07901464512224487535
26460 1213.171000 -0.349791421127129409374 -0.0319471178703511701769 -0.0445811027276674654019 -0.0105518853094815120292 -0.0109527598304337558943 0.999884340695718853986 3.07901248289502582622
26461 1213.180000 -0.349790996251191366184 -0.0319456794150140624411 -0.0445814870724678680158 -0.0105533687025434197437 -0.0109540968442924605691 0.99988431039363456776 3.07900987897486100309
26462 1213.188000 -0.349790579122432054859 -0.0319443839244996433124 -0.0445818695911002413346 -0.0105546572527901033611 -0.0109552199607002975074 0.999884284487904451133 3.07900738962384012964
26463 1213.197000 -0.349790099855333214141 -0.0319429502876141316325 -0.0445822752946070793856 -0.0105558888550049134736 -0.0109563614507336617304 0.999884258979128803801 3.0790045045475795682
26464 1213.205000 -0.349789662576370008473 -0.0319416588200656242913 -0.0445826493828277298226 -0.0105569028540766097352 -0.0109573604501449206605 0.999884237326549185632 3.07900178288423953532
26465 1213.213000 -0.34978923913599258011 -0.0319403865534111652824 -0.0445829450968149021417 -0.0105576565207258950274 -0.0109583114545248640204 0.999884218946801794914 3.07899904064090046418
26466 1213.221000 -0.349788847649175393961 -0.03193914213159872173 -0.044583161446428029584 -0.0105581417710565797496 -0.0109592207625713207453 0.999884203856936548682 3.07899632139527179575
26467 1213.229000 -0.349788482185439564276 -0.0319379058830490877852 -0.0445832899942301963403 -0.0105584338167704887973 -0.0109601921059393325047 0.999884190126205441018 3.0789936074708945668
26468 1213.236000 -0.34978819796718774171 -0.0319368224485974475102 -0.0445833174258344760998 -0.0105584801801020151946 -0.0109610381153385644248 0.999884180362766272765 3.07899122717809881067
26469 1213.245000 -0.349787882015228202004 -0.0319354837534337465677 -0.0445832626907507745262 -0.0105583013587296770108 -0.0109621793559202714008 0.999884169739769013141 3.07898836434308131871
26470 1213.253500 -0.349787644446743484217 -0.0319342894902360160958 -0.0445831141193749544427 -0.0105579942552812833245 -0.010963291577162781118 0.999884160788188203206 3.07898585991786344351
26471 1213.262000 -0.349787426219711872211 -0.0319329467775116421224 -0.0445828598378225984811 -0.0105574884251431605486 -0.0109645992361968678402 0.999884151790467412546 3.07898312320428946265
26472 1213.270000 -0.34978728021553046057 -0.0319317779776733326469 -0.0445825674380408848441 -0.0105569361607847390927 -0.0109658227096874616446 0.999884144204315483684 3.07898084364086788156
26473 1213.278000 -0.349787155206249422701 -0.0319305912323997395652 -0.0445822406230004519845 -0.0105563897155323081073 -0.010967130124527884813 0.999884135634227178002 3.07897859903632031831
26474 1213.286000 -0.349787053664299352196 -0.0319293972941316894776 -0.0445818938521712268552 -0.0105558542113096242437 -0.0109684784331103065552 0.999884126498031822194 3.07897639827722890971
26475 1213.295000 -0.349786961218376213356 -0.0319280619484675065589 -0.0445814999578470760877 -0.0105553128189852032937 -0.0109700445335271269676 0.999884115032450115912 3.07897403073271114238
26476 1213.303000 -0.349786881745510536135 -0.0319268254136694795697 -0.0445811564786077266231 -0.0105549232999661325716 -0.010971479928814082197 0.999884103395140222403 3.07897184227379172583
26477 1213.310000 -0.349786806942961381317 -0.031925753748524042519 -0.0445808968295716284702 -0.0105546963216365027177 -0.0109727303489704636208 0.999884092069799335079 3.07896997869911981383
26478 1213.318000 -0.349786718793230477775 -0.0319245312228966585111 -0.0445806349711563021376 -0.0105545388902660748631 -0.0109741461341482642727 0.999884078193787551037 3.07896787687429940306
26479 1213.326000 -0.349786606620467954709 -0.031923274016116380547 -0.0445804254756295009754 -0.0105545434136791408536 -0.0109755621356519006415 0.999884062603827561411 3.07896568498510614376
26480 1213.334000 -0.349786476661541056998 -0.031922001200708302604 -0.0445802653046960817296 -0.0105546631552240737645 -0.0109769320244165070194 0.999884046301875550888 3.0789634240723064984
26481 1213.343000 -0.349786308909354470842 -0.0319205969320272217593 -0.044580138649824116448 -0.0105549178903874014274 -0.0109784124846783459617 0.999884027358994953438 3.07896093273186988171
26482 1213.351000 -0.34978613257250135149 -0.0319192995905630202969 -0.0445800778254974161552 -0.0105552561163694182816 -0.0109796973267989317335 0.999884009680587770852 3.07895854171897509488
26483 1213.358000 -0.349785966155249039566 -0.0319181041621221794902 -0.0445800669477627517501 -0.0105556188282711540388 -0.0109807930922756133429 0.999883993818391436648 3.07895623826789099908
26484 1213.364000 -0.349785807996609521275 -0.0319171492643889678775 -0.0445800631147985210179 -0.0105559409417878627413 -0.0109816807427561748817 0.99988398066920614049 3.07895443358464415695
26485 1213.369000 -0.349785673346203862533 -0.0319163039108578058811 -0.0445800807928569131633 -0.0105562353630847208935 -0.0109824167103484051505 0.999883969477538547821 3.07895277375858356095
26486 1213.374000 -0.349785531585998787918 -0.0319154848267707014209 -0.044580099304303538732 -0.0105565248490200047637 -0.0109831280290842003139 0.999883958608101863774 3.0789511671929181702
26487 1213.380000 -0.34978535192350390659 -0.0319145277289861611925 -0.0445801230707366519246 -0.0105568656109384963193 -0.0109839621528954080321 0.99988394584766504547 3.07894929179849485834
26488 1213.386000 -0.349785169553077424087 -0.031913539537317368866 -0.0445801560067233398899 -0.0105572051217864906758 -0.0109847841544459725455 0.999883933232801114244 3.07894730544501937786
26489 1213.394000 -0.349784917719334731423 -0.0319122441676251075715 -0.0445801962908788998452 -0.0105576274717459044766 -0.0109858589646647918786 0.999883916964852792475 3.07894468927564757266
26490 1213.403000 -0.349784641617975011751 -0.0319107738907488114322 -0.0445802338944558673717 -0.0105580440737753425418 -0.0109870594100807735666 0.999883899375750506699 3.0789416883357314525
26491 1213.411000 -0.349784393446897046154 -0.0319094548073654421527 -0.0445802550158195948216 -0.0105583693709946253858 -0.0109881322674435545628 0.999883884151304025423 3.07893897220853363095
26492 1213.419000 -0.349784159543701789197 -0.0319081511822666627487 -0.0445802533936209000043 -0.0105585993714849314673 -0.0109891824570143396833 0.999883870181051848114 3.07893629130931723026
26493 1213.428000 -0.349783897488325112857 -0.0319066762036448042794 -0.0445802273588114458813 -0.0105588378457295087309 -0.0109904409289698773433 0.999883853830800806151 3.07893326508178644119
26494 1213.437000 -0.349783656632174089207 -0.0319052124143138424173 -0.0445801707385519024873 -0.0105589552978145803652 -0.0109916753216853877589 0.99988383902163446848 3.07893028011743208339
26495 1213.445000 -0.349783448910716332492 -0.0319039082104760757241 -0.0445800973776289966022 -0.0105590469549512559755 -0.0109928462564639756183 0.999883825180998053739 3.07892764223424197922
26496 1213.453000 -0.349783256189573399375 -0.0319025658079674923062 -0.0445799989611880276286 -0.0105590765164805949761 -0.0109940296100639947618 0.999883811858183868537 3.07892491750725971755
26497 1213.463000 -0.349783023032668449748 -0.0319010091760839886721 -0.0445798730361825629176 -0.0105590915096033868825 -0.0109955196737849050792 0.999883795315033019335 3.07892188865075500104
26498 1213.471000 -0.349782851944429873381 -0.0318996664911014513044 -0.0445797425163152877259 -0.0105590704761636990094 -0.010996759489827251724 0.999883781902378143691 3.07891921558272185777
26499 1213.480000 -0.349782667232838184734 -0.0318982352324326950965 -0.0445795987802352772222 -0.0105590424478414716264 -0.010998141667007074046 0.999883766996172873576 3.0789164488414302312
26500 1213.488000 -0.349782508203390407608 -0.0318968840931892136381 -0.0445794574965194742577 -0.0105590302300659875934 -0.0109994208766858378445 0.999883753053812829314 3.0789137924954337322
26501 1213.494000 -0.34978239878842715127 -0.0318958226957237814259 -0.0445793442174432300029 -0.0105590101937445314528 -0.0110003878235716834322 0.9998837426278415208 3.07891166660964188395
26502 1213.500000 -0.349782281833497188384 -0.0318948300925563851815 -0.0445792460893566361291 -0.0105590211787742558475 -0.0110013377953723217456 0.999883732060112162543 3.07890973933450684541
26503 1213.505000 -0.349782185690304836534 -0.0318940054633918002036 -0.0445791660203562339904 -0.0105590354079396868403 -0.011002126241818694502 0.999883723234563537297 3.07890813978681077145
26504 1213.511000 -0.349782068284662794877 -0.0318930062534294803123 -0.0445790743674598505253 -0.0105590710509067004647 -0.0110030719641600847891 0.999883712451549611089 3.07890619480773608529
26505 1213.517000 -0.349781949767099309412 -0.0318920032893132490703 -0.0445789873303032158081 -0.0105591213593673009796 -0.0110040128511858532195 0.999883701565981608539 3.07890423705069959937
26506 1213.523000 -0.349781829659898402252 -0.0318909965615239918146 -0.0445789053740672860937 -0.0105591864144978370144 -0.0110049475348867730612 0.999883690592069940273 3.0789022648589283726
26507 1213.529000 -0.349781707599522595498 -0.0318899861316454952265 -0.044578828736596624871 -0.0105592657567857121925 -0.0110058750061500509876 0.999883679545789272325 3.07890027705256574819
26508 1213.535000 -0.349781583338785562187 -0.0318889721261796169061 -0.044578757443568498009 -0.0105593584589381232069 -0.0110067946266875684586 0.999883668443975359708 3.07889827294450535433
26509 1213.540000 -0.349781479861711708246 -0.0318881279831368727451 -0.0445787008601604625713 -0.0105594359391753041949 -0.011007546983196536336 0.999883659343455355462 3.07889659702840612354
26510 1213.546000 -0.34978134744611782958 -0.0318871468299072244323 -0.0445786408545446599661 -0.0105595528940344920987 -0.0110084434553784308447 0.999883648238817701603 3.07889467361829050063
26511 1213.553000 -0.349781188772250450914 -0.0318859900387640851638 -0.0445785766846416992015 -0.0105597080420160808339 -0.011009489454441308276 0.999883635083612998251 3.07889238939742870826
26512 1213.561000 -0.349781011843829814367 -0.0318845744922565052515 -0.0445785061851527025789 -0.0105598871674302020873 -0.0110106844539087887769 0.999883620033285347439 3.07888949818930779401
26513 1213.570000 -0.349780807946267813247 -0.0318830814016912156283 -0.0445784329824221586813 -0.0105600794705000815971 -0.011011986400628556021 0.999883603664491027452 3.07888650988892953464
26514 1213.578000 -0.349780620185152990587 -0.0318817014590755884451 -0.0445783739029161490963 -0.0105602781518716968417 -0.0110131630684771972956 0.999883588606484741135 3.07888370287330292996
26515 1213.587000 -0.349780414861974253693 -0.0318801557284725950447 -0.0445783072098940510997 -0.0105604610021841332362 -0.0110144422717220070301 0.999883572584760682567 3.07888054539711664148
26516 1213.596000 -0.349780201054327333221 -0.0318785998582320970196 -0.0445782421865188599464 -0.0105606852903235362562 -0.0110157721976833558597 0.999883555564890502687 3.07887736088587393724
26517 1213.604000 -0.349780016858385056633 -0.0318771694175650280312 -0.044578181349675435885 -0.0105608549851311864232 -0.0110169371845502683804 0.999883540937170911533 3.07887438397361634657
26518 1213.612000 -0.349779837041236885131 -0.0318758010946797384899 -0.0445781162049652193713 -0.0105609980837181507279 -0.0110180918995858231901 0.99988352670216951168 3.07887159028952206441
26519 1213.621000 -0.349779617130616227172 -0.0318743238731065900438 -0.0445780511769380827225 -0.0105611913166655958102 -0.0110194035382481601154 0.999883510206881043203 3.07886863430858293
26520 1213.628000 -0.349779466148847362206 -0.0318730231814146336422 -0.0445779858324117789214 -0.0105613054439887884411 -0.011020444616932989837 0.999883497527468856347 3.07886589564802370944
26521 1213.636000 -0.349779292190439017318 -0.031871653732471701137 -0.0445779109516754729059 -0.010561419063406114402 -0.011021616845531623588 0.999883483406680428907 3.07886310968603105209
26522 1213.643000 -0.349779135264191576304 -0.0318704406068633858129 -0.0445778462908119968433 -0.010561535411538858914 -0.0110226633365042465951 0.999883470641814708912 3.07886063726049163947
26523 1213.651000 -0.349778953043647700127 -0.031869095093691006404 -0.0445777735699301250194 -0.0105616646966217482551 -0.0110238511292053628643 0.999883456181327900936 3.07885793144119324083
26524 1213.660000 -0.349778759073291423132 -0.0318675889730815412038 -0.044577684293421945827 -0.0105617797983935078621 -0.0110251766571341572321 0.999883440350508689853 3.07885490613949741601
26525 1213.668000 -0.349778589754362045916 -0.0318661545112469690721 -0.0445775988336517131616 -0.0105618937388357678892 -0.0110263984028769988777 0.999883425674668702143 3.07885195869341110608
26526 1213.676000 -0.34977841897838646279 -0.031864759638014945875 -0.0445775154292007008694 -0.0105620022295395948192 -0.0110275997272953861505 0.999883411280114042796 3.07884911517268733405
26527 1213.685000 -0.349778234474615090654 -0.031863206203076394063 -0.0445774170624861840184 -0.0105621117273006076553 -0.0110289525580579642755 0.999883395202326830109 3.07884597063030618358
26528 1213.694000 -0.349778043964483864592 -0.0318616296497944082033 -0.0445773223775617899456 -0.010562238944507043592 -0.0110303079808810045037 0.999883378906923248053 3.0788427549758177193
26529 1213.704000 -0.34977783457205580131 -0.0318599387728460275993 -0.0445772174570511006686 -0.0105623762767742285923 -0.0110318014260596952703 0.999883360980011293151 3.07883936086702547641
26530 1213.712000 -0.349777672065874123408 -0.0318584861179581554924 -0.0445771303086568287943 -0.0105624857413441648052 -0.0110330072080730319517 0.999883346519437887778 3.07883634848737663958
26531 1213.720000 -0.349777517235212553892 -0.0318570497393724297308 -0.0445770400651697845662 -0.0105625781559830021067 -0.0110342020293318788388 0.999883332358468157608 3.07883338355162550215
26532 1213.729000 -0.349777321802674567852 -0.0318555075520952080126 -0.0445769528871649278745 -0.0105627322113668736803 -0.0110355444194570190275 0.999883315916210935193 3.07883026001229964663
26533 1213.738000 -0.349777140128456065504 -0.0318539306378713762968 -0.0445768589566562234427 -0.0105628530312576098676 -0.011036867723455292753 0.999883300033906352589 3.07882702192833246357
26534 1213.747000 -0.349776948616253302582 -0.0318523344217324227978 -0.0445767714044179932942 -0.0105630087461092078693 -0.0110382115946870175416 0.999883283554146018446 3.07882373495720429446
26535 1213.755000 -0.349776787303618774683 -0.0318509266323620671146 -0.0445766911137844765167 -0.0105631089316557385399 -0.0110393654939747974664 0.999883269756619452728 3.07882083349674351425
26536 1213.764000 -0.349776595929004507912 -0.0318493281742120437627 -0.0445766043307476017565 -0.0105632772017731635383 -0.0110407183963376898106 0.999883253041099262504 3.07881753142010694546
26537 1213.772000 -0.349776426976515786293 -0.0318479013273453084865 -0.044576528646583554738 -0.0105634100488388293221 -0.0110418943959225569068 0.999883238651538497344 3.07881456854321422512
26538 1213.781000 -0.349776242861348507507 -0.0318463121850841718308 -0.0445764408126297639878 -0.0105635479550053451581 -0.0110432173118927296623 0.999883222584519781861 3.07881128773617440686
26539 1213.790000 -0.349776051637517904069 -0.0318447009957433732619 -0.0445763575911975740151 -0.0105637023075533086763 -0.0110445437621214514329 0.999883206302938032373 3.0788079383442381598
26540 1213.799000 -0.349775867991565458937 -0.0318431082947822768903 -0.0445762705614980436764 -0.0105638397118838368166 -0.0110458674985387059891 0.99988319022861171792 3.07880464626133631967
26541 1213.807000 -0.349775704497054196196 -0.0318416235617201351382 -0.044576193593916776936 -0.0105639709004483363375 -0.0110470597336473214112 0.999883175671065771439 3.07880152261155881632
26542 1213.816000 -0.349775517622552600816 -0.0318400796337577826622 -0.0445761093918749726206 -0.0105641037173678561251 -0.0110483665538889039293 0.99988315982875708432 3.07879836369498294246
26543 1213.824000 -0.349775354381105296753 -0.0318385952292034382638 -0.0445760324616842826262 -0.0105642390783633483703 -0.0110495695461464600584 0.99988314510523679246 3.0787952467579309257
26544 1213.833000 -0.34977516822448473377 -0.0318370444972966501473 -0.0445759493028351633237 -0.0105643612361387573967 -0.011050862482717442245 0.999883129525676150884 3.07879207063387516641
26545 1213.842000 -0.349774980322980655334 -0.0318354328794132543368 -0.0445758643574810931032 -0.0105645253855723448427 -0.011052219336917688472 0.999883112794243467114 3.07878872864984343138
26546 1213.851000 -0.349774795672004201741 -0.0318338810273911948512 -0.0445757807989808629845 -0.0105646454667858141069 -0.0110535135235842012225 0.999883097219342431572 3.07878555011953558562
26547 1213.860000 -0.349774614570404929204 -0.0318322148494592851997 -0.044575692240664849253 -0.0105648027055121520451 -0.0110548809125692974742 0.999883080440809424161 3.07878205223895839993
26548 1213.869000 -0.349774431330876933721 -0.0318306613945863112192 -0.0445756081649818086676 -0.0105649210674418833622 -0.0110561743571075659504 0.999883064888801964543 3.07877886814140921956
26549 1213.877000 -0.349774273246305944518 -0.0318291741724821275472 -0.0445755279586574071349 -0.0105650569726050864994 -0.0110573890045572911095 0.999883050021135089125 3.07877573724144149026
26550 1213.886000 -0.349774088964476426167 -0.0318275508900754400265 -0.0445754432230633726442 -0.0105652015686819433088 -0.011058718829865052044 0.999883033786279962207 3.07877235248758340802
26551 1213.895000 -0.349773912435109524122 -0.0318259461386284983608 -0.0445753542888778359066 -0.010565329392325762195 -0.0110600438066719170688 0.999883017780493155158 3.07876902356340131917
26552 1213.904000 -0.349773729081768181004 -0.0318243195950531285177 -0.044575269381238798172 -0.0105654734268734850494 -0.0110613706428434217799 0.99988300158106879767 3.07876562559984456868
26553 1213.912000 -0.349773575198581265777 -0.0318228934290131076912 -0.0445751892725197995659 -0.0105655773407903608163 -0.0110625378680387909114 0.999882987569732484268 3.07876266085414229678
26554 1213.921000 -0.349773391448143344817 -0.0318212657420514077877 -0.0445751047338610179027 -0.0105657287535844950782 -0.0110638723246496151198 0.999882971204675508048 3.07875926335493632635
26555 1213.930000 -0.349773217403318570362 -0.0318196519277062842002 -0.0445750154068133078167 -0.0105658485839375555077 -0.011065181071714572103 0.999882955456062982869 3.07875589264724913718
26556 1213.939000 -0.349773034254185766212 -0.0318180207064704539954 -0.0445749309927085529681 -0.0105660000002017629567 -0.0110665130632049725501 0.99988293911468351105 3.07875248115003019578
26557 1213.948000 -0.349772860792968098842 -0.0318164034953535984629 -0.0445748418438262142272 -0.0105661198924120597331 -0.0110678197642606179069 0.999882923384575406089 3.07874909723844236709
26558 1213.956000 -0.34977270475881983014 -0.0318148968424270262023 -0.0445747635375149386938 -0.0105662490778683140075 -0.0110690138601204184077 0.999882908801119962838 3.0787459015171583232
26559 1213.965000 -0.349772525491438224243 -0.031813329006163022783 -0.0445746792779136841167 -0.0105663656495046075212 -0.0110702942615039223034 0.999882893393983840369 3.07874265787209866474
26560 1213.974000 -0.349772344384721767252 -0.0318116959220650849516 -0.044574593627258261852 -0.0105665254208877016501 -0.0110716379829292471682 0.999882876827533517705 3.07873923436358776229
26561 1213.983000 -0.3497721713345260941 -0.0318100697469475834911 -0.0445745067808278466748 -0.0105666374026204927528 -0.0110729287906590773832 0.999882861350267715395 3.07873582249672894662
26562 1213.992000 -0.349771990949367894697 -0.0318084346059586339783 -0.0445744214666290577975 -0.0105667972768298135816 -0.0110742720706969496186 0.999882844784034996444 3.07873239177154589541
26563 1214.000000 -0.349771837896367399079 -0.0318069197633348843546 -0.0445743433596505339578 -0.0105669167471911708972 -0.0110754515040070965204 0.999882830457869187235 3.07872915798014457067
26564 1214.009000 -0.349771660093105896117 -0.0318053541687877208699 -0.0445742586757417805221 -0.0105670493786194745478 -0.0110767554033342451036 0.999882814612374715146 3.07872592365904429457
26565 1214.017000 -0.349771501404806450797 -0.031803896738706177727 -0.0445741843313098573542 -0.0105671775456629788575 -0.0110779299202016130732 0.999882800245809444384 3.07872286043638387909
26566 1214.025000 -0.349771356518343012887 -0.0318023952191511805054 -0.0445741036059366796396 -0.0105672665683949860982 -0.011079083641647786973 0.999882786521967159565 3.07871966559070697755
26567 1214.031000 -0.349771245659556417884 -0.0318012491595323146254 -0.0445740435752309052675 -0.0105673519839447754842 -0.0110799721119736425956 0.9998827757742630995 3.07871721464694969583
26568 1214.037000 -0.349771129373229072712 -0.0318001592259421692055 -0.0445739868140729578183 -0.0105674425522149870865 -0.0110808488507794320604 0.999882765101315351686 3.07871492343182140417
26569 1214.042000 -0.34977102673154059076 -0.0317992382929410816184 -0.0445739416651726033658 -0.0105675457399108663203 -0.0110816032553921368919 0.999882755650043697493 3.07871297588903303222
26570 1214.048000 -0.349770910765606068971 -0.0317981479218423512823 -0.0445738849940898809732 -0.0105676361996976143909 -0.0110824793718897109812 0.999882744983691784668 3.07871068266029723759
26571 1214.054000 -0.349770794969715526079 -0.0317970573049726965009 -0.0445738283627798159703 -0.0105677265847874280597 -0.01108335510191967542 0.999882734321637323127 3.07870838825517223469
26572 1214.060000 -0.349770679340089429843 -0.0317959664341479486538 -0.0445737717643977029991 -0.0105678168847247472978 -0.0110842304177562692852 0.999882723664299200017 3.07870609261170313786
26573 1214.065562 -0.349770589937466569452 -0.0317950011973248958252 -0.0445737211192548873906 -0.0105678863139982200797 -0.0110849724329406627149 0.999882714704587338694 3.07870402266880915931
26574 1214.071000 -0.349770468913951582124 -0.031793966964011301235 -0.0445736678691705801025 -0.0105679817444460557446 -0.0110858355503842299916 0.999882704126838550707 3.07870188763468766169
26575 1214.076000 -0.349770374154543484124 -0.0317930600658484219245 -0.0445736200848381169948 -0.0105680544004189344576 -0.0110865635501819735642 0.99988269528722106827 3.07869998020588164778
26576 1214.083000 -0.349770232912494205557 -0.0317918421084935481913 -0.0445735577568122376402 -0.0105681664235388102918 -0.0110875719113495158769 0.999882682922129117919 3.07869745500920011239
26577 1214.092000 -0.349770059311517445 -0.0317902724942522377227 -0.0445734736777785855999 -0.0105682900987379580632 -0.0110888590668757353735 0.999882667341015385354 3.07869419280096590086
26578 1214.101000 -0.349769882640281692954 -0.0317886258602033192067 -0.044573391313462232266 -0.0105684402342039497624 -0.0110901796757467922122 0.999882651107506514876 3.07869071927519843968
26579 1214.109187 -0.349769740906222481591 -0.0317871175410795597793 -0.0445733111203695658853 -0.010568527644020813544 -0.0110913261379898975961 0.999882637466987134189 3.07868749518617024208
26580 1214.118000 -0.349769559916395744725 -0.0317855313830778876683 -0.0445732303210298747009 -0.0105686907358569226467 -0.0110926476025858949948 0.999882621083742262336 3.07868418994998194194
26581 1214.127000 -0.349769392711394344619 -0.0317838946034177116662 -0.0445731448357538084792 -0.0105688004020695891505 -0.0110939269740823603927 0.999882605730470386263 3.07868073155888222203
26582 1214.136000 -0.34976921811792560657 -0.0317822491868120504677 -0.0445730607063788558664 -0.0105689576797446359302 -0.0110952581943028153605 0.999882589296946178159 3.07867725461103880491
26583 1214.144000 -0.349769070412711990947 -0.0317807224883927888492 -0.0445729835470278779042 -0.0105690746697800729004 -0.0110964269115969085822 0.999882575090905389992 3.07867397136862575024
26584 1214.153000 -0.349768898000640870993 -0.0317791499441749877852 -0.0445728997136118423872 -0.0105692042563515272574 -0.0110977173028957501466 0.999882559399878911854 3.07867069924470815323
26585 1214.162000 -0.349768724552583842868 -0.0317774969398577564195 -0.0445728170069758095062 -0.0105693452771097404913 -0.0110990218394631193904 0.999882543429287173886 3.07866719140385747266
26586 1214.170000 -0.349768579433461623829 -0.0317760484000457546494 -0.0445727389223385048189 -0.0105694465197944328927 -0.0111001700231530171792 0.999882529613215220721 3.07866413331937227582
26587 1214.179000 -0.349768405529713555246 -0.0317743969048353003259 -0.044572656701232726828 -0.0105695948694590705769 -0.011101483849806755011 0.99988251345877032783 3.07866063581762183787
26588 1214.187000 -0.349768260494662253102 -0.0317729425601215378916 -0.0445725800266728588994 -0.0105696861597037849306 -0.0111026131323259755895 0.99988249995492928246 3.07865755726677159387
26589 1214.196000 -0.349768088052864911663 -0.031771294385236611979 -0.0445724962235402866195 -0.010569842461397506439 -0.0111039398834229061791 0.999882483569647484423 3.07865406585175760412
26590 1214.204000 -0.349767942349128890811 -0.0317697645746086373975 -0.0445724194507461646264 -0.0105699587031584246732 -0.0111051049541445144564 0.999882469401764728545 3.07865076811211535457
26591 1214.213000 -0.349767772007769872644 -0.0317681909661219896712 -0.0445723360796980785925 -0.0105700875144769564085 -0.0111063906744987891256 0.999882453759501466095 3.0786474867478030859
26592 1214.222000 -0.349767600706058723325 -0.0317665362496923966984 -0.0445722539234854053802 -0.0105702278479219737017 -0.0111076907113557832307 0.999882437834720638747 3.07864396790145500304
26593 1214.230000 -0.34976746341642445115 -0.0317650263921093189978 -0.0445721732038966214628 -0.0105703233656460632989 -0.0111088468667223261993 0.999882423980558376897 3.0786407294358557607
26594 1214.239000 -0.349767285686805540212 -0.0317634337517100281967 -0.0445720947781390458564 -0.0105704762461633003379 -0.0111101437595875537218 0.999882407954840735087 3.07863739360437937975
26595 1214.247000 -0.349767142500575223263 -0.0317619785168744631076 -0.0445720186721891495352 -0.0105705669728268294993 -0.0111112685505026145133 0.999882394497008664125 3.07863430683221928064
26596 1214.256000 -0.349766972105948148464 -0.0317603294918172227024 -0.0445719355002908435015 -0.0105707226069785848593 -0.0111125900191202629796 0.999882378165868668241 3.07863080639268327232
26597 1214.264000 -0.349766828258147199904 -0.031758798200371606002 -0.0445718593024536716141 -0.0105708382528417969143 -0.0111137503434663668239 0.999882364046858707063 3.07862749834729942933
26598 1214.273000 -0.349766659821143521825 -0.0317572247568830914877 -0.0445717764709897684705 -0.010570966241588810805 -0.011115030212781540353 0.999882348467102666234 3.07862421042442324648
26599 1214.282000 -0.349766490453187361975 -0.0317555694410795383287 -0.0445716948377623406463 -0.0105711057165041345807 -0.0111163243641323235961 0.999882332605472989862 3.07862068258913801344
26600 1214.291000 -0.349766328618679012141 -0.031753934188818673523 -0.0445716091750847295816 -0.0105712286153019051349 -0.0111176142014667023172 0.999882316965366890749 3.07861721574959190662
26601 1214.299000 -0.349766178993285659082 -0.0317524659455339156033 -0.044571536532438116307 -0.0105713522941875606026 -0.0111187659763018371895 0.999882302850608750688 3.07861409125843676904
26602 1214.308000 -0.349766018735416295282 -0.0317508283684950556869 -0.0445714505596769006157 -0.0105714672732094925461 -0.0111200435836379361854 0.999882287427069749164 3.07861060776981698694
26603 1214.316000 -0.349765868875915597602 -0.0317493608705886748433 -0.0445713779028177325969 -0.010571596602546409413 -0.0111212006441418990305 0.999882273190952131081 3.07860748721199817268
26604 1214.325000 -0.349765708275488806933 -0.0317477194388186140239 -0.0445712937270455675232 -0.0105717030983134546024 -0.0111224624306662522866 0.999882258029953896461 3.07860399229872783167
26605 1214.334000 -0.349765540241946004674 -0.0317460700341092791343 -0.0445712109379768628425 -0.0105718572604726890329 -0.0111237760171272511561 0.999882241787093950514 3.07860048086772630782
26606 1214.342000 -0.349765398562200791055 -0.031744537594566211991 -0.0445711350436205286374 -0.0105719715551035511186 -0.0111249295423655625986 0.999882227744905760503 3.07859716076688050279
26607 1214.351000 -0.349765232381197166411 -0.031742964969652315288 -0.0445710525426129544613 -0.0105720980356141837364 -0.0111262015263544240817 0.999882212254383673233 3.07859386545883983999
26608 1214.360000 -0.34976506534575113605 -0.0317413097325404333637 -0.0445709712208264136057 -0.0105722359831628663629 -0.0111274880443941806551 0.999882196479234264253 3.07859032822913203375
26609 1214.368000 -0.349764931963494729583 -0.0317397979992321208065 -0.0445708912162492282283 -0.0105723293450549690742 -0.0111286324525523977469 0.999882182755526205398 3.07858706939159354476
26610 1214.377000 -0.349764758289476562769 -0.0317382069722892332098 -0.0445708135204544997343 -0.0105724797257610945295 -0.0111299155254166205753 0.999882166884101031279 3.078583721298799869
26611 1214.386000 -0.349764600361841371257 -0.0317365701167785854708 -0.0445707278935825734756 -0.0105725932430159250131 -0.0111311857749289110087 0.999882151543551533912 3.07858023072783826279
26612 1214.395000 -0.34976443330011480759 -0.0317349178168608997419 -0.0445706471554519062517 -0.0105727381794263764619 -0.0111324795639644764933 0.999882135607066069305 3.07857670581330777893
26613 1214.404000 -0.349764275900994736634 -0.0317332814175544514201 -0.0445705616471612567353 -0.0105728514047709592355 -0.0111337481289255774142 0.99988212028507372775 3.07857321454502486091
26614 1214.413000 -0.349764109361913488883 -0.0317316296140939951842 -0.0445704810312031463049 -0.0105729960531467000184 -0.0111350402120336724326 0.999882104367278312651 3.07856968903449201846
26615 1214.422000 -0.349763952478908735078 -0.031729993745991301457 -0.0445703956470475254337 -0.0105731089924711949696 -0.0111363070472302767844 0.999882089064297208125 3.07856619725240543417
26616 1214.431000 -0.349763786448679503405 -0.0317283425039688801728 -0.0445703151546471276756 -0.0105732533550065201794 -0.0111375973758329489122 0.999882073165723084252 3.0785626712913907177
