27502 1508.915000 -0.380075270503897166829 0.000118731064061384193609 -0.0497251179211132265934 -0.0142147218705936159017 -0.010026413034046395556 0.999848694915291935637 3.08574574878201079997
27503 1508.926000 -0.380071407299767571875 0.000144640843793218155933 -0.0497071221588536449332 -0.0141584309048093069661 -0.0100824098135894844874 0.999848930512337252807 3.0856924923647706116
27504 1508.931000 -0.38007273425633197883 0.000144878506541778334649 -0.0496969743823073017985 -0.0141450195899978040798 -0.0100842835014431746188 0.999849101438342602322 3.08569248401112927738
27505 1508.945000 -0.380074801593391353727 0.00018509713770579333536 -0.0496639413167454593645 -0.0140487731998926827781 -0.0101719534644134287915 0.999849570352608463253 3.08561233528708367402
27506 1508.954000 -0.380077672607665950633 0.000206066721471746469585 -0.049643522684821153601 -0.0140018339849707230266 -0.0102127852567470440298 0.999849812553043726382 3.08556752684802715336
27507 1508.963000 -0.380080882628522687128 0.000226628817888699027328 -0.0496250252230612601267 -0.013962268618688659233 -0.01024893673243895513 0.99984999592482592945 3.08552275338924131276
27508 1508.969000 -0.380081314261568770085 0.000228375093037403581464 -0.0496217093012456741952 -0.0139579523012785360059 -0.0102481167249388552959 0.999850064595260934475 3.08551763931703693089
27509 1508.982313 -0.380086422739956908412 0.000266915401530672807828 -0.0495958147302903995524 -0.0139094647526392650033 -0.0103068766452220940411 0.999850136312495307855 3.08543432787982307985
27510 1508.992000 -0.380088101639591946501 0.000285206275505539043336 -0.0495864122164401815995 -0.0138972918426380504658 -0.0103271274917763195011 0.99985009662309332068 3.08539818829371492725
27511 1509.002000 -0.380089145356721835878 0.00030084537719939768996 -0.0495807722995366753627 -0.0138933487282210978153 -0.010341568939150337994 0.999850002156819850363 3.08536184252117662297
27512 1509.007000 -0.380088743481130864055 0.000302881770942615806408 -0.049583838099898781826 -0.0138974407340672814065 -0.0103406386075340205738 0.999849954910351224058 3.08535597379760062609
27513 1509.016000 -0.380088698051764040109 0.000315187471999821798574 -0.0495821769834180747782 -0.0139008072306574491372 -0.0103495699837930846265 0.999849815702081645696 3.08532638648412715909
27514 1509.024000 -0.380088134353791129438 0.000325418730642649742246 -0.0495818878065583668047 -0.0139070801865051104501 -0.0103553555941144261737 0.999849668565832683242 3.08530119426275861727
27515 1509.034000 -0.380087073554855936486 0.000333680755996011713105 -0.0495838502509256123796 -0.013916124834715274533 -0.0103584877380111586853 0.999849510277104780442 3.0852803934844499345
27516 1509.043000 -0.380085473025879416742 0.000341742074654418845348 -0.0495858859467327439674 -0.0139272057316652039111 -0.0103609252020801494848 0.999849330734118524333 3.08526017952893827356
27517 1509.052000 -0.380083655792916197402 0.000348000506970431999765 -0.0495884868765693181958 -0.0139382554283077504664 -0.010362340248278312238 0.999849162094060162076 3.08524465655690161014
27518 1509.062000 -0.380081582517951155342 0.000353639215458458576469 -0.049591314346995388207 -0.0139494348441613139067 -0.010363675098010503503 0.999848992351340615237 3.08523099634549735626
27519 1509.071000 -0.38007914247341884062 0.000359029921872823162832 -0.0495939051647088929853 -0.0139606660534837608706 -0.0103653113587046843275 0.999848818633987446169 3.08521841617861758422
27520 1509.081000 -0.380076579785951107482 0.000364336178981376421215 -0.049596210781681061841 -0.0139707405089319579294 -0.0103677209103217107811 0.999848652933411741195 3.08520639939049345912
27521 1509.091000 -0.380074267959067735312 0.000369248775486601121809 -0.0495977653158909542741 -0.0139781934992529721651 -0.0103707435448269248701 0.999848517418926330258 3.0851954324319108558
27522 1509.100000 -0.380071736773357260475 0.000374633020541807054693 -0.0495989949690000819782 -0.0139846298509834245094 -0.0103747209340273940925 0.999848386153356805117 3.08518337354536953399
27523 1509.110000 -0.380069336909334976049 0.000380429944654312075791 -0.049599595263669186973 -0.0139887704831085750434 -0.010379587224347334995 0.999848277724887157802 3.0851700879953094514
27524 1509.120000 -0.380067338286410372206 0.000386055117794947139087 -0.0495995785717145698523 -0.0139904899058353703045 -0.0103845674271564273466 0.999848201954449566919 3.0851567758342386405
27525 1509.129000 -0.380065299416801116728 0.000392273100512927248851 -0.0495993053037142028749 -0.0139906852474716691254 -0.0103902624143708526699 0.999848140055911938084 3.0851415663267500733
27526 1509.143000 -0.380062076423509864753 0.000403432479057536270972 -0.049598209920084956881 -0.0139868935201607567237 -0.0104012655810461138173 0.999848078701943698832 3.0851129835700414894
27527 1509.153000 -0.380060832398211312366 0.000409813824795961754999 -0.0495968134710022129363 -0.0139825143911326936486 -0.0104071035346701007418 0.999848079203696227246 3.08509597014332603848
27528 1509.162000 -0.380059975956625106797 0.00041570121681625861465 -0.0495952342177876509544 -0.0139776730771285911947 -0.0104120524155490480622 0.999848095372414369386 3.08507996492336777905
27529 1509.172000 -0.380059255886390889856 0.000421877627143237704521 -0.0495934075738399746114 -0.0139720073099734096167 -0.0104171904528393959727 0.999848121043790949436 3.08506300924148968434
27530 1509.181562 -0.380058752144627309821 0.000427511923140915482688 -0.04959159622230138037 -0.0139668179977100286038 -0.0104218907414653939175 0.999848144564159269088 3.08504782851683634348
27531 1509.191000 -0.380058532347412103558 0.000432784015831252401318 -0.0495896337435550518813 -0.0139612171761669349307 -0.0104260184937339604044 0.999848179751970267404 3.08503320515687384784
27532 1509.201000 -0.380058411237395255 0.000438073667194937080294 -0.0495875730039411002914 -0.0139561173403405514026 -0.0104303392428793696711 0.999848205885304097684 3.0850191635434986992
27533 1509.210000 -0.380058396219715877162 0.000442605527621323796561 -0.0495857309908681737065 -0.0139521570381731657706 -0.0104341469028325847801 0.99984822142782869836 3.08500753508874536735
27534 1509.220000 -0.380058441022626869454 0.000447411116242581521907 -0.0495837503089295375536 -0.0139485773775397774166 -0.0104383070797165848631 0.999848227949848622487 3.08499571551417117732
27535 1509.230000 -0.380058487620917373473 0.000452047382454145302288 -0.0495819053651060936971 -0.0139460069841225529214 -0.0104424512399661061773 0.999848220532146392259 3.08498485072443040522
27536 1509.240000 -0.380058475690939867597 0.000456409861438604978756 -0.0495802955862356536931 -0.0139445470821824273749 -0.0104465035439252999783 0.999848198563351719947 3.08497512437586074441
27537 1509.249000 -0.380058380946072915663 0.000460619642132521420197 -0.0495790104227009156834 -0.013944060766084178174 -0.01045026514460661686 0.999848166037103469606 3.08496592163650795726
27538 1509.258000 -0.380058169616045216088 0.000464663043057277069803 -0.0495780053154614569477 -0.0139444101457748166617 -0.0104538722028898658362 0.999848123457584003759 3.08495726894395883022
27539 1509.268000 -0.380057763197952758194 0.000469211639559014882794 -0.0495772137713726690489 -0.013945644712724851455 -0.0104577421463479969949 0.999848065769368243849 3.08494751398643041185
27540 1509.277000 -0.380057248450928641947 0.000473349401478415261757 -0.0495767885417995532449 -0.0139473169126665789974 -0.0104610275543851032748 0.999848008075949534756 3.08493848844125917452
27541 1509.287000 -0.380056495533866112169 0.000478035207982127965942 -0.0495766227478299376097 -0.0139496679811616126898 -0.0104644796375228370938 0.99984793915331493519 3.08492795810632713938
27542 1509.292000 -0.380056462784833570812 0.000479559689909286879228 -0.0495768577222780240654 -0.0139499788982806859766 -0.0104651692675932217469 0.99984792759746121682 3.08492409798564271028
27543 1509.302000 -0.380055637457020090153 0.000484004165462630260575 -0.0495770363409941128285 -0.0139523943398830695128 -0.0104679557092308417321 0.99984786472515585487 3.08491366168614833398
27544 1509.311000 -0.380054599402988191326 0.000488655268501365404321 -0.0495773256840367493314 -0.0139549720541399177587 -0.0104706971575256567453 0.999847800045588597229 3.08490238412639072862
27545 1509.321000 -0.380053581744559998423 0.000493184932416907383101 -0.0495777235155797704746 -0.0139571149306560258335 -0.0104730185292183346907 0.999847745822182276676 3.08489096447070831886
27546 1509.331000 -0.380052405690210592937 0.00049805654370310703527 -0.0495781219193662039957 -0.0139590275566496575116 -0.0104754167088194176383 0.999847693998665687509 3.08487831535940815186
27547 1509.340000 -0.380051236541667336599 0.000502730216716257630183 -0.0495784125576527595625 -0.0139602695952303311466 -0.0104776773427213074075 0.999847652970356381985 3.08486587931426869957
27548 1509.350000 -0.380050102999707317686 0.000507556236818041892067 -0.0495785691018589338985 -0.0139608848842014167391 -0.0104799980228127611465 0.999847620057522590287 3.08485282989005193954
27549 1509.359000 -0.380049156253206676936 0.000511847885746949914088 -0.0495785253404490283691 -0.0139607999423663475813 -0.010482135429437180324 0.999847598837846907038 3.0848411463226050877
27550 1509.369000 -0.38004820223847390892 0.00051657573727719244272 -0.0495782464506492950851 -0.013960107047446521783 -0.010484695736909445396 0.999847581667590024068 3.08482829920261991674
27551 1509.377000 -0.380047368960050757636 0.000520889260861990936735 -0.0495777790537758958345 -0.0139588998488657523023 -0.0104873860913511415122 0.9998475703065843323 3.08481667631235589866
27552 1509.385000 -0.380046938092252151176 0.000524013970357144719114 -0.0495772854639398088961 -0.0139578482842401662561 -0.0104892374242729520539 0.999847565566637341838 3.08480839038837606481
27553 1509.394000 -0.380046369737695066693 0.000528140894905423062544 -0.0495764980749200528942 -0.0139561605419022682906 -0.0104920678422656416667 0.999847559428597154607 3.0847976081404158144
27554 1509.403000 -0.380045891958197823435 0.000532241486749973798098 -0.0495755744211208437822 -0.0139543319424365996201 -0.0104950882214218249588 0.999847553251626885995 3.08478712255801923448
27555 1509.413000 -0.380045451767629327566 0.000536762170901551247115 -0.0495744378226050663727 -0.0139522658013866533711 -0.0104986198970446250461 0.999847545008370142128 3.08477583669838795188
27556 1509.423000 -0.380045072567518071871 0.000541291475729462935595 -0.0495732520405551130294 -0.0139503575827510280238 -0.0105023195813763268319 0.999847532780235415117 3.08476478833012013325
27557 1509.433000 -0.380044762021083393222 0.00054555723278149666905 -0.0495721549842186026691 -0.0139488300972039815789 -0.0105058110995598676107 0.999847517410559771811 3.08475453791539777626
27558 1509.442000 -0.380044416136624929603 0.000549924696167656754109 -0.0495710733050729671079 -0.0139475293538240119329 -0.0105095039478006226086 0.999847496747226616165 3.08474422901974243416
27559 1509.452000 -0.38004404766886901168 0.00055451102844117014512 -0.0495700599465809937927 -0.0139466045369202890775 -0.0105132543185659059481 0.999847470220095013715 3.08473342751435497533
27560 1509.461000 -0.380043684909119217075 0.000558661604818050036569 -0.0495692601022491088902 -0.0139460845083014418205 -0.010516511014901690213 0.999847443224695431319 3.08472363373303837264
27561 1509.471000 -0.380043215023507630068 0.000563310258990690898573 -0.0495685165593999360611 -0.0139458822642108942053 -0.0105200004013302761408 0.999847409337759285286 3.08471260764486832073
27562 1509.480000 -0.380042731638614406098 0.000567539528657562755698 -0.0495679751724227568577 -0.0139459939396679478973 -0.0105230138086352068699 0.99984737606967688528 3.08470245431297263039
27563 1509.490000 -0.380042137405085689306 0.000572243021045006940162 -0.0495674952389624570714 -0.013946305892768557852 -0.0105261702215269821459 0.999847338493438542173 3.0846910195321068926
27564 1509.500000 -0.380041470614914556059 0.000576987037951543109415 -0.0495671292924185630246 -0.0139467923510375214902 -0.0105291804482934396592 0.999847300012459139218 3.08467931380749682546
27565 1509.509000 -0.380040831420971392252 0.000581251403061869981181 -0.0495668642552413440949 -0.0139472477824572876209 -0.0105317494797643410737 0.999847266602349682429 3.08466865391955735731
27566 1509.519000 -0.380040076100028656469 0.000586009193936850268647 -0.0495666137634501041687 -0.013947765563725711066 -0.0105345479374487384361 0.999847229898414457949 3.08465662327659151387
27567 1509.528000 -0.380039375618583252781 0.000590289368253659255115 -0.0495663992832304639569 -0.0139481399870067853536 -0.0105370055003493976603 0.999847198778887724657 3.08464570571621221617
27568 1509.538000 -0.380038593412315384157 0.000595031091087620291058 -0.0495661397075541632073 -0.0139484027017520231806 -0.010539722788471950557 0.999847166473762483108 3.08463354442575310443
27569 1509.547000 -0.380037818532377724701 0.000599564386837853763312 -0.0495658431053714876313 -0.0139484754880783434761 -0.0105423943214160379528 0.999847137293261689628 3.08462189417127996549
27570 1509.557000 -0.380037136949492537763 0.000603997253440890884135 -0.0495655138856956056781 -0.0139483855048474648247 -0.0105449656043330643879 0.999847111433649016199 3.08461049253352603827
27571 1509.567000 -0.380036408061363795152 0.000608685461582827817828 -0.0495650835233722511508 -0.0139480907364075631949 -0.0105478277584881048601 0.999847085355749065627 3.0845984881251560239
27572 1509.575000 -0.380035850142380671191 0.000612426417910882231466 -0.0495646858292158737358 -0.0139477402939145993938 -0.0105501898043086957818 0.999847065323385630897 3.08458895730867688201
27573 1509.584000 -0.380035250251439638003 0.000616620876474026184677 -0.0495641836601504320869 -0.013947239217550620044 -0.0105529170718277557489 0.999847043531901125135 3.08457833055126284805
27574 1509.593000 -0.380034677304019519184 0.000620818047253361357529 -0.0495636335551313741976 -0.0139466763002871422389 -0.0105557366488053874787 0.999847021620795972652 3.08456777075600108162
27575 1509.602000 -0.380034138413256727951 0.000624989647511514298528 -0.0495630397167948488768 -0.0139460230102997195106 -0.0105585802201057007282 0.999847000708574240591 3.08455734691245542223
27576 1509.611000 -0.380033615005129443709 0.000629172086327390439608 -0.049562418473795367968 -0.0139453877306201356329 -0.0105615077540021518737 0.999846978649735596001 3.08454695612754647982
27577 1509.620000 -0.38003310789714933593 0.000633355233617996851714 -0.0495617845290642414224 -0.0139447543759026910959 -0.0105644396420137166165 0.999846956509067963381 3.08453660824095532433
27578 1509.630000 -0.38003256217199760103 0.000637995786889536745101 -0.0495610722960130867243 -0.0139440745841323075066 -0.0105677048241916322902 0.999846931484385303968 3.08452516939636245397
27579 1509.639000 -0.380032075712330719153 0.000642182456505977806993 -0.0495604393795516517951 -0.0139435073995190852991 -0.0105706217725715749534 0.999846908559875902078 3.08451485758021082262
27580 1509.648000 -0.380031574922960191376 0.000646400981024721627 -0.0495598294010803699927 -0.0139430656094570119136 -0.0105735778444436510914 0.99984688346415206972 3.08450448281806677286
27581 1509.661000 -0.380030552849970282292 0.000653083729409553205569 -0.0495587916201357947532 -0.0139424461788108418336 -0.0105787518517928506162 0.999846837372509344988 3.08448820104852883262
27582 1509.670000 -0.380030030472884527981 0.000657320561380468453005 -0.0495582429459567597174 -0.0139421570770427941804 -0.0105815868931293435157 0.999846811404058066763 3.08447769904400104224
27583 1509.675000 -0.380030040018560333337 0.000659087867523324918984 -0.0495581444551285860145 -0.0139420373468729808658 -0.0105821241209955781842 0.999846807387864799921 3.08447311330540863139
27584 1509.689000 -0.380028882959423219834 0.000666101961421640756389 -0.0495571845830649337916 -0.0139417014737941939023 -0.010587379031457937878 0.99984675644083575996 3.08445583709258563943
27585 1509.698000 -0.380028320462593882656 0.000670565938402314758171 -0.0495567101857123312736 -0.0139415123862758252166 -0.0105901425564857171874 0.999846729810632828261 3.08444463969174798024
27586 1509.708000 -0.380027681028544839226 0.000675118744398628400916 -0.0495562184974894723299 -0.0139413629268225151142 -0.010593100821441962453 0.999846700557004974819 3.08443322468736091935
27587 1509.713000 -0.380027687300333538722 0.000677106002309443670562 -0.0495561412030865039435 -0.0139412733535929020401 -0.0105936716647054684354 0.999846695757874992516 3.08442805520855145573
27588 1509.727000 -0.380026455264982077065 0.000684136179301040280032 -0.0495552940975862443729 -0.0139409997968702615428 -0.0105987548417224904801 0.999846645701463865308 3.08441052706688445539
27589 1509.737000 -0.380025807992693032134 0.000688875846310308542764 -0.0495548068836159025241 -0.0139407850988375811574 -0.0106017469976282495414 0.999846616972536628154 3.08439859539844185576
27590 1509.745000 -0.380025293172725986413 0.000693070074749961920202 -0.0495543948890971169829 -0.0139405727452590229298 -0.0106042652510424176282 0.999846593228190916314 3.08438800744597196868
27591 1509.755000 -0.38002464856879925037 0.000697409506620800395682 -0.0495539114271620201313 -0.013940342466695619314 -0.0106071823456627620241 0.99984656549622497046 3.08437713340175534427
27592 1509.760000 -0.380024658616744170914 0.000699409402146714161141 -0.0495538040878861218985 -0.0139402129482484229278 -0.0106077747674403425476 0.999846561016959567425 3.08437193785633834153
27593 1509.770000 -0.380024028361479748739 0.000704130983087410816657 -0.049553276578291227672 -0.0139398912407970015231 -0.0106108140374584335869 0.999846533252807367909 3.08436009086182805206
27594 1509.779000 -0.380023464202585981031 0.000708384177711041465586 -0.0495527919519886117516 -0.0139395945383245945665 -0.0106135768100722605728 0.999846508065815098298 3.08434944107314024109
27595 1509.789000 -0.380022849974800569495 0.000713097113833177469189 -0.0495522401824737626641 -0.0139392191799987616441 -0.0106166366324715981395 0.999846480813562865642 3.08433765704424178722
27596 1509.798000 -0.380022235332210023273 0.000717615804338996021716 -0.0495516921285001077369 -0.0139388799243014421814 -0.0106196835811002403965 0.999846453185234462779 3.08432639375183859087
27597 1509.807000 -0.380021696498865746427 0.000721846081539428800766 -0.0495511787887048180123 -0.0139385162258464957719 -0.0106224458889634942871 0.999846428912339324491 3.08431584389049717743
27598 1509.817000 -0.380021158947663750816 0.000726285234047469897833 -0.0495506481597294823338 -0.0139381606677317776422 -0.0106253021302353117816 0.999846403519981552499 3.08430475701663064925
27599 1509.827000 -0.380020559582536887611 0.000731002802195690644382 -0.049550074050075137988 -0.0139377910436516254389 -0.010628402196365214355 0.999846375723578817407 3.08429300042858578479
27600 1509.836000 -0.380020029024906780268 0.000735241635115135155898 -0.0495495533362375617514 -0.0139374423008763528853 -0.0106311752867231153891 0.999846351103074515443 3.0842824320441679653
27601 1509.844000 -0.380019492687752646898 0.000739282100370955430613 -0.0495490520038153886562 -0.0139371199758907514388 -0.0106338707591288380433 0.999846326932022022582 3.08427237874590698397
27602 1509.858000 -0.380018407294249516148 0.000745960102197714206018 -0.0495481440571259451611 -0.0139366401110191315271 -0.0106388528157983688199 0.999846280621766281271 3.0842558876287435865
27603 1509.863000 -0.380018419206332391802 0.000747992595496099754726 -0.0495480199008067820343 -0.0139364885833852085451 -0.0106394613374854191817 0.999846276258712474139 3.08425060969035369496
27604 1509.871000 -0.380017940309390511722 0.000751777660067991064519 -0.0495475724897413843939 -0.0139362189500689698934 -0.0106419022613125618254 0.999846254039908122202 3.084241147328919741
27605 1509.883000 -0.380016907963620809152 0.000757785822654328741765 -0.0495467504152099780246 -0.0139357923703184779368 -0.0106464503579192515392 0.999846211567452902713 3.0842263045560538437
27606 1509.891000 -0.380016422591531566333 0.00076178028022330125657 -0.0495462999904332929146 -0.0139355385859520706365 -0.0106489534069566932351 0.99984618844883121902 3.08421628053878249531
27607 1509.899000 -0.38001593825050822284 0.000765780075159328173229 -0.0495458541216140663233 -0.0139352750110107899417 -0.0106514409754989852752 0.999846165625249083675 3.08420624081562966268
27608 1509.907000 -0.380015451149272986964 0.000769369481524336679135 -0.0495454329806367804734 -0.0139350399254335871602 -0.0106538033862370474375 0.999846143731966341406 3.08419726334302435333
27609 1509.915000 -0.38001496551504465593 0.000773367973334593110379 -0.0495449907011223239506 -0.0139347781777598295205 -0.0106562886207906010877 0.99984612089559410375 3.0841872231928686432
27610 1509.922000 -0.380014539590063926688 0.000776480021928944302845 -0.0495446264891595752888 -0.0139345614822282796996 -0.0106583304317261796934 0.999846102152079141412 3.08417943995161625281
27611 1509.931000 -0.380013993440666997259 0.000780744494720516171715 -0.0495441404462408363507 -0.0139342895346600253309 -0.0106610789172586345464 0.999846076639541614384 3.08416875699732928595
27612 1509.940000 -0.380013443179546439588 0.000785016358569187722161 -0.0495436606745680782615 -0.0139340184526780958008 -0.0106638099653352177998 0.999846051293289628248 3.08415805713130586341
27613 1509.948000 -0.380012959245605297376 0.000789009767327987845964 -0.0495432192375250546323 -0.013933753305043728235 -0.0106663001306132078361 0.999846028426556121538 3.08414803886404786937
27614 1509.956000 -0.380012475272723970754 0.000792796593098292826096 -0.049542788682724804572 -0.0139335001389176375147 -0.0106687303343667144045 0.999846006026393729904 3.0841385604233839679
27615 1509.965000 -0.380011936547998141478 0.000796839519250656068416 -0.049542311222404170068 -0.0139332083916440582078 -0.0106713927703091827903 0.999845981679306938794 3.08412845785872846704
27616 1509.973000 -0.38001144947155024445 0.000800634451464316172775 -0.0495418819588097913975 -0.013932971816253639924 -0.0106738409584432297067 0.999845958843441739994 3.08411897426474457262
27617 1509.982000 -0.380010905711830548892 0.000804683032707957483776 -0.0495414079656047445788 -0.0139327008272182271964 -0.0106765117364548915019 0.999845934104250155805 3.08410886834277375712
27618 1509.987000 -0.380010916490845118698 0.000806749014863133995235 -0.049541289464084078964 -0.0139325569676320634716 -0.010677134715660801037 0.999845929456437465532 3.08410350518932485642
27619 1509.999000 -0.38000989551915248521 0.000813115114998125276813 -0.0495404589237282422243 -0.0139320974692901319858 -0.0106817797311359180545 0.999845886245416370919 3.08408774855686207417
27620 1510.007000 -0.380009411865325608115 0.000816696640937183970799 -0.0495400371259051702788 -0.0139318718610194937357 -0.0106841616796633318703 0.999845863938862766673 3.08407880964070324481
27621 1510.016000 -0.380008883828208132716 0.000820718678257332037718 -0.0495395526633821345341 -0.0139315646089335533342 -0.0106868155698033283352 0.999845839857587237454 3.08406877186088257403
27622 1510.025000 -0.380008344868436820363 0.000825182663612013256316 -0.0495390544164193633025 -0.0139312686466904409044 -0.0106896080770091540108 0.999845814129885490651 3.08405759373405219392
27623 1510.032000 -0.380007930236110236244 0.000828691309994508684689 -0.0495386609126537702519 -0.0139310158568413475916 -0.0106917759209739088311 0.999845794472753790494 3.08404879896787287308
27624 1510.038000 -0.380007571443175873327 0.000831526706072850327334 -0.0495383342266352763583 -0.013930833800014426338 -0.0106936051793087398554 0.999845777446654704335 3.08404170492811591231
27625 1510.044000 -0.380007217281006615117 0.000834354968316935140249 -0.0495380074613330084743 -0.0139306214378124675057 -0.0106953999347689388683 0.999845761208493666317 3.08403462817340257018
27626 1510.052000 -0.380006740945160070844 0.00083792392102073013499 -0.0495375839202178008813 -0.0139303728499399620544 -0.0106977511679506951531 0.999845739517956966225 3.08402571524462310038
27627 1510.062000 -0.380006141309680245399 0.000842448109496934938178 -0.049537054351369076699 -0.0139300806837124504373 -0.0107007250382005914685 0.99984571176547143434 3.08401440751287392317
27628 1510.071000 -0.380005609015434231424 0.000846896668857563712784 -0.0495365529868938558877 -0.0139297681161181241549 -0.0107034920416865086262 0.999845686502844666066 3.08400324921926394239
27629 1510.081000 -0.380005016115628646567 0.000851406802432882157949 -0.0495360228116291864686 -0.0139294416471829364534 -0.010706425304079192698 0.999845659645830386886 3.08399197589414431064
27630 1510.090000 -0.380004482264997445196 0.00085586826891700246156 -0.0495355249200342198646 -0.0139291435596092371546 -0.0107092051645160824674 0.999845634027793472853 3.08398078053155444422
27631 1510.100000 -0.380003883708453393808 0.000860387277994843074902 -0.0495349978470177171319 -0.0139288446884795764219 -0.0107121590939620852517 0.999845606547925869201 3.08396948198612941283
27632 1510.105000 -0.380003894089832483516 0.000862476255721052013914 -0.0495348795948664655242 -0.0139287015676579101903 -0.0107127846152412168484 0.999845601839817521572 3.08396405725813504972
27633 1510.118000 -0.380002824527052029957 0.0008690765741620537152 -0.0495340101728573012352 -0.0139282234349929704559 -0.0107176227331219117017 0.999845556651073663623 3.08394769630700471552
27634 1510.127000 -0.380002286632836083768 0.000873333501771950820869 -0.0495335302122269088843 -0.013927947744244261255 -0.0107203342026186421165 0.999845531422838273983 3.08393704158976467156
27635 1510.136000 -0.380001752163525385875 0.000877580000143447086502 -0.0495330462991105530124 -0.0139276649142256389591 -0.0107230447182896614089 0.999845506296851205263 3.08392641017907997991
27636 1510.146000 -0.380001163627987803562 0.000882289366020077604758 -0.0495325080336399964365 -0.0139273267742059652513 -0.0107260328832034148444 0.999845478955379896036 3.08391462116455228326
27637 1510.155000 -0.38000063205496281693 0.000886530648849562577518 -0.0495320248762898887596 -0.0139270457660398347399 -0.0107287463121405208383 0.999845453757129631889 3.0839040033425129117
27638 1510.164000 -0.380000106343916399521 0.000890758564367247554494 -0.0495315382925699959626 -0.0139267304125250818148 -0.0107314255854115709471 0.999845429396425178226 3.08389341465591426683
27639 1510.174000 -0.379999507397976443723 0.000895275731936300694924 -0.0495310181058591994518 -0.0139264627802703506304 -0.0107343973023784067244 0.999845401224101482107 3.08388213618682849315
27640 1510.183000 -0.379998982783042504874 0.00089971003936059092132 -0.0495305228443334369381 -0.0139261411124330675843 -0.0107371369418124487649 0.999845376287758491607 3.08387101972614274814
27641 1510.192000 -0.379998453828629789708 0.000903943166534453695915 -0.0495300408361148553071 -0.0139258612243073776754 -0.0107398420667724758815 0.999845351132634951874 3.08386042347843281064
27642 1510.202000 -0.379997863205481067883 0.000908649264480903412489 -0.0495295063633247947821 -0.013925552044043601127 -0.0107428430191791376286 0.999845323199610724885 3.08384864525050694795
27643 1510.211000 -0.379997339469259176603 0.000912871389525905449491 -0.0495290233973929572286 -0.0139252433983025388636 -0.0107455149193504354704 0.99984529878647532275 3.08383807723919023402
27644 1510.220000 -0.379996810756534464382 0.000917100487715775437858 -0.04952854322934522463 -0.0139249571651445750581 -0.0107482017895752807873 0.999845273893035568769 3.08382748742842638379
27645 1510.230000 -0.37999622291413459596 0.000921589021292120412487 -0.0495280187954535988659 -0.0139246655212357673542 -0.0107511476548458068808 0.99984524628275617264 3.08381627467470575965
27646 1510.237000 -0.379995816472414316145 0.000925293009028129581628 -0.0495276218735248019431 -0.0139244066212718883846 -0.0107533504946874854807 0.999845226199227221642 3.08380695838642049367
27647 1510.246000 -0.379995287041498375213 0.000929310541154260323637 -0.0495271539678566741216 -0.0139241406852506320602 -0.0107559747843438587023 0.999845201675047201562 3.08379691796804111803
27648 1510.256000 -0.379994704957206441698 0.000933998232856591767415 -0.0495266195315863869131 -0.0139238039296386180432 -0.010758936201881817013 0.999845174502498990066 3.08378517908076421605
27649 1510.265000 -0.379994178866467580136 0.00093822079043983860891 -0.0495261397199821401527 -0.0139235237086458175232 -0.0107616250044039584582 0.999845149468056026976 3.08377460251852264506
27650 1510.275000 -0.37999359134322097109 0.000942915485892089483277 -0.0495256075366899140011 -0.0139232143158434708979 -0.0107646081191427427093 0.999845121663928693145 3.08376284518876708773
27651 1510.284000 -0.379993070418133405131 0.000947128440363478527053 -0.049525125169320061147 -0.0139229149079870325595 -0.0107672825988772806471 0.999845097035486185533 3.08375229279857920872
27652 1510.293000 -0.379992545228321043638 0.000951345441460939127143 -0.0495246477516939898056 -0.013922619076986693723 -0.0107699406344930869589 0.999845072527122513684 3.08374173194869083403
27653 1510.303000 -0.379991960406453055388 0.000956033156455464265544 -0.0495241159313848655632 -0.0139223151635151747019 -0.0107729258127113522447 0.99984504459937273424 3.08372999102030576069
27654 1510.313000 -0.379991380335285067193 0.000960497978201421166722 -0.049523594671370407827 -0.0139219924673226295997 -0.0107758146385691904595 0.999845017962591509075 3.08371882938793007156
27655 1510.322000 -0.379990857975957330162 0.000964922712795573435385 -0.0495231050370029679542 -0.0139216988983566318516 -0.0107785572494289057233 0.999844992488037709322 3.08370772656093627972
27656 1510.329000 -0.379990452826064029068 0.00096840548169779307186 -0.0495227213503152824403 -0.0139214522855522250533 -0.0107806859445159670952 0.999844972971723700006 3.08369898662929342592
27657 1510.336000 -0.379990042595175769868 0.000971687661196935469066 -0.0495223509286271817986 -0.0139212485134710111517 -0.0107827788403384305926 0.999844953240404454853 3.08369076577704470665
27658 1510.341000 -0.379989757828663066164 0.000974224240493237400584 -0.0495220717180760716669 -0.0139210533558811362653 -0.0107843054689246379413 0.999844939492627315936 3.08368439594734766729
27659 1510.347000 -0.379989406751666369821 0.000976822371443876111274 -0.049521766008949537341 -0.0139208921357396840646 -0.0107860356795319179551 0.999844923073806013392 3.08367790841071487407
27660 1510.354000 -0.379989001155028205403 0.000980098647444554993413 -0.049521395321072220197 -0.0139206709971504763446 -0.0107881119764430301322 0.9998449037520633631 3.08366970453975230981
27661 1510.361000 -0.379988594088941644689 0.000983367474504250743683 -0.0495210249637830640657 -0.0139204519802971059955 -0.0107901836273645249792 0.999844884446558390678 3.08366151792101783613
27662 1510.367000 -0.37998825153637433294 0.000986368318783783712411 -0.0495206937127861748782 -0.0139202348614198348487 -0.0107920118799674762816 0.999844867737483267156 3.08365398468049667358
27663 1510.373000 -0.379987900924835475536 0.000989176508827860519191 -0.049520378625129007899 -0.0139200575928405279741 -0.0107937920460628635627 0.999844850989331512814 3.08364695198950267141
27664 1510.379000 -0.379987557454138646928 0.000991755549476219279426 -0.0495200704394297627764 -0.0139198672998076915241 -0.010795493196444348391 0.999844835272454268704 3.08364051317385134965
27665 1510.386000 -0.379987153663971177764 0.000995018714367639986462 -0.0495197009954330275017 -0.0139196371421672262375 -0.0107975496074708080668 0.999844816271157621479 3.08363234265410568469
27666 1510.393000 -0.379986745781351831219 0.000998290301926434142654 -0.0495193323219605338603 -0.0139194344886009700735 -0.0107996334013630169296 0.999844796586907280656 3.08362414838973641906
27667 1510.399000 -0.379986404707410685422 0.00100128593049569371287 -0.0495190013378210697192 -0.0139192162340588641845 -0.0108014586987172245963 0.999844779908066305651 3.08361662751745058131
27668 1510.405000 -0.37998605496750254007 0.00100408981205477639692 -0.0495186871576584475285 -0.0139190392413372950042 -0.0108032350166520439011 0.99984476318065163003 3.08360960515082016542
27669 1510.411000 -0.379985712347552850865 0.00100666414609292508009 -0.0495183797840690886893 -0.0139188494382643957598 -0.0108049317480493692334 0.999844747488446317085 3.08360317742675782426
27670 1510.418000 -0.379985309539657145628 0.00100992185016221796418 -0.0495180112763933533149 -0.0139186201245767825208 -0.0108069827456413261602 0.999844728514264424746 3.08359501966726279321
27671 1510.425000 -0.379984902658515533158 0.00101318798741577547479 -0.0495176434968074008491 -0.0139184183563074281159 -0.0108090609587607449499 0.999844708858154906927 3.08358683796230303997
27672 1510.432000 -0.379984508829338096803 0.00101642455208082911622 -0.0495172696108843249374 -0.0139181581592071300368 -0.0108110896130537235266 0.999844690546903946959 3.08357872513975284079
27673 1510.437437 -0.379984217633587251228 0.00101896576110525709236 -0.049516996682079983394 -0.0139180019856633731268 -0.0108126352197060945914 0.999844676007395016804 3.08357234846365102499
27674 1510.443000 -0.379983872647115417109 0.00102175472626302860091 -0.0495166808771313193827 -0.0139178132717684525932 -0.0108143996007993483527 0.999844659552175718531 3.08356536373955902874
27675 1510.450000 -0.379983465228091010779 0.00102481046952696344676 -0.0495163271974133623043 -0.0139176289824276284285 -0.010816410194356943994 0.999844640368700021682 3.08355772745099043775
27676 1510.454000 -0.379983471868246769354 0.00102627974503931469752 -0.0495162441363850222564 -0.0139175286955325449439 -0.0108168527599972735115 0.999844636976854217458 3.08355391277439983
27677 1510.460000 -0.37998307101113476536 0.00102931861009006222346 -0.0495158876249739837716 -0.013917317817098623367 -0.0108188409560998396314 0.999844618400851592455 3.08354631947819202153
27678 1510.466000 -0.379982729544511677044 0.00103209628458746267843 -0.0495155702445950890445 -0.0139171100487216724273 -0.0108205854931629711496 0.999844602414533767387 3.08353936321269550547
27679 1510.473000 -0.379982384187008248588 0.00103509712697254577241 -0.0495152440225016671205 -0.0139169218969324489515 -0.0108224239794222978905 0.99984458513517204814 3.0835318258054247309
27680 1510.482000 -0.379981866992299410768 0.00103927463106465861609 -0.0495147716482692151763 -0.0139166406014274244424 -0.0108250644483927592476 0.999844560466305209978 3.08352136144467880996
27681 1510.492000 -0.379981356861689656412 0.00104365021885418924469 -0.0495142861741665052389 -0.0139163214881330380562 -0.010827745151691769987 0.999844535881038276592 3.08351038227745677389
27682 1510.501000 -0.379980841975648409026 0.00104782079412107150679 -0.0495138129480730271315 -0.013916043748617485179 -0.0108303900498346802883 0.999844511100478450238 3.08349993412829759265
27683 1510.511000 -0.379980266716735459731 0.00105246099681659092961 -0.0495132904119461036974 -0.0139157404359055922316 -0.010833323094615543436 0.999844483546740381286 3.08348831053023086923
27684 1510.521000 -0.379979758057276351124 0.00105682574588524327841 -0.049512804791096862167 -0.0139154207428698519639 -0.0108359990640933944589 0.99984445899841445371 3.08347735974817949156
27685 1510.530000 -0.379979184409296288916 0.0010612461112927389778 -0.0495122935047402970565 -0.0139151352744314310561 -0.0108388734308392312156 0.999844431815792189511 3.08346630571712454483
27686 1510.538000 -0.37997872854782116514 0.00106494426599111711301 -0.0495118746661469683046 -0.0139148827646372961336 -0.0108412086531533714134 0.999844410012170281554 3.08345704228807049319
27687 1510.547000 -0.379978214342022557748 0.00106910807388001585783 -0.0495114049502007533277 -0.0139146037903632880522 -0.0108438355633505862513 0.999844385407865354765 3.08344661148207155321
27688 1510.557000 -0.379977649409371953659 0.00107371609323279534887 -0.0495108800187221559375 -0.0139142754321050048094 -0.0108467427271136656469 0.999844358443558456351 3.08343506926767974008
27689 1510.566000 -0.379977135832104684354 0.00107787244906435743241 -0.0495104106637531821145 -0.0139139996348336594106 -0.0108493705738048461934 0.999844333770169457765 3.08342465883024852147
27690 1510.576000 -0.379976570342562769422 0.00108248013828452296914 -0.0495098884137948613837 -0.013913669381112190454 -0.0108522645101593543521 0.999844306959515982669 3.08341311749785562668
27691 1510.585000 -0.379976059577574132309 0.00108662799772681929744 -0.0495094180576198528154 -0.0139133931729365934588 -0.0108548922980365829261 0.999844282277802198777 3.0834027262924208479
27692 1510.595000 -0.379975488881413359099 0.00109124276324746704442 -0.0495088987285365322855 -0.0139130914198532101844 -0.0108578061371026653864 0.999844254838238133409 3.0833911662535715692
27693 1510.604000 -0.379974983284970646569 0.00109537574164795138004 -0.0495084284876149555155 -0.0139127882255744225737 -0.0108604013542637767298 0.999844230871096528723 3.08338081463682778249
27694 1510.616000 -0.379974013283381262251 0.00110131008840719159941 -0.0495076495175356262601 -0.0139123899781626834959 -0.010864775936220602906 0.999844188885923967902 3.08336612000864196403
27695 1510.626000 -0.379973444559174533541 0.00110591087737430329718 -0.0495071304753331303816 -0.0139120875021167354074 -0.0108676820254565275475 0.999844161511546203336 3.08335459528286026654
27696 1510.635313 -0.379972940588968910447 0.00111003701640377452214 -0.049506661420156188036 -0.0139117849856603432307 -0.0108702688406383304182 0.999844137600378823905 3.08334425928187405574
27697 1510.645000 -0.379972374177394378592 0.0011146302857321706975 -0.0495061427427177791483 -0.0139114872758389265112 -0.0108731781453260227532 0.999844110108567885042 3.08333275169487253109
27698 1510.655000 -0.379971813028259441936 0.00111921227090195155029 -0.0495056230547750580895 -0.0139111579055962043122 -0.0108760522614190884017 0.999844083431477903545 3.08332127343069473113
27699 1510.664000 -0.379971305945964843431 0.00112333813579253236764 -0.0495051565653328584649 -0.0139108845613271844832 -0.0108786619340320925287 0.999844058843801120062 3.08331093579234094548
27700 1510.674000 -0.379970739651463829123 0.00112792380006961068251 -0.0495046392366798176932 -0.0139105828346852804234 -0.0108815565837821950218 0.999844031542676758839 3.083299448298118417
27701 1510.682000 -0.37997029080858346628 0.00113179668698394544218 -0.0495042134268008429676 -0.0139103187492754295368 -0.010883925913212983555 0.999844009427975355386 3.08328972586428795566
27702 1510.689000 -0.379969899415257661435 0.0011349931575999139613 -0.0495038498135184634741 -0.0139100946689460075456 -0.0108859419265582395286 0.999843990597869436421 3.08328171885767421401
27703 1510.698000 -0.379969391665610445319 0.00113890250663158196925 -0.049503396655116840841 -0.0139098317092012264962 -0.0108884734998752827351 0.999843966690135199649 3.08327194365508283624
27704 1510.708000 -0.379968834647083752998 0.00114346569674157304969 -0.0495028785020112382931 -0.0139095074989332850857 -0.0108913429530075704654 0.999843939947538618007 3.0832605108277193473
27705 1510.718000 -0.379968270672494445872 0.00114803692057882742589 -0.0495023627175413538648 -0.0139092063605389150427 -0.0108942272873606554873 0.999843912713495042155 3.08324905937217064178
27706 1510.727500 -0.379967771005668863982 0.00115213624312299981606 -0.0495018965873906119368 -0.0139089050156979213146 -0.0108967945781209482603 0.999843888929260127263 3.08323878999970801829
27707 1510.736000 -0.379967268293809612434 0.00115644802414048911143 -0.0495014199349096406522 -0.013908617470618269904 -0.0108994518924461439996 0.9998438639650194526 3.08322796765058715351
27708 1510.745000 -0.379966763287691577933 0.00116055210953828254888 -0.0495009565959493302856 -0.0139083444276899073633 -0.0109020404874266320372 0.999843839541201151455 3.08321768642132942873
