8117 819.181000 -0.369327477290715633362 -0.0151315816019634598322 -0.0492444977303585634809 -0.0107603301630796038824 -0.0109029406438856599215 0.99988266370614564682 3.07896085760328208636
8118 819.185000 -0.369324007017934330399 -0.0151328494309513235383 -0.0492462558844645181821 -0.0107731292037026062103 -0.0108992007849083704513 0.999882566659410443322 3.07896235251448757708
8119 819.190000 -0.369321614580548907014 -0.0151339462064123703861 -0.0492447477217338655531 -0.0107782313932209446172 -0.010899124543443034982 0.999882512504454701308 3.07896522403238703802
8120 819.194000 -0.369319950078020597939 -0.0151345270086736607973 -0.0492427071567065333113 -0.0107801548958565366482 -0.0108998187862494495814 0.999882484200442567257 3.07896716976026540991
8121 819.199000 -0.369318205728367876528 -0.0151348950771839317608 -0.0492392613305734569429 -0.0107800359895529641874 -0.0109015741889292600703 0.99988246634505351107 3.07896917079763987601
8122 819.204000 -0.369317257357711925536 -0.0151351465945351992132 -0.0492345296637809043405 -0.0107762186104038946988 -0.0109040830725334811357 0.999882480136944917781 3.07897125395754889254
8123 819.209000 -0.369316188162574110532 -0.0151348224438408590631 -0.0492297998951863255424 -0.0107719735779856790742 -0.0109071904906244514233 0.99988249198635159587 3.07897226569260595852
8124 819.215000 -0.36931562225484476647 -0.0151343550409534493423 -0.049223407370842894859 -0.0107643645121138862436 -0.0109110796882849123146 0.999882531498918702972 3.07897338458958280683
8125 819.222000 -0.369315280641907550674 -0.0151332956908475056712 -0.0492160113422637907066 -0.010754474010438238793 -0.0109160702601731728761 0.999882583456094597985 3.07897370214354770823
8126 819.230000 -0.369315258560154013878 -0.0151314722579395793955 -0.0492080683382239356116 -0.0107427164721779419554 -0.0109222926929540189306 0.9998826418961017648 3.078972853621887662
8127 819.237000 -0.369315427268760765322 -0.0151284269258042877726 -0.0492015108961112862529 -0.0107316807735630750931 -0.0109304248992800785711 0.999882671536663547585 3.07896984596323664007
8128 819.244000 -0.369315894339161066018 -0.0151255230328741982482 -0.0491959439224706751581 -0.0107217661034448019652 -0.0109375786553427209458 0.999882699672707375704 3.07896658737849415743
8129 819.251000 -0.3693164461979193125 -0.0151223599300868115358 -0.0491914648219870243029 -0.0107130550727408679901 -0.0109447601037264974355 0.999882714460691213176 3.0789625130075006787
8130 819.258000 -0.36931698714031013786 -0.0151190390817108853694 -0.049188168554969359525 -0.0107057530220214369016 -0.0109518610326476868722 0.999882714918181259023 3.07895774193666760254
8131 819.266000 -0.369317415607071708461 -0.0151157875219771961617 -0.0491862520603111863515 -0.0107001602869848857352 -0.0109585067713743253281 0.999882701970173259909 3.07895265771226167573
8132 819.274000 -0.369317768922681477495 -0.0151119424280415030198 -0.0491852907548231133017 -0.0106951699906540145801 -0.0109662858036588869298 0.999882670074116020054 3.0789460941458468568
8133 819.283000 -0.36931787488804235231 -0.0151083502944901783283 -0.0491858943758576722116 -0.0106920708678499825489 -0.0109735988447039675697 0.999882622985794333736 3.07893951530335030498
8134 819.292000 -0.369317852570617111141 -0.0151044295544837253731 -0.0491870107735117231829 -0.010688963141995348749 -0.0109816652625738687271 0.999882567652326859076 3.07893177925330041589
8135 819.300000 -0.369317720283697470407 -0.0151007565164692405396 -0.0491880894570231250174 -0.0106858077259000226744 -0.0109891834019873648604 0.999882518779782736296 3.07892398396170285935
8136 819.309000 -0.36931738694912769061 -0.0150976121789770344195 -0.0491897040630580109632 -0.0106836982378421489065 -0.0109958537633695722924 0.999882467989101852979 3.07891698140485825519
8137 819.317000 -0.369317029487073011929 -0.015095185750722831669 -0.0491908662652956879535 -0.0106819899590980382093 -0.011001042646149199189 0.999882429164154928891 3.07891136228662842811
8138 819.326000 -0.369316607516375683407 -0.0150928734154461667571 -0.0491916274694701172177 -0.0106802135573363220916 -0.0110059429481869155976 0.999882394213534975158 3.07890587225862777387
8139 819.326000 -0.369316421777610037758 -0.015090337030034506674 -0.0491906744286294550506 -0.0106774277301512985489 -0.0110090980207013331565 0.999882389232772617049 3.07889932211062777867
8140 819.343000 -0.3693158849626781981 -0.0150896389122737346888 -0.0491911210432070117315 -0.0106774754673256231513 -0.0110123552807059443132 0.999882352853982747654 3.0788982270249869444
8141 819.343000 -0.369315551168108546776 -0.0150877325404989801744 -0.0491907628160929005778 -0.0106776205615061008103 -0.01101393679713108531 0.999882333885029450649 3.0788934788013144761
8142 819.359000 -0.369315326835139179362 -0.0150875408594224550557 -0.049188606214387767257 -0.0106764421166464004015 -0.0110154112972244248858 0.999882330225753568342 3.0788939129086432267
8143 819.367000 -0.369315171456639501635 -0.0150870989915049685814 -0.0491869401067010908468 -0.0106762407016722082193 -0.0110159430225162235234 0.999882326518378272695 3.07889350604590594784
8144 819.375000 -0.369314981252111929066 -0.0150866163736755841407 -0.0491852099216482790967 -0.0106768079119428250384 -0.0110161977925952656032 0.999882317654935848239 3.07889327984384353343
8145 819.383000 -0.36931478249627847088 -0.0150862465739469639447 -0.0491835903773434335307 -0.0106779265770210705921 -0.0110162229836885377371 0.999882305431589069045 3.07889356136993175284
8146 819.392000 -0.369314571332183538832 -0.0150860594379355651695 -0.0491820497676769274875 -0.010679347991274394658 -0.0110161102177043137423 0.999882291493430108709 3.07889450935005148935
8147 819.400000 -0.369314226518718424774 -0.0150856717501482162636 -0.0491811500600250056658 -0.0106820628263578978889 -0.0110161009966097851731 0.999882262595254811544 3.07889528932667611016
8148 819.408000 -0.369313858780188242203 -0.015085441352992176936 -0.0491806693689859353302 -0.0106847096330372620665 -0.0110161674565808550413 0.999882233582848556352 3.07889637386742842651
8149 819.416000 -0.369313416216229317701 -0.0150852411610533209546 -0.0491806650690064656173 -0.0106876555515930185547 -0.0110164052433118896807 0.999882199478681399363 3.07889761855738575136
8150 819.424000 -0.369312874957957504307 -0.0150850029116566392018 -0.0491811174333647641022 -0.0106908124637421081404 -0.0110168552805722953086 0.999882160771254246967 3.07889868101174180026
8151 819.433000 -0.369312153103156848299 -0.0150846890426428598131 -0.0491821014714121096389 -0.0106943854123637913794 -0.0110175601939284870112 0.999882114795551779629 3.07889961186733485121
8152 819.441000 -0.369311437406442066855 -0.0150843960949560412094 -0.0491832845887473224522 -0.0106973887944470068267 -0.0110183538708424760832 0.999882073922198966187 3.07890022888668379863
8153 819.449000 -0.369310669626508381036 -0.0150840902897063661864 -0.0491846361856729599737 -0.0107000705425139008842 -0.0110192835189497351234 0.999882034982684575475 3.07890061835539263768
8154 819.457000 -0.369309871161417335728 -0.0150837577894259288608 -0.0491860367683176896714 -0.010702317357465129799 -0.0110203400229976020835 0.999881999292395184931 3.07890073628564131525
8155 819.465000 -0.369309074132740222662 -0.0150834182890752545314 -0.0491873646346273896146 -0.0107039954059748362164 -0.0110214504717536469075 0.999881969090276045975 3.0789006210097200622
8156 819.474000 -0.369308220567990119765 -0.0150830471957808902317 -0.0491886318422101315173 -0.010705105846377243814 -0.0110227364440965928255 0.999881943026326380775 3.07890029831222422629
8157 819.482000 -0.369307529553889568597 -0.0150827200115282132609 -0.0491894625037144345159 -0.0107053699708807587704 -0.011023892407027004528 0.999881927454429386692 3.07889985306382962804
8158 819.490000 -0.369306933938396364514 -0.0150824251757079620673 -0.0491899534988279596437 -0.0107049433764825271953 -0.0110250200969677566998 0.999881919588092027418 3.0788993999700307036
8159 819.499000 -0.369306439118817775302 -0.0150822153465748239054 -0.0491900598492741453205 -0.0107039191581433778405 -0.0110261497052450020001 0.999881918096998667522 3.07889912740052773543
8160 819.507000 -0.369306029094667975787 -0.0150818285793394256389 -0.0491897979406981863959 -0.0107021960809306950629 -0.0110274267626366741929 0.999881922457867000631 3.07889842762739052162
8161 819.514000 -0.369305779946965284655 -0.0150814826094504920301 -0.0491892823145827218223 -0.0107003677849884671486 -0.011028568291294971529 0.999881929435025962327 3.07889787516036728121
8162 819.515000 -0.369305593223948125381 -0.0150806087384745893254 -0.0491891220390986982913 -0.0106991413551761616052 -0.0110298770677981165106 0.999881928122581475904 3.07889604179169662501
8163 819.530000 -0.369305639260225249121 -0.0150811293998321573756 -0.0491874356585279698395 -0.0106961529773138414035 -0.0110306060722946339125 0.999881952052922962082 3.0788979583747302371
8164 819.530000 -0.369305607229831356353 -0.0150803028785508105164 -0.0491871089476032669063 -0.0106951109759192749399 -0.011031895619453956775 0.999881948972104472873 3.07889654490744790749
8165 819.545000 -0.369305791791929460821 -0.0150806317326353158531 -0.049185206427389126238 -0.010692193445454712189 -0.0110328138435705179476 0.999881970043473788934 3.07889836931242211193
8166 819.553000 -0.369305921331259556784 -0.015080512296293136637 -0.049184120187903787591 -0.0106906798597319590421 -0.0110337781450627493013 0.999881975587110116699 3.07889902939549386929
8167 819.560000 -0.369306064777172537994 -0.0150802306015076562073 -0.0491831588367524288885 -0.0106895495838200457056 -0.0110348701955252145174 0.999881975619854368453 3.07889954077403871224
8168 819.568000 -0.369306183627366668709 -0.015080102559494093159 -0.0491823338603212187325 -0.0106888245368587046086 -0.0110358156204836965752 0.999881972936611740366 3.07890041349513499114
8169 819.575000 -0.369306281113860268572 -0.0150798127424504133792 -0.049181684887922662297 -0.0106885736320583898257 -0.0110368539751530044674 0.999881964157791514047 3.07890111148110401373
8170 819.575000 -0.369306322803035047553 -0.0150791244024873205554 -0.0491813876026422902576 -0.010688912571490035916 -0.0110378226025816539302 0.999881949842196582345 3.07890058300565616634
8171 819.582437 -0.369306322971318712334 -0.0150789167094709450345 -0.0491810265725032835782 -0.0106892679628841566486 -0.0110386493033823168686 0.99988193691654136952 3.07890137568289512515
8172 819.597000 -0.36930622867654139263 -0.015079252938428325953 -0.0491809928833383466773 -0.0106901324378957350569 -0.0110393351812939546214 0.999881920102176580123 3.07890364391833948332
8173 819.604000 -0.369306073458616879179 -0.0150789308360403471326 -0.049181099072912098924 -0.0106913997931907464589 -0.01104017005700603897 0.999881897333667390981 3.07890426237277781141
8174 819.611000 -0.369305867225059814007 -0.0150787008358869260849 -0.049181363713951244121 -0.0106927482901892131201 -0.0110408113540498408617 0.999881875832663968851 3.07890487181251071291
8175 819.619000 -0.369305563799447678086 -0.0150784470494999683909 -0.0491817960428754530344 -0.0106944310424957386013 -0.0110414473556256602371 0.999881850812869732437 3.07890548687586429466
8176 819.627000 -0.369305232703904029457 -0.0150782729384251433513 -0.049182300098765563412 -0.0106960371292513008873 -0.011041939449774473489 0.999881828199171263094 3.07890606121724452748
8177 819.634000 -0.369304829097187259368 -0.0150779436362335761412 -0.0491828201271229531466 -0.0106976935505288198863 -0.0110424565092106935493 0.999881804768414150786 3.0789062371555933062
8178 819.641000 -0.369304446008001552304 -0.0150777269917464068483 -0.0491833173990615518667 -0.0106990790414130450964 -0.0110428280421682734058 0.99988178584095466217 3.0789064915773511899
8179 819.641000 -0.369304084009553945656 -0.0150770703203099327994 -0.0491835773011261856436 -0.0107000703800246132341 -0.0110433477116083124392 0.999881769493365268886 3.07890548114039042105
8180 819.656000 -0.369303575468820144412 -0.0150772327564988699311 -0.0491842635763680702254 -0.0107015685020215006035 -0.0110435579363149342924 0.999881751138455232564 3.07890665555004350296
8181 819.663000 -0.369303177090772427604 -0.0150770074805570922921 -0.0491845992859883951454 -0.0107024114589340697823 -0.0110438844028728777591 0.999881738510239981288 3.07890664236389710595
8182 819.670000 -0.369302796978002834116 -0.0150767828125582935977 -0.0491848468734403937441 -0.0107030397649099662249 -0.0110442375972752918761 0.999881727883696225234 3.07890659418283529902
8183 819.678000 -0.369302388188534946867 -0.015076508725162758584 -0.0491850194693387102185 -0.0107034909216155629114 -0.0110446604326821552766 0.999881718383738404832 3.0789064635771747902
8184 819.685000 -0.369302075111277050556 -0.0150762922222296060631 -0.0491850628262726907725 -0.0107036293277041616445 -0.0110450547664143125526 0.999881712546250134288 3.07890640910904256344
8185 819.693000 -0.369301791230695786172 -0.0150761052318363862612 -0.0491849886810219460997 -0.0107035657534480816572 -0.0110454940765643428585 0.999881708373928757005 3.0789064515034048064
8186 819.702000 -0.369301520808001271234 -0.0150758938651195002756 -0.0491847956061017554941 -0.0107032662861294512041 -0.0110460505268627096759 0.999881705432480893947 3.07890654119243389886
8187 819.710000 -0.369301262188863999025 -0.0150755328593374145901 -0.0491845600322145665162 -0.0107028643161831242547 -0.0110468062758022674691 0.999881701385986199071 3.07890639514454722558
8188 819.718000 -0.369301075579876625365 -0.0150752354075486851015 -0.0491842547218099002126 -0.0107023989691319067891 -0.0110475726798963218289 0.999881697899400401219 3.07890640194601017399
8189 819.726000 -0.369300786332637798193 -0.0150742504781084928761 -0.0491838296835324234602 -0.0107017552145075179465 -0.0110493359845214734333 0.999881685305631484617 3.07890559181154221946
8190 819.733000 -0.369300804749978450747 -0.0150745780036192246476 -0.0491835890843467515854 -0.0107014289577905645501 -0.011049267515888385599 0.999881689554130925757 3.07890647593609889654
8191 819.740000 -0.369300720814829119831 -0.0150743091173167441388 -0.0491832769495826743755 -0.010701024657637907625 -0.0110500576096243929153 0.999881685149848209448 3.07890665084488368564
8192 819.747000 -0.369300636488355094045 -0.0150740084062866916415 -0.04918298768815625166 -0.0107007220187798329086 -0.0110508899902758018358 0.999881679189442706956 3.07890679191412930393
8193 819.754000 -0.369300561785166459039 -0.0150737157309299187047 -0.0491827233929246626642 -0.0107004762493508182031 -0.0110517034537126121463 0.999881672828744405557 3.07890698821088326653
8194 819.762000 -0.369300468698609829499 -0.0150733599207531262371 -0.0491824636608182153008 -0.0107003561372611844665 -0.0110526823887598102392 0.999881663293486377952 3.07890719157016112817
8195 819.769000 -0.36930037706147411658 -0.0150730355570005310206 -0.0491822833404138085034 -0.0107003611112621646595 -0.0110535101737433780894 0.999881654089586402456 3.0789073502073178723
8196 819.777000 -0.36930025474227995419 -0.0150726455172152280781 -0.049182132245182148822 -0.0107005073486601525595 -0.0110544390984472929579 0.99988164225507225602 3.0789074898420971671
8197 819.784000 -0.369300135858533939981 -0.0150723092615315176768 -0.0491820436124201509909 -0.0107007179239505829244 -0.0110551913093437509383 0.99988163168498389588 3.07890761093418641181
8198 819.791000 -0.369299853614491357945 -0.0150713298572355096361 -0.0491819595707744458557 -0.0107014182564818972204 -0.0110567179718768261731 0.999881607309080377988 3.07890697129827950462
8199 819.798000 -0.369299684183878595967 -0.0150709731067304453234 -0.0491819653881104407178 -0.0107018542914703897184 -0.01105739878632410432 0.999881595113543575337 3.07890697339753938166
8200 819.806000 -0.369299476073077115323 -0.0150705674733725026454 -0.0491820047353361197717 -0.0107023984149466899751 -0.0110581231152942372625 0.999881581279170705834 3.07890694656097929638
8201 819.813000 -0.369299269801760809973 -0.0150701925376161699477 -0.0491820636193098167932 -0.0107029285809125684903 -0.0110587359883015882295 0.999881568826094913049 3.07890683413071242214
8202 819.820000 -0.369299061110128612473 -0.0150698271665878954367 -0.0491821318066286705672 -0.0107034331800560100767 -0.011059289237766396774 0.999881557305521750934 3.07890670944790434405
8203 819.827000 -0.369298844372997259189 -0.0150694602191885629328 -0.0491822011583973456306 -0.0107039491126437284751 -0.0110598496192807552174 0.999881545584172082286 3.07890654522527951187
8204 819.834000 -0.369298834941326203918 -0.0150696932086478128932 -0.049182200067216526318 -0.0107039503957936620038 -0.0110597658687034538366 0.99988154649681071362 3.07890716146125509312
8205 819.840000 -0.369298611171818502719 -0.0150692770513320018627 -0.0491822616876835122524 -0.010704434879739176123 -0.011060311083790339004 0.999881535279372513081 3.0789068433922692769
8206 819.848000 -0.369298151059072987668 -0.0150683135646948462849 -0.049182394965822995303 -0.010705366195584323924 -0.011061443436563114448 0.999881512782248793592 3.07890581784561279122
8207 819.855000 -0.36929792818271467425 -0.0150679365966075624883 -0.049182431445909252643 -0.0107057255630269524543 -0.0110619431362628545951 0.999881503406388150168 3.07890555604564486458
8208 819.862000 -0.369297927183558305497 -0.0150681521945725104689 -0.0491823724167584075406 -0.0107056482245540922349 -0.0110618629184142721472 0.999881505121915092893 3.0789061244383622018
8209 819.869000 -0.369297486181973388941 -0.0150671603715295532311 -0.0491824531777865503468 -0.0107063615384350059589 -0.0110630392050572266133 0.999881484470112380514 3.07890496857836026834
8210 819.876000 -0.369297488829073206063 -0.0150673611615780682349 -0.0491823712620597236489 -0.0107062527397497643522 -0.0110629673764666199703 0.999881486429816779271 3.07890549881899922013
8211 819.883000 -0.369297089550733037555 -0.0150663992619695027986 -0.0491823954144674294064 -0.0107067517591542000349 -0.0110641476742579167314 0.999881468026590725096 3.0789044355991466162
8212 819.891000 -0.369296867807180906329 -0.0150659159602982428705 -0.0491823501819189379258 -0.0107069689293748382397 -0.0110648666537606545773 0.999881457745006918536 3.07890403060406780966
8213 819.898000 -0.36929668560895217988 -0.015065547514600003548 -0.0491822690185165500854 -0.0107070775509477550402 -0.0110654852898623319579 0.999881449735726235417 3.07890383711906867603
8214 819.905000 -0.369296691548300526353 -0.0150657333037810398091 -0.0491821665062660631773 -0.0107069387887598083814 -0.0110654434718549504052 0.999881451684420996529 3.07890433779639982603
8215 819.912000 -0.369296508808842349758 -0.0150653107485635082141 -0.0491820952745398581873 -0.0107070718885500411333 -0.0110661082397773002928 0.999881442902106787329 3.07890402640353588737
8216 819.919000 -0.369296343752963274198 -0.0150649072052915396214 -0.0491820112164183947945 -0.0107071468792672274545 -0.0110667548885834427647 0.999881434942134439403 3.07890377115921909379
8217 819.925500 -0.369296035673170819358 -0.0150639583493082374055 -0.0491819403006015232194 -0.010707463203086917472 -0.0110680823726642067056 0.9998814168611928066 3.07890279800318644732
8218 819.933000 -0.369296041721427215077 -0.0150641428407737136552 -0.049181837190068841692 -0.0107073229207177763461 -0.0110680502963763048585 0.999881418718494008324 3.07890329914511529097
8219 819.940000 -0.369295704281426551141 -0.0150630455655473855653 -0.0491817426991983039364 -0.0107076763576854829679 -0.0110695902239000918549 0.999881397886416167786 3.07890221256798923832
8220 819.947000 -0.369295708584671089625 -0.0150631955477389806175 -0.0491816634881703518278 -0.0107075685665115605261 -0.0110695642445631011602 0.999881399328354847356 3.07890262006767700953
8221 819.952000 -0.369295559351706548235 -0.0150627229746212436962 -0.0491816000701089661717 -0.0107077096268897564019 -0.011070269408967358879 0.999881390010714854455 3.07890222805936453199
8222 819.957000 -0.369295425890410089487 -0.0150623179255893295536 -0.0491815429695243166996 -0.0107078516510955915053 -0.0110708849052080331166 0.999881381675063352077 3.0789018981071434311
8223 819.962000 -0.369295228361848748566 -0.0150616649430189725872 -0.0491814845354308222136 -0.0107080983690988219142 -0.0110717953038003361771 0.999881368952371563097 3.07890127473172592332
8224 819.967000 -0.369295230555832298958 -0.0150617608101564041945 -0.0491814381690447513518 -0.0107080355497402822385 -0.0110717747639438573309 0.999881369852564927392 3.07890153359732465788
8225 819.971000 -0.369295024396538995592 -0.015061076596468526978 -0.0491813968594790179578 -0.010708339166563005454 -0.0110727001718976536537 0.999881356353441108631 3.07890082821534161184
8226 819.976000 -0.369294915224594344494 -0.0150607540422772641364 -0.0491813504376480831182 -0.0107084695974606416979 -0.0110731843809707582171 0.999881349594313184603 3.07890058184350312587
8227 819.981000 -0.369294805028515638057 -0.0150604114466763687463 -0.0491813182575133039931 -0.0107086027850555234181 -0.0110736426611849746865 0.999881343092571372999 3.07890027238786689878
8228 819.985000 -0.369294702643144567844 -0.0150601473343688670864 -0.0491812832574042985145 -0.0107087558819390984977 -0.0110740602524678783541 0.999881336828018607576 3.07890006850222341939
8229 819.993000 -0.369294515033334935783 -0.0150595912418049950737 -0.0491812381027723205529 -0.0107090272004506034675 -0.0110748185238907660005 0.999881325523725772442 3.07889955065016174274
8230 820.000000 -0.369294344729001855487 -0.0150591272149809985575 -0.0491811889542081714932 -0.0107092620388118502095 -0.0110754720561106728 0.999881315769685863337 3.07889914974043055196
8231 820.007000 -0.369294179697891911118 -0.0150586545494901836995 -0.049181148961994651525 -0.0107094952718800682373 -0.0110761107002938074401 0.999881306197278885151 3.07889871714303442474
8232 820.014000 -0.369294008698573206217 -0.0150581735258657600091 -0.0491811103779483116405 -0.0107097464440530816543 -0.0110767611599285331625 0.999881296301370903201 3.07889825825478924415
8233 820.021000 -0.369293834071086846116 -0.0150576846934575795528 -0.0491810777926651176983 -0.0107100022108114183855 -0.0110773993535119314596 0.999881286491655196791 3.07889776888218058559
8234 820.029000 -0.369293630237476799838 -0.0150571184745152512885 -0.0491810432906957389898 -0.0107103018588789369175 -0.0110781306122852696294 0.999881275180322992568 3.07889718817174973253
8235 820.035000 -0.369293475256195879997 -0.0150566872898960715799 -0.0491810205370979899864 -0.0107105276141839633047 -0.0110786712164051854429 0.999881266772362553574 3.07889672433445182875
8236 820.042000 -0.369293303120552307561 -0.015056197019359576772 -0.0491809876155209768633 -0.0107107634758411233294 -0.0110792940018712635086 0.999881257345183183105 3.07889621744968611239
8237 820.049000 -0.369293122938095741414 -0.0150556923338644663146 -0.0491809560902038978014 -0.0107110186104864869849 -0.0110799383995299309535 0.999881247471612555344 3.07889567616265802386
8238 820.056500 -0.369292950766548999653 -0.0150551960763170514929 -0.0491809213920636686956 -0.0107112351728596340988 -0.0110805547128926297484 0.99988123832199515828 3.07889515233389854387
8239 820.064000 -0.369292751368319571714 -0.0150546220895344407681 -0.0491808768340172147715 -0.0107115075500741670916 -0.0110813085406916162629 0.999881227050008480894 3.07889453841961335812
8240 820.071000 -0.369292576708037889599 -0.0150541138837289572433 -0.0491808391210040302122 -0.010711732579983996444 -0.0110819556450273293963 0.999881217467463168092 3.07889398629667310203
8241 820.079000 -0.369292583476552638277 -0.0150541962533891175713 -0.0491807625363848144318 -0.0107116285230284616348 -0.0110819409171058411157 0.999881218745454103392 3.07889420949920733506
8242 820.086000 -0.369292206328721173136 -0.0150530145690611228543 -0.0491807543333422914067 -0.0107121860923113307318 -0.0110833392132537802977 0.999881197273459920716 3.07889278733174132086
8243 820.086000 -0.369292206328721173136 -0.0150530145690611228543 -0.0491807543333422914067 -0.0107121860923113307318 -0.0110833392132537802977 0.999881197273459920716 3.07889278733174132086
8244 820.100000 -0.369291863219015303876 -0.0150519725201281977245 -0.0491806646748711440154 -0.0107126149946854768574 -0.0110846861690173416337 0.999881177746891003366 3.0788916353685245042
8245 820.106500 -0.369291725687571459336 -0.0150515348608858175877 -0.0491806218163495789675 -0.0107127604909128086585 -0.0110852375929561611234 0.999881170074810365911 3.07889116992155820185
8246 820.114000 -0.369291733590433823853 -0.0150515991591632022906 -0.0491805423055593216031 -0.0107126523187156316025 -0.0110852284279262403716 0.999881171335373797326 3.07889134489651183912
8247 820.122000 -0.369291345970849949065 -0.0150503248525384065309 -0.0491805152380441479298 -0.0107132329058682376766 -0.0110868016539682010674 0.999881147671957126732 3.07888982257562560108
8248 820.129000 -0.369291183317096372019 -0.0150498013867644622743 -0.0491804541589400401325 -0.0107134127224345378215 -0.0110874768988386378232 0.999881138257871504571 3.07888924979950573402
8249 820.137000 -0.369290998867893016655 -0.0150491910965829082947 -0.0491803972505568190443 -0.0107136277665347227211 -0.0110882371620128136747 0.99988112752302671371 3.07888855723476329018
8250 820.144000 -0.369290833554555220086 -0.0150486478555569517385 -0.049180346340651950876 -0.010713831689429352198 -0.0110889213773947940822 0.999881117750113457276 3.07888793332753962773
8251 820.151000 -0.369290676420630237242 -0.0150481127078492000343 -0.049180293670852415211 -0.0107140037272803467783 -0.0110895746349805104924 0.99988110866169832569 3.07888732570843792757
8252 820.159000 -0.369290493498425520524 -0.0150474931804296923471 -0.0491802311959444390932 -0.0107142348649668338323 -0.0110903652143055433954 0.999881097416423725299 3.07888661024713661263
8253 820.166000 -0.369290332125034814759 -0.0150469440349112974081 -0.0491801805602521541205 -0.0107144327677399630455 -0.0110910386488255394144 0.999881087826025249932 3.07888596238568412744
8254 820.174000 -0.36929014391007664031 -0.0150463044171422061224 -0.0491801341828238258724 -0.0107146815728846184212 -0.0110918122976888990777 0.999881076577982197406 3.07888519224416024045
8255 820.181000 -0.369289985291939681922 -0.0150457538657302429541 -0.0491800775585811561497 -0.0107148556556344986407 -0.0110924587034718340889 0.999881067541630419448 3.07888453383552374021
8256 820.189000 -0.369289796838993655825 -0.0150451086161794284068 -0.049180022750859017644 -0.0107151083638573566686 -0.0110932440697670674917 0.999881056120556332978 3.07888374001129783153
8257 820.196000 -0.369289639413062864559 -0.0150445521244217290946 -0.0491799738806854153106 -0.0107152911572635355791 -0.0110938905728675679674 0.999881046988776778228 3.07888306259934108056
8258 820.203000 -0.369289481960542786965 -0.0150439934882529886828 -0.049179922276726642516 -0.0107154936752858771093 -0.0110945670414529223152 0.999881037312668308203 3.07888237262229536029
8259 820.209000 -0.369289344923934670373 -0.0150435082019111099338 -0.0491798831391989099693 -0.0107156553600161481149 -0.0110951186648199674745 0.999881029459014691874 3.07888176499503662953
8260 820.216000 -0.369289182313386699086 -0.0150429366802416059068 -0.0491798371298388242723 -0.0107158640862437155861 -0.0110957870271870904372 0.999881019805422766034 3.07888104443330590243
8261 820.223000 -0.369289011950073353674 -0.0150423527201438145262 -0.0491797947450142783343 -0.0107161086021273343344 -0.0110964878768575279239 0.999881009407232457242 3.07888030045884120156
8262 820.231000 -0.36928882811823537935 -0.0150416958757743773889 -0.0491797431538912449556 -0.0107163309155452468602 -0.0110972313715177930277 0.999880998773151730141 3.07887946435139525647
8263 820.238000 -0.369288663865029342936 -0.0150411144465687381111 -0.0491796981900497823248 -0.0107165556059430500807 -0.011097918603607221516 0.999880988737465892235 3.07887871517278854938
8264 820.244000 -0.369288523530996892763 -0.0150406146286483251295 -0.0491796601427080953828 -0.0107167375673989165308 -0.0110984955694078211291 0.999880980383169082337 3.07887807051274098313
8265 820.252000 -0.36928834096845458701 -0.0150399531849714149234 -0.04917960749996010128 -0.010716969637550389019 -0.0110992609360208195624 0.999880969400089192334 3.07887722302361366289
8266 820.259000 -0.369288175823390518726 -0.0150393617838292768807 -0.0491795647021311815861 -0.0107171839899732924961 -0.0110999343521944928564 0.999880959627045706739 3.07887644461348619629
8267 820.267000 -0.369287994459826518501 -0.0150386958051498542677 -0.0491795121098956150574 -0.0107174138534536604606 -0.0111007000399842153948 0.99988094866284760176 3.07887558495938051806
8268 820.274000 -0.369287830555957929946 -0.0150381014589858162667 -0.0491794684728833753073 -0.010717626278556885086 -0.0111013767167955270526 0.999880938873196623007 3.07887480111918687697
8269 820.281000 -0.36928768145224305508 -0.0150375273432062465939 -0.0491794181638405200618 -0.0107177900754829909941 -0.0111020175210665029281 0.999880930002597811956 3.07887406479950831439
8270 820.288000 -0.369287520980897732148 -0.0150369335396243961056 -0.0491793734781209718188 -0.0107179961724911416293 -0.0111026922651085123428 0.999880920301269182637 3.07887328070735888375
8271 820.295000 -0.369287359170149320775 -0.0150363433176858816986 -0.0491793372571298278983 -0.0107182141553127368433 -0.0111033673177500253476 0.999880910468605832442 3.07887250878546314681
8272 820.302000 -0.369287192937798602888 -0.0150357298102731587464 -0.0491792864019200554049 -0.0107184426006739427772 -0.0111040773032223382549 0.999880900135341144086 3.07887168461856663981
8273 820.309000 -0.369287030104699265376 -0.0150351239898445961096 -0.0491792425991551401809 -0.0107186531106492222848 -0.0111047551040925236709 0.999880890351231621516 3.07887086917977459422
8274 820.316000 -0.369286876582752221498 -0.0150345309079726492663 -0.0491791950682825967922 -0.0107188412223568757531 -0.0111054209745485247401 0.999880880939238658733 3.07887008653196936336
8275 820.324000 -0.369286690946004525493 -0.0150338344015951697052 -0.0491791440800200541084 -0.0107190845239135568862 -0.0111062036976611218375 0.999880869637175928588 3.07886914525552324307
8276 820.331000 -0.369286533172495490263 -0.0150332295920738955031 -0.0491790974106709188884 -0.0107192846719137962336 -0.0111068817091439682454 0.99988085996023601254 3.07886832941113475215
8277 820.338000 -0.369286374997127020414 -0.0150326215692026966125 -0.049179051283636227021 -0.0107194863673249277114 -0.0111075591322485952434 0.999880850272743537666 3.07886750660195573914
8278 820.345000 -0.36928622360772977995 -0.0150320224747208762428 -0.04917900283034838671 -0.0107196638410605466635 -0.0111082156651401940672 0.999880841076511095444 3.0788667114072034714
8279 820.352000 -0.369286062703213180392 -0.0150314047336498213953 -0.0491789581230073144513 -0.0107198840559744133089 -0.0111089079068393634803 0.999880831024849592303 3.07886585898069364831
8280 820.359000 -0.369286073277045046037 -0.0150313550909657606819 -0.049178893904942851123 -0.0107197961504209779426 -0.0111089281641247386578 0.999880831742232079051 3.07886572790409385192
8281 820.366000 -0.369285751303271070345 -0.0150301782620452916567 -0.0491788646271414872646 -0.010720275126239207919 -0.0111102517156936638626 0.999880811901114219253 3.07886417552725655256
8282 820.373000 -0.369285596181386621684 -0.0150295641731659004869 -0.0491788144937960469694 -0.0107204731788223886491 -0.011110935630588195111 0.999880802178057082052 3.07886333365027642373
8283 820.382000 -0.369285390093222476438 -0.015028759279591939052 -0.04917875771559474668 -0.0107207415080150022385 -0.0111118113100796243875 0.99988078956990056323 3.07886220873004257115
8284 820.392000 -0.369285166744680981576 -0.0150278792101628637379 -0.0491787015338357308414 -0.0107210378897040891494 -0.0111127688373204146915 0.999880775750457084783 3.07886098989120160496
8285 820.401000 -0.369284969085020897683 -0.0150270680710729714891 -0.0491786322757024468855 -0.0107212741675225368965 -0.0111136337343051561088 0.999880763604063194094 3.07885984050965566539
8286 820.409000 -0.369284786369582396226 -0.0150263433450724386703 -0.0491785806697595806458 -0.0107215142456589095782 -0.0111144165099130391022 0.999880752328958566366 3.07885881171632247444
8287 820.418000 -0.369284592906483299934 -0.0150255451330214701011 -0.0491785156378658772081 -0.0107217542756498883383 -0.0111152855083660340868 0.999880740095197673156 3.07885769830069921937
8288 820.426000 -0.369284412432854314279 -0.015024818903228025907 -0.0491784640671848183313 -0.0107219888133270341984 -0.0111160657912180316914 0.99988072890580903529 3.0788566665516179377
8289 820.435000 -0.36928421534620614608 -0.0150240068191538154313 -0.0491784056905860966769 -0.0107222283238708870207 -0.0111169164367427141665 0.999880716880123365797 3.07885551251725386734
8290 820.443000 -0.369284032981226695291 -0.0150232713150009241504 -0.0491783551577102268082 -0.0107224792914143648992 -0.0111177106054979706051 0.999880705358763055557 3.07885445085001130394
8291 820.452000 -0.369283834371083530268 -0.0150224643270292917974 -0.0491783048175902376409 -0.0107227427779718244988 -0.0111185751229805358103 0.999880692920186442407 3.07885330882409435915
8292 820.459000 -0.369283677268773868896 -0.0150218217457569469531 -0.0491782592489689307502 -0.0107229456844122553877 -0.0111192565167843749468 0.999880683166928241334 3.07885238162508656501
8293 820.465000 -0.369283548618366652683 -0.0150212652543075461664 -0.0491782086926188799492 -0.0107230996292992288715 -0.0111198470618430050871 0.999880674948596670504 3.07885157519646579516
8294 820.470000 -0.369283442767976533005 -0.0150208133002599913963 -0.0491781730718615917031 -0.010723230777597490132 -0.0111203271176227597855 0.999880668203204758804 3.07885092843561958276
8295 820.476000 -0.369283313713722805005 -0.0150202652642890677193 -0.04917813352106469027 -0.0107233906078172836623 -0.0111208980554666093249 0.999880660139154886501 3.07885013287150188788
8296 820.483000 -0.369283152078950072106 -0.0150196098459851601348 -0.0491780923472515951733 -0.0107236134174764803639 -0.0111215923863065124094 0.999880650026824691068 3.07884918085088843398
8297 820.490000 -0.369283000282189410868 -0.0150189843278947972316 -0.0491780549265969646466 -0.0107238030727713502116 -0.0111222450140540853741 0.999880640733434522538 3.07884829639884793906
8298 820.496000 -0.369282870603102886253 -0.0150184143278315127001 -0.0491780065506473365589 -0.0107239694190224346682 -0.0111228425606639449302 0.999880632302311722626 3.07884744624980832839
8299 820.502000 -0.369282737633857383042 -0.015017856880153418464 -0.0491779675691143905447 -0.0107241455837801293038 -0.011123431345308675347 0.999880623862971162907 3.07884663405220804222
8300 820.508000 -0.369282609983064002979 -0.0150173068392470670379 -0.0491779244683807417737 -0.0107243061093624282576 -0.0111240146777694792063 0.999880615651649540254 3.07884583885213469756
8301 820.514000 -0.36928248199213203895 -0.0150167527869054205636 -0.0491778850677843659689 -0.0107244647105563459255 -0.0111245851714167256347 0.999880607603445881182 3.07884502404888360516
8302 820.520000 -0.369282342068231961285 -0.0150162820906282364064 -0.0491779007336744927725 -0.0107246929944645116861 -0.0111251178034576358317 0.999880599228744948448 3.07884443713309341462
8303 820.527000 -0.369282192225233729665 -0.0150155330859522047338 -0.049177804313043756157 -0.010724852084880684075 -0.0111258591350347751242 0.999880589273671516182 3.07884323285171346285
8304 820.533000 -0.369282059359561209977 -0.0150149687145514059566 -0.0491777661138241145578 -0.0107250258992039482903 -0.0111264426851665279572 0.999880580915858740987 3.07884239845762985865
8305 820.539000 -0.369282070154282882068 -0.0150148813294779352734 -0.0491777119021722386449 -0.0107249513776959282813 -0.0111264731884199614964 0.999880581375762522711 3.07884216626930173888
8306 820.544000 -0.369281819410646416912 -0.015013936592133750314 -0.0491776948748599146422 -0.0107253357907979105651 -0.0111275080591285643883 0.999880565736012583145 3.07884086960251757148
8307 820.553000 -0.369281630809655592174 -0.0150131032625924996926 -0.0491776306835998572309 -0.010725572396832288441 -0.011128378709116058809 0.999880553508301073151 3.07883964994478720456
8308 820.562000 -0.369281647295998771696 -0.0150129664992177912219 -0.0491775488930137824606 -0.0107254598827688993334 -0.0111284268233743568327 0.999880554179717995211 3.07883928674906615086
8309 820.571000 -0.369281240069857741304 -0.0150114044692903608053 -0.0491775158713312413039 -0.0107260776859055134702 -0.0111301191422666888309 0.999880528715983540877 3.07883711914210067562
8310 820.580000 -0.369281045089585480135 -0.0150105513860757464745 -0.0491774578268561954331 -0.0107263206981078433599 -0.0111309771355449400876 0.999880516557998144656 3.07883584335260973575
8311 820.589000 -0.369280846111694316392 -0.0150096902045984779278 -0.0491774000888545864685 -0.0107265932196775586743 -0.0111318706645735024385 0.99988050368701886228 3.07883454373540965676
8312 820.599000 -0.369280634945550745307 -0.0150087479894104175449 -0.0491773303389311106093 -0.0107268621594013031234 -0.0111328433929543078873 0.999880489971777142166 3.07883314303344945984
8313 820.608000 -0.369280437461738109128 -0.0150078826921480768669 -0.0491772745194872656915 -0.0107271195816982887333 -0.0111337154501558229652 0.999880477500063591378 3.07883182456484671974
8314 820.617000 -0.369280273075710097075 -0.0150071117740853410272 -0.0491772108495645565718 -0.010727315841539844174 -0.0111344886831171718811 0.999880466784205723663 3.07883065533890887266
8315 820.626000 -0.369280055957863118099 -0.0150061691306489376069 -0.0491771553329398147802 -0.0107276070641532210448 -0.0111354499328167756006 0.999880452954987286596 3.07882924436836447057
8316 820.635000 -0.36927986415169999912 -0.0150053075229905109877 -0.0491770960724758621208 -0.0107278451634900753864 -0.0111363103186055516225 0.999880440818118998436 3.07882794191375497306
8317 820.644000 -0.369279670673910764833 -0.0150044430381684780473 -0.0491770344429679484577 -0.0107281080883979314244 -0.0111372082220027764088 0.999880427996199472318 3.07882663319295968307
8318 820.650000 -0.369279544898447331658 -0.015003868869266306571 -0.0491769938928462366223 -0.0107282673867662801254 -0.0111377855785506629793 0.999880419855936675155 3.07882575868177754685
8319 820.658000 -0.369279371467668870999 -0.0150030941438208179073 -0.0491769427859743146758 -0.0107284959586700038431 -0.0111385673919372294588 0.999880408694419964277 3.07882457831279365834
8320 820.665000 -0.369279224073021661301 -0.0150024199117365815426 -0.0491768991890213988394 -0.0107286746141656442327 -0.0111392221660633443381 0.999880399483137338734 3.07882354741679531429
8321 820.671000 -0.369279096154238983818 -0.0150018394185147188602 -0.0491768597743086344209 -0.0107288491294113847579 -0.0111398149120603123102 0.999880391006886082295 3.07882265671306409871
8322 820.679000 -0.369278921672117399488 -0.0150010584519544507009 -0.0491768088387980542575 -0.0107290818913228884479 -0.0111405997547314797314 0.999880379764936710885 3.07882145487056835265
8323 820.686000 -0.36927878496521032714 -0.0150003980687188863408 -0.0491767575846746018975 -0.0107292315563329680728 -0.0111412446644883530306 0.999880370973216248132 3.07882045567177797807
8324 820.693000 -0.369278636623902478675 -0.0149997189869249709926 -0.04917671211927440722 -0.0107294240838020828871 -0.0111419228922297695178 0.999880361349843593821 3.07881941073531217867
8325 820.700000 -0.36927848809064467428 -0.0149990386846060273773 -0.0491766664875778747312 -0.0107296172195133245053 -0.0111426019276819401882 0.999880351710445203217 3.07881836425891330933
8326 820.706000 -0.369278355459948137707 -0.0149984482859624838891 -0.0491766298022414394264 -0.0107298098292825556943 -0.0111432102702150107043 0.999880342864035376316 3.07881745675652629401
