9493 828.066000 29.1016488627055345262 -0.0922644787213049294428 14.744241073113473206
9494 828.071000 29.1015281769692251146 -0.0920634420441092532483 14.7431953940644024925
9495 828.076000 29.101419102557684937 -0.0919355056187183272698 14.7422028065994084045
9496 828.083000 29.1012842149930399671 -0.0918661095166691393787 14.7409489951808332364
9497 828.091000 29.1011529577031282656 -0.0919151664797575734811 14.7397691059160607097
9498 828.100000 29.1010309272584244411 -0.0920858808497536512894 14.7388203126697607814
9499 828.108000 29.1009421505893222104 -0.0922966517480843517962 14.7383316005705449214
9500 828.115000 29.1008774687447093754 -0.0924981147071362030943 14.7381685052684439086
9501 828.123000 29.1008160353639446782 -0.0927228173881203404649 14.7382530517116325797
9502 828.131000 29.1007654501623953536 -0.0929221644758932430186 14.7385761242364541346
9503 828.138000 29.1007279810478642901 -0.0930657365158842342368 14.739003645468535808
9504 828.146000 29.1006899502732245821 -0.09318793540092908112 14.7395946044949734954
9505 828.153000 29.1006607964349477413 -0.0932573384742452354823 14.7401483141061593329
9506 828.161000 29.1006295719143039946 -0.0932968456412979485481 14.7407634804865868006
9507 828.169000 29.1005992574071505885 -0.0932996089369751979703 14.7413063535476318577
9508 828.177000 29.1005678363773832018 -0.0932730715131027676712 14.741734301419880282
9509 828.185000 29.1005351144595358903 -0.0932259835429218725045 14.7420207434585712747
9510 828.192000 29.1005038483244149461 -0.0931741862227745687441 14.7421466817359529955
9511 828.200000 29.1004658309828130314 -0.0931102339579146093262 14.7421522440553687261
9512 828.208000 29.1004245826713265899 -0.0930471440612721106822 14.742026616216866941
9513 828.216000 29.1003813563001152431 -0.0929907326764037450717 14.741797558227503373
9514 828.223000 29.1003410510094546737 -0.0929490381734001530623 14.741538715131714099
9515 828.231000 29.1002946674213980316 -0.0929129592671566056916 14.7412098742473300916
9516 828.238000 29.1002527740116967436 -0.0928915060581580187549 14.7409200569554119653
9517 828.246000 29.1002052422473731497 -0.0928789973938832502665 14.74061621934559696
9518 828.254000 29.1001581390502224167 -0.0928777797745012206887 14.7403667288610726871
9519 828.261000 29.1001178637067496879 -0.0928847024711982466316 14.7402078537313361295
9520 828.269000 29.1000736917826863248 -0.0928996285531566573512 14.740103798215335118
9521 828.276000 29.1000365433463308307 -0.0929169831051498695818 14.7400818414358312225
9522 828.283000 29.1000011702629279853 -0.0929370726296501331598 14.7401202469190444333
9523 828.290000 29.0999679826069446165 -0.0929581393845124864805 14.7402112205171622605
9524 828.297000 29.0999374525479446163 -0.0929795723425377584892 14.7403436066134112536
9525 828.305000 29.0999042403731920103 -0.0930024286393923010907 14.7405281612250647072
9526 828.312000 29.0998774313346828535 -0.0930203981909702853903 14.7407031665895722483
9527 828.319000 29.0998528718974114327 -0.0930362248698358429433 14.740875801577765003
9528 828.327000 29.0998266539523164909 -0.0930506408348931168817 14.7410541685272047374
9529 828.334000 29.099806161386300829 -0.0930604370158795574097 14.7411817742208626214
9530 828.341000 29.0997870107613394453 -0.0930671096193026459176 14.7412746770206535274
9531 828.349000 29.0997670973877617939 -0.0930712416882639448357 14.7413321366874914276
9532 828.357000 29.0997494008654804531 -0.0930717410730067112867 14.7413357289196351729
9533 828.365000 29.0997332300915125813 -0.0930687173611963597386 14.7412881155820727486
9534 828.372000 29.0997211014388916794 -0.0930637668490553182643 14.7412096462062418567
9535 828.379000 29.0997100501426366748 -0.0930565330942631080413 14.7411037425196855821
9536 828.387000 29.0996991809112017791 -0.093046124121302184462 14.7409590130580347989
9537 828.395000 29.0996904426407105859 -0.0930336838722852915717 14.7408014168679084577
9538 828.403000 29.0996832217709311408 -0.0930197037683551247733 14.7406436340006994357
9539 828.411000 29.0996781745397541386 -0.0930049930543746516953 14.7404971524674515138
9540 828.418000 29.0996756800640987706 -0.0929920144403474785433 14.7403858839657821989
9541 828.426000 29.0996742733019644334 -0.0929773952994216168477 14.7402843861705346029
9542 828.433000 29.0996747979330869782 -0.0929654229531012288312 14.7402214365272445917
9543 828.441000 29.0996770957792669776 -0.0929531658702437701969 14.7401805937334273722
9544 828.448000 29.0996807828134649299 -0.092944200877606672484 14.7401713374516489807
9545 828.456000 29.0996866753082983337 -0.0929362918469349291728 14.7401881696798238153
9546 828.464000 29.0996941420048287341 -0.0929312922762391552256 14.7402292317057135307
9547 828.471000 29.0997021478204906941 -0.0929292829778160245358 14.7402801956892357538
9548 828.479000 29.0997127113398086351 -0.0929298816318432779893 14.7403488694065565312
9549 828.487000 29.0997245969231457252 -0.0929333090336991185509 14.7404218490762062288
9550 828.494000 29.0997363550798198162 -0.0929383920111590822177 14.7404838671132498717
9551 828.502000 29.099750439315158701 -0.0929457264948305161845 14.7405473316168951214
9552 828.510000 29.0997658669953764843 -0.0929546519870140114383 14.7405982346623662949
9553 828.517000 29.0997808140616633921 -0.0929630337597616152046 14.7406299634047890379
9554 828.525000 29.0997983842342478056 -0.0929725314010616671334 14.7406496609954906774
9555 828.532000 29.0998148121930562127 -0.0929801651137601853359 14.7406523387560284277
9556 828.540000 29.0998345756618022051 -0.0929878209660708332507 14.7406391350783660954
9557 828.547000 29.0998557784546854066 -0.0929935995521111863349 14.7406107120107474628
9558 828.556000 29.0998781606235041863 -0.0929972822269142102014 14.7405699188730725524
9559 828.564000 29.0999015339801836433 -0.0929983043349028731805 14.740520100123831071
9560 828.571000 29.0999237045852758854 -0.0929975087740075034848 14.7404719930926315641
9561 828.577000 29.0999432445047325757 -0.092995287481945965169 14.7404293712931586668
9562 828.583000 29.0999638903683965907 -0.0929918832158519864661 14.7403869198187518208
9563 828.590000 29.0999890357227712911 -0.0929867286355568201106 14.7403391657579820873
9564 828.597000 29.1000155107329661064 -0.0929803208487296056761 14.740295379837839107
9565 828.605000 29.1000472665429299468 -0.092972216630673940041 14.7402513784829007903
9566 828.612000 29.1000763921827143577 -0.0929646385140712600004 14.7402192678908683376
9567 828.619000 29.1001070478197298996 -0.0929572929431388833565 14.7401936842042555753
9568 828.626000 29.1001390596771649655 -0.0929503116770108300804 14.7401744466008430834
9569 828.633000 29.1001720076276733096 -0.0929437805867959626616 14.74016142352566483
9570 828.641000 29.1002108597913426991 -0.0929375880731915793298 14.7401529183642878706
9571 828.647000 29.1002415479198894843 -0.0929339216079201058118 14.7401506157145547604
9572 828.655000 29.1002833806957497131 -0.092930229627475643972 14.7401516749397689665
9573 828.662000 29.1003209739078414486 -0.092928240628930042222 14.7401549971560008601
9574 828.669000 29.1003599655136504509 -0.0929274347155073093818 14.7401599606594100322
9575 828.676000 29.1003988564103721615 -0.0929273683595695371151 14.7401648771403284144
9576 828.683000 29.1004395109564164557 -0.0929283433883771325945 14.7401694768945379366
9577 828.691000 29.1004864821277742237 -0.0929301837152273629838 14.7401729612094936073
9578 828.698000 29.100528560444139714 -0.0929323648551523828765 14.7401739998178946678
9579 828.706000 29.1005768277417047329 -0.0929348017458711123107 14.7401719174692527048
9580 828.713000 29.1006202295504863287 -0.0929368013122549158078 14.7401676167486570534
9581 828.719000 29.1006576632446254393 -0.0929383492652166159909 14.7401615733353885673
9582 828.726000 29.1007024453218789972 -0.0929399914811679661586 14.7401522782136940037
9583 828.733000 29.1007473108138299267 -0.0929409065213556012663 14.7401405776759464317
9584 828.740000 29.1007933999025709682 -0.092941475790976044169 14.7401268574447570359
9585 828.747000 29.1008396084122260561 -0.0929412108928052843604 14.7401114118275895493
9586 828.755000 29.1008938084598156593 -0.0929403794163231183889 14.7400923393064662292
9587 828.762000 29.1009419331131695685 -0.0929390469851255340838 14.7400745900079410688
9588 828.769000 29.1009906450157416202 -0.092937158655715598754 14.7400566166044839633
9589 828.776000 29.1010403218249216195 -0.0929349856291565717958 14.7400384269893613975
9590 828.783000 29.1010906330685017451 -0.0929324621665891942301 14.7400206981143746532
9591 828.790000 29.1011419486999507455 -0.0929298752096163749314 14.7400033317115841669
9592 828.797000 29.1011939287094314466 -0.0929271593249665489589 14.7399868840678394122
9593 828.803000 29.1012390298907099861 -0.0929248399829688404017 14.7399732996944781149
9594 828.810000 29.1012929517331926377 -0.0929224543017758142227 14.7399584618509784661
9595 828.817000 29.1013474359248185408 -0.0929202024782213448217 14.7399446233751110213
9596 828.823000 29.1013947082250403753 -0.0929183187270290339432 14.73993345404312727
9597 828.830000 29.1014506740272231866 -0.0929165508909230997148 14.7399211310738831315
9598 828.836000 29.1014994399344999465 -0.0929151561983575097203 14.7399113469790030706
9599 828.842000 29.1015484942712099325 -0.0929139723624201885332 14.7399020560125908474
9600 828.847000 29.1015900685545894078 -0.0929131653846057420365 14.7398945477762826073
9601 828.852000 29.1016319167302945914 -0.0929125216930082042932 14.739887329510384717
9602 828.857000 29.1016737285879294461 -0.0929117171604041947042 14.7398802641019468496
9603 828.863000 29.1017247782594630223 -0.0929110653424131127665 14.739872008970337447
9604 828.868000 29.101767377847416185 -0.0929105981500235045267 14.7398650954321119855
9605 828.873000 29.1018109654665373398 -0.0929103448523280056603 14.7398583324364089719
9606 828.877000 29.1018458742905288261 -0.0929098882105761636474 14.7398530562376546271
9607 828.883000 29.1018981107823258014 -0.0929093402139812146734 14.7398447467450246506
9608 828.888000 29.1019425773041753303 -0.0929089250007097688933 14.7398379887308301761
9609 828.893000 29.1019870589611358014 -0.0929085045003386622575 14.7398309094587336432
9610 828.899000 29.1020405656801202099 -0.0929078671325998250996 14.7398223919200663801
9611 828.903000 29.1020764509331755221 -0.0929073169348065969197 14.7398165194590156091
9612 828.908000 29.1021218479875152241 -0.092906789183739846294 14.7398091865133054057
9613 828.913000 29.102167260977655161 -0.092906140674492529441 14.7398015833772895178
9614 828.918000 29.1022131567096877802 -0.0929054345701325751117 14.7397938078197903167
9615 828.923000 29.1022592141609166561 -0.0929047224274005128963 14.7397859314505161876
9616 828.928000 29.1023051362968416811 -0.0929037004119278309044 14.7397778736756297491
9617 828.933000 29.1023518446971394269 -0.0929028839175375514836 14.7397698024439982589
9618 828.940000 29.1024173733604634151 -0.0929016580770068850503 14.7397580176379410233
9619 828.948000 29.1024927654077636419 -0.0928999430220277810921 14.7397444768454040087
9620 828.955000 29.1025595323738990317 -0.0928986491144718207202 14.7397324508775753316
9621 828.962000 29.1026265898196889736 -0.0928971563619958445868 14.7397201944182594247
9622 828.969000 29.1026944058707748297 -0.092895882725412534664 14.7397079468791538659
9623 828.977000 29.102772583339927337 -0.0928943882820519178933 14.7396937823796410072
9624 828.984000 29.1028414369205670198 -0.0928931708856140375685 14.7396814732381269408
9625 828.992000 29.1029207931881153115 -0.0928917318122499807709 14.7396672905998844527
9626 828.998000 29.1029806113422040426 -0.0928907299712137535241 14.7396567983545541125
9627 829.003000 29.1030310569649763863 -0.0928899737211600351472 14.7396480028741869717
9628 829.007000 29.1030714104082193217 -0.0928893342888086476217 14.7396411085597414115
9629 829.011000 29.1031119796903112729 -0.0928888318622851788531 14.7396340281051916321
9630 829.016000 29.1031628427809927473 -0.0928879677147891047451 14.7396254204018184453
9631 829.021000 29.1032145847766372526 -0.0928875540848232289504 14.7396169047926530737
9632 829.026000 29.1032661851408107623 -0.0928868621683324874327 14.7396083407230289453
9633 829.030000 29.1033070526331876238 -0.0928862083142775185607 14.7396014083256883254
9634 829.035000 29.1033593357857078843 -0.0928855231508422668485 14.7395929000101215678
9635 829.039000 29.1034007090265802731 -0.0928849122091872786422 14.7395860769376589872
9636 829.044000 29.1034535146015471696 -0.0928842595995688496968 14.7395777968062802188
9637 829.048000 29.1034954681930919662 -0.0928836345921779521495 14.7395710064749057011
9638 829.053000 29.1035482485324124013 -0.0928829821291194818178 14.7395625881357528186
9639 829.058000 29.1036017124119226196 -0.0928822904259549164685 14.7395543919844502767
9640 829.063000 29.1036551529169926766 -0.09288159583067380487 14.7395460036346221955
9641 829.067000 29.1036974505567727078 -0.0928808692649659289886 14.7395392650089913644
9642 829.072000 29.1037515957221870622 -0.0928802672553262625987 14.7395310040901943438
9643 829.076000 29.1037948829627026726 -0.092879499579702345935 14.7395245451832028749
9644 829.084000 29.1038815765711795791 -0.0928781583275798544586 14.7395113415677290192
9645 829.091000 29.1039578242929266594 -0.0928768297333525394421 14.739499776968520095
9646 829.098000 29.1040346928360484924 -0.0928756646092036286522 14.7394883127072109374
9647 829.105000 29.1041117139786642554 -0.0928742746336805174989 14.7394767467619889345
9648 829.113000 29.1042003176347066074 -0.0928727865609454694695 14.7394635574367232067
9649 829.120000 29.1042785393925989013 -0.09287158507974878352 14.7394520387459948552
9650 829.127000 29.1043568505772078936 -0.0928703268354216793234 14.7394405420944245577
9651 829.135000 29.1044467979963314974 -0.0928687829276675369528 14.739427243542195356
9652 829.142000 29.1045255983537103361 -0.0928673973913845401951 14.7394156378777978489
9653 829.149000 29.1046053357933338646 -0.0928662782559698807283 14.739404052618112928
9654 829.156000 29.1046848670472115828 -0.0928649719606877699363 14.7393924036699814906
9655 829.163000 29.1047653187571313538 -0.0928639350717200690033 14.7393807706658463985
9656 829.169000 29.1048346040215868413 -0.0928631066331510740541 14.7393708707318040751
9657 829.177000 29.1049264877939961593 -0.092861613729178921206 14.7393573863444959926
9658 829.184000 29.1050078286762179403 -0.0928606608585070131268 14.739345737530815228
9659 829.191000 29.1050893253932549953 -0.0928595415281879693614 14.7393339746602034523
9660 829.197000 29.1051597074004355648 -0.0928588421564261745633 14.7393238730810303139
9661 829.202000 29.1052182906072722801 -0.0928579762966721261597 14.7393155319833564221
9662 829.206000 29.1052656486410477044 -0.0928575401213571072212 14.7393088171834882871
9663 829.211000 29.1053245894747512068 -0.092856830562405887064 14.7393003912397073663
9664 829.216000 29.1053836343081044902 -0.0928561399891778965765 14.7392920146831709616
9665 829.221000 29.1054432989112186192 -0.0928554105580701449885 14.739283596441417501
9666 829.229000 29.1055386796658979165 -0.0928542533729419389266 14.7392701444030489455
9667 829.236000 29.1056224048626432932 -0.0928531813030701314027 14.7392584690479662157
9668 829.244000 29.1057185913682516798 -0.0928519760556895806802 14.7392450156506615855
9669 829.253000 29.1058270625881085891 -0.0928505138575047572758 14.7392297838401500343
9670 829.262000 29.1059365903943394471 -0.0928492614544062788706 14.7392146865192614769
9671 829.271000 29.1060462145568727976 -0.092847710782299336385 14.7391995652988239129
9672 829.279000 29.1061439905204615286 -0.0928464034295464063495 14.739186092322126953
9673 829.286000 29.1062299725267479289 -0.0928451289746190927543 14.7391744831935227467
9674 829.292000 29.1063033929734444882 -0.0928440241617256162288 14.7391642408776064599
9675 829.299000 29.1063900360755773988 -0.0928428308637653382229 14.7391525643862770778
9676 829.307000 29.1064891423793454805 -0.0928414431182945087961 14.7391391800263438228
9677 829.316000 29.1066012220349179529 -0.0928398304345312702646 14.7391242163311968483
9678 829.325000 29.106713852845764734 -0.0928384109888535785649 14.7391091964568712314
9679 829.333000 29.1068139395872158559 -0.0928370919009225414875 14.7390958195264083486
9680 829.341000 29.106914328995337371 -0.0928356040744387628338 14.7390825383887591471
9681 829.347000 29.1069900936629863963 -0.0928347779074473744565 14.7390724986788566042
9682 829.354000 29.1070785607174116194 -0.0928335669678917313474 14.7390609691465588327
9683 829.362000 29.1071798668642358621 -0.0928323145249472653218 14.7390476125626932458
9684 829.370000 29.1072815254654777561 -0.0928310928297225723682 14.7390342646645358116
9685 829.378000 29.107383682073237452 -0.0928298364801918435285 14.7390209085785652832
9686 829.386000 29.1074858589011320475 -0.0928286446426913880448 14.73900752687340443
9687 829.395000 29.1076014098643689465 -0.0928272363706330733146 14.7389925637192042984
9688 829.403000 29.1077043409155145071 -0.0928260177193773322601 14.7389792054995645287
9689 829.411000 29.1078074247163876009 -0.0928248283914108462955 14.7389658057371999433
9690 829.418000 29.1078979989515929105 -0.0928236749606602823404 14.7389542404267661624
9691 829.423000 29.1079627353479608587 -0.0928229610708113661577 14.7389458297752948823
9692 829.429000 29.1080407378370935589 -0.0928219729039720525821 14.7389358472247931076
9693 829.433000 29.1080925658509670484 -0.0928212741104605387754 14.7389290757236270935
9694 829.438000 29.1081573962766420038 -0.0928204976516712604306 14.7389206024771066694
9695 829.443000 29.1082229963352823177 -0.0928198942807033078317 14.7389122452742213909
9696 829.448000 29.1082882740769690599 -0.0928188961587787242369 14.738903950429648404
9697 829.454000 29.1083669300796010759 -0.092818087491199186001 14.7388938669330258335
9698 829.459000 29.1084323570389678082 -0.0928171194552354500429 14.7388855501204361076
