8305 819.185000 22.9639226749896643298 -0.0891331447682146005285 12.9008417379716409101
8306 819.190000 22.9637057401332072004 -0.0884947240421731368132 12.8998940884772288484
8307 819.194000 22.9635409973886659429 -0.0880437551001856805177 12.899073262610855295
8308 819.199000 22.9633452098196322311 -0.0875638036648997419853 12.8980031860114880971
8309 819.204000 22.9631598603213582521 -0.0871817043930361440518 12.8969191157286466876
8310 819.209000 22.9629841618722565499 -0.0868976684535281984623 12.8958546127228217415
8311 819.215000 22.9627850654350957882 -0.086680251675201935857 12.8946437913723581659
8312 819.222000 22.9625675546879648437 -0.0865793567883944709118 12.8933746591998996678
8313 819.230000 22.9623364160854777083 -0.0866295286699909350414 12.8921726725739862474
8314 819.237000 22.9621477029594913688 -0.0867808515389478229984 12.8913729188291092953
8315 819.244000 22.9619701311845503255 -0.0869972378483450520248 12.8908224777772808523
8316 819.251000 22.9618024111971692491 -0.0872477244946062574504 12.8905188942420814158
8317 819.258000 22.9616433898405922776 -0.0875057931028370844517 12.8904461578832378876
8318 819.266000 22.9614710020787988753 -0.087783269312940032103 12.8906102145568421946
8319 819.274000 22.9613073224363404279 -0.0880211734393934325249 12.8909853725001646296
8320 819.283000 22.9611321463053599246 -0.0882259818097743259147 12.8915803320639028584
8321 819.292000 22.9609650232267696879 -0.0883589423577584992531 12.8922666098466436324
8322 819.300000 22.960822090976883203 -0.088420073069000987287 12.8928798336384655698
8323 819.309000 22.9606663670060697768 -0.0884344745850273311616 12.8935021681779264924
8324 819.317000 22.9605314049405215826 -0.0884102194360523452321 12.893948709273363562
8325 819.326000 22.9603822736355667189 -0.0883555408021077792746 12.8942964157831791994
8326 819.335000 22.9602348332509826889 -0.0882862493578642631986 12.8944662695743623715
8327 819.343000 22.9601043360669230253 -0.0882227211707106578897 12.8944733898804475558
8328 819.351000 22.9599737406452497623 -0.0881645326604302420614 12.894363218687038497
8329 819.359000 22.9598426134851152369 -0.0881162913408700954054 12.8941621640569614726
8330 819.367000 22.9597106957668160021 -0.0880804596756808305669 12.8939018100596882732
8331 819.375000 22.959577901252334442 -0.0880576075865728974401 12.8936153484602797903
8332 819.383000 22.959444301915333142 -0.0880467978657067801285 12.8933342794019729638
8333 819.392000 22.9592933019713001386 -0.088046528896985817858 12.893057967041608336
8334 819.400000 22.9591588072272472232 -0.0880539927228750213262 12.8928700902857826804
8335 819.408000 22.9590241199764797386 -0.0880661803540717935679 12.8927490388338270577
8336 819.416000 22.9588893725717078098 -0.0880797651244694806971 12.8926991771760022232
8337 819.424000 22.9587561666641342129 -0.0880930916632408078648 12.8927171179906316922
8338 819.433000 22.9586088696838892531 -0.088106294451565703163 12.8928061952143693247
8339 819.441000 22.9584798398020701882 -0.088115651278972445537 12.8929303937875232577
8340 819.449000 22.9583521673165584787 -0.0881224281683562205014 12.8930787868135752205
8341 819.457000 22.9582277468508131335 -0.0881267650362358989646 12.8932341091576798675
8342 819.465000 22.9581064254891487053 -0.0881293295258213371657 12.8933794060267761239
8343 819.474000 22.9579728386826218411 -0.0881305688440669754424 12.8935131275762575598
8344 819.482000 22.9578578982900118888 -0.0881312026564036732346 12.8935942917969370569
8345 819.490000 22.9577451594721573258 -0.08813136560008755227 12.8936336142984409037
8346 819.499000 22.9576224595174380738 -0.0881315828492236358338 12.893626479537571683
8347 819.507000 22.9575159916365123536 -0.0881315413129605956799 12.8935772923494962328
8348 819.514000 22.9574257549729132677 -0.0881315647461170526 12.8935065103852206647
8349 819.522000 22.9573244122259936262 -0.0881307423330452976984 12.8934014162866201758
8350 819.530000 22.9572260648629793423 -0.0881292410433498762945 12.8932804539313128345
8351 819.537000 22.9571416921010289514 -0.0881267112006406949654 12.8931698617635550619
8352 819.545000 22.9570476217556951326 -0.0881226449900257419179 12.8930471545749831819
8353 819.553000 22.9569556869332913607 -0.0881169693034786760677 12.8929369730679255213
8354 819.560000 22.9568763410023919391 -0.0881106475377807091265 12.8928563914920406575
8355 819.568000 22.9567877956148755914 -0.0881023990899160169832 12.8927869656565388112
8356 819.575000 22.9567111976468893886 -0.0880943585639690773803 12.8927479221075937943
8357 819.582000 22.9566358479260053116 -0.0880860206029805553607 12.8927295115991302765
8358 819.589000 22.9565620640837906308 -0.0880780940687240637699 12.8927306779080232957
8359 819.597000 22.9564779504691607315 -0.0880696300374179535941 12.8927526801260512457
8360 819.604000 22.9564059577736685469 -0.0880633436713444961441 12.892786950416695646
8361 819.611000 22.956335655466450163 -0.0880584880705682637725 12.8928313141010324472
8362 819.619000 22.956255337927292004 -0.0880549019869209109723 12.8928886941060163451
8363 819.627000 22.9561765329060492036 -0.0880538012417787507857 12.8929477537461529835
8364 819.634000 22.9561088773425510112 -0.08805510708481142923 12.8929963721748723771
8365 819.641000 22.9560417940752365951 -0.0880578081807980028728 12.8930389403011353977
8366 819.648000 22.9559757109962916388 -0.0880620169366475580297 12.8930728616280845245
8367 819.656000 22.9559020271581459838 -0.0880684779990887900425 12.8930988933066661417
8368 819.663000 22.9558380559647652319 -0.0880747613547290808533 12.8931094469112537126
8369 819.670000 22.9557750403042497567 -0.0880811313630295716903 12.8931084854224522473
8370 819.678000 22.9557051085989307637 -0.0880883403602314707381 12.8930943019645898318
8371 819.685000 22.9556445191281248697 -0.0880937170521964990622 12.89307143180265669
8372 819.693000 22.9555774298057464478 -0.0880987129890195008741 12.8930360072269412086
8373 819.702000 22.9555035420930302337 -0.0881020285368229738587 12.8929874023932349303
8374 819.710000 22.9554392103100326494 -0.0881026008212021372046 12.8929400009356793788
8375 819.718000 22.9553772420979811386 -0.0881012311755301064098 12.8928919802538430872
8376 819.726000 22.95531629227216186 -0.0880975933595756349748 12.8928457328883840916
8377 819.733000 22.9552649735781137963 -0.088093246885810161384 12.892808775422002654
8378 819.740000 22.9552142674365136088 -0.0880875969019106752622 12.8927759944564677141
8379 819.747000 22.9551655136872021501 -0.088081423932942048971 12.8927484802067500169
8380 819.754000 22.9551174733807847872 -0.0880748756772990054609 12.8927263838935139972
8381 819.762000 22.9550638363730001856 -0.0880671279735715795134 12.8927077988557492461
8382 819.769000 22.9550184975995037462 -0.0880607568019514258539 12.8926972424339520984
8383 819.777000 22.9549685340660154509 -0.0880541912604262400066 12.8926909781444418712
8384 819.784000 22.9549253275136777575 -0.088049384770671174083 12.8926894182803284394
8385 819.791000 22.9548832036873982076 -0.0880455921564079202479 12.8926907510828598902
8386 819.798000 22.9548421545700271906 -0.0880430007988705354283 12.892693960135822806
8387 819.806000 22.9547967379081541139 -0.0880415825258251960594 12.892698848305579773
8388 819.813000 22.9547573522584436034 -0.0880411837737816727056 12.892703066826546987
8389 819.820000 22.9547195234126952812 -0.0880419362004015437773 12.8927066507200880352
8390 819.827000 22.9546819655838909569 -0.0880434375088240683827 12.8927087558018076408
8391 819.834000 22.9546454258274366111 -0.0880453017871339338463 12.8927090476012633502
8392 819.840000 22.9546150795305088366 -0.088047194566470643462 12.8927076387924284262
8393 819.848000 22.9545742057433308503 -0.0880494711149956699181 12.8927029076176999922
8394 819.855000 22.9545402262451538888 -0.0880517086588265135427 12.8926964658020413168
8395 819.862000 22.9545064137211092259 -0.088053463868741022047 12.8926877353979563168
8396 819.869000 22.9544734353094916912 -0.0880547329372335929598 12.8926770380987587572
8397 819.876000 22.9544419482686130607 -0.0880558958209997771904 12.8926647086779233575
8398 819.883000 22.9544107568827335797 -0.0880560561936759300661 12.8926509691456026019
8399 819.890000 22.9543802208515224095 -0.0880555950190993336202 12.8926362104034666345
8400 819.898000 22.9543458813066152402 -0.0880542746308557722212 12.8926185537509887524
8401 819.905000 22.9543167668979570806 -0.0880523276765459439464 12.8926028799594014629
8402 819.912000 22.9542891179496564291 -0.0880503053581023903407 12.8925874293023010608
8403 819.919000 22.9542617124883463475 -0.0880477782247169188379 12.8925722575919561308
8404 819.925000 22.9542389477373198758 -0.0880454482215508038578 12.8925596928297192534
8405 819.933000 22.954210044127783874 -0.0880424001987509252665 12.8925438801489580243
8406 819.940000 22.9541849977366965163 -0.0880395195911894690166 12.8925307306028162913
8407 819.947000 22.9541615004693255742 -0.0880370532884821588304 12.8925185917757811893
8408 819.952000 22.9541449862855237996 -0.0880353165832383349754 12.8925103762205495173
8409 819.957000 22.9541288826981038085 -0.0880337120479035145637 12.8925025682476501743
8410 819.962000 22.9541131919995038402 -0.0880322557902823987774 12.8924951421249218697
8411 819.967000 22.9540981695134576057 -0.0880311619353921354092 12.8924880639440875285
8412 819.971000 22.9540853964915534391 -0.0880299551262320179035 12.8924824433088733855
8413 819.976000 22.9540709113814394016 -0.0880291050135314223635 12.8924758647145036861
8414 819.980000 22.9540601697246451351 -0.0880283283774453001458 12.8924709457385517908
8415 819.985000 22.9540455615633014474 -0.0880275168819709824541 12.8924646297067582168
8416 819.992000 22.9540273685906335288 -0.0880267828277616071198 12.8924564244077739517
8417 820.000000 22.9540064926043179128 -0.088025999198628079867 12.8924469813050990297
8418 820.007000 22.9539895699182210365 -0.0880257723262530961117 12.8924388933681779434
8419 820.014000 22.9539724538314935387 -0.0880255799345004141809 12.8924304530220297238
8420 820.021000 22.9539565121087605348 -0.0880253177816826826163 12.8924220827994258087
8421 820.029000 22.9539388637034384999 -0.0880249080823226198733 12.8924122236007132614
8422 820.035000 22.9539266345883419262 -0.0880244277722059542679 12.8924048157947215287
8423 820.042000 22.9539128860915369046 -0.0880241054670587441677 12.89239582765619474
8424 820.049000 22.9538990498703547871 -0.0880234135238513598631 12.8923863967295986299
8425 820.056000 22.9538864756698579583 -0.0880227896791185848713 12.8923768471582373962
8426 820.064000 22.95387182667222703 -0.0880218154229058802329 12.8923654004480940927
8427 820.071000 22.9538601094305114714 -0.0880207345596909357388 12.8923552991005685442
8428 820.079000 22.9538472054482305396 -0.0880192693711231571863 12.8923434952869069292
8429 820.086000 22.9538373773982868897 -0.0880179542483005838971 12.8923332508216486048
8430 820.093000 22.9538272140269938859 -0.0880165055535804957687 12.892322711265238766
8431 820.100000 22.9538176747812947553 -0.0880149995560534914585 12.8923121431982359297
8432 820.106000 22.9538104351939757919 -0.088013965133058882917 12.8923030810927272682
8433 820.114000 22.9538003647364021731 -0.0880124497431757912835 12.8922907912754514115
8434 820.121000 22.9537926524046653753 -0.0880111001163220441068 12.8922802073845499393
8435 820.129000 22.9537843285039713237 -0.0880095604229809563845 12.8922681213381356002
8436 820.137000 22.9537775820412477401 -0.0880081818333856152892 12.8922563919571828706
8437 820.144000 22.9537714278933755452 -0.0880069859370393864362 12.892245916045251164
8438 820.151000 22.9537664869994877392 -0.0880060986109330173344 12.8922356559035726775
8439 820.159000 22.9537605344638713234 -0.0880051030721786115008 12.8922237731778537295
8440 820.166000 22.9537564052237215151 -0.088004223129844447171 12.8922135839509444111
8441 820.173000 22.9537528144987561518 -0.0880033844366073791932 12.8922034383178836237
8442 820.181000 22.9537498470919736349 -0.0880023871835594467816 12.8921920648314358715
8443 820.189000 22.9537467342876873033 -0.0880013559287535357401 12.8921805514808873738
8444 820.196000 22.9537452160183619299 -0.0880006772425051542186 12.8921706024906850274
8445 820.203000 22.9537436639677210337 -0.0879999904641623476031 12.8921605789253792551
8446 820.209000 22.9537433575289675503 -0.0879992763832765922949 12.8921521113029982075
8447 820.216000 22.9537428573453681224 -0.0879983672012635692594 12.8921421101883399984
8448 820.223000 22.9537422420760215402 -0.0879971767623929507218 12.892132005416911511
8449 820.231000 22.953742994896472851 -0.0879960808252316928346 12.8921206501290388502
8450 820.238000 22.9537437077123094298 -0.0879949681992674703768 12.8921106427368297176
8451 820.244000 22.95374473016059369 -0.0879939919076524468267 12.8921020511245174589
8452 820.252000 22.9537467641745180913 -0.0879927953851186162026 12.8920905967950893967
8453 820.259000 22.953748939940684437 -0.0879915275100719429524 12.8920806132023848534
8454 820.267000 22.9537521473740540046 -0.0879903157338522978748 12.8920691405761669301
8455 820.274000 22.9537551204127581173 -0.0879890606331345664914 12.8920590965273795803
8456 820.281000 22.9537592395580816174 -0.0879882643001023145857 12.8920491120421871756
8457 820.288000 22.9537632926416570456 -0.087987100243296659241 12.8920390665047968071
8458 820.294000 22.9537667148504560544 -0.0879859515264334729467 12.892030358624639419
8459 820.302000 22.9537717703966244187 -0.0879846414282766248194 12.8920187934956729237
8460 820.309000 22.9537767399403875856 -0.0879834624422526356824 12.8920087526691684587
8461 820.316000 22.9537826202122765551 -0.0879825862027456689907 12.891998773602525219
8462 820.324000 22.9537890724521638219 -0.0879813170915573483644 12.8919871954244307233
8463 820.331000 22.9537953940008208065 -0.0879803494172099465054 12.89197708672865339
8464 820.338000 22.953802098921375574 -0.0879794136754280114987 12.8919669774635341497
8465 820.345000 22.953809522903259932 -0.0879787046226684216199 12.8919568582475037033
8466 820.352000 22.953816915010033739 -0.0879776762106168341848 12.8919468062399982244
8467 820.359000 22.9538247047975900728 -0.0879766748969420253612 12.8919367205957655642
8468 820.366000 22.9538333145509163558 -0.0879759347583569800699 12.8919266864458812449
8469 820.373000 22.9538414309751281905 -0.0879751294455247412341 12.8919163513234131813
8470 820.382000 22.9538529493320737629 -0.0879737908493435083468 12.8919033307514609987
8471 820.391000 22.953865752378209919 -0.0879726684556668692139 12.8918904283687112411
8472 820.401000 22.9538800641688069959 -0.0879712668386520568742 12.8918759955411186269
8473 820.409000 22.9538916475016883112 -0.0879700059659654642896 12.8918643463370141689
8474 820.418000 22.9539053949561342449 -0.087968962029041253281 12.891851171836288259
8475 820.426000 22.953918039245770899 -0.0879677105426040772951 12.891839548376463398
8476 820.435000 22.9539335586673836076 -0.0879664197683270449035 12.8918266219299937347
8477 820.443000 22.953947034655989512 -0.0879650423369115891381 12.8918150807571709748
8478 820.451000 22.953961513042919762 -0.0879639368978813868116 12.8918036452479736198
8479 820.458000 22.9539738663272245844 -0.0879627961106244637968 12.8917934488253767
8480 820.465000 22.9539865903009072667 -0.087961769406759732215 12.8917832699599497204
8481 820.470000 22.953996113857112249 -0.0879611819579029646787 12.8917760339330200736
8482 820.476000 22.9540081228625076903 -0.0879603443742978108322 12.8917675270030542833
8483 820.483000 22.9540215586383169466 -0.0879590570461136062042 12.8917573943910319656
8484 820.489000 22.9540335263429646773 -0.0879581254572200654795 12.8917488002704114791
8485 820.496000 22.9540481464863965755 -0.087957267675158920528 12.8917388244390735963
8486 820.502000 22.9540603994063445725 -0.0879563769047917304311 12.8917301287982990488
8487 820.508000 22.9540727332321665699 -0.0879556701877806101919 12.891721367720846203
8488 820.514000 22.9540860617434461233 -0.0879548866737068363308 12.8917128912735208246
8489 820.520000 22.9540995448586819805 -0.0879540918362477081027 12.8917043267179050048
8490 820.527000 22.954114449272001508 -0.0879528913765434128269 12.8916941376805063157
8491 820.533000 22.9541277818907225594 -0.0879520060393778335683 12.8916855030483699096
8492 820.539000 22.9541414882286396448 -0.0879511408228591667902 12.8916769129079682443
8493 820.544000 22.95415305035098541 -0.0879504696707087280094 12.89166972174182213
8494 820.553000 22.9541740113656373978 -0.0879494989038952929006 12.8916566190471293396
8495 820.562000 22.9541954629015094724 -0.08794811603215378637 12.8916436476637485953
8496 820.571000 22.954218031064584693 -0.0879469690764527745053 12.8916307917317585208
8497 820.580000 22.9542405200310390967 -0.0879457254405914407025 12.8916178001375545392
8498 820.589000 22.9542629723145026333 -0.0879443234320885225408 12.891604785010402523
8499 820.599000 22.954288464678281656 -0.0879430976877887266019 12.8915901649338344725
8500 820.608000 22.9543123673567599496 -0.0879416721939173667844 12.8915772580029450722
8501 820.617000 22.9543366187636763698 -0.0879404977404636967186 12.8915642426290837363
8502 820.626000 22.9543612306654942756 -0.0879392480462309195088 12.8915513338121545672
8503 820.635000 22.9543860638280179387 -0.0879379975187945944759 12.8915382931931361554
8504 820.644000 22.954410506271258896 -0.0879367069295494963033 12.8915250991948475701
8505 820.650000 22.9544276285846962082 -0.0879359259705552315234 12.8915164557142514212
8506 820.658000 22.9544502983150486841 -0.0879347001327725752429 12.8915048582251543507
8507 820.665000 22.9544712230155987243 -0.0879337003661704447177 12.8914949437588841619
8508 820.671000 22.9544887244865236653 -0.0879328212844180390206 12.8914863482736219424
8509 820.679000 22.9545119665065477932 -0.087931549893866103873 12.8914747573943788694
8510 820.686000 22.9545334058647121367 -0.0879309247990990167088 12.8914647453002437771
8511 820.693000 22.9545545704727267378 -0.0879299217481797901197 12.8914546778072551803
8512 820.700000 22.9545758073139296584 -0.0879289372044248090932 12.8914445761043250371
8513 820.706000 22.9545937305030953723 -0.0879279233163125506501 12.8914358631051531034
8514 820.714000 22.9546181250090164383 -0.0879266309461603917663 12.8914243185657255708
