21464 1455.567000 -0.313837295606614608001 -0.0162782139812366610787 -0.0432244645892033707568 -0.0210250179694007714726 -0.0371558351303715797553 0.99908828065149035691 2.97249260305728579823
21465 1455.574000 -0.31383645191463305224 -0.0162754834105909157449 -0.043226263856965471688 -0.0210288157535126023212 -0.0371657524083985960073 0.999087831852596641724 2.97249072665297608964
21466 1455.582000 -0.313835263290513644119 -0.0162721470802913228959 -0.0432280910532640699762 -0.021032658520389442558 -0.0371767258815186574239 0.999087342692467017535 2.97248794091506063353
21467 1455.590000 -0.313833959143629104283 -0.0162686842079845725428 -0.0432294515029554293761 -0.0210353776559330657436 -0.037187116692590969913 0.99908689874252876173 2.97248453257780687053
21468 1455.599000 -0.313832498544626303794 -0.0162647451712406784785 -0.0432302304161990696985 -0.0210367498646721155786 -0.0371978463200397166388 0.999086470423997785595 2.97248001987947851887
21469 1455.608000 -0.31383116925215814863 -0.0162608574928585492003 -0.0432301230059311814014 -0.0210363635305468345271 -0.0372072855866932006297 0.999086127072476681832 2.97247485999346405805
21470 1455.617000 -0.313830055957925291299 -0.0162571054951723310833 -0.0432291581314389328217 -0.0210345325930845379603 -0.0372152129943830040082 0.999085870363690675688 2.97246914296512354525
21471 1455.625000 -0.313829281316613084574 -0.0162539413668885898701 -0.0432276844938136589613 -0.0210320580402600133818 -0.0372208957427738323931 0.999085710764945678086 2.97246369087912754026
21472 1455.634000 -0.313828684208711239378 -0.0162506789775041099455 -0.0432255107655904607933 -0.021028721021794493512 -0.0372257513602069975422 0.999085600100339532581 2.97245757954861922201
21473 1455.642000 -0.313828354361957106988 -0.016248058734614774512 -0.043223297533946450355 -0.0210256810407736596802 -0.0372288814055811573267 0.999085547451298627841 2.97245212370513289812
21474 1455.651000 -0.313828152447657215962 -0.0162453548646468749761 -0.0432207194182972487262 -0.0210223690742333199633 -0.0372311135259156891775 0.99908553396800170443 2.97244573967232206257
21475 1455.659000 -0.313828105821343739112 -0.0162432219606620451002 -0.0432184985399147111873 -0.0210197421591013684783 -0.0372322899293115600061 0.999085545399484131757 2.97244024746805157733
21476 1455.668000 -0.313828153246383023678 -0.0162411233850332098472 -0.0432162551618035170597 -0.0210172727793235224192 -0.0372329607549582858317 0.999085572350206230219 2.97243450004943676745
21477 1455.678000 -0.313828272382662143425 -0.0162393752518137576835 -0.0432143168444602057687 -0.0210152840034845030115 -0.0372331715311237307353 0.999085606330101572148 2.97242947856631012371
21478 1455.687000 -0.313828403506399344902 -0.0162376850030614139353 -0.0432128893209205167114 -0.0210140532162539500627 -0.0372335317387862338445 0.999085618794345986515 2.97242468274914184434
21479 1455.696000 -0.313828500848058300488 -0.0162364516929974292414 -0.0432120499751478051587 -0.021013525164795078537 -0.0372339544960121962558 0.999085614145623246429 2.97242132803323322321
21480 1455.706000 -0.313828560929081679109 -0.0162353316945132546134 -0.0432116604848906266101 -0.0210135405654460725999 -0.0372347169835789901238 0.999085585405002807313 2.97241871371029819926
21481 1455.714000 -0.313828546335181535198 -0.0162345745077529177158 -0.043211701479703740203 -0.021014008908027081296 -0.0372356816978623231251 0.999085539600142902295 2.97241735240262938689
21482 1455.724000 -0.313828433358076086535 -0.0162337435234398350103 -0.0432121069043343158933 -0.0210150366412407071937 -0.0372372812065847741403 0.999085458368456635903 2.97241647239807127434
21483 1455.733000 -0.313828258565579332195 -0.0162330875629893532641 -0.0432126911256863199817 -0.0210162412664007397511 -0.0372390472008834599871 0.999085367206728025558 2.97241637983630546671
21484 1455.743000 -0.313827985099740136565 -0.0162324139939316082482 -0.0432134627306194896157 -0.0210177713389743670014 -0.03724128686739539007 0.999085251537827012669 2.9724168441519451811
21485 1455.752000 -0.313827687722604053988 -0.0162318389832820444973 -0.0432141661690617767677 -0.0210191858198095250787 -0.037243435648848285946 0.999085141681399613311 2.97241763138255388199
21486 1455.762000 -0.313827296827964452586 -0.0162311853087387936156 -0.0432148793808326964205 -0.0210207407219977181201 -0.03724587739560016042 0.999085017942182074258 2.97241864017208046178
21487 1455.771000 -0.31382693659581772927 -0.0162306116195508262634 -0.0432153921106998920032 -0.0210219641722345813861 -0.0372479716504364177787 0.999084914124054535023 2.97241965536473617959
21488 1455.779000 -0.313826608048373756343 -0.0162300915028570497123 -0.0432157237430552398916 -0.0210229202355436683991 -0.0372497330067626114536 0.999084828338262287417 2.9724204778356795309
21489 1455.788000 -0.313826245707071016522 -0.0162295024908074500547 -0.0432159495842547314304 -0.0210238103957458080662 -0.0372515384158900383915 0.999084742292711269762 2.9724212653947819085
21490 1455.797000 -0.313825904434918312447 -0.0162289176669203477621 -0.0432160294812638165474 -0.0210244646119953360053 -0.0372530883883701868786 0.999084670732819812855 2.97242188945871488315
21491 1455.806000 -0.313825592096800720654 -0.0162283456056201563777 -0.0432159814715290524489 -0.0210249062140720165137 -0.0372543910154828489256 0.999084612867576327133 2.97242232225099334286
21492 1455.816000 -0.313825291793067506774 -0.0162277443597347720283 -0.0432158128310233397018 -0.0210251540228338258676 -0.0372555444121207279817 0.999084564643490269376 2.97242263865097466891
21493 1455.825000 -0.313825067514124367296 -0.0162272451229501304959 -0.0432155917893413538122 -0.0210251879993583988548 -0.0372563480895174159446 0.999084533959276321902 2.97242282163362858682
21494 1455.834000 -0.313824884274722659683 -0.0162267865657661977674 -0.0432153426783552715995 -0.0210250706365041686863 -0.037256947147726128533 0.999084514089754849309 2.97242292722988299403
21495 1455.843000 -0.313824725705201590387 -0.0162263596396529236054 -0.0432150965717670448862 -0.0210249067741912071261 -0.037257462669494353924 0.999084498313615010368 2.97242298501890589435
21496 1455.853000 -0.313824595297571007357 -0.0162259473085355626631 -0.0432148425082080900328 -0.0210246347850209895636 -0.0372579417836838566735 0.999084486170313756936 2.97242312386533313884
21497 1455.862000 -0.313824503526424436473 -0.0162256172076357743639 -0.0432146506567963467615 -0.0210243845478825172601 -0.0372583751047406916412 0.999084475276709071956 2.97242332404754616704
21498 1455.872000 -0.313824435187037009687 -0.0162253066441383209106 -0.0432144924871677299505 -0.0210240730358372124309 -0.0372588398316338401117 0.999084464501067359699 2.97242377796450130134
21499 1455.881000 -0.313824387024028761406 -0.0162250576402660287578 -0.0432143938755637085913 -0.0210238585668643708504 -0.037259364463776097065 0.999084449448952138795 2.97242433445099774048
21500 1455.890000 -0.313824356408760385406 -0.0162248430807385365937 -0.0432143349874591423121 -0.0210236616622054561798 -0.0372599380070344488036 0.999084432202816952184 2.97242511121211894221
21501 1455.900000 -0.313824319919421557135 -0.0162246144890902110891 -0.0432143131500624388952 -0.0210235666191031442263 -0.0372607154952536573367 0.999084405206784320619 2.97242614351437461906
21502 1455.908000 -0.313824295739156378104 -0.0162244480922887832075 -0.0432143175834702603089 -0.0210235466078923516342 -0.0372614002525942580868 0.99908438008971101052 2.97242713741534503313
21503 1455.918000 -0.313824262678605636623 -0.0162242481500117496918 -0.043214342416413004111 -0.0210236175375507275409 -0.0372623359690552533041 0.999084343698650845234 2.9724285402322294658
21504 1455.927000 -0.313824230716914787109 -0.0162240748006841767337 -0.0432143791717896283422 -0.0210237500120234836742 -0.0372631932145399344392 0.999084308938383736098 2.97242993104836017437
21505 1455.937000 -0.313824167568415357543 -0.0162238632805457271002 -0.0432144341579127483355 -0.0210240705511173416042 -0.0372642309618820416484 0.999084263487460266795 2.97243150365665753654
21506 1455.946000 -0.313824107668525087433 -0.016223682031986610963 -0.0432144871476453779069 -0.0210243997146934702425 -0.0372651113157807592491 0.999084223724536313327 2.97243299260593829558
21507 1455.955000 -0.31382402703238415631 -0.0162234887193466251198 -0.043214543758343340607 -0.0210248369777891463972 -0.0372659954283734509706 0.99908418154567424363 2.97243443079746816338
21508 1455.964000 -0.313823932768258540005 -0.0162232942863056936456 -0.043214609975026227473 -0.0210253176348660919537 -0.0372668006284362224312 0.999084141396145541947 2.97243585851073044424
21509 1455.973000 -0.313823831734063529719 -0.0162231098685665653392 -0.0432146778156093994139 -0.0210258228246745122736 -0.037267532802603822728 0.999084103453434235753 2.97243726898869242703
21510 1455.982000 -0.313823717965571791222 -0.0162229260426320701094 -0.0432147521747134819026 -0.0210263388646106420821 -0.0372681782218928503436 0.999084068517745782501 2.97243861208369386517
21511 1455.992000 -0.313823568536927888228 -0.0162227119147195716908 -0.0432148449847268856239 -0.0210269611348983913313 -0.0372688521394295146916 0.999084030282558877012 2.97243996747639638301
21512 1456.001000 -0.313823439854375829672 -0.0162225422946939284996 -0.0432149317225511628293 -0.0210274473306171980069 -0.0372693417058090198379 0.999084001787424069718 2.97244119381242555278
21513 1456.010000 -0.313823297388783006845 -0.0162223663739428161645 -0.0432150235599527837715 -0.021027930492610640012 -0.0372698118767187253075 0.999083974079192138618 2.97244231834765715305
21514 1456.020000 -0.313823145010057924509 -0.0162221461069335243232 -0.0432151179508714206046 -0.0210283948747030866033 -0.0372703002368752617235 0.99908394608723771757 2.97244341614490004133
21515 1456.029000 -0.313823001560217917927 -0.0162220223073115919765 -0.0432152080745484834523 -0.0210287826639703190335 -0.0372707397371714807544 0.999083921529675844653 2.97244458391721844137
21516 1456.038000 -0.313822867861632270881 -0.0162218671752568308064 -0.0432152905615591637067 -0.0210290863623970140928 -0.0372711649713680093221 0.999083899273949804787 2.97244564764798679946
21517 1456.047000 -0.313822749958786673119 -0.0162217277705717262404 -0.0432153588221061146779 -0.0210293119172520609483 -0.0372716066756958661066 0.999083878048334206312 2.97244676003679719756
21518 1456.056000 -0.313822642143192997999 -0.0162215914047835058076 -0.0432154150824485688842 -0.0210294706880607348842 -0.0372720687925487056957 0.999083857466681046766 2.97244789660098307493
21519 1456.065000 -0.313822539405469669305 -0.0162214495513679120287 -0.0432154617757564557534 -0.0210296059752037405033 -0.0372725856468406890887 0.999083835337018388856 2.97244904403831711193
21520 1456.073000 -0.313822457638973317806 -0.0162213260509828857692 -0.0432154886009800814906 -0.021029708669311763386 -0.0372731022312201634716 0.99908381390319045412 2.97245009698764439676
21521 1456.083000 -0.313822372916350178507 -0.016221137663732638351 -0.0432155026583191451128 -0.0210297868059173796718 -0.0372737664096178186734 0.99908378747957815591 2.9724513596386579195
21522 1456.091000 -0.313822310657491498898 -0.0162210161942849956374 -0.0432155142647555473578 -0.0210298396857335201382 -0.0372743110240909072961 0.999083766047908383712 2.97245251331707649456
21523 1456.100000 -0.31382224098260907974 -0.0162208714925317458444 -0.0432155157769264913759 -0.0210299440343074371673 -0.0372749937123178776144 0.999083738381153163566 2.97245380431860750647
21524 1456.109000 -0.313822183041712166052 -0.0162207793254556184581 -0.0432155188533460202227 -0.021030042181653160055 -0.0372756749449793603479 0.999083710898758581287 2.97245532362163533691
21525 1456.118000 -0.313822131891200228893 -0.0162206477696094364394 -0.0432155175635524635425 -0.0210301450771834610998 -0.037276326245859574271 0.999083684432713003964 2.97245673104764351891
21526 1456.125000 -0.313822079066738646169 -0.016220531426524645302 -0.0432155226790127272585 -0.0210303084578163136664 -0.0372768841388795776903 0.999083660178198385005 2.9724577925946835677
21527 1456.133000 -0.313822024508643548923 -0.0162204062803232365586 -0.0432155292522166806224 -0.0210304907652376638083 -0.0372774828914529607338 0.999083634000402676101 2.97245902506681458632
21528 1456.142000 -0.313821957733190715079 -0.0162202639989172323065 -0.0432155491881467956894 -0.0210307360978922303074 -0.0372781306904158074578 0.99908360466549994694 2.97246041667357641103
21529 1456.151000 -0.313821895663435712631 -0.0162200951566786599756 -0.0432155681541493003062 -0.0210309953877868965888 -0.0372787426067819685493 0.99908357637519795702 2.97246170633968942454
21530 1456.160000 -0.313821821083965890598 -0.0162200024259026333306 -0.0432156128510494952355 -0.0210312940116086574682 -0.0372793251495544680774 0.999083548352484474009 2.97246322545068553111
21531 1456.168000 -0.313821740389662207082 -0.0162198721453741291632 -0.0432156592714010717726 -0.0210316187689659900295 -0.0372798507833311809634 0.999083521902713211915 2.97246438502910459434
21532 1456.177000 -0.313821656890940214879 -0.0162197458620691251086 -0.0432157159003435931144 -0.0210319571815456539399 -0.0372803879166305751625 0.999083494736000221614 2.97246574308418987087
21533 1456.186000 -0.313821567541886559116 -0.0162196201728050971858 -0.0432157805164162522882 -0.0210322926185571509872 -0.0372808908730703769674 0.999083468906836524859 2.97246707477795668595
21534 1456.195000 -0.313821467625426453463 -0.0162194877103863412116 -0.0432158543372777453895 -0.0210326494774415312383 -0.0372813925454499733858 0.999083442674249977422 2.97246835879766369004
21535 1456.204000 -0.313821361211462146468 -0.0162193526446958308229 -0.0432159285035871379432 -0.021033016795638109081 -0.0372819117461242258149 0.999083415567002974811 2.9724695994080163608
21536 1456.213000 -0.313821263575712328109 -0.0162192325876005377649 -0.0432159997861239209005 -0.0210333313817879855034 -0.0372824006897710252817 0.999083390698589979273 2.97247089292883437395
21537 1456.223000 -0.313821155278663443955 -0.0162190556767449166331 -0.0432160707047763853472 -0.0210336535634863749933 -0.0372829438923927281024 0.999083363645140609677 2.97247216572611971941
21538 1456.232000 -0.313821047067082692372 -0.0162189637518678070327 -0.0432161484515518196092 -0.0210339537337607650203 -0.0372834559116087815855 0.999083338218395677899 2.97247354366599170206
21539 1456.240000 -0.313820956533455985848 -0.0162188482732103476935 -0.0432162031377441163693 -0.0210341922883757227736 -0.0372839251390809506281 0.999083315685433293041 2.97247464850504039546
21540 1456.249000 -0.3138208672258843146 -0.0162187306251900843768 -0.0432162562136227113019 -0.0210344161031979677567 -0.0372844463792779412525 0.999083291521476901664 2.97247594579080542943
21541 1456.258000 -0.313820770949663319094 -0.0162185994272411870831 -0.0432163088227800334939 -0.0210346497589906679393 -0.0372849978905550813457 0.999083266020314275657 2.97247721920252239158
21542 1456.268000 -0.313820676064785142323 -0.0162184218641939353889 -0.0432163502831470688892 -0.021034876614511411469 -0.0372856202594025604169 0.999083238017575925305 2.97247853506124792844
21543 1456.277000 -0.313820592398250386434 -0.0162183391002829122018 -0.0432163935989555436645 -0.0210350682399777673404 -0.0372861829949934775463 0.999083212981683232989 2.97247999055219924713
21544 1456.286000 -0.313820508560958055799 -0.0162182102211696800576 -0.0432164308632398963539 -0.0210352741044943503113 -0.0372867645582787080039 0.999083186942971490652 2.97248130519901687663
21545 1456.295000 -0.313820423705146622773 -0.0162180781038142735051 -0.0432164636451975378573 -0.021035502961743775957 -0.037287377504546456719 0.999083159248508212436 2.97248260340670267254
21546 1456.304000 -0.313820350842971551586 -0.0162179608728050851651 -0.0432164927560261674655 -0.0210357014606063347228 -0.0372879633913612354434 0.999083133202730344635 2.97248397412450238164
21547 1456.313000 -0.313820280640837834252 -0.0162178446132056550133 -0.0432165242393391796361 -0.0210358895388019391526 -0.037288518029325694314 0.999083108542271336461 2.9724853433209261766
21548 1456.323000 -0.313820190128970166743 -0.0162176611665715980637 -0.0432165589153089002572 -0.0210361710597594883665 -0.0372891873274567922647 0.999083077634489113983 2.97248668884017508418
21549 1456.332000 -0.313820112691255037607 -0.0162175826115677421124 -0.0432166024409387852789 -0.0210364032141291679157 -0.0372897473322745254265 0.999083051844894209914 2.97248818169122852595
21550 1456.341000 -0.31382003029789806714 -0.0162174574409180670409 -0.0432166408787063305308 -0.0210366739761825259636 -0.0372903333468813033558 0.999083024271205544231 2.97248949775841353471
21551 1456.350000 -0.313819947184945158281 -0.0162173339395260858453 -0.043216686700824603895 -0.0210369393140119702312 -0.0372908868030626880485 0.999082998026560309413 2.97249082913396467376
21552 1456.359500 -0.313819869517655058999 -0.0162172213437356063648 -0.0432167311660605207857 -0.0210371957272130309657 -0.0372914273995633080427 0.999082972449454764785 2.9724921874588208226
21553 1456.368000 -0.313819789923166170276 -0.0162171080045391581559 -0.043216778344301869097 -0.0210374464601551514065 -0.037291948554523356163 0.999082947717276903532 2.97249353371429680948
21554 1456.374000 -0.313819731436556281778 -0.0162170263843294734651 -0.0432168142159860962925 -0.021037631891512340726 -0.0372923020504807231634 0.999082930617960829345 2.97249440596795677649
21555 1456.382000 -0.313819654123531299739 -0.0162169206313292589561 -0.043216857250415324776 -0.0210378866172768602683 -0.0372927945547319381059 0.999082906870584430692 2.97249556692462713059
21556 1456.389000 -0.313819581434621297511 -0.016216821031430281308 -0.043216900885284147138 -0.021038109351698124766 -0.037293208415838045855 0.99908288673210643438 2.97249655535823453789
21557 1456.396000 -0.313819514461359083679 -0.0162167307540624985873 -0.0432169404039565024922 -0.0210383169258069463448 -0.0372936214175811978078 0.999082866944725256353 2.97249757501904321444
21558 1456.403000 -0.313819450884348816189 -0.0162166443850599653609 -0.0432169823364766947371 -0.0210385009427467538357 -0.0372940057378407935351 0.999082848723822469772 2.97249861833700990132
21559 1456.410000 -0.313819385992274990649 -0.0162165151903085544283 -0.0432170157300412888235 -0.0210386967969330464234 -0.0372944175435237501581 0.999082829227475044398 2.97249950709169530327
21560 1456.419000 -0.31381929120582718884 -0.0162164291299502424937 -0.0432170722095143733377 -0.0210389832211402977302 -0.0372949748426524077538 0.999082802392527558055 2.97250089866618871781
21561 1456.428000 -0.313819200378634810544 -0.0162163056079308587343 -0.0432171255854640681826 -0.0210392433227996368539 -0.0372955104252353994432 0.999082776922175286316 2.97250218647531339045
21562 1456.438000 -0.313819103719947867237 -0.0162161736513400933646 -0.0432171802770517921033 -0.0210395206674776069633 -0.0372961111187217059237 0.999082748657738939357 2.97250363030479602955
21563 1456.447312 -0.313819021998987590649 -0.0162160613997965087629 -0.0432172255540876903979 -0.0210397547763311321134 -0.0372966521291371311264 0.99908272353139515598 2.97250496022032528742
21564 1456.457000 -0.313818929325237416794 -0.0162159321237367835822 -0.0432172765978669007336 -0.0210400180488142483914 -0.0372972545292129462058 0.999082695498770378961 2.97250641212834354477
21565 1456.467000 -0.313818827470181194172 -0.0162157904692045648498 -0.0432173317887662583603 -0.0210403048719841646863 -0.0372978750366333502986 0.999082666293758414611 2.97250783517770456044
21566 1456.476000 -0.313818747683594134745 -0.0162156791309437837978 -0.0432173754545338850708 -0.02104053589014365927 -0.0372984218286388710673 0.999082641015521022432 2.97250917261985803108
21567 1456.486000 -0.313818656171552246015 -0.0162155510604323482848 -0.0432174236127649130657 -0.0210408009426660894126 -0.0372990367854584697893 0.999082612475348796899 2.97251064033142675669
21568 1456.495000 -0.313818580113399359099 -0.0162154423241864451 -0.0432174670206465910693 -0.0210410115025632844798 -0.0372995558072644756153 0.999082588663985138311 2.972511980827325484
21569 1456.503500 -0.313818495418469567415 -0.0162153263095767656565 -0.0432175105177308865878 -0.021041269953339322013 -0.0373000791404008574803 0.999082563682737179178 2.97251310463504525572
21570 1456.512000 -0.313818418057598302884 -0.0162152190903164759861 -0.0432175523126019783815 -0.0210415021071816699116 -0.0373006230182473391688 0.999082538487949145534 2.97251445442687600718
21571 1456.521000 -0.313818342605449163152 -0.0162151125649650507121 -0.0432175961350815263096 -0.0210417165349073426173 -0.0373011358369718243333 0.999082514825745615639 2.97251579681287303458
21572 1456.529000 -0.313818258105094782806 -0.0162149982622105982843 -0.0432176402875996540365 -0.0210419785390669918101 -0.0373016528196510183113 0.999082490005747003714 2.972516919968091198
21573 1456.538000 -0.313818180627202736321 -0.0162148926046133852463 -0.0432176830245543028286 -0.0210422144333159942542 -0.0373021892369854585203 0.999082465009705988912 2.97251826660924178825
21574 1456.547000 -0.313818104773029071808 -0.0162147872041576018853 -0.0432177278871489420342 -0.0210424320148323747148 -0.0373026948627663140767 0.999082441548682420596 2.97251960363504919016
21575 1456.556000 -0.313818016326343596223 -0.0162146686865870144623 -0.0432177778892777891828 -0.0210426991959320498771 -0.0373032411660255067143 0.999082415523893874187 2.97252090215062958478
21576 1456.566000 -0.313817924621973776134 -0.0162145448999001656754 -0.0432178288961772016918 -0.0210429752791987147165 -0.037303836234912145231 0.999082387490420109621 2.9725223598594023855
21577 1456.575000 -0.31381784068235224483 -0.0162143876361396169217 -0.0432178667526033483126 -0.0210432352910485086228 -0.0373043882210022173518 0.999082361403674346079 2.97252350551896160624
21578 1456.584000 -0.313817751091600871671 -0.0162143106089881749998 -0.043217923873370506227 -0.021043499011807440674 -0.0373049249261522691823 0.999082335809013288852 2.97252493045093046931
21579 1456.593000 -0.31381767157212869801 -0.0162142039627195810869 -0.0432179694278124262863 -0.0210437379097128084149 -0.0373054531913739814697 0.999082311051984084393 2.9725262563086594092
21580 1456.602000 -0.313817591704466103408 -0.0162140960673219508559 -0.0432180152255008387385 -0.0210439663710813261444 -0.0373059696296225359879 0.999082286956067711081 2.97252757587393823258
21581 1456.611000 -0.313817508571458181343 -0.0162139414945944998481 -0.0432180587264749394016 -0.0210442105197322336385 -0.0373064991361242992429 0.999082262041423585508 2.97252874119967414046
21582 1456.619000 -0.313817429492467325769 -0.0162138777287296337315 -0.0432181055278261436192 -0.0210444523738037049532 -0.0373069959024910427492 0.999082238397329347457 2.97253000770155129118
21583 1456.628000 -0.313817349682478763384 -0.0162137699201888238476 -0.0432181512675395493317 -0.0210446792309408221844 -0.0373075140430179294504 0.999082214270675894596 2.9725313250844460633
21584 1456.637000 -0.313817263908798438354 -0.0162136540450536908997 -0.0432182007809822354982 -0.0210449292000981225126 -0.0373080473699594003523 0.999082189089768313295 2.97253261459948614487
21585 1456.646000 -0.313817174898062600796 -0.0162135346557820414493 -0.0432182478546647083628 -0.0210451993095216172147 -0.0373086077528806958625 0.999082162473920010193 2.97253387709715388709
21586 1456.655000 -0.313817096447382593016 -0.0162134297809580565919 -0.0432182918852970082702 -0.0210454326732381659382 -0.0373091403340668620325 0.999082137669936032331 2.97253520430420437037
21587 1456.664000 -0.313817020024688919655 -0.0162133254077157507034 -0.043218337612859425434 -0.021045646664837495271 -0.0373096441597487310515 0.999082114347530358955 2.97253652504203813578
21588 1456.673500 -0.313816931454261371925 -0.0162132083437413823668 -0.0432183880850860041578 -0.0210459095646405407176 -0.0373101900499031788327 0.999082088423687619816 2.97253781073826939263
21589 1456.682000 -0.313816843694915859064 -0.0162130916395459429014 -0.0432184338492523634212 -0.0210461772933158430821 -0.0373107509955207389263 0.999082061835507406755 2.97253907933829397692
21590 1456.691000 -0.313816767745331737238 -0.0162129903232836360127 -0.0432184776937535250485 -0.0210464047613246989232 -0.0373112731095215852117 0.999082037545250378763 2.97254040628636984067
21591 1456.700000 -0.313816681372650174708 -0.0162128759766855048974 -0.0432185273541895800808 -0.0210466588019866812642 -0.0373118092247794255756 0.999082012171996991512 2.97254169796405420811
21592 1456.710000 -0.313816593304480639937 -0.0162127181005650988777 -0.0432185718394162560196 -0.0210469216349328143434 -0.0373123970596883486328 0.999081984681614132526 2.97254302013422000428
21593 1456.718000 -0.313816516102723375159 -0.0162126573494632414407 -0.0432186187794056791978 -0.0210471504936840907163 -0.0373128781192476749462 0.999081961894295544901 2.97254428348203925125
21594 1456.727000 -0.313816430991860295663 -0.0162125447901311781074 -0.0432186679997661263308 -0.0210474003753684905937 -0.0373134076642137393898 0.999081936852990626363 2.97254557216235459904
21595 1456.736000 -0.313816353037319917263 -0.0162124427154667835604 -0.0432187129304592645984 -0.0210476346948048863295 -0.0373139321279327140779 0.999081912328967258752 2.97254689337725785947
21596 1456.745000 -0.313816274851923704414 -0.0162123396273978447046 -0.0432187580407632429558 -0.0210478589641871667582 -0.0373144437343390991679 0.999081888496543890632 2.97254820861814428312
21597 1456.754000 -0.313816190587743792939 -0.0162122282905348552573 -0.0432188069719315476336 -0.0210481066216738205155 -0.0373149695563455147118 0.99908186364013817915 2.97254949428158177227
21598 1456.763000 -0.313816102928333950928 -0.0162121131214791949771 -0.0432188535266666701284 -0.0210483746185774478477 -0.0373155217752806009357 0.999081837368968717072 2.97255075087781328591
21599 1456.773000 -0.313816012447823644571 -0.0162119943246797557079 -0.0432189039580532508023 -0.0210486432479770543824 -0.03731610983522868491 0.999081809745420490465 2.97255218888125982701
21600 1456.782000 -0.313815936944021767196 -0.0162118947934034966785 -0.0432189476234291908296 -0.0210488692311504785315 -0.0373166254031713912065 0.999081785727579774203 2.97255350431131804001
21601 1456.791000 -0.313815850883275793137 -0.0162117818060328114371 -0.0432189971916438764321 -0.0210491217885981872493 -0.0373171556857108122074 0.999081760599930590594 2.97255478331354350274
21602 1456.800000 -0.313815771781933539053 -0.0162116778908593175967 -0.0432190436700985725071 -0.0210493480967360140077 -0.0373176657220448751429 0.999081736781210705267 2.97255608651840663725
21603 1456.809000 -0.313815685985032510885 -0.0162115650334453756387 -0.0432190887013508065473 -0.0210496106098875292167 -0.0373182151555668528697 0.999081710727793725901 2.97255734204335908544
21604 1456.817000 -0.313815613838631546351 -0.0162114704576355392329 -0.0432191317974284228143 -0.0210498230584982119751 -0.0373186768007742822317 0.999081689007983442252 2.97255849768005209199
21605 1456.826000 -0.31381553485124913383 -0.0162113669822138602161 -0.0432191784053487376704 -0.0210500491013425397591 -0.0373191861584709627664 0.999081665219265446787 2.97255979863693919896
21606 1456.836000 -0.313815448073841984922 -0.016211211441714092063 -0.0432192225559832124415 -0.0210503080312276005803 -0.037319768349082044212 0.999081638016714568273 2.97256110509360915728
21607 1456.845000 -0.313815361228655331782 -0.0162111394818101467452 -0.0432192779210742034079 -0.021050561737859355832 -0.0373202938556206065268 0.999081613041222338367 2.97256250532689758614
21608 1456.854000 -0.313815273922162629727 -0.0162110256904652860754 -0.0432193248149338737907 -0.0210508285982320443586 -0.0373208432214271607075 0.999081586896970685885 2.97256375272798445408
21609 1456.864000 -0.313815183940512831828 -0.0162109087635816349893 -0.0432193756104907317317 -0.02105109595759806565 -0.0373214279007597210525 0.999081559422669296389 2.97256518183009799117
21610 1456.873000 -0.313815108980361356927 -0.0162108112108469981649 -0.0432194195689810933825 -0.0210513207542707518616 -0.0373219401269170511504 0.999081535551360144787 2.97256649025956498633
21611 1456.882000 -0.313815023544317783788 -0.0162107004445321140063 -0.0432194693782277650218 -0.0210515720507533192485 -0.0373224667242103708142 0.999081510584502896499 2.97256776297604430326
21612 1456.891000 -0.313814945134885947553 -0.0162105989380929016441 -0.0432195160328835981112 -0.0210517970000906329275 -0.0373229727171298236721 0.999081486942193008893 2.97256906034475676393
21613 1456.900000 -0.313814860079919821789 -0.0162104886069863105003 -0.0432195611666926493566 -0.0210520580387596432936 -0.0373235177700337802942 0.999081461079927568569 2.9725703101882987589
21614 1456.908000 -0.313814788618884898952 -0.0162103963155082984871 -0.0432196042912987299367 -0.0210522690779890025992 -0.0373239752796849719174 0.999081439541336546739 2.97257146068714428466
21615 1456.918000 -0.313814698859976481948 -0.0162102805797605734051 -0.0432196557096300865153 -0.0210525363164411061234 -0.0373245552564546029251 0.99908141224304281014 2.97257288249564055604
21616 1456.926438 -0.313814625544339920182 -0.0162101855479297035645 -0.0432196959153190451985 -0.0210527538769727864953 -0.0373250234017071455539 0.999081390169118122024 2.97257400258240567226
21617 1456.936000 -0.313814538405463194781 -0.0162100729007318908326 -0.0432197501119330335095 -0.0210530022015943396596 -0.0373255768591714484628 0.999081364259402859851 2.97257544741096157992
21618 1456.944000 -0.313814464640826407127 -0.0162099782871982234234 -0.0432197903205645550528 -0.0210532310475361958413 -0.0373260582567490964423 0.999081341451972693157 2.9725765686388485598
21619 1456.950000 -0.313814418293842045671 -0.0162099170798633354651 -0.0432198187497191063655 -0.0210533578170720679645 -0.0373263747196021095087 0.999081326957379278753 2.9725774444155570464
21620 1456.959000 -0.313814331653443356895 -0.0162098064369521829842 -0.0432198690276663216592 -0.0210536159871191792814 -0.0373269046667581497201 0.999081301717665959394 2.97257870316594408067
21621 1456.968000 -0.313814245686721948747 -0.0162096957166785876625 -0.043219914653170654617 -0.0210538789757923200385 -0.0373274499651822522228 0.999081275802509272133 2.97257994322664664821
21622 1456.976000 -0.313814184525450456942 -0.0162096157732212822755 -0.0432199532826064991564 -0.0210540509450356030929 -0.0373278736575534189623 0.999081256348556268065 2.97258111869899410706
21623 1456.984000 -0.313814101195065919825 -0.0162095093365698730836 -0.0432199986316470358139 -0.0210543067660617852499 -0.037328369345113007749 0.999081232437400545976 2.97258219733777684368
21624 1456.992000 -0.313814037109961974092 -0.0162094273459801457848 -0.0432200374115054575253 -0.0210544909224914603141 -0.0373288074096956370984 0.99908121218916157158 2.97258336878835649486
21625 1457.001000 -0.313813954185705124011 -0.0162093201584903971735 -0.0432200865365669067986 -0.0210547345586161900599 -0.0373293225915178952801 0.999081187805838211169 2.97258462874126561104
21626 1457.010000 -0.313813867922043077119 -0.0162092092608116383756 -0.0432201332967157569875 -0.0210549985728360304627 -0.037329864185382546915 0.999081162005869605203 2.97258586028556415215
21627 1457.019000 -0.313813792096612698135 -0.0162091126179529712581 -0.0432201770960066317118 -0.0210552260120313132485 -0.037330377568598895055 0.999081138030424531493 2.97258715509383630859
21628 1457.028000 -0.313813718168975741563 -0.0162090161584220668334 -0.0432202226675828041214 -0.0210554341673592423922 -0.0373308620159134157968 0.99908111554226308737 2.972588441908459167
21629 1457.036000 -0.31381363511942189648 -0.0162089104895011340557 -0.0432202680966014551878 -0.0210556893644874634774 -0.0373313556502184798469 0.999081091719137170948 2.97258951591409914528
21630 1457.045000 -0.313813559474553915862 -0.0162088143521848700168 -0.0432203119310081013138 -0.021055916417610762853 -0.0373318678036888978999 0.999081067796854238594 2.97259080835013689281
21631 1457.054000 -0.313813485733469565986 -0.0162087184099962630657 -0.0432203575281302279643 -0.0210561241648643746038 -0.0373323509967524586051 0.999081045363292341577 2.97259209281273095726
21632 1457.063000 -0.3138133997219133553 -0.0162086094332464722423 -0.0432204079305438595981 -0.0210563808309635266958 -0.0373328762867443306184 0.999081020325408908356 2.97259334079515724625
21633 1457.072000 -0.313813314408986632209 -0.0162085004601052809492 -0.0432204536772255107357 -0.0210566422918150412957 -0.0373334168574137176266 0.999080994615123896274 2.97259457037007646107
21634 1457.080000 -0.313813253848056805673 -0.0162084221274729246842 -0.0432204924059229750322 -0.0210568128749600604055 -0.0373338362858659442156 0.999080975346707700346 2.97259573671403165562
21635 1457.089000 -0.313813168023355737457 -0.0162083136211463203769 -0.0432205427977218753499 -0.0210570690704352178613 -0.037334360297743722501 0.999080950365545339409 2.97259698211673262236
21636 1457.099000 -0.313813082405404009112 -0.0162081644270247182682 -0.0432205876458142748686 -0.0210573249627891527502 -0.0373349292871595836441 0.999080923709653401232 2.97259826325666631774
21637 1457.108000 -0.313812998901242368177 -0.016208055639683874305 -0.0432206316210164837033 -0.0210575810482006089974 -0.0373354625869762868362 0.999080898383016280384 2.97259948405838070329
21638 1457.116000 -0.313812925540923493006 -0.0162080047052922358863 -0.0432206821067846053142 -0.0210577979578051230347 -0.0373359158144274741464 0.99908087687407298727 2.97260074103606486418
21639 1457.126000 -0.313812840061130193803 -0.0162078559018353982046 -0.0432207267369445896632 -0.0210580531585362537572 -0.0373364812057431980086 0.99908085036614791008 2.97260201745999097511
21640 1457.135000 -0.313812761260799655272 -0.0162077958838218669224 -0.0432207788648312635216 -0.0210582792483785113946 -0.0373369791859258642885 0.999080826990672909993 2.97260341201050382054
21641 1457.145000 -0.313812679043210418506 -0.0162076501710868917105 -0.0432208235884611047251 -0.0210585218372507480822 -0.0373375318170464168266 0.99908080122472631146 2.97260469246130210053
21642 1457.154000 -0.313812590915832023697 -0.0162075788990427363534 -0.0432208797456317544983 -0.0210587838287985863739 -0.0373380547150721636696 0.999080776160639727479 2.97260604893870672427
21643 1457.163000 -0.313812506180510708553 -0.0162074711936171164672 -0.0432209254457752850564 -0.0210590437171897654212 -0.0373385910101812559803 0.999080750639852799289 2.97260726824267118573
21644 1457.172500 -0.31381243314711659842 -0.0162073784877172707986 -0.0432209692863105288119 -0.0210592633349608281124 -0.0373390888890848329784 0.999080727403307333745 2.9726085447242938109
21645 1457.181000 -0.313812349605885387849 -0.0162072723994681928972 -0.04322101899412830045 -0.0210595095005303503677 -0.0373396012685258682495 0.999080703064924913193 2.97260978499864503277
21646 1457.190000 -0.313812273064710822723 -0.0162071754336809287222 -0.0432210655747384264735 -0.0210597293849820108025 -0.0373400931784898734711 0.999080680045236979581 2.97261104958529687181
21647 1457.199000 -0.313812189858907020223 -0.016207069533181517329 -0.0432211106638594744211 -0.0210599854230311377135 -0.0373406242704204457961 0.999080654798738865274 2.97261226640029141421
21648 1457.208000 -0.31381210749288118711 -0.0162069646307201609137 -0.0432211600700059678237 -0.0210602274343042496219 -0.0373411315636279009245 0.999080630737060659818 2.97261350297498916362
21649 1457.217000 -0.313812032307333899084 -0.0162068701768037677635 -0.0432212052209994396224 -0.0210604539112565387893 -0.0373416341230185105937 0.999080607179458013434 2.97261477245850169737
21650 1457.227000 -0.313811945207051745665 -0.0162067600554612820107 -0.0432212555492908628851 -0.0210607135657892817482 -0.037342199291325331445 0.999080580582060395756 2.97261615967578229913
21651 1457.236000 -0.313811872642049904947 -0.0162066667047216644848 -0.0432213011297331237137 -0.021060918295324526639 -0.0373426739692727174824 0.999080558524377604357 2.97261742406410744977
21652 1457.246000 -0.313811776597542280154 -0.0162065461529431534271 -0.0432213560137376245907 -0.0210612137397804231875 -0.0373432652411207002818 0.999080530196109206642 2.97261877581640465706
21653 1457.255000 -0.313811700487375278001 -0.0162064500895147574344 -0.0432214026178774218812 -0.0210614325975636666743 -0.0373437541479909249076 0.999080507308131249289 2.97262003332240620779
21654 1457.261000 -0.313811646996298376777 -0.0162063820002410832744 -0.0432214345944207031791 -0.0210615903322188442737 -0.0373440892713054542473 0.999080491456606600842 2.9726208569624072986
21655 1457.270000 -0.313811562441181579608 -0.016206275001041717948 -0.0432214813981262463427 -0.0210618501158975623966 -0.03734461869882984425 0.99908046619075407957 2.97262206062847589294
21656 1457.275000 -0.313811530055855880672 -0.0162062334804946514555 -0.0432215033899871203804 -0.0210619379228449525587 -0.0373448639286654560099 0.999080455173197545804 2.9726227987238660333
21657 1457.284000 -0.313811445474892702912 -0.0162061275605763499552 -0.0432215537779402567131 -0.0210621909445521775239 -0.0373453789278676631658 0.999080430588723644725 2.9726240221571300637
21658 1457.293000 -0.313811361585127956975 -0.0162060215816848471326 -0.0432215995096001115439 -0.0210624487715053085313 -0.037345909237227171984 0.999080405330317833368 2.97262522699869657927
21659 1457.303000 -0.313811275929400779194 -0.016205913427245734193 -0.0432216499866930614626 -0.0210627052480407070401 -0.0373464665926694985854 0.999080379089028469686 2.97262660407150525188
21660 1457.312000 -0.313811194249875247131 -0.0162058098929020975854 -0.0432216994058107484289 -0.0210629455832579033647 -0.037346969083821235369 0.999080355238560868791 2.97262782906072331457
21661 1457.322000 -0.313811107186651727652 -0.0162057003013139286351 -0.0432217510738631752187 -0.0210632058189428421346 -0.0373475278644281316609 0.999080328864023203828 2.97262920027497834496
21662 1457.331000 -0.313811033402495276334 -0.0162056081225921133626 -0.0432217948990223643779 -0.0210634281732188129166 -0.0373480266901688728876 0.999080305529011170051 2.97263046103862960123
21663 1457.341000 -0.313810948656997379391 -0.0162055008388950344544 -0.0432218456314736459989 -0.0210636813392887679852 -0.0373485779409580206933 0.999080279584290908979 2.97263183084191817684
21664 1457.349000 -0.313810877339736948866 -0.0162054108722705612899 -0.0432218908669240731157 -0.0210638832177607801532 -0.0373490086071240554033 0.999080259228383171788 2.9726329293866702308
21665 1457.359000 -0.313810790764286640098 -0.0162053020561054167414 -0.0432219419678708804966 -0.0210641420144833564632 -0.0373495666821199098773 0.999080232909175025569 2.97263429750928365181
21666 1457.368000 -0.31381070865380844559 -0.0162051982604286999579 -0.0432219870752516555079 -0.021064395359703530497 -0.0373500900018502585143 0.999080208003833791786 2.97263549514509239913
21667 1457.378000 -0.313810624585472042192 -0.0162050923050951305171 -0.043222041365189284301 -0.0210646358577609854601 -0.0373506209384549189845 0.999080183084266826299 2.9726368851852464914
21668 1457.387000 -0.313810540772499868556 -0.0162049866369843760527 -0.0432220881697974040891 -0.0210648937882151957024 -0.0373511450126057936716 0.999080158053365807724 2.97263807519520195655
21669 1457.397000 -0.313810454639925351383 -0.0162048785121161713352 -0.0432221388648414556188 -0.0210651512491110241843 -0.0373517016904841500646 0.99908013181309807127 2.97263943984940492982
21670 1457.406000 -0.313810383113813762268 -0.0162047886820825999543 -0.0432221827416528897592 -0.0210653671736077408028 -0.0373521888353646053238 0.999080109047842057635 2.97264068969908823448
