13533 598.447000 -0.352219470427663772227 -0.00624146446020438193381 -0.0990984557117002284876 -0.0168534304613061035327 -0.0226328978838701219689 0.999601777616998865561 3.06979018614718590641
13534 598.451000 -0.352216522041177260149 -0.00624189089566466043246 -0.0991000034453904943277 -0.0168608794010716191158 -0.0226415864999566229798 0.999601455234328639676 3.06979756685062721289
13535 598.455000 -0.352213777401532479594 -0.00624165103628782514528 -0.0991006949081855992301 -0.0168664547153351655762 -0.0226517249535558261309 0.999601131482935167938 3.06980419845720131633
13536 598.459000 -0.352211249621625810402 -0.00624081274572686924007 -0.0991006023714953443449 -0.0168702952181685739141 -0.0226629231279712010927 0.999600812852084130711 3.06981005208634671888
13537 598.463000 -0.352208930190763380708 -0.00623939590670635410574 -0.0990998085695611041768 -0.01687265667018663165 -0.0226748820474648449252 0.9996005017911021584 3.06981493535398097805
13538 598.467000 -0.352206817453167064791 -0.00623746889501158256058 -0.099098402202665275551 -0.0168737492181687855075 -0.0226872553657631696733 0.999600202596663711674 3.06981881012875046366
13539 598.470312 -0.352205564724772823837 -0.00623619509096778271845 -0.0990962123443221709618 -0.016872658033907098063 -0.022698285204859631331 0.999599970618061606231 3.0698235762238414992
13540 598.474000 -0.352203539767411200057 -0.00623297559023888985558 -0.0990947690969836980646 -0.0168734282221582078398 -0.0227090726760132040341 0.999599712604113843639 3.06982281753930585921
13541 598.478000 -0.352201874914555790319 -0.00622986723480950174703 -0.0990921914768007616736 -0.0168723558072927763696 -0.0227211930145403244452 0.999599455280718030004 3.06982346229450708819
13542 598.482000 -0.352200319205408285406 -0.00622641688450235181174 -0.0990893752588791892899 -0.0168709330046543197479 -0.0227328213044490461126 0.999599214913203137911 3.06982284014649753345
13543 598.486000 -0.352198857214608529453 -0.00622269366816359439237 -0.0990864100401642466931 -0.0168693067953992470454 -0.0227437867944695927547 0.999598992921906903675 3.06982099772734517984
13544 598.491000 -0.352197109160865218236 -0.00621771896351632109845 -0.0990826313546546710853 -0.0168672439634780027551 -0.0227564096500015577984 0.999598740445843847446 3.06981697559417909815
13545 598.496000 -0.352195218261667220006 -0.00621203102446006832221 -0.0990796254401570264392 -0.0168663575351119567058 -0.0227677329026012460755 0.999598497558881748937 3.06980985479568246888
13546 598.501000 -0.352193723082452725404 -0.00620708365317064730132 -0.0990753880171889589334 -0.0168636857336566213517 -0.0227776248070429461479 0.999598317281309767246 3.06980366566336160261
13547 598.507000 -0.35219152725967095563 -0.00620007588816224794459 -0.099072090813447241664 -0.0168628838903160799267 -0.0227883099082786463874 0.999598087272292712413 3.06979189489254000733
13548 598.512000 -0.352189914310838791955 -0.0061950695365793687075 -0.09906879527617008796 -0.0168611986289317235255 -0.0227948311152357842302 0.999597967012350152594 3.06978240336678309674
13549 598.519000 -0.352187292057217271601 -0.00618719774523789501491 -0.0990659681250310869549 -0.0168606468597397203546 -0.0228038171164373359989 0.999597771362257025984 3.06976577479144374649
13550 598.526000 -0.352184690944253642186 -0.00618011703953661156036 -0.0990636290822958787139 -0.0168597601016661179096 -0.0228103334736671284344 0.999597637640332936648 3.06974873239850420958
13551 598.532000 -0.352182403391338161303 -0.00617442710539909279249 -0.0990623511254001831716 -0.0168590310815238918207 -0.0228149269410542511471 0.9995975451048619842 3.06973375502490641864
13552 598.538000 -0.35218009615838302695 -0.00616915318974976204652 -0.0990616937553879944867 -0.0168581585003875454587 -0.0228189008594104833505 0.999597469112214365161 3.0697189043237891326
13553 598.545000 -0.352177434718226878285 -0.00616359026552851241298 -0.0990615993614839818182 -0.0168568015051598733833 -0.0228231087199873977633 0.999597395930667320663 3.06970227977719734014
13554 598.552000 -0.352174860886880547461 -0.00615867833997169392135 -0.0990620768250760619367 -0.0168550141249631350859 -0.0228272024374389335966 0.999597332593343712581 3.06968687927022632067
13555 598.559000 -0.35217253469945741795 -0.00615407908613747629128 -0.0990626407780204054632 -0.016852299480898006584 -0.0228320782770323922606 0.999597267004946221647 3.06967256638532592916
13556 598.565000 -0.35217054486796828261 -0.00615132256292373093276 -0.099063834316978127692 -0.0168504441039206351305 -0.022835211828315864907 0.999597226703964225614 3.0696629414272913472
13557 598.571000 -0.352168834620745607733 -0.00614866979682776072791 -0.0990647550439790053334 -0.0168478618299240170963 -0.0228392293864743134435 0.999597178443792699909 3.06965429055219996002
13558 598.577000 -0.352167330113791587909 -0.00614643183901489656429 -0.0990655971692606940326 -0.0168451031329234744705 -0.02284348476894787483 0.999597127698980680854 3.06964721215235725182
13559 598.581000 -0.352166374362624601257 -0.0061454915790035771761 -0.0990663318834871936547 -0.0168435571797360267299 -0.0228462181596470921552 0.999597091280949534564 3.06964421692096811611
13560 598.586000 -0.35216543076205258922 -0.00614412124772806787776 -0.0990667430936176124368 -0.0168410692468216188766 -0.0228500571481663750095 0.999597045451290466822 3.06964043337576830695
13561 598.593000 -0.35216443140153097513 -0.00614225681183666171598 -0.0990668260910588932555 -0.0168373763083570424093 -0.022855519691043109376 0.999596982777911091667 3.06963588037790824359
13562 598.600000 -0.352163662422493917159 -0.0061410901425924570296 -0.0990667137852037221757 -0.0168341444122684022466 -0.0228608603159772480473 0.999596915085035786497 3.06963400389357810027
13563 598.606000 -0.352163209689037914885 -0.00614030631602555110327 -0.099066274916654720184 -0.0168316335696268443156 -0.022865381649919212792 0.999596853953323094544 3.06963356252845942507
13564 598.613000 -0.352162893793917852747 -0.00613930278055776438434 -0.0990654120776258279024 -0.0168291096996292348364 -0.0228702945980532833248 0.999596784054308629131 3.06963323871662652209
13565 598.619000 -0.352162769917843010425 -0.0061391327256731034745 -0.0990643340455785031962 -0.0168272452657737235648 -0.0228745305661127544539 0.999596718516095106288 3.06963555741557136969
13566 598.625000 -0.352162763699767678016 -0.00613903109108726845883 -0.099062955158357862695 -0.0168256700058298860889 -0.0228784864961643560899 0.999596654498453141002 3.06963835013238162119
13567 598.632000 -0.35216274917118950416 -0.006138297720264088847 -0.0990614589821269264647 -0.016824891339039957372 -0.0228824026290114120041 0.999596577966007870941 3.06963983716041743932
13568 598.639000 -0.352162719652629296885 -0.00613755926029615692108 -0.0990599467511289050181 -0.0168249271707864890557 -0.022885916776421075941 0.999596496912129151013 3.06964146155551809159
13569 598.646000 -0.35216271445821528685 -0.00613738898833171044045 -0.0990581461419313274996 -0.0168252067663719334645 -0.0228891127143544918787 0.999596419029409322121 3.06964487090502791133
13570 598.653000 -0.352162538351623644051 -0.0061368485765067194021 -0.0990567036394217337314 -0.0168265799940036722693 -0.0228917492016891405138 0.999596335539597924402 3.06964698616572606582
13571 598.660500 -0.352162188279671328761 -0.00613624056293220199176 -0.099055550739246073233 -0.0168287487109464728441 -0.0228939010806564792466 0.999596249747933485175 3.06964865419602572771
13572 598.668000 -0.352161501087899120321 -0.00613515614443083546342 -0.0990547851991497030344 -0.0168323186483922727918 -0.0228959206219776778557 0.999596143383812307803 3.0696490376451728288
13573 598.675000 -0.352160679802615117495 -0.00613467771768903824547 -0.0990544145698051270443 -0.016835923125067486783 -0.0228971012343431902514 0.999596055638271807631 3.06965019152367846189
13574 598.683000 -0.352159418570325510878 -0.00613345818965153888325 -0.0990546493257851573544 -0.0168408941149379744184 -0.0228982862232892485366 0.999595944756403120834 3.06964910505303922861
13575 598.690000 -0.352158039599355154881 -0.00613288926122188167434 -0.0990553572410331484299 -0.0168457171790060492023 -0.0228987375109270321905 0.999595853149226831746 3.06964888965981552715
13576 598.697000 -0.352156449219754419389 -0.00613203542777803183722 -0.0990564651534302509361 -0.0168507886682615556917 -0.0228991316167720670993 0.999595758640689280305 3.06964742704616222468
13577 598.703000 -0.35215490108596902985 -0.00613159281970827169106 -0.0990578148178598294482 -0.0168553682989437576822 -0.022899154217288039681 0.999595680910857153911 3.06964651337982674661
13578 598.710000 -0.35215305064271168467 -0.00613055571297703091882 -0.0990593674988330397113 -0.0168602196013340963066 -0.0228994741705723717229 0.999595591765843116683 3.0696437788673427427
13579 598.716000 -0.35215130813850586966 -0.00613019897595490186049 -0.0990610995243505210173 -0.0168645425868791977442 -0.0228993853421646451074 0.999595520875462106858 3.06964245603012253483
13580 598.722000 -0.352149582399618132911 -0.00612964909165932513024 -0.0990627385383572311994 -0.0168683288839942026327 -0.0228994836291178845145 0.999595454736655675276 3.06964045130191287569
13581 598.728000 -0.352147910999913438257 -0.0061289281644132699578 -0.0990642132128608382535 -0.016871475310755942173 -0.0228997773557710199155 0.999595394906306333738 3.06963786322372511606
13582 598.732188 -0.352146741877497782003 -0.00612889766733676864818 -0.0990654052996850220669 -0.0168736523998250717571 -0.0228997432787813245958 0.999595358939033729051 3.06963720159907982321
13583 598.737000 -0.352145379547925241326 -0.00612860153756104690526 -0.0990666332968017093741 -0.016875767860411016591 -0.0228999590889131243721 0.999595318282777700603 3.06963569146946113619
13584 598.742000 -0.352144118176785925201 -0.00612813274560585884848 -0.0990676384804944354379 -0.0168773007351552921385 -0.0229003568703085337577 0.999595283289746117106 3.06963372997998185099
13585 598.747000 -0.352142893812508239737 -0.00612794817969031409277 -0.0990686347029448854951 -0.0168786063860947715964 -0.0229007097865526129676 0.999595253158864993637 3.06963250166910794903
13586 598.753438 -0.352141528446469065372 -0.00612802458538481108208 -0.0990696799726250298956 -0.0168796782912506194985 -0.0229011330617451755454 0.999595225361382122564 3.06963186921897479564
13587 598.758000 -0.352140530602614854061 -0.00612795010595575118106 -0.0990702819230538100914 -0.0168799904741100161021 -0.0229016790418486264336 0.999595207580877609388 3.06963107269677859534
13588 598.765000 -0.352139325365698585557 -0.00612768025709193274453 -0.0990708095017826112505 -0.0168797651129735312714 -0.0229027113309391433527 0.999595187735226486936 3.06962967809498410432
13589 598.772000 -0.352138338309939569193 -0.00612770118824574293315 -0.0990710014978964104149 -0.0168788470483924035737 -0.0229038140754054472814 0.999595177971120407712 3.06962929580972554433
13590 598.778000 -0.352137670200173336088 -0.00612774118858593324494 -0.0990708833465199500967 -0.0168775898618239612869 -0.0229049253973779252946 0.999595173734345587846 3.06962926006088965281
13591 598.786000 -0.352137004938275210986 -0.00612760487758423535304 -0.0990704380290820529886 -0.0168754791585333761839 -0.022906647644151807014 0.999595169904735292299 3.06962903249603158429
13592 598.793000 -0.3521366594720554688 -0.00612786268345092040299 -0.0990696113221864183007 -0.0168730797739048317407 -0.0229082096792140241237 0.99959517461232105795 3.06963019324588959336
13593 598.801000 -0.352136406474539365163 -0.00612769036329580390338 -0.099068619905967686412 -0.0168704468552257451364 -0.0229102383022383032651 0.999595172559291422765 3.06963060690464040192
13594 598.808000 -0.352136358576385366526 -0.00612786065942267331452 -0.0990674171088729432766 -0.0168678747580161061959 -0.022912000806600406333 0.999595175568683158573 3.0696321487526470051
13595 598.816000 -0.352136330546015063891 -0.00612755830133532731346 -0.0990662148652635687895 -0.0168655136425836550684 -0.0229141687717508146793 0.999595165714136313362 3.06963281806065735324
13596 598.824000 -0.352136361449627455222 -0.00612735171660222250473 -0.0990649407429705086692 -0.0168634269265600066079 -0.0229162914807993500776 0.999595152257682584285 3.06963398396933850876
13597 598.832000 -0.35213636426584971062 -0.00612703973968051034127 -0.0990638000332604296005 -0.0168619294880280774784 -0.0229183593366035186223 0.999595130109815488417 3.06963500663896216025
13598 598.839000 -0.352136311591760953199 -0.00612684858966582208961 -0.0990629256737234065167 -0.0168611232311571129783 -0.0229200489672354464077 0.999595104969368764003 3.06963617569571889376
13599 598.846000 -0.352136153422527575785 -0.00612641048195109155089 -0.0990623238280814721879 -0.0168609764430465852714 -0.0229216573724850339322 0.999595070564418763936 3.06963665612292713192
13600 598.853000 -0.352135882396198696132 -0.00612573076224527841849 -0.099061953195207205769 -0.0168614293839735585046 -0.022923198631461281366 0.99959502758048557336 3.06963640247679370177
13601 598.860000 -0.352135483690221295916 -0.0061253237908463738573 -0.0990618112168880210477 -0.0168624021409011018435 -0.0229244824069322512827 0.99959498173030703061 3.0696367860472819622
13602 598.868000 -0.352134880702507591099 -0.00612445322126183456374 -0.099061899092161662117 -0.0168640864565796425034 -0.0229258742720595022624 0.99959492139408501199 3.06963592782774297163
13603 598.875000 -0.352134190877573471923 -0.00612394311541672106691 -0.0990622752466580464015 -0.016866106453202012877 -0.0229268347914402849386 0.999594865282707911724 3.06963565882483724323
13604 598.882500 -0.352133390071983964908 -0.00612325527767621294317 -0.0990628022524243090352 -0.0168683984676916906564 -0.0229276848096282952205 0.999594807110564032016 3.0696347217405692831
13605 598.890000 -0.352132371826593126851 -0.00612231259643268750648 -0.0990635122802340645221 -0.0168711832791282913269 -0.0229285536457362187912 0.999594740183478935869 3.0696329775812256635
13606 598.898000 -0.352131223921293312618 -0.00612151911292222860456 -0.0990644266660350991671 -0.0168741999608946029177 -0.0229292179871866640128 0.999594674024514628918 3.06963138423713521874
13607 598.904000 -0.352130289030235965608 -0.00612106847419212254241 -0.0990652373276659642398 -0.0168765657867452102681 -0.0229295813629263114941 0.999594625748741583138 3.0696304246484431566
13608 598.908000 -0.352129644175859235489 -0.00612081457485270062635 -0.0990658051722101279379 -0.0168781351881103457158 -0.022929776418908386082 0.999594594776277656223 3.069629844691255105
13609 598.913000 -0.35212885492426582168 -0.00612033595391618147341 -0.0990664238786631012879 -0.0168799143319721990653 -0.022930082250404066474 0.999594557718345599895 3.06962863300007082756
13610 598.916000 -0.352128363085942142074 -0.00612018811007361551724 -0.099066844162149267361 -0.0168810031882470693021 -0.0229301869625273060938 0.999594536928459787006 3.06962825018516261011
13611 598.920000 -0.352127750000090888882 -0.00611969207497007651464 -0.0990672577391120273704 -0.0168822131980778840366 -0.0229304714253653722789 0.999594509967789535132 3.06962692515030566298
13612 598.925000 -0.352126967514694966255 -0.00611924102863671635216 -0.0990678160126275270114 -0.0168837164959421484611 -0.0229307647678163237237 0.999594477848116058638 3.06962568095436250104
13613 598.930000 -0.352126202733719417814 -0.00611880739405743639958 -0.0990683304295222610936 -0.0168850576068768597204 -0.0229310535582278735012 0.999594448570179983093 3.06962446635936858641
13614 598.934000 -0.352125605257685325711 -0.00611846566897767361881 -0.0990687061242062350086 -0.0168860241313538300689 -0.022931306546104902877 0.999594426439605499013 3.0696235003539058539
13615 598.939000 -0.352124880851637178658 -0.00611804384061547575774 -0.0990691258410606179208 -0.0168870934654491988702 -0.0229316575093763512505 0.999594400323532195074 3.06962230777344258215
13616 598.943000 -0.352124323909326741866 -0.0061177143421866971712 -0.0990694182437290571386 -0.0168878231611858040107 -0.022931957411240350142 0.999594381115743169097 3.06962138668495398974
13617 598.948000 -0.352123658872406486431 -0.00611731062495254537814 -0.0990697273627991620293 -0.0168885791137511412363 -0.0229323618098462612969 0.999594359066386828339 3.06962028115377982829
13618 598.952000 -0.352123149988963379808 -0.00611710177394033695342 -0.0990699278633274948991 -0.0168890715352910912583 -0.0229326776579478371076 0.999594343500458504259 3.06961972005608663139
13619 598.956000 -0.352122667578859349646 -0.00611666593333783786823 -0.0990700921880429408173 -0.0168894730199459323916 -0.0229331223502437890616 0.9995943265147003709 3.06961858560669842433
13620 598.960000 -0.352122207616706928146 -0.00611634345208944898986 -0.0990702157257654925093 -0.016889778760029380833 -0.0229335528966559953901 0.999594311470895502403 3.06961778020435138714
13621 598.964000 -0.352121771483948298176 -0.00611601894408073110121 -0.0990703019843592325167 -0.0168899991758331112501 -0.0229340185154812935264 0.999594297063849723806 3.06961700219925193167
13622 598.968000 -0.352121358717690180473 -0.00611569093364394168744 -0.0990703531385421082289 -0.0168901422139220921959 -0.0229345196412269955455 0.999594283149328410865 3.06961624997863768982
13623 598.972000 -0.352120968496206887544 -0.00611535795863001399586 -0.0990703718348481809919 -0.0168902166572613421369 -0.0229350561372883877953 0.999594269582039118838 3.06961552122245029395
13624 598.976000 -0.352120599673827583409 -0.00611501859562597546716 -0.0990703611155009516986 -0.0168902319284513352526 -0.0229356273189133610946 0.999594256218437338113 3.069614812976284135
13625 598.980000 -0.352120250819500657524 -0.00611467148332518750653 -0.0990703243399906341438 -0.0168901978930473296858 -0.0229362319849065431077 0.999594242919329967201 3.06961412173282388594
13626 598.986000 -0.352119754605540236092 -0.00611403586730705026625 -0.0990702579651639436698 -0.0168901201246657618749 -0.0229372299267766206754 0.999594221334567545334 3.06961284416765733951
13627 598.991188 -0.352119378902326196634 -0.00611366389257061645934 -0.0990701192194534119295 -0.0168899408366075531873 -0.0229380606335068300272 0.999594205301785998508 3.06961226442119805569
13628 598.997000 -0.352118947446532881695 -0.00611307914387230165454 -0.0990699638147895245144 -0.0168897460598297875778 -0.0229391370657162502189 0.999594183891000298559 3.06961126472842860125
13629 599.004000 -0.352118465845638606293 -0.00611227382876091199226 -0.0990697910776666690325 -0.0168895582151239974367 -0.0229404663930325887489 0.9995941565580342969 3.0696098453466942324
13630 599.009000 -0.35211814086504578114 -0.00611181914881804913553 -0.0990696226571076699052 -0.0168894013618002339361 -0.0229414171779266408413 0.999594137387524006577 3.06960920296444239597
13631 599.016000 -0.352117683383684987319 -0.00611094517243363898745 -0.0990694526279930209878 -0.0168893158094174308803 -0.0229428085230555592333 0.999594106899677647959 3.06960770407062133458
13632 599.023000 -0.352117226900977298154 -0.00611010549632149367605 -0.0990692863553325059334 -0.0168893218352496668477 -0.0229442072688305805095 0.999594074692697676099 3.06960633167452368042
13633 599.030000 -0.352116760883162238649 -0.00610923029153060889729 -0.0990691593161973638182 -0.0168894475737324557818 -0.0229455863386733606435 0.999594040912724079995 3.06960488297323497164
13634 599.036000 -0.352116345343879422192 -0.00610844331897892819927 -0.0990690884742892602377 -0.0168896799189508020622 -0.0229467603725503344059 0.999594010036394808871 3.06960353544267361414
13635 599.043000 -0.352115836264766557395 -0.00610748493978726953585 -0.0990690554582824567387 -0.0168901019592491048738 -0.0229481089283030577353 0.999593971946820425423 3.06960183134850383979
13636 599.048000 -0.352115456630686884942 -0.006106785608629497486 -0.0990690663195420706533 -0.0168904849965891348806 -0.0229490336914998580009 0.999593944243964638297 3.0696005576894269673
13637 599.055000 -0.352114895906143143822 -0.00610576938511764831519 -0.0990691295262960958112 -0.0168911648222559059029 -0.0229503066749852241424 0.999593903530064165075 3.06959862767038726972
13638 599.061000 -0.352114385374901639469 -0.00610494174133846545516 -0.0990692413091131679481 -0.0168918686170897239252 -0.0229513322637952127403 0.999593868089405535038 3.06959705316194542135
13639 599.067000 -0.352113861830711138978 -0.00610397262320416453263 -0.0990693611782795247045 -0.0168926212615476412093 -0.0229523535631548404601 0.999593831920158382154 3.0695950472236410711
13640 599.073000 -0.352113311068076362265 -0.00610305110874415947253 -0.0990695284751791499511 -0.0168934679188884433187 -0.0229533186141800890634 0.999593795452067390706 3.06959312809547668621
13641 599.080000 -0.352112650698513607317 -0.00610191087340447146231 -0.0990697395207511821713 -0.016894495548088400011 -0.0229544087929214185584 0.999593753050279532069 3.06959065954762477801
13642 599.086000 -0.352112053002755165387 -0.00610102183942545870515 -0.0990699812834529708327 -0.0168954795362361437361 -0.0229552808854448751885 0.999593716392170539287 3.06958873624748429521
13643 599.093000 -0.352111344565721906541 -0.00609990850138119721641 -0.0990702610123057048064 -0.0168966352431493029018 -0.0229562933193444319857 0.999593673606679167243 3.06958623642103844986
13644 599.100000 -0.352110623972117231517 -0.00609879713344923558849 -0.0990705547504453776231 -0.0168977884611231608802 -0.0229572614863443290323 0.999593631877559785082 3.06958370550395853726
13645 599.106000 -0.352109998242552513226 -0.00609783756515333563719 -0.099070811103126696362 -0.0168987766714918663524 -0.0229580832809024269758 0.999593596297552511309 3.06958148907302730279
13646 599.113000 -0.352109263401018779405 -0.00609671108367034093878 -0.0990711086680808872273 -0.0168999126313732761506 -0.022959041770025133411 0.999593555078289841553 3.06957886102904842218
13647 599.120000 -0.352108535602872974035 -0.00609554968476382595666 -0.0990713846761175909172 -0.0169009737372668861211 -0.0229600004632690632422 0.999593515117749631393 3.06957613336508439161
13648 599.126000 -0.352107906186926000736 -0.00609462385609800712249 -0.099071635904436725073 -0.0169018831214348790037 -0.0229608079220505224838 0.999593481194488320263 3.06957397821023825202
13649 599.132000 -0.352107287223708709245 -0.00609365498682261450686 -0.0990718606729467515803 -0.0169027292117184466114 -0.0229616436040624184722 0.999593447691707881475 3.06957171289169172823
13650 599.139000 -0.352106576642755741968 -0.00609248301114838960307 -0.0990720970035071230031 -0.0169036540269868612585 -0.0229626605371906350461 0.999593408692549201255 3.06956896873962481465
13651 599.145000 -0.352105973871563004973 -0.00609153911465113145213 -0.0990722950842070626543 -0.0169044054583931055435 -0.0229635258543838920164 0.999593376106721387409 3.06956679883199035075
13652 599.152000 -0.352105287795329124911 -0.00609039581825071042742 -0.0990724969045259917788 -0.0169052032085380901649 -0.0229645714271155994279 0.99959333859507415454 3.06956418047299273155
13653 599.159000 -0.352104614588245101725 -0.00608923439961319389047 -0.0990726761452064424995 -0.0169059546703851683314 -0.0229656674039126276754 0.999593300706530296651 3.06956153624161753868
13654 599.166000 -0.352103958179348586199 -0.0060880690808749731574 -0.0990728343645241038562 -0.0169066366381714731915 -0.0229667821466660489194 0.999593263560440647986 3.06955891672124625558
13655 599.172000 -0.352103405604175190291 -0.00608707765741954304889 -0.0990729545727020155521 -0.0169071894083197005187 -0.0229677672730463876272 0.999593231576125784699 3.06955671482865000144
13656 599.179437 -0.352102772778076777982 -0.00608585376864325452301 -0.0990730796387944423476 -0.0169078076132351019789 -0.022968962418869365294 0.999593193657857259637 3.06955398124796641213
13657 599.187000 -0.352102064240016165986 -0.00608444574596625226831 -0.0990732068420074191151 -0.0169084717472794757165 -0.0229703498029116826018 0.999593150543311437239 3.0695508636378243672
13658 599.193000 -0.352101540723815276124 -0.00608340380426527962271 -0.0990732922171102814435 -0.0169089511526364366656 -0.0229714077650299448863 0.999593118121673840371 3.06954858540459829541
13659 599.197000 -0.352101194474553624847 -0.00608271749601778551064 -0.0990733463100815642255 -0.0169092660488829767129 -0.0229721227032494527964 0.999593096364813304966 3.06954710043361478355
13660 599.202000 -0.352100766121280550625 -0.00608180255406425267911 -0.0990734125449787839113 -0.0169096534489109572019 -0.0229730141643610281943 0.999593069323933436365 3.06954508433540596002
13661 599.207000 -0.352100337639832006165 -0.0060808841584489344706 -0.099073477978327467719 -0.0169100569111131047995 -0.0229739287235330366665 0.999593041479515775904 3.0695430615148286968
13662 599.212000 -0.352099913016483911932 -0.00607996088122019461009 -0.0990735422860794245903 -0.0169104480379306497395 -0.0229748307409843519067 0.999593014131040957793 3.06954103166804337377
13663 599.219000 -0.352099318172044983832 -0.0060786287161230315168 -0.0990736315984219600983 -0.0169110218764648018164 -0.0229761122882726730177 0.999592974966916347768 3.06953806963265884988
13664 599.227000 -0.352098637708470385554 -0.00607710928252366746477 -0.0990737421373771576238 -0.0169116947106007879664 -0.0229775756371100557673 0.999592929946914177108 3.0695347009736519972
13665 599.236000 -0.35209787179172885585 -0.00607536291246550674838 -0.0990738705234784911013 -0.0169124715108862483381 -0.0229792020418764023071 0.999592879416871360476 3.06953079270287876312
13666 599.244000 -0.352097184699239507122 -0.00607378490751918961171 -0.0990739974646057119934 -0.0169132055789827061287 -0.0229806489807506883483 0.999592833732548702308 3.0695272333834595635
13667 599.253000 -0.352096403925360013076 -0.00607197915323044821317 -0.0990741538129571719384 -0.0169140785490913513056 -0.0229822724056005650572 0.99959278163755749258 3.06952312314793607229
13668 599.260000 -0.352095791750852704638 -0.00607055622544355136944 -0.0990742905451117844562 -0.0169147792522834454487 -0.0229835158705570495596 0.999592741190668210294 3.06951986751868721726
13669 599.268000 -0.352095088568922909289 -0.00606892048793773643961 -0.0990744442898702920575 -0.0169155976134548434453 -0.0229849244180776977886 0.999592694954737570612 3.06951609648279655218
13670 599.277000 -0.352094287669612759917 -0.00606705082713799529609 -0.0990746363552711117872 -0.0169165650825225076515 -0.0229865129490471713225 0.99959264205387798885 3.06951175836923884077
13671 599.285000 -0.352093571570669561233 -0.00606537554751347164628 -0.0990748155705462596465 -0.0169174383036159725613 -0.0229879107103595423101 0.999592595131844618983 3.06950785664309711009
13672 599.294000 -0.352092762563997241365 -0.00606347782382645351246 -0.0990750245896155068426 -0.0169184286987682230841 -0.0229894710311213529286 0.999592542485223889415 3.06950342621601146575
13673 599.302000 -0.35209203965294155747 -0.00606177535490309230687 -0.0990752158046551700821 -0.0169193246622438009386 -0.0229908655950129652001 0.99959249524602045156 3.06949944116426420848
13674 599.310000 -0.352091315395709925085 -0.00606006164303166550839 -0.0990754098744445615976 -0.0169202233981535429819 -0.0229922635023438667878 0.999592447880232715107 3.06949542694989974123
13675 599.318000 -0.352090590951993909208 -0.00605833722151225342878 -0.0990756051207825061411 -0.0169211205192557959109 -0.0229936674611901231691 0.999592400399811453759 3.0694913881094425534
13676 599.327000 -0.352089775869803334185 -0.00605638168495767348354 -0.099075824790761990446 -0.0169221313913591152323 -0.0229952652453821008993 0.999592346532059194963 3.0694868082054695968
13677 599.335000 -0.352089053091995896061 -0.00605460841119284318146 -0.0990760238264362658178 -0.0169230224057796557746 -0.0229967027517681207871 0.999592298377293575484 3.06948265719354917991
13678 599.343000 -0.352088334168983163597 -0.00605284876622329617857 -0.0990762139845138140037 -0.0169238942332077188513 -0.0229981378801065103334 0.99959225059922851564 3.06947854809637954432
13679 599.351000 -0.352087619245465444084 -0.00605110800108965216082 -0.0990763954029918875177 -0.0169247469022586992382 -0.022999568094284834896 0.999592203255793121386 3.06947449422196250168
13680 599.360000 -0.352086818766792208901 -0.00604910633396010984086 -0.0990766009808371206358 -0.0169256931376533040212 -0.0230011985081533115727 0.999592149718573241834 3.06946983230787839858
13681 599.368000 -0.35208610974383541814 -0.00604731086167431628603 -0.0990767800375089713327 -0.0169265292688173286939 -0.023002665764657356795 0.999592101796843657269 3.06946564874072036488
13682 599.377000 -0.352085314790181902467 -0.00604527188161936134686 -0.0990769774775462352956 -0.016927465454627362712 -0.0230043352390622186932 0.999592047524134441616 3.06946089284699175082
13683 599.385000 -0.352084612363985138828 -0.00604344723261546201698 -0.099077148932550929139 -0.0169282807217696930346 -0.0230058196178690409217 0.999591999555576204983 3.06945663593500128741
13684 599.393438 -0.352083911981198482977 -0.00604156792139809353109 -0.0990773219795224868722 -0.0169290950839715952092 -0.0230073292811025335858 0.999591951017508306698 3.06945223495373253897
13685 599.402000 -0.352083129157868546244 -0.0060395242814924657293 -0.0990775035862647007745 -0.0169299820659074458373 -0.0230089839885781431705 0.99959189790787195129 3.06944746495794262842
13686 599.410000 -0.352082433010472428681 -0.00603761039223503753054 -0.0990776725495635668395 -0.0169307865567309250021 -0.0230105040337888547275 0.999591849291840417457 3.06944296427555185502
13687 599.418000 -0.35208173897994388124 -0.0060357226426127445762 -0.0990778352599711031878 -0.0169315813868502057504 -0.0230120066721888824612 0.999591801237214805376 3.06943852476293255194
13688 599.425000 -0.35208113095118620528 -0.00603400793762207381804 -0.0990779820713444947522 -0.0169322908923714744722 -0.023013353237219258407 0.999591758218281278836 3.06943446764293259577
13689 599.434000 -0.352080354362820813208 -0.00603195131427287228876 -0.0990781540415057171423 -0.0169331621023427365824 -0.0230149960964913316563 0.999591705635803018382 3.06942963698327098143
13690 599.442000 -0.352079661992393044834 -0.00602997163888257733944 -0.0990783213005309304489 -0.0169339654041744808177 -0.0230165275221597756539 0.999591656766157687919 3.06942493865514220985
13691 599.450000 -0.352078970542880564931 -0.00602802675005828687838 -0.0990784840521580362216 -0.0169347634582213552035 -0.023018038635470659814 0.999591608450166035915 3.06942032598270131416
13692 599.459000 -0.352078192314606075453 -0.00602587394678038255902 -0.099078663315804865741 -0.0169356648782516515384 -0.023019725357633174373 0.999591554335865106751 3.06941522160732072066
13693 599.467000 -0.352077500765833328877 -0.0060238471819064366708 -0.0990788330617787815768 -0.0169364767831705759216 -0.0230212663945618574435 0.999591505089836074305 3.06941038751315087296
13694 599.475000 -0.352076810179725974148 -0.00602192167896940192678 -0.0990789941492121184474 -0.0169372773765905995647 -0.0230227607398689193552 0.999591457107844250096 3.06940581813174873105
13695 599.483000 -0.352076118903744850197 -0.00601986872744213891151 -0.0990791665655634673504 -0.0169380964532063714445 -0.0230243102406443751751 0.999591407539342724498 3.06940091433043216185
13696 599.491000 -0.352075428263882495017 -0.00601786328990780439163 -0.0990793351928849208576 -0.0169389112528493916698 -0.0230258379517108736911 0.999591358542174179824 3.06939613629184782084
13697 599.499000 -0.352074737921811209418 -0.00601584770422311509996 -0.099079504988557304257 -0.0169397289826884178687 -0.0230273698061951720417 0.999591309396896332551 3.06939133342077274946
13698 599.506000 -0.352074135181242087178 -0.00601408017355444489416 -0.0990796544919463062495 -0.0169404391900856987618 -0.0230287056281164720373 0.999591266587068871807 3.06938712562891469204
13699 599.514000 -0.35207344564414122523 -0.00601204658492988323198 -0.0990798261398450202941 -0.0169412612239258457414 -0.023030245339238558655 0.99959121718218246766 3.06938227988884948516
13700 599.521000 -0.35207284176037623169 -0.00601025552420833553136 -0.0990799768945824083088 -0.0169419891709282587067 -0.0230316038990405931586 0.999591173542848987488 3.06937800806459160086
13701 599.529437 -0.352072153331203674398 -0.00600820481682559030118 -0.0990801498148180942449 -0.0169428136367875716017 -0.0230331509555749165685 0.99959112392173965489 3.06937312148972152315
13702 599.537000 -0.352071465593605970046 -0.00600614516519678252882 -0.0990803231508026877039 -0.0169436385865489730351 -0.023034701527246539271 0.999591074208347918351 3.06936821295181028191
13703 599.546000 -0.35207069426106679666 -0.00600389156339064741785 -0.0990805125112843854129 -0.0169445502712025700132 -0.0230364098786775862993 0.999591019385432488775 3.06936286099045130271
13704 599.554000 -0.352070008125127564824 -0.00600181434727210631752 -0.099080686146963123373 -0.0169453744640373389629 -0.0230379663354725906788 0.999590969542742069365 3.06935790728755586443
13705 599.562000 -0.352069322798601758162 -0.00599972816567755952433 -0.0990808596755443776738 -0.0169461975748353838034 -0.0230395252935860252175 0.999590919657637244633 3.06935292922314362229
13706 599.569000 -0.352068722008536783008 -0.00599774330213717881549 -0.099081023098589363074 -0.016946941733895871246 -0.023040965417384731001 0.999590873847146954567 3.06934815100481239725
13707 599.576000 -0.352068124875524135486 -0.00599590425109695554506 -0.0990811739534483981728 -0.0169476513109258555834 -0.023042325242217654574 0.999590830471385971556 3.06934375869701936423
13708 599.582000 -0.352067612747040792343 -0.00599439705602645023924 -0.0990812980451949154581 -0.0169482571040762176884 -0.0230434657525086517005 0.999590793908811225954 3.06934017223514521433
13709 599.586000 -0.352067271280276483658 -0.00599326060868088719702 -0.0990813895198622007765 -0.0169486738779849321901 -0.0230442823614826659828 0.999590768016702990728 3.06933743378854018147
13710 599.591000 -0.352066843810624141575 -0.00599193040129131042348 -0.099081497464181655932 -0.0169491919861536784186 -0.0230452703997031833894 0.999590736453285222396 3.06933424510110874905
13711 599.596000 -0.352066418985907736428 -0.00599060265197154731553 -0.0990816042728130952355 -0.0169496931063192329825 -0.0230462424202527681183 0.999590705545979285596 3.06933106655537768503
13712 599.601000 -0.352065992163667518255 -0.00598926528079196749538 -0.0990817117833324018106 -0.0169502095098611436919 -0.0230472319602307088027 0.999590673974373844501 3.06932785657405693414
13713 599.605000 -0.352065651866086015698 -0.00598819522717461850264 -0.0990817972635199412101 -0.0169506155720314903579 -0.0230480174556932891627 0.999590648977415896503 3.06932528925513503637
13714 599.609000 -0.352065311774093003816 -0.0059871228935445258007 -0.0990818826025575555283 -0.0169510211075724649687 -0.0230488034748270835539 0.999590623976530423533 3.06932271517625432367
13715 599.615000 -0.352064802242693319911 -0.00598559157973145399001 -0.0990820046363175971349 -0.0169516197800254411754 -0.023049947976172362879 0.999590587433239585735 3.06931905565677309866
13716 599.620000 -0.352064378774349429069 -0.00598424863328049592287 -0.0990821109475654854259 -0.0169521177193952647666 -0.0230509240540561176347 0.999590556480543179774 3.0693158322114251213
13717 599.625000 -0.352063953452794009547 -0.00598281098286964144184 -0.0990822226104326742036 -0.0169526383684803633178 -0.0230519532306625377083 0.999590523916968232143 3.06931235253551237818
13718 599.630000 -0.352063530806674074292 -0.00598145923056021388414 -0.0990823279965835496119 -0.0169531342702622968288 -0.0230529311777297775399 0.999590492953253972885 3.06930910344759766417
13719 599.636000 -0.352063022642551626262 -0.00597991474920368630552 -0.0990824496605606785948 -0.0169537303453905496831 -0.0230540797128775433456 0.999590456354985557041 3.06930540549436159381
13720 599.641000 -0.352062598387150427204 -0.00597846377562899575914 -0.0990825607537208913334 -0.0169542491612971607529 -0.0230551132204116146496 0.999590423718520026952 3.06930188840467943479
13721 599.646000 -0.352062176752953426284 -0.00597710128407246289034 -0.0990826656658949922463 -0.0169547434853773056063 -0.0230560946593397556037 0.999590392697131124855 3.06929860916703445284
13722 599.652000 -0.352061669756952577703 -0.00597554649001118525636 -0.0990827868511292009224 -0.0169553379694726905069 -0.0230572465262212540626 0.999590356044400052404 3.06929488235842740096
13723 599.657000 -0.35206124654620579717 -0.00597408279023292285159 -0.0990828976004988065673 -0.0169558557296516747293 -0.0230582847628728777878 0.999590323312640749442 3.06929133075762639038
13724 599.663000 -0.352060740515053038902 -0.00597252016800628882792 -0.0990830180605766497326 -0.0169564489330475964834 -0.0230594387043644259705 0.999590286630587798733 3.06928758237557275379
13725 599.670000 -0.352060151579986324588 -0.00597059331894965548276 -0.0990831651912290334305 -0.0169571435344983423299 -0.0230608236530505661399 0.999590242897354985807 3.06928293934132589982
13726 599.678000 -0.352059478166804717958 -0.00596846991517575777703 -0.0990833275536946028739 -0.0169579370558261832702 -0.0230623790505350319269 0.999590193551007311079 3.06927783693906031104
13727 599.685000 -0.352058888435592132193 -0.0059664320274934595778 -0.0990834802697834332585 -0.0169586552591182750105 -0.0230638243054072065996 0.999590148020783386684 3.06927289642515255252
13728 599.693000 -0.352058216358438924587 -0.0059642044626993170886 -0.0990836484766690478443 -0.0169594579752959870311 -0.023065424484275284106 0.99959009747923399658 3.06926752118171375372
13729 599.700000 -0.35205762987206917769 -0.00596225373825019604179 -0.0990837958564557280683 -0.016960153334838710959 -0.0230668187950495602589 0.999590053506703934971 3.06926281726183969312
13730 599.707000 -0.352057041931209291352 -0.00596028958485981218141 -0.0990839432592742208605 -0.0169608638428381114371 -0.0230682309803330008735 0.999590008862204837392 3.06925807233509706506
13731 599.714000 -0.352056456491384228702 -0.00595832856528358094372 -0.0990840909649456091923 -0.0169615599885590447038 -0.0230696288650899840322 0.999589964788953677655 3.0692533421533112481
13732 599.721000 -0.352055869563437373593 -0.00595635432743747521289 -0.0990842387212408082231 -0.0169622712751649404317 -0.0230710443109835225406 0.999589920051011771029 3.0692485712479307125
13733 599.729000 -0.352055200513172183996 -0.00595409674912329191232 -0.0990844078823271967593 -0.0169630761425166275147 -0.0230726545176769028134 0.999589869227020089149 3.06924311886210654521
13734 599.736000 -0.352054616587036683928 -0.00595212030382842333803 -0.0990845561481173420226 -0.0169637732920871961428 -0.0230740567746001053184 0.999589825028074807634 3.06923834807094353394
13735 599.743000 -0.352054031128226085912 -0.00595013086226471414608 -0.0990847044372014096325 -0.0169644853572760330451 -0.0230754761526545913719 0.9995897801782944736 3.06923353650723118591
13736 599.751000 -0.35205336371063949974 -0.00594785613449488794607 -0.0990848741439135649589 -0.0169652907633234505125 -0.0230770903824489038991 0.999589729243351432508 3.06922803746192540686
13737 599.758000 -0.352052781181409479849 -0.00594586484778911010529 -0.0990850228091060269975 -0.0169659880286835949847 -0.0230784958215284712046 0.999589684961197599833 3.06922322561393823293
13738 599.766000 -0.352052114829398743456 -0.00594357870922181293072 -0.0990851927141801758214 -0.0169667930810560342592 -0.0230801122544664130687 0.999589633975295877022 3.06921769430818569546
