29141 974.512000 28.9436323392970393797 -0.098213572983924621318 3.1595992387073708052
29142 974.519000 28.9433788763675963196 -0.0982887802331589843785 3.15946784398625135637
29143 974.526000 28.9431305864727477228 -0.0983775297858213854107 3.15935910252209284366
29144 974.534000 28.9428540960646287772 -0.0984891860383262651712 3.15928063175638529358
29145 974.541000 28.9426189775810378535 -0.0985889787675199580352 3.15926260409108605742
29146 974.549000 28.9423582515389696823 -0.0986963740044558557329 3.15930502289488623902
29147 974.557000 28.9421060514632735305 -0.098787150803487794315 3.15941182040656798335
29148 974.564000 28.9418923481261920472 -0.0988461237758508359796 3.15954975826792949789
29149 974.572000 28.941656106672102311 -0.0988844200059941225156 3.15974314482173168628
29150 974.579000 28.9414564624105032919 -0.098889882754252617092 3.15992805057502001986
29151 974.587000 28.9412364907113754953 -0.0988639081490723797829 3.16013728833241014371
29152 974.595000 28.9410253271811548359 -0.0988065280415966890049 3.16032370619833802294
29153 974.603000 28.9408228785434751273 -0.0987236320021765006993 3.16046876056835657209
29154 974.611000 28.940628783671549229 -0.0986232111114485471282 3.16055867533076284559
29155 974.619000 28.94044235081405958 -0.098514370475508761249 3.16058556197063378335
29156 974.625000 28.9403069446993121971 -0.0984327684251176115993 3.16056317992613511336
29157 974.630000 28.9401965652248627237 -0.098367723570261259014 3.16051777301456970903
29158 974.635000 28.9400880402504299127 -0.0983073503436365930819 3.16044999145214999814
29159 974.640000 28.9399809855484058119 -0.0982532158421929313619 3.16036244632882956651
29160 974.645000 28.9398750038404521945 -0.0982065637278975861468 3.16025836564929774042
29161 974.651000 28.9397486836725477133 -0.0981616918166207941265 3.1601168802393293511
29162 974.656000 28.939643683975965871 -0.0981341437337387711981 3.15998990039792060358
29163 974.661000 28.939538550514104287 -0.0981156855629595203716 3.15985915501375602688
29164 974.666000 28.9394329709298325781 -0.0981061029181041627245 3.15972884017756383557
29165 974.671000 28.9393266812233740382 -0.0981048869629918968149 3.15960299501425367907
29166 974.676000 28.9392194727445435376 -0.0981112769251255567582 3.15948537182478705887
29167 974.684000 28.9390456802371858203 -0.0981348577477565431337 3.15932246176643749536
29168 974.692000 28.9388688968133571677 -0.0981707316760037640435 3.15920000999157135624
29169 974.700000 28.938689236894241219 -0.0982138161426733408144 3.15912513689812923801
29170 974.707000 28.9385300315187059539 -0.0982535045049593713795 3.15910107721332300557
29171 974.715000 28.9383464453124190641 -0.0982971106859011345414 3.15912015627549891406
29172 974.722000 28.9381850585197142323 -0.0983309651954037827748 3.15917429920688830336
29173 974.730000 28.9380006644326961407 -0.0983623256746322810473 3.1592723961721085324
29174 974.738000 28.937817835960938595 -0.0983850932479547746201 3.15939948440875451041
29175 974.746000 28.9376333157356597781 -0.09839682353197812259 3.15954559425362990766
29176 974.754000 28.9374537954519510663 -0.0983993777487281590099 3.15969913275214153714
29177 974.762000 28.9372777165600645333 -0.0983938301019490063615 3.15984886548736598755
29178 974.770000 28.9371058688185982533 -0.0983824251527420229335 3.15998483888579517753
29179 974.778000 28.9369379741283907492 -0.0983670496964720170174 3.16009936561363202756
29180 974.785000 28.9367945208905119614 -0.0983520603143510085964 3.16017758166540696507
29181 974.794000 28.9366137617491041567 -0.0983326890967522321274 3.1602444740686519431
29182 974.803000 28.9364365684187454519 -0.0983155538496529590731 3.16027256759635699623
29183 974.811000 28.9362814647119712674 -0.098303302371289064121 3.16026707188701827533
29184 974.820000 28.9361084680805653591 -0.098293604787446864357 3.16023139863691193696
29185 974.829000 28.9359369216190422947 -0.0982884255006029189383 3.16017167659537312474
29186 974.836000 28.9358032955412625142 -0.0982869820099827318227 3.16011404484643154689
29187 974.845000 28.9356305511619389392 -0.0982877261492475645666 3.16003286823792484128
29188 974.853000 28.9354769909857836296 -0.0982901205127442029186 3.15996038125797662488
29189 974.862000 28.9353022459371089781 -0.0982930545026845375878 3.15988527419692699638
29190 974.871000 28.9351266241463989104 -0.0982953857905402850204 3.15982274617366520886
29191 974.879000 28.934969276288388329 -0.0982960006276877573672 3.15978099291426461903
29192 974.888000 28.9347913203773430268 -0.0982944400761164155389 3.15975168370909686999
29193 974.896000 28.9346331825013045602 -0.0982910037443825851389 3.15974157229728014329
29194 974.905000 28.9344557219115259272 -0.0982850180044902710375 3.15974700139130071364
29195 974.913000 28.9342985083294124138 -0.0982779490691967627658 3.15976495146215929921
29196 974.921000 28.9341424341069597403 -0.0982698538069215338231 3.15979276235366413061
29197 974.930000 28.9339684794917708643 -0.0982602073320486130159 3.15983247656383481328
29198 974.938000 28.9338159369449243741 -0.0982519176112708197968 3.15987217291150113141
29199 974.945000 28.9336842833298106825 -0.0982453678751177283957 3.15990809783294546165
29200 974.953000 28.9335355658240764853 -0.0982390043878194618721 3.15994835311042709947
29201 974.961000 28.933388915664433938 -0.0982342187941559891184 3.15998582469581812404
29202 974.969000 28.9332442261909541514 -0.0982311912992158003943 3.16001896117240477224
29203 974.977000 28.9331013090345017247 -0.098229932681771464642 3.16004671807661452476
29204 974.985000 28.932959913028760468 -0.0982302937645975760006 3.16006854892065636164
29205 974.991000 28.9328548072822009374 -0.0982314519298455035567 3.1600809936573091008
29206 975.000000 28.9326977029918808171 -0.0982342193496080623438 3.16009348417237179163
29207 975.008000 28.9325589939519041138 -0.0982373208207388132207 3.16009906574676380231
29208 975.016000 28.9324206109568571321 -0.0982405123272150487823 3.16010023036853793243
29209 975.025000 28.9322654565777916957 -0.098243711822633972286 3.16009748136698576104
29210 975.033000 28.9321272442783765655 -0.0982456570663651496123 3.16009248965658562369
29211 975.040000 28.9320060547730442124 -0.0982464429863122712394 3.16008695548665619057
29212 975.047000 28.9318847038409785455 -0.0982463582922630945804 3.16008092579546762124
29213 975.055000 28.931745859063379811 -0.0982449175651632644612 3.1600742308830742644
29214 975.063000 28.9316066800295317307 -0.0982421495354466600691 3.16006828672682260617
29215 975.072000 28.9314501532605632406 -0.0982374538035467037567 3.16006326557588490545
29216 975.080000 28.9313112963089231755 -0.0982322682946218106448 3.16006056458584927427
29217 975.089000 28.9311556178737845357 -0.0982256969697286597132 3.16005974652484500353
29218 975.097000 28.9310175685758075304 -0.0982193093907210018623 3.16006116657971336537
29219 975.106000 28.9308628678269954548 -0.0982119878537391355344 3.16006504357551687434
29220 975.114000 28.9307264846854437224 -0.0982057583039240566958 3.16007038582176935648
29221 975.119000 28.9306420026959187908 -0.0982021427215734737937 3.16007454337598137073
29222 975.126000 28.9305239154803146562 -0.0981973775655437253196 3.16008125945244700006
29223 975.132000 28.9304237508853496763 -0.0981937629070806783371 3.16008780163674174446
29224 975.137000 28.9303401155270094591 -0.0981910203319284052847 3.16009363190867853532
29225 975.144000 28.9302245634784185313 -0.0981879678842899478175 3.16010226613904832149
29226 975.149000 28.9301427066871745808 -0.0981861566119848483414 3.16010875321333806198
29227 975.155000 28.9300447441196766363 -0.09818434990639647586 3.16011671775216962388
29228 975.162000 28.929931242880218889 -0.0981826950860850422576 3.1601262120473734285
29229 975.171000 28.9297862190885162192 -0.0981814196085966789385 3.16013828357061488106
29230 975.179000 28.9296580712257025425 -0.0981807442731771756739 3.1601487821389868671
29231 975.186000 28.9295466735025215144 -0.0981803258067835138423 3.16015768873389202298
29232 975.194000 28.9294199081997547296 -0.0981800323006175035268 3.16016732669480182594
29233 975.202000 28.9292935508669941669 -0.0981797037157831342657 3.16017630459799736542
29234 975.210000 28.9291675798543757026 -0.0981791505645522727397 3.16018460258999844825
29235 975.218000 28.9290419835033638662 -0.0981783155367390858448 3.16019212049447739687
29236 975.227000 28.9289011000864952905 -0.098177044325112441947 3.16019960961132317934
29237 975.235000 28.9287758448361813635 -0.0981753433478281395397 3.16020554636879058563
29238 975.243000 28.9286505775980806732 -0.0981732151791507856586 3.16021079177743224875
29239 975.251000 28.9285254236219238066 -0.0981705054354141543049 3.16021556639746981077
29240 975.259000 28.9284007384902608351 -0.0981675674943598003397 3.16021983303040743252
29241 975.267000 28.9282767352986311948 -0.0981645121135374804089 3.16022374234171543605
29242 975.273000 28.9281831349703715262 -0.0981617956362358240474 3.1602265826182658337
29243 975.280000 28.9280748331528130279 -0.0981587821560917644925 3.16022978898062945063
29244 975.287000 28.9279666343393238037 -0.0981555947408266349363 3.16023304220833933798
29245 975.294000 28.9278590446820480508 -0.0981525828090274998772 3.16023632486498362582
29246 975.300000 28.9277670948319567401 -0.0981499575979205285403 3.16023932023764464461
29247 975.307000 28.92766014175258249 -0.0981470434908233851923 3.16024298106168055611
29248 975.311000 28.9275995225802766697 -0.098145380134412082973 3.16024526642675418486
29249 975.316000 28.9275232327524669529 -0.0981433483648357918305 3.16024814347194160646
29250 975.320000 28.9274629926474240449 -0.0981417975278997684052 3.16025064621932738618
29251 975.325000 28.9273875110120926024 -0.0981400231462122990544 3.16025382167474022665
29252 975.329000 28.9273270640822453004 -0.0981386067948835510988 3.16025645965106694035
29253 975.333000 28.9272673177032082492 -0.098137221835527727043 3.16025930988102343733
29254 975.338000 28.9271921270276664018 -0.0981355444696127010573 3.16026290641561713457
29255 975.342000 28.9271327669319227027 -0.0981342755314974363179 3.16026598518705270635
29256 975.348000 28.9270435148603759501 -0.0981324896563540161054 3.16027068605099392684
29257 975.355000 28.9269398985520034273 -0.0981305443200559818218 3.16027642302576117217
29258 975.362000 28.9268365922231431853 -0.0981286076360371184446 3.16028239436919067273
29259 975.369000 28.9267338205862287737 -0.0981268238880486642906 3.16028853194479442124
29260 975.376000 28.9266310309155159075 -0.0981249351073561898451 3.16029480660271167025
29261 975.383000 28.9265292106083613533 -0.0981232808883985840875 3.16030112099110027657
29262 975.388000 28.9264561650630653844 -0.0981219513227026551849 3.16030563296673339124
29263 975.394000 28.9263691446995174772 -0.0981204085336895293068 3.16031107256167320685
29264 975.401000 28.9262678045445653652 -0.0981186289261217203794 3.1603173243513005275
29265 975.408000 28.9261667162636975092 -0.09811667663957381047 3.16032353319025993699
29266 975.414000 28.9260802752714134556 -0.0981150068944204728494 3.16032872274383258571
29267 975.420000 28.9259942138532402112 -0.0981132706878876242884 3.16033385530781929518
29268 975.427000 28.92589367363934727 -0.0981112703889584630845 3.16033957244096308514
29269 975.434000 28.925793470192150636 -0.0981090725010467235023 3.160345220914379194
29270 975.440000 28.9257076753578878936 -0.0981072133915198707488 3.16034986424035579944
29271 975.447000 28.9256078621523364802 -0.0981050292013665864443 3.16035513168215054236
29272 975.453000 28.9255223797742431202 -0.0981031073408189790985 3.16035951169229489821
29273 975.459000 28.9254366537910065915 -0.0981009851764182011502 3.16036382711020857883
29274 975.466000 28.9253375299368364892 -0.0980987856881022218802 3.16036867362655726765
29275 975.473000 28.9252383484022637106 -0.0980963848083360456798 3.16037352019868045261
29276 975.480000 28.9251397680616371133 -0.0980941688580797138686 3.16037821286864772929
29277 975.487000 28.9250411110107172874 -0.0980917823650564596472 3.16038295582908723702
29278 975.494000 28.9249430851175048929 -0.0980895949574540626514 3.16038760249871764074
29279 975.501000 28.9248452267050808473 -0.0980873986211441145633 3.16039229040614788602
29280 975.508000 28.9247476352243459985 -0.0980851075359575330648 3.16039706184802238198
29281 975.515000 28.9246503387804203555 -0.0980829616156630584856 3.16040183243811867442
29282 975.522000 28.9245533485085886127 -0.0980807206640587070368 3.16040672930015453801
29283 975.528000 28.9244704782249932862 -0.0980788699444279932216 3.16041096112530528472
29284 975.535000 28.9243742243325847596 -0.0980767709568563933464 3.16041598566788417557
29285 975.542000 28.9242781821298571288 -0.0980745775783605222564 3.16042113738685070956
29286 975.548000 28.9241960166214582273 -0.0980727724574008419278 3.16042556562158338807
29287 975.555000 28.9241005109747426616 -0.0980707002561554408437 3.16043080958559174931
29288 975.562000 28.9240051599095053803 -0.0980685439999233604658 3.16043613072985651868
29289 975.569000 28.9239102051760781364 -0.0980664711747803591324 3.16044149832691090296
29290 975.577000 28.9238018225596071886 -0.0980640601574414016994 3.1604476529850953348
29291 975.583000 28.9237209390311207358 -0.0980622228973074411273 3.16045236117194550118
29292 975.588000 28.9236531847473763435 -0.0980606165122638040454 3.16045625733326307483
29293 975.595000 28.9235589733587410421 -0.0980584110979383499762 3.16046174186633654912
29294 975.602000 28.9234652333873398788 -0.0980563640206322667536 3.16046715721074278349
29295 975.609000 28.9233714063909772563 -0.0980541153158533684842 3.16047265182088210622
29296 975.616000 28.9232781327743850852 -0.0980520427615918510611 3.16047803500214552486
29297 975.622000 28.9231982621197474259 -0.0980501856575446695263 3.16048267132723825767
29298 975.629000 28.9231051979727524781 -0.0980480754329461634544 3.16048801068590323737
29299 975.636000 28.9230123352338601705 -0.0980458459249775593491 3.16049336903069866267
29300 975.643000 28.9229196778676005408 -0.0980437368474142839636 3.1604986325385797663
29301 975.650000 28.9228272222592366347 -0.0980415122151087892188 3.16050391429052934811
29302 975.656000 28.9227481560378194558 -0.098039661944725062237 3.16050838455463800614
29303 975.663000 28.9226562472703143669 -0.0980375515931079244414 3.16051357912203734202
29304 975.670000 28.9225644566726849405 -0.0980353384291192675448 3.160518787760617343
29305 975.677000 28.9224727429460592987 -0.0980332630036565289 3.16052387021666980615
29306 975.684000 28.9223813713386199709 -0.0980310573218591413402 3.1605290418784774964
29307 975.691000 28.9222900896826615735 -0.0980289910440787920498 3.16053409296372711523
29308 975.698000 28.9221991530418769401 -0.0980267930986117308478 3.16053924478396197628
29309 975.705000 28.9221083087328558747 -0.0980247323098580730649 3.16054428640230344882
29310 975.712000 28.9220178109910079911 -0.0980225372744204376252 3.16054943845520242007
29311 975.718000 28.9219403435665398661 -0.0980207249720227297152 3.16055380208900205119
29312 975.726000 28.9218373450579662176 -0.0980182792935586355565 3.16055965699741348018
29313 975.731000 28.921772642903803785 -0.0980166647122001355452 3.16056331205222873493
29314 975.736000 28.9217087208647996022 -0.0980152448252141345053 3.16056693827523949025
29315 975.742000 28.9216319236740879717 -0.0980134149617272465438 3.16057134359308333771
29316 975.748000 28.9215554945483681593 -0.0980115636761104691566 3.16057581567621515006
29317 975.755000 28.9214661848252170273 -0.0980094859300132542623 3.1605809328146641235
29318 975.763000 28.9213644308959842988 -0.0980070231349234183282 3.16058686753759410237
29319 975.770000 28.9212754522105619515 -0.0980048237422276452557 3.16059206283692795125
29320 975.777000 28.9211869933725083115 -0.0980027125321151909576 3.16059727944974389047
29321 975.785000 28.9210857668788783315 -0.0980002572027286467105 3.16060321771647334543
29322 975.792000 28.9209975493277795522 -0.0979980381224502816728 3.1606084745801505953
29323 975.799000 28.9209095177716477565 -0.0979959381956227171262 3.16061367966139439289
29324 975.806000 28.9208216649902674078 -0.0979937208447518720567 3.16061894316729086185
29325 975.813000 28.9207339929826652281 -0.097991624645585292952 3.16062415043497546563
29326 975.819000 28.9206591637392449456 -0.0979897675803154399876 3.16062866542394260705
29327 975.827000 28.9205591748633636939 -0.0979873234573715862217 3.16063461344713836354
29328 975.834000 28.9204720259240808389 -0.0979851194646268464084 3.16063986594281942644
29329 975.841000 28.9203850520387604206 -0.0979830385661165093047 3.16064505578477916714
29330 975.848000 28.9202982481530241898 -0.0979808430820425513286 3.16065029461532187582
29331 975.854000 28.9202239995929950567 -0.0979790172821849852935 3.16065475066041745578
29332 975.860000 28.9201500924173160456 -0.0979771759759274635249 3.16065925666159452945
29333 975.867000 28.9200636918147182541 -0.0979751168999915683644 3.16066439208141414241
29334 975.874000 28.9199775892782291464 -0.097972925190345463986 3.16066962795984229828
29335 975.881000 28.9198915306746151543 -0.0979708700456260461742 3.16067474884188071016
29336 975.888000 28.9198057695404990852 -0.097968680714831279932 3.16067997151001467415
29337 975.895000 28.9197200515238108665 -0.0979666263884558519148 3.1606850808616009374
29338 975.903000 28.9196223616055725358 -0.0979641947798496753874 3.16069098402752546306
29339 975.910000 28.9195369065155176713 -0.0979620252286445836187 3.16069613447279440521
29340 975.916000 28.9194641643683674204 -0.0979601870904230898063 3.16070060350157566731
29341 975.923000 28.9193791183553585711 -0.0979581269439379204167 3.16070570211158896612
29342 975.930000 28.9192943642991444619 -0.0979559295543809271933 3.16071090858891867725
29343 975.936000 28.9192217757639333797 -0.0979541137775452874781 3.16071531444750775108
29344 975.943000 28.9191373237919222561 -0.097952022452973144806 3.16072046399234851677
29345 975.950000 28.9190529060179422061 -0.0979498436857419163548 3.16072562504586151988
29346 975.956000 28.9189804557677518915 -0.0979479538209637456969 3.16073004941695767656
29347 975.963000 28.9188966829255917901 -0.0979459329831828956481 3.16073518851013979258
29348 975.971000 28.918800850339838604 -0.0979434704858438698327 3.16074110356614834672
29349 975.978000 28.9187170568325129238 -0.097941288072424761979 3.16074627457718904111
29350 975.985000 28.9186335413939161754 -0.097939191466961394994 3.16075143827789029061
