27777 1508.923000 27.6819107118130496303 -0.0740199853159267812108 13.8358897798038764648
27778 1508.931000 27.6819541781048030771 -0.0737657534014955346136 13.8343600486021767182
27779 1508.941000 27.6820658515757109797 -0.0736155677323334506346 13.83274984721331613
27780 1508.950000 27.6822196691398580981 -0.0735997027493608679816 13.8316331641046357248
27781 1508.959000 27.6824163594424170753 -0.0736676214780609545096 13.8308479872827678747
27782 1508.969000 27.6826788067767637358 -0.073810511078087504 13.8303477529665279633
27783 1508.978000 27.6829500424587457985 -0.0739776969721692850834 13.8302034033307883476
27784 1508.988000 27.683282203454798065 -0.0741889370277599435877 13.8303311077141568575
27785 1508.998000 27.683624636543427755 -0.0744162686833886866111 13.8306905053042239473
27786 1509.007000 27.6839298998050722389 -0.0746098127481817363638 13.831152178780586226
27787 1509.016000 27.684230139035928886 -0.0747850839018214946785 13.8316867353992591916
27788 1509.024000 27.6844871851641194382 -0.0749190146228985998089 13.8321786017618286735
27789 1509.034000 27.6847905897827395449 -0.0750486211309378675738 13.832763439289170293
27790 1509.043000 27.6850448594699969362 -0.0751236176897470270264 13.8332230060463103882
27791 1509.052000 27.6852809058648396956 -0.0751562957774143114431 13.8335939364182856082
27792 1509.062000 27.685523830638789633 -0.07514523941038486754 13.8338880692358507929
27793 1509.071000 27.6857287834935767989 -0.0750992002756404042341 13.834046706189164766
27794 1509.081000 27.6859453950942828726 -0.0750189081411730407378 13.8341169792127836047
27795 1509.091000 27.6861539397372595772 -0.0749219779801979790523 13.8340966556265847487
27796 1509.100000 27.6863392246594308688 -0.074833796363409491037 13.8340226468745726152
27797 1509.110000 27.6865449437629713714 -0.0747474345106508980541 13.8339027031719545846
27798 1509.120000 27.6867536636550681806 -0.074683952737051861881 13.8337652658813006212
27799 1509.129000 27.6869454337274696343 -0.074652267958290260963 13.8336416161553490412
27800 1509.139000 27.6871638527661581008 -0.0746475312092446940948 13.8335145012312530355
27801 1509.148000 27.6873652747736116453 -0.0746688161603359656926 13.8334140566408105855
27802 1509.158000 27.6875940393807198348 -0.0747153275469437661016 13.8333181752204659176
27803 1509.168000 27.6878281496522902216 -0.0747778145025784074518 13.8332363734791776722
27804 1509.177000 27.6880423029500732923 -0.0748392751632404457096 13.8331709223373682249
27805 1509.187000 27.6882830810552533762 -0.0749041094191189027462 13.8331026654529072317
27806 1509.197000 27.6885263531727936481 -0.0749568996539357740305 13.8330358309387619897
27807 1509.206000 27.6887470227892258379 -0.0749887281089881146956 13.8329755594312118205
27808 1509.216000 27.6889937291621279769 -0.0750033066751962518293 13.8329092506040254307
27809 1509.226000 27.6892419287681086359 -0.0749955090467345625305 13.8328462447270030822
27810 1509.235000 27.6894658762783407724 -0.0749712466526595427974 13.8327955456461264561
27811 1509.245000 27.6897172623907046329 -0.0749293956965427360162 13.8327507873981545572
27812 1509.254000 27.6899446464524103817 -0.0748834718413334821108 13.8327238833515409056
27813 1509.264000 27.6901990476814070519 -0.0748297582499163754788 13.8327116164446390911
27814 1509.273000 27.6904297463694710757 -0.074784516115357316246 13.8327174761046443052
27815 1509.282000 27.6906871506144298678 -0.0747427582849146954214 13.8327416465393167044
27816 1509.292000 27.6909205768508712708 -0.0747167736618014471928 13.8327768783870581615
27817 1509.302000 27.6911806913940061747 -0.0747027510432696356668 13.8328262211382018165
27818 1509.311000 27.6914160890198637333 -0.0747042871166814920203 13.8328748563463541643
27819 1509.321000 27.6916778407781549731 -0.0747198807665341996342 13.8329272167068655364
27820 1509.331000 27.6919405061277679181 -0.0747477137754125886548 13.8329714169575108684
27821 1509.340000 27.6921768020497971463 -0.07477948984708554514 13.8329994785159602344
27822 1509.350000 27.6924395419866300472 -0.074818176149004295139 13.8330137166214974798
27823 1509.359000 27.6926759424624968631 -0.0748518888040379248849 13.8330096162217017763
27824 1509.369000 27.6929389446301073008 -0.074884747302537399416 13.8329860814235789945
27825 1509.377000 27.6931495807725589486 -0.0749050054461033176789 13.8329540084755731044
27826 1509.385000 27.6933603334639713012 -0.0749187762084179004196 13.8329120558694889098
27827 1509.394000 27.6935984609870367024 -0.074926064694347732642 13.8328560186175941737
27828 1509.403000 27.6938380349709056816 -0.0749248518145519543099 13.832794243481190577
27829 1509.413000 27.6941049290603800159 -0.0749139353282156222891 13.8327236289046737738
27830 1509.423000 27.6943750791548239931 -0.0748956658856989448969 13.8326564329153463007
27831 1509.433000 27.6946468486051777802 -0.0748725275767958969864 13.8325966362111767438
27832 1509.442000 27.6948936135863910124 -0.0748500368197677762305 13.8325521469483625481
27833 1509.452000 27.6951700352129606131 -0.0748258504379472194623 13.8325145562453464265
27834 1509.461000 27.6954219442844404853 -0.0748073648705823851524 13.8324922333995719015
27835 1509.471000 27.6957023825228283442 -0.0747910457529492589401 13.8324787910121749235
27836 1509.480000 27.6959579897441159346 -0.0747821260381797275896 13.8324761439552883502
27837 1509.490000 27.6962428489649106211 -0.0747782395629998236641 13.8324807191836036679
27838 1509.500000 27.6965295873835621876 -0.074780745951382787684 13.832490380151579501
27839 1509.509000 27.6967882897646440199 -0.0747873592222453031919 13.8325007013574641235
27840 1509.519000 27.6970761794570705661 -0.074798192871671068116 13.8325109491455098265
27841 1509.528000 27.697335928419818174 -0.0748098689262702010172 13.8325173287955749402
27842 1509.538000 27.6976247905256229842 -0.0748234094330156168651 13.8325192211599610204
27843 1509.547000 27.6978850494399821969 -0.0748348434847559418337 13.83251542615743368
27844 1509.557000 27.6981743387496983644 -0.0748453602623887909173 13.8325047000600154234
27845 1509.567000 27.6984628647199748741 -0.0748524355461203383388 13.8324870209688040035
27846 1509.575000 27.6986942032994107876 -0.0748556621767086927122 13.8324686803607921348
27847 1509.584000 27.698954209500637802 -0.0748564394028004287396 13.8324441911400910499
27848 1509.593000 27.6992156561566069684 -0.0748548248700408036527 13.8324171618041482645
27849 1509.602000 27.6994772768719172973 -0.074850822375147008092 13.8323884496782518738
27850 1509.611000 27.6997391696879553535 -0.074845168266144443403 13.8323590914569223287
27851 1509.620000 27.700002611070626557 -0.0748388868879440449788 13.832330447346855351
27852 1509.630000 27.7002959932463923565 -0.0748314113803609376463 13.8323002499730627335
27853 1509.639000 27.7005616755979673371 -0.0748253170144502627315 13.8322753484929386047
27854 1509.648000 27.700828023794183963 -0.0748199169791985418954 13.8322528872691137281
27855 1509.657000 27.7010961044075507687 -0.0748161230011643307858 13.8322331596726009195
27856 1509.666000 27.7013649808570647792 -0.074813608547352694611 13.8322159869579568436
27857 1509.675000 27.7016347795672395193 -0.074812518338904746007 13.8322009111544161897
27858 1509.684000 27.7019056225911697311 -0.0748127692422277945639 13.8321877662580909885
27859 1509.694000 27.7022080208886478658 -0.0748146509772537604555 13.8321748325194491258
27860 1509.703000 27.7024805040155719382 -0.0748167633422892330852 13.8321639821400026449
27861 1509.713000 27.7027837676391328614 -0.0748195697985006152875 13.8321520703380080874
27862 1509.722000 27.7030577531904711464 -0.0748224077554344585428 13.8321412603153710563
27863 1509.732000 27.7033616562082158907 -0.0748249179806859260333 13.832128309743097816
27864 1509.742000 27.7036669109519770871 -0.0748270467674595485263 13.8321145091589858822
27865 1509.750000 27.7039109008331294604 -0.0748280590906880010982 13.83210238223465538
27866 1509.760000 27.7042161595109597272 -0.074828656631521120457 13.8320859468611327969
27867 1509.770000 27.7045213286639615546 -0.0748281056121269938508 13.8320681077272595871
27868 1509.779000 27.7047963921548507926 -0.0748270958939509372998 13.8320511415699485269
27869 1509.789000 27.7051028690967235946 -0.0748256682274299617097 13.8320315567306710847
27870 1509.798000 27.7053782750833264004 -0.0748239130623994386227 13.8320131804004020637
27871 1509.807000 27.7056547173338287848 -0.0748223636040939305003 13.8319946677084999465
27872 1509.817000 27.7059618650903587422 -0.074820481130008831272 13.8319739368832124171
27873 1509.827000 27.7062697935031394536 -0.0748188470054394899611 13.8319534144378941676
27874 1509.836000 27.7065479401898926426 -0.0748181252199271867864 13.8319352556667229948
27875 1509.844000 27.7067953489591936034 -0.0748173704383737203649 13.8319193678418219662
27876 1509.853000 27.7070741857096756178 -0.0748169527605540701787 13.8319020037944699908
27877 1509.863000 27.707384449460050746 -0.0748167418083564850217 13.831883039527012258
27878 1509.871000 27.7076333819258238123 -0.0748168940652748637454 13.8318683350757751782
27879 1509.878000 27.7078522668367419612 -0.0748174364407355879658 13.8318559160708787203
27880 1509.887000 27.7081321839362608728 -0.0748176040549495269261 13.8318396260476852433
27881 1509.896000 27.7084137873616427328 -0.0748178946384147752768 13.8318240173092821266
27882 1509.903000 27.7086330243040386279 -0.0748182068656818577423 13.8318119478519268029
27883 1509.912000 27.7089149337483497959 -0.0748183622781684737335 13.8317964417414209777
27884 1509.918000 27.7091034002350937726 -0.0748185547625898061952 13.8317862524602617214
27885 1509.927000 27.7093853961620979476 -0.0748183758173572022177 13.8317705731039755079
27886 1509.936000 27.7096685145683174767 -0.074818160471007047474 13.831755072623611369
27887 1509.945000 27.7099512390766378189 -0.0748176789084642884786 13.8317393461025019974
27888 1509.953000 27.7102028718024442355 -0.0748171815977994036917 13.8317252868269306987
27889 1509.961000 27.7104546407206768777 -0.0748166027693144830568 13.8317111042196270176
27890 1509.969000 27.710706880629537352 -0.0748161234365695426707 13.8316968431039235554
27891 1509.977000 27.7109587893052555785 -0.0748153675829401620945 13.8316824166159619836
27892 1509.987000 27.7112741863416793819 -0.074814670597357704751 13.8316643132120873361
27893 1509.996000 27.7115580682024997827 -0.0748139990445082642134 13.8316479677899444312
27894 1510.003000 27.7117791003211522138 -0.0748135785074971748632 13.8316350936079821565
27895 1510.011000 27.7120313952344758945 -0.0748131679296424462189 13.8316202767606206692
27896 1510.021000 27.712348015917868338 -0.0748126945832103124046 13.8316020984048648756
27897 1510.029000 27.7126011026697156581 -0.0748124561164667384316 13.8315873948848899744
27898 1510.035000 27.7127908180697026808 -0.0748121881914257103041 13.8315762698303981182
27899 1510.041000 27.7129812363176668555 -0.074812221279728391421 13.8315653910398967952
27900 1510.048000 27.7132032468326450214 -0.0748121642923816054793 13.8315525073280713997
27901 1510.057000 27.713488965511171358 -0.0748120539946637019835 13.8315361026339278538
27902 1510.067000 27.7138058978111629926 -0.0748119696019784452545 13.8315176156246248951
27903 1510.076000 27.7140922886238882938 -0.0748117979200131899553 13.831501338004782653
27904 1510.086000 27.7144108161039603999 -0.0748117900567660115696 13.8314833178623342036
27905 1510.095000 27.7146972299149005892 -0.0748115444234439680438 13.8314669079756935588
27906 1510.105000 27.7150161295366039838 -0.0748113610695045755383 13.8314488493654277335
27907 1510.114000 27.715302494181155879 -0.0748109791608135288321 13.8314324074518708585
27908 1510.123000 27.7155902435878154222 -0.074810618976990303497 13.8314163833026970707
27909 1510.132000 27.7158772301068339061 -0.0748101129928255836887 13.8314000449782259494
27910 1510.142000 27.7161967525888819353 -0.0748096666367840251732 13.8313820715686617291
27911 1510.151000 27.7164841629930407407 -0.0748091440226947568259 13.8313659252493454943
27912 1510.160000 27.716771526264334824 -0.0748085726563000041889 13.8313496198137428905
27913 1510.169000 27.7170593982392432508 -0.0748081661554075016962 13.8313334331417880918
27914 1510.179000 27.7173791139846166232 -0.0748076347959633070062 13.8313154385144123637
27915 1510.188000 27.7176668748941956721 -0.074807172232527543998 13.83129930593234036
27916 1510.198000 27.7179864802703512794 -0.0748066010254658658729 13.8312811879297736795
27917 1510.207000 27.7182748183465434977 -0.0748064054887807028393 13.8312650400022647545
27918 1510.216000 27.71856285398749975 -0.0748060723180444947511 13.8312488843239727032
27919 1510.225000 27.718850544845643924 -0.0748056712590556005527 13.8312324720583728066
27920 1510.234000 27.7191392208260509733 -0.074805441456600979544 13.831216307826476708
27921 1510.242000 27.7193954497255781178 -0.0748052231990000704442 13.8312018501590063835
27922 1510.252000 27.7197161818275823464 -0.0748050367981401981288 13.8311838316486657163
27923 1510.261000 27.7200046655045255761 -0.0748047655563658514533 13.8311676246044648053
27924 1510.271000 27.720325058298492138 -0.0748043423601565948822 13.8311494119479796439
27925 1510.280000 27.7206137643884709121 -0.074804005114799052012 13.8311331629370481977
27926 1510.289000 27.7209028692189889398 -0.0748040138119622222135 13.8311169042111288263
27927 1510.299000 27.7212234835918209797 -0.0748034327140370269849 13.831098722589324268
27928 1510.308000 27.7215122782950018632 -0.0748029958434273112289 13.8310824327176806747
27929 1510.318000 27.7218335671410436305 -0.074802699824521340366 13.8310644755360652169
27930 1510.326000 27.7220903846982444918 -0.0748023454430476186783 13.8310500179742401627
27931 1510.333000 27.7223151630340360896 -0.0748020499082983902905 13.8310373110266553454
27932 1510.339000 27.7225075563001013279 -0.0748016842735642062401 13.8310264405917990871
27933 1510.344000 27.7226679821647934432 -0.0748013885178046011859 13.8310173948879793215
27934 1510.351000 27.7228934595249825179 -0.0748013655608153610332 13.8310049732696338509
27935 1510.358000 27.723117840484871266 -0.0748009999426200583583 13.8309922236495932424
27936 1510.365000 27.7233422933501820751 -0.0748003966528198588337 13.8309795279542484536
27937 1510.371000 27.7235351686334290378 -0.074800256933342704202 13.8309688337047198559
27938 1510.376000 27.7236955147553061352 -0.0747999609946884830292 13.8309597452232040382
27939 1510.383000 27.7239204490152744143 -0.0747997185918430895768 13.8309472560696224974
27940 1510.390000 27.7241452371632597362 -0.0747994400987603003106 13.8309346050820902718
27941 1510.397000 27.7243696275184063893 -0.0747989945497145175546 13.830921958091266788
27942 1510.403000 27.7245625431054385501 -0.0747988825494075304512 13.8309112905225717327
27943 1510.408000 27.7247228717111120488 -0.0747986146419231529014 13.8309021984136979455
27944 1510.415000 27.7249477773261894242 -0.0747984072516923725882 13.8308897078996508867
27945 1510.422000 27.7251725379801889915 -0.0747981575512296631425 13.8308770519081143391
27946 1510.429000 27.7253968978927964883 -0.074797734782436064993 13.8308643961534158962
27947 1510.435000 27.7255892301049335913 -0.0747975954683396948575 13.8308534809356356021
27948 1510.441000 27.7257818113988783182 -0.0747973612508680552047 13.8308426661626224785
27949 1510.447000 27.7259750142652663385 -0.0747971840787056418964 13.8308320384322822605
27950 1510.454000 27.7261993341331596241 -0.0747967534260548794212 13.8308193771113590032
27951 1510.460000 27.7263921776389530294 -0.0747966486608736685904 13.83080870319427369
27952 1510.466000 27.7265844280891577966 -0.0747962792642302976009 13.8307977794642091851
27953 1510.473000 27.7268091462590859919 -0.0747960648612072259711 13.8307851957447507374
27954 1510.482000 27.7270978010010722414 -0.074795637293694511305 13.8307689623590430728
27955 1510.492000 27.7274188926879894268 -0.0747953564153992639385 13.8307510676803708805
27956 1510.501000 27.7277073803617923886 -0.0747949074250950918241 13.8307347509520202067
27957 1510.511000 27.7280283142477017577 -0.0747945639645265919482 13.830716770676831473
27958 1510.521000 27.7283487082904827048 -0.0747940319689714694373 13.8306987195030632876
27959 1510.530000 27.728637113542326631 -0.0747935636482228438648 13.8306824907343006714
27960 1510.538000 27.7288935159243692397 -0.074793200911915422302 13.8306680902377312492
27961 1510.547000 27.7291822508675238623 -0.0747929442607957323252 13.8306519559624874205
27962 1510.557000 27.7295023706728542834 -0.0747923968488630602769 13.8306339346716775651
27963 1510.566000 27.7297905147507286472 -0.0747919207670012381461 13.8306177347914136533
27964 1510.576000 27.7301109978660349498 -0.0747915965820189904134 13.8305998885193570658
27965 1510.585000 27.7303989022693180289 -0.0747911194734741102685 13.8305836224396863088
27966 1510.595000 27.7307191520468769852 -0.0747907570534919324823 13.8305657020587720041
27967 1510.604000 27.7310070284215299807 -0.074790330565434035015 13.8305496056516670222
27968 1510.612000 27.7312628941817607142 -0.0747899721895907421132 13.8305352434077573065
27969 1510.622000 27.7315823405754251496 -0.0747893933390200577049 13.8305171696738291587
27970 1510.631000 27.7318703566041691033 -0.0747891459772573735654 13.8305010726259300924
27971 1510.641000 27.7321896519081505517 -0.0747886101224426308454 13.830483083877137318
27972 1510.651000 27.7325093102726007999 -0.0747882523641867358322 13.830465169636370959
27973 1510.660000 27.7327966393560352287 -0.0747878260152590179644 13.8304490759496854224
27974 1510.670000 27.7331155434303155971 -0.0747872410808724380482 13.8304310028081030026
27975 1510.679000 27.7334030573941561215 -0.0747869843928583161174 13.8304149066395680734
27976 1510.686000 27.7336260002428325322 -0.0747865087953567958534 13.8304022829839396991
27977 1510.694000 27.7338811058801155696 -0.0747861385982823145824 13.8303879247680860942
27978 1510.704000 27.7342001615466031694 -0.0747858043062097355147 13.8303701011714021973
27979 1510.714000 27.7345184972751006569 -0.0747852014239276524643 13.8303520368480477032
27980 1510.723000 27.7348054864392743468 -0.0747849286831706039358 13.8303359508756038565
27981 1510.733000 27.7351236105696941081 -0.0747843619676119009121 13.8303179782623484328
27982 1510.742000 27.735409908406104762 -0.0747838661681430455497 13.8303018181400325659
