27713 965.479000 -0.367801306672509320528 -0.025456394385116508372 -0.0430790913975610673115 -0.00983322606776483067181 -0.0069993185413816921131 0.999927155949400403578 3.09133524363287781611
27714 965.487000 -0.367801957433051773805 -0.0254495055599681177516 -0.0430674702360730257689 -0.00980699329525383869943 -0.00701869483626968611312 0.999927277758388743933 3.09132465144295576209
27715 965.495000 -0.367803310722359555474 -0.0254418801698915245102 -0.0430560698833827304455 -0.00978041539133946494222 -0.00703846420445166254948 0.999927399112763404254 3.0913123954430448137
27716 965.502000 -0.367804861968757224044 -0.0254348077073383964375 -0.0430467778820630558867 -0.00975845430693658005827 -0.0070553475151238108018 0.999927494691980278674 3.0913005359036054287
27717 965.510000 -0.367806832580731102311 -0.0254265060275437326798 -0.0430373670517066736485 -0.00973607737126582634124 -0.00707352522631875951786 0.999927584397136803851 3.09128600085487370563
27718 965.517500 -0.367808572581874548835 -0.0254192413600021344111 -0.0430304191769280142132 -0.00971947479086646484725 -0.00708808463720018554904 0.999927642815201744853 3.0912727182803076964
27719 965.526000 -0.36781065105485122313 -0.0254101548364355084297 -0.0430233994832169078237 -0.00970252605862050900021 -0.00710464451255816021452 0.999927689892840199093 3.09125532546908754483
27720 965.534000 -0.367812234035591267833 -0.0254025166963884121984 -0.0430189404938609853968 -0.00969149469657263132327 -0.00711721533466122633499 0.99992770747510850704 3.09123999286219852678
27721 965.542000 -0.367813505059509826545 -0.0253954397937910282546 -0.0430160021922466190292 -0.00968388682080275307873 -0.00712778754424532503403 0.999927705877163064407 3.0912251657803864191
27722 965.550000 -0.367814443801106172316 -0.0253890184867214575848 -0.0430143467166277590485 -0.00967921726863027638565 -0.00713646943127621991715 0.999927689164132993405 3.09121116338868606732
27723 965.558000 -0.367815058569297470559 -0.0253833026756754044639 -0.043013689944826273559 -0.00967697089433937167324 -0.00714341817334360196234 0.999927661289111036069 3.09119824142314003623
27724 965.566000 -0.367815376608570665518 -0.0253783023149851717781 -0.0430137368189117547113 -0.00967665846699088637306 -0.00714881873123898378686 0.999927625716812040757 3.09118658378157107336
27725 965.574000 -0.367815435783671484948 -0.0253739933952190424571 -0.0430142104552011517171 -0.00967784434037482696467 -0.00715287208181172948912 0.999927585253004735932 3.09117629925978221195
27726 965.582000 -0.367815278088671038237 -0.0253703246690747084846 -0.0430148735880817173483 -0.00968015450848960963548 -0.00715578921037275661465 0.999927542019654613803 3.0911674229514498613
27727 965.590000 -0.367814945000814685905 -0.0253672246084832991864 -0.0430155419467291438851 -0.00968327356134836628176 -0.00715778732736645217916 0.999927497518551255951 3.09115992165281472381
27728 965.598000 -0.367814474460320006699 -0.0253646082469986856867 -0.0430160899723731615651 -0.00968693720823540424525 -0.00715908569989733619549 0.999927452738179955993 3.09115370251990162487
27729 965.606000 -0.367813899165222002452 -0.0253623836652381376422 -0.0430164498509665177428 -0.00969092454119463431184 -0.0071598997822424617285 0.99992740827354309463 3.09114862417966174135
27730 965.614000 -0.367813245874390459811 -0.0253604579279246254708 -0.0430166051909671720566 -0.00969505188970603073995 -0.00716043356827220089933 0.999927364442022903468 3.09114450947543062398
27731 965.622000 -0.367812535461570833117 -0.0253587423004515907787 -0.0430165808568868240913 -0.00969916843676394031804 -0.00716087100006087499265 0.999927321387987566581 3.09114115902408848058
27732 965.630437 -0.367811783520299973027 -0.0253571565841593411783 -0.0430164305123668377906 -0.00970315287313191707219 -0.00716136773495477420293 0.999927279174083527558 3.09113836477974368577
27733 965.638000 -0.367811001361090295081 -0.0253556324294563380228 -0.0430162233608026578491 -0.00970691016906081310944 -0.00716204460840644176883 0.999927237858833972695 3.09113592283718929821
27734 965.647000 -0.367810095536348524714 -0.0253539242622378459269 -0.0430160118180769185381 -0.00971077605148260719625 -0.00716312220159253092849 0.999927192603943137961 3.09113336284123674247
27735 965.655000 -0.3678094042957315013 -0.0253526285576159624013 -0.0430158059335631476339 -0.00971329833701742827168 -0.00716425111445465577498 0.999927160017861083041 3.09113156320363957619
27736 965.662312 -0.36780856009266105211 -0.0253509918446639045952 -0.0430159280351264453057 -0.0097161763465962169839 -0.00716579281826906951125 0.99992712100957015231 3.09112907629595623504
27737 965.670000 -0.367807728390861843337 -0.0253493219828139007554 -0.0430160921777182764236 -0.00971846886130693296546 -0.00716764279631331140824 0.999927085471603915856 3.09112645052531886947
27738 965.678000 -0.367806904054870709153 -0.025347586152082393629 -0.0430164063021268167075 -0.00972030110497624014188 -0.00716972962537276454348 0.999927052701109597699 3.0911235335461539897
27739 965.686000 -0.367806097704665602155 -0.0253457951411871565406 -0.0430168464310363707348 -0.00972165336127043221148 -0.00717199445523548050063 0.999927023312930263188 3.09112030436754414708
27740 965.694000 -0.367805322743176954514 -0.0253439671091183343909 -0.0430173675499827823376 -0.00972250761517105301091 -0.00717437107103728165941 0.999926997958054952775 3.09111677878753932092
27741 965.702000 -0.367804594337173218488 -0.0253421242397124865664 -0.0430179098016587879716 -0.00972285069104234477011 -0.007176794714789063237 0.999926977229868230168 3.09111300207362127423
27742 965.710000 -0.367803935400111470244 -0.0253403015282450891354 -0.0430184027150733588885 -0.00972265184500175141946 -0.00717918738761061207831 0.999926961987501528029 3.09110907871085016652
27743 965.718000 -0.367803347761397725346 -0.0253384975112639250494 -0.0430187842878454185236 -0.0097219724926023085021 -0.0071815478209581451452 0.999926951642842953838 3.09110501768857304228
27744 965.726000 -0.367802846913531322759 -0.0253367353802453065814 -0.0430189927064999338979 -0.00972083831051983975058 -0.0071838508684172490068 0.999926946126186266817 3.09110092522958712635
27745 965.734000 -0.367802456189505633244 -0.0253350484705179290756 -0.04301897452867356475 -0.00971923858563425620283 -0.00718603431008161923355 0.99992694598766063141 3.09109694788605304794
27746 965.741000 -0.367802202684979373526 -0.0253336256374394226676 -0.043018754438893275216 -0.00971753209859460911901 -0.00718785139925637132918 0.999926949512900620221 3.09109356829922132803
27747 965.748000 -0.367802035435572716171 -0.0253322617483043369124 -0.0430183340609756881268 -0.00971559521553179254727 -0.00718959279163131331075 0.999926955814822604474 3.09109035157951783646
27748 965.756000 -0.367801943232510530901 -0.0253307695166407539911 -0.0430176173828063085347 -0.00971319485948589356195 -0.00719150980729992266721 0.99992696534912650641 3.09108691634326548936
27749 965.764000 -0.367801957265481538339 -0.0253293541252385435991 -0.0430166721015190836597 -0.00971066312018990102084 -0.00719332563624575614669 0.999926976877840267832 3.09108378430652885882
27750 965.772000 -0.36780203362552960078 -0.0253279670980980746442 -0.0430155597390205826636 -0.00970824557368751318853 -0.00719516282876211596409 0.999926987134435063531 3.0910808909369320574
27751 965.780000 -0.367802177734456947622 -0.0253266465292508909102 -0.0430143961886301565145 -0.00970603299333691604822 -0.00719693502344369209073 0.999926995860098033475 3.09107834600224773425
27752 965.787000 -0.367802355853295459553 -0.0253255196067530760629 -0.0430131924165938900328 -0.00970411824499819476719 -0.00719846308184061804691 0.999927003444924800135 3.09107634194280000983
27753 965.796000 -0.367802591449621241182 -0.0253240913671900075288 -0.0430117615235514338945 -0.00970219388864222709312 -0.00720040795832707029162 0.999927008115582882652 3.09107401008304405465
27754 965.803000 -0.367802769499802506559 -0.0253229923181583632674 -0.0430107191919378156753 -0.00970107811641564635186 -0.00720190916017413983868 0.999927008130007344278 3.09107237156697634006
27755 965.811000 -0.367802943148535343987 -0.0253217331866532197049 -0.0430096615501702889128 -0.00970026179377364225487 -0.00720359970102384204044 0.99992700387202237966 3.0910706035693071847
27756 965.820000 -0.367803075496738074435 -0.0253203036264974742919 -0.0430086982760720590302 -0.00969995428040366751421 -0.00720545663749574440138 0.999926993475825254265 3.09106867697214582336
27757 965.828000 -0.367803118507114223945 -0.0253190322510999862859 -0.0430080923411137877599 -0.00970023631301537674065 -0.00720703831263842537719 0.999926979341107524668 3.09106700462548067421
27758 965.835000 -0.367803091868488252203 -0.0253178822590395743997 -0.0430077283322520126374 -0.00970081988228813606179 -0.00720840578080100997937 0.999926963822713732455 3.09106544583284481575
27759 965.842000 -0.367803001105731719456 -0.0253167366222429961187 -0.043007555377978415323 -0.0097017241062654809014 -0.00720969385260377369773 0.999926945763498054021 3.09106385466371280657
27760 965.851000 -0.367802776910440776259 -0.0253152253221937302563 -0.0430075894889276333366 -0.00970327105168270441504 -0.00721124587021811352255 0.999926919561573201989 3.09106160419418385388
27761 965.860000 -0.367802451521238693566 -0.0253136988287848072043 -0.0430078566525941910492 -0.00970508488803651162002 -0.00721267731926183465474 0.999926891634185577296 3.09105915891394156247
27762 965.868000 -0.36780209501278082751 -0.0253123444685271828392 -0.0430082398757039852111 -0.0097067751482508776717 -0.00721382976917655030502 0.999926866913917078428 3.0910568510692084665
27763 965.875000 -0.367801731641977103227 -0.0253111465957570301588 -0.0430086524777737941316 -0.00970827088370886624735 -0.0072147883522542533008 0.999926845476948322755 3.09105467543922252105
27764 965.882000 -0.367801330599198950111 -0.0253099362092658354551 -0.043009101981328200226 -0.00970971656415477515911 -0.00721571140622806733028 0.999926824779266421039 3.09105234911183535118
27765 965.890000 -0.367800859972570448608 -0.0253085736357322073353 -0.0430096096758357110401 -0.00971116914262566514882 -0.0072166928335051219387 0.999926803590357904383 3.09104963258041376406
27766 965.898000 -0.367800381548333610304 -0.0253072107484183239645 -0.0430100732374344152387 -0.00971237501297484220886 -0.00721763096364961935503 0.999926785107229765259 3.09104679362644274576
27767 965.906000 -0.367799916901809575975 -0.0253058586810201817385 -0.0430104507194228186107 -0.00971327842164414895221 -0.00721855511823320424025 0.999926769660812952978 3.09104389188730177551
27768 965.914000 -0.367799483015634809391 -0.0253045244289513623914 -0.0430107105820733831569 -0.00971385172734322462074 -0.00721949870944055358685 0.999926757279253730637 3.09104099068921778226
27769 965.922000 -0.36779908779717251921 -0.0253031948715864846156 -0.0430108371504774739114 -0.00971409349995450838167 -0.00722047185294586238435 0.999926747903912782611 3.09103807201898517221
27770 965.931000 -0.367798748157254773439 -0.025301860039817783421 -0.0430108014854632819679 -0.00971399280466482724361 -0.00722149305242819269934 0.999926741507538907605 3.09103514273220536523
27771 965.938000 -0.3677984571446980544 -0.0253005716636461631952 -0.0430106585837680827078 -0.00971365454398185994289 -0.00722260315759172197292 0.999926736775764157805 3.09103238339696106962
27772 965.945000 -0.367798253501062322179 -0.0252994362334248192037 -0.0430104095541965630867 -0.009713145534288281438 -0.00722363793036981307466 0.99992673424550493344 3.09102999967367830791
27773 965.954000 -0.367798052269825648253 -0.0252979758900217857609 -0.0430099637138637580502 -0.0097122954283460505992 -0.00722506099456758036498 0.9999267322214849818 3.09102701303941262978
27774 965.961000 -0.367797940383798094288 -0.0252968436635638456444 -0.0430095376828115855128 -0.00971153609734195372161 -0.0072262462252227713938 0.999926731031890336787 3.09102478581963158177
27775 965.969000 -0.36779785286575861214 -0.0252955488223961556804 -0.0430089913912208160474 -0.00971062379801375732957 -0.00722767573504335542056 0.999926729560182470102 3.09102232509971530661
27776 965.977000 -0.367797798124715247248 -0.0252942463959085032943 -0.0430084099503567421352 -0.00970972267898356777849 -0.00722916674124844844951 0.999926727532435055679 3.09101993164419663884
27777 965.985000 -0.3677977598688149663 -0.0252929237856173994015 -0.0430078295051611464439 -0.00970890782880440283975 -0.00723070322888292888602 0.999926724335132299792 3.09101756258014193079
27778 965.993000 -0.367797734675267773419 -0.0252915937562681013284 -0.0430072652910219871414 -0.00970820211777325726976 -0.00723227194082080079157 0.999926719842116451531 3.09101524171471719882
27779 966.001000 -0.367797708788050459194 -0.0252902497132149184367 -0.0430067424651944738012 -0.00970764955729254072625 -0.00723385419179873277729 0.999926713761365881794 3.09101293506728502791
27780 966.009000 -0.367797673884044384884 -0.0252888910267871566684 -0.0430062765230610488665 -0.00970726559141314900014 -0.00723542556865112637676 0.999926706119792618743 3.09101061738832250114
27781 966.018000 -0.367797612188218436824 -0.0252873412485595597254 -0.0430058356981348893777 -0.00970705075164645173058 -0.00723715883460850691739 0.999926695662090914141 3.09100795841948894349
27782 966.026000 -0.367797535273353293217 -0.0252859559603958138074 -0.0430055185588738425606 -0.00970703934719470071246 -0.0072386610702174841378 0.999926684898959194925 3.09100557221243743555
27783 966.034000 -0.367797427481396876914 -0.0252845485830431419838 -0.0430052779071178614689 -0.00970719105359304536285 -0.00724010259214269077943 0.999926672989726927909 3.09100309281121310434
27784 966.042000 -0.367797292352476101751 -0.0252831313906618296294 -0.0430051037594653129403 -0.00970747256861973460695 -0.00724148415813450144207 0.99992666025239929084 3.09100054361898246569
27785 966.050000 -0.367797132109688784674 -0.0252817118689267171516 -0.0430049848164635734049 -0.00970785198881966675255 -0.0072428118148995029521 0.999926646953053777089 3.09099794748757084051
27786 966.058000 -0.367796942980051166927 -0.025280276387151825318 -0.0430049159126741631365 -0.00970830614912794771787 -0.00724407405613402850114 0.999926633400062936374 3.09099524834940675433
27787 966.066000 -0.367796733595058877864 -0.0252788376619287671887 -0.0430048792254415362946 -0.0097087927874769802683 -0.00724528409747863394452 0.999926619908159342032 3.09099248344178301195
27788 966.074000 -0.367796510242371976762 -0.0252774031889660411032 -0.0430048588335803089189 -0.00970927836084845528875 -0.00724645892745808418295 0.999926606680072271871 3.0909896879298157657
27789 966.082000 -0.36779627203519388301 -0.0252759589906196777132 -0.0430048480902401886183 -0.00970974469999720535274 -0.00724759587032777936877 0.999926593911753869293 3.09098681611745673692
27790 966.090000 -0.367796032427939123544 -0.0252745248883063898526 -0.0430048266796057565564 -0.00971015372420080784266 -0.00724872073922372579802 0.999926581786031554167 3.0909839415342061919
27791 966.098000 -0.367795787721818645544 -0.0252730820908967646066 -0.0430047947071725833457 -0.00971050700368513222682 -0.00724983320129127337822 0.99992657029018117143 3.09098101351781862078
27792 966.105000 -0.367795584491489135903 -0.0252718348081028901242 -0.0430047399162129806438 -0.00971073265427520315729 -0.00725080965196426251163 0.999926561018712134477 3.09097847722308882723
27793 966.114000 -0.367795320002893277866 -0.0252702139090257849041 -0.0430046486988643270055 -0.00971096571733170987883 -0.00725209275261615680941 0.999926549450280588438 3.09097517785344155783
27794 966.122000 -0.367795100898230087338 -0.0252687821364102477295 -0.0430045299532543431886 -0.0097110736056903006197 -0.00725325552495440992185 0.99992653996866931454 3.09097227208097091733
27795 966.130000 -0.36779489435722972912 -0.0252673521345759544143 -0.0430043795299115058639 -0.00971110888427199892003 -0.00725445203790408416067 0.999926530946082858797 3.09096938869596460364
27796 966.138000 -0.36779470242296524729 -0.025265923303142204942 -0.0430041982957986707037 -0.0097110761524109717735 -0.00725568047575329486132 0.999926522350915392146 3.09096652831814910911
27797 966.146000 -0.367794519527938623682 -0.0252645327851743067837 -0.0430040046349825649807 -0.00971101256684256571028 -0.00725693173315394499112 0.999926513888269252739 3.09096379524886355483
27798 966.154000 -0.367794358966489154383 -0.0252630622597445411714 -0.04300376083651904352 -0.00971087056428764257288 -0.00725823848396436269864 0.999926505782796848365 3.09096087506994710026
27799 966.162000 -0.367794205090877901476 -0.0252616271439341892602 -0.043003514684083948838 -0.00971072613339885384875 -0.00725956055338718587305 0.999926497587964591141 3.09095807337214534272
27800 966.169313 -0.367794079421972341937 -0.0252603711956074609979 -0.0430032887929150814399 -0.00971059014776798519464 -0.00726073931613316000955 0.999926490349948404734 3.09095564756916862947
27801 966.177000 -0.367793941398559975919 -0.025258927297367003012 -0.0430030268015812733307 -0.00971044000285609804068 -0.00726209869928581309984 0.999926481936263544803 3.0909528636934289203
27802 966.185000 -0.367793808871356542323 -0.0252574786387731939352 -0.0430027634527853433455 -0.00971030247919387606848 -0.00726346977598609031684 0.999926473313201169546 3.09095008590020459138
27803 966.193000 -0.367793678408197100005 -0.0252560214830975550415 -0.0430025045630788929629 -0.00971018808496178914558 -0.00726484212969777127383 0.9999264644543545133 3.09094729089732256355
27804 966.200000 -0.367793565625898821736 -0.0252547438885286738841 -0.0430022832769876781067 -0.00971011084168008770101 -0.0072660449107982954392 0.999926456465072721613 3.09094485032035048988
27805 966.208000 -0.367793434120063100767 -0.0252532725580674292931 -0.0430020411529512952553 -0.00971005351418263197572 -0.00726740731460498792793 0.999926447120824568593 3.09094202073781421092
27806 966.216000 -0.367793301500564107087 -0.0252517993924698848363 -0.0430018094487465279974 -0.00971002879486843398227 -0.00726876447633569618828 0.999926437496174158603 3.09093919023342333929
27807 966.221000 -0.367793216956439961152 -0.02525087521267063706 -0.0430016704762588922173 -0.00971002717032261666863 -0.00726960244845465102664 0.999926431420128492 3.09093740906370584298
27808 966.227000 -0.367793121126643474117 -0.0252497706865811473442 -0.0430015080494773813125 -0.0097100038629383319394 -0.00727056058954194013577 0.999926424680184000593 3.09093525750487652104
27809 966.232000 -0.367793020633520650886 -0.0252488247854046610197 -0.0430013861799424176868 -0.00971007476167394176225 -0.0072714261403333240591 0.999926417697826530606 3.09093341668870413841
27810 966.239000 -0.367792890250164150601 -0.0252475125756987210657 -0.0430012178560026936402 -0.00971013055793970222829 -0.00727256688749246434089 0.99992640885987937871 3.09093084440796195267
27811 966.245000 -0.367792784771714620362 -0.0252463978994316197435 -0.0430010738472012474243 -0.00971016243911258097876 -0.00727351875342719875195 0.999926401626814453927 3.09092864302614733774
27812 966.250000 -0.36779267807570292792 -0.0252454424685063134881 -0.0430009697175878086162 -0.00971024852391381629313 -0.00727433665863669049606 0.999926394841030630189 3.09092675123538329629
27813 966.256000 -0.367792702327969733833 -0.0252451530502180616911 -0.0430009346527735758503 -0.00971019629956266713822 -0.00727441153653797262929 0.999926394803448026494 3.09092596804204022831
27814 966.262000 -0.367792446591414190493 -0.0252431898769975883445 -0.0430007090947990902596 -0.00971037391929316894001 -0.00727622454641420682298 0.999926379887388305789 3.09092226950870596625
27815 966.267000 -0.367792334585139379932 -0.0252422291137034127129 -0.0430006139014410121435 -0.00971047141167475855172 -0.00727702807081029821867 0.999926373093249165613 3.09092034693280348634
27816 966.274000 -0.367792188548000498205 -0.0252409012688118786216 -0.0430004734506342634059 -0.00971056797931092036125 -0.00727812634468874477406 0.999926364162096570354 3.090917686548344534
27817 966.281000 -0.367792045928155342249 -0.0252395810096518909138 -0.0430003294446922035288 -0.00971065107381234061956 -0.00727922414863178390138 0.999926355363992214187 3.09091504119170412679
27818 966.289000 -0.367791874471906865551 -0.0252380551990742767188 -0.0430001739612487221542 -0.00971075929293807767195 -0.00728047249879103068604 0.999926345224561585745 3.09091196295603243271
27819 966.297000 -0.367791710223296819393 -0.0252365411709138884322 -0.043000008874461759234 -0.00971083757373533869306 -0.00728172258185578926554 0.999926335361689289094 3.09090891109986376506
27820 966.305000 -0.367791538768039161234 -0.0252350123603274668904 -0.0429998499266003517127 -0.00971092830365617200317 -0.00728297938496826578747 0.999926325327400999932 3.09090582508918476634
27821 966.312000 -0.367791401300468501212 -0.0252336899182784291096 -0.0429997000593960176928 -0.00971095154000060911681 -0.00728405042213075247515 0.999926317300247613495 3.09090315669081805439
27822 966.320000 -0.367791230407643832123 -0.0252321574444977839158 -0.0429995337295072804773 -0.00971103032546624493626 -0.00728533361693223593947 0.999926307186738583255 3.09090007361426266641
27823 966.328000 -0.367791067598590037946 -0.0252306315956449950244 -0.0429993584798361236365 -0.00971107635096716062528 -0.00728661038078837718091 0.999926297436598221502 3.09089700488288254832
27824 966.336000 -0.367790902496808735922 -0.0252290985521520481905 -0.0429991804038518943276 -0.00971113782927138236012 -0.00728792067430338030842 0.99992628729037114077 3.09089392188853651078
27825 966.344000 -0.367790744842778238866 -0.0252275703730654998758 -0.0429989965208753821546 -0.00971116475613994882543 -0.00728921144175331131576 0.999926277620323711304 3.09089085751286996029
27826 966.351000 -0.367790612542459538492 -0.0252262413817329958499 -0.0429988295072948473186 -0.00971117875131732345706 -0.00729035386310237024099 0.999926269155786640042 3.0908882128778820686
27827 966.359000 -0.367790483480405994143 -0.02522484745128777614 -0.0429986549973061932262 -0.00971118064658142189638 -0.00729150774411106185335 0.999926260723893012283 3.09088538828482572995
27828 966.365000 -0.367790352970248146658 -0.0252235723216744575637 -0.0429984896566278779195 -0.00971118787338539311838 -0.0072926278154341129048 0.999926252485468736175 3.09088287933131411478
27829 966.372000 -0.367790221390112082034 -0.0252222266563750623092 -0.0429983242175128177465 -0.00971120011249591505442 -0.00729376095763014861695 0.999926244101767891514 3.0908801834473114134
27830 966.380000 -0.367790080527447105219 -0.0252206997905664448423 -0.0429981255154137376184 -0.00971118085920814541612 -0.0072950407531214905496 0.999926234952723924643 3.09087713149083853637
27831 966.387000 -0.367789940220854538744 -0.0252193356302566583371 -0.0429979616067689418557 -0.00971123822629165432685 -0.0072962192400252406238 0.999926225797140411089 3.09087439565886556991
27832 966.394000 -0.367789812469970001096 -0.0252179871789226864309 -0.0429977909610231717741 -0.00971125090366763490946 -0.0072973611914130508127 0.999926217340823764168 3.0908716992147886593
27833 966.401000 -0.367789688669700742807 -0.0252166441807119938445 -0.0429976171373020604749 -0.00971125895124043403417 -0.00729850610859083398507 0.999926208906519731201 3.0908690200156536676
27834 966.408000 -0.367789560662711623173 -0.0252152876925241867245 -0.0429974497987186399239 -0.00971127846805923920781 -0.00729963857258094164782 0.999926200450425906041 3.09086629225897357998
27835 966.415000 -0.367789441169911524021 -0.0252139415665267284383 -0.0429972767844215703059 -0.00971127372061485368004 -0.00730075644079752634347 0.999926192335272023826 3.09086357840255843143
27836 966.422000 -0.367789309524741980795 -0.0252125747149387069435 -0.0429971157209105558916 -0.00971130163243720881394 -0.00730187812802143149105 0.999926183873793394952 3.09086082558140784471
27837 966.429000 -0.367789174761638859579 -0.0252112010815792216001 -0.0429969531160689782956 -0.00971135398633989586903 -0.0073030293658181560934 0.999926174957848412639 3.09085804190520319068
27838 966.435000 -0.367789068902902138714 -0.0252100418446571973574 -0.0429968080545206354781 -0.0097113716189690928865 -0.00730400413426208518219 0.999926167666835952197 3.09085571788528934434
27839 966.442000 -0.367788939463067343638 -0.0252086724615411227057 -0.0429966468698130474535 -0.00971140428590349172322 -0.007305125518987457163 0.999926159157738858596 3.09085294162798174256
27840 966.449000 -0.367788818260947225625 -0.0252073139346640426317 -0.0429964800601952482073 -0.00971141165244651487221 -0.00730623337411637208128 0.99992615099196180406 3.09085018085256457709
27841 966.457000 -0.367788625781104383528 -0.02520621523032463146 -0.0429963624477800385182 -0.00971155604857949772413 -0.00730738803902676245516 0.999926141152016612068 3.09084826834567660825
27842 966.463000 -0.367788548334257336947 -0.0252045507881950986429 -0.0429961679133839744238 -0.00971151149220766257697 -0.00730849117865623940093 0.999926133522485827143 3.09084455936127300291
27843 966.470000 -0.367788421349526106763 -0.025203183503048856573 -0.042996006193534816453 -0.00971154385407196722724 -0.00730962073767376773609 0.999926124951559636145 3.09084179335351771911
27844 966.476000 -0.367788310510712812551 -0.0252020042806782688938 -0.042995870223700397017 -0.00971157325648368263682 -0.00731058029875034532524 0.999926117650989043639 3.0908393945296008809
27845 966.483000 -0.367788188492627343695 -0.0252006374980122786755 -0.0429957069228728908095 -0.00971158407855089722549 -0.00731168715268404670327 0.999926109452926925591 3.09083660551874306321
27846 966.490000 -0.367788054690178500827 -0.0251992516045857067875 -0.042995554542059090386 -0.00971162435389409661735 -0.00731280106640925728345 0.999926100915948579129 3.0908337847289750755
27847 966.498000 -0.367787906199727565593 -0.0251976733617050481506 -0.0429953745027224984443 -0.00971166462612629496909 -0.00731408527832934016177 0.999926091132105177017 3.09083056828083346801
27848 966.505000 -0.367787772466912243896 -0.0251962875693726787163 -0.04299521772633142086 -0.00971172408833661376937 -0.00731523871015510827875 0.999926082116996184368 3.09082774524429071406
27849 966.512000 -0.367787643287747156862 -0.0251949057545664649449 -0.0429950598065906158807 -0.00971175829990088106125 -0.00731636572823782249664 0.99992607353906670653 3.09082493329768226431
27850 966.519000 -0.367787519415281483059 -0.0251935325508052879173 -0.0429948967432052797655 -0.00971178042491545150117 -0.00731749577646003453862 0.999926065055081747524 3.0908221451977926364
27851 966.526000 -0.36778739052248121677 -0.0251921462480225663572 -0.0429947414026217999972 -0.00971181525407922678628 -0.00731861673255361673551 0.999926056512976613178 3.09081931379573493501
27852 966.534000 -0.367787251377970692001 -0.0251905740362740708516 -0.0429945553399003269068 -0.00971182998170738373545 -0.00731989471418251561041 0.999926047015368024695 3.0908161077127558336
27853 966.541000 -0.367787137900435601168 -0.0251893059628413157336 -0.0429944191539972514482 -0.00971187488018299127646 -0.00732089264131694558019 0.999926039273528521889 3.09081347429718400477
27854 966.547000 -0.36778700589540946897 -0.0251879859829628530155 -0.0429942677156108093994 -0.00971191666997834116004 -0.00732200589298271763833 0.99992603071642183199 3.09081083184788552032
27855 966.553000 -0.367786903051229963069 -0.0251868091606988024622 -0.042994125512075098694 -0.00971193023138984534715 -0.00732297804823650328593 0.999926023465579016936 3.09080844776619922953
27856 966.560000 -0.367786776439218587864 -0.0251854190167106091469 -0.0429939691354032996196 -0.00971196193407138086418 -0.00732409929075548016969 0.99992601494559096853 3.09080560603320497748
27857 966.568000 -0.367786639783716118313 -0.0251838420706111953962 -0.0429937820377908133662 -0.00971197356407633820286 -0.00732537640202581604582 0.999926005477434931557 3.0908023859879740769
27858 966.576000 -0.367786492753038096737 -0.0251822474974104960899 -0.042993604428129481021 -0.00971201983303840790662 -0.00732666821998918978143 0.999925995563450076276 3.09079913164245922985
27859 966.583437 -0.367786368150082365602 -0.0251808558006898913773 -0.042993445805483816724 -0.0097120383278881620287 -0.00732777968764464302659 0.999925987239239200122 3.09079628891578694905
27860 966.592000 -0.367786209118078966096 -0.0251790681477148253764 -0.042993240347756041253 -0.00971207432579160485908 -0.00732922798926088220339 0.999925976274929961818 3.0907926368402836026
27861 966.599000 -0.367786078353687928555 -0.0251776637650228639342 -0.0429930834260244115752 -0.00971212814312155149621 -0.00733037450208515010963 0.999925967347878530411 3.09078975323409554932
27862 966.606000 -0.36778595744938624712 -0.0251762770603140735581 -0.0429929212241851876897 -0.00971215234242138805709 -0.00733150539167631495885 0.999925958821736737825 3.09078692907992413907
27863 966.613000 -0.367785833283452379128 -0.0251748801244682865463 -0.0429927624621867093824 -0.00971218095638631644106 -0.00733262700474044803317 0.9999259503194624088 3.09078406741311750849
27864 966.620000 -0.367785715749063601976 -0.0251734928023410811648 -0.0429925978063280325725 -0.00971219212429221337435 -0.00733374509850027479774 0.999925942011192669945 3.09078122413079592334
27865 966.627000 -0.367785591087085528272 -0.0251720902686155961758 -0.0429924429629020693477 -0.00971222220857380011405 -0.0073348578268656343046 0.999925933557296642284 3.09077833987501016111
27866 966.635000 -0.367785456934966115128 -0.0251704995066344035248 -0.0429922574333077914255 -0.00971222339873489652617 -0.007336113472978736047 0.999925924334280402661 3.09077507349824420757
27867 966.643000 -0.367785310287014333142 -0.0251688898866440115276 -0.0429920805115434762067 -0.00971227577530718241827 -0.00733740796726546976037 0.999925914327449594232 3.09077176873868486595
27868 966.650000 -0.367785180621323981587 -0.0251674765258126133249 -0.0429919244562658522946 -0.00971232938067361113721 -0.00733855130705131451091 0.999925905416353955069 3.09076885303188220178
27869 966.659000 -0.367785023830763446728 -0.0251656745315938443208 -0.0429917202800114139905 -0.00971236457832693085568 -0.00733999455463732030508 0.999925894481303867423 3.09076514969974658342
27870 966.667000 -0.367784883149926744572 -0.0251640676908190565053 -0.0429915396822018319734 -0.00971239635299791723155 -0.00734127461390636851246 0.999925884775529350001 3.09076184128284925379
27871 966.674000 -0.367784763755737487134 -0.0251626701784954734387 -0.0429913787181995035724 -0.00971242043635651627898 -0.00734240313353311593869 0.999925876255581380647 3.09075897969085611194
27872 966.681000 -0.367784641137678836031 -0.0251612629963880347905 -0.0429912212192725268212 -0.00971244899899445859881 -0.00734352309354130167868 0.999925867753713393249 3.09075608305141935617
27873 966.689438 -0.367784505596333410882 -0.025159662442470118876 -0.042991036599166920773 -0.00971247127223826348108 -0.00734480651366747026854 0.999925858111021526042 3.09075279245183009991
27874 966.695000 -0.36778440225293546062 -0.0251584545616381563549 -0.0429909042671067359587 -0.00971249031541174083493 -0.0073457522764745408414 0.999925850978644170652 3.09075029354964403439
27875 966.702000 -0.367784280756523085376 -0.0251570453417379220895 -0.0429907475495747495864 -0.00971250841580436827249 -0.00734685886468647558062 0.999925842672893083751 3.09074739012280952366
27876 966.710000 -0.367784136884514278876 -0.0251554280463606450002 -0.0429905694324268367046 -0.00971256600006994118279 -0.00734816516716751706034 0.999925832514777290783 3.09074405141904628991
27877 966.717000 -0.367784015866130686856 -0.0251540194722422449924 -0.0429904118306346505474 -0.00971259391137913041803 -0.00734928735427792766133 0.999925823996408502659 3.09074115203549038
27878 966.725000 -0.367783880259049289485 -0.0251524143332551748664 -0.0429902298531564669437 -0.00971262228049923383166 -0.00735057278934994704628 0.999925814272291324514 3.09073785161458935988
27879 966.733000 -0.367783741288737975328 -0.0251507998933453158497 -0.0429900516758862372146 -0.00971265661677363049964 -0.00735185083752428174958 0.999925804542870944047 3.09073451926202080742
27880 966.741000 -0.367783603670607250891 -0.0251491865064427631837 -0.0429898728793140089133 -0.00971268864423277013265 -0.00735312814177693178236 0.999925794839712445139 3.09073118635187871206
27881 966.748000 -0.367783484727555398663 -0.0251477779651545253758 -0.0429897150839954472756 -0.00971271450961472271324 -0.00735424904255396316016 0.999925786345104095076 3.09072828519975661976
27882 966.756000 -0.367783347701851670575 -0.0251461639449198359753 -0.0429895364011896388701 -0.00971274637450006243788 -0.00735552600603354977959 0.999925776642966224195 3.09072494962234989302
27883 966.763187 -0.367783231616802985808 -0.0251447602884814006008 -0.0429893757220222438864 -0.00971276723725510160445 -0.00735665044182531695227 0.999925768168253292778 3.09072206372828839349
27884 966.771000 -0.367783093271034200455 -0.0251431416480265325364 -0.0429891991659502523127 -0.00971280370234044350408 -0.00735792477594012905157 0.999925758437710920923 3.09071871538670617241
27885 966.779000 -0.367782960727218499741 -0.0251415335590567425028 -0.0429890162728916724877 -0.00971282638526745241425 -0.00735920287147741498945 0.999925748811733572374 3.09071539688586671701
27886 966.785000 -0.367782859612183821163 -0.0251403201411356351513 -0.0429888851888800896384 -0.00971284553878832591922 -0.00736014412477237547905 0.999925741697853420753 3.09071287683944451175
27887 966.790000 -0.367782768848182228805 -0.0251393008711827820045 -0.0429887763111223841772 -0.00971288167474875820118 -0.00736095210590800765743 0.999925735399217918697 3.0907107657291512659
27888 966.796000 -0.367782668116356292742 -0.0251380910367945617501 -0.0429886415166532628862 -0.0097129037654869743168 -0.00736190967573038031885 0.999925728135029445731 3.09070826806954146448
27889 966.801000 -0.36778258675044678272 -0.0251370852439429387504 -0.0429885280094587513 -0.00971291398020680124548 -0.00736270044596387760599 0.999925722213483192391 3.09070618640528360643
27890 966.806000 -0.367782504797585729772 -0.0251360774933391956099 -0.0429884165494192685419 -0.00971291585028783224787 -0.00736347659328521423477 0.99992571648005201812 3.09070410234529191484
27891 966.812000 -0.36778239746957802625 -0.0251348553451633191513 -0.0429882848177357973496 -0.00971296430184356331117 -0.00736445576519722654857 0.999925708798285572954 3.09070156577053056779
27892 966.817000 -0.367782320400251716563 -0.0251338575333698160952 -0.0429881661979699888909 -0.00971296433512663752452 -0.00736525037269480757629 0.999925702945359873297 3.09069950826765627028
27893 966.823000 -0.367782218067698729591 -0.0251326388439434278421 -0.0429880373949586766513 -0.00971298027396397430089 -0.00736618229990137086266 0.999925695925713342582 3.09069697770135531911
27894 966.831000 -0.367782083050452568429 -0.0251310196949328518157 -0.0429878582634226624748 -0.00971302020147757697033 -0.00736746868841960198676 0.999925686060564755664 3.09069362129603186773
27895 966.839000 -0.367781948409306280734 -0.0251293988059144643432 -0.0429876801035918021388 -0.0097130495844401747163 -0.00736873907811111828609 0.999925676414086805899 3.09069025793574958527
27896 966.847000 -0.367781995150295026864 -0.0251288292122396617057 -0.0429876175030403789856 -0.00971295442097390784864 -0.00736889921128530429179 0.999925676158398335502 3.09068872151943985216
27897 966.855000 -0.367781685435778160631 -0.0251261667251511770782 -0.0429873184004117281365 -0.00971309447533118958118 -0.00737128000208393720921 0.999925657249999821907 3.09068355567253361116
27898 966.863000 -0.367781547020472221465 -0.0251245378363860599746 -0.0429871451334725013238 -0.00971313834830661755604 -0.00737255484646145639593 0.999925647425078500952 3.09068017517239246317
27899 966.868000 -0.367781457526574928618 -0.025123514852204632819 -0.0429870366881201504405 -0.00971317352822361444742 -0.00737336004792292065008 0.999925641146187538233 3.0906780486449694223
27900 966.872000 -0.367781481060437176467 -0.0251232280299956318992 -0.0429870051851119275299 -0.00971312572437324321661 -0.00737343977470785328504 0.999925641022646916056 3.09067727461695840319
27901 966.876000 -0.367781417176364311405 -0.0251224199885970132795 -0.0429869154700488753651 -0.00971313726430025024816 -0.00737407928329913888582 0.999925636194616385133 3.09067560530858242984
27902 966.880000 -0.367781260364212492231 -0.0251210874518599282246 -0.0429867674613040526288 -0.00971321177104618460607 -0.00737526576017395133628 0.999925626720336468978 3.09067301702560337517
27903 966.887000 -0.367781144444133567539 -0.025119669036788527805 -0.0429866116491612604289 -0.00971323698303188168279 -0.00737637745009316319472 0.999925618275191996354 3.090670072831388282
27904 966.894000 -0.367781035965342562033 -0.0251182600950939916018 -0.042986450815091989397 -0.00971323704261400217019 -0.007377472646495520682 0.999925610194830616351 3.09066713933536663106
27905 966.901000 -0.367780915643341366206 -0.0251168325373893400188 -0.042986300979443455017 -0.00971326730789234642216 -0.00737857327233526916893 0.999925601779787509571 3.09066417459152686931
27906 966.907000 -0.367780809931369412347 -0.0251156058663724972291 -0.0429861699941182784368 -0.00971331547237533690642 -0.00737954936834631265719 0.999925594108708959418 3.09066162083418127793
27907 966.914000 -0.367780694406851238476 -0.0251141858838322892811 -0.0429860147471978135125 -0.00971334078223324431933 -0.0073806585895188053098 0.999925585676070816099 3.09065866945980793901
27908 966.921000 -0.367780573764095453093 -0.0251128409571636651565 -0.0429858662576806035971 -0.00971337609392341344572 -0.00738174834826537534793 0.999925577288720335289 3.09065592363912822194
27909 966.927000 -0.367780481992916685741 -0.0251115527611379292516 -0.0429857250021554726516 -0.00971338450081716056617 -0.00738272070009330597801 0.999925570028391552668 3.09065320404774368512
27910 966.934000 -0.367780372507072850219 -0.0251101417737979622224 -0.0429855645728664734206 -0.00971339338679446696878 -0.00738382525235173423767 0.999925561786254135654 3.09065027014994964105
27911 966.941000 -0.367780249959950178429 -0.0251087884579912525018 -0.042985421782466504137 -0.00971343333310835041483 -0.00738490359318043874948 0.999925553434755864934 3.09064749218712497836
27912 966.947000 -0.367780157579391364653 -0.0251074985562631074199 -0.04298528208381178356 -0.0097134341296187323711 -0.00738586019834925732591 0.9999255463615979167 3.09064476720952985289
27913 966.954000 -0.367780036100666896104 -0.0251060662584988332491 -0.0429851302200090421013 -0.00971348539805439586958 -0.00738698804151307307497 0.999925537532218688952 3.09064177385856808655
27914 966.961000 -0.367779922267926828727 -0.0251046475257480777854 -0.0429849750486880899381 -0.00971350976644179756048 -0.00738809657337749330075 0.999925529105562649335 3.09063882646383181196
27915 966.965187 -0.36777985973651888818 -0.025103841833034330755 -0.0429848844114178799125 -0.00971351893042403033429 -0.00738873005177630073209 0.999925524335792847985 3.09063715856229359602
27916 966.972000 -0.367779901713271628605 -0.0251033251728401893277 -0.0429848309962395577766 -0.00971343741652862420477 -0.00738887324124576708173 0.999925524069557813966 3.09063576413221463568
27917 966.979000 -0.367779634520428388988 -0.0251010025968269982755 -0.042984575925290473275 -0.00971354841575777089302 -0.0073909151892412143503 0.99992550790038370323 3.09063123948309836919
27918 966.987000 -0.367779503733111523545 -0.0250993782427381892375 -0.0429843989341637741641 -0.00971358682429325145935 -0.00739219120701871575119 0.999925498094816012085 3.09062785426045927295
27919 966.995000 -0.367779380109824582945 -0.0250977623651870117294 -0.0429842189069963714898 -0.00971358480392909076628 -0.00739342602198004954228 0.999925488985011434728 3.09062448456941796238
27920 967.003000 -0.367779428147577469588 -0.0250971709988095752208 -0.0429841575971408457191 -0.00971349087872279241818 -0.00739359408320589515939 0.99992548865477060005 3.0906228901356249672
27921 967.010000 -0.367779130092280637232 -0.0250947073309609816616 -0.0429838932721950672811 -0.00971365901942168250005 -0.00739580336655686586267 0.999925470683199257849 3.09061811863237689835
27922 967.018000 -0.367779000105222408923 -0.0250930812102556216603 -0.0429837176923719352373 -0.00971368661628120924623 -0.00739706089321588537711 0.999925461113208569053 3.0906147230439220408
