16848 883.114000 29.5461951956640973549 -0.069935080731910778673 8.87652560716797189855
16849 883.120000 29.5459716390865771984 -0.0694654498148487425935 8.87581488069232982241
16850 883.126000 29.545766014327860205 -0.0690900660527015708645 8.87507244721302335222
16851 883.133000 29.5455476524541218453 -0.0687774099595237914384 8.87421826003288316542
16852 883.140000 29.5453514162799102394 -0.0685952301271382514081 8.87342542105855969226
16853 883.147000 29.5451762538003777081 -0.0685296030935278882579 8.8727328151854987226
16854 883.154000 29.5450210337227581192 -0.0685604156024201133457 8.87216703716272192537
16855 883.162000 29.5448663596781919694 -0.0686839657739575781825 8.87169435269744788286
16856 883.169000 29.5447491348705497671 -0.068842930462210752407 8.87143682576648195948
16857 883.177000 29.5446334102224632545 -0.0690535268405036428696 8.87131212302096017197
16858 883.184000 29.5445458204206445885 -0.0692422496903367795662 8.87133479803489954918
16859 883.191000 29.5444687054727808118 -0.0694196712791828873801 8.87145855301186969655
16860 883.199000 29.5443905478960395783 -0.0695950497353740454853 8.87169152268340255318
16861 883.206000 29.5443284481886578874 -0.0697170554034013262301 8.87194509329619229732
16862 883.213000 29.544270083148436612 -0.0698063830605017421327 8.87221684141183963845
16863 883.220000 29.5442136230108047812 -0.0698628106681327548655 8.87248181668290492041
16864 883.228000 29.5441494215789504096 -0.0698897061250101370167 8.87274902182431723929
16865 883.236000 29.5440837741703496988 -0.0698819922058469961135 8.87295498293320683558
16866 883.243000 29.5440240671508007608 -0.0698526584499521568938 8.87307275702884901136
16867 883.251000 29.5439524722254489575 -0.0698006938704899271286 8.87313052580707939399
16868 883.258000 29.5438866045045571695 -0.0697452952444587853664 8.87311583505858436638
16869 883.265000 29.5438177615956227839 -0.069686058011053694794 8.87304729930197133569
16870 883.273000 29.5437358065569917187 -0.0696194682014554949712 8.87291684210862996451
16871 883.280000 29.5436617731173676304 -0.069566331831198188751 8.87277209654207510425
16872 883.288000 29.5435753678672909928 -0.0695151478831585317719 8.87259136907166556796
16873 883.295000 29.5434990235894012756 -0.0694806869173972274645 8.87243615823699371958
16874 883.303000 29.5434119808804389606 -0.0694542054833987287932 8.87227970773854046627
16875 883.310000 29.5433372056223859659 -0.0694427999432192522011 8.87217287868725712485
16876 883.317000 29.5432618546826120109 -0.0694404142564284398986 8.87210232630040707136
16877 883.325000 29.5431802688342202146 -0.0694482052972743985064 8.8720716649024158329
16878 883.333000 29.5431027225453277651 -0.0694649577818690772135 8.87209441926254349653
16879 883.340000 29.5430387760812926956 -0.0694849764606079167706 8.87215471754476503463
16880 883.348000 29.5429703696753449549 -0.069511991514788873392 8.87226168248863089616
16881 883.355000 29.542914680467323052 -0.0695372654601589812451 8.872379647667012037
16882 883.363000 29.542855861630339831 -0.0695659320122185148572 8.87252988012884991065
16883 883.370000 29.5428082225067747402 -0.0695894728769049231154 8.87266384689309184353
16884 883.378000 29.5427578140160314035 -0.0696134488880859741977 8.87280717316266631656
16885 883.385000 29.5427169073956541467 -0.069631106039374696115 8.8729147734250783941
16886 883.393000 29.542673440100529092 -0.0696467924792894682584 8.87300877266572918245
16887 883.401000 29.5426325203235506933 -0.0696573402484506887244 8.8730654811320128772
16888 883.409000 29.5425949521952482257 -0.0696632078308892510599 8.87308205653421389059
16889 883.417000 29.5425587609592952276 -0.0696641522025083781422 8.87305878520255397746
16890 883.426000 29.542519858721732362 -0.0696599689096707164193 8.87299021763286255293
16891 883.434000 29.542486953586529097 -0.069652407317805267728 8.87289887469021110178
16892 883.442000 29.5424552021461899187 -0.0696416370521525246451 8.87278796956554138831
16893 883.451000 29.5424211737119506438 -0.0696268140159420206858 8.87265166797402038412
16894 883.459000 29.5423916601653502312 -0.0696116366085882537496 8.87253092987397629088
16895 883.467000 29.5423644981073607596 -0.0695958569681926486616 8.8724199158480292482
16896 883.475000 29.5423385137143164059 -0.0695797009807511412927 8.87232574232295512218
16897 883.484000 29.5423111685322972164 -0.0695621076797337534181 8.87224657031659091899
16898 883.492000 29.5422894158410009879 -0.069547778311409805263 8.87220359715437467685
16899 883.499000 29.5422725363723763792 -0.0695367441037882672017 8.87218779460202533471
16900 883.507000 29.5422554144882880678 -0.0695261819893585458763 8.87219351307553161234
16901 883.515000 29.5422409724384067431 -0.0695182313272106888746 8.87222175027499915245
16902 883.524000 29.5422278266903042265 -0.0695126650515410920983 8.87227498076015841377
16903 883.532000 29.5422192577437954242 -0.0695109065122728325692 8.87233551358951189059
16904 883.539000 29.5422143321303067864 -0.0695117828711650925788 8.87239408136719731601
16905 883.548000 29.542210405468388501 -0.0695157812060969299006 8.87247041124017776781
16906 883.555000 29.5422096893076222557 -0.0695209768393126037456 8.87252642225356602523
16907 883.563000 29.5422109054409993689 -0.0695285198346529409452 8.87258266398067441116
16908 883.571000 29.5422142329378658587 -0.0695372604839903513119 8.87262747721545075308
16909 883.578000 29.5422186074039743175 -0.069545332409747112612 8.87265554998792538299
16910 883.586000 29.542225400520191414 -0.0695545272451428137073 8.87267407918486661345
16911 883.594000 29.542233552655723372 -0.0695630336104459540136 8.87267810693087177754
16912 883.602000 29.5422433904452823583 -0.0695702620976798441488 8.87266886482123773305
16913 883.609000 29.5422529410296910157 -0.0695750690886903222498 8.87265128419154969208
16914 883.618000 29.5422672337515095364 -0.0695790739488990200856 8.87261854230643365327
16915 883.625000 29.5422796138106882324 -0.0695803022157094608335 8.87258749621144815478
16916 883.633000 29.542294616700246479 -0.0695793957691261261145 8.87254860567008307726
16917 883.641000 29.5423111270782179361 -0.0695763019997212572854 8.87250898560188794306
16918 883.649000 29.5423289776362913983 -0.0695712754840277780577 8.87247102729962477952
16919 883.656000 29.5423459942746582385 -0.0695655261852473755235 8.87244089265492164031
16920 883.664000 29.5423670095452912676 -0.0695579248661166299472 8.87241132310013291828
16921 883.672000 29.5423898236333357659 -0.0695496520016170988177 8.87238798077045309753
16922 883.680000 29.5424144952316218848 -0.0695411734970569628267 8.87237138220740284567
16923 883.687000 29.5424374921345922473 -0.0695339686248563626503 8.87236232726124995907
16924 883.696000 29.5424696448132522164 -0.0695256537624808212961 8.87235780672056151275
16925 883.703000 29.5424959836538754132 -0.0695200254399907374703 8.87235903184991947512
16926 883.710000 29.5425241611988091961 -0.0695155484649115501528 8.87236374658398041504
16927 883.718000 29.5425579891288947465 -0.0695116560152250761995 8.87237231839181639259
16928 883.726000 29.5425936620086844187 -0.0695092329155441029931 8.87238310001800378757
16929 883.733000 29.54262639798957224 -0.0695083257124467640553 8.87239337741294420425
16930 883.741000 29.5426650519660114469 -0.0695082586864042978325 8.87240511169688339521
16931 883.748000 29.5427005783295548724 -0.0695092868151066245463 8.87241464913715027762
16932 883.755000 29.5427371234190623284 -0.0695108951433419525179 8.87242291130435134505
16933 883.763000 29.5427798725803576474 -0.0695130144190866383624 8.87243034212152714701
16934 883.771000 29.5428242160369798341 -0.0695155002873959065868 8.87243526613252342372
16935 883.777000 29.5428584630976160952 -0.0695175081600654248826 8.87243718798182534613
16936 883.785000 29.5429046134491812836 -0.0695195765632196510664 8.87243741871025370926
16937 883.792000 29.542946318690294305 -0.0695212183660551125142 8.87243555409923168042
16938 883.801000 29.5430012652423101827 -0.0695225641592972509741 8.87243068002742241163
16939 883.808000 29.5430443905211461697 -0.0695227873498112519668 8.87242510406469975237
16940 883.815000 29.5430888946727705502 -0.0695226668660743618577 8.87241848649667907978
16941 883.824000 29.5431469168586176011 -0.0695214400937175097672 8.87240870107624601815
16942 883.832000 29.543199488960816268 -0.06951968273756468919 8.87239928240827246952
16943 883.840000 29.5432534131192561233 -0.0695173604605511391563 8.87238974354443854509
16944 883.847000 29.5433017711400331962 -0.0695150282254498597112 8.87238153003199059299
16945 883.855000 29.5433577954877790717 -0.0695120475039503749048 8.87237251009300642579
16946 883.860000 29.5433937481323667384 -0.069510059671930454761 8.87236729883140995412
16947 883.867000 29.5434447218331150964 -0.069507381101191922923 8.87236041914904305372
16948 883.872000 29.5434812671401729745 -0.0695053699355032972296 8.87235581049243648977
16949 883.878000 29.5435262586600515533 -0.0695031958490816836882 8.87235082853071688191
16950 883.884000 29.5435720228177807201 -0.0695011185141665849274 8.87234639515452805369
16951 883.892000 29.5436341172696614876 -0.0694985933164921215743 8.8723412815080724414
16952 883.900000 29.5436974983286795293 -0.0694963989348238581067 8.87233703005197860136
16953 883.909000 29.543770121612038082 -0.0694942315866490523124 8.87233314841826548047
16954 883.919000 29.5438533823004689793 -0.0694925866723151153259 8.87232988671801514613
16955 883.928000 29.5439293043113835324 -0.0694912746198728115132 8.87232745590068105912
16956 883.937000 29.5440065383205912042 -0.0694903231852849467831 8.8723253453186892159
16957 883.946000 29.544085246596488048 -0.069489423983750742142 8.87232352514037359015
16958 883.955000 29.5441656727946906358 -0.069488719162401110796 8.87232179273162735456
16959 883.964000 29.5442469120705588637 -0.0694878603128440269776 8.87231982600648017012
16960 883.972000 29.5443201496639566983 -0.0694870807344649399351 8.87231788019055400696
16961 883.980000 29.5443940406255691755 -0.0694862031003483648917 8.87231559904513567005
16962 883.988000 29.5444690011549049302 -0.0694852036135332612465 8.87231308651757011319
16963 883.997000 29.5445541253050372177 -0.0694838346632068171171 8.8723098468664520766
16964 884.005000 29.5446309120488201927 -0.0694825711019591840678 8.87230664084545139758
16965 884.012000 29.544698881335921925 -0.0694815000497122081669 8.87230357276464864924
16966 884.020000 29.5447771787961599443 -0.0694800500867395753879 8.87229980410820573411
16967 884.028000 29.5448563593574995423 -0.0694785764992174453836 8.87229576967168753754
16968 884.035000 29.5449260614301785211 -0.0694772295075931772823 8.87229200885528790366
16969 884.043000 29.5450072383968453948 -0.069475926251038461201 8.87228768856221883254
16970 884.051000 29.5450888187151896602 -0.0694744562354064620902 8.87228316633985691908
16971 884.059000 29.5451712094603990977 -0.0694730317590581541998 8.87227856056294861276
16972 884.066000 29.54524388420472647 -0.0694717800918128181031 8.87227447438364080767
16973 884.074000 29.5453278940397900953 -0.0694704346773874492627 8.87226987324606852781
16974 884.082000 29.5454127435078071073 -0.0694691380845782330278 8.87226532102054221696
16975 884.090000 29.5454982085679596082 -0.0694678799095617832693 8.87226078694107123113
16976 884.098000 29.5455847201635677379 -0.0694666433175858549776 8.87225644194318441293
16977 884.105000 29.5456612997172669566 -0.0694656208733235164265 8.87225275765612053647
16978 884.113000 29.5457491933205815826 -0.0694643967807239276491 8.87224863708875766122
16979 884.122000 29.5458490992192537306 -0.0694629455419672053873 8.87224421744788394051
16980 884.130000 29.545938795144991218 -0.0694616438834758098686 8.87224044152135427055
16981 884.137000 29.5460177310761871183 -0.0694604504284724727503 8.87223719563166746127
16982 884.144000 29.5460975010395010543 -0.0694594001360875623607 8.87223406400022795992
16983 884.152000 29.5461891652393973118 -0.0694580136480299342727 8.87223058160276423223
16984 884.160000 29.5462815607895699088 -0.0694566238302623401024 8.87222715961599384116
16985 884.168000 29.5463745525929404323 -0.0694552251034302875476 8.87222376647548038875
16986 884.176000 29.5464683897205127039 -0.0694538852747714069436 8.87222042192905924196
16987 884.184000 29.5465626592328476363 -0.0694524656461482092773 8.87221705255222481412
16988 884.192000 29.5466575288594093252 -0.0694510589274219269917 8.87221365030931963247
16989 884.200000 29.546752773061676578 -0.0694496718444733568409 8.87221013448468553975
16990 884.208000 29.5468488269723081885 -0.0694483065359074586143 8.87220663759162775364
16991 884.216000 29.5469454902596559975 -0.0694469714423057021824 8.87220307603265290197
16992 884.224000 29.5470427013192278309 -0.0694456644604308920288 8.87219943907621022561
16993 884.232000 29.547140533723364797 -0.0694443960811772509345 8.87219573763379365516
16994 884.240000 29.5472389634955732163 -0.0694431211575634171895 8.87219198976891831876
16995 884.248000 29.5473380303570998251 -0.0694418976105434515578 8.87218817451251418049
16996 884.256000 29.5474376149466735342 -0.0694407068802831428656 8.8721842928287255603
16997 884.264000 29.5475379789283678633 -0.0694396004470369948569 8.87218039863431506831
16998 884.272000 29.5476387182190336489 -0.0694384213919059106734 8.87217645241406849266
16999 884.280000 29.5477400057404295808 -0.0694372441264856782306 8.87217247802601605144
17000 884.288000 29.5478416173457958394 -0.0694360584420608550893 8.872168423192219322
17001 884.296000 29.5479439863856541137 -0.0694348523130814410109 8.87216444429012085493
17002 884.303000 29.548034208078405527 -0.0694338283921766136197 8.87216098139042586013
17003 884.311000 29.5481374330606954004 -0.0694325796048853721709 8.87215699960618486841
17004 884.319000 29.5482413156728327408 -0.0694313029735426634481 8.87215307207996595196
17005 884.327000 29.5483454660371513967 -0.069429853320177953302 8.87214917212381415368
17006 884.335000 29.5484503969100416043 -0.0694285164072480365238 8.87214531280863738516
17007 884.343000 29.5485557687656701376 -0.0694271716632836044525 8.87214147622236737334
17008 884.350000 29.5486485012363786495 -0.0694260507050294406461 8.87213817063432941268
17009 884.358000 29.548754806391983152 -0.0694246723951702365829 8.87213440244667594925
17010 884.366000 29.5488615009606618855 -0.0694233039752076425133 8.87213064455333189073
17011 884.375000 29.548982235583011402 -0.0694218859556906819908 8.87212641551663772077
17012 884.382000 29.5490764207490208548 -0.0694206485303585363322 8.87212322085840909835
17013 884.390000 29.5491844106626579958 -0.0694193052011048278294 8.8721195057815407381
17014 884.398000 29.5492925880776837744 -0.0694179810607736258454 8.87211572171543849663
17015 884.405000 29.5493879582378582427 -0.0694168848967497559288 8.8721124839354015279
17016 884.413000 29.549497132503553587 -0.0694155925242567195532 8.8721087652942767221
17017 884.422000 29.5496201972419392234 -0.0694141058052675230527 8.87210455343033821407
17018 884.430000 29.5497302132439720879 -0.0694128503062934471002 8.87210080928920419296
17019 884.438000 29.5498406350431110923 -0.0694115704801471777863 8.87209707071490605301
17020 884.446000 29.5499515002845889455 -0.0694103254354273419002 8.87209330983306188045
17021 884.454000 29.5500626879408834213 -0.0694090992461043332362 8.87208951905990694797
17022 884.462000 29.5501744585236423291 -0.0694079472093527133358 8.87208574276077044374
17023 884.470000 29.5502864077432469969 -0.0694067169619472651432 8.87208193147491996911
17024 884.478000 29.5503987090473536625 -0.0694054878169475114591 8.87207809930152890843
17025 884.486000 29.5505111398253781374 -0.0694042543505153791683 8.87207418488632093556
17026 884.495000 29.5506383085857819992 -0.0694029022542280854546 8.87206983693423367754
17027 884.503000 29.5507514612181267921 -0.0694014976638272079734 8.87206598044929251046
17028 884.510000 29.5508511526713810724 -0.0694004805957709469677 8.8720626203914321195
17029 884.519000 29.5509793154895703537 -0.069398937581472780467 8.87205827581887618294
17030 884.527000 29.5510942046237055081 -0.0693978253297962283108 8.87205451607928274882
17031 884.534000 29.5511942850304016872 -0.0693965672267366495696 8.87205109681567805069
17032 884.542000 29.5513092783158910493 -0.0693952638660632892265 8.87204725550427397707
17033 884.549000 29.5514104237592647451 -0.0693942475061766067546 8.87204395307236559631
17034 884.557000 29.5515260283959619869 -0.0693929284679640073774 8.87204013926955070701
17035 884.565000 29.5516418844072177308 -0.0693916195203537339298 8.87203632107401141127
17036 884.573000 29.5517578809002614548 -0.0693903171777123101149 8.87203241973642953155
17037 884.580000 29.5518597808551746198 -0.0693891260119958996899 8.87202915453797658074
17038 884.589000 29.5519910011677495731 -0.0693877161585658014387 8.87202482382907575698
17039 884.597000 29.5521078206706420133 -0.0693864276141883673521 8.87202100081283262512
17040 884.605000 29.5522250513116233606 -0.0693851440827213394869 8.87201721028587719786
17041 884.613000 29.5523423105154599 -0.0693837195273935003481 8.87201341989540814836
17042 884.621000 29.552460118379940468 -0.0693824366055751928783 8.87200963896365202288
17043 884.630000 29.5525931258926597422 -0.0693810619862280791859 8.87200541391766250854
17044 884.638000 29.5527116414193606886 -0.0693798712425839902984 8.87200165040567867436
17045 884.646000 29.5528302102412183672 -0.0693786062971589595483 8.87199786254601363567
17046 884.654000 29.5529490072614642315 -0.0693773485107299636709 8.8719940618887136452
17047 884.662000 29.5530678116394724952 -0.0693760939343712051963 8.87199018438778708173
17048 884.670000 29.5531870610239053576 -0.0693748357805754195526 8.87198637573472304041
17049 884.678000 29.5533065556903196125 -0.0693735757644503570063 8.87198256169079968458
17050 884.686000 29.5534262332966406461 -0.0693723078560205957954 8.87197873698158367972
17051 884.694000 29.5535461656980658063 -0.0693710416179672550996 8.87197491411017047369
17052 884.702000 29.5536663269412116506 -0.0693697338255344353453 8.87197110924893905803
17053 884.710000 29.5537867547735686458 -0.0693684469545867710139 8.87196729650247739585
