16657 1413.226000 -0.393223994315073932526 -0.0311952149069784218094 -0.0536287088520722918239 -0.0102282719378963913442 0.00323861112654132881142 0.999942445269294322152 3.13518274145298025957
16658 1413.233000 -0.393223393714233648844 -0.0311848612123060003887 -0.053611053195529306814 -0.0101909737248547307975 0.00322126698630986361624 0.999942882115544828814 3.13515849853945516301
16659 1413.241000 -0.393225000728003093453 -0.0311704851393570236961 -0.0535880591025574698483 -0.0101352185914847653381 0.00319215014524335633991 0.999943542167033072587 3.13512455498411668486
16660 1413.249000 -0.39322933402924004076 -0.0311522755469535658768 -0.0535617772038829501047 -0.0100641692928641786342 0.00315095102103937979923 0.999944390455843157284 3.13507916118573515263
16661 1413.258000 -0.393236010499153187947 -0.0311317706987473512281 -0.0535331630657780443983 -0.00998799789610768304349 0.00310429807488167173665 0.999945300119706281805 3.13502450371152585618
16662 1413.268000 -0.39324389728471875749 -0.0311095161650445477253 -0.053505481691304541958 -0.00991564026687445469743 0.00305592253171162652955 0.999946169258914774325 3.13496340441081011718
16663 1413.276000 -0.393251781164981495387 -0.0310870844212423856623 -0.053482323937320871976 -0.00985479549896933933184 0.00300971260766625661395 0.999946910908620645309 3.13490201371819399156
16664 1413.285000 -0.393259329615602282182 -0.0310645603364608433039 -0.0534623977536046943171 -0.00980523197995717375741 0.00296741641753424292144 0.999947524555975908456 3.13484303043550660561
16665 1413.295000 -0.393265921889992375871 -0.0310426236087439598454 -0.0534471789840442121355 -0.00976902091272851408332 0.00293035217997879900848 0.999947988280644572967 3.13478987856836743831
16666 1413.304000 -0.393271865470618320337 -0.0310208022494078243525 -0.0534346027186403532694 -0.00974228913735925017292 0.00289717376375739615185 0.99994834575919311348 3.13474300601240063457
16667 1413.313000 -0.393275813797885787082 -0.0310029691116277990315 -0.0534277327888112371634 -0.00972991848066509165682 0.00287362426730905116609 0.99994853416059858997 3.13471064645128416615
16668 1413.322000 -0.393278492809002622188 -0.0309873574301238290107 -0.0534241618251963812369 -0.00972638024796888822632 0.00285592050532081608016 0.999948619302681640519 3.13468787977218976692
16669 1413.332000 -0.393280130183111753528 -0.030972634483465995292 -0.0534232089769335755092 -0.00973054386880032803897 0.00284228015437026698339 0.999948617659698224536 3.13467217640533934997
16670 1413.341000 -0.393280578273552561264 -0.0309615856621785860703 -0.0534242911832275291228 -0.00973967867973806258886 0.00283452028149653624534 0.999948550753482212627 3.13466450989331901766
16671 1413.350000 -0.393280238621602218352 -0.030952349223229261993 -0.0534265442569641646475 -0.00975231383330508669327 0.00283010258128909512193 0.999948440117927273008 3.13466064324313409273
16672 1413.360000 -0.393279263294507852589 -0.0309442339326266441235 -0.053429746686979029402 -0.00976750365049568018694 0.00282805644699961984331 0.999948297648018513684 3.134657583588833063
16673 1413.369000 -0.393277952372956374205 -0.0309373187272846301987 -0.0534327890279445508193 -0.00978442842077602813189 0.00282741441757243094218 0.999948133999054022958 3.13464475360215510946
16674 1413.378000 -0.393276238035316860753 -0.0309311264632036383992 -0.0534357862469027680707 -0.00980023773849445292705 0.00282780708505903696087 0.99994797807053870109 3.13463133101527446911
16675 1413.387000 -0.393274247826338019252 -0.0309252405295989060696 -0.0534385114958636636695 -0.00981495880838519421663 0.00282839089893253178148 0.999947832033507899574 3.13461835671660704605
16676 1413.396000 -0.393272122097112819539 -0.0309195202283114346786 -0.0534408644924265624487 -0.00982792951448512377977 0.00282845194902853203089 0.999947704463103548278 3.13460573083493043711
16677 1413.406000 -0.393269740184483795886 -0.030913189554020423927 -0.0534429938420396336007 -0.009839718619454363574 0.0028273969978173680434 0.999947591508528521587 3.13459177374763298118
16678 1413.415000 -0.393267586126673340807 -0.030907153105188059361 -0.0534445706705281228799 -0.00984806998200068832439 0.00282498460584694206094 0.99994751611252385981 3.13457735358087674626
16679 1413.422000 -0.393266087324977808848 -0.0309024571109331180896 -0.053445467367604915232 -0.00985246837599198892199 0.00282249172786100529717 0.999947479824488616451 3.13456541384682108031
16680 1413.428000 -0.393264946603704590444 -0.0308984200301090014551 -0.05344601550777165061 -0.0098548393669004603207 0.00281981454069127768919 0.999947464013489328849 3.13455442517491844612
16681 1413.434000 -0.393263918023579128747 -0.0308942849633788638175 -0.0534463924848814012081 -0.00985607154637812427067 0.00281665056972151169046 0.999947460786435926572 3.13454231952268891348
16682 1413.440000 -0.393263004656247749935 -0.0308900341883274649757 -0.0534466037366979340728 -0.00985623381676233034643 0.00281308502696256401698 0.999947469224048979264 3.13452911835792802364
16683 1413.445000 -0.393262334742282948508 -0.0308864065546716054511 -0.0534466530038637255284 -0.00985560104941302431159 0.00280986980327231324409 0.99994748450088288827 3.13451742029414948121
16684 1413.452000 -0.393261539496832401852 -0.0308812155963384855906 -0.0534465251626490139847 -0.00985363387484747971223 0.00280508980571972810908 0.999947517308104494305 3.13450031124550987371
16685 1413.459000 -0.393261015530410651397 -0.0308764316829437703016 -0.0534462012183057749715 -0.0098509932035778426801 0.00280067292969967719662 0.999947555706819923849 3.13448470527755862491
16686 1413.465000 -0.393260509134561564437 -0.0308713463891338545098 -0.0534456563169939946611 -0.00984709325378014393992 0.00279570208928023788628 0.999947608029680412578 3.13446792270641783063
16687 1413.470000 -0.39326026703863659062 -0.0308675201018846420697 -0.0534450950706408384194 -0.00984375494501263381686 0.00279201803405003216862 0.999947651191741226917 3.13445581354182056799
16688 1413.476000 -0.393260087992638729393 -0.0308629423636266053688 -0.0534442505009732130028 -0.00983927990371035419981 0.0027876021427675088879 0.999947707555385201239 3.13444188071161100595
16689 1413.482000 -0.393260028089609858792 -0.0308584063015559621757 -0.0534432186111299459275 -0.00983440192725018764996 0.00278322667801983664529 0.999947767729890912847 3.13442880451092653615
16690 1413.488000 -0.393260083429279483358 -0.0308539373031492362986 -0.0534420022790745366525 -0.00982923841577106396916 0.00277892059873251391633 0.999947830475406251871 3.13441674239478729191
16691 1413.494000 -0.393260248486043795246 -0.0308495567571643244942 -0.0534406090511969633639 -0.00982390734776377415327 0.0027747050093875329918 0.999947894570778705869 3.1344057888432605985
16692 1413.500000 -0.393260515880234307051 -0.0308452812888633035038 -0.0534390517912075521667 -0.00981852532652537600411 0.00277059397954036853648 0.999947958830564864741 3.13439597754037935218
16693 1413.506000 -0.393260876242499390898 -0.0308411223580611834616 -0.0534373489871005774576 -0.00981320550284528990426 0.00276659552501609586755 0.999948022122630009179 3.13438728671916599922
16694 1413.512000 -0.393261318194083220323 -0.0308370861912014883333 -0.0534355246903514130574 -0.00980805543158969408979 0.00276271270159217331372 0.999948083385922337207 3.1343796467051161514
16695 1413.519000 -0.393261919106778212729 -0.0308325338496911495467 -0.0534332819824472893266 -0.00980239421247196783538 0.00275832772504644050879 0.999948151003773100243 3.13437191469489873086
16696 1413.525000 -0.393262490045926060844 -0.0308287617835098434749 -0.05343130035311394882 -0.00979794123177545918379 0.00275468938180389259079 0.999948204675636387329 3.13436613956341325604
16697 1413.531000 -0.393263095209772595151 -0.030825101520739767863 -0.0534293032138952045385 -0.00979393805370346558214 0.00275115666018629131256 0.999948253618371696305 3.134360982122202266
16698 1413.537000 -0.393263717277646196457 -0.030821542129044084829 -0.0534273296345541964802 -0.00979044738095885547224 0.00274772405315432642625 0.999948297239716454854 3.13435627182339215935
16699 1413.543000 -0.393264338598688811821 -0.030818070415370945464 -0.053425418990283551901 -0.00978751706423949645319 0.00274438646789087331568 0.999948335091684681331 3.13435183651608095801
16700 1413.549000 -0.393264941733524553413 -0.0308146717335815514827 -0.0534236094255479548876 -0.00978517917558809069423 0.00274113984095751377079 0.999948366877447258894 3.13434750951867258095
16701 1413.556000 -0.393265542489610986365 -0.0308110494402299948946 -0.0534218613028052680125 -0.00978334174846471477105 0.00273784579859520042083 0.999948393880711994264 3.13434244718493815185
16702 1413.565000 -0.393266293493395868719 -0.0308061150067989106272 -0.0534196939334907194841 -0.00978190590235988172152 0.00273326254123306766966 0.999948420466174825449 3.13433550892864420945
16703 1413.574000 -0.39326691181565714972 -0.0308009534403683830905 -0.0534178624688741859883 -0.00978190007307180517393 0.00272854694069701560546 0.999948433401719349867 3.13432748130340232962
16704 1413.583000 -0.393267356039219251329 -0.0307961551544299882988 -0.053416651674636120295 -0.00978289602235600866398 0.00272434191509152113728 0.999948435123804602043 3.13431770582997826224
16705 1413.592000 -0.393267483263520234438 -0.0307910775783614663881 -0.053416047123647426853 -0.00978511414307398422197 0.00272042206022587605349 0.999948424092473642233 3.134306502585681109
16706 1413.602000 -0.3932674319674961394 -0.0307855301415898181816 -0.0534158772724410632615 -0.00978810437145981836193 0.00271639673445790794798 0.999948405769815029664 3.13429391572321369708
16707 1413.611000 -0.39326718394667886658 -0.0307804981474618030712 -0.053416149921796829414 -0.00979116832666676421837 0.00271296149944300979753 0.999948385099301839674 3.13428172482195588344
16708 1413.621000 -0.393266720730486352142 -0.0307748465822429498329 -0.053416802926587417244 -0.00979464911147220548826 0.00270936103948831363483 0.999948360772465294488 3.13426716030928531609
16709 1413.631000 -0.393266113286581120434 -0.0307691366557757799149 -0.0534176684334022461309 -0.0097978589531659363715 0.00270597215725321528848 0.999948338502853806276 3.13425170333382974164
16710 1413.640000 -0.393265494188542452658 -0.0307639592639369213734 -0.0534184896493718475163 -0.00980025532381687512762 0.00270306557090855843067 0.999948322880791273803 3.13423729162765951628
16711 1413.649000 -0.393264854803257402072 -0.0307587599939324676801 -0.0534192290974740829901 -0.0098019998744545665248 0.00270024407267963626259 0.999948313404452560071 3.13422269539993880727
16712 1413.659000 -0.393264175044643282675 -0.0307529770481975994745 -0.053419830997609191181 -0.00980303320417437625001 0.00269713755352459861117 0.999948311658665267565 3.13420660547966978271
16713 1413.668000 -0.393263634296530439904 -0.0307477849475266754031 -0.0534200888057102113438 -0.00980309530000492840296 0.00269430011126616441794 0.999948318699246385677 3.13419251616757010837
16714 1413.678000 -0.393263152021234518863 -0.0307420484620025101508 -0.0534199972133389960893 -0.00980222402409142330726 0.00269102889036928897074 0.999948336049264474568 3.13417754194568498605
16715 1413.687000 -0.393262847768340750854 -0.0307369276033754613986 -0.05341955434013684334 -0.00980068128607036563593 0.00268792624412162893185 0.999948359516047657891 3.13416481135439006778
16716 1413.697000 -0.393262666077563993738 -0.0307312938554060270657 -0.0534186766630510567744 -0.00979828656512382947796 0.00268426143713476053274 0.999948392828812426814 3.13415155180193982787
16717 1413.706000 -0.393262641383601230238 -0.0307262772464723596388 -0.053417581681203890609 -0.00979569633913394445524 0.00268075060652783530787 0.999948427624853586337 3.13414038446717091446
16718 1413.716000 -0.393262753099782313981 -0.0307207612376013440569 -0.053416100110709199833 -0.00979255935818049497166 0.00267661710060216901513 0.999948469423356578467 3.13412871506776147257
16719 1413.725000 -0.393262956695156984388 -0.0307158433501469874116 -0.0534146069735169509718 -0.00978969692979543039402 0.00267270937731050890057 0.99994850790358558168 3.13411872964446347467
16720 1413.734000 -0.393263231093246012904 -0.0307109611816266808715 -0.0534130424295304606641 -0.00978696487107489319912 0.00266865907469329309218 0.99994854546489309044 3.13410906597176719401
16721 1413.744000 -0.393263583990539622448 -0.0307055663377954722593 -0.0534113113093192398706 -0.0097842442025021358204 0.00266404536312525933028 0.999948584392062245207 3.13409849708327570283
16722 1413.753000 -0.393263913134356546397 -0.0307007260420978089765 -0.0534098324101412377796 -0.0097821858315091207714 0.00265984551693030681074 0.999948615710919419541 3.1340889563825840014
16723 1413.762000 -0.393264225558385305259 -0.0306958891196320096673 -0.053408483394373179598 -0.00978055700810165004611 0.00265565316573908088635 0.999948642786655628178 3.13407923877516392253
16724 1413.772000 -0.393264525993891944644 -0.0306905073223636727653 -0.0534071806969318302327 -0.0097792710717576804974 0.00265106063549161961868 0.999948667549895864326 3.13406809686165521711
16725 1413.781000 -0.393264736185461316609 -0.0306856487321504160792 -0.0534062049310500483457 -0.00977856287451415139012 0.00264702916371305132376 0.999948685155751304521 3.13405767659190637175
16726 1413.791000 -0.393264890241679432314 -0.0306802270781949167067 -0.0534053400720299262239 -0.00977820947471597090583 0.00264269834238269009027 0.999948700066628282102 3.13404561918442325918
16727 1413.800000 -0.393264953731351285526 -0.0306753237809778422918 -0.0534047426884751985643 -0.0097781990136028042182 0.00263895138032347069054 0.999948710064502588324 3.13403434218324328242
16728 1413.810000 -0.393264944384937698008 -0.030669849090997364921 -0.0534042456372441284862 -0.00977841679570293741131 0.00263495889252611352471 0.999948718463404051526 3.1340213907386433867
16729 1413.819000 -0.393264956470914750497 -0.0306651624231887194594 -0.0534038781924165151249 -0.00977856896619352239375 0.00263168114472301251788 0.999948725607131216897 3.13401015471883637176
16730 1413.828000 -0.393264753936932720535 -0.0306599355770556837586 -0.0534036370436389920546 -0.0097790228119076262614 0.00262817480169684567631 0.999948730390741502561 3.13399727068874955904
16731 1413.838000 -0.39326458333531782996 -0.0306544069259354692858 -0.0534033613682396018918 -0.00977927502762477619813 0.00262457324403107990218 0.999948737383682395574 3.13398364382507699233
16732 1413.847000 -0.393264411660425583506 -0.0306494270198788380799 -0.0534030976806025708958 -0.00977935574618593074503 0.00262139070130827309124 0.999948744942449785356 3.13397137885677956604
16733 1413.856000 -0.393264237849288489368 -0.0306444498917490641687 -0.053402787845650251386 -0.00977925417190446226445 0.00261823063218651454556 0.99994875421503370827 3.13395920265644623015
16734 1413.865000 -0.393264074762591842038 -0.0306394815998646541377 -0.0534024094083553474421 -0.00977894844639702609523 0.00261506271575730198098 0.999948765494650282371 3.13394718614121625677
16735 1413.875000 -0.393263918725527517051 -0.0306339779362927444595 -0.0534018917136860615802 -0.00977836628678837097017 0.00261150190369631831147 0.999948780493565281269 3.13393408350386026839
16736 1413.884000 -0.393263808961015814969 -0.030629043924675060373 -0.0534013327116218960988 -0.00977763991944955931923 0.00260823844924000037074 0.999948796113979798683 3.1339225461688569041
16737 1413.894000 -0.393263726116950762535 -0.0306235861069778965426 -0.0534006119428996894882 -0.00977664328578265774683 0.00260453115116620302627 0.999948815521847111931 3.13391001639914978938
16738 1413.903000 -0.393263687619423429886 -0.0306186968363924560954 -0.053399884146814943775 -0.00977561653762611462715 0.00260111593721010876321 0.999948834449638446209 3.13389898196988792023
16739 1413.913000 -0.393263682321251306639 -0.0306132884989351733429 -0.0533990058659810293284 -0.00977438420499463118951 0.00259723657422305555242 0.999948856579970568603 3.13388694756007391007
16740 1413.922000 -0.393263706538086954545 -0.0306084402483663940708 -0.0533981717638279951288 -0.00977323877259977068233 0.00259367801218693622492 0.999948877012351577953 3.13387626850518374866
16741 1413.932000 -0.393263758202827051758 -0.0306030704034086012411 -0.0533972194550206905039 -0.0097719741551133207369 0.00258966571812744347086 0.999948899770673360621 3.1338645034730090444
16742 1413.942000 -0.393263826942589600488 -0.0305977130528938094656 -0.0533962632354938807056 -0.00977076028168758631276 0.0025856129750751019776 0.999948922120055483376 3.13385277080876800682
16743 1413.951000 -0.393263895573505384284 -0.0305928970712140944899 -0.0533954163022203887046 -0.00976973788953618138553 0.00258194995910899409777 0.999948941574507754737 3.13384218084646892777
16744 1413.961000 -0.393263971266167244867 -0.0305875467864437262933 -0.0533945050766010953502 -0.00976869771127674389744 0.00257788289773694780441 0.99994896222996854096 3.13383032647917447733
16745 1413.971000 -0.393264039186283276273 -0.0305821923022539382542 -0.0533936354019773629087 -0.00976776514144282563545 0.00257383732138309097304 0.999948981761361821441 3.13381833896972761266
16746 1413.981000 -0.393264093743523335256 -0.0305768295517093689762 -0.0533928122696392809532 -0.00976693603394371973048 0.0025698277694908796577 0.999949000172380864093 3.13380619488116707316
16747 1413.990000 -0.393264128502052889846 -0.0305719938425435197593 -0.0533921111379278834352 -0.00976626747724813719376 0.00256625764501803134768 0.99994901587094053852 3.13379512768795143174
16748 1414.000000 -0.393264149843706722898 -0.0305666096218973129539 -0.0533913721457212886445 -0.00976559315274552058872 0.00256233712146154354872 0.999949032510582980215 3.13378268997869247059
16749 1414.009000 -0.393264153805314875534 -0.0305617541241291444665 -0.0533907370783361645561 -0.0097650298247181979705 0.0025588494461925488134 0.999949046942909980373 3.13377139084884159814
16750 1414.018000 -0.393264144748876554036 -0.0305568908156644974961 -0.053390123308533557478 -0.009764490015653914598 0.00255539655386776603033 0.999949061044204778881 3.13376001987823249451
16751 1414.027000 -0.393264124876511300677 -0.0305520218142396812744 -0.0533895233388635842564 -0.00976395754974189455933 0.00255197250343296979866 0.999949074987975916606 3.13374860792729226233
16752 1414.036000 -0.393264096907476656817 -0.0305471497747113462928 -0.0533889297861842304638 -0.00976341833563841750288 0.00254857000630665572055 0.999949088930694673927 3.13373718673766399334
16753 1414.044000 -0.393264067636705294539 -0.0305428188959509308575 -0.0533884021334011110715 -0.00976292422400258826098 0.00254555732151128064761 0.999949101428927344948 3.13372705104085813588
16754 1414.050000 -0.393264044265362988639 -0.0305395719452327407684 -0.0533880038152414887476 -0.00976254078197844737952 0.00254330165184708627268 0.999949110912244476523 3.13371947111434456801
16755 1414.056000 -0.39326402059975545944 -0.0305363269709002863039 -0.0533876017427761806466 -0.00976214445651932272163 0.00254104690547954587335 0.999949120513755951301 3.13371191713453667305
16756 1414.062000 -0.39326399739561235247 -0.0305330847489191196942 -0.0533871948419563716048 -0.0097617342852492228894 0.00253879117868045572556 0.999949130247681838846 3.13370439418408919252
16757 1414.069000 -0.393263971791056765603 -0.0305293065417254864957 -0.053386713005959422762 -0.00976123782366380282616 0.0025361560951360135642 0.999949141780926198386 3.13369566142877786774
16758 1414.077000 -0.39326394552143678629 -0.0305249954444146050225 -0.0533861521116177489832 -0.00976064737310210726873 0.00253313760935333989743 0.999949155195757888315 3.1336857429862545743
16759 1414.085000 -0.393263923365779977104 -0.030520692551873934012 -0.0533855800837144400806 -0.00976003425809753716313 0.00253010971214117719522 0.999949168846159586188 3.13367589104063259953
16760 1414.095000 -0.393263927358108611454 -0.0305155909085113863366 -0.0533849097731926153232 -0.00975929253912977828778 0.0025265713021498277524 0.999949185032214971081 3.13366421345985024516
16761 1414.104000 -0.393263890028546003741 -0.030510508152413910038 -0.0533841810341970646192 -0.00975850695667637713093 0.00252287648665618265131 0.999949202027887840138 3.13365273188503357105
16762 1414.113000 -0.393263883736837904781 -0.030505700479979799139 -0.053383502663085592721 -0.00975776073410341421299 0.00251943113000043048683 0.999949217996712769185 3.13364185296918451584
16763 1414.121000 -0.393263882661785579842 -0.0305014347517589129444 -0.053382894169194491929 -0.00975709195362358359949 0.00251636065375356520954 0.999949232254152220456 3.1336322135809608902
16764 1414.131000 -0.393263886223147451915 -0.0304961111026830211657 -0.0533821294185709560587 -0.00975625487315617649642 0.00251251542291349274152 0.999949250090773178457 3.13362018516404106094
16765 1414.140000 -0.393263892870207854013 -0.0304913259848413817354 -0.0533814400338522843104 -0.00975550533785916884622 0.00250905143410420482936 0.999949266101287759234 3.13360936137708723237
16766 1414.149000 -0.39326390150673440349 -0.0304865447519796009535 -0.0533807520048713568528 -0.00975476309246217469784 0.00250558772383233097081 0.999949282027427721609 3.1335985239016417303
16767 1414.158000 -0.39326391094015572536 -0.0304817656110103717138 -0.0533800671616949454212 -0.00975403043938819977465 0.0025021272263917788449 0.999949297839410555788 3.13358766122612530935
16768 1414.168000 -0.393263943117193981447 -0.0304767169680982691338 -0.0533793734433068225997 -0.0097532805508891984303 0.00249855047662913458753 0.999949314097475228102 3.13357610091728844282
16769 1414.177000 -0.393263951059367511398 -0.0304719376747329857846 -0.0533786986556295389716 -0.009752569993819262123 0.00249510322649202373815 0.999949329635459460697 3.1335651689984826973
16770 1414.186000 -0.393263934822466743046 -0.0304668956120310134572 -0.0533779677587361695013 -0.00975181915671301073611 0.00249140410897042341096 0.999949346181445486437 3.13355364564116367632
16771 1414.195000 -0.393263938491497877514 -0.0304621127643234373972 -0.0533773037210435452593 -0.0097511277718560704364 0.0024879746976928397012 0.999949361462409536117 3.13354264317084751923
16772 1414.204000 -0.393263939734973533291 -0.0304573281707915186067 -0.0533766442128945223233 -0.00975044313001780134365 0.00248455371929266755071 0.999949376644430065753 3.13353161678176217464
16773 1414.212000 -0.393263961899890046592 -0.0304533359092904951093 -0.0533761217490502509753 -0.00974988776302330301116 0.00248177800219100911511 0.999949388952539042208 3.13352236448189680473
16774 1414.220000 -0.393263936253540002941 -0.0304488196812049069506 -0.0533754803135165073469 -0.00974923659367056029412 0.00247849015183919992728 0.999949403456198870899 3.13351198391772989282
16775 1414.229000 -0.393263931602045202496 -0.0304440338085833865633 -0.0533748287952971189885 -0.00974856066704160063863 0.00247508754455928086172 0.99994941847403850943 3.13350094075950869055
16776 1414.238000 -0.393263925542795211854 -0.0304392494440260431843 -0.0533741784258462900747 -0.00974788477047153385791 0.00247168915331583615921 0.999949433469128345919 3.1334899097686057523
16777 1414.247000 -0.393263918562082981367 -0.030434467759156456218 -0.0533735284336583973297 -0.00974720775730607280618 0.0024682937245060002085 0.999949448455783485024 3.13347889889537167818
16778 1414.257000 -0.393263910317237730396 -0.0304291592634864556388 -0.0533728059280040995072 -0.0097464532816732649817 0.00246452319114696732569 0.999949465110046675775 3.13346669546261180628
16779 1414.266000 -0.39326392658272951719 -0.0304246474432024703594 -0.0533722147169723298843 -0.009745820813719618253 0.00246138803973262052308 0.999949478996606577752 3.13345629571988348872
16780 1414.275000 -0.393263896016263325706 -0.0304196197075774464602 -0.0533715030603959320055 -0.00974508793859032822204 0.002457738752253366913 0.99994949511527575492 3.13344482450250705341
16781 1414.284000 -0.393263889811533040586 -0.0304148587628044961284 -0.0533708501838395382721 -0.00974440186683935526124 0.00245434693552762372981 0.999949510132075447544 3.13343393545890336327
16782 1414.293000 -0.393263884522290940726 -0.0304101040682786642744 -0.053370196394531027595 -0.00974371395730418490833 0.00245095532201406287112 0.999949525154308904717 3.13342307433136468831
16783 1414.303000 -0.393263903033051365199 -0.0304050871586945790914 -0.0533695289140677167627 -0.00974299741784806667966 0.00244744430488384127204 0.999949540735776576383 3.13341157558580363229
16784 1414.312000 -0.393263899741385092312 -0.0304003447706215693125 -0.0533688738414705016178 -0.00974230726144378542108 0.00244405394248823877937 0.999949555752463803415 3.13340075736805045992
16785 1414.321000 -0.393263874413670111441 -0.0303953497953470368198 -0.0533681586681147984708 -0.00974156732495519601944 0.00244040834035694946882 0.999949571865094588574 3.13338941249804303624
16786 1414.330000 -0.393263872944794257158 -0.0303906179943161103285 -0.0533675033399583637062 -0.0097408769208013907398 0.00243702142965982523209 0.999949586850939819982 3.13337861513200000019
16787 1414.339000 -0.393263872075850617893 -0.0303858903040599981349 -0.0533668482313512312909 -0.00974018695577105741989 0.00243363694959466232356 0.99994960181464342952 3.13336782014506720628
16788 1414.347000 -0.393263871648755591881 -0.0303816908268196052278 -0.0533662662352579128533 -0.00973957421152083467619 0.00243063092233290322514 0.999949615094429478113 3.1333582234708097225
16789 1414.356000 -0.393263871378501161935 -0.0303769691373816826119 -0.0533656119639389220355 -0.00973888562738781972394 0.00242725215805290753593 0.999949630008281076243 3.13334742343952221688
16790 1414.365000 -0.393263871156380284688 -0.0303722498345301260281 -0.0533649582660975022042 -0.00973819789099752280981 0.00242387681476372495934 0.999949644893692979331 3.13333661794411622026
16791 1414.375000 -0.3932638934875774539 -0.0303672653334361476729 -0.0533642923141296188216 -0.00973748389480156607834 0.002420385682984687193 0.999949660303229626024 3.13332514831851938197
16792 1414.384000 -0.393263892920977575773 -0.0303625498999407598955 -0.0533636398241316908808 -0.00973679776936427730794 0.00241701754338818170995 0.999949675131400539385 3.13331433236471879056
16793 1414.392000 -0.393263869411467348325 -0.0303581031279028801251 -0.0533630007635242792352 -0.00973613937759161031382 0.00241377194391905912016 0.999949689381932294019 3.13330417117721315989
16794 1414.401000 -0.39326386820389558352 -0.0303533910131979396685 -0.0533623493813735749747 -0.00973545447930621379862 0.0024104104187685866309 0.999949704159011409921 3.13329335126042840542
16795 1414.410000 -0.393263866646921811387 -0.0303486808394821359902 -0.0533616984941009467325 -0.00973477005904377010181 0.00240705195959910059691 0.999949718912286789063 3.13328253367913101002
16796 1414.419000 -0.393263864769174964486 -0.030343972901573885298 -0.0533610480674820697455 -0.00973408604549964341646 0.00240369632821247659893 0.999949733643056948296 3.13327172151239929931
16797 1414.429000 -0.393263862371746486524 -0.0303387449229462966005 -0.0533603258843144273582 -0.00973332645501145433953 0.00239997088154366225443 0.999949749985411973086 3.13325971791781388021
16798 1414.438000 -0.393263860010728216743 -0.0303340429298970259975 -0.0533596763721324376939 -0.00973264319113814439788 0.0023966204834531177302 0.999949764671592022935 3.13324892641395980064
16799 1414.447000 -0.393263857537671457365 -0.0303293443588280239864 -0.0533590272939958587539 -0.009731960289406272821 0.00239327229005655657199 0.999949779337278021885 3.13323814809429146422
16800 1414.456000 -0.39326385502998734145 -0.0303246495597142909362 -0.0533583786652147423757 -0.00973127778390512308826 0.00238992619498095857852 0.999949793982415457982 3.13322738428159164314
16801 1414.465000 -0.393263852558151938421 -0.0303199588209729677113 -0.0533577305067014229234 -0.0097305957205470056115 0.00238658214966980079808 0.999949808606694912072 3.13321663560242225088
16802 1414.474000 -0.393263872942654413301 -0.0303155272501604775015 -0.0533571418911658323925 -0.0097299628182256122505 0.00238349285857075363082 0.999949822133765597876 3.13320643942418719519
16803 1414.483000 -0.393263870665684134309 -0.0303108448760835286206 -0.053356494691979602929 -0.009729281747156037774 0.00238015279297983410253 0.999949836716505835454 3.13319571920814698984
16804 1414.492000 -0.393263845866314687427 -0.0303059126336732778673 -0.0533557890443731655528 -0.00972855264720322819583 0.00237656262382110678236 0.999949852349349299629 3.13318447704257740938
16805 1414.501000 -0.393263843966201009916 -0.0303012393738406812793 -0.0533551429238816946055 -0.00972787276873327520776 0.00237322729401980882236 0.999949866885138538564 3.13317378309502858613
16806 1414.510000 -0.393263842235897442823 -0.0302965703858675515503 -0.0533544973086022139563 -0.00972719347694946806504 0.00236989443509829332546 0.999949881397777073921 3.13316309939469705981
16807 1414.520000 -0.39326384049075402416 -0.0302913874307392562424 -0.0533537805215855420737 -0.0097264393725165747967 0.0023661943236081206185 0.999949897495647332946 3.13315123863631539436
16808 1414.529000 -0.393263839049848629159 -0.030286726883822518569 -0.0533531358837686583985 -0.00972576123657363338093 0.002362867119063589115 0.999949911959267412342 3.13314057131476220164
16809 1414.538000 -0.393263837697532037119 -0.0302820700175525682474 -0.0533524916509160035405 -0.0097250835782903867488 0.00235954276502531789736 0.999949926399985034031 3.13312990965526294573
16810 1414.547000 -0.3932638363987457919 -0.0302774166327893154427 -0.0533518477816803185498 -0.00972440634062870720711 0.00235622133577645734293 0.999949940818208649063 3.1331192527267348602
16811 1414.556000 -0.393263835119822435793 -0.030272766555255948423 -0.053351204236792654223 -0.00972372946430956168473 0.00235290287338844449766 0.999949955214446295493 3.13310859996813029227
16812 1414.566000 -0.39326385615784331673 -0.0302678558876301462277 -0.0533505480973821971658 -0.00972302595144908070324 0.00234946965328548546675 0.999949970127853915436 3.13309730127345931194
16813 1414.575000 -0.393263832359544873718 -0.030262960024473890136 -0.0533498465673673052945 -0.00972230144645616460586 0.00234590697702501821409 0.999949985536796259744 3.13308612412486287013
16814 1414.584000 -0.393263830981928297348 -0.0302583195647961600283 -0.0533492038591922151936 -0.00972162537367922408027 0.00234259767128182317883 0.999949999868115502188 3.13307548470261565399
16815 1414.594000 -0.393263829382444085603 -0.0302531670655883135057 -0.0533484900330020717085 -0.00972087440875800054552 0.00233892398060521825021 0.999950015768459432586 3.13306366953122417129
16816 1414.603000 -0.39326382788097702381 -0.0302485330833664085859 -0.0533478478661068983291 -0.00972019873795991126708 0.0023356205526010344331 0.999950030058066929861 3.1330530426028047053
16817 1414.612000 -0.393263826327556853535 -0.0302439022850038256862 -0.0533472059832056783035 -0.0097195232634371582503 0.0023323197757257230385 0.999950044328213105693 3.13304242300644553154
16818 1414.621000 -0.39326382473368631798 -0.0302392747792624427827 -0.0533465644130129562628 -0.00971884800716768873508 0.00232902156653462446417 0.999950058578905398576 3.13303181163415667143
16819 1414.630000 -0.393263823114069877018 -0.0302346506863001261711 -0.0533459231886789925214 -0.00971817300142504419957 0.00232572585146883711871 0.999950072810026902026 3.13302120927415250762
16820 1414.639000 -0.393263821484883646651 -0.0302300301269527206538 -0.0533452823446376039884 -0.00971749828570222032309 0.00232243257222371430118 0.999950087021354794281 3.1330106165577720212
16821 1414.648000 -0.393263819862126329241 -0.0302254132131060185285 -0.0533446419135264748856 -0.00971682390323056789649 0.00231914168915900572795 0.999950101212584985255 3.13300003392506054567
16822 1414.658000 -0.393263840430709832319 -0.030220538034672620592 -0.0533439889425804530942 -0.0097161229241583581262 0.00231573623947666038664 0.999950115916284909545 3.13298881600496192945
16823 1414.667000 -0.393263816518669595546 -0.0302156787662791609383 -0.053343291366580287971 -0.00971540149350511028636 0.00231220207868263957773 0.999950131104230255374 3.13297772672526164683
16824 1414.676000 -0.393263814994537275194 -0.0302110736969744761438 -0.0533426523684476239229 -0.00971472840990340001655 0.00230891862035238065731 0.999950145230614206859 3.13296717607302710462
16825 1414.685000 -0.39326381351537481601 -0.0302064725091290668668 -0.0533420138512136071673 -0.00971405580881883577715 0.00230563760426676913826 0.999950159335444399566 3.13295663527657985981
16826 1414.695000 -0.393263811924340012105 -0.0302013646214960781999 -0.0533413049460458171813 -0.00971330906119570111623 0.00230199495741022653467 0.999950174981882766723 3.13294493432958631729
16827 1414.704000 -0.39326381053547854183 -0.0301967715801348332572 -0.0533406674208248415825 -0.00971263752475238009709 0.00229871927306365877314 0.999950189040442416477 3.132934412901233312
16828 1414.713000 -0.393263809180457890591 -0.0301921823362244316769 -0.0533400303408572487585 -0.00971196649457794353166 0.00229544620730562885791 0.999950203076892085718 3.13292389990019914947
16829 1414.723000 -0.393263829883755300365 -0.0301873362226824475119 -0.0533393807480156828538 -0.00971126910709026874846 0.00229205943406234676635 0.999950217618797543295 3.13291275272987990164
16830 1414.732000 -0.393263806390232173449 -0.0301825061514084322378 -0.0533386867581862184062 -0.0097105514828273297584 0.00228854525172159962987 0.999950232636869884573 3.13290173153992990152
16831 1414.741000 -0.393263805080760198152 -0.0301779283607156098568 -0.0533380509223598114898 -0.00970988193332850829664 0.00228528066557730398511 0.999950246604859982469 3.13289124224587256506
16832 1414.751000 -0.393263803619516516541 -0.0301728461140634389437 -0.0533373448558142060349 -0.00970913849119002872468 0.00228165662852312847025 0.999950262099464803889 3.13287959584010122782
16833 1414.760000 -0.39326380229034257896 -0.0301682758194105615779 -0.0533367097551249724763 -0.00970846981626950940314 0.0022783979602862638493 0.999950276022043560431 3.13286912155590657747
16834 1414.770000 -0.393263800790773443428 -0.0301632018255468294099 -0.0533360044740755698256 -0.00970772728270486925939 0.00227478050823084554724 0.999950291466852991817 3.13285749185705153508
16835 1414.779000 -0.393263799417115478274 -0.0301586389211477221006 -0.0533353700638873745588 -0.009707059373073489289 0.00227152774469020031153 0.999950305345236989396 3.13284703285551557883
16836 1414.789000 -0.393263819934158487257 -0.0301538202828934599753 -0.0533347229630805885758 -0.00970636491465528931932 0.00226816202898237270769 0.999950319726512160123 3.13283594262634634831
16837 1414.798000 -0.393263796440516733011 -0.0301490176395466276393 -0.0533340318285189032843 -0.00970565041778328509159 0.00226466982208312506836 0.999950334576955257582 3.13282497786589697597
16838 1414.807000 -0.39326379499881569668 -0.03014446569218117572 -0.0533333984519321832596 -0.00970498350594708146521 0.00226142552778092536733 0.999950348392224630523 3.13281454324493724428
16839 1414.816000 -0.393263793542238782042 -0.0301399173245085159889 -0.0533327654268839143614 -0.00970431690297219630426 0.00225818387663927156936 0.99995036218755672941 3.13280411701413008529
16840 1414.826000 -0.393263791912655202854 -0.0301348678245762537087 -0.0533320624926796466037 -0.00970357659845879141902 0.00225458509749782917697 0.999950377492421216274 3.13279254243446558803
16841 1414.835000 -0.393263790441883032134 -0.0301303271311397780075 -0.0533314302489884817238 -0.00970291066086219344822 0.00225134891211164686609 0.999950391245877368007 3.13278213462040300286
16842 1414.844000 -0.393263788972467942529 -0.0301257901246540851781 -0.0533307983921799191873 -0.00970224505246398451208 0.00224811527534241875279 0.999950404979492168955 3.13277173575066081312
16843 1414.854000 -0.393263787346645521392 -0.0301207533629061253999 -0.0533300967925251709345 -0.00970150588868113478158 0.00224452531753815531096 0.999950420215717783456 3.13276019201111655121
16844 1414.863000 -0.393263785893129269589 -0.0301162242197191391824 -0.0533294657756545609217 -0.00970084101692553039953 0.00224129702518707915257 0.999950433907205837869 3.13274981214648429173
16845 1414.872000 -0.39326378445083864932 -0.0301116988237604757406 -0.0533288351616583861103 -0.00970017651496453761628 0.00223807126680202785052 0.999950447578570544849 3.13273944122476288854
16846 1414.882000 -0.393263782862093402848 -0.0301066750058085787212 -0.0533281349510822191839 -0.00969943862835036772763 0.00223449007841763696777 0.999950462745222479199 3.13272792834708990739
16847 1414.891000 -0.393263781443751569977 -0.0301021575262281210206 -0.0533275051825431306574 -0.00969877494618301937146 0.00223126971891212180776 0.999950476373697494381 3.13271757595076216774
16848 1414.901000 -0.39326377987808125436 -0.0300971424895889912154 -0.0533268059009884276556 -0.00969803799413946655827 0.00222769458270827410903 0.999950491492408888305 3.13270608332752154013
16849 1414.910000 -0.393263778474964187382 -0.0300926328890190400434 -0.0533261769557341197556 -0.00969737516892467225904 0.0022244797252827294004 0.999950505077518703168 3.13269574885089552296
16850 1414.920000 -0.393263798726593949429 -0.0300878706195834982884 -0.0533255353408144672223 -0.00969668596729154376457 0.00222115301920637825753 0.999950519156081574224 3.13268479093802287849
16851 1414.929000 -0.393263775514495705909 -0.0300831247842681774596 -0.0533248504207665535715 -0.00969597722429070031647 0.00221770152138423427141 0.999950533689356046985 3.13267395871885545588
16852 1414.938000 -0.393263774104719354696 -0.0300786266743811002422 -0.0533242226354142187517 -0.00969531567862275990566 0.00221449496691310558291 0.999950547210177509427 3.13266364973364019875
16853 1414.947000 -0.393263772685227552817 -0.0300741322301069508027 -0.0533235952119034961605 -0.00969465453826440920482 0.00221129111584138747515 0.999950560710370583983 3.13265334882475832146
16854 1414.956000 -0.393263771253070826273 -0.0300696414426844423062 -0.0533229681471171779172 -0.00969399379733241854662 0.00220808997557452426144 0.999950574190003327324 3.13264305599011194658
16855 1414.965000 -0.393263791532342921187 -0.0300653973177872797795 -0.0533223979753143645377 -0.00969338002292244489688 0.00220513275903697330421 0.999950586665784291185 3.13263328433369903081
16856 1414.974000 -0.39326379005331679739 -0.0300609136271342627933 -0.0533217715780237022649 -0.00969272001824277376625 0.00220193683043831862911 0.99995060010624658986 3.13262300733603638037
16857 1414.982000 -0.393263767027640931406 -0.0300566885696493708846 -0.0533211586332078824046 -0.00969208716874983902678 0.00219885745427556142037 0.999950613016567402269 3.13261336684146396436
16858 1414.992000 -0.393263787044418888783 -0.0300519572112112470785 -0.0533205198604337973767 -0.0096914011388229692745 0.00219555305975283835546 0.999950626926513930215 3.13260247806792735403
16859 1415.001000 -0.393263763852307546287 -0.0300472423145833507363 -0.0533198381941312748999 -0.0096906958346197648313 0.00219212480921587718821 0.999950641283389285441 3.13259171460255192443
16860 1415.010000 -0.393263762324832732986 -0.0300427734871703093489 -0.0533192132901555287949 -0.00969003734388836947267 0.00218893980026356417198 0.99995065464193022553 3.13258147140203968561
16861 1415.019000 -0.393263760784577476315 -0.0300383083473432510591 -0.0533185887546266529258 -0.00968937920903409528883 0.00218575742969993403256 0.999950667980676999314 3.13257123673652992935
16862 1415.029000 -0.393263759060510087462 -0.0300333514181864193182 -0.053317895261253911432 -0.0096886483627250385986 0.00218222453889586887055 0.999950682778388499905 3.13255987496246168789
16863 1415.038000 -0.393263757499502708548 -0.0300288940955444581815 -0.053317271510583241767 -0.00968799097327867342333 0.00217904769274820638361 0.999950696075588729705 3.13254965847501276599
