11990 1091.607000 -0.318920455149745762924 0.0309896243188804709767 -0.0566483565040422631931 -0.0323003796662520159533 -0.0558812353885966145439 0.997914812498972736421 2.96364834949143363119
11991 1091.613000 -0.318922565306762051396 0.0309829346407371718219 -0.0566486533522412710751 -0.0323021188213245893928 -0.0558677734189403779608 0.997915509957062019097 2.96366385109476793147
11992 1091.620000 -0.318925534046055170201 0.0309734374558281420897 -0.0566493656574955373184 -0.0323054865702849733355 -0.055849731212520577206 0.997916410858618152524 2.9636862345319978651
11993 1091.626000 -0.318928555531740431928 0.0309636014672056564256 -0.0566504419500772488094 -0.0323093860553491374343 -0.055831907711300171604 0.997917281969824987442 2.96370952307316049001
11994 1091.633000 -0.318931292411725908487 0.0309544277344701614096 -0.0566513149458290204974 -0.0323121126604940314686 -0.0558157550826713297343 0.997918097270495740858 2.96373104246228091796
11995 1091.639000 -0.318934044961646678829 0.030945300920942400702 -0.0566524370882082253797 -0.03231444035284742472 -0.055800806161529964422 0.997918857912007628563 2.96375266780657975474
11996 1091.645000 -0.318937270907600878278 0.0309347728640368899167 -0.0566539209322814152348 -0.0323161517447926940894 -0.0557846605875085485571 0.997919705176495641652 2.9637776764171799293
11997 1091.652000 -0.318940083806752483486 0.03092565173607261797 -0.0566551039945124221275 -0.0323162539111515531576 -0.0557720908168351028888 0.997920404450710063493 2.96379961326987961812
11998 1091.658000 -0.318942832615823956832 0.0309169876115019323648 -0.0566563422828829030276 -0.0323153779637690083404 -0.0557610396311832637317 0.997921050387408414828 2.96382050199352065079
11999 1091.664000 -0.318945502199750541283 0.030908787521060340775 -0.0566575256216986372637 -0.0323134662255872562309 -0.0557515545460154984814 0.997921642247621698552 2.96384037643597153533
12000 1091.669000 -0.318948046946978092109 0.030901249922885131588 -0.0566585863460268360225 -0.0323106163326480760878 -0.0557433338111364903855 0.997922193764536169525 2.96385850378767923274
12001 1091.675000 -0.318950435067592019678 0.0308943371989462908789 -0.0566595437909045707148 -0.0323070735748052020875 -0.0557369595792463756734 0.997922664505568657312 2.96387535592122119965
12002 1091.682000 -0.318952616509844244508 0.030888167100633755896 -0.0566604291989476344105 -0.0323031369373786916843 -0.0557324733199505845116 0.997923042504604063119 2.96389064332776008825
12003 1091.688000 -0.318954564348256808248 0.0308828963932124486713 -0.0566611147243906154713 -0.0322988626456537225584 -0.0557289619262820931644 0.997923376955573870895 2.96390345415287770336
12004 1091.694000 -0.318956252938260742535 0.0308784958877360224405 -0.0566616445806522317508 -0.0322945266510459780274 -0.0557266469348020945795 0.997923646563096844453 2.9639140502470873173
12005 1091.700000 -0.318957881094704021052 0.0308744906915203211339 -0.0566620030083861969672 -0.0322895348427245307277 -0.0557248630460366115025 0.99792390770947114742 2.96392328182531938907
12006 1091.706000 -0.318958966628631934714 0.0308719344195866225722 -0.0566622150073254893243 -0.0322856553742477819791 -0.055724587414291905374 0.997924048620215553562 2.96392909896378231593
12007 1091.714000 -0.31895988255450868909 0.0308699025275114384559 -0.0566623448275314425815 -0.0322817102876533923439 -0.0557253757555505879751 0.99792413222539455564 2.96393355034660554992
12008 1091.722000 -0.318960510370731420426 0.0308687527430132786777 -0.0566622394136376411611 -0.0322779079177438685266 -0.0557266206049197437844 0.997924185705712285532 2.96393531320103997828
12009 1091.730000 -0.31896074328737517023 0.0308685968284024975228 -0.0566619800298582970699 -0.0322750359854225774003 -0.0557282834352607267525 0.997924185736320801254 2.9639344546421626525
12010 1091.739000 -0.318960631174695863344 0.0308692868553543837973 -0.056661570926560045347 -0.0322729184791780074337 -0.055730230389504004096 0.997924145490812875003 2.96393125018351133448
12011 1091.748000 -0.318960304129388971806 0.0308703288176255599695 -0.0566611521350938313057 -0.0322719385058498481333 -0.0557317414454249621114 0.997924092794905348569 2.96392740368997209544
12012 1091.757000 -0.318959786033349179668 0.03087173019002545718 -0.0566607089454273793461 -0.0322717628186654434397 -0.0557327628471705055491 0.997924041433012498636 2.96392258415460618792
12013 1091.766000 -0.318959232929915958987 0.0308730066504363728774 -0.0566603576227048197356 -0.032272382049976490459 -0.0557329537533429800189 0.99792401074568204411 2.96391836601773883686
12014 1091.775000 -0.318958697564227455779 0.0308740044974114488663 -0.0566601563656195517105 -0.0322737797336985418606 -0.0557321370941693192136 0.997924011153463297319 2.9639152045191718976
12015 1091.784000 -0.318958392669731471969 0.0308742069281130113167 -0.056660138671855007908 -0.0322753592235092909291 -0.055730291140785120918 0.997924063161299335079 2.96391458160018572698
12016 1091.794000 -0.318958310644197329253 0.0308736085808814196552 -0.0566602995595269706697 -0.0322770335639969777053 -0.0557274077708042187007 0.997924170028692603118 2.96391643846139318796
12017 1091.803000 -0.318958460578025682075 0.0308723251112142035857 -0.0566606458102277832367 -0.0322786379763329786541 -0.055723886076165990433 0.997924314790938016273 2.96392051117495070045
12018 1091.812000 -0.318958849236983810194 0.0308703411932818652663 -0.0566611333136993050585 -0.0322799696445528888633 -0.0557198183349387685115 0.997924498849721564042 2.96392677998197440203
12019 1091.821000 -0.318959452685053768128 0.0308677703105539741335 -0.0566617181170923217559 -0.0322808930430025856073 -0.0557154406476600694287 0.997924713401659002621 2.96393488904617052881
12020 1091.831000 -0.318960324189726474042 0.0308644184633197551926 -0.0566624203093967909739 -0.0322813384323139690446 -0.0557105036232082087566 0.997924974622374505451 2.96394545981303147997
12021 1091.840000 -0.318961230665395167883 0.0308611567941298042816 -0.0566630438487967236227 -0.0322811861743280623105 -0.0557062327256865122416 0.997925217967102873295 2.96395575821633183722
12022 1091.849000 -0.318962191386924220904 0.0308578607384836431371 -0.0566636110637252221611 -0.0322805342319511245908 -0.0557023036528270371059 0.997925458377261875853 2.96396618519506116485
12023 1091.858000 -0.318963199898452010039 0.030854566163139911239 -0.0566641003217474917286 -0.0322795329790254020841 -0.0556989216155949554143 0.997925679538068544083 2.96397709056067171218
12024 1091.867000 -0.318964225068415263564 0.0308513769595656628386 -0.0566644905916215274599 -0.0322779424393021679984 -0.0556956639391103305869 0.997925912806289838741 2.9639872593416245472
12025 1091.876000 -0.318965027263988287753 0.030848880702200189019 -0.0566647376517998291323 -0.0322763060288963413158 -0.0556932909378606705308 0.997926098172424724808 2.963995218273477672
12026 1091.885000 -0.318965682316721566014 0.0308468574833743493235 -0.0566648780844234423171 -0.0322746380236398969221 -0.055691433585623333069 0.997926255775255843794 2.96400167303676109753
12027 1091.895000 -0.318966182516789154011 0.0308452541163571555827 -0.0566649339514077310387 -0.0322730627320286858617 -0.0556900640996659396231 0.997926383147810014407 2.96400684696090488401
12028 1091.903000 -0.318966518525276743201 0.0308442012040431624842 -0.0566649211182622056238 -0.0322716755679488612185 -0.0556888868136552958599 0.997926493706571937636 2.9640102514725792382
12029 1091.912000 -0.318966706889703688343 0.030843469512116812592 -0.0566648867388475988016 -0.0322706551584009265765 -0.0556881091243128997781 0.997926570103134569223 2.96401269798780520048
12030 1091.921000 -0.318966794710535017643 0.0308429928719422367933 -0.0566648405925334330835 -0.0322697214923945499554 -0.0556871153330869284037 0.997926655752156333001 2.9640143357851362893
12031 1091.930000 -0.318966788635523523787 0.0308426908728163425011 -0.0566648250909423945032 -0.0322691880276305825825 -0.0556862276077033091504 0.997926722539716593019 2.96401547371872320369
12032 1091.939000 -0.318966727403148408992 0.0308424560996582788897 -0.0566648554648567642777 -0.0322689325461338466505 -0.0556852224611723359282 0.997926786889590800023 2.96401643188340990775
12033 1091.948000 -0.318966654049951003902 0.0308421760665587921246 -0.0566649436717569093824 -0.0322688975001295605405 -0.0556840283522667192639 0.997926854654483164175 2.96401760223723487186
12034 1091.957000 -0.318966595905395500221 0.030841777496182092716 -0.0566650941684120612596 -0.0322690271178282805931 -0.0556826228685677743213 0.997926928887754582931 2.96401921522299183209
12035 1091.966000 -0.318966585781206679595 0.0308411887363521201866 -0.056665303248724804841 -0.0322692439252116117232 -0.0556809956562933569546 0.997927012671377178243 2.96402151085772169736
12036 1091.974000 -0.318966636568278394392 0.0308404677110181990596 -0.0566655315851886942635 -0.0322694478268529816312 -0.0556793633708490623424 0.997927097152676356728 2.96402429580699777745
12037 1091.983000 -0.318966772831685174694 0.0308394263805979972071 -0.0566658209359554229656 -0.0322696319122641878119 -0.0556773624863178620559 0.997927202837368243493 2.96402824916279383771
12038 1091.992000 -0.318966994341866871832 0.0308381537730042995515 -0.0566661296150611781819 -0.0322697206004344677721 -0.0556752342450814244335 0.997927318708193844543 2.96403303932334560855
12039 1092.001000 -0.318967303132602242322 0.0308366688453132684056 -0.0566664400949325117174 -0.0322696703936504944443 -0.0556730266745441015885 0.997927443491549936994 2.96403859693467675029
12040 1092.009000 -0.318967644735012711976 0.0308352009721163632106 -0.0566667055276361686378 -0.0322694910539012558282 -0.0556710323390297925905 0.997927560550077585866 2.96404409883971098338
12041 1092.018000 -0.3189680903455692218 0.0308334337306074013352 -0.0566669801650496740564 -0.0322691319546088012382 -0.0556687933220546063429 0.997927697066757657396 2.96405074579587646255
12042 1092.026000 -0.318968524755277482718 0.0308318045500973678119 -0.0566671966127229448373 -0.0322686900662684517105 -0.0556668497477179682886 0.997927819774843238854 2.96405686474063179148
12043 1092.034000 -0.318968977583423463074 0.0308301687910881999644 -0.0566673828466730741815 -0.0322681507950766111037 -0.0556649716179320741549 0.997927941977295840381 2.96406299990296817626
12044 1092.043000 -0.318969446490658892213 0.0308284717812269681847 -0.0566675471626535282033 -0.032267533008170277975 -0.0556631620525040587966 0.997928062890248157579 2.96406937227448352701
12045 1092.051000 -0.318969952403576617606 0.030826788149184162352 -0.0566676840269982606824 -0.0322667719329735105949 -0.0556612001549490753582 0.997928196929185995501 2.96407577619080120357
12046 1092.059000 -0.318970385626509200794 0.0308253054872453489954 -0.0566677890639148557073 -0.03226608013552431653 -0.0556595428225125435362 0.997928311736608009141 2.96408138463323078682
12047 1092.067000 -0.318970785638488241176 0.030823922989842982012 -0.056667877930861462743 -0.0322654003021642030169 -0.0556579566461130534338 0.997928422185339170092 2.96408659829593412738
12048 1092.074000 -0.318971145820506285506 0.0308227032948891477293 -0.0566679551606465645164 -0.0322647471939569788213 -0.0556563936558601493609 0.997928530473868202755 2.96409126609949336029
12049 1092.082000 -0.318971439591314243067 0.0308215860828666282645 -0.0566680279229589897727 -0.0322642178120644829153 -0.055655100900740737957 0.997928619688153939471 2.96409544048108219982
12050 1092.090000 -0.318971731611072173429 0.0308204710503320912507 -0.056668111835505047269 -0.0322636661644176356289 -0.0556536146827586175601 0.997928720409616332176 2.96409966555916382092
12051 1092.097000 -0.318971955301697196461 0.0308195615363439576195 -0.0566681929046195520527 -0.0322632392238610468671 -0.0556523279265475831479 0.997928805973221755288 2.9641030908574763636
12052 1092.106000 -0.318972185853653389387 0.0308185117618505199921 -0.0566683050736917978685 -0.0322628185504432035691 -0.0556508703556931397238 0.997928900858089718007 2.96410700145117589344
12053 1092.114000 -0.318972403150184269371 0.0308175210995842857598 -0.0566684359807514970164 -0.0322624077178030668756 -0.0556491857767883457697 0.997929008081552160192 2.96411074899058180065
12054 1092.122000 -0.318972577734181084175 0.0308166095111239643489 -0.0566685769056939209198 -0.0322621085334032289826 -0.0556476892057035169015 0.997929101208619995234 2.96411414034820719365
12055 1092.131000 -0.31897276796632928475 0.0308155717780859358945 -0.0566687559220695954987 -0.0322618114523349208689 -0.0556459633025540786888 0.997929207053258382487 2.96411804395621469865
12056 1092.139000 -0.318972936102539073033 0.0308146299656398073297 -0.0566689302042461956477 -0.0322615771733339162797 -0.0556444084132810823373 0.997929301328819073902 2.96412157920798868815
12057 1092.147000 -0.318973108923046033691 0.0308136592454425137233 -0.0566691151975529661122 -0.0322613571084936281985 -0.0556428408698834836565 0.997929395847946265619 2.96412522014855639441
12058 1092.155000 -0.318973299722670522449 0.030812633226033801781 -0.0566693084505095964754 -0.0322611280171308939524 -0.0556412400457917469265 0.997929492511985483105 2.96412912208711532003
12059 1092.164000 -0.318973538220927999021 0.0308114182210181691834 -0.0566695279737248064356 -0.0322608513143505595822 -0.0556394258676339500957 0.997929602608116583795 2.96413375578592130921
12060 1092.172000 -0.31897377066841287041 0.0308102852985362649085 -0.056669722449378054363 -0.0322605851091245163231 -0.0556378128540185035167 0.997929701145946479457 2.9641380815998079612
12061 1092.181000 -0.318974064330943329892 0.0308089401432717797935 -0.0566699360546039782038 -0.0322602436914278950519 -0.0556359811719740054992 0.997929814303591955493 2.96414328180108999078
12062 1092.189000 -0.318974349429836989689 0.0308076967482433308754 -0.0566701173547180803158 -0.0322599048436590304934 -0.0556343568620024306326 0.997929915813745682662 2.96414810120798266624
12063 1092.197000 -0.318974654468630991477 0.0308064144864831773729 -0.0566702899830562878414 -0.0322595365681735829488 -0.0556327394487139206825 0.997930017887946996247 2.96415308465136773108
12064 1092.205000 -0.318974972815201485155 0.0308051119017314217752 -0.0566704520939856626338 -0.0322591435336203741224 -0.0556311362407203649494 0.997930119967848083817 2.9641581411279305236
12065 1092.214000 -0.318975312457357551565 0.0308037082262710426583 -0.0566706132681701613141 -0.0322587277619887577429 -0.0556295371973764829487 0.997930222547841028202 2.96416358070517427237
12066 1092.222000 -0.318975690426801627986 0.0308022861944623298214 -0.0566707655678024349588 -0.0322582271693049732475 -0.0556277335914495754676 0.997930339269917254796 2.96416918448604516101
12067 1092.231000 -0.318976072756611495063 0.0308007987856921960912 -0.0566709178373567823428 -0.0322577260691461059627 -0.0556259535894978937587 0.997930454689156642978 2.96417497912807803573
12068 1092.239000 -0.318976410716112157573 0.030799489805613082527 -0.0566710471399505949508 -0.0322572762081693373282 -0.0556243736920905076926 0.997930557294941511515 2.96418006897232944041
12069 1092.247000 -0.318976741755444714865 0.0307981993741460319258 -0.0566711738584320876 -0.0322568287442788551034 -0.0556227949282743633352 0.99793065975734485118 2.96418507344470771869
12070 1092.255000 -0.318977061591560584475 0.0307969345830925236851 -0.0566713007381685895947 -0.0322563925990579092318 -0.0556212178547803720585 0.997930761756970041709 2.96418995496955073321
12071 1092.263000 -0.318977365657807765409 0.0307957037859688045889 -0.0566714285772154102716 -0.032255973159547243756 -0.0556196511544019625561 0.997930862635780568937 2.96419466727790847926
12072 1092.272000 -0.318977695978285513689 0.0307943414400142535803 -0.0566715769514980136079 -0.032255512452829822323 -0.0556178720246649702097 0.997930976685188042552 2.96419989160346020185
12073 1092.280000 -0.318977975653077117091 0.0307931571376432247633 -0.0566717128810975134812 -0.0322551178814649078253 -0.0556162911225228095979 0.997931077546053590943 2.96420440175148280915
12074 1092.288000 -0.318978242857430482893 0.0307919941527716040097 -0.056671854506721602851 -0.0322547393157546630205 -0.0556147088321550381318 0.997931177964285986981 2.96420880973242706347
12075 1092.296000 -0.318978496908398079235 0.0307908540998549778989 -0.0566720007835119915507 -0.032254376821843872003 -0.0556131360794883539134 0.997931277328874433152 2.96421310149714622995
12076 1092.304000 -0.318978746727182793652 0.0307897172768753883687 -0.0566721523397993448556 -0.0322540197112158172343 -0.0556115545260273888561 0.997931377007290620895 2.9642173915567808784
12077 1092.311000 -0.318978986185767809935 0.0307886605470781629657 -0.0566722990472500187664 -0.0322536591809769318528 -0.0556099618957663702212 0.997931477410843537079 2.96422143609811605813
12078 1092.319000 -0.318979204225732781985 0.0307875948826318093787 -0.0566724476876436927819 -0.0322533623802697469451 -0.0556085887722703592351 0.997931563520226272423 2.96422541862649913114
12079 1092.327000 -0.318979448843795920787 0.0307864575846403740189 -0.0566726081058133296375 -0.0322530121627477781021 -0.055607012346083860288 0.997931662682556619437 2.96422972610251855841
12080 1092.334000 -0.318979689797949994556 0.0307853893980051772361 -0.0566727600536594128267 -0.0322526542105622884837 -0.05560543732769538533 0.997931762013801071376 2.96423382607067242844
12081 1092.342000 -0.318979915219335885546 0.0307843011835172535029 -0.0566729117297988110868 -0.0322523531492926660014 -0.0556040762605539626295 0.997931847582561148968 2.96423792682249764852
12082 1092.349000 -0.318980166909451079427 0.0307832074553963525032 -0.0566730632692079433488 -0.0322519863588348748573 -0.0556025096928678061459 0.997931946723705221025 2.96424215440825378209
12083 1092.357000 -0.318980403437477744166 0.0307820953224289192707 -0.0566732128385133079873 -0.0322516764511559458906 -0.0556011588887147523153 0.997932032002341040666 2.9642463754743677562
12084 1092.365000 -0.318980671511750302205 0.030780903650280737327 -0.0566733699823277134455 -0.0322513112875730187379 -0.0555996209456131942894 0.997932129491247654762 2.96425094713191672469
12085 1092.373000 -0.318980950061558188313 0.0307796906649467037764 -0.0566735248657612433743 -0.0322509367940816832343 -0.0555980786706712498679 0.997932227520503589702 2.96425563172842210236
12086 1092.382000 -0.318981272354096678789 0.030778310006691306927 -0.0566736957476985242499 -0.0322505059961168197291 -0.0555963403080280624269 0.997932338291203202552 2.96426099619570138088
12087 1092.390000 -0.31898156377006037232 0.0307770723223682318714 -0.0566738451893973316231 -0.0322501234133156927664 -0.0555948032202418923609 0.997932436287511714923 2.96426579506035725586
12088 1092.399000 -0.318981893633872193305 0.030775676970203919014 -0.0566740105584447456666 -0.03224969307338990121 -0.0555930766813403573479 0.99793254637864914347 2.96427120473924343713
12089 1092.408000 -0.318982229463696809191 0.0307742717454921599352 -0.0566741733054981905449 -0.0322492577266142374515 -0.055591342287012228407 0.997932657066001982393 2.96427665540972196112
12090 1092.417000 -0.318982562201314157058 0.0307728709167938707658 -0.0566743354833942752924 -0.0322488290871130109383 -0.0555896119695361151658 0.997932767306288326381 2.96428207590723014064
12091 1092.426000 -0.318982896928742709619 0.0307714677914065481978 -0.0566744963289884523538 -0.0322483980182290755345 -0.0555878698178404254127 0.997932878281085899985 2.96428749802641933186
12092 1092.435000 -0.318983224595747738572 0.0307700756809928636926 -0.0566746583743013288004 -0.0322479758021054357942 -0.055586130206978695556 0.997932988825041111802 2.96429285690906318962
12093 1092.443000 -0.318983513907884763672 0.0307688429599439483564 -0.0566748024181568249569 -0.0322476010965979317802 -0.0555845766837835333907 0.997933087465487034251 2.96429759040475371279
12094 1092.452000 -0.318983835691161510262 0.0307674608136061303321 -0.0566749661797276149677 -0.0322471812300567373111 -0.0555828229066741286157 0.997933198716447700249 2.96430288476391812225
12095 1092.461000 -0.318984119365804952295 0.0307661686845926915512 -0.0566751215093376364829 -0.0322468223150621374762 -0.0555812783600689863661 0.997933296341214082226 2.96430775075855734713
12096 1092.469000 -0.318984453238169984868 0.030764809843363688513 -0.0566752896395704072741 -0.0322463473158456498391 -0.0555793051027670542696 0.997933421591380209748 2.96431303648466570877
12097 1092.478000 -0.318984727850810501071 0.0307635338724016535461 -0.0566754477286709398842 -0.0322459921094970652922 -0.0555777623498146036707 0.997933518990649970348 2.96431782301712765104
12098 1092.487000 -0.318985031527858509115 0.0307621812338595042313 -0.056675617383934673299 -0.0322455772202829074602 -0.0555760032850965840501 0.997933630362553669713 2.96432297718655757279
12099 1092.497000 -0.318985335007710535393 0.0307607622871194780201 -0.0566757963860834018677 -0.032245176232186270604 -0.055574271782125449215 0.997933739747104420204 2.96432830009874592747
12100 1092.505000 -0.318985628057830428173 0.030759497151674596721 -0.0566759581876696977298 -0.0322447549303998756698 -0.0555725179343785000152 0.997933851029171092861 2.9643331665502534733
12101 1092.514000 -0.318985927962294579796 0.0307581514631086218314 -0.0566761285888160992741 -0.0322443382074629053546 -0.0555707811827075084943 0.997933961208008146748 2.96433828724829773194
12102 1092.523000 -0.318986225561671554729 0.0307568106744261979268 -0.0566762985201205021779 -0.0322439236445225957395 -0.0555690558971739176353 0.997934070675364215397 2.96434339137800328956
12103 1092.531000 -0.318986494526707964337 0.0307556106536212292557 -0.0566764485737202214355 -0.0322435498645200005474 -0.0555675246096762054382 0.99793416801955792117 2.96434797414583073305
12104 1092.540000 -0.318986796388165738669 0.030754262335240412779 -0.0566766168704210121509 -0.0322431342893516117987 -0.055565816181064285606 0.997934276575031309342 2.96435311016625258063
12105 1092.548000 -0.318987069226225827823 0.0307530538318829121947 -0.0566767663493907419836 -0.0322427594516120352708 -0.0555642920994340455687 0.997934373546895181484 2.96435775417969349377
12106 1092.556000 -0.318987344971857378351 0.0307518419847547831714 -0.0566769138288518437019 -0.0322423833051274089101 -0.0555627731455382023462 0.997934470273065032941 2.9643624050947203763
12107 1092.565000 -0.318987628182792914977 0.0307505474321324058506 -0.0566770702199659026643 -0.0322420170813002143761 -0.0555612687149174902523 0.997934565867581335752 2.96436732692774773668
12108 1092.572000 -0.318987927198699838804 0.0307493411249138738628 -0.0566772168032061568477 -0.0322415880593769701989 -0.0555595564061437605097 0.997934675062131404388 2.96437204232718665153
12109 1092.579000 -0.318988201413742789025 0.0307481988477161689854 -0.0566773544227504519344 -0.0322412082753195800011 -0.0555580297652306862033 0.99793477232610416916 2.96437649745306552873
12110 1092.586000 -0.318988417157759440723 0.0307472041720666527942 -0.0566774725757077241228 -0.0322409389134345539252 -0.0555569088026001342562 0.997934843435321572436 2.96438025514647174319
12111 1092.591000 -0.318988623813233840298 0.0307463611600236642885 -0.0566775736420276898819 -0.0322406525006523891896 -0.0555557588773378380198 0.997934916706443075896 2.96438356142459014109
12112 1092.597000 -0.31898883349355067196 0.0307454447582628728752 -0.05667768322506602785 -0.0322403784751278815746 -0.0555546236608392765555 0.997934988757124941117 2.96438707687482638775
12113 1092.603000 -0.318989016614766307534 0.0307445963101845749776 -0.0566777834151276360686 -0.0322401540379471801545 -0.0555536833035746094311 0.997935048356863529939 2.96439028583948882556
12114 1092.608000 -0.318989190051729043507 0.0307438345629813675197 -0.0566778746327733437549 -0.0322399289224179000368 -0.0555527406232565260091 0.997935108106896340274 2.96439318765047588045
12115 1092.614000 -0.318989401937856686953 0.0307429120431101862709 -0.0566779848638085254064 -0.0322396521587612408521 -0.055551596100314466764 0.997935180760448847792 2.96439674076884251974
12116 1092.620000 -0.318989610118886712797 0.0307419957341174901466 -0.0566780954221792199199 -0.0322393816648415820758 -0.0555504579561184597125 0.997935252854980636705 2.96440024481109931642
12117 1092.628000 -0.31898985962384451831 0.0307408447913492602344 -0.0566782334153459466108 -0.0322390709466319688725 -0.0555491351008826350633 0.997935336529397476468 2.96440459620459684231
12118 1092.637000 -0.318990172732170951253 0.0307394689069851040353 -0.0566783989885294714473 -0.0322386613022011894736 -0.0555474189246956268073 0.997935445291050049477 2.96440985263001444139
12119 1092.645000 -0.318990445149146706338 0.0307382563592850308054 -0.0566785466196657108928 -0.0322383040694265640691 -0.0555459051208514950626 0.997935541092225486537 2.96441445925364321923
12120 1092.654000 -0.318990754077168037206 0.0307368854884804108829 -0.0566787137348263511671 -0.0322378961124338558886 -0.0555441873415862749641 0.997935649882699893354 2.96441969663145732383
12121 1092.662000 -0.318991027277280347896 0.0307356699735697042053 -0.0566788618156179591079 -0.0322375324761198511769 -0.05554266400088890554 0.997935746416338864684 2.96442432667024879933
12122 1092.671000 -0.31899133025513926043 0.0307343104771545909404 -0.0566790289684877407472 -0.032237129411307054172 -0.0555409611910729003603 0.997935854209723416375 2.96442947988421456884
12123 1092.679000 -0.31899160107852408963 0.0307330983204332844339 -0.0566791778208177790543 -0.0322367654662898336926 -0.0555394397888922600193 0.997935950640224000985 2.96443410664642659214
12124 1092.688000 -0.318991905915490869816 0.0307317361471788584593 -0.0566793443032903646039 -0.0322363543312245842687 -0.055537732982202867027 0.997936058910904977282 2.96443929102092917915
12125 1092.696000 -0.318992172466527890151 0.0307305341724317601648 -0.0566794919752200004881 -0.0322359944488066693657 -0.0555362313314288480459 0.997936154105761530353 2.96444384734625687727
12126 1092.705000 -0.318992476619394838 0.0307291727626154698161 -0.056679658411473057833 -0.0322355827158513283393 -0.0555345309208349069419 0.997936262033989995857 2.96444904557104127463
12127 1092.713000 -0.318992747198620807403 0.0307279639005762009174 -0.0566798053597508677548 -0.0322352156012446697253 -0.0555330253374230059515 0.997936357676186824861 2.96445365454768072766
12128 1092.722000 -0.318993049385727589495 0.0307266072482935553856 -0.0566799705824079166905 -0.0322348087811929126523 -0.055531344871805742025 0.997936464330053785154 2.96445880748442514019
12129 1092.731000 -0.318993355708975911966 0.0307252433815935685479 -0.0566801353228152393626 -0.0322343938748227282209 -0.0555296534908082742299 0.997936571849490583475 2.96446402892787519434
12130 1092.739000 -0.318993627561720227703 0.0307240319693105751186 -0.0566802817508700179649 -0.0322340288317297316012 -0.0555281570806620064507 0.997936666906522940046 2.96446865191910102766
12131 1092.747000 -0.318993925237439746034 0.0307227537377820804354 -0.0566804373013760215416 -0.0322336150764608725394 -0.0555264730208853002358 0.997936773975667934522 2.96447357898710173174
12132 1092.756000 -0.318994205370236649788 0.0307214579773910576033 -0.0566805915722928335687 -0.032233255475910389809 -0.0555249875069926956961 0.997936868245568486913 2.96447848251318291091
12133 1092.764000 -0.318994478511958501343 0.0307202452374080031694 -0.0566807370463864312882 -0.0322328929050518311894 -0.0555234977064927651136 0.997936962847558062251 2.96448311581809109683
12134 1092.772000 -0.318994777669634521633 0.0307189640165964339413 -0.0566808917384929861205 -0.032232483096741260109 -0.0555218202859252135672 0.997937069411471311398 2.96448803953044448534
12135 1092.781000 -0.318995057951187599432 0.0307176656953905696801 -0.0566810469975533581799 -0.0322321271874675199798 -0.055520333910056403337 0.997937163602742427493 2.96449296413824914254
12136 1092.790000 -0.318995366825099713193 0.0307162963362733638928 -0.0566812108910450668242 -0.0322317200712431140008 -0.055518654977896431113 0.997937270158146927379 2.96449819403334524637
12137 1092.798000 -0.318995665684369045234 0.0307150148841308194558 -0.0566813659833610705707 -0.0322313121218726697514 -0.0555169738782615787565 0.997937376858038516225 2.96450312952905115083
12138 1092.806000 -0.318995939078030588121 0.0307137984922159039403 -0.0566815119867227212858 -0.0322309520604692478774 -0.0555154821023852440565 0.997937471476151971572 2.96450777036443957613
12139 1092.814000 -0.318996182582040099796 0.0307126572981368806126 -0.0566816486819199660818 -0.0322306475050282356665 -0.055514189069708064217 0.997937553243357644561 2.96451206921415577611
12140 1092.821000 -0.318996448617047345664 0.0307115237182302019958 -0.0566817858308492628083 -0.0322302820682691393284 -0.0555126899840593726609 0.997937648437282609493 2.9645164386914801824
12141 1092.828000 -0.318996685422126002862 0.0307104631186491151829 -0.0566819140646019140051 -0.0322299699545673945522 -0.0555113866597471902753 0.997937731017241258513 2.9645204765004353753
12142 1092.835000 -0.318996949951983632676 0.0307093321091579246618 -0.056682051491184534675 -0.0322296068886976719292 -0.0555098895444466611249 0.997937826020520946102 2.96452482905661174328
12143 1092.842000 -0.318997157188798619032 0.0307083459604805472654 -0.0566821702610119243504 -0.0322293484499609900196 -0.0555087857969856143803 0.997937895761973448039 2.96452853140876682048
12144 1092.850000 -0.318997427556742096932 0.0307071347292465907097 -0.0566823162507551631117 -0.0322289898597362747812 -0.0555072975737392546036 0.997937990121972151591 2.96453314226363850992
12145 1092.857000 -0.318997662622885425066 0.0307060771933742662765 -0.0566824444535977065018 -0.0322286780888855622917 -0.0555059977804576790139 0.997938072486985072729 2.96453716373999043299
12146 1092.864000 -0.318997896697363114704 0.0307050221454111156583 -0.0566825724551138498963 -0.0322283684738175202344 -0.0555047024971656727255 0.997938154529736998199 2.96454117341043810185
12147 1092.871000 -0.318998131282379193685 0.0307039660798223423832 -0.0566827002687019937399 -0.0322280565303448007786 -0.0555034056646064241636 0.997938236732066941137 2.96454518969158709041
12148 1092.877000 -0.318998331540633617287 0.0307030638531635841071 -0.0566828089206743782058 -0.0322277902603881546972 -0.0555022991340146792938 0.997938306873611735703 2.96454860516165608075
12149 1092.883000 -0.318998534372297082307 0.0307021552213436327294 -0.0566829185455101081104 -0.0322275195911282119621 -0.0555011845237273204745 0.997938377605284143712 2.96455207995714919988
12150 1092.890000 -0.318998768631493900827 0.0307010995877050156533 -0.0566830461875124161364 -0.0322272078575357098784 -0.0554998922179817388844 0.997938459544224332198 2.96455609518594309648
12151 1092.897000 -0.318999002689293709167 0.030700044799641793003 -0.0566831737341549207754 -0.0322268960229180265187 -0.0554986006147198882021 0.997938541445582028011 2.96456010702096861564
12152 1092.903000 -0.31899922962485621758 0.0306990738495458263813 -0.0566832919658619496794 -0.0322265799485050644102 -0.055497305439695270024 0.9979386236807129551 2.96456384614375112463
12153 1092.910000 -0.318999436039473727167 0.030698090614672230575 -0.0566834093611819217484 -0.0322263205730934712556 -0.05549621350930261654 0.997938692780498515233 2.96456752428618042217
12154 1092.917000 -0.318999670304514482133 0.030697036738126369515 -0.056683536100424328219 -0.0322260088627024515739 -0.0554949257946685745035 0.997938774456542221358 2.96457153517642302276
12155 1092.923000 -0.318999873104930609102 0.0306961290081836715715 -0.056683645098228221948 -0.032225738755043295547 -0.0554938180390056046143 0.997938844780152489733 2.96457500917376037819
12156 1092.930000 -0.319000107463593196577 0.0306950741084683932647 -0.0566837720466769404148 -0.0322254279206889288067 -0.0554925333597144701536 0.997938926255835245804 2.96457902462707467706
12157 1092.937000 -0.319000341711672241729 0.0306940197869661271501 -0.0566838989585449481989 -0.0322251172487659845456 -0.055491248896055930806 0.997939007712525194549 2.96458303740318740438
12158 1092.943000 -0.319000568868105960352 0.030693049184060260115 -0.0566840166167430214994 -0.0322248025731662196547 -0.0554899602678308179193 0.997939089528311229493 2.96458677742613829764
12159 1092.951000 -0.319000781898900354072 0.0306919841915843510938 -0.0566841426696069392022 -0.0322245511230819167703 -0.0554888818826625301872 0.997939157610486571315 2.96459072033955228775
12160 1092.957000 -0.319001009869003926411 0.0306910123767340642376 -0.0566842599407002198375 -0.0322242346912875871068 -0.0554875913926027933276 0.997939239583256476607 2.96459446749553690026
12161 1092.963000 -0.319001212707194170548 0.0306901048691957251124 -0.0566843686580055516888 -0.0322239662509077734454 -0.0554864879509029684801 0.997939309604514268592 2.96459794070604720773
12162 1092.970000 -0.319001446981350966769 0.0306890503626066277199 -0.0566844953540915214019 -0.0322236574648259027631 -0.0554852078547086735583 0.997939390749212451581 2.96460195393296155331
12163 1092.976000 -0.319001646302821573187 0.0306881496975737674826 -0.0566846041874421655016 -0.0322233950331573190673 -0.0554841124641517538518 0.997939460126015198682 2.96460537812227009624
12164 1092.983000 -0.319001880037929064216 0.0306870978051868442682 -0.0566847299676345728336 -0.0322230882292192724603 -0.0554828383930353538633 0.997939540868495900128 2.96460936470026936718
12165 1092.988000 -0.319002076332722928065 0.0306862712451885788489 -0.0566848300467400062486 -0.0322228141828723793627 -0.055481726099193377777 0.997939611557327688196 2.96461257415673484772
12166 1092.993000 -0.31900224127867660151 0.0306855238876463341791 -0.0566849203203396850848 -0.032222596421829875768 -0.0554808157584865263567 0.997939669199801260291 2.96461541510294912527
12167 1092.997000 -0.31900237510025541976 0.0306849217741411890714 -0.0566849924274225314136 -0.0322224206419548658831 -0.0554800855739327608562 0.997939715470169130818 2.96461770463570140066
12168 1093.003000 -0.319002574147823958484 0.0306840225566064640772 -0.0566851003732234959287 -0.0322221588403543077184 -0.0554789962447695336745 0.997939784483683145488 2.96462110866575345725
12169 1093.010000 -0.319002782728743994323 0.030683033913784275859 -0.0566852182067583490466 -0.0322218987678139154318 -0.0554779036781330933681 0.997939853620084860175 2.96462483830882739255
12170 1093.017000 -0.319003015557931479673 0.030681982465065746335 -0.0566853449070424189604 -0.0322215919970457384536 -0.0554766271241768568756 0.997939934491100077985 2.96462883445918512493
12171 1093.024000 -0.319003247463660322136 0.0306809333572005474289 -0.0566854714601918371897 -0.0322212876477275880771 -0.0554753546197927147055 0.997940015057082741023 2.96463281913533371892
12172 1093.031000 -0.319003479891722341311 0.0306798831702844339298 -0.0566855978929122761301 -0.0322209812300437020705 -0.0554740800550446652717 0.997940095802658744262 2.96463681023515146506
12173 1093.038000 -0.319003712171232911565 0.030678833638191432831 -0.0566857241527906480227 -0.0322206750032537625472 -0.0554728064996590636282 0.997940176484234942045 2.96464079857675955054
12174 1093.045000 -0.319003943996152894425 0.03067778467123517816 -0.0566858506590564581451 -0.0322203691905899938797 -0.0554715341420419366658 0.997940257084135362575 2.96464478408716747282
12175 1093.053000 -0.319004181979307577244 0.0306766556125666993438 -0.0566859852686005180611 -0.032220071415214518451 -0.055470276097873340293 0.99794033662720749156 2.96464901079802878314
12176 1093.059000 -0.319004415221380788203 0.0306756071210618069811 -0.0566861021351864613482 -0.0322197510051977567547 -0.0554690003177486581909 0.997940417885212482929 2.96465299000255022577
12177 1093.067000 -0.31900464466793759799 0.0306745609110896516603 -0.0566862375583506231114 -0.032219460271618226288 -0.0554677365445695666479 0.997940497515973135023 2.96465696891612573438
12178 1093.074000 -0.319004903385894711398 0.0306734431736375053046 -0.0566863733683241471928 -0.032219103714366176261 -0.0554662740216412264438 0.997940590316878095578 2.96466127789249567215
12179 1093.081000 -0.319005110101551636603 0.0306724605048182760725 -0.0566864899846342834566 -0.0322188464889393705315 -0.0554651939690459991339 0.997940658651053524864 2.96466496693482195468
12180 1093.087000 -0.319005307404924109971 0.0306715649115945933334 -0.0566865978192493541465 -0.0322185850402311527163 -0.0554641084522391955569 0.997940727424030837867 2.96466836846097336888
12181 1093.094000 -0.319005537537779215729 0.030670520716613636214 -0.0566867238056645225686 -0.0322182826739418337603 -0.0554628460164501638219 0.997940807349462666309 2.96467233281605002659
12182 1093.101000 -0.319005768394992839099 0.0306694743229173200083 -0.0566868498204734228008 -0.0322179784423203205423 -0.0554615819615146485311 0.997940887423406586265 2.96467630799963011157
12183 1093.108000 -0.319005998957921088621 0.0306684291131786336548 -0.056686975717892384985 -0.0322176743664821033097 -0.055460318861813108493 0.997940967437534021123 2.9646802788183035382
12184 1093.115000 -0.319006229638925553616 0.0306673841383811734973 -0.0566871013768324924498 -0.0322173704802737673192 -0.0554590568513809514806 0.997941047383307022756 2.96468424930085650004
12185 1093.122000 -0.319006459975206935198 0.0306663412260015123822 -0.0566872263130116516017 -0.0322170684829036768626 -0.055457800893845575485 0.997941126930034227982 2.96468819609278710914
12186 1093.129000 -0.31900669043159252114 0.0306652970716701153697 -0.0566873518126442960119 -0.0322167648259425454249 -0.055456539900651954933 0.997941206808496072966 2.96469216255283063433
12187 1093.136000 -0.319006947845193067348 0.0306641836293102057476 -0.0566874869543526616056 -0.0322164106826834800712 -0.0554550881779517085279 0.997941298913869068166 2.96469645539362058884
12188 1093.143000 -0.319007153765037465565 0.0306632038222175162812 -0.056687603088694291098 -0.0322161552314903440464 -0.0554540155010806307123 0.997941366768061333126 2.96470013367972606844
12189 1093.150000 -0.319007408000919312485 0.0306620981132571454597 -0.0566877371474520524997 -0.0322158066773082785161 -0.0554525768693794537945 0.997941457961676214872 2.96470436168943374255
12190 1093.158000 -0.319007644507313059545 0.0306609737417157870998 -0.0566878714249577919659 -0.0322155107975856253022 -0.0554513281898665610914 0.997941536897843817222 2.96470858566524775313
12191 1093.165000 -0.31900787415711934214 0.0306599320195606039885 -0.0566879967119889791038 -0.0322152089053223331105 -0.0554500731536991531279 0.997941616379653617663 2.96471254294615516045
12192 1093.172000 -0.319008130912439957783 0.0306588213434715803341 -0.0566881308979994419373 -0.0322148577278293241077 -0.0554486306106170140362 0.997941707869243743723 2.96471680759466904576
12193 1093.180000 -0.31900836686511618856 0.0306576983525614250869 -0.0566882651298420553454 -0.0322145625373014693471 -0.0554473838742100960664 0.997941786669962138667 2.96472102474589149779
12194 1093.187000 -0.319008595998352517675 0.0306566580676173247588 -0.0566883903073158099128 -0.0322142614459298703977 -0.0554461313200816444113 0.997941865982748255171 2.96472497549559399488
