69 1001.060000 31.1599483503241465598 -0.0782348609666709687849 5.07401633409721064538
70 1001.068000 31.1596842961441602426 -0.0781936589940349230377 5.07388891354684812285
71 1001.076000 31.1594364685219176181 -0.0782091336612198845257 5.07382121641741790086
72 1001.083000 31.1592324478933022647 -0.078260506325563236607 5.07381922885236136267
73 1001.091000 31.1590134299716901012 -0.0783496177544092953227 5.07388363433761213628
74 1001.100000 31.1587844859737117531 -0.0784698104754294883945 5.07403189347376226692
75 1001.108000 31.1585960089912390458 -0.0785774528564254642893 5.07421411617865114607
76 1001.116000 31.1584211996356188479 -0.0786721801995272501662 5.07442221537491811034
77 1001.124000 31.1582594682199953695 -0.0787442986291140567534 5.07463298855093380979
78 1001.132000 31.15810999267633008 -0.0787880968021781730171 5.07482372852177654465
79 1001.141000 31.1579550667589018076 -0.0788015971876766113668 5.07498999766987601845
80 1001.149000 31.157827485429820058 -0.0787841959011726655771 5.07507887245074673643
81 1001.157000 31.1577075842477064782 -0.0787443623290087768574 5.0751038838784259255
82 1001.166000 31.1575793821125159866 -0.0786812862450318034613 5.07505431563170716913
83 1001.174000 31.1574690559960707503 -0.0786173148757248752005 5.07494704060406398582
84 1001.182000 31.1573600324481603252 -0.0785534024699833105521 5.07479140489420643689
85 1001.190000 31.1572504841441464407 -0.0784956388646078917493 5.07460205921818108266
86 1001.198000 31.1571389027487732903 -0.078448540683472484103 5.07439585919889868393
87 1001.206000 31.1570241872897710778 -0.0784148270801246771722 5.07419020885009874888
88 1001.214000 31.1569056949291116609 -0.0783954309791382863981 5.07400150104189684441
89 1001.222000 31.156783251625611797 -0.0783897016744950630995 5.07384378125022639239
90 1001.230000 31.1566571246539609774 -0.0783957418523541921251 5.07372772770347602034
91 1001.238000 31.1565116483117670043 -0.0784131833668190725284 5.07365510323573065676
92 1001.247000 31.1563802120113777505 -0.0784346654214130717397 5.07364440637885749652
93 1001.256000 31.1562313073995724721 -0.0784620362571224611026 5.07368971397554258118
94 1001.265000 31.1560809426332703254 -0.0784875229166665661085 5.07378832334822327255
95 1001.273000 31.1559503035157625561 -0.0785069764088029559135 5.07390994163400232964
96 1001.282000 31.1558075942409757886 -0.0785237948831390558668 5.07407053880494629539
97 1001.291000 31.1556701890061376048 -0.0785344848754083030284 5.07424027587206349921
98 1001.300000 31.1555385647291736007 -0.0785390617075384933621 5.07440333802998289059
99 1001.309000 31.1554135152154572097 -0.0785387342165604906974 5.07454591727830273129
100 1001.318000 31.1552943101649582047 -0.0785347012799417210083 5.07465756709672355385
101 1001.326000 31.1551931701181992196 -0.0785293609367296030488 5.07472548361944220119
102 1001.334000 31.1550960398609433355 -0.0785235220319022708679 5.07476185748981833967
103 1001.342000 31.155002199851381306 -0.0785180135435525755616 5.07476735767941367072
104 1001.350000 31.1549105716970409219 -0.0785133193565371034772 5.0747447819289570603
105 1001.358000 31.1548209939554219261 -0.0785099500942030570361 5.07469871582183618131
106 1001.367000 31.1547213762123043068 -0.0785076519773953013237 5.07462599890579912909
107 1001.375000 31.1546331821703361697 -0.0785065446964422625209 5.07454997863880130637
108 1001.384000 31.1545339220226331634 -0.0785060222951193958929 5.07446000676925557116
109 1001.393000 31.1544339765097682005 -0.0785052981708561775642 5.07437362283917270389
110 1001.402000 31.1543336426550467877 -0.0785038139153465264197 5.07429796978883995706
111 1001.411000 31.1542327176559190605 -0.0785009468693649015147 5.07423832615036651816
112 1001.420000 31.1541313405850601725 -0.0784962065072092318729 5.07419790497382905414
113 1001.429000 31.1540303276120980058 -0.0784896761894874617216 5.07417776576519674592
114 1001.438000 31.1539302118279053389 -0.0784816186698623075024 5.07417711401488791267
115 1001.446000 31.1538424204884343283 -0.0784735248661131284953 5.07419099592395106413
116 1001.455000 31.1537452064520152817 -0.078463891721428313808 5.074219747999650032
117 1001.464000 31.1536505404810988296 -0.0784545686915116280424 5.07425844118515367853
118 1001.472000 31.1535687197271187188 -0.0784471415537532218432 5.07429769663781637945
119 1001.481000 31.1534796754714804479 -0.0784403360975432922819 5.0743435785806942917
120 1001.489000 31.1534031657731986797 -0.0784360320846408110018 5.07438298396500986343
121 1001.497000 31.153328959048302238 -0.0784335422896441786245 5.0744188502930542839
122 1001.505000 31.1532569342791809675 -0.078432784534450197822 5.07444963725033737489
123 1001.514000 31.1531787062639935471 -0.0784341193626664767713 5.0744768827519894927
124 1001.522000 31.1531112004793762082 -0.0784368039037895842247 5.07449403877716864741
125 1001.531000 31.1530368636589010123 -0.0784409035427975770416 5.07450546927722179191
126 1001.540000 31.1529642707613945163 -0.0784456409632200563076 5.07450923233940009993
127 1001.548000 31.15290093327607579 -0.0784498352508535973238 5.07450710936958060415
128 1001.555000 31.1528459136146125275 -0.078453033383061338002 5.07450182563652685275
129 1001.561000 31.1527992412935645916 -0.0784552814640444018401 5.07449538100620500813
130 1001.566000 31.1527605368935240904 -0.0784566561205403967261 5.07448900353433884902
131 1001.571000 31.1527219958562398006 -0.0784575232894616225732 5.0744820058583810507
132 1001.576000 31.1526836026027957871 -0.0784578381060564433724 5.07447464556570349004
133 1001.582000 31.1526378720516241572 -0.0784575058086750959374 5.07446566623278538799
134 1001.591000 31.1525692844086101729 -0.078455296719816658424 5.07445268001845395389
135 1001.600000 31.1525013806321808829 -0.0784513536635867425595 5.07444114882259977861
136 1001.608000 31.1524417407827911575 -0.0784466225690585161612 5.07443276932173503724
137 1001.617000 31.15237539623569063 -0.0784402477262640257516 5.07442584506101912467
138 1001.624000 31.1523243706501631323 -0.0784347149565930157333 5.0744224612295054655
139 1001.632000 31.1522672042943327142 -0.0784282421253361256008 5.07442076352188209398
140 1001.640000 31.152210866067207462 -0.078421741228508493049 5.07442127435346712616
141 1001.647000 31.1521629152644514704 -0.0784164880887777415719 5.07442339751819027072
142 1001.656000 31.1521023648114656623 -0.0784102690785066502865 5.07442812430970757731
143 1001.664000 31.1520501996986425297 -0.0784056466347287928098 5.07443387377657373349
144 1001.672000 31.1519995032256211687 -0.078401930959202836835 5.07444075634026869892
145 1001.680000 31.1519499221029967373 -0.0783990296715221801627 5.07444841737729035458
146 1001.688000 31.1519020010291107781 -0.078397105528455870993 5.07445655132401629572
147 1001.697000 31.1518495606530727571 -0.078395882890769208462 5.07446584631248409636
148 1001.705000 31.1518039853100141556 -0.0783953344722037037684 5.0744739584785669706
149 1001.712000 31.151765342099469791 -0.0783953500313245427167 5.07448075344922600038
150 1001.720000 31.1517217223155284955 -0.0783954487538589678275 5.07448798383634525067
151 1001.727000 31.1516846233666697685 -0.0783957374967245018693 5.07449374448410850391
152 1001.735000 31.1516425852507872207 -0.0783958287648020835103 5.07449956876703556219
153 1001.743000 31.151601554622981638 -0.0783957870900195419317 5.07450454818741558682
154 1001.752000 31.1515560815712433396 -0.0783953402300763407817 5.0745090748832160088
155 1001.760000 31.1515160435063123145 -0.0783943708138536560215 5.07451219055381841372
156 1001.769000 31.1514719290615325065 -0.0783928445401633339218 5.07451475446413624582
157 1001.778000 31.1514284672376753349 -0.0783906848485759755185 5.07451645416283714241
158 1001.786000 31.151390283337498488 -0.0783883309495717744975 5.07451735561442340838
159 1001.794000 31.1513528196939226689 -0.0783856616284460266941 5.07451783411035162175
160 1001.803000 31.1513113998946664651 -0.0783823139576509397841 5.07451807402172860861
161 1001.812000 31.1512708376611904271 -0.0783788298180582432284 5.07451816050004289593
162 1001.821000 31.1512309669240679 -0.0783751732317422705743 5.07451832617477993637
163 1001.830000 31.1511921989810254274 -0.0783716007043823020828 5.0745187223647212349
164 1001.838000 31.1511587359853869827 -0.0783685823421122751409 5.07451941973833164923
165 1001.847000 31.1511220185966308804 -0.0783654000287621749221 5.07452064930886415084
166 1001.855000 31.151090053359304477 -0.0783626598645212474326 5.07452221640876555142
167 1001.863000 31.1510592429608266229 -0.0783602210175323860009 5.07452426557505997806
168 1001.871000 31.1510290683928872113 -0.0783579472714068109296 5.07452675997183533241
169 1001.878000 31.1510035244796945619 -0.0783561182196992611626 5.07452930394557100158
170 1001.885000 31.1509783850239507785 -0.0783543741977038993296 5.07453212974260825519
171 1001.894000 31.1509471584801715949 -0.0783523380525494722582 5.07453614630461213864
172 1001.902000 31.1509202243288143563 -0.0783506139642861781924 5.0745399822571135573
173 1001.910000 31.1508936965087421811 -0.0783488257360411832764 5.07454397238244769852
174 1001.919000 31.1508649040314509193 -0.0783469433356940719859 5.07454855193219689369
175 1001.928000 31.1508368527606975817 -0.0783449763684181954559 5.07455311832503408453
176 1001.936000 31.1508123896360160643 -0.0783431824207725530096 5.07455706042750520623
177 1001.945000 31.1507855961917883292 -0.0783410793957285134237 5.07456129468015681994
178 1001.953000 31.1507624691056648203 -0.0783391777038160291857 5.07456485478635599407
179 1001.962000 31.1507369796122191019 -0.0783369767039986952817 5.07456854942900115191
180 1001.971000 31.1507118994090426156 -0.0783345954596540022807 5.07457193696629360602
181 1001.979000 31.1506903180345311455 -0.0783324961802856073456 5.07457467323931687986
182 1001.988000 31.15066662506432138 -0.0783300528804693058094 5.07457750115195693752
183 1001.994000 31.1506511103084058334 -0.0783284310322812510341 5.07457923013160794312
184 1002.000000 31.1506358576149295914 -0.07832674856948917963 5.07458087718765149532
185 1002.007000 31.1506186997791765236 -0.0783249017364454069856 5.07458271261395399421
186 1002.013000 31.1506041024519717553 -0.0783232105438704112599 5.07458423418474868782
187 1002.019000 31.1505898249894350727 -0.0783215869589468233203 5.07458570483527005024
188 1002.026000 31.1505735606381541913 -0.0783196647817686469883 5.07458742610189794675
189 1002.032000 31.15056015411703072 -0.0783181007771326931355 5.07458889743366903247
190 1002.040000 31.1505423780628660779 -0.078315884437780022842 5.07459090144316071758
191 1002.049000 31.1505233200893485446 -0.0783135325658832620599 5.07459325163312957585
192 1002.058000 31.1505049347709821461 -0.0783111451841875944035 5.07459573929527163472
193 1002.067000 31.1504872561227017513 -0.0783088327580388765536 5.07459835644837919943
194 1002.076000 31.1504700367405185091 -0.0783064243980151897251 5.07460114325777045252
195 1002.085000 31.1504536066102808434 -0.0783040550632956716681 5.07460406830302357406
196 1002.094000 31.150437909227019162 -0.0783017404696371155381 5.07460714087298825348
197 1002.102000 31.1504245128621981564 -0.0782996777900564350228 5.0746099706743699187
198 1002.111000 31.1504097250492790749 -0.078297258941937411536 5.07461323976266598379
199 1002.119000 31.1503972468036280929 -0.078295175176296971653 5.0746161839294652296
200 1002.125000 31.1503880649830620087 -0.0782935555240656388953 5.07461841373019773016
201 1002.130000 31.150380657481591129 -0.078292238253325444064 5.07462027688803640757
202 1002.135000 31.1503734134476033546 -0.0782909213854215690898 5.0746221383705618635
203 1002.140000 31.1503663303142630525 -0.0782896055665918549904 5.0746239936268340287
204 1002.145000 31.1503594058340098627 -0.0782882914444990030134 5.07462583855093463114
205 1002.150000 31.1503526380818236419 -0.0782869796373919651922 5.07462766954201693892
206 1002.155000 31.1503460254479911384 -0.0782856707060661377584 5.07462948354898824022
207 1002.163000 31.1503358829477541292 -0.0782836086004610742783 5.07463235687694691478
208 1002.171000 31.1503259177790603474 -0.0782815241995239163852 5.07463515812030596663
209 1002.179000 31.1503164836954233863 -0.0782794788565615851095 5.07463789523961139594
210 1002.187000 31.1503074933475048169 -0.0782774560041410716327 5.07464058334203915734
211 1002.195000 31.1502986030839608134 -0.0782753354630953968041 5.07464320889751174803
212 1002.203000 31.1502903964466995035 -0.0782733199573999727239 5.07464580085594452186
213 1002.211000 31.1502823631138419103 -0.0782712767141126170012 5.07464833564378015041
214 1002.219000 31.1502748588166404886 -0.078269263638310077047 5.07465083378643555534
215 1002.228000 31.1502668659950998631 -0.0782669588271217159248 5.07465363767901767034
216 1002.236000 31.150260032961952561 -0.0782649107280688066668 5.07465610496876529112
217 1002.244000 31.1502537227871627579 -0.0782628840870224357085 5.07465856649677338197
218 1002.252000 31.1502478453320783558 -0.0782608607682053897259 5.07466104549360874643
219 1002.260000 31.1502420523703378308 -0.0782587205982011174799 5.07466353203360043267
220 1002.268000 31.150236921645372945 -0.0782566678613396959907 5.07466605456159314258
221 1002.276000 31.1502319363518545003 -0.0782545727118070522099 5.07466858528523978578
222 1002.283000 31.1502280393161186112 -0.078252745462176337421 5.07467082701890426222
223 1002.291000 31.1502237060364102206 -0.0782506348034957277537 5.07467340666757316114
224 1002.299000 31.1502198532939367226 -0.0782485473991989533005 5.07467600751191660891
225 1002.307000 31.1502163875617696931 -0.078246469520383554741 5.07467864215125619154
226 1002.315000 31.1502129585209885931 -0.0782442848408828467432 5.074681290267547773
227 1002.323000 31.1502101429891524731 -0.0782422005992278596365 5.07468397074967203508
228 1002.331000 31.15020742462310821 -0.0782400888852646664295 5.07468664740632746657
229 1002.339000 31.1502051539170317085 -0.0782380124373935337267 5.07468932665078398259
230 1002.348000 31.1502029468641907783 -0.0782356479158964751575 5.07469236284527891456
231 1002.356000 31.150201163522599046 -0.0782335610609959930528 5.0746950460350479517
232 1002.364000 31.1501998144365401799 -0.0782315118799947195605 5.07469771841581618332
233 1002.372000 31.1501988102638804889 -0.0782294836474496796397 5.07470039158831376369
234 1002.379000 31.1501979656723690937 -0.0782276520552168119771 5.07470271570587616594
235 1002.388000 31.1501973793856059558 -0.0782253333416458307426 5.07470570316928704102
236 1002.396000 31.150197020923506841 -0.0782232825103692241964 5.0747083305398126285
237 1002.404000 31.1501970831432508646 -0.0782212628163158479877 5.07471093938388673195
238 1002.412000 31.1501974774131014101 -0.0782192560700715744382 5.07471354524918094597
239 1002.420000 31.1501978578656562036 -0.0782171414729991576475 5.07471613239805563467
240 1002.428000 31.1501988051056279971 -0.0782151220665188023906 5.07471872565008386147
241 1002.436000 31.1501998058671070169 -0.0782130663107766660458 5.07472129552880169001
242 1002.444000 31.1502012127874543523 -0.0782110341170924872056 5.07472385558754357504
243 1002.452000 31.1502029361521302064 -0.0782090087285740032108 5.07472642302619014743
244 1002.460000 31.1502046289576810523 -0.0782068711030134700035 5.07472898302478103716
245 1002.468000 31.1502068706784172036 -0.078204826201817456699 5.0747315606539249444
246 1002.475000 31.1502088135194838969 -0.0782029861238138224167 5.07473379579854899646
247 1002.484000 31.1502118100442650928 -0.0782006875759772984713 5.07473669164758334205
248 1002.492000 31.1502147692796711453 -0.0781986404761274428443 5.07473927330799057245
249 1002.500000 31.1502176775597376945 -0.0781964854083541521801 5.07474185433483171437
250 1002.508000 31.1502211143481986255 -0.0781944282448221728021 5.07474445777969851434
251 1002.516000 31.1502245657411549473 -0.0781923399014221032211 5.07474705160946815141
252 1002.524000 31.1502283840597478104 -0.0781902822245231637899 5.07474964630938707444
253 1002.530000 31.1502312826122000899 -0.0781886855566592958722 5.07475159969569489249
254 1002.535000 31.1502338524311213064 -0.0781873891371775847636 5.07475323005331713233
255 1002.540000 31.1502365064904225278 -0.0781860941368848066935 5.07475486145660337201
256 1002.545000 31.1502392440551538755 -0.0781848006198500727892 5.0747564935959470489
257 1002.553000 31.1502439142694420582 -0.0781827591777235625381 5.07475911797181478136
258 1002.560000 31.1502479508100087457 -0.0781809290161296494004 5.07476139132416204092
259 1002.568000 31.1502530110667592567 -0.0781788943274148301343 5.07476401443513580602
260 1002.576000 31.1502580631131955613 -0.0781768303578520562525 5.07476661983540733303
261 1002.583000 31.1502628261171352619 -0.0781750398291245762739 5.07476890329998564511
262 1002.591000 31.1502682544898554795 -0.0781729796602992077492 5.07477150253644371247
263 1002.599000 31.1502740234438029177 -0.0781709490375546017793 5.07477409348814223478
264 1002.607000 31.1502800444238339139 -0.0781689309539814330963 5.07477669079346949133
265 1002.615000 31.1502859717707778486 -0.0781668057864245979793 5.07477927731961742097
266 1002.623000 31.1502923863135094962 -0.0781647775830388857887 5.07478187636356281587
267 1002.631000 31.1502987754140470145 -0.0781627156476571161026 5.0747844566401498767
268 1002.639000 31.1503054923255966457 -0.0781606805253181879944 5.07478702987478502706
269 1002.647000 31.1503124482977149512 -0.0781586558002379666599 5.0747896114846087201
270 1002.655000 31.1503192974839038243 -0.0781565225358540061062 5.07479218489348760102
271 1002.662000 31.150325771581837131 -0.0781547912191313809416 5.07479444352582031996
272 1002.670000 31.150332949129762028 -0.0781526548446229429867 5.07479701599188093297
273 1002.677000 31.1503397063883582518 -0.0781509212505722694608 5.07479927465037139456
274 1002.684000 31.150346307178214289 -0.0781490803565146330278 5.07480152698281461454
275 1002.692000 31.1503542351154791845 -0.0781470482148897832575 5.07480410789795488569
276 1002.700000 31.1503620413383082166 -0.0781449093529840294048 5.07480668309532312321
277 1002.708000 31.1503703066926291854 -0.0781428687784619518952 5.07480927569393802656
