17020 1129.983000 32.0281055901943148001 -0.110812791941676383467 15.4150868481588911862
17021 1129.991000 32.0279320412923098615 -0.110596691169145569522 15.4135070605546644629
17022 1130.000000 32.0277807114062866845 -0.110503316084310382328 15.4118793335254142818
17023 1130.010000 32.0276580158855139757 -0.110541964157742964026 15.4103986394237040258
17024 1130.019000 32.0275824209714485846 -0.110657894193937303418 15.4094426964834525506
17025 1130.029000 32.0275323132955307415 -0.110826394868970196095 15.4088331818106318849
17026 1130.038000 32.0275118448367948076 -0.110978790631333562589 15.4086741173985046771
17027 1130.048000 32.0275129714579094298 -0.111122637968128004649 15.4088678604823581253
17028 1130.057000 32.0275293823047775277 -0.111217048392415543412 15.4092939518420415368
17029 1130.067000 32.0275601342034903496 -0.111280615370377380935 15.4099377071308794029
17030 1130.077000 32.0275979026491341983 -0.111305217649568535809 15.410643574632066688
17031 1130.086000 32.0276329025079817825 -0.111301679622931984359 15.4112416979640780568
17032 1130.096000 32.0276696695683966709 -0.111279365571924193645 15.4117868806416460359
17033 1130.106000 32.0276989134429399542 -0.111246530381343647353 15.4121531151994339837
17034 1130.115000 32.0277188061356312687 -0.111215303551211078248 15.4123116854504100814
17035 1130.125000 32.0277319749055067177 -0.111183493473505465299 15.4123054570888999848
17036 1130.135000 32.0277368256912282618 -0.111158412520580299199 15.4121402159486926564
17037 1130.144000 32.0277348305852527233 -0.111142460756554886658 15.4118973303035584621
17038 1130.153000 32.027728785132559608 -0.111133054854665194733 15.4116094301007962031
17039 1130.162000 32.0277195308807378638 -0.111129292282343902776 15.4113182454941188837
17040 1130.171000 32.0277093160594716892 -0.111130446468590701747 15.4110602923560016109
17041 1130.180000 32.0277003022745816452 -0.111135696430463892792 15.4108632450967864003
17042 1130.189000 32.0276930148370624352 -0.111143860031307453728 15.4107433012733547883
17043 1130.199000 32.0276886061329690847 -0.111155276175761583146 15.4107060102557369419
17044 1130.208000 32.027687650519190754 -0.111166927652560809658 15.4107513712792254523
17045 1130.217000 32.0276917785371395553 -0.111179556835634893441 15.410856241622346019
17046 1130.226000 32.0276990134165231439 -0.111192351326231994579 15.4109994037239523834
17047 1130.233000 32.0277078634898657583 -0.111202355959449161737 15.4111224747262003376
17048 1130.240000 32.0277183315578426459 -0.111211783818361706344 15.4112437535994679649
17049 1130.247000 32.0277308288669715353 -0.111220560710755839162 15.4113537187476907775
17050 1130.254000 32.0277457301644759013 -0.111228558856091536144 15.4114441650254647698
17051 1130.261000 32.0277620894660515205 -0.111235092273047550537 15.4115086206206335362
17052 1130.268000 32.0277793847496567992 -0.111240018027598280836 15.4115434302087255247
17053 1130.274000 32.0277958404249858404 -0.1112427434030741763 15.4115486947420166075
17054 1130.280000 32.027813023913417112 -0.111243901693101623906 15.4115312649070581585
17055 1130.289000 32.0278400491404866557 -0.111242291333585971436 15.4114668631050406589
17056 1130.299000 32.0278721943119180082 -0.11123586670559450218 15.4113513896905480749
17057 1130.307000 32.0278993332697723417 -0.111227129386221493257 15.411236869413182049
17058 1130.314000 32.0279240914804148588 -0.111217130794175347863 15.4111288997381485899
17059 1130.319000 32.0279422680871661555 -0.111208860545821991428 15.4110511341481277725
17060 1130.324000 32.0279614221573609711 -0.111200008110521511573 15.4109755707244016065
17061 1130.329000 32.0279811618389658179 -0.111190593807336562948 15.410904363426837449
17062 1130.337000 32.0280134856182812086 -0.111174729485512241434 15.4108034063424792492
17063 1130.344000 32.0280427258766096088 -0.111160733738799935577 15.4107321521422697685
17064 1130.352000 32.0280779465340401657 -0.111145687727488048924 15.4106738956967657117
17065 1130.362000 32.0281242173949394214 -0.111129422439699684921 15.4106376557765418767
17066 1130.371000 32.0281682139104475482 -0.111118399689606559 15.4106380427253188969
17067 1130.380000 32.0282134080930802611 -0.111111298056429816383 15.4106650876062847288
17068 1130.389000 32.0282611183162373436 -0.11110889117035149809 15.4107122013753947698
17069 1130.398000 32.0283102806939510288 -0.111110736685271646595 15.4107716372194794019
17070 1130.405000 32.0283493779938126522 -0.111114908485620250689 15.410820707132511842
17071 1130.412000 32.0283898638260922098 -0.111121367104479479293 15.4108686217694135223
17072 1130.421000 32.0284424492662651573 -0.111131666205662379965 15.4109226938432861687
17073 1130.430000 32.0284968537487628737 -0.111143598322902256714 15.4109636711064243997
17074 1130.439000 32.028552429515045219 -0.111155726919543701436 15.410987894537690579
17075 1130.449000 32.0286146024457636372 -0.111167643599846932556 15.4109927705758948946
17076 1130.458000 32.0286725759310115791 -0.11117638680635032189 15.4109781358454682731
17077 1130.467000 32.0287317816984966612 -0.111182197359153439598 15.4109476246739802718
17078 1130.477000 32.0287982193429812128 -0.111184352052689949808 15.4108987042784644217
17079 1130.486000 32.0288603499015351872 -0.11118287782295020738 15.4108460138531171424
17080 1130.495000 32.02892408956000736 -0.111178176761051281107 15.4107896049809376393
17081 1130.505000 32.0289960377418765347 -0.11116950245956029597 15.4107270866360277495
17082 1130.514000 32.029063534205988617 -0.11115996917131583388 15.4106751813895836989
17083 1130.521000 32.0291168558170440406 -0.111151653813537087956 15.4106393756423525332
17084 1130.528000 32.0291719382075470435 -0.111143356073792165528 15.4106086433198239405
17085 1130.534000 32.0292198235900116288 -0.11113631348870720017 15.4105863683497936734
17086 1130.541000 32.0292765165883679401 -0.111128525782100334718 15.4105656841345410868
17087 1130.548000 32.0293349390466630666 -0.111121784074536669729 15.4105505409566738706
17088 1130.557000 32.0294109933771977694 -0.111114507146844315733 15.410538030197303172
17089 1130.567000 32.0294984166162208794 -0.111109209103431902377 15.4105323588302560722
17090 1130.577000 32.0295866123343131449 -0.111106203036575604259 15.4105323785748833387
17091 1130.586000 32.02966835782650179 -0.111105878172837541085 15.4105355579431932966
17092 1130.596000 32.0297601332313064404 -0.111107375487297599381 15.4105395871536785535
17093 1130.606000 32.0298533486281797877 -0.111110272163072190676 15.4105425455560798298
17094 1130.615000 32.0299379433801263417 -0.111113375264377173268 15.4105423468693238931
17095 1130.625000 32.0300338614458510733 -0.111117152347712022653 15.4105384149611666089
17096 1130.635000 32.0301296250721421188 -0.111119944018364363858 15.4105294436347985965
17097 1130.644000 32.0302174491073614604 -0.111121832275410309387 15.4105174155839890204
17098 1130.654000 32.0303156816601841683 -0.111122562363747887093 15.4105000525856628002
17099 1130.663000 32.0304046792470060723 -0.111121883981000771358 15.4104811028330335176
17100 1130.673000 32.0305055506552136535 -0.111120144134844694994 15.4104578247363104282
17101 1130.682000 32.0305965876382217061 -0.111117307167190593198 15.41043533917447661
17102 1130.692000 32.0306992955970173398 -0.111113445016129547271 15.410409650339843779
17103 1130.702000 32.0308034546557962585 -0.111109105776777405961 15.410384483507108655
17104 1130.711000 32.0308981620886825681 -0.111104984411883836448 15.4103624310741267323
17105 1130.721000 32.0310057647019021942 -0.111100907589717134982 15.4103396218314667721
17106 1130.731000 32.0311137723719454584 -0.111096885324444547005 15.4103182928194648582
17107 1130.740000 32.0312131037132914457 -0.111094066736223615055 15.4103007974991754736
17108 1130.750000 32.031324604258202271 -0.111091484777403409767 15.4102831339020980295
17109 1130.759000 32.0314258741423287802 -0.111089615701392196989 15.4102682879434524921
17110 1130.765000 32.031494779719281496 -0.111088898040982972382 15.4102591767453471761
17111 1130.770000 32.0315517990838216633 -0.111088169734926467402 15.4102517285255480317
17112 1130.775000 32.0316091114101695325 -0.1110875355235700912 15.4102443600829168702
17113 1130.780000 32.0316673032904120078 -0.111087174031597443746 15.4102372713285955541
17114 1130.785000 32.0317257936079542446 -0.111086874628784831875 15.4102304197371928751
17115 1130.790000 32.0317839826798405056 -0.111086402215196666798 15.4102234731798208855
17116 1130.795000 32.0318424134144521531 -0.111085931881640370689 15.4102164226200422092
17117 1130.800000 32.0319016737302888487 -0.111085644330185182027 15.4102094782166965103
17118 1130.804000 32.0319490283594916491 -0.111085315864990555323 15.4102038795636406832
17119 1130.809000 32.0320087237100707966 -0.111084968166956329916 15.4101969430952951967
17120 1130.814000 32.0320680673688045204 -0.111084360001645690574 15.4101897474048215031
17121 1130.819000 32.032127607133062952 -0.111083678671567612217 15.4101823052222766108
17122 1130.824000 32.0321879361466699265 -0.111083118707741276832 15.4101748497947816929
17123 1130.829000 32.0322484822824407047 -0.111082489665320596761 15.4101673753165275826
17124 1130.834000 32.0323086559108389793 -0.111081579689034010139 15.4101595893271152704
17125 1130.839000 32.0323690100359712574 -0.11108058872340835499 15.4101515233537291749
17126 1130.844000 32.0324301428822053595 -0.111079723256618204119 15.4101434283981095774
17127 1130.852000 32.0325279188836518074 -0.111078058204589574798 15.4101301546534923403
17128 1130.861000 32.0326388304498905768 -0.11107614467215902454 15.4101149373208645699
17129 1130.870000 32.032749840569351818 -0.111073939603725246883 15.4100991962276214764
17130 1130.878000 32.0328493467498560676 -0.111072045705647506897 15.4100849737676135476
17131 1130.887000 32.0329616707796134278 -0.111069847114197067794 15.410068659741666508
17132 1130.897000 32.0330882520870900976 -0.111067818335105511496 15.4100506960951317836
17133 1130.906000 32.0332021801610977718 -0.111065844727798360148 15.4100343729130546677
17134 1130.916000 32.0333299699675535521 -0.111063915273765509428 15.4100161911929340874
17135 1130.925000 32.0334461136954971039 -0.111062432073589345549 15.4100002004043670212
17136 1130.935000 32.0335751679077986864 -0.111060601701061037461 15.4099823162219298212
17137 1130.944000 32.0336929243230130737 -0.111059313817984534056 15.4099665295315428892
17138 1130.954000 32.0338243369190536214 -0.111057831197076448126 15.4099493163007021934
17139 1130.963000 32.0339430493856553994 -0.111056386979101570645 15.4099337529157871529
17140 1130.972000 32.0340630237773709155 -0.111055101018962987247 15.4099184628069796332
17141 1130.981000 32.034183658691674168 -0.111053757782886799999 15.4099034247317359103
17142 1130.991000 32.0343175111138052102 -0.111051848612192596844 15.4098865208883619715
17143 1131.000000 32.0344393910453462126 -0.111050305490315345813 15.4098714935186116293
17144 1131.009000 32.0345618322161911351 -0.111048682006151741564 15.4098566271472154909
17145 1131.018000 32.0346842232436301856 -0.111046779699756098525 15.4098416103819957357
17146 1131.027000 32.034807099279710485 -0.111044816233533044647 15.4098264559787541117
17147 1131.036000 32.0349310450598849798 -0.11104301769576176151 15.4098113971375934028
17148 1131.043000 32.0350272780513165571 -0.111041445194515711603 15.4097996492336015706
17149 1131.051000 32.0351379337835524552 -0.111039767559347649084 15.4097861880532498446
17150 1131.059000 32.0352489646195692785 -0.111038116997366376193 15.4097726853462511087
17151 1131.068000 32.0353746058211896752 -0.11103640296520275732 15.4097574484986559185
17152 1131.077000 32.0355007383923435782 -0.111034761201399073682 15.4097423003467053348
17153 1131.086000 32.0356267796258578073 -0.111032985316301568979 15.4097269604667470588
17154 1131.096000 32.0357676899699583828 -0.111031190513213931514 15.4097097629243364736
17155 1131.105000 32.0358953343727037577 -0.111029747207676596221 15.4096945108528249335
17156 1131.114000 32.0360228938107098884 -0.111028146349571879559 15.4096790912265380058
17157 1131.124000 32.0361654910637696503 -0.111026500985329401594 15.4096618332616301927
17158 1131.132000 32.0362800090080384052 -0.111025199469530419516 15.4096481253874806328
17159 1131.141000 32.0364095828994095427 -0.111023833322621195974 15.4096328445669108476
17160 1131.150000 32.0365390447782587557 -0.111022243792787148053 15.4096174197430375585
17161 1131.159000 32.0366689364536654239 -0.111020616225351115292 15.4096018873025268903
17162 1131.169000 32.0368146773824449269 -0.111019071714258468764 15.4095849272105596128
17163 1131.176000 32.0369163044888622949 -0.111017713254520922206 15.4095728280295194423
17164 1131.184000 32.0370330858023990572 -0.111016247077487639761 15.4095591693285793866
17165 1131.192000 32.0371501755201251171 -0.111014748210560676434 15.4095455221966126658
17166 1131.201000 32.0372825519810717765 -0.111013133527220864138 15.4095303214383907431
17167 1131.209000 32.0374002633044767663 -0.111011583054089424394 15.4095166983767608571
17168 1131.218000 32.0375327421562872132 -0.111009725992076452306 15.4095013732375782922
17169 1131.226000 32.0376510367599252049 -0.111008156697338392083 15.4094877715944651442
17170 1131.232000 32.0377399156042699246 -0.111006974071589409325 15.4094774492949770917
17171 1131.237000 32.0378144014260044514 -0.11100610249294361187 15.4094690948278767451
17172 1131.243000 32.0379029862676603102 -0.111004737984859713773 15.409458766031406185
17173 1131.251000 32.0380220917884273035 -0.111003198499348809669 15.4094451868397523953
17174 1131.261000 32.038171905054937838 -0.111001501152629494795 15.4094283592206870992
17175 1131.270000 32.0383062717212609982 -0.1109997258973836054 15.409413078823408938
17176 1131.278000 32.0384262195564630815 -0.110998257810897962838 15.4093995068975679885
17177 1131.287000 32.0385611561909087186 -0.110996528543419417656 15.4093841075716664335
17178 1131.297000 32.0387123555058508373 -0.110994945257294100327 15.4093672761665700932
17179 1131.306000 32.0388479582935303824 -0.11099326031524694991 15.4093519829198530857
17180 1131.315000 32.0389838430175331041 -0.11099158008805404263 15.4093365646947404457
17181 1131.324000 32.0391206044474472492 -0.110990099461786284607 15.4093212689370631097
17182 1131.334000 32.0392726046503284465 -0.110988352040770302254 15.4093043874936483917
17183 1131.343000 32.0394093920390616859 -0.110986661351537160836 15.4092889421267500438
17184 1131.352000 32.0395470361251000213 -0.110985154345443551294 15.4092736203746287771
17185 1131.362000 32.0396999908303143911 -0.110983363429146400514 15.4092567136602056621
17186 1131.370000 32.0398225730104115883 -0.110981910156870242079 15.4092430834163227615
17187 1131.379000 32.0399604175429004727 -0.110980157985835770074 15.4092276189126646813
17188 1131.388000 32.0400990861829058076 -0.110978588163838085001 15.4092122861629494679
17189 1131.397000 32.0402380032870297555 -0.110977016380379614469 15.4091970926734891378
17190 1131.405000 32.0403614148628221869 -0.110975519072331552106 15.4091834683619275381
17191 1131.414000 32.0405001833221660945 -0.110973732467543440006 15.4091681354630054557
17192 1131.424000 32.0406549173369370465 -0.110971846704357696156 15.4091509942428750435
17193 1131.433000 32.0407947082912798464 -0.110970262864764968036 15.4091358286043877968
17194 1131.442000 32.0409341294794316468 -0.110968482084259481568 15.4091205211890880378
17195 1131.451000 32.041073731228848942 -0.11096670377598642776 15.409105104477207604
17196 1131.460000 32.0412141088849509174 -0.110965130665193423276 15.4090898257232336022
17197 1131.469000 32.0413546909514366234 -0.110963576197488839048 15.4090746888035781126
17198 1131.477000 32.0414795486614707443 -0.110962108604065509687 15.409061113939106491
17199 1131.486000 32.0416199090934199489 -0.110960367321876279822 15.4090458326123957988
17200 1131.494000 32.0417450743402980606 -0.110958911259617543088 15.4090322601733902275
17201 1131.503000 32.0418857551541478301 -0.11095717532050573817 15.4090168614742371034
17202 1131.511000 32.0420112161567871567 -0.110955725083394740604 15.4090032866283923596
17203 1131.520000 32.0421528030009525878 -0.11095418889665337181 15.4089880142685036191
17204 1131.530000 32.0423100187905305347 -0.110952382374264954534 15.4089711653048109241
17205 1131.539000 32.0424513709000891026 -0.110950644770221817925 15.4089557544058646243
17206 1131.548000 32.0425934599036139616 -0.110949099696603548093 15.4089404712215056747
17207 1131.557000 32.0427357131878807195 -0.110947559366744427645 15.4089253217439008381
17208 1131.566000 32.0428775391340892043 -0.110945811611235858885 15.4089100203238196229
17209 1131.575000 32.0430194876915948043 -0.110944053873925377318 15.4088946010406253606
17210 1131.584000 32.0431621535168531523 -0.110942488119017468318 15.4088793132525534446
17211 1131.593000 32.0433049641072713598 -0.110940928119997520018 15.408864163442441253
17212 1131.600000 32.043415603037828987 -0.110939526584048694935 15.4088521358027108477
17213 1131.605000 32.0434951825412426274 -0.110938703982688097183 15.4088437832200266797
17214 1131.611000 32.0435897963033724523 -0.110937391224976880655 15.4088334548304644045
17215 1131.617000 32.0436856173801984937 -0.11093647690863259192 15.408823409373479052
17216 1131.626000 32.0438283006729562885 -0.110934708803426290702 15.4088081221140402732
17217 1131.635000 32.0439710773760708662 -0.110932936704817311502 15.4087927219353453268
17218 1131.643000 32.0440983466003714852 -0.110931453363678961255 15.4087791509376135224
17219 1131.652000 32.0442419066383763493 -0.110929881156977716561 15.4087638892552298842
17220 1131.661000 32.0443855819353515813 -0.110928320909365607516 15.4087487672970055996
17221 1131.669000 32.0445131146488222385 -0.110926842824335611382 15.4087352047627046403
17222 1131.677000 32.0446407236709163158 -0.110925366323527160861 15.4087216439203569252
17223 1131.686000 32.0447840932479905973 -0.110923609469443990028 15.4087063777521198205
17224 1131.695000 32.0449275343948727368 -0.110921849179293083298 15.4086909953780164528
17225 1131.703000 32.0450553763081771308 -0.110920375773800455876 15.4086774371529848793
