20271 1444.987000 -0.335573078709428485045 -0.0177197371599204234194 -0.0489433698439587019924 -0.0151311368201427608876 -0.0240608526051463260387 0.9995959804193109699 3.03837979401978097727
20272 1444.995000 -0.3355705887802195031 -0.0177165557408564405817 -0.0489450511701251880781 -0.0151394965956640394772 -0.0240645506178424131716 0.999595764820155219255 3.03837423883303436867
20273 1445.004000 -0.335567735258059773873 -0.0177127638684187668772 -0.0489466056909804020369 -0.0151468815824076282611 -0.0240680965536681917838 0.999595567570511045474 3.03836624256886134177
20274 1445.013000 -0.335564947569027216545 -0.0177088095304915003891 -0.0489477751319837145472 -0.0151519966586822468074 -0.0240712068429495933131 0.999595415154741040453 3.03835665548964461991
20275 1445.022000 -0.335562327005154203974 -0.0177047591368231019282 -0.0489485597996500640394 -0.0151549266401730386988 -0.0240740791403431034223 0.999595301565626259688 3.03834582378925333046
20276 1445.031000 -0.33555994977489861375 -0.0177006838518509804214 -0.0489489801581842742806 -0.0151558921718584899141 -0.0240768804339501242551 0.999595219456878014697 3.03833415803848971848
20277 1445.040188 -0.335557869205096892529 -0.0176966588078012188046 -0.0489490668755284824565 -0.0151551788730288888168 -0.0240797444366577413633 0.999595161283402866559 3.03832210841409544599
20278 1445.050000 -0.335555945074081041213 -0.0176923369797584405239 -0.0489488129622732554003 -0.0151527908583061962644 -0.0240831169192911032084 0.999595116238898184768 3.03830882745054342564
20279 1445.059000 -0.33555457789270737301 -0.0176886593002587577672 -0.048948305635620331655 -0.0151495421915382229988 -0.0240863829746623715755 0.999595086785936892682 3.03829744504171195274
20280 1445.068000 -0.335553553785873426296 -0.0176852438330175054659 -0.0489475681440057208693 -0.01514556443957410653 -0.0240898791075604724876 0.999595062814132573337 3.03828699224664244838
20281 1445.077000 -0.335552855373136005301 -0.0176821345990149439431 -0.0489466349244150056297 -0.0151411526691544676831 -0.0240935745931689475341 0.999595040583521998734 3.03827776135595861717
20282 1445.086000 -0.335552451768358406259 -0.0176793580529615822206 -0.0489455450157155746993 -0.0151365951322784946659 -0.0240974039871293711779 0.999595017298947285944 3.03826994733460908904
20283 1445.095000 -0.335552300171062356515 -0.0176769220975126969964 -0.0489443444621898357538 -0.0151321689114692990025 -0.024101276461047368288 0.999594990952327067113 3.03826364072969479224
20284 1445.104000 -0.335552348052211013574 -0.0176748167790405710798 -0.0489430873105467095785 -0.0151281314576708555975 -0.0241050872941674133865 0.999594960173939783843 3.03825882950580883346
20285 1445.113000 -0.335552536011071322886 -0.0176730164567147143839 -0.0489418347421877036885 -0.0151247092940531725064 -0.0241087298155229015628 0.999594924114489802314 3.03825540892280931971
20286 1445.122000 -0.335552801212388562835 -0.0176714831166172245402 -0.0489406523276196825378 -0.0151220859963594033565 -0.0241121061907524011914 0.999594882364933212671 3.0382531979353086804
20287 1445.129000 -0.335553020770651633242 -0.0176704456149314528823 -0.04893982335930481542 -0.0151206833366321433815 -0.0241144959099774749967 0.999594845936312981216 3.0382521645374622743
20288 1445.137000 -0.335553270232909428561 -0.017669440121477652389 -0.0489390060399229470667 -0.0151197760902778526038 -0.0241169194644654041881 0.999594801190224480081 3.03825176014093578658
20289 1445.146000 -0.335553436191189879967 -0.0176685503354470155313 -0.0489383825356139307017 -0.0151197399480998296434 -0.0241191078804955452708 0.999594748935262567002 3.03825180771932057411
20290 1445.154000 -0.335553518537346218142 -0.0176675736696282337235 -0.0489379327409577430386 -0.015120579137600320338 -0.0241209718554871617446 0.999594691264059420632 3.03825178244990379284
20291 1445.164000 -0.33555341691155077255 -0.0176665498766229271677 -0.0489377830267134703024 -0.0151225717034917921805 -0.0241226073946413446802 0.99959462165297618963 3.03825181582522496626
20292 1445.173000 -0.335553147160880027577 -0.0176656418200052713063 -0.0489379590990209473178 -0.0151251440574733959227 -0.0241236644456095973565 0.999594557223555724157 3.03825162858246589082
20293 1445.182000 -0.335552704606801921461 -0.0176647242711056411124 -0.0489384157306400266463 -0.0151282440077952374385 -0.0241243412519716142473 0.999594493978632869791 3.03825110406868903468
20294 1445.191000 -0.335552099157003125285 -0.0176637844457506430762 -0.0489391147004371168672 -0.0151316805700538997009 -0.024124718844581553856 0.999594432849541192354 3.03825015100927808831
20295 1445.201000 -0.335551268797666002452 -0.017662717534400268482 -0.0489401073759234417349 -0.0151356130997009636491 -0.0241248565035829636016 0.999594369989536102317 3.03824857273312698425
20296 1445.210000 -0.335550497454792873153 -0.0176618716941262625386 -0.0489410565646849274324 -0.0151387466031604068367 -0.0241247983098867961604 0.999594323942364471058 3.03824701423681009516
20297 1445.218000 -0.335549584453343208157 -0.017660851427360589605 -0.0489420781866407722527 -0.0151418618966057891284 -0.0241247097795232456896 0.999594278893370824512 3.03824474994415361095
20298 1445.227000 -0.335548639971320894482 -0.0176598669353498112511 -0.048943121462357713769 -0.0151446043322114899665 -0.0241245809756921690548 0.999594240455780158605 3.0382423029136749193
20299 1445.236000 -0.335547708932284527439 -0.0176589036946753416557 -0.0489440831596589728814 -0.0151467913964166579072 -0.0241244852741791561412 0.999594209627411522945 3.03823974960636711273
20300 1445.245000 -0.335546833896666896191 -0.0176579764533210253896 -0.0489449023110014036497 -0.0151483464899105895601 -0.0241244792913552393021 0.999594186206353763069 3.03823718722640556678
20301 1445.254000 -0.335546046717785040325 -0.0176570970340398300524 -0.0489455408251276563592 -0.0151492498710276667084 -0.024124597499614038737 0.999594169662782028318 3.03823474982698327196
20302 1445.264000 -0.335545317154528344172 -0.0176562054882191468708 -0.0489460034219785927734 -0.0151494833303756244736 -0.0241248806986646552319 0.999594159289707739902 3.0382323859042377201
20303 1445.273000 -0.335544781411746040334 -0.0176554497694734052748 -0.0489462014874500611628 -0.0151491698983735982587 -0.0241253631153040791479 0.99959415239683380161 3.03823055698830968296
20304 1445.282000 -0.335544376508362163225 -0.0176547502965597527536 -0.048946198957792536044 -0.015148431856667249687 -0.0241260280784054668979 0.999594147532609222928 3.03822907742736436632
20305 1445.291000 -0.335544102437956459628 -0.0176541143837268925398 -0.0489460234205702365839 -0.0151473676769039149875 -0.0241268271492459281113 0.999594144372690340816 3.03822802817050163782
20306 1445.300000 -0.3355439375690184578 -0.0176535206340824035731 -0.0489457147549679505438 -0.0151461408572625792768 -0.0241277530563534757524 0.999594140613871195988 3.03822734235187841279
20307 1445.309000 -0.335543858604139932922 -0.0176529566337687848776 -0.0489453200355221551554 -0.0151448921005062162731 -0.0241287640326634175714 0.999594135131614325296 3.03822697890210680072
20308 1445.318000 -0.335543832744818248948 -0.0176524015974293090048 -0.0489448907667829891111 -0.0151437963659586446313 -0.0241298628977614018631 0.999594125206906936043 3.03822684839047774119
20309 1445.328000 -0.335543848935932698119 -0.0176517996541063482141 -0.0489444215513082370173 -0.0151428348660519514896 -0.0241310916820444212871 0.999594110109924605112 3.03822691307283498929
20310 1445.337000 -0.335543861540098742324 -0.017651246054982857453 -0.0489440593230428197535 -0.0151423078970503756369 -0.0241321612856785806811 0.999594092271074319278 3.03822705288313521521
20311 1445.346000 -0.335543860718317987768 -0.0176506897295189146835 -0.0489437837282808430039 -0.0151421031124966860848 -0.0241331151471055535551 0.999594072344682893494 3.03822722592244653939
20312 1445.354000 -0.335543812049351464211 -0.0176501629647014407487 -0.0489436364901413983874 -0.0151423023964229342547 -0.0241339334717120372609 0.999594049568782949677 3.03822727642940648707
20313 1445.363000 -0.335543717126003171458 -0.0176495661958621374854 -0.0489435814026935173127 -0.0151428067830388021764 -0.0241346741123021207853 0.999594024045874829376 3.0382272630024989013
20314 1445.372000 -0.335543543625049123236 -0.0176489263505647600572 -0.0489436582270332265487 -0.0151436932174772633658 -0.0241353157131521979528 0.999593995125601764151 3.03822700998557593266
20315 1445.380000 -0.335543345855237984399 -0.0176483626078102681656 -0.0489438195783892249224 -0.0151446561375444595926 -0.0241357264224558373811 0.999593970620339500321 3.0382267110909575436
20316 1445.389000 -0.335543046075812201323 -0.017647687357453943624 -0.0489441037534119050001 -0.0151459822742905283327 -0.0241361028008783284893 0.999593941439488875567 3.03822609436344936995
20317 1445.398000 -0.335542700133673876817 -0.0176470212180015774417 -0.0489444643512710608757 -0.0151473902511376073976 -0.0241363352445975488936 0.999593914492050372722 3.03822537835582950905
20318 1445.406000 -0.335542349490948743629 -0.0176464175141065673924 -0.0489448332779287842431 -0.0151486804023773791172 -0.0241364597294769292479 0.9995938919350169094 3.03822457619971109111
20319 1445.416000 -0.335541914362590343313 -0.0176457482387909238286 -0.0489452981972515119291 -0.0151501460318588260928 -0.0241365451486489183963 0.999593867660011459186 3.03822361088021253295
20320 1445.425000 -0.335541419419042696859 -0.0176449880380016438375 -0.048945779785060192224 -0.0151515821161791967159 -0.0241365884274933883979 0.9995938448482255545 3.03822237694129260177
20321 1445.434000 -0.335540964580361644742 -0.0176443224443124865863 -0.0489462071768519829673 -0.015152765445431136751 -0.0241366498957906773504 0.999593825426689841507 3.03822125811669740969
20322 1445.443000 -0.335540519363100031569 -0.0176436693257586811601 -0.0489465960287756643443 -0.0151537615961070317588 -0.0241367258235500349584 0.999593808492233226737 3.03822015117542187923
20323 1445.452000 -0.335540101684044078656 -0.0176430411948856405435 -0.0489469289705736984586 -0.0151545359217295262655 -0.0241368335247950857592 0.99959379415260141144 3.03821914617343447063
20324 1445.462000 -0.335539665971678946477 -0.0176423484559021549745 -0.0489472286962838107338 -0.0151552118569243006452 -0.0241370740994701939164 0.999593778095626550595 3.03821807690995804307
20325 1445.471000 -0.33553931882891502303 -0.0176417514781636516896 -0.0489474289863696815361 -0.0151555982340492688409 -0.024137339741251196551 0.999593765823088675759 3.03821727478706593573
20326 1445.480000 -0.335539003905969968056 -0.0176411568069445370832 -0.0489475705428885354831 -0.0151558749075107173504 -0.0241377223221934458786 0.999593752389881906595 3.03821654875510605009
20327 1445.489000 -0.335538725129223391885 -0.0176405692031988761692 -0.0489476603705028129321 -0.0151560365266453171001 -0.0241381658450885647205 0.999593739229312050476 3.03821591800794665872
20328 1445.499000 -0.335538456755291703004 -0.017639927755681811955 -0.0489477101917114715279 -0.0151561283719874994452 -0.0241387304812918264407 0.999593724201749633806 3.03821535969908129715
20329 1445.508000 -0.335538238581225278789 -0.017639343288859000991 -0.048947727310882552243 -0.0151561985992362258102 -0.0241392924873498997129 0.999593709565156696151 3.03821489408046163661
20330 1445.517000 -0.335538043864334389887 -0.0176387638682253336531 -0.0489477282901373267343 -0.0151562592770769725276 -0.0241398631193849681764 0.999593694864720161419 3.03821451226476257901
20331 1445.525000 -0.335537878366577613232 -0.0176382382036371562761 -0.0489477283462291662408 -0.0151563589292263902614 -0.0241403831899835129293 0.999593680794075956086 3.03821415755940105186
20332 1445.535000 -0.335537682687783445079 -0.0176376287004588461205 -0.0489477393152568246437 -0.0151565843912193909393 -0.0241410129260729577894 0.999593662167030272414 3.03821372977030845774
20333 1445.544000 -0.335537474598924023717 -0.0176369441615920226341 -0.0489477702433455952313 -0.0151568920394181943373 -0.0241416398596287218314 0.99959364236103143142 3.03821323479495930542
20334 1445.553000 -0.335537279134678512182 -0.0176363232708109593516 -0.0489478217785149910535 -0.015157243481761539447 -0.0241421514379038977538 0.999593624676540115637 3.03821275921007583065
20335 1445.562000 -0.335537066173408116132 -0.0176356823754851461949 -0.0489479020243853146788 -0.0151577117936139999649 -0.0241426477451491608428 0.999593605588308897758 3.03821217637606721951
20336 1445.571000 -0.33553683335384409947 -0.0176350283879925621988 -0.0489480159174450341064 -0.0151582543420285854874 -0.0241430792685337798631 0.999593586938579470313 3.03821153634689089529
20337 1445.580000 -0.335536584571144880229 -0.0176343651150461452892 -0.0489481539669498755263 -0.0151588848595388264728 -0.0241434977444706724836 0.999593567269456806379 3.03821081283055205446
20338 1445.590000 -0.335536294825077519022 -0.0176336272132386999434 -0.0489483338414581081732 -0.0151596126994084680339 -0.0241438863238038932402 0.999593546845910396748 3.03820996239042306897
20339 1445.598000 -0.335536049156232363266 -0.0176330294445713221807 -0.0489484969236734374087 -0.0151602270120069111681 -0.0241441645132917104277 0.99959353080984847395 3.0382092144161694236
20340 1445.604000 -0.335535855481642997233 -0.0176325771326126326533 -0.0489486285897681797086 -0.0151607080173082973268 -0.024144372083591752326 0.9995935185009470203 3.03820863996361856252
20341 1445.610000 -0.335535693642392884861 -0.0176322084895745231914 -0.048948745012122249487 -0.0151611040896276784429 -0.0241445270119785629359 0.999593508751508208476 3.03820816097604939898
20342 1445.615000 -0.335535494374917808713 -0.0176317495554583134054 -0.0489488779748495916877 -0.0151615752965801840746 -0.0241447233863908913842 0.999593496861159502842 3.03820754692498740113
20343 1445.621000 -0.33553532850338912974 -0.0176313807029051944353 -0.0489489973964096769521 -0.015161963326189660875 -0.0241448727093761007778 0.999593487368711897112 3.03820705495635312587
20344 1445.630000 -0.335534995997284313241 -0.0176306283687645906633 -0.0489492226433088928328 -0.0151626904097174729918 -0.0241451666790118077421 0.999593469239161147577 3.03820603954852375139
20345 1445.640000 -0.335534683896998586761 -0.0176299448254882765164 -0.0489494332096625586748 -0.015163380894346016256 -0.0241454920677743288537 0.999593450905245761717 3.03820510357910267274
20346 1445.649000 -0.335534356489889162845 -0.0176292056722977402705 -0.0489496436043270477523 -0.0151640438545782990643 -0.024145838841602200453 0.999593432471728271516 3.03820414346554423801
20347 1445.659000 -0.335534036398108637123 -0.0176284726569886501801 -0.0489498437190762011872 -0.0151646594214455664174 -0.0241462048936864036308 0.999593414290962378743 3.03820321782084246109
20348 1445.668000 -0.335533751353993769939 -0.0176278093685326500695 -0.0489500123779127854773 -0.0151651894360471575091 -0.0241465686360824230428 0.999593397463424571114 3.0382023892239686802
20349 1445.678000 -0.335533449509392012189 -0.0176270831721033124917 -0.0489501843430209804264 -0.0151657256592961468822 -0.0241469844337351205454 0.999593379283788552314 3.03820153001066906029
20350 1445.687000 -0.335533181805389768559 -0.0176264244639027546635 -0.0489503277704308736862 -0.0151661945250119410689 -0.0241473897581157941061 0.999593362378672023461 3.03820075649597765022
20351 1445.697000 -0.335532898758304887199 -0.01762570123946038958 -0.0489504736422715358568 -0.0151666768832602518596 -0.0241478441236546680082 0.999593344083732016081 3.0381999468922193941
20352 1445.707000 -0.335532621860413216019 -0.0176249751166575110983 -0.0489506117013775304825 -0.0151671424835532440978 -0.0241482986406643153343 0.999593326038967111558 3.03819914077505037753
20353 1445.716000 -0.335532375563452889278 -0.017624314822376949824 -0.0489507309806902976557 -0.0151675800741848977593 -0.0241487360266202585879 0.999593308832652072127 3.03819839219657250595
20354 1445.726000 -0.33553210763177004905 -0.0176235820204411267054 -0.0489508606668902293557 -0.0151680424975607925503 -0.02414918868940212765 0.99959329088006376729 3.03819757656007549684
20355 1445.736000 -0.335531833177152460923 -0.017622834278026872773 -0.0489509939557123269216 -0.0151685526392646933408 -0.0241496675530937163212 0.999593271569944485933 3.03819671715811479018
20356 1445.746000 -0.3355315882492507229 -0.0176221592300406550147 -0.0489511146031532257128 -0.0151690304736215499787 -0.0241501046563091133212 0.999593253758537469977 3.03819592121358228454
20357 1445.755000 -0.335531319983197795498 -0.0176214091928870997261 -0.0489512471918223668332 -0.0151695424779130644266 -0.0241505443057168193988 0.999593235366640686657 3.03819502948139108511
20358 1445.765000 -0.335531046958934320301 -0.0176206514986805527767 -0.0489513884718774244798 -0.0151700707475152674758 -0.0241509642556200707086 0.999593217203397776949 3.03819410194900063615
20359 1445.775000 -0.335530764951122661977 -0.0176198789581910007784 -0.0489515366635480120294 -0.0151706493238392987194 -0.0241514088718731735617 0.999593197680234690772 3.03819310936029074455
20360 1445.785000 -0.335530486261003790815 -0.0176191116793089005976 -0.0489516884910282529253 -0.0151712118871523294478 -0.0241518171349456994834 0.999593179277927790238 3.03819212779265512836
20361 1445.795000 -0.335530227707278416727 -0.0176184086747555590513 -0.0489518345338436910996 -0.0151717456419655817579 -0.0241521860528671229729 0.999593162263049617167 3.03819118955029932039
20362 1445.804000 -0.335529943880879755191 -0.0176176361467020453633 -0.0489519936527206822596 -0.0151723197259765393841 -0.0241525799090477784337 0.999593144033045888364 3.0381901728987905642
20363 1445.812000 -0.335529704878695489434 -0.017617001397215434344 -0.0489521301796112529026 -0.0151728145220903828244 -0.0241529133633872281073 0.999593128465546709727 3.03818930862429725792
20364 1445.821000 -0.335529448901427329588 -0.017616307015804400643 -0.0489522789152658302503 -0.0151733362402936295538 -0.0241532704542517656643 0.999593111917895682517 3.03818840262094669313
20365 1445.829000 -0.335529216837446797594 -0.0176156823366817524845 -0.0489524128783829851064 -0.0151738077776156152221 -0.0241535952006283159699 0.999593096913145018334 3.03818756836293468737
20366 1445.835000 -0.335529065359804257174 -0.0176152779661168101821 -0.0489525038299155890176 -0.0151741221234100200077 -0.0241538040516713972683 0.999593087094752585919 3.03818699795313262868
20367 1445.844000 -0.335528777964961333335 -0.0176145056686577393401 -0.0489526689067165884928 -0.015174700596795879376 -0.0241542133819758336744 0.999593068422193309353 3.03818599084209362005
20368 1445.853000 -0.335528522309798959977 -0.0176138101854170989191 -0.0489528182707187758949 -0.0151752012547033705153 -0.0241545668508918488782 0.999593052280339122717 3.03818508778335383269
20369 1445.862000 -0.335528262794666298774 -0.0176131067442736599649 -0.0489529668879277526927 -0.0151757296351371345072 -0.0241549594070963880021 0.999593034772693234125 3.03818415697583432689
20370 1445.871000 -0.335528035538256663717 -0.0176124829076272429451 -0.0489531006032505600079 -0.015176183057988273245 -0.0241552921402516593274 0.999593019848282970941 3.03818333112451410827
20371 1445.879000 -0.335527777278036787312 -0.0176117812124748050751 -0.0489532472391538964196 -0.0151766848316533548707 -0.0241556612876389943667 0.999593003309485639285 3.03818242177837660734
20372 1445.888000 -0.33552752144594016892 -0.0176110781856787038113 -0.0489533907259767919751 -0.0151772054271859645896 -0.024156066912378686834 0.999592985603013239881 3.03818149861848585402
20373 1445.898000 -0.335527244017306713886 -0.0176103037479241816832 -0.048953547005651673607 -0.0151777496801408923188 -0.0241564891009117856113 0.999592967136606280754 3.03818050013399920672
20374 1445.906000 -0.335527021511103029638 -0.0176096807913541687773 -0.0489536703974806780559 -0.0151781867748398448248 -0.0241568316024815543663 0.999592952222632225023 3.03817968810852923056
20375 1445.916000 -0.335526745585624119883 -0.0176089025383708366879 -0.0489538242650937038825 -0.0151787192796471025885 -0.0241572412108512664386 0.999592934237787944518 3.0381786727322332986
20376 1445.922000 -0.335526571771754378304 -0.0176084207650740315332 -0.0489539198174595152624 -0.0151790751328428428352 -0.0241575174218692616257 0.999592922158877406069 3.03817800865701359569
20377 1445.929000 -0.335526381732875023101 -0.0176079105321421854058 -0.0489540088503737993997 -0.0151794270962963637889 -0.0241578041989223592234 0.999592909883475932986 3.03817739957408372575
20378 1445.938000 -0.335526137573320504259 -0.0176071762591404300247 -0.0489541591776277984494 -0.0151799161737303754671 -0.0241581730614838438576 0.999592893541810800784 3.03817638335080397738
20379 1445.947000 -0.335525919027450436616 -0.0176065418980820009853 -0.0489542823618536321328 -0.0151803438788118000291 -0.0241584993916159271321 0.999592879159743930018 3.03817551947355335429
20380 1445.956000 -0.335525637906874174554 -0.0176057487389094380337 -0.0489544349478195292558 -0.0151809025012004817495 -0.0241589276401835834074 0.999592860325905663288 3.03817444982306694712
20381 1445.964000 -0.335525418082490256566 -0.0176051148066396906389 -0.0489545544798749010518 -0.0151813486076437971495 -0.0241592789445489175559 0.999592845060093826426 3.0381735875674653613
20382 1445.969000 -0.335525282192495388767 -0.0176047183663891847194 -0.0489546290025334313034 -0.015181614078495419759 -0.02415948120307971278 0.999592836139780338556 3.03817303825079676471
20383 1445.974000 -0.335525143448819285208 -0.0176043206577614422259 -0.0489547063823210087952 -0.0151818824999840618073 -0.0241596811762641132393 0.999592827229776381692 3.03817250453238019148
20384 1445.979000 -0.335525008336867380798 -0.0176039234542244640846 -0.0489547813514328716833 -0.0151821430857276788023 -0.0241598764185200799715 0.999592818553017736782 3.03817195122159899867
20385 1445.985000 -0.335524839451725842565 -0.0176034413515491414137 -0.0489548745961159575968 -0.0151824865554083688474 -0.0241601394023794775745 0.999592806979948567125 3.03817129064466850963
20386 1445.994000 -0.335524589637112624629 -0.0176027180835695747085 -0.0489550120278108569227 -0.015182993397397925861 -0.0241605299529398555303 0.999592789841887263691 3.03817028221703733237
20387 1446.000000 -0.335524422170093594708 -0.0176022343258094224328 -0.0489551076200668289218 -0.0151833175585052090883 -0.0241607621671999436841 0.999592779305361944786 3.03816960677898295629
20388 1446.008000 -0.335524230827671188226 -0.0176016688244749336389 -0.0489552167238003627103 -0.0151837052300060580678 -0.0241610585816172465656 0.999592766252189179887 3.03816881772335634082
20389 1446.014000 -0.335524034625400813248 -0.017601147201971069356 -0.0489553070075185864374 -0.0151840823574342885516 -0.0241613537506377984432 0.999592753389048627177 3.03816814218092368094
20390 1446.020000 -0.335523866916772217639 -0.0176006231327073131565 -0.0489554177074201513076 -0.015184443985995669385 -0.0241616186355543861863 0.999592741493127379115 3.03816735432738571632
20391 1446.026000 -0.335523706233054108683 -0.0176001475064479148691 -0.0489555085141628459899 -0.0151847519334381234751 -0.024161848629421583956 0.999592731255849575867 3.03816670623101181548
20392 1446.032000 -0.335523532779386624014 -0.0175996520262515325495 -0.0489556060412790483571 -0.0151851142427278148345 -0.0241621207155400287425 0.9995927191751463603 3.03816598681447302965
20393 1446.037000 -0.335523402438187456909 -0.0175992614140581850324 -0.0489556804842311149573 -0.0151853631290389621405 -0.0241623087067430568353 0.999592710850073840056 3.03816547018108851219
20394 1446.042000 -0.335523259325435418976 -0.0175988510508736997751 -0.0489557615509714494362 -0.015185666197638029648 -0.0241625386918623008548 0.999592700686683710565 3.03816488246071259027
20395 1446.049000 -0.335523069855418465401 -0.0175982918247518174693 -0.0489558685983178115686 -0.0151860439003934609425 -0.0241628275067870337822 0.999592687967220339118 3.03816411304930911186
20396 1446.057000 -0.335522851266693400429 -0.0175976481392026117001 -0.048955993542269440888 -0.0151864824741013565434 -0.0241631550362642125163 0.999592673386893837417 3.03816320776233306233
20397 1446.066000 -0.335522600976908946802 -0.0175969197837341564949 -0.0489561375998210646099 -0.0151869798615764852595 -0.0241635208285295131903 0.999592656987761785103 3.03816219560562128521
20398 1446.075000 -0.335522352224317810254 -0.0175961916981932989246 -0.0489562776848131361862 -0.0151874963695482617654 -0.0241639187399335826634 0.999592639521297621208 3.03816117104369709523
20399 1446.082000 -0.335522164036111458785 -0.0175956321365159963632 -0.0489563842029067108896 -0.0151878718863984636667 -0.024164206684314407797 0.99959262685500038792 3.03816039919703673178
20400 1446.087000 -0.335522051189269254756 -0.0175952973348418827138 -0.0489564518782757279736 -0.0151881080186703539686 -0.0241643804019916162706 0.999592619067688370471 3.03815990914297140435
20401 1446.094000 -0.335521833136785074814 -0.0175946598629873399156 -0.0489565722391611876652 -0.0151885426652461127256 -0.0241647121564140289485 0.999592604443482080079 3.03815902771797929915
20402 1446.103000 -0.335521592505726384825 -0.0175939401704228240431 -0.0489567097314724808399 -0.0151890136122501753779 -0.0241650641407507860148 0.99959258877832835033 3.03815803031943731938
20403 1446.111000 -0.33552137688249394909 -0.0175932950356578118867 -0.0489568330112510885499 -0.0151894414796745931551 -0.0241653841146882847335 0.999592574541310230352 3.0381571164428811116
20404 1446.119000 -0.335521151964069286322 -0.0175926389385477957572 -0.048956959178456341264 -0.0151899149076433759298 -0.0241657487405914431222 0.999592558532177766217 3.03815617942031357401
20405 1446.128000 -0.335520911874480354253 -0.0175919167009367695409 -0.0489570957136718637459 -0.0151903839894117782122 -0.0241661016921032763272 0.999592542870974654079 3.03815517199284901295
20406 1446.136000 -0.335520695680143532513 -0.0175912685764661076704 -0.0489572170689299909774 -0.0151908167624471308194 -0.0241664318590034329914 0.999592528312058803408 3.0381542498142475317
20407 1446.145000 -0.335520451586469814487 -0.017590535816470138919 -0.0489573545710417917798 -0.0151913147699014629277 -0.0241668135610004219949 0.999592511515502324393 3.03815319308399045539
20408 1446.154000 -0.335520204875299155045 -0.0175898006504703260933 -0.0489574951684078329972 -0.0151918020192406567209 -0.0241671752023551143773 0.999592495367060407396 3.03815214605068417697
20409 1446.163000 -0.335519989426212972283 -0.0175891419132775742029 -0.0489576179871910460717 -0.0151922498049127680658 -0.0241675258218137165023 0.999592480084517731598 3.0381511909164053975
20410 1446.172000 -0.335519720593453474322 -0.0175883374873200375166 -0.0489577672093779725504 -0.0151927746996597719947 -0.0241679218716617100204 0.999592462531270986581 3.0381500532585250518
20411 1446.181000 -0.335519476692810625362 -0.017587600535009212388 -0.0489579032204447428533 -0.0151932735451751430716 -0.0241683100272021000876 0.999592445564396303581 3.03814898592771465147
20412 1446.190000 -0.335519232075466855569 -0.0175868614328074310271 -0.0489580409601070715153 -0.0151937671742314768519 -0.0241686846200071248081 0.999592429004338645093 3.03814790640077392325
20413 1446.200000 -0.335518966045902089501 -0.0175860474903244412559 -0.0489581919595195938499 -0.0151942978249249103367 -0.0241690895302253787313 0.999592411148107706786 3.03814673473669349946
20414 1446.209000 -0.33551872076682770496 -0.0175853074556155813957 -0.0489583322062465686741 -0.0151947840850875752483 -0.0241694517122001163723 0.999592394999351374629 3.03814566779895356419
20415 1446.218000 -0.335518476825555800325 -0.0175845674269663604372 -0.0489584687654006089907 -0.0151952904241933837298 -0.0241698463650325927332 0.999592377759862094067 3.0381445877836807945
20416 1446.228000 -0.335518211153292833515 -0.0175837519536485853422 -0.0489586196680760060707 -0.0151958238292463736208 -0.024170255376731820951 0.999592359761305004895 3.03814341411581967378
20417 1446.237000 -0.335517967296733221616 -0.0175830104530774154747 -0.0489587571548588812442 -0.0151963190045149021401 -0.0241706341640127685133 0.999592343074326650232 3.03814232938064021639
20418 1446.246000 -0.335517730968026506311 -0.0175822793348365119526 -0.0489588923990234292649 -0.015196783385224730753 -0.024170984000301390382 0.999592327555188675525 3.03814128017297102602
20419 1446.256000 -0.33551745980399505509 -0.0175814529909162249599 -0.0489590457837561360277 -0.0151973451760383446163 -0.0241714155589051078732 0.999592308578592048107 3.03814006077161735675
20420 1446.265000 -0.335517225092634652217 -0.0175807220019490381691 -0.0489591815149459999579 -0.0151978021584567909302 -0.0241717559884485691524 0.999592293398657183445 3.0381390078279415512
20421 1446.274000 -0.335516974972702719526 -0.0175799697830770346174 -0.0489593224397208981458 -0.0151983288759546548291 -0.0241721600669530210792 0.999592275618952474936 3.03813788818950181181
20422 1446.284000 -0.335516710877940049773 -0.0175791534875151256312 -0.0489594735159750993336 -0.0151988658456807153307 -0.0241725710531009441162 0.999592257515877435914 3.03813670836626048555
20423 1446.293000 -0.335516475553866655446 -0.0175784210719498248943 -0.0489596085768800245996 -0.0151993297995102385339 -0.0241729210404916482202 0.999592241997713681911 3.03813565237632987603
20424 1446.303000 -0.335516205615987550548 -0.0175775931570740055754 -0.0489597609642077116754 -0.015199889737647059168 -0.0241733527729070044043 0.999592223042816585554 3.03813442452479431921
20425 1446.312000 -0.335515971258753320505 -0.017576860196537334724 -0.0489598954840605865568 -0.0152003510668761790403 -0.0241736996122197678183 0.999592207639946495057 3.03813336155307522901
20426 1446.322000 -0.33551570223793059089 -0.0175760315220582462314 -0.048960047877871087918 -0.0152009089504578729507 -0.0241741279609306788934 0.999592188797215674967 3.03813212547658340057
20427 1446.331000 -0.335515469412973443841 -0.0175752981688789312875 -0.0489601825799406628614 -0.0152013620622589475107 -0.0241744657255594068423 0.999592173738037992337 3.03813105642740444168
20428 1446.341000 -0.335515199147758069742 -0.0175744683342209072341 -0.0489603369357861292754 -0.0152019162014334682093 -0.0241748859982810898606 0.99959215514667509872 3.03812982899904593381
20429 1446.350000 -0.335514959072889584757 -0.0175737239641849812832 -0.0489604721337283110838 -0.0152024169988260668407 -0.0241752761648343153511 0.999592138094206772436 3.038128720688601625
20430 1446.360000 -0.335514697663927607962 -0.0175729035602997900323 -0.0489606212958600128804 -0.015202943613549782173 -0.0241756802399815569349 0.999592120312288723305 3.03812751469542652316
20431 1446.370000 -0.33551445793122181005 -0.0175721448673269164953 -0.0489607594307950033663 -0.0152034360531437644226 -0.0241760565186284713535 0.999592103722006353195 3.03812636261564872342
20432 1446.379000 -0.335514196956791410642 -0.0175713364174078477686 -0.0489609056662862335285 -0.0152039571486333770223 -0.024176458025298910165 0.999592086085305808751 3.03812518933406083832
20433 1446.389000 -0.335513935334670443389 -0.017570513488283059228 -0.0489610555081443493686 -0.0152044771414437847323 -0.0241768501680869399295 0.999592068691426360871 3.03812396985279109529
20434 1446.398000 -0.335513698400852711234 -0.0175697684403575069001 -0.0489611904406864056893 -0.0152049658918823535347 -0.0241772273348930151482 0.999592052134581465772 3.03812284876143356982
20435 1446.408000 -0.335513438023036014712 -0.017568945517562970654 -0.0489613401580187568296 -0.0152054800832162450436 -0.0241776142271144245388 0.999592034955122832329 3.0381216290005395031
20436 1446.418000 -0.335513192292645645587 -0.0175681750648764532785 -0.0489614813250907054965 -0.0152060032342863742094 -0.0241780165375373966297 0.99959201726601909499 3.03812043789213337419
20437 1446.427000 -0.335512932313872580536 -0.0175673667192648985669 -0.0489616276797366495321 -0.0152065282698962706692 -0.0241784225043862911753 0.999591999459367386294 3.03811926310651880812
20438 1446.437000 -0.335512673370933489636 -0.0175665444787466429322 -0.0489617759221216003462 -0.0152070517465919576028 -0.0241788251735713943802 0.999591981755757363892 3.03811804331095292042
20439 1446.446000 -0.335512435544641884899 -0.0175657970697017315476 -0.0489619109033290755839 -0.015207537681863524115 -0.024179198184028478924 0.999591965340274501983 3.03811691727111243821
20440 1446.456000 -0.335512177358955498985 -0.0175649748123609741879 -0.0489620587423372360947 -0.0152080597634419740355 -0.0241795995469867575078 0.99959194768864489955 3.03811569463016484249
20441 1446.466000 -0.33551191819018760798 -0.0175641509504479917392 -0.0489622078253820827709 -0.0152085769268584247715 -0.0241799894909407453447 0.999591930387634719501 3.03811446384307970447
20442 1446.475000 -0.335511683441775565573 -0.0175634052196430925918 -0.0489623420815658433325 -0.015209063091497979428 -0.0241803644694453603869 0.999591913919877339545 3.03811333282734086225
20443 1446.485000 -0.335511425458781042952 -0.0175625816473059005729 -0.0489624910344803043749 -0.0152095743109232472284 -0.0241807487469748658149 0.999591896845565708318 3.03811210208611237604
20444 1446.494000 -0.335511181492273324878 -0.0175618239370803619348 -0.0489626291046265232909 -0.0152100907909843239413 -0.0241811470145745048554 0.999591879352363155142 3.03811094054514141405
20445 1446.504000 -0.335510924186758208165 -0.0175610017274986304758 -0.0489627770071636644889 -0.0152106164260995928295 -0.0241815517536481880412 0.999591861562870054314 3.03810971485130920655
20446 1446.514000 -0.335510667519183514163 -0.0175601788808981557066 -0.0489629243647604003864 -0.015211136454514610078 -0.0241819516207052408185 0.999591843976118110682 3.03810848342318928772
20447 1446.523000 -0.335510431709540368761 -0.0175594308963485830344 -0.0489630585044115718141 -0.0152116191419922573702 -0.0241823221586320476206 0.999591827666720722512 3.038107346682137333
20448 1446.533000 -0.335510175736752402909 -0.0175586079690687527077 -0.0489632053611777640079 -0.0152121374763134389191 -0.0241827208726487358215 0.99959181013281483974 3.03810611197826352381
20449 1446.542000 -0.335509941018010793279 -0.0175578600901007512991 -0.0489633396768844181279 -0.0152126179126795060825 -0.0241830865205323909672 0.999591793975212361545 3.03810496841138277802
20450 1446.552000 -0.335509685975404536862 -0.0175570370832020053453 -0.0489634867215547747721 -0.0152131333969555988112 -0.0241834811378081326882 0.999591776582972713072 3.03810372722338595253
20451 1446.562000 -0.335509430172187761432 -0.0175562128790202991169 -0.0489636345932445149476 -0.0152136406389592523242 -0.0241838631731350790777 0.999591759620162112476 3.03810248469061106036
20452 1446.571000 -0.335509188172256445082 -0.0175554546679435007073 -0.0489637716787531748763 -0.0152141535326169186765 -0.0241842595306408052191 0.999591742224414603335 3.03810131287058515781
20453 1446.581000 -0.335508933063631997751 -0.0175546320120083948479 -0.0489639184858778331311 -0.0152146752076155397648 -0.0241846622450022502582 0.999591724540785708797 3.03810007626522438073
20454 1446.591000 -0.335508678608748944772 -0.0175538088624924738801 -0.0489640647552276458976 -0.0152151913248789460997 -0.0241850601549090521436 0.999591707057561951189 3.03809883453933027297
20455 1446.600000 -0.335508444805311001335 -0.0175530607467560099966 -0.0489641979278650427143 -0.0152156705486703926894 -0.0241854289583393472496 0.99959169083974253045 3.03809768910105448825
20456 1446.610000 -0.335508191077079298559 -0.0175522378429288916646 -0.0489643437293915545494 -0.0152161851062833676507 -0.0241858257420210810695 0.999591673406690750525 3.03809644538071621511
20457 1446.619000 -0.335507958389578475611 -0.0175514901397061315325 -0.0489644771146347385082 -0.0152166622087858416368 -0.0241861896234687005769 0.999591657339496397761 3.03809529425590385543
20458 1446.629000 -0.335507705611727158335 -0.0175506674947457225189 -0.0489646231479095098149 -0.0152171740571659525054 -0.024186582222591148511 0.999591640048126728324 3.03809404523622994532
20459 1446.639000 -0.335507472716606580665 -0.0175499050008180862426 -0.0489647610706767169586 -0.0152176467750007992502 -0.0241869343232297417945 0.999591624331994221819 3.03809286442697645825
20460 1446.648000 -0.335507475609314043119 -0.0175497850932282879743 -0.0489647845225016087323 -0.0152176833860474241406 -0.0241869598907946299626 0.99959162315597815951 3.0380925123693827139
20461 1446.658000 -0.335506959255823522525 -0.0175482643161097504048 -0.0489650520912844194887 -0.0152187056177787959077 -0.0241877570261619205538 0.999591588304624911743 3.03809037409292903575
20462 1446.668000 -0.335506962842878175834 -0.0175481262686335709455 -0.0489650774195213439599 -0.0152187457050848694989 -0.0241877824554039139171 0.999591587078970000846 3.03808996687898913436
20463 1446.677000 -0.335506475229940925864 -0.0175466947774253340109 -0.0489653297397932285584 -0.0152196943446899699004 -0.0241885192586660073555 0.999591554806325555127 3.03808797489216120269
20464 1446.687000 -0.335506251225773821645 -0.0175459444026644616199 -0.0489654623712894587761 -0.0152201434926691782368 -0.0241888600199751044317 0.999591539721598643098 3.03808681950468661981
20465 1446.694000 -0.335506049605196143837 -0.0175452987582739999839 -0.0489655765902151790536 -0.015220544876328956363 -0.0241891646024712386742 0.999591526239344441152 3.03808584439266793353
20466 1446.700000 -0.33550589407681707943 -0.0175448010638325005428 -0.0489656657256834423886 -0.0152208705089968560076 -0.024189417359974037941 0.999591515164436117402 3.03808508751834516204
20467 1446.706000 -0.335505742339719803535 -0.0175443045590931087641 -0.0489657522266760680818 -0.0152211876742331542883 -0.0241896654018585420542 0.999591504332410840661 3.0380843132766486292
20468 1446.712000 -0.335505587905177260488 -0.0175438075095016784988 -0.0489658413787709412279 -0.0152215071741016293866 -0.0241899112326441692589 0.999591493518179885491 3.03808355705951171899
20469 1446.719000 -0.335505412657284562972 -0.0175432329339641687738 -0.0489659421658488400175 -0.0152218540948216470021 -0.0241901746827946906304 0.999591481859830599532 3.03808268014108184829
20470 1446.725000 -0.335505252872408843423 -0.0175427254231935447759 -0.0489660335015706868478 -0.0152221942672348675707 -0.0241904350774012101566 0.999591470378002222574 3.03808187401022955498
20471 1446.730000 -0.335505133900143082126 -0.0175423249183268709084 -0.0489661026735102658525 -0.0152224245245963177992 -0.0241906131738433907707 0.999591462561513988128 3.03808128513521236158
20472 1446.739000 -0.33550490589084680515 -0.0175415804090178276131 -0.0489662338341401437436 -0.0152228992781267054996 -0.0241909810770010863523 0.999591446428039542837 3.03808012875906330308
20473 1446.748000 -0.335504675239256477948 -0.017540834736421487966 -0.0489663682312015194342 -0.0152233635483678807904 -0.0241913287664306253522 0.999591430943057246417 3.03807898634573669838
20474 1446.757000 -0.335504445884624635799 -0.0175400896330435776549 -0.0489664987885257071976 -0.0152238474315636498208 -0.0241917087213449483185 0.999591414378155906917 3.03807783209397719304
20475 1446.767000 -0.335504196357141459828 -0.0175392690831405080598 -0.0489666428523053837152 -0.015224355384473338762 -0.0241921012821469036402 0.99959139714119260578 3.03807657717410206644
20476 1446.776000 -0.335503966968282052452 -0.0175385234529499660361 -0.0489667740396798403801 -0.0152248272498565657973 -0.0241924652467813729173 0.999591381145563562249 3.03807542027153321129
