20534 1444.963000 23.042185946405655983 -0.0738141231954654725156 4.22523064633085798647
20535 1444.971000 23.0420421082482960173 -0.0733079227654936105285 4.22535987970385473744
20536 1444.979000 23.0419143632627303475 -0.0729522645676618231025 4.22542313635357036361
20537 1444.987000 23.0418008399090084026 -0.0727506320438763426361 4.22543271895888494782
20538 1444.995000 23.0417001788335298329 -0.0726919523082227153621 4.22540180941910570311
20539 1445.004000 23.0416011160113036738 -0.0727693944285024429952 4.22533439468435734199
20540 1445.013000 23.041516097622096737 -0.0729593483511585816359 4.22524763877960118919
20541 1445.022000 23.0414442234267404785 -0.0732175219252254594338 4.22515420047368461809
20542 1445.031000 23.0413844615768717006 -0.073501788467313811104 4.22506314985596720391
20543 1445.040000 23.0413354779765597868 -0.0737764143349449869058 4.22498005053060587954
20544 1445.050000 23.0412916091864268253 -0.0740379537545650667774 4.22489995988967237395
20545 1445.059000 23.0412593838357082632 -0.0742160797056922727499 4.22483880253627130941
20546 1445.068000 23.0412316883637871001 -0.0743328447543313425294 4.2247861917450926228
20547 1445.077000 23.0412062305978224686 -0.0743895052642619125649 4.22473961580676160565
20548 1445.086000 23.0411808749398829832 -0.074393218661085822041 4.22469661466533175087
20549 1445.095000 23.0411538063499925499 -0.0743549132038226340269 4.22465542300741336845
20550 1445.104000 23.0411236534790333508 -0.0742872701527274442723 4.22461539806427666122
20551 1445.113000 23.0410895587642734483 -0.0742030129245520031489 4.22457718876607124514
20552 1445.122000 23.0410511925432999192 -0.0741136122331632063442 4.2245426406964687871
20553 1445.129000 23.0410184866074096988 -0.0740466105525221934824 4.22452002182176222789
20554 1445.137000 23.0409787246720227927 -0.0739782175320782275918 4.22450033856147033617
20555 1445.146000 23.0409290942904974031 -0.0739136473078347705501 4.22448968863777807314
20556 1445.154000 23.040884150642344963 -0.0738704292296761266812 4.22449203642161918992
20557 1445.164000 23.0408270653298963282 -0.0738358171911805555299 4.22451206079003949156
20558 1445.173000 23.0407763344602649624 -0.0738222785098190947828 4.22454626252563247846
20559 1445.182000 23.0407270813309992263 -0.073823018273454887872 4.22459443325642070022
20560 1445.191000 23.0406799883968105291 -0.0738351286568662279475 4.22465363774263114038
20561 1445.201000 23.0406311553157152616 -0.0738582446203116388395 4.22472734099737490254
20562 1445.210000 23.0405897773859891231 -0.073884009055965177426 4.22479555386158356356
20563 1445.218000 23.0405556732385647933 -0.0739088369787685439682 4.22485336310272874272
20564 1445.227000 23.0405201813522388932 -0.0739367492306833712368 4.22491088471633879919
20565 1445.236000 23.0404866528405314341 -0.0739626661467083362789 4.22495651475959110854
20566 1445.245000 23.0404550314168936609 -0.0739853982180179170491 4.22498729345022994153
20567 1445.254000 23.0404249983520834633 -0.0740038426378089447821 4.22500180820835424811
20568 1445.264000 23.0403932991286168885 -0.0740190601270726000749 4.22499866393041756396
20569 1445.273000 23.0403640657151029814 -0.0740270729337984961793 4.22498016108877294528
20570 1445.282000 23.040335035076243031 -0.0740300592375531113509 4.2249496470376870505
20571 1445.291000 23.040306144423624346 -0.0740284933597994548871 4.2249106227392916324
20572 1445.300000 23.0402769185091926829 -0.0740226529617398626426 4.2248672332060301926
20573 1445.309000 23.0402470940390031728 -0.0740131855896515034043 4.22482359838330268076
20574 1445.318000 23.0402166187749095627 -0.0740007602696493849148 4.22478361655820755516
20575 1445.328000 23.0401835126808656184 -0.0739850716497061078325 4.22474735202324147565
20576 1445.337000 23.0401533815603158928 -0.0739700124826531690836 4.2247245657452037193
20577 1445.346000 23.0401246361214440128 -0.073955412190864780464 4.22471253058939133496
20578 1445.354000 23.0400990287723175243 -0.0739431456705128137274 4.22471105772210009377
20579 1445.363000 23.0400717728936577089 -0.0739315868664258829535 4.22471907901566545718
20580 1445.372000 23.0400457431146570286 -0.0739221817843050688079 4.22473637108227784154
20581 1445.380000 23.0400241296292662696 -0.0739167891914495334138 4.22475744918673257189
20582 1445.389000 23.0400008122404287292 -0.0739132648459307622923 4.22478597997953819743
20583 1445.398000 23.0399793805995116713 -0.0739132481529040236135 4.22481672677140274175
20584 1445.406000 23.0399614587164549562 -0.0739155272227692422549 4.22484421553897515622
20585 1445.416000 23.0399397702317507708 -0.0739206932483286033309 4.22487630097317712341
20586 1445.425000 23.0399217301242771327 -0.0739273510035993314249 4.22490104821874279395
20587 1445.434000 23.0399043051512393276 -0.0739347430835029240104 4.22492078482721655774
20588 1445.443000 23.0398876213799610468 -0.0739421584338712384321 4.22493487470542117279
20589 1445.452000 23.0398713278311859654 -0.0739490513999644383247 4.22494303174796126399
20590 1445.462000 23.0398535971194178273 -0.0739549930673430860883 4.22494587968914014908
20591 1445.471000 23.0398378364136036112 -0.0739586575244377819605 4.22494346973329193418
20592 1445.480000 23.0398222228160243219 -0.0739601611116641188826 4.22493763815422340713
20593 1445.489000 23.0398068678463907588 -0.0739595929609882518641 4.22492956082773218895
20594 1445.499000 23.0397899975504891756 -0.0739568122903224572928 4.22491929445145419919
20595 1445.508000 23.0397752430384414879 -0.0739525303142365697529 4.22491033244385683076
20596 1445.517000 23.0397608778317781741 -0.0739472261796293856007 4.22490243730879999617
20597 1445.525000 23.0397490452028996799 -0.0739418608418883488431 4.22489715645524199772
20598 1445.535000 23.0397341066312861813 -0.0739347591923762842425 4.22489314356283518492
20599 1445.544000 23.0397216260202135629 -0.073928778012992274471 4.2248922453374007091
20600 1445.553000 23.0397101560676986765 -0.0739236160700946776103 4.22489391756806842437
20601 1445.562000 23.0396997841880946112 -0.0739193208521128769517 4.22489812330147440633
20602 1445.571000 23.039689834722999251 -0.0739159818818396208151 4.22490437293254839091
20603 1445.580000 23.0396808428899397825 -0.0739139067011523737127 4.22491212547677541522
20604 1445.590000 23.0396719207639506521 -0.0739130199970098322737 4.22492188882237673653
20605 1445.598000 23.0396658579785089671 -0.0739130569303232398681 4.22493028283746063778
20606 1445.604000 23.0396612057246912286 -0.0739133509091959989279 4.22493656037467069098
20607 1445.610000 23.0396569068476964048 -0.0739139580676193702624 4.22494273419674026826
20608 1445.615000 23.0396537585399698855 -0.0739145742004993777652 4.22494772489302672369
20609 1445.621000 23.0396499118331234968 -0.0739153934299631165672 4.22495342528724293629
20610 1445.630000 23.0396451741338310626 -0.0739167090431508827519 4.22496129435915523942
20611 1445.640000 23.0396395716087418748 -0.0739176265534845083893 4.22496887578836943788
20612 1445.649000 23.0396350533057407972 -0.073918147912348783346 4.2249745202806465727
20613 1445.659000 23.0396306354494342372 -0.0739182191510232011744 4.22497956875697600054
20614 1445.668000 23.0396266123812907267 -0.0739175784810543884396 4.22498316004248408717
20615 1445.678000 23.0396229939833077083 -0.0739163170307281791604 4.22498629034913442126
20616 1445.687000 23.0396195983811971075 -0.0739146162328780387263 4.22498849946384424925
20617 1445.697000 23.0396165765557867644 -0.0739124581431198079962 4.2249905180737101773
20618 1445.707000 23.039613954244735794 -0.0739100082181317619145 4.22499238121078679598
20619 1445.716000 23.0396123591514765394 -0.0739076801378526909714 4.22499418634502799108
20620 1445.726000 23.0396108728662660781 -0.0739052128259172075309 4.22499632551954462656
20621 1445.736000 23.0396095669894407365 -0.0739027454334246353129 4.22499884761538879729
20622 1445.746000 23.0396089886479131792 -0.0739006001926493100163 4.2250017916908939597
20623 1445.755000 23.0396094626334573263 -0.0738992025220667619889 4.22500473743102489266
20624 1445.765000 23.0396103103515308419 -0.0738977832804025847047 4.22500850720203491306
20625 1445.775000 23.0396116743140346728 -0.0738964853905377111465 4.22501275341403026431
20626 1445.785000 23.0396139276484284153 -0.0738955353699990297178 4.22501729091918676318
20627 1445.795000 23.0396166921608092082 -0.0738946401874137070998 4.22502212305673197079
20628 1445.804000 23.0396199569441613164 -0.0738937945629592196628 4.22502672098097775688
20629 1445.812000 23.0396224693042519505 -0.0738927787484995046707 4.22503088205064347704
20630 1445.821000 23.0396263370157363681 -0.0738920163062365964457 4.22503542195938308623
20631 1445.829000 23.0396296995418090603 -0.0738911566977737271911 4.2250394595189000313
20632 1445.835000 23.0396326743811137305 -0.0738903193658140694522 4.22504260919736740476
20633 1445.844000 23.0396370118256150761 -0.0738891063871412040465 4.22504706657503881218
20634 1445.853000 23.0396418079782101529 -0.0738879463508111122838 4.22505135601901660181
20635 1445.862000 23.0396467242282980692 -0.0738865979063603600663 4.22505556696547923679
20636 1445.871000 23.0396520479898256895 -0.0738851560492730652374 4.22505970398852337411
20637 1445.879000 23.0396571198709203543 -0.0738838416729394042992 4.22506328571735600974
20638 1445.888000 23.0396628190196786079 -0.0738824130869073364414 4.22506709703714822268
20639 1445.898000 23.0396697407760022713 -0.0738809677534992270687 4.22507117999330716884
20640 1445.906000 23.0396752968925717653 -0.0738798399349158418925 4.22507433691427891631
20641 1445.916000 23.0396828139756522091 -0.0738784781468932033599 4.22507825283035209907
20642 1445.922000 23.0396874222778151875 -0.073877403768651137006 4.2250807325196326758
20643 1445.929000 23.0396930554855430273 -0.0738766164050375234718 4.22508333277839742692
20644 1445.938000 23.0397007333797532169 -0.0738756079855455438654 4.2250867354408301324
20645 1445.947000 23.0397089817946962853 -0.0738744799628977821815 4.22509028006241038611
20646 1445.956000 23.0397170350493745161 -0.0738732459098695865007 4.22509382269728916981
20647 1445.964000 23.0397246339645143109 -0.0738723173486605655391 4.22509690464658227427
20648 1445.969000 23.0397297170988153425 -0.0738717752491193230258 4.22509889966574014863
20649 1445.974000 23.0397344418132519195 -0.0738711106336448625198 4.22510085731175166757
20650 1445.979000 23.0397398993992403859 -0.0738705377440442984005 4.2251029346734343406
20651 1445.985000 23.0397457392395068609 -0.0738696891530737365095 4.22510533250531317151
20652 1445.994000 23.0397552106230634195 -0.0738684863060196372775 4.22510904749404314629
20653 1446.000000 23.0397619192965237289 -0.0738675558838044615806 4.22511168452113938798
20654 1446.008000 23.0397708200149828883 -0.0738664782269957270744 4.22511503067977134407
20655 1446.014000 23.0397775081994602431 -0.0738656152594600046157 4.22511760675090108919
20656 1446.020000 23.0397844540376688371 -0.0738646537222600318984 4.22512025148058878443
20657 1446.026000 23.0397914646732928645 -0.0738639364356296068692 4.22512276234408901132
20658 1446.032000 23.0397985275965240248 -0.073862777778184479649 4.22512554502303316895
20659 1446.037000 23.0398046422969677849 -0.07386229277402710236 4.2251275918435027279
20660 1446.042000 23.0398107737783242044 -0.0738613728844859096512 4.22512990166337853992
20661 1446.049000 23.0398193868599356904 -0.0738604562899993766223 4.22513289654236601223
20662 1446.057000 23.0398298094112199408 -0.0738593073750766770935 4.22513648493397653283
20663 1446.066000 23.0398411453910938462 -0.0738578697057366700962 4.22514048587385904199
20664 1446.075000 23.0398527699991788609 -0.0738565704682835055817 4.22514439352756365764
20665 1446.082000 23.0398620070195647713 -0.0738557268079360340618 4.22514733694914657036
20666 1446.087000 23.0398686589829218008 -0.0738548285784302177559 4.22514962990801024034
20667 1446.094000 23.0398781470976707908 -0.0738540211114210171095 4.22515253208517815864
20668 1446.103000 23.0398906797786438005 -0.0738529729499059761633 4.22515630167823008634
20669 1446.111000 23.0399023726607197204 -0.0738519563925704586316 4.22515976047684205241
20670 1446.119000 23.0399133490546077496 -0.0738507472280187649005 4.22516312338061172937
20671 1446.128000 23.0399264489773827336 -0.0738497255558933224373 4.2251667869724940374
20672 1446.136000 23.0399381512571572728 -0.0738487585562815213036 4.22517005677959556209
20673 1446.145000 23.03995195713116928 -0.0738475903962041158035 4.2251738375322727137
20674 1446.154000 23.0399654512394711503 -0.0738462893355552318919 4.22517758048667779747
20675 1446.163000 23.0399792315996840841 -0.0738450779721461364469 4.22518125201295013937
20676 1446.172000 23.0399933962902316864 -0.0738439903395403801634 4.22518487664726105635
20677 1446.181000 23.0400076100415240887 -0.0738427640415696279197 4.2251885665033492856
20678 1446.190000 23.0400221568791820914 -0.0738414689231637749733 4.22519233773660118914
20679 1446.200000 23.0400388377619584901 -0.0738401349935432632643 4.22519650990100803511
20680 1446.209000 23.0400535607495733359 -0.073838721910094495815 4.22520031901827941567
20681 1446.218000 23.0400685348619802539 -0.0738374120609369133383 4.2252040752924404643
20682 1446.228000 23.0400856239178040141 -0.0738360608813618118917 4.22520825239337494139
20683 1446.237000 23.0401008352864096196 -0.0738347405612584384293 4.22521204608302181072
20684 1446.246000 23.0401165655816981825 -0.0738336017873180705529 4.22521580760168902202
20685 1446.256000 23.0401341287063203822 -0.0738321123047576410858 4.22522011733735070038
20686 1446.265000 23.0401505431344411079 -0.0738309729704798717309 4.22522396593039406554
20687 1446.274000 23.0401661254177057003 -0.0738294621221235319863 4.22522785023073588206
20688 1446.284000 23.0401843357364590759 -0.0738281993060416891206 4.22523204355321091441
20689 1446.293000 23.0402008448922366313 -0.0738271128001156268228 4.22523577685455720143
20690 1446.303000 23.0402191228934469791 -0.073825696124726516989 4.22524001661190862222
20691 1446.312000 23.0402360107470229877 -0.0738246329105875925825 4.22524374760763254955
20692 1446.322000 23.0402548479437463413 -0.0738232138238291563104 4.2252480056867609548
20693 1446.331000 23.0402723989207416366 -0.0738221208698755237965 4.22525179693165497952
20694 1446.341000 23.0402912637209595914 -0.0738206187534394542293 4.22525601156384666979
20695 1446.350000 23.0403085573830885835 -0.0738193832212752226729 4.22525974218884492473
20696 1446.360000 23.0403281871682814597 -0.0738181057720974087566 4.22526386829235800491
20697 1446.370000 23.0403478185189172223 -0.0738167842749343633413 4.22526799594111146519
20698 1446.379000 23.0403655822887110105 -0.0738155528559652357456 4.22527172418013385879
20699 1446.389000 23.0403856101626089981 -0.0738142184707366172391 4.22527587482439948019
20700 1446.398000 23.0404040937609835282 -0.0738129568638762334487 4.22527970611303693715
20701 1446.408000 23.0404245234829545552 -0.0738116000219469076127 4.22528389021103834011
20702 1446.418000 23.0404446725072382662 -0.0738100478782863500538 4.22528810905621821092
20703 1446.427000 23.0404630947376993788 -0.0738087759710596841289 4.22529185393015183081
20704 1446.437000 23.0404839484956447393 -0.0738074703535156056988 4.22529600440719743659
20705 1446.446000 23.0405024907539335288 -0.0738061896693320146356 4.22529976377530047671
20706 1446.456000 23.0405235863414112885 -0.0738049024697948752305 4.2253039182713960642
20707 1446.466000 23.040544754478208489 -0.0738035786517429182041 4.22530809876682145187
20708 1446.475000 23.0405642430656030228 -0.0738023348237760862256 4.22531195322948960325
20709 1446.485000 23.040585767901863079 -0.0738010038298329840156 4.22531615698265738956
20710 1446.494000 23.0406046019801635794 -0.0737995011651201709979 4.22531999304660477179
20711 1446.504000 23.0406263644041118255 -0.0737982342284643627606 4.22532413636638448651
20712 1446.514000 23.040648257826763512 -0.073796953994545527733 4.2253282834737202478
20713 1446.523000 23.0406677213693491524 -0.0737956915102082749991 4.22533203380457056397
20714 1446.533000 23.040689824960612242 -0.0737944179879722605975 4.2253361729362968191
20715 1446.542000 23.0407097770551771987 -0.0737931467500360788181 4.22533997989430165632
20716 1446.552000 23.0407323511560200302 -0.073791855773373979388 4.22534416958305669709
20717 1446.562000 23.0407548349291104728 -0.0737905177768672509986 4.22534835194101532352
20718 1446.571000 23.0407745165506270268 -0.0737890043599967321297 4.22535216986969430764
20719 1446.581000 23.0407972028150815902 -0.0737877221364246632662 4.2253562955046737315
20720 1446.591000 23.0408200006385825986 -0.0737864248748847373349 4.22536042844118853168
20721 1446.600000 23.0408402611499560919 -0.0737851470551850324719 4.22536416943031678528
20722 1446.610000 23.0408632311688883476 -0.0737838579181557541187 4.22536830205579860831
20723 1446.619000 23.0408839458960450486 -0.0737825748776645834459 4.22537210640040594711
20724 1446.629000 23.0409073485606441523 -0.0737812740239298797684 4.22537629626167365871
20725 1446.639000 23.0409306415936079304 -0.0737799298943977166498 4.22538048124743159661
20726 1446.648000 23.0409510355980025054 -0.0737784141166396151279 4.22538430287756483494
20727 1446.658000 23.0409744964296017145 -0.0737771324135589740001 4.22538843324286794711
20728 1446.668000 23.0409980517762456032 -0.0737758383014297386415 4.22539257074029883654
20729 1446.677000 23.0410189801898042106 -0.0737745648547128290984 4.22539631507613311356
20730 1446.687000 23.0410426776274448457 -0.0737732814431399791522 4.2254004500871840122
20731 1446.694000 23.0410597383476307698 -0.0737723837246093555597 4.22540344581158944237
20732 1446.700000 23.0410736040939276847 -0.0737714948944314108381 4.22540589487380735534
20733 1446.706000 23.0410881367440758538 -0.0737707078954874806431 4.22540844395826109547
20734 1446.712000 23.0411022427803615642 -0.073769806219176392581 4.22541093717085303183
20735 1446.719000 23.0411188282814087813 -0.0737689401733726130006 4.22541378895302166541
20736 1446.725000 23.0411331150178853022 -0.0737678538003174039117 4.22541644395249171851
20737 1446.730000 23.0411451922491785638 -0.0737674308269505307756 4.22541837697393685147
20738 1446.739000 23.0411671734148342239 -0.0737661801718340198741 4.22542220875019136628
20739 1446.748000 23.0411886863341912601 -0.0737648106561830663175 4.22542601030970121911
20740 1446.757000 23.0412103314993359504 -0.0737635495665063117832 4.22542974090762601946
