5942 1047.095000 -0.359967037117860488848 -0.00089930145116462814614 -0.0467096387588745928787 -0.0139608260187129764457 -0.0184214571675932262118 0.999732836938298063956 3.05735801542694440869
5943 1047.102000 -0.359965793510007570077 -0.000899642453594057256439 -0.0467061992993338531699 -0.0139592176570275793707 -0.0184285185954871817693 0.999732729255564445126 3.05736253778539168735
5944 1047.108000 -0.359964387495792570437 -0.000898454089954116991157 -0.0467029146136276884782 -0.013957371562979718066 -0.0184365273077965290127 0.999732607370531711766 3.05736373844540665345
5945 1047.115000 -0.359963366694226793996 -0.000896550383933889319388 -0.0466981095937549425812 -0.0139520625533386868206 -0.0184467075475555492003 0.999732493685767220626 3.05736414692337321597
5946 1047.123000 -0.359962687936956016177 -0.000894019200516718917648 -0.0466922423378324791265 -0.0139439853251525983091 -0.0184581406781014062402 0.999732395351855873677 3.05736347461219537536
5947 1047.131000 -0.359961926606430282494 -0.000889207585732542694912 -0.0466860924221708661896 -0.0139339746443375624846 -0.0184730059672223098644 0.999732260358314972493 3.05735835153185897539
5948 1047.139000 -0.359961528393984320218 -0.00088431854548107723113 -0.0466803227253501928917 -0.0139234761472397661208 -0.0184867609207868578702 0.999732152370141013975 3.0573521308906665972
5949 1047.147000 -0.359961235255825851009 -0.000878855861848267666536 -0.0466751139657142835593 -0.0139130438699763929467 -0.0185003463828420887383 0.999732046297400200885 3.05734392401288657126
5950 1047.154000 -0.359961007122526932545 -0.000873747411722146198609 -0.0466711631034798582474 -0.0139044333173934265419 -0.0185118274945009937682 0.999731953564022113312 3.05733531778919820354
5951 1047.162000 -0.359960726881946413425 -0.000867693875318514828976 -0.0466674261050280259067 -0.0138955463556408136128 -0.0185242472933221623277 0.999731847073851098706 3.05732414494709869857
5952 1047.168000 -0.359960480127652582283 -0.000863101718519968148791 -0.0466651766625323788373 -0.0138896835557601530664 -0.0185329578244885183336 0.999731767108056224025 3.05731504396478337426
5953 1047.173000 -0.35996024260051967536 -0.000859296063993328709807 -0.0466636484689432542994 -0.0138853588114194355374 -0.0185397720543950643435 0.99973170083920459561 3.0573071252486898608
5954 1047.179000 -0.359959916159979964601 -0.000854809285008786313986 -0.0466621955968433213546 -0.0138808438989120371682 -0.0185473796126081336144 0.999731622427819099919 3.0572973751608438775
5955 1047.185000 -0.359959545796228741477 -0.000850463670010711929315 -0.0466611074751754062451 -0.013877040130001877527 -0.0185543407044647390425 0.999731546065368958942 3.05728752363219857813
5956 1047.193000 -0.359958993213922107124 -0.000844974575440656135161 -0.0466601144790761632186 -0.0138729940008573224969 -0.0185625948354420713948 0.999731448995392790735 3.0572745308704876166
5957 1047.202000 -0.359958315149288110568 -0.000839323781095506309124 -0.0466594387936603779976 -0.0138696837311804276743 -0.0185704819664515054234 0.999731348449537482459 3.05726054693541149376
5958 1047.210000 -0.359957689595122865001 -0.000834841867620241505354 -0.0466590588364712358094 -0.0138676836262546145789 -0.0185762896190602017077 0.999731268299051789583 3.05724904950436959794
5959 1047.219000 -0.359956991575422768914 -0.000830457796519350199826 -0.0466587069532067647004 -0.0138663192301510494742 -0.0185815586121591859448 0.999731189305680612023 3.05723750918548287103
5960 1047.228000 -0.359956326785293323489 -0.00082678275689813604532 -0.046658299679572197427 -0.0138657376808806621221 -0.0185856239188156441289 0.99973112180331435983 3.05722769880172595691
5961 1047.237000 -0.359955774277382789528 -0.000824193744015887935772 -0.0466578547700731149916 -0.0138658173393495544323 -0.01858835292161777758 0.999731069960903551141 3.05722083155664847709
5962 1047.246000 -0.359955218483225647397 -0.000821763105005987072593 -0.0466571127971333668438 -0.0138663208377325652965 -0.0185906682559414983269 0.999731019924970820689 3.05721457669817331393
5963 1047.254000 -0.359954705210899672529 -0.000819782929797439365027 -0.0466563090540199759682 -0.0138674314189763028121 -0.0185923309452184215562 0.999730973600329808626 3.05720982259896789657
5964 1047.263000 -0.359954230813994580096 -0.000818360120772799494449 -0.0466554127807930069105 -0.0138689527659390885589 -0.0185935823465580088443 0.999730929222807485068 3.05720697378276984324
5965 1047.272000 -0.359953769384049493407 -0.000817286061994994608715 -0.0466545356660445359465 -0.0138708687228324325375 -0.0185946186608180429045 0.999730883366985234595 3.05720547399765862906
5966 1047.281000 -0.35995330986268148088 -0.000816497219952676961396 -0.0466537695419789455453 -0.0138731140862185502866 -0.018595621375328715702 0.999730833560321996423 3.05720522134377636903
5967 1047.289000 -0.359952858497062100351 -0.000815902822916970971168 -0.0466532637800921856641 -0.0138753866843783369572 -0.018596587759339183038 0.999730784045419151873 3.05720548122274582425
5968 1047.298000 -0.359952290059325941129 -0.000815289875764150726023 -0.0466529472724283647556 -0.0138781127889097809919 -0.0185977849328498034964 0.999730723935705500871 3.05720610399788084166
5969 1047.306000 -0.35995171190875857592 -0.000814738771305967626746 -0.0466529228900504910893 -0.0138806487588284972051 -0.0185990110510558838419 0.999730665918554639582 3.05720673021173627859
5970 1047.315000 -0.359950980298043288208 -0.00081407449588050736361 -0.0466531822933206191673 -0.0138835217269734530199 -0.0186005895052375642973 0.999730596658176873248 3.05720728770390026696
5971 1047.325000 -0.359950157872022058481 -0.000813451723139674634511 -0.0466537589625934390192 -0.0138863505942753706623 -0.0186023358493393187185 0.999730524875639292581 3.05720784415340363083
5972 1047.334000 -0.35994916877516514031 -0.000812414055182392527699 -0.0466545606438478338562 -0.0138891227603220104858 -0.0186044471597113583727 0.999730447078026163155 3.05720721859242372531
5973 1047.343000 -0.359948325456927120669 -0.00081172515737886266618 -0.0466554147267057503501 -0.0138911352577668761876 -0.0186061428396413659769 0.999730387559506605832 3.05720686326141954936
5974 1047.351000 -0.359947375583643647268 -0.00081065219887004047461 -0.0466562482060083189017 -0.0138927562736449808356 -0.0186080953630399711929 0.999730328693733794054 3.05720531181776999929
5975 1047.360000 -0.359946433524125364301 -0.000809656758946944964117 -0.0466570790439578275688 -0.0138939001849177120457 -0.0186099647122630676432 0.999730278000551475515 3.05720364686175738456
5976 1047.369000 -0.359945543469289086502 -0.000808655704418533190225 -0.0466577429028396661881 -0.0138944181041676245725 -0.0186117396066000292953 0.999730237761348838887 3.05720166668634174556
5977 1047.377000 -0.359944824713591293719 -0.000807786602832301879606 -0.0466581319617559650559 -0.013894332787830908707 -0.0186132161816550366351 0.999730211456949069415 3.05719976419804462253
5978 1047.385000 -0.359944190366717431395 -0.00080695034327425002596 -0.0466582966009882749159 -0.0138937591023248555033 -0.0186145919286039157603 0.999730193814980405698 3.05719782111393545421
5979 1047.394000 -0.359943595413579064957 -0.000806064512718144415837 -0.0466581937200485907802 -0.0138926089591284718239 -0.0186160528555718261801 0.999730182595477745444 3.05719570959616415706
5980 1047.403000 -0.359943136873818292365 -0.00080525160986844555866 -0.0466577913111399927848 -0.0138910177606865400946 -0.0186174282836426667476 0.999730179093176962724 3.05719381319936145402
5981 1047.412000 -0.359942814108928144101 -0.000804516962414874269027 -0.0466571231538021741203 -0.0138891282695646160056 -0.0186187466121188159585 0.99973018079405073788 3.05719223611657442419
5982 1047.421000 -0.359942610730052847678 -0.000803861443015740743945 -0.0466562603448494109259 -0.0138872268722396007695 -0.0186200006295353659436 0.999730183852800768918 3.05719104739158309414
5983 1047.430000 -0.359942519690706230762 -0.00080326670978270436202 -0.0466552366337827095766 -0.0138851196160580045436 -0.0186213245670701042778 0.999730188463175184488 3.0571902697924007164
5984 1047.439000 -0.359942499871231447184 -0.000802731238815619294047 -0.0466541730541634169782 -0.0138833461940773977839 -0.0186226439364562054712 0.999730188516517292996 3.05718990246207189543
5985 1047.447000 -0.359942523194631214256 -0.000802294339154080091148 -0.0466532482824802002819 -0.0138820306937235959932 -0.0186238148281832917308 0.999730184972457358583 3.05718989848695299472
5986 1047.456000 -0.359942558059462347497 -0.000801824945677789141518 -0.0466523055487917670536 -0.0138809792363635813722 -0.018625151607902203782 0.999730174668656434989 3.05719018286084276426
5987 1047.463000 -0.359942578807927848761 -0.000801475411840790914753 -0.0466516764454822652208 -0.0138804870823265400631 -0.0186261749294478404226 0.999730162436772151757 3.05719058316010139364
5988 1047.471000 -0.359942564098755413138 -0.000801064039161326728322 -0.0466511061696215437178 -0.0138803633660243667947 -0.0186273729443832344876 0.999730141833293894926 3.0571911029552092387
5989 1047.480000 -0.359942491455954916013 -0.000800597464616841641982 -0.0466506718930188440941 -0.0138807040321828039503 -0.0186286684648871020409 0.999730112963892025846 3.05719176160390571084
5990 1047.489000 -0.359942338747468226767 -0.000800111349608823713142 -0.0466504668969583702332 -0.013881532931075139109 -0.0186299047530808850603 0.999730078417356948783 3.0571923816899326809
5991 1047.498000 -0.359942096687542900657 -0.000799599919640726214398 -0.0466504797879267185667 -0.0138827707976249895006 -0.0186310583251493196155 0.99973003973105944997 3.05719288014439083412
5992 1047.507000 -0.359941764288052024057 -0.000799060728970174029284 -0.0466506817173819171574 -0.013884311568440693696 -0.0186321113476568718526 0.999729998709151024272 3.05719319251210341903
5993 1047.516000 -0.359941348276256456451 -0.000798494267386477829529 -0.0466510305545888709355 -0.0138860331665211569896 -0.0186330542012831425203 0.999729957225465093451 3.05719327666220141992
5994 1047.525000 -0.359940866121205460537 -0.000797910640750323224557 -0.0466514734068927544586 -0.0138877880917809958666 -0.018633871152390849707 0.999729917621651309467 3.05719314108172834921
5995 1047.534000 -0.359940380128543180316 -0.000797423081738142525143 -0.0466519448738810654786 -0.0138893839304372740395 -0.0186345307948847307977 0.999729883156489251839 3.05719293834146821354
5996 1047.542000 -0.359939816967305592499 -0.000796736450373998657259 -0.046652392743130065289 -0.0138908979935420551916 -0.0186352022665009012248 0.999729849604091613813 3.05719216434184248854
5997 1047.547000 -0.359939497401631891549 -0.00079638835312665929439 -0.0466526414043669512832 -0.01389165623325135622 -0.0186355370006138568173 0.999729832828747944085 3.05719176130449632467
5998 1047.552000 -0.359939176284785444793 -0.000796036838431136116456 -0.0466528685047941926722 -0.0138923244993797156965 -0.0186358512197812159483 0.999729817685417576634 3.05719130623595747309
5999 1047.558000 -0.359938794595431044154 -0.000795610557012347251182 -0.0466531042361132963769 -0.0138930138947125671189 -0.0186362342793541455044 0.999729800964643811056 3.05719069859365788489
6000 1047.563000 -0.359938480837029062265 -0.00079524894154320725087 -0.0466532657365439432096 -0.0138934969479606630627 -0.0186365698934276291521 0.999729787995318530669 3.05719013957756313715
6001 1047.568000 -0.359938183025241054125 -0.000794896464340067061827 -0.0466533880097377978702 -0.0138938496229072221133 -0.0186368877584621069066 0.999729777168477995453 3.05718959539576573547
6002 1047.572000 -0.359937949219397201883 -0.000794608539449727542536 -0.0466534598787076149051 -0.0138940728642762550971 -0.0186371578405874899209 0.999729769031045267802 3.05718913072758136096
6003 1047.578000 -0.359937619376800577164 -0.000794182667828225059836 -0.0466535184918355216865 -0.0138942767487157357864 -0.018637573013767463892 0.999729758457647776915 3.05718845100890357358
6004 1047.582000 -0.35993741551139513124 -0.000793905110318547831139 -0.0466535243735705235091 -0.01389431821531752001 -0.0186378470572958615525 0.999729752772418267526 3.05718802403101053144
6005 1047.587000 -0.3599371681169626358 -0.000793546204963512316621 -0.0466535004197303204698 -0.0138943358756227364897 -0.0186382493726952765123 0.999729745026573080047 3.05718745600835628551
6006 1047.592000 -0.359936944005347814191 -0.000793197232671691634942 -0.0466534372036079073021 -0.0138942481293407339715 -0.0186386543483376861119 0.999729738695915526314 3.05718694094358411917
6007 1047.597000 -0.359936735959278386598 -0.000792847678213028442262 -0.0466533406850929144305 -0.0138940900117041441636 -0.0186390790371607391329 0.999729732975564333586 3.05718644740382217151
6008 1047.602000 -0.359936540774764002215 -0.000792490567376727926552 -0.0466532156877660919569 -0.0138939067616268251137 -0.0186395629586088226737 0.999729726499923310179 3.05718595365464684832
6009 1047.606000 -0.359936402762373264252 -0.00079221504680265179138 -0.0466530937369563081241 -0.0138936933821412200718 -0.018639939609487558847 0.999729722442800006199 3.05718561876339878225
6010 1047.611000 -0.35993623661975487904 -0.000791857511564938824911 -0.0466529243676212859726 -0.0138934410278060138655 -0.0186404764402490624731 0.999729715940507412952 3.05718518326737864754
6011 1047.616000 -0.359936090746472259205 -0.000791508142892963749426 -0.0466527341761210634363 -0.0138931404239392708444 -0.0186410191024269610016 0.999729709999649607255 3.05718481392551533204
6012 1047.623000 -0.359935901696901927593 -0.000791008216357800761354 -0.0466524489471723050049 -0.0138927278898394127721 -0.018641834923407870489 0.999729700520329278568 3.05718432177362897662
6013 1047.631000 -0.359935714971971187914 -0.000790438741267514462241 -0.0466521051978889128575 -0.0138922595950556251182 -0.0186428115459471958892 0.999729688816434980403 3.05718385500861877802
6014 1047.639000 -0.359935544399594353759 -0.000789860061902777042808 -0.0466517631922342898565 -0.0138918500869208601245 -0.0186438255883165024396 0.999729675596656042202 3.05718344471144654051
6015 1047.648000 -0.359935361796337838225 -0.00078919442899951300352 -0.0466514004727560868679 -0.0138915172343879473466 -0.0186450144130033725054 0.999729658050848013495 3.05718302101240091417
6016 1047.657000 -0.359935178953067036467 -0.000788513656477073457407 -0.0466510783859796634987 -0.0138913380246328405088 -0.018646215242640411941 0.999729638144738808059 3.05718261718770012436
6017 1047.666000 -0.359934985600029233588 -0.000787816016269238771075 -0.0466508099578048299194 -0.0138913296596315672532 -0.0186474040717235778342 0.999729616087106309763 3.05718220054273670527
6018 1047.675000 -0.359934773540766916877 -0.00078710055762163961407 -0.046650602282381686825 -0.0138914938154267517123 -0.0186485596652308308063 0.999729592250818699384 3.05718174029992084684
6019 1047.683000 -0.359934561239602490712 -0.000786443798177360528512 -0.0466504714222749639063 -0.0138917943732358925568 -0.0186495628719066282308 0.999729569360523706578 3.05718125221025571747
6020 1047.692000 -0.359934300392923733902 -0.000785694813456095861315 -0.0466503782202315198102 -0.0138922423721992722295 -0.0186506145969428521747 0.999729543515159080336 3.05718064304851466773
6021 1047.701000 -0.359934011483600602155 -0.000784929414725666317609 -0.046650336869714620347 -0.0138928003207247092315 -0.018651600679682751871 0.999729517365239295223 3.05717993284601252668
6022 1047.710000 -0.359933696061036811908 -0.000784149179914897694055 -0.0466503370738783618155 -0.0138934331368345594798 -0.0186525217640710477829 0.999729491386301516442 3.05717911634438976876
6023 1047.719000 -0.359933358516965395957 -0.000783323138568783015889 -0.0466503601806736653557 -0.0138940958499084079442 -0.0186533894700032822078 0.999729465986570753344 3.05717810427003522378
6024 1047.728000 -0.359933000967938232506 -0.000782551830293042906261 -0.0466504132627262729782 -0.0138947793599962891864 -0.0186541984762570133005 0.999729441391892459379 3.05717718036078345278
6025 1047.735000 -0.359932718110051563798 -0.000781925745427926137399 -0.0466504517348216227179 -0.013895267870323876544 -0.0186547900359845392204 0.999729423563958774501 3.05717635474942861507
6026 1047.743000 -0.359932381930868738884 -0.000781192426813012014142 -0.0466504956766288086945 -0.0138958325437620478643 -0.0186554879887399979732 0.999729402691457269547 3.05717531653819207804
6027 1047.751000 -0.359932049671582376948 -0.000780463328099073420929 -0.0466505273116237934028 -0.0138963195152556340251 -0.0186561573281683219794 0.999729383432174989466 3.05717427152275922353
6028 1047.759000 -0.359931717792317196203 -0.000779728935999055537687 -0.0466505445922259925906 -0.0138967444026220753733 -0.0186568233800626578911 0.9997293650965610734 3.0571731959874339779
6029 1047.767000 -0.359931386705500566681 -0.00077898317107611032839 -0.0466505451995465891812 -0.0138971366663789563933 -0.01865753356419002848 0.999729346390200390715 3.05717207666240753383
6030 1047.775000 -0.35993106932942720011 -0.000778243415851676521855 -0.046650522559422563651 -0.0138974384951915507641 -0.0186582426873416959423 0.999729328960140439797 3.05717098734909109581
6031 1047.783000 -0.359930760175309116811 -0.000777499398216478093682 -0.046650479259913349428 -0.01389767841284694945 -0.0186589709030978469217 0.99972931203379777898 3.05716989995507848477
6032 1047.791000 -0.359930457437217243832 -0.000776744274610067543529 -0.0466504173909090685823 -0.0138978971705981165646 -0.0186597593411488849036 0.999729294276988755819 3.05716879486360415541
6033 1047.799000 -0.359930171725015179973 -0.000775994703036468787272 -0.0466503343097233597048 -0.0138980460991347237049 -0.0186605559472381131447 0.999729277337803257097 3.05716773811016029327
6034 1047.807000 -0.359929895303595315248 -0.000775239822101209639926 -0.0466502359173768532674 -0.0138981604772392495356 -0.0186613740498171969129 0.999729260477016268283 3.05716669360213533224
6035 1047.815000 -0.359929624310621920635 -0.000774472305683232206674 -0.0466501268613735975421 -0.0138982852490131137541 -0.0186622484233157012734 0.999729242420628438914 3.05716563365505500371
6036 1047.823000 -0.359929367595993698892 -0.000773708472328792085104 -0.0466500062577781884898 -0.0138983734770954450721 -0.0186631215771668017289 0.999729224894264634216 3.05716461688596341517
6037 1047.831000 -0.359929116037520591131 -0.000772937274940662701062 -0.0466498809688455778888 -0.0138984598903062438191 -0.0186640025996944250442 0.999729207245460105291 3.05716360090658678672
6038 1047.839000 -0.359928864799728132073 -0.000772151345119355403401 -0.0466497558524538724622 -0.0138985869308009737239 -0.0186649234045817673244 0.999729188288322467848 3.05716255312799356503
6039 1047.847000 -0.359928622179557899941 -0.000771367111034604487074 -0.0466496295883527326009 -0.013898703670596247034 -0.0186658251326866225783 0.999729169829705832662 3.05716152905800520045
6040 1047.856000 -0.359928347386914093686 -0.000770471479926131824767 -0.0466494937507672263743 -0.013898871067506110219 -0.0186668421935559207536 0.99972914851252070445 3.05716034297860694835
6041 1047.863000 -0.359928130387432321236 -0.00076976416962845108094 -0.0466493946688156524427 -0.0138990317912204078277 -0.0186676318096347555742 0.999729131534080384114 3.05715938767711037372
6042 1047.871000 -0.359927885441125638977 -0.000768955246385236851347 -0.046649286466366457482 -0.0138992230609373962347 -0.0186685134111157398362 0.999729112412618081684 3.05715829518937276532
6043 1047.879000 -0.359927635584452620954 -0.000768136556578110848981 -0.0466491874704064168888 -0.0138994374196203928501 -0.018669373826978589298 0.999729093364960741397 3.05715716607947607386
6044 1047.887000 -0.359927377157589045709 -0.000767301505049399618086 -0.0466490992754665170783 -0.0138997063797427038156 -0.0186702497592865883369 0.999729073267594081642 3.05715597165061669926
6045 1047.894000 -0.35992715369819811011 -0.000766574751207975933764 -0.0466490263750452480163 -0.0138999227196548690022 -0.0186709710477651197325 0.999729056789148917694 3.05715493560042128607
6046 1047.902000 -0.359926886611424245999 -0.000765724603729098576843 -0.0466489537250351013475 -0.0139002275192887953664 -0.0186718199294683452616 0.999729036697161066449 3.05715367219113831609
6047 1047.909000 -0.359926655662811123548 -0.000764985260220357558836 -0.0466488931021060843074 -0.0139004687221130681513 -0.0186725195986866196463 0.999729020275565649634 3.05715257710470300623
6048 1047.916000 -0.359926417211750448999 -0.000764232647481274431078 -0.0466488388857253938324 -0.0139007472350070621775 -0.0186732417357435113991 0.999729002914983455597 3.05715142718073140671
6049 1047.924000 -0.35992614329894923042 -0.000763364320262745893464 -0.0466487819128181269157 -0.0139010484248148213915 -0.01867403453482554751 0.999728983918583224977 3.05715008467275106696
6050 1047.931000 -0.359925899927874937134 -0.000762608441009152496215 -0.0466487322965971479283 -0.0139013290097437999804 -0.0186747447701609142756 0.9997289667502547994 3.05714890787108251047
6051 1047.939000 -0.35992562180207710032 -0.000761736416575925501249 -0.0466486781991965471228 -0.0139016259086063836276 -0.0186755295360530974846 0.999728947962219005596 3.05714753928246762982
6052 1047.946000 -0.359925375702777272657 -0.000760965212782491011445 -0.0466486320576166985097 -0.013901902061021669324 -0.0186762405455859967218 0.999728930839839713407 3.0571463108720990931
6053 1047.954000 -0.35992509623820551079 -0.000760084491833945379013 -0.0466485776668299628733 -0.0139021862372546625014 -0.0186770288387191896184 0.999728912161482963228 3.05714491241252828146
6054 1047.962000 -0.359924812848786634945 -0.00075919186839575568404 -0.046648523452409260126 -0.0139024914388145588023 -0.0186778523676685015431 0.999728892531733026594 3.05714347399152597262
6055 1047.970000 -0.359924536501660674581 -0.000758304723053811711997 -0.0466484640937788186399 -0.0139027587366872228125 -0.0186786597886142678726 0.999728873729278100235 3.05714206146177280843
6056 1047.978000 -0.359924260378210625344 -0.00075741294504544972449 -0.0466484021884486441123 -0.0139030124195740744514 -0.0186794666372894942186 0.999728855126132298636 3.05714064019080034029
6057 1047.986000 -0.359923981976331963661 -0.000756509984830612720874 -0.0466483387512720698576 -0.0139032865326989586718 -0.0186803111605715194132 0.999728835534183124523 3.05713918572027409937
6058 1047.994000 -0.359923711809357727009 -0.000755612918360711385835 -0.0466482692049892955222 -0.0139035240047716817519 -0.0186811402628961585604 0.999728816739182901685 3.05713776136271553341
6059 1048.002000 -0.359923442586688069333 -0.000754711345439172849592 -0.0466481968538579039318 -0.0139037506522535006526 -0.0186819679050171834345 0.999728798121268469323 3.05713633000796525252
6060 1048.010000 -0.359923171346388015568 -0.000753798445382263156145 -0.0466481233417833929256 -0.0139040016603033458886 -0.0186828310155205748466 0.999728778500987180777 3.05713486484348173633
6061 1048.017000 -0.359922942239492338334 -0.000753007350739778348603 -0.0466480540119699887969 -0.0139041813008096756116 -0.0186835564954004294813 0.999728762444613061611 3.05713361740119049514
6062 1048.025000 -0.359922674884038951149 -0.000752087482886250324743 -0.0466479759666661650264 -0.0139044253609146642447 -0.0186844257416240930314 0.999728742804811276734 3.05713213994327093204
6063 1048.032000 -0.359922448705760067433 -0.00075128991321004277848 -0.0466479035399703853559 -0.0139046015160194571386 -0.0186851544499598738736 0.999728726735338857345 3.05713087876507838558
6064 1048.040000 -0.359922184064647154855 -0.000750362184024815428995 -0.0466478230054061249188 -0.0139048443287656427192 -0.0186860250409423729601 0.999728707086258494563 3.05712938193051497748
6065 1048.048000 -0.35992192619314522517 -0.000749439028775060640808 -0.0466477394422386004713 -0.0139050609024184406576 -0.0186868721892981953792 0.999728688239504670321 3.0571279050727855342
6066 1048.056000 -0.359921667332473660394 -0.000748509874432624899843 -0.0466476565552185126751 -0.0139052766935970038842 -0.0186877097563662025737 0.999728669581970263991 3.05712640948719105438
6067 1048.064000 -0.359921404229081864923 -0.00074756785639120207354 -0.0466475761368932637096 -0.0139055259947480133048 -0.0186885751749955829337 0.999728649936940549914 3.05712486781685344184
6068 1048.072000 -0.359921146852119733239 -0.000746629906664608364308 -0.0466474940704992985241 -0.0139057512246781103671 -0.0186894153824847947254 0.999728631097228426228 3.05712334189506806936
6069 1048.080000 -0.359920887585466475755 -0.00074568561805537884879 -0.0466474137965504770387 -0.0139059770073890632408 -0.0186902450514812371041 0.999728612446090569854 3.05712179421331375906
6070 1048.088000 -0.359920622899634390368 -0.000744728413909810996185 -0.0466473403438141670518 -0.0139062418463659180634 -0.0186911006507227417384 0.999728592766144119608 3.05712019841679705223
6071 1048.095000 -0.359920398027703258848 -0.000743897219635242593072 -0.0466472678240918425807 -0.0139064306651453962332 -0.0186918177517385181163 0.999728576732350493472 3.05711882740653928536
6072 1048.103000 -0.359920132508735446386 -0.00074293063940338716078 -0.0466471935181588109876 -0.0139066963408889503889 -0.01869267132451284813 0.999728557077187884872 3.05711719914528501363
6073 1048.110000 -0.359919906038576431495 -0.000742091680406147501114 -0.0466471268009839706847 -0.013906894564342648507 -0.01869338420369303852 0.999728540990297731561 3.0571158004088099247
6074 1048.118000 -0.359919639300113058944 -0.000741116494607383692605 -0.0466470549023974348501 -0.0139071643557237469707 -0.0186942359542631962588 0.999728521310495055197 3.05711414285939886426
6075 1048.126000 -0.359919377939299622859 -0.000740146220234609748811 -0.0466469814935231846809 -0.0139074080222267755513 -0.0186950650692571697375 0.999728502416610931292 3.05711250488693941918
6076 1048.134000 -0.359919114726849342922 -0.000739170779654983733931 -0.0466469095264047395322 -0.013907649437160812117 -0.0186958867792442889888 0.999728483691782354725 3.05711085097662538246
6077 1048.141000 -0.359918882435897591332 -0.00073831007445125836075 -0.0466468478877085229728 -0.013907881883964537395 -0.0186966301703901036091 0.999728466555680927996 3.05710937866446297306
6078 1048.147000 -0.359918684123659182728 -0.00073757214620880431899 -0.0466467949277163951294 -0.0139080714389645202639 -0.018697257131317226303 0.999728452193201500009 3.05710811813453231522
6079 1048.156000 -0.359918386364496079022 -0.000736472430611059998562 -0.0466467185760239821946 -0.013908359086349797451 -0.0186981951935095806749 0.999728430647058741165 3.05710624679902442935
6080 1048.164000 -0.359918123651097821014 -0.000735474021970047159291 -0.0466466448953526541255 -0.013908595354329868557 -0.0186990246714525201743 0.999728411845740239094 3.05710452960185241622
6081 1048.173000 -0.359917827028735592965 -0.000734356838202021924844 -0.046646565540386458748 -0.0139088767675351991648 -0.0186999694947346875584 0.999728390258054933071 3.05710261182373832511
6082 1048.181000 -0.359917560460136176648 -0.000733355284184751890497 -0.04664649619739412445 -0.0139091448933573568619 -0.0187008281412061744264 0.999728370466282600937 3.05710087913424066741
6083 1048.190000 -0.359917265100838823511 -0.000732231862319810897222 -0.0466464160408087483156 -0.0139094231473610285138 -0.0187017754421510869201 0.999728348874342476194 3.05709894565827466906
6084 1048.199000 -0.359916970045259909661 -0.000731117551686991107296 -0.0466463387281549207719 -0.0139097043074594452217 -0.018702719166479118279 0.999728327307903508192 3.05709703718741732104
6085 1048.207000 -0.359916711762136853903 -0.000730104553760917845961 -0.0466462620304537306515 -0.0139099359820777212365 -0.018703561837133397816 0.99972830831960490805 3.05709528268018182473
6086 1048.215000 -0.35991645211609751831 -0.000729100058739147981191 -0.0466461888995529441737 -0.0139101680673520203269 -0.018704392431621842674 0.999728289550766757721 3.05709355046167630121
6087 1048.223000 -0.359916188629793132314 -0.000728084993843238978406 -0.0466461172955769248771 -0.0139104296597420563214 -0.0187052531577873923374 0.999728269806843372614 3.05709178072733234188
6088 1048.232000 -0.359915896648433153437 -0.000726946153369260883448 -0.0466460346287257687781 -0.0139107011637176376795 -0.0187062013111497400797 0.999728248288323739779 3.05708980316359912877
6089 1048.238000 -0.359915702295283579382 -0.000726184932685451818568 -0.0466459793099940761563 -0.0139108816760244551058 -0.0187068331017086406098 0.999728233954758627178 3.05708847844291442541
6090 1048.243000 -0.359915542951313172093 -0.000725552784509592672835 -0.0466459320550367609326 -0.0139110237138945023322 -0.01870735446677940228 0.999728222222462825641 3.05708738277738589773
6091 1048.248000 -0.359915382241930981166 -0.000724918256960562813751 -0.0466458853395414069221 -0.0139111625357117990598 -0.0187078678548978187546 0.999728210683898055322 3.05708627964733636873
6092 1048.257000 -0.359915091490317973211 -0.000723769124740194710887 -0.0466458019215886462994 -0.0139114322397262558245 -0.0187088142468760446069 0.999728189220707941232 3.05708426868597760162
6093 1048.264000 -0.359914864572021264699 -0.000722870449093766971604 -0.0466457374247459255479 -0.0139116530254023464119 -0.018709562571964415828 0.999728172144041637992 3.05708268711590935851
6094 1048.272000 -0.359914607460042335063 -0.000721845279617434713859 -0.0466456627643901111657 -0.0139118813011913210892 -0.0187103902451304371368 0.999728153477502323732 3.05708088856079251983
6095 1048.280000 -0.359914346078766544945 -0.000720809116036693481311 -0.0466455900962541025745 -0.013912140134975796088 -0.018711247855302731713 0.999728133824672626773 3.05707905027958792843
6096 1048.288000 -0.359914090673152331501 -0.000719779039333511526377 -0.0466455149778124550375 -0.0139123715891351831114 -0.0187120827692650940066 0.99972811497686808746 3.05707723534020070488
6097 1048.298000 -0.359913765990825307295 -0.000718479478932704425376 -0.0466454236521614412636 -0.0139126794916239332478 -0.018713137343064803475 0.999728090952806458525 3.05707492545267012218
6098 1048.306000 -0.35991351075055139086 -0.000717442795485298719094 -0.0466453488859457920945 -0.0139129113894280627417 -0.0187139722114024117938 0.999728072097978426314 3.05707308942708477772
6099 1048.315000 -0.359913220936153133156 -0.000716269334148767963799 -0.0466452661870640633568 -0.0139131817253523443201 -0.0187149171209214613965 0.99972805064749192816 3.05707099974504492579
6100 1048.323000 -0.359912964394552725711 -0.000715225683761210734302 -0.0466451924437294301873 -0.0139134110800256324825 -0.0187157445737545641284 0.999728031965278152171 3.05706914230294701795
6101 1048.332000 -0.359912674391155873455 -0.00071406763843994899843 -0.0466451134036156844775 -0.0139136860320785201578 -0.0187166853807979351176 0.999728010525541277431 3.05706709359774508883
6102 1048.340000 -0.359912414203214015007 -0.000712989355472062186214 -0.0466450388162296253336 -0.0139139422435457862925 -0.0187175481839618011726 0.999727990806111299626 3.05706513144791092174
6103 1048.348000 -0.359912159623405725206 -0.000711939533016743564264 -0.0466449650399619539232 -0.0139141751772021791261 -0.0187183840812726702552 0.999727971913622170952 3.05706325561500236176
6104 1048.356000 -0.359911903756592543857 -0.000710886370439816825395 -0.0466448920310876258277 -0.0139144051429094302991 -0.0187192123534530227569 0.999727953204463171133 3.05706136985776089077
6105 1048.363000 -0.359911678246488675459 -0.000709959012430851077458 -0.0466448290889426575578 -0.0139146273609001471655 -0.0187199609232185822105 0.999727936094836011627 3.05705969872072191862
6106 1048.371000 -0.359911422821423299112 -0.000708902132568581949679 -0.0466447563138174536856 -0.0139148573029089853148 -0.0187207892730818052651 0.999727917383141040375 3.05705780193269260891
6107 1048.380000 -0.359911134689857137303 -0.000707708388207539500214 -0.0466446750475944804659 -0.0139151284533544118693 -0.0187217353361387485455 0.999727895892742468575 3.05705565155165182034
6108 1048.389000 -0.359910846897443570391 -0.000706512328308912460062 -0.0466445938635436305186 -0.0139153993898042619565 -0.0187226811968359378724 0.999727874408143146745 3.05705349405540571794
6109 1048.398000 -0.359910559448615274825 -0.000705313990306552854315 -0.046644512729380839533 -0.0139156700344109374168 -0.018723626758436737183 0.999727852932238869599 3.0570513294132108939
6110 1048.407000 -0.359910271886394073082 -0.000704138236018274354944 -0.0466444347634471651043 -0.0139159442880442806717 -0.0187245667447340259637 0.999727831509553466205 3.05704922630009745532
6111 1048.415000 -0.359910013987658206069 -0.00070303859845115019428 -0.0466443610064233085688 -0.0139161995698547542866 -0.0187254293381722003442 0.999727811799608345744 3.05704719979362904425
6112 1048.423000 -0.359909761771806613329 -0.000701971142565315474326 -0.0466442878264440169422 -0.0139164309762333897325 -0.0187262638876708846503 0.999727792946506599314 3.05704526939687415421
6113 1048.432000 -0.359909475553398250369 -0.000700764197111599165813 -0.0466442066465862364977 -0.0139167000334555635704 -0.0187272078538441091866 0.999727771518915897531 3.05704307659909790829
6114 1048.440000 -0.359909222349283242082 -0.000699691640687189614356 -0.0466441340013437205636 -0.0139169276040904330016 -0.0187280339002092767464 0.999727752876899522505 3.05704112956211204732
6115 1048.449000 -0.359908936669971091238 -0.000698480303358792534163 -0.0466440527189758147308 -0.0139171957661936088191 -0.0187289770931257787412 0.999727731474450487248 3.05703892202722560256
6116 1048.458000 -0.359908651256019118669 -0.000697266631485136956226 -0.0466439713795380322958 -0.0139174634770934720768 -0.0187299199444609411336 0.999727710083719744993 3.05703670665425208952
6117 1048.466000 -0.359908394343834536766 -0.000696180176307932899182 -0.0466439005304910697669 -0.013917720428989633491 -0.0187307753759459773291 0.999727690479700670245 3.05703470993550041612
6118 1048.475000 -0.359908109404961262801 -0.000694962136829679021088 -0.0466438191024107495775 -0.0139179873825398588844 -0.0187317177377703883434 0.999727669106848404468 3.05703247998161975474
6119 1048.483000 -0.359907858789449086601 -0.00069388099011740648342 -0.046643745643720743721 -0.0139182162417933932147 -0.0187325503317322360208 0.999727650320183958144 3.05703050384254826355
6120 1048.492000 -0.35990757431068454153 -0.000692658729096511972811 -0.0466436641773516069698 -0.0139184826014933094029 -0.018733492384637725342 0.999727628959581671175 3.05702825996143223719
6121 1048.501000 -0.359907290076658392675 -0.000691434325705637259363 -0.0466435827176334624755 -0.0139187487173665948303 -0.018734434321610645563 0.999727607603587142826 3.05702600908120958323
6122 1048.509000 -0.359907038599241890786 -0.000690346462204454933143 -0.0466435098887270221946 -0.0139189739061020070765 -0.0187352588376205712872 0.999727589016972451041 3.0570240113018005701
6123 1048.518000 -0.35990675483923439959 -0.00068911823062154341224 -0.0466434284955234840231 -0.0139192396795558264583 -0.0187362005789549652957 0.999727567667616279223 3.05702174800772530361
6124 1048.527000 -0.359906471338383160408 -0.000687888096720888457536 -0.0466433471638719038266 -0.0139195053206993598488 -0.0187371421999605707043 0.999727546321399151985 3.05701947856779421286
6125 1048.535000 -0.35990621613474199636 -0.000686787432379229109691 -0.0466432764288551016119 -0.0139197606924052370847 -0.0187379966538754570704 0.999727526750997075311 3.05701743537855064048
6126 1048.544000 -0.359905933138639166913 -0.000685553936179551619279 -0.0466431952511255770721 -0.0139200261347273493429 -0.0187389379605039096965 0.999727505411610151143 3.05701515504588705596
6127 1048.553000 -0.359905650416015798765 -0.000684318771641617522306 -0.0466431141675483287856 -0.0139202914796143200488 -0.0187398790393886113814 0.99972748407689160377 3.05701286926121262866
6128 1048.561000 -0.359905401797310897649 -0.000683222954896861925378 -0.0466430411209531325945 -0.0139205191056153108897 -0.0187407104182212569388 0.999727465322850172846 3.05701084533937716969
6129 1048.570000 -0.359905119596590272746 -0.000681984811795665474277 -0.0466429602202786119935 -0.0139207842403226544209 -0.0187416509394419741885 0.999727443999712472866 3.0570085496744803244
6130 1048.578000 -0.359904869949752792557 -0.000680885206479756033282 -0.0466428879439370613902 -0.0139210086092852354522 -0.0187424739840013274139 0.999727425445685602412 3.05700651345640483925
6131 1048.585000 -0.359904649874473292481 -0.000679917915255168897604 -0.0466428255858060483718 -0.0139212258101765636031 -0.0187432176610518898274 0.999727408478757517685 3.05700471229898962378
6132 1048.592000 -0.359904428471408188717 -0.000678948525057831812901 -0.0466427638862124266383 -0.0139214398584562287081 -0.0187439533195308746794 0.999727391705470203043 3.05700290442904609733
6133 1048.599000 -0.359904213115065041428 -0.000677987410456439357209 -0.0466426996781983543849 -0.013921626295429834555 -0.0187446662301810305917 0.999727375742611945597 3.05700112685193081674
6134 1048.607000 -0.359903959850665200459 -0.000676875766142663592984 -0.0466426295453518102718 -0.0139218806380224362912 -0.018745518331028464265 0.999727356223686580705 3.05699904670935973527
6135 1048.614000 -0.35990374483662534999 -0.00067591283130866500195 -0.0466425654057048832968 -0.0139220667669152121937 -0.0187462306646577724079 0.999727340274739639803 3.05699726270193261612
6136 1048.621000 -0.359903525587660810814 -0.000674941142885842997046 -0.0466425032260798372308 -0.0139222832632386207125 -0.0187469729825687388136 0.999727323340083962044 3.05699544608441842186
6137 1048.627000 -0.359903338611731793417 -0.000674109517797887893009 -0.0466424495646859810227 -0.0139224591046896908203 -0.0187475981773122593599 0.999727309167385058686 3.05699389402142651662
6138 1048.635000 -0.35990309045236912322 -0.000673001974142658360156 -0.0466423775893810704796 -0.013922682167697323502 -0.0187484187944726397868 0.999727290671793444865 3.05699182986245876492
6139 1048.642000 -0.359902871664203205526 -0.000672027817685486549004 -0.0466423154490321900667 -0.0139228981343486272332 -0.0187491603237256131143 0.999727273757546330835 3.05699000436461654218
6140 1048.648000 -0.359902685080453699218 -0.000671194097750460461071 -0.0466422618123385479549 -0.0139230735101099380169 -0.0187497848578399538277 0.999727259602246065562 3.05698844474573361296
6141 1048.655000 -0.359902465080859212954 -0.000670217232141676402812 -0.0466422002940425073358 -0.0139232860909862758009 -0.0187505181623953097458 0.999727242888314160396 3.05698661018638651043
6142 1048.662000 -0.359902251116462457148 -0.00066924872511633405614 -0.0466421362305741785126 -0.0139234710012436941479 -0.018751228746767698019 0.999727226985323125241 3.05698480611145884112
6143 1048.670000 -0.359901999431137098462 -0.000668128737918266893403 -0.0466420662238244687625 -0.0139237235432340851482 -0.0187520782378532493984 0.999727207534361839159 3.0569826959520782772
6144 1048.677000 -0.3599017857916296248 -0.000667158607433054537394 -0.046642002169681499868 -0.0139239080689326256979 -0.0187527883443883262859 0.999727191644499746381 3.05698088599339490301
6145 1048.684000 -0.359901567913228526141 -0.000666179830370613665358 -0.0466419400590072155688 -0.0139241229504600185635 -0.0187535284904999655087 0.999727174767804482869 3.05697904375773843455
6146 1048.691000 -0.359901348695917666642 -0.000665199118702232070066 -0.0466418785695287343995 -0.0139243346241831253418 -0.0187542606562840878659 0.999727158084899647505 3.05697719524863664731
