19452 902.216000 32.5669678174742571741 -0.0749770969588848534837 5.3941019939587340204
19453 902.224000 32.5666847960276228946 -0.0740788543873034943665 5.39341564718614918661
19454 902.231000 32.5664700660413899413 -0.0734157099483404573803 5.3928056898449501233
19455 902.239000 32.5662574061406928649 -0.072826708585777374938 5.39214996422784142993
19456 902.247000 32.5660757262476394658 -0.0724260982195188418586 5.39158103133867960821
19457 902.255000 32.5659219997295963367 -0.0722042024477079630307 5.39112947988049384662
19458 902.263000 32.5657940567097696771 -0.0721379105009741228294 5.39081189306306018949
19459 902.271000 32.5656902564718038207 -0.0721960701610282473695 5.39063191922289419722
19460 902.278000 32.565618100753695785 -0.0723219733891554972249 5.39058155538683259067
19461 902.286000 32.5655556042860183652 -0.0725209843392181086053 5.39063170736039598552
19462 902.293000 32.5655170415142976026 -0.0727199490695618622205 5.39075258312130944915
19463 902.300000 32.5654920093055366692 -0.0729233973733889873081 5.39092629685686031138
19464 902.308000 32.565477765247372588 -0.0731433113871233914205 5.39116454267376354892
19465 902.316000 32.5654760434149110893 -0.0733352614188749613033 5.3914176202740646815
19466 902.324000 32.5654836619875069914 -0.0734899436247997278615 5.39165930312354291232
19467 902.332000 32.5654973248460706259 -0.0736034281943803575521 5.39186781987564955898
19468 902.340000 32.5655137986340790235 -0.0736761955517754862921 5.39202723169645725676
19469 902.348000 32.5655300871579811428 -0.0737120364525322285809 5.39212818012797967526
19470 902.356000 32.5655435855204444806 -0.073716939629877381579 5.39216798891090043355
19471 902.364000 32.5655522011871099153 -0.0736980608640228213035 5.39215016394866086813
19472 902.373000 32.5655542139650577838 -0.0736576443991849016957 5.39207219116397773462
19473 902.380000 32.5655494115404096078 -0.0736182927043623480667 5.39198015274037611988
19474 902.388000 32.5655374383005877803 -0.0735710629682590905309 5.39185486720568629693
19475 902.396000 32.5655148410666726022 -0.0735247230463719619875 5.39172352417158329274
19476 902.405000 32.5654837923307667324 -0.0734785805225323523926 5.39158648571505683122
19477 902.413000 32.5654513201469129058 -0.0734459100823434130056 5.39148682938127876696
19478 902.421000 32.5654154171210166169 -0.0734217894830956618879 5.39141728133247877253
19479 902.429000 32.5653779262216716006 -0.0734062649525483862378 5.39138277732714676915
19480 902.438000 32.5653355648385840482 -0.0733980244004488746601 5.39138718412382100809
19481 902.443000 32.5653127718087134213 -0.073397098309080491263 5.39140823574224548054
19482 902.449000 32.5652865443714176763 -0.0733987017406864949987 5.39144891377539181576
19483 902.455000 32.5652620833777604048 -0.0734027355716263540941 5.39150358361161607945
19484 902.461000 32.5652397840881349111 -0.0734085836308533828953 5.39156873690491433848
19485 902.466000 32.5652229651453168913 -0.0734143816301852936146 5.39162828059784171586
19486 902.471000 32.5652081256472172299 -0.0734207855032000256124 5.39169010714579943766
19487 902.476000 32.5651952207091426317 -0.0734275458275425729759 5.39175194310667205144
19488 902.482000 32.5651822066112686116 -0.0734356780873529624287 5.39182315955904201132
19489 902.490000 32.5651690072544823806 -0.0734461019480069088328 5.39190756811190308184
19490 902.499000 32.5651597280044171612 -0.0734567465527939528203 5.39198080296040505033
19491 902.507000 32.5651557943524991856 -0.0734647890172508144513 5.39202183949895808013
19492 902.515000 32.5651552253967153661 -0.0734713256453966151449 5.39203819714903609395
19493 902.523000 32.5651572222640979248 -0.0734761275773404831657 5.39203031731641591051
19494 902.531000 32.565160898548839441 -0.0734791641183379640179 5.39200059842557699596
19495 902.539000 32.565165859488772071 -0.0734804807338330229216 5.3919531208876243511
19496 902.545000 32.5651699320683860606 -0.0734803265567247204659 5.39190900007950091322
19497 902.552000 32.5651747735600665123 -0.0734790137665464054839 5.39185183015931190909
19498 902.558000 32.5651787129304679524 -0.0734768382734036079595 5.39180089578242593973
19499 902.565000 32.5651829214953778546 -0.0734731484523776651185 5.39174262439279416981
19500 902.572000 32.5651867559698686705 -0.0734685051534228611425 5.39168881927025456235
19501 902.580000 32.5651903442253995991 -0.0734619510431674255235 5.39163670142434092725
19502 902.588000 32.5651935168549044874 -0.0734545001620339893522 5.39159763177927509048
19503 902.596000 32.5651963648308893085 -0.073446436691514682682 5.39157361846329230559
19504 902.604000 32.5651990683811973781 -0.0734382590441203242371 5.39156517788600631036
19505 902.611000 32.5652015545822663967 -0.0734311401888251974457 5.39157017099646118652
19506 902.619000 32.5652050990274162245 -0.0734236634980248575877 5.39158839903696041063
19507 902.627000 32.5652094014361495056 -0.0734170530217757993929 5.39161761905744096879
19508 902.635000 32.5652150988833355427 -0.0734117815024083186781 5.3916546795969519934
19509 902.643000 32.5652223414683206215 -0.0734081104586138677437 5.39169620313297848213
19510 902.650000 32.5652299572996852817 -0.0734061830729593328693 5.39173358988585160745
19511 902.657000 32.5652390039114578713 -0.0734056193628975922616 5.39176972090947881355
19512 902.666000 32.5652528095230380245 -0.0734067110445784654083 5.39181146555222223782
19513 902.674000 32.5652671124358121801 -0.0734091761577583268306 5.39184191302585080763
19514 902.682000 32.5652832379208163616 -0.0734127829359773192985 5.39186464012786181854
19515 902.690000 32.5653008567925752459 -0.0734169876296733303622 5.39187905803422840023
19516 902.698000 32.5653201205002034158 -0.0734214920328891823553 5.39188516551303109736
19517 902.705000 32.5653379897976975599 -0.0734253030975755976995 5.39188420363691189863
19518 902.710000 32.56535136732045288 -0.0734277713112110458349 5.39188032598097688464
19519 902.717000 32.5653706746671147698 -0.0734306944648743659121 5.39187114777972986701
19520 902.722000 32.5653849777497654827 -0.0734322709837970932778 5.39186244779986534326
19521 902.728000 32.5654024311100371847 -0.0734335492999177857909 5.3918502319631027575
19522 902.735000 32.5654234434284077793 -0.0734340789838966584435 5.39183448913159679705
19523 902.742000 32.5654447645809810297 -0.0734333950023046272415 5.39181820216611473739
19524 902.749000 32.5654665500314308701 -0.0734316562749913609442 5.39180232133354753188
19525 902.757000 32.5654920406031607172 -0.0734283945911790858485 5.39178577678679893381
19526 902.765000 32.5655179626871529308 -0.0734239446631298059431 5.39177190217057056287
19527 902.772000 32.5655412356715316946 -0.0734193929316827309517 5.39176249392616391276
19528 902.779000 32.5655650568010983648 -0.0734143825258294913105 5.39175588692847451711
19529 902.787000 32.5655927016425579268 -0.0734082900795489518009 5.39175191342263193661
19530 902.795000 32.5656212702368463852 -0.0734022866237126203615 5.39175154803465783715
19531 902.802000 32.5656468961249387917 -0.0733973333428096785802 5.39175391235488987718
19532 902.810000 32.5656771325776688286 -0.0733922407377343571921 5.39175920123296137376
19533 902.818000 32.5657083783185186121 -0.0733880193370171629574 5.3917666269626751685
19534 902.825000 32.5657364334656307392 -0.0733850065397509271348 5.39177438429279654031
19535 902.833000 32.5657696206517570658 -0.073382607863880150445 5.39178401213114621982
19536 902.841000 32.5658036865586808517 -0.0733810890157926692945 5.39179391657862083775
19537 902.849000 32.5658389314629346245 -0.0733804946880322328528 5.39180349593580032774
19538 902.857000 32.5658752037693446368 -0.0733806851265681181484 5.3918123060067228991
19539 902.864000 32.5659075990070761009 -0.0733812020587109314906 5.39181916481523693108
19540 902.872000 32.5659456042156563171 -0.0733822130580144282863 5.39182577047566802264
19541 902.880000 32.5659842706072453211 -0.073383244905268624203 5.3918310290230540005
19542 902.887000 32.5660189318058215235 -0.0733841622705689589079 5.39183446057001258822
19543 902.895000 32.5660589824020405558 -0.0733848614950074612517 5.39183718290106117621
19544 902.903000 32.5660998297003914104 -0.073385190745519190969 5.39183870363244377444
19545 902.911000 32.5661413092880707154 -0.073385058726648369487 5.39183920859476017995
19546 902.919000 32.5661831867027871112 -0.0733842596682115211326 5.3918389561694022305
19547 902.927000 32.5662257549091478381 -0.0733829268048147159709 5.39183811760918807465
19548 902.935000 32.5662688878712387464 -0.0733811144282210253698 5.39183691069931914086
19549 902.942000 32.5663069691478384016 -0.0733790492250610271174 5.39183576973837830337
19550 902.949000 32.5663455759286719626 -0.073376826401193473437 5.39183455936155198174
19551 902.957000 32.566390048463958351 -0.0733739265424724201869 5.3918333607358830406
19552 902.965000 32.566435264416945472 -0.073370932829602941716 5.39183239673103020806
19553 902.972000 32.5664752660936471784 -0.0733683084970415122505 5.39183183146402367214
19554 902.980000 32.5665216722975259245 -0.07336538378709461794 5.39183155339901798442
19555 902.988000 32.5665687764793716497 -0.0733626918180786541379 5.39183168481851993192
19556 902.995000 32.5666104336092843141 -0.0733604410065003403885 5.39183218483947523936
19557 903.003000 32.5666588423536467189 -0.0733582419598489132717 5.39183311791605390795
19558 903.011000 32.5667077872956198803 -0.0733562431324733532634 5.39183447827012951592
19559 903.018000 32.5667513908334456119 -0.0733548161326475350874 5.39183592941555644984
19560 903.025000 32.566795356523009275 -0.0733534910655281313652 5.39183765020550787028
19561 903.033000 32.5668463844941058483 -0.0733522873710216044563 5.39183982503048042645
19562 903.040000 32.5668914515968879186 -0.0733512729474566083088 5.39184192463563860542
19563 903.048000 32.5669436935927762988 -0.0733503170700155332495 5.39184442627461368858
19564 903.056000 32.5669963680085388091 -0.073349304787854396892 5.39184704775108869512
19565 903.064000 32.5670497576090625103 -0.0733483146052049672647 5.39184968221445437564
19566 903.072000 32.5671037125732851791 -0.0733473098082375596363 5.39185227916417009197
19567 903.080000 32.5671580026578411093 -0.0733461010678955194209 5.39185483947094468249
19568 903.088000 32.5672129156632479408 -0.0733448024830921779804 5.39185727431190997549
19569 903.095000 32.5672612657753859366 -0.0733435592842136274694 5.39185929267165775514
19570 903.102000 32.5673100960852792696 -0.07334225190866247579 5.39186117164239941957
19571 903.109000 32.5673590818130023194 -0.0733407517532800867777 5.39186295068367638095
19572 903.117000 32.5674156005607784437 -0.0733390466223440284921 5.39186478217621800724
19573 903.124000 32.5674652711992678178 -0.0733373949672188329973 5.39186626824779846601
19574 903.130000 32.5675081564585369165 -0.0733359910928244318473 5.3918674242633475302
19575 903.137000 32.5675584485673894619 -0.0733343403684567490819 5.39186866067929937429
19576 903.142000 32.5675946371102540411 -0.0733331531172143752384 5.39186947499533975048
19577 903.148000 32.5676382386055536244 -0.0733317443761642012712 5.39187038773377302903
19578 903.156000 32.5676968232540673398 -0.0733299512115965501646 5.3918714967445406927
19579 903.164000 32.5677556827406320394 -0.0733281183360989380349 5.39187255957207689505
19580 903.169000 32.5677928052626342037 -0.0733270312948219038507 5.39187318649126101633
19581 903.173000 32.5678225625133066501 -0.073326189998059121411 5.3918736808266061189
19582 903.178000 32.5678600095846135787 -0.0733251538007729936064 5.39187429272970497607
19583 903.184000 32.5679051398370731363 -0.0733239521547981304428 5.39187503062851725133
19584 903.189000 32.5679430159277032431 -0.0733230294915588054483 5.39187563977135297932
19585 903.195000 32.5679886293181297674 -0.0733218915791670894366 5.39187641074259094154
19586 903.199000 32.5680191180601923406 -0.0733210978476758895583 5.39187695753108364727
19587 903.204000 32.5680575418332267645 -0.0733202329587289147739 5.3918776286739724668
19588 903.209000 32.5680959744145610557 -0.0733192828831793486088 5.39187836153051236465
19589 903.215000 32.5681424552203111489 -0.0733182065753329309521 5.39187926411315388009
19590 903.223000 32.5682048609038190534 -0.073316769149852412113 5.39188054537731797922
19591 903.231000 32.5682677310122272729 -0.0733153738004132249362 5.39188190444497461584
19592 903.240000 32.56833888966160373 -0.0733137142478944153767 5.39188356029654869417
19593 903.248000 32.5684024674276457745 -0.073312152351584544685 5.3918851386168871187
19594 903.256000 32.5684665778024182714 -0.0733105873967515309086 5.39188677356768764071
19595 903.265000 32.5685391023603898475 -0.0733087772234425616436 5.39188868511926955307
19596 903.273000 32.5686040128642346758 -0.0733071735491983983435 5.39189041483309416947
19597 903.281000 32.5686690931504685409 -0.073305438146913329267 5.39189220338534891397
19598 903.289000 32.5687346470966616607 -0.0733037184974830446915 5.39189398493163007942
19599 903.297000 32.5688005483456919364 -0.0733020393368191830463 5.391895746202918005
19600 903.305000 32.5688665905646317356 -0.0733002610925643227624 5.39189752091115970245
19601 903.313000 32.5689330842673854249 -0.0732985329347685954371 5.39189924810547616119
19602 903.321000 32.5689999096217874808 -0.0732968782624928982816 5.39190092107113194686
19603 903.329000 32.5690668662735163252 -0.0732951535010206850496 5.39190258124184929045
19604 903.338000 32.5691426728412309899 -0.0732933026175786872525 5.39190437271843236999
19605 903.346000 32.5692104180765724664 -0.0732916888180259740171 5.39190591300951460596
19606 903.354000 32.569278495809143692 -0.0732901629359255374352 5.39190739227638715647
19607 903.363000 32.5693553748340463017 -0.073288424566869958543 5.3919090251040540096
19608 903.371000 32.5694239328141890155 -0.073286858201855320516 5.39191045632999710335
19609 903.378000 32.5694843702133667307 -0.0732855870551628874043 5.3919116555249599898
19610 903.387000 32.5695622841937648673 -0.0732839027351304406199 5.39191319730408391564
19611 903.395000 32.5696317582054604145 -0.0732823594976845515969 5.39191457303026400183
19612 903.404000 32.5697103927105473531 -0.0732806650387562291682 5.39191609990072784342
19613 903.412000 32.5697806414742174752 -0.0732791382533273805144 5.39191746251437198367
19614 903.421000 32.5698599711425131886 -0.0732774012418343084763 5.39191901119519734209
19615 903.429000 32.5699308502466280402 -0.0732758826911923122349 5.39192039078170548549
19616 903.437000 32.5700018297011055779 -0.0732742431732673338285 5.39192182403531639068
19617 903.445000 32.5700732170598499238 -0.0732726214822750215871 5.39192326354393269838
19618 903.453000 32.570144887420219959 -0.0732710336657676070127 5.39192471206537593531
19619 903.461000 32.5702166337872469626 -0.073269332286410304711 5.39192621635807523006
19620 903.468000 32.5702798062525644696 -0.0732679194929772292788 5.3919275195572780035
19621 903.473000 32.5703248589208698149 -0.073266827817199481343 5.39192848785939027323
19622 903.479000 32.5703791667232067653 -0.0732655709709933294915 5.39192963884106291061
19623 903.483000 32.5704155477002643693 -0.0732647789015327954854 5.39193039427648734829
19624 903.489000 32.5704700654794123693 -0.0732635233208311920095 5.39193155780242072694
19625 903.497000 32.5705428419139551011 -0.0732618091217011740968 5.39193313336850010842
19626 903.504000 32.5706068949634186538 -0.07326040382084071656 5.39193448516199858034
19627 903.512000 32.5706800715089954679 -0.0732587118231528278134 5.39193606622570520415
19628 903.520000 32.5707536013286045318 -0.0732570766237086723471 5.39193762713700941447
19629 903.527000 32.5708180368538080529 -0.0732556675305583715474 5.39193898897139245463
19630 903.535000 32.570891953328619195 -0.0732540624652668059813 5.39194053516171578622
19631 903.543000 32.5709661011516757867 -0.0732525270116814591903 5.39194205472535159629
19632 903.550000 32.5710310222942069913 -0.0732510992231798496732 5.39194340325809484682
19633 903.558000 32.5711055486180285357 -0.073249584758609168067 5.39194489760578399284
19634 903.566000 32.5711801030179586292 -0.0732479805105420572753 5.39194641032756383225
19635 903.574000 32.571254999277542197 -0.073246420811257581529 5.39194789260308926515
19636 903.581000 32.5713206210444070621 -0.0732450642724732786659 5.39194918099744580076
19637 903.589000 32.5713958817204485285 -0.0732435011735066421323 5.39195064228273501783
19638 903.597000 32.5714713600362486545 -0.0732419869841429982404 5.39195208021959793143
19639 903.605000 32.5715468535784538062 -0.0732403681920863192101 5.39195354464157539098
19640 903.613000 32.5716226742226950819 -0.0732387811913275815767 5.39195498865828515278
19641 903.621000 32.5716987012125755996 -0.0732372387249499295914 5.39195641686382121094
19642 903.630000 32.5717843654316254742 -0.0732354343263578178025 5.39195804345734597263
19643 903.638000 32.5718605865899917262 -0.0732337742730416046966 5.39195950993207873125
19644 903.646000 32.5719371169964375667 -0.0732321474639006791962 5.39196096485356157757
19645 903.654000 32.5720138355988382273 -0.0732305691107902334558 5.391962411467690508
19646 903.662000 32.5720905391682720165 -0.0732288899123668263202 5.39196389785361152036
19647 903.670000 32.5721675393310334812 -0.073227249855426890246 5.39196537477781578929
19648 903.677000 32.572234963699251864 -0.0732258229530532572804 5.39196667449179223297
19649 903.685000 32.5723122399045479369 -0.0732241840187218967495 5.39196816481635998741
19650 903.693000 32.5723896860710553369 -0.0732226031052903708618 5.39196964590276461848
19651 903.701000 32.5724671003254471202 -0.073220930190930566539 5.39197116386670938226
19652 903.708000 32.5725351475613322805 -0.073219556846400662975 5.39197246384098249905
19653 903.716000 32.5726128167958108861 -0.0732178941626893814432 5.3919739864956595099
19654 903.724000 32.5726907628844983833 -0.0732162786587155917095 5.39197549232128370278
19655 903.732000 32.5727688671394730591 -0.0732147234394841112115 5.3919769819533049926
19656 903.739000 32.5728371896881299108 -0.0732132719209912380398 5.39197831312373043744
19657 903.747000 32.5729155338219626969 -0.0732117246907024593616 5.39197979756529033324
19658 903.755000 32.5729938315953688743 -0.0732100838074289661517 5.39198131028956328947
19659 903.763000 32.5730723966834077032 -0.0732084859105478907848 5.39198280140758967605
19660 903.771000 32.5731511103989106459 -0.0732069432216331805741 5.39198427279671310686
