4765 1306.299000 19.8221379811317248709 -0.0455460859090143638239 5.93884097987183068312
4766 1306.307000 19.8220167153312445407 -0.0448527053215845017409 5.93831358583136204032
4767 1306.316000 19.8219031446453755052 -0.0442892047245545331102 5.9377197934425449688
4768 1306.325000 19.821812632905526641 -0.0439515359706092664793 5.93716318885985128162
4769 1306.335000 19.8217382232807821651 -0.0438170995528386966744 5.936622378188168625
4770 1306.344000 19.8216936103639049804 -0.0438797229017518705674 5.93622620354331154147
4771 1306.354000 19.821666399655331503 -0.044107909491802099744 5.93590052897795583675
4772 1306.363000 19.8216587733727145348 -0.0444138701146408534925 5.93571460127937022833
4773 1306.373000 19.8216642695389850815 -0.0448173339802624970396 5.93562297859955645407
4774 1306.382000 19.8216771943156864211 -0.0451983154098486369921 5.93563324761152166786
4775 1306.392000 19.8216951972980517382 -0.0456018521649289160225 5.93572851866367834361
4776 1306.401000 19.8217106461808576512 -0.0459194886445108627071 5.9358690748045734864
4777 1306.409000 19.8217212933850994716 -0.0461501194647786980307 5.93602054866794670573
4778 1306.418000 19.8217279090899793914 -0.0463413834290032564112 5.93620289253980626398
4779 1306.428000 19.8217267550484095295 -0.0464651430736022774681 5.93639985970766836942
4780 1306.437000 19.8217180107142070256 -0.0464992720630401507043 5.9365579614454331292
4781 1306.447000 19.8217007935003977082 -0.0464628752348608675682 5.93670103081758604446
4782 1306.456000 19.821679597717302812 -0.0463772009865750720059 5.93679629358421934171
4783 1306.466000 19.8216513235080888933 -0.0462421886097905757151 5.93686530905595688523
4784 1306.476000 19.821620283776653082 -0.0460858285419369281821 5.93690046523707959381
4785 1306.485000 19.8215915158761397663 -0.0459432962072057540781 5.93690928235555226422
4786 1306.495000 19.8215607974665282143 -0.0457986007109275200522 5.93690139842958330973
4787 1306.504000 19.8215347578275036255 -0.0456905132348145240351 5.93688468499181887239
4788 1306.513000 19.821511323473131938 -0.0456098417763020694271 5.93686361833344200534
4789 1306.523000 19.8214891988584547278 -0.0455559472587520122855 5.9368388256098629796
4790 1306.533000 19.8214704717406853263 -0.0455388260445144382738 5.93681470409364830942
4791 1306.542000 19.8214571627376088259 -0.0455520593724744946029 5.93679377759005166837
4792 1306.552000 19.8214448302630330545 -0.0455919167225669677568 5.93677060405052614556
4793 1306.562000 19.8214358989231094199 -0.0456505935466136256173 5.93674623051754046799
4794 1306.571000 19.8214292397437645832 -0.0457117547012095351566 5.93672207930715867263
4795 1306.581000 19.8214235564218022034 -0.0457811473234774543584 5.93669215756156010144
4796 1306.591000 19.8214185552816886116 -0.0458444010641298263509 5.93665926049173631185
4797 1306.600000 19.8214152068803350915 -0.045890958493872070767 5.93662851373559607993
4798 1306.610000 19.8214122639536469705 -0.0459277549798150774851 5.93659483983844538102
4799 1306.620000 19.8214096099349603719 -0.0459469766043245145259 5.93656436548658472674
4800 1306.630000 19.8214079914939844684 -0.045948702297673810202 5.93654029013136330661
4801 1306.639000 19.8214076274921708887 -0.0459375794135924234163 5.93652590108071986919
4802 1306.649000 19.8214086975510674904 -0.0459137986538643849688 5.93651995918688601961
4803 1306.658000 19.821410602906219367 -0.0458857096913492315537 5.93652406913928754051
4804 1306.667000 19.8214139584436672692 -0.0458547555339352819193 5.93653691387186022155
4805 1306.677000 19.8214197715955684487 -0.0458211036653065062474 5.93656000471640421523
4806 1306.687000 19.8214270640347507424 -0.0457915129681236224291 5.9365899713591199216
4807 1306.695000 19.8214344486086488928 -0.0457729391731388074449 5.93661678653961111252
4808 1306.703000 19.8214420296877982253 -0.0457594198252751355183 5.93664416525083193932
4809 1306.709000 19.8214487555529430551 -0.0457532545015457356441 5.93666402268837423151
4810 1306.718000 19.8214603806450284651 -0.0457503818281705457172 5.93669102266011083913
4811 1306.727000 19.821471494215430198 -0.0457538965827139418319 5.9367127299324788936
4812 1306.735000 19.8214828849505586561 -0.0457621086667117302205 5.93672650735451856718
4813 1306.744000 19.8214958196753734398 -0.0457754184246730033703 5.93673477995999387957
4814 1306.752000 19.8215079674624128359 -0.0457894167149130518202 5.93673574923774793888
4815 1306.761000 19.821521710739951061 -0.0458060720111202260285 5.93672978866881617677
4816 1306.769000 19.8215340459131112993 -0.0458203384470554711538 5.9367189809157210334
4817 1306.778000 19.8215491836126922465 -0.0458346617416395332723 5.9367020935954544214
4818 1306.787000 19.821564199281308305 -0.0458456834807233898355 5.93668171158867252757
4819 1306.797000 19.8215817104435600982 -0.0458535535415089540168 5.93665719226231658467
4820 1306.805000 19.8215969073064925965 -0.0458561790148971845649 5.93663797687220284871
4821 1306.814000 19.8216146711316021367 -0.0458552892937059280998 5.9366182258901156743
4822 1306.822000 19.8216312996445331862 -0.0458514886604246552082 5.93660338472896764728
4823 1306.830000 19.8216489632742316473 -0.0458456689545449352918 5.93659164746451750716
4824 1306.839000 19.8216692433443384402 -0.0458367638961275913889 5.93658290983848768718
4825 1306.848000 19.821692101442202727 -0.0458273934809332456064 5.93657893706870165573
4826 1306.856000 19.8217124275379852349 -0.0458185752171560503609 5.93657917774677112988
4827 1306.865000 19.8217378653183580184 -0.0458098654141610439616 5.93658327066966862162
4828 1306.874000 19.8217631801702438565 -0.045802215438548551929 5.93659041272744048001
4829 1306.882000 19.8217875756005099674 -0.0457973467396883618385 5.93659867432005494692
4830 1306.891000 19.8218155879300255151 -0.0457940213128276013554 5.93660894597671440209
4831 1306.900000 19.8218446523109541602 -0.0457928931391925406191 5.93661945256268008819
4832 1306.907000 19.8218681262853166913 -0.0457937302240358223848 5.93662708109809678092
4833 1306.916000 19.8218977374987090911 -0.0457959897601046272975 5.93663556412601600698
4834 1306.923000 19.821921654585306527 -0.0457988410679383492474 5.93664089506262371287
4835 1306.930000 19.8219462374796506765 -0.045802460808266227954 5.9366448513927077002
4836 1306.936000 19.8219673375273366389 -0.0458058184718043506778 5.93664703068455246182
4837 1306.942000 19.8219884129351946456 -0.0458091531442576804789 5.93664813485227682577
4838 1306.948000 19.8220096589139522791 -0.0458125634813435489434 5.93664807330711852273
4839 1306.956000 19.8220380379770482193 -0.0458164539287054736749 5.93664658729609584498
4840 1306.962000 19.8220597069106538868 -0.0458190687760895165592 5.93664444075897712594
4841 1306.968000 19.8220820174413745463 -0.045821356132902675562 5.93664163286444246381
4842 1306.974000 19.8221038179529500667 -0.0458228488156608992909 5.93663823048342464972
4843 1306.980000 19.822126251557598664 -0.0458240373704218093009 5.93663437253807479976
4844 1306.987000 19.8221522423505831512 -0.0458246131744791188045 5.93662948003217749715
4845 1306.993000 19.8221749506489004489 -0.0458244970555828079473 5.93662522684240201443
4846 1307.000000 19.8222014873113216993 -0.0458236089518944400556 5.93662033828364954502
4847 1307.006000 19.822225194251494429 -0.0458225284384387240855 5.93661645525222159137
4848 1307.012000 19.8222486672311823952 -0.0458209728955031106445 5.93661279667727015408
4849 1307.019000 19.8222766976704747321 -0.0458189624632249561942 5.93660900308405725667
4850 1307.026000 19.8223048919495035136 -0.0458167357046295881107 5.93660573077480080428
4851 1307.036000 19.8223467180969379342 -0.0458135461556957099272 5.93660232214106731163
4852 1307.045000 19.8223841444531601041 -0.0458105084136189999455 5.93660035112415673808
4853 1307.054000 19.8224237791131301378 -0.045808329359221855448 5.9365994992695299004
4854 1307.060000 19.8224502001929714368 -0.0458070367306559894649 5.93659939656331214763
4855 1307.065000 19.822472114041758573 -0.0458059975882271278036 5.93659956948157230272
4856 1307.070000 19.8224942855274299802 -0.0458052145401427676652 5.93659992332306352125
4857 1307.076000 19.8225216171057816439 -0.0458047032649090551937 5.93660055146164733486
4858 1307.081000 19.8225446753891816343 -0.0458045811437208447159 5.93660114818418715998
4859 1307.086000 19.8225681450137685147 -0.0458046710707747939395 5.93660185733032808031
4860 1307.093000 19.8226011812243605448 -0.045804898485167187816 5.93660297184538876536
4861 1307.103000 19.822648599366345934 -0.045805692571964505555 5.9366043708023408243
4862 1307.112000 19.8226918158996170405 -0.0458067183251741616434 5.93660536720350862083
4863 1307.122000 19.8227409103359519804 -0.0458083626392738196831 5.93660593966940819399
4864 1307.131000 19.8227845352217109109 -0.0458092783808119324851 5.93660605355397752447
4865 1307.141000 19.82283450420137072 -0.045810404872417012645 5.93660574878528990439
4866 1307.150000 19.8228796624227214807 -0.0458112320939276715381 5.93660493218515217251
4867 1307.159000 19.8229251266674744159 -0.0458115812215830545129 5.93660383598983187881
4868 1307.168000 19.8229706581426938783 -0.045811724221306200644 5.93660225866727131461
4869 1307.178000 19.8230223138886643142 -0.0458115123087846562444 5.9366004419765738831
4870 1307.187000 19.8230685767514138718 -0.0458107552096500628136 5.9365987196989875585
4871 1307.196000 19.8231154986807105445 -0.0458099544274543565847 5.9365969520224179945
4872 1307.205000 19.823163164428166283 -0.0458092121651747924416 5.93659521863976014089
4873 1307.214000 19.8232101937153792903 -0.0458080947884796502168 5.93659346270691834491
4874 1307.223000 19.8232591145326146886 -0.0458074378898450720876 5.93659197358353107887
4875 1307.232000 19.8233071665859661437 -0.045806431108211538572 5.93659056063641354939
4876 1307.241000 19.8233568961588133561 -0.0458058526207329660962 5.93658944461580517782
4877 1307.250000 19.8234064558781355458 -0.0458053470041894783549 5.93658839577410990529
4878 1307.259000 19.8234565450449551349 -0.0458050130106819330944 5.93658747731551272864
4879 1307.267000 19.8235019701408425874 -0.045805180356406162423 5.93658666639131649134
4880 1307.276000 19.8235524293039802046 -0.0458049579414895116636 5.93658582748760377257
4881 1307.286000 19.8236099888047156981 -0.045805283442508941405 5.93658492001693272044
4882 1307.294000 19.8236559037697404051 -0.0458052507894079197204 5.93658429110239538318
4883 1307.304000 19.8237144259998991913 -0.0458054669206171896634 5.93658353465596189125
4884 1307.313000 19.8237672811567549047 -0.0458057329449078551309 5.93658272883856596991
4885 1307.322000 19.8238203995333712726 -0.0458058240610821482131 5.93658193616251050884
4886 1307.331000 19.823873341410163107 -0.0458057041268433301484 5.93658103040282458807
4887 1307.339000 19.8239217689917595067 -0.0458059508116822056145 5.93658021468347207872
4888 1307.348000 19.8239750390351332499 -0.0458055441937452872958 5.93657922960472284046
4889 1307.357000 19.8240297832663614486 -0.0458053200664179926971 5.93657836452539999783
4890 1307.366000 19.8240841463072001716 -0.0458049182283713149366 5.93657740518929699647
4891 1307.375000 19.8241388302612691064 -0.0458044573876766336618 5.93657644224507041741
4892 1307.384000 19.8241939580284665112 -0.0458042173021579457348 5.93657534433347144898
4893 1307.393000 19.8242493946220257328 -0.0458037705490813920606 5.93657434889466273376
4894 1307.402000 19.82430497890293708 -0.045803430000119868537 5.93657327498093412288
4895 1307.411000 19.824361006686093134 -0.0458030058609906545741 5.93657230702293237101
4896 1307.420000 19.8244172540628866841 -0.0458025775662250292375 5.93657137712726434842
4897 1307.429000 19.8244739261263198671 -0.0458024369074410200864 5.93657034381125559008
4898 1307.438000 19.8245308271067948169 -0.0458022423888895871547 5.9365693557537762004
4899 1307.447000 19.8245875360047705271 -0.0458019739464613634405 5.93656828984934659132
4900 1307.456000 19.8246455975568203201 -0.0458021667313814884182 5.93656723583052148285
4901 1307.466000 19.8247095280548286667 -0.0458019301626402808303 5.93656609783334943131
4902 1307.474000 19.824761406932339014 -0.0458020161426004324134 5.93656517102877323566
4903 1307.483000 19.8248191256746437716 -0.0458016643354422284262 5.93656415692331496103
4904 1307.492000 19.8248781963525750882 -0.0458016664649889757022 5.93656320913033486164
4905 1307.502000 19.8249435763780503805 -0.0458015996510513362372 5.93656207078192732496
4906 1307.510000 19.8249961090931243746 -0.0458014901941703050925 5.93656118036228619417
4907 1307.520000 19.8250616263992291977 -0.0458011876139581344813 5.93656001870921645747
4908 1307.528000 19.8251152803741241826 -0.0458013410387761860099 5.93655910167377776077
4909 1307.537000 19.8251743603230430324 -0.045800892457974799743 5.93655804301185252569
4910 1307.547000 19.8252415991687946928 -0.0458008020310903193884 5.93655697774668844602
4911 1307.554000 19.8252880886881968081 -0.0458004934140326946945 5.93655618590999356599
4912 1307.563000 19.8253485315820974222 -0.0458001493934321254886 5.9365552693105705373
4913 1307.571000 19.8254024307866139054 -0.0457999040123153386417 5.93655445360770528396
4914 1307.580000 19.8254632309034235504 -0.0457996273622749278109 5.93655353521190587429
4915 1307.588000 19.82551741761120212 -0.0457993661268309426582 5.93655272421911206493
4916 1307.598000 19.8255848688232489963 -0.0457990967206692023428 5.93655150905577944087
4917 1307.606000 19.8256396665105967259 -0.0457989426810626459874 5.9365506765702722447
4918 1307.615000 19.8257010962168287449 -0.0457987816151782453633 5.93654964738949342262
4919 1307.622000 19.8257488223391007409 -0.0457985180380317963289 5.93654888076080666792
4920 1307.629000 19.8257968686228736033 -0.0457982860272035594007 5.93654816089319403716
4921 1307.635000 19.8258381779774985887 -0.0457981643281894432174 5.93654750484867843596
4922 1307.640000 19.8258727073038620858 -0.0457981490518580905413 5.9365469127882715128
4923 1307.647000 19.8259210458750665396 -0.0457979376551970740472 5.93654618756083962694
4924 1307.653000 19.8259626025015833761 -0.0457978303732556671357 5.93654552534910084916
4925 1307.660000 19.8260115399731660091 -0.0457978363032853705294 5.93654475452482977005
4926 1307.666000 19.8260532694782014573 -0.045797732246426414715 5.93654408574863001746
4927 1307.671000 19.8260877504777397462 -0.0457975168436913909753 5.93654352057933021314
4928 1307.677000 19.8261296217764808603 -0.0457974109046056163108 5.93654284617787375566
4929 1307.684000 19.826178919949683177 -0.0457974124215011976768 5.93654206151874941355
4930 1307.690000 19.8262209527206039184 -0.0457973001006451788109 5.93654138206372294917
4931 1307.697000 19.8262704552958410886 -0.0457973421679336162304 5.93654058294930830897
4932 1307.703000 19.8263126424441189499 -0.0457972208255487400752 5.93653990144040655252
4933 1307.708000 19.8263474777802493065 -0.0457969381272128814309 5.93653933838034841841
4934 1307.715000 19.8263972217807555865 -0.0457969646740051389289 5.93653853970245837246
4935 1307.721000 19.826439611066870583 -0.0457968300972559014261 5.9365378607597811822
4936 1307.728000 19.8264890353627549757 -0.0457966396111898071952 5.93653706253368262935
4937 1307.734000 19.8265315629906311301 -0.0457964970769980939114 5.93653638832814944948
4938 1307.740000 19.8265741525715952775 -0.0457963516858540461985 5.9365357167173371522
4939 1307.750000 19.8266450081397067606 -0.0457959550758250469316 5.93653461666820270182
4940 1307.759000 19.8267090870084530252 -0.0457957868982203780694 5.93653357410497228841
4941 1307.769000 19.8267809553873597395 -0.0457956574224701803977 5.93653251444470875242
4942 1307.778000 19.8268446898933312639 -0.0457952086614712913781 5.93653148206556391386
4943 1307.788000 19.826916988967532518 -0.0457951601278861822331 5.9365304233800264555
4944 1307.797000 19.8269810573188713931 -0.0457946664811694076347 5.93652944653703062983
4945 1307.807000 19.8270533561095234631 -0.045794618053127823798 5.93652831030926364519
4946 1307.816000 19.8271183625741151957 -0.045794356083204708352 5.93652736898711008706
4947 1307.825000 19.8271833513983892772 -0.0457942127707185384078 5.93652633215396718924
4948 1307.835000 19.8272562133536744966 -0.0457941158468513978552 5.9365252696374124497
4949 1307.844000 19.8273208264973384019 -0.0457936975177050328845 5.93652422759406395159
4950 1307.853000 19.8273869210918753936 -0.0457937303579753415828 5.93652327216785380415
4951 1307.863000 19.8274589983588782616 -0.0457932105943246250956 5.93652215699383312142
4952 1307.872000 19.8275252479452532839 -0.0457932954199215397351 5.93652114369791483739
4953 1307.881000 19.8275903695394113413 -0.0457928221875822591413 5.93652014512099235333
4954 1307.891000 19.827663812100933427 -0.0457927871519150028745 5.93651898493861196471
4955 1307.900000 19.8277298227510172524 -0.0457925282739999259252 5.93651802422576047036
4956 1307.909000 19.8277957910586017931 -0.0457923799204618051095 5.93651697140465639535
4957 1307.919000 19.8278697113483417525 -0.0457922689542676342178 5.93651589623397324402
4958 1307.928000 19.8279352495877851936 -0.0457918320056452735067 5.93651484789750227833
4959 1307.938000 19.8280095045699908951 -0.0457917899166272873712 5.93651377106153077534
4960 1307.947000 19.82807528911296302 -0.0457912955142107183648 5.93651277919919184711
4961 1307.957000 19.8281494455954288014 -0.0457912392058233003178 5.93651162892945460925
4962 1307.966000 19.8282160791213684092 -0.0457909643414735056943 5.93651067840567581158
4963 1307.976000 19.828289817687036134 -0.0457906759169178848023 5.93650952217379845877
4964 1307.984000 19.8283494354287768147 -0.045790529871597353273 5.93650868704186684965
4965 1307.991000 19.8284017479679413043 -0.0457905400514587793137 5.93650790826437635417
4966 1307.998000 19.8284536183202391157 -0.0457903441965654967039 5.93650712564569271734
4967 1308.003000 19.8284908851250847306 -0.0457902536426623776866 5.9365065814047470738
4968 1308.009000 19.8285354993202389551 -0.0457901112067370802405 5.93650591778817116051
4969 1308.016000 19.8285874753469499865 -0.0457899170936173147139 5.9365051346444150937
