25177 704.032000 33.8594300028294910021 -0.0772323142026628828294 0.565100415078292783733
25178 704.039000 33.8593321430039821962 -0.0767445693023885433526 0.564486547944630934204
25179 704.046000 33.859244207549153316 -0.0763003565024923391391 0.564051870013994705033
25180 704.054000 33.8591562905263714356 -0.0758622717297673387904 0.563770042887018596467
25181 704.061000 33.8590904793777269788 -0.0755466976286566088694 0.563695311934651610564
25182 704.069000 33.8590278323990716558 -0.075265166196271687804 0.563776095345533745373
25183 704.076000 33.8589837773647204244 -0.0750857788660627134547 0.563961285096503672776
25184 704.084000 33.8589454142307673123 -0.0749516458610463148782 0.564264003618332510293
25185 704.091000 33.8589220760395761545 -0.0748899557497244433568 0.564575562997530311371
25186 704.099000 33.8589067568936812336 -0.0748742053569972504379 0.564948554476772502042
25187 704.106000 33.8589029077660441658 -0.0749002000456755190338 0.565263401275660659628
25188 704.113000 33.858907459464518297 -0.0749554010679662902072 0.565547683838635517617
25189 704.120000 33.8589197007180828791 -0.0750322240706317311609 0.565787562615668981891
25190 704.128000 33.8589418706345952614 -0.0751371260488706144143 0.565996280667930729003
25191 704.135000 33.8589670649830978277 -0.0752363177600961496871 0.566117623559149407697
25192 704.143000 33.8590005638770250584 -0.0753502477200001519186 0.566187722787541591885
25193 704.150000 33.8590322255369216009 -0.0754450112679919959735 0.566194688976415561044
25194 704.158000 33.859068921938948904 -0.0755427728085567989913 0.566151240354147877731
25195 704.166000 33.8591039309272545665 -0.075625805601599635497 0.566067251549266403643
25196 704.173000 33.8591315331852200643 -0.0756848233877236986622 0.565973256977465477569
25197 704.181000 33.8591580687246178627 -0.0757362571248235971755 0.565856808668613542324
25198 704.188000 33.8591759494467652303 -0.0757677651913564315089 0.565757979718529258051
25199 704.196000 33.8591895959336142141 -0.0757897366846661396655 0.565659417642630613088
25200 704.203000 33.8591954067659486327 -0.0757982585448174622789 0.565592522151092458316
25201 704.210000 33.8591956511009968267 -0.0757984598256352531953 0.565547638813278630288
25202 704.218000 33.8591896768891658098 -0.0757905980987171878915 0.565525139469312598806
25203 704.226000 33.8591779993028083595 -0.0757763334949340949809 0.565532317863777111988
25204 704.234000 33.8591622127611202586 -0.0757579281493514361534 0.5655651675104621523
25205 704.241000 33.8591431359642101029 -0.0757401257914926129278 0.565609998365052657476
25206 704.248000 33.859124071536555789 -0.0757202374491875163098 0.565666068841785829591
25207 704.256000 33.8591022775621652841 -0.0756976019893382812143 0.565735696452542735635
25208 704.264000 33.8590818498327479347 -0.0756756530990856934871 0.565804092430342797648
25209 704.271000 33.8590656682872364058 -0.0756574615234176101053 0.565857583240138017899
25210 704.279000 33.8590502227942309332 -0.0756383223058077480694 0.56590669176831276399
25211 704.287000 33.8590381234102508756 -0.0756209542865317746463 0.565939598258736187297
25212 704.294000 33.8590303840081716658 -0.0756073727389774269403 0.565953694742622581693
25213 704.301000 33.8590256866377075085 -0.0755955909580588863994 0.565953983719475139935
25214 704.309000 33.8590234003889420933 -0.0755841037554840639023 0.565938976379280811457
25215 704.316000 33.8590237168757113295 -0.0755758657408056311322 0.56591460005402227651
25216 704.324000 33.8590263500069141855 -0.0755686470748701544231 0.565877354014129863025
25217 704.331000 33.8590300609214764904 -0.0755641629522449398415 0.565839981445665607396
25218 704.339000 33.8590350634587906598 -0.0755611053186230341439 0.565796005042154104281
25219 704.346000 33.8590395918557547361 -0.075560199581532400126 0.565759750188999599452
25220 704.354000 33.8590440641851841974 -0.0755607630953157444198 0.565724500844544286871
25221 704.362000 33.8590474832887480261 -0.0755630796210213367958 0.565698677397744265072
25222 704.369000 33.8590493338320541739 -0.075566266580373034345 0.565685501522509737171
25223 704.377000 33.8590493357540722741 -0.0755707843303159015891 0.565682090579846308387
25224 704.385000 33.8590471025166621644 -0.0755759520985138932847 0.565690992912044832153
25225 704.392000 33.8590432442998690021 -0.0755805980164646479258 0.565708096868847154504
25226 704.399000 33.8590378728474235004 -0.0755851835117133247222 0.565732508734132610861
25227 704.406000 33.8590309723551712295 -0.0755895095234693226161 0.565762569911279045165
25228 704.413000 33.8590226825767857122 -0.0755931410928143976413 0.565796507787801661316
25229 704.421000 33.8590120592654315601 -0.0755964260659711673185 0.565837370885007739929
25230 704.428000 33.859002061743730394 -0.0755983261989538468661 0.565872804737562185018
25231 704.434000 33.8589929871157977459 -0.0755991945278361027194 0.56590151239236241576
25232 704.442000 33.8589809121090041799 -0.075599205406554445541 0.565935692897269859714
25233 704.449000 33.8589706018162388546 -0.0755982457026261878141 0.565960460466834458515
25234 704.456000 33.858960501374639307 -0.0755962309096803453112 0.56597974050032229254
25235 704.464000 33.8589496987793410199 -0.0755930279243532676769 0.565994432064412023031
25236 704.471000 33.8589410289664982656 -0.0755895054183146758442 0.56600095555371188194
25237 704.478000 33.8589329294018739347 -0.0755855326683244760355 0.566001955817701962737
25238 704.485000 33.858925747162452069 -0.0755811708676949883801 0.56599819128325823403
25239 704.493000 33.8589183666073481049 -0.075575979283198202463 0.565989198988129160739
25240 704.500000 33.8589126680133318814 -0.0755714491048689734898 0.5659784148776999535
25241 704.507000 33.8589073067801820116 -0.0755669096448160909629 0.565966170683824043586
25242 704.514000 33.8589024447362660908 -0.0755625996874823430138 0.565953501789616453266
25243 704.522000 33.8588970740562089645 -0.0755580193896671220566 0.565939854258478258764
25244 704.530000 33.8588917527570885113 -0.0755538523522118754538 0.56592835682505138184
25245 704.538000 33.8588862662557872341 -0.0755501274154704721697 0.565920023097813640334
25246 704.545000 33.858881228670796304 -0.0755472781845134971901 0.565915832711830102397
25247 704.553000 33.8588749629001100061 -0.0755443482329616056159 0.565914937645882076822
25248 704.561000 33.8588681111439271376 -0.0755417830496590281264 0.565918161234282623973
25249 704.569000 33.8588606179895634796 -0.0755395261535014989063 0.565925206186209228676
25250 704.576000 33.8588533569660157241 -0.0755377090871417605777 0.565934106731851960248
25251 704.584000 33.858844678342386203 -0.0755358735426244348732 0.56594672397654866014
25252 704.592000 33.8588354534132349727 -0.0755341884474017566387 0.565961205855166737955
25253 704.599000 33.8588269717737233577 -0.075532792710850893414 0.565974739653180902721
25254 704.607000 33.858817006849704967 -0.0755312868000385384537 0.56599049873314788428
25255 704.614000 33.8588081499129742724 -0.0755300604324517926846 0.566003983108904540344
25256 704.622000 33.8587978810099627935 -0.0755286446971328712108 0.56601850807325004844
25257 704.630000 33.8587876214737590885 -0.0755272524022983920977 0.566031642332987527944
25258 704.637000 33.8587787833340669863 -0.0755260289521199612572 0.566041754733829560742
25259 704.645000 33.8587687913988375499 -0.0755246378201980539391 0.566051593646713091523
25260 704.653000 33.8587590302380476714 -0.0755232203567438309388 0.566059598881886949506
25261 704.661000 33.8587495260631285987 -0.0755217534127134298982 0.566065891060182346806
25262 704.669000 33.8587402784291029434 -0.0755202107507189357438 0.566070692311691048282
25263 704.676000 33.8587324677509542425 -0.0755188255431271798779 0.566073877959025750783
25264 704.683000 33.8587246396028547224 -0.0755172398070078770838 0.566076419874000924537
25265 704.690000 33.8587170576447533676 -0.075515577437688066742 0.5660784634583455599
25266 704.696000 33.8587104383959740517 -0.0755140664294897678843 0.566080002494914857891
25267 704.703000 33.8587028477741398547 -0.0755121616500983583453 0.566081730080312484077
25268 704.710000 33.8586953231986385049 -0.0755101721547755677655 0.566083574199249039971
25269 704.718000 33.8586865936929513055 -0.0755076767348280275538 0.566086007431515603194
25270 704.726000 33.8586777253395041498 -0.0755050114079191952987 0.566088941798542522044
25271 704.733000 33.8586698680087749835 -0.0755025459622314237818 0.566092007800025664999
25272 704.740000 33.8586618845612647988 -0.0755000516405675836662 0.566095550529913893456
25273 704.748000 33.8586524442996150697 -0.0754970704000015729873 0.566100240139525978655
25274 704.755000 33.8586439161511236762 -0.0754943764394494926107 0.566104890443537955846
25275 704.763000 33.8586340487096322249 -0.0754913663846865090612 0.566110696243930844318
25276 704.770000 33.8586253052698538113 -0.0754887583884716883986 0.566116177193256908673
25277 704.777000 33.8586164163091680734 -0.0754862869581504475347 0.566121928873026036833
25278 704.785000 33.8586060734675697859 -0.0754835220669543144334 0.566128806552966268306
25279 704.792000 33.8585967669395415669 -0.0754811785177803701297 0.566135009873433903138
25280 704.799000 33.8585875444932682399 -0.0754790010752883350209 0.566141264205571315138
25281 704.807000 33.8585770254874134366 -0.0754766918642987422183 0.56614845630675081356
25282 704.814000 33.8585678721415206383 -0.0754748573741989003949 0.566154717554177344674
25283 704.821000 33.8585587537823329285 -0.0754730885610265800345 0.566160917185506873395
25284 704.828000 33.8585497149408780615 -0.0754714870606024851307 0.566166995529309713397
25285 704.835000 33.8585405629534008654 -0.0754698684184644391637 0.566173008675710964788
25286 704.842000 33.8585316040936916693 -0.0754683486475581088992 0.566178860967874619803
25287 704.850000 33.8585213703910241634 -0.0754666703525140036835 0.566185374255685269773
25288 704.858000 33.8585112040689892865 -0.0754649960635948025001 0.56619170595132939372
25289 704.865000 33.8585023980093282603 -0.0754635546781455973653 0.566197078331887149183
25290 704.873000 33.8584923130627828414 -0.0754617874029877289122 0.566203094314020050071
25291 704.880000 33.85848332623668 -0.0754601167924690841016 0.566208259870129571034
25292 704.888000 33.8584732420244591822 -0.0754581590357742276742 0.566214019686826164346
25293 704.896000 33.8584631226862953213 -0.0754560787748505962247 0.566219673734507655816
25294 704.903000 33.858454181765011981 -0.0754541434203035987771 0.566224540127440278958
25295 704.911000 33.8584439382871025259 -0.0754518335323901834233 0.566230058574997197063
25296 704.919000 33.8584336049352572218 -0.0754494168634345652169 0.566235538268436755516
25297 704.927000 33.8584231718393979804 -0.0754469131176599833166 0.566241001677436406325
25298 704.935000 33.8584126347196416873 -0.075444346594860434152 0.566246469903729621187
25299 704.942000 33.8584033749784438783 -0.0754421147483444742843 0.566251270209417678636
25300 704.950000 33.8583926500320302466 -0.0754395031679753053089 0.566256797282842505581
25301 704.958000 33.8583818374274940766 -0.0754369054523309906513 0.566262377377335202056
25302 704.966000 33.858370950451821102 -0.0754343444734672657903 0.566268021394514153855
25303 704.973000 33.8583614279145663772 -0.0754321360219410846915 0.566273020791984160738
25304 704.981000 33.8583504439375673201 -0.0754296892783728328835 0.566278801247223739779
25305 704.989000 33.858339431668802888 -0.0754273171770796363456 0.566284656200214064903
25306 704.997000 33.858328406205878025 -0.0754250216085831787227 0.566290582041407031255
25307 705.005000 33.8583173805486481456 -0.0754227988929053738687 0.566296571812359816889
25308 705.012000 33.8583078301296822588 -0.0754209557575999112178 0.566301836744569464521
25309 705.020000 33.8582968290564707559 -0.0754188436778474718958 0.566307918303226132117
25310 705.028000 33.8582858481955071284 -0.0754167706678251781316 0.5663140304721516749
25311 705.035000 33.8582761797470226384 -0.0754149221954471815632 0.566319425628585171317
25312 705.043000 33.8582652357523983255 -0.0754128788133349714506 0.566325558039832976931
25313 705.050000 33.8582557286307022082 -0.0754110696991252826837 0.566330922043115081443
25314 705.056000 33.8582474085844324918 -0.0754095233865664654749 0.566335502301338777897
25315 705.063000 33.8582378104132786234 -0.0754076848354835183041 0.566340818805148527026
25316 705.070000 33.8582282916245986826 -0.0754058756428031690122 0.566346119501601519275
25317 705.076000 33.8582202269214960211 -0.0754042982432484576449 0.566350625207470814715
25318 705.083000 33.8582105598056912754 -0.0754023306551283023502 0.566355907753490650514
25319 705.090000 33.8582010047104446926 -0.0754003672957718890091 0.566361130840389193075
25320 705.097000 33.8581914103288852402 -0.0753984385413083990635 0.56636629471533384006
25321 705.104000 33.8581815656179259122 -0.0753963811318304893971 0.56637147633706108607
25322 705.110000 33.8581732523452672012 -0.0753946717691791473692 0.566375863238068322225
25323 705.117000 33.8581635661706599194 -0.0753926097539018430504 0.56638098224144217685
25324 705.124000 33.8581538792729190845 -0.0753905947415740573803 0.566386060269602920059
25325 705.132000 33.8581426616059673051 -0.0753882274059222146079 0.566391872430799803162
25326 705.138000 33.8581341982800338997 -0.0753863808939363444495 0.56639626216418004212
25327 705.146000 33.8581229030444958994 -0.0753840175608980755939 0.566402062652486826266
25328 705.153000 33.858113034302483868 -0.075382010646822289468 0.56640711523473430411
25329 705.161000 33.8581016727324808357 -0.0753796759768410179481 0.566412924500964809482
25330 705.169000 33.8580902846591413891 -0.0753773631597639687252 0.56641874520441914953
25331 705.176000 33.8580801308962833218 -0.0753753101094270794302 0.56642387167970476014
25332 705.184000 33.85806871017580022 -0.075373042216031027607 0.566429721093695381917
25333 705.192000 33.8580572802533907861 -0.0753707969230967417262 0.566435587338468993224
25334 705.200000 33.8580458457222732704 -0.0753685712475693075918 0.56644147000701627892
25335 705.207000 33.8580357996596106318 -0.0753666242707665967604 0.566446617470909408176
25336 705.215000 33.8580243648261145495 -0.0753644236331253852823 0.566452526833826741637
25337 705.223000 33.8580129319392213461 -0.0753622290534485123059 0.566458447161719003127
25338 705.231000 33.8580015008733354875 -0.0753600353977609410672 0.566464375786126406176
25339 705.239000 33.8579900704130238864 -0.0753578379478497401012 0.566470309991567444463
25340 705.247000 33.8579786384447771752 -0.0753556327072588960636 0.566476247188612891392
25341 705.252000 33.8579716777134294148 -0.0753543295967552539949 0.566479936670922556985
25342 705.259000 33.8579615904475730304 -0.0753523304285260014934 0.566485164587785972046
25343 705.265000 33.8579531083056721741 -0.0753506896614318105732 0.566489596124137850808
25344 705.270000 33.8579457812158537422 -0.075349270525921829833 0.566493310221039991781
25345 705.277000 33.857935801234127382 -0.0753472863571884587941 0.566498501957643618709
25346 705.282000 33.8579286969829169607 -0.0753458504841748449854 0.566502222435552704738
25347 705.288000 33.8579199529739938157 -0.0753441490090446669425 0.566506661938303568427
25348 705.296000 33.857908445871075287 -0.0753418693683589463239 0.566512580579636715328
25349 705.302000 33.8578998066795975319 -0.075340186530770320017 0.566517000144329929689
25350 705.308000 33.8578912917757577361 -0.0753385050447902132609 0.56652141422625568179
25351 705.315000 33.8578810996491910146 -0.0753364450056296930391 0.566526614251842808301
25352 705.320000 33.8578737952529635891 -0.075334997517077714746 0.56653030415459637581
25353 705.328000 33.8578622014504588833 -0.0753327054471405188618 0.566536202078457895581
25354 705.337000 33.8578493066935095612 -0.0753301800975627738888 0.566542810663778095837
25355 705.345000 33.8578376717971210041 -0.0753278977725906767615 0.566548700136066285538
25356 705.353000 33.8578260207055521391 -0.0753256222939024805418 0.566554586459910525242
25357 705.361000 33.8578143557759716487 -0.0753233542463131178213 0.566560470191119325278
25358 705.369000 33.8578026794198052585 -0.0753210935938950776336 0.566566351896594655457
25359 705.378000 33.8577894868183122412 -0.075318507719583066562 0.56657299163089347438
25360 705.386000 33.8577777936060186903 -0.0753162602316589518958 0.56657887094764503022
25361 705.394000 33.8577660953654984155 -0.0753140168904148088469 0.566584750047660845595
25362 705.402000 33.8577543934325859709 -0.0753117760732588542583 0.566590629500387521489
25363 705.410000 33.8577426887071908368 -0.075309536107015781492 0.566596509849419893712
25364 705.418000 33.8577309816479399274 -0.0753072953971844760712 0.566602391593621690369
25365 705.427000 33.8577177510459890186 -0.0753047879815077897403 0.566609006411862181629
25366 705.435000 33.8577060387136299369 -0.0753025413736049947788 0.566614892445690854217
25367 705.443000 33.8576943230455995604 -0.0753002906216684447793 0.566620780906409882149
25368 705.451000 33.8576826031810753648 -0.0752980353409273550636 0.566626671885619326297
25369 705.459000 33.8576708781435939954 -0.075295775506039080982 0.566632565337061189226
25370 705.468000 33.8576577572864607646 -0.0752932820712665651364 0.566639165483428408621
25371 705.475000 33.8576474085911200973 -0.0752912436608447616093 0.566644358779928802861
25372 705.483000 33.8576356623082403985 -0.0752889730154292363684 0.566650258016367036618
25373 705.491000 33.8576239074448963606 -0.0752867004003597989348 0.566656158254858155487
25374 705.500000 33.8576107497026868032 -0.075284196491028382292 0.566662763782215028741
25375 705.508000 33.8575989755408528481 -0.0752819228696314513005 0.56666866415276284652
25376 705.515000 33.8575885884736678122 -0.0752798802232197139528 0.566673858962800092165
25377 705.522000 33.8575783293278860242 -0.0752778766513216707201 0.566679024364818095805
25378 705.528000 33.8575693549531706594 -0.075276176012295706319 0.566683444006200742749
25379 705.534000 33.857560507606045519 -0.0752745067386278027266 0.566687849666373977264
25380 705.540000 33.8575517927292750642 -0.0752728431380007834139 0.566692251603924224135
25381 705.545000 33.8575444356531889412 -0.0752714084315637410594 0.566695946525287652662
25382 705.553000 33.8575326177246793691 -0.075269145592705172243 0.566701836223166166562
