21590 1171.985000 -0.356223897182538995487 -0.00578881793021838141067 -0.0596011781807193746774 -0.0147081895238279549559 -0.0200414794394730214067 0.999690956377423889379 3.06924370320239381371
21591 1171.993000 -0.356220498553270592534 -0.0057808924657872986369 -0.0595985061424830764309 -0.014710737483681832205 -0.0200525421978483865681 0.999690697042885156876 3.06922609110267741173
21592 1172.003000 -0.35621648986098525258 -0.00576956738915316257044 -0.0595944308435108968669 -0.0147103174841839712261 -0.0200674750160398512877 0.999690403578025299502 3.06919987026857832291
21593 1172.012000 -0.356213096092211856103 -0.00575836550403454293379 -0.0595906078630356744741 -0.0147076669987786113475 -0.0200813116064621002832 0.999690164728860963805 3.06917293386264189436
21594 1172.021000 -0.356209875536117770434 -0.0057465584912451215388 -0.0595870785435563266041 -0.0147039009407744693941 -0.0200949849160297240591 0.999689945372238208954 3.0691436160842688885
21595 1172.031000 -0.35620647325211451939 -0.0057331483951407920252 -0.05958385439887273205 -0.0146992931787749483985 -0.0201095364008945995393 0.999689720526216851759 3.06910929973370683044
21596 1172.040000 -0.35620356675148528991 -0.00572117850138912850677 -0.0595817368450925755052 -0.0146952198437688297955 -0.0201218174375638325646 0.999689533293588450391 3.06907785871916916065
21597 1172.050000 -0.356200536159849090456 -0.00570836043104074909726 -0.0595802559518397861771 -0.0146909589511078301355 -0.020134442926555484038 0.999689341712281076546 3.0690434596597251371
21598 1172.059000 -0.356198030160620848772 -0.00569752342918950719503 -0.0595795828143220670969 -0.0146873351617108280354 -0.0201448784309487052835 0.999689184726357815691 3.06901389954281755834
21599 1172.068000 -0.356195782454680032192 -0.00568753571997568634772 -0.0595793402301894176043 -0.0146838184433199618606 -0.0201544650800899276255 0.999689043159551316009 3.06898639208602963535
21600 1172.078000 -0.356193809227034474674 -0.00567840114663114171184 -0.0595794820625935861447 -0.014680586255031434148 -0.0201631121860954276581 0.999688916260543347647 3.06896108801594769133
21601 1172.087000 -0.356192063058007379883 -0.00566966218344793458639 -0.0595792662791264360234 -0.01467647620031212706 -0.0201720662312009080264 0.999688795971179100519 3.06893714932473482548
21602 1172.097000 -0.356190810254176204452 -0.0056626349969142097604 -0.059579141354163811517 -0.0146732400050829346616 -0.02017918249239614506 0.999688699856956408674 3.06891812001200392501
21603 1172.106000 -0.356189842649584698098 -0.00565615562497466788788 -0.0595784130678914253254 -0.0146695549673609149099 -0.0201862752683186555402 0.99968861074229065089 3.06890120364380658557
21604 1172.115000 -0.356189248004990743901 -0.00565105606533030779132 -0.059577504216336257814 -0.0146667835546278688824 -0.0201918376405504675086 0.999688539072474902092 3.06888837062256758514
21605 1172.125000 -0.356188871938861340016 -0.0056464929112876940942 -0.0595762412240035260647 -0.014664505537758764156 -0.0201967731385871221428 0.999688472791460003286 3.06887740462590130619
21606 1172.134000 -0.356188591683590849435 -0.00564219156264457108452 -0.0595746893633228025156 -0.0146629692290811165789 -0.0202013160896497290242 0.999688403534637948233 3.06886766735920746285
21607 1172.144000 -0.356188412480797855775 -0.0056384853067193586168 -0.0595730698889388107786 -0.0146623171371960559634 -0.020204971894386140191 0.999688339217235988343 3.06885963980073395163
21608 1172.153000 -0.356188123810187828866 -0.00563476213669417570068 -0.0595715917447052906164 -0.0146630207604459463638 -0.0202082280288955334902 0.999688263081102146401 3.06885184657183840429
21609 1172.163000 -0.356187770788050306336 -0.00563131457343479975564 -0.0595703310156018503441 -0.0146644135262528636093 -0.0202108510455521507565 0.9996881896251178512 3.06884456459329779676
21610 1172.172000 -0.356187132253444338481 -0.00562762419863662051445 -0.0595695535586129587546 -0.0146673123333869379059 -0.0202131931327587874292 0.999688099745261959939 3.06883657987622937569
21611 1172.182000 -0.356186340861442851669 -0.00562405681472624187356 -0.0595692286431668965863 -0.0146706229280125777237 -0.0202151185161429346182 0.999688012234958400803 3.06882842780974396391
21612 1172.191000 -0.356185168637146165604 -0.00562013362251752562199 -0.0595694983772382669063 -0.0146751177455990179654 -0.0202169144422646544779 0.999687909944692032482 3.06881898777170736281
21613 1172.200000 -0.356183885639816899538 -0.00561643677058385696471 -0.0595702071201801852673 -0.0146795012387552666067 -0.0202183644052159432192 0.999687816262736839157 3.06880958255350533292
21614 1172.209000 -0.356182411962796929839 -0.00561267714002791281991 -0.0595713092597196652855 -0.014683992803252764528 -0.0202196825177685182706 0.999687723638854497388 3.06879955381012115012
21615 1172.218000 -0.356180803393566447479 -0.00560890666653912454975 -0.0595726929558919454655 -0.0146883029789963981404 -0.0202208908366674072754 0.999687635879012437279 3.068789077572593893
21616 1172.227000 -0.356179114811105534955 -0.005605162734622076183 -0.0595742312545565616544 -0.0146922175483954683961 -0.0202220538276913219811 0.999687554830258284788 3.06877830441806187523
21617 1172.235000 -0.356177604792246749188 -0.00560190117617924247806 -0.0595756125793202653829 -0.0146951802082714959308 -0.0202230766351440237327 0.999687490593963223873 3.06876867433662514628
21618 1172.244000 -0.356175959782205397985 -0.00559835256286712878993 -0.0595770551830791667003 -0.014697745001220775124 -0.0202242152440770608934 0.999687429854772435789 3.06875801224191047112
21619 1172.253000 -0.356174432115088202 -0.00559496075056688246807 -0.0595782639695490723319 -0.0146994175523583008036 -0.02022540627484244527 0.9996873811670520249 3.06874771377250432636
21620 1172.262000 -0.356173070260554835986 -0.00559174121557462749238 -0.0595791482580269871061 -0.0147001674917964109818 -0.0202266819847316710324 0.999687344329016513989 3.06873792854606408653
21621 1172.271000 -0.356171918415034038929 -0.00558871358126322194393 -0.0595796467363686604868 -0.0146999903948625589012 -0.0202280357504147564884 0.999687319541500918341 3.06872883234130933161
21622 1172.279000 -0.356171078371912586125 -0.00558616456047746068325 -0.0595797545596395278222 -0.0146991715122445649327 -0.0202293393179703018259 0.99968730520478854551 3.06872132518051454753
21623 1172.288000 -0.35617035513549333281 -0.00558345792771750264877 -0.0595795071887312566172 -0.0146975980883096886409 -0.0202308887811557709668 0.99968729698319114263 3.06871360385283065142
21624 1172.297000 -0.356169832101709438188 -0.00558086575829730945075 -0.0595789271841788564688 -0.0146956175664049188551 -0.0202325971899523747444 0.999687291524350096772 3.06870651293358998046
21625 1172.305000 -0.356169526173139128211 -0.00557865232119580858189 -0.0595781872625417985301 -0.014693617876981061518 -0.0202341655510120919936 0.999687289175039683897 3.0687007460447319751
21626 1172.314000 -0.356169314743382314781 -0.00557621415015851704111 -0.0595771911319270472407 -0.0146913622263422534442 -0.0202360139633896603251 0.999687284912040841078 3.06869468061736316855
21627 1172.322000 -0.356169205820027479081 -0.00557406408327511780632 -0.0595762390796275992377 -0.0146895143400922051358 -0.0202376955715292752847 0.999687278025686576477 3.06868955777404162077
21628 1172.331000 -0.356169130657137789076 -0.00557164084873870268239 -0.0595751805366623102267 -0.0146877687995726723125 -0.0202395913512996711292 0.999687265293312865566 3.06868397104572476763
21629 1172.339000 -0.356169061964027977574 -0.00556945425480405778562 -0.0595743256977971924471 -0.0146866486845565139691 -0.0202412566269163096688 0.999687248033393482949 3.06867902228579980672
21630 1172.348000 -0.356168943890046663103 -0.0055669452714370119828 -0.0595735252743142887355 -0.0146859375489416035809 -0.0202430492411280679721 0.999687222182883417076 3.06867337239610948885
21631 1172.357000 -0.356168744220299815506 -0.00556436849435268301306 -0.0595729495477192172448 -0.0146858645325397014353 -0.0202447297590779839993 0.999687189224666261644 3.06866751062696740959
21632 1172.366000 -0.356168435648704151397 -0.00556172023827114850314 -0.0595726282353175803919 -0.0146864196179300049439 -0.0202462679057530958726 0.999687149919760931205 3.06866135508089232786
21633 1172.375000 -0.356168057273766325288 -0.00555920658745736890466 -0.0595725764093657517151 -0.0146874056332779289596 -0.020247524908106072361 0.999687109975345933321 3.06865532352140224504
21634 1172.383000 -0.356167511009639781161 -0.00555654508627141403149 -0.0595727158338352630329 -0.0146889299728125977129 -0.0202487101376069324188 0.99968706357240466609 3.06864880066140610637
21635 1172.392000 -0.356166841827592450809 -0.00555373462607835002847 -0.0595730823557221872422 -0.0146908347894993823735 -0.020249764714275281241 0.99968701422105321619 3.06864166013235051267
21636 1172.402000 -0.356166061936173450331 -0.00555079021374043149462 -0.0595736515166359267837 -0.0146930126236287737079 -0.0202506904864737484473 0.999686963461494326744 3.06863393572707154888
21637 1172.410000 -0.356165209857994935483 -0.00554805685680089064743 -0.0595742459426141096612 -0.0146951436081262428596 -0.0202514363585016912706 0.999686917029403931956 3.06862659644523461111
21638 1172.419000 -0.356164298703759318876 -0.00554522681404133813143 -0.0595749263771306256099 -0.0146972655386881177059 -0.0202521115704110098166 0.999686872156789307908 3.06861882542511299476
21639 1172.428000 -0.356163363323406034766 -0.00554242434057373133116 -0.0595755959749497826516 -0.0146992031188136907521 -0.0202527290785803511242 0.99968683115890932811 3.0686110093958549605
21640 1172.437000 -0.356162434431433694293 -0.00553966276135118337182 -0.0595762043411518157909 -0.0147008580081241582715 -0.0202533224677472409314 0.999686794802673417415 3.06860323293420744761
21641 1172.446000 -0.35616152966706038363 -0.00553694047218443018837 -0.0595767177561119035123 -0.0147022096698587404623 -0.0202539616681542966603 0.999686761974754034554 3.06859554849983062752
21642 1172.455000 -0.356160680880622304567 -0.00553427555565965886841 -0.0595771033135212013665 -0.0147031703160556762033 -0.0202546261256981545429 0.999686734383909425539 3.06858805448010496519
21643 1172.465000 -0.356159812269968178988 -0.00553136376996258248562 -0.0595773715548784041363 -0.0147038474106857691703 -0.0202554878982211944427 0.999686706964400983999 3.06857993641109150218
21644 1172.474000 -0.356159109741832458074 -0.00552879119049964722066 -0.0595774697280625903373 -0.0147041080224324712672 -0.020256352420683545329 0.999686685613984549192 3.06857288534393957136
21645 1172.483000 -0.356158479503841440827 -0.00552624741769879371245 -0.059577444157455833329 -0.0147041131961591093474 -0.020257329449023493001 0.999686665740174951189 3.06856603047748555113
21646 1172.492000 -0.356157917428294001905 -0.00552372428778318685927 -0.0595773165754786490633 -0.0147039199703162884458 -0.0202583978306738500541 0.999686646932347766636 3.06855936156297737227
21647 1172.501000 -0.356157412501422632189 -0.00552120707008647675085 -0.0595771127420134868902 -0.0147036237221346652998 -0.0202595750928083774556 0.999686627432065155752 3.06855282865824285921
21648 1172.510000 -0.356156952657228631498 -0.00551868569035962250324 -0.0595768620421381345231 -0.0147032849014819867739 -0.0202608213411543704174 0.999686607158307372067 3.06854638612552310661
21649 1172.519000 -0.356156515268256201878 -0.00551614143146463703493 -0.059576597725425686769 -0.0147030092463675422093 -0.0202621454418045431056 0.999686584375921505341 3.06853996343009516323
21650 1172.528000 -0.356156095819168350136 -0.00551358024317071156173 -0.059576339105588349554 -0.0147028010042746203057 -0.0202634801306278075628 0.999686560385616318491 3.06853354682152978938
21651 1172.537000 -0.356155674290220658484 -0.00551099004874798428094 -0.0595761131486113315603 -0.0147027213544913114979 -0.0202648048365095326262 0.999686534704609552904 3.06852707551051162582
21652 1172.546000 -0.356155238483751634959 -0.00550836606209609627727 -0.0595759352040749201596 -0.014702811488491118741 -0.0202661209069821858508 0.999686506699834054324 3.068520502383026205
21653 1172.555000 -0.35615477845474852181 -0.0055057087813773011864 -0.059575816397884895359 -0.0147030752318640794973 -0.0202673965267198552542 0.999686476960029213323 3.06851380682294072599
21654 1172.562000 -0.356154400078700028587 -0.00550361975820961180778 -0.059575767572058652144 -0.0147034052151497358213 -0.0202683620660835707439 0.999686452531111102715 3.06850850078257808562
21655 1172.568000 -0.356154060022220941839 -0.00550181830261383710001 -0.059575755850182071649 -0.0147037488746941495676 -0.0202691408917907781029 0.999686431685725573892 3.068503899557508241
21656 1172.573000 -0.356153763776475451586 -0.00550030639212567475788 -0.0595757683900427839618 -0.0147040943634880946767 -0.0202697757622361841856 0.99968641373157518526 3.06850001114730464025
21657 1172.579000 -0.356153399002136661355 -0.00549848862029495531745 -0.0595758031501369203498 -0.0147045449250360563825 -0.0202705037744548427492 0.999686392342757468299 3.06849530435788508953
21658 1172.585000 -0.356153013429783560362 -0.00549665585154577012589 -0.059575864296106638418 -0.0147050742104770579277 -0.0202712296269579282659 0.999686369838998944992 3.0684905286184420703
21659 1172.591000 -0.356152618344932336836 -0.00549482420016436656773 -0.0595759424799706532871 -0.0147056118140348381779 -0.0202719007205838692987 0.999686348322487483564 3.06848573044502082041
21660 1172.597000 -0.356152213826921526518 -0.00549299045433586895226 -0.0595760362319650293994 -0.0147061755182014454457 -0.0202725497454323867752 0.999686326868806762747 3.06848089423180914181
21661 1172.602000 -0.356151865131138889442 -0.00549145748679026948769 -0.059576125677960382887 -0.014706674072821808788 -0.0202730874224675804152 0.999686308630901021566 3.06847683713336660816
21662 1172.608000 -0.356151440096532267976 -0.00548961717175870840546 -0.0595762406969046892646 -0.0147072812663812581974 -0.0202737205177570545267 0.999686286859092332335 3.06847194259413935669
21663 1172.614000 -0.356151011766967340311 -0.00548778482627324502852 -0.0595763587158921123499 -0.0147078640874130431304 -0.0202743196298790610832 0.999686266134296785957 3.06846706040913330682
21664 1172.620000 -0.35615057711875314217 -0.00548595055046498334544 -0.0595764810471959005422 -0.0147084591154530274631 -0.0202749294973992612301 0.999686245011065732768 3.06846215639076902448
21665 1172.628000 -0.356149999684755969032 -0.00548352054744110240653 -0.0595766369415732938153 -0.0147091952083621586855 -0.0202757121643816380641 0.999686218306799379008 3.06845565798789809975
21666 1172.637000 -0.356149347137208471814 -0.00548078973764218931736 -0.0595768044123728829353 -0.0147100008048102054437 -0.0202766201485718444708 0.999686188036862488637 3.0684483456456765893
21667 1172.646000 -0.356148706147380311737 -0.0054780797205308132472 -0.0595769500397381468471 -0.0147107187269090462084 -0.0202775282250680886909 0.999686159053740031055 3.068441110556644702
21668 1172.655000 -0.356148078233558207373 -0.00547538457829071286559 -0.0595770703966918835359 -0.0147113584182795107541 -0.020278457962157644956 0.999686130781139770107 3.06843393847008405473
21669 1172.665000 -0.356147395800855026682 -0.00547240198689998187664 -0.0595771752953204863923 -0.0147119890942863876943 -0.0202795265774821445448 0.999686099822680751537 3.0684260417175499569
21670 1172.674000 -0.35614680025720085732 -0.00546972947106957093494 -0.0595772403972673891825 -0.0147124813021028231358 -0.0202805227242475218097 0.999686072370705058887 3.06841900205842810223
21671 1172.683000 -0.356146221635975313013 -0.00546706356249230043809 -0.0595772802787073729736 -0.0147129134533434454551 -0.0202815494752549840829 0.999686045180484317285 3.06841201263588470027
21672 1172.692000 -0.356145657820733652077 -0.00546440085133003457946 -0.0595773007839604587521 -0.0147133010487463349036 -0.0202826015320016032895 0.999686018131364484418 3.06840506863445439123
21673 1172.701000 -0.356145105442482068359 -0.00546173469076546933693 -0.059577304592535074157 -0.0147136623786222418137 -0.0202836822258091672988 0.999685990886523545562 3.0683981339854287107
21674 1172.710000 -0.356144563447964801473 -0.00545906379006747856375 -0.0595772967854102525331 -0.0147140046380262179415 -0.0202847764805770651442 0.999685963645906561226 3.06839119913894187164
21675 1172.719000 -0.35614402637215569758 -0.0054563836087848441303 -0.0595772840441698564584 -0.0147143500063856551979 -0.0202858839632086042359 0.999685936089790505577 3.06838425033130901554
21676 1172.728000 -0.356143491718077909169 -0.00545369355967645179362 -0.059577271126748036767 -0.0147146995718913566747 -0.0202869838882136221958 0.999685908623918040306 3.0683772797292880874
21677 1172.737000 -0.356142958219072269799 -0.005450991460564198407 -0.0595772597168169049109 -0.0147150720148397345238 -0.0202880920094678438015 0.999685880653624847625 3.06837026442916949165
21678 1172.746000 -0.356142421899501626648 -0.00544827642402650937775 -0.059577255265171366605 -0.0147154708157433648102 -0.0202891914822692330522 0.999685852469497926442 3.06836320136427653793
21679 1172.756000 -0.356141821063147567816 -0.00544524390423406848272 -0.0595772602695237990522 -0.0147159538337511570233 -0.0202904080496129311795 0.999685820667645108628 3.06835528526981748954
21680 1172.765000 -0.356141274652018224867 -0.00544250513652012272298 -0.0595772756772786904467 -0.014716413454959383772 -0.0202914806843562355032 0.999685792130036721126 3.068348122006259171
21681 1172.774000 -0.356140721659543413313 -0.0054397581056540387362 -0.0595773025323324129099 -0.0147168953581810289105 -0.0202925284964156488199 0.999685763766914092798 3.06834092414497039414
21682 1172.784000 -0.356140166577043060236 -0.00543687101315828980042 -0.0595773336802814662549 -0.0147174021454264409431 -0.0202936046086377094855 0.999685734461624786462 3.06833331778033580051
21683 1172.793000 -0.356139535934330286882 -0.0054339351998449114331 -0.0595773890986118423441 -0.0147180096471755377657 -0.0202947347075520846682 0.999685702576152634968 3.06832560511516305723
21684 1172.802000 -0.356138968933090938052 -0.00543117454122936903216 -0.0595774412344914905404 -0.0147185528134016925528 -0.0202957561655773902065 0.999685673841906541348 3.0683183256920636417
21685 1172.811000 -0.356138397220794433728 -0.00542841382437526075166 -0.0595775005134132062956 -0.0147191037104480934583 -0.0202967652387748900833 0.999685645243945320004 3.06831105155382699579
21686 1172.820000 -0.356137824742549735646 -0.00542565432975552000561 -0.0595775617037691898603 -0.0147196624773770143313 -0.0202977831770929824373 0.999685616348783834262 3.06830377637547258018
21687 1172.829000 -0.35613725321810540958 -0.00542289850498801559442 -0.0595776238976274546966 -0.0147202133098376566206 -0.0202987943156839253933 0.999685587707176304129 3.0682965125088714764
21688 1172.838000 -0.356136676357019121841 -0.00542013871687386291492 -0.0595776895654189092566 -0.0147207889155902462569 -0.020299832543654118544 0.999685558149362329949 3.06828924625954879701
21689 1172.847000 -0.356136106249633765941 -0.0054173895943226430677 -0.0595777499288852735448 -0.0147213324838526178617 -0.020300857376766269502 0.999685529333934064233 3.06828201756803586875
21690 1172.856000 -0.356135538226499737124 -0.00541464471813412739215 -0.0595778085158201464733 -0.0147218597209473629067 -0.0203018745114407796193 0.999685500914001878847 3.06827481148058289762
21691 1172.865000 -0.356134973113612696149 -0.00541190178661541277522 -0.0595778631389507484784 -0.0147223834670227385346 -0.0203029089020219447037 0.99968547219371239887 3.06826761587915974872
21692 1172.872000 -0.356134535866370893764 -0.00540976890396676311779 -0.0595779026084235635574 -0.0147227903283697371395 -0.020303727235352033581 0.999685449581666718544 3.06826202223843536032
21693 1172.881000 -0.356133977485933617135 -0.00540702986028315790712 -0.0595779491023732676869 -0.0147232894880448914737 -0.020304766267997490653 0.99968542112679281697 3.06825484455184849253
21694 1172.890000 -0.356133420304138581525 -0.00540429104373535678513 -0.0595779934138213965178 -0.0147237776209943448807 -0.0203058014532762134974 0.999685392911143666517 3.06824767956875099628
21695 1172.898000 -0.356132926065360122525 -0.0054018518032493334155 -0.0595780292438793518395 -0.0147242205472993790971 -0.0203067463841254090828 0.999685367193381191342 3.06824129213123963922
21696 1172.907000 -0.356132373754134035071 -0.00539910929787667127205 -0.0595780663899923845772 -0.0147246998473512993172 -0.0203077952392155501593 0.999685338827637104409 3.06823411205593288287
21697 1172.916000 -0.35613182330630493988 -0.00539636519678778157211 -0.059578101356667037547 -0.014725165988099560635 -0.0203088318864045047629 0.99968531090240220216 3.06822692717171285892
21698 1172.925000 -0.356131274013058718442 -0.00539361659895958890643 -0.0595781342426858276373 -0.0147256366238794483836 -0.0203098801852510842114 0.999685282672943098525 3.06821972329519443434
21699 1172.934500 -0.356130726057308555355 -0.00539086471182603950425 -0.0595781651686773938703 -0.0147261034909932191084 -0.0203109272043853934797 0.999685254523678068495 3.06821250499739184292
21700 1172.943000 -0.356130177516245760572 -0.00538810786877841167708 -0.059578196834289109951 -0.0147265732866295132736 -0.0203119726536026140584 0.999685226361854639698 3.06820526848429953048
21701 1172.952000 -0.356129625539173266802 -0.00538534088701052467141 -0.0595782308562327472812 -0.0147270622740909469528 -0.0203130297867611005203 0.999685197678577885938 3.06819799142632865241
21702 1172.962000 -0.356129015210044919115 -0.00538241399146101827389 -0.0595782716874774936899 -0.0147275788165616948466 -0.0203141420210940781832 0.999685167468313040651 3.06819032605496211374
21703 1172.971000 -0.35612846898596378642 -0.00537950568762106395848 -0.0595783000836151988011 -0.0147280507950027176461 -0.0203152137436361686362 0.99968513873635733713 3.06818265556348679368
21704 1172.981000 -0.356127923235882548614 -0.00537659595596499603753 -0.0595783290148673566611 -0.0147285239221616234134 -0.0203162856322551960142 0.999685109982729969147 3.06817497898183333405
21705 1172.990000 -0.356127308286646404589 -0.00537365441232526622195 -0.059578376085053355582 -0.0147290699760783006661 -0.0203174079493728156065 0.9996850791283516946 3.06816725894319253243
21706 1173.000000 -0.356126700783596594757 -0.00537057690597275705358 -0.0595784163747506700926 -0.0147296001686276212261 -0.0203185557858975469891 0.999685047987438735184 3.06815915884119627677
21707 1173.009000 -0.356126146236512730603 -0.00536779693503226448814 -0.0595784586860333212344 -0.0147301140524300957363 -0.02031961354896284766 0.999685018916070089467 3.06815184462491030715
21708 1173.018000 -0.35612559706584800967 -0.00536502437122542488734 -0.0595784984087219457449 -0.0147306061848013602339 -0.0203206543709407820575 0.99968499050819259466 3.06814455342311376285
21709 1173.028000 -0.356124990427622134526 -0.00536194903364815497748 -0.0595785425479294639128 -0.0147311366232956535149 -0.0203217913276456906002 0.999684959580277698876 3.06813646946251106229
21710 1173.038000 -0.356124444766536429885 -0.00535903734944871788098 -0.0595785791543100157197 -0.0147316280789698030029 -0.0203228649777768763385 0.999684930512227953869 3.06812879787169245915
21711 1173.047000 -0.356123830368051841333 -0.0053560973500132585956 -0.0595786332119976891342 -0.0147321949348340319047 -0.0203239940745069333494 0.999684899204375088111 3.06812109709017200032
21712 1173.057000 -0.356123286544447248403 -0.00535318763126622562676 -0.0595786698082979293556 -0.014732685346692817388 -0.0203250682532858419072 0.999684870138072390056 3.06811343532200586637
21713 1173.066000 -0.356122676379055036477 -0.00535025157080240391927 -0.0595787214301761736124 -0.0147332475395391716833 -0.0203262005470771327242 0.999684838830848021551 3.06810574104842270771
21714 1173.076000 -0.356122067330478686564 -0.00534717300780104300151 -0.0595787688098342038678 -0.0147338056177773301519 -0.0203273620678047599319 0.999684806988373586556 3.06809765537263023916
21715 1173.085000 -0.356121523683131768756 -0.00534440794420408191168 -0.0595788102442404154946 -0.014734293580015281333 -0.0203283959190735039058 0.999684778773816895558 3.06809039999704680213
21716 1173.095000 -0.356120916957022914939 -0.00534133012649867788824 -0.0595788560584084442295 -0.0147348446132620422566 -0.0203295534197438301782 0.999684747113797178564 3.06808231207456172385
21717 1173.105000 -0.356120316420222293718 -0.00533826060028232823873 -0.0595788983653279119457 -0.0147353682688866269301 -0.0203306902076630796605 0.99968471627691724013 3.06807425552219292797
21718 1173.114000 -0.35611977371329850417 -0.00533549245815077063243 -0.0595789374810532165738 -0.0147358531960501380753 -0.0203317257226030105588 0.999684688069055527038 3.06806698094925867082
21719 1173.124000 -0.356119170318352273874 -0.00533241427226724667293 -0.0595789813814829455341 -0.0147363921423685102774 -0.0203328740353492243287 0.999684656769368018558 3.06805888843895591123
21720 1173.133000 -0.356118628878431209284 -0.00532964439933898432439 -0.05957901919317596523 -0.0147368726909400359071 -0.02033390812227848371 0.999684628652339535293 3.06805160407105059761
21721 1173.143000 -0.356118026598551351558 -0.00532656275229794352183 -0.0595790614891449632484 -0.0147374151604940575172 -0.0203350670201017935668 0.999684597082337478291 3.06804349408574150715
21722 1173.153000 -0.356117428520056511498 -0.0053234870225207691144 -0.05957910094055424155 -0.0147379318456754178357 -0.0203362030635901615272 0.999684566355742321164 3.06803540392869722453
21723 1173.162000 -0.356116890166125743544 -0.00532071555165641862928 -0.059579136653763312137 -0.0147384009914135419989 -0.0203372303345383496909 0.999684538541302125658 3.06802810842321838081
21724 1173.172000 -0.356116288819726789505 -0.00531763074748622423249 -0.0595791780720922869996 -0.0147389452421663093989 -0.0203383948278489656847 0.999684506826516328104 3.06801998611308057718
21725 1173.182000 -0.356115688028975696522 -0.00531454674134969329291 -0.0595792200472351207718 -0.0147394802599628577805 -0.0203395457579018425209 0.999684475522165993944 3.0680118722579323709
21726 1173.192000 -0.356115152871963380754 -0.00531163025479650541955 -0.0595792506990489856289 -0.0147399505894553438379 -0.0203406142422024767413 0.99968444684753909879 3.0680041771694561703
21727 1173.201000 -0.356114549326073337454 -0.0053086875577385648356 -0.0595792982266173803962 -0.0147404942136509647943 -0.0203417352544655906377 0.999684416021963562216 3.06799644989347841673
21728 1173.211000 -0.356114015991297605535 -0.00530577041203916105472 -0.0595793286586414339023 -0.0147409631667872291494 -0.0203428018155507074616 0.999684387403949159534 3.06798875234434920145
21729 1173.220000 -0.356113415123483656455 -0.00530283303527665644816 -0.0595793762973258478333 -0.0147415027390321532602 -0.0203439195081279201871 0.999684356702675414041 3.06798104778394975511
21730 1173.230000 -0.356112821815754543309 -0.00529975814013013656056 -0.0595794165646730267127 -0.0147420188155074540631 -0.020345054892179074979 0.999684325986297417366 3.0679729682277190328
21731 1173.239000 -0.35611228604388800445 -0.00529698703299351369989 -0.0595794539530053318677 -0.0147424977326894284663 -0.0203460892023066761136 0.999684297873470351092 3.0679656802453352249
21732 1173.249000 -0.356111691089796233989 -0.00529390728855873293757 -0.0595794954181540215021 -0.0147430377808956646069 -0.0203472487710909637204 0.999684266308337066143 3.06795757779628397444
21733 1173.258000 -0.356111156447923571378 -0.00529113796552024319431 -0.0595795330195009187335 -0.014743516837005525566 -0.020348281699839043668 0.999684238218819354316 3.06795029512963912666
21734 1173.268000 -0.356110625523837209805 -0.00528822412591568782186 -0.0595795659261926791039 -0.0147439830265557597633 -0.0203493336415151472585 0.999684209930745582007 3.06794261264387735366
21735 1173.277000 -0.356110028780418530481 -0.00528529291298417223249 -0.0595796133308332254153 -0.0147445286635139310993 -0.0203504574877777164033 0.999684179005814299579 3.06793492162849545934
21736 1173.286000 -0.356109496252433765928 -0.00528252640110078025559 -0.0595796500671212231337 -0.0147450045605635512297 -0.0203514880555229760173 0.999684151006924204275 3.06792764480967683483
21737 1173.295000 -0.356108963501167385957 -0.00527975961703137063041 -0.0595796875827329930342 -0.0147454818359880005657 -0.0203525171400708720926 0.999684123016609582635 3.06792036620600860886
21738 1173.305000 -0.356108375830139434193 -0.00527669094635018539469 -0.0595797272354287171803 -0.0147459907077077539972 -0.0203536397823663589568 0.999684092654103406694 3.06791229214098937206
21739 1173.314000 -0.356107844135128914775 -0.0052739251682992612999 -0.0595797643731144355161 -0.0147464660081638946482 -0.0203546671616304242214 0.999684064724955634418 3.06790501385727809591
21740 1173.324000 -0.356107251370711530569 -0.0052708497853058032187 -0.0595798071366069464938 -0.0147470023197208265769 -0.0203558127605414744543 0.999684033487301504373 3.06789692100748156989
21741 1173.333000 -0.356106720974491308684 -0.00526808517001959610015 -0.0595798432724156806772 -0.0147474744647931223923 -0.0203568395910790692072 0.999684005613160286963 3.06788964418949117174
21742 1173.343000 -0.356106193590194242127 -0.00526517493905915255625 -0.0595798744960572002061 -0.0147479420197531192749 -0.0203578988235567602538 0.999683977145613633652 3.06788196244247357569
21743 1173.352000 -0.35610560174144822998 -0.00526224690530556656054 -0.0595799198661992254755 -0.0147484779148888377198 -0.0203590137709431101554 0.999683946533837408666 3.06787426825153008991
21744 1173.362000 -0.356105011573150387338 -0.00525915370125471740709 -0.0595799515138716317963 -0.0147489891621280164169 -0.020360198853411903136 0.999683914855763355867 3.06786610797106717996
21745 1173.371000 -0.35610448309044462345 -0.00525641098197653609814 -0.0595799971613288972816 -0.014749476708952343959 -0.0203611799997516773608 0.999683887679415406069 3.06785890612234179997
21746 1173.381000 -0.356103958250008123532 -0.00525350403542327107353 -0.0595800269988678438127 -0.014749940052181482672 -0.0203622392065227093838 0.99968385926899572258 3.06785123252684188699
21747 1173.390000 -0.356103430465746939593 -0.00525074215996308105853 -0.0595800626366713020898 -0.0147504093992334352897 -0.0203632641488106780336 0.999683831466609551519 3.06784396134210357587
21748 1173.399000 -0.356102840107129947622 -0.00524781663067835132258 -0.059580107691010367188 -0.01475094021131173605 -0.0203643720579348395938 0.999683801065901156413 3.06783627377103984557
21749 1173.408000 -0.356102313528909475426 -0.00524505679346340143027 -0.0595801431022010136163 -0.0147514087164943713537 -0.0203653965187191067499 0.999683773283088994432 3.06782900855226836612
21750 1173.417000 -0.356101788595011348182 -0.00524229980482313930035 -0.0595801787638477325926 -0.0147518730405061162386 -0.0203664157554334993017 0.999683745667135137403 3.06782175612110696861
21751 1173.427000 -0.356101266464516397203 -0.00523939721249571180306 -0.0595802082490006976179 -0.0147523347852522301871 -0.0203674734660880575599 0.999683717304124086489 3.06781409498536561387
21752 1173.436000 -0.356100741370543871778 -0.00523664022545698194799 -0.0595802436138317265124 -0.0147528027246543302214 -0.0203684964194762486989 0.999683689556540189258 3.06780683757895689112
21753 1173.445000 -0.356100153958455734049 -0.00523372057127776974667 -0.0595802884273286537109 -0.0147533320814753707989 -0.0203696016072857158385 0.999683659225684473348 3.06779916620611059486
21754 1173.454000 -0.356099629963967878599 -0.0052309659693697083821 -0.0595803237162649337866 -0.0147537993802202786059 -0.0203706232826968772209 0.999683631510950965193 3.06779191500670922466
21755 1173.463000 -0.356099107548318305483 -0.00522821429192873825265 -0.0595803592878388632581 -0.0147542624662397106605 -0.0203716393986359406432 0.999683603970420886498 3.06778467634261664543
21756 1173.472000 -0.356098584799071415929 -0.00522546215730481430212 -0.0595803941734781364326 -0.0147547282698047860922 -0.0203726599758731093115 0.999683576297616283135 3.06777743107862477245
21757 1173.481000 -0.356098124529522885862 -0.00522287300855805124156 -0.0595804195584276261033 -0.0147551263637653948951 -0.020373587698694066439 0.999683551515314627878 3.06777059668783724788
21758 1173.490000 -0.356097541194979771983 -0.00521996097769606738626 -0.0595804636347598837176 -0.0147556557292360512185 -0.0203746947382905281565 0.999683521139726471993 3.06776294382300873664
21759 1173.499000 -0.356097019473013864932 -0.00521721154461451085138 -0.0595804987145072684207 -0.0147561210799171272506 -0.0203757127561403766913 0.999683493522001809239 3.06775570434013067356
21760 1173.508000 -0.356096556410197273568 -0.00521461808539684570224 -0.0595805264577492360578 -0.0147565367264172221662 -0.0203766522540854179424 0.999683468237200556494 3.06774885657441709341
21761 1173.517000 -0.356096036071457677785 -0.00521187099148830244172 -0.0595805605857107345447 -0.014756999296608687075 -0.0203776696257161639425 0.999683440671288336965 3.06774162253017124158
21762 1173.526000 -0.356095456629447637553 -0.00520897033516227146721 -0.059580603807489418422 -0.014757507390362512717 -0.02037875282852672984 0.99968341109011971124 3.0677340075211514403
21763 1173.535000 -0.356094938376808223257 -0.0052062262485724087463 -0.0595806374809008248983 -0.014757962682978407673 -0.0203797616514052246095 0.999683383803331881978 3.06772677811774929779
21764 1173.544000 -0.356094418936193868319 -0.00520348205581090423461 -0.0595806720233557074451 -0.0147584252262193318245 -0.0203807767417278247468 0.999683356280500201585 3.06771955064147494596
21765 1173.554000 -0.356093898396784236393 -0.00520058516790347646896 -0.0595807038542062253339 -0.0147589043989466272427 -0.0203818419686556499826 0.999683327488714135178 3.06771189843400415853
21766 1173.563000 -0.356093321738258639098 -0.00519769016768717971588 -0.0595807457151493191638 -0.0147594079867341635565 -0.0203829234520850575973 0.99968329800363653348 3.06770429742431360864
21767 1173.572000 -0.356092803628020260209 -0.0051949493527008320029 -0.0595807799478148547578 -0.0147598690979881368157 -0.0203839370374375335182 0.999683270528752943029 3.06769707856160245285
21768 1173.581000 -0.356092287805184148919 -0.0051922111394858694311 -0.0595808130180741357673 -0.0147603216338951775261 -0.0203849434006000626574 0.999683243326514037186 3.06768986398993703801
21769 1173.590000 -0.356091770823825648495 -0.00518947299469495800656 -0.059580846973554549284 -0.014760781505489791246 -0.020385956052930080673 0.999683215886490339486 3.06768265203257284313
21770 1173.599000 -0.356091249690835942587 -0.005186729604041051718 -0.0595808836534180152888 -0.0147612632811653359671 -0.0203869859780144296879 0.999683187769543568635 3.06767542515711433282
21771 1173.608000 -0.356090734203030834237 -0.00518399459758073916094 -0.0595809166082724300795 -0.0147617204691853493026 -0.0203879980519505281389 0.99968316037843873989 3.06766822157568785912
21772 1173.618000 -0.35609016325989178986 -0.00518096015389944274804 -0.0595809532642806935487 -0.0147622177218427515916 -0.0203891084447565922033 0.999683130389205309996 3.06766023181361768835
21773 1173.627000 -0.356089649922466611187 -0.00517822860814329787027 -0.0595809858832625008351 -0.0147626679998502010477 -0.0203901120569681057471 0.999683103270146533603 3.06765303470436689892
21774 1173.637000 -0.356089076424887018835 -0.00517519051832914835087 -0.0595810239209360048562 -0.0147631912258630402374 -0.0203912494206151956311 0.999683072344378143015 3.06764502860207821655
21775 1173.645000 -0.356088616721142947608 -0.00517276069720717761313 -0.0595810557131151441457 -0.0147636053457052811994 -0.0203921487420751119946 0.999683047884116771087 3.06763863130413483304
21776 1173.655000 -0.356088048590404548932 -0.00516973320954093248925 -0.0595810911747133437055 -0.0147640987131390094556 -0.0203932567696288313819 0.99968301799496261939 3.06763065946038304688
21777 1173.664000 -0.35608753535795395484 -0.00516700590894535009834 -0.0595811245711273945735 -0.0147645554087406424143 -0.0203942644762596554664 0.999682990692576822767 3.06762347554335068622
21778 1173.673000 -0.356087024374842409102 -0.00516428137209594493445 -0.0595811568491310464268 -0.0147650036184901085889 -0.0203952647619016977365 0.999682963665700197176 3.06761629619075604225
21779 1173.682000 -0.356086568589195184842 -0.00516170802602452117452 -0.0595811834166433546001 -0.0147654163075327891225 -0.0203961994037245540612 0.999682938501577522672 3.06760949823357975674
21780 1173.691000 -0.356085995804490740291 -0.00515882757082910571589 -0.0595812259910457747702 -0.0147659367565201957856 -0.0203972946523720867484 0.999682908467763531313 3.06760192821600874424
21781 1173.700000 -0.356085485020295078318 -0.00515610658536780341876 -0.0595812582228124748562 -0.0147663897007842340181 -0.0203983001770551390652 0.999682881260398170653 3.06759476018290744292
21782 1173.710000 -0.356084977067602670431 -0.00515323902178268112434 -0.0595812859041798259518 -0.0147668391354432351065 -0.0203993375374677786416 0.999682853454024300532 3.06758718465898461147
21783 1173.719000 -0.356084410540273454959 -0.00515037048171120351303 -0.0595813259639430270465 -0.0147673281568113448636 -0.0204004001057556984267 0.999682824547183046526 3.06757964862221221836
21784 1173.729000 -0.356083903671079393671 -0.00514750787037532644974 -0.0595813532102553444769 -0.014767776019470555196 -0.0204014366117737828976 0.999682796778865401244 3.06757208635446909639
21785 1173.738000 -0.356083389556267615461 -0.00514478423394662369439 -0.0595813888854417050833 -0.0147682515132476783332 -0.0204024561932187632751 0.999682768946491884243 3.06756490876385523592
21786 1173.747000 -0.356082823459351105466 -0.0051419198865723615352 -0.0595814288526302776594 -0.0147687449901831215765 -0.0204035240259267183771 0.999682739862371771977 3.0675573859202756033
21787 1173.756000 -0.356082314795966303755 -0.00513920722375013280803 -0.0595814614263929231974 -0.014769197084676465026 -0.0204045251398878996207 0.999682712750045499028 3.06755023889449107699
21788 1173.765000 -0.356081808389022369532 -0.00513649746228287806121 -0.0595814928582412001168 -0.0147696406364110372628 -0.0204055188952821792148 0.999682685912927859739 3.06754309690906801222
21789 1173.774000 -0.35608130079119459932 -0.00513378805220348916755 -0.0595815251886483987498 -0.0147700915366229864473 -0.0204065188141003481248 0.999682658840238880238 3.06753595822286362349
21790 1173.783000 -0.356080789009206755136 -0.00513107366640139749003 -0.0595815602499920951574 -0.0147705643361192590773 -0.0204075358959238985224 0.999682631092412732343 3.0675288052689237972
21791 1173.793000 -0.356080228552124733454 -0.00512807102276070791991 -0.0595815943188976460121 -0.0147710500176684179224 -0.0204086330416866947035 0.99968260151847465611 3.06752089654023896159
21792 1173.802000 -0.356079722229589279436 -0.00512536629747276008956 -0.0595816264398486561404 -0.0147714997429821848912 -0.0204096309915252661915 0.999682574499592191408 3.06751377010850179161
21793 1173.812000 -0.356079160205565792285 -0.0051223610640059036303 -0.0595816617311356322428 -0.0147720054271245609251 -0.0204107477584278343419 0.99968254422671742887 3.0675058453035708439
21794 1173.821000 -0.356078654946917427804 -0.00511965985481966940479 -0.0595816936317259335243 -0.0147724540344629437505 -0.0204117443832009110016 0.999682517248868696136 3.06749872797433953409
21795 1173.830000 -0.356078149526866727381 -0.00511696092443303558739 -0.0595817263876184596838 -0.014772896695642625739 -0.0204127296704180831444 0.999682490589198224917 3.06749162174405665127
