26380 712.874000 30.876147074304139295 -0.0845877068246821267605 4.08080294091078510377
26381 712.878000 30.875890082534830583 -0.0839826166674319529726 4.08019827220395026046
26382 712.883000 30.8755969026612682171 -0.0832183504509155930196 4.07938192924451481503
26383 712.887000 30.8753825538938748707 -0.0826185274214247672431 4.07870189527482551739
26384 712.892000 30.8751372133798973607 -0.081903277559081763548 4.07784460313573404733
26385 712.896000 30.8749572886292789065 -0.0813705365028514621129 4.07717056658472998265
26386 712.902000 30.8747117294214810101 -0.0806539530418182992744 4.07620846281815385481
26387 712.909000 30.8744578175855011182 -0.079960883049293066116 4.07520107375068363353
26388 712.915000 30.874264571638221355 -0.0794966528203870231861 4.07446565363393276016
26389 712.922000 30.8740640238961425723 -0.0791043175486294131149 4.07378005399084308635
26390 712.929000 30.8738872777315194185 -0.0788608828693261598719 4.07329105957744985744
26391 712.936000 30.8737319272756920441 -0.0787471374208798952088 4.07299716899474706366
26392 712.942000 30.8736144746269509653 -0.0787352946850125579026 4.07289095237957265994
26393 712.947000 30.8735270646411805728 -0.0787739512487959231413 4.07289502150418591953
26394 712.951000 30.873463738595678052 -0.0788301920207725159706 4.07295182425534108006
26395 712.956000 30.8733925966797357887 -0.0789249393174021457442 4.07308036287687968979
26396 712.960000 30.8733419366474173273 -0.0790152958007895866999 4.07322171688164580416
26397 712.964000 30.8732966941047806131 -0.0791145181505782668641 4.07339039907515854111
26398 712.968000 30.8732567277711780207 -0.0792192301291978068223 4.07357996687689905002
26399 712.974000 30.873206312920544292 -0.0793801667388605997067 4.07388963723841435183
26400 712.981000 30.8731611491758712873 -0.0795640793629828202427 4.07426518453486163907
26401 712.989000 30.8731258801249026646 -0.0797573764739384072353 4.07467807041582652516
26402 712.995000 30.8731094372803838155 -0.0798850639454064120892 4.07495589161285920454
26403 713.003000 30.873098479355135737 -0.0800282867059405045307 4.07526270295540093969
26404 713.011000 30.8730969947205551307 -0.0801395426606522770507 4.07548198610295919764
26405 713.020000 30.8731022433036415009 -0.0802285823309940582249 4.07561685339617163493
26406 713.026000 30.8731074289966862523 -0.0802690984035783899886 4.07564346812385824848
26407 713.032000 30.8731123177186894679 -0.0802967755125564980334 4.07562492779126017695
26408 713.039000 30.8731159605300966575 -0.0803155763240335912601 4.07555558943220663792
26409 713.044000 30.8731162948308224259 -0.0803217860872363353941 4.07548158504361435206
26410 713.051000 30.873112507309976138 -0.0803226557552084441394 4.07535498006136265303
26411 713.057000 30.8731046130805388827 -0.0803178981572961608881 4.0752351920402265506
26412 713.064000 30.8730894216576743361 -0.0803078397615602235238 4.07509477644967077481
26413 713.070000 30.8730711058443496597 -0.0802965890825372979878 4.07498294545840789027
26414 713.077000 30.8730436868591162636 -0.080281542134055888793 4.07487167982249509635
26415 713.083000 30.8730153442749966075 -0.0802676710133840010108 4.07479842774917688786
26416 713.090000 30.8729773060946008911 -0.0802509252022036989604 4.07474318635938814737
26417 713.096000 30.872941151853432018 -0.0802364061292123315061 4.07472323727006635607
26418 713.101000 30.8729090671535608692 -0.0802243417868998970333 4.07472569816730612047
26419 713.106000 30.8728756813449471963 -0.080212405631169797493 4.07474444779490596602
26420 713.111000 30.8728414553019767652 -0.0802006795256319654497 4.07477784738906123607
26421 713.116000 30.8728068488466504959 -0.0801892459903119497744 4.07482375462493084939
26422 713.122000 30.8727661911749571289 -0.0801764905760096596721 4.07489161059370452733
26423 713.127000 30.8727301841533723348 -0.0801664638780887894853 4.07495527665566470432
26424 713.132000 30.8726964833160586466 -0.0801559620589862714679 4.07502341329052697461
26425 713.137000 30.8726642414664524949 -0.0801465469626473220321 4.07509222560863459961
26426 713.142000 30.8726338894123664147 -0.0801380993561835869299 4.07515887574276991501
26427 713.147000 30.8726050427119567132 -0.08013048951443851875 4.07522079588203567369
26428 713.152000 30.8725786585131132256 -0.0801240817178406339316 4.07527576700441951374
26429 713.158000 30.8725497878444556932 -0.0801179261190261282621 4.07532978013772861914
26430 713.165000 30.872520162946589295 -0.0801129376494839617884 4.07537332147377551195
26431 713.171000 30.872498296436617693 -0.0801106293899127713809 4.07539228687493704228
26432 713.177000 30.8724795199223436271 -0.0801100467301571195211 4.07539383953649370085
26433 713.182000 30.8724661326038294362 -0.0801108313077575073802 4.07538218637863192129
26434 713.187000 30.8724545025607142179 -0.0801125348303506623626 4.07535954145726808662
26435 713.192000 30.8724446332841715446 -0.0801151852013245041606 4.07532702601858787261
26436 713.199000 30.8724331289871543049 -0.0801199317416440431883 4.07526764598407886808
26437 713.206000 30.8724237931433691529 -0.080125623308115415111 4.07519627108431148343
26438 713.210000 30.8724193668114246236 -0.080129000360416660631 4.07515207439537885392
26439 713.214000 30.8724156706447594445 -0.0801324719520341427481 4.07510668727816049994
26440 713.218000 30.8724119427819552186 -0.0801357439019135947555 4.07506100510419244642
26441 713.222000 30.8724086002379110028 -0.080138830167448521502 4.07501600872743008352
26442 713.227000 30.8724045024227606859 -0.0801422219711114963703 4.07496208264692061363
26443 713.233000 30.8723999502558577035 -0.0801457466763637049745 4.07490274727035028945
26444 713.240000 30.8723942367278851862 -0.0801482151623564148535 4.0748440444557267881
26445 713.247000 30.8723882997591765331 -0.0801491577978506869462 4.07479930683403335223
26446 713.253000 30.8723828666806099363 -0.0801485991163222305511 4.07477341306969886858
26447 713.260000 30.8723754522190638738 -0.0801462766862858222439 4.07475839665795191991
26448 713.267000 30.8723679520105847018 -0.0801424772547453256877 4.07475958598617271633
26449 713.272000 30.872362144540424822 -0.0801389069504658685394 4.07476968377228931928
26450 713.278000 30.8723549361054452334 -0.0801340333379285812976 4.07479086043780913684
26451 713.285000 30.872346373419997434 -0.0801278084334026696745 4.07482608673520196874
26452 713.291000 30.8723389928888138911 -0.0801222525559586729038 4.07486319758772985722
26453 713.298000 30.872330559898855995 -0.0801158995314639604812 4.07491175193030574775
26454 713.305000 30.872322705964045042 -0.0801101998936608050705 4.07496287038390558877
26455 713.311000 30.8723165128865879581 -0.0801060013468828935324 4.07500633239941301156
26456 713.318000 30.8723101177994401212 -0.0801021468023346561171 4.07505407928816065777
26457 713.325000 30.8723049431653109309 -0.0800997132530812255835 4.07509629812214235756
26458 713.332000 30.8723009620596222646 -0.0800986099066524487311 4.07513103490993078282
26459 713.339000 30.8722984669510118749 -0.0800989660256250235459 4.07515695084746454313
26460 713.346000 30.8722973379542509065 -0.0801004777274895718442 4.07517331905001256587
26461 713.353000 30.8722977750267872921 -0.08010308236391909531 4.07518003683924590064
26462 713.361000 30.8722999951957852716 -0.0801068658425606455742 4.07517648922422903723
26463 713.368000 30.8723033739886894011 -0.0801104965110708416853 4.07516463603736411869
26464 713.377000 30.8723097018354053489 -0.0801151504874784842203 4.07513968118447600375
26465 713.385000 30.8723168845508908475 -0.0801186032978442458363 4.0751108925256804838
26466 713.392000 30.8723242114946145875 -0.080120718329762086185 4.07508272954672179367
26467 713.400000 30.8723337221537441621 -0.0801218903516435487777 4.07504945235644200352
26468 713.408000 30.8723446332290158978 -0.0801216131850810558968 4.07501729743897733726
26469 713.416000 30.8723556737748516809 -0.0801194645336824468052 4.07498814832776723449
26470 713.424000 30.8723676048987911713 -0.0801158566489866413862 4.07496361512767979463
26471 713.433000 30.8723820454597124296 -0.0801099771368726926157 4.07494297703881702688
26472 713.440000 30.8723939601435901636 -0.0801047960579770179645 4.07493218117092048658
26473 713.448000 30.8724082366772556441 -0.0800979848851653408737 4.07492577741668071667
26474 713.456000 30.8724230866985109856 -0.0800909841757213025737 4.07492506772261897652
26475 713.464000 30.8724386597380657804 -0.0800841565963363449798 4.07492934253685934465
26476 713.472000 30.872455026339952866 -0.0800778822690440122978 4.0749375984396900563
26477 713.480000 30.8724722551913863811 -0.0800724780925065465764 4.0749486969438271089
26478 713.488000 30.872490410836306296 -0.0800681732945413837665 4.0749614603323651707
26479 713.496000 30.8725095478514930392 -0.0800650957693233855661 4.07497476078707698832
26480 713.503000 30.8725270839119438904 -0.0800633886919896314849 4.07498604242083573013
26481 713.509000 30.8725427886480403572 -0.0800626885185753978114 4.07499499321847924449
26482 713.516000 30.872561901628415626 -0.0800626758367115470838 4.07500419313614692385
26483 713.523000 30.8725817204071510957 -0.0800632693420568891662 4.07501173125826632315
26484 713.530000 30.8726024120023581077 -0.0800644631053959165978 4.0750174032500776633
26485 713.536000 30.8726207118175963728 -0.0800657182938460804111 4.07502070426890394828
26486 713.542000 30.8726395475099337773 -0.0800670883057144483486 4.0750225720162065457
26487 713.548000 30.872658895996593742 -0.0800684501301735240819 4.07502306644284573167
26488 713.555000 30.8726820382155437983 -0.0800698339202047804086 4.07502204554993152641
26489 713.561000 30.8727024109603469526 -0.0800707987760209544126 4.07501996369725461022
26490 713.567000 30.8727232159788158583 -0.080071437561778285863 4.07501694008844328465
26491 713.573000 30.8727444292986739072 -0.0800716861279279767949 4.07501315421517507076
26492 713.580000 30.8727697111884609171 -0.080071468218508745629 4.07500802269614048612
26493 713.587000 30.8727953988257262097 -0.0800705483478473256653 4.07500239208171688432
26494 713.594000 30.8728216526152117183 -0.0800691002254744210731 4.07499654215527495893
26495 713.599000 30.8728406088883851055 -0.0800676441392979137968 4.07499236136825704335
26496 713.606000 30.8728676453037316207 -0.0800652681035313590341 4.07498668021395449301
26497 713.612000 30.872891138865682592 -0.0800628537433531045631 4.07498208774855807945
26498 713.619000 30.8729189240679744444 -0.0800596921410117595697 4.07497717931688629989
26499 713.626000 30.8729472636952948505 -0.0800563989588688046384 4.07497285752707405493
26500 713.632000 30.8729718945050812806 -0.0800534621663254591928 4.07496966501025070784
26501 713.639000 30.873001041627606611 -0.0800500062474636675525 4.07496656320895311865
26502 713.645000 30.873026468928280508 -0.0800471664312030067867 4.07496444003176172544
26503 713.652000 30.8730566688194905112 -0.0800440777342485282331 4.07496256312588656101
26504 713.659000 30.8730873210270537754 -0.0800411735123662260172 4.0749612797523271368
26505 713.667000 30.8731230898239772387 -0.080038293605391913621 4.07496045971627474103
26506 713.673000 30.8731504065311241902 -0.080036431524056553255 4.0749602281174430729
26507 713.678000 30.8731735410501286765 -0.0800351190301532566806 4.0749602442311507744
26508 713.683000 30.8731968810814585424 -0.0800338990596543148337 4.07496041099623340642
26509 713.690000 30.8732301650450011721 -0.0800325643411035625441 4.07496084592940199798
26510 713.698000 30.8732688574542422089 -0.0800313334285805144663 4.07496152303453218479
26511 713.705000 30.8733032738545816187 -0.0800304524661279576003 4.07496218289601941365
26512 713.714000 30.8733484338546020354 -0.0800296332031793372641 4.07496300953414003487
26513 713.722000 30.8733892657892887712 -0.0800289698251187564537 4.07496362172231751941
26514 713.730000 30.8734307499912716821 -0.0800283025521763696775 4.07496404332590866915
26515 713.738000 30.8734728500444113308 -0.0800275469791991295176 4.07496421957957810633
26516 713.745000 30.873510118018781867 -0.0800267181357582485512 4.07496414153919861434
26517 713.753000 30.8735532743225782326 -0.0800256290682897636346 4.07496377245195962047
26518 713.761000 30.8735969456144587753 -0.0800243107969216133091 4.07496309798617950548
26519 713.768000 30.8736356038379859967 -0.0800230036458412924416 4.074962265808143691
26520 713.776000 30.8736801691256737001 -0.0800212489718884062428 4.07496105287242116333
26521 713.784000 30.8737251840203867914 -0.0800192918136976155674 4.07495959222950165923
26522 713.791000 30.8737648866772076417 -0.0800174022591380318392 4.07495813946570706321
26523 713.799000 30.8738107209194510006 -0.0800151769944364710252 4.07495632297754717399
26524 713.806000 30.8738512286936348517 -0.0800132105782871139166 4.0749546323971141959
26525 713.814000 30.8738978839582074443 -0.0800108924223055240077 4.07495262416069081723
26526 713.821000 30.873939029565054426 -0.080008837516000491652 4.0749508359054749107
26527 713.830000 30.8739925527922309811 -0.0800063553782019709626 4.07494855024743429794
26528 713.837000 30.8740345135892901851 -0.0800044286307448199169 4.07494681022469418252
26529 713.844000 30.8740769360507769647 -0.0800026674848466068379 4.07494513406728753324
26530 713.852000 30.8741258296451590581 -0.0800007182169758662704 4.07494331351066385594
26531 713.858000 30.8741628291193421774 -0.0799993342491388814697 4.07494202734371313568
26532 713.865000 30.8742063101232169231 -0.0799977581050127090068 4.0749406187849466221
26533 713.873000 30.8742565328151705728 -0.0799960967839019460035 4.07493913874685276255
26534 713.881000 30.874307264490060021 -0.0799945146785003002865 4.07493779333385219843
26535 713.889000 30.8743585002547824558 -0.0799929872636269551078 4.07493657408241283235
26536 713.897000 30.8744102311861183807 -0.0799914883952751037954 4.07493546669846029573
26537 713.903000 30.874449346917728576 -0.079990367569332018749 4.07493469839664879117
26538 713.911000 30.8745019124170418934 -0.07998885888746776196 4.07493373967792926749
26539 713.918000 30.8745483259754394112 -0.0799875525742218679293 4.0749329474407387508
26540 713.927000 30.874608386707276253 -0.0799857241791843559531 4.07493196003799607041
26541 713.934000 30.8746555471353261169 -0.0799843251262564031157 4.07493120331543945412
26542 713.942000 30.8747097660005493935 -0.0799826214853466138655 4.07493032580559333411
26543 713.950000 30.8747643658069641504 -0.0799808580120965895155 4.07492941967238397893
26544 713.958000 30.8748193300693749563 -0.0799790409516908523679 4.0749284704608257357
26545 713.965000 30.8748676658367564585 -0.0799773735985181838393 4.07492759450848485159
26546 713.973000 30.8749232771711596968 -0.0799754851167978481064 4.07492653947748006971
26547 713.980000 30.8749722543662414864 -0.0799738580034941304309 4.07492556693489937913
26548 713.988000 30.8750284806591608344 -0.0799719456128063638234 4.07492439559268948557
26549 713.995000 30.8750778964868288767 -0.0799702359705206644591 4.07492332097069009933
26550 714.002000 30.8751276483432519626 -0.0799686216447260955764 4.07492220916938041597
26551 714.009000 30.8751775535410892815 -0.0799669438415229749673 4.07492105862097542257
26552 714.016000 30.8752277957440384171 -0.0799653722025888968883 4.07491988223679779679
26553 714.023000 30.8752781938372180548 -0.079963744384423371403 4.07491867976199539925
26554 714.030000 30.8753289324619046852 -0.0799622263180908010582 4.07491746472385063527
26555 714.034000 30.8753580125094799769 -0.0799613472180692869129 4.07491676480691555895
26556 714.039000 30.8753944327574352258 -0.0799602185838899082171 4.0749158856688296737
26557 714.043000 30.8754236985531207438 -0.0799593571984384132723 4.07491518303758404329
26558 714.048000 30.8754604431847710089 -0.0799583311975526067616 4.07491430728004555561
26559 714.054000 30.875504653501593566 -0.0799570621912971263301 4.07491325792549208273
26560 714.061000 30.8755564232413988179 -0.0799555525384222365304 4.07491204036305454395
26561 714.069000 30.8756159522388387018 -0.0799538837267235458217 4.07491066614125152512
26562 714.077000 30.8756758110805620277 -0.0799522170871655724067 4.07490931192528993421
26563 714.084000 30.8757285007208466254 -0.0799507958088268438912 4.07490814699589254388
26564 714.092000 30.8757889660355218098 -0.0799491135248073941932 4.0749068355713680134
26565 714.100000 30.8758497456351044264 -0.0799474146909624899804 4.07490554734280685523
26566 714.107000 30.8759031336806692991 -0.0799458705140062009242 4.07490443657922352116
26567 714.115000 30.8759644803897934651 -0.0799441324521158597216 4.07490318805986184714
26568 714.122000 30.8760184420648826631 -0.079942634909928089737 4.07490211198356000466
26569 714.130000 30.8760803233411245117 -0.0799408569841867089334 4.07490089430865776166
26570 714.137000 30.8761346467711845776 -0.0799392452547934284635 4.07489983699773006265
26571 714.145000 30.8761970295402896625 -0.0799374370085952634657 4.07489863881509961629
26572 714.152000 30.8762518695455057127 -0.0799358877510972648528 4.07489759676187812687
26573 714.160000 30.8763147240113369207 -0.0799340649617746451527 4.07489640627629157166
26574 714.168000 30.8763778198462510716 -0.0799322415322699930673 4.07489521539366972291
26575 714.175000 30.876437111083795628 -0.0799304810622269296116 4.07488594055480479739
26576 714.182000 30.876490838226764879 -0.0799289376417846447742 4.0748924821679235464
26577 714.190000 30.8765541307698789808 -0.0799268937369419230077 4.07489658344850447236
26578 714.197000 30.8766098201857310812 -0.0799252732628552703398 4.07489753128850562547
26579 714.204000 30.8766657804719208968 -0.0799238008872008021122 4.07489739066147649282
26580 714.211000 30.8767218107954484196 -0.0799222686919792146831 4.07489648202137910715
26581 714.218000 30.8767781062548962723 -0.0799208131048699116361 4.07489497217940144225
26582 714.226000 30.876842620318534216 -0.0799190836856407543776 4.07489265251446308724
26583 714.234000 30.87690738886247388 -0.0799173398932559869712 4.07488987544403258312
26584 714.241000 30.8769642278613716257 -0.0799157754864961433761 4.07488722695248650751
