15721 1402.501000 21.0381151621174673494 -0.082712131505179253832 0.436463092728239299145
15722 1402.508000 21.0379039986219495972 -0.0828588509069723838651 0.436844525942844785771
15723 1402.514000 21.0377194189658958123 -0.0829493457104947123915 0.437110170453248958466
15724 1402.523000 21.0374374860641530915 -0.0830349835267225055979 0.43741257088378387996
15725 1402.531000 21.0371825682253472678 -0.0830701887735250527056 0.437596758012115338854
15726 1402.540000 21.0368917808247601897 -0.0830727117996694353064 0.437723876779185616659
15727 1402.549000 21.0365978097337205099 -0.0830422463267980748292 0.437780154986341707435
15728 1402.558000 21.0363021023756395778 -0.0829832914251762837621 0.437777534846056692874
15729 1402.568000 21.0359736781563348984 -0.0828891604721065933248 0.437717325625166686631
15730 1402.576000 21.0357127708945021993 -0.0827962382466058272046 0.437633109843079182166
15731 1402.585000 21.0354229393988880759 -0.0826785080949324346911 0.43750736190398215042
15732 1402.595000 21.0351072331677180216 -0.0825396799571308237287 0.437338235672874553472
15733 1402.604000 21.0348298464691083609 -0.0824161190660045034351 0.437168408391944429692
15734 1402.613000 21.0345591985065603069 -0.0823019369696891267552 0.436990649282533727416
15735 1402.622000 21.0342950054227451062 -0.0822039382656448436304 0.436813553401824816724
15736 1402.632000 21.0340080586834083931 -0.0821201800762695749425 0.436627766784604687267
15737 1402.641000 21.0337544892759211734 -0.0820705026834989970208 0.43647895876649445146
15738 1402.651000 21.0334743271476405369 -0.0820450184858568798418 0.436341783621126799719
15739 1402.660000 21.0332241387994471893 -0.0820449218846761030299 0.436251337220354307167
15740 1402.670000 21.0329477418900658847 -0.0820672025534470578334 0.436190020271503442473
15741 1402.680000 21.0326714250902604419 -0.0821061991127245427435 0.436171903159897567104
15742 1402.689000 21.0324219948311927908 -0.0821494476339312690305 0.436191541987687891879
15743 1402.699000 21.0321434529703914507 -0.0821995248582510773527 0.436249967247212322441
15744 1402.709000 21.0318644925056439376 -0.0822460672797445668802 0.436340676213562261854
15745 1402.718000 21.0316123281276752266 -0.0822806597357430696826 0.436443420095020240268
15746 1402.728000 21.0313325354914049115 -0.0823088182081866681639 0.436571907183990248758
15747 1402.738000 21.0310534720809059195 -0.082325198705487143136 0.436705906240785923789
15748 1402.747000 21.0308035369605406117 -0.082330458704376677237 0.43682308557453425335
15749 1402.756000 21.030554762784355205 -0.0823280516859364042137 0.436930543996064124634
15750 1402.765000 21.0303071292956360594 -0.0823198194482139405936 0.437023030654524580196
15751 1402.774000 21.0300614324225421115 -0.0823080050618263669993 0.437096552312776887028
15752 1402.783000 21.0298165727099117817 -0.0822946422223412299424 0.437148823878104719753
15753 1402.793000 21.0295456151762962804 -0.0822801375855058969577 0.437181071432353907102
15754 1402.802000 21.0293021749874569082 -0.0822687016061458831206 0.43718783876445072023
15755 1402.812000 21.0290317315264339015 -0.0822589379354154021096 0.437173468643348883678
15756 1402.821000 21.0287882064177011898 -0.0822528735076842737461 0.437144520717743567673
15757 1402.830000 21.0285440392138056609 -0.082249181178345676102 0.437104735168291347325
15758 1402.840000 21.028271339447851318 -0.0822468616033787125463 0.437053560026978593633
15759 1402.849000 21.0280252945473691284 -0.0822457207764793474247 0.437006185275189418249
15760 1402.857000 21.0278060432750280029 -0.0822448941334225219757 0.436966420969908730942
15761 1402.867000 21.0275306085848043836 -0.0822429445775716416733 0.4369243056981461093
15762 1402.877000 21.0272552774135519371 -0.0822396366196403022508 0.436893992181999646363
15763 1402.887000 21.0269797629341610445 -0.0822347415449235924489 0.436878002744024163118
15764 1402.894000 21.0267872848695667187 -0.0822304210991382789064 0.436875913606045163107
15765 1402.903000 21.0265406265382033268 -0.0822240383611384101359 0.436884148774661529302
15766 1402.912000 21.0262947996920743776 -0.0822172030741753490091 0.436903757996932873287
15767 1402.919000 21.0261045752350987925 -0.0822117583453621375567 0.436926011971791816713
15768 1402.928000 21.0258612023774311695 -0.082205513358254184153 0.436961462418241464167
15769 1402.937000 21.0256195292470700053 -0.0822003979285515912201 0.437002512030044032443
15770 1402.946000 21.0253790184795725793 -0.0821966021236067573286 0.43704681383468019229
15771 1402.955000 21.0251398515773395559 -0.082194754842842665532 0.437091416428850743081
15772 1402.964000 21.0249019801346719305 -0.0821947566030888504551 0.437134146778363430474
15773 1402.973000 21.0246645405949443841 -0.0821964074799195892895 0.437173160266639382332
15774 1402.981000 21.0244542640708402814 -0.082198907856239983305 0.437203536388315328054
15775 1402.990000 21.0242174764448748192 -0.0822026975665295922546 0.437231895098660117149
15776 1402.998000 21.024007281752215448 -0.0822062813256749097546 0.437251756764609866845
15777 1403.007000 21.0237702148216492049 -0.0822103085346490292107 0.437267915065764956051
15778 1403.015000 21.0235591475742964462 -0.0822133159270078545111 0.437277295954907552211
15779 1403.024000 21.0233212489724401451 -0.0822157078884478281777 0.43728305185041277392
15780 1403.033000 21.0230824308589916427 -0.0822167073475284782003 0.437284788958798298353
15781 1403.041000 21.0228698384680932065 -0.0822161683479848276468 0.437284002196589416389
15782 1403.050000 21.0226303603603383863 -0.0822141290030906218833 0.437281689900970660378
15783 1403.059000 21.0223899834509388995 -0.0822104961015765883792 0.437279119333319754581
15784 1403.068000 21.022150103642083252 -0.082205628327977925407 0.437277380130399073721
15785 1403.077000 21.0219095791795744788 -0.0821996148777192348067 0.437277661947390539066
15786 1403.085000 21.0216963359090733832 -0.0821938364506557272993 0.4372799423809757835
15787 1403.094000 21.0214567720855214361 -0.0821873589434745643878 0.437285150149814116904
15788 1403.103000 21.0212179357268880153 -0.0821811760618619824292 0.437293373365753301751
15789 1403.112000 21.0209800813121496788 -0.0821755893765984540833 0.437304718287512106389
15790 1403.120000 21.020769018167662523 -0.0821712128304594585648 0.437317175979555994303
15791 1403.129000 21.0205327257514191786 -0.0821674904333782318844 0.437333306868706195303
15792 1403.138000 21.0202969374171608763 -0.0821646073678841265542 0.437351466725796556023
15793 1403.146000 21.0200883003175498231 -0.0821632624590906274209 0.437368367229894750015
15794 1403.155000 21.0198540771746564815 -0.0821623551570144217138 0.437388340031244216011
15795 1403.164000 21.0196204777161455013 -0.0821624172839849065131 0.437408228367442641904
15796 1403.173000 21.0193874062492582766 -0.0821630407567708886951 0.437427654132673759957
15797 1403.182000 21.0191548439252535729 -0.0821639008480674060131 0.437446377017660481545
15798 1403.191000 21.0189219986763049519 -0.0821645086218390358068 0.437464159511657679769
15799 1403.200000 21.0186893436328752216 -0.0821651007327783150513 0.437480447494612012527
15800 1403.208000 21.0184825212633157321 -0.0821653588836440407217 0.437493704702532848483
15801 1403.217000 21.0182501597782582792 -0.0821650250219386757422 0.437507436945175132159
15802 1403.226000 21.0180170651971316431 -0.0821638493802297753543 0.437520096986906692482
15803 1403.235000 21.0177840671274722695 -0.0821622184002366723332 0.43753161921731192896
15804 1403.243000 21.0175767390015728608 -0.0821601725600391435966 0.437541226960865670126
15805 1403.252000 21.0173436367693042826 -0.0821575548178414410971 0.437551317092481573123
15806 1403.261000 21.0171107687050415791 -0.0821545419375245694615 0.437561179034056835224
15807 1403.271000 21.0168517777061332197 -0.0821507814454387058634 0.437572137898816215795
15808 1403.280000 21.0166189152045355115 -0.0821474361989387308336 0.437582051778340530568
15809 1403.290000 21.016360735690003736 -0.0821437832890386382401 0.437593489068394403407
15810 1403.299000 21.0161285033964375657 -0.08214073098053037425 0.437604310100330740063
15811 1403.309000 21.0158714653559108854 -0.0821376305083482277647 0.437616999088570379772
15812 1403.318000 21.0156401445714564602 -0.0821349930668126143596 0.437629204457288034646
15813 1403.327000 21.0154094486427389654 -0.0821329164427642144375 0.437641780538126523581
15814 1403.337000 21.0151538775747894761 -0.0821310843363501630332 0.437656261397084189735
15815 1403.346000 21.0149240690195071579 -0.0821294239827386890473 0.437669998669124815649
15816 1403.354000 21.0147203166525144979 -0.0821281167477426188306 0.437682433531350778555
15817 1403.363000 21.0144913111923763438 -0.0821269019844477893288 0.437696511926226827782
15818 1403.372000 21.0142627063533851128 -0.0821257597803937006153 0.437710628310105931416
15819 1403.381000 21.0140345700973156795 -0.082124566748327798571 0.437724844289314629631
15820 1403.390000 21.0138062007809907072 -0.0821230434414588761349 0.437739131005687842624
15821 1403.398000 21.0136036176842146972 -0.0821218913611463929847 0.437751393120081044863
15822 1403.407000 21.0133755762947842527 -0.082120331736312349169 0.437765142091270487157
15823 1403.415000 21.0131733086614005401 -0.0821187003482922450726 0.437777230265759043082
15824 1403.424000 21.0129455628444219428 -0.0821168508726400764308 0.437790445894466639931
15825 1403.432000 21.0127432866306698145 -0.0821150594202286338019 0.437801977718595192179
15826 1403.440000 21.0125414381014721243 -0.0821133076872964939863 0.437813286863693806872
15827 1403.449000 21.0123139081907233106 -0.0821109887175509173263 0.437825973247898847518
15828 1403.458000 21.0120867784132983047 -0.0821088417419738453296 0.437838348184250825135
15829 1403.467000 21.0118596373310104752 -0.0821066719829385976981 0.437850640173365168728
15830 1403.475000 21.0116582456820317759 -0.0821046496433761596734 0.437861591324032628503
15831 1403.484000 21.0114316050702498728 -0.0821025448548799302584 0.437873764790361941213
15832 1403.493000 21.0112054192540718134 -0.0821005503939733899399 0.437885940494580461202
15833 1403.501000 21.0110046451454586247 -0.0820987311239218114922 0.437896899064489641962
15834 1403.509000 21.0108038330574551367 -0.0820968994882807501234 0.437907949868856172237
15835 1403.518000 21.0105783883278256496 -0.0820950668640724051661 0.437920386137447048558
15836 1403.527000 21.0103530544658170243 -0.0820932679820378791158 0.437932975255353740263
15837 1403.535000 21.0101533469029320145 -0.0820915871293698279354 0.437944346420556240851
15838 1403.544000 21.0099286563089719948 -0.082089844253748142644 0.437957114544151482338
15839 1403.552000 21.0097292427062818376 -0.0820882641164737275608 0.43796855271707640922
15840 1403.561000 21.0095054166150738695 -0.0820865501942809883129 0.437981520315137928812
15841 1403.570000 21.0092814025153238333 -0.0820845762272403578486 0.437994711945059234104
15842 1403.578000 21.0090827488252145372 -0.0820831087389534419518 0.438006172642825097885
15843 1403.587000 21.0088592084620096045 -0.0820813074804593589828 0.438019243640414002172
15844 1403.596000 21.0086364348410796765 -0.0820794974081139189215 0.438032261523757515675
15845 1403.605000 21.0084132643742478308 -0.0820774487863813739796 0.438045406248435909013
15846 1403.613000 21.0082152697835091715 -0.0820758741987423351416 0.438056894235208271748
15847 1403.622000 21.0079925499502877528 -0.0820738184419824157168 0.438069983972727117205
15848 1403.631000 21.0077703028751159309 -0.0820718806960653995963 0.438082880180160061379
15849 1403.640000 21.0075480053997054597 -0.0820699690934427461553 0.43809570122793078939
15850 1403.648000 21.0073506445379010188 -0.0820682345922978812025 0.438107063750319380979
15851 1403.656000 21.0071537775296235395 -0.0820666284923846078847 0.438118362703445063389
15852 1403.664000 21.0069564608937113803 -0.0820648134202072027099 0.438129777149686538973
15853 1403.673000 21.0067351147077552298 -0.0820629861743931571239 0.438142428186835297677
15854 1403.681000 21.0065385945693492431 -0.0820612700328347960399 0.438153739910015216363
15855 1403.691000 21.0062929214128075728 -0.0820590943950658263661 0.438167911019536004957
15856 1403.700000 21.0060720754018994683 -0.082057260278846549939 0.438180549518124018427
15857 1403.708000 21.0058760417824075262 -0.0820555990831768611304 0.438191794809032864055
15858 1403.717000 21.005655991401653182 -0.0820538038725711210697 0.438204480803785323406
15859 1403.726000 21.0054357407333789354 -0.0820517668413904971425 0.438217347792403844053
15860 1403.736000 21.0051915200744865331 -0.0820498410759868540554 0.438231364301980674814
15861 1403.744000 21.0049963516781303952 -0.0820481821605458794266 0.438242662025834672779
15862 1403.753000 21.0047772688624156956 -0.0820463788311799196995 0.438255414016842315128
15863 1403.762000 21.004557974709477719 -0.0820443248988370482655 0.438268348667919582784
15864 1403.772000 21.0043147992784540179 -0.0820423739077672381503 0.438282436133279551527
15865 1403.780000 21.0041204516928807777 -0.0820406929217194352821 0.438293783702888295473
15866 1403.789000 21.0039022751903168285 -0.082038865743791142271 0.438306581572354025944
15867 1403.798000 21.0036838698306134177 -0.0820367915680065007411 0.438319549466741509303
15868 1403.806000 21.0034901780524130288 -0.0820352542097014525435 0.438330782406767760495
15869 1403.815000 21.0032722051494182836 -0.0820334019423364924073 0.438343582195405645496
15870 1403.824000 21.0030549951061793479 -0.0820315727731774219089 0.438356330706886454518
15871 1403.833000 21.0028373947693935975 -0.0820295361560286900859 0.438369223032923138739
15872 1403.841000 21.0026443634608028788 -0.0820279953031337050184 0.4383805109809225109
15873 1403.850000 21.0024272455043394814 -0.0820259981240488017518 0.438393410485191203918
15874 1403.859000 21.0022106221364488476 -0.0820241337721536040162 0.438406158051512950813
15875 1403.865000 21.0020662238077875372 -0.082023006531922293405 0.438414557889098721599
15876 1403.870000 21.0019458898363531318 -0.0820217552129095112123 0.438421829123445516707
15877 1403.876000 21.0018016427893243758 -0.0820206399760915610964 0.438430175315404235814
15878 1403.882000 21.0016575539533718597 -0.0820192750171322426667 0.438438821999350136771
15879 1403.888000 21.0015135009621118911 -0.082018162207306510858 0.438447161607102675607
15880 1403.894000 21.0013696070132489524 -0.0820167990599911383987 0.438455802464883026559
15881 1403.899000 21.001249652614092156 -0.0820159486449088537263 0.438462716631993987271
15882 1403.905000 21.0011060627353103314 -0.0820146172481803076293 0.438471249399514095835
15883 1403.910000 21.0009862293540692235 -0.0820135939748364156676 0.438478366759948501308
15884 1403.916000 21.0008427090130034287 -0.0820123964687224094039 0.438486789411118627058
15885 1403.923000 21.0006752625201471574 -0.0820109993859572533603 0.438496649215870060168
15886 1403.932000 21.0004606487615568255 -0.0820091998852157944011 0.43850931946601173772
15887 1403.941000 21.0002456549687188669 -0.0820071877587961045597 0.43852214097376696067
15888 1403.950000 21.0000311228098262006 -0.0820053837067572372055 0.438534822041814820182
15889 1403.960000 20.9997928723228000081 -0.0820032970634018143485 0.438548960611564064838
15890 1403.968000 20.9996028714997393649 -0.0820017543773368939863 0.438560214829450289997
15891 1403.977000 20.9993887451129594979 -0.0819997382532907520547 0.43857304175122202583
15892 1403.987000 20.9991512014094077188 -0.081997627574865256106 0.438587252579356989823
15893 1403.996000 20.9989377758736814883 -0.081995845108360457254 0.438599873066540135724
15894 1404.005000 20.998724770052501043 -0.0819940433335987345354 0.438612595653955883446
15895 1404.014000 20.9985115297703970327 -0.0819919991574165202275 0.43862548453903948964
15896 1404.023000 20.9982986465895713479 -0.0819901873267586817073 0.438638170353848888539
15897 1404.031000 20.9981096142477454691 -0.0819886727694684736001 0.43864936776463669954
15898 1404.039000 20.9979209574316243447 -0.081986943674706783125 0.438660755932982759919
15899 1404.049000 20.9976851239164936658 -0.0819848727861399034778 0.438674862464012382812
15900 1404.057000 20.9974966789011894264 -0.0819833579637186671274 0.438686092327093712928
15901 1404.066000 20.9972847191457177018 -0.0819813867287490644076 0.43869893226735917624
15902 1404.075000 20.9970732514059754692 -0.0819795444396238248697 0.438711626742030236237
15903 1404.084000 20.9968617504854613287 -0.0819777317327104321221 0.438724294596679942337
15904 1404.093000 20.9966506529555658744 -0.0819759678794731855289 0.438736936839416835632
15905 1404.102000 20.9964395339697951215 -0.0819739996598729953048 0.438749763692132421777
15906 1404.110000 20.9962522297498423995 -0.0819722652648314231705 0.438761115621899955297
15907 1404.120000 20.9960182468972966774 -0.0819703482644258130119 0.438775101888472851552
15908 1404.129000 20.9958079893996263365 -0.0819685854598047186625 0.438787733541438518259
15909 1404.138000 20.9955977093979733183 -0.081966618128011828337 0.438800550920172172109
15910 1404.146000 20.9954111497825088861 -0.0819648845776747014824 0.438811895387900496868
15911 1404.156000 20.9951780958303508839 -0.0819629689198702743314 0.438825873506044961125
15912 1404.165000 20.9949686723381319098 -0.0819612077631836216662 0.438838498770421248096
15913 1404.174000 20.9947592243060796591 -0.0819592425839901356222 0.438851310444054065751
15914 1404.183000 20.994550142968471107 -0.0819574342148953471909 0.438863904928090797775
15915 1404.192000 20.9943414867855295824 -0.0819556486413193924223 0.438876585137388863789
15916 1404.201000 20.9941325902202322595 -0.0819536222551754123256 0.438889431642471905537
15917 1404.211000 20.9939009392669220233 -0.0819517122690378713168 0.438903402588185664879
15918 1404.220000 20.993692775190595512 -0.0819499573697490546476 0.438916020441665999385
15919 1404.229000 20.9934845841226085383 -0.0819479990462539109597 0.438928823752068431041
15920 1404.238000 20.993276879651499911 -0.081946169540668481468 0.438941482966703155899
15921 1404.247000 20.9930693780019694827 -0.081944425253592967362 0.438954072626729030482
15922 1404.256000 20.9928617086863162911 -0.0819424014660893734741 0.438966910236029572712
15923 1404.265000 20.9926544134529535768 -0.0819406122375217621512 0.438979542877155404224
15924 1404.274000 20.9924474114064771868 -0.0819388590447913539583 0.438992105064567650352
15925 1404.283000 20.9922408211309985404 -0.0819370865915377971644 0.439004766358369158397
15926 1404.292000 20.9920339892109169 -0.0819350709689506268019 0.439017591771133086631
