6940 1327.701000 -0.335710350949491587169 -0.0310615338656619992264 -0.0497850016084493834922 -0.012079477834222251964 -0.0181936596939695841013 0.999761510042366241535 3.05653222934936374955
6941 1327.708000 -0.335707158714758702178 -0.0310577571365761515021 -0.0497875229616274034283 -0.0120936573181123115106 -0.0181970189739338074342 0.999761277482346888412 3.0565254070876313186
6942 1327.716000 -0.335704260453432545841 -0.0310543812831968399357 -0.0497889767602442551153 -0.0121040994208257059878 -0.0181999332402190232283 0.999761098066564102282 3.05651895770670023467
6943 1327.725000 -0.33570052057514049304 -0.0310498902837639846608 -0.0497904061733916991628 -0.0121154090516693794394 -0.0182027270031203669554 0.999760910214617548597 3.05650935610165053191
6944 1327.735000 -0.335696954463371943778 -0.0310454442871081377764 -0.0497909725012011944445 -0.0121236370882218166128 -0.0182049299249056294181 0.999760770359680694952 3.05649902816920082671
6945 1327.744000 -0.335693597793057574297 -0.0310410023979013766082 -0.0497914432480563162731 -0.0121298655443014026523 -0.0182068904881574102073 0.999760659108283378238 3.05648802050818524378
6946 1327.753000 -0.335690208432300352115 -0.0310361952119949310869 -0.0497919579659516983727 -0.0121346887086209703072 -0.0182091851113802896678 0.999760558787714970208 3.05647553816467443255
6947 1327.763000 -0.335687593418732777018 -0.0310322879845070613569 -0.0497919287157121831511 -0.0121366523809176528326 -0.0182106536943776736726 0.999760508202343634032 3.05646469677507237606
6948 1327.772000 -0.335685085594220333771 -0.0310281731288533715873 -0.0497922687526516846712 -0.0121375412415791212456 -0.0182130796240481777903 0.9997604532202788441 3.05645310720975560415
6949 1327.781000 -0.335683247116201066707 -0.0310249111159400965676 -0.049792470122177683034 -0.0121367482755444303089 -0.0182153022649049582682 0.999760422353622835168 3.05644358486018541399
6950 1327.790000 -0.335681791646097960058 -0.0310220205199497264803 -0.0497926806786203879351 -0.0121347420478082439199 -0.0182179723428436898813 0.999760398055028254305 3.05643507735321229291
6951 1327.799000 -0.335680706905248704697 -0.0310194941724116213244 -0.0497928390592221534194 -0.0121316371987294138041 -0.0182211336538487256309 0.999760378124301740677 3.05642773240729948014
6952 1327.808000 -0.335679968599990385947 -0.0310172855859251195287 -0.0497928698189376850447 -0.0121276695145604122839 -0.0182248396769325929356 0.999760358711474395044 3.05642155189544562077
6953 1327.817000 -0.335679575190739210022 -0.0310156108187176898783 -0.0497927924318785491975 -0.0121236370745630480522 -0.0182284804862037699835 0.999760341243464245586 3.05641720294705754313
6954 1327.823000 -0.335679438261080043127 -0.0310140047707770233343 -0.0497923367966605842638 -0.0121190546311711506988 -0.0182323042018748895932 0.999760327077613641933 3.05641332191273118468
6955 1327.829000 -0.33567943636139380148 -0.0310129543877946528552 -0.0497919617832724564765 -0.0121156995124404691377 -0.0182352835452390185655 0.999760313404842393403 3.05641110517424507975
6956 1327.831312 -0.335679594896325761422 -0.0310117799636440705235 -0.0497911844813407195032 -0.012112028673316184435 -0.0182378459414303736863 0.999760311143042756932 3.05640849150221605157
6957 1327.843000 -0.335679705558675212096 -0.0310109354999172012746 -0.0497907941639757975483 -0.01210879382254347221 -0.0182418522802529313454 0.999760277235272276641 3.05640777022260845541
6958 1327.846000 -0.335680042506941500591 -0.0310094986777538425549 -0.0497897186235212590999 -0.0121050080413762934511 -0.0182449510911338493024 0.999760266533932795419 3.05640514504843263666
6959 1327.856000 -0.335680421499378600636 -0.0310080522923673329583 -0.0497885682909649240901 -0.0121015990439205488316 -0.0182492756490729469976 0.999760228874335910021 3.05640364724961388632
6960 1327.865000 -0.335680722695242461651 -0.0310067881282595110559 -0.0497875119604218388525 -0.0120996363462735380401 -0.0182528109829653596707 0.99976018809087818795 3.05640269026746880243
6961 1327.874000 -0.335680950338734240823 -0.0310055726316009055976 -0.0497864640424999088664 -0.0120986997606176011066 -0.0182558887675367473302 0.999760143229069586646 3.05640199185301542073
6962 1327.883000 -0.33568103522740450062 -0.0310042888684187237236 -0.0497855878001363522101 -0.0120989860304081160713 -0.0182583407587444367104 0.999760094987679259759 3.05640104461625217169
6963 1327.893000 -0.335680946388063339292 -0.0310028576376231955469 -0.0497849277051778324465 -0.0121006116466719128993 -0.0182603417621843081009 0.999760038767555814232 3.05639980429200530665
6964 1327.902000 -0.33568066839774352017 -0.0310015969286759895951 -0.0497846258137145183942 -0.0121030262163924172414 -0.0182615799685824607701 0.999759986923589694108 3.05639855446145736195
6965 1327.911000 -0.335680197706410443637 -0.0310003695947637797348 -0.0497846733525639101314 -0.0121062618371093316111 -0.0182623721714001846506 0.99975993327748680084 3.05639710295256561423
6966 1327.921000 -0.335679466896237843621 -0.0309990667997935148703 -0.049785154968750529314 -0.0121104788629579612075 -0.0182627074241374851016 0.99975987607987659711 3.05639527160048629639
6967 1327.930000 -0.335678625784737894033 -0.0309979386672235915356 -0.0497859560503045445179 -0.0121146953332795601771 -0.0182627479363836608961 0.999759824255202822485 3.05639340079096744063
6968 1327.939000 -0.335677669686514912328 -0.0309969157015099229524 -0.0497870430318936782466 -0.0121189359954309173323 -0.0182625274966342829308 0.999759776886314455169 3.05639149469053572616
6969 1327.949000 -0.335676504495321381683 -0.0309958733143060986837 -0.049788495502189673847 -0.0121234689109031672227 -0.0182621808485964251534 0.999759728260855462523 3.05638931288724569058
6970 1327.958000 -0.335675417392589103827 -0.030995083090703333395 -0.049789961499849100246 -0.0121271860821929710478 -0.0182618141428947909632 0.999759689876491441929 3.05638751493796823056
6971 1327.968000 -0.335674238828647109045 -0.0309942360799084631884 -0.0497914880886667493565 -0.0121304868750488313578 -0.0182615843205056610499 0.999759654030046962525 3.05638545490113200387
6972 1327.977000 -0.335673241786894283045 -0.0309936082624282238651 -0.0497927911992488564374 -0.0121327570528472830635 -0.0182615007429594057575 0.999759628009108780589 3.0563838903423068416
6973 1327.986000 -0.335672336398899262555 -0.0309930401650166872929 -0.0497939075423781338237 -0.0121342668089929241887 -0.0182616209611506270794 0.999759607490160240317 3.05638250749900164394
6974 1327.995000 -0.33567156628701344534 -0.0309925422065903885538 -0.0497947626875896998122 -0.0121349682684940753802 -0.0182619629569957149517 0.999759592729212109852 3.05638138244331170057
6975 1328.005000 -0.335670866953717006442 -0.0309920057671436328939 -0.0497953768490317222328 -0.0121349413122152447603 -0.0182626521464999830302 0.999759580467186714792 3.05638035678865405131
6976 1328.014187 -0.335670406213794292327 -0.0309915563146702828512 -0.0497956035306826028108 -0.0121342314824976864329 -0.0182634970204363124291 0.999759573649041666243 3.05637969339698623017
6977 1328.024000 -0.335670047827631878867 -0.0309910240497447905805 -0.0497955338111024242709 -0.0121329510362899462006 -0.0182647004754526512404 0.999759567203881927 3.05637911827746755478
6978 1328.034000 -0.335669849548962673236 -0.030990474789574645742 -0.0497951696404683730179 -0.0121313096851282820748 -0.0182660923366363033005 0.999759561692746712147 3.05637873120673919658
6979 1328.044000 -0.335669771103164316095 -0.0309898824508852005488 -0.0497946014915190485195 -0.0121295528715681753124 -0.0182675791499555088826 0.999759555842871683318 3.05637845026607424259
6980 1328.053000 -0.33566975285681910357 -0.0309892787516624530764 -0.0497940045688507609833 -0.0121281416799260896577 -0.0182690081016937365399 0.999759546852327818378 3.05637817690365709566
6981 1328.068000 -0.33566979490052550883 -0.0309887372983297069984 -0.0497930148803017308401 -0.0121263983007270630815 -0.0182707036303220021756 0.999759537015329047271 3.05637844257041013663
6982 1328.077000 -0.335669794238934282582 -0.0309880384137727268867 -0.0497925487486637202705 -0.0121257498183053504665 -0.0182720197397044509247 0.999759520827871672743 3.05637807328804500528
6983 1328.086000 -0.335669763498824103021 -0.0309873972400024864926 -0.0497922311209282597577 -0.0121255771883084159657 -0.018273131257398315952 0.999759502606451966322 3.05637769646925239186
6984 1328.095000 -0.335669660174533257546 -0.0309866104028555522376 -0.0497920566582465140559 -0.0121259004317417849045 -0.0182742347543241312469 0.999759478516139554749 3.05637706453453672495
6985 1328.104000 -0.335669481056978247224 -0.0309857210144581993183 -0.0497920480198514314729 -0.0121267467481500339915 -0.0182752425134323562284 0.99975944982999864763 3.05637622878718229202
6986 1328.113000 -0.335669231064805395626 -0.0309849262276052500598 -0.0497922265854056217416 -0.0121279205359653644708 -0.0182759644000271212483 0.999759422395569363751 3.05637540220876502417
6987 1328.122000 -0.335668904708933402148 -0.0309841294797019196905 -0.0497925546786827932788 -0.0121294323113339125308 -0.0182765677758961221644 0.999759393025210663097 3.05637444415377057538
6988 1328.132000 -0.335668502821018677196 -0.0309833671918166991821 -0.0497930388630863501875 -0.01213115927074314912 -0.0182769863589370695767 0.999759364419450125006 3.05637347500191758343
6989 1328.141000 -0.335667997340355406255 -0.0309825122294081385654 -0.0497936243569701147971 -0.0121331455557078544266 -0.0182773749055075360181 0.999759333212492440346 3.05637223362584808939
6990 1328.150000 -0.335667503836448888332 -0.0309817936376728594872 -0.0497942195346896265828 -0.0121349155013751770771 -0.0182776071678058225911 0.999759307484553549905 3.05637114168407642012
6991 1328.160000 -0.335666968156652811839 -0.0309810992690221047308 -0.0497948493215800216949 -0.012136654946452713269 -0.0182778232718955428726 0.999759282419099171157 3.0563700562351177048
6992 1328.169000 -0.335666384421684116379 -0.0309803438430392083514 -0.0497954769945039565915 -0.0121383007635342942548 -0.0182780575120088314978 0.999759258155763053111 3.05636883276313664481
6993 1328.178000 -0.335665873538285253197 -0.0309797104320610194872 -0.0497959971747029411793 -0.0121395431773917428231 -0.0182782725604085892479 0.999759239138929722834 3.05636784207060330232
6994 1328.188000 -0.335665377637210160522 -0.0309790932896195844726 -0.049796441136372916747 -0.0121405828787677465275 -0.0182785854306108767886 0.999759220793696723462 3.05636688881012208441
6995 1328.197000 -0.335664923455434915933 -0.0309784844390585817342 -0.049796797766152950393 -0.0121413395949089477494 -0.018278949510563625297 0.999759204947687107889 3.0563659902919586564
6996 1328.206000 -0.335664459116681357376 -0.030977788526762202459 -0.0497971040808752526963 -0.0121419533678066501881 -0.0182794788535139036967 0.999759187815374983366 3.05636499147102691509
6997 1328.215000 -0.335664094493364539851 -0.0309771809447902286838 -0.0497972834973253453139 -0.0121422737455986716471 -0.018280030868125348581 0.99975917383125179061 3.05636419702527994957
6998 1328.224000 -0.335663765002285008343 -0.0309765600109418066943 -0.0497974012570284660373 -0.0121424517353665960273 -0.018280651253049801791 0.999759160325935036795 3.05636343506183560947
6999 1328.234000 -0.335663471102714883187 -0.0309759305055878064739 -0.0497974509366073125882 -0.0121425475072586379344 -0.0182813790921340750539 0.999759145853902020384 3.05636270868256110234
7000 1328.243000 -0.335663180125524762687 -0.03097519383414901184 -0.0497974917912838571654 -0.0121426286889524757268 -0.0182822227138365288324 0.999759129441268989957 3.05636183933836225179
7001 1328.251000 -0.335662926786499338228 -0.0309744949859760351774 -0.0497975178431112955324 -0.0121427475496280763007 -0.0182830400503946506607 0.999759113050969649983 3.05636101493258482975
7002 1328.256000 -0.335662769826230888981 -0.0309740219733113386624 -0.0497975343084022664675 -0.0121428423670596821737 -0.0182835808919444425813 0.999759102008586975074 3.0563604572185885111
7003 1328.262000 -0.335662615964446797712 -0.0309735474505534527645 -0.0497975450434061106542 -0.0121429532817409063794 -0.0182841268700010516068 0.999759090676448414214 3.05635990757469944157
7004 1328.267000 -0.335662490089555842765 -0.0309731498319520646978 -0.0497975601137331039259 -0.0121430739959787238613 -0.0182845810321335955351 0.999759080904198516038 3.05635945181670276583
7005 1328.273000 -0.335662337451864023485 -0.0309726685277784824502 -0.0497975908423630431177 -0.0121432416301690652982 -0.0182850883073873808626 0.999759069590420046403 3.05635889297152907318
7006 1328.278000 -0.335662204768209349037 -0.0309722522849794484889 -0.0497976251684446105661 -0.0121434481053319352772 -0.0182855402399898850363 0.999759058816795498359 3.05635837845676849867
7007 1328.281000 -0.33566203812431000264 -0.0309717219593288045631 -0.0497976930167300241292 -0.0121437574839868538817 -0.018286033235922368595 0.999759046041927446069 3.05635765252153834837
7008 1328.286000 -0.33566189658558581721 -0.0309713009494567668989 -0.0497977441733495063136 -0.0121440133847455326854 -0.0182864496190471223502 0.999759035317631439277 3.056357113087930788
7009 1328.291000 -0.33566175569239031784 -0.0309708804224224643065 -0.0497978066876309799493 -0.012144300881745888343 -0.018286853730947721236 0.999759024433746534832 3.05635657633766522068
7010 1328.300000 -0.335661572312776657068 -0.0309703774651156581166 -0.0497979130207998749169 -0.0121447119261843452381 -0.0182873292440318552243 0.999759010742764075985 3.05635592831497726607
7011 1328.308000 -0.335661415265312845779 -0.0309699588746671916617 -0.0497980198151631442416 -0.0121450913108307571864 -0.0182876980636796984681 0.999758999387644009538 3.05635537398869772119
7012 1328.317000 -0.335661084134077469798 -0.0309690887117085554558 -0.0497982443589781095805 -0.0121459001088632095183 -0.0182883808265929190262 0.999758977072617849302 3.05635413875690931107
7013 1328.327000 -0.335660767105807666955 -0.0309683049703093904448 -0.0497984819128694938817 -0.0121467114872715210155 -0.0182889653737085128293 0.999758956521822894636 3.05635299629857559722
7014 1328.336000 -0.335660406864260685289 -0.0309674407991818306796 -0.0497987526618046752458 -0.0121476167687447917515 -0.0182895663212687825672 0.999758934529029197336 3.05635170209800177687
7015 1328.346000 -0.335660068225454133461 -0.0309666689159592417591 -0.0497990220892055510116 -0.0121484496099469249653 -0.0182900631621630907486 0.99975891531988769767 3.0563505393504328822
7016 1328.356000 -0.335659685283550501822 -0.0309658145965551988288 -0.0497993198530579592176 -0.0121493750689870925324 -0.0182906213950412323277 0.999758893861123154601 3.05634923520542090003
7017 1328.365000 -0.335659297569617598445 -0.0309649615153350203645 -0.0497996116859684145872 -0.0121502855422311682038 -0.0182911995726213333358 0.999758872218414862409 3.0563479210987356538
7018 1328.374000 -0.335658954990335822721 -0.0309642108120270591332 -0.049799868160028674946 -0.0121510288731954217006 -0.0182916857480867056651 0.999758854289281129191 3.05634678456275032943
7019 1328.384000 -0.335658613871616329227 -0.0309634509290347900712 -0.0498001122218282021858 -0.0121517688969547503486 -0.018292226883435125373 0.999758835393976474926 3.05634561974549612273
7020 1328.393000 -0.335658236488516892315 -0.0309626061927085333148 -0.0498003736531449081593 -0.0121525329904454103269 -0.0182928233422882252635 0.999758815192986260989 3.0563443420568221498
7021 1328.403000 -0.335657908614654276747 -0.0309618485355350712973 -0.0498005892864675364651 -0.0121531624712241086844 -0.0182933789837319456251 0.999758797374299512661 3.0563432003109207713
7022 1328.412000 -0.335657561162095663398 -0.0309610197999295455595 -0.0498008127934235211853 -0.0121538114901804123608 -0.0182940213780953715716 0.999758777729947700763 3.05634199066895906327
7023 1328.421000 -0.335657250095929393652 -0.030960259480791008091 -0.0498010065156438697098 -0.0121543597293300911083 -0.0182945996921325647333 0.999758760482584940554 3.05634087531618803268
7024 1328.431000 -0.335656946305820103049 -0.030959489394818032193 -0.0498011856518552897821 -0.0121549095476381589787 -0.0182952304614958649598 0.999758742255475119087 3.05633973884914222907
7025 1328.441000 -0.335656619906035402767 -0.0309586329612245095277 -0.0498013753551218990578 -0.012155481463627869701 -0.0182959184675935936093 0.99975872271154220261 3.05633846780177576008
7026 1328.450000 -0.335656290412092273012 -0.0309577682505123297219 -0.0498015687959926373063 -0.012156061449545629144 -0.0182966143999214597704 0.999758702923628117532 3.05633720152043730778
7027 1328.460000 -0.335655965306926873382 -0.0309568814617144326407 -0.0498017546282734438479 -0.0121566671117052192003 -0.0182973490643868683114 0.999758682113814578507 3.05633586034414017618
7028 1328.464000 -0.335655667481969177679 -0.0309561385848384079678 -0.0498019369230983111052 -0.012157223583127763078 -0.0182979637899663878653 0.99975866409643643351 3.05633481587973721005
7029 1328.479000 -0.335655359091940719285 -0.0309551954032436064945 -0.0498021119581441434887 -0.0121577824893760698399 -0.0182986547825810010048 0.999758644652842587419 3.05633330532524594148
7030 1328.489000 -0.335655036737205703101 -0.0309542872256378213958 -0.049802302289761818388 -0.0121584245692176132897 -0.0182993766455883874467 0.999758623631913256879 3.05633189068083233053
7031 1328.498000 -0.335654754921967835024 -0.0309534839551445992156 -0.0498024777536789087229 -0.0121589612571773135474 -0.0182999556908028417068 0.999758606506021108018 3.05633064515239460945
7032 1328.507000 -0.335654456780051679843 -0.0309526518381370747968 -0.0498026643292539955565 -0.0121595724307136405368 -0.0183005734464665135997 0.999758587764982831203 3.05632932872651785772
7033 1328.516000 -0.335654162674938583155 -0.0309518241739430502446 -0.0498028499178076733411 -0.0121601876137961365659 -0.0183011884124869676771 0.99975856902548621008 3.05632800774744062267
7034 1328.520000 -0.335653854934192308335 -0.0309510685805565038953 -0.0498030409948311963975 -0.0121608114008691838709 -0.0183017812720421071959 0.999758550585261307475 3.05632689329382412069
7035 1328.535000 -0.335653574943813926001 -0.0309501654740528854559 -0.0498032304775382975159 -0.0121614106838569008967 -0.0183023698261402731347 0.999758532521191178866 3.0563253333066189299
7036 1328.544000 -0.335653267545662548077 -0.030949318294713847044 -0.0498034316737669818798 -0.0121620625734362493992 -0.018302970372097007723 0.999758513596917475219 3.05632395049472460613
7037 1328.553000 -0.335652938845388215672 -0.0309484161015254888305 -0.0498036519303544505943 -0.0121627510874125870088 -0.0183036066790576261443 0.99975849357158441677 3.05632252752219280012
7038 1328.561000 -0.335652644765301932939 -0.030947606813607971693 -0.0498038487007169405896 -0.0121633481612135885275 -0.0183041578409007914263 0.999758476216753178001 3.05632123722837745206
7039 1328.570000 -0.33565237510316714431 -0.0309468448568013740352 -0.0498040271799802813923 -0.0121639400069941758936 -0.0183047134074046484453 0.99975845884422454013 3.05631997951501199751
7040 1328.574000 -0.335652066531519133186 -0.0309461133789620083945 -0.0498042311133056886385 -0.0121645535027848031989 -0.0183052611515279392562 0.999758441350835802552 3.05631893699330525749
7041 1328.588000 -0.335651777484962998699 -0.0309451804665611882039 -0.0498044294348041760578 -0.0121651867553925121385 -0.0183058797399118650118 0.99975842231918932157 3.05631729413651376248
7042 1328.597000 -0.335651487111938040542 -0.0309443552362548557344 -0.0498046244622550940417 -0.0121657696427293036956 -0.0183064376720800635334 0.999758405010309658678 3.05631595757173668559
7043 1328.606000 -0.335651183492985893952 -0.0309435060549329947477 -0.0498048231103967176114 -0.012166419794449784969 -0.0183070694536332616298 0.99975838552992635222 3.05631457206373502444
7044 1328.615000 -0.335650897672968739904 -0.030942682810718175751 -0.0498050160353639970179 -0.0121669854293821010083 -0.0183076257218490849599 0.999758368460094248853 3.05631324487268551948
7045 1328.625000 -0.335650565061176520132 -0.0309417379900336769749 -0.0498052348702633096433 -0.0121676849415495239026 -0.0183083132673953451197 0.999758347356232812686 3.05631169711536987421
7046 1328.634000 -0.335650271882292072778 -0.0309408908970551510542 -0.0498054267701377242905 -0.0121682870762540203124 -0.0183089131257152780419 0.999758329042466642456 3.05631031074399972525
7047 1328.642000 -0.335649983018960540448 -0.0309400663405510582826 -0.0498056163007531693676 -0.0121688545432618380748 -0.0183094869872990409498 0.99975831162604844593 3.05630898460102828906
7048 1328.646000 -0.335649717997476559894 -0.030939428122385950054 -0.0498057856313147140348 -0.0121693860418825745839 -0.0183100133070867900076 0.999758295517500616967 3.0563080778803239923
7049 1328.660000 -0.335649433110299766359 -0.0309384320275274092571 -0.0498059719984615123511 -0.0121699880443225365995 -0.0183106425747921776337 0.999758276664664324862 3.05630624390952299052
7050 1328.669000 -0.335649150848368882372 -0.0309375883311382472718 -0.0498061586282009388649 -0.0121705475238441922919 -0.0183112124270270841542 0.999758259416956396315 3.05630486397786249597
7051 1328.673188 -0.335648849703862828253 -0.0309368614870219674207 -0.0498063508751744737912 -0.012171137735148074635 -0.0183117859592763845833 0.999758241727075502858 3.05630381959374153311
7052 1328.688000 -0.335648579297530835763 -0.0309358549220637157884 -0.0498065261884582388685 -0.0121717240034703473583 -0.018312427868466863573 0.999758222832073273345 3.056301939404260537
7053 1328.697000 -0.335648265841956727762 -0.0309349192426075364493 -0.0498067318478731257958 -0.0121723403529436797338 -0.0183130542135046571472 0.999758203855164784279 3.05630039170097189682
7054 1328.701000 -0.335647960370114795126 -0.0309341847687130307165 -0.0498069265912536029983 -0.0121729518890224854 -0.0183136379479161420791 0.999758185716636327278 3.05629933547562471219
7055 1328.715000 -0.335647689094787371467 -0.0309331719381891884213 -0.0498071068466670874297 -0.0121735435334216126474 -0.0183142676644132244845 0.999758166977272488829 3.05629743598683978334
7056 1328.725000 -0.335647401175220516656 -0.0309322795894643697012 -0.0498072930832373361731 -0.0121741403055549025219 -0.0183148756131732738661 0.999758148573491101097 3.05629589208337959505
7057 1328.734000 -0.335647088991075648323 -0.0309313342794100727684 -0.0498074985083833687849 -0.0121747861992654322211 -0.018315529360923066271 0.999758128731760398189 3.05629431726215772258
7058 1328.738000 -0.33564678982981921429 -0.0309306121950463260017 -0.0498076918891130690503 -0.0121753676641732679065 -0.0183160773949585450882 0.999758111610555610937 3.0562932872320360822
7059 1328.750000 -0.335646550736097115664 -0.0309297019949930952765 -0.0498078562491267584633 -0.0121758903143987188417 -0.0183166247778159402282 0.999758095216938258432 3.05629157298769582596
7060 1328.759000 -0.335646266088926947813 -0.0309288276254961677636 -0.0498080447306730594859 -0.0121764819911512212763 -0.0183172141954240641493 0.999758077211901352577 3.05629008156848946953
7061 1328.763000 -0.335646005480536635535 -0.0309281962323612116816 -0.049808210487924046983 -0.0121770125383295485522 -0.0183177341661304726728 0.999758061223144367524 3.05628918352735245989
7062 1328.772000 -0.335645711916542299758 -0.030927319378687125051 -0.0498084037998523104784 -0.0121776305056546865768 -0.0183183377852250833806 0.999758042636344157472 3.05628769339436345831
7063 1328.786000 -0.335645447867984003665 -0.0309262702425161170594 -0.0498085907116753573431 -0.0121782183093665542784 -0.0183189530357031685193 0.999758024203099449068 3.05628568663748678702
7064 1328.795000 -0.335645164067743917435 -0.0309253863715907816034 -0.0498087806372095390217 -0.0121788157553537924882 -0.0183195463629016140616 0.999758006053392156431 3.05628417012830544408
7065 1328.804000 -0.335644887648516410117 -0.0309245109773858412039 -0.0498089651010333034353 -0.0121793946031859851714 -0.0183201323011081274039 0.999757988264944996715 3.05628266977432305751
7066 1328.813000 -0.335644606287369196007 -0.0309236335893016758836 -0.0498091557807519152989 -0.012179970597246375652 -0.0183207039091638351769 0.999757970773188175961 3.05628117228473517031
7067 1328.817000 -0.335644308569738536452 -0.030922919013277802569 -0.0498093457191706029397 -0.0121805806702768304461 -0.0183212908686781750234 0.99975795258424438039 3.05628014995369934326
7068 1328.831000 -0.335644041348579336148 -0.0309218578906472786605 -0.0498095336544166211734 -0.0121811733018693576364 -0.0183219037768863855786 0.99975793413154789846 3.05627810278670342115
7069 1328.835000 -0.335643743211473111199 -0.0309211423640583377148 -0.0498097251763411560943 -0.0121817675942063434469 -0.0183224677238818071945 0.999757916555196968211 3.05627707719320795832
7070 1328.849000 -0.335643491904610680177 -0.0309200979961419888942 -0.049809902987765261595 -0.0121823020601433927579 -0.0183230450074804360194 0.999757899462749621833 3.05627505907257024376
7071 1328.853000 -0.335643186670978366237 -0.0309193701790669434049 -0.0498100965294312747478 -0.0121829327890354433689 -0.0183236470934168803326 0.999757880742059179546 3.05627400530424875313
7072 1328.861000 -0.335642941612842971022 -0.0309185842666832022552 -0.0498102628161374849647 -0.0121834301835762326416 -0.0183241427607691853563 0.999757865595987671448 3.05627264410517396342
7073 1328.875000 -0.335642680229054024554 -0.0309175129116666912166 -0.0498104449255202808011 -0.0121840210272379581569 -0.0183247721430827223421 0.999757846859684162766 3.05627055557377858008
7074 1328.879000 -0.335642391347214741337 -0.0309168119901559630691 -0.0498106314322853266363 -0.0121845740074330473324 -0.0183253035034272315773 0.999757830380820111671 3.0562695566518756074
7075 1328.893000 -0.335642159787129246151 -0.0309158038127989066857 -0.0498107915042003551731 -0.0121851164714231359476 -0.0183258917549968015914 0.99975781298670629571 3.05626753605694734262
7076 1328.902000 -0.335641856222331502746 -0.0309148371928299088573 -0.0498109963358097096453 -0.0121857284931020642266 -0.0183265097967794353406 0.999757794198055216306 3.05626587148427120155
7077 1328.906000 -0.335641555864971463663 -0.0309141188519726460571 -0.0498111890560073988787 -0.0121863329455882164754 -0.0183270801085766536775 0.999757776375874485097 3.05626484153881428085
7078 1328.914000 -0.335641311275178211293 -0.0309133217558620401744 -0.0498113528673697208982 -0.0121868472450332703677 -0.0183276026175677522745 0.999757760528278582868 3.0562634439050202495
7079 1328.928000 -0.335641051434996118275 -0.0309122251291649094429 -0.049811531963197416828 -0.0121874410147223537909 -0.018328244845142609154 0.99975774151661811473 3.05626127011431059088
7080 1328.937000 -0.335640750519309694067 -0.0309112575117548304959 -0.0498117346391348178591 -0.0121880654599076463512 -0.0183288827075959170898 0.999757722210254384798 3.05625959636814625853
7081 1328.945000 -0.33564053543666311219 -0.0309105271299324503576 -0.0498118797810226943135 -0.0121885299559649790818 -0.018329354891769417818 0.999757707890648994464 3.0562582790244743336
7082 1328.954000 -0.335640258094274113176 -0.0309096214404210520299 -0.0498120670244543845007 -0.012189116250804359759 -0.018329941669058647663 0.999757689984644870584 3.0562566821328491784
7083 1328.962000 -0.335639981269335474501 -0.0309087353547268135767 -0.049812251667596514626 -0.0121896981298050960385 -0.0183305238934172512466 0.999757672215271009364 3.05625513404342452617
7084 1328.971000 -0.335639745339623041254 -0.0309079216936303420582 -0.0498124136838151085338 -0.0121901847947716614196 -0.0183310277004949846724 0.99975765704400243461 3.0562536824655310852
7085 1328.975000 -0.335639452971021490235 -0.0309072177465028706533 -0.0498125993736036956627 -0.0121907829590827340716 -0.0183316077523428058726 0.999757639114630114463 3.05625267457243365854
7086 1328.990000 -0.335639168364879336703 -0.0309060079867166416501 -0.0498128029962177781842 -0.0121914209256216293786 -0.0183322803044786153404 0.999757619003052377948 3.05625028403846377145
7087 1328.999000 -0.335638894172231916357 -0.0309050985238491261742 -0.0498129882390196121467 -0.0121920081708583212532 -0.0183328719086075821176 0.999757600993533057654 3.05624866922014559734
7088 1329.008000 -0.335638629144103473045 -0.0309041980944167564427 -0.049813167527941237811 -0.0121925638086764556722 -0.0183334421194561031365 0.999757583761095691699 3.05624706257374079144
7089 1329.012000 -0.335638329808935931275 -0.0309034822225565455889 -0.0498133581149700632729 -0.0121931668823211450392 -0.0183340125175554605197 0.999757565946057691342 3.05624602435304248971
7090 1329.026000 -0.335638086627709553156 -0.0309023836748421841525 -0.0498135354099096400171 -0.0121937181606655703492 -0.0183346145268309772269 0.999757548182343525056 3.05624383228238505339
7091 1329.035000 -0.335637811351682746608 -0.0309014684622104796041 -0.0498137224846936996214 -0.0121943057769648664779 -0.0183352008609323387234 0.999757530262216809192 3.05624220205926500071
7092 1329.045000 -0.335637541483187973324 -0.0309005325401435493315 -0.0498139055435688482554 -0.0121948876434122034651 -0.0183357916316794072875 0.999757512330167075199 3.05624049836996336538
7093 1329.054000 -0.335637248564396473149 -0.0308995574550597965069 -0.0498141051403630449879 -0.0121954840541148960831 -0.0183364027100837261031 0.999757493847552858313 3.05623878485193634091
7094 1329.063000 -0.335636969892949887928 -0.030898630412824784619 -0.0498142907149890235008 -0.0121960989101738449814 -0.0183370238064092284935 0.999757474955449532139 3.05623711447231194427
7095 1329.072000 -0.335636702249260288067 -0.0308977223821063351483 -0.049814474771842753853 -0.012196664551255717579 -0.0183375956595817797556 0.999757457566208818101 3.05623548909481312919
7096 1329.081000 -0.33563643139363880108 -0.0308968059679113060678 -0.0498146583112449303776 -0.0121972460224018513369 -0.0183381840921619937435 0.99975743967908092813 3.05623384323909075277
7097 1329.091000 -0.335636136585045652403 -0.0308957920197334909296 -0.0498148573043664180671 -0.012197872023285784987 -0.0183388278172247794207 0.999757420233725380143 3.05623201483234074871
7098 1329.100000 -0.335635868605773657336 -0.0308948823148000005501 -0.0498150412875022902126 -0.0121984277469716281828 -0.0183393910905440687964 0.999757403120841936506 3.05623038740557406712
7099 1329.109000 -0.335635600796298505522 -0.0308939634072992012903 -0.0498152217220623402816 -0.0121990149759549082464 -0.0183399948210626224931 0.999757384880741950539 3.05622872270624945656
7100 1329.118000 -0.335635330217465055469 -0.0308930444856734265358 -0.0498154062546663431443 -0.0121995922698115676075 -0.0183405751536828559578 0.999757367190400980661 3.05622706757318152171
7101 1329.127000 -0.335635062109831960875 -0.0308921254390754906893 -0.0498155874262874581726 -0.0122001638525440145311 -0.0183411546730032105901 0.99975734958400375163 3.05622540269023712511
7102 1329.136000 -0.335634806907267102538 -0.0308912264667957105202 -0.049815763783445515811 -0.0122006867848404743776 -0.0183417010235742833357 0.999757333179177143379 3.05622378840727382254
7103 1329.145000 -0.335634531733405017118 -0.0308902941287569759998 -0.0498159476268764528362 -0.0122012966874148216095 -0.018342320045566674197 0.999757314379090433754 3.05622209412240497528
7104 1329.154000 -0.335634267566748523137 -0.0308893811119978281554 -0.0498161300439348073144 -0.0122018576705580535091 -0.0183428896774198331443 0.999757297081481532963 3.05622044588013874744
7105 1329.164000 -0.335633968721270048441 -0.0308883539319306753279 -0.0498163331242889723116 -0.0122025021816316806694 -0.0183435419037944642817 0.999757277248298437122 3.05621858007346780539
7106 1329.168000 -0.33563368699605339307 -0.0308876712919913601341 -0.0498165136220941190404 -0.0122030605699069011338 -0.0183440863201917020442 0.999757260443656092797 3.05621761397778080038
7107 1329.176000 -0.33563344964887709132 -0.0308868189859082126203 -0.0498166749814619377879 -0.0122035727313375558234 -0.0183446061994641564097 0.99975724465290949361 3.05621602381207502219
7108 1329.186000 -0.335633157807576021359 -0.0308858373266466049167 -0.0498168739946862546009 -0.0122041939937239315994 -0.0183452443892632224842 0.999757225358867795961 3.05621428826219387886
7109 1329.195000 -0.335632890722095011959 -0.0308849116385401870066 -0.0498170574494774115459 -0.0122047679386085485692 -0.0183458207461185025811 0.999757207776326151105 3.0562126039732349092
7110 1329.209000 -0.335632647691995189554 -0.0308837591423404417279 -0.0498172343696061115104 -0.0122053325767580451294 -0.0183464305419218862148 0.99975718969310800599 3.05621023445110662209
7111 1329.218000 -0.335632395612350531433 -0.0308828566913700724994 -0.0498174095042834552682 -0.012205851669067391968 -0.0183469733165619111603 0.999757173395197096255 3.05620860096127122674
7112 1329.226000 -0.335632155738049720028 -0.030882026981926546938 -0.0498175709372995767499 -0.0122063883964109269609 -0.0183475203116641623347 0.999757156803955715496 3.05620708174449928762
7113 1329.230000 -0.335631870302866675004 -0.0308813407519183229233 -0.0498177561451176309504 -0.0122069418387773156315 -0.0183480410424708036132 0.999757140490053375359 3.05620610564080141813
7114 1329.239000 -0.335631607120652986076 -0.0308804209640544669035 -0.0498179359253272113772 -0.0122075189976945646525 -0.0183486321316603286091 0.999757122594691960416 3.05620443039216826975
7115 1329.253000 -0.33563137386946173546 -0.03087927379024538177 -0.0498181091200739223357 -0.0122080457550673062567 -0.0183492110014371878624 0.999757105538373602727 3.05620206166615293597
7116 1329.262000 -0.335631104115768130747 -0.0308783388646034911984 -0.0498182901510447057047 -0.012208647756357809272 -0.0183498270216509440367 0.999757086880726619782 3.05620034693600350906
7117 1329.271000 -0.335630851199173352306 -0.0308774315581948621823 -0.0498184669525628398556 -0.0122091703465885183938 -0.0183503652959594483474 0.999757070619134213807 3.05619869465270754816
7118 1329.279000 -0.33563058149203062186 -0.0308765262103745732891 -0.0498186505069311696969 -0.0122097527992688706377 -0.0183509458586855814244 0.999757052849677307904 3.05619706799796109209
7119 1329.289000 -0.335630355459608786806 -0.0308756516390021468199 -0.0498188085386153459155 -0.0122102505683246553153 -0.0183514629645895321897 0.999757037278616977893 3.05619540369492348475
7120 1329.298000 -0.335630057902208622789 -0.0308746464562013427091 -0.0498190068476691838573 -0.0122108957745296654862 -0.0183521235773472998765 0.99975701727198973412 3.0561935777681399351
7121 1329.307000 -0.335629806793700968814 -0.0308737364120955058711 -0.0498191814494245571732 -0.0122114336344847761867 -0.0183526836144763810799 0.99975700042197124251 3.05619191592842209815
7122 1329.316000 -0.33562953780131105086 -0.030872797781093981595 -0.0498193642429787114656 -0.0122120176453464034105 -0.0183532721031728456029 0.999756982485312195585 3.056190181302090636
7123 1329.325000 -0.33562928378127165896 -0.0308718862599724544471 -0.0498195423823717536971 -0.0122125526189448239955 -0.0183538185177856832953 0.999756965919390783171 3.05618852749668690194
7124 1329.334000 -0.335629023549997851372 -0.0308709642059392316837 -0.0498197207039358519465 -0.0122131103950620864551 -0.01835438830257027365 0.999756948645277643273 3.05618683054329220994
7125 1329.343000 -0.335628766319347904279 -0.0308700391015530664629 -0.0498198949001717114604 -0.0122136812507337589456 -0.0183549846771305091853 0.999756930722567105363 3.0561851227665086661
7126 1329.352000 -0.335628507171065515458 -0.0308691191093872288609 -0.0498200750240471931796 -0.0122142247663654390788 -0.018355537321918129201 0.999756913936073021709 3.05618343867671971026
7127 1329.361000 -0.335628243744326981712 -0.0308681843004464974423 -0.0498202543158942218193 -0.0122148090180448747055 -0.0183561289612631656221 0.999756895935312139834 3.05618170156889723543
7128 1329.370000 -0.335627991713796869355 -0.0308672701166931642836 -0.0498204305830871260752 -0.0122153401000473314092 -0.0183566770755727685926 0.999756879382674323864 3.05618003301595297927
7129 1329.379000 -0.335627731107321525261 -0.0308663411707795799777 -0.0498206058319132089052 -0.0122159151406319166355 -0.0183572729777059032163 0.999756861414863640114 3.05617831061216982391
7130 1329.388000 -0.335627482849799263498 -0.0308654333527551005822 -0.0498207801177721065766 -0.0122164304262881179969 -0.0183578073186581765264 0.999756845306942865115 3.05617664444832648485
7131 1329.397000 -0.335627216644407755375 -0.0308644941187857513309 -0.0498209598226083821837 -0.0122170273319376736232 -0.0183584150132546884693 0.999756826854096503077 3.05617490218907361665
7132 1329.401000 -0.335626937990386009503 -0.0308638245518096619724 -0.0498211402442472334196 -0.0122175768760716604855 -0.0183589370876854757197 0.999756810551590047176 3.05617395263349944656
7133 1329.414000 -0.335626700706320280077 -0.0308626755005350465744 -0.0498213157033464484891 -0.0122181383857551187355 -0.0183595449521926461223 0.999756792526830029288 3.05617157818285312132
7134 1329.424000 -0.335626454010005959017 -0.0308617313906494293574 -0.0498214871477345999651 -0.0122186698931226293829 -0.0183601038263678274787 0.999756775767750349715 3.05616979660492571469
7135 1329.433000 -0.335626189818362341555 -0.0308607969701378201388 -0.0498216666156898885243 -0.0122192449660270836126 -0.0183606896215338585843 0.999756757981201005236 3.05616806273505936531
7136 1329.442000 -0.33562594301604808944 -0.0308598852335909765165 -0.0498218391576703903412 -0.0122197761796234080633 -0.0183612432068136766095 0.999756741321617736773 3.05616638173833088388
7137 1329.451000 -0.335625678693483475712 -0.0308589458768189356386 -0.0498220195747525254615 -0.0122203529350831622408 -0.018361825633593547441 0.999756723575062289378 3.05616463071641186744
7138 1329.460000 -0.335625429314051593188 -0.0308580339040410087104 -0.0498221953369957643032 -0.0122208805609588661012 -0.0183623661979666827349 0.999756707197269389731 3.05616296145471899592
7139 1329.469000 -0.335625149090640617633 -0.0308570470521728965063 -0.0498223870836198290402 -0.0122214723696262832914 -0.018362977934863345536 0.999756688727053255406 3.05616116301803186772
7140 1329.478000 -0.335624920981079655213 -0.0308561862801612352136 -0.0498225431048470515649 -0.0122219943942992077812 -0.0183635207602695985085 0.999756672374990107421 3.05615952705220195185
7141 1329.486000 -0.335624663715318793944 -0.0308552945065391492907 -0.0498227208318701292322 -0.0122225304450289361247 -0.0183640627466634086262 0.999756655866294696722 3.05615791260273539365
7142 1329.496000 -0.335624412464747501339 -0.030854339197613989132 -0.0498228945655719568375 -0.012223097233830469352 -0.0183646551461668916527 0.999756638055169344348 3.05615609896700490822
7143 1329.505000 -0.335624155748921904063 -0.0308534129175485304086 -0.0498230723770155883856 -0.0122236538477020727222 -0.0183652194485874296903 0.999756620883911373276 3.05615438120432125757
7144 1329.514000 -0.335623901389329015732 -0.0308524871162931327295 -0.0498232468382282869812 -0.012224204653875999152 -0.0183657829149046734896 0.999756603798395926397 3.05615265542357628092
7145 1329.523000 -0.335623659833794385499 -0.030851581957365016573 -0.0498234164846472621369 -0.0122247067549830900485 -0.0183663131547795108189 0.999756587918206762744 3.05615098189075462543
7146 1329.532000 -0.335623398212932466667 -0.0308506439790235086063 -0.049823593597288259871 -0.012225295790930115411 -0.0183669159930295138039 0.999756569640694703338 3.0561492299103441006
