31410 992.191000 -0.342713729508167697091 0.0197096388823568523241 -0.0549629335808504426719 -0.0204261291063215361108 -0.0364352266916458528145 0.999127242900352485755 3.01599727152548835463
31411 992.196000 -0.342711796929454193261 0.019707335867595730805 -0.0549659098579332316969 -0.0204406720926191935728 -0.0364258729469312259042 0.999127286537834446989 3.01599893829540199874
31412 992.200000 -0.342710180864563951353 0.0197054591503105329398 -0.0549683165429057721263 -0.0204516780679214506267 -0.0364185068969131095495 0.999127329833192856512 3.01600028691745736253
31413 992.205000 -0.342708099831053769613 0.0197030987669427684605 -0.0549713407646851143218 -0.0204644553769101934793 -0.0364096109457394540021 0.999127392426464422392 3.01600197872071351668
31414 992.211000 -0.342705554179160210015 0.0197002898237391699254 -0.0549749638425398312602 -0.0204781224285289567555 -0.0363996240723166511466 0.999127476285782134546 3.01600399896414739231
31415 992.218000 -0.342702582225965002305 0.0196971163911751658004 -0.0549791284304546462591 -0.0204915243530685020623 -0.0363892433229564896124 0.999127579641394203414 3.01600631421598786019
31416 992.226500 -0.342699274601470871282 0.0196937253149311770895 -0.0549837146446019581214 -0.0205033143652538947521 -0.0363794300674799633843 0.999127695126105885848 3.01600886828209935331
31417 992.234000 -0.342696156280632324709 0.0196906810187873204665 -0.0549880029758496036152 -0.0205113531110139024616 -0.0363720827293777526634 0.999127797627251790225 3.01601129078875418443
31418 992.241000 -0.342693649103764708119 0.0196883586945157985915 -0.0549914164558929358106 -0.02051545043358489126 -0.0363677744098761177027 0.999127870333912482259 3.01601328490572129226
31419 992.249000 -0.342691098393635540376 0.0196861322066912911022 -0.0549948259798594546455 -0.020517043906095953909 -0.0363652428994725371303 0.999127929755853405602 3.01601541335259737409
31420 992.257000 -0.342688934181238857857 0.0196843718642276711839 -0.054997610652634476569 -0.0205157005890658911129 -0.0363650948780981572717 0.999127962727420992906 3.01601738838513178109
31421 992.265000 -0.342687227352252765655 0.019682979988933077542 -0.0549996799856155224595 -0.0205118480030696548333 -0.036367070133055387493 0.999127969932498860572 3.01601970921011997007
31422 992.273000 -0.342685946479562963951 0.019682024030140958526 -0.0550009897273432551978 -0.0205059762641498569136 -0.0363707405088719779029 0.999127956856523113949 3.01602165169581581949
31423 992.281000 -0.342685109339192772726 0.0196814270491922384265 -0.0550015042911442542106 -0.0204984880139264837029 -0.0363756036508166152865 0.999127933474077911669 3.01602340392376477851
31424 992.288000 -0.342684728290886086999 0.0196811347308413694956 -0.0550013167475136219298 -0.0204910378698282477639 -0.0363804993758217731781 0.999127908043901613588 3.01602487913831707189
31425 992.293000 -0.342684647996354507793 0.0196810204278715789039 -0.0550008372232749648267 -0.0204853991169320903687 -0.0363841751755058784301 0.999127889821827541716 3.01602594094970788419
31426 992.297438 -0.342684689892711724646 0.0196809706610198420496 -0.0550002626287449392084 -0.0204807953723756992759 -0.0363871354686220727093 0.999127876396861958064 3.01602680394976729872
31427 992.302000 -0.342684869490039678563 0.0196809375728309587927 -0.0549993244769982278508 -0.0204750133782490087442 -0.0363907657657411148788 0.99912786268532394196 3.01602792449713863476
31428 992.307000 -0.342685175364695837619 0.0196809196964858879042 -0.0549981728294181709815 -0.0204693126688428039817 -0.036394225729122924029 0.999127853466433291096 3.01602909991381462618
31429 992.311000 -0.342685502262510266469 0.0196808995802352643123 -0.0549971196891043193067 -0.0204648730646933112165 -0.0363968030085206686874 0.999127850528251926221 3.01603011285361954918
31430 992.316000 -0.342685990224962711004 0.0196808678958256128011 -0.0549956756506137095508 -0.020459606028838128039 -0.0363997623834840661194 0.999127850587486321388 3.0160313961427616114
31431 992.321000 -0.342686533414632843453 0.0196809422928944030562 -0.0549942403042020244719 -0.0204548670523735376392 -0.0364022776040593618041 0.999127855981959189791 3.01603234568407785332
31432 992.325000 -0.34268706448483726712 0.0196807002968583076574 -0.0549928312854552139854 -0.0204510551067251696022 -0.0364040502430530224509 0.999127869429595416584 3.01603400790151443545
31433 992.333000 -0.342688137777641343984 0.0196804083088603573581 -0.0549902187453440854936 -0.0204448366844573632684 -0.0364066451783262648445 0.999127902142566304278 3.01603656827160948595
31434 992.341000 -0.342689246970755978516 0.0196799322243295590762 -0.054987708523628775481 -0.02044012153838301038 -0.0364079693649572433412 0.999127950363824290925 3.01603944782734334495
31435 992.349000 -0.34269030866131727775 0.0196792699732656756195 -0.0549854677141881700853 -0.0204370920026749718079 -0.0364080800969488679875 0.999128008302303749488 3.01604257136141296058
31436 992.357000 -0.342691257987599195989 0.0196784093022634720693 -0.0549836373700389735575 -0.0204357688433219747415 -0.036407033558078137625 0.999128073501732494321 3.01604599086999858315
31437 992.365000 -0.342692028962334971354 0.0196773783046680361686 -0.0549823299510847560145 -0.0204361541376216759858 -0.0364050266874602762579 0.999128138746952054738 3.0160496013553226291
31438 992.373000 -0.342692580178117045531 0.0196761894708155742062 -0.0549816179091115603272 -0.0204380996231597680812 -0.0364022194320430467207 0.999128201235564783467 3.01605342943916587828
31439 992.380000 -0.342692853137100905681 0.0196750540258898709567 -0.0549815110451330607555 -0.0204409602537551533807 -0.0363993055823702699181 0.9991282488734992695 3.01605686928917293699
31440 992.388000 -0.342692913083609662639 0.0196736764103950662053 -0.0549819730932200392837 -0.020445328921450203058 -0.0363956442496375792706 0.999128292865810063716 3.01606086889870317336
31441 992.396000 -0.342692698530225270392 0.0196722565544075467248 -0.0549830199425379098632 -0.0204506177677954321947 -0.0363918443969774921265 0.999128323036786780698 3.0160648555395570547
31442 992.403000 -0.342692300435292140914 0.0196709999338912505662 -0.0549843551984683237555 -0.0204557425479809477931 -0.0363885381431440155242 0.9991283385474640788 3.01606832065994012737
31443 992.410000 -0.342691722501727802364 0.0196697557850818299796 -0.0549860120429943866061 -0.0204611195376449596373 -0.0363853703513373621936 0.999128343813577513011 3.01607170985587957901
31444 992.417000 -0.342690994374896307217 0.0196685352281053549284 -0.0549879079011552085454 -0.0204665217202975834032 -0.0363824105468877612157 0.999128340950986237878 3.01607502058057797001
31445 992.426000 -0.342689874578323450116 0.0196670393322227153587 -0.0549905628393936862786 -0.02047323971359097175 -0.0363790484707133821018 0.999128325735986422274 3.01607904591047981668
31446 992.434000 -0.342688769765585377058 0.019665780814037674834 -0.0549929825622042581235 -0.0204786823866664677296 -0.0363765065637330770043 0.999128306744396454953 3.01608243573443202123
31447 992.443000 -0.342687468264079031499 0.0196644580898414078618 -0.0549956114726791595038 -0.0204839523301741238681 -0.0363741824391238879888 0.999128283329433486415 3.01608600405935067812
31448 992.448500 -0.342686748214333536389 0.0196637624537741792508 -0.0549969709114673382944 -0.0204863976361364004408 -0.0363731249738027256901 0.999128271690644220726 3.01608789128586129991
31449 992.456000 -0.342685634421633911195 0.0196627094776195276982 -0.0549989270870831145621 -0.0204895258093469902205 -0.0363717658354066053494 0.999128257023152333005 3.01609075845554253092
31450 992.461000 -0.342684983446957525111 0.0196620790614123186479 -0.0549999823182567709745 -0.0204909523123592667015 -0.0363710923703038022103 0.999128252284521956028 3.01609249525681999415
31451 992.468000 -0.342684146895879060413 0.019661357057399297954 -0.0550011797558948786757 -0.0204922253543422736022 -0.0363703490406107540767 0.999128253234133567595 3.01609447768886784758
31452 992.473000 -0.342683618891082786284 0.0196606440078827132689 -0.0550019115386920567912 -0.0204927363361289208155 -0.0363699507736649496614 0.999128257251379658932 3.01609651351087393323
31453 992.479000 -0.342683058539065776849 0.0196600775044396200442 -0.0550025403708897311916 -0.0204928024414582354851 -0.0363695692179306223624 0.999128269784714584389 3.01609813116214109385
31454 992.485000 -0.342682607641909109386 0.0196592821605987913558 -0.0550029377648456330174 -0.0204923621849167174325 -0.0363693024204642459396 0.999128288526318963925 3.0161004486303029104
31455 992.491000 -0.342682237493314834076 0.0196587349943857514489 -0.0550031639733977451012 -0.0204915416834667539481 -0.0363690928097264096208 0.999128312984689848086 3.01610209312134314175
31456 992.496500 -0.342682030216482247376 0.0196580592102746469496 -0.055003125526132748413 -0.0204904528326921332726 -0.0363689489390117207113 0.999128340552795424223 3.01610413353337669662
31457 992.507000 -0.342681906645923683996 0.0196568006687552095102 -0.0550026394573796817422 -0.020488230284498292616 -0.0363687360816936922081 0.999128393879199716565 3.01610794716927088643
31458 992.512000 -0.342681846181504656812 0.0196562467176933410029 -0.0550023460398608304844 -0.0204867328557926005328 -0.0363686185172989798198 0.999128428863896744794 3.01610971416847117865
31459 992.513000 -0.342681743000843586078 0.0196562925077460939893 -0.0550023781896700758587 -0.0204857603531407930775 -0.036368574729847405469 0.999128450398082401662 3.01610980574858755787
31460 992.528000 -0.342681996847135184048 0.0196544273453069864854 -0.055001054792759365708 -0.0204823825413432206166 -0.0363682379548193809859 0.999128531908428652031 3.01611553815602562167
31461 992.528000 -0.34268202173733031124 0.0196544822633040391913 -0.0550009169012019571987 -0.0204808127420324920243 -0.0363681171639145608965 0.999128568485246226771 3.01611592656901983389
31462 992.537000 -0.34268231798995119064 0.0196534511204854642208 -0.0550000144790579320597 -0.0204781681170967053141 -0.0363677191368368749047 0.999128637181095013986 3.01611963753202916294
31463 992.553000 -0.342682739873213348947 0.0196515928847959819858 -0.0549988822604692700891 -0.020475578517045379956 -0.0363671664385180129497 0.999128710372004791296 3.01612577678196736031
31464 992.561000 -0.342683026710919214075 0.0196506769483582449665 -0.0549983776737042462379 -0.0204742563093177343259 -0.036366631291622132649 0.999128756946310536691 3.01612930790518785074
31465 992.569000 -0.342683283157053431012 0.0196497738513937494909 -0.0549980376525035785651 -0.0204735021036824317575 -0.0363660129050043454124 0.999128794909347028863 3.01613286195352969798
31466 992.569000 -0.342683439529317013239 0.0196497732971042463057 -0.054997869650934144703 -0.0204733349737277053881 -0.0363652888413269551049 0.999128824688058081449 3.01613380974314804206
31467 992.585000 -0.342683627090149267591 0.019647982710004792406 -0.0549979200389764735779 -0.0204736710472498660562 -0.036364427349530548117 0.999128849156799114795 3.01614008153241641708
31468 992.585000 -0.342683662029706681551 0.0196479939500817935016 -0.054997917066895135596 -0.0204742802036248228159 -0.0363634759305904303739 0.999128871301589893683 3.01614097318711227302
31469 992.601000 -0.34268363874122953483 0.0196462556044680325407 -0.054998546846666072907 -0.0204758919198810424023 -0.0363624339055975895341 0.999128876196933135567 3.01614710050795364893
31470 992.608000 -0.342683510839710603335 0.0196455197204514278586 -0.054999048734704847341 -0.0204775207347917334588 -0.0363612911562635754414 0.99912888440381186772 3.01615015860431201489
31471 992.616000 -0.342683324435618663628 0.0196446882877393882993 -0.0549996733376107369007 -0.0204792782477191646906 -0.036360225784218623557 0.999128887152890388101 3.01615334129502654648
31472 992.625000 -0.342683036115246197895 0.0196437717286417970475 -0.0550004632359115050444 -0.0204814399067425843837 -0.0363589447440619342733 0.999128889461437075248 3.01615678665000253034
31473 992.633000 -0.34268264132789483245 0.0196429620436934931904 -0.055001317081056544378 -0.0204837898738226414919 -0.0363574152197362124306 0.999128896945206346203 3.01615990071900696989
31474 992.633000 -0.342682233845906347725 0.0196429870233415689029 -0.0550018313495492724985 -0.0204855050990900948438 -0.036356072746534288942 0.999128910629296096424 3.01616033786902804081
31475 992.650000 -0.342681741734078393335 0.0196412594369321409637 -0.055003039295791658625 -0.0204880989564643588297 -0.0363544167267019005529 0.999128917700619512132 3.01616595343445093036
31476 992.658000 -0.342681285347385622408 0.0196404663668649850927 -0.0550037982865105024022 -0.0204898583385266057355 -0.0363530094287899188665 0.999128932826358173713 3.01616863282604708019
31477 992.666000 -0.342680840725965496496 0.0196395623411859121532 -0.0550045025614520344259 -0.0204913482541116201419 -0.0363515818186615213836 0.999128954212623043851 3.01617158830579601414
31478 992.674000 -0.342680346746199182562 0.019638855805569423868 -0.0550051774320150371755 -0.0204926798644816526851 -0.0363500850600858432804 0.999128981357310208544 3.01617393539148359594
31479 992.682000 -0.342680000987474975283 0.0196380504535424160739 -0.0550056392208352062934 -0.0204934600634069166714 -0.0363489241282583600001 0.999129007590785267467 3.01617649239218144075
31480 992.690000 -0.342679637791483415743 0.0196372373067700174698 -0.0550060809821338175807 -0.0204940750998247565862 -0.0363476648673323535221 0.999129040787272382218 3.0161791102757815608
31481 992.698000 -0.342679319728821041302 0.0196364207367593461562 -0.0550064360180547301526 -0.0204944280690343323681 -0.0363464854069123904923 0.999129076454433051602 3.01618174828158869261
31482 992.706000 -0.342679044142915223414 0.0196356128219271272584 -0.0550067140015734132308 -0.020494572555646094203 -0.0363454019943320674746 0.99912911290264772024 3.01618438735933924733
31483 992.714000 -0.3426788172847097802 0.0196348039250571759773 -0.0550069235159209163344 -0.020494517519804144462 -0.0363443796107557129393 0.999129151222373002028 3.01618710307166848494
31484 992.723000 -0.342678643524042592095 0.0196339039481942742582 -0.0550070608401720256841 -0.0204943011931236380996 -0.0363434281744611925591 0.999129190268772560124 3.01619013894898202466
31485 992.731000 -0.342678471986254340464 0.01963310922106282011 -0.0550072041134823594422 -0.0204940411943764916325 -0.0363424655231222790142 0.999129230617953667526 3.01619299830628362358
31486 992.739000 -0.342678358519965864382 0.019632334925687864452 -0.0550072913347331576839 -0.0204937659934574870069 -0.036341668642653618404 0.999129265248332676386 3.0161958071187120467
31487 992.747000 -0.342678269990537243128 0.0196315659898893477009 -0.0550073691658121491366 -0.0204935009966486850197 -0.0363408915190718342925 0.999129298950090505294 3.01619868303758886796
31488 992.755000 -0.342678195461615708872 0.0196308141259194102179 -0.0550074504705650724201 -0.0204933098311517111756 -0.0363401505947730379953 0.999129329820175771104 3.01620155864560368641
31489 992.763000 -0.342678123148749236293 0.0196300846754901212043 -0.0550075487294497816881 -0.0204932316557040750116 -0.0363394269472278944044 0.999129357743757218202 3.01620440885629914618
31490 992.772000 -0.342678056673368536256 0.0196292750968233321862 -0.0550076725780485054074 -0.0204932571503114724365 -0.0363386774740946175144 0.999129384479710225264 3.01620755019092046112
31491 992.780000 -0.342677958462370868542 0.0196285744128617753446 -0.0550078482822995151746 -0.0204934743117743158047 -0.0363378225793901873941 0.999129411117909982387 3.01621046176708507147
31492 992.788000 -0.342677860161144320905 0.0196278860476625724441 -0.0550080446755394289471 -0.0204938064629426666685 -0.0363370120455002859616 0.999129433783363385402 3.01621327041531506197
31493 992.796000 -0.342677744495153924209 0.0196272070442616020092 -0.0550082784642180952495 -0.0204942761369036816066 -0.0363361607425653904135 0.99912945510985462505 3.01621603367610502389
31494 992.804000 -0.34267760274816688737 0.0196265448643479951951 -0.0550085523893909245086 -0.020494892025329478763 -0.0363352733528241600425 0.999129474748515988836 3.01621871417813380845
31495 992.812000 -0.34267744122799415063 0.0196258857643641614066 -0.055008861127262699553 -0.0204955986883183852165 -0.03633431515392858413 0.999129495098959763411 3.01622137756840924538
31496 992.821000 -0.342677262659307757531 0.0196251455712563721567 -0.0550092110786219237739 -0.0204964017083012657594 -0.0363333052463974959245 0.999129515351680486113 3.0162242357409558835
31497 992.829000 -0.342677027019962943122 0.0196245002583643884941 -0.0550096146521543011287 -0.0204973668362553075595 -0.0363321309232279426871 0.999129538255854821038 3.01622684647258587631
31498 992.837000 -0.342676800821617000281 0.0196238576413558241107 -0.0550100038007672806351 -0.0204982763721106540922 -0.0363310486588809822273 0.999129558950749174784 3.01622932287025724563
31499 992.845000 -0.342676564566745889273 0.0196232078687603936351 -0.055010403951680469925 -0.0204991796371283147016 -0.0363299257445147683043 0.999129581250401632708 3.01623178945739045531
31500 992.853000 -0.342676317491576065688 0.0196225572198190402473 -0.0550108110184075252413 -0.0205000651830497294947 -0.0363287770886160238382 0.999129604847507346577 3.0162342357954110561
31501 992.861000 -0.342676061256624198137 0.0196219135248407623717 -0.0550112185720655066934 -0.0205009339221482664306 -0.0363276387495118299742 0.999129628412252057679 3.01623661859506819738
31502 992.868000 -0.342675802715105781715 0.0196213403233310712537 -0.0550116133308582999639 -0.0205017296343546033544 -0.0363264907663474120869 0.999129653824068042489 3.0162387920441919853
31503 992.876000 -0.342675549111689070614 0.0196206886490719045746 -0.0550120038682511761086 -0.0205024768098852755438 -0.0363253564233425169094 0.999129679734006015401 3.01624117489164200734
31504 992.884000 -0.342675333619411826014 0.0196200415947470584166 -0.0550123383489766540344 -0.0205030788332463756451 -0.0363243716248344283848 0.999129703183935236055 3.01624348268930297934
31505 992.892000 -0.342675087221642915569 0.0196193991710503501391 -0.055012700074485984536 -0.020503709370877375856 -0.0363232893304027137926 0.999129729591835546998 3.0162458310396655925
31506 992.901000 -0.342674825577298114432 0.019618668474864438267 -0.0550130832345157930185 -0.0205043155996870035684 -0.0363220864203496265898 0.999129760881869222189 3.0162485243745975616
31507 992.901000 -0.342674564798968905865 0.0196186470278287353186 -0.0550133971512804381687 -0.0205048299931792563089 -0.0363211178115978652881 0.999129785537327896883 3.01624907419191989888
31508 992.916000 -0.342674382399881516381 0.0196174711120839923018 -0.0550137082151835044019 -0.0205052338062626481052 -0.036320069723898423808 0.999129815350238370542 3.01625305080317707151
31509 992.924000 -0.342674180927763694093 0.019616838528574331163 -0.0550139941423677877874 -0.0205056146258421716222 -0.0363190978784934601076 0.999129842862332306908 3.01625544218742280833
31510 992.932000 -0.342674014050371344986 0.0196162205233861089426 -0.0550142336794055622495 -0.0205059287809143606096 -0.0363182749586412542686 0.99912986632812694765 3.01625774087870057727
31511 992.939000 -0.342673820999991718406 0.0196156848424178867352 -0.0550144967508218035723 -0.0205062828162877082427 -0.0363173670164958703466 0.999129892065114599831 3.01625987648449012113
31512 992.947000 -0.3426736673015938206 0.0196150804323407430829 -0.0550147192872702528454 -0.0205065700029471997823 -0.0363165710098630675762 0.999129915104537191795 3.01626216734826790855
31513 992.956000 -0.342673497697143225604 0.0196144043882314489391 -0.0550149681522482530971 -0.0205068919950398033392 -0.0363156624028487529099 0.999129941521595066334 3.01626476458159409333
31514 992.964000 -0.342673299945449871817 0.019613816349119829463 -0.0550152445360885533621 -0.0205072934436393641833 -0.0363146730552485821897 0.99912996924149288791 3.01626717146230793887
31515 992.972000 -0.342673131078742809752 0.0196132329193427386305 -0.0550154917231426843216 -0.0205076548326656241117 -0.0363137713911991164006 0.999129994595604031815 3.01626951493392025938
31516 992.980000 -0.342672963096311289366 0.019612653708433971933 -0.0550157413712830112296 -0.0205080437703025232621 -0.0363128688644236072292 0.999130019414665837552 3.01627184010442483952
31517 992.987000 -0.342672784529359453209 0.0196121627158538473779 -0.0550159964630995423907 -0.0205084853581988940663 -0.0363119784011705359905 0.99913004271361260944 3.01627389421546077131
31518 992.994000 -0.342672631670348282196 0.0196116711362139956032 -0.0550162265996006760727 -0.0205088843786406724301 -0.0363111740776482852522 0.999130063754787745012 3.01627588004895041962
31519 993.001000 -0.342672475529407827288 0.0196111834744799456987 -0.0550164635007147143075 -0.0205093087355400494065 -0.0363103587772235503195 0.999130084673992668876 3.01627784949476751564
31520 993.009000 -0.342672294558744927606 0.0196106275753131220618 -0.0550167420275915752814 -0.0205098124807971404771 -0.0363094028024308554392 0.99913010907495614088 3.01628009658295415107
31521 993.015000 -0.342672128034659295714 0.0196102176512866523128 -0.0550169886113498415869 -0.0205102857465992161057 -0.0363085761878814625159 0.999130129399470101603 3.0162818125983346107
31522 993.022000 -0.342671960827613586442 0.0196097385010365089786 -0.0550172461057327338851 -0.0205107735222543399733 -0.0363077264626901763389 0.999130150265033933898 3.01628373470291988312
31523 993.029000 -0.342671818950378015423 0.0196092606685952311474 -0.0550174759631999327203 -0.0205111990900197112275 -0.0363069799029096390575 0.999130168657827777423 3.01628558380770384062
31524 993.036000 -0.342671614879517971719 0.0196087910360874667637 -0.0550177789666574032501 -0.0205117916773692836319 -0.0363060055837298584214 0.999130191897301345172 3.01628752693835533449
31525 993.042000 -0.342671464334228403903 0.0196083831045995443665 -0.0550180129442665172279 -0.0205122292596442157286 -0.0363052501701839336334 0.999130210363434301257 3.01628915786562856738
31526 993.050000 -0.342671287807562729988 0.0196078478242701255418 -0.0550182937665181504006 -0.0205127555220372161104 -0.0363043713638715181968 0.999130231491754616791 3.0162912197491205113
31527 993.057000 -0.342671106118839940979 0.0196073808249027613237 -0.0550185723429247042215 -0.0205132788238237030731 -0.0363034955458837529929 0.999130252571228227865 3.01629307591382112008
31528 993.065000 -0.342670925758567501695 0.0196068499102170432091 -0.0550188565396350984238 -0.0205138020332945592017 -0.0363026140108861916644 0.999130273859277773241 3.01629511611984879593
31529 993.072000 -0.342670713301649443316 0.0196063839950145202273 -0.0550191711334888297613 -0.0205143839774079607408 -0.0363016196561775222884 0.999130298039432873658 3.01629702990374681804
31530 993.079000 -0.342670528619531622461 0.0196059224176185036004 -0.0550194498764749878594 -0.0205148886382550271756 -0.0363007488700635566614 0.999130319315569837002 3.01629886283357340204
31531 993.085000 -0.342670340561159414428 0.0196055274380879801521 -0.0550197232944398539889 -0.0205153827216214453 -0.0362998882313781620623 0.999130340439211561687 3.01630050093140678058
31532 993.092000 -0.342670184938202393443 0.0196050753458429996567 -0.0550199623368519616373 -0.0205158077178160258569 -0.0362991560063280344073 0.999130358315126976265 3.01630223043463585597
31533 993.099000 -0.342670002093538261789 0.0196046207273669857718 -0.0550202340549496432542 -0.0205162813255392560696 -0.0362983012249172704022 0.999130379644596944289 3.0163040455457181821
31534 993.106000 -0.342669820075035325146 0.0196041697051838777199 -0.0550205026758153609157 -0.0205167444319500104355 -0.03629745167174908832 0.999130400998814005575 3.01630585186984312429
31535 993.112000 -0.34266964066720206894 0.0196037752779928270419 -0.05502076298146697797 -0.0205171788991009053371 -0.0362966001534867077627 0.999130423011590607096 3.01630750398453395533
31536 993.119000 -0.342669462020790738244 0.0196033285152459463285 -0.0550210245058306637866 -0.0205176206059536347937 -0.0362957625652967422192 0.999130444368738879213 3.01630930229032090395
31537 993.126000 -0.342669311573476575994 0.0196028912143357200715 -0.05502124888298979416 -0.0205180043142398418898 -0.036295060277537385951 0.999130462001039498787 3.0163109972020056837
31538 993.134000 -0.342669112179077695046 0.0196023850884798032934 -0.0550215397096787753317 -0.0205184834982219885258 -0.0362941069685923725641 0.999130486790531957553 3.01631305454606390981
31539 993.140000 -0.342668935517251915801 0.0196020082246156808481 -0.0550217889974055768265 -0.020518902790867491609 -0.0362932884565876912042 0.99913050791238777748 3.01631465502433337988
31540 993.147000 -0.34266876283082625676 0.0196015748496037138515 -0.0550220385645056597745 -0.0205193198403846623068 -0.0362924713669751722311 0.999130529027796976393 3.01631642577168390673
31541 993.154000 -0.342668618130662849808 0.0196011491705079810011 -0.0550222530686513694453 -0.0205196822698364561566 -0.0362917788563277762814 0.999130546739007585622 3.01631809494549774087
31542 993.161000 -0.342668447507774087679 0.0196007228019213428083 -0.0550224995282197967827 -0.0205200959188927382904 -0.0362909633641027157269 0.999130567864673357903 3.01631984565442001767
31543 993.169000 -0.342668255466013538246 0.0196002356690666568184 -0.0550227790506247829705 -0.0205205649161720980744 -0.0362900328754640968953 0.999130592029599973181 3.0163218463871457331
31544 993.176000 -0.342668086400420568438 0.019599815014867537355 -0.0550230239963855546903 -0.0205209807875479481598 -0.0362892185928310878618 0.999130613063896944048 3.01632358089399899015
31545 993.184000 -0.342667920791582814033 0.0195993381812587900981 -0.0550232712472407681226 -0.0205213996947091227574 -0.036288401677145289137 0.999130634130636630097 3.01632548154599078316
31546 993.191000 -0.342667725345414064808 0.0195989209067778946682 -0.0550235493560704974625 -0.0205218771096978350177 -0.0362874658950273001889 0.999130658311920494263 3.01632728621903822841
31547 993.198000 -0.34266755618706812303 0.0195985100283799160148 -0.0550237958986861536159 -0.0205223052545434429816 -0.0362866496929470996879 0.999130679161189805271 3.01632899068908155726
31548 993.205000 -0.342667386391213968366 0.0195981012584221306327 -0.0550240437917577165927 -0.0205227386371805049781 -0.0362858306733367039221 0.999130700004346672394 3.01633068684806371351
31549 993.212000 -0.342667216540541164083 0.0195976966929081349023 -0.0550242920598913304309 -0.0205231811030979378885 -0.0362850201525309334905 0.99913072035141614613 3.01633236056491504939
31550 993.220000 -0.342667048473195345881 0.0195972362678810164971 -0.055024545356857482159 -0.0205236246758029872161 -0.0362841954652002376958 0.999130741189365068067 3.01633420688485731631
31551 993.227000 -0.342666850641791587151 0.019596831376062519986 -0.0550248296911985956825 -0.0205241266190276695769 -0.0362832501928930656332 0.999130765206419968472 3.01633596657587110812
31552 993.234000 -0.34266667776501008591 0.0195964333729401890549 -0.0550250830720269701324 -0.0205245787740417628964 -0.0362824279937373206373 0.999130785775829810547 3.01633762777922198595
31553 993.241000 -0.342666504593990450811 0.0195960375478062415189 -0.055025337427075118879 -0.020525032607970533638 -0.0362816041186482529657 0.999130806370727042598 3.01633928022184960582
31554 993.247000 -0.342666327842688023253 0.0195956987178607516809 -0.0550255896726158585941 -0.0205254873564676663944 -0.0362807805805351324402 0.999130826933713689364 3.01634076196236167178
31555 993.254000 -0.342666183616404329548 0.0195953047016274028991 -0.0550258108822392205672 -0.0205258735635927246077 -0.0362800684031279463415 0.999130844860229405668 3.01634233980401100794
31556 993.261000 -0.342666008602331761956 0.0195949142123990130426 -0.0550260676801881953857 -0.0205263321186694262799 -0.0362792430197134072034 0.99913086541036788546 3.01634397291701228383
31557 993.268000 -0.342665833498520921996 0.0195945246322573249365 -0.0550263243041168442771 -0.0205267899324720615173 -0.036278419097406915117 0.999130885921790001802 3.01634560345908964152
31558 993.275000 -0.342665627334051980935 0.0195941430224776877433 -0.0550266157396620686493 -0.0205273259840514539498 -0.0362774959286064208053 0.999130908428467412463 3.0163472693812960479
31559 993.275000 -0.342665462774430107373 0.0195941308047863395336 -0.0550268161326582169735 -0.0205276972972225565939 -0.0362767953440706197865 0.999130926237016270264 3.0163477227097814648
31560 993.288000 -0.342665328694948645438 0.0195934312730153964432 -0.05502705917589467699 -0.0205281094356381012267 -0.0362760860338665475089 0.999130943522950953906 3.0163501931598148964
31561 993.296000 -0.342665155310304947456 0.0195929986052290859566 -0.055027318654209969595 -0.0205285648619891389344 -0.0362752642015724408031 0.999130964004125710076 3.01635195010736856247
31562 993.303000 -0.342664952767438524273 0.0195926153534733520079 -0.0550276079382540431184 -0.020529071546899362033 -0.036274321627023417558 0.999130987814871751596 3.01635363737494932579
31563 993.310000 -0.342664777236832973628 0.0195922390599147164258 -0.0550278626867459763616 -0.0205295200729928781214 -0.0362735052108460256926 0.999131008239305673513 3.01635522721804605339
31564 993.317000 -0.342664602252470917865 0.0195918661576649638656 -0.0550281160996320684031 -0.0205299711311026228389 -0.0362726997823424254785 0.999131028211943883477 3.01635679776367027216
31565 993.324000 -0.34266442719691064811 0.0195914928067219655528 -0.0550283692931004680959 -0.0205304149150374211363 -0.0362718860841965279329 0.99913104863341695161 3.01635837848558452379
31566 993.330000 -0.342664249223398997835 0.0195911759494826337447 -0.0550286189446836868089 -0.0205308575561935734155 -0.0362710789486585527541 0.999131068839272717952 3.01635979361387418507
31567 993.330000 -0.342664086302765069636 0.0195911633573235856309 -0.0550288170715509949993 -0.0205312168896575088228 -0.0362703866044399650392 0.999131086589039374424 3.01636024684687154007
31568 993.342000 -0.3426639506456451989 0.0195905453797430850749 -0.0550290497137882056444 -0.0205316099872098478674 -0.0362696910688755855268 0.999131103760212968545 3.0163624757539655441
31569 993.350000 -0.34266380849126498731 0.0195901265406514292489 -0.0550292695028068296059 -0.0205319774298190552142 -0.0362689841059901374454 0.999131121872770422421 3.0163641308790758444
31570 993.357000 -0.3426636059093731701 0.0195897670468689680257 -0.0550295524545776626457 -0.0205324832891347827668 -0.0362680747030501640649 0.999131144488707989559 3.01636573103308069932
31571 993.364000 -0.342663432285795821475 0.0195894076705729128229 -0.0550298018108406478133 -0.0205329186336590703565 -0.0362672680482497566956 0.99913116482306763011 3.01636726989915837649
31572 993.372000 -0.342663265629107982591 0.0195889925655056314213 -0.0550300515376375976029 -0.0205333376565492720101 -0.0362664487007534619423 0.999131185952734646172 3.01636898372859629802
31573 993.379000 -0.342663063406752621542 0.0195886386719989549765 -0.0550303332737731576429 -0.0205338440357690985016 -0.0362655428876886912204 0.999131208424687278224 3.01637056271746395453
31574 993.387000 -0.342662892506730376585 0.0195882371993123423348 -0.0550305841165100798063 -0.020534281153191485253 -0.0362647400209774595226 0.999131228582478270184 3.01637222694594386851
31575 993.394000 -0.342662694043074700367 0.0195878810080845344732 -0.0550308642750542836852 -0.0205347672967572739133 -0.0362638149750659152804 0.99913125216636178294 3.01637383246292634098
31576 993.394000 -0.34266250492320765586 0.0195878718891751325837 -0.0550310920327876582081 -0.020535191230346479252 -0.0362630257889367396684 0.999131272096797085069 3.01637433351551420557
31577 993.402000 -0.342662309922318220057 0.0195874704589604417548 -0.0550313740419277747096 -0.0205356813863949577703 -0.0362621044714346030258 0.999131295460861323932 3.0163760631812785995
31578 993.409000 -0.342662136625974333981 0.019587123655055809629 -0.0550316217680157371284 -0.0205361212773724072234 -0.036261307723392879887 0.999131315336012515438 3.01637756186069294628
31579 993.417000 -0.342661937696358387395 0.0195867325882295127693 -0.0550319052056969237885 -0.0205366293005379979553 -0.036260402895467197526 0.999131337732347635239 3.01637925268116946498
31580 993.424000 -0.342661765275879492965 0.019586388943603427748 -0.0550321528420874492293 -0.0205370661096442481963 -0.0362596025131418156495 0.999131357800963626481 3.01638074280672574545
31581 993.431563 -0.342661592295856964885 0.0195860474400051318145 -0.0550324011410050634163 -0.0205375049529187905795 -0.0362588028589220096043 0.999131377800510755982 3.01638222669669531228
31582 993.438000 -0.342661423399488129782 0.0195857016798393589185 -0.0550326473088496442854 -0.0205379271764223221564 -0.0362579893167060476888 0.999131398644845680757 3.01638373181316632454
31583 993.446000 -0.342661223497838896002 0.0195853194263501048655 -0.0550329320085349640856 -0.0205384417413306749611 -0.0362570879848000959811 0.999131420775915879418 3.01638539187543308628
31584 993.453000 -0.342661049968765951679 0.0195849835386239200241 -0.055033180156501923519 -0.020538883249086498789 -0.0362562920628128892986 0.999131440582637586623 3.01638685924130056648
31585 993.467000 -0.342660703890127593674 0.0195843157422755376196 -0.0550336766641385671806 -0.0205397629016228350229 -0.0362546965502859516728 0.999131480395844429054 3.01638977857662826665
31586 993.475000 -0.342660721544729263144 0.0195839482984248719477 -0.0550337005234262238718 -0.0205397774141100608603 -0.0362546838591742484614 0.999131480558014373194 3.01639086706116188452
31587 993.482000 -0.342660333990078835864 0.0195836059170822612829 -0.0550342082644851987583 -0.0205407029234164553722 -0.036252988508026946779 0.999131523047716130215 3.01639288717318221344
31588 993.489000 -0.342660160636936550471 0.0195832779898348699477 -0.0550344566053430073183 -0.0205411427219962944291 -0.0362521924718018501155 0.999131542889454604683 3.01639432745317837004
31589 993.494000 -0.342660036914744559056 0.0195830427154408057144 -0.0550346341953611914444 -0.0205414512911226004865 -0.0362516167208574921488 0.999131557435745443208 3.01639536932728358209
31590 993.501000 -0.342660052077519705627 0.0195827268465658330121 -0.0550346547840548511177 -0.0205414638823302048154 -0.0362516058151271108878 0.999131557572572881476 3.01639630503860800559
31591 993.508000 -0.342659879149247503793 0.0195824044015147358255 -0.0550349019208439538264 -0.0205419073395380416547 -0.0362508208183211638742 0.999131576937117849013 3.01639771955383340085
31592 993.515000 -0.342659517125193213705 0.0195820729242347432719 -0.0550353764551438431885 -0.0205427724258318289419 -0.0362492469226023336648 0.999131616254137489008 3.01639963833096880208
31593 993.523000 -0.342659320500591058067 0.0195817033435166584776 -0.0550356587795143778474 -0.020543263537454472395 -0.0362483320508047157649 0.999131639348271982648 3.01640127631365029259
31594 993.530000 -0.342659335331252923318 0.0195813937720542181886 -0.0550356791487254665141 -0.0205432761491773745177 -0.0362483219361897229804 0.999131639455917208714 3.01640219365626904846
31595 993.538000 -0.342659164420096196135 0.0195810335991292369662 -0.0550359288483370651113 -0.0205437140297469317263 -0.0362475294309629603173 0.999131659204138822261 3.01640372772595943829
31596 993.545000 -0.342658966875209802794 0.0195807118428919790798 -0.0550362064131290351643 -0.0205442025140290564222 -0.0362466230298383110253 0.999131682042960433954 3.01640521428387131664
31597 993.552000 -0.342658793033334685418 0.0195803993116579685974 -0.0550364530420816774892 -0.0205446421200047302236 -0.0362458383730644567722 0.999131701469228139523 3.01640660514709768592
31598 993.552312 -0.342658605758295264909 0.0195803899168151968047 -0.0550366787873950574772 -0.020545063509601176055 -0.0362450589673200748719 0.99913172107877834538 3.01640709834282150226
31599 993.567000 -0.342658421325860829132 0.0195797344991727878538 -0.0550369798768853557558 -0.0205455806974894975014 -0.0362441603974171244751 0.999131743040370556841 3.01640956541377569522
31600 993.574000 -0.342658248470903759042 0.0195794258178256033731 -0.055037225377989891506 -0.0205460143980858919721 -0.0362433727702543909133 0.999131762693284741772 3.01641094507346974041
31601 993.582000 -0.342658082016168319406 0.0195790679186720016636 -0.0550374715333419306518 -0.0205464325034921263535 -0.0362425730101770399161 0.999131783106203208433 3.01641248059100552936
31602 993.590000 -0.342657882802502533615 0.0195787216580013689882 -0.055037752058342014061 -0.0205469386298626904841 -0.0362416864995313697806 0.999131804854900162915 3.01641402627694521499
31603 993.597000 -0.342657685106876663816 0.019578412361082760812 -0.0550380282808042575748 -0.020547422875717605284 -0.0362407832969650692267 0.99913182765798680407 3.01641548248888113903
31604 993.597000 -0.342657498534455595696 0.0195784037074659689193 -0.0550382528366243073403 -0.0205478430113070799357 -0.0362400094232476141509 0.999131847087553093267 3.01641597318449727894
31605 993.611000 -0.342657340490333361949 0.0195778076871133341341 -0.055038516892442553019 -0.0205482873225490761393 -0.0362392183456901745275 0.999131866643139021633 3.01641820417783446118
31606 993.617000 -0.342657166360712750475 0.0195775477632857443366 -0.0550387582744393394352 -0.0205487173528292495217 -0.0362384366018884893079 0.999131886153076576029 3.01641943755638974878
31607 993.625000 -0.342656811301788932766 0.019577199274766275694 -0.0550392277002410279518 -0.0205495730470833526393 -0.0362368892455191687896 0.999131924675310645334 3.01642138674062287862
31608 993.632000 -0.342656639455485079182 0.0195769012759065552665 -0.0550394714047247671229 -0.0205500044957318446504 -0.0362361081863124753766 0.999131944128869964317 3.01642273245159220352
31609 993.640000 -0.342656443776076735652 0.019576559558748506118 -0.0550397494386414137812 -0.0205504912534912563549 -0.0362352097333482683905 0.999131966701506613049 3.01642428412226459855
31610 993.647000 -0.342656272120844263007 0.0195762642324582708531 -0.0550399926806311584615 -0.0205509223450260208876 -0.0362344304237779829547 0.9991319860972489586 3.01642562179719053717
31611 993.654000 -0.342656100600142565771 0.0195759700284645205004 -0.0550402358013139803017 -0.0205513533253627554698 -0.0362336517706341731948 0.999132005470678818959 3.01642695584013198484
31612 993.661000 -0.342655928736000592316 0.0195756774068253924792 -0.0550404793836136302376 -0.0205517852678735804539 -0.0362328732542950976425 0.99913202481856289161 3.01642828450955136077
31613 993.669000 -0.342655733951351681998 0.0195753428107624805055 -0.0550407560477151683309 -0.0205522752076552836509 -0.036231984643659211065 0.999132046965049758214 3.01642980245176861587
31614 993.676000 -0.342655562341461439324 0.0195750527228798140711 -0.0550409990099123974661 -0.020552706218918064679 -0.0362312074185292959383 0.999132066283569097997 3.01643112311499939082
31615 993.683000 -0.342655390931522196851 0.019574763636777479936 -0.0550412417232693795821 -0.0205531368101790935798 -0.0362304310845327839918 0.999132085577623119121 3.01643244058464921054
