23801 695.140000 -0.325518822401230423225 0.0167071773175035132031 -0.0540073341766021952637 -0.0268021226804659763732 -0.044429178011315545449 0.998652939895066982245 2.9934237891934132314
23802 695.153000 -0.325519921668061151809 0.0167011499637003332785 -0.0540032919474714850905 -0.0268028604060930181197 -0.044419050410149117647 0.998653370612001878293 2.99343688759307280378
23803 695.160000 -0.325520499740002189348 0.016694990946681025068 -0.0540028752094286190744 -0.0268082445437990909975 -0.044407844362337252353 0.998653724462874148315 2.99344973425113058951
23804 695.168000 -0.325521586345977109733 0.0166833411869544562256 -0.0540045470993597218068 -0.0268156488028289154146 -0.0443880791004132163602 0.998654404392760430831 2.99347367620434567925
23805 695.177000 -0.325522793533004117794 0.0166776141406378940191 -0.0540030550056549429883 -0.0268118168515821680975 -0.0443826024530633161946 0.998654750690452730488 2.99348655072855329706
23806 695.185000 -0.325523811930628514943 0.0166735691989715086037 -0.0540019333431404208179 -0.0268069916610281337721 -0.044380157432195595224 0.99865498888473946959 2.99349576263207994842
23807 695.194000 -0.325524752609427037164 0.0166702819834203819216 -0.0540010828048680044389 -0.0268011462586024845622 -0.0443795450097126745193 0.998655172992137352139 2.99350312607778024088
23808 695.203000 -0.325525356895910999988 0.0166683542111814644859 -0.0540007545887707871013 -0.0267957129130644323978 -0.0443806701014758178681 0.998655268794404693544 2.99350702009248870183
23809 695.211000 -0.325525554120494942101 0.0166677426049364404981 -0.0540008909972013381728 -0.0267915966591429494104 -0.0443827861393654293787 0.99865528519252377837 2.99350753991737983384
23810 695.220000 -0.325525384505021608827 0.0166681878788356233057 -0.0540014352971358718714 -0.0267878490722561653226 -0.044386129223359362117 0.998655237143754814788 2.99350503507985887808
23811 695.229000 -0.325524844594802464925 0.0166696637425498596363 -0.0540022422285732217606 -0.0267849018600336170881 -0.0443902313900224818055 0.998655133862280108836 2.99349972393578545038
23812 695.238000 -0.325524022292684289681 0.0166719482727366169472 -0.0540031316348896506252 -0.0267825270351255695367 -0.0443948259705870540426 0.998654993314835537355 2.99349226981929339431
23813 695.247000 -0.325523030093674947683 0.0166747882851043527364 -0.054003932111314323361 -0.0267805161930780646906 -0.0443996195945729546506 0.998654834130536461778 2.99348344581271907927
23814 695.256000 -0.325521986063611268314 0.0166779175394570454427 -0.0540045069652817788519 -0.0267787420230092762519 -0.0444042884355447808886 0.998654674121239094298 2.99347405606641281395
23815 695.264000 -0.325521102044658727781 0.0166807308905670761967 -0.0540047577024816288782 -0.0267773346857604586935 -0.0444080636264269149049 0.99865454399010178399 2.99346585443016177663
23816 695.273000 -0.325520236740917234819 0.0166837146273611861003 -0.0540047170658795178122 -0.0267759750167873809834 -0.0444116058248711087497 0.998654422926147367079 2.9934574030239131659
23817 695.281000 -0.325519630450565422564 0.0166860482841119962816 -0.0540044077968164018544 -0.0267750215566327567918 -0.0444139298077686622834 0.998654345136330223731 2.99345100266395380828
23818 695.290000 -0.325519162508461912253 0.0166881742636664637258 -0.0540038068616319616444 -0.0267743045215691408134 -0.0444154620257572116393 0.998654296215874981435 2.99344540708208528557
23819 695.299000 -0.325518927692686699249 0.0166896764362187907671 -0.0540030251295391464095 -0.0267740142901198921455 -0.0444157852273672978938 0.998654289622504465207 2.99344172062631352915
23820 695.307000 -0.325518901292405071768 0.0166904547118028392938 -0.0540022646977588310913 -0.0267741276461715901891 -0.0444150887974141400649 0.99865431755733369279 2.99344008923239179865
23821 695.316000 -0.325519044343677343978 0.0166907182490088554228 -0.0540014350905625994947 -0.0267746519039654719274 -0.0444133215285629767699 0.998654382099343873591 2.99344001014440541653
23822 695.324000 -0.325519287220529085491 0.0166904593819196186977 -0.0540007988174963093897 -0.026775427755277844688 -0.0444110381183938640604 0.998654462845767421086 2.99344131804492175064
23823 695.333000 -0.325519639548616290803 0.0166897090715853874121 -0.0540002715671756353122 -0.0267765795186018749907 -0.0444078996770063683108 0.998654571528895140808 2.99344403346804632804
23824 695.341000 -0.325519977641809232782 0.0166887374932643238468 -0.0540000152671592931197 -0.0267777833670819545575 -0.0444048166724087464696 0.998654676339241431648 2.99344723801822043541
23825 695.349000 -0.325520298341057279234 0.0166875870978683456258 -0.0539999811080028313537 -0.0267790915367099383038 -0.0444016532102178979047 0.998654781918490663806 2.99345086729322229502
23826 695.357000 -0.325520567048799946974 0.01668636291976541286 -0.0540001710335902829208 -0.0267804443574765384251 -0.0443985778088124699581 0.998654882373571028964 2.9934546157546351175
23827 695.365000 -0.325520764060621858871 0.016685137629217521027 -0.0540005740823963215069 -0.0267817970029105220653 -0.0443957324123784580205 0.99865497259707436406 2.99345841295002479399
23828 695.373000 -0.325520897800766040309 0.016683981914072557734 -0.0540011103499722436294 -0.0267830700823326293969 -0.0443932752967226840202 0.998655047684331331759 2.99346200749762259008
23829 695.381000 -0.325520890580998867314 0.0166829980610634608096 -0.0540018577988823772484 -0.0267842926350047617901 -0.0443911430627669592597 0.998655109677822228065 2.99346482780926947953
23830 695.389000 -0.325520765816819324101 0.0166822940813343874311 -0.0540026548635627115513 -0.0267853148231236258547 -0.0443894217065688434509 0.998655158776232565465 2.9934667061664463894
23831 695.398000 -0.325520495166596979253 0.0166818212012482258721 -0.0540035866822322907499 -0.0267862593717519484326 -0.0443879874549865036104 0.998655197191986476746 2.99346781499214520395
23832 695.407000 -0.325520108222024207034 0.0166816846683207342661 -0.0540044863612448022838 -0.0267869563460578045955 -0.0443870330716222352696 0.998655220917015529203 2.99346791085224284146
23833 695.415000 -0.325519692848941888386 0.016681826413945961135 -0.0540052033455875116208 -0.0267873573261337080686 -0.0443865413915598763794 0.99865523201492178984 2.99346719351015000399
23834 695.424000 -0.325519233070855507073 0.016682159174784175204 -0.054005849497579389018 -0.0267875950563356522716 -0.0443863158542535940487 0.998655235662430196264 2.99346596355013749857
23835 695.432000 -0.325518720072660305842 0.0166827393823688087393 -0.0540063152465502308019 -0.0267874529167197936164 -0.0443861749488914589246 0.998655245737807395479 2.99346398602024388325
23836 695.440000 -0.325518278251089421271 0.0166833499615396223248 -0.0540066016649243529901 -0.0267871621303100299061 -0.044386167630895166647 0.99865525386293663157 2.9934620213808758038
23837 695.448000 -0.325517881995955271623 0.0166839976846408777345 -0.0540067309241614931792 -0.0267866790476610737437 -0.0443861585617212964228 0.998655267223745757299 2.99346002632052421433
23838 695.457000 -0.3255175164891045414 0.0166847025215809789678 -0.0540067009627772931513 -0.0267859401717352348105 -0.044386066632614046279 0.998655291128025646152 2.99345797057948592723
23839 695.466000 -0.325517249003996700374 0.0166853260388059691788 -0.054006515318392150915 -0.0267850666680090991612 -0.0443858425665478242839 0.998655324515544728925 2.99345628118299611486
23840 695.475000 -0.325517296728309202258 0.0166852373400046584406 -0.0540062565270684191709 -0.0267846617789612301275 -0.0443858594955883478672 0.998655334622623791496 2.99345654385665982389
23841 695.484000 -0.325517052537322271188 0.0166861147601687596909 -0.0540058363580203995569 -0.0267831148126271775811 -0.0443847794064865103225 0.998655424116832612924 2.99345475121869153412
23842 695.493000 -0.325517113280992864688 0.016686230832710449018 -0.0540054370651932569292 -0.0267821715084082569158 -0.0443839196753303064091 0.998655487625010662711 2.99345504999555300785
23843 695.502000 -0.325517259701025130081 0.0166861622388731756228 -0.054005055940939628023 -0.0267813344699259214821 -0.0443828700928097508172 0.998655556719299952739 2.99345601949312634105
23844 695.510000 -0.325517440972781513242 0.0166859618448774796318 -0.0540047655541062363027 -0.0267807237810084378116 -0.0443818023161177341307 0.998655620550416789349 2.99345738684852502587
23845 695.519000 -0.325517678696165602137 0.0166856091456554569974 -0.0540045191280654687804 -0.0267802221782463371891 -0.0443804903519706417381 0.998655692306513742551 2.99345936575629867349
23846 695.528000 -0.325517930686175127608 0.016685168899595700237 -0.0540043785241022533672 -0.0267799184285463821864 -0.0443790763459954371029 0.998655763289651554615 2.99346167837288623659
23847 695.535000 -0.325518120659490484137 0.0166847486803655513377 -0.0540043401070162340516 -0.0267798255092781718745 -0.0443779387228226268602 0.99865581633534072914 2.99346369432525349907
23848 695.544000 -0.325518337315222228145 0.0166842084135637586106 -0.0540043932733604362117 -0.0267798813401197259576 -0.0443764491136027575124 0.998655881031838332795 2.99346629610576187019
23849 695.552000 -0.32551848988438358834 0.0166837394724562160242 -0.0540045256885426303017 -0.0267800865191854843561 -0.0443751350556873397357 0.998655933920594374165 2.99346852186372425209
23850 695.561000 -0.32551860763728412973 0.0166832506359826694686 -0.0540047552700861632768 -0.0267804526357525579661 -0.0443736774402552630603 0.998655988870568278593 2.99347083919154721698
23851 695.569000 -0.325518656319501165086 0.0166828738341182683524 -0.0540050164850392130922 -0.0267808741556812592022 -0.0443724167798731569667 0.998656033581418300926 2.99347264239682697706
23852 695.576000 -0.325518654772392557195 0.0166825988696126040201 -0.0540052756747490536604 -0.0267812920476041688156 -0.0443713474499535659445 0.998656069886793562596 2.99347398428951327887
23853 695.585000 -0.325518600916684441859 0.0166823210927775425483 -0.054005628604264166448 -0.0267818431222774204492 -0.0443700093516711802089 0.998656114560515839607 2.99347538998759876705
23854 695.593000 -0.325518505114463563288 0.016682151107541919044 -0.0540059466390935133395 -0.0267823289843523160147 -0.0443688662766441033192 0.998656152316451439788 2.99347631460678398341
23855 695.601000 -0.325518375637126156086 0.016682045469099043844 -0.0540062524867414503471 -0.0267827704008957619142 -0.0443677533494412912329 0.998656189923426973465 2.99347697412399771366
23856 695.609000 -0.325518221754050596228 0.0166819948697312647745 -0.0540065346625624304044 -0.0267831471621983417675 -0.0443666703043662027928 0.998656227935415086172 2.99347740801514294873
23857 695.616000 -0.325518074290117698233 0.0166819889801021678521 -0.0540067552181922871934 -0.0267834144324468996501 -0.0443657502524363797636 0.9986562616415511906 2.99347762404941963865
23858 695.625000 -0.3255178832702389502 0.016682006604959428997 -0.0540069964998982909865 -0.0267836403288273239287 -0.0443645730076416763832 0.998656307882038740686 2.99347782775739279515
23859 695.633000 -0.325517719744373046353 0.0166820388924034911093 -0.0540071677195600730048 -0.0267837392041460620185 -0.044363550598593474994 0.998656350649476554082 2.99347794558765345485
23860 695.641000 -0.325517725280299929924 0.016681918780400879776 -0.0540071727167389450952 -0.0267837373162802504234 -0.0443635795220672923822 0.998656349415233846045 2.99347833309906397048
23861 695.648000 -0.325517579319624994483 0.0166819638152568908152 -0.0540072862178689883095 -0.0267837120682355225854 -0.0443625586663819390654 0.99865639544160411667 2.99347842335932146085
23862 695.657000 -0.325517349617607698598 0.016682075691331062911 -0.054007453544057129613 -0.0267834734245974565026 -0.0443605493605442810501 0.998656491097787202271 2.99347866141997887013
23863 695.665000 -0.325517283085755559924 0.0166820327481291413863 -0.0540074878091530430346 -0.0267832342099709012906 -0.0443595636885490626766 0.998656541296663924356 2.99347917548565511936
23864 695.673000 -0.325517247678056620419 0.0166819520759412913413 -0.0540075021422107628966 -0.0267829469999122660173 -0.04435858344860819924 0.998656592540415055659 2.99347987235847057264
23865 695.681000 -0.325517241972565207764 0.0166818322119158465866 -0.0540075035382500470704 -0.026782630632371830226 -0.0443576075134599207006 0.998656644373876800636 2.99348075803479618529
23866 695.689000 -0.325517262818728947416 0.0166816745841464331157 -0.0540074987605955944558 -0.0267823038880693614638 -0.0443566345584190252493 0.998656696352203887557 2.99348182511839144837
23867 695.696000 -0.325517298240999231052 0.0166815117686303047984 -0.0540074938330780685014 -0.0267820286107063043612 -0.0443557932344131947144 0.99865674110278823683 2.99348287134233936868
23868 695.704000 -0.32551735593176567285 0.0166812954322097702076 -0.054007493403071885063 -0.0267817282467808642776 -0.0443548210703557724277 0.998656792336552467937 2.99348421954478549623
23869 695.712000 -0.325517424956612955178 0.0166810573389583535753 -0.0540075020247196488365 -0.026781461932518620811 -0.0443538460819113272704 0.998656842781592835046 2.99348567113649410842
23870 695.720000 -0.325517499226054718431 0.0166808052936101569586 -0.0540075229638527151699 -0.0267812395325087090892 -0.0443528656605927870671 0.998656892289236486349 2.99348718783510525654
23871 695.728000 -0.325517572906815100264 0.0166805472224865296293 -0.0540075583625776178831 -0.0267810674212749892653 -0.0443518771331970138028 0.998656940807271853444 2.9934887304676660591
23872 695.734000 -0.325517625510389263521 0.0166803530521735764169 -0.054007594839402872644 -0.0267809716123041524627 -0.0443511271937221326911 0.99865697668225772432 2.99348988531383852774
23873 695.738000 -0.325517659069410492112 0.0166802225508592485981 -0.0540076242370785830627 -0.026780917021458620908 -0.0443506132611447972947 0.998657000970228025949 2.99349066758194881643
23874 695.743000 -0.325517693703043009545 0.0166800684218337685882 -0.0540076668538298082511 -0.0267808814270064539376 -0.0443499840585459478848 0.998657029867611512053 2.99349159017646382352
23875 695.748000 -0.325517723507432077401 0.0166799191279603381544 -0.0540077154424343786054 -0.0267808626274738531547 -0.04434934604990817264 0.998657058705276545751 2.99349248912137122502
23876 695.754000 -0.325517753286584832217 0.0166797657826513179291 -0.054007772586256178049 -0.0267808515409912045735 -0.0443485666102550468715 0.998657093616399982317 2.99349346541893490681
23877 695.758000 -0.325517751955401613007 0.0166796708171426145972 -0.0540078109288865820803 -0.0267809028154178639658 -0.0443485929855111093989 0.998657091070101254893 2.99349377629183743821
23878 695.764000 -0.32551778030295319688 0.0166794830756485795709 -0.0540079053381387619304 -0.0267809130715681471824 -0.0443472637786953352568 0.998657149821897682784 2.99349513785236354124
23879 695.769000 -0.325517784382571506718 0.0166793642734176655873 -0.054007973426328459432 -0.0267809611711285061597 -0.044346608196971011584 0.998657177644147853179 2.99349586459121086435
23880 695.774000 -0.325517781421042706747 0.0166792522395105349831 -0.0540080462181794368481 -0.0267810171235756469543 -0.0443459419722044001499 0.998657205727983776633 2.9934965660165038237
23881 695.779000 -0.325517776287236604293 0.0166791414036769197748 -0.0540081212372904365115 -0.0267810683120307466143 -0.0443452560097034806375 0.998657234815579886167 2.99349726057067933027
23882 695.784000 -0.325517761958939444433 0.0166790434293759178008 -0.0540081996229277855326 -0.026781135750568112186 -0.0443445791362889404907 0.998657263063327027552 2.99349788641771308306
23883 695.790000 -0.325517735738946267787 0.0166789386224359056921 -0.0540082959655766720042 -0.0267812294188312580157 -0.0443437753385144475815 0.998657296243082082121 2.99349856527664615058
23884 695.796000 -0.325517706924913552413 0.0166788357037136042438 -0.0540083934868240966853 -0.0267813115206222036868 -0.0443429533132223274716 0.99865733054171135219 2.99349923362237690938
23885 695.804000 -0.325517659384353508223 0.016678710232245669981 -0.0540085251930430762513 -0.0267814174333304393094 -0.0443418562524576509443 0.99865737641312601891 2.99350006598089812826
23886 695.812000 -0.325517606308387330571 0.0166785921897402919511 -0.0540086556671703771348 -0.0267815090459487953334 -0.0443407599083469744494 0.998657422634995461941 2.99350085876551341713
23887 695.820000 -0.325517550755864248924 0.0166784776168499848659 -0.0540087834020812201929 -0.0267815809806558891015 -0.0443396678155998646975 0.998657469194607738672 2.99350163334624719269
23888 695.828000 -0.325517495793009148386 0.016678362656450829854 -0.0540089068409444067465 -0.0267816289867946928649 -0.0443385833712785157323 0.998657516055149852008 2.99350241079789736176
23889 695.836000 -0.325517444185702164994 0.0166782438337949139029 -0.0540090247566563097514 -0.0267816506247745139691 -0.0443375094760443191899 0.998657563153293459379 2.99350321027063426271
23890 695.844000 -0.325517398234100752141 0.0166781182783123649305 -0.0540091362819337325596 -0.0267816452130075176308 -0.0443364482995811173827 0.998657610411027185648 2.99350404772477585169
23891 695.852000 -0.325517359669267702937 0.0166779838671798560923 -0.054009240919513493151 -0.0267816136888191086429 -0.044335401133445105637 0.998657657745916194081 2.99350493506607850946
23892 695.860000 -0.325517329598182247885 0.0166778392966537361564 -0.0540093385363873967897 -0.0267815583950340371788 -0.0443343683271625182973 0.998657705079655788616 2.99350587967829939728
23893 695.865000 -0.325517314752559350222 0.0166777443217709375745 -0.0540093959198730891313 -0.0267815143896097986043 -0.0443337321525706651304 0.998657734501877891731 2.99350649887975261976
23894 695.871000 -0.325517303189232665162 0.0166776227798048175266 -0.0540094613504755322042 -0.0267814496291257711502 -0.044332971007441809852 0.998657770028059110778 2.9935072780394444969
23895 695.875000 -0.325517299471377918874 0.0166775356605869187754 -0.0540095032174196798547 -0.0267813944775513249064 -0.0443324570792892475035 0.998657794321533787141 2.99350783832069433643
23896 695.882000 -0.325517292909439703852 0.0166773858453849385675 -0.0540095740252063555298 -0.0267813108470103498904 -0.044331587866344196458 0.998657835150039807637 2.99350879985932261107
23897 695.889000 -0.325517292621153586651 0.016677230944808125318 -0.0540096398253781181942 -0.0267812219130565340452 -0.044330729649869102249 0.998657875631867142374 2.9935097823293750352
23898 695.894000 -0.325517299313484997914 0.0166771094867257801964 -0.0540096848281935090763 -0.0267811423973796404463 -0.0443300999373137105675 0.99865790571718748847 2.99351054752529899261
23899 695.899000 -0.325517301165415107178 0.0166770167483013612153 -0.0540097031893801565738 -0.0267811633390940030675 -0.0443301196629855634446 0.998657904279974140138 2.99351084664024424953
23900 695.903000 -0.325517308241121516854 0.0166768996766372620821 -0.054009764475142219009 -0.0267810279645738710808 -0.0443290049445532324812 0.998657957391712147732 2.99351187295480913875
23901 695.908000 -0.32551731611341300221 0.0166767793002782493961 -0.0540098079508596201626 -0.0267809620061902238508 -0.044328390185442503868 0.998657986448609147345 2.99351263251268218113
23902 695.915000 -0.325517331094224260379 0.0166766050668237519883 -0.0540098674253101720955 -0.0267808648622367140302 -0.0443275185034501459369 0.998658027745512488771 2.99351373034807544116
23903 695.921000 -0.325517343101724643262 0.0166764584489983783144 -0.0540099183858986225948 -0.0267807943574804689646 -0.0443267789659981467643 0.998658062461862838788 2.99351465011149331374
23904 695.928000 -0.32551735424849698175 0.0166762913726674760762 -0.0540099805222321177611 -0.0267807259416252343986 -0.0443259142119810517491 0.998658102679446435523 2.99351570381885245808
23905 695.935000 -0.325517362616460803615 0.0166762586999049805536 -0.0540100141274837131089 -0.0267806338072067787182 -0.0443250208164288617141 0.998658144803569736148 2.99351630805555490866
23906 695.942000 -0.325517374252434654736 0.0166760909488485320473 -0.05401007772587802791 -0.0267805710172746326558 -0.0443241331112166209172 0.99865818588740740136 2.99351736514491761909
23907 695.949000 -0.325517381146668949299 0.0166758015271691942272 -0.0540101749463724883915 -0.0267805680342030408281 -0.0443232798848712666873 0.998658223836369707271 2.99351878863281362086
23908 695.956000 -0.32551738329747964551 0.0166756487576393275241 -0.0540102444637310663555 -0.0267805408579909511035 -0.0443223977347353761957 0.998658263717072225418 2.99351974900135475721
23909 695.963000 -0.325517384777170459831 0.0166754931690741292627 -0.0540103176900527393034 -0.0267805114186805276466 -0.0443214915446954599298 0.998658304724597711832 2.99352072936031721184
23910 695.970000 -0.325517379695803410478 0.016675348870036594412 -0.0540103938529054306006 -0.0267805013793950622003 -0.0443205965087649228495 0.998658344716037205124 2.99352163916140900923
23911 695.977000 -0.325517374453945074197 0.0166752013139916770157 -0.0540104724946735281765 -0.0267804837994584828131 -0.0443196792820834198356 0.998658385893695155211 2.99352257452709258345
23912 695.984000 -0.325517362192776993357 0.0166750630021760062882 -0.0540105549795011075087 -0.026780484910575018398 -0.0443187740347821892972 0.998658426037655977403 2.99352345661613172823
23913 695.991000 -0.325517347819772040474 0.0166749286990261966213 -0.0540106383605976764217 -0.0267804896658723340375 -0.0443178717039740197037 0.998658465953644380875 2.99352430796998092433
23914 695.998000 -0.325517334085918264019 0.0166747893693808338367 -0.0540107242493581829468 -0.0267804845269774063898 -0.0443169507929511777289 0.998658506958667757658 2.99352519320314591766
23915 696.005000 -0.325517316030900394352 0.0166746581287337200528 -0.0540108109843779327086 -0.0267804902798155115839 -0.0443160475616357213413 0.998658546886215470195 2.99352602737129425137
23916 696.012000 -0.325517298885891204208 0.0166746471240024549121 -0.0540108639814506491517 -0.0267804374735925755646 -0.044315108122441909666 0.998658589990002232284 2.99352650018692667544
23917 696.018000 -0.325517280160323163596 0.016674520946305778496 -0.0540109447030957742775 -0.0267804512639600138246 -0.0443143461908055355525 0.998658623430339287275 2.9935272557736611887
23918 696.025000 -0.325517263305573512078 0.0166743996021915877326 -0.0540110281905120531709 -0.0267804329329453874586 -0.0443134319925052866385 0.998658664488006886373 2.99352808369836553837
23919 696.032000 -0.325517244466020150284 0.0166742666263449412778 -0.0540111155846855067741 -0.0267804276609695801614 -0.0443125402148468947039 0.998658704199789748479 2.993528930344883765
23920 696.038000 -0.325517230678920965747 0.0166741288203418047686 -0.0540111956009039356763 -0.0267804171029649498714 -0.0443117680012497724973 0.99865873874732336013 2.99352975747166727416
23921 696.044000 -0.325517218305235722653 0.0166740081040373869237 -0.054011268753852384461 -0.0267803975248385936481 -0.0443110021156736533232 0.998658773255367893107 2.99353052597917645983
23922 696.049000 -0.325517209240245797286 0.0166738043550492265332 -0.0540113503384618554026 -0.0267804344454539086651 -0.0443105285104524668216 0.998658793279284751065 2.99353142170903518959
23923 696.053000 -0.325517199104279786326 0.0166737217737649157101 -0.0540114055338266063622 -0.0267804105509502829441 -0.0443098935802164542452 0.998658822091725406622 2.9935320080003533505
23924 696.057000 -0.325517193256962156234 0.0166736364670693505696 -0.0540114525142418658299 -0.0267803888645420234971 -0.0443093831729898315896 0.998658845319608245994 2.99353255315619248833
23925 696.064000 -0.325517180100992897795 0.0166736215703211683448 -0.0540115010231918754591 -0.0267803218408605575585 -0.0443084889115265209703 0.998658886793922673242 2.99353304768035366479
23926 696.070000 -0.325517174354476024334 0.0166733647631625778174 -0.0540116017048160104719 -0.0267803259090889783645 -0.0443077548602084370089 0.998658919252940258104 2.99353428157257450692
23927 696.077000 -0.32551716589312229555 0.0166732181915617179435 -0.0540116791677643232061 -0.0267802916995418735513 -0.0443068906314725355355 0.998658958513394590106 2.99353520912704373913
23928 696.084000 -0.325517162163742490577 0.0166730629200813953994 -0.0540117550151805458913 -0.0267802412148315169271 -0.0443060099018776284985 0.998658998941605813293 2.99353619315814656332
23929 696.091000 -0.325517155871768881781 0.0166729138670732787708 -0.0540118298875588570551 -0.026780206329247484287 -0.0443051529953958980745 0.99865903789382370892 2.99353713258680098619
23930 696.098000 -0.325517154509169182042 0.0166727564360378763264 -0.0540119035382534418144 -0.0267801531219376068305 -0.044304273081608766538 0.998659078357311935648 2.99353812619787618132
23931 696.105000 -0.32551714983540991355 0.0166726101551348468433 -0.0540119711967461252344 -0.026780129544611216974 -0.0443035432816273958001 0.998659111365968854557 2.99353898984753330481
23932 696.111000 -0.325517149381381210027 0.0166724709550691019277 -0.0540120392103623087054 -0.0267800715977775279086 -0.0443026603988631584308 0.998659152086837309525 2.99353992481070196874
23933 696.118000 -0.325517145524603201956 0.0166723188827038876214 -0.0540121124167424471185 -0.0267800334396112726942 -0.0443017949074369227214 0.998659191504765897385 2.99354088438879628598
23934 696.124000 -0.325517144314412421036 0.0166721865063533328244 -0.0540121740219485502177 -0.0267799967570346783563 -0.0443010479665173206865 0.998659225623416468842 2.99354171109397171335
23935 696.131000 -0.325517140854591380261 0.0166720366823766702469 -0.0540122462448951734526 -0.0267799615738402024823 -0.0443001831945568635973 0.998659264928249967852 2.99354264736483344223
23936 696.137000 -0.325517138859981181032 0.0166719042161094961607 -0.054012309482624393242 -0.0267799247250253523445 -0.044299425811322144797 0.998659299513357190392 2.99354348039348705512
23937 696.144000 -0.325517133613610509801 0.0166717571587165699909 -0.0540123825476582358762 -0.0267798949071957267942 -0.0442985606615547769516 0.998659338689662501309 2.99354440117211284544
23938 696.151000 -0.325517130701840518014 0.0166716041239134867002 -0.054012456861877201908 -0.026779855099729150264 -0.0442976746178380537122 0.998659379059892216013 2.9935453587749836224
23939 696.158000 -0.325517124286676007294 0.0166714590759360452299 -0.0540125314448114471344 -0.0267798284530418005678 -0.0442968043406660322292 0.998659418377071395057 2.99354626475702279009
23940 696.165000 -0.325517120112366331597 0.0166713082779920834797 -0.0540126068455762664566 -0.0267797901678888984611 -0.0442959142645615658318 0.998659458883773054616 2.9935472101735407513
23941 696.172000 -0.325517111177214379936 0.016671164560569363966 -0.0540126843843911283449 -0.0267797673669961759646 -0.0442950383684711165855 0.998659498345509821782 2.99354811491619576813
23942 696.179000 -0.325517100575862250444 0.0166711516483846501624 -0.0540127295552933206491 -0.0267797073197582717607 -0.0442941450776469514139 0.998659539576781218884 2.99354858850085436828
23943 696.185000 -0.325517093708423799203 0.0166710087886707478133 -0.0540128010262983931922 -0.0267796872599907892498 -0.0442933886103434801274 0.998659573666457300867 2.99354943863288047723
23944 696.193000 -0.325517088131241305593 0.0166707334057660458426 -0.0540129102343685843501 -0.0267796972232133209668 -0.0442925295630141671599 0.998659611500106070281 2.99355076477145365388
23945 696.200000 -0.325517076608716038333 0.0166705933380955212408 -0.0540129898055272672508 -0.0267796780029777442556 -0.0442916541743512692797 0.998659650840343249278 2.99355165195444739012
23946 696.206000 -0.325517065334077537742 0.0166704718897285990298 -0.0540130641929916499588 -0.026779654248698898239 -0.04429078369162827572 0.998659690083815054784 2.99355247178696437516
23947 696.213000 -0.325517057259994246898 0.0166703300862313212594 -0.054013136945297385294 -0.026779635737286533459 -0.0442900306671420579407 0.998659723976731750206 2.99355331826673376483
23948 696.219000 -0.325517044636020991266 0.0166703190198761001806 -0.054013183242041268306 -0.0267795775822412922273 -0.0442891441408600830543 0.99865976485276852781 2.99355378462138510542
23949 696.226000 -0.325517036252811919894 0.0166701891753452888234 -0.0540132580713359872204 -0.0267795417937638224881 -0.0442882616531296222084 0.99865980494914297072 2.99355465706558954153
23950 696.226000 -0.325517037625537686285 0.0166700609730874617365 -0.0540132904799067309343 -0.0267795817186047488412 -0.0442882843229354256076 0.998659802873184454519 2.99355506890762779193
23951 696.233000 -0.325517026988358604278 0.0166699202045525671223 -0.0540133691220780129405 -0.0267795617689148141016 -0.0442874229874432104315 0.998659841606037490536 2.99355595571220378659
23952 696.239000 -0.325517019556710307526 0.0166697941722536747966 -0.0540134373344099208425 -0.0267795357036976489074 -0.0442866711865844212004 0.998659875644709038589 2.99355675498364970366
23953 696.252000 -0.325517001115188497895 0.0166696548045563303075 -0.0540135507240802614781 -0.026779447925242214068 -0.0442850413020264219166 0.998659950276217456278 2.99355803870943848466
23954 696.259000 -0.325517004115027597244 0.0166693969762447685712 -0.0540136144972726897628 -0.0267795259971933645449 -0.0442850887052596564608 0.998659946080612925812 2.99355886772972068499
23955 696.259000 -0.325516996639398925595 0.0166693765707602650772 -0.0540136594066578518136 -0.0267794542993652455454 -0.0442841985917424574293 0.998659987474473376245 2.99355938586873993046
23956 696.271000 -0.325516988575142829365 0.016669144324329261686 -0.0540137538309399811709 -0.0267794727606919281959 -0.0442834902851213518815 0.99866001838805329438 2.9935605063428396555
23957 696.276000 -0.32551698236040105261 0.0166690353412936517752 -0.0540138156993884774315 -0.0267794382244672911353 -0.044282741430211450262 0.998660052520279339916 2.99356125732244304771
23958 696.276000 -0.325516975950991160893 0.0166690236866779764591 -0.0540138473660447537839 -0.0267793935378812589243 -0.0442821166737847882189 0.998660081421417600289 2.99356160625157219357
23959 696.286000 -0.325516971902502061376 0.0166688251900814141115 -0.0540139248220306150694 -0.0267793998982997182023 -0.0442815185231564059642 0.998660107773595928649 2.99356256771234230385
23960 696.292000 -0.325516966667897089671 0.0166687030069652894482 -0.0540139837138756059853 -0.0267793851005214342265 -0.0442809091886224581724 0.998660135188677133833 2.99356328493593792928
23961 696.298000 -0.325516961998472575956 0.0166685741348779024873 -0.054014048822608788647 -0.0267793575579632278649 -0.0442801705719711446996 0.99866016867746343344 2.99356408698013209957
23962 696.304000 -0.325516957211469781797 0.0166684447992307069319 -0.0540141143424568703768 -0.0267793265678781255978 -0.044279424661216454373 0.998660202581560074719 2.99356490092419402771
23963 696.304000 -0.325516951625643147228 0.0166684266286100599141 -0.0540141521085010234415 -0.0267792639070262988854 -0.0442786649749994098979 0.998660237945132922555 2.99356534889016767664
23964 696.316000 -0.325516944874469194016 0.0166681938515262431655 -0.0540142439266314902668 -0.0267792800024579911999 -0.0442779606748434709229 0.998660268740589773806 2.99356647000296671735
23965 696.322000 -0.325516940427314993567 0.0166680647714664564862 -0.0540143086162520741356 -0.0267792521572640072891 -0.0442772225015619427801 0.998660302215645723223 2.99356726967873143508
23966 696.327000 -0.325516934968869964262 0.0166679549473976174045 -0.0540143696079233431862 -0.0267792166752505098049 -0.0442764746935317976551 0.998660336322101604978 2.99356801846122877464
23967 696.332000 -0.325516930098971257745 0.0166678515801917531691 -0.0540144229785026602775 -0.0267791987723912418284 -0.0442758681124406361374 0.99866036369528476957 2.99356865797918247907
23968 696.339000 -0.325516925613019258989 0.0166677095053167564909 -0.0540144860068959495325 -0.0267791879791955782231 -0.0442752593321833684548 0.998660390974951406307 2.99356943215275039805
23969 696.346000 -0.325516921064131825592 0.0166675573813750213525 -0.0540145616184822957573 -0.0267791494603528829055 -0.0442743899829929482559 0.998660430549750954832 2.99357037982528328968
23970 696.353000 -0.325516912448473361152 0.0166674133584646180783 -0.0540146378908649832384 -0.0267791241805271119925 -0.0442735345367281166173 0.998660469152428675876 2.99357128495883362262
23971 696.359000 -0.325516903979770122479 0.0166672894134376227415 -0.0540147086973601919802 -0.0267790946211584578174 -0.0442726808688358591803 0.998660507790288587415 2.99357211366944797604
23972 696.359000 -0.325516897279466532744 0.0166672732971341816532 -0.0540147466553403954315 -0.0267790353099429841166 -0.0442719241969974988682 0.998660542925254524071 2.99357254369877523459
23973 696.372000 -0.325516893084792091617 0.0166670178381261649414 -0.0540148437475960821463 -0.0267790444327154729398 -0.0442712033224651885233 0.998660574637675102494 2.99357375303781081399
23974 696.378000 -0.32551688431546432767 0.0166668932453832747964 -0.054014914851075117308 -0.0267790149880176679698 -0.0442703502406900928356 0.998660613244478745365 2.99357458208674964695
23975 696.385000 -0.325516878255140362786 0.0166667511146845262471 -0.0540149840820794424623 -0.026778995835458580671 -0.0442696200714957216471 0.998660646125985040911 2.99357541615359457055
23976 696.392000 -0.325516872453291694622 0.0166666020000162673487 -0.0540150603605475954083 -0.0267789593680109773433 -0.0442687532856215898436 0.998660685527223090929 2.99357634808284034378
23977 696.396000 -0.325516862231528925076 0.0166665143540471981376 -0.0540151237678462708969 -0.0267789192795634539701 -0.0442678911529927193724 0.998660724818536849057 2.99357706681383506364
23978 696.401000 -0.325516856242537400146 0.0166664186796035423965 -0.0540151712663722097241 -0.0267789149509829911555 -0.0442674153695886418713 0.998660746024666923226 2.99357761476255301858
23979 696.405000 -0.325516853465297018033 0.016666327111184889298 -0.0540152210591893083835 -0.0267788797642366620255 -0.0442667905155005661499 0.99866077466576674837 2.9935782361619271974
23980 696.410000 -0.325516840010776686842 0.0166662199493105150916 -0.0540153011323347490014 -0.0267788313873133475285 -0.044265691637836779293 0.998660824671396607499 2.99357913297436972755
23981 696.414500 -0.325516837310516948811 0.0166661338102179826248 -0.0540153446829721717304 -0.0267788074481202093002 -0.0442651934980083650029 0.998660847393268213956 2.99357967463851215584
23982 696.419000 -0.325516830634243525822 0.0166660316404932465351 -0.0540153995174819795411 -0.0267787919069932128791 -0.0442645891118045517465 0.998660874598962799986 2.99358031559202908412
23983 696.425000 -0.325516824999578402444 0.0166659244459705715991 -0.05401545987818205663 -0.0267787592536169218038 -0.04426385322024110891 0.998660908091897780992 2.99358103967241850896
23984 696.430000 -0.325516819243324317945 0.01666580368322379338 -0.0540155188995413773623 -0.0267787458041538993514 -0.0442632490499638431292 0.998660935231121094091 2.9935817428512225824
23985 696.434000 -0.325516812925957854663 0.0166657247278510466104 -0.054015562445279163839 -0.0267787388927927909321 -0.0442627749219789284885 0.99866095643091901124 2.99358223536236289775
23986 696.439000 -0.325516806585848361699 0.0166656223083629581594 -0.0540156170966942239531 -0.0267787213454555826642 -0.0442621702324134599915 0.998660983702386984007 2.99358287983722126668
23987 696.443000 -0.32551680369733282383 0.0166655359835271195401 -0.0540156610318168889373 -0.0267787000368099187275 -0.0442616752538047622534 0.998661006211850277303 2.99358341990739074134
23988 696.448000 -0.32551679775789493787 0.0166654330399619160508 -0.0540157155051573176219 -0.0267786815903419406215 -0.0442610705693183975606 0.998661033506535122939 2.99358406736236348777
23989 696.453000 -0.325516792212953320895 0.0166653312782819237881 -0.0540157690253714947715 -0.0267786660568166447194 -0.0442604722088185131845 0.998661060442465609022 2.9935846975002422532
23990 696.458000 -0.325516786583486261719 0.0166652279161968175369 -0.0540158237028539739422 -0.0267786473363235064116 -0.0442598664697816737701 0.998661087790504664596 2.99358534456058178463
23991 696.463000 -0.325516780710284558964 0.0166651248504196165812 -0.0540158778140114106958 -0.0267786292422432792293 -0.0442592638382638750572 0.998661114983657283162 2.99358599186195428743
23992 696.467000 -0.325516778083629387819 0.0166650380571589998291 -0.0540159216342735587491 -0.0267786079055200541832 -0.04425877005079432297 0.998661137439638801894 2.99358653326881807288
23993 696.472000 -0.325516772393643016859 0.016664934660050874371 -0.05401597594029981797 -0.0267785893687588101575 -0.0442581668645624301539 0.998661164668581569082 2.99358718197926965132
23994 696.476000 -0.325516770350882056473 0.016664849156102137101 -0.0540160181292708568845 -0.0267785685255929294113 -0.0442576791686448769991 0.998661186840825165767 2.99358770929324391474
23995 696.481000 -0.325516764604111663584 0.0166647630500367585626 -0.0540160682655644319716 -0.0267785444619161074054 -0.0442570724844192631142 0.99866121437232657776 2.99358830109024331989
23996 696.487000 -0.325516755643520894203 0.0166646441016050743389 -0.0540161332415895756309 -0.0267785310094387392355 -0.044256360127561067408 0.998661246301886018628 2.993589047318586438
23997 696.493000 -0.325516750630817308654 0.0166644996017198954164 -0.0540162023673330521367 -0.0267785116002184249429 -0.0442556379470065153203 0.998661278825999310094 2.99358988818085469674
23998 696.501000 -0.325516742151145344053 0.0166643335251456629897 -0.0540162891695896499322 -0.0267784809089408118443 -0.0442546723559032809114 0.998661322438633924925 2.99359092290543360448
23999 696.508000 -0.325516737096414654484 0.0166641840429524561162 -0.0540163643164422099807 -0.0267784446250538196721 -0.0442538174976666795479 0.99866136129337956806 2.99359185502399505197
24000 696.514000 -0.325516728135494926022 0.0166640643740285712693 -0.0540164292802969986385 -0.0267784311634328558993 -0.0442531074409418245796 0.99866139311893176167 2.99359260180825881292
24001 696.522000 -0.325516719859785474966 0.0166638984456438585258 -0.054016515477974279269 -0.0267783997996540422404 -0.0442521439367134991616 0.99866143665467255186 2.99359363436726422236
24002 696.530000 -0.325516711531921021372 0.0166637327424371227413 -0.0540166016057904083136 -0.0267783683908687127062 -0.0442511811158896872787 0.998661480160405345963 2.99359466536740814746
24003 696.538000 -0.325516703143316821212 0.0166635672939552913208 -0.0540166876689999256311 -0.0267783369638636761789 -0.0442502190211772061801 0.998661523633522008048 2.993595694769831006
24004 696.546000 -0.325516694692573493874 0.0166634021095233841869 -0.0540167736733734582533 -0.0267783055531256135307 -0.0442492577032974759854 0.998661567070852407291 2.99359672263467313513
24005 696.554000 -0.325516689529167679851 0.0166632315060597849254 -0.054016858846820101081 -0.0267782634726311218054 -0.0442482847386822530922 0.998661611309393792979 2.9935977802308118001
24006 696.562000 -0.325516680787873879943 0.0166630670812492817645 -0.0540169449596697437421 -0.026778232352003016048 -0.0442473244643341104276 0.998661654690841782411 2.9935988040518117792
