30407 485.188000 -0.500043664162347356594 -0.00659760174210866773281 -0.102696432262712689099 0.00292786194737931120338 -0.0312521990803386884306 0.999507242433520182168 3.11092158568256316187
30408 485.193000 -0.500040512496264466513 -0.00656222167118101704086 -0.102698376966661814036 0.00291367352261990165269 -0.03125348436503838645 0.99950724370644150607 3.11080994711467306857
30409 485.198000 -0.500034115112278243487 -0.00691367685402209056905 -0.102711443138655308949 0.00291637104709492655033 -0.0318263537017279482533 0.999489158515472930766 3.11186472184023843468
30410 485.205000 -0.500034888319003778534 -0.00690590986490613283066 -0.102681769243371801004 0.00293990454686874139179 -0.0317643744412034675917 0.999491061229471067229 3.11176446312209709077
30411 485.209000 -0.500038016413108188374 -0.00692232614716075354833 -0.102681150496519463244 0.00293956897294755589711 -0.0317746679660006609014 0.999490735029546883972 3.11180612482031593302
30412 485.218000 -0.500057132658102365674 -0.00657277505249624985351 -0.102607933866858708205 0.00298549397407911910191 -0.0312680531340688155906 0.999506576105898214557 3.11079231604119943455
30413 485.223000 -0.500061659778983869096 -0.00657294416969291406955 -0.102585037149077795693 0.00301932218910817276245 -0.0312729360110046150645 0.999506321724265012207 3.11077544360964219905
30414 485.230000 -0.500066144365091336255 -0.00655187956565331242054 -0.10255755247260441021 0.00306167766101722626029 -0.0312975334123494486338 0.999505422962878475879 3.11072397699050062769
30415 485.236000 -0.500067916117189592562 -0.0065347748868803939154 -0.102533454646423716206 0.00310840273547189011386 -0.0312971733058794859828 0.999505290018765202298 3.11063604726270170886
30416 485.244000 -0.500062442016074082396 -0.00682629532107275477371 -0.102532917946779336682 0.0031551016539292731436 -0.0318717594411887031325 0.999486986550438438748 3.11152833261450956215
30417 485.252000 -0.500074754414098543442 -0.00646362224086136690632 -0.102495031132678174335 0.00319430601781103568754 -0.0313592064788817612153 0.999503074821723180854 3.11045512444063154689
30418 485.258000 -0.500082471721602361825 -0.00649134035737190806525 -0.102445771076299138591 0.00326741806743613286482 -0.0313588857862272807342 0.999502848550927858184 3.11047778870722479994
30419 485.264000 -0.500084111815830345549 -0.00646952528731061307643 -0.102437725982962413163 0.00329101004105699333768 -0.0313849906293190566986 0.999501951782039932404 3.11042385241639074422
30420 485.270000 -0.500086044893941483735 -0.00645604800729596660369 -0.1024251955013592702 0.00331951101402155716869 -0.0314059259224243603192 0.999501199931037143109 3.11038612963280458601
30421 485.276000 -0.500087211078729665381 -0.0064425667492281468024 -0.10241588469774785819 0.00334346167492275987004 -0.0314231244671722767525 0.999500579545979594975 3.11034918221400236149
30422 485.284000 -0.500083604705031548043 -0.00638416569582451066261 -0.102431926777621459812 0.00334005816321535564314 -0.0314595498785203292469 0.999499445088844029605 3.11023208327839206788
30423 485.290000 -0.500083137686003764699 -0.00637142799188155327383 -0.102428049269257165355 0.00335128393197726276442 -0.0314761957067636877206 0.999498883441015673057 3.11020534289419536833
30424 485.298000 -0.500080494833041511171 -0.00671423287375238868335 -0.102423623599638344284 0.00340305587091183298423 -0.032026987753173363771 0.999481211062117735899 3.11122033217292459639
30425 485.305000 -0.500087874971718249206 -0.00639082564740807261561 -0.102405601424279860123 0.00339893769987361727206 -0.0315006814583939989682 0.999497951118545113758 3.11025730612543638287
30426 485.312000 -0.500079108688507023572 -0.00633393337623253810387 -0.102436699612492132516 0.00337494899465305610992 -0.0315126082185078620901 0.999497656446752369419 3.11012979229731323372
30427 485.319000 -0.500076874700606355262 -0.00632561143623005476405 -0.102439656404253079391 0.00337732326352441344572 -0.0315122115750746945029 0.999497660932341380757 3.11011253453284508552
30428 485.327000 -0.500081287920474126807 -0.00635725329564259221404 -0.102426722472644490813 0.00338979869983353169355 -0.0315351017468998989779 0.999496896754855979061 3.11021975514003434782
30429 485.334000 -0.500071708702947148595 -0.0063013658520446741429 -0.102461865899647563971 0.00334741152938237323047 -0.0315469174085936804319 0.999496666746852224783 3.11010893231418306115
30430 485.341000 -0.500066392992180697163 -0.00665252155946380405865 -0.102472230960792609622 0.00337047822874514532362 -0.0321007980323043812243 0.999478953576411588422 3.11116157653598879307
30431 485.348000 -0.500075110264452393771 -0.00633644398753234472377 -0.10245051283038442147 0.00335702610222019621686 -0.031556720851271431727 0.9994963250281931888 3.11021993723828371614
30432 485.355000 -0.500069869197464544897 -0.00631958905568426928395 -0.102462751283472625063 0.00333589912738250626151 -0.0315500853984063758806 0.999496605241041002898 3.11017551523645918721
30433 485.362000 -0.500064183199987022377 -0.00627633083280623553513 -0.102488662359703622262 0.00329427669868153282992 -0.03156776382935447961 0.99949618509919613274 3.11010333001570460354
30434 485.368000 -0.500063082976090811371 -0.00627228113923130898427 -0.102492101420196185524 0.00328218393161498669247 -0.0315701296095632841232 0.99949615016020676439 3.11010027955567069924
30435 485.372000 -0.500059294467062875889 -0.0066280324236466835533 -0.102496111611006204822 0.00330888979841328619361 -0.0321195512005512037734 0.99947855688802911267 3.11115149911341370981
30436 485.377000 -0.500061815959017330613 -0.00626675835748423393223 -0.102495621549123644423 0.00326483507299923838424 -0.031574024508335012118 0.999496083948453128976 3.11009622361968052218
30437 485.383000 -0.500061750365641377591 -0.00626549103894131088205 -0.102495263058283714308 0.00326411671159503513281 -0.0315715592900645269925 0.999496164167770539954 3.11008743313577440404
30438 485.388000 -0.500065181538938197114 -0.00630066929962389433301 -0.10247434867652023549 0.003276694518864221254 -0.03156070720211407582 0.999496465743592521491 3.11015601686669684867
30439 485.393000 -0.500057407862075087301 -0.00661577032988514002199 -0.102499293449116082866 0.00327371427764733312696 -0.0321271440238828920322 0.999478428687531672558 3.11113516511365473249
30440 485.400000 -0.500067880570358447301 -0.00630159494578206788584 -0.102469025524191070797 0.00326522789444617543217 -0.0315800158665078128939 0.999495893380592304034 3.11018461843969262759
30441 485.407000 -0.50006082201660906339 -0.00625214021546141758556 -0.102493175534519642689 0.0032331444485289915873 -0.0315802049598991538271 0.999495991703651442961 3.11006066397829883385
30442 485.413000 -0.500060864156743667408 -0.00624874783449869391355 -0.102491483309937264634 0.00322876033855426253921 -0.031582609846142681298 0.999495929887652234669 3.11005134618280365544
30443 485.421000 -0.500068017160232192175 -0.00628954251753563106653 -0.102463212485714647015 0.00325033648517866931293 -0.0315884143305606157615 0.999495676525323339945 3.11015157938666897408
30444 485.428000 -0.500065687786493628941 -0.0062831887327194401241 -0.102456771285596368037 0.00325551119440179500403 -0.0315667176242298008759 0.999496345158547905285 3.11009590897669108145
30445 485.434000 -0.500065182127102159093 -0.0062831960979105377571 -0.102459508499680718163 0.00324297120745307152281 -0.0315777454065591933752 0.999496037577331408741 3.1101025222485825239
30446 485.443000 -0.500065512553789393024 -0.00626604255920342086139 -0.102458817137923499652 0.00325072175828377153001 -0.0315852185781618777227 0.999495776266923541264 3.11005531277147939662
30447 485.450000 -0.500061901879028325446 -0.00622381088992919519892 -0.102478162016209684015 0.0032326929732411327674 -0.0316027166922723048992 0.99949528162658618502 3.10997210338560670095
30448 485.458000 -0.500069221013751730176 -0.00626406264488171826699 -0.102450208015713334353 0.00326485951649826055751 -0.0316113354649167066501 0.999494904520509264145 3.11007371721790359942
30449 485.466000 -0.500062404387757841739 -0.00621528398129418940127 -0.102469527084823652796 0.00325345505222727517103 -0.0316045397196436650411 0.999495156616245106207 3.10994126309696872212
30450 485.473000 -0.500059176768588464768 -0.00656236350129195053493 -0.102474354984443544181 0.00328402299645193457636 -0.0321717072443558280148 0.999476961438302780039 3.11098621025106325533
30451 485.480000 -0.500069934226592849313 -0.00624792623928162489666 -0.102444297355111416103 0.0032895446454676269786 -0.0316300025334171897029 0.999494233017760635995 3.11003713860907904376
30452 485.487000 -0.500062953308567759159 -0.00619595274188542398386 -0.102469421911808522552 0.00326822467358844296476 -0.0316410362078696355548 0.99949395372617200195 3.10992712784646352375
30453 485.493000 -0.500062604357388695853 -0.00618855377031876825733 -0.102467194003193928786 0.0032747313576061360188 -0.0316461208334431268185 0.999493771451693602259 3.10991018938194940802
30454 485.502000 -0.500070554807765410565 -0.00623223631894896136496 -0.102439479612811704112 0.00331535287694150176269 -0.0316504838242335287402 0.999493499383059202934 3.11001338738819121943
30455 485.509000 -0.500063490429106471957 -0.00618014100108687115115 -0.102465032491290991556 0.00329037095340324603487 -0.0316612388135001851519 0.999493241305704827049 3.10990076680129279296
30456 485.517000 -0.500071150266315100907 -0.00622311871048747064505 -0.102436937465303218309 0.00332970188531668152485 -0.0316660834035567065325 0.99949295757760803216 3.11000723596914863123
30457 485.525000 -0.500063959600244523074 -0.00616112317106442923531 -0.10246336206273502778 0.00330159958590875652132 -0.0316840919371860485487 0.999492480090915957902 3.10988042765657768385
30458 485.531000 -0.500067375985373652192 -0.00616779880484739397029 -0.102456638146566955672 0.0033158316579148597314 -0.0316964339445623410896 0.999492041656968144281 3.10991173260381170707
30459 485.540000 -0.500064658663039729447 -0.00616263639847272615135 -0.102458111966715809116 0.00331701032901051155385 -0.0316838593496698156526 0.999492436439209597232 3.10987749622410314387
30460 485.547000 -0.500057786773684065373 -0.00650476851413524497642 -0.102465975182180077385 0.00333397944981313415838 -0.0322303106332900365927 0.999474907967933923203 3.11089360039674822644
30461 485.554000 -0.500068739883648527567 -0.00619285783581297998718 -0.10243470786460738553 0.00334050663968284925615 -0.0316827690351146259995 0.999492392748267843849 3.10994523034378245185
30462 485.562000 -0.500061356674218249196 -0.00650618712941084323398 -0.102458872638534731481 0.00334350067318679331982 -0.0322523290844905219377 0.999474165885179011148 3.11092536404168251707
30463 485.569000 -0.500068685991663208767 -0.00618511721898784647827 -0.102433570372581550512 0.00333692185482549908554 -0.0316929919244358787589 0.999492080616656175529 3.1099394309820702631
30464 485.577000 -0.500064393505568305365 -0.00613824805556940390761 -0.102456091733231405283 0.0033084350304386032221 -0.0317147913226319133617 0.999491483840163064123 3.10985499907112750151
30465 485.584000 -0.500057348990663341759 -0.0064835124083498056613 -0.102462990808910928142 0.00332330908921979473192 -0.0322547782167014879251 0.999474154192537822539 3.11086591573965565161
30466 485.592000 -0.500064002294843379381 -0.00613355966265723834274 -0.102454391353650697827 0.00330284392121062055775 -0.0317177308176822617125 0.999491409054529711398 3.1098392389640077127
30467 485.599000 -0.500056776053321105913 -0.00647610880915778890088 -0.102463639170657760946 0.00331452091519874930334 -0.0322619713807956454144 0.999473951213200595411 3.11085235010763083707
30468 485.605000 -0.500056901709906576059 -0.0064767196793465344612 -0.102462591874648983881 0.00331833831888640696725 -0.0322593535740621911723 0.999474023043012804735 3.11084529900163531124
30469 485.613000 -0.500063051646581047116 -0.00612355505761846136137 -0.102456278274108081305 0.00329065365823941798767 -0.0317283103606326444268 0.999491113477333881221 3.10982330763647629723
30470 485.622000 -0.500067806893073396601 -0.00616945866505398850255 -0.102428895747823878182 0.00331571060556896729174 -0.0317167164312616434163 0.999491398643329476137 3.10991268421780864273
30471 485.629000 -0.500062028741880992833 -0.00611484808788013891462 -0.102457428311073420191 0.00328319900470769527115 -0.0317318900707987336385 0.999491024350309120727 3.10980040425643400326
30472 485.634000 -0.500065741070513158917 -0.00614953648537104775873 -0.102436766624328129405 0.00330308768757589304652 -0.0317250965149023164691 0.999491174479719024504 3.10986765924223851343
30473 485.641000 -0.500061074250378378991 -0.00610628836767934668472 -0.102460370097564659742 0.00327091212960749222471 -0.0317460069010551820812 0.999490616353989946852 3.10979434636528484504
30474 485.649000 -0.500068226621866784853 -0.006150362734498409506 -0.102434174075721598496 0.00330301594765864629105 -0.0317476004547518481091 0.999490460160083249441 3.10989799233482067109
30475 485.657000 -0.500054089166730886262 -0.00644752354696285449182 -0.102469165523987826294 0.00329360224516189823568 -0.0322905806247849938573 0.999473096479922662461 3.11079886011180839489
30476 485.665000 -0.500067457039285345743 -0.00613788902129229485549 -0.102436190516385500215 0.00330061815353104070006 -0.0317614169200561013984 0.999490029122369505465 3.10988240728488163356
30477 485.672000 -0.500060171859797453209 -0.00609065992846415452111 -0.102461348585620684593 0.00327157556511861085172 -0.0317631455225650741192 0.999490069675449288589 3.1097673652786350651
30478 485.680000 -0.500067573718220637069 -0.0061346831947011321029 -0.102434117379713501839 0.00330665278130373892218 -0.0317649953431241860446 0.999489895455794585821 3.10987078897821955792
30479 485.687000 -0.500060205606404295509 -0.00608400226291565780767 -0.102460524819394924179 0.00327626668529772168206 -0.0317723566121926315198 0.999489761544316346331 3.10975929225255143251
30480 485.695000 -0.500067750856701076501 -0.00612824243674544612281 -0.1024328434654459552 0.00331221749138485956412 -0.0317748281616769406854 0.999489564483084347302 3.10986603770383185363
30481 485.701000 -0.500064073139834697201 -0.00611304051666852494434 -0.102435083209499303014 0.00331456263953009908074 -0.0317561917367988749694 0.999490149006424410949 3.10980273142747210002
30482 485.710000 -0.500053971664418339671 -0.00642069985254299126221 -0.102464217219646408497 0.00330931068907228034121 -0.0323199205579116077836 0.999472096257766118299 3.11075568497573984317
30483 485.716000 -0.500057730577834536057 -0.00642702486767836832227 -0.102457786244155441002 0.00332268023624603071539 -0.0323372469948132457152 0.999471491465786510133 3.1107897592145268284
30484 485.723000 -0.500054317561070771347 -0.0064161469244233054407 -0.102462475159028398863 0.00331424439429552119066 -0.0323309204583696815916 0.999471724145515438842 3.11075418652171631351
30485 485.730000 -0.50006449087031157319 -0.00607432259076295423539 -0.102448334070280949737 0.00330369239987914845719 -0.0318103380365158672216 0.999488463170300711624 3.109774568859081878
30486 485.739000 -0.500061365077268615842 -0.00605970810608688886106 -0.102451777690000814247 0.00329595971559990983876 -0.0318068118425342064026 0.999488600920474201672 3.10973315636169012066
30487 485.746000 -0.500061489847909323991 -0.00605975672091141944614 -0.102446836936338075974 0.00330057462236644583511 -0.0318079730111907738044 0.999488548738844517771 3.10973326718779352618
30488 485.754000 -0.500065878152041065619 -0.00609154913216048907176 -0.102425761889507790925 0.00332924205680329866192 -0.0317982012266518412891 0.999488764592217249216 3.10978537877139205037
30489 485.760000 -0.500065423924473617667 -0.00608833785083191542792 -0.102426700948943252834 0.00332156286471512515041 -0.0318053857620997290634 0.999488561543682707544 3.10978851882646223359
30490 485.769000 -0.50006605084930877414 -0.0060846170815262454537 -0.102424024971040125709 0.00333062110202136897261 -0.0318075458822610901422 0.999488462658785659087 3.10977558961022371165
30491 485.775000 -0.500065583959825366023 -0.006081352496919881917 -0.102424974044528674377 0.00332261748185584031637 -0.0318151257868713108201 0.999488248047086580428 3.10978046523587892125
30492 485.784000 -0.50006605141564119954 -0.00607820300614275981638 -0.102423009826865862859 0.00333063698203432982312 -0.0318164571276209756645 0.999488178976189911573 3.10976894170549300611
30493 485.791000 -0.500065640185727411371 -0.00607148281713704336682 -0.102424408044034409571 0.00332666279963922742469 -0.0318238481380600513049 0.999487956908087449293 3.10976004359952185041
30494 485.799000 -0.500054949470792764465 -0.00637778466447424217944 -0.102452266234415514945 0.00332264279407436854269 -0.0323779052975295064676 0.999470175289591700185 3.11069703470319591787
30495 485.806000 -0.500065558290555212118 -0.00606671070718936035482 -0.102422030295387198051 0.00332813031141258137621 -0.0318281399234487324956 0.999487815362270048958 3.10974492177961625572
30496 485.813000 -0.500061052193336741389 -0.00602370281053371450092 -0.102445008787233893255 0.00329696465903340195369 -0.0318494907752270711709 0.999487238518529497178 3.10967344268815804043
30497 485.821000 -0.500068312259175251633 -0.00606802892213182971243 -0.102418360253914930702 0.00332922834539562490994 -0.0318511504422116231705 0.999487078682927188034 3.10977865861930080627
30498 485.828000 -0.500060698495978228628 -0.0060176048143173316296 -0.102445592817681119246 0.00329522432039139638246 -0.0318577948398680033115 0.99948697960734800283 3.10966700087557201826
30499 485.835000 -0.50006014207127180704 -0.00600992788501543331176 -0.102447473500525285117 0.00329143572564557758756 -0.0318622825361120978749 0.999486849039272318151 3.10965202975765331317
30500 485.842000 -0.500060292401544037588 -0.00600896781284884513169 -0.102445804121167521883 0.00329969170081581813364 -0.031859329577131001443 0.999486915949166054851 3.10963754249412716035
30501 485.849000 -0.500064004134628370402 -0.00604590964142042580631 -0.102423742033634607163 0.00331568283751326828984 -0.0318549204174710526294 0.999487003563586884347 3.10971897793745322147
30502 485.858000 -0.500064213724858874777 -0.00604331492561175145917 -0.102423006250404666218 0.00332306526798766856123 -0.0318557654476896504048 0.999486952113416315946 3.10970813596880502061
30503 485.865000 -0.500059745596618809849 -0.00600058537419776143879 -0.10244592996191442813 0.00329275439032836268055 -0.0318771573518706538564 0.999486370396159617968 3.10963861126008778157
30504 485.871000 -0.500063208552516957894 -0.00600895018051940052461 -0.102440168793967237293 0.00330408413163324867282 -0.0318902294457788365589 0.999485916005796615202 3.10967573673428221426
30505 485.879000 -0.500059576293633956112 -0.00598671637008264551777 -0.102445142439882758145 0.00329981433097315023442 -0.031883327419643128775 0.999486150308263598951 3.10960296453418560958
30506 485.887000 -0.500059379245097357369 -0.00598990773113489919505 -0.102444785429186058234 0.00329354450894194048655 -0.0318882404953968051631 0.999486014250662413438 3.10961898470362374525
30507 485.895000 -0.500063717513147598659 -0.00602692710384268841989 -0.102421545913111255999 0.00332457129676022155457 -0.0318754951865922106502 0.999486318081594382612 3.10968360404855381773
30508 485.902000 -0.500059364994648314351 -0.00598423869027336560733 -0.10244395990510216099 0.00329507538237361645092 -0.0318969725442124416026 0.999485730573847819258 3.10961410587392528271
30509 485.907000 -0.500059354162912250708 -0.00598331715378630588781 -0.102443634245392004023 0.00329580317074257625465 -0.0318993918115959979032 0.999485650964289873421 3.10961507615127885629
30510 485.912000 -0.500056545533931973146 -0.00633813498868869562575 -0.102445093923144825432 0.00333130666451150270549 -0.0324491412705690263074 0.999467836214207205892 3.11066243678251508342
30511 485.916000 -0.500055175847392341382 -0.00632982768528816269749 -0.102440714992688294838 0.00333690021109419015372 -0.0324270485211069006692 0.999468534582850676173 3.11061606547546576351
30512 485.920000 -0.500062913231891226218 -0.00601189143745329765411 -0.102422981611911489974 0.00331655771565459236982 -0.0318943946664361765997 0.999485741786134807008 3.10967282294279501187
30513 485.924000 -0.500062824771789093958 -0.00598362382682246594229 -0.102435594485268788301 0.00330913473217457837841 -0.0319184773333280602525 0.999484997602288260943 3.10963468547457200231
30514 485.928000 -0.500053401889367199473 -0.00632234062901228417719 -0.102447159999009010378 0.00333036674962948172143 -0.0324425734087327027888 0.999468052559926434242 3.11060434799145602014
30515 485.932000 -0.500063295646570149522 -0.00600880394462384968823 -0.102419160347352516949 0.00332126066917861305361 -0.0319006401173077477895 0.999485526852527006447 3.10966595965577674576
30516 485.937000 -0.500056545597353241384 -0.00632651859962366207996 -0.102442139575630919435 0.00333432134652973492794 -0.0324622721723372351099 0.999467399761776564837 3.11064190659507922021
30517 485.943000 -0.500053098925897221427 -0.00631497664657229302448 -0.102447088590406437669 0.00332422061988239033598 -0.0324549075389673688519 0.999467672580713228925 3.11060338244446477063
30518 485.949000 -0.500056637567791617549 -0.0063220901786566856273 -0.10244105591071685224 0.00333597380787374999181 -0.0324691548829289661215 0.99946717067642687482 3.11063827938054782152
30519 485.954000 -0.500059516238800072507 -0.00596277281372601178355 -0.102438804778026623654 0.00330172080908845743188 -0.0319256517158235664233 0.999484792981973679815 3.10958675039029275311
30520 485.958000 -0.500059926256260389721 -0.00595318231514744243549 -0.102437874846305468357 0.00330944362632711605934 -0.0319315251065505623096 0.999484579814643003814 3.10956382224341254528
30521 485.963000 -0.500063574228327034632 -0.00599568177654962244927 -0.102416875108355912016 0.00332951791825140041778 -0.0319164591643611855742 0.999484994357014655542 3.10964583674903360944
30522 485.966000 -0.500063215457054122126 -0.00599321648526819367869 -0.102415605855567845572 0.00332515425657477171548 -0.0319174149001814830284 0.99948497836398697558 3.10964161084947710023
30523 485.970000 -0.500059403568538618501 -0.00595479157511536946745 -0.102436914056518765803 0.00330286674843972925114 -0.0319340472761988139472 0.999484520988596192304 3.10957093709179366314
30524 485.974000 -0.500056565320172508038 -0.00631058613305517622505 -0.102438364623433475487 0.00333821221837357975937 -0.0324818800362001100512 0.999466749726322212233 3.11061728475547694117
30525 485.977000 -0.500053488261037903939 -0.00630187671989435472392 -0.102442271981795271496 0.00333557288601021937474 -0.0324691410171601621548 0.999467172464973963031 3.11057465390065068789
30526 485.983000 -0.500053065786401518267 -0.00629790886494985095723 -0.102443343109887369247 0.00332786562921923243646 -0.0324763696333808873917 0.999466963298832555829 3.11057715682737567775
30527 485.987000 -0.500063745494436551198 -0.00598828578447987893568 -0.102412977608110494776 0.00333450216200007528572 -0.0319256687029936120359 0.999484683611108759571 3.10962943184835083343
30528 485.992000 -0.500056538321374755007 -0.00630390955256860015254 -0.102437398624386041823 0.00333936313564681380023 -0.0324922507391950665667 0.999466408788084015313 3.11061068602544876782
30529 485.999000 -0.500063702350707850464 -0.00598385219770591631622 -0.102412463511827533935 0.00333517702676541794027 -0.0319322282600036019828 0.999484471811618924164 3.10962552623529608908
30530 486.005000 -0.500056302086057224976 -0.00629947111340706852184 -0.102436613530691306151 0.00333856077835864789929 -0.0325037323422804613759 0.999466038140241486154 3.1106109800192127679
30531 486.009000 -0.500063364416475586438 -0.00597774759329184560835 -0.102411532032935931325 0.00333531325242852937432 -0.0319343181573020565289 0.999484404585352370631 3.10960911461804645484
30532 486.015000 -0.500063414726558796986 -0.00597578198757858693874 -0.102411270183387276278 0.00333529954784094395323 -0.0319401871255084665591 0.999484217095654603469 3.1096077455365769282
30533 486.021000 -0.500063347958322412801 -0.00597356674358477234693 -0.102411071563108108107 0.00333535571154409396163 -0.0319433663757751201695 0.999484115304920872624 3.10960471358429124678
30534 486.028000 -0.500058919474202889788 -0.00593091489378952743672 -0.102433728893528600001 0.00330519429198392489938 -0.0319645897563332892499 0.999483536979174802539 3.10953437932365961416
30535 486.035000 -0.500052552567275876427 -0.00627659593448410321054 -0.102440889563720410882 0.00332940164621110378657 -0.0325039634916423278432 0.999466061175672049188 3.11054607326032828141
30536 486.041000 -0.500055989529919364678 -0.00628378806902477049512 -0.102435283861024351015 0.00334043956419263115068 -0.0325180121573546629388 0.999465567365305562753 3.11058093783467759508
30537 486.048000 -0.500054529506198219835 -0.00627450245157464003842 -0.102431099470833841814 0.00334559455505598372579 -0.032497398424989165644 0.999466220586108899937 3.11053372814510797895
30538 486.054000 -0.500055506389211035234 -0.00627655833783633161638 -0.102435559848343835099 0.00333922034132227724817 -0.0325248702984069631983 0.99946534828356303759 3.11056699366194999712
30539 486.060000 -0.500055644314541414275 -0.00627483403076129972464 -0.102434241025739308784 0.00334028360533184312531 -0.0325274987642448845659 0.999465259190922439281 3.11056363723044349001
30540 486.067000 -0.500065818431479569561 -0.00596239577015418055483 -0.102405248660905140445 0.00333865226108003270572 -0.0319816632656209492991 0.999482879601168439088 3.10961833229019291025
30541 486.073000 -0.500062693333613417224 -0.00595264959671524401807 -0.102409123732186913003 0.00333609330570152576995 -0.0319701217099363013685 0.99948325738819021602 3.10957462048515953512
30542 486.078000 -0.500055500384648632384 -0.00626836470461053247433 -0.10243358010055535201 0.003340890573638180365 -0.0325366034860240030402 0.999464960808415847637 3.11055598317435855193
30543 486.084000 -0.500055467905850092869 -0.00626631723342283009082 -0.102433373228442842207 0.00334118590997544090762 -0.032539802586200212986 0.999464855672457352931 3.11055460713222720059
30544 486.091000 -0.500054037984137167427 -0.00625710015220159489202 -0.102429056091595832578 0.00334656898931746113815 -0.0325191351561132518944 0.999465510322741557125 3.11050754636116044693
30545 486.098000 -0.500062285484287105675 -0.00594152548377341500896 -0.102407606537097364829 0.00333708749648059955356 -0.0319798156923664506079 0.999482943944179136331 3.10955504382632286209
30546 486.105000 -0.500057985993832332383 -0.0058992821067725279352 -0.10242997034502546172 0.00330701548063902332764 -0.0320032375532723761813 0.999482294207716281953 3.10948580267753715844
30547 486.112000 -0.500055175758107095518 -0.0062543752376916766228 -0.102431398629387243604 0.00334226615538939448094 -0.0325534488106089120452 0.999464407684176436852 3.1105337318303036831
30548 486.118000 -0.50005516339385136515 -0.00625232574382262283608 -0.1024310864072787014 0.00334270010001527003579 -0.032556636906587950453 0.999464302388721526071 3.11053201168535364829
30549 486.126000 -0.500057924848189450096 -0.00589215014199977703269 -0.10242891845491967906 0.00330837093403147210549 -0.032014533312652936059 0.99948192796995372067 3.10948007148370031416
30550 486.132000 -0.5000579157870648217 -0.00589016214130682475014 -0.102428615745884660226 0.00330881022233282503023 -0.0320176864265063962356 0.999481825513003685479 3.10947875502267079284
30551 486.139000 -0.500057854089613340598 -0.0058908524586763263281 -0.102424471042539308452 0.00331213652393694052076 -0.0320178612002606083342 0.999481808896894086125 3.10947944007051590987
30552 486.144000 -0.500061992027661772475 -0.00592368229607208307552 -0.102404547587544525467 0.00333973524218633601585 -0.0320029373185659465895 0.999482195024751884915 3.10953003510279391008
30553 486.151000 -0.500057704806307068424 -0.00588149916375760653531 -0.102426849844977907456 0.00330973027893538161368 -0.0320263399409334431622 0.999481545220054834466 3.10946070924220618892
30554 486.156000 -0.500062052962898406783 -0.00591986036892475173815 -0.102403757335004175211 0.00334028237383440914851 -0.0320116842185064268134 0.999481913086553763748 3.10952640210450592662
30555 486.160000 -0.500057677427067082121 -0.00587844663119131520534 -0.102426350637302460145 0.00331024166014505516475 -0.0320311954126845654933 0.999481387931053899543 3.10945747841835862246
30556 486.167000 -0.500054907266112791397 -0.00623358502963941227271 -0.102427728476483681508 0.00334574319643806414662 -0.0325812264805628859499 0.999463490920746933099 3.11050565467304274136
30557 486.174000 -0.500062020184109612408 -0.00591375388594628757788 -0.102402799258400886706 0.00334167141362300872467 -0.0320210092436739937605 0.999481609735356602009 3.10952101571943817504
30558 486.181000 -0.500062594090974199545 -0.00591700003291128866223 -0.102394295398432491617 0.00335155604434174761441 -0.0320142988044198675834 0.999481791602099600702 3.10951915737174822141
30559 486.188000 -0.500057374971400014907 -0.00586725526932701385574 -0.102423944420941062661 0.00331239057567715060662 -0.0320426097005129875694 0.99948101494338281725 3.10943816105149117845
30560 486.195000 -0.500051175908507561374 -0.00621273762389956251545 -0.102431069186992892983 0.00333652511780949817544 -0.0325836989958834880032 0.999463441132232732755 3.11044876047500906679
30561 486.202000 -0.500061741035000451028 -0.00590216509905320749207 -0.1024007073723532113 0.00334312103254125669513 -0.0320346502110213579573 0.999481167770368439385 3.10949983434185961428
30562 486.206000 -0.500064795259448802156 -0.00590875842243102512158 -0.102396319890427828225 0.0033463231814357427378 -0.0320517198554040108616 0.999480609804650366179 3.10954126773862782329
30563 486.211000 -0.500051094292532027907 -0.00620763241783434550208 -0.102430224908624231683 0.00333766816428349199011 -0.0325925961334645117318 0.999463147218798586557 3.1104447015171072799
30564 486.216000 -0.500057741142050371508 -0.00586002142832588515664 -0.102421515328438406112 0.00332187459763718957034 -0.0320546123429864965315 0.999480598599441827368 3.10942504949374542988
30565 486.221000 -0.500057290596263803728 -0.00585586708238741704413 -0.102422750540033677402 0.00331402602038324573669 -0.0320620186109415936104 0.999480387098280020908 3.10942768979296424448
30566 486.228000 -0.500050634611584055023 -0.00620897002009676308304 -0.10243048661016426748 0.00333648806785465925837 -0.0325975282755247564026 0.999462990309145649093 3.11045121520834833007
30567 486.233000 -0.500054071140796918549 -0.00621611771391318221336 -0.102424566447984172202 0.00334925693296166462898 -0.032610367905465752203 0.99946252875386343284 3.11048400359730514708
30568 486.240000 -0.500061071378935406706 -0.00585757095603107406229 -0.102416049586055060705 0.00332519098062717234979 -0.0320838841542496269743 0.999479648358344019421 3.10945037218848030491
30569 486.247000 -0.5000585977251053027 -0.00585779431270333321435 -0.102409948791141652835 0.00332252920004583738103 -0.0320781828066294613655 0.999479840210666603539 3.10944140019394898999
30570 486.255000 -0.500060830171974668446 -0.00584333397463530045124 -0.102415676421149709485 0.00332717745011412669928 -0.0320969241681263589561 0.99947922307027525779 3.10942434822074798006
30571 486.259000 -0.500060818824798136717 -0.00583922314658905268481 -0.102413939975996709508 0.0033248209530746296661 -0.0321122576362176115339 0.999478738380729758717 3.1094313281202587973
30572 486.263000 -0.500062277675802913102 -0.0058797837588103977341 -0.102405305404264665436 0.0033385167218314927215 -0.0320666319317373174624 0.999480157593262474869 3.10948374647053826791
30573 486.268000 -0.500061878505654200389 -0.00588701382235509718122 -0.102386183487640003431 0.00335635856207128647349 -0.0320622962214312731688 0.999480236932282606332 3.10948296933892720517
30574 486.272000 -0.500058350365019776973 -0.00585700388615471335962 -0.102412587999029885966 0.00332294104255285646654 -0.032072101622982573943 0.999480033997834693693 3.1094274466471154561
30575 486.277000 -0.500059150399307705825 -0.00583991871796036947362 -0.102408992582403768346 0.00333612371448244269395 -0.0320937162030312320149 0.999479296263229621822 3.10940068479316922279
30576 486.281000 -0.500050380877700928473 -0.00619301226949105047825 -0.102424415146335975879 0.00333997635514368153287 -0.0326284892980312837829 0.999461968383027143936 3.11043886330365193515
30577 486.286000 -0.500054011834594858144 -0.00618635717169025746431 -0.102421199836691900753 0.00335299224854233206619 -0.0326332475655040643581 0.999461769452093529154 3.11042644065889772875
30578 486.293000 -0.500053837407050338904 -0.00618711255811416060979 -0.102420633744424380285 0.00335091532504924261363 -0.0326482763375431084274 0.99946128560273506114 3.11044513613735684743
30579 486.300000 -0.500060862758617830082 -0.00586596923201462665254 -0.102395202463551535099 0.00334757510099636251821 -0.032082825039148214763 0.999479607635118671993 3.1094502877371601457
30580 486.307000 -0.500056453458135763412 -0.00582343240589338825841 -0.102417784597689826009 0.00331742574024101533406 -0.0321034262179527435377 0.999479046659571879196 3.10937941585631749675
30581 486.313000 -0.500059916671084403461 -0.00583177095540883105168 -0.102412026344472772976 0.00332847782025896257382 -0.0321164392308776400209 0.999478591850035069655 3.10941558246112759178
30582 486.321000 -0.500060763787744777531 -0.00585898189483391625132 -0.102394348786862321443 0.00334821907052686379772 -0.032092732388571923452 0.999479287407643801622 3.10944252953428046382
30583 486.327000 -0.500053493589949438203 -0.00617492956420455374467 -0.102418286912775297059 0.00335175484526268078686 -0.0326638756248355047185 0.99946077310148717654 3.11042825647402709777
30584 486.334000 -0.500060524463676880913 -0.005853114138953972867 -0.102392924338017277108 0.0033485028219220744003 -0.0320982497596755400604 0.999479109282038535866 3.1094285344432122109
30585 486.341000 -0.500056121256960084409 -0.00581040113591827899614 -0.102415442812839554976 0.00331849409697710599071 -0.0321189624392467648617 0.999478543966179744373 3.10935588686808594971
30586 486.347000 -0.500056099823010802297 -0.00580844931369490277001 -0.10241514325881451164 0.00331888559675340292024 -0.032122039495250019614 0.999478443778084257865 3.10935389828423458525
30587 486.355000 -0.500060448417456893111 -0.00584593324341333049621 -0.102391924477165691121 0.00334987220209720902575 -0.032108582082238899813 0.999478772817561034181 3.10941910695247436536
30588 486.362000 -0.500056486708025937915 -0.0058059556497719808088 -0.102413148277769622263 0.00332801934634370261828 -0.0321245308662163539526 0.999478333333872703825 3.10934542105788569444
30589 486.367000 -0.500055760470225263425 -0.0057983523807775497888 -0.102411636697275834629 0.00333064945841553576231 -0.0321199135933803170406 0.999478472967246456271 3.10932222937001601082
30590 486.374000 -0.500060789815548578652 -0.00584835522376259565186 -0.102385327466081865744 0.00334968625873471219714 -0.032116177425355850461 0.999478529408986959837 3.1094321856769973067
30591 486.380000 -0.500055849348495118356 -0.00579731525380316158047 -0.102412472264495804652 0.0033213797759043188311 -0.0321365379033940953835 0.999477969426023959976 3.10933618640065967398
30592 486.388000 -0.500056185641001071929 -0.00579616521006936884219 -0.102411058404501487118 0.00332949326659361805048 -0.032136385037540030063 0.999477947346166795128 3.10932757351233002296
30593 486.394000 -0.500060104184919085313 -0.00583214369474839740282 -0.10238930855058797631 0.0033522063258474782757 -0.0321268335649409000898 0.999478178490075586105 3.10939832562621809586
30594 486.401000 -0.500059645144876330214 -0.00582811890941457161341 -0.102390338668899780195 0.00334465501594142155736 -0.0321348598604671506496 0.999477945761972574878 3.1094022688329068238
30595 486.408000 -0.500053003846843702185 -0.00614535862912763200527 -0.102413218860983007419 0.00335777599141908432434 -0.0326975088859866938606 0.999459653139156078971 3.11037855250450778755
30596 486.415000 -0.500052933901662499672 -0.00614116634103742745077 -0.102412123474581354121 0.0033571829569289893952 -0.0327056772685446264792 0.999459387867761117619 3.11037676958488340517
30597 486.422000 -0.500049399420679052675 -0.00613417222112013459101 -0.102417204092994915121 0.00335412766202372331775 -0.0326876325443769613632 0.99945998844689654117 3.11032838611859796529
30598 486.429000 -0.500059302100826941206 -0.00581784211572362441184 -0.10238849981313899451 0.00334560609423357286848 -0.0321470427163845010043 0.999477550805646153265 3.10938381643327987902
30599 486.436000 -0.500058841900856254625 -0.00578662675231364671824 -0.102404213739494390212 0.00333449367313239965205 -0.0321740150332595967186 0.999476720043335098431 3.10934473473291062007
30600 486.443000 -0.500049581771299544997 -0.00612504270779011539272 -0.102415116662895294697 0.00335636985074127570938 -0.0326983242343239499661 0.999459631187619157444 3.1103152506369884378
30601 486.450000 -0.500059653195391140557 -0.00581222964442601984503 -0.10238635763802815537 0.00335477699681113262012 -0.0321533418838160986453 0.999477317439972812174 3.10937113219024929833
30602 486.457000 -0.500055245701867434605 -0.00577017180247004716348 -0.102408905776101871732 0.003324828621476839767 -0.032174256169784580528 0.999476744479109391328 3.10930270993019952641
30603 486.463000 -0.500055083977547942808 -0.00576875450407253638485 -0.102408603917441748399 0.00332385894833436574408 -0.032176561545817494725 0.999476673489071543166 3.10929997213861231131
30604 486.470000 -0.500058119004027856747 -0.005769972099558637324 -0.102404322250001511563 0.00333369672268972808138 -0.0321904867576845790667 0.999476192326993029269 3.10931743321364884025
30605 486.477000 -0.500049221419575307124 -0.00611242973775124806557 -0.102413074876269605262 0.00335766305266508224489 -0.0327139489641977282419 0.999459115542998488557 3.11029456334458576094
30606 486.484000 -0.500058866111148914158 -0.00579841392479806937849 -0.102385408183011089589 0.0033482565870088989296 -0.032173225581207151591 0.99947669944502881556 3.10935650945954611402
30607 486.491000 -0.500058407528209292181 -0.00576777593465418059876 -0.102401110414147150651 0.00333724828243196465841 -0.0321997827227169380881 0.999475881032909851953 3.10931926460188190475
30608 486.496000 -0.500048747872115506574 -0.00610459578681103818415 -0.102413422965642944562 0.00335097104124402545358 -0.0327279109945709731355 0.999458680904324325844 3.11029506586647208621
30609 486.502000 -0.500054854505720625113 -0.00575498840409599792672 -0.10240611269629840141 0.00332704696083757243616 -0.0321947983356239003649 0.99947607561094153894 3.10928084003313687234
30610 486.506000 -0.50006229353954534389 -0.00580110551400989712251 -0.102379004279269325561 0.00336038960348845460596 -0.0321943262959774739729 0.999475979269167313923 3.10938861431197111074
30611 486.511000 -0.500055205623412768468 -0.00574371175989512715993 -0.102404875077473977996 0.00333316612632124148127 -0.0322057764926043585407 0.999475701537602567726 3.10925801872046214669
30612 486.516000 -0.500061515258271249706 -0.00579250833473618411545 -0.102380421614018168874 0.00335780652226187401044 -0.032197209559246174615 0.999475895072991282753 3.10936757452582490657
30613 486.522000 -0.500054592370512862587 -0.00574627185834411351173 -0.102404553390511424138 0.00332755065619144045977 -0.0322031802831641705831 0.9994758039023659002 3.10926203611728002585
30614 486.528000 -0.500054554007080209743 -0.00574446954519493811764 -0.102404287906752808346 0.00332771286365766061008 -0.0322061899177835675445 0.999475706387142115439 3.10926012251978090006
30615 486.533000 -0.500058474411835041096 -0.00578083114938376940728 -0.102382500531225412166 0.00335040624842390926535 -0.0321961859414759618558 0.99947595288170509864 3.10933103741434280209
