31167 748.554000 -0.398706849355125736434 0.00535088113449694487145 -0.0590575924424569798088 -0.014927584696631957667 -0.00790393231942380057597 0.999857337358192821419 3.09697629172280164411
31168 748.559000 -0.398700784254459594802 0.0053487252443307348182 -0.0590651518744785691828 -0.0149470161199459147805 -0.00788675392047606151069 0.999857182712465264451 3.09696636398205482621
31169 748.565000 -0.398693811238379491879 0.0053477963115183598658 -0.0590685230573513159191 -0.0149676092690696690979 -0.00786627124287947454562 0.99985703600539921343 3.09695103935094984138
31170 748.572000 -0.398686184359181794434 0.00535007537165472016327 -0.0590673971804239750227 -0.0149864392994399023978 -0.00784530807839912969204 0.999856918653003523545 3.0969263093382646268
31171 748.579000 -0.398679775913691247791 0.00535484381663955608111 -0.0590602068393278542557 -0.0149938733520637423186 -0.00782952576191460816735 0.999856930909740815316 3.09689764653778976111
31172 748.585000 -0.398676439144589556118 0.00536045976573545392141 -0.0590431783299471685256 -0.01498067561637728487 -0.0078211540344955872428 0.999857194257082637634 3.0968711685641112652
31173 748.593000 -0.398672862021861584836 0.00537106914012620145771 -0.0590224478923437323452 -0.0149548279736992240779 -0.00781949307205167393198 0.999857594184478504218 3.09683183623739521906
31174 748.599000 -0.398672598528478361324 0.00538065700331072892248 -0.0589974650504699188458 -0.014915438951157709499 -0.00782491734676536189463 0.999858140112591331494 3.09680111282291470332
31175 748.605000 -0.398672952078832298906 0.00539167460969045084923 -0.0589745018432805689912 -0.0148723949781393981889 -0.0078361483591614933264 0.999858693339467641259 3.09676961871839750984
31176 748.611000 -0.398674284805225154216 0.00540384494556274408428 -0.0589508930758034788155 -0.0148236924433813015839 -0.00785228389421823054495 0.99985928999034101583 3.09673790539516202713
31177 748.618000 -0.398676758344825854508 0.00541933258968086035978 -0.0589237163478614836554 -0.0147634597987593603474 -0.00787624574790928705381 0.999859992702822886201 3.09670036300796303053
31178 748.625000 -0.398679588071922330617 0.00543578654752760112578 -0.0589000783677490202805 -0.0147059754960077483654 -0.00790398499655242843531 0.999860620939681421504 3.09666116590178130963
31179 748.631000 -0.398682916494525085849 0.00545050889253735192791 -0.0588781234753144450123 -0.0146550204994824028598 -0.0079291551115342039785 0.999861169799776017264 3.09662546060613097509
31180 748.638000 -0.398686482425892663173 0.00546771873042352016259 -0.058857837875212870582 -0.014604596647306112428 -0.00795878687511813662225 0.99986167216682830805 3.09658182645654278531
31181 748.644000 -0.398689364725448580629 0.00548272634685099263807 -0.0588429442562891369395 -0.0145674628256433069673 -0.00798368017662938987689 0.999862015418958138824 3.09654266775513109522
31182 748.652000 -0.398692408710300538743 0.00550158804403921754961 -0.0588286123126607399247 -0.0145299953219504614926 -0.00801315234637824981567 0.999862324835483429197 3.09649272964716271161
31183 748.658000 -0.398694061722022652372 0.00551581029953681582084 -0.0588210142435015570506 -0.0145105314408998688214 -0.00803478808952921667863 0.999862433866609001676 3.09645745782050285655
31184 748.664000 -0.398694913519128779633 0.0055293784038018250343 -0.0588170340949911371609 -0.0145000326220416295153 -0.00805614011533047763569 0.999862414365297547114 3.09642677204119332046
31185 748.670000 -0.39869527705454105293 0.00554161409731445363247 -0.0588142053031669720387 -0.0144943499366911743992 -0.00807399532599308890346 0.99986235273630963416 3.09640218300204095314
31186 748.677000 -0.398694781413191867703 0.00555513087169648249464 -0.0588144118626449732834 -0.0144957235013739166307 -0.00809167104266465472828 0.999862189934147438386 3.09637948875456059383
31187 748.684000 -0.398693458532336175715 0.00556733645190198543629 -0.0588170397811265677213 -0.0145037372584843043261 -0.00810633703877348607558 0.999861954924453844029 3.09636728249259407519
31188 748.691000 -0.398691554836994810351 0.00557814776920256393672 -0.0588214705621191158436 -0.0145162632729739036336 -0.00811642753320484210133 0.999861691287694087649 3.09636008889212011042
31189 748.698000 -0.398689156439016256783 0.00558766615030999516667 -0.0588270228903042396995 -0.0145322429972427769745 -0.00812308863212271581311 0.999861405067994368778 3.09635931139230669018
31190 748.705000 -0.398686430122891177774 0.00559605743117843387052 -0.0588333048795247129381 -0.0145507925328838636642 -0.0081275577955642538952 0.999861098973724771177 3.09635840850240340316
31191 748.712000 -0.398684075277894844902 0.0056031738524103032878 -0.0588387227151993402741 -0.0145691061105794987529 -0.00812872389071194259569 0.999860822812378868818 3.09634304253590553202
31192 748.719000 -0.398681191738570195326 0.00561016409682074494725 -0.0588455099000200002046 -0.0145898401154437740851 -0.00812864408392338123888 0.99986052112820356097 3.09632717386514233482
31193 748.725000 -0.398678731497062399658 0.00561551549073162868664 -0.0588502099242753096142 -0.0146061105988034983794 -0.00812691044343651254611 0.999860297671539721698 3.09631354759333898841
31194 748.731000 -0.398676231711029782634 0.0056205153266105974813 -0.0588543704791565647216 -0.0146215700750481607945 -0.00812437540344671839387 0.999860092319342586009 3.09630015158941995779
31195 748.738000 -0.398673382450753122086 0.00562569567706774648769 -0.0588582247329090951782 -0.0146378589490657878835 -0.00812047825686906983578 0.999859885643117007881 3.09628508151268411197
31196 748.745000 -0.39867049770067930492 0.00563089442661504104015 -0.0588615468166813343709 -0.0146531410150201411163 -0.00811720146670406872413 0.999859688405699609248 3.09627070638618251408
31197 748.752000 -0.398667768013841683494 0.00563595936113076532992 -0.05886386036504544228 -0.0146660452272820290842 -0.00811341771573713226029 0.999859529919258971375 3.09625545629313814189
31198 748.759000 -0.398665128920596467665 0.00564093450883399599727 -0.0588653735780544917766 -0.0146770982216254623071 -0.00811097198109684246192 0.999859387574730251735 3.0962414999944343208
31199 748.766000 -0.398662685628576873853 0.00564595611262281270315 -0.0588660511261503704983 -0.0146855749641706875841 -0.00810874669707757275705 0.999859281156590729012 3.09622663142122078739
31200 748.773000 -0.398660359823475696217 0.00565102750793546049213 -0.0588661642166133231013 -0.0146921095495729289032 -0.00810833127297171628312 0.99985918852654009914 3.09621288116629633791
31201 748.780000 -0.398658218781382689411 0.00565628275926817036118 -0.0588657237905498703645 -0.0146961601489641845164 -0.00810852932812090171355 0.999859127391959701114 3.09619805410032311599
31202 748.786000 -0.398656531399073588151 0.00566113734227740791893 -0.0588647985141395463371 -0.0146977518452209732908 -0.00811008138392880356671 0.99985909140770545811 3.09618513838659303872
31203 748.794000 -0.398654348996396623583 0.00566728854017132729903 -0.0588639905764871823601 -0.0146985881380382321648 -0.0081135043859488081841 0.999859051343401805667 3.09616913428396323127
31204 748.801000 -0.39865261299071219625 0.00567302204279458450326 -0.0588629281542192225873 -0.014697370549908279902 -0.00811816619629163009619 0.999859031402191344995 3.09615508795040028645
31205 748.808000 -0.398651029609930263042 0.00567898241094331665546 -0.05886176416782701315 -0.0146944563718329774399 -0.00812322521728955221354 0.999859033146175746332 3.09613978925094368577
31206 748.814000 -0.398649745100923047492 0.00568449784586436048656 -0.0588606926461965676567 -0.0146910472653698533085 -0.00812876745145799800563 0.999859038199868876973 3.09612642204349786113
31207 748.820000 -0.39864857922657870315 0.00568974388006378804794 -0.0588598044762880384662 -0.0146871259952897695311 -0.00813454386438142162952 0.999859048829442209616 3.09611365958906858964
31208 748.824000 -0.398647828492464162409 0.00569386032963682155172 -0.0588591348894648563883 -0.0146841158497241410646 -0.00813897453125761276282 0.999859056985179073251 3.09610334062367309471
31209 748.831000 -0.398646594706548451637 0.00569966884787470682433 -0.058858238801301449028 -0.0146788806975155575185 -0.00814648750012323362435 0.999859072671183235492 3.09609048163027233969
31210 748.838000 -0.398645626715320888778 0.0057055436361811637247 -0.0588571516302246605656 -0.0146727534636526598527 -0.00815339026819401554991 0.999859106340953207592 3.0960754081599257681
31211 748.845000 -0.398644678180530731559 0.00571166185984049896984 -0.0588561221053955224702 -0.0146669178289368998258 -0.00816133358322784947803 0.999859127155191873548 3.09606191868185298688
31212 748.852000 -0.398643943732503724942 0.00571770994614164904113 -0.058854931612610045244 -0.0146606993204467257047 -0.00816813897338871698628 0.999859162783012567211 3.09604691546925359091
31213 748.859000 -0.39864335396210037743 0.00572337245668518533603 -0.0588537345072802572932 -0.0146550489458537672172 -0.00817535352597553027776 0.999859186653360709762 3.09603453151589036452
31214 748.866000 -0.398642885583872841337 0.00572899859576835902841 -0.0588523278230757840301 -0.0146493582870335283669 -0.00818134569058868998948 0.999859221032875833401 3.09602102142861657086
31215 748.870000 -0.398642650717186575182 0.00573297652211677503248 -0.0588514284156226585853 -0.0146464745001496123022 -0.00818540365502242600604 0.999859230067773552264 3.09601214594053253393
31216 748.871000 -0.398642650163867406921 0.00573404937264368214783 -0.0588513251717747362668 -0.0146463524264817800818 -0.00818582927720348622891 0.999859228371496211452 3.09600952903799164773
31217 748.879000 -0.398642346769781552585 0.0057398746447950965005 -0.0588491733749576320656 -0.0146401913007922698795 -0.0081922142934649014312 0.999859266308837257853 3.09599569769562954491
31218 748.883000 -0.398642240354949661807 0.00574283854560327794436 -0.0588481132560928071884 -0.0146377596297944997245 -0.00819511486294779295525 0.999859278141381091487 3.09598908804089445468
31219 748.888000 -0.398642198752115983762 0.00574617203999992429142 -0.0588467705558346765304 -0.014634862791569121232 -0.00819787570908587885643 0.99985929791392658128 3.09598079698235606472
31220 748.894000 -0.398642117266258422248 0.00575010746244613082934 -0.0588451951923322780225 -0.0146323852444773094134 -0.00820189104951432775004 0.999859301244564568911 3.09597260190548961845
31221 748.901000 -0.398642080263917841787 0.00575487502000193371088 -0.058843190689198014709 -0.0146300217012634483499 -0.00820632081041087514672 0.999859299483570995726 3.0959627441936969916
31222 748.907000 -0.398642102823462907146 0.00575882559370357455242 -0.058841457849566437821 -0.0146284225799439074334 -0.00820932323719166835707 0.999859298233911508724 3.09595408603636723655
31223 748.914000 -0.398642131994541959461 0.00576334593948299358374 -0.0588394601400032551952 -0.0146271097618112400768 -0.00821203790502143989027 0.999859295147803583959 3.09594364032951974153
31224 748.921000 -0.398642090027508055883 0.00576742422076840805661 -0.0588377697132692056847 -0.0146270866851528364566 -0.00821516296123423785114 0.999859269813820117356 3.09593554338504972634
31225 748.928000 -0.398642034776603260138 0.0057717569611065201729 -0.0588360554657187603822 -0.0146273046272158337849 -0.00821732025013251210499 0.999859248898188335275 3.09592566972375493606
31226 748.934000 -0.398641924355502108579 0.00577566388844755369825 -0.0588347037367051017842 -0.0146280907549503243203 -0.00821947962074178958836 0.999859219648260966196 3.0959172470732090332
31227 748.941000 -0.398641653960531083811 0.00577988612213966440612 -0.0588335421332607869105 -0.0146299514348914964923 -0.00822215832070143440302 0.999859170400292818215 3.09590877763421845614
31228 748.948000 -0.398641305916296873058 0.00578413365475817162209 -0.0588326249263714240456 -0.0146320344167617678172 -0.00822392931122634292251 0.999859125354922495532 3.09589902604491928884
31229 748.955000 -0.398640793790518477291 0.00578834952446736182574 -0.0588320893190422272712 -0.014634903293312082409 -0.0082264221432247295468 0.999859062860519731686 3.09589033676864966438
31230 748.963000 -0.398640055715534180614 0.00579297918497336233185 -0.0588318264441141727805 -0.0146383906024236710997 -0.00822866663382857896347 0.999858993341561252954 3.09588000734988488816
31231 748.970000 -0.398639275358994737974 0.00579737679473325221574 -0.0588318625605243061827 -0.0146414529107225417637 -0.00823040611487345190322 0.99985893418614180117 3.09586937306050158369
31232 748.977000 -0.398638340257044587744 0.00580177501745999992661 -0.0588322293462455597757 -0.0146448980214148229834 -0.00823293750127119042248 0.999858862891179422938 3.09585961771296380718
31233 748.984000 -0.398637331392895477578 0.00580626773255633714388 -0.0588327409168481890722 -0.0146479165254522654405 -0.00823475395240570555433 0.999858803716208166534 3.09584831044840758096
31234 748.991000 -0.398636178463252222048 0.00581082949944397054998 -0.0588334812212756574912 -0.014651066218954971257 -0.00823740626611351237085 0.999858735720529079316 3.09583766287948192186
31235 748.997000 -0.398635147135405820684 0.00581506333030481353807 -0.0588342416194097272975 -0.0146534656253251831942 -0.0082395516516235445259 0.999858682881609728277 3.09582714959814264688
31236 749.003000 -0.398634080273318258669 0.00581932603592242962687 -0.0588350302385686335649 -0.0146555635447454968984 -0.00824172031020140895274 0.999858634259621181783 3.09581639173011557986
31237 749.007000 -0.398633351467806373858 0.00582230123844300513636 -0.058835560512077202111 -0.0146567848841161248868 -0.00824325060005296622601 0.999858603741751617022 3.09580882691196057621
31238 749.014000 -0.398632163150892615544 0.00582647915806547202905 -0.0588360973135263615186 -0.0146579429024449141294 -0.00824517965662200334742 0.999858570860048700979 3.09579742057808005029
31239 749.019000 -0.398631247921457709804 0.00583015217082697226325 -0.0588366401717943104943 -0.0146589438404824239093 -0.00824755942953104767557 0.999858536558516530768 3.09578846862202050616
31240 749.024000 -0.39863040690089113216 0.00583385545408147618285 -0.0588369995741532952893 -0.0146592512026701184136 -0.00824917970022503652117 0.999858518685744268595 3.09577823115748085314
31241 749.030000 -0.398629427622526288921 0.00583740858924845611166 -0.0588372046827194683516 -0.0146592628035243973533 -0.00825142069283331912322 0.999858500024182084154 3.09576899195444665835
31242 749.036000 -0.398628520093540883451 0.00584145511456136880962 -0.0588373276172345638368 -0.0146589426024428173129 -0.00825384568683272534795 0.999858484703288530326 3.09575834980881303693
31243 749.043188 -0.398627492431592789224 0.00584621579579573062008 -0.0588372737132738729549 -0.014658257502103033687 -0.00825724830622286826154 0.999858466652861488377 3.09574650565926523527
31244 749.050000 -0.39862661512072367076 0.00585096674337563620039 -0.0588368960527443918274 -0.014656720418436615036 -0.00825992781738324986784 0.999858467053726274187 3.09573363681649382784
31245 749.056000 -0.398625922897704376702 0.00585501237697224306833 -0.0588363953371992265406 -0.0146552197811065394034 -0.00826265621349260050155 0.999858466506867715751 3.09572325445817320144
31246 749.063000 -0.398625203965532470818 0.00585938130022900603017 -0.0588356860899657135855 -0.0146534181255769720836 -0.00826625651272139966297 0.999858463153912246923 3.09571277320371240904
31247 749.069000 -0.398624690678976045799 0.00586364895057050507232 -0.0588347453363618627664 -0.0146513698775571528377 -0.00826922189372244348382 0.999858468649430065511 3.09570210757736541396
31248 749.076000 -0.398624204316813446347 0.00586825740722951745554 -0.0588335245034831005873 -0.0146487735307536497131 -0.00827221410734315862334 0.99985848194022286517 3.09569018327097911225
31249 749.083000 -0.398623759257167975534 0.00587248996233536227352 -0.0588323235246542286525 -0.0146466145315532689231 -0.00827597778183787949335 0.999858482423647054738 3.09568054922135438289
31250 749.090000 -0.398623436325143576386 0.00587731137645182595552 -0.0588307477655213989509 -0.0146439100235119124688 -0.00827917840984856816255 0.999858495540284497594 3.0956684759573214194
31251 749.097000 -0.398623130122036206657 0.00588176085704471100779 -0.0588292859680179941462 -0.0146418347898328530393 -0.00828311180332080496114 0.999858493354355060134 3.09565867293562968499
31252 749.104000 -0.398622887199285791393 0.00588622503111874834092 -0.058827756940361436433 -0.0146396474295989835468 -0.00828620614808567995668 0.999858499744243234275 3.09564779338967532851
31253 749.111000 -0.398622634510204687519 0.00589061762320149031463 -0.0588263280277074862568 -0.0146381030339235718163 -0.00829010638871315042042 0.999858490025279489366 3.09563840226624886753
31254 749.118000 -0.39862240821131800228 0.00589503292938662205175 -0.0588249183717328982812 -0.0146365596365305092319 -0.00829313458104714504304 0.999858487507520821147 3.09562786250561972068
31255 749.125000 -0.398622123316370646773 0.00589911883333275877117 -0.0588237519814087395087 -0.0146358138592924159893 -0.00829675243345986621057 0.999858468410271594706 3.09561930418793629372
31256 749.132000 -0.398621858798741846019 0.00590379235877685083073 -0.0588225163052652488815 -0.0146349226320377726746 -0.00829977561032630567484 0.99985845636488590582 3.09560821457382084887
31257 749.139000 -0.398621489487501423632 0.00590818514604158663561 -0.0588215678808271941191 -0.0146348376314534862203 -0.00830338222052483254654 0.999858427664237270349 3.09559890187695829766
31258 749.146187 -0.398621114540783194613 0.00591260005752454118055 -0.0588207181326050598802 -0.0146347466934941532885 -0.00830607440045547790186 0.999858406634295260318 3.09558835374698926302
31259 749.154000 -0.398620585680365513426 0.00591736160012516516221 -0.0588199877820128336214 -0.0146352143314495957566 -0.00830933643838032733042 0.999858372685565099935 3.09557750581911683696
31260 749.161000 -0.39862002629442172541 0.00592180362270937257069 -0.0588195303767340138545 -0.0146360480897221988811 -0.00831262429560379254023 0.999858333152069733707 3.09556781109279244291
31261 749.167312 -0.398619516823270791939 0.00592593049653450561209 -0.0588192192679925576759 -0.0146367642674651663587 -0.00831517071290526627036 0.999858301494663814779 3.09555816382384030305
31262 749.175000 -0.398618779726581773382 0.00593076178953622773493 -0.0588189274299155268055 -0.0146378407920362153122 -0.00831811981383689946767 0.999858261204911835662 3.09554674308345090239
31263 749.182000 -0.398618087418942057543 0.00593530240725422507386 -0.0588187406484206726232 -0.0146386865342770320503 -0.00832037595778199398633 0.999858230050876928274 3.09553531026452910524
31264 749.189000 -0.398617315536611838134 0.00593983700458833134561 -0.0588186910697266127079 -0.0146398764220582438406 -0.00832334907864050455029 0.999858187883892912673 3.09552486978103580384
31265 749.196000 -0.398616543892549302086 0.00594471169827342008074 -0.0588186256057843664946 -0.0146406823889935616689 -0.00832562406248745293103 0.999858157141879089203 3.09551237980211579881
31266 749.203000 -0.398615721068768136259 0.00594926651811616621912 -0.0588186134145486302915 -0.0146416926264256175294 -0.00832854824053077570645 0.999858117995367612352 3.09550169957757459471
31267 749.210000 -0.398614913992214603411 0.00595389132018980544309 -0.0588185219697109559767 -0.0146422148085888562119 -0.00833068216463863156496 0.999858092571226375611 3.095489630045115792
31268 749.217000 -0.398614084552079805945 0.00595846709403596505594 -0.058818451356313569689 -0.0146428901263198976701 -0.00833363555553894193306 0.999858058069832189574 3.09547878674576981695
31269 749.224000 -0.398613286818902678998 0.00596309775891241608536 -0.0588182641377752446488 -0.0146430391359054345307 -0.00833583778181915154015 0.999858037529998355808 3.09546664366466162122
31270 749.231000 -0.398612479066346503398 0.00596769246193564958936 -0.0588180657130095360663 -0.0146433126763081452454 -0.00833888181078599501073 0.999858008141160770066 3.0954557140129637105
31271 749.239000 -0.398611610702976293386 0.00597264205891042711249 -0.0588177261916821986221 -0.0146432047900320414652 -0.00834185004595097701063 0.999857984961508461375 3.09544332907835872959
31272 749.245000 -0.398610974499565395845 0.005976898685635896602 -0.0588173646053383528121 -0.0146429268527706966246 -0.00834434791979473018675 0.99985796818897132443 3.09543274259611278509
31273 749.252000 -0.398610291679417194644 0.0059815050811219587848 -0.0588168544279727978363 -0.0146422917507627366879 -0.00834678042316262976119 0.999857957186346069101 3.0954207468449759233
31274 749.259000 -0.398609608027380768469 0.00598606191806565560154 -0.0588163259281442307724 -0.0146418507859927080755 -0.00835008350582490746494 0.999857936064422414546 3.09541007852738792039
31275 749.266000 -0.398608998227149791127 0.00599063989982175082449 -0.0588156609307360148109 -0.0146409545892455771054 -0.00835264484696123313268 0.999857927794132184118 3.09539829457433146587
31276 749.274000 -0.398608323222829741272 0.00599552517625740778728 -0.0588149031022802831759 -0.0146400738298215152972 -0.00835597949516873016174 0.99985791282808467173 3.09538641694609584221
31277 749.281000 -0.398607734071080077598 0.00600005833873217334085 -0.0588141883367449200271 -0.0146393976682747343349 -0.00835946281938263098532 0.999857893611527770439 3.09537603411798656339
31278 749.288000 -0.398607222472895261767 0.00600459714076522106663 -0.0588133603154652045975 -0.0146383397100927035994 -0.00836217695119660479885 0.999857886405447593425 3.09536457451365842886
31279 749.295000 -0.398606680949315617113 0.00600910238863381230418 -0.0588125855339972011815 -0.014637663189090094687 -0.00836571242488707428331 0.999857866735060940577 3.09535438400033191542
31280 749.302000 -0.398606205124576229437 0.00601392786284216454562 -0.0588116824440857027811 -0.0146366163854208964495 -0.00836859523085558068556 0.999857857935140592609 3.09534234626541771007
31281 749.309000 -0.39860569451776051153 0.00601841278951471391617 -0.0588108973689525638129 -0.014636041384804602053 -0.00837215051431719134434 0.99985783658895621695 3.09533230674130299676
31282 749.316000 -0.398605220917517766299 0.00602262780409136902482 -0.058810105029481793415 -0.0146352553555930443852 -0.00837475447603423968357 0.999857826287389062081 3.09532181100803605034
31283 749.323000 -0.398604714692768036244 0.00602741412344677887636 -0.0588093199960369461543 -0.0146348063440561483584 -0.00837840259019562508258 0.999857802296560849165 3.095311075451124605
31284 749.331000 -0.398604145648922436607 0.00603224813345961882738 -0.0588085118247164487237 -0.0146343217746820238728 -0.00838177470121729585595 0.999857781126422318074 3.09529968753884032751
31285 749.337000 -0.398603701950287936384 0.00603643508518998325729 -0.0588078741922085923566 -0.0146339736724164330706 -0.00838453433333155757901 0.999857763083613959587 3.09528978212404881631
31286 749.344000 -0.398603197240689599568 0.00604096886558640883136 -0.0588071783779166926132 -0.0146335318506818461148 -0.00838714476056940522186 0.999857747656305528849 3.09527848754830969824
31287 749.351000 -0.398602637310420282457 0.00604516865995204273621 -0.0588066155930945105856 -0.0146335524783968648488 -0.0083903678931602221347 0.999857720312484987701 3.0952690957972963659
31288 749.358000 -0.398602098105670654693 0.00605002888607086147799 -0.0588059760036223622137 -0.014633249773963366569 -0.00839303446210913975389 0.999857702362476508107 3.09525695157998992357
31289 749.366000 -0.398601443382179732033 0.00605460400656718591983 -0.0588053960190779642647 -0.0146332560546307693938 -0.00839607460455945968369 0.999857676746283008384 3.09524604542196168921
31290 749.372000 -0.398600928897542172713 0.00605912226975338120971 -0.0588049245724344069042 -0.0146332290482173738716 -0.00839879015527212301195 0.999857654334630696624 3.09523519889053888576
31291 749.379000 -0.398600307485180549438 0.00606335475844819137003 -0.0588044930370034413247 -0.0146334643271217330202 -0.00840188310276841765489 0.999857624905723385567 3.09522558679160875172
31292 749.386000 -0.3985997043678985996 0.00606824465383830596171 -0.0588039837559872768935 -0.0146333307839891235691 -0.00840440285734577949284 0.999857605683318162448 3.09521318963431646409
31293 749.394000 -0.398598979293354527265 0.00607317032146930096265 -0.0588034910016125358934 -0.0146334248344151939686 -0.00840748894809651217686 0.999857578361640131348 3.09520128698085095209
31294 749.401000 -0.398598321177357217682 0.00607773121422726034235 -0.0588030945266717897102 -0.0146336523369861703364 -0.00841066488512027393698 0.999857548321494871146 3.09519078033690586693
31295 749.407000 -0.398597767332778241123 0.00608196338831545543768 -0.0588027063365697127972 -0.0146336554518929524982 -0.00841317407932258391756 0.999857527165758708243 3.09518048799276268568
31296 749.414000 -0.398597132938758091925 0.0060862726016218619135 -0.0588022566616267367001 -0.0146335007121381598799 -0.00841543771268730804447 0.999857510380860015076 3.09516941751710428221
31297 749.421000 -0.398596473842581233704 0.0060908211252585437237 -0.0588018496687778141618 -0.0146336316281521130328 -0.00841862582590372637847 0.99985748162654397575 3.09515891785493435506
31298 749.427000 -0.398595910300174161023 0.0060950774530675643284 -0.058801440178298303163 -0.0146335417099119572543 -0.0084211759930244416833 0.999857461467342778505 3.09514854892442370371
31299 749.434000 -0.398595293074993417548 0.00609966931740739751189 -0.0588009400498539502866 -0.0146332404121274073372 -0.00842359705184676788026 0.99985744548297939005 3.09513680450075456818
31300 749.440000 -0.398594744449151550114 0.0061035969178138346769 -0.0588005255977925231359 -0.0146331005139239567897 -0.00842604789248957430914 0.999857426879584121338 3.09512726171960661503
31301 749.445000 -0.3985942806420606499 0.0061071522109226276942 -0.0588001784864883927928 -0.0146330941282300855399 -0.00842860945955295655374 0.999857405382793995585 3.09511918325340440461
31302 749.450000 -0.398593847205358675634 0.00611045014820724933374 -0.0587997742533127309983 -0.0146327494060166877349 -0.00843027380701428206977 0.999857396396285902362 3.09511060043222396843
31303 749.455000 -0.398593394192766181661 0.00611368494666573308871 -0.0587994339222419476476 -0.0146327353347171298936 -0.00843273657660254145896 0.999857375834400485815 3.09510333698300721395
31304 749.460000 -0.398592972254354749317 0.00611697710692247521858 -0.0587990108333836664078 -0.014632351644201601823 -0.00843441861148363711265 0.99985736726197438351 3.09509479075521509728
31305 749.467000 -0.398592356672146319596 0.0061208857519427679883 -0.0587985468370208277933 -0.0146322750152252517575 -0.00843746870112132771324 0.999857342649338343143 3.09508591872105265352
31306 749.474000 -0.39859177313174409818 0.00612578653430494515786 -0.0587979152995066339793 -0.0146317309258961695401 -0.00844013775176193428718 0.999857328084784002797 3.09507350296176575455
31307 749.480000 -0.3985912790803516903 0.00612967385209761163323 -0.0587974148247915606724 -0.0146314203410119747506 -0.00844265933254718069223 0.999857311341072918509 3.09506414596436441045
31308 749.486000 -0.398590772319145025815 0.00613359267805598743634 -0.0587969073988070661807 -0.0146311112424758991979 -0.00844519621218193551615 0.999857294439935428976 3.0950546998958508027
31309 749.492000 -0.398590288122726787989 0.00613747532618876424221 -0.058796392561433069579 -0.0146307887517410674383 -0.00844772829224015725513 0.999857277768783525573 3.09504537652761735345
31310 749.498000 -0.398589789660713789132 0.00614139047465702726802 -0.0587958745268645777138 -0.0146304762212465609 -0.00845027109475749403644 0.999857260854750573564 3.09503595820108934333
31311 749.504000 -0.398589312085954661224 0.00614527048884236024029 -0.0587953528735296326868 -0.0146301581794468036485 -0.00845280479843932980311 0.999857244091717278778 3.09502665639583218748
31312 749.510000 -0.398588818484871099113 0.00614918410908450903396 -0.0587948317128275388388 -0.0146298570383365800218 -0.00845534506417663922484 0.999857227019379735111 3.09501725280660533457
31313 749.517000 -0.398588243774266326458 0.00615338766506287517671 -0.0587942868725602196811 -0.0146297175041537417389 -0.00845856059504709184571 0.999857201863550204557 3.09500775656023607851
31314 749.524000 -0.398587693146111476938 0.00615796003670644916117 -0.0587936467968006581941 -0.0146292187150380958299 -0.0084611240652027134429 0.999857187471961283975 3.0949962293641393174
31315 749.531000 -0.398587108203149020902 0.00616250072949167844449 -0.0587930859140862044354 -0.0146290878210558993044 -0.0084644547550134108943 0.999857161196150312499 3.09498589232135179472
31316 749.537000 -0.398586629525477742497 0.00616669784704284001248 -0.0587925464170946307507 -0.0146287968404229008768 -0.00846709335491413819796 0.999857143112515278638 3.09497581481222949762
31317 749.544000 -0.398586072003960512067 0.00617127716988954792832 -0.0587919323239988328433 -0.0146283594387873316228 -0.0084696065106790990179 0.999857128226670166526 3.09496423564597122891
31318 749.551000 -0.398585484096364128792 0.00617550141264071143776 -0.0587914175510802702873 -0.0146283161015090933804 -0.00847279190861826431158 0.999857101872716369506 3.09495467618862507564
31319 749.558000 -0.398584928722036269111 0.00618007279017082460093 -0.0587908135981392715452 -0.0146279018288506673651 -0.00847528839309200782148 0.99985708677527473931 3.09494311201755767371
31320 749.565000 -0.398584328795990039396 0.00618461940687411830531 -0.0587902928279619568785 -0.0146278652402469129534 -0.00847856921081870974766 0.999857059495331434995 3.09493273086841336195
31321 749.571000 -0.39858382957224947063 0.00618915710730175670784 -0.0587897710163203870981 -0.0146276308600092937867 -0.0084813046847419370361 0.999857039724313612084 3.09492178937888651191
31322 749.578000 -0.398583260674116923727 0.00619342413932112527408 -0.0587892193777971305835 -0.0146272949789587724395 -0.00848365300073510887613 0.999857024715714803875 3.09491094808171318675
31323 749.585000 -0.398582657172403820312 0.00619765509244193935068 -0.0587887399356136347572 -0.01462730899773189569 -0.0084867842861650021058 0.999856997937187630399 3.09490131446038896357
31324 749.591000 -0.398582151504458581659 0.0062018793198172295425 -0.0587882567540333467182 -0.0146271215401560239489 -0.00848937091499329943289 0.999856978720915501313 3.09489111366540470272
31325 749.596000 -0.398581739632183018607 0.00620549177234886242815 -0.058787823023225722896 -0.0146267951040843658533 -0.00849115561567676674359 0.999856968341618967955 3.09488181170577680845
31326 749.601000 -0.398581296269260809684 0.00620873592076956817842 -0.058787483078735172648 -0.0146268423907977666854 -0.00849359464519175259845 0.999856946933749046735 3.094874540640156102
31327 749.605000 -0.398580962829428842031 0.00621133194596699272916 -0.0587871817405538829582 -0.0146267367120588003687 -0.00849522482915242294066 0.999856934630278915144 3.09486827905797445837
31328 749.610000 -0.398580549230971747932 0.00621462596477785969573 -0.058786770349755490539 -0.0146264327697786800098 -0.00849687975909587528411 0.99985692501416933986 3.09485974583757084133
31329 749.616000 -0.398580048554950716611 0.00621820586915496943681 -0.0587863473515140705361 -0.0146263013494466187492 -0.00849919340698139166856 0.99985690727236853359 3.09485111335184726045
31330 749.623000 -0.398579425770437811849 0.00622245684820680287908 -0.0587858810468594727983 -0.0146263192645566513644 -0.00850233580524476818818 0.999856880293687799721 3.09484140880689428954
31331 749.631000 -0.398578746834759578554 0.00622767925209880696125 -0.0587852800680879958306 -0.0146260943592544066794 -0.00850562220646703531779 0.999856855632182517368 3.09482880011024263922
31332 749.638000 -0.398578181630037331473 0.00623223697034521861154 -0.0587847130278384699675 -0.0146257021470549038178 -0.00850808759297262164056 0.999856840393771428843 3.09481723103734251978
31333 749.644000 -0.398577663350342059623 0.00623647950412224011396 -0.0587842364810277767662 -0.0146254989432813547329 -0.00851068950103720835154 0.999856821222357194934 3.09480697118466707707
31334 749.651000 -0.39857706319521452043 0.00624069162972131028649 -0.058783759521869136111 -0.0146254756442328499866 -0.00851383302020322640935 0.999856794800877635154 3.09479738946818727641
31335 749.658000 -0.398576487960145997569 0.00624527433754230518193 -0.0587831856472944419556 -0.0146250747250642691016 -0.0085163344796659358471 0.999856779362082837004 3.09478577431207035886
31336 749.665000 -0.398575881513491547814 0.00624982153633816314015 -0.0587826819411996145948 -0.0146250153738752899923 -0.00851961477543804190926 0.999856752284742134051 3.09477536478439274603
31337 749.672000 -0.39857532421187757965 0.0062546844622451509485 -0.0587820762374139660356 -0.0146245594728105932775 -0.00852222473085364334855 0.999856736710746485386 3.09476307060038369201
31338 749.679000 -0.398574715095944664967 0.00625891804553079141027 -0.0587815890358942411131 -0.0146245208349721090429 -0.00852538639043645685156 0.999856710322654773648 3.09475343148074300004
31339 749.686000 -0.398574160259178411625 0.00626348045090556471148 -0.0587809999624198248336 -0.0146240840525004509032 -0.00852787916628965428356 0.99985669545317867879 3.09474187553148061269
31340 749.692000 -0.398573658796218144307 0.0062676939172105500947 -0.0587805048841183314101 -0.0146238439828793725939 -0.00853049629364949560384 0.999856676639281238828 3.09473172679108277094
31341 749.700000 -0.398572998768095765332 0.00627258170057626816829 -0.0587798966242418785555 -0.0146235749802943685444 -0.00853365798797182419089 0.999856653593973798699 3.09471994048522924814
31342 749.707000 -0.39857241240286139794 0.00627708901040273901939 -0.0587793759546483829403 -0.0146234869918066417993 -0.00853693308127067944369 0.999856626922963731552 3.09470966033052174993
31343 749.713562 -0.398571910449978694668 0.00628131703658750106117 -0.0587788713281772665087 -0.0146232364715811660044 -0.00853955284402075145977 0.999856608215558329 3.09469946551473196195
31344 749.720000 -0.398571355738455701534 0.00628588100058201024178 -0.0587782853109246258838 -0.0146228087702715437574 -0.00854203401988306784687 0.999856593276491345534 3.09468790390731429696
31345 749.727000 -0.398570770595418955029 0.00629006908286030858718 -0.0587777892819279432213 -0.0146227533310434171243 -0.0085451705685762706366 0.999856567286015018858 3.09467839477931727643
31346 749.734000 -0.398570208405688630737 0.00629464721275756547425 -0.0587771996822753564627 -0.0146223269780939475748 -0.00854765441608164484866 0.999856552290241729075 3.09466678628929869888
31347 749.741000 -0.398569617025634870267 0.00629916874779996079775 -0.0587766827666451191492 -0.0146222564010846690918 -0.00855093666817188444162 0.999856525257417971808 3.09465647482829409043
31348 749.748000 -0.398569062739344892599 0.00630372546733531588514 -0.0587760938538536975573 -0.0146218286082033174789 -0.00855340880791722810161 0.99985651036832112748 3.09464492457539241954
31349 749.754000 -0.398568567925270067498 0.00630794093711317671591 -0.0587755989250517557609 -0.0146215935515039714004 -0.00855599454850427404429 0.999856491682331705029 3.09463475005456922773
31350 749.760000 -0.39856807847391301225 0.00631182507379751331356 -0.0587751280968548533989 -0.0146213832815677204774 -0.00855844145576667263142 0.999856473815508017822 3.09462537839180740207
31351 749.767000 -0.398567478695395160937 0.00631604320725028152428 -0.0587746415982870681893 -0.014621355849858016368 -0.00856158564357414365864 0.999856447298500761178 3.09461578907963863472
31352 749.774000 -0.39856692870306215104 0.00632059709367511872447 -0.0587740570136820184022 -0.0146209372744794865312 -0.00856405066658278216196 0.999856432308856901692 3.09460424768714803534
31353 749.781000 -0.398566334275256839437 0.00632510832442836814365 -0.0587735502348482041768 -0.014620885410057803816 -0.0085673052384637286838 0.999856405185653218659 3.09459394119388830902
31354 749.788000 -0.398565769832925020921 0.00632968928768850962185 -0.0587729730803735195277 -0.0146204806801500074298 -0.00856977642747356986586 0.999856389926405686452 3.09458231450295828679
31355 749.796000 -0.398565118224669667768 0.006334545204819207187 -0.0587723796816441504398 -0.0146202465825623004192 -0.00857290353895538009832 0.999856366542103414119 3.09457061709356251455
31356 749.801000 -0.39856467713599785796 0.00633873829188255286105 -0.0587719526624150279126 -0.0146201748672332848544 -0.00857575662426341735201 0.999856343123937452155 3.09456105292829963815
31357 749.806000 -0.398564288871824934368 0.0063416758577443240949 -0.0587715579409285177048 -0.0146198669888614185552 -0.00857726708856330379016 0.999856334669396273895 3.09455341289122420889
31358 749.811000 -0.398563852897428794186 0.00634522412273820328454 -0.0587711819103006460896 -0.01461985097376874293 -0.00857984259314071087688 0.999856312806286062767 3.09454541128365212543
31359 749.817000 -0.398563369631880382027 0.00634877867025791277344 -0.0587707408799383324016 -0.0146196761508038154675 -0.00858215017397995043325 0.999856295558335106399 3.09453685187229643461
31360 749.824000 -0.398562807526556706073 0.0063530159167729735592 -0.0587701949418795999147 -0.0146193121445663820612 -0.00858448558889659575633 0.999856280832197352737 3.09452607986026162479
31361 749.829000 -0.398562374582984713101 0.00635688490023023251851 -0.0587697965876623068526 -0.0146192687003492190895 -0.00858719483675695650915 0.999856258202899028653 3.09451730302334437894
31362 749.834000 -0.398561981813016719123 0.00636013753403241559325 -0.058769376007242052351 -0.014618929257288899512 -0.00858884341831304617965 0.999856249005878994218 3.0945088971661625088
31363 749.839000 -0.39856155856070524246 0.00636334207477681768061 -0.058769026974466051505 -0.0146189365194323260544 -0.00859126045627733522791 0.999856228134232027926 3.09450172816981794455
31364 749.843000 -0.398561222930273184595 0.00636626105390416044405 -0.0587686913068296429286 -0.014618777511027108984 -0.00859304110231051340718 0.999856215157308159114 3.09449468657651616255
31365 749.849000 -0.39856073643558309616 0.00636950306002609725753 -0.0587682801031036566863 -0.0146186377141014674924 -0.00859521713517204244415 0.999856198497455439522 3.09448688177915842701
31366 749.854000 -0.398560340025685910792 0.00637275793522464918672 -0.0587678652870776835337 -0.014618303660647419609 -0.00859684976776829701262 0.999856189345325607754 3.09447845415927158541
31367 749.859000 -0.398559920008823009852 0.00637596070797281661707 -0.0587675107931098089642 -0.0146183051695448935903 -0.0085992894466644775181 0.999856168343718487712 3.09447131402481767637
31368 749.859000 -0.398559912208058864103 0.00637756088954110136879 -0.0587673863496555801134 -0.0146181611480068439357 -0.00859996295304486964295 0.999856164656625523435 3.09446742634282800921
31369 749.868000 -0.398559194963159946212 0.00638212500060731866003 -0.0587667595442835366537 -0.0146178086897104791975 -0.00860270811538049219591 0.999856146194137651584 3.09445588759007161883
31370 749.873000 -0.398558767750663400786 0.00638534153694321742617 -0.0587664105319486707035 -0.0146178181989061201779 -0.00860513827000932221556 0.999856125143241625253 3.094448695948705641
31371 749.878000 -0.398558377651400952413 0.00638858596700504245691 -0.0587659891531766981343 -0.0146174737422094941364 -0.00860678308411300801994 0.999856116021869745225 3.09444031219307680303
31372 749.883000 -0.398557959088162883088 0.00639146602810942467132 -0.0587656610420887182133 -0.0146175008396874587385 -0.00860906452968802395065 0.999856095984379744657 3.0944339338046304988
