26574 1498.539000 31.0371956963224846504 -0.0810026357952602082957 -0.141934932524337836801
26575 1498.546000 31.0370848296287817902 -0.0808558159872233284116 -0.141721874377994383476
26576 1498.555000 31.0369453624747499987 -0.0806634018738173058649 -0.141387892245284391146
26577 1498.565000 31.0367957124598987662 -0.0804641212083921503195 -0.140993180639551407562
26578 1498.574000 31.036667713665661239 -0.0803107232359973333136 -0.140666825807897938327
26579 1498.583000 31.0365481252895207831 -0.0801888357516824662463 -0.140405815429377578418
26580 1498.593000 31.036427323083437102 -0.080093372482882049801 -0.140220470664380925108
26581 1498.602000 31.0363308341296217918 -0.0800428344393935425893 -0.140156843278831017008
26582 1498.612000 31.0362377105072759775 -0.0800225740801769058752 -0.140192991485035528543
26583 1498.621000 31.0361659452896319067 -0.0800320550263128732693 -0.140302247551542247361
26584 1498.630000 31.0361040618571273342 -0.080062465368009164135 -0.140458253898917778679
26585 1498.639000 31.0360498555471515658 -0.0801081132253698285917 -0.1406331306356863875
26586 1498.648000 31.0360006574253972644 -0.0801631214460998137161 -0.14080022678917106238
26587 1498.658000 31.0359483930404920216 -0.080228289024515994643 -0.140949951732392858572
26588 1498.667000 31.0359004979725519036 -0.0802849405627379109074 -0.141035723392264777942
26589 1498.677000 31.0358433145575496326 -0.0803403095324629890062 -0.141067633550728877001
26590 1498.686000 31.0357862740042094174 -0.08037993861623241032 -0.141040154233169290343
26591 1498.695000 31.0357227382974585339 -0.0804080059603392849343 -0.140967022562878491199
26592 1498.704000 31.0356501824904071896 -0.0804246821959953700487 -0.140860923322893988319
26593 1498.714000 31.0355626262045127817 -0.0804283004782552074508 -0.140720037708492035078
26594 1498.723000 31.0354779196760723892 -0.0804213725450929478589 -0.140590554549945762064
26595 1498.732000 31.0353887872768332556 -0.0804066646455725841935 -0.140472594323155147711
26596 1498.741000 31.0352965315275106661 -0.0803867137783459972944 -0.140376904569549404433
26597 1498.750000 31.0352028979285101684 -0.0803637880374640928283 -0.140310281387586804902
26598 1498.759000 31.0351089206194394876 -0.0803402465371756274726 -0.140275783693746936009
26599 1498.769000 31.0350060686891424666 -0.0803155084371549171651 -0.140273637656967820053
26600 1498.776000 31.0349355343020931741 -0.0803001873423657419604 -0.140291879923960194354
26601 1498.785000 31.034847531624276229 -0.0802837079534780007073 -0.14033348669291501043
26602 1498.794000 31.0347622704262313675 -0.0802710542911248547959 -0.140388017467910436453
26603 1498.804000 31.0346713218451917271 -0.0802619751466500247483 -0.140453745246837097271
26604 1498.813000 31.0345923484441605922 -0.0802575294703662539542 -0.140508791499164176209
26605 1498.822000 31.0345155668180154862 -0.0802563399659171478051 -0.140553395832716504499
26606 1498.832000 31.034431783226494872 -0.0802576872256748896639 -0.14058522544253920783
26607 1498.840000 31.0343652972580876792 -0.0802601800742075710549 -0.140595139564192783688
26608 1498.849000 31.034290317941852777 -0.0802638050727811219742 -0.140589561984475641676
26609 1498.857000 31.0342228950227472239 -0.0802671610400912671768 -0.140570916184837052532
26610 1498.867000 31.0341369798798609736 -0.0802709840298730659125 -0.140532770943003398889
26611 1498.876000 31.034057647551559711 -0.0802736201828005840886 -0.140488458320308456928
26612 1498.884000 31.0339853904198683665 -0.0802751876116471474454 -0.14044477049259423973
26613 1498.893000 31.0339020725759446862 -0.0802759394003749876534 -0.140394673986785040176
26614 1498.902000 31.0338168054099590165 -0.0802756563543154388896 -0.140347193167568357053
26615 1498.911000 31.0337297625498571563 -0.0802743250886257392329 -0.140305374411387157041
26616 1498.920000 31.0336412865701873898 -0.080272254134106893475 -0.14027132152529478426
26617 1498.929000 31.0335520933736077609 -0.080269466367394598505 -0.140245892149677836569
26618 1498.938000 31.0334623125002870836 -0.0802661841123144120802 -0.140229222982130252717
26619 1498.947000 31.0333724692383263744 -0.0802626464847993048579 -0.140220476277067601645
26620 1498.956000 31.0332829672017460609 -0.080258990425335852148 -0.140218147607393595067
26621 1498.964000 31.0332037276512906487 -0.0802556888239338850344 -0.140220033464316634619
26622 1498.973000 31.0331155087066470344 -0.0802519913531395817641 -0.140224640616140261429
26623 1498.982000 31.0330281328020696208 -0.0802484783500894832686 -0.140230170626514716314
26624 1498.990000 31.0329508335558656995 -0.0802453173437077671437 -0.140234313230185564381
26625 1498.999000 31.0328646468296405203 -0.0802419318324541774867 -0.140236948364826696789
26626 1499.007000 31.0327884959454536329 -0.0802391684255338577536 -0.140236752357572103111
26627 1499.015000 31.0327126263214339019 -0.0802363328684684712355 -0.140233606681565731167
26628 1499.024000 31.032627352247988739 -0.080233269917569793872 -0.140226536911542021269
26629 1499.034000 31.0325324922410530348 -0.0802301094042503770698 -0.140214541299794909213
26630 1499.042000 31.0324563427299509044 -0.0802274974513746547133 -0.140202117847567170328
26631 1499.052000 31.0323606045337996306 -0.0802243783781891733886 -0.14018399240911647019
26632 1499.061000 31.0322739334800381528 -0.080221702447412807091 -0.140166047762044970737
26633 1499.070000 31.0321862718694347905 -0.0802188851810303887868 -0.140147244795067821288
26634 1499.079000 31.0320981372571225165 -0.0802162852689204675105 -0.140128434182698741184
26635 1499.088000 31.0320093202706956959 -0.0802136684608898559157 -0.140110154710748169293
26636 1499.097000 31.0319199566490055986 -0.0802111595336100352549 -0.140092868605360354461
26637 1499.106000 31.0318302039708697748 -0.0802087531923989099925 -0.140076799182286826362
26638 1499.116000 31.0317301431537906353 -0.0802061534765673711522 -0.140060550446664822122
26639 1499.125000 31.031639798804139474 -0.0802038296611831263982 -0.140047263746096523063
26640 1499.134000 31.0315494621414593723 -0.0802015542226971328565 -0.14003514176796039159
26641 1499.144000 31.0314491673712247177 -0.0801991711931707151884 -0.140022792793483952245
26642 1499.153000 31.03135906115047149 -0.0801969434250418417021 -0.140012325476529725377
26643 1499.162000 31.0312692132107095233 -0.0801948355177700411556 -0.140002303391176474712
26644 1499.172000 31.0311694206785553263 -0.08019231064787081531 -0.139991287742778525161
26645 1499.181000 31.0310799120903340054 -0.0801900819787035312736 -0.139981344491467818436
26646 1499.190000 31.0309904505645519635 -0.0801877407873638342606 -0.139971216312224838729
26647 1499.199000 31.0309010970287317832 -0.0801852294433713502775 -0.139960739747133605659
26648 1499.208000 31.0308117733799413429 -0.0801827051738081830745 -0.139949941365021257589
26649 1499.217000 31.030722337866411209 -0.0801800179131327145354 -0.139938787654240559544
26650 1499.226000 31.0306327491050097933 -0.0801771800721746141782 -0.13992727202753199589
26651 1499.235000 31.0305430322383948294 -0.0801743298869494747105 -0.139915470598673319369
26652 1499.244000 31.0304530503513760209 -0.0801713565962943741638 -0.139903424203645737611
26653 1499.253000 31.0303628030550520123 -0.0801682957415593561157 -0.139891163421675956968
26654 1499.262000 31.0302723639742410455 -0.0801653035988152268265 -0.139878779049508794596
26655 1499.271000 31.0301816462572972455 -0.0801622809096677046981 -0.139866309300109348257
26656 1499.280000 31.0300906965007179394 -0.080159266929133346502 -0.139853770612314382005
26657 1499.289000 31.0299996752682751833 -0.0801564377500724317693 -0.139841256868057678409
26658 1499.298000 31.0299083753053501766 -0.0801536057422007341966 -0.139828707438486327108
26659 1499.308000 31.0298069083140539703 -0.0801506210792052170566 -0.139814821951579737469
26660 1499.317000 31.029715424701116433 -0.0801480894855625125572 -0.139802422797212194672
26661 1499.325000 31.0296342768496060671 -0.0801458488479425135154 -0.139791371841247707986
26662 1499.334000 31.0295428955664682746 -0.0801434205332714338921 -0.139779041669447240404
26663 1499.342000 31.029461626335422153 -0.0801414343582441679459 -0.139768199470334253398
26664 1499.351000 31.029370394410008771 -0.0801390677535092355033 -0.139755973331576743846
26665 1499.360000 31.0292791851920242152 -0.0801368413903204290794 -0.139743873837570392604
26666 1499.368000 31.0291980050209907915 -0.0801347983682470094147 -0.139733210048644390655
26667 1499.377000 31.029106903682329488 -0.0801324926827368805293 -0.139721224136825750151
26668 1499.387000 31.0290055993426712178 -0.080129849001767214367 -0.139708008862304722264
26669 1499.396000 31.0289143884410769658 -0.0801273834827485736954 -0.139696183579998384205
26670 1499.405000 31.0288231168642738567 -0.0801247943004052554095 -0.139684378813338394565
26671 1499.414000 31.0287318894583989959 -0.0801222304196543139154 -0.139672638928416331661
26672 1499.424000 31.0286302516921814743 -0.0801191455847074240904 -0.139659548209301986876
26673 1499.434000 31.0285286134027238347 -0.0801160567600218698203 -0.139646470009868628459
26674 1499.443000 31.0284369485720681325 -0.0801132570389530701549 -0.139634710321642679931
26675 1499.452000 31.0283453538003186623 -0.0801104242124320437002 -0.139622854363827875179
26676 1499.462000 31.028243393754348034 -0.0801072691837629025091 -0.139609653342161160738
26677 1499.468000 31.0281820618260546496 -0.080105370994124569517 -0.139601733472667965952
26678 1499.474000 31.0281208607402838595 -0.0801034754693839556872 -0.139593731326550701821
26679 1499.480000 31.0280595915323189615 -0.0801016289234551953635 -0.139585736410673899588
26680 1499.487000 31.0279881024442296678 -0.0800995459108683333094 -0.139576387887211966765
26681 1499.494000 31.0279165228782645158 -0.0800974653230854538588 -0.139567033294183046044
26682 1499.500000 31.0278552133118594725 -0.0800956837784326247665 -0.139558958127466520294
26683 1499.506000 31.0277938942852173909 -0.0800939435052171189167 -0.139550888339042528097
26684 1499.512000 31.0277325656141123034 -0.0800922284726800076671 -0.139542809896456454499
26685 1499.518000 31.0276711319799218813 -0.0800905164474209479986 -0.139534755166610291433
26686 1499.525000 31.0275996691442799147 -0.0800885725991136165902 -0.139525295801377513527
26687 1499.533000 31.0275179319170568704 -0.0800863612061595842029 -0.139514513934587969235
26688 1499.542000 31.0274258749283795566 -0.080083929258531708073 -0.139502441985457387164
26689 1499.551000 31.0273340062159199704 -0.0800813799398358838744 -0.139490299613146628843
26690 1499.560000 31.0272421320694462565 -0.0800789477427507473406 -0.139478230770222116908
26691 1499.569000 31.0271501913903442471 -0.0800764661782154135716 -0.139466211113888710615
26692 1499.578000 31.027058299043154932 -0.0800738876378045000282 -0.139454171839792279153
26693 1499.588000 31.0269563647817641083 -0.0800711632449419008495 -0.139440902070003591717
26694 1499.597000 31.0268642834437784472 -0.0800684506611480384386 -0.139428898203928314237
26695 1499.606000 31.0267723904492846998 -0.0800658656582571293114 -0.139416958628923809416
26696 1499.616000 31.026670110552789339 -0.0800629250390739455323 -0.139403748064015509112
26697 1499.625000 31.0265782475077216418 -0.080060233013164228133 -0.139391787956978430163
26698 1499.634000 31.0264862468212747615 -0.0800575019814407790042 -0.139379861301641483351
26699 1499.643000 31.0263941576303210468 -0.0800548311546150082041 -0.139367973383425020062
26700 1499.652000 31.026302213060663604 -0.0800521499906303030114 -0.139356019314709173029
26701 1499.661000 31.0262101511048236091 -0.0800494285288142204404 -0.139344073790591632678
26702 1499.671000 31.0261078848488907056 -0.0800465034234098954391 -0.139330811567623058522
26703 1499.680000 31.026015799208760626 -0.0800438143856948974841 -0.139318840432661461559
26704 1499.689000 31.0259238237337768851 -0.0800412549468811906905 -0.139306899072475232071
26705 1499.699000 31.0258214593464884956 -0.0800382869567095311947 -0.139293564894215127214
26706 1499.708000 31.0257294744610376824 -0.0800357380142351498842 -0.139281583624174309932
26707 1499.717000 31.0256373646946919109 -0.0800331987212074547067 -0.13926963937461953047
26708 1499.726000 31.0255454460538366845 -0.080030544758954824669 -0.139257603261078444223
26709 1499.736000 31.0254432884284483407 -0.0800276935327468436077 -0.139244277866543475497
26710 1499.744000 31.0253615586047430952 -0.0800254622883480454254 -0.139233649523754388078
26711 1499.754000 31.0252594725378685325 -0.0800225855489517523544 -0.139220310802084634716
26712 1499.763000 31.0251677374445300472 -0.0800200782308290448075 -0.139208370264008174377
26713 1499.770000 31.0250961094886363867 -0.0800179505699208926117 -0.139199018623450021526
26714 1499.777000 31.0250246999857601793 -0.0800159623154724219951 -0.139189698361124769566
26715 1499.785000 31.0249430831757635474 -0.0800136451894816747021 -0.139179054023962328612
26716 1499.795000 31.0248410273606936016 -0.0800106983019595457973 -0.139165766176613248106
26717 1499.803000 31.0247594318592980756 -0.0800083571430360573906 -0.139155120807678833739
26718 1499.813000 31.0246576221074086277 -0.080005549266109060591 -0.139141879720997369008
26719 1499.819000 31.0245962611638042006 -0.0800037307726217256088 -0.139133888501586644448
26720 1499.826000 31.024524887016884378 -0.0800016238630771869822 -0.139124566519573666934
26721 1499.832000 31.0244637317343574523 -0.0799998670914340015425 -0.139116597035106759339
26722 1499.838000 31.0244027403838238399 -0.0799982260627200986169 -0.13910867964268042174
26723 1499.844000 31.0243414088346511903 -0.0799964089369730457779 -0.139100694127403695655
26724 1499.850000 31.0242802842626410609 -0.0799946393767520247398 -0.139092710531960678244
26725 1499.857000 31.0242089503805296147 -0.0799925560736405721896 -0.139083413258175775384
26726 1499.865000 31.0241274520925536251 -0.0799903253522267349007 -0.139072845338292311324
26727 1499.874000 31.0240357801140405059 -0.0799876041077061533668 -0.139060858633675898943
26728 1499.883000 31.0239441903927115618 -0.0799850335323201711013 -0.139048920598823178008
26729 1499.891000 31.0238626435780204815 -0.0799827253699467305426 -0.139038349776492736742
26730 1499.901000 31.0237609803225886651 -0.0799797773631746866663 -0.13902503732070867204
26731 1499.910000 31.0236694862186048738 -0.0799772173103866917954 -0.139013098594785028395
26732 1499.919000 31.0235779483330915696 -0.0799746283349575398658 -0.139001179964674564937
26733 1499.928000 31.0234864890524661973 -0.0799719701548314010342 -0.138989211798315470681
26734 1499.938000 31.0233850810459586 -0.079969194766837919941 -0.138975987860421507092
26735 1499.947000 31.023293521942733264 -0.0799664710118164756558 -0.138963999542169730494
26736 1499.956000 31.023202203622055606 -0.0799639053398789184657 -0.138952056324285116995
26737 1499.965000 31.0231108651783884511 -0.0799613557141704983655 -0.138940153685138484407
26738 1499.974000 31.0230195778586050892 -0.0799586396342600591591 -0.138928164101331269586
26739 1499.983000 31.0229283815159107007 -0.0799560668199162383196 -0.138916223317715997743
26740 1499.992000 31.0228370759332250373 -0.0799534897344182649004 -0.138904325003818385209
26741 1500.001000 31.0227459741878632826 -0.0799507891374988954869 -0.13889233873007805764
26742 1500.010000 31.0226548856326935777 -0.07994821321526970892 -0.138880403053619372322
26743 1500.018000 31.0225738111722044721 -0.0799458704850504325856 -0.138869822383477420358
26744 1500.027000 31.0224828408676138736 -0.0799432647009241242886 -0.138857863681787513377
26745 1500.037000 31.0223817211548222872 -0.0799403598097004619571 -0.138844605118237929275
26746 1500.046000 31.0222907368096905145 -0.079937741486148253256 -0.13883268612162577571
26747 1500.055000 31.0221997732974408279 -0.079935085688944571003 -0.138820749319708752756
26748 1500.064000 31.0221089568774530676 -0.0799325411746674291402 -0.138808854011511634274
26749 1500.072000 31.0220281131750077463 -0.0799301490987783802566 -0.138798233497365308686
26750 1500.081000 31.0219373282805754855 -0.0799275801716321648849 -0.138786315267088705694
26751 1500.090000 31.0218465312346900475 -0.0799250306629681606108 -0.138774438793881987886
26752 1500.099000 31.0217557945574675671 -0.0799223176869737483852 -0.138762475778138577587
26753 1500.108000 31.0216651592139349702 -0.0799197503112257651159 -0.138750561191251009507
26754 1500.117000 31.0215744258512025056 -0.0799171802609620757218 -0.138738688021241146631
26755 1500.126000 31.0214839080866191523 -0.0799144875187405567818 -0.138726725280603008228
26756 1500.135000 31.0213934155119304137 -0.079911919464033198679 -0.13871481111568598199
26757 1500.142000 31.0213229285496474574 -0.0799099275934212899264 -0.138705587031400540132
26758 1500.152000 31.0212225285851879164 -0.0799069836632043534186 -0.138692306262439501996
26759 1500.160000 31.0211421886561424799 -0.0799046637432616890795 -0.138681712118501027087
26760 1500.169000 31.0210518016118470541 -0.079902063760772454315 -0.13866982072202996279
26761 1500.178000 31.0209615061088079813 -0.0798993944377129339252 -0.138657881661003096196
26762 1500.187000 31.0208712916007982585 -0.0798968248371542399955 -0.138645972115574556138
26763 1500.197000 31.0207710374058933667 -0.0798938761637888184008 -0.138632737751211682076
26764 1500.205000 31.0206909096361265199 -0.0798915544920475451107 -0.13862214853107718282
26765 1500.213000 31.0206109897910806694 -0.0798893485551951110235 -0.138611611443897914109
26766 1500.221000 31.0205307940201464589 -0.0798869502341724574412 -0.138600992747247742098
26767 1500.229000 31.0204507828617330745 -0.0798846271316904499304 -0.138590404777910902734
26768 1500.238000 31.0203609674834162035 -0.0798820914145731003631 -0.138578543620423516591
26769 1500.246000 31.020280900131265156 -0.0798796939878206463392 -0.138567929166633296845
26770 1500.256000 31.0201810574825280753 -0.0798767920969032652057 -0.138554700062297198038
26771 1500.264000 31.0201012835822957925 -0.0798744987645657461561 -0.138544146517910221617
26772 1500.273000 31.0200114658908780996 -0.0798718581632381074975 -0.138532229196356271306
26773 1500.281000 31.0199317406895715976 -0.079869539065812344969 -0.138521652818589136036
26774 1500.289000 31.01985210211822519 -0.079867246128932270488 -0.138511102349722220461
26775 1500.298000 31.0197624380549257239 -0.0798646057988932345229 -0.138499188219714935988
26776 1500.307000 31.0196728790476363713 -0.0798619565042191087434 -0.138487287463100433582
26777 1500.315000 31.0195933290885825784 -0.0798597369822253017047 -0.13847676456073704232
26778 1500.325000 31.0194939707536434526 -0.0798567741599715552603 -0.138463512324506626827
26779 1500.334000 31.0194045887160818609 -0.0798541245747728389848 -0.138451614315128035404
26780 1500.342000 31.0193251150718154463 -0.0798518839493152776665 -0.138441095424131105363
