5660 561.194000 27.9880764381567885835 -0.0692312004128400465541 3.16566161293784675834
5661 561.200000 27.9879657399427230757 -0.0681941464291544729992 3.16451572692007010446
5662 561.207000 27.9878669633377477055 -0.0673921401518430829292 3.16332538353357195504
5663 561.214000 27.9877983984185512156 -0.0669876507721385988647 3.16231122418769183824
5664 561.222000 27.987755083589345162 -0.0669356933072973031562 3.16137650535110958927
5665 561.229000 27.987746695310097067 -0.0671734067266742257418 3.16075236509320367517
5666 561.237000 27.9877693369800688572 -0.0676765830858147426907 3.1602494854680087677
5667 561.245000 27.9878239847095073856 -0.0683346405790542232861 3.15995380625809252351
5668 561.253000 27.9879070243309726607 -0.0690635104678110067766 3.15984345831571289409
5669 561.261000 27.9880136495181126577 -0.0697945953326075119172 3.15989351214092106801
5670 561.268000 27.9881217857872925947 -0.0703947890729977737712 3.16004736046942635852
5671 561.276000 27.9882566829710555112 -0.071002371307356176855 3.16032264614567059979
5672 561.284000 27.9883975178447172993 -0.0715045657730851991207 3.16067493663556886574
5673 561.292000 27.9885382059598057936 -0.071890833637313605875 3.16107399717976855769
5674 561.300000 27.9886733514399494993 -0.0721609395451016377709 3.16149115412955206139
5675 561.307000 27.9887835460152203382 -0.0723078595251916561581 3.16185078075019099231
5676 561.314000 27.9888838234081269718 -0.0723803325213858983478 3.16219014674419263145
5677 561.323000 27.9889957350884834852 -0.0723817972432009154593 3.16257875756234785314
5678 561.331000 27.9890779257949198211 -0.0723157941798368009145 3.16286727185810967455
5679 561.337000 27.9891288040315515673 -0.0722363687081499089571 3.1630448022210608805
5680 561.344000 27.9891772317126381608 -0.0721224932849880290275 3.16320908869813699482
5681 561.350000 27.9892079467752381561 -0.0720145367727177132533 3.1633141831631381713
5682 561.355000 27.9892293074847984258 -0.071921472154089199913 3.16337908099642195481
5683 561.362000 27.9892503514923376429 -0.071792935954505116003 3.16343785618133566118
5684 561.370000 27.989266413560542901 -0.0716569933564655953129 3.16346591926146381013
5685 561.377000 27.9892742575904485136 -0.07155285632885313718 3.16346297029004208667
5686 561.385000 27.9892789975121090151 -0.0714554571988560704998 3.16343581046729172002
5687 561.390000 27.9892808713930953957 -0.0714073823829619591663 3.16340928018633427143
5688 561.398000 27.9892828380182479009 -0.0713511056389119213694 3.16335615489885979557
5689 561.405000 27.9892849234813390069 -0.0713219571413708369745 3.16330238682260711514
5690 561.413000 27.9892896701663858039 -0.071310051897884238481 3.16323559225419126406
5691 561.420000 27.989296725832048196 -0.0713156561723276016806 3.16317421049347258233
5692 561.426000 27.9893047372910857007 -0.0713300111262038655235 3.16312006187835592641
5693 561.434000 27.9893196279448162045 -0.0713602324588836489649 3.16304572264157668471
5694 561.442000 27.989338669630388523 -0.0713988309040096552627 3.16296905855601284685
5695 561.449000 27.9893585073305253275 -0.0714360854604605549634 3.16290011274203575198
5696 561.457000 27.9893850849400216418 -0.071479690526935951711 3.16281934425976141156
5697 561.465000 27.9894145788255457319 -0.0715208848504143290814 3.16273743180036293055
5698 561.473000 27.9894460781619400791 -0.0715569923143240388397 3.16265595328169757394
5699 561.482000 27.9894837375165899118 -0.071589267690029989577 3.16256774331446255388
5700 561.489000 27.9895137976777412803 -0.0716070504924646300537 3.16250426186736666168
5701 561.496000 27.9895439947015205462 -0.071618070980801723513 3.16244755482566652915
5702 561.504000 27.9895783321692412926 -0.0716223001441078921392 3.16239397860983606492
5703 561.511000 27.9896078289509588899 -0.0716192305562821512899 3.16235914179451826911
5704 561.516000 27.9896284632191338915 -0.0716135442287695600516 3.16234215403498097885
5705 561.521000 27.9896490676173215206 -0.0716054930558013141839 3.16233223669206164885
5706 561.527000 27.9896725402530499593 -0.0715929028439874076684 3.16233008201547116656
5707 561.532000 27.9896918300537436153 -0.0715807084766811596577 3.16233657007145829709
5708 561.537000 27.9897106533812625173 -0.0715674503357128094505 3.16235043912426050383
5709 561.542000 27.9897288519154763264 -0.0715535818273704271597 3.1623714011271220059
5710 561.549000 27.9897542533522347696 -0.0715342349050365339247 3.1624117562995159858
5711 561.557000 27.9897818553692836474 -0.0715132336799819412487 3.1624713640665746972
5712 561.565000 27.9898089286227254036 -0.0714953279360304311263 3.16254175758446542943
5713 561.573000 27.9898355340071667285 -0.0714819287067250674905 3.16261846418758230115
5714 561.581000 27.9898620899001890905 -0.0714738640952772008585 3.16269680566404742805
5715 561.589000 27.9898880609424871579 -0.0714715210715817783615 3.16277186315668679129
5716 561.598000 27.9899172247810881231 -0.0714758104644158398511 3.16284681568481262914
5717 561.606000 27.9899431730241019523 -0.0714852012440656964243 3.16290081417444080003
5718 561.614000 27.9899687262560128431 -0.0714987867875671867512 3.16293989471384762169
5719 561.623000 27.9899976911044099381 -0.0715178347123674729158 3.16296387972935688637
5720 561.631000 27.9900232867449716423 -0.0715363770679000310349 3.16296692383249222758
5721 561.640000 27.9900520658642939509 -0.0715572546402148262912 3.16295070350965579209
5722 561.648000 27.990077815846639453 -0.0715743275896623259991 3.16292085265114053527
5723 561.656000 27.9901030744227021785 -0.0715883778026356609736 3.16287937275517316849
5724 561.664000 27.9901282864533129668 -0.0715987167299609456039 3.16282952660817606727
5725 561.672000 27.9901538864337773305 -0.0716048371101118130699 3.16277494004503045844
5726 561.680000 27.9901791749832398182 -0.0716060801291999726725 3.16271942156043239791
5727 561.688000 27.9902046700657081146 -0.0716028371454207890334 3.16266639172990204898
5728 561.694000 27.9902241529405699794 -0.0715977813384471306613 3.16263009461058519634
5729 561.700000 27.9902439005637369007 -0.0715907299491287951732 3.16259799569531008245
5730 561.705000 27.99026052418670929 -0.0715835168135926930288 3.16257513188898764511
5731 561.710000 27.9902773377895037754 -0.0715754721914475394717 3.16255609988975905367
5732 561.718000 27.9903045885842090001 -0.0715613087786146490066 3.16253431786193894837
5733 561.726000 27.9903325648687300031 -0.0715468650664492361591 3.16252329369250428925
5734 561.734000 27.9903613826537736031 -0.0715329679808993784684 3.16252279382268897123
5735 561.742000 27.9903912556234004683 -0.0715208457085746429627 3.16253167011393054864
5736 561.751000 27.9904254628935689198 -0.0715100674962169807758 3.16255095914747208496
5737 561.759000 27.9904566571874404701 -0.0715037546897090009468 3.16257423311359708862
5738 561.767000 27.9904881298918546406 -0.0715006217953595424319 3.162601102649869933
5739 561.775000 27.9905202391407250673 -0.0715008631561025453927 3.1626294109385502118
5740 561.784000 27.9905568334443017875 -0.0715048482613517971673 3.162660473769971059
5741 561.792000 27.9905897111428707547 -0.0715111833832929727484 3.16268545413696378077
5742 561.800000 27.9906224448402234373 -0.0715193721437998447543 3.16270656211369782795
5743 561.808000 27.9906549136234730213 -0.0715286044460279185619 3.16272282068425614199
5744 561.817000 27.990691300002890074 -0.0715394643679548997151 3.16273461406132438967
5745 561.825000 27.9907232538462018567 -0.0715486967496714032499 3.16273916927056797377
5746 561.833000 27.9907550512974054868 -0.0715567670646934939072 3.16273848673905444429
5747 561.842000 27.9907901197774613422 -0.071563956649010954103 3.16273202723696789107
5748 561.850000 27.9908209220567734121 -0.0715682797545033055897 3.1627221844725093014
5749 561.858000 27.9908512756110106068 -0.0715703541845287560808 3.1627095201887316378
5750 561.867000 27.9908852722272385449 -0.0715702470710804228293 3.16269308699661211293
5751 561.875000 27.9909152748006064826 -0.0715681058342926557092 3.16267769073523963286
5752 561.882000 27.9909416913274746719 -0.0715649219240496736738 3.16266440999106146492
5753 561.890000 27.9909717100219239683 -0.0715602295926970194406 3.16265006216050847954
5754 561.898000 27.991002012616348793 -0.0715546575661774597599 3.16263739605063465277
5755 561.906000 27.9910328798438143849 -0.0715489002378450339448 3.16262680209391611186
5756 561.914000 27.9910637195108265018 -0.0715432154905337874817 3.16261855042529482773
5757 561.922000 27.991095140360695126 -0.0715381555909241489966 3.16261279063516198562
5758 561.931000 27.9911311401828264422 -0.0715334825229444193351 3.16260924195880699372
5759 561.939000 27.9911636772051082289 -0.0715304525812162222964 3.16260848263898353139
5760 561.947000 27.9911969982312207605 -0.0715287721496535994214 3.16260959600044477824
5761 561.955000 27.991230588761961684 -0.0715282661507820050062 3.1626122248252217517
5762 561.964000 27.9912688116401682237 -0.0715289903637954110893 3.16261647348028995808
5763 561.972000 27.9913029076677126739 -0.0715305248100354812424 3.16262092708699427135
5764 561.980000 27.9913374401713745954 -0.0715328119333704937066 3.16262556985594134318
5765 561.988000 27.9913724079707897374 -0.0715356771901501514721 3.16262998761580993445
5766 561.997000 27.9914116708816251844 -0.0715390136938905407682 3.16263438746885006125
5767 562.002000 27.9914333320783370596 -0.0715407995635379684307 3.16263643911399228159
5768 562.008000 27.9914595873205485077 -0.071542865500922633859 3.16263844873388055845
5769 562.014000 27.9914859789882513041 -0.0715448108450066760922 3.16263989805387213394
5770 562.020000 27.9915119187754690699 -0.0715462821185098990506 3.16264079171645784427
5771 562.027000 27.9915421450634021028 -0.0715476663374325916323 3.16264109538869453431
5772 562.032000 27.9915640157259986154 -0.0715484647168082854574 3.16264084852706739426
5773 562.039000 27.9915938349930577544 -0.0715488489016569279011 3.1626399184436193579
5774 562.047000 27.9916284226969018789 -0.071549007432613803692 3.16263800109686421536
5775 562.055000 27.9916626630090128458 -0.0715485061110913561633 3.16263538456434600832
5776 562.064000 27.9917009922551969225 -0.0715473357643698765207 3.16263179599487909144
5777 562.072000 27.9917347507512310756 -0.0715458294950962886416 3.1626282356070598567
5778 562.078000 27.9917604924230190022 -0.0715447546204332346376 3.16262540785823098588
5779 562.083000 27.991781617819626149 -0.0715436883872609397095 3.16262302146138774006
5780 562.088000 27.9918029667469383526 -0.0715426652634794518759 3.16262066107232175938
5781 562.093000 27.991824176062149121 -0.071541618236124746022 3.16261832908443851764
5782 562.097000 27.991841347039496668 -0.0715409054012531020472 3.162616518039148783
5783 562.102000 27.9918626440816851186 -0.0715399750977616516456 3.16261433392537982812
5784 562.107000 27.991883930794546842 -0.0715391541347174947374 3.16261227080581397431
5785 562.112000 27.9919054508489359989 -0.0715384322045281295654 3.1626103557007132494
5786 562.116000 27.99192292800164239 -0.0715380421703086522012 3.1626089017749223764
5787 562.121000 27.9919444102344989744 -0.0715375696663418381149 3.16260721496443908407
5788 562.126000 27.9919661546808846708 -0.0715372022703436999391 3.16260571945297197516
5789 562.131000 27.9919880153650453281 -0.0715371014860973902794 3.16260430511709733636
5790 562.135000 27.9920055363380591018 -0.0715369356557420815745 3.16260337811710812161
5791 562.140000 27.9920275621565686208 -0.0715370469251321722259 3.16260224050343374813
5792 562.145000 27.9920497206208942487 -0.0715371259145384519318 3.16260133226820849828
5793 562.149000 27.9920674022349764698 -0.0715373246315238464632 3.16260063850200889846
5794 562.154000 27.9920897161533162034 -0.0715375527085911622205 3.16259996023238754148
5795 562.159000 27.9921120315787810284 -0.0715378872141934629703 3.16259933906832824135
5796 562.164000 27.9921347066226964273 -0.0715383563077914286232 3.16259882932963298785
5797 562.168000 27.9921524151263554359 -0.0715385705662392040738 3.16259847844015418161
5798 562.174000 27.9921796598339867046 -0.0715391131373167704632 3.16259803539458639321
5799 562.182000 27.9922158852839046972 -0.071539769624667459702 3.1625975290926207073
5800 562.191000 27.992256696063432031 -0.0715403671051463713182 3.16259703080483856041
5801 562.200000 27.9922974068853953611 -0.0715406704644672153393 3.16259655906853032192
5802 562.208000 27.9923336958741479918 -0.0715409534416232284482 3.16259599193909268777
5803 562.217000 27.9923746479296866596 -0.0715409973136856142117 3.16259528881025575586
5804 562.226000 27.992415598160452106 -0.071540831108126631821 3.16259442505638554977
5805 562.234000 27.9924519653779206863 -0.0715404787830214577982 3.16259353406475351989
5806 562.242000 27.9924885833127667922 -0.0715401459670315931216 3.16259246384280912068
5807 562.251000 27.9925294506105473147 -0.071539589404515879778 3.16259109280705663636
5808 562.260000 27.9925702712447517229 -0.071538963057933349643 3.16258957578180854853
5809 562.268000 27.9926063873868926635 -0.0715384007722512094141 3.16258806991526952856
5810 562.276000 27.9926426322531085589 -0.0715379427109033155796 3.16258647397755954245
5811 562.284000 27.9926789312291006695 -0.0715374616041213190476 3.16258485827328694739
5812 562.292000 27.9927155448876519017 -0.0715371925392712521008 3.16258316703241826318
5813 562.299000 27.9927472047976309 -0.0715368903255607646585 3.16258168084328428193
5814 562.307000 27.9927835875636397134 -0.0715366512435706841666 3.162579981569098031
5815 562.316000 27.9928247006813961661 -0.0715365470747562071097 3.16257806633178839562
5816 562.324000 27.9928615131344393774 -0.0715366082382476176083 3.16257636386686957763
5817 562.333000 27.9929028475857748504 -0.071536653251391246755 3.16257452576895170537
5818 562.341000 27.9929397106081587765 -0.0715367719776299482159 3.16257293004243056345
5819 562.349000 27.9929765283035152379 -0.0715367993067877738778 3.16257139904635442562
5820 562.358000 27.9930182058423575597 -0.0715368833711380047724 3.16256973063789903478
5821 562.366000 27.9930553038904790242 -0.0715369607608016266909 3.16256828118635979763
5822 562.375000 27.9930971804821737692 -0.0715369623375425173206 3.16256672494095392167
5823 562.383000 27.9931344628124989526 -0.0715368585801645917588 3.16256541222049358808
5824 562.391000 27.9931720783172792721 -0.0715368333623353086503 3.16256410159278678051
5825 562.399000 27.9932095351176180031 -0.0715367122902212382307 3.16256281518309600997
5826 562.407000 27.993246718896145353 -0.0715363970664136539224 3.16256157205296828394
5827 562.415000 27.9932840987312836489 -0.0715360918289370956158 3.16256034155702181465
5828 562.423000 27.9933217481475438149 -0.0715358909137049775451 3.16255907382466716626
5829 562.432000 27.9933639235955027402 -0.0715355559920352462866 3.16255768008820181691
5830 562.440000 27.9934014372249251323 -0.0715352965219772235494 3.16255642578501472428
5831 562.448000 27.9934388129375619769 -0.0715349406915445629185 3.16255517688256171382
5832 562.453000 27.9934625230449043443 -0.0715348613591981485893 3.16255438628460394668
5833 562.459000 27.9934905038692711798 -0.0715345706297327160739 3.16255343331235794224
5834 562.467000 27.9935280416758480726 -0.0715343646861708593043 3.16255213130705881142
5835 562.472000 27.9935515785677395684 -0.0715342262490424596333 3.162551325963336879
5836 562.479000 27.9935842393356324465 -0.0715339785908011976945 3.16255017882387656769
5837 562.484000 27.9936076945609109146 -0.0715338723528450570743 3.16254932553072265478
5838 562.491000 27.9936405165260815409 -0.0715337122182270607196 3.16254815133456324006
5839 562.497000 27.9936687869473317392 -0.0715336203585154178919 3.16254713148985722171
5840 562.502000 27.9936922787894424403 -0.0715335507311354451554 3.1625462510243855796
5841 562.508000 27.9937207154312162061 -0.0715335291726233724052 3.16254521260890442136
5842 562.514000 27.9937486958316270602 -0.0715333288950288637142 3.1625441854231728378
5843 562.522000 27.9937865667890939392 -0.0715333144901694889528 3.16254274139038260572
5844 562.531000 27.993829024843378761 -0.0715332136170712118428 3.16254113712409701265
5845 562.539000 27.9938668248269451055 -0.0715331636139680537845 3.16253969468097384521
5846 562.547000 27.9939045218865381059 -0.0715330013421190957779 3.16253826526407877395
5847 562.556000 27.9939471231188115041 -0.0715328661249333697114 3.16253665244245762977
5848 562.564000 27.9939849888770098119 -0.0715327588278779763487 3.16253520537933674461
5849 562.572000 27.9940229183769346832 -0.0715325488358516808907 3.16253381220733054136
5850 562.580000 27.9940611561939256546 -0.0715324522938037693498 3.16253239715107303809
5851 562.589000 27.994103910472048824 -0.0715322309819034773959 3.16253082278454611398
5852 562.596000 27.9941369949938945183 -0.0715319764610429786877 3.16252961962824041819
5853 562.604000 27.9941749628703924202 -0.0715316955946557336832 3.16252826060623171145
5854 562.612000 27.9942131990953804177 -0.0715315401405419992731 3.16252686997032350646
5855 562.620000 27.9942512919747485967 -0.0715313461330675526284 3.1625255093271986695
5856 562.629000 27.9942941420200313019 -0.071531076281271935291 3.16252400193714855448
5857 562.637000 27.9943321124825494906 -0.0715307808899275504588 3.16252267619514082497
5858 562.645000 27.9943701767976378392 -0.0715305798953087962344 3.16252133263368140348
5859 562.653000 27.9944082771848989921 -0.0715303024947083615492 3.16252003905629219815
5860 562.662000 27.9944511636709911784 -0.0715300584447427639789 3.16251855334734566227
5861 562.670000 27.9944895564004880839 -0.0715299319973386332761 3.16251722793214629093
5862 562.679000 27.994532461793685485 -0.0715297086515626762138 3.16251573659448270703
5863 562.687000 27.9945706691017797141 -0.0715295566263922377725 3.16251439921357890839
5864 562.696000 27.9946135981808481574 -0.0715293493313745309958 3.16251289405398816612
5865 562.704000 27.9946515207079258403 -0.0715290620615892658307 3.16251156524724885699
