10801 1083.191000 -0.345628894118490015419 -0.012096440869830180076 -0.0535306858870400192885 -0.013988281974425280027 -0.0220642039891942032259 0.999658691189011183731 3.04879846788638486643
10802 1083.197000 -0.345627477866340904189 -0.012096096310396957027 -0.0535304474262820462194 -0.0139948242039487913413 -0.022065511803883625791 0.999658570755202036118 3.04880068643493418179
10803 1083.204000 -0.345625700845714756149 -0.0120954821019520035452 -0.0535303133969535910319 -0.0140022224447360846972 -0.0220664045399082790755 0.999658447449572329369 3.04880213372858577259
10804 1083.211000 -0.345623810256240671102 -0.0120946683613665333101 -0.0535304097978356804854 -0.0140091425237875918941 -0.022066790804466589887 0.999658341969565156226 3.04880234833249685877
10805 1083.216000 -0.345622098166264601904 -0.0120935919208087563903 -0.053530900339111911479 -0.0140147931084003522784 -0.0220671157634221189181 0.999658255593386391169 3.04880098782085928732
10806 1083.223000 -0.345620384544375769398 -0.0120928692766603586989 -0.0535312240776699282963 -0.0140192961938375541819 -0.0220669116336034212833 0.999658196957932343452 3.04879996059631563909
10807 1083.229000 -0.345618627277975154488 -0.0120918001375213673282 -0.0535319390509960829627 -0.0140233449029072854836 -0.022067008682195320135 0.999658138027972986706 3.04879757158765141156
10808 1083.236000 -0.345616580366378878253 -0.0120904283041005401744 -0.0535329940718361138585 -0.0140270705064374674731 -0.0220673708962654049892 0.999658077761958585583 3.04879391693272072672
10809 1083.242000 -0.34561485667070301897 -0.0120891597132051914487 -0.0535340423742052817779 -0.0140293581911365289328 -0.0220680050662920221316 0.999658031659396595359 3.04879015693657784425
10810 1083.250000 -0.345612647266288319781 -0.0120873615858542067525 -0.0535355548369019773602 -0.0140310773796027288968 -0.0220694353335623011381 0.999657975955589139794 3.04878445321704250048
10811 1083.258000 -0.345610590601808820299 -0.012085479107013349237 -0.0535370728631375525364 -0.0140312999016830707716 -0.0220716026887688467062 0.99965792498124972365 3.04877823448487506042
10812 1083.266000 -0.345608737142212574245 -0.0120835589549391914099 -0.0535384551683605602879 -0.0140301162577473898657 -0.0220745017554628657208 0.999657877581146325774 3.04877180941223535626
10813 1083.273000 -0.345607315242297263858 -0.0120818876853961715973 -0.0535394489904073983544 -0.0140280440017366819089 -0.0220775776437859005963 0.999657838736268677948 3.04876625672109691223
10814 1083.280000 -0.345606102315814511794 -0.012080260980345295177 -0.0535401622447097130797 -0.0140251418453816740356 -0.0220810641535681626002 0.999657802451450305803 3.04876096802717366785
10815 1083.286000 -0.345605132496467182257 -0.0120785510887937951041 -0.0535404424627593245045 -0.0140214290679063751516 -0.0220848796972352504064 0.999657770247224242155 3.04875564674221344319
10816 1083.293000 -0.3456043651592562993 -0.0120771170144160569504 -0.0535404783953919785611 -0.0140174009048449378645 -0.0220888019259737750088 0.999657740079747614281 3.04875137122552342106
10817 1083.300000 -0.345603822274516525592 -0.0120758164643674469063 -0.053540136062197402067 -0.0140130604909814299175 -0.0220927807969675364663 0.999657713005973502796 3.04874778811903679454
10818 1083.307000 -0.345603523043405636006 -0.0120749719897999818752 -0.0535395435096750471615 -0.0140092134099483386911 -0.0220961953465916537132 0.999657691457850883232 3.04874579310079907302
10819 1083.314000 -0.345603367754352686081 -0.012073967503999877976 -0.0535385095822112910824 -0.0140047264064011751927 -0.022099981225937960494 0.999657670639352069486 3.04874368281036023376
10820 1083.321000 -0.345603384669066704404 -0.0120731395564253433939 -0.0535371937942038661484 -0.014000451663048829945 -0.0221035094358133753223 0.999657652511024008568 3.04874240453395328743
10821 1083.329000 -0.34560355250170848862 -0.0120726353908967593692 -0.0535355680935982874979 -0.0139964012702766503471 -0.0221067673612487768098 0.999657637188011150009 3.04874239907594368759
10822 1083.336000 -0.345603848020656634343 -0.0120719580623284486465 -0.0535337791161099169068 -0.0139927638962919140275 -0.0221098957858573003099 0.999657618921038992887 3.04874235179596819734
10823 1083.343000 -0.345604181370746832425 -0.0120716652044361751062 -0.0535320998622039051495 -0.0139901587722459259944 -0.022112244521427903976 0.999657603432171026903 3.04874344752372339329
10824 1083.349000 -0.345604483816338070579 -0.0120715294627022802498 -0.053530714579419345911 -0.0139885324068028445849 -0.0221139235942294128112 0.999657589049556705163 3.04874485826586161252
10825 1083.356000 -0.345604821132727391131 -0.0120714883810419185139 -0.0535292381693008231802 -0.0139873987117007016895 -0.0221155001665198393257 0.999657570035692111254 3.04874695596194333902
10826 1083.366000 -0.345605180606879891503 -0.0120717403195807829186 -0.0535275971180517104453 -0.0139870709392421709027 -0.0221169500685264169837 0.999657542544549082564 3.04875062854716460947
10827 1083.375000 -0.345605389090087200543 -0.0120720070311880131597 -0.0535265603728377337145 -0.0139882647746075103323 -0.0221178008112357243897 0.999657507017213342593 3.04875437861872100598
10828 1083.384000 -0.345605386815828752312 -0.0120723499336571095386 -0.0535261074369443867749 -0.0139908033985829457352 -0.0221182343484247721788 0.999657461898609822626 3.04875824888067059604
10829 1083.393000 -0.345605141382381686466 -0.0120727123608357512358 -0.0535262489004332125964 -0.013994382021211252895 -0.0221182328954351858918 0.99965741183939005321 3.04876185017175815872
10830 1083.402000 -0.3456046457989989662 -0.0120730694297354335109 -0.0535269497399654820002 -0.0139987573050250405093 -0.0221179479167482387347 0.999657356884781189699 3.04876510228653341272
10831 1083.410000 -0.345603931716648937744 -0.0120732537578720107441 -0.0535280427148875498355 -0.0140035066712360378727 -0.022117536125231821581 0.999657299476504279667 3.04876748304379852073
10832 1083.419000 -0.345602994465283530623 -0.012073547605086856066 -0.0535295652907856051028 -0.0140085029664429386309 -0.02211697381822894104 0.999657241915329120019 3.04876977838409457533
10833 1083.429000 -0.345601878940806239715 -0.0120739431996138533998 -0.0535314122475716025473 -0.0140134806454408119419 -0.0221163541007644570691 0.999657185859977315268 3.04877197108391495561
10834 1083.437000 -0.345600701461634074452 -0.0120740161062247754187 -0.0535331353304663026815 -0.0140177255526317545709 -0.02211585871289803093 0.999657137304447163118 3.04877288003662760829
10835 1083.445000 -0.345599726551102048866 -0.0120743034528091042201 -0.0535345920147702256098 -0.0140207619466546102444 -0.0221154518508498605656 0.999657103723005424634 3.0487740456192184979
10836 1083.454000 -0.345598389371715886131 -0.0120743558652501893624 -0.0535362843092517526333 -0.0140239629751609945485 -0.0221151302378829427153 0.999657065936630395697 3.04877443918184676264
10837 1083.464000 -0.345597240072965161684 -0.0120746474560063290354 -0.0535376116105379176724 -0.0140259768540774466816 -0.0221149431307253764578 0.999657041821650826918 3.0487753545758509155
10838 1083.472000 -0.345596233668658769922 -0.0120746894092726118897 -0.0535385207934148676934 -0.0140269270740723539515 -0.0221149948703976938214 0.999657027344249105028 3.04877552148775032848
10839 1083.479000 -0.345595550153300623553 -0.0120748282299737406953 -0.0535389857601458324377 -0.0140270657772604400576 -0.0221151508707973162848 0.999657021946848689531 3.04877599247446751107
10840 1083.487000 -0.345594980924753714113 -0.0120751142268170248706 -0.0535391811315307983299 -0.01402662260048533234 -0.0221153746865234250574 0.99965702321391125551 3.04877697201863329113
10841 1083.495000 -0.345594407332484976347 -0.0120752200611477129855 -0.0535391848761558389325 -0.0140255712412622156327 -0.0221159061797902047053 0.999657026207090293468 3.04877765010766133003
10842 1083.503000 -0.345594047159359984978 -0.0120754383063403497589 -0.0535388948824907576207 -0.014024175115525836996 -0.0221165150292984662161 0.999657032324230532261 3.04877880843403614719
10843 1083.511000 -0.345593824131550597656 -0.0120756886139105623634 -0.0535384049832472869168 -0.0140225002689779876947 -0.0221172176168550303765 0.999657040274861019569 3.04878027858435496356
10844 1083.518000 -0.345593722721817986354 -0.0120759259863589193951 -0.0535378644833460065611 -0.0140209418991723202413 -0.0221178925157448531824 0.999657047201149784321 3.04878181742393605802
10845 1083.526000 -0.345593686305114500268 -0.012076196602359550239 -0.0535371728790225431815 -0.0140192351297042314129 -0.0221187596253478828412 0.999657051952825503882 3.04878376692020047756
10846 1083.534000 -0.345593720451766839297 -0.0120764870141945018095 -0.0535364609025579252233 -0.014017661511368005936 -0.0221196240307848686346 0.999657054893571928034 3.04878598284478874447
10847 1083.542000 -0.345593790005434164936 -0.0120767801523717736856 -0.0535357859936002600243 -0.0140163980326523489317 -0.0221205300360963266759 0.999657052562083481284 3.0487883785231937317
10848 1083.551000 -0.345593867609595539747 -0.012077179856124458171 -0.0535351711365000329512 -0.0140154393803127545748 -0.0221213706222956017766 0.999657047402141785142 3.04879121898519533929
10849 1083.560000 -0.345593933394522601077 -0.0120774133992188181103 -0.0535346482339358054059 -0.0140149675897700155131 -0.02212238529754594063 0.999657031562427689231 3.04879410165579134429
10850 1083.569000 -0.345593935063729595925 -0.012077705837899761071 -0.0535343581634870405161 -0.0140150881411984853941 -0.022123164189892428888 0.999657012635144615054 3.04879697560245022103
10851 1083.578000 -0.345593857365867063169 -0.0120779751827156354993 -0.0535342781627119457255 -0.0140157512976502290208 -0.0221238047752861759221 0.999656989160695785834 3.0487997489105818083
10852 1083.588000 -0.345593679443961465658 -0.0120783224693355242807 -0.0535344271868072735243 -0.0140169270983363427469 -0.0221242845358916376264 0.999656962056731934751 3.04880266184291670584
10853 1083.597000 -0.345593411297848041031 -0.0120785388501273641126 -0.0535347394733763221053 -0.0140184637743049692049 -0.0221246077412949639085 0.999656933355489885074 3.04880505372615173698
10854 1083.605000 -0.34559305983260218964 -0.0120786314875174875805 -0.0535351622264372550841 -0.0140202196068956713021 -0.0221247868295305696873 0.999656904767791787414 3.0488069187933124482
10855 1083.614000 -0.345592618636332560289 -0.0120788048966512344407 -0.0535357222071195376634 -0.0140221669709612653532 -0.0221248211195554482511 0.999656876695131813015 3.04880884443091160207
10856 1083.622000 -0.345592172634883731952 -0.0120789480368464693938 -0.0535362728752449834602 -0.0140239146317697686156 -0.0221247444581359718752 0.999656853875900308637 3.04881038010714622288
10857 1083.627000 -0.345591869955847286189 -0.0120790226141518873548 -0.0535366285608588621248 -0.0140250108358658896052 -0.0221246880111231267185 0.999656839746252190437 3.04881122559555572948
10858 1083.632000 -0.345591504147122585699 -0.0120790228639394217613 -0.0535370290734663162313 -0.0140262182509204927361 -0.0221245923463007296284 0.999656824922977027548 3.04881193141731010599
10859 1083.637000 -0.345591246638752735976 -0.0120791865091324258918 -0.0535373290903144311015 -0.0140270166686330601674 -0.0221244697771399434494 0.999656816432748840384 3.0488128472667832547
10860 1083.642000 -0.345590922621194951425 -0.0120792541759343653729 -0.0535376645667102676884 -0.0140279588605744919699 -0.0221243744977424501574 0.999656805320350838606 3.04881355704687040387
10861 1083.646000 -0.345590609991888952912 -0.0120792420144381455749 -0.0535379673947280754209 -0.0140287818690735133914 -0.0221242781212340651475 0.999656795903916206569 3.04881402185692707008
10862 1083.653000 -0.345590225082138990942 -0.0120794220926132428451 -0.0535383303124336712431 -0.0140297098573157700413 -0.0221241281540558408503 0.999656786199514812985 3.04881510773195119057
10863 1083.659000 -0.345589795747180905661 -0.0120794316600063150746 -0.0535386906732104941864 -0.0140306216177570677872 -0.0221240287674018057396 0.999656775602565716987 3.04881578244751594298
10864 1083.664000 -0.345589558677509012252 -0.0120795890141962760506 -0.0535388732326840532938 -0.0140310440381249887376 -0.0221239334522636658942 0.999656771783095532413 3.04881660708293500406
10865 1083.668000 -0.345589271984719170749 -0.0120795684087838181564 -0.0535390785366436361414 -0.0140315428708964757415 -0.0221239234369345651177 0.999656765003077762977 3.0488170117937141157
10866 1083.672000 -0.345589056437811958933 -0.0120796367688199117463 -0.0535392185741681292388 -0.014031843964904059871 -0.0221238841888251464018 0.999656761645387970106 3.04881759477604052933
10867 1083.676000 -0.345588845618204132393 -0.0120796971988500392164 -0.0535393401293464132884 -0.0140321242811239487586 -0.0221238953823098480345 0.99965675746291637882 3.04881815888377216694
10868 1083.680000 -0.345588643198462552864 -0.0120797540530095514483 -0.0535394438634771638319 -0.0140323528213237274515 -0.0221239154028968799948 0.999656753811798859388 3.04881872349645011155
10869 1083.685000 -0.345588455886217060797 -0.012079910014158569409 -0.0535395150894049237644 -0.0140324893734477505747 -0.0221239151101476592964 0.999656751901462969911 3.0488195952844390213
10870 1083.689000 -0.345588230492423431617 -0.0120798946749229082348 -0.0535396107350340766384 -0.0140326915058246876056 -0.0221240243587453380703 0.999656746646205629503 3.04882009592469804815
10871 1083.694000 -0.345588025862364978114 -0.0120799779297826384572 -0.0535396676619173533807 -0.0140327920673321334538 -0.0221241249357106636864 0.99965674300863083257 3.04882091627868101469
10872 1083.699000 -0.345587868104134665614 -0.0120801180103348379524 -0.0535396836290590108498 -0.0140328303010323722499 -0.0221242201630188171924 0.999656740364371687591 3.04882179985521428733
10873 1083.703000 -0.345587690810683634268 -0.0120801158956893705393 -0.0535397197293049978417 -0.0140328817909828439808 -0.0221243892302162709074 0.999656735899793758016 3.04882243082981352345
10874 1083.707000 -0.345587553779618528171 -0.0120801702725451057252 -0.0535397262408104229747 -0.0140328986714173958861 -0.0221245398227967078608 0.999656732329906927426 3.04882311349914347787
10875 1083.711000 -0.345587430773441173226 -0.0120802355415321055476 -0.0535397225980374369403 -0.0140328762270503556303 -0.0221246843557033438799 0.999656729446141811835 3.04882385575872616457
10876 1083.716000 -0.345587278960246657711 -0.0120802993334021349647 -0.053539710815506888486 -0.014032882926220910727 -0.0221249262318002383465 0.999656723998801677311 3.04882474832994843084
10877 1083.721000 -0.345587170198465021276 -0.0120804416176339014105 -0.0535396807646417588478 -0.0140328299566125358488 -0.0221250924834462091295 0.999656721062789466181 3.04882575658655063933
10878 1083.725000 -0.345587035126938835194 -0.0120804182365395126886 -0.0535396724992703645918 -0.0140328625885907005977 -0.0221253749655870440849 0.999656714352583075645 3.04882644426063453835
10879 1083.730000 -0.345586936561271651502 -0.0120805536247266323557 -0.0535396407384182843048 -0.0140328270619257660518 -0.0221255636682889424149 0.999656710674724835464 3.0488274686017202697
10880 1083.736000 -0.345586790370242535886 -0.0120806204052461840792 -0.053539614996300444183 -0.0140328577469697665658 -0.0221258954712410804699 0.999656702900075244678 3.04882862435590151762
10881 1083.742000 -0.345586648266103080296 -0.0120806799938442434306 -0.0535395952284038190161 -0.0140329268950725640636 -0.0221262332929031309281 0.999656694452163208098 3.04882978150338601608
10882 1083.748000 -0.345586507342710014257 -0.0120807317812627289244 -0.0535395851815938100815 -0.0140330425307628042786 -0.0221265704137312731181 0.999656685367059427705 3.04883093131969573619
10883 1083.755000 -0.345586339889759508459 -0.0120807786411987975322 -0.0535395895474597288688 -0.0140332549053873469058 -0.0221269675874221222189 0.999656673594562450447 3.04883224133441510517
10884 1083.762000 -0.345586165111852250398 -0.0120808122988669778414 -0.0535396161938206036068 -0.014033540221269701076 -0.0221273385265666477917 0.999656661378589994627 3.04883351272347002947
10885 1083.769000 -0.345585987753042833681 -0.0120808463580370575863 -0.053539663613414799348 -0.0140338741434007530789 -0.0221276614989388553667 0.999656649541789343871 3.04883478394444074056
10886 1083.776000 -0.34558579481932361066 -0.0120808578971749996239 -0.0535397357333637774479 -0.0140343129972495730268 -0.0221279850910530151431 0.999656636217909233544 3.04883596504566733998
10887 1083.783000 -0.345585587779822345222 -0.0120808565700665331011 -0.0535398328437404272262 -0.0140348169809345595799 -0.0221282670077428168798 0.999656622901857083718 3.0488370835644156287
10888 1083.791000 -0.345585370567758343174 -0.0120809256615822500913 -0.0535399543181016013271 -0.0140353573809384769844 -0.0221284825257088597905 0.999656610543990131745 3.04883838551497765579
10889 1083.798000 -0.345585105184792296118 -0.0120808284355910476593 -0.0535401103828918589755 -0.0140360665647948894968 -0.0221287446315828056909 0.999656594784638530271 3.0488393116552789941
10890 1083.805000 -0.345584863579240175735 -0.0120808085118393089552 -0.0535402670438124284047 -0.0140366940292868964263 -0.0221288990490400398758 0.999656582556032291542 3.04884028570817866566
10891 1083.811000 -0.345584609278216825512 -0.0120807041219252713632 -0.0535404333818123509547 -0.0140373713936585570172 -0.0221290683320728778782 0.999656569297231678561 3.04884097704234857673
10892 1083.818000 -0.345584378818887816287 -0.0120807341967586433229 -0.0535405930368657717588 -0.0140379635770290101676 -0.02212916379742366213 0.999656558868212918867 3.04884189354150780815
10893 1083.826000 -0.345584067880867484845 -0.0120806834684554220694 -0.0535408075675513489555 -0.0140387372717985670773 -0.0221292737384592638761 0.999656545569337806612 3.04884283351426921271
10894 1083.832000 -0.345583790606090845987 -0.0120805641752532236244 -0.0535409954624193329398 -0.0140394241464747090986 -0.0221293952654818028292 0.999656533232699540115 3.04884340292326072586
10895 1083.840000 -0.345583503102734668211 -0.0120805660551876019315 -0.0535411908802200242619 -0.0140400989584473171595 -0.0221294801712417568695 0.999656521875682768652 3.04884431216358953165
10896 1083.847000 -0.345583223276591799955 -0.0120805139850913532962 -0.0535413783478998206444 -0.0140407195953712073122 -0.0221295558813007532672 0.999656511482689413839 3.04884506602488780658
10897 1083.854000 -0.345582939658390542181 -0.0120804485215955034749 -0.0535415616184085341178 -0.014041343774561242802 -0.0221296692801118410898 0.999656500205224229916 3.04884577118945321317
10898 1083.861000 -0.345582656949077637876 -0.0120803793331409042161 -0.0535417394327523318842 -0.0140419344805711686364 -0.0221297855785490167613 0.99965648933335637949 3.04884646708665973946
10899 1083.869000 -0.345582344325015389241 -0.0120803075978363604753 -0.0535419298748095601193 -0.0140425524092385855396 -0.0221299257678938023075 0.999656477549833777374 3.04884729843207580302
10900 1083.876000 -0.345582071476863317283 -0.012080234101319035217 -0.0535420890201495289218 -0.0140430750262203977302 -0.022130075724813975252 0.999656466888611539012 3.04884800085518792301
10901 1083.883000 -0.34558181077760224964 -0.0120801707107557054766 -0.053542236411795535167 -0.0140435396813192118343 -0.0221302208945399654649 0.999656457147343302516 3.04884875380324382732
10902 1083.891000 -0.345581550185501018557 -0.0120801511250078451309 -0.0535423733091790338134 -0.0140440044785959013141 -0.0221304075440942916997 0.99965644648556006846 3.04884964166624117254
10903 1083.895000 -0.345581337618514228271 -0.0120799732941833416755 -0.0535424897735320703962 -0.0140443866228105920108 -0.0221305926575768897868 0.999656437018745624989 3.04884995014050907969
10904 1083.902000 -0.34558112480797137378 -0.0120799613358249582906 -0.0535425933627915878743 -0.0140447411845432482136 -0.022130765383879660857 0.999656428213505199309 3.04885074994059879216
10905 1083.906000 -0.345580954765392578398 -0.01207985001914300624 -0.0535426802441917107367 -0.0140450252044037604549 -0.0221309174628536546592 0.999656420856316119128 3.04885113238190941232
10906 1083.911000 -0.345580781387879620858 -0.012079783249845491705 -0.0535427619450049574468 -0.0140453288657999570549 -0.0221311004771115801826 0.999656412538189598216 3.04885164424218357837
10907 1083.916000 -0.345580649449531429607 -0.0120797956421424060314 -0.0535428211511854157401 -0.0140455285671456427815 -0.0221312121629150815316 0.999656407259749246741 3.04885225818049843127
10908 1083.921000 -0.345580480567285075466 -0.0120797232838658619158 -0.0535428981644555657127 -0.014045825577051633537 -0.022131403945600654215 0.999656398840749638168 3.04885276374801073018
10909 1083.928000 -0.34558025609647546883 -0.0120796359304361083931 -0.0535430002417737749276 -0.0140461917340355228745 -0.0221316347381798027294 0.999656388586391608797 3.0488535308407822555
10910 1083.936000 -0.345579995636723091845 -0.0120795126979792409594 -0.0535431160132147712649 -0.0140466538407399386956 -0.0221319411632568061044 0.999656375309148303998 3.04885433571349961923
10911 1083.943000 -0.345579776655046577716 -0.01207941270050138724 -0.0535432141461286911777 -0.0140470263062471931864 -0.022132176210051746762 0.99965636487152853551 3.04885507473678796231
10912 1083.949000 -0.345579555690223472197 -0.0120792457216036576428 -0.0535433150339253982608 -0.0140474412140559300199 -0.0221324467425147615451 0.999656353051651014319 3.04885561217521416921
10913 1083.956000 -0.345579331977572012935 -0.012079120222523746439 -0.0535434161486495613369 -0.0140478587004827567414 -0.0221326976021972363085 0.999656341630853151337 3.04885626602935033702
10914 1083.963000 -0.345579140414186192221 -0.0120790609731057669435 -0.0535435026068263181243 -0.0140482159926856864374 -0.0221328990376131184981 0.999656332150011261994 3.04885696631244274002
10915 1083.970000 -0.345578921319614262853 -0.0120789350624879547602 -0.0535436064672214565019 -0.0140486277622559520978 -0.0221331165711422458986 0.99965632154698336187 3.04885761740762450955
10916 1083.978000 -0.345578661302171685765 -0.0120787663857574723014 -0.0535437313803323045036 -0.0140491556500358365928 -0.0221333947618453652506 0.999656307968812551934 3.04885827011790233598
10917 1083.985000 -0.345578438374584628878 -0.0120786260997844813181 -0.0535438426590495175628 -0.0140495933412383543909 -0.0221335966798571169567 0.999656297346722677588 3.0488588633710138609
10918 1083.992000 -0.345578208683080256858 -0.0120784686897314509635 -0.0535439585648484345226 -0.0140500730908469997904 -0.0221338225823027347217 0.9996562856022249699 3.04885939189521248949
10919 1083.999000 -0.345577947115294381586 -0.0120782421045190560549 -0.0535440963009267134609 -0.0140506103835083950154 -0.0221340509027196166714 0.999656272995116501612 3.04885985538026327291
10920 1084.006000 -0.345577745526327473335 -0.0120781454556235182812 -0.0535442021028501441426 -0.0140510265415565993585 -0.0221342174134417507547 0.999656263458906568786 3.048860408454878268
10921 1084.012000 -0.345577510823333156065 -0.0120779281388188591134 -0.0535443288210706441754 -0.0140515320273480754515 -0.0221344343899097517614 0.999656251549463026329 3.04886074303598064716
10922 1084.020000 -0.345577269758863714344 -0.0120777905618782519653 -0.053544459446745046316 -0.014052037297289243431 -0.0221346268484769875817 0.999656240185632039008 3.04886130232952190511
10923 1084.027000 -0.345577034912614822204 -0.012077617867804948254 -0.0535445903534982892147 -0.0140525185160847235211 -0.0221348016866167000838 0.999656229549763297726 3.04886176456590529682
10924 1084.034000 -0.345576794432254197353 -0.0120774304482575318975 -0.0535447238960987739742 -0.0140530320950816665221 -0.0221350072060951495734 0.999656217779352762598 3.04886217482315924343
10925 1084.041000 -0.345576522408229114269 -0.0120771766424255938555 -0.0535448783928067356674 -0.0140535952869477297894 -0.0221352201931600302276 0.999656205145804777068 3.0488625318005255771
10926 1084.048000 -0.345576314826767094779 -0.0120770544690394603105 -0.0535449947257429226255 -0.0140540231847250673969 -0.0221353825512663089647 0.999656195535060909663 3.04886299648848613231
10927 1084.056000 -0.345576036629305805015 -0.0120768246830924366741 -0.0535451509276416715011 -0.0140546113029736321337 -0.0221356266064340022337 0.99965618186247562349 3.04886341808401484244
10928 1084.063000 -0.345575800444790193211 -0.0120766350506488675393 -0.0535452852495682390943 -0.0140550848481815829349 -0.0221358098608186899814 0.999656171146717897891 3.04886383152124862406
10929 1084.070000 -0.345575560500978318235 -0.0120764320285537060662 -0.0535454195684351152984 -0.0140555849766717030208 -0.0221360275564490005529 0.999656159294276425165 3.04886420157806448117
10930 1084.077000 -0.345575320004770147886 -0.012076224955990493351 -0.0535455541330481926687 -0.01405607736322587141 -0.0221362406575097252215 0.999656147652137283544 3.04886456179979914438
10931 1084.084000 -0.345575086904404249477 -0.0120760275770998466716 -0.0535456849978432486425 -0.0140565365961813244777 -0.0221364343550581738063 0.999656136905568426521 3.04886496073941559715
10932 1084.092000 -0.345574814489076898028 -0.0120757823433989310014 -0.0535458347743970192179 -0.0140570976748424884828 -0.0221366980748091204956 0.999656123176017263887 3.04886535218598009322
10933 1084.099000 -0.345574584337379753229 -0.012075579216627944229 -0.053545962054819339071 -0.0140575466202263500703 -0.0221368981636277870062 0.999656112432027010861 3.0488657395679954476
10934 1084.107000 -0.345574315346462823673 -0.0120753270699540619232 -0.0535461076091901522211 -0.0140580968144822151394 -0.0221371680779185696364 0.999656098717676355747 3.04886611568530518923
10935 1084.114000 -0.34557408811062745313 -0.0120751175195841636834 -0.0535462312635281434403 -0.0140585373173300193228 -0.022137372476197930693 0.9996560879964405677 3.04886648734547405226
10936 1084.121000 -0.345573857528089500857 -0.0120748939119533112152 -0.0535463542266951669779 -0.0140590058353863584656 -0.022137609069611399043 0.999656076167999674276 3.04886681160700456772
10937 1084.129000 -0.34557359743897719806 -0.0120746407113970447705 -0.0535464935453782986396 -0.0140595141803302233624 -0.0221378523823966659456 0.999656063630340985249 3.04886719315313037271
10938 1084.136000 -0.345573368982485806811 -0.0120744094223370849323 -0.0535466138869068394857 -0.0140599784207430210381 -0.0221380900099912084067 0.999656051838590076208 3.04886749398428813507
10939 1084.144000 -0.345573110892255619397 -0.0120741470044358201186 -0.0535467508007664225178 -0.0140604835817137747284 -0.0221383334903880769906 0.999656039341391022823 3.04886784609831940074
10940 1084.151000 -0.345572883795183083411 -0.0120739073292077392363 -0.0535468695895426338716 -0.0140609464485065612654 -0.0221385705606409501078 0.99965602758073923706 3.04886811923700351556
10941 1084.159000 -0.345572626823577699895 -0.0120736350565936855633 -0.0535470053656213404447 -0.0140614515009072089252 -0.0221388128423063886008 0.999656015111008433571 3.04886843806521579126
10942 1084.166000 -0.345572400352705255688 -0.01207338661491007617 -0.0535471236940887190814 -0.0140619153817572017234 -0.022139048575287780668 0.999656003365146261785 3.04886868118499787528
10943 1084.173000 -0.34557217236599463428 -0.0120731325718696665128 -0.0535472435626002940534 -0.0140623774430551073955 -0.0221392755020142564804 0.999655991839640378771 3.04886890497988050086
10944 1084.180000 -0.345571950533028915409 -0.0120728867274705227441 -0.0535473614636324188321 -0.0140628126945443188145 -0.0221394789811812896241 0.999655981210316180174 3.04886915825379345435
10945 1084.187000 -0.345571724047871065011 -0.0120726261364436440737 -0.0535474806211634624109 -0.014063280485997009181 -0.0221397129516079059497 0.999655969447685865958 3.0488693597013942771
10946 1084.195000 -0.345571467159155876203 -0.0120723302253348818702 -0.0535476178796630564172 -0.0140637928153709047818 -0.0221399519922143538098 0.999655956945902812727 3.04886959773090593373
10947 1084.202000 -0.345571240361872644709 -0.0120720615428928281648 -0.0535477382543690094696 -0.0140642640138289951729 -0.0221401854320853290481 0.999655945146520119593 3.04886977223301158801
10948 1084.209000 -0.34557101181102306553 -0.012071787846522359644 -0.0535478606865740017207 -0.0140647338339703071447 -0.0221404107534555541492 0.999655933546061636896 3.04886993020733632065
10949 1084.216000 -0.345570789300160385871 -0.0120715230690000042968 -0.0535479814907633758225 -0.0140651768888800585144 -0.0221406134100902603212 0.999655922823903142493 3.04887012105933452588
10950 1084.223000 -0.345570562137209880138 -0.012071244369201187055 -0.0535481037208153654028 -0.0140656521828828786486 -0.0221408473752277394631 0.999655910954452719963 3.04887026392997562141
10951 1084.230000 -0.345570333339653201765 -0.0120709612066427461607 -0.0535482279133085090073 -0.0140661255667105088846 -0.0221410736433256295774 0.999655899282079096757 3.04887039272362470044
10952 1084.237000 -0.34557011073736421114 -0.0120706875037342661883 -0.0535483503099506430445 -0.0140665715441768094524 -0.0221412775897702474026 0.999655888489476840419 3.04887055671180107197
10953 1084.244000 -0.345569883662534660385 -0.012070400392769383216 -0.0535484739084080424432 -0.0140670490500552497481 -0.0221415131005324693214 0.999655876553848132815 3.04887067483920626287
10954 1084.251000 -0.345569655145307186306 -0.0120701092867547959964 -0.0535485992025130919103 -0.0140675238946194932493 -0.0221417410735624750617 0.999655864822342588027 3.04887078071485984054
10955 1084.259000 -0.345569432260246223176 -0.0120698517470308429311 -0.0535487218720169105834 -0.0140679693125322601011 -0.0221419435597149730222 0.999655854069199101275 3.04887099196962596537
10956 1084.266000 -0.345569171832108057441 -0.0120694873633482163688 -0.0535488654929441865171 -0.0140685230244643449254 -0.0221422210290055376802 0.999655840130898698526 3.0488710198771982185
10957 1084.273000 -0.345568950358150550617 -0.0120692012529078629424 -0.0535489887186658686247 -0.0140689689132940040639 -0.022142427879560350884 0.999655829273913276722 3.04887114860736607724
10958 1084.280000 -0.345568724689135575723 -0.0120689021652099198051 -0.0535491126437538378369 -0.0140694451783559635466 -0.0221426661500592238119 0.999655817293202297869 3.0488712326678917286
10959 1084.287000 -0.345568497817116238036 -0.0120685993811534275633 -0.0535492377852153575435 -0.0140699177404849246065 -0.0221428966467903595716 0.999655805536518560217 3.0488713050414051331
10960 1084.295000 -0.345568244592531492732 -0.012068260440143118925 -0.0535493778394436487078 -0.0140704386405031706825 -0.022143149920480751508 0.999655792594662528927 3.04887141415935580824
10961 1084.302000 -0.345568018618286121324 -0.0120679528544353695252 -0.053549502342229216012 -0.0140709091403394426917 -0.0221433809701077899401 0.999655780854178277472 3.04887147175707839963
10962 1084.309000 -0.345567799230002470345 -0.0120676552191972385336 -0.0535496242328443172731 -0.0140713504546649652294 -0.0221435893429597248361 0.999655770026558920804 3.04887156541785353525
10963 1084.316000 -0.345567575684079697496 -0.0120673444562328386481 -0.053549746582873897216 -0.014071821767025344263 -0.0221438288326600042633 0.999655758087146240065 3.0488716131725617231
10964 1084.323000 -0.345567350927378502679 -0.0120670297848105862598 -0.0535498699826766691445 -0.0140722891720315140124 -0.0221440602932384822399 0.999655746380316623245 3.04887164784013364738
10965 1084.330000 -0.345567132706318336233 -0.0120667249003907316174 -0.0535499907607048103442 -0.0140727274698688124138 -0.02214426900743511617 0.999655735586849503171 3.04887171772733234221
10966 1084.337000 -0.345566910263733872988 -0.0120664067303437524958 -0.0535501120245004680331 -0.0140731959199952866985 -0.0221445088113474790326 0.999655723679958585492 3.04887174095478430402
10967 1084.344000 -0.345566686537552736347 -0.0120660845127230145768 -0.0535502343962846877323 -0.0140736606828359596399 -0.0221447406009655373138 0.999655712002237462066 3.0488717504876841069
10968 1084.351000 -0.345566469270300935523 -0.0120657719726904658075 -0.0535503542306086308122 -0.0140740966098141621898 -0.0221449496953858640524 0.999655701232982862869 3.04887179481619607913
10969 1084.359000 -0.345566247107639612501 -0.0120654648013638482462 -0.0535504742179219728193 -0.0140745618937066600818 -0.0221451883889679929096 0.999655689394462143582 3.04887184701634916806
10970 1084.366000 -0.345565996904396599554 -0.0120650770788897649527 -0.0535506124644771208665 -0.0140750712083318896967 -0.0221454368737136614298 0.999655676718815278115 3.04887180251077971604
10971 1084.373000 -0.345565775842547440178 -0.0120647456656600565728 -0.0535507325139977369277 -0.0140755367325022390235 -0.0221456776560594592596 0.99965566483006840226 3.04887178177730922002
10972 1084.381000 -0.34556555283193407524 -0.0120644285765392662857 -0.0535508532645693757779 -0.0140759977394254963412 -0.0221459094996460763294 0.999655653202678129432 3.04887180151169090436
10973 1084.387000 -0.345565337301595554287 -0.0120640845983357794524 -0.0535509729181442017953 -0.0140764332378849419541 -0.0221461210141400549611 0.999655642384579490312 3.04887174905165103667
10974 1084.394000 -0.345565116841103192602 -0.0120637457823962665482 -0.0535510927521277782515 -0.0140768983250141692387 -0.0221463627567074529401 0.999655630479914569797 3.04887170447064947965
10975 1084.401000 -0.345564894968393487851 -0.0120634031378466510809 -0.0535512140039568346195 -0.0140773605244586090535 -0.0221465967121683669772 0.99965561878815689667 3.04887164735721150066
10976 1084.408000 -0.345564679451937972754 -0.0120630704909005619097 -0.0535513330159757272586 -0.014077794631743783399 -0.022146808170555063594 0.999655607990153183273 3.04887162657850030456
10977 1084.416000 -0.345564459059787443262 -0.0120627406460446645609 -0.0535514525193370657941 -0.0140782588983143497341 -0.0221470499719836552699 0.999655596094940257501 3.04887160697995884817
10978 1084.423000 -0.345564237774206250986 -0.0120623919184618955125 -0.0535515736966698935317 -0.0140787210530869868336 -0.0221472852347621811109 0.999655584374057992747 3.04887153102802077598
10979 1084.430000 -0.345564022939776172016 -0.0120620510124039726635 -0.0535516927186431637709 -0.014079155436940323648 -0.0221474965297195208747 0.999655573575043088219 3.04887148443791922148
10980 1084.437000 -0.345563803587430495856 -0.0120616998338310930927 -0.0535518130719604065759 -0.0140796213376797301614 -0.0221477411721529397759 0.999655561593071451121 3.04887140185046678909
10981 1084.443000 -0.345563583392790363291 -0.0120613300494843353472 -0.0535519349031484473422 -0.0140800849229879183888 -0.0221479777236988015221 0.999655549822693778594 3.04887126307706113337
10982 1084.451000 -0.345563368743782239889 -0.0120609987095196945911 -0.053552053542322744506 -0.0140805182805210579722 -0.0221481891522099898217 0.999655539034436491086 3.04887124390515928951
10983 1084.457000 -0.345563150501288551819 -0.0120606282751329202396 -0.0535521743044615472495 -0.0140809850629413733231 -0.0221484350144273596517 0.999655527012214939475 3.04887110382937720487
10984 1084.464000 -0.34556293051881831202 -0.0120602678819625823425 -0.0535522958632467169227 -0.0140814476658003336768 -0.0221486712010099361103 0.999655515262965477241 3.04887099167244990383
10985 1084.471000 -0.345562716939813385775 -0.0120599180322972614199 -0.0535524151537382295252 -0.0140818819847762805725 -0.0221488846217116133741 0.999655504416286810887 3.048870917467488173
10986 1084.478000 -0.345562530663798050945 -0.0120596223078090931946 -0.0535525176434691468907 -0.0140822698590461446722 -0.0221490814822448978116 0.999655494590566351398 3.04887086125742889919
10987 1084.485000 -0.34556227976594250384 -0.0120591902375686739479 -0.0535526567126978353395 -0.0140828091720550871435 -0.0221493654446899487787 0.999655480701336807137 3.04887067101487696519
10988 1084.493000 -0.345562066595095029875 -0.0120588467615551711565 -0.0535527752343511742605 -0.0140832416001488835294 -0.0221495775669786794382 0.999655469909326521716 3.04887061355180088995
10989 1084.500000 -0.345561849335003390404 -0.0120584799343554215784 -0.0535528954368003073938 -0.0140837062217788380053 -0.0221498230858785082054 0.999655457923540269327 3.04887048108984926031
10990 1084.506000 -0.345561631155738346877 -0.0120580974557894342325 -0.0535530169565676811283 -0.0140841680041108897881 -0.0221500599652694127317 0.99965544616891233165 3.04887030061161867778
10991 1084.514000 -0.345561418721582580549 -0.012057748048288272763 -0.0535531351654411902352 -0.0140845992830024874937 -0.0221502722842925915681 0.999655435387998614338 3.04887022371065041781
10992 1084.521000 -0.345561202156207669667 -0.0120573761618213270291 -0.0535532550263897802467 -0.0140850626593202327141 -0.0221505179128016448098 0.999655423416527688651 3.04887007424019440549
10993 1084.528000 -0.345560957469296381461 -0.012056944003904116608 -0.0535533922372867371431 -0.0140855678376448634204 -0.0221507699790041041876 0.99965541071312580268 3.04886988499782907169
10994 1084.535000 -0.345560772901552681891 -0.0120566341121626386529 -0.0535534939882596830452 -0.0140859530597387001133 -0.0221509674686602327232 0.999655400909033708956 3.04886978252750573404
10995 1084.541000 -0.345560557312735661117 -0.0120562469007510827262 -0.0535536137782102461546 -0.014086415876132601932 -0.0221512135554335354293 0.999655388934499788967 3.04886958559744858377
10996 1084.545000 -0.345560432052621935295 -0.0120560275992811390122 -0.0535536831357255466157 -0.0140866814374213441402 -0.0221513510156070604629 0.999655382146399484888 3.04886947671153807349
10997 1084.550000 -0.345560281402177316146 -0.0120557630096506905593 -0.0535537670087471162628 -0.0140869942496243474861 -0.0221515118753163285648 0.99965537417384431329 3.04886937441630889722
10998 1084.554000 -0.345560156299132725799 -0.0120555424724879522297 -0.0535538362660881242516 -0.0140872594962716118916 -0.0221516494458564756898 0.999655367387537463486 3.04886926137562230821
10999 1084.559000 -0.345560005844070650127 -0.012055276347453684066 -0.0535539200165812759313 -0.0140875719273763303635 -0.0221518104544326105421 0.999655359416825262109 3.04886915393057789103
11000 1084.563000 -0.345559880896732452005 -0.0120550545908624882202 -0.0535539891785980909367 -0.0140878368801561331541 -0.022151948151839084139 0.999655352631653948414 3.04886903681075427386
11001 1084.568000 -0.345559730635782269559 -0.0120547869545604147135 -0.0535540728139468208413 -0.0140881489589599877971 -0.0221521093271919121415 0.999655344661982137033 3.04886892432432432543
11002 1084.572000 -0.34555960584347006348 -0.0120545640007937351207 -0.0535541418874567604069 -0.0140884136426747148124 -0.0221522471633742307207 0.999655337877333405316 3.04886880322231990093
11003 1084.576000 -0.345559455958325323355 -0.0120542868266996887339 -0.0535542260840059652915 -0.0140887265532528248302 -0.022152409404271065918 0.999655329872098152855 3.04886866238050613376
11004 1084.581000 -0.345559331138781733461 -0.0120540707609439433357 -0.0535542944102085222147 -0.0140889898429261695156 -0.0221525464984352327136 0.999655323123345485037 3.04886856085507007563
11005 1084.585000 -0.345559212737223953038 -0.0120538583850346298076 -0.0535543611139603636939 -0.0140892260389135094006 -0.0221526616984276877864 0.999655317241547880514 3.04886847761034696092
