21049 649.748000 17.0513914633999341675 -0.0215757560233362059854 -0.366451083366729657431
21050 649.754000 17.0513142586742709739 0.0212178597501392791902 -0.366380857677091553715
21051 649.761000 17.0514966012945698992 -0.0213598391516984058291 -0.366179691776707172401
21052 649.768000 17.0507890405874888984 -0.0214807391314417728267 -0.365870091517873363696
21053 649.775000 17.0511740635329474003 -0.0211025239002343122097 -0.36698965104402708759
21054 649.782000 17.0510005974674925255 -0.0211486435646895294671 -0.367385804871211751887
21055 649.790000 17.0523450383083243764 -0.0217256805093171724563 -0.367576523647042130438
21056 649.797000 17.0511904392004360886 -0.0209432646862056405512 -0.368884732539849879984
21057 649.805000 17.0527835904172491155 -0.0215382733470204472404 -0.369143082573685832326
21058 649.812000 17.0517259441431114908 -0.0210101825345496914799 -0.369842794144366437958
21059 649.820000 17.0518935596992946557 -0.0210600121005264546981 -0.370109744248803995692
21060 649.828000 17.0522254016694780887 -0.0209877588020882660524 -0.370443573729341724121
21061 649.835000 17.0523441382056510918 -0.0210867001574532725305 -0.370236355809511474835
21062 649.843000 17.0500108604944351498 -0.0212254801126503557518 -0.369758898653855139216
21063 649.850000 17.051970256499888734 -0.0207572876759443206152 -0.370317190394246209539
21064 649.857000 17.0524447280799584803 -0.0210650790620361544336 -0.369963565506244262959
21065 649.865000 17.0521499390904551774 -0.0207994321935942270974 -0.370168059840665697457
21066 649.872000 17.0525131968796372917 -0.021064716099324126003 -0.36989143843908517395
21067 649.880000 17.0521333728529853602 -0.0207799219516603302094 -0.370260897986244230662
21068 649.888000 17.0524639915669276036 0.0210402157161485268977 -0.370159221471610011545
21069 649.896000 17.0520375847701650684 -0.0207150097739732946822 -0.370657772164536436499
21070 649.902000 17.0502150710392079702 -0.0212016556915398703131 -0.370188567452284844617
21071 649.910000 17.0521998620853025841 -0.0207517860535216328022 -0.371087734455137707723
21072 649.917000 17.0525768921704887759 -0.021328443888855238425 -0.370653323504637921548
21073 649.924000 17.0522620114948750825 -0.0207385566415113874184 -0.371538257924819814715
21074 649.932000 17.0537892884890354139 -0.0215842174874512383875 -0.370956180853200423453
21075 649.939000 17.052537333286192478 -0.0208271434129271917901 -0.371711385324097365324
21076 649.946000 17.0538952209088243706 -0.0215871700759013539217 -0.37104449554546542478
21077 649.953000 17.0526704429254998274 -0.0208346471463300986215 -0.371658608689077907261
21078 649.960000 17.0528926101086497624 -0.0213238090094139028097 -0.370930360134705705555
21079 649.968000 17.0528256160868352254 -0.0208471659473125243978 -0.37129172021006179305
21080 649.975000 17.0530672899926969421 -0.0213427184438051385784 -0.370446559380904538727
21081 649.982000 17.0527775599691402419 -0.0207729218295756856705 -0.37082845124716889984
21082 649.990000 17.0532304044283975486 -0.0213662597675092040539 -0.369808642963206202214
21083 649.998000 17.0531659745814216933 -0.0208915176886418328672 -0.37006113986068295274
21084 650.005000 17.0534006692022579443 -0.021386308378168256833 -0.369194197073423435729
21085 650.013000 17.0533257737190346859 -0.0209061564766936346105 -0.369513039741372117941
21086 650.021000 17.0535726014105080139 -0.0213985576069385431686 -0.368700185832916582651
21087 650.029000 17.0534861264164128158 -0.0209134030798580963784 -0.369149138329189330232
21088 650.036000 17.0536868998335009451 -0.0214027345277766276044 -0.368476191942868791518
21089 650.044000 17.0535848252290378468 -0.020912959843711685648 -0.369052054830314391065
21090 650.052000 17.0513822891563648909 -0.0212255947570415132164 -0.368589706544417139433
21091 650.060000 17.0534731103304650901 -0.0208058024059082080637 -0.369280555058932868917
21092 650.068000 17.0538626380666578086 -0.0213812985104139749448 -0.368743742762790982503
21093 650.075000 17.0535522300725297384 -0.020796487828328300701 -0.369565275162164141864
21094 650.083000 17.0514903596969169541 -0.0211959131523796126539 -0.369150561665117948884
21095 650.091000 17.0535710108035623023 -0.0207782052057456888272 -0.369916090731353675025
21096 650.099000 17.0539673480381708259 -0.0213503708875789552368 -0.369414589128495784998
21097 650.106000 17.0536241988541696912 -0.0207670742483478491802 -0.37020802952840753397
21098 650.114000 17.0540170406870679187 -0.0213425761544906895939 -0.369646746482903243436
21099 650.122000 17.0538829095697224147 -0.0208562765139882790033 -0.370305479351815347577
21100 650.129000 17.0540991815283078381 -0.021341511205651805122 -0.369748092171149900231
21101 650.137000 17.0539498232313384563 -0.020854206300309669625 -0.370330197382892245539
21102 650.144000 17.0552851629565225267 -0.0216151041087126391527 -0.369618166377251256005
21103 650.152000 17.0541905847787020889 -0.0209494759532255249435 -0.370157090741339400708
21104 650.160000 17.0554435106556425694 -0.0214678415441061157254 -0.369766472800514944819
21105 650.167000 17.0542747904977716189 -0.0209600619537226862121 -0.369951177472775227795
21106 650.175000 17.054993138207855452 -0.0211956268097387504068 -0.369818053870881902068
21107 650.182000 17.0544303197271851502 -0.0210269576644901527718 -0.369677079991202195419
21108 650.190000 17.0551476901792256058 -0.0212228482418689891331 -0.369562943629074935892
21109 650.198000 17.0544982811983167892 -0.0210546112042349700677 -0.369411795769655937338
21110 650.205000 17.0552348159999951349 -0.0212269033127565585894 -0.369343075311260149451
21111 650.212000 17.0546022951905733578 -0.0210336981602370388933 -0.369240342871860360852
21112 650.220000 17.054646014458608505 -0.0209596533637909747394 -0.369355032943418593039
21113 650.227000 17.0546643772520312154 -0.0210601321240243555266 -0.369093897589760133737
21114 650.235000 17.055404537048364233 -0.0212324398938007509463 -0.369084533110905721465
21115 650.242000 17.0547629423557651762 -0.0210354346814158009449 -0.3690456673799029641
21116 650.250000 17.0554739462901245872 -0.0212316162294224480833 -0.369049311530453671981
21117 650.257000 17.0548410763939628509 -0.0210331470695476023536 -0.369043690549548886182
21118 650.265000 17.0555325192940472334 -0.0212273709330198234735 -0.369068332428986733973
21119 650.272000 17.0548789979240780212 -0.0210280118377624419823 -0.369073639792493024547
21120 650.280000 17.0555964058972477915 -0.0212280717374052248225 -0.369104072796989979288
21121 650.287000 17.0549352383766752439 -0.0210230594127085966549 -0.369122293226904540919
21122 650.295000 17.055566316393164783 -0.0211996687975545827776 -0.369168247163189355842
21123 650.303000 17.0549934403299658925 -0.0210589165171955437772 -0.369139907838910541482
21124 650.310000 17.0549512299040983976 -0.0209292588787627700797 -0.369380704198845111197
21125 650.317000 17.0550158852990136893 -0.0210532969039292812419 -0.369163473806875364058
21126 650.324000 17.056278269359648192 -0.0214857865009890798558 -0.368921100154659842296
21127 650.332000 17.0550747855111275442 -0.0210165299508868266831 -0.369178070412935210864
21128 650.339000 17.0556916204606139331 -0.0211920398806745256814 -0.369181325726987030755
21129 650.347000 17.0551261160538345507 -0.0210551906096979567218 -0.369104212217698568477
21130 650.354000 17.0550839845630228808 -0.0209269696408423515332 -0.369300635558189427332
21131 650.361000 17.0551604423407106026 -0.0210544964272782915427 -0.369043206384396416109
21132 650.369000 17.0551945642073832232 -0.0209450913728018439652 -0.369218775261566767298
21133 650.377000 17.0551454630986576433 -0.0210437597711829807445 -0.368971155942397321947
21134 650.384000 17.0552461727372843825 -0.0209457291487712346512 -0.369129392654964583187
21135 650.392000 17.0551868437211169294 0.0210451475139058173658 -0.368873640836705263268
21136 650.399000 17.0548902536555004872 -0.020779903221602811364 -0.369106495590472594159
21137 650.407000 17.0551904967929424117 0.0210331301579022508785 -0.368791799593895186504
21138 650.415000 17.0547906762110805801 -0.0207278915384819691081 -0.368997652126688890917
21139 650.422000 17.052948849441996515 -0.0212176412632331008734 -0.368290842259106188106
21140 650.431000 17.0551818643481105653 -0.0208784143679662699544 -0.368775506482360015958
21141 650.437000 17.0529533016066601192 -0.0212053563289961825855 -0.36823851098107784896
21142 650.445000 17.0550360352242336148 -0.0207821849843546173353 -0.368807721626960516303
21143 650.453000 17.055440408265507557 -0.0213646186221071177069 -0.368108766672224640981
21144 650.461000 17.0552842943822042798 -0.0208731784008390174046 -0.368680455580667143511
21145 650.468000 17.0565894522758725316 -0.021633485121677988039 -0.367979719738864452516
21146 650.475000 17.0553186647068919513 -0.0208756432779453882098 -0.36863683633171678844
21147 650.483000 17.0566361463932345544 -0.0216303266092582463509 -0.367948880499878283601
21148 650.491000 17.0555036137430491294 -0.0209632366635115335862 -0.368544853031656849396
21149 650.499000 17.0562567504391680018 -0.0212229581772581075982 -0.368500678117666957689
21150 650.506000 17.0555989288843079521 -0.0210214597250480070278 -0.368484313134094410014
21151 650.513000 17.0567621015072035107 -0.0214812780413192253026 -0.368210438664720751678
21152 650.521000 17.0556546805481943352 -0.0210356170376787970921 -0.368443662534886418047
21153 650.529000 17.0562601695119369083 -0.0211961844533886077657 -0.368473448985286611279
21154 650.537000 17.0556595009249143402 0.021055716472074992307 -0.368405652968747221454
21155 650.544000 17.0552462567405207494 -0.0207730007438191068003 -0.368672595323063567729
21156 650.552000 17.0555585395142337291 -0.0210284006683582498642 -0.368384035449138669271
21157 650.560000 17.0552755235519981625 -0.0207704901898764018875 -0.36862299287489885824
21158 650.568000 17.0557011286377431247 -0.0213746909025163481233 -0.367819800433382304572
21159 650.576000 17.055535113157709759 -0.0208752663052207687588 -0.368393727744201926466
21160 650.583000 17.0557041456672848767 -0.0213588709754340411173 -0.367776029291928763243
21161 650.591000 17.0555648255563490068 -0.0208717081662830733491 -0.368336086205207413613
21162 650.599000 17.0570136826580522893 -0.0214867949707592646724 -0.367946411836944931029
21163 650.607000 17.0558088540716212833 -0.0210216232661672823567 -0.368177457765551385815
21164 650.614000 17.0570428249527985542 -0.0214867897011653784245 -0.367887312786071229986
21165 650.622000 17.0558471903034245543 -0.0210217709550966948273 -0.368121482346590311874
21166 650.630000 17.0557978980067161956 -0.0209298223876607930594 -0.368292623354359360821
21167 650.638000 17.0558107840000907629 0.0210560625692469902126 -0.368046015862557196474
21168 650.645000 17.0554534488109403867 -0.0207735730152725020514 -0.368309291296146590344
21169 650.653000 17.0557625924396738526 0.0210308503833278974404 -0.36801581160019425365
21170 650.661000 17.0553697431825455055 -0.0207266532375558372447 -0.368236510161301044963
21171 650.669000 17.0558625430090060604 -0.021362216692503446791 -0.367461947149478496133
21172 650.676000 17.0555386563119064647 -0.0207798368686166017028 -0.36811709476570764199
21173 650.684000 17.0570236604699303484 -0.0216295308264365000739 -0.367332833261472924136
21174 650.692000 17.0558993298301864172 -0.020966830478807423066 -0.367917356978699483516
21175 650.699000 17.0571135860903950743 -0.0214792070257846107184 -0.367616036904729825974
21176 650.706000 17.0559165082415837844 -0.020965249763435396535 -0.367889196194018053276
21177 650.714000 17.0572071495974455502 -0.0214854594486731838299 -0.367574451426204484861
21178 650.720000 17.0557843675318494547 -0.0208703158471746051672 -0.367916949372500579063
21179 650.726000 17.0559590720544065334 -0.0213606076353867642414 -0.367306188243048725717
21180 650.731000 17.0555808775346662287 -0.0207698980415338060879 -0.368055589585269626873
21181 650.736000 17.0560161438853228333 -0.021020089515883463166 -0.367771240387638642666
21182 650.741000 17.0571009608005752511 -0.0216286975085404065133 -0.36717498070327186932
21183 650.745000 17.0555956534106805123 -0.0207714611481337810273 -0.368005751407623038496
21184 650.751000 17.0560254630442749146 -0.0210462263353064435445 -0.367708570131548839743
21185 650.756000 17.0571826823992616085 -0.0214774248944848283882 -0.367448008426752958933
21186 650.761000 17.0556201167077219338 -0.02077773975955693464 -0.36786466102585380078
21187 650.766000 17.0559939160542128889 0.0210543871083061114036 -0.367657281877396491243
21188 650.771000 17.056665679570418348 -0.0211961115443886453924 -0.367689349341057181153
21189 650.775000 17.0556623619068759012 -0.0207801473229152801336 -0.367829821783035082472
21190 650.780000 17.0560083049569755076 0.0210510428642151914413 -0.367624176644797739932
21191 650.788000 17.055548945148142792 -0.02072798785310749764 -0.367861891755822623118
21192 650.795000 17.0559656983710397071 0.0210331713718860356666 -0.367581363625951562657
21193 650.800000 17.0567158286237230413 -0.0211985691364981292117 -0.367599519787542683424
21194 650.807000 17.056114402498593563 -0.0210281607177459708979 -0.367539459799906820248
21195 650.815000 17.0561110541981015842 -0.0209416272312138752876 -0.367711576502567971669
21196 650.822000 17.0561117200685465889 0.0210462680133458764076 -0.367478892527437484006
21197 650.830000 17.0555703445351376502 -0.020725378137968264447 -0.367706755594264411702
21198 650.838000 17.0536640193070283544 -0.0211997641632043765103 -0.367015653910802042148
21199 650.845000 17.0556078616878998844 -0.0207272705755861784416 -0.36765982816881492834
21200 650.853000 17.0560932675201222253 -0.0213605994472141277885 -0.36689273010019773924
21201 650.861000 17.0559395331390852846 -0.0208730527211953356681 -0.367458137486678770856
21202 650.869000 17.0573770401240878414 -0.0214850644089730861974 -0.367072261552789325112
21203 650.877000 17.0561771537051463099 -0.021018909580273067994 -0.367315489893785762643
21204 650.883000 17.0573193013168626919 -0.0214772718335222261021 -0.367032628962420226504
21205 650.890000 17.0561243571879437297 -0.0209652830305615857365 -0.367298304821236376583
21206 650.898000 17.0567923112700938759 -0.0211933977784462303229 -0.367276939792124001993
21207 650.906000 17.0561879708032186898 -0.0210545499980986788868 -0.367203862664885583023
21208 650.913000 17.0561972559443830733 -0.0209413053144505666159 -0.367399223007566111399
21209 650.921000 17.0561294625165125183 0.0210430010312383890259 -0.367173042426583884357
21210 650.929000 17.0556537371590870578 -0.0207221925592826275442 -0.367402622450972327073
21211 650.936000 17.0561958416653993709 -0.0213804531025934239918 -0.366624507830934032171
21212 650.943000 17.0558331524270343493 -0.0207802538580624460152 -0.367292834261790046568
21213 650.951000 17.0561627560109236867 -0.0213536131869027819008 -0.366592385918976138015
21214 650.958000 17.0557994764983469338 -0.0207757719985672793805 -0.367239745154575303321
21215 650.965000 17.0561912827705839391 -0.0213654160625830723264 -0.366545370098838529938
21216 650.972000 17.0558148312415731596 -0.020774662148998292166 -0.367201560399056936568
21217 650.978000 17.0562208573862683636 -0.0213795837476896781471 -0.366495487066872460691
21218 650.986000 17.0560503971021368841 -0.0208707261719080598705 -0.36707880528914405005
21219 650.994000 17.0573913639537195763 -0.0214772447166219002113 -0.366693769977281813777
21220 651.001000 17.0561994031005141892 -0.0209668849281224589642 -0.366958586544876397273
21221 651.008000 17.0574695127246016568 -0.0214854671178301877277 -0.366641071179188260398
21222 651.016000 17.0562665995465678748 -0.0210184859528823805852 -0.366882850618906630746
21223 651.023000 17.0574163715933302399 -0.0214772383369889879878 -0.366595767844955788828
21224 651.030000 17.0562080669859668092 -0.0209638780647534821167 -0.366859984944301109611
21225 651.038000 17.0562084316565609754 -0.0209227920365157894766 -0.367010141642935605599
21226 651.045000 17.0562659088192987156 0.0210538622271683635578 -0.366762593892505817106
21227 651.053000 17.0557430482733849431 -0.0207265375015983112361 -0.367006527083756750596
21228 651.060000 17.0561494678187024476 0.0210298385434419740636 -0.366735181588877134917
21229 651.068000 17.0557405522330505221 -0.0207233937875107229742 -0.366958951711840009047
21230 651.075000 17.056254416303723076 -0.0213725113628428949053 -0.366181134684344433694
21231 651.083000 17.0560732000137100783 -0.0208723209565273293276 -0.366760724681588212714
21232 651.090000 17.0573688805522181156 -0.0216299814640644322283 -0.366062576611438317276
21233 651.098000 17.0562310108463925928 -0.0209592382628821655155 -0.366653729297880148774
21234 651.104000 17.0573854434875613606 -0.0216298662767907545756 -0.366020972514353004623
21235 651.112000 17.0562318858661470244 -0.0209582004592887109762 -0.366610262431034783503
21236 651.119000 17.0568819295018556659 -0.0211933877924205295307 -0.366576058466763055055
21237 651.127000 17.0563053462684948158 -0.0210563522676020416224 -0.366507644723147896215
21238 651.135000 17.0558365584731710385 -0.0207627830831560514224 -0.366776312639672918969
21239 651.142000 17.0562386618324062226 0.021052631137195805533 -0.366467919243636086613
21240 651.149000 17.0558975504874439366 -0.0207733064334942076068 -0.366732702748932160031
21241 651.157000 17.0538539664736745749 -0.0211987271384142632324 -0.366016318648577754225
21242 651.164000 17.0557472503798877028 -0.020720451426757578034 -0.366659041732106616429
21243 651.171000 17.0563031512753937591 -0.021380559892439410935 -0.365880063441248404299
21244 651.176000 17.0558393035907300828 -0.0207584253648321025165 -0.36664404748287182656
21245 651.181000 17.0563149584110327339 -0.021026162985346326384 -0.366349945587831182792
21246 651.187000 17.0575131058881659385 -0.0214820662528432716754 -0.366074847541667525164
21247 651.192000 17.0558995031813083187 -0.0207741447194676048804 -0.366500195750856183619
21248 651.197000 17.053926201364287607 -0.0212125759038578470816 -0.365875105498568276019
21249 651.202000 17.0562421136391897392 -0.0209242890209106052746 -0.366489760849046608548
21250 651.207000 17.0562498950994942959 -0.0209637981867765443855 -0.366301529573328121803
21251 651.214000 17.0575154803395072634 -0.0214826931916705307635 -0.365988384860949089727
21252 651.221000 17.0562636034219714531 -0.020958754060835235733 -0.366267463935501524919
21253 651.228000 17.0574514933319996146 -0.0214744559856163107214 -0.36595051849330501037
