20638 389.657000 26.9398833279814660102 -0.0699060932853945576904 7.060482695079530302
20639 389.664000 26.939505395823239553 -0.0687460634384012281295 7.05882988527395571765
20640 389.670000 26.9392029291842476368 -0.067938639013775101172 7.05740549172440179149
20641 389.677000 26.9388735039688640427 -0.0672303415602602955081 7.05582084540937692907
20642 389.683000 26.9386098743229034369 -0.0668209446548580776604 7.05458578215417730917
20643 389.689000 26.9383621709560259205 -0.0665813065284134447674 7.05350534523237726603
20644 389.695000 26.9381290021874661988 -0.0664924080956657281849 7.05260717754382682187
20645 389.701000 26.9379089175918871035 -0.0665310331436126528581 7.05190852410078861112
20646 389.707000 26.9377004558180850324 -0.0666718182415455551393 7.05141667370775948598
20647 389.713000 26.9375021954330229335 -0.0668889539997492704737 7.05112960007446876176
20648 389.719000 26.9373128000304227214 -0.0671575441300845399351 7.05103681917434510495
20649 389.725000 26.9371310519350792845 -0.0674546425436001600984 7.05112046927554647624
20650 389.732000 26.9369272459442434808 -0.0678104423833890274098 7.0514088296589241267
20651 389.739000 26.9367309183539695994 -0.0681509458269479173609 7.05185880362427575108
20652 389.746000 26.9365408508940618049 -0.0684558516789263160618 7.05241956487876731074
20653 389.753000 26.9363560369608912026 -0.0687112507596770172302 7.05303877092057529552
20654 389.760000 26.9361756338991220616 -0.0689092726015070183854 7.05366601107276913751
20655 389.767000 26.9359989152013596936 -0.0690474409322221899243 7.05425590409060632169
20656 389.775000 26.9358006306767556737 -0.0691348827414577649098 7.05483625667412805882
20657 389.783000 26.9356054169100112006 -0.0691556512394740918737 7.05527750199722003543
20658 389.790000 26.935436468400666854 -0.0691291129191941161602 7.05553065574539406413
20659 389.797000 26.9352687171801399302 -0.0690712656610577013794 7.055654818106483539
20660 389.805000 26.9350778748287140729 -0.0689800672021007588164 7.05564622623061854512
20661 389.811000 26.9349350177213402446 -0.0689025812643623974951 7.05554660394913213395
20662 389.818000 26.9347683645452313783 -0.0688105355658907569261 7.0553486600275325813
20663 389.826000 26.9345776755067234376 -0.068712075725589183417 7.05504546896443596182
20664 389.833000 26.9344105207684414438 -0.0686380007724467500196 7.05474325911568911351
20665 389.840000 26.9342431095290564258 -0.0685789689145309966367 7.05443476816578041166
20666 389.848000 26.9340516426441176634 -0.0685321053980277594686 7.05410592483608400727
20667 389.855000 26.9338827879050555225 -0.0685100337978535589567 7.05386109287529450285
20668 389.862000 26.9337153290982165288 -0.0685019112603627161606 7.05367426675011088832
20669 389.867000 26.9335962771984931408 -0.0685048381208734485925 7.05358081914527001999
20670 389.872000 26.933477746609803205 -0.0685136091868985136477 7.05352277195237764573
20671 389.878000 26.9333366272716006051 -0.0685301758669491500875 7.05350004733669511126
20672 389.883000 26.9332200022936767425 -0.0685478495593613290637 7.05351843370398512434
20673 389.891000 26.9330354465651673479 -0.0685803338253494348953 7.0536111631260416388
20674 389.899000 26.9328544466679815628 -0.0686142936250538071352 7.05376722345918594215
20675 389.908000 26.932654644597128879 -0.0686500282865313005143 7.05399253407622595091
20676 389.916000 26.9324817111402907699 -0.0686769802317900440736 7.05421212931156471626
20677 389.923000 26.9323334482417706681 -0.0686955618066660556043 7.05440068791709595786
20678 389.931000 26.9321680090229271798 -0.0687102957332505898114 7.05459456288863062667
20679 389.939000 26.9320070172409735676 -0.0687186689495427743823 7.05474980239460336406
20680 389.947000 26.9318499591513358382 -0.0687210567233881020055 7.05485527491117281329
20681 389.954000 26.9317156113852433919 -0.0687190431256692740858 7.05490216978015993732
20682 389.961000 26.9315844864324631658 -0.0687143044689524501445 7.05490622431381364521
20683 389.969000 26.9314375394519558427 -0.0687061498357973143847 7.05486191373262716553
20684 389.976000 26.9313119611214091265 -0.0686978527359291130105 7.05478617143766051356
20685 389.983000 26.9311884920892303796 -0.0686888238549557966772 7.05468360588288057045
20686 389.990000 26.9310670085655878836 -0.0686796444510516246318 7.05456261330019351874
20687 389.998000 26.930930914596707737 -0.0686696454637515940611 7.05441346547253722576
20688 390.004000 26.9308302945177153731 -0.0686625123680190407871 7.05430157511105626611
20689 390.010000 26.9307309446271716524 -0.0686558291479044124905 7.05419541291227147894
20690 390.017000 26.9306164162067709356 -0.068648565978172065849 7.05408472035887879059
20691 390.023000 26.9305196648181102148 -0.0686429337461441635426 7.05400526840100816628
20692 390.029000 26.9304240747688368174 -0.068637779651277958104 7.05394281348093787898
20693 390.035000 26.9303296404976144629 -0.0686330945235508749214 7.05389894836081055018
20694 390.041000 26.9302363672833529051 -0.0686288775628371289228 7.0538742759874866195
20695 390.047000 26.9301445366756659894 -0.068625323905682655834 7.0538684213688362945
20696 390.052000 26.9300683801269364892 -0.0686224229856232242897 7.05387715874408538497
20697 390.056000 26.9300085285486829889 -0.0686206008645733195328 7.05389227391307294113
20698 390.060000 26.9299489967649741118 -0.0686189188185611365078 7.05391391575196635699
20699 390.064000 26.929889884485639584 -0.0686174605371912410545 7.05394121383556615967
20700 390.067000 26.9298460330285642783 -0.0686166157927580733222 7.0539649298323308102
20701 390.072000 26.9297735315628941066 -0.0686156372054950031147 7.05400941044327289831
20702 390.076000 26.9297165528517474797 -0.0686152374435617662396 7.05404851686644018827
20703 390.080000 26.9296598491171153 -0.0686150825884609821825 7.05408968526020530021
20704 390.083000 26.9296177230157915972 -0.0686152184650138663446 7.05412129287932110344
20705 390.089000 26.9295347078001761076 -0.0686162661194721634761 7.05418479759937522289
20706 390.094000 26.9294663356286001488 -0.0686175804874091660457 7.05423633517008497051
20707 390.099000 26.9293982665248989861 -0.0686192359324324374636 7.05428492088855296771
20708 390.103000 26.9293452450744474902 -0.0686211519510898648733 7.05432090291479596544
20709 390.107000 26.9292927059099689302 -0.0686234550107849283762 7.05435360753902696018
20710 390.111000 26.9292401327643453612 -0.0686257137858615057224 7.0543825234024017945
20711 390.115000 26.9291885308703520252 -0.0686284581236517310376 7.05440731824646949377
20712 390.119000 26.929137581199832141 -0.0686312170683810729432 7.05442790611076020468
20713 390.125000 26.9290620300469356607 -0.0686357425090578093796 7.05445015726042168325
20714 390.129000 26.929012467522976948 -0.0686389716975245867125 7.05445919906487883821
20715 390.134000 26.928950788696621288 -0.0686427192539128816495 7.05446426074498855741
20716 390.138000 26.928902503396507484 -0.0686458880847135716197 7.05446345469457281041
20717 390.142000 26.928854504991786456 -0.0686488257815013325214 7.0544586454832813871
20718 390.146000 26.9288068825512212356 -0.0686515440563507245431 7.05445006664662255247
20719 390.151000 26.9287484129394449894 -0.0686547962950351531308 7.05443472215796330005
20720 390.157000 26.9286790777700026922 -0.0686580106806406603726 7.05441053881166357797
20721 390.164000 26.9285994146572953412 -0.0686606857110401702649 7.05437632801520386749
20722 390.171000 26.9285215655578191729 -0.068662309955585337784 7.0543380820049508273
20723 390.177000 26.9284558557398163714 -0.0686625575646679503494 7.05430398790268675668
20724 390.184000 26.9283803268694335031 -0.068661498674963850064 7.05426469124988120285
20725 390.190000 26.9283169779667836963 -0.0686596227792327234996 7.05423291364523219471
20726 390.196000 26.9282547014455069245 -0.0686568855275147688078 7.05420397857802417008
20727 390.203000 26.9281835820535846437 -0.0686528457254778901042 7.05417491252712736127
20728 390.209000 26.9281236565535451177 -0.0686486426353921097565 7.05415470566020896825
20729 390.214000 26.9280743848001691276 -0.068644704606372369815 7.05414144619531580105
20730 390.220000 26.928016754174137759 -0.0686400469665255086316 7.05412982907634411589
20731 390.227000 26.9279505029876631284 -0.0686341942426715312386 7.05412223795244308633
20732 390.233000 26.9278950132489747205 -0.0686293978988859049162 7.05412039206929097901
20733 390.240000 26.9278315544873230181 -0.0686241187023209769924 7.05412307055758969199
20734 390.246000 26.9277787656461491395 -0.0686203473871892094538 7.05412884488560543161
20735 390.253000 26.9277181433956798173 -0.0686163776479375153716 7.05413885619076097555
20736 390.259000 26.9276674449661825861 -0.0686138109224984638068 7.05414934960271633457
20737 390.265000 26.9276178401473593738 -0.0686119874748773728168 7.05416092858983923009
20738 390.271000 26.9275692778514574854 -0.0686109192874704981735 7.05417294509915393519
20739 390.277000 26.9275215248022590231 -0.068610514667736141603 7.05418476829974938624
20740 390.284000 26.9274675268681846774 -0.0686110690457451127822 7.05419774407840094455
20741 390.289000 26.9274294563140159653 -0.0686117960604964299831 7.05420610827871108484
20742 390.296000 26.9273776599327234749 -0.0686136427622977967955 7.0542160688963591042
20743 390.303000 26.9273266924856997662 -0.0686157889505221996185 7.05422374444108690739
20744 390.308000 26.9272913710965404732 -0.0686176473654158958215 7.05422775299989890385
20745 390.312000 26.92726324065948873 -0.0686190658987069490582 7.05422998114053445562
20746 390.316000 26.9272358141851420044 -0.068620679967003800348 7.05423139104963681234
20747 390.321000 26.9272016455992755368 -0.0686224256905196006162 7.05423208275015500845
20748 390.325000 26.92717502869140489 -0.0686239395312435579433 7.05423175035878191608
20749 390.329000 26.927148571929709675 -0.0686252249559294036363 7.05423077359201755598
20750 390.334000 26.9271159091590845946 -0.0686267082087755470043 7.05422856389508812214
20751 390.338000 26.9270901760168328565 -0.0686276052212739101632 7.05422620422803348106
20752 390.342000 26.9270650134743334547 -0.0686285397501704141909 7.05422330734982327982
20753 390.346000 26.9270400250537171871 -0.068629158021095607034 7.05422004560041493448
20754 390.350000 26.9270152178842110402 -0.068629535200887062385 7.05421637569037418558
20755 390.354000 26.9269910815318560537 -0.0686298957827121969277 7.05421242096099909702
20756 390.361000 26.9269493208805386075 -0.0686298398265266784701 7.05420510979756176795
20757 390.365000 26.9269260341559117933 -0.0686296644369506630978 7.0542007054988697945
20758 390.370000 26.9268969439701493229 -0.0686288851915374809032 7.05419524461930169679
20759 390.377000 26.9268577601876515359 -0.0686277027005422340933 7.05418770663142691291
20760 390.382000 26.926830103900872615 -0.0686264323989613372889 7.05418255657693382688
20761 390.389000 26.9267926966762729535 -0.0686246303105714910986 7.05417574810876413238
20762 390.395000 26.926761328026834974 -0.0686228173621395154402 7.05417044939188819797
20763 390.402000 26.9267254301616780765 -0.0686205379814450455722 7.05416492385922566655
20764 390.409000 26.9266911992706283741 -0.0686183597375041309796 7.05416026390408745783
20765 390.415000 26.926662493748075633 -0.0686165200810639336337 7.05415687321733386739
20766 390.421000 26.9266345931511352774 -0.0686148084962989734947 7.05415404721938710253
20767 390.427000 26.9266074960391534887 -0.0686132672724749925752 7.05415174080570839266
20768 390.434000 26.9265766671942721189 -0.0686116288902879206679 7.05414963325934074589
20769 390.440000 26.9265513295516001335 -0.068610533009867760712 7.05414828852000663773
20770 390.446000 26.9265267722353769386 -0.0686096817203110526107 7.05414725492390548567
20771 390.452000 26.9265029827308026711 -0.0686090582160248513288 7.05414648248370923511
20772 390.457000 26.9264839035566723169 -0.0686087772617525043506 7.0541460053358777671
20773 390.464000 26.9264578445444549004 -0.0686085197042510669396 7.05414541598357391905
20774 390.471000 26.9264327784992723025 -0.0686084105464948440511 7.05414502479804372825
20775 390.477000 26.9264120974750582604 -0.0686084734614286623211 7.05414466677028073605
20776 390.483000 26.9263921114523228084 -0.0686086150850657439104 7.05414427323897808009
20777 390.488000 26.9263759345394255718 -0.0686088218709402508644 7.0541438409835821588
20778 390.495000 26.9263539974560508483 -0.0686088960264631952946 7.05414322616882571992
20779 390.501000 26.9263360014320873859 -0.0686090500500397548755 7.05414254576431432042
20780 390.507000 26.9263186509795957591 -0.0686091505613181384948 7.05414173500713559406
20781 390.514000 26.9262993597486719466 -0.068609273926484901085 7.05414058483541062117
20782 390.520000 26.9262832658375650396 -0.0686092164883644606288 7.05413944351234434293
20783 390.526000 26.9262678563890531791 -0.0686089616047680650457 7.05413821601141144413
20784 390.532000 26.9262529783617665657 -0.068608658207331446599 7.05413680855031888228
20785 390.538000 26.9262386961250399509 -0.0686082544427337459592 7.05413527063528889016
20786 390.545000 26.9262225798525527409 -0.0686075884986525469378 7.0541333035966671261
20787 390.549000 26.9262139785628065169 -0.0686073061067694750514 7.05413210103861132438
20788 390.553000 26.9262051496776528836 -0.0686068292329749807035 7.05413083673097585091
20789 390.556000 26.9261989854413670287 -0.0686064593948706169524 7.05412992263548943583
20790 390.561000 26.9261890907299559217 -0.0686059412578319122167 7.05412833947699358106
20791 390.567000 26.9261775141904813324 -0.068605213450842597589 7.05412632672550632407
20792 390.573000 26.9261664825379405386 -0.0686044729490636606695 7.05412425508887253045
20793 390.579000 26.9261560037508864696 -0.0686037349741717983331 7.05412213347854955003
20794 390.585000 26.9261457956588579066 -0.0686029836909231582887 7.05411990001977251552
20795 390.591000 26.9261365428249028753 -0.0686022406110120414047 7.054117773317916118
20796 390.598000 26.9261264932086703539 -0.0686015924677066124548 7.05411519386231944395
20797 390.603000 26.9261194856550787335 -0.0686009947265239922176 7.05411338687704603245
20798 390.609000 26.9261117980846478304 -0.0686004535994691605483 7.0541111976034507336
20799 390.615000 26.9261049336623301542 -0.0686001509499463285602 7.05410898360966776011
20800 390.621000 26.9260982465719607148 -0.0685996397482979414217 7.05410683254577985934
20801 390.627000 26.9260922202081971477 -0.0685992481810002163733 7.05410471726776400203
20802 390.633000 26.9260867638417558112 -0.0685989058735227280605 7.05410262870233584209
20803 390.639000 26.9260818433062709687 -0.0685985998365310628566 7.05410057582558103206
20804 390.646000 26.926076482285733249 -0.0685982145862729375541 7.05409819220218103908
20805 390.652000 26.9260728353752263331 -0.0685978940514479218482 7.05409628234240049238
20806 390.657000 26.926070252616533196 -0.0685977493264901400094 7.05409469570646407988
20807 390.663000 26.9260674589883919339 -0.0685974790758275138058 7.05409281470189686303
20808 390.669000 26.9260651689670353903 -0.0685971962573430210641 7.05409097313508848259
20809 390.676000 26.9260632337912575451 -0.068596944325097816697 7.05408881763633743844
20810 390.681000 26.9260618632356951707 -0.0685964907138802565401 7.0540873599809010841
20811 390.687000 26.9260610721215201124 -0.0685961108757048576567 7.05408564905143187218
20812 390.693000 26.9260607450069713309 -0.0685957120816780147043 7.05408394782168812753
20813 390.699000 26.9260611112785746002 -0.0685953125799904778193 7.05408197193176000894
20814 390.705000 26.9260614488050435966 -0.0685948219608564224714 7.05408060971067296663
20815 390.712000 26.9260627482560259693 -0.0685943446092153880089 7.05407866567789376688
20816 390.717000 26.9260640978750451779 -0.0685939132397439393918 7.05407729976715991427
20817 390.723000 26.9260660035792938061 -0.0685933768570080176774 7.05407566440777156203
20818 390.729000 26.9260683358690968703 -0.0685928300616958364078 7.05407403013720202267
20819 390.736000 26.9260715709284639274 -0.0685921576394099702378 7.05407214932092418991
20820 390.742000 26.9260745226615725301 -0.0685915738136884250986 7.05407041578193538811
20821 390.748000 26.9260782845380859385 -0.0685909732611499067811 7.05406879752894422353
20822 390.754000 26.926082335328459294 -0.0685904362755334895407 7.05406710709486794997
20823 390.760000 26.9260868047020665017 -0.0685899184347698032127 7.05406539958757416997
20824 390.767000 26.9260926995995113487 -0.0685894461399053773087 7.05406335547795482199
20825 390.771000 26.9260961953804454083 -0.0685891034792591031133 7.05406222209915068078
20826 390.776000 26.9261007340012383793 -0.0685887434559393771583 7.05406070308109445222
20827 390.780000 26.9261045746872191842 -0.0685883473396851350845 7.05405952758889753795
20828 390.784000 26.9261088222527540381 -0.0685881698949619006411 7.05405830211110274064
20829 390.788000 26.9261130822684116026 -0.0685878709853133816665 7.05405712777469329211
20830 390.792000 26.9261173627039376299 -0.068587534381969891828 7.05405588881684231239
20831 390.798000 26.9261243503270009114 -0.0685871630867643800045 7.05405403734990876785
20832 390.805000 26.9261331113860329367 -0.0685868871139531099956 7.05405181867373887172
20833 390.811000 26.9261409773254314359 -0.0685864878665572719196 7.05404997383660781196
20834 390.817000 26.9261491807923150077 -0.0685861572536994729132 7.05404807530163768803
20835 390.822000 26.926156346815083964 -0.0685859162960472390491 7.05404644827469251567
20836 390.828000 26.9261652687680985707 -0.068585598236253542126 7.05404453190520719374
20837 390.834000 26.9261745651651658306 -0.0685852788966046372776 7.05404260871040378333
20838 390.840000 26.9261841189589858914 -0.0685849457651546284831 7.05404068038763032433
20839 390.845000 26.9261925573312552729 -0.0685846669379863715932 7.05403907507476457539
20840 390.851000 26.9262029080078519883 -0.0685843204593004907021 7.05403715196586222902
20841 390.858000 26.926215424079870786 -0.0685838750271973440764 7.05403495496285692923
20842 390.864000 26.9262265487681666798 -0.0685835010334565758905 7.05403304356440052914
20843 390.870000 26.9262377392289060651 -0.0685830798365694299656 7.0540310635198038014
20844 390.877000 26.9262518441825307036 -0.0685826539762258019506 7.05402888848776488118
20845 390.882000 26.9262618298793903193 -0.0685821949900743965678 7.05402733839726714393
20846 390.887000 26.9262723878823031498 -0.0685819096407334766186 7.05402579620126157778
20847 390.893000 26.926285166078741895 -0.0685814644807840462226 7.05402393178616282654
