5990 1317.041000 19.4219347179611361298 -0.0646801875312828095099 6.72272765406779715391
5991 1317.049000 19.4218688262667029676 -0.0648047639013075854608 6.7222108558432207559
5992 1317.059000 19.4218090638926810243 -0.065091405911344435431 6.72171726950710990423
5993 1317.068000 19.4217766965656615241 -0.065421652667765672895 6.72142292778547290055
5994 1317.077000 19.4217590246823483824 -0.0657754296794588882991 6.72126665649158194782
5995 1317.087000 19.4217531464959911602 -0.0661546294274502344468 6.7212419425898319858
5996 1317.096000 19.4217550803878893362 -0.066455985893784527696 6.72133424284957037287
5997 1317.106000 19.4217601200556089225 -0.0667261148880231025338 6.72153493441347915649
5998 1317.115000 19.421762803591985147 -0.0669015945711428916542 6.72177495362523291789
5999 1317.125000 19.4217608350811445916 -0.0670199937529515343826 6.72207337197576038079
6000 1317.134000 19.4217523241039877746 -0.0670614116360409157069 6.72234306177692264583
6001 1317.144000 19.4217344424019735527 -0.0670459905867485522757 6.72261724872719401702
6002 1317.153000 19.4217116809382694953 -0.0669884813476332302562 6.72282475812170599028
6003 1317.163000 19.4216796989445583677 -0.0668918434006029738459 6.72300037646327020013
6004 1317.172000 19.4216453027479190041 -0.0667886769305489069737 6.7231060699628963917
6005 1317.181000 19.4216082412220281128 -0.0666820679820464695675 6.72316511170790942487
6006 1317.191000 19.4215658506102109016 -0.0665720332690377253337 6.72318360869036180105
6007 1317.200000 19.42152650857175189 -0.0664881299035748191129 6.72316721007540074595
6008 1317.209000 19.4214889537678878639 -0.066425029299251467374 6.72312903789686444611
6009 1317.218000 19.4214524761786080376 -0.0663840693053529135037 6.72307807703506732366
6010 1317.228000 19.4214152862766731289 -0.0663661219945541613896 6.7230150746594015132
6011 1317.237000 19.4213848752984610257 -0.066371722180381759193 6.72295901391760875043
6012 1317.245000 19.4213606136921939083 -0.0663920278007235076245 6.72291211534228327906
6013 1317.255000 19.4213325550123272478 -0.0664316341796071796466 6.72285944100779531141
6014 1317.264000 19.4213108236317637534 -0.0664761687287364760879 6.72281776192096547362
6015 1317.273000 19.4212905120149805782 -0.066523262226975840572 6.72278056970104564982
6016 1317.282000 19.4212731016108186566 -0.0665687298206749239471 6.72274683074022938456
6017 1317.291000 19.4212566103769859183 -0.066608027566979866041 6.72271528063745016368
6018 1317.301000 19.4212408928977069422 -0.0666414188878769186974 6.72268211086127021048
6019 1317.308000 19.4212306337444928772 -0.0666567560744916742799 6.72265996558479361767
6020 1317.314000 19.4212226904239813052 -0.0666644300327586813992 6.72264192436061147617
6021 1317.319000 19.42121674192884484 -0.0666670057087365985904 6.72262777722763882338
6022 1317.324000 19.4212112544872184117 -0.0666661790380471269701 6.72261466184288991599
6023 1317.329000 19.4212060100226651116 -0.0666621632027874361226 6.72260276249666066661
6024 1317.335000 19.4212003778395398967 -0.0666536052451215943471 6.72259053165887543457
6025 1317.340000 19.4211958563051929616 -0.0666436120187475222743 6.72258234889684391788
6026 1317.345000 19.421192155529219292 -0.0666318784149375342718 6.72257618377987586911
6027 1317.350000 19.4211890823683823726 -0.0666186339405836491778 6.72257231569990487685
6028 1317.355000 19.4211866383395843627 -0.0666043600576722294448 6.7225709135986315701
6029 1317.360000 19.4211844300732430213 -0.0665894956094184448103 6.72257199202844279995
6030 1317.366000 19.4211826917499870149 -0.0665715690455050829177 6.72257675025931078494
6031 1317.372000 19.4211817298836884049 -0.0665545395958169611061 6.72258502651601119737
6032 1317.381000 19.4211810647428393395 -0.066531094036985913287 6.72260385823744233136
6033 1317.391000 19.4211826480785774152 -0.0665112991462982472424 6.72263197538445567147
6034 1317.400000 19.4211857756550436704 -0.0665001579151490163078 6.72266167753896048964
6035 1317.410000 19.4211903170509074812 -0.0664956409237048295946 6.72269638671215652437
6036 1317.419000 19.4211952746320228869 -0.0664983548335609797597 6.7227263744049530203
6037 1317.428000 19.4212011434760469797 -0.0665068289033592247028 6.72275252568470449432
6038 1317.438000 19.4212087888877391606 -0.0665214055914625373989 6.72277463769710781349
6039 1317.447000 19.4212159877266579144 -0.0665372083812582199025 6.72278652865578241205
6040 1317.456000 19.4212241867004600238 -0.0665540097037025935034 6.72279009464259846851
6041 1317.466000 19.4212337254589542113 -0.0665715855011861229462 6.72278418392440890727
6042 1317.476000 19.4212431360561090798 -0.0665862009176570179836 6.72276862466637759042
6043 1317.484000 19.4212518041552115733 -0.0665947831775086235284 6.72275076478775446276
6044 1317.494000 19.4212643921930521174 -0.0666008861230291682176 6.72272383385196814487
6045 1317.503000 19.4212757516844973793 -0.0666017552821125263796 6.72269696760469415153
6046 1317.512000 19.421289390765338112 -0.0665991051272637468728 6.72266998590175823836
6047 1317.522000 19.4213047004160834774 -0.0665917214649907190926 6.72264203825021944283
6048 1317.532000 19.4213230460003636324 -0.0665813449119580097468 6.72261880212999773931
6049 1317.541000 19.4213404643694502738 -0.0665708687274137733692 6.72260264484534797447
6050 1317.551000 19.4213626445973730483 -0.0665588550185140931381 6.72259135314088496216
6051 1317.559000 19.4213815059318051226 -0.0665502737270268762693 6.72258698388874975649
6052 1317.566000 19.4213989465926069045 -0.0665434507622959942053 6.72258660204626501411
6053 1317.572000 19.4214147005741715191 -0.0665387855388872156981 6.72258842705083115021
6054 1317.581000 19.421439034260760792 -0.0665338016244082508521 6.72259419851904471699
6055 1317.591000 19.4214686438292183368 -0.066531360816213039322 6.72260405414393691359
6056 1317.600000 19.421496193520749074 -0.06653181522058460029 6.72261438312426840014
6057 1317.610000 19.4215273132393662081 -0.0665346957540009636967 6.72262595657631045754
6058 1317.619000 19.4215567624196765451 -0.0665392420528062022989 6.72263537721826498483
6059 1317.629000 19.4215900399554897149 -0.0665454001903649089433 6.72264359713925063744
6060 1317.638000 19.4216201897416702593 -0.0665510590353915049144 6.72264836900574191958
6061 1317.647000 19.421651817830024811 -0.0665569313697314257627 6.72265030517115214082
6062 1317.657000 19.4216860280903169667 -0.0665617328786869688617 6.72264910593868414423
6063 1317.666000 19.4217184266336388987 -0.0665652241837385860723 6.72264531311786317502
6064 1317.676000 19.4217537690820876151 -0.0665672151925474075984 6.72263831947260914745
6065 1317.685000 19.4217874707490452124 -0.0665675711302029238237 6.72263059280150798713
6066 1317.695000 19.4218245573104795199 -0.0665661380812674202678 6.72262070028238589714
6067 1317.704000 19.4218594455289554901 -0.0665640511026560910413 6.72261136888984900395
6068 1317.713000 19.4218942928060585018 -0.0665608359684752431962 6.72260223751908903012
6069 1317.723000 19.4219345941850463078 -0.0665570253757322566335 6.72259287784414460987
6070 1317.732000 19.4219722353675869897 -0.066553593730049570576 6.7225856000312402827
6071 1317.742000 19.4220144340751694756 -0.0665498527879936768725 6.72257890220566167727
6072 1317.751000 19.4220540124402347715 -0.0665474006858269018228 6.72257418751302537885
6073 1317.761000 19.4220991040302379815 -0.0665453779912127951768 6.72257048613462693254
6074 1317.770000 19.4221401024496138632 -0.0665442298335165577372 6.72256822954298804973
6075 1317.779000 19.4221826947526210461 -0.0665440804717680467473 6.72256689433554832647
6076 1317.789000 19.4222308094906850329 -0.0665446434147308890639 6.72256610350655492425
6077 1317.798000 19.4222745550944715376 -0.0665454627785412727858 6.72256576783335813019
6078 1317.807000 19.4223194915378272185 -0.0665468845303500977639 6.72256547314158314776
6079 1317.816000 19.4223647779595509633 -0.0665481387396982954074 6.72256513085960083487
6080 1317.823000 19.4224007663226281295 -0.0665494285785869221783 6.72256455464059587968
6081 1317.829000 19.4224317685772049913 -0.0665502366473061796048 6.72256394996941697428
6082 1317.835000 19.4224628646769730267 -0.0665509577551822301134 6.72256307555534515785
6083 1317.841000 19.4224943897444610741 -0.0665517399757117045223 6.72256193405304891542
6084 1317.847000 19.4225256158560952713 -0.0665519504763214114762 6.72256057726241529338
6085 1317.857000 19.4225781977558256131 -0.0665520329716149522392 6.72255785345960887867
6086 1317.866000 19.4226267220599204677 -0.0665520006071556313731 6.72255487464786760654
6087 1317.875000 19.4226750015493934143 -0.0665513291443795007574 6.72255151377008619562
6088 1317.885000 19.4227296259960482416 -0.0665504657824041029324 6.72254742897800916523
6089 1317.894000 19.422779102310236965 -0.0665492739149809858779 6.72254361575644843185
6090 1317.903000 19.4228291966242103683 -0.0665482860661462533036 6.72253957035032545519
6091 1317.913000 19.422885937254449118 -0.0665471824645097742579 6.72253522467215614
6092 1317.922000 19.4229368212659032622 -0.0665460380947778262772 6.72253133868306740339
6093 1317.931000 19.4229889011252581099 -0.0665454110676074739317 6.72252754944757047184
6094 1317.940000 19.4230415207666737842 -0.0665448596075665921301 6.72252399882776963125
6095 1317.949000 19.4230942478264623219 -0.0665444075265775036865 6.72252056646730178358
6096 1317.959000 19.4231540752932119176 -0.0665442804728324094343 6.72251704601422250818
6097 1317.968000 19.4232084321931850468 -0.066544371993115261632 6.72251400605858151494
6098 1317.977000 19.4232630745580685527 -0.0665443726011864244985 6.72251114728066756498
6099 1317.986000 19.4233187424076234606 -0.0665446835207112036281 6.72250839154621182558
6100 1317.995000 19.4233743556293418919 -0.0665447250116322497338 6.72250570617488829583
6101 1318.004000 19.4234309449688389293 -0.0665450172941752515765 6.72250301960370588716
6102 1318.013000 19.4234877101829859214 -0.0665449447516260755853 6.72250043152845044858
6103 1318.022000 19.4235450131376872207 -0.0665450472148999133681 6.7224976842595625115
6104 1318.031000 19.4236031291185469172 -0.0665450122863537329998 6.72249502443404622909
6105 1318.040000 19.4236608273099378152 -0.0665446412669659231875 6.72249222738097973462
6106 1318.049000 19.4237197817294386937 -0.0665444466882129520569 6.72248944516944924032
6107 1318.059000 19.4237851718108593957 -0.0665439776907949531726 6.7224862350088416818
6108 1318.069000 19.4238506210342620761 -0.0665433134354610628103 6.72248293933945451073
6109 1318.078000 19.4239105113326893104 -0.0665429137089973699037 6.72247996419883619978
6110 1318.088000 19.4239772669979373632 -0.0665424303710944187173 6.72247659915020268073
6111 1318.097000 19.4240373473208691735 -0.0665418092306473557551 6.72247356858986933048
6112 1318.106000 19.424098278316890287 -0.066541526979573800693 6.72247048973314331732
6113 1318.116000 19.4241664795691733048 -0.0665411721543999884476 6.72246714708579329312
6114 1318.126000 19.4242345271532883544 -0.0665406883460294001909 6.7224637694221129891
6115 1318.135000 19.4242967002975852608 -0.0665406475516752693444 6.72246068024827891918
6116 1318.145000 19.4243661657535895415 -0.0665405161370080516781 6.72245733516304522226
6117 1318.154000 19.424428474479491058 -0.0665402757180145743021 6.72245425386914963184
6118 1318.164000 19.4244986773123891055 -0.0665402254483046101674 6.72245087065196678111
6119 1318.173000 19.4245624372677312408 -0.0665402550474624709942 6.72244785097309982547
6120 1318.183000 19.4246331381044043951 -0.0665399291690511457409 6.72244454006799063706
6121 1318.192000 19.4246973559837989853 -0.0665399078401496674173 6.72244145285429350878
6122 1318.202000 19.4247695320614717218 -0.0665398082478734914647 6.72243817632787621363
6123 1318.212000 19.4248416354925801386 -0.0665395766354033579848 6.72243482832803351812
6124 1318.221000 19.4249065335986799141 -0.0665392485857672910665 6.72243178083066172945
6125 1318.231000 19.4249795214566525203 -0.0665389885347109910629 6.72242847409986410412
6126 1318.240000 19.4250453980504786955 -0.0665387601080879853566 6.72242545360840360047
6127 1318.250000 19.4251185508991426332 -0.0665382206489669031368 6.72242216269264769579
6128 1318.259000 19.4251851045128027806 -0.066538012438763685652 6.7224191576177680929
6129 1318.269000 19.4252594207787012692 -0.0665376695010783808515 6.72241590929874810456
6130 1318.278000 19.425325921128862916 -0.0665372152946645395444 6.72241291333063717417
6131 1318.287000 19.4253935509334318965 -0.0665370566034077098871 6.7224099906783303382
6132 1318.297000 19.4254684417762000237 -0.0665367461601010234951 6.72240668995354084814
6133 1318.306000 19.425535791632722038 -0.0665364089784563489394 6.72240367786210324397
6134 1318.316000 19.4256114522530829447 -0.0665362007657595705412 6.72240039939824374216
6135 1318.325000 19.4256796969880767278 -0.0665360641131004654225 6.72239739208099695844
6136 1318.335000 19.4257554478778189377 -0.0665356608120495213177 6.7223941004121874343
6137 1318.345000 19.4258318283382571678 -0.0665355063354093057004 6.72239074348562226646
6138 1318.354000 19.4259011748387706575 -0.0665354006120414814829 6.72238779995930979538
6139 1318.364000 19.4259777054228663928 -0.0665349975070144844524 6.7223844753528796403
6140 1318.373000 19.426047355288549312 -0.0665349576970038630863 6.72238142312447095605
6141 1318.382000 19.4261171659010436485 -0.0665347806706380745512 6.72237843047075145364
6142 1318.391000 19.4261866971501540036 -0.0665344792106935950526 6.72237536277161495946
6143 1318.400000 19.4262571364306282362 -0.0665343320060736015398 6.72237239755768634097
6144 1318.410000 19.426335083739065368 -0.0665341073266020183175 6.72236897300662494814
6145 1318.419000 19.4264053431782599546 -0.0665337242336250800356 6.72236596334452052304
6146 1318.428000 19.4264762738577410062 -0.0665335792358011518521 6.72236295446997278447
6147 1318.437000 19.4265468169973694046 -0.0665331478350839333746 6.72235995152458887247
6148 1318.446000 19.426618026432926456 -0.0665330007168223602765 6.72235691810012792047
6149 1318.456000 19.4266974206014424453 -0.0665327219389145324557 6.72235363869492630329
6150 1318.465000 19.4267686795246987685 -0.0665324206350462188375 6.7223506108052415442
6151 1318.474000 19.4268400386875406127 -0.0665319871561291381612 6.72234766527655391855
6152 1318.483000 19.4269121939515123643 -0.0665319202908955104059 6.72234466810410591364
6153 1318.492000 19.426983638644355068 -0.0665315058588700769526 6.72234167256030534787
6154 1318.502000 19.4270641678143149989 -0.0665313780544631999669 6.72233839281099321283
6155 1318.510000 19.4271279779711285585 -0.0665310576120523716748 6.72233571084891856628
6156 1318.520000 19.4272087022527983891 -0.0665309093386642347312 6.72233240522291897179
6157 1318.529000 19.4272809197857228014 -0.0665305597700567435959 6.72232942107853226332
6158 1318.539000 19.4273619915395343583 -0.0665304217165286898572 6.72232610157737564549
6159 1318.548000 19.4274345161494146339 -0.0665300775868732652274 6.72232310402478816513
6160 1318.557000 19.4275073402742641804 -0.0665297991973493180184 6.72232008027033245412
6161 1318.567000 19.4275887408227276865 -0.0665295955749817258251 6.72231676220251195275
6162 1318.576000 19.4276618522581259185 -0.0665293126972625881166 6.7223137302518942704
6163 1318.585000 19.4277355761722780869 -0.0665291820806346995143 6.72231075770426755867
6164 1318.594000 19.4278085960918716069 -0.0665289139542263874283 6.72230762720530883314
6165 1318.604000 19.427890936584823578 -0.066528671160300006937 6.72230439932753576215
6166 1318.613000 19.4279642142992656773 -0.066528394398304060986 6.72230127078352346359
6167 1318.622000 19.4280387900878892538 -0.0665282054814982093394 6.72229841220570545346
6168 1318.631000 19.4281121062096886476 -0.0665279727351221622511 6.72229521512038363795
6169 1318.640000 19.4281868736157932176 -0.0665276961019768547922 6.72229238916253724057
6170 1318.650000 19.4282687118431844908 -0.0665274303552341184087 6.72228887806049257847
6171 1318.659000 19.4283437031365195935 -0.0665271524579073847416 6.72228605740954154868
6172 1318.668000 19.4284177309020371638 -0.0665270048907041500197 6.72228290655157234568
6173 1318.677000 19.428492322178691154 -0.0665264516255330978778 6.72228008251172770571
6174 1318.687000 19.4285752213273710254 -0.0665264657690780997212 6.72227658749473988564
6175 1318.696000 19.428650014397039314 -0.0665259153851842505167 6.72227376578906632432
6176 1318.705000 19.4287252228682199018 -0.0665260302982686596573 6.72227068643821024096
6177 1318.715000 19.4288081168278630173 -0.0665253850083024483864 6.72226745093321209623
6178 1318.724000 19.4288835122985048542 -0.0665255019728191870909 6.72226437117880681882
6179 1318.733000 19.4289582202177513182 -0.06652493581403567946 6.72226143046919411006
6180 1318.743000 19.4290421810627087496 -0.0665249754456807840253 6.72225805320865621439
6181 1318.752000 19.4291170613224757346 -0.0665244088607538225366 6.72225511070500658661
6182 1318.761000 19.4291926163693347007 -0.0665242741979515106454 6.72225209673556634016
6183 1318.771000 19.4292767005736557451 -0.0665240234823066267644 6.72224882643102628066
6184 1318.780000 19.4293520700368240739 -0.0665237473143874130654 6.72224579194817817296
6185 1318.789000 19.429427442293086159 -0.0665233333104900820265 6.72224283076139084159
6186 1318.799000 19.4295117340130296668 -0.066523208640074563136 6.72223945581690696116
6187 1318.808000 19.4295874977845741682 -0.0665230143477241880889 6.72223643592990427464
6188 1318.817000 19.4296630700278534221 -0.0665226297685885398225 6.72223345789564330488
6189 1318.827000 19.4297476800045778589 -0.0665224625427584953519 6.72223011796606328971
6190 1318.836000 19.429823295571285513 -0.0665220852977783938531 6.72222711745968215524
6191 1318.845000 19.4298991279156965106 -0.0665217705342606852037 6.72222409982105162385
6192 1318.854000 19.4299754985711210509 -0.0665216103346067122448 6.72222114586964458738
6193 1318.864000 19.4300602508891202547 -0.06652134900598519196 6.72221787561986072745
6194 1318.873000 19.430135681893123234 -0.0665211151445321280384 6.72221467496560087795
6195 1318.882000 19.4302125276067343407 -0.066520833597149955918 6.7222118565472461782
