15366 630.636000 24.3461118135723815215 -0.0648384897185451530843 -0.0707715929755066697204
15367 630.642000 24.345959929656224574 -0.064281290964218626427 -0.0711397477141529899214
15368 630.649000 24.3458036320997059931 -0.0636154285668840968615 -0.0717050904585318088502
15369 630.657000 24.3456467897471426909 -0.0628963129474435084232 -0.0724564525373983109313
15370 630.664000 24.3455251489074662175 -0.0623460748096082498226 -0.0731443605121683965153
15371 630.670000 24.345430866461779118 -0.0619523035908446095821 -0.0737188735292061275706
15372 630.677000 24.3453312935608181533 -0.0615939271572460839144 -0.0743373116420650709157
15373 630.684000 24.3452419583588302032 -0.0613454569193471674349 -0.0748717648695037263362
15374 630.691000 24.3451620313173862087 -0.0611998593483997280207 -0.0753018136048841102426
15375 630.697000 24.3451004968885165169 -0.0611470651682701551999 -0.0755785700169906565771
15376 630.704000 24.3450363662482800464 -0.0611546060607295188793 -0.0757913507487392307249
15377 630.710000 24.3449876689713704536 -0.0612069383402509201164 -0.0758820783162451328874
15378 630.717000 24.3449379233876079809 -0.0613049012800519280142 -0.0758896801239090923463
15379 630.724000 24.34489562394636053 -0.0614258103723134621377 -0.0758056214133364242302
15380 630.730000 24.3448652126380800098 -0.061535885945933628538 -0.0756745550178234693828
15381 630.735000 24.344843949378780934 -0.0616258756703498694618 -0.0755336106068734552954
15382 630.739000 24.3448295795572100531 -0.0616939631231502652597 -0.075405724679174654379
15383 630.743000 24.3448175236427069024 -0.0617569060187791729621 -0.0752687356808331570202
15384 630.747000 24.3448077374152802577 -0.0618135332080993402104 -0.0751265566425231151593
15385 630.754000 24.3447958819494054694 -0.0618951135125546877958 -0.0748763618153090448892
15386 630.761000 24.3447903212979248622 -0.0619528044520771814518 -0.0746396540799435098679
15387 630.768000 24.3447903972974586395 -0.0619869818144439810315 -0.0744312939152971808632
15388 630.774000 24.3447943041354122329 -0.0619993212583501429602 -0.0742837273214686510947
15389 630.781000 24.3448024370950513173 -0.061997217861562876895 -0.0741540971758523209667
15390 630.788000 24.3448133102736257172 -0.0619816748056331440209 -0.0740732435510450398786
15391 630.795000 24.3448256690537796487 -0.0619575541542751809243 -0.0740404886930826344749
15392 630.802000 24.3448382283627680067 -0.0619295798972178401787 -0.0740516943274108357942
15393 630.808000 24.3448483616593414069 -0.0619064812497298957994 -0.0740918401363071382759
15394 630.815000 24.3448537457548752627 -0.0618819126744950404051 -0.0741643505815226672384
15395 630.822000 24.3448582258644030674 -0.0618628939660664997624 -0.0742556994597498160049
15396 630.829000 24.3448600000794286302 -0.0618516057772100918966 -0.0743568922214823124772
15397 630.835000 24.3448581843559281879 -0.0618484347656175631469 -0.0744438655844772978476
15398 630.842000 24.3448521379295250711 -0.0618519090834538515233 -0.0745379431798492003702
15399 630.848000 24.3448435738796469252 -0.0618604375162086980722 -0.0746070464945886302477
15400 630.855000 24.3448291917468360168 -0.0618752745554600191991 -0.0746688478856819132234
15401 630.861000 24.3448138388726036396 -0.0618910650286213087634 -0.0747036049413391939344
15402 630.868000 24.3447922253555582017 -0.0619110503492955321914 -0.0747209914846236195052
15403 630.874000 24.3447715176585539609 -0.0619283151945836315977 -0.0747168136717035608063
15404 630.881000 24.3447448687219427654 -0.0619467615698305745786 -0.0746910122117473013192
15405 630.887000 24.3447208670314161338 -0.0619602259198480317948 -0.07465389368395614067
15406 630.895000 24.3446879647736800223 -0.0619733268937831260903 -0.0745880041483285849413
15407 630.901000 24.3446633901227720287 -0.0619790213175630544384 -0.0745307838830125274354
15408 630.908000 24.344635185700724378 -0.0619807870027997975804 -0.0744603020954168193235
15409 630.914000 24.3446121037740006443 -0.0619784029670985420202 -0.0744011085883283795894
15410 630.922000 24.344583239896763871 -0.0619700265241972594876 -0.0743289032101625696258
15411 630.928000 24.3445632454033678016 -0.0619604324581481541445 -0.0742831055353944252895
15412 630.935000 24.3445421441993872236 -0.0619468235760926438926 -0.0742417646555185439805
15413 630.941000 24.3445260391251956378 -0.0619337036565347567874 -0.0742180572985143283127
15414 630.948000 24.3445091366821806389 -0.0619175777121547671333 -0.0742042640854021495755
15415 630.955000 24.3444944203800410776 -0.0619016994317156121763 -0.0742055339068465047436
15416 630.963000 24.3444795431337936975 -0.0618850039495308160142 -0.0742233300484765878835
15417 630.969000 24.3444692941865490354 -0.0618740937396247553393 -0.074246175146928883315
15418 630.977000 24.3444569637222905101 -0.061862307879759347029 -0.0742859065769786303113
15419 630.984000 24.3444466367903871173 -0.0618547953936226246885 -0.0743259029051991371162
15420 630.991000 24.344436032056119501 -0.0618500891951533279811 -0.0743673357376079535719
15421 630.998000 24.3444249245704007478 -0.0618478579286178692387 -0.0744067472156629688973
15422 631.005000 24.3444131459961923269 -0.0618479058178989307692 -0.0744417799927404588711
15423 631.012000 24.3444000141004472937 -0.0618499346559706897342 -0.0744700905030258458739
15424 631.018000 24.3443878383510892149 -0.0618526432995916211621 -0.0744875001282825910387
15425 631.026000 24.3443697484564829381 -0.0618574442439859886744 -0.0745002555450784420543
15426 631.033000 24.3443523259745582266 -0.0618620490359907057587 -0.0745011230550569197861
15427 631.040000 24.3443334425984261316 -0.061866779984671417536 -0.074492900328261599241
15428 631.047000 24.344313412288016707 -0.0618710474695394960221 -0.0744765357037101005666
15429 631.054000 24.3442920720947135749 -0.0618746506448261471278 -0.0744533356086902603499
15430 631.061000 24.3442697879968470431 -0.0618775759879324205315 -0.0744251492515858731336
15431 631.068000 24.3442470067639327169 -0.0618794999717165519759 -0.074393841141691424701
15432 631.075000 24.3442236899509545367 -0.0618806010277388393592 -0.074361353103819902155
15433 631.081000 24.3442036488513871006 -0.0618807190799035081175 -0.0743337122424784918495
15434 631.088000 24.3441801526051513349 -0.061880309644911139777 -0.0743036005018405804057
15435 631.095000 24.3441568107575925239 -0.0618791355655415875603 -0.0742765872372686958292
15436 631.102000 24.3441340625416877685 -0.0618774984862623805837 -0.0742540865028150920413
15437 631.108000 24.344115063700531465 -0.061875876017535386131 -0.0742387891524187298886
15438 631.114000 24.3440963730478969751 -0.0618740389955104649888 -0.0742272908878238296682
15439 631.120000 24.3440782510918722892 -0.0618721238365696896144 -0.0742198713655855685234
15440 631.127000 24.3440574810046967968 -0.0618697252900075322923 -0.0742155769629962158707
15441 631.134000 24.3440374911581720596 -0.0618673512980399617489 -0.0742159306645436694927
15442 631.140000 24.3440208533417852266 -0.0618654021386134123084 -0.0742192559483049185687
15443 631.147000 24.3440017261578667274 -0.0618631708663783946855 -0.0742259143573959223605
15444 631.154000 24.3439828792104329125 -0.0618608390697865662133 -0.074234334055789982787
15445 631.161000 24.343964373696916681 -0.0618585376151775043208 -0.0742439542212163516854
15446 631.168000 24.3439457155469085592 -0.0618563225467235883182 -0.0742537285111319195208
15447 631.175000 24.3439270169195793869 -0.0618539083438937389858 -0.0742624816682423555259
15448 631.182000 24.3439082773013595329 -0.0618514504995281017008 -0.0742699624662837842859
15449 631.189000 24.3438890583113689559 -0.0618490024077100047917 -0.0742755232321639924375
15450 631.196000 24.3438694637984269775 -0.0618463843360577344987 -0.0742785043284091700544
15451 631.203000 24.3438496346051245212 -0.0618437211385429799759 -0.0742791547251248629458
15452 631.210000 24.3438291650541103195 -0.0618411349817977185062 -0.0742773660563857685002
15453 631.218000 24.343805272758178404 -0.061838175653523230757 -0.074272336776154149196
15454 631.225000 24.3437838908052590625 -0.0618356082989450217546 -0.0742655754737274326205
15455 631.232000 24.3437622903320516343 -0.0618332235699337387502 -0.0742573243441717045776
15456 631.239000 24.3437401918073881291 -0.0618311340399577691329 -0.0742478868509773570761
15457 631.246000 24.3437177588264859196 -0.0618291686049968064465 -0.0742373996268041597135
15458 631.253000 24.3436955081977188797 -0.0618275394498787600472 -0.0742266930907652389138
15459 631.260000 24.3436729133815425996 -0.0618262657823041225646 -0.0742160794648861060763
15460 631.267000 24.3436501915847003374 -0.0618251556432792212514 -0.0742055868686797293066
15461 631.274000 24.3436276933965203284 -0.061824343860893429814 -0.0741958808169796285581
15462 631.280000 24.3436085605099954421 -0.0618238971029315409478 -0.0741882342848646236799
15463 631.285000 24.3435926901032360092 -0.0618235709264131835794 -0.0741823514094540475972
15464 631.292000 24.3435704287744769658 -0.0618233184332199064981 -0.0741751075313379498732
15465 631.299000 24.3435482511540470796 -0.0618230115321351386681 -0.0741686381123327909126
15466 631.306000 24.3435264303304847999 -0.0618227355257372143682 -0.0741632832443671063949
15467 631.313000 24.3435047253364125197 -0.0618224804933926383455 -0.0741587668992625265174
15468 631.320000 24.3434833131685266494 -0.0618219964426383328249 -0.074155026021275716186
15469 631.327000 24.3434618937517264214 -0.0618214062969256253344 -0.0741519154870907831745
15470 631.334000 24.3434405177036481405 -0.0618204565840101902263 -0.0741489722059614497773
15471 631.341000 24.343419337667704383 -0.0618192729391605910738 -0.0741464558131818968212
15472 631.348000 24.3433979707910204127 -0.0618179045636748775161 -0.0741440952479386489182
15473 631.355000 24.3433765554259906594 -0.0618161696267685648043 -0.0741414448679574705769
15474 631.361000 24.3433582557664252022 -0.061814547255391989744 -0.0741393116788381656423
15475 631.368000 24.3433365687536280575 -0.0618123505674907994245 -0.0741363080976489563501
15476 631.374000 24.3433180058839759852 -0.0618104178146375235481 -0.0741336277978591196014
15477 631.382000 24.3432930684961519319 -0.0618076419996863857254 -0.0741296719836356116096
15478 631.388000 24.3432742978001996903 -0.0618054198698921863908 -0.0741264153564472755287
15479 631.396000 24.3432489279313379882 -0.0618025568907967851051 -0.0741217333626606605934
15480 631.403000 24.3432265603768342999 -0.0618001546005945423534 -0.0741173047997966266687
15481 631.409000 24.3432074108601312901 -0.0617981517572725250198 -0.074113446101596647253
15482 631.417000 24.3431815615710434031 -0.0617955763364005372651 -0.0741079016529797296453
15483 631.424000 24.3431587847752339826 -0.061793439150926998682 -0.0741027448535733768153
15484 631.431000 24.3431360783237238365 -0.0617915147538234260649 -0.0740976791146688990031
15485 631.436000 24.3431197243106254291 -0.0617902774900634527144 -0.074094004451810344114
15486 631.443000 24.343096760499825848 -0.0617887663659911906544 -0.074088953883388361521
15487 631.450000 24.3430736746638167745 -0.0617873072106048665253 -0.074083683987884868527
15488 631.457000 24.343050775197010438 -0.06178603536983906519 -0.0740786107470951110665
15489 631.464000 24.3430278497274201754 -0.0617849827832310100062 -0.0740735751061612490709
15490 631.471000 24.3430051099812523319 -0.0617839306907030372251 -0.0740686583023529576675
15491 631.477000 24.3429855145792792825 -0.0617831003246670229512 -0.0740644191670155188634
15492 631.483000 24.3429660559978486845 -0.0617823148595646604031 -0.0740604319095739815904
15493 631.489000 24.3429464567546816056 -0.0617814001720878164248 -0.0740562399520402481201
15494 631.495000 24.3429271174519890053 -0.0617805897206496618113 -0.0740522347726056406891
15495 631.500000 24.3429110270116062509 -0.0617798229694221587294 -0.0740488837564268059799
15496 631.506000 24.3428914335054500384 -0.061778875728332037498 -0.0740448838143734078265
15497 631.513000 24.3428688777937090038 -0.0617776503579128000165 -0.07404029632957327689
15498 631.520000 24.3428462861614463009 -0.0617764104347511139315 -0.0740357005177247617933
15499 631.528000 24.3428206333316090593 -0.0617747961460545363943 -0.0740305867039983828137
15500 631.536000 24.3427948258179114305 -0.061773018132326287799 -0.0740253558296770503011
15501 631.543000 24.3427720492259602736 -0.0617712914716812624971 -0.0740206350925615430558
15502 631.551000 24.3427461343400963756 -0.061769281946242864112 -0.0740153790462109162362
15503 631.559000 24.3427201437087852298 -0.0617671869556361691211 -0.0740101101252802762165
15504 631.566000 24.3426973589099873152 -0.0617652815678682576284 -0.07400551014654889459
15505 631.572000 24.3426777352002652322 -0.061763677711034817297 -0.0740015216333734793253
15506 631.579000 24.3426548051313353938 -0.0617617587668268519518 -0.0739969265237914453071
15507 631.586000 24.3426317516754053827 -0.0617599477581261199766 -0.0739922987965270229083
15508 631.594000 24.3426053517863003606 -0.0617578448251400527469 -0.0739870272889148750117
15509 631.602000 24.3425788715295183806 -0.0617558075588019450564 -0.0739817697132008900152
15510 631.609000 24.342555766943295481 -0.0617540658878217088579 -0.0739772199331386187682
15511 631.617000 24.3425291681574655911 -0.0617521803170467953326 -0.0739719966160696656976
15512 631.625000 24.3425024154316709257 -0.0617503561861916655529 -0.0739667374426485613181
15513 631.633000 24.3424757348977465199 -0.0617486362667450036645 -0.0739615585768591682347
15514 631.641000 24.3424490482540036851 -0.0617469758648908767507 -0.0739563824296552568827
15515 631.648000 24.3424223642446762028 -0.0617453646853518903215 -0.073951212226322809995
15516 631.656000 24.3423990531916061286 -0.0617439544909154508501 -0.0739467076165998965509
15517 631.664000 24.3423723942345660021 -0.0617423872095957324002 -0.0739415337768502406446
15518 631.672000 24.3423457553509479112 -0.0617408174317695887523 -0.0739363494455956837825
15519 631.678000 24.3423258902419092919 -0.0617396731145040747468 -0.0739324792870684061041
15520 631.684000 24.3423058983360078855 -0.061738475545542306766 -0.073928514935014788545
15521 631.690000 24.3422860134747551797 -0.061737285885424139642 -0.073924735170904892767
15522 631.695000 24.3422692552021615597 -0.0617362267888567628482 -0.0739213356882124916769
15523 631.701000 24.3422493994737720868 -0.0617348782513302621333 -0.0739173845818205665914
15524 631.709000 24.3422227816419685098 -0.0617331531163845884103 -0.073912120290505325948
15525 631.716000 24.3421994974385782484 -0.0617316631815747265954 -0.0739074741109348731793
15526 631.722000 24.3421796787276747409 -0.0617303432448172498259 -0.0739036143921076027485
15527 631.728000 24.34215981337935375 -0.0617288745937195418301 -0.0738995055553934854231
15528 631.733000 24.3421429968517237796 -0.0617276834411324554219 -0.0738961582112540732448
15529 631.740000 24.3421196689641021749 -0.0617260996679497089823 -0.0738914707272194243304
15530 631.746000 24.3420997955777842492 -0.061724714901310054338 -0.0738875844314736962559
15531 631.752000 24.3420798635337902738 -0.0617231974396899793489 -0.0738834577193806935069
15532 631.759000 24.3420564228488416347 -0.0617215879271178699539 -0.0738788782287139178528
15533 631.765000 24.3420364104688253803 -0.0617200962417307069652 -0.073874763700944243161
15534 631.771000 24.3420161274280779651 -0.061718675511312492965 -0.0738707310268611888615
15535 631.776000 24.3419994961498922237 -0.0617175145858519860753 -0.0738674452560721950256
15536 631.782000 24.341979329453533154 -0.0617161187288471566048 -0.0738633982095459745709
15537 631.789000 24.3419559425888643034 -0.0617144718765121960691 -0.0738587892910132770563
15538 631.796000 24.3419323496156998488 -0.0617129358376029973909 -0.0738542617151920072205
15539 631.802000 24.3419120415288716686 -0.0617114944729673445267 -0.073850188855283993572
15540 631.807000 24.3418953085198594977 -0.0617104862760124231458 -0.0738470182679520081859
15541 631.811000 24.3418817088125578607 -0.0617095170789681082835 -0.0738442515859763642938
15542 631.817000 24.3418615002492089161 -0.061708237699880603977 -0.0738403285871385012262
15543 631.823000 24.3418413545741287862 -0.0617068513677464930423 -0.0738363978828089767559
15544 631.829000 24.3418211831282107482 -0.0617056071489022056609 -0.0738325256448604805293
15545 631.834000 24.3418044012167165135 -0.0617045093366894725762 -0.0738292482852391795944
15546 631.838000 24.3417907083117306399 -0.0617036924954406235111 -0.07382662633870441804
15547 631.843000 24.3417739330454097058 -0.061702603202076433675 -0.0738233541928010189581
15548 631.849000 24.3417537629194455917 -0.0617013512303120556513 -0.0738195941571374719681
15549 631.854000 24.3417367628048033623 -0.0617002572577667052212 -0.0738162221901106224697
15550 631.859000 24.3417199943795701245 -0.0616991646669560883653 -0.0738129533057260978079
15551 631.865000 24.3416998329664977518 -0.0616979034719393609754 -0.0738091938052608531606
15552 631.870000 24.3416828409948884371 -0.0616967979450749673398 -0.0738058193339924673015
15553 631.876000 24.3416627490062431605 -0.0616955296091277541337 -0.0738020416400419904113
15554 631.881000 24.3416459285745183649 -0.0616944092199129962006 -0.0737987766377661835726
15555 631.887000 24.3416255983063543056 -0.0616929958439549827598 -0.0737947473399564179974
15556 631.893000 24.3416053798025764365 -0.0616916829298622473865 -0.0737907997866257409081
15557 631.898000 24.3415886612426426439 -0.0616905862239736507702 -0.0737875836359396242159
15558 631.903000 24.3415718981764221951 -0.0616894410503501453014 -0.073784287797702727274
15559 631.909000 24.3415514773028540674 -0.061688086391757109006 -0.0737803206826376511973
15560 631.914000 24.3415347632604266437 -0.0616869675114483789757 -0.0737770794483161990174
15561 631.920000 24.3415145118119014001 -0.0616856059993452221502 -0.0737730727524440049736
15562 631.927000 24.3414910449441208584 -0.0616839763925884077 -0.0737684924003303432727
15563 631.934000 24.3414673886958290439 -0.0616824336266788425531 -0.0737639729187917342346
15564 631.941000 24.3414436347661400362 -0.0616807663177286122358 -0.0737592112657994708469
15565 631.948000 24.3414200506734914597 -0.0616791332745987505581 -0.0737545970024082453431
15566 631.956000 24.341393224621000968 -0.0616773270591211356106 -0.0737493104705173319058
15567 631.963000 24.341369541226345774 -0.0616757923490731385652 -0.073744781063917894115
15568 631.970000 24.34134574264787787 -0.0616741405319177621314 -0.0737400149347401806521
15569 631.977000 24.3413221152502217137 -0.0616725289407895546634 -0.0737354022259532060346
15570 631.984000 24.3412950703981607603 -0.0616707264753131381707 -0.0737301143622495491758
