308 503.361000 49.8776173200677348518 0.0431181538831342525686 44.1202319263220203993
309 503.367000 49.8722706424442350226 -0.0399951140496051793516 44.1152709656225354706
310 503.373000 49.8782339333890973876 0.0431988316084589846211 44.1170193173056688352
311 503.379000 49.8729409705218529325 -0.0398844705718657474569 44.1114871609535299513
312 503.385000 49.8790038400027668786 0.0430770820506535465078 44.113023310075561767
313 503.392000 49.8775274360682132624 -0.0417204038262034213047 44.1095436058288044023
314 503.399000 49.8800230225687712959 -0.0427748930343362712692 44.1083355556424123733
315 503.405000 49.8789897999942795082 0.0421019000880029567457 44.1059409243917102117
316 503.412000 49.8788044822803868783 -0.0415697240015375918398 44.1037829254356168462
317 503.419000 49.881425026287217861 -0.0426577958148255942383 44.1034342258819691551
318 503.426000 49.8771866283823612775 -0.0409703945665006799559 44.1002597810074234985
319 503.433000 49.8767268951604876293 -0.0396171942929962883628 44.0984248320145653111
320 503.439000 49.8775009124891113288 -0.0400633938161964950342 44.0985125807607118986
321 503.446000 49.8777885904110078741 -0.0396230710031178975927 44.0982209470807759999
322 503.453000 49.8800253001495264016 -0.041171081248385657525 44.1000891318116217121
323 503.459000 49.8788628418393642505 -0.0400152291463248474535 44.0994476740401211146
324 503.465000 49.8854631710427014468 0.0421198006282616846385 44.1026775965892952058
325 503.472000 49.8854969193703752239 0.042936988802190725889 44.1042867220515120152
326 503.479000 49.884098125150316605 -0.0416800279990836575195 44.1041558500614812033
327 503.485000 49.8851052618301977759 0.0421879525938047908462 44.1052810276002844603
328 503.492000 49.8873808230775992456 0.0420654399944181689452 44.1062771269840894206
329 503.499000 49.8875790830705625467 0.0430348029858717284757 44.1079085243764978941
330 503.505000 49.8874447087469334861 0.0419746508673527335409 44.1075835114304837248
331 503.512000 49.8890987826305902786 0.0422759193698749868862 44.1083816408877567028
332 503.516000 49.8832436948447082159 -0.0401801180250885778267 44.1060617644014101302
333 503.521000 49.8892735951388814897 0.0428879946255417074386 44.1094360458635108557
334 503.527000 49.8890896432142980643 0.0420192092620928006608 44.1088651363153374518
335 503.531000 49.889827664516957384 0.0430752113582589871155 44.1098321574077374407
336 503.536000 49.8904637424300858584 0.0421228450782045529821 44.1090838680142596218
337 503.540000 49.8848568586069376352 -0.0401688966036064867837 44.1065498124659427504
338 503.544000 49.8866894956228463798 -0.0413453143607809200932 44.1076460970172021803
339 503.549000 49.8852635582273222781 -0.0397908946703192933914 44.1060500302456119925
340 503.553000 49.8898057150053588771 0.0422307021045564348616 44.1086818318973428177
341 503.558000 49.887183084221270235 -0.0410366092756268632802 44.1069307309610607604
342 503.563000 49.8912330024887822333 0.0419727337089880539467 44.1081395631598027762
343 503.567000 49.8919312379048065509 0.0430234834231079457667 44.1088532182102994739
344 503.572000 49.8925174931282100488 0.0420672436832631377324 44.1078521464192050416
345 503.576000 49.8868819367176357105 -0.0401355870440836329238 44.1051701639464823756
346 503.580000 49.8886792166496064738 -0.0413142049745891873358 44.1061590356513306688
347 503.585000 49.892301559920589682 0.0419253585278494406152 44.10708783246989384
348 503.590000 49.8892229027293865329 -0.0412882005791124773175 44.1057234556639912171
349 503.595000 49.8877469903923582706 -0.0397549070983597568896 44.1041136320243154501
350 503.600000 49.8889527974103259567 -0.0411252117984216708502 44.1052288176223115101
351 503.604000 49.8944231821403008098 0.0421974016441170815539 44.1067477598993349375
352 503.610000 49.8894971497460346654 -0.0411215551892057037953 44.1050421312151215147
353 503.616000 49.8947886583534980787 0.042039231592566415896 44.106537468428655302
354 503.623000 49.8948208219822717524 0.0429823334760007086386 44.1073070233573503174
355 503.630000 49.8896097220113645676 -0.0401286250707422881279 44.1040661656285308823
356 503.637000 49.889903412207779354 -0.0397817650070334538626 44.1038037583310043033
357 503.644000 49.8919844631149800307 -0.0413049134240216150871 44.1053685072504961795
358 503.650000 49.8906513130324356098 -0.0401239969344839852994 44.1042673999647334426
359 503.657000 49.8962721304869774031 -0.0425452452474925010839 44.1073157371771031876
360 503.664000 49.8922312035409873943 -0.0411470793124779563033 44.1054205028477923634
361 503.671000 49.8967094512068101153 0.0419348371095356123317 44.1068498064064726805
362 503.677000 49.8976993470260339336 0.0428256012097149030282 44.1076769024845063427
363 503.684000 49.8924146152439362822 -0.0401463429348505526639 44.1045800784404704586
364 503.690000 49.898803341063015182 0.042220419892933118422 44.1071319713423051212
365 503.695000 49.8971410260834176142 0.042197892003972316266 44.1070155088909743313
366 503.702000 49.89681030885878954 -0.0416998392641828238836 44.1065366732343662193
367 503.708000 49.8952041587049137661 -0.0412941307087109632512 44.105546572508139036
368 503.715000 49.8989774733774709148 0.0419462488550536166665 44.1066655987604576694
369 503.721000 49.8998365458513362114 0.0428177682517026994558 44.1073633557667008631
370 503.727000 49.8995239109950503575 0.0419365921141135189476 44.1065215059401083408
371 503.733000 49.9003763831851969712 -0.0428125700347061835527 44.1072220967106503053
372 503.740000 49.8959248684279756958 -0.0411235810789796069065 44.1049455515248709503
373 503.746000 49.901178388769153571 0.0420462039386380256878 44.1064261561397543687
374 503.753000 49.9011606574050290419 0.0429870699811867804097 44.1071452484663950599
375 503.760000 49.8995274821807299759 -0.0416964857483424558571 44.1059922645016726506
376 503.767000 49.9018504044592177138 -0.0428077265251775168631 44.1069965198643956228
377 503.774000 49.89737750076819367 -0.0411321574311926257961 44.104816066727643431
378 503.780000 49.9002811624611695152 -0.0416839480039254556276 44.1059444470897545898
379 503.787000 49.9026999965973061535 0.0428076280950505649869 44.1070288504331600166
380 503.794000 49.8973543152850993465 -0.040115745410030587137 44.1039825795731132985
381 503.801000 49.9028503076858669374 -0.0425378441787815989028 44.1070180986841862136
382 503.807000 49.9020404676171835945 0.0421804760950590662549 44.1066288668434438591
383 503.814000 49.9016457750028195051 -0.0416952150168523466567 44.1063043086971049433
384 503.820000 49.8999832700997316692 -0.0413111197251524175922 44.1054486312385023439
385 503.827000 49.902844886816346559 0.0421988147490918313887 44.1068173194378303492
386 503.834000 49.9047783353573422005 0.0420635988989932554927 44.1068925389924473279
387 503.840000 49.8999846643184241657 -0.041143055956504116788 44.1053961249772399356
388 503.847000 49.8992893058987334598 -0.0397890826513217221727 44.1041929142775543937
389 503.852000 49.9004287834957125369 -0.0411613459461673686368 44.1054552343397290315
390 503.858000 49.9033354659158803202 -0.0417046917002308198397 44.1065663107701269041
391 503.865000 49.9057243257328124741 -0.0428243176342798861911 44.1075832618073278013
392 503.871000 49.904506838681996328 0.0421977999765309405578 44.1068868832966245463
393 503.878000 49.9064251052495322369 0.0420602369826718544554 44.1068511253894257607
394 503.885000 49.9063552298279660135 0.043000021345137438844 44.1075602246743088131
395 503.892000 49.901038774896434802 -0.0401288976965413629605 44.1042062490776842765
396 503.899000 49.9065530498527110126 -0.0425414533448083831413 44.1070801736050697173
397 503.906000 49.9024033346910016462 -0.0411396750521694914982 44.1050193254190645575
398 503.913000 49.9067706347116981647 0.0419214650049674689147 44.1063042218496832447
399 503.919000 49.9076657718966103516 0.0428092609390013784099 44.1070318519446473715
400 503.925000 49.9072849546401826615 0.0419328433644828718618 44.1062213254634585269
401 503.931000 49.9080671038800858241 -0.042810497706951035346 44.1069514247092229198
402 503.938000 49.9035371221786121509 -0.041125560014148417054 44.1047122041830732542
403 503.945000 49.9027871246179088871 -0.0397570223284897730776 44.1034354790508942301
404 503.952000 49.904730628881431187 -0.0413011999495921655612 44.1048806849341445968
405 503.959000 49.9075577549954729761 0.0421827408920706428685 44.1061666789573436631
406 503.966000 49.9094481233147959642 0.0420470469549867886805 44.1061876579983618285
407 503.972000 49.9046194339150090968 -0.0411259962919027430295 44.1046650732918408266
408 503.979000 49.9038816861143033066 -0.0397714638123331312713 44.1034553935240225542
409 503.985000 49.9097208072721656436 0.0429890077649651217162 44.1070390954820581442
410 503.992000 49.9043723229111222395 -0.0401318979973828079966 44.1037898857324179858
411 503.999000 49.904527692040268505 -0.039777200017762241735 44.1034889638708662574
412 504.005000 49.9103879145484299329 0.0429978103790392834904 44.1070867849406695882
413 504.011000 49.9048891284221696196 -0.0397653932070488116968 44.1035743252686955884
414 504.018000 49.9068143058703057591 -0.0413104177047773496456 44.1050726116342062255
415 504.026000 49.9063280169553422638 -0.0411323162109452078461 44.104874912724632452
416 504.030000 49.9068626997764397402 -0.0410085710737975381313 44.1048547293460799779
417 504.035000 49.9107857213339940472 0.0419423344277851661843 44.1063108645229746685
418 504.039000 49.9113795938557984755 0.0429986094716734504328 44.1072255407397904037
419 504.043000 49.9058623718512421874 -0.0397722713214274312121 44.1036410200107056312
420 504.048000 49.9069782187592210221 -0.0411317718054254946591 44.1049165313163413771
421 504.054000 49.9121407584588467898 0.0420575342222119716307 44.1064582754487020111
422 504.060000 49.907289395827298506 -0.0411341567790595996623 44.1049179178499457521
423 504.067000 49.9065263937538929895 -0.0397779239483932872679 44.1036724764430942969
424 504.072000 49.907617238766754042 -0.0411496850282096204854 44.104910710782050387
425 504.079000 49.9119341914555647577 0.0419212261500944496917 44.1062461524592706041
426 504.085000 49.9127867105981266604 -0.0428138927852622155901 44.1070086469017468289
427 504.092000 49.9082132925504069476 -0.0411329284612585027725 44.1047848900318584242
428 504.098000 49.9133649106009187335 0.0420522019245309700008 44.1062950681013603571
429 504.104000 49.908503908342559896 -0.041134132465525614919 44.1047292863235611549
430 504.111000 49.9128144740572352589 0.0419235383491261132116 44.1060559078821654566
431 504.117000 49.9136610962403253211 0.0428103774104852119464 44.1068172424072884041
432 504.124000 49.9082139415524537185 -0.0401199897281963729911 44.1036765005195476874
433 504.131000 49.9136105856077207932 -0.0425362416264844639402 44.1066089151320710471
434 504.137000 49.9127162402680042419 0.0421744671257184705615 44.1061292129840296639
435 504.144000 49.9122243120042057285 -0.0416884095360630993476 44.1057019882209146999
436 504.151000 49.914530713488638014 -0.042808378384744813494 44.1067229884186104982
437 504.157000 49.9132446666547977543 0.0421845551238182736586 44.1060480940157191299
438 504.161000 49.9147940561531484605 0.0428078338097142505059 44.1066798107827082731
439 504.166000 49.9128869186448085316 -0.0417010380354451565266 44.1056870758649566255
440 504.170000 49.9102105704262370978 -0.0411310121690224780866 44.1045165488386530228
441 504.174000 49.9155775244538162383 0.0422067212750640435859 44.1061199360938331893
442 504.178000 49.9095416044619639706 -0.0401146656650477745343 44.1035423063211169392
443 504.183000 49.9153426465118599253 0.0428092649462458313403 44.1066679879852472368
444 504.187000 49.9096815924593073532 -0.0397560111602861115943 44.103265825657551602
445 504.192000 49.9107533076149536555 -0.0411284217100808466294 44.1045192727596173654
446 504.197000 49.915265913033771028 -0.0425365776736125536517 44.1065261333612781414
447 504.201000 49.9151814767238306558 0.0419316873277639085016 44.1059488231276120018
448 504.207000 49.9159038787246274183 -0.0428150836359764905281 44.1067343593988283601
449 504.213000 49.9146046322957843699 0.0421838879156065313381 44.1060700231347766476
450 504.220000 49.9140984896251396208 -0.0416899742468839692999 44.1056503561094643828
451 504.227000 49.9163930179102450779 0.0428105760459975073773 44.1066861822381284242
452 504.234000 49.9109237907984137905 -0.0401230006074609069078 44.1035742910529577898
453 504.240000 49.9171516929256213757 0.0422098683470540428364 44.1061336216109722841
454 504.247000 49.9167778328716025271 0.0429996102539666399944 44.1068129587494226485
455 504.254000 49.9149785165253732089 -0.041702528304442258722 44.1056855978643937988
456 504.262000 49.9128267364376725368 -0.0410162228580006477108 44.1044931804611906045
457 504.269000 49.9158778309944253238 0.0421768407760181388011 44.1060445739123565545
458 504.276000 49.9153590201884753697 -0.0416895492632029865399 44.105625804029500614
459 504.283000 49.917638851053411031 -0.042810278737618327749 44.1066494347739919135
460 504.290000 49.9130250448337875468 -0.0411268123298198090554 44.104445277746393117
461 504.296000 49.9181417059307790396 0.0420510505227198461142 44.1059728342284103064
462 504.302000 49.9132464992877089571 -0.0411276023991440087269 44.1044246357890017407
463 504.309000 49.9124327097070903392 -0.0397700183595905976119 44.1031779962780916549
464 504.316000 49.9142905768471436545 -0.0413171555889580641163 44.1046320899418091699
465 504.323000 49.917032944466747324 0.0421828949396158628393 44.1059119129696171058
466 504.330000 49.9165058430002090972 -0.04168770285935597536 44.105474602349445945
467 504.336000 49.9147336786738478054 -0.0412862526323169304332 44.1045365532264241892
468 504.343000 49.918315906449201691 0.0419363514721249816541 44.1057305639852827994
469 504.350000 49.9146793286883934115 -0.0410134957585623419196 44.1043008966760297085
470 504.357000 49.9177154636347992778 0.0421743670040453239034 44.1058513461208505646
471 504.363000 49.913545904131495945 -0.0397821022594645468118 44.1030406607399427799
472 504.370000 49.9154024084888519042 -0.0413000847000519963337 44.1045047439705726333
473 504.377000 49.9181273053132983364 0.0421867577028191761968 44.1057941165252103133
474 504.384000 49.9199256017394006335 0.0420501568122987889886 44.1058038442632494025
475 504.391000 49.9197368479235308314 0.0429923549806610003077 44.1065705035579682658
476 504.398000 49.9179360940274037262 -0.0417008531394201867326 44.105445854589532928
477 504.405000 49.9200944766381411455 -0.0428124854407554294999 44.1064554766760466009
478 504.411000 49.918765966377065979 0.0421832772180145837426 44.1057827494799710166
479 504.418000 49.9205586101343712357 0.0420477869159696510115 44.1057938799030821997
480 504.424000 49.9156467759747215496 -0.0411409107042787908215 44.1042531479355375268
481 504.431000 49.9198981072221030786 0.0419164280541539646663 44.1056063078509055231
482 504.438000 49.9211740094045239857 0.0422052280358868672772 44.1058128273635787764
483 504.445000 49.9207746910519958305 0.0429965502011893929701 44.1064876981153020097
484 504.451000 49.9152011976750173972 -0.0397503149405869019017 44.1029409318464189482
485 504.458000 49.9170387604441003759 -0.0412952623535270679778 44.1044002079011008277
486 504.465000 49.9206117081318723194 0.041932130704821615752 44.1055974882126236025
487 504.470000 49.9172399393397725476 -0.0413102519977257831574 44.1044098176889107776
488 504.474000 49.9192288534738537464 -0.0416859503225322849951 44.1053016924297338619
489 504.478000 49.9166516762055323397 -0.0411316748822199082514 44.1041720445931701988
490 504.483000 49.9210997096852011623 -0.0425351059697930133918 44.1061550284013250689
491 504.487000 49.9209956454231331691 0.0419316964230816366377 44.105568843304773452
492 504.492000 49.9176201341751379914 -0.0413127462765411831991 44.1043777502202161145
493 504.497000 49.9210658396495503553 0.041917225661138320103 44.1055142949530107899
494 504.501000 49.9217447063130279616 0.0429924497032789718065 44.1064329128480991926
495 504.506000 49.9221177076972821851 0.04204707250018421133 44.1056680566321688275
496 504.510000 49.9163403870607069734 -0.040130288273163866597 44.1031714738832079092
497 504.515000 49.9220473787905021368 -0.042811788977496385844 44.1062994381417681211
498 504.521000 49.9207060693848418964 0.0421819995518466078765 44.1056215280664503098
499 504.525000 49.9222222293311617136 0.0428071652627688703507 44.1062537795205429347
500 504.530000 49.9202717436119272065 -0.0417028335365754870834 44.10525895484229153
501 504.535000 49.922275751316689707 0.0429875743762954953819 44.106390086837315323
502 504.539000 49.9167073284646676257 -0.0397807907396252047327 44.102794875151559495
503 504.544000 49.9177583252147130111 -0.0411336883613167766938 44.1040581246661105297
504 504.549000 49.9222010276636254389 -0.0425349382723248792271 44.1060404758126267666
505 504.553000 49.9220925531641341877 0.0419299600141128381292 44.1054542912739222515
506 504.558000 49.9187120199996314795 -0.0413141936003149773393 44.1042639743694877552
507 504.562000 49.9206951902269580046 -0.0416855837945456775273 44.1051549045181801034
508 504.567000 49.9228273896958683054 0.0429913692076343625925 44.1063218652286650467
509 504.572000 49.9231953545300086716 0.042046297898838867757 44.1055590425134127486
510 504.576000 49.9174140675818520663 -0.0401301897569838264546 44.1030643431254816278
511 504.581000 49.9231159025016992814 -0.042811203839706976626 44.106194631187506161
512 504.585000 49.9225000091833095439 0.0419159429314764006569 44.1053711894743329935
