14626 1109.828000 23.8439257886493400918 -0.0636929553250825675192 -0.130762306493314633959
14627 1109.835000 23.8438512812717462452 -0.0634100539200137119922 -0.130674812803430878683
14628 1109.844000 23.8437676091613610652 -0.0631781088676821728223 -0.130621033267817876489
14629 1109.853000 23.8436978046695777778 -0.0630867986520232820746 -0.130623968096966636132
14630 1109.862000 23.8436419503755026028 -0.0631144210289986684614 -0.130672147501712021533
14631 1109.871000 23.84359981134443629 -0.0632308264664161318036 -0.130753273291163402137
14632 1109.880000 23.8435707265773224606 -0.0634029458771287329766 -0.130854978634854124397
14633 1109.889000 23.8435535479007398862 -0.0635992359183337879758 -0.130965653714737534363
14634 1109.898000 23.8435466356378924502 -0.0637928155542468316996 -0.131075228015230582646
14635 1109.906000 23.8435474408168346372 -0.0639459649905163851624 -0.131165241995116588214
14636 1109.915000 23.8435539956490529789 -0.0640845712515512033747 -0.131253113973609503162
14637 1109.924000 23.8435640675398552446 -0.0641808715237727200886 -0.13132375499086634818
14638 1109.933000 23.843575093615687166 -0.0642338642304614987344 -0.131376167557765682892
14639 1109.942000 23.8435846867374969804 -0.0642473277153172012133 -0.131411108302821794114
14640 1109.950000 23.8435903488936595807 -0.0642317752763440358299 -0.131429027418334093413
14641 1109.959000 23.8435920440157680389 -0.0641913422111480141963 -0.131436629687712802639
14642 1109.968000 23.8435877764771610998 -0.064135640882466052326 -0.131433350527337788893
14643 1109.974000 23.8435813603851194387 -0.0640944505861805735591 -0.131426231501056034467
14644 1109.981000 23.8435702548566901271 -0.0640459321725745933662 -0.131413780028141552458
14645 1109.989000 23.8435530339876322614 -0.0639936515315721043962 -0.13139488224251910653
14646 1109.998000 23.8435262775653704637 -0.063943620188153027506 -0.131369110320908505374
14647 1110.006000 23.8434998584595057025 -0.0639081879909119687788 -0.131341186972623619189
14648 1110.014000 23.8434706777041682813 -0.0638829814440399906816 -0.131309677752643544357
14649 1110.023000 23.8434371273799641244 -0.0638673862723554697229 -0.131270998349678674755
14650 1110.032000 23.8434033377362730732 -0.0638637625259026869839 -0.131229265289192376098
14651 1110.040000 23.8433738296680672875 -0.0638689330854572551166 -0.131190329952182938023
14652 1110.049000 23.8433419485619566558 -0.0638818397908070823021 -0.131145728442759623711
14653 1110.058000 23.8433129052113663704 -0.0639000358169108245709 -0.131101842655184680497
14654 1110.068000 23.843283376601057455 -0.0639230193282175201963 -0.131055968039236581113
14655 1110.077000 23.8432593736176521304 -0.0639438589366174009454 -0.131019134223606725786
14656 1110.085000 23.8432399293516681382 -0.0639610948035410215029 -0.130991401058242890043
14657 1110.095000 23.8432178055875461098 -0.0639795883758785544071 -0.130964835125252282433
14658 1110.104000 23.8431991746155524936 -0.0639923900895407876677 -0.130949325940805022528
14659 1110.112000 23.8431829953066021233 -0.064000619166453456832 -0.130942722107589698544
14660 1110.122000 23.8431621120316812323 -0.0640062640895052159529 -0.130942930309396243782
14661 1110.130000 23.8431446410130689628 -0.0640073709669094631503 -0.130949262686900408381
14662 1110.139000 23.8431232564868018642 -0.0640052905986103065628 -0.130961301893263742935
14663 1110.146000 23.843105657586885826 -0.0640016992833830622445 -0.130973211145826801127
14664 1110.153000 23.8430870046898277792 -0.0639967855512272448815 -0.130986445384290606242
14665 1110.162000 23.8430609207346329015 -0.063988744215587423092 -0.131003455978174809804
14666 1110.171000 23.8430326492826800688 -0.063979312137529137372 -0.131018509180644476819
14667 1110.179000 23.843006395837200273 -0.0639705507270574291745 -0.131028985107741913207
14668 1110.187000 23.8429792851098980577 -0.0639618060271182342635 -0.131035612917657751098
14669 1110.196000 23.8429474939823435875 -0.0639524954021790104086 -0.131037622282236421167
14670 1110.204000 23.8429184260365509829 -0.0639448719051676911507 -0.131033935653520478004
14671 1110.211000 23.8428935235877048626 -0.0639393476605536609236 -0.131026830056151261106
14672 1110.220000 23.8428608556947061459 -0.0639334752303899883641 -0.131012240120656042741
14673 1110.229000 23.842829168891789493 -0.0639296877208406638671 -0.130992717268764269356
14674 1110.238000 23.842798149517431483 -0.0639277790681952035046 -0.13096916374826911289
14675 1110.247000 23.8427675759756212415 -0.0639275883941456124493 -0.130942877359674580973
14676 1110.256000 23.8427382164092982464 -0.0639292571388745539673 -0.130915612088356170251
14677 1110.266000 23.8427061977829239936 -0.0639325787516141358369 -0.130885664124707479239
14678 1110.275000 23.8426777989964229221 -0.0639364044871560677219 -0.130860347393192660848
14679 1110.285000 23.8426469048655889083 -0.0639412945945588145902 -0.130835399668868673784
14680 1110.294000 23.8426190884523911961 -0.0639455929621548513353 -0.130816402176571866534
14681 1110.303000 23.8425913166343264038 -0.0639495460558591188871 -0.13080118593902184676
14682 1110.312000 23.8425630377652204572 -0.063952611998107630753 -0.130789482017115044066
14683 1110.321000 23.8425341084616881915 -0.0639544373476495370268 -0.130781040814151094942
14684 1110.330000 23.8425043701157228782 -0.0639551031582492324201 -0.130775423828481007771
14685 1110.336000 23.8424841175660660042 -0.0639547743773909160847 -0.130772821375031572666
14686 1110.342000 23.8424633996384613965 -0.063953914701245839769 -0.130770873937022996669
14687 1110.348000 23.8424423189431031744 -0.0639523516901134014834 -0.130769277016394069868
14688 1110.354000 23.8424208034311106985 -0.0639504918132840910472 -0.130768067456486725142
14689 1110.360000 23.8423995111225046628 -0.0639484087252290139824 -0.130766968529247851194
14690 1110.365000 23.8423810040183035142 -0.0639461855996413114367 -0.130765696699117806023
14691 1110.373000 23.8423516210967356699 -0.0639425586411845325863 -0.130763311884155214448
14692 1110.381000 23.8423219901446188373 -0.0639387112369052268424 -0.130759906847909002092
14693 1110.390000 23.8422882578504520268 -0.0639344789177763717092 -0.13075469558982408258
14694 1110.399000 23.842254258337167272 -0.0639304122016822184982 -0.130747599668618208479
14695 1110.407000 23.84222452781150281 -0.06392738718976290202 -0.13073994489805235153
14696 1110.415000 23.8421944104301424261 -0.0639248218138459278759 -0.130730910340526834679
14697 1110.423000 23.8421650001250640116 -0.0639229403011025709702 -0.130720769725009705597
14698 1110.432000 23.8421318423243597806 -0.0639215598532490575368 -0.130708242122694578979
14699 1110.440000 23.8421024741472287189 -0.0639207372536186868572 -0.13069610510852433527
14700 1110.448000 23.8420736606587340134 -0.0639207043862754925589 -0.130683845624017330733
14701 1110.457000 23.8420409547897129698 -0.0639208433614519705435 -0.130669521517043252246
14702 1110.466000 23.8420088014252726794 -0.0639213373128913325827 -0.130655232550058647556
14703 1110.474000 23.8419803263036236274 -0.0639220723960737535752 -0.130643022430152050406
14704 1110.483000 23.841947758998898621 -0.0639225808857013383379 -0.130629472211163083495
14705 1110.492000 23.8419152832035692313 -0.0639229463398309077915 -0.130616583410402359311
14706 1110.500000 23.8418865691977330812 -0.063923222635430307359 -0.130605862242234332937
14707 1110.509000 23.8418537491079192137 -0.0639229285813437825281 -0.130594342006571273451
14708 1110.518000 23.8418205345244906823 -0.0639223328307303995111 -0.130583578138515205014
14709 1110.527000 23.8417867711403737019 -0.0639211793785047360794 -0.130573250133876272994
14710 1110.536000 23.8417528979193349414 -0.0639197301977450088595 -0.13056345084765066944
14711 1110.544000 23.841722637965766296 -0.0639184107244833987771 -0.130555286621128391333
14712 1110.553000 23.8416878277590207347 -0.0639164817402566448612 -0.130546057916133106946
14713 1110.562000 23.8416529988433900655 -0.0639145178723676959942 -0.130536992306775873063
14714 1110.571000 23.8416182261041846857 -0.0639127100642209733383 -0.130528088319365798142
14715 1110.580000 23.8415832489554659901 -0.0639109569635994273495 -0.130519012255194549743
14716 1110.589000 23.8415478754629219793 -0.0639091655987168438813 -0.130509716776209400146
14717 1110.598000 23.8415126709393483395 -0.063907635515688912542 -0.130500218267050493992
14718 1110.607000 23.8414777231804855262 -0.06390645441909972857 -0.13049062312856923862
14719 1110.616000 23.8414427519795566468 -0.0639054304236935932781 -0.130480682496000061077
14720 1110.625000 23.8414075214848466544 -0.0639043807507280597902 -0.130470429435966955856
14721 1110.634000 23.8413725453699889556 -0.0639035253763213656475 -0.130459952378627619396
14722 1110.643000 23.8413378577507764078 -0.0639028896503594096012 -0.130449418675202322149
14723 1110.652000 23.8413031277257658758 -0.0639022410224901055154 -0.130438628012423396552
14724 1110.661000 23.8412680757060755354 -0.0639013793609155833497 -0.130427649269299061885
14725 1110.670000 23.8412331814348767978 -0.0639005295369584613852 -0.130416594383288536596
14726 1110.678000 23.8412024388402237207 -0.0638999115400189776626 -0.130406877587674718821
14727 1110.687000 23.8411675193239709358 -0.0638988774587431612728 -0.13039580573734885216
14728 1110.696000 23.8411324194065556981 -0.0638978518761639108225 -0.130384838274150760551
14729 1110.704000 23.8411009565223217521 -0.063896655305794525237 -0.130374907823987445932
14730 1110.712000 23.8410696997087185878 -0.0638957141717256260627 -0.130365385977394054873
14731 1110.721000 23.8410339038164238445 -0.0638943374465459762446 -0.130354485070585002227
14732 1110.730000 23.8409983728261671843 -0.0638929907888036302532 -0.130343691814254564187
14733 1110.739000 23.8409627955074938654 -0.0638917921068512806304 -0.130333196237588544442
14734 1110.748000 23.8409268293185299115 -0.0638905781429189023601 -0.130322777554572305503
14735 1110.757000 23.8408905031787128337 -0.0638892510391249612844 -0.130312303522678363255
14736 1110.766000 23.8408543189270503149 -0.0638880321369361542372 -0.130301952196075154777
14737 1110.774000 23.8408225006628029519 -0.0638871913546598946265 -0.130292991777177485924
14738 1110.783000 23.8407860007213976417 -0.0638860268149188254005 -0.13028272129208115504
14739 1110.792000 23.8407496855947478309 -0.063884961872390164106 -0.130272517579498925411
14740 1110.801000 23.8407136008101794289 -0.063884078839574615083 -0.130262469947370701506
14741 1110.809000 23.8406812335786284507 -0.0638831651296221797454 -0.13025339427641779988
14742 1110.818000 23.8406449223313359198 -0.0638821517124355808814 -0.130243164828975327429
14743 1110.826000 23.8406129721125381593 -0.0638814499229942156511 -0.130234182912988438741
14744 1110.836000 23.8405726862167490765 -0.0638803333783321825035 -0.130222766940793155399
14745 1110.844000 23.84054017143850146 -0.063879236276731699018 -0.13021346930640970152
14746 1110.853000 23.8405040790559219488 -0.0638782631366138081708 -0.130203178291570798031
14747 1110.862000 23.8404678824329678832 -0.0638772124661754481245 -0.130192731156482804922
14748 1110.871000 23.840431615067974036 -0.0638760016127237623129 -0.130182204302292964249
14749 1110.880000 23.840395237658629668 -0.0638748697398237169631 -0.130171709524531387103
14750 1110.889000 23.8403586717666691186 -0.0638735935507562246904 -0.130161062058873566727
14751 1110.898000 23.8403222596314741111 -0.0638724567765959760912 -0.130150472001159062119
14752 1110.906000 23.8402898345013056769 -0.0638713784851520915975 -0.13014107852689241196
14753 1110.915000 23.8402530269878454305 -0.0638700724643645745271 -0.130130363509052021653
14754 1110.925000 23.8402122739910140581 -0.0638687640502223763495 -0.130118594085835204144
14755 1110.934000 23.8401757225465047441 -0.0638677115834067332667 -0.130108077221080614683
14756 1110.943000 23.8401389380898756087 -0.0638665449969660070639 -0.130097540052021148904
14757 1110.951000 23.8401059883674726336 -0.063865516124115645491 -0.130088161372066413168
14758 1110.960000 23.8400691536824034245 -0.0638643878181695129337 -0.130077626908717519649
14759 1110.969000 23.8400324539587060713 -0.0638634291770554113343 -0.130067298397886943473
14760 1110.977000 23.8399993604431692518 -0.0638624615066264722518 -0.130058019492899440417
14761 1110.986000 23.8399624460957397787 -0.0638613716253430968584 -0.130047572292571911312
14762 1110.995000 23.839925687085891326 -0.063860430105841858861 -0.130037315704871120348
14763 1111.003000 23.839892473528077943 -0.0638594538522408161629 -0.130028099500422628099
14764 1111.012000 23.8398556021550831474 -0.063858348624246788483 -0.130017669775538274868
14765 1111.020000 23.8398228865082728589 -0.0638575462914161701145 -0.13000864290579508542
14766 1111.029000 23.8397855844411523663 -0.0638563543861317417516 -0.129998202466512585707
14767 1111.038000 23.8397485011494794094 -0.063855196541534611776 -0.129987783918657173743
14768 1111.046000 23.8397159289354085843 -0.0638543459473234764623 -0.129978690421484077699
14769 1111.055000 23.8396786100649826778 -0.0638531038232179604108 -0.129968204591055375152
14770 1111.064000 23.8396414863669328099 -0.0638519033886527503929 -0.129957736443492954947
14771 1111.073000 23.8396045857183871419 -0.063850844887943208894 -0.129947398055233503955
14772 1111.082000 23.8395676476993898518 -0.0638497328184488288638 -0.12993698771147896287
14773 1111.091000 23.8395302453183894897 -0.0638484713682752891284 -0.12992644032744474214
14774 1111.099000 23.8394973378203118841 -0.0638474974553080582007 -0.129917180693259970425
14775 1111.107000 23.839464460142103519 -0.0638464892236978026618 -0.129907859755181348538
14776 1111.117000 23.8394228361088913459 -0.0638451613928545103072 -0.129896185332181307581
14777 1111.126000 23.8393855668830134675 -0.0638439895039456806192 -0.129885666767331181548
14778 1111.134000 23.8393527436052110602 -0.0638431671630343422486 -0.129876468347424917082
14779 1111.143000 23.8393155487831407413 -0.0638420062664787207884 -0.129865993330831236419
14780 1111.152000 23.8392779274772834697 -0.0638407926805997921749 -0.129855453326548991866
14781 1111.162000 23.8392364977648760771 -0.0638395845173376080828 -0.129843863801102743505
14782 1111.171000 23.839199377240458233 -0.0638385970772423066988 -0.129833535034504676808
14783 1111.181000 23.839157922687554958 -0.0638373873402416636136 -0.129821961592639978367
14784 1111.190000 23.8391207708350343353 -0.063836345207582509409 -0.129811592715481594063
14785 1111.199000 23.8390831743067685977 -0.0638351469709587115986 -0.129801104286717844394
14786 1111.209000 23.8390417053551679771 -0.0638339218509636208143 -0.129789551642831013645
14787 1111.218000 23.8390043134735591934 -0.0638327629178534611265 -0.129779104416295726354
14788 1111.228000 23.8389630241271177624 -0.0638315216245088218328 -0.129767518972239009889
14789 1111.237000 23.8389259099711381396 -0.0638304941760380745164 -0.129757222557225382342
14790 1111.246000 23.8388885314049119302 -0.0638294200806363704048 -0.129746891428416610825
14791 1111.255000 23.8388508976124526839 -0.0638281851435157643326 -0.129736400763850151518
14792 1111.264000 23.8388136757571942326 -0.0638270017552987622977 -0.129725907576467708315
14793 1111.273000 23.8387765454592646108 -0.0638259626786183281721 -0.129715597359627843321
14794 1111.282000 23.8387391490606574962 -0.0638248827088593456702 -0.129705251829623724458
14795 1111.291000 23.8387014962555063846 -0.0638236474332259384745 -0.129694747542461658041
14796 1111.300000 23.8386642549577416617 -0.063822468567808585127 -0.129684242650230874272
14797 1111.308000 23.8386312135647315813 -0.0638216172861396507932 -0.129675150082288609399
14798 1111.315000 23.8386019668491684342 -0.0638206925075515824064 -0.129667004306494831889
14799 1111.321000 23.8385730618017142035 -0.063819883428840817885 -0.129658946704785921211
14800 1111.330000 23.8385398329163749054 -0.0638188787554824915604 -0.129649628017980245165
14801 1111.339000 23.8385024698728820169 -0.0638177174643345251903 -0.129639206496993203421
14802 1111.348000 23.8384650911242701454 -0.0638166555343254865429 -0.129628851427055241663
14803 1111.357000 23.8384275192383299213 -0.0638154336644501662956 -0.129618333783497297063
14804 1111.366000 23.8383903372696686063 -0.0638144176246545069553 -0.12960797311903998752
14805 1111.376000 23.8383487625513410535 -0.0638131912382388921667 -0.129596425028638800869
14806 1111.385000 23.8383114617683524727 -0.0638120200247780933189 -0.129586004158571382883
14807 1111.394000 23.8382741001606426323 -0.0638109547560517520459 -0.129575662520904605346
14808 1111.403000 23.8382366079860190666 -0.0638097625381060656879 -0.129565203417363911109
14809 1111.411000 23.8382035501717730597 -0.0638087843071160204511 -0.129555960052657764825
14810 1111.420000 23.8381662025976872599 -0.0638077141405390124707 -0.129545623612984245332
14811 1111.428000 23.838132861642428395 -0.0638065511905155091643 -0.129536207568687333769
14812 1111.438000 23.8380915252163454454 -0.0638054522940135065978 -0.129524776092890953061
14813 1111.447000 23.8380542116977025557 -0.0638042799977392438571 -0.129514376938276887241
14814 1111.456000 23.8380168889654235898 -0.0638032044922577090684 -0.129504041767466576696
14815 1111.466000 23.8379754308841960153 -0.0638019498838898330151 -0.12949249191066164455
14816 1111.475000 23.8379379882897879384 -0.0638007480926272296795 -0.129482036344355760926
14817 1111.484000 23.8379007659939325947 -0.0637996942949657225297 -0.129471658153566371308
14818 1111.494000 23.8378593319084366442 -0.0637984413486793883186 -0.12946010861883711085
14819 1111.503000 23.8378221136188628293 -0.0637972577458131157035 -0.129449695148164761749
14820 1111.512000 23.8377844933527640592 -0.0637960140962118005259 -0.12943920763127877982
14821 1111.522000 23.8377430907672795968 -0.0637947668748221202728 -0.12942766514445513959
14822 1111.530000 23.8377102544008607765 -0.0637939341968027373575 -0.129418529879729071741
14823 1111.539000 23.8376730720286502674 -0.063792752687911888354 -0.12940811921293193798
14824 1111.547000 23.837639833643070375 -0.06379173209839636427 -0.129398881261122755681
14825 1111.556000 23.8376026830675513679 -0.0637906817095770378723 -0.129388508273364594148
14826 1111.565000 23.8375655317049890414 -0.0637895007449935935728 -0.129378101657220134779
14827 1111.573000 23.8375322619764418164 -0.0637884444574921133375 -0.129368821427188113171
14828 1111.581000 23.8374994624045122293 -0.0637874831964660715666 -0.129359620191803942335
14829 1111.590000 23.8374622211565174723 -0.0637864217838442076891 -0.129349306448263312586
14830 1111.599000 23.8374248515486684141 -0.0637851876059347261405 -0.129338816729313910159
14831 1111.607000 23.8373920846037350429 -0.0637842249781861714286 -0.12932961884455504431
