2352 1284.972000 25.4013985208591144271 -0.0630539674475174144463 19.8247828936321717208
2353 1284.980000 25.4016352745789397716 -0.0629984585408670250128 19.8223094359115918905
2354 1284.989000 25.4019495916613813336 -0.0628605794034348269728 19.820065495460820415
2355 1284.998000 25.4023163013646247066 -0.0626421978007417196155 19.8184357362987491058
2356 1285.008000 25.4027862142099749576 -0.062326906680349215828 19.8173345889896523886
2357 1285.017000 25.403263385206290792 -0.0620131171676567005679 19.8169269877592668649
2358 1285.027000 25.4038456100644438607 -0.0616787555633238823716 19.8170224518412219084
2359 1285.036000 25.4044046006363082313 -0.0614284986230319990375 19.8174959841687368112
2360 1285.045000 25.4049828436286482258 -0.0612520795339277154823 19.8182281313966051073
2361 1285.053000 25.405501636450971148 -0.0611672662835237440637 19.8190111308635614762
2362 1285.062000 25.4060788374144088664 -0.0611526952075473334558 19.8199509857419791103
2363 1285.068000 25.4064545072311673835 -0.0611854818011861312232 19.8205705993585361568
2364 1285.077000 25.4069744340980214758 -0.0612876898633498146118 19.821429432361313161
2365 1285.087000 25.407520058782161243 -0.0614328520756469015351 19.822241988679770941
2366 1285.096000 25.4079885677646153397 -0.0615803966945905750796 19.8228018854680456684
2367 1285.106000 25.4084861933163672632 -0.0617425446210991338281 19.8232167805500836266
2368 1285.115000 25.408915400096638848 -0.0618708364134268329337 19.8234114430154058084
2369 1285.125000 25.4093748506591126102 -0.061981160039778833426 19.8234568780705053825
2370 1285.134000 25.4097760232613332221 -0.0620464981834548054418 19.823378304319657417
2371 1285.144000 25.4102120857040105761 -0.0620822261900923419442 19.8232024295869138086
2372 1285.154000 25.4106419237250484855 -0.0620856448041519348724 19.8229781495395620539
2373 1285.162000 25.4109837118156107749 -0.0620719877937394304279 19.822790536749415935
2374 1285.171000 25.4113679947023278771 -0.0620471954437354020206 19.8225912718021923808
2375 1285.181000 25.4117965303273933841 -0.0620173383763192795359 19.8224003210988897195
2376 1285.190000 25.4121863554314018074 -0.0619934580315921676674 19.8222616375881344197
2377 1285.200000 25.4126257592778088679 -0.0619786062363991280266 19.8221473585347212065
2378 1285.210000 25.413058769575844309 -0.0619834286837857989516 19.8220576433830615315
2379 1285.218000 25.4134116472829028055 -0.0619928108116144793716 19.8219987700505093642
2380 1285.226000 25.4137687301087780156 -0.0620073677724418820256 19.8219446937039052159
2381 1285.233000 25.4140833847258846845 -0.0620226306589583900597 19.8218966579523439009
2382 1285.239000 25.414354888927388032 -0.0620358699445808098316 19.8218528776245861422
2383 1285.246000 25.4146727423591691775 -0.0620499469464756703285 19.8217967091746558594
2384 1285.253000 25.4149924940708658028 -0.0620604791251176193811 19.8217349718322992658
2385 1285.262000 25.4154049886562276583 -0.0620667355941297502198 19.8216478166270704264
2386 1285.270000 25.4157733011026572001 -0.0620632808166036512021 19.8215661280502253305
2387 1285.280000 25.4162348418806267603 -0.0620467321287727358037 19.821464519176572594
2388 1285.289000 25.4166512145467926587 -0.062020878112262256554 19.8213810336194065087
2389 1285.299000 25.417114579954741771 -0.0619827231191023772516 19.8213058553725574029
2390 1285.308000 25.4175317732303263085 -0.0619436846064257556899 19.8212603284372406165
2391 1285.318000 25.4179948128566053356 -0.0619002637789490481324 19.8212389387651874983
2392 1285.327000 25.4184106551930604212 -0.0618652644191708192545 19.8212471087203745412
2393 1285.336000 25.4188254562407038861 -0.0618383085175564992109 19.821279460468730349
2394 1285.344000 25.4191929109359051608 -0.0618229410336394030745 19.8213250339956630341
2395 1285.353000 25.4196047051748799106 -0.0618172786940737670203 19.8213894711619360578
2396 1285.362000 25.4200152404543935347 -0.061824219447161397889 19.8214608448436777621
2397 1285.371000 25.4204233733595756917 -0.0618426511993883584739 19.8215304590837391174
2398 1285.379000 25.4207852375156022617 -0.0618677551196332026207 19.8215850208618142858
2399 1285.389000 25.4212352394677445488 -0.061906756927182136907 19.8216353347335996204
2400 1285.398000 25.4216394470323407973 -0.0619462791035013879415 19.8216587473939469533
2401 1285.406000 25.4219972435626360152 -0.0619814123819339285459 19.8216589920193086982
2402 1285.415000 25.4223997344280334687 -0.06201817911549267065 19.8216360065754457764
2403 1285.424000 25.4228020432313037702 -0.0620491271598296312284 19.8215893594748280293
2404 1285.433000 25.4232044805697974255 -0.0620719161464782301363 19.8215222575056451149
2405 1285.441000 25.423562588130600659 -0.0620841591805966694362 19.8214492299161868516
2406 1285.450000 25.4239665977573707778 -0.0620886364507804294766 19.8213573202470314527
2407 1285.459000 25.4243712380565831666 -0.0620832719242080596778 19.8212608657413191793
2408 1285.468000 25.4247771346288402583 -0.0620694224307482347869 19.8211657679916335439
2409 1285.477000 25.4251846357238129315 -0.0620490217388943790522 19.8210776544738784821
2410 1285.486000 25.425593949697496754 -0.0620244594432449100618 19.8210008826090380296
2411 1285.495000 25.4260046670141441894 -0.0619984615874975136807 19.8209383553777058751
2412 1285.504000 25.4264160179414062668 -0.061972928314914445258 19.8208912452662886494
2413 1285.513000 25.4268293011326775854 -0.0619506818272847481488 19.8208602372694606686
2414 1285.522000 25.4272423836297321031 -0.0619328750705406896881 19.8208435167429790624
2415 1285.531000 25.4276569267655858653 -0.0619211958669379711195 19.820839315732619923
2416 1285.539000 25.4280247961882253094 -0.0619160225024903976276 19.8208431875851864845
2417 1285.547000 25.4283928461800599052 -0.0619158848455902341423 19.820851925669874305
2418 1285.554000 25.4287149054602537035 -0.061919659815204780573 19.8208616235266852357
2419 1285.562000 25.429082798899948159 -0.0619279794713632272818 19.8208728940389349304
2420 1285.570000 25.4294495627353178691 -0.0619392104004647045534 19.8208818653516125607
2421 1285.578000 25.429816122557642899 -0.0619527132065942551242 19.8208872148721262363
2422 1285.587000 25.4302283236236590369 -0.0619693455502904055887 19.8208871003950051204
2423 1285.594000 25.4305477401392430181 -0.0619821684516374746265 19.8208815251330214835
2424 1285.602000 25.4309122117015746767 -0.0619958407117155718691 19.8208688892153155336
2425 1285.610000 25.4312762491508692619 -0.0620077995947734272875 19.8208498252280520546
2426 1285.619000 25.4316855201701166322 -0.0620184324618379342886 19.8208213089176616961
2427 1285.628000 25.4320947691243084421 -0.0620258134449134593269 19.8207863800036570012
2428 1285.637000 25.4325028778735635626 -0.0620293287154700459518 19.8207462350149867802
2429 1285.646000 25.432911235162205088 -0.0620293804591253855607 19.8207028653649288685
2430 1285.654000 25.4332745435908016418 -0.0620269596353984625781 19.8206630505876546522
2431 1285.663000 25.4336836916305237821 -0.0620222231403392762483 19.8206183392255326225
2432 1285.669000 25.4339566744765832595 -0.0620180140332547008564 19.820589112340144311
2433 1285.678000 25.4343658335359350531 -0.0620108832459941930471 19.8205470917242365658
2434 1285.687000 25.4347758805482904165 -0.0620035185909703981388 19.8205082306880342458
2435 1285.695000 25.435141265883576267 -0.0619976916717453266359 19.8204768213500948093
2436 1285.704000 25.4355518861183966806 -0.0619918558194362673275 19.8204448453653405693
2437 1285.712000 25.4359177309916262288 -0.0619880215135971412987 19.8204196816384552449
2438 1285.721000 25.436330059762916278 -0.0619855615865534045894 19.8203947102367088462
2439 1285.730000 25.4367419759787090072 -0.0619846219584898605603 19.8203722333681184864
2440 1285.739000 25.4371549483433305738 -0.0619857178315311313499 19.8203521807924012421
2441 1285.748000 25.4375670161521973967 -0.0619880044164618365654 19.8203332278712309744
2442 1285.756000 25.4379333838494794406 -0.0619911513917120876593 19.8203169032786128412
2443 1285.765000 25.438346072083344751 -0.0619952429163871943096 19.8202987604290434831
2444 1285.774000 25.4387586321034078196 -0.0619999212655125836458 19.8202800496270619135
2445 1285.782000 25.4391245183880130298 -0.0620038488666385181891 19.8202622327035342664
2446 1285.792000 25.4395818202827044274 -0.0620083073119078939661 19.8202385677517227691
2447 1285.798000 25.4398558336839499816 -0.0620107180976515806603 19.8202233867087649344
2448 1285.803000 25.4400840473690657007 -0.0620124810386039684862 19.8202101898729132756
2449 1285.809000 25.440357842710056957 -0.0620142626846783284744 19.8201937382036490476
2450 1285.815000 25.4406315002310456919 -0.0620156333609518592431 19.8201766268826702344
2451 1285.821000 25.4409051309673905905 -0.0620166740236858596291 19.8201589660941479565
2452 1285.826000 25.4411331781581075973 -0.0620172933163578854465 19.8201438965342617848
2453 1285.834000 25.4414972703851454128 -0.062017635060241077527 19.8201188177083409414
2454 1285.842000 25.4418612967930783952 -0.0620174753662698502454 19.8200931805163520494
2455 1285.850000 25.4422254182866680594 -0.0620170108083973048441 19.8200672235356165629
2456 1285.858000 25.4425898476566274553 -0.0620165179425703066984 19.8200411727039913501
2457 1285.867000 25.4429987039252374359 -0.0620155653366732187437 19.8200115857839804789
2458 1285.875000 25.4433627236237285274 -0.0620148062180136197541 19.8199856932479043792
2459 1285.884000 25.443772487029331586 -0.0620143917098584240843 19.8199570534091407126
2460 1285.893000 25.4441816734990062798 -0.0620139528889834673597 19.819928662261265373
2461 1285.903000 25.4446372243007417069 -0.0620142170880937509958 19.8198981934229081503
2462 1285.912000 25.4450466058201953956 -0.0620145667781220946702 19.819871103409308688
2463 1285.922000 25.4455021823741951437 -0.0620154943588551721412 19.8198418930511017777
2464 1285.931000 25.4459122304446339058 -0.0620168337396919677751 19.8198161921424720333
2465 1285.940000 25.4463217207474095005 -0.0620180450986737227814 19.8197905770597664343
2466 1285.949000 25.4467320985600942151 -0.0620196549969326133001 19.819765525370435455
2467 1285.958000 25.4471412570883224191 -0.0620210297666054649612 19.8197402722030950883
2468 1285.967000 25.4475510200342966982 -0.0620223660626604417212 19.8197152884010492357
2469 1285.976000 25.4479603459426932943 -0.0620237856753045185831 19.8196901145986785764
2470 1285.985000 25.4483694656147676483 -0.0620247915737107413658 19.8196648257526355508
2471 1285.994000 25.448778671740626578 -0.0620259012485782218471 19.8196394954551671219
2472 1286.004000 25.4492324377548158054 -0.062026545573589587923 19.8196108310781973216
2473 1286.013000 25.4496410868652453985 -0.0620272975876024756925 19.8195850753228661745
2474 1286.022000 25.4500488157243687226 -0.0620276011975510327412 19.8195588356445568934
2475 1286.031000 25.4504571563578956273 -0.0620281414713012221873 19.8195327378379211325
2476 1286.040000 25.4508642836967275969 -0.0620283738952453478355 19.8195062601921385692
2477 1286.050000 25.4513174436860936112 -0.0620289180649460161754 19.8194770438695506698
2478 1286.059000 25.4517241561487885804 -0.0620292331835663041106 19.8194504453386706189
2479 1286.068000 25.4521310083369201038 -0.0620297539813807335962 19.8194238933417032911
2480 1286.076000 25.452492549196225724 -0.0620303442648496156098 19.8194003218140260003
2481 1286.084000 25.4528542443916165894 -0.0620310409004183882509 19.8193768911385141962
2482 1286.093000 25.4532609451065177097 -0.0620318264238902891683 19.8193505227608177677
2483 1286.100000 25.4535781221369070693 -0.0620326749363393145642 19.8193304008091111257
2484 1286.108000 25.4539394172386224113 -0.0620332902893473148165 19.8193069663036993688
2485 1286.116000 25.4543003620613212945 -0.0620339479085683653814 19.8192835715138002683
2486 1286.125000 25.4547066492292479722 -0.0620349236919053026451 19.8192573790155854851
2487 1286.131000 25.4549769114847102003 -0.062035653091054847319 19.8192397383282745693
2488 1286.137000 25.4552479803245077505 -0.0620365373512082804441 19.8192225244252924199
2489 1286.142000 25.4554736025099614949 -0.0620367439534757203479 19.8192079324940380047
2490 1286.148000 25.4557436128549561261 -0.0620374658608159879059 19.819190323747736926
2491 1286.154000 25.4560151412350883504 -0.0620383011573224299462 19.8191733130944136576
2492 1286.159000 25.456239864963151831 -0.0620384075225516445906 19.8191585262483869201
2493 1286.165000 25.4565099169873576557 -0.0620391049139728742445 19.8191410532488738738
2494 1286.170000 25.4567360046775164051 -0.0620395026129729118547 19.8191267919411124865
2495 1286.175000 25.4569606095135938517 -0.0620397147993274819533 19.8191121759115311818
2496 1286.181000 25.4572303160770943009 -0.0620402786700454053626 19.819094617788060475
2497 1286.187000 25.4575012922931414039 -0.0620409603741567255986 19.8190776121432215007
2498 1286.195000 25.45790606279759416 -0.0620415500735231051355 19.819051520123057486
2499 1286.204000 25.4582656116413055258 -0.0620418420070193224469 19.8190282573783882469
2500 1286.212000 25.4586249909019102233 -0.0620423256074579751451 19.8190050542307965031
2501 1286.221000 25.4590286752008836402 -0.0620429812861844412475 19.818978975386880137
2502 1286.230000 25.459432460519778374 -0.0620435312557410731382 19.8189529200634986239
2503 1286.239000 25.4598358510610935923 -0.0620438494468280726801 19.8189267430794693325
2504 1286.248000 25.4602390670036484721 -0.062044447397520186005 19.818900637172646384
2505 1286.257000 25.4606421882047087024 -0.0620450798724972579778 19.81887459467682433
2506 1286.266000 25.4610457707598776267 -0.0620458706747230373524 19.8188487858960940002
2507 1286.275000 25.4614481847403766324 -0.0620467102807029588507 19.8188227619359302878
2508 1286.285000 25.4618949081418470826 -0.0620474325536289061933 19.8187936015204719808
2509 1286.294000 25.46229736520970377 -0.0620480303614250605637 19.8187676310753531084
2510 1286.303000 25.4627000194228401142 -0.0620489616382171246811 19.8187417405738095511
2511 1286.313000 25.4631465816299851213 -0.0620500437237319624195 19.8187128534114549439
2512 1286.322000 25.4635476143243373315 -0.0620505630473974639782 19.8186865481058376304
2513 1286.332000 25.4639939365429093243 -0.0620514838642866189966 19.8186576369419462651
2514 1286.341000 25.4643947728160782162 -0.062052357932721513567 19.8186315305438434109
2515 1286.351000 25.464839731451466065 -0.0620530485552099400626 19.8186022955108391841
2516 1286.360000 25.4652405710682891993 -0.0620535625169182439298 19.8185762738948234585
2517 1286.370000 25.4656856030858946838 -0.0620543802539130703866 19.8185473370517968306
2518 1286.379000 25.466085668317344215 -0.0620549116701492459169 19.8185212526344294304
2519 1286.389000 25.4665304281420112886 -0.0620557790424733149437 19.8184923907085810413
2520 1286.398000 25.4669293930133449066 -0.0620562521242832981772 19.8184661786520379678
2521 1286.407000 25.4673288837745879221 -0.0620567697547232677291 19.8184402382090709693
2522 1286.417000 25.4677724530866917974 -0.0620576222155892129329 19.818411430940315654
2523 1286.426000 25.4681707791160363286 -0.0620580572007661118716 19.818385249482339816
2524 1286.435000 25.4685696154517415835 -0.0620588112515553236292 19.8183594350548801799
2525 1286.444000 25.4689674624397284219 -0.0620592763827928287079 19.8183332930291733476
2526 1286.454000 25.4694098215962263509 -0.0620599419938572399724 19.8183044762164115582
2527 1286.463000 25.4698074061235715249 -0.0620606867254685640178 19.818278498186714387
2528 1286.473000 25.4702492966190234824 -0.0620614829663919606584 19.8182497386948774931
2529 1286.482000 25.4706459251716239578 -0.0620620239774201665206 19.8182236325224181428
2530 1286.491000 25.4710432614853772293 -0.0620628180431494966274 19.8181977957250232691
2531 1286.497000 25.4713076861690979058 -0.0620632672525811557307 19.81818047554479989
2532 1286.503000 25.4715719956905282118 -0.062063716656102982383 19.8181631523434056419
2533 1286.508000 25.471791773903632361 -0.0620639085944866761291 19.8181486246472466917
2534 1286.514000 25.4720558712297524551 -0.0620643557268380149927 19.8181312965213329846
2535 1286.519000 25.4722757750788915132 -0.0620647521758037265527 19.8181168197797958896
2536 1286.528000 25.4726719183386443035 -0.0620655643059640910186 19.818090988978436684
2537 1286.536000 25.4730231336981134405 -0.0620660273176799545669 19.8180676989168205182
2538 1286.544000 25.4733745956567787516 -0.0620665404836389239529 19.8180446379715782257
2539 1286.552000 25.4737260262376601361 -0.0620672801460058695677 19.8180216627762213477
2540 1286.561000 25.4741204564835896917 -0.0620677526876813392964 19.8179955054892431576
2541 1286.571000 25.4745589173788893333 -0.0620685174068142872517 19.8179666748180203228
2542 1286.580000 25.4749530899712866017 -0.0620690086779366045899 19.8179406951633403366
2543 1286.589000 25.4753470568777729 -0.0620697134410693671103 19.8179147339357264457
2544 1286.598000 25.4757406690614764955 -0.0620701911113256468711 19.8178887723918855102
2545 1286.606000 25.4760906172020078486 -0.0620708871781094628783 19.8178658389806763296
2546 1286.615000 25.4764833699244697129 -0.0620713194437848905793 19.8178397320700199202
2547 1286.624000 25.4768765644725370123 -0.0620720526278962791977 19.81781396635512138
2548 1286.633000 25.4772687494269050035 -0.0620724859095680911447 19.8177878738095820665
2549 1286.642000 25.477661375417952172 -0.0620732225965643022447 19.8177621201915776794
2550 1286.650000 25.4780094484456753889 -0.0620736286849515872532 19.8177389034387481104
2551 1286.659000 25.478401656791163532 -0.062074343135850348907 19.817713127883873625
2552 1286.669000 25.4788360928963371066 -0.0620748475532992768922 19.8176842134120043681
2553 1286.677000 25.4791842510241544062 -0.0620755338457551139597 19.817661307144614824
2554 1286.686000 25.4795746361849708705 -0.0620760085971273078975 19.8176352607031702746
2555 1286.696000 25.4800089642732636719 -0.0620767898209472757109 19.8176066541326072468
2556 1286.705000 25.4803988635118301431 -0.0620772355561954453096 19.8175805802731588301
2557 1286.714000 25.4807892000079156958 -0.0620779799951957436677 19.8175548409669382011
