22562 685.628000 -0.304204942475357897891 -0.0175088961273268846341 -0.0505932855896531336048 -0.0237183635280828891689 -0.0441596314366357461934 0.998742892932375392334 2.95366505778992394227
22563 685.634000 -0.304204197058202896464 -0.0175091587944659309029 -0.0505930738050885953072 -0.0237208484809637264179 -0.0441629610197384406267 0.998742686692279280081 2.95366952662066184487
22564 685.641000 -0.304203386512736206893 -0.0175093450020759114349 -0.0505923745635785057639 -0.0237229464791724568851 -0.0441663488859715680501 0.998742487048803195826 2.95367439941776366297
22565 685.646000 -0.304202844467717559152 -0.0175094309359529673453 -0.0505916791757809805596 -0.0237241284945122268835 -0.04416829126599578631 0.998742373074166800428 2.95367760243081045601
22566 685.652000 -0.304202224366308837666 -0.0175095056971348861374 -0.0505907406263125386525 -0.0237253980283985178856 -0.044170001139467930662 0.99874226729809212344 2.95368107312904282225
22567 685.658000 -0.304201622398818816162 -0.0175095630640763506858 -0.0505897947762452768194 -0.0237266583359874855264 -0.0441710067492192409722 0.998742192884113588747 2.95368406892652179963
22568 685.664000 -0.304201021567436336035 -0.0175096083138223217179 -0.0505889393031003012369 -0.0237280111886644176633 -0.0441713462759608446739 0.998742145727914865105 2.95368652747928317481
22569 685.670000 -0.304200406358773378646 -0.0175096389725055319453 -0.0505882520265339072352 -0.0237294967239596032993 -0.0441711158524672464765 0.998742120624526164008 2.95368840205000937615
22570 685.675000 -0.304199873884861526907 -0.0175096474643389142523 -0.0505878483557603772502 -0.0237308278066262375028 -0.04417058758679786451 0.99874211236126864133 2.95368949743931263896
22571 685.682000 -0.304199218383320590942 -0.017509754745715720714 -0.050587474798212669902 -0.0237323383417719704913 -0.0441693435589197505586 0.99874213148660440087 2.95369048784613363878
22572 685.687000 -0.304198499058321192301 -0.0175095586495356871082 -0.0505876081565878321644 -0.0237341574092442345045 -0.0441686706727193872934 0.998742118017998725676 2.95369038059624289261
22573 685.696000 -0.30419750034880105316 -0.0175094880937848515479 -0.0505880242912609343064 -0.0237362727344497467796 -0.044167094693519370896 0.99874213744239770385 2.95368990797798591785
22574 685.703000 -0.304196472912952098344 -0.0175090395472173136759 -0.0505888146161650106847 -0.0237379128768712109598 -0.0441665514190581892651 0.998742122486078853782 2.9536880379786816242
22575 685.711000 -0.30419542522913317617 -0.0175085488972096733895 -0.0505898868427110820489 -0.0237390588599739500719 -0.0441663607272251637625 0.998742103680702486557 2.95368565395259352613
22576 685.719000 -0.304194399135872484141 -0.0175078907148803197824 -0.0505911024312795803981 -0.0237395470230987483407 -0.0441669652905239823459 0.9987420653422803829 2.95368270695971846251
22577 685.727000 -0.304193431996448215848 -0.0175070741263846432756 -0.0505923218920734524273 -0.0237393351952477522915 -0.0441683876691348689669 0.998742007475001969397 2.95367940940230422342
22578 685.734000 -0.304192662175378714107 -0.0175062485658380104225 -0.0505932889521700929203 -0.0237385928988242296545 -0.0441702474553837265425 0.998741942869585508369 2.95367641004520908865
22579 685.742000 -0.304191897484592188583 -0.0175052112569822858335 -0.0505941802773092544343 -0.0237371760990665904567 -0.0441729491682978162026 0.998741857054472825794 2.95367304831471200188
22580 685.750000 -0.304191278292267053285 -0.0175041181522394180547 -0.050594765050024276265 -0.0237352643950682028195 -0.0441760881757321186014 0.998741763649436009587 2.95366995486643979518
22581 685.758000 -0.304190819476125029475 -0.017503020546573218319 -0.0505949957998811997162 -0.0237330013532186315239 -0.0441794613722507820142 0.998741668220379130716 2.95366731456532782829
22582 685.766000 -0.304190525845571213548 -0.0175019703469703226395 -0.0505948623125754975982 -0.0237305464672668796344 -0.0441828700234478538578 0.998741575764650058034 2.9536652814970456582
22583 685.774000 -0.304190391881174082567 -0.017501015563367732647 -0.0505943900160955029044 -0.0237280646253129369472 -0.0441861377643917863089 0.998741490165800049894 2.95366397161586702325
22584 685.782000 -0.304190402171289508981 -0.0175001965089364927564 -0.0505936353099136690292 -0.0237257173320036263142 -0.044189122329230709485 0.998741413882920037182 2.95366345739634761358
22585 685.790000 -0.304190532507063904344 -0.0174995430176435665115 -0.0505926785007870388755 -0.0237236550889055562708 -0.0441917213647308737556 0.998741347873434603954 2.9536637649862740318
22586 685.798000 -0.304190765859929046488 -0.0174991033083021843564 -0.0505916214879707920593 -0.02372200324646178346 -0.0441938638806663383618 0.998741292306106642762 2.95366507919978094066
22587 685.805000 -0.304191035553735777963 -0.0174989367993268474244 -0.0505906688550116848124 -0.0237210341635106514158 -0.0441954477520438773763 0.998741245236327457313 2.95366708387577769912
22588 685.812000 -0.304191291016099429889 -0.0174988516831779197802 -0.0505898024698667111987 -0.0237204885978858463769 -0.0441965632843215328052 0.998741208829661220037 2.95366925523399137532
22589 685.820000 -0.304191562335967558006 -0.0174988922947826759657 -0.050588959385111605116 -0.0237204520844100374966 -0.0441974249195079549324 0.998741171567186225566 2.95367213982601528599
22590 685.828000 -0.304191787839635296997 -0.0174990794154224575674 -0.0505883422006180721864 -0.0237210543507587988399 -0.0441978981024468697836 0.998741136323028411148 2.95367542038177521846
22591 685.835000 -0.304191912123313368266 -0.0174993263919156552544 -0.0505880359235483523239 -0.0237220955882110756674 -0.0441980351083000599921 0.998741105529090233972 2.95367845129447736952
22592 685.843000 -0.304191953054442854043 -0.0174996846363689763371 -0.0505879687112058967768 -0.0237238489719165980552 -0.0441979920944856122245 0.998741065784707449104 2.95368197803394094691
22593 685.851000 -0.304191873316182082032 -0.0175000945018104654693 -0.0505882110496147646694 -0.0237260668696300872083 -0.0441977482684616507225 0.998741023889023860072 2.95368546117621422198
22594 685.859000 -0.30419166584484191862 -0.0175005259677915442351 -0.0505887384611309540161 -0.0237286436845100430493 -0.0441973947695980667882 0.998740978314434535434 2.95368876096374100015
22595 685.866000 -0.304191397067946345256 -0.0175009186776361735927 -0.0505893979138716809452 -0.0237310287405472462863 -0.0441970031301287466508 0.998740938977285774847 2.95369150578091721471
22596 685.873000 -0.304191019153639552464 -0.0175012655113107734595 -0.0505902092529880095806 -0.023733552596614131136 -0.0441966818130617306037 0.998740893223992620698 2.95369389379444502453
22597 685.881000 -0.304190516808773514512 -0.0175016481359720477151 -0.0505912526715828342327 -0.023736316846571202388 -0.0441963070111222391945 0.998740844117800952162 2.95369637267353990495
22598 685.889000 -0.30418993187143261725 -0.0175019654299740159975 -0.0505923605675912060886 -0.0237389057658852625776 -0.044196030039995462535 0.998740794842056134328 2.95369844014013116507
22599 685.896000 -0.304189385357451824721 -0.0175021980921220565719 -0.0505933188246678045008 -0.0237409064675519754228 -0.0441958822069499143725 0.998740753827562666167 2.95369994873305996563
22600 685.904000 -0.304188753961033064854 -0.01750242078218028699 -0.050594348184972798288 -0.0237427786869219489829 -0.0441958073564945180811 0.998740712633830463041 2.95370145397101424578
22601 685.911000 -0.304188204871600864632 -0.0175025622285627791008 -0.0505951453974336218256 -0.0237440502353653271062 -0.0441958872384258238952 0.998740678869960096797 2.95370252434683333576
22602 685.918000 -0.304187687000543494076 -0.0175026713985992343758 -0.0505958178139431918874 -0.0237449308701107933417 -0.044196075074050052145 0.998740649621323139939 2.95370348030880514045
22603 685.926000 -0.304187148120317885081 -0.0175027570203325280596 -0.0505964083080711196638 -0.0237454670883098274692 -0.0441964344403065478861 0.998740620969990389177 2.95370447561616478183
22604 685.933000 -0.304186745091280630326 -0.0175028180876183221681 -0.0505967570559652107809 -0.0237455335686195673217 -0.0441968582967649306625 0.998740600632735509024 2.95370536438446462668
22605 685.940000 -0.304186729128076704942 -0.0175032328885031882026 -0.0505967058720062645705 -0.0237454074501617096171 -0.0441969237981214291278 0.998740600732647143545 2.95370677364286793321
22606 685.947000 -0.304186142171341988849 -0.0175029091728299557307 -0.0505970038936037064259 -0.0237447630294054107258 -0.0441980131186596458814 0.998740567847847149352 2.95370733655194817047
22607 685.955000 -0.304185931601257286694 -0.0175029714071618554272 -0.0505969085943320101562 -0.0237439071028909577665 -0.0441988009035899978572 0.998740553334134917307 2.95370871773061161036
22608 685.962000 -0.304185829401505347658 -0.0175030507323514425422 -0.0505967157969319236699 -0.0237430001862286993441 -0.0441995365320585267832 0.998740542339454639986 2.95371017549094450061
22609 685.970000 -0.304185795356862576089 -0.0175031730530392816425 -0.0505964060466517207004 -0.0237418737441625962714 -0.0442003947251463219503 0.998740531137721099242 2.95371210744311074592
22610 685.978000 -0.304185817847173856077 -0.017503317183435354587 -0.0505960478858382967093 -0.0237408249554009777305 -0.0442013158820037735386 0.998740515301515419111 2.95371429769049997915
22611 685.986000 -0.304185895413544959975 -0.0175035035099271388259 -0.0505956759672324812849 -0.0237398961494223563473 -0.0442022335793524623337 0.998740496764505381044 2.95371677024948597889
22612 685.994000 -0.30418600322055200369 -0.0175037253277322314704 -0.0505953336560455782522 -0.0237391581147762195658 -0.0442031072525401955153 0.998740475639803948482 2.95371947990187777577
22613 686.003000 -0.304186144441342509737 -0.0175040302567302311076 -0.0505950235051037672251 -0.023738624730926263795 -0.0442040140687921800922 0.998740448182654949605 2.9537228406219990795
22614 686.011000 -0.304186256918132447158 -0.0175043292567405167626 -0.0505948411889304630606 -0.0237384675188556243386 -0.0442047455313675022315 0.998740419544720037237 2.95372596157281286366
22615 686.019000 -0.304186343202174136469 -0.0175046542508351596346 -0.0505947613366154180792 -0.0237386186840251832419 -0.0442053929906698131469 0.998740387294673737095 2.95372916353159187253
22616 686.027000 -0.304186301392002367283 -0.0175051635382655820794 -0.0505948328744775244203 -0.0237386906066057931652 -0.0442054565849385253107 0.998740382770417989278 2.95373089452139581113
22617 686.036000 -0.304186398414064862461 -0.0175054388465077717663 -0.0505949439241431125902 -0.0237397481925837212924 -0.0442063641888334607488 0.998740317460428128626 2.95373591886808650742
22618 686.044000 -0.304186343461695818391 -0.0175057850891476955713 -0.0505951917144675522575 -0.0237407826413814984634 -0.0442067590575460356295 0.998740275393559473471 2.95373922578695502494
22619 686.052000 -0.304186246043767039016 -0.0175061670038182265463 -0.0505955136532931920579 -0.0237418423872603444325 -0.0442069724027759486384 0.998740240758846264946 2.95374232246183021644
22620 686.061000 -0.3041860606800552147 -0.0175065667683610565186 -0.0505959472948837724049 -0.0237432029757030510497 -0.0442071765938280986097 0.998740199376222492766 2.95374553631596192815
22621 686.069000 -0.304185861037243210347 -0.0175069260561509371099 -0.0505963702439279766621 -0.0237444163755715087483 -0.0442072693074200342989 0.998740166425364561675 2.95374828879359441203
22622 686.077000 -0.304185631112926291308 -0.017507277174779928286 -0.0505968126607112198001 -0.023745584289604059619 -0.0442072930471314601286 0.998740137607471045733 2.95375092599075639299
22623 686.086000 -0.304185333584926831385 -0.0175076405139691984592 -0.0505973029939004587119 -0.023746852586633445531 -0.0442073463916782261052 0.99874010509102661981 2.95375365615611862324
22624 686.094000 -0.304185064772989566251 -0.0175079606467739082309 -0.0505977152680820579933 -0.0237478236956664492951 -0.044207359472265519984 0.99874008142169268254 2.95375600446068142801
22625 686.102000 -0.304184795388282080975 -0.0175082689398315533014 -0.0505980904973281700454 -0.0237486585912242628704 -0.0442074011426203603015 0.998740059724918305406 2.95375826448217315701
22626 686.110000 -0.304184522519616362679 -0.0175085547025330273696 -0.0505984269578261189326 -0.0237493856057739358145 -0.0442075135113473502435 0.998740037463449303878 2.953760431385731966
22627 686.118000 -0.304184263197595672334 -0.0175088292482727878041 -0.0505987169853510804218 -0.0237499503689308291698 -0.044207663096682545123 0.998740017412441338784 2.95376257311815271223
22628 686.126000 -0.304184037481857572072 -0.0175091165729882938806 -0.0505989547731843722356 -0.0237503467564533117529 -0.044207854641646553151 0.998739999507845532811 2.95376479772997679873
22629 686.134000 -0.304184011405711773879 -0.0175096179037218975527 -0.050598935419717737394 -0.0237502768931965105303 -0.0442078626639128210996 0.998740000814118289441 2.95376646827183542143
22630 686.142000 -0.304183647997677553132 -0.0175096668111213021879 -0.0505993021806627057968 -0.0237508135555898093616 -0.0442084450344883903017 0.998739962274004633436 2.95376930167584728082
22631 686.151000 -0.304183483569127777191 -0.0175099924277281084051 -0.0505994331890170234711 -0.0237509144280306193353 -0.0442088748989183724647 0.998739940847468088414 2.95377201855138071807
22632 686.159000 -0.304183358429842731763 -0.0175102800448217327256 -0.0505995251604924867195 -0.0237509664884589556666 -0.0442093177286963720518 0.998739920007620129994 2.95377450000037278244
22633 686.167000 -0.30418325374532462213 -0.0175105737961308849382 -0.0505996012743501477615 -0.0237510088689017184738 -0.0442098051645839623669 0.99873989742325752772 2.95377706123194228027
22634 686.175000 -0.304183226959925001598 -0.017511073862695659964 -0.0505995855473840017158 -0.0237509374475526648107 -0.0442098599086512139555 0.998739896698444540313 2.95377875119539634596
22635 686.183000 -0.304183148435558159406 -0.0175113931455800411752 -0.0505996673826069193192 -0.0237509749758450655621 -0.0442103496776501264653 0.998739874125929127935 2.95378148375263771541
22636 686.191000 -0.304183040198045429037 -0.0175115251944376291993 -0.05059981466296828434 -0.0237512408002721470135 -0.0442113525408311253129 0.998739823410961125028 2.95378533137844367928
22637 686.199000 -0.304182978849574625624 -0.0175118537223578028816 -0.0505999036283620792775 -0.0237514233081906403489 -0.0442118633848805342446 0.998739796456950879033 2.95378818699598211239
22638 686.208000 -0.304182952673806072941 -0.0175116670449148442712 -0.0505999830098900760245 -0.0237516758107028137792 -0.0442123223117831115614 0.998739770136336635353 2.95378952087803225979
22639 686.215000 -0.304182889183876870032 -0.0175120961528366439475 -0.0506000900669662662112 -0.0237519370781383611091 -0.0442127360261660995455 0.998739745608492546225 2.95379249535601617893
22640 686.224000 -0.304182767582311719412 -0.0175129205501230941766 -0.0506002870216883740562 -0.0237524074558304459925 -0.0442132750879064909122 0.998739710558288029674 2.95379721537790818076
22641 686.232000 -0.304182678714513876628 -0.017513262127694859821 -0.0506004466134970798397 -0.0237528533652085795114 -0.0442136553880662086513 0.998739683117796261946 2.95380004661264283783
22642 686.240000 -0.304182628406385380249 -0.017513108278507986959 -0.0506005637767435109686 -0.0237532564333709887705 -0.0442139303172374917295 0.998739661360613650842 2.95380119143135644322
22643 686.248000 -0.304182477044705246172 -0.017513956582021279057 -0.0506008111787202424781 -0.0237538337012917384616 -0.0442142672810564227315 0.998739632713797176322 2.95380566077050499274
22644 686.256000 -0.304182354660605502872 -0.0175142944234197052433 -0.0506010092648041392982 -0.0237543900472897070997 -0.0442145539073615367887 0.998739606792608647368 2.9538083628996041341
22645 686.264000 -0.304182221309762912398 -0.0175146263177325400839 -0.0506012174587272198223 -0.0237549455863957682811 -0.0442147999430470006743 0.998739582687190652344 2.95381101453990835282
22646 686.272000 -0.304182077680080820148 -0.0175149518937962531129 -0.0506014301967678131744 -0.0237555080069110982621 -0.0442150346023022569608 0.99873955892136900836 2.95381360212220878125
22647 686.280000 -0.304181937946835123654 -0.0175152872385020731694 -0.0506016445268628184406 -0.0237560268155568819759 -0.0442152288710155397244 0.99873953798066006371 2.95381621650022863079
22648 686.288000 -0.304181792370416259619 -0.017515620523682648435 -0.0506018369217757779666 -0.0237565220006102362227 -0.0442154493805526349615 0.998739516439852481611 2.95381859989154449408
22649 686.295000 -0.304181649813418275574 -0.0175158846178154851969 -0.050602044525659556351 -0.0237570034652620429294 -0.0442156479096138949059 0.998739496198225107371 2.95382094889388602255
22650 686.303000 -0.304181491817678173462 -0.0175161953147819071663 -0.0506022539281743150008 -0.0237574946358170696614 -0.0442158889867126439488 0.998739473841774194618 2.95382344012280384504
22651 686.311000 -0.304181336080112330045 -0.0175165061273372668627 -0.0506024558378015479332 -0.0237579690674723752186 -0.0442161610597966228675 0.998739450510954251961 2.95382592910305641354
22652 686.319000 -0.304181182620647083681 -0.017516814413292981778 -0.0506026540868998314648 -0.0237584047692464862822 -0.0442164359134706655419 0.99873942797805392857 2.95382842781391641296
22653 686.328000 -0.304181019310220179808 -0.0175171677177366619249 -0.0506028697107613750772 -0.0237588481271345658419 -0.0442167508722475233185 0.998739403487202581644 2.95383128197337674337
22654 686.335000 -0.304180896824279511925 -0.0175174440614462960386 -0.0506030304022486651649 -0.0237591817547304316738 -0.044217024898817194889 0.998739383418638992929 2.95383351879662647832
22655 686.343000 -0.304180757116564559617 -0.0175177552654328418102 -0.0506032103472890543161 -0.0237595552603369966627 -0.044217361870706857474 0.998739359614422061995 2.95383608117044760277
22656 686.350000 -0.304180643760468605308 -0.0175180356795691209715 -0.0506033616853871076602 -0.0237598624712103828616 -0.0442176643659299151157 0.998739338913498087003 2.95383836435110502805
22657 686.358000 -0.304180514475425378684 -0.017518352565553996919 -0.0506035320617181857972 -0.0237602133873917459317 -0.0442180281716558765126 0.998739314458180316159 2.95384098150315210773
22658 686.363000 -0.304180492783935330081 -0.0175186666892550718666 -0.0506035516426345810537 -0.0237602187326208247331 -0.044218055851556997693 0.998739313105520221114 2.95384204173251552206
22659 686.370000 -0.304180335504857679574 -0.0175188421801607679962 -0.0506037783251159500875 -0.0237607195774765522778 -0.0442185813972711047604 0.998739277922107926422 2.95384498029574382727
22660 686.377000 -0.304180226170619627535 -0.0175191189821586254527 -0.0506039199359796798561 -0.0237610441237151026606 -0.0442189358220471950833 0.998739254508861584725 2.95384728391554229887
22661 686.384000 -0.304180130123196557079 -0.0175194126881584068267 -0.0506040596151898364186 -0.0237613358206052727173 -0.0442192570474648494194 0.998739233346818466863 2.95384966906197554692
22662 686.391000 -0.30418003892388301157 -0.0175196437866832338548 -0.0506041937762907942377 -0.0237616358648591249891 -0.0442195741473451475745 0.99873921216864891548 2.95385183482290480939
22663 686.399000 -0.304179923161231213768 -0.0175200395830711862233 -0.0506043577480320902473 -0.0237619927814661062448 -0.0442199438133635061576 0.998739187309778397861 2.9538547568862627557
22664 686.406000 -0.30417983358852146436 -0.0175202733237204456851 -0.0506044920503980200088 -0.0237623054602682341752 -0.0442202484697837919225 0.998739166381534926309 2.95385692713616476723
22665 686.412000 -0.304179802460923687235 -0.0175207163681578882708 -0.0506045230387941469274 -0.023762319831925712843 -0.0442202801343738530204 0.998739164637615806086 2.9538584190404573171
22666 686.419000 -0.304179649084859393682 -0.0175208815460290295851 -0.050604758532336535648 -0.0237629150820167917013 -0.0442208099596762133077 0.998739127016316952101 2.95386153312515942204
22667 686.426000 -0.304179553148411052632 -0.0175211783877707374946 -0.0506049004425264403739 -0.0237632497901116082617 -0.0442210966871330810046 0.998739106357210748577 2.95386389626440859502
22668 686.432000 -0.304179463890940970927 -0.0175214234228104059898 -0.0506050248811332897825 -0.0237635524599372378873 -0.0442213432334594425122 0.998739088239322003737 2.95386587763593189138
22669 686.439000 -0.304179366399077721894 -0.017521719762810687715 -0.0506051702281953078022 -0.0237638925757879919398 -0.0442216113907020896834 0.998739068273418628685 2.95386823257777209051
22670 686.446000 -0.30417926569300590689 -0.0175220130182401553909 -0.0506053169092928606387 -0.0237642437968477344967 -0.0442218783369339729639 0.998739048096707326962 2.95387055847048918267
22671 686.453000 -0.304179162622368048918 -0.0175223029433299037905 -0.0506054675227706751706 -0.0237645867442302267947 -0.0442221238441578706757 0.998739029065945693731 2.95387287254942432213
22672 686.460000 -0.304179058842687866093 -0.0175225932135048174942 -0.0506056173533300651668 -0.0237649424664140053454 -0.0442223804558463592929 0.998739009239344111002 2.95387517352991713082
22673 686.467000 -0.304178943131373391573 -0.0175228680142801088171 -0.0506057698569778932618 -0.0237653319760872810962 -0.0442226647451678944734 0.998738987383041232349 2.95387740647533414418
22674 686.474438 -0.3041788367197299503 -0.0175231556715851055639 -0.0506059230733081760745 -0.0237656874426558119284 -0.0442229161409114085446 0.998738967793072474066 2.95387969809408623689
22675 686.481000 -0.30417872763202374875 -0.0175234402686550508332 -0.0506060769623119591221 -0.0237660491264283964263 -0.0442231729629173828111 0.998738947814698962979 2.95388196641261435715
22676 686.488000 -0.304178617064021661331 -0.0175237220180074065867 -0.0506062338947487130869 -0.0237663977882057106394 -0.0442234147757063558726 0.998738928810602000219 2.95388423095352381509
22677 686.495000 -0.304178506942832660442 -0.0175240049991915308736 -0.050606388982542979682 -0.0237667548029451003444 -0.0442236735867478844564 0.9987389088548763727 2.9538864921211729353
22678 686.502000 -0.304178386242222265068 -0.0175242737348666362263 -0.050606545561290558477 -0.02376714165142707752 -0.0442239651623755128385 0.998738886738189557413 2.95388869604555015513
22679 686.509000 -0.304178276305828110271 -0.0175245567899436072157 -0.0506067015988864582487 -0.0237674910563033074673 -0.0442242279157201781392 0.998738866788584922496 2.95389096974668730056
22680 686.516000 -0.304178169649573171274 -0.0175247759913273806753 -0.0506068522983493668255 -0.0237678413895795713484 -0.0442244938158357497882 0.998738846677354907833 2.95389302049462632027
22681 686.522000 -0.304178064440535911306 -0.0175250714490453908534 -0.0506069915161686534333 -0.0237681547980908777773 -0.0442247411892056005445 0.998738828265048450561 2.95389513806146242203
22682 686.530000 -0.304177944773315944715 -0.0175254021868326628764 -0.0506071685566060053274 -0.0237685263204567703843 -0.0442250325182648659772 0.998738806523163047402 2.95389777210334392166
22683 686.537000 -0.304177826106601434386 -0.0175256727892107999622 -0.050607323267907955433 -0.0237689000074725251266 -0.0442253404335168701089 0.998738783995081647049 2.95389999546292170152
22684 686.544000 -0.304177719223604037246 -0.0175259590285703620305 -0.0506074765458020339737 -0.0237692360230661037246 -0.0442256182016851351335 0.998738763698274856218 2.95390229401770953999
22685 686.552000 -0.304177591982141282134 -0.0175262789474393519684 -0.050607651202782807931 -0.0237696336254673706856 -0.0442259493938949033165 0.998738739569823397169 2.95390488146191554364
22686 686.559000 -0.304177487236941768156 -0.017526567687260408146 -0.050607802492475095768 -0.0237699650395958132776 -0.0442262295858799336923 0.998738719274782749125 2.95390719268268320263
22687 686.564000 -0.304177410909359624558 -0.0175267717421250072973 -0.0506079101853931512256 -0.0237702061958144569842 -0.0442264338134819023907 0.998738704491595186141 2.95390883083336808212
22688 686.569000 -0.30417733504593785776 -0.0175269763283606473669 -0.050608017418374715013 -0.0237704466299252410721 -0.0442266378884095673341 0.998738689732254991682 2.95391047101846737633
22689 686.573500 -0.304177277356843744904 -0.0175271437558397816248 -0.050608103737439985581 -0.0237706229852662973001 -0.044226782712044006296 0.998738679121738193167 2.95391180013874787846
22690 686.579000 -0.304177184561112368133 -0.0175273868703247556744 -0.0506082306038580925778 -0.0237709258312641495692 -0.0442270448229962337416 0.998738660306763614827 2.9539137557093479991
22691 686.584000 -0.304177109847809545862 -0.0175275926870103598842 -0.0506083366222225064512 -0.023771164842756632718 -0.0442272473666129942171 0.998738645648795886345 2.95391539925583801462
22692 686.589000 -0.304177035417996566302 -0.0175277987616985174435 -0.0506084423102022146201 -0.0237714036163693548387 -0.0442274491306991895945 0.998738631030911427899 2.95391704294674894982
22693 686.594000 -0.304176961216122143661 -0.017528005008949996274 -0.0506085477119502802346 -0.0237716422596181316262 -0.0442276500297677510609 0.998738616454337813089 2.95391868629781084721
22694 686.599000 -0.304176887185601096952 -0.0175282113414872604829 -0.0506086528740298316476 -0.023771880871341508068 -0.044227850008482359756 0.99873860191917374074 2.9539203288462143604
22695 686.604000 -0.304176813270287060842 -0.0175284176726619410347 -0.0506087578442540042545 -0.0237721195405856643157 -0.0442280490408454990403 0.998738587424451540464 2.95392197016175739321
22696 686.609000 -0.304176739415827346313 -0.0175286239187883163826 -0.0506088626705837318909 -0.0237723583457730563984 -0.0442282471285710063191 0.99873857296822887708 2.95392360985644897298
22697 686.614000 -0.304176665570895510271 -0.0175288300012955908236 -0.0506089674000735414983 -0.0237725973541446262971 -0.0442284442987671416736 0.998738558547705435053 2.95392524759246510868
22698 686.619000 -0.304176591688261055424 -0.0175290358486374781011 -0.0506090720779062905321 -0.0237728366214587163996 -0.0442286406010585775306 0.998738544159356811392 2.95392688308828521571
22699 686.624000 -0.304176517725689432581 -0.0175292413979185358885 -0.05060917674652965631 -0.0237730761919236130431 -0.0442288361042450506311 0.998738529799084395755 2.95392851612295403996
22700 686.632000 -0.304176396186849162806 -0.0175295654979463998158 -0.0506093445724716262113 -0.0237734678633536797299 -0.0442291530315752842717 0.998738506440929874053 2.95393110150845794593
22701 686.639000 -0.304176295024671472511 -0.0175298557834430990265 -0.0506094910655354723872 -0.0237737969953459062078 -0.0442294187177534325883 0.998738486840430983449 2.9539333991969090043
22702 686.647000 -0.304176172652663612261 -0.0175301778410569958355 -0.0506096593755746698706 -0.023774190425348271094 -0.044229733335455330423 0.998738463542229837344 2.95393597152564790775
22703 686.654188 -0.304176070676755117006 -0.0175304662617257085711 -0.0506098064330652991361 -0.0237745210745899486493 -0.0442299976771663438946 0.998738443964760747029 2.95393825813959765014
22704 686.663000 -0.304175937902069093433 -0.0175308340957014106853 -0.050609997189323560618 -0.0237749413945983895102 -0.0442303262835056915092 0.998738419406472011097 2.95394117902061514869
22705 686.671000 -0.304175820271038344078 -0.0175310940286746361205 -0.0506101604076737432436 -0.0237753413045104569634 -0.0442306472449348064835 0.998738395672334466902 2.95394353786757069003
22706 686.678000 -0.304175710878568983375 -0.0175314388754727774888 -0.0506103148853750822722 -0.0237756696331423537927 -0.0442309049434933820866 0.998738376443688680162 2.95394600772144588774
22707 686.685000 -0.304175606800711706423 -0.0175317233808727074296 -0.0506104627214577981742 -0.0237760057144810431351 -0.0442311727050023889563 0.998738356584648712122 2.9539482663415954633
22708 686.694000 -0.304175464865644451518 -0.0175320782177981124295 -0.0506106542886175445051 -0.0237764633103173146644 -0.0442315427167797523 0.998738329304201033487 2.95395113159067213005
22709 686.702000 -0.304175340072570965511 -0.0175323951876187114629 -0.0506108250545502513784 -0.023776860081287543025 -0.0442318591996436957792 0.998738305842134854728 2.95395367784592011162
22710 686.709000 -0.304175236411925342672 -0.0175326801101703191876 -0.0506109740515212486178 -0.0237771927463882142006 -0.0442321262586134258954 0.998738286094882576904 2.95395594709972364456
22711 686.716000 -0.304175131469695658737 -0.0175329636462966259591 -0.0506111226733817198831 -0.0237775311995331514736 -0.0442323985934501354156 0.998738265975988914747 2.95395820179706225517
22712 686.724000 -0.304175008342442099174 -0.0175332826429768842691 -0.0506112939447241963475 -0.0237779209605520451543 -0.0442327118861509382963 0.99873824282140633013 2.95396076501529281089
22713 686.732000 -0.304174884113008747732 -0.017533600541048910415 -0.0506114646806081758257 -0.0237783161735870170184 -0.0442330302695920565825 0.998738219311306019144 2.95396331454923544158
22714 686.740000 -0.30417477105363077694 -0.0175339335077509678174 -0.0506116346196324798368 -0.0237786755667130089709 -0.0442333164474301848701 0.998738198080134642609 2.95396593443500554699
22715 686.746000 -0.304174677167157347935 -0.0175341716500004504709 -0.0506117614743054472504 -0.0237789834331932729838 -0.0442335714228490745059 0.998738179457490993229 2.95396784695590364223
22716 686.755000 -0.304174545191670198108 -0.0175345394148178207461 -0.0506119530620558685796 -0.0237793988336728566446 -0.0442339026265971546614 0.998738154898234475887 2.9539707620012243261
22717 686.761500 -0.304174451808328250024 -0.0175347782066556413805 -0.0506120794535894619193 -0.0237797055677809975049 -0.044234157097578483131 0.998738136324520464626 2.95397267563352849962
22718 686.769000 -0.3041743305332306746 -0.017535099751345463448 -0.05061224921521897957 -0.0237800911461007007108 -0.0442344694908900076813 0.998738113307959474163 2.95397524442934855671
22719 686.775000 -0.304174245923461872287 -0.0175353494572944579311 -0.0506123757564968246303 -0.0237803588162242111881 -0.0442346816673328327441 0.998738097537268054715 2.95397720077970982189
22720 686.784000 -0.304174106871414995368 -0.0175357078618929296265 -0.0506125652616499915881 -0.0237808091033796867309 -0.0442350520656273338282 0.998738070410425282653 2.95398007177665800072
22721 686.790000 -0.304174022597026083581 -0.0175359576504769201777 -0.0506126913139370998573 -0.0237810758100162472628 -0.0442352632813963614344 0.998738054704907840531 2.95398202616515659358
22722 686.796000 -0.304173930062761832538 -0.0175361968433611278839 -0.0506128165627095297219 -0.0237813802234230001198 -0.0442355156391738973953 0.998738036279186336408 2.95398393630112732211
22723 686.801000 -0.304173855831157413654 -0.0175363994232134619289 -0.050612921359214337047 -0.0237816184917888466532 -0.0442357086768911320074 0.998738022055716156977 2.95398554205781671556
22724 686.807000 -0.304173788483936946569 -0.0175362652496329138319 -0.0506130211305326899174 -0.0237818997437212950596 -0.0442359209124386990042 0.998738005958323404876 2.95398619119940919475
22725 686.811000 -0.304173707466788290077 -0.0175368042099240950549 -0.0506131306576033807021 -0.0237820945073424043492 -0.0442360940709693312156 0.998737993651081623625 2.95398875015403339361
22726 686.816000 -0.304173633311014490754 -0.0175370063681075938344 -0.0506132351808576685936 -0.0237823322985099179505 -0.0442362864687036103084 0.998737979467038239356 2.95399035233660312016
22727 686.820000 -0.304173577379265813736 -0.0175371719780190379878 -0.0506133194041861467216 -0.0237825042257216456854 -0.0442364198823418999784 0.998737969463836305906 2.95399165122272711059
22728 686.827000 -0.304173465652840702145 -0.0175374439239954250935 -0.0506134658649916649442 -0.0237828643018227446626 -0.0442367155112560403452 0.998737947795304892296 2.9539938436375101638
22729 686.835000 -0.304173354882868229865 -0.0175377768132285657976 -0.0506136324812810761697 -0.0237832167910758396356 -0.044236995868237753704 0.998737926983661705727 2.95399644656611570781
22730 686.840000 -0.304173280685687941194 -0.0175379780030586324147 -0.0506137367653044650817 -0.0237834541952527955821 -0.0442371876771236668957 0.99873791283447399536 2.9539980423528713338
22731 686.848000 -0.304173159652739000247 -0.0175382963726927396109 -0.0506139044528153142499 -0.0237838382364224387722 -0.0442374974069099854979 0.998737889970094938619 2.95400058386215391693
22732 686.856000 -0.304173039725789684518 -0.017538616419933983348 -0.0506140696986425026038 -0.0237842319253962729275 -0.0442378215513039921292 0.998737866237239257927 2.9540031225165028772
22733 686.864000 -0.304172919294474264351 -0.0175389344288429567531 -0.0506142371504370094937 -0.0237846132266716081549 -0.0442381289950882702899 0.998737843538869407567 2.9540056605735531825
22734 686.872000 -0.304172797467682609618 -0.0175392505171927670649 -0.0506144042023505338901 -0.0237850005744177188383 -0.0442384412618987768462 0.998737820482629157226 2.95400818115358765326
22735 686.880000 -0.304172686486099574932 -0.0175395808683693199548 -0.0506145706768126035779 -0.0237853527929868871493 -0.0442387212707766389053 0.998737799691610583785 2.95401076863594180821
22736 686.887000 -0.304172574564492981253 -0.0175398499647838150561 -0.0506147169241330519007 -0.0237857124547155608651 -0.0442390163692531340756 0.998737778054731628607 2.95401294335030151217
22737 686.893000 -0.304172491068906925005 -0.0175400969987070144696 -0.0506148425874277524406 -0.0237859739605470500712 -0.0442392226495858659208 0.998737762689540176098 2.95401488455721317195
22738 686.900000 -0.304172389403235210459 -0.0175403795445717783363 -0.0506149876451652755427 -0.0237863017978543270226 -0.0442394880602383633317 0.998737743125265864386 2.95401711350258988631
22739 686.908000 -0.30417226841985089969 -0.0175406957655366360638 -0.0506151552857720121725 -0.0237866854916382527985 -0.0442397976284272659298 0.998737720274506246554 2.95401964040961573232
22740 686.916000 -0.304172148699967392904 -0.0175410141685823639524 -0.050615320476122264981 -0.0237870787202693646789 -0.04424012156106407051 0.998737696560121901435 2.9540221666469914652
22741 686.924000 -0.304172028641516656311 -0.0175413310208452424832 -0.0506154878221955484285 -0.0237874593758356164819 -0.044240428637020899616 0.998737673891625821199 2.95402469423412483707
22742 686.933000 -0.304171898199223356141 -0.0175416937633915588635 -0.0506156760708314501507 -0.0237878699662316846208 -0.0442407547774248954831 0.998737649665413118605 2.95402756039143143951
22743 686.941000 -0.304171778893429778368 -0.0175420123055322063621 -0.0506158410052495108533 -0.0237882624019035322782 -0.0442410779938540374423 0.998737626000863132347 2.95403008418011525649
22744 686.949000 -0.304171659269323990671 -0.0175423292975173047981 -0.0506160080333756118298 -0.0237886421377741380523 -0.044241384217295821879 0.998737603391290473809 2.95403260910537746042
22745 686.956000 -0.304171557666059078073 -0.0175426113540014735892 -0.050616152790324220323 -0.0237889711233953797531 -0.0442416504655486694797 0.998737583761107217128 2.95403483033848868189
22746 686.965000 -0.304171428544381117209 -0.0175429747620724253709 -0.0506163402710134852081 -0.0237893775020843294132 -0.0442419729784114743043 0.998737559794884766085 2.95403769397859372603
22747 686.973000 -0.304171308611522195342 -0.0175432910392312770009 -0.0506165070471120415174 -0.0237897587666576482146 -0.0442422803419580956685 0.998737537097694083599 2.95404021259770299679
22748 686.981000 -0.30417118994598169035 -0.0175436093705780074559 -0.0506166712481008682079 -0.0237901493275570717623 -0.0442426018453882519132 0.998737513552446221077 2.95404272961589020596
22749 686.990000 -0.304171061204087989083 -0.0175439723221897728167 -0.0506168581559734015451 -0.0237905543134190045063 -0.0442429231410728374119 0.998737489672533285123 2.95404558709126163762
22750 686.999000 -0.304170924211635551604 -0.0175443244596200434438 -0.0506170442290334865465 -0.0237909968482544441348 -0.04424328556907795168 0.998737463075767051279 2.95404839885155423573
22751 687.007000 -0.304170803983963400352 -0.0175446389458730200861 -0.0506172097144474975039 -0.0237913798633718059916 -0.0442435942107775523335 0.998737440279230281881 2.95405089599198777961
22752 687.015000 -0.30417069466681589951 -0.0175449677132476708485 -0.0506173744644286688343 -0.0237917274245111783071 -0.0442438703259935908751 0.998737419767946055238 2.95405345971180910425
22753 687.024000 -0.304170557888160053572 -0.0175453188289180356252 -0.0506175600128603159211 -0.0237921687589638213012 -0.0442442318824682739864 0.998737393237519310851 2.95405626335789328607
22754 687.032000 -0.304170437829315187805 -0.0175456323510169015512 -0.0506177250621925936547 -0.0237925507835089131148 -0.0442445398418796209672 0.998737370494062526305 2.95405875319781996424
22755 687.040000 -0.304170334117421559128 -0.0175459743322460767767 -0.0506178729472141764045 -0.0237928724408303406135 -0.0442448017261870898964 0.998737351229653791407 2.95406117371386933712
22756 687.048000 -0.304170209378071321193 -0.0175462739680450063862 -0.0506180548289505427562 -0.0237932755516635022208 -0.0442451203678910359729 0.998737327510168415579 2.954063807895077165
22757 687.056000 -0.304170091299314659938 -0.0175465897009620744318 -0.0506182177400226057662 -0.0237936631407173714015 -0.0442454397277898814345 0.998737304128388014846 2.95406630418833504592
22758 687.065000 -0.304169963174414359486 -0.0175469496311736541938 -0.0506184032859743962551 -0.0237940650006340341516 -0.0442457588422678349538 0.998737280417236417129 2.95406913832740469772
22759 687.073000 -0.304169848874942361228 -0.0175472762014597556679 -0.0506185510058179480297 -0.0237944202662901706236 -0.0442460525581784835936 0.998737258941113981159 2.95407148310851974671
22760 687.080000 -0.304169744174578482454 -0.0175475421823077272487 -0.0506187112007033881977 -0.0237947645651997267968 -0.0442463242635654230295 0.998737238701176144318 2.95407382662204387458
22761 687.089000 -0.30416960793961494991 -0.0175478908730234625657 -0.0506188958419642731634 -0.0237952037824897544294 -0.0442466843894697842154 0.998737212282334141378 2.9540766118128640727
22762 687.097000 -0.304169488401482279727 -0.0175482024032713145034 -0.0506190601381859700547 -0.0237955840227261766762 -0.0442469910926428511289 0.998737189635123701059 2.95407908604644653394
22763 687.105000 -0.304169379803346129343 -0.0175485283621502168028 -0.0506192237682727558257 -0.0237959289449925885662 -0.0442472653233599091949 0.998737169267795321659 2.95408162765641080227
22764 687.112000 -0.304169270030567429064 -0.0175487936937201716159 -0.0506193674501559942591 -0.0237962820653278353533 -0.0442475551842589215346 0.998737148012470599134 2.95408376235152880795
22765 687.118000 -0.304169188408631274712 -0.0175490375246206628534 -0.050619490861971649931 -0.023796537865671738704 -0.0442477568443441424129 0.998737132983374853445 2.95408566920015447366
22766 687.126000 -0.304169071037930116574 -0.0175493516772551212679 -0.0506196530357239729558 -0.0237969236155290385371 -0.0442480746381741368856 0.998737109712686699226 2.95408815097123644833
22767 687.132000 -0.304168979390888827297 -0.0175495813616727489026 -0.0506197767145954435897 -0.0237972115408902340494 -0.0442483060724998059077 0.998737092598744213845 2.95408998917214038471
