22260 657.895000 17.020067092501871997 -0.0235453044391277024894 -0.346458631268267647219
22261 657.902000 17.0200345129439227776 -0.0223126665560003413502 -0.34526496627610386847
22262 657.909000 17.0200112219929735602 -0.0214883545507093196014 -0.344361526532834361092
22263 657.917000 17.0200021573844999523 -0.0211433371053767610315 -0.34370237425939215159
22264 657.925000 17.0218863926456691615 -0.0218634631662261089136 -0.342874115193629203091
22265 657.932000 17.020162644197625923 -0.0211851930863119659876 -0.343071508063519658993
22266 657.939000 17.0199034773544468635 -0.0207727712358584046259 -0.343932628151514041548
22267 657.946000 17.0205140171924576009 -0.0213894129683290419586 -0.343590251345930186577
22268 657.954000 17.0203851679439033262 -0.0209732644601740986223 -0.344550367335039076089
22269 657.961000 17.0205893477744929498 -0.0214101730737012267702 -0.344497891177910520177
22270 657.968000 17.0203338626764271169 -0.0208114313281236931741 -0.345665083497308123217
22271 657.975000 17.0183925983322197339 -0.0212188497696898618894 -0.345495801406095315311
22272 657.983000 17.0205844401173500557 -0.0207893924444071676039 -0.346458878881574061648
22273 657.990000 17.0209515259557875311 -0.0210247648628196746878 -0.346484516751048798877
22274 657.997000 17.0218117287893697664 -0.0212050311678635451662 -0.346603380410274719559
22275 658.004000 17.021303269323514229 -0.0210298237469927068455 -0.34657809573798775693
22276 658.012000 17.022513313618720332 -0.0216417479312991725693 -0.345917255961006919751
22277 658.019000 17.0212504428683892854 -0.0208911380712732720755 -0.346465275428829933002
22278 658.027000 17.0213729144050311959 0.0210252770199575896026 -0.346226400352719343445
22279 658.035000 17.0210142089185261227 -0.0207422386553188162206 -0.346320500023685196034
22280 658.042000 17.0214847100135173719 -0.0210529109351711325726 -0.345965550012942324454
22281 658.049000 17.0222540412701306423 -0.021218939110147754662 -0.34594658058066934947
22282 658.057000 17.0216614116089033359 -0.0210651098743847957351 -0.345889319593464916736
22283 658.062000 17.0192357887109615433 -0.0212037833103120403055 -0.345518336755059829457
22284 658.070000 17.021327554980423713 -0.0207896630144992523859 -0.346179748949188903495
22285 658.075000 17.0216739465586535118 -0.0210497747854094668929 -0.346054250023758336319
22286 658.080000 17.0217439930113663138 -0.0213587571777828708064 -0.345647849076188340423
22287 658.085000 17.0213129528178548355 -0.0207584238924133947235 -0.346489705167764061589
22288 658.090000 17.0218329159884262936 -0.021022762310989137613 -0.346290418513074516049
22289 658.096000 17.0218017788328381812 -0.0213481106495490118025 -0.345890648753525653536
22290 658.103000 17.0214625597080484454 -0.0207704173515610851508 -0.346638581145473134715
22291 658.109000 17.0217837528800011171 -0.0210203443609060895703 -0.346503148196258881075
22292 658.116000 17.0231434383165129987 -0.0214738683539666928846 -0.346277500708301322341
22293 658.123000 17.0219482835783360031 -0.0209561085113278526559 -0.346551965700270692139
22294 658.130000 17.0195868520298390081 -0.0211803060000799424356 -0.346057204558504361014
22295 658.137000 17.0215556820521669579 -0.0207218469448424980062 -0.34662636055568946114
22296 658.144000 17.0220239400746571334 -0.0210308869450507376908 -0.34625315755439606269
22297 658.151000 17.0233875507556291495 -0.0214899522465284570361 -0.345854980020926461304
22298 658.158000 17.022218632780592884 -0.0209772929755674131247 -0.345989154567651002736
22299 658.165000 17.0198512754564461602 -0.0212021730135423663866 -0.345387481172817811803
22300 658.172000 17.02180888611371401 -0.0207433833769473316422 -0.345883995368795049696
22301 658.179000 17.0222941395489186789 -0.0210574087011545958703 -0.345478431360068116707
22302 658.187000 17.0224130549994328021 -0.0209554317097489645194 -0.345552354265750816253
22303 658.194000 17.0225110228152551883 -0.0210807916598504015149 -0.345227008884394337418
22304 658.200000 17.0224312212469435224 0.0210439968559373788426 -0.345191536868287962569
22305 658.208000 17.0220701823321931556 -0.0207554400243529883763 -0.345385976630661784004
22306 658.215000 17.0225241070444077707 -0.0210599865368563676782 -0.345119854853346563761
22307 658.222000 17.0232962580845743616 -0.0212283990438092741437 -0.345163517059530078335
22308 658.229000 17.0227435516251155434 -0.0210530159121009481649 -0.345168434239610688596
22309 658.236000 17.0203051573207879699 -0.0212106631912470644519 -0.344820092164184466288
22310 658.243000 17.0222242621010124708 -0.0207413409464570833163 -0.345542319499500594215
22311 658.250000 17.022693501803285443 -0.0210454213461783376515 -0.34536016187364604324
22312 658.257000 17.0240196066812394804 -0.0214944000280341031284 -0.345181021186394376699
22313 658.264000 17.0228118737810198979 -0.0209750813245558921649 -0.345535226385986604658
22314 658.271000 17.02042746617292579 -0.021194954836038313456 -0.345154394576002887529
22315 658.277000 17.0224386745165467971 -0.0207654184121926904671 -0.345881392527165265616
22316 658.284000 17.0228607587679015012 -0.0210462614202341323499 -0.345628434483202573446
22317 658.291000 17.0240877964878478679 -0.0216335339497061261704 -0.345083602683307955061
22318 658.298000 17.022799163568965497 -0.0208776022427421305283 -0.345759334512449501009
22319 658.305000 17.0228557674814595657 0.021010898456900271164 -0.345655340810198108414
22320 658.312000 17.0225646367965843808 -0.0207601105633083045376 -0.345890071666356269109
22321 658.319000 17.0230105602421417643 -0.0210483702304272504713 -0.345560313919810180305
22322 658.326000 17.0242863388276575165 -0.0214867716521027832255 -0.345261625373071090461
22323 658.334000 17.0231404380046775771 -0.0210305855283617962326 -0.345443911393592595349
22324 658.340000 17.0231348867928282687 -0.0213634946110293558186 -0.34490047127659373416
22325 658.347000 17.0227813868474449066 -0.0207881716510351158278 -0.3455023185534709107
22326 658.354000 17.0230726603932680518 -0.0210293040755017493493 -0.345258753472189039435
22327 658.361000 17.0238641637100407422 -0.0212114298200868182931 -0.345220863036855118988
22328 658.369000 17.0232812011479275327 -0.021060769949915732896 -0.345113608856043585504
22329 658.376000 17.0244546549492454801 -0.021646665051178275857 -0.344497584005028278931
22330 658.383000 17.0231523733248124586 -0.0208902575159826027484 -0.345123686729292833419
22331 658.390000 17.0232369143814139534 0.0210277265481650689483 -0.344999685963840951874
22332 658.399000 17.0230110404619807696 -0.0207938506038337390935 -0.34512965723672001106
22333 658.407000 17.0232990283840841528 0.0210287067657550126587 -0.344931745827158076079
22334 658.413000 17.0234213655111012997 -0.0209410563802725352422 -0.345125354806410600261
22335 658.421000 17.0234332152821998818 -0.0210590968083879982731 -0.344891343174883902023
22336 658.429000 17.0247206466974958516 -0.021498550456989021229 -0.344636653325614494836
22337 658.436000 17.0235092880876379695 -0.0209778295264401795639 -0.344930946620227496524
22338 658.444000 17.0247000735470628285 -0.0216426017205683073052 -0.344316786028133425823
22339 658.452000 17.023554824730823043 -0.0209799503034066719964 -0.344921465845841490605
22340 658.460000 17.0211815250151019541 -0.0211979982184852533411 -0.344484913413676707705
22341 658.468000 17.0232368916262473135 -0.0207877332068905004703 -0.345063294853116819816
22342 658.475000 17.0235147897994707478 -0.0210286218192970268681 -0.344878703973775013747
22343 658.483000 17.0232107476008067692 -0.0207664406814481901364 -0.345142302401241662935
22344 658.489000 17.0236926868259246248 -0.0210563270475336364318 -0.344839247468887277748
22345 658.497000 17.0249170765818931272 -0.0214932280609090760326 -0.344575648045728877289
22346 658.504000 17.0237013855747889579 -0.0209734625557045466226 -0.344854577934659178862
22347 658.512000 17.0237460380635710067 -0.0213632294717471110657 -0.34430378226385738305
22348 658.520000 17.0235880428355059735 -0.0208839996961761795169 -0.344859725887390888843
22349 658.529000 17.0249360209009630296 -0.0216379082457935217887 -0.344157811124905510525
22350 658.537000 17.0237892675061281977 -0.0209756213867101394543 -0.344733517060577809854
22351 658.546000 17.0250098663732174487 -0.021644895271269986442 -0.344090636030194574335
22352 658.554000 17.0238398845501173184 -0.0209762416270347917813 -0.34466877762695774523
22353 658.561000 17.0214477708014300106 -0.0211989053493712859 -0.344199736050190219228
22354 658.568000 17.0233864922282549514 -0.0207357590303971286994 -0.344831558529088144649
22355 658.576000 17.0237963173605884037 -0.0210281081701481908919 -0.344554291156444703059
22356 658.584000 17.0234959339299969372 -0.0207709225858782355056 -0.344794431987520522132
22357 658.591000 17.0239281883640209969 -0.0210566805422178239537 -0.344484930173673209453
22358 658.599000 17.0246196423642928153 -0.0212099999430040049575 -0.344496244489946645828
22359 658.607000 17.024013092038103423 -0.0210582996622024065658 -0.344424375769168344963
22360 658.615000 17.0252419181713250396 -0.0214954021281455881498 -0.344158542903618858144
22361 658.623000 17.0240756452495780593 -0.0210357492169513590752 -0.344384882276668746748
22362 658.631000 17.0252703040420314551 -0.0214942886193611633339 -0.344106585519232843762
22363 658.639000 17.0241173051537444394 -0.0210361114461511435059 -0.344344780945615991374
22364 658.646000 17.0240941953554347776 -0.0213668613093783293921 -0.34383643943467806503
22365 658.654000 17.0239279237251288635 -0.0208852497773679597615 -0.344401898071599488205
22366 658.662000 17.0216906025160099603 -0.0211962834587125122099 -0.343881477835117577158
22367 658.670000 17.0237500888345003602 -0.0207868666299086540805 -0.344443987409577268011
22368 658.677000 17.02402331132227431 0.021028361704120732828 -0.344247585260791466588
22369 658.685000 17.0236365128768944999 -0.0207319842011340974008 -0.344479597987489727373
22370 658.693000 17.0240523999869672878 -0.0210272838093047420571 -0.344208567699980594323
22371 658.701000 17.023747087910777509 -0.0207716765775854649012 -0.344455197110944300043
22372 658.708000 17.0241604043768148813 -0.0210521914102953199011 -0.344156531361454354201
22373 658.715000 17.0254332490657667165 -0.0214934273574678598451 -0.343887175287599766715
22374 658.721000 17.024051829236125144 -0.0208835053416969278206 -0.344223924769031464077
22375 658.726000 17.0241246441211302454 0.0210285965010639855355 -0.344109367929331277924
22376 658.733000 17.0242227470187721394 -0.0209354304505773407274 -0.344300043620655527032
22377 658.737000 17.0240802297690336786 -0.020884220527125713085 -0.344175974294810727017
22378 658.743000 17.0241418579715428905 -0.0210273691809901713823 -0.344063027041166202835
22379 658.749000 17.0249287620816680544 -0.0212108029488908764182 -0.344071245704942851873
22380 658.757000 17.0243051223512154024 -0.0210561072097822758742 -0.344003184329281286313
22381 658.765000 17.0249455039485546592 -0.0212097324820695112835 -0.344019251335235032307
22382 658.773000 17.0243442925035388669 -0.0210585596272056287115 -0.343954576559543645509
22383 658.780000 17.0254872931309115813 -0.0216409216594766959374 -0.343370894132158988032
22384 658.788000 17.0243210208900599412 -0.0209750829163090103668 -0.343953088915038507345
22385 658.796000 17.0255108907396959239 -0.0216401220775968849974 -0.343322340141122783752
22386 658.804000 17.0243464217307547415 -0.0209762370918182630697 -0.343900572065231835417
22387 658.811000 17.0219457107201748158 -0.0211966626159947532648 -0.343440668439970231418
22388 658.819000 17.024017475916565445 -0.0207880632410909101104 -0.344003952592417283629
22389 658.827000 17.0219566941915871894 -0.0211989282287041100328 -0.343390851754832859832
22390 658.835000 17.0240261290305774367 -0.020787375668016538216 -0.343952056274426709592
22391 658.842000 17.0243019335951792925 -0.0210276562047277335021 -0.343758767315410884713
22392 658.850000 17.0239844120324512744 -0.0207670082738222044894 -0.344003896819838839161
22393 658.858000 17.0243438371871889103 -0.0210403606323467003147 -0.343697718174302224714
22394 658.863000 17.0256733395576205226 -0.021493769852521733138 -0.343432461084363149784
22395 658.869000 17.02427792241805804 -0.020881877920820850203 -0.343770028435406105327
22396 658.874000 17.0243617945867065089 -0.0210394033728146662154 -0.343653063149171156265
22397 658.881000 17.0244424412331767371 -0.0209360323456661487351 -0.34384044340087105418
22398 658.889000 17.0244333080203418262 -0.0210518581106066970943 -0.343604323720397897279
22399 658.897000 17.0251239610889584242 -0.0212067117853232262048 -0.343620182417169572897
22400 658.906000 17.0244658082391779885 -0.0210542133521611982139 -0.343554338773740086665
22401 658.913000 17.0244793800849194554 -0.020935442207586776181 -0.343753987567250729462
22402 658.921000 17.024468067007841654 -0.0210534314521298622502 -0.343509772606182373078
22403 658.929000 17.0257478797412851179 -0.0214932448161220257532 -0.343244311700243553975
22404 658.937000 17.0245648252673191791 -0.0210315769061873436563 -0.343476159762399757547
22405 658.945000 17.0251753115244817138 -0.0212066108319731924658 -0.343480041244973888226
22406 658.952000 17.0245954771559588892 -0.0210348619450416475518 -0.343430674989074480319
22407 658.960000 17.0257089922917757008 -0.0216389367205402048666 -0.342833399867843446884
22408 658.968000 17.0245376847989291491 -0.0209730540490779271412 -0.343416414997400998299
22409 658.976000 17.0257794916229556748 -0.0214909403351515732039 -0.34310184807465349266
22410 658.983000 17.0245526332072110165 -0.0209751683223444278237 -0.343368366314827033747
22411 658.991000 17.0245861312395341258 -0.0213649043459392604105 -0.342822805306565281391
22412 658.995000 17.0245636553421597625 -0.0209334552143681830449 -0.343511634916873864753
22413 659.001000 17.024625976056459109 -0.0210317074000712575521 -0.34328505651659035891
22414 659.007000 17.0245860238297090916 -0.021363319359362184513 -0.342776452350103510991
22415 659.011000 17.0245700514454618713 -0.020934339335289649936 -0.343462126131769851511
22416 659.018000 17.0246310507693650038 -0.021057081498309409423 -0.343218742537060084175
22417 659.023000 17.0245991207125868527 -0.0213629048587385440838 -0.342729549953889212066
22418 659.028000 17.0241686364779987173 -0.020768696984546773654 -0.343477161707961720083
22419 659.034000 17.0246278520736638029 -0.0210555515076447756495 -0.343168466577638442416
22420 659.039000 17.0221976049913941154 -0.0211930169709395530009 -0.342763008887679188064
22421 659.044000 17.0245940575943563999 -0.0209308045817237498021 -0.343364846416588820333
22422 659.050000 17.0246622239431850687 -0.0210315994450227042312 -0.343132982293547494912
22423 659.054000 17.0221859482167552358 -0.0212025384591734873674 -0.342708874964333165547
22424 659.060000 17.0241958893745177761 -0.0207695342391044542041 -0.34337336142577451481
22425 659.066000 17.0246582345159929162 -0.0210557133429180760864 -0.343073294794919270156
22426 659.074000 17.0252840010621397937 -0.0212081254256998343044 -0.343089345586608807093
22427 659.081000 17.0246821836939794537 -0.0210330989082146146973 -0.343037141651832355738
22428 659.089000 17.025811759675494983 -0.0216382892341083730992 -0.342446211724265037191
22429 659.097000 17.0246357777260683974 -0.020973032096736846791 -0.343026126343372039784
22430 659.105000 17.0258686027981198663 -0.0214897873427577768002 -0.342709212808754548618
22431 659.112000 17.0246469967045257476 -0.0209726693473000942725 -0.342987552869366052466
22432 659.119000 17.0246619195820620973 -0.0213635188395789182847 -0.342440656652849950703
22433 659.127000 17.0244989829225232825 -0.0208832936616866575441 -0.343001972667017152041
22434 659.135000 17.022247134571319549 -0.0211916325170120323218 -0.342481451588275642717
22435 659.142000 17.0241526409127992281 -0.0207263746086506356336 -0.34311634170422516954
22436 659.150000 17.0222429870134632779 -0.021203071570772530352 -0.342424553399106823548
22437 659.158000 17.0243059122606972267 -0.020783643307555166313 -0.342995573557048460955
22438 659.165000 17.0245670139407287991 0.0210257230346365710238 -0.342797662488391108315
22439 659.172000 17.0242540134136319807 -0.0207678464279425246952 -0.343043443918643664592
22440 659.179000 17.0246569828206553154 -0.0210509937867297894365 -0.342743639150437817698
22441 659.185000 17.0259158797674921004 -0.0214901636494996932381 -0.342476094878081782635
22442 659.192000 17.0246812569553540584 -0.0209723670025507430426 -0.34274591433610784863
22443 659.199000 17.024710177897997454 -0.0213626376205955439969 -0.342204133929637777101
22444 659.207000 17.0245325793333712738 -0.0208806719406405029427 -0.342763197539862896068
22445 659.214000 17.0246920449819363341 -0.0213647081486147347174 -0.342154002983713845243
22446 659.220000 17.0242025875471085783 -0.0207306136584438638337 -0.342881376185623087949
22447 659.228000 17.0245931592411885447 -0.0210244294155696419268 -0.342611990930001220068
22448 659.235000 17.0246875460019460036 -0.0209303254574196469229 -0.342794877482400284219
22449 659.242000 17.0247432833480978331 -0.0210536252517232666537 -0.342552141614419658477
22450 659.249000 17.0253619693601017104 -0.0212036963279937235027 -0.342573387376344629107
22451 659.256000 17.0247591650647045469 -0.0210309921456880502544 -0.342519545062383523604
22452 659.264000 17.0259428132226382502 -0.021490884762362848226 -0.342235812147907436653
22453 659.272000 17.0247657606646605188 -0.0210299998444838688594 -0.342474520995202758034
22454 659.280000 17.02537009797413603 -0.021206303454314109902 -0.342477425507965893559
22455 659.287000 17.0247684443865239245 -0.0210335291916665875767 -0.342423894106964887829
22456 659.293000 17.0223063713183293544 -0.0211919369998065758309 -0.342008694950465264029
22457 659.300000 17.0242075828684811256 -0.0207259172102321163889 -0.342644058394577843973
22458 659.306000 17.0246908865506938469 -0.0210509571199214221005 -0.342362038258261669466
22459 659.312000 17.0253895106716619523 -0.0212067959358792114399 -0.342383429016178575388
22460 659.319000 17.0247747244611566941 -0.0210302198840605081287 -0.342332438713997044832
22461 659.325000 17.024731237987182908 -0.021360411741258158308 -0.341825433082130647477
22462 659.332000 17.0243576022457752117 -0.020784132904687946386 -0.342470587269600723612
22463 659.338000 17.0246473255051782303 0.0210371588722710646524 -0.342276953146511353498
22464 659.344000 17.0247193464471031632 -0.0209321574282148453738 -0.342466731777501642853
22465 659.350000 17.0247780287549339562 -0.0210308965639640944867 -0.342237966617329303354
