10519 595.998000 19.4129593594583873539 -0.0666808156900892956553 -0.0628223652014761047013
10520 596.002000 19.4128653541987006292 -0.0664227620524494577481 -0.0631257659924863573364
10521 596.006000 19.4127723953173827454 -0.0662111898972825158038 -0.0634605625999598438325
10522 596.010000 19.412680688210482316 -0.0660471551132229550696 -0.0638164232381124296722
10523 596.015000 19.4125680951197452373 -0.065908223836394122519 -0.06427595594031880466
10524 596.019000 19.412479829052816882 -0.0658477505795436041103 -0.0646442285267091881762
10525 596.023000 19.4123932711211537594 -0.0658291363180308064518 -0.0650040325880513747414
10526 596.028000 19.4122875267010996936 -0.0658588319049199788502 -0.0654305724612094102843
10527 596.032000 19.4122048671762250649 -0.0659194440524205338416 -0.0657453535818978557215
10528 596.036000 19.4121238514411906806 -0.0660074385053722456629 -0.0660307245215755733714
10529 596.041000 19.4120247197751751855 -0.0661480009733321078214 -0.0663395070243312512392
10530 596.045000 19.411946950379888932 -0.0662785045799737237981 -0.0665442637025054628541
10531 596.049000 19.41187037194966436 -0.0664194912711312257514 -0.0667091513720477480298
10532 596.053000 19.4117948171106888822 -0.0665660779887323889037 -0.066833135858759204484
10533 596.058000 19.4117015645899790854 -0.0667503143219749656145 -0.0669306158020707281375
10534 596.062000 19.4116277325890749239 -0.0668935701509141972254 -0.066963819577515321102
10535 596.066000 19.4115544441026308675 -0.0670293361562629141925 -0.0669592898075184322915
10536 596.071000 19.4114634395859617655 -0.0671840692046519333269 -0.0669047821754093080537
10537 596.075000 19.4113910276173342595 -0.0672930490842069961577 -0.0668263153724691916224
10538 596.080000 19.4113009247991108452 -0.0674079995223834382845 -0.0666913008121957362473
10539 596.084000 19.4112291483858143692 -0.0674816372877767023386 -0.0665592180159832180752
10540 596.089000 19.4111398173841962489 -0.0675499818665917656224 -0.0663718504786142832197
10541 596.093000 19.4110686929866460559 -0.0675857531128956356969 -0.0662101063577707343866
10542 596.098000 19.4109802737319938615 -0.0676076916211561934622 -0.0660010769145496639654
10543 596.102000 19.4109099815376175968 -0.0676081540880048709186 -0.0658340693816488603529
10544 596.106000 19.410840133129447338 -0.0675947779219447375532 -0.065671997931857503672
10545 596.111000 19.4107535109084388125 -0.0675608985445247112178 -0.0654823731193615726776
10546 596.116000 19.4106677143519021911 -0.0675110481562961189939 -0.065313404452067735928
10547 596.120000 19.4105996990511755484 -0.0674620491349244288948 -0.0651968183941050299923
10548 596.125000 19.4105154652841456198 -0.0673924571148288714673 -0.0650778411468901363257
10549 596.129000 19.4104486919472805084 -0.0673323563502937622038 -0.0650058502459433945608
10550 596.134000 19.4103659445185954269 -0.0672545992008563853215 -0.0649461342299021138214
10551 596.138000 19.4103002663267005801 -0.0671922972045015665099 -0.0649227215895575721083
10552 596.143000 19.4102187190500430347 -0.0671167394599733041494 -0.0649230676192000255575
10553 596.147000 19.4101538326591196437 -0.0670597299621281950355 -0.0649457119121875092738
10554 596.152000 19.4100730286768694555 -0.0669945447453735298815 -0.064999372735149121838
10555 596.157000 19.4099925787983416114 -0.0669379699354634150055 -0.0650778025668636295187
10556 596.161000 19.4099262300909707335 -0.0669000270752756753811 -0.0651556521232207197514
10557 596.166000 19.4098442778526525387 -0.066860209674832887794 -0.0652653738338230260396
10558 596.170000 19.4097785310069887998 -0.0668358840785054780786 -0.0653607597123491701474
10559 596.175000 19.4096964407412535536 -0.0668153166931701042452 -0.0654856701923661327358
10560 596.179000 19.4096309134382352113 -0.0668060758122481640475 -0.0655864356544649390601
10561 596.184000 19.4095477878215412204 -0.0668026915210553628999 -0.0657089165596496105337
10562 596.189000 19.409464354841031053 -0.066808064841530637179 -0.0658238082228039811383
10563 596.193000 19.4093972246321939679 -0.0668177818696557290767 -0.0659074293599406918487
10564 596.198000 19.4093123272280259073 -0.0668354584130662343622 -0.0659985711370367628126
10565 596.204000 19.4092094906882550731 -0.0668631331146952445632 -0.0660847064065709643987
10566 596.213000 19.4090533349785729911 -0.0669125122374904651723 -0.066160344931692136039
10567 596.222000 19.4088953201504068602 -0.066965314705382195104 -0.0661697116185130662647
10568 596.231000 19.4087351909058760668 -0.0670143583424553934691 -0.0661165688776301774254
10569 596.239000 19.4085921198453803527 -0.0670514306996354697565 -0.066026042763099118682
10570 596.247000 19.4084490970650946906 -0.0670803653668568811153 -0.0659063352750327013929
10571 596.256000 19.4082882056417034278 -0.0671016303607563091571 -0.0657518563647180587228
10572 596.265000 19.4081281183741829466 -0.0671117658079992823739 -0.0655941270567767242827
10573 596.274000 19.4079692766126861159 -0.0671121219764358456494 -0.0654496708976453761553
10574 596.283000 19.4078120904122428669 -0.067104959976891018214 -0.0653317141452418037595
10575 596.291000 19.4076733584736018656 -0.0670942245187707148046 -0.0652563438324293559889
10576 596.300000 19.4075186513889157425 -0.0670796232421808219515 -0.0652088690114843438916
10577 596.309000 19.4073651604968482332 -0.0670645773190084726334 -0.0652010677840596380994
10578 596.317000 19.4072291196310153794 -0.0670518271387796349625 -0.0652238720945698124964
10579 596.326000 19.4070764347920601267 -0.0670393463600307687456 -0.065276667127698695392
10580 596.334000 19.4069404694260825295 -0.0670300610156159271114 -0.0653403809336010749087
10581 596.342000 19.4068042051935059078 -0.067022735918651932252 -0.0654129037473576424588
10582 596.350000 19.4066674443525855054 -0.0670168632364356586795 -0.0654868804138288712613
10583 596.358000 19.40652982135570781 -0.0670122436202981314191 -0.0655559408706703067304
10584 596.367000 19.4063742779413743733 -0.0670084647529519822351 -0.0656218457114323000523
10585 596.374000 19.4062522557981758098 -0.0670058462880304961384 -0.0656606974405646998116
10586 596.383000 19.4060942021476989794 -0.0670026618150074415592 -0.0656922288124720255009
10587 596.391000 19.4059529873142864176 -0.0670001223194420097995 -0.0657023785940932941729
10588 596.399000 19.40581141682849875 -0.0669979266722692118341 -0.0656967589731428103228
10589 596.407000 19.4056692178613410249 -0.0669958001152934218281 -0.0656768698975290221576
10590 596.415000 19.4055271337250339059 -0.0669942111825894276445 -0.0656460421973916463667
10591 596.423000 19.4053847275263713357 -0.0669930006317738940824 -0.0656072337288918089326
10592 596.431000 19.4052426948483827118 -0.0669925431839931695421 -0.0655642169712951639049
10593 596.440000 19.4050833046202342302 -0.0669930240476281219086 -0.0655148031140439374154
10594 596.448000 19.4049422827482693776 -0.0669943113518436800247 -0.0654733880570173287783
10595 596.456000 19.4048015797863087073 -0.066996337844956080354 -0.0654367508136103337435
10596 596.464000 19.404661350404147413 -0.0669989775447364099836 -0.0654064882430289845638
10597 596.471000 19.4045392438992045925 -0.067001707635575447064 -0.0653862712834224202307
10598 596.478000 19.4044172716952942892 -0.0670045434812316376139 -0.0653718678909706030211
10599 596.485000 19.4042957657562205043 -0.0670072573883906813519 -0.0653630749065982341595
10600 596.493000 19.4041569105195357281 -0.0670099360720007447556 -0.0653593654405327934009
10601 596.500000 19.4040354506334686846 -0.0670118302057957498929 -0.0653608866431467233626
10602 596.508000 19.4038966740155167656 -0.0670130533684520357518 -0.0653665734127309855372
10603 596.515000 19.4037751642792173357 -0.0670134212414316005058 -0.0653742330299023760576
10604 596.522000 19.4036535550951647622 -0.0670128895359430598599 -0.0653832554292614748226
10605 596.530000 19.4035141392764032275 -0.0670114032912381835105 -0.065393976901795852763
10606 596.537000 19.4033920286205550099 -0.0670091704960518036449 -0.0654027845192641926753
10607 596.544000 19.4032690976201678268 -0.0670060328115325565257 -0.0654101325622763324352
10608 596.552000 19.4031284986662058145 -0.0670021788406546109362 -0.065416818244649177494
10609 596.559000 19.4030053163810336514 -0.0669981262112117059715 -0.0654201839546344199317
10610 596.567000 19.4028641246977855417 -0.0669936692815148032709 -0.065421733911243784565
10611 596.574000 19.4027404004989136865 -0.0669897385483821661278 -0.0654206272465550353612
10612 596.580000 19.4026338685633454872 -0.0669863581105967498264 -0.0654179161101934580902
10613 596.588000 19.4024920824095943317 -0.0669824103405812498746 -0.0654124069099592947429
10614 596.595000 19.4023679657922585307 -0.0669797375284786888905 -0.065406251267125889437
10615 596.602000 19.4022436880205439991 -0.0669772120560043066062 -0.0653985643795733234684
10616 596.609000 19.4021196188898557011 -0.0669755303933380202741 -0.0653903105348925678397
10617 596.616000 19.4019957596756817964 -0.0669743841646354698405 -0.065381655653206915968
10618 596.623000 19.4018719892868105603 -0.0669738438418284176556 -0.06537278309110196306
10619 596.630000 19.4017484689189529945 -0.0669738192674889376566 -0.065364042875083322448
10620 596.638000 19.4016072903837617503 -0.0669741013099180992896 -0.0653543666599376849025
10621 596.645000 19.4014841433837119666 -0.0669747713782372772195 -0.0653464555304051897267
10622 596.653000 19.4013434560665132267 -0.0669756398989705958869 -0.0653380107715302305138
10623 596.659000 19.4012382228800674966 -0.0669763891673251232639 -0.0653323526613898836191
10624 596.667000 19.4010981853224038218 -0.0669772066759306700101 -0.0653253823601350341876
10625 596.674000 19.4009757720334690134 -0.0669778056128491755539 -0.065319914470268192197
10626 596.681000 19.4008531057823496724 -0.0669780392304936411652 -0.065314871136666660667
10627 596.689000 19.4007133333470775938 -0.0669779431240545009008 -0.0653096077249656209451
10628 596.696000 19.4005909345855940273 -0.0669775646341289609964 -0.0653054639858621915893
10629 596.702000 19.4004858570968181652 -0.0669768319282203206111 -0.0653018902581863347478
10630 596.707000 19.4003987020698005495 -0.066976340889049496008 -0.065299356275514516823
10631 596.712000 19.4003109742532799942 -0.0669754625582642121318 -0.0652966175081731853291
10632 596.717000 19.4002234654104697142 -0.0669744472860763495614 -0.0652939194493364627458
10633 596.723000 19.4001182623861687659 -0.0669730153040769965456 -0.0652906713409457800656
10634 596.728000 19.4000304468449620288 -0.0669718127030197313276 -0.0652881147526723909502
10635 596.733000 19.3999427826050343526 -0.0669704956090674680125 -0.0652854231131619056061
10636 596.738000 19.3998549428566029462 -0.066969167956538788733 -0.0652827529713003867906
10637 596.743000 19.399766972382490593 -0.0669678348022102881698 -0.0652799845723340960157
10638 596.751000 19.399626419941370159 -0.066965809305298495957 -0.0652757368022232609128
10639 596.758000 19.3995033293226306625 -0.0669640635352193869245 -0.0652719301300609816563
10640 596.767000 19.3993445851873715924 -0.0669617650160841820783 -0.065266737388758294669
10641 596.775000 19.3992038051439230628 -0.0669602350564108689257 -0.0652622724134284820652
10642 596.783000 19.3990625159789651377 -0.0669586554955038659731 -0.0652575199530534694192
10643 596.791000 19.3989216474843431115 -0.0669573673989994205824 -0.0652527769372974048023
10644 596.799000 19.3987805981473542261 -0.0669562541859302501335 -0.0652479685305075302049
10645 596.807000 19.3986398252013749754 -0.0669553253013732974086 -0.0652431155636376824969
10646 596.813000 19.3985342304936452251 -0.066954873373203507847 -0.0652396465034872918842
10647 596.820000 19.3984113085772307272 -0.0669542733920961696814 -0.0652353073698313384865
10648 596.827000 19.3982884660832795021 -0.0669537636059218260742 -0.0652309701679679720954
10649 596.834000 19.3981653945171323983 -0.0669531543508259247011 -0.0652264962601648429219
10650 596.841000 19.3980426925643136826 -0.0669524245872102630184 -0.065221845923075089102
10651 596.849000 19.397902613195743271 -0.0669518424391931377126 -0.0652167840662284253872
10652 596.855000 19.3977974404848225731 -0.0669511332527484848143 -0.0652126490503941586008
10653 596.863000 19.3976574445326797047 -0.0669503910449709138675 -0.0652074050577860081512
10654 596.869000 19.3975527053752294648 -0.0669495538038987758611 -0.0652032669053141528126
10655 596.877000 19.3974130926767749372 -0.0669486386680400585858 -0.0651978674805762659084
10656 596.885000 19.3972730346767434639 -0.0669473586706018364278 -0.0651921954155868649261
10657 596.893000 19.3971334034255278311 -0.0669460709208032911377 -0.0651865659233650945881
10658 596.900000 19.3970111372502245217 -0.0669449625620238963908 -0.0651817573604990402325
10659 596.908000 19.3968713723963723794 -0.0669435598250976288126 -0.0651761563081865724634
10660 596.916000 19.3967316458246941124 -0.0669423468657116410574 -0.0651707209969703271657
10661 596.924000 19.3965917731280548253 -0.06694091515774888701 -0.0651651933159832358333
10662 596.932000 19.3964520051881024187 -0.0669395850474911041639 -0.0651598633303873825406
10663 596.939000 19.3963298115647617692 -0.0669384778328971641326 -0.0651552055460670048737
10664 596.947000 19.3961898585984542365 -0.0669372189359711405876 -0.0651499121614293047466
10665 596.955000 19.3960502164590558039 -0.0669361584680503579614 -0.065144920373321840712
10666 596.963000 19.3959104924624554656 -0.0669350345996650025748 -0.0651398986235241506115
10667 596.971000 19.3957705717437178805 -0.0669338711512358630618 -0.0651349001217492035165
10668 596.978000 19.3956483155903676163 -0.0669329956726702340886 -0.065130575134488027933
10669 596.986000 19.3955084878912984436 -0.0669319367279043730967 -0.0651256595744547223115
10670 596.994000 19.3953689115506051621 -0.0669309085760475958038 -0.0651207813214627062592
10671 597.003000 19.3952118536355193612 -0.0669298555978496551022 -0.0651153888737931313413
10672 597.010000 19.3950899075374962877 -0.0669290290832872392102 -0.0651112422602315998876
10673 597.017000 19.3949678583979547852 -0.0669281879047901873125 -0.06510702672588213058
10674 597.024000 19.3948460890550116176 -0.0669272954657767898956 -0.0651027051792178040879
10675 597.032000 19.3947067186412382966 -0.0669262032711360616011 -0.0650976638192903994673
10676 597.040000 19.3945677528934581346 -0.0669252194562115487741 -0.0650927784174801377093
10677 597.048000 19.3944287834651873936 -0.066924083964807160041 -0.0650877218265124707353
10678 597.055000 19.3943069556703662215 -0.0669230306031615429507 -0.0650832092143613094581
10679 597.061000 19.3942028449906231913 -0.0669220928419563682032 -0.0650793329049466073855
10680 597.069000 19.3940640180453023333 -0.0669210448509190564126 -0.0650742165857064736034
10681 597.077000 19.3939251295108014972 -0.066919754879159562555 -0.0650689049657529050563
10682 597.083000 19.3938210882793065082 -0.0669188055058764774685 -0.0650648797032273573659
10683 597.090000 19.3936998487687333181 -0.0669177434009114863178 -0.0650603408313989717282
10684 597.097000 19.3935785594512886121 -0.0669167139617697220855 -0.0650556762173844782549
10685 597.104000 19.3934572810303720303 -0.0669157096300284082169 -0.0650511257199926223871
10686 597.112000 19.3933186880167269805 -0.0669144748750390844227 -0.0650458041075504533879
10687 597.119000 19.3931974049644146874 -0.0669135015582859038474 -0.0650412407645852425064
10688 597.127000 19.3930588969311195058 -0.066912281097472645075 -0.065035842694203871428
10689 597.134000 19.3929377782160834442 -0.0669113608152220040726 -0.065031303217052305321
10690 597.141000 19.3928167858967981374 -0.066910392815236710562 -0.065026835131038240867
10691 597.148000 19.3926957431282147581 -0.066909465560904865522 -0.0650222733575877148704
10692 597.156000 19.39255730409046663 -0.0669083335386459754357 -0.0650170768766651641091
10693 597.161000 19.3924708765577769043 -0.0669076611091338896431 -0.0650138658436187344414
10694 597.166000 19.392384813503117158 -0.06690721210936440011 -0.0650109043074795223127
10695 597.171000 19.3922982433057065066 -0.0669065293657969129004 -0.0650076874590560377376
10696 597.176000 19.3922119675135711248 -0.0669058459052051940352 -0.0650044815806964243476
10697 597.181000 19.3921255395016061129 -0.0669049853485808032616 -0.06500114238987077242
10698 597.187000 19.3920219578271897376 -0.0669043153137973967137 -0.0649975378715758334014
10699 597.194000 19.3919013483389015562 -0.0669033922154581989217 -0.0649931000524834462384
10700 597.201000 19.3917807743300372181 -0.0669025146261747055698 -0.0649887301655608373707
10701 597.208000 19.3916599260021449425 -0.0669015230791436543711 -0.0649842916982968643591
10702 597.216000 19.3915222597446295083 -0.0669003961194118146327 -0.0649792153182233017672
10703 597.224000 19.3913844380971269743 -0.0668992292610718214396 -0.0649741222916354332906
10704 597.231000 19.3912641191700672039 -0.0668982900065326208106 -0.0649697997332493726308
10705 597.238000 19.3911436925038280776 -0.0668973426190352105092 -0.064965420909731452781
10706 597.246000 19.3910062004053500573 -0.0668961233785371756078 -0.0649602005021321371458
10707 597.253000 19.3908860009314771844 -0.0668951810953465758613 -0.0649557827962060074789
10708 597.260000 19.3907659530956664184 -0.0668941724007493521142 -0.0649514026020980156373
10709 597.268000 19.3906289074929141236 -0.0668931869720368332821 -0.0649464110204975991758
10710 597.275000 19.3905085621277599728 -0.0668919805050535165591 -0.0649417181484506361722
10711 597.283000 19.3903715098718016918 -0.0668907885867924129064 -0.0649365444966844840291
10712 597.290000 19.3902516487996834371 -0.066890017228137074734 -0.0649322630563566732809
10713 597.298000 19.3901145619588319846 -0.0668887948551743355408 -0.0649270415146987883714
10714 597.305000 19.3899947087894517495 -0.0668878561292687717765 -0.0649225773576111997443
10715 597.313000 19.3898580656826915458 -0.0668866781610222838061 -0.0649173989809147949925
10716 597.321000 19.3897211478986477573 -0.0668855298905054046488 -0.0649121598918568354364
10717 597.328000 19.3896016354638724977 -0.0668845553303843570747 -0.0649077371663029784044
10718 597.335000 19.3894820902440407906 -0.0668836131285650697942 -0.0649032014730446110695
10719 597.342000 19.3893625766640660402 -0.0668826909295849592052 -0.0648987865496712668101
10720 597.350000 19.3892260298836376364 -0.0668815384582932409563 -0.064893620716115624214
10721 597.358000 19.3890896101533876106 -0.0668805909122260899835 -0.0648885840965378046796
10722 597.363000 19.389004440595517309 -0.0668798861124024479619 -0.0648853533464441439849
10723 597.368000 19.38891912246411664 -0.0668790048883301929683 -0.0648819852590324375186
