24118 1476.683000 32.6774470138444357303 -0.11378078181533021751 -0.179336988245217765492
24119 1476.691000 32.67720204456326627 -0.114788951801796240693 -0.179163143435649763191
24120 1476.700000 32.6768985488589081001 -0.115522678346866303212 -0.178931734022415023233
24121 1476.709000 32.6765748313240607104 -0.115867933777279233376 -0.178665534894366206942
24122 1476.718000 32.6762391971277423863 -0.115890312517868576681 -0.178374262563666091674
24123 1476.726000 32.6759362183742538832 -0.115702850789772188067 -0.178107546164707225556
24124 1476.735000 32.6755949266244698492 -0.115331478595903424988 -0.177817830945083410477
24125 1476.741000 32.675369209982243035 -0.115024645623299753838 -0.177641380071602072999
24126 1476.746000 32.6751831942700263767 -0.114749307775526471209 -0.177509845937509236347
24127 1476.751000 32.6749997216804715094 -0.11446652797380063582 -0.177395713020304324203
24128 1476.756000 32.6748193618357802848 -0.114184711147445272506 -0.177301440779667696113
24129 1476.761000 32.6746426418116513446 -0.113910966868759594428 -0.177228767203141013287
24130 1476.766000 32.6744700370512433096 -0.1136511465013379657 -0.177178644902931586858
24131 1476.771000 32.6743019589350325305 -0.113409905520265391621 -0.177151222520150586348
24132 1476.776000 32.6741387408679031523 -0.113190782731541539352 -0.177145868595919075972
24133 1476.781000 32.6739806246701149917 -0.112996290137304736256 -0.177161232733587303834
24134 1476.786000 32.6738277488429673667 -0.112828008891792633261 -0.177195337245171030682
24135 1476.792000 32.6736512444149482803 -0.112661672476234278606 -0.177257464643526263526
24136 1476.800000 32.6734273558198893284 -0.112499896980058480822 -0.177367941580349020025
24137 1476.809000 32.6731898195546577313 -0.112395363271528825333 -0.177515029084783226843
24138 1476.819000 32.672940664839110525 -0.112363858122048076993 -0.177685165425758601065
24139 1476.828000 32.6727260316874819068 -0.112397524102110984989 -0.177826459859753760462
24140 1476.837000 32.6725165578282030765 -0.112474843357105364072 -0.177943464979509968771
24141 1476.847000 32.6722852472938853907 -0.112593926856372608669 -0.178035347712669961284
24142 1476.856000 32.6720746683484861705 -0.112715681706468381917 -0.178080217170136112514
24143 1476.865000 32.6718590841601255192 -0.112838516529325555426 -0.178090332176081361792
24144 1476.875000 32.6716116581090147974 -0.112964117782360234932 -0.178066255007587687098
24145 1476.884000 32.6713811826681563844 -0.113059194072003904585 -0.178020105991650745558
24146 1476.894000 32.671116901345570227 -0.113138824889410127827 -0.177951319733379964561
24147 1476.904000 32.6708463787316887306 -0.113188742106181461367 -0.177874609206628953029
24148 1476.913000 32.6705936399212220067 -0.113207502726032263607 -0.17780495203371038393
24149 1476.923000 32.670314132785279071 -0.113201711493037829315 -0.177733179997214385537
24150 1476.933000 32.6700366399086661318 -0.113173542288435846626 -0.177672562838380981853
24151 1476.942000 32.6697902046784065533 -0.113133833011941783986 -0.177628765040673208819
24152 1476.952000 32.6695219038257747002 -0.113080020457896529562 -0.177591467740620734261
24153 1476.962000 32.6692602337792976641 -0.113022485923346391323 -0.177563982086938215721
24154 1476.971000 32.6690307796226875325 -0.112972558610782050637 -0.177545154606128463559
24155 1476.981000 32.6687818123791018365 -0.112923901825948760913 -0.177528107702268678203
24156 1476.990000 32.6685622776355728547 -0.112889172298831927388 -0.17751420032072898203
24157 1476.999000 32.6683456216903493896 -0.112864656834789134354 -0.1775003091665319499
24158 1477.009000 32.6681071137232237334 -0.112849992502761245494 -0.177484329536674617644
24159 1477.018000 32.6678925058065772191 -0.11284739000793914121 -0.17746937086166408859
24160 1477.028000 32.667652591182609001 -0.112854362428054064149 -0.177452749930001679735
24161 1477.037000 32.6674342857692607822 -0.112867302709171099528 -0.177438724414417103858
24162 1477.047000 32.6671880990124776645 -0.112885943134791819076 -0.177425113084606733693
24163 1477.056000 32.6669630286069576641 -0.11290380560559212797 -0.177415333450239742774
24164 1477.066000 32.6667091598411829523 -0.112922040393039435635 -0.177407591512425411029
24165 1477.076000 32.6664516006452458896 -0.112935983554139973695 -0.177402730868816110865
24166 1477.085000 32.6662175385099757818 -0.112943589789186921157 -0.177400299722382692735
24167 1477.095000 32.6659559241467150059 -0.112945765504968542725 -0.177398524771350485363
24168 1477.104000 32.6657201947034039335 -0.112942130479098429285 -0.177396558975994517171
24169 1477.114000 32.6654589706009232941 -0.112932664368138160893 -0.177392489322950736019
24170 1477.123000 32.665225420024640357 -0.112920376033608396704 -0.177385963324422218923
24171 1477.133000 32.664968356624761725 -0.112904255959718133329 -0.177374651640172270595
24172 1477.143000 32.6647140996927944911 -0.112887237575001631029 -0.177358368774094304898
24173 1477.152000 32.6644878671403802173 -0.112872675498417410211 -0.177339524949660820585
24174 1477.162000 32.6642390787710894529 -0.112858676844576358289 -0.177314453996908455435
24175 1477.172000 32.6639927270788845703 -0.112847802729487717288 -0.177285908385059032266
24176 1477.181000 32.6637723891342588445 -0.112841257027092176091 -0.177258497098291861738
24177 1477.190000 32.6635527638367193504 -0.112837688090044116485 -0.177230529425644267594
24178 1477.199000 32.6633332503673941005 -0.112836757960083744479 -0.177203090085926801001
24179 1477.209000 32.6630887335357513734 -0.112838114239385667315 -0.17717438058818596458
24180 1477.219000 32.6628431902492550876 -0.112841045319296590099 -0.177148646833638651055
24181 1477.228000 32.6626207250973408236 -0.112844041669889122437 -0.177128445627650205063
24182 1477.237000 32.6623967677988389369 -0.112846643636382928944 -0.177111293350181830952
24183 1477.246000 32.6621713031197486998 -0.11284822344048786591 -0.177097087295372462856
24184 1477.256000 32.6619191422319445905 -0.112848178012396355152 -0.177084281817561917105
24185 1477.265000 32.6616910500283452734 -0.11284635871746011293 -0.177074930560400523039
24186 1477.271000 32.6615385391813006777 -0.112844161617918825602 -0.17706947717350682292
24187 1477.277000 32.6613857996786265403 -0.112841220813500134335 -0.177064401515088398753
24188 1477.286000 32.6611565186022048124 -0.112835586156464676155 -0.177057033309344247218
24189 1477.295000 32.6609273760609823967 -0.112828810524799441617 -0.177049364619907778629
24190 1477.305000 32.6606733574507828166 -0.112820475908431319678 -0.17703979193273303161
24191 1477.315000 32.6604202749403143002 -0.112811926116597904812 -0.177028520591758220526
24192 1477.324000 32.6601936289676899605 -0.112804527751154931581 -0.177016663002802276949
24193 1477.334000 32.6599431945121523313 -0.112797138408869249138 -0.177001520969272352346
24194 1477.344000 32.6596940032305909085 -0.112790824028673700163 -0.176984267256180077821
24195 1477.352000 32.6594954493467994894 -0.112786647982004717417 -0.176969121287515213092
24196 1477.359000 32.6593224433666975415 -0.112783758640538328555 -0.176955237497650824663
24197 1477.365000 32.6591743933571052594 -0.112781695531201098248 -0.176942850118154720862
24198 1477.371000 32.6590265718552572594 -0.112780002814097182751 -0.176930181669224750873
24199 1477.377000 32.658878907490006327 -0.112778615773488147256 -0.176917343611745853105
24200 1477.384000 32.6587067021224868313 -0.112777226474379960175 -0.176902246592987977269
24201 1477.393000 32.6584853367347349717 -0.112775770228412397511 -0.176883030180669753584
24202 1477.402000 32.6582637827944353148 -0.112774351437674544285 -0.17686422616329533497
24203 1477.412000 32.6580171331001380963 -0.112772527271858755138 -0.176844064018029711871
24204 1477.421000 32.6577947211085728441 -0.112770442260865758066 -0.176826758595224980963
24205 1477.430000 32.6575718030431332295 -0.112767810847575380984 -0.176810293980598970398
24206 1477.439000 32.6573483921674849739 -0.112764580366938302336 -0.176794653224034287176
24207 1477.448000 32.6571245514796117959 -0.112760767504500619696 -0.176779758407742626503
24208 1477.458000 32.6568755601540914313 -0.112755995215479049021 -0.1767639974192392327
24209 1477.467000 32.6566511829054206828 -0.11275125931566702675 -0.176750232342535090746
24210 1477.477000 32.6564018054980138572 -0.112745692488921814278 -0.176735208328753612417
24211 1477.486000 32.6561775215333440769 -0.112740683783672981932 -0.176721835947757116569
24212 1477.496000 32.6559285562595533747 -0.112735260497039885275 -0.176706919915435495261
24213 1477.503000 32.6557545761774363768 -0.112731599214902084016 -0.176696299007053053698
24214 1477.508000 32.6556305468116221391 -0.112729099245387362482 -0.176688659791435137558
24215 1477.515000 32.6554569823898361847 -0.112725782319004264043 -0.176677760001433342696
24216 1477.520000 32.6553332973012047091 -0.112723532845701579497 -0.176669878109035255465
24217 1477.526000 32.6551849968372280841 -0.112720980882514476562 -0.176660251739542584204
24218 1477.530000 32.6550861848610267657 -0.112719367181584415039 -0.1766537263563623672
24219 1477.535000 32.6549629474359264236 -0.112717425171993901323 -0.176645508681661872474
24220 1477.540000 32.6548398183585319998 -0.112715632238207297267 -0.176637214694971483864
24221 1477.545000 32.6547166875905077177 -0.112713803745259591449 -0.17662870358982765695
24222 1477.550000 32.6545937939009220941 -0.112712163243907106946 -0.176620250293478803227
24223 1477.555000 32.6544709663317647141 -0.112710410335085733924 -0.176611539583287846522
24224 1477.560000 32.6543483177752165147 -0.112708765208188968487 -0.176602859404488027328
24225 1477.566000 32.6542011771753735161 -0.112706811456194128107 -0.176592342754382680692
24226 1477.570000 32.6541030684356883285 -0.112705511324063659129 -0.176585274759770038955
24227 1477.576000 32.6539560605407856997 -0.112703531592178621268 -0.176574655760229265455
24228 1477.581000 32.6538336581240571377 -0.112701842671741006563 -0.176565797092517406952
24229 1477.586000 32.653711247137543694 -0.112700173647733908888 -0.176556957528132940638
24230 1477.591000 32.6535887155726882725 -0.112698343793763242071 -0.17654800127418435185
24231 1477.597000 32.653441797640361699 -0.112696134405932665845 -0.176537345436848597258
24232 1477.602000 32.653319422943418715 -0.112694220067524095152 -0.176528503449492141231
24233 1477.608000 32.6531724767084341465 -0.112691845217010325197 -0.176517907936083157106
24234 1477.613000 32.6530500347188876731 -0.112689855173563460711 -0.176509164374070076642
24235 1477.619000 32.6529030361568075591 -0.112687321301015150321 -0.1764986651705030829
24236 1477.624000 32.6527804154231446887 -0.112685099563319748861 -0.176489896604495766219
24237 1477.629000 32.6526579385811288603 -0.112682879933848636989 -0.17648125693074681597
24238 1477.634000 32.6525354141537462738 -0.11268068566240567463 -0.176472694689001036172
24239 1477.640000 32.6523883292916679011 -0.1126779473674148907 -0.176462421674066088917
24240 1477.645000 32.6522656542009457326 -0.112675593871247023414 -0.176453843294949203058
24241 1477.650000 32.6521431446003376209 -0.112673280311650400587 -0.176445390808293245399
24242 1477.655000 32.6520206133199479837 -0.112671030995747004089 -0.176437008969390102253
24243 1477.661000 32.6518735591724649225 -0.112668277454907303503 -0.176426938854760517739
24244 1477.668000 32.6517020130569832759 -0.11266504420784920204 -0.17641519721244205976
24245 1477.676000 32.6515061267177273407 -0.11266154110008994027 -0.176401941813162738137
24246 1477.684000 32.6513102381758031356 -0.112658018801219964033 -0.176388616024696964768
24247 1477.693000 32.6510901637884245474 -0.112654234160581845359 -0.176373730009025564414
24248 1477.703000 32.6508460057056524306 -0.112650227371583006031 -0.176357266308261956267
24249 1477.712000 32.650626439930192646 -0.112646689949200948244 -0.176342375280189034292
24250 1477.721000 32.6504071350446807287 -0.112643236954464806554 -0.176327453630295422071
24251 1477.729000 32.6502123169796547586 -0.112640161189136764341 -0.176314087965510846168
24252 1477.738000 32.6499934944043559426 -0.112636781148997014435 -0.176299079045674988997
24253 1477.747000 32.6497749064675772956 -0.112633392308135238391 -0.176284016689721573234
24254 1477.756000 32.6495565315772822146 -0.112629966112701943026 -0.176268901098712599262
24255 1477.765000 32.6493383453890331225 -0.112626480531172981636 -0.17625373578336972491
24256 1477.773000 32.6491446053720508758 -0.112623315902826467982 -0.176240236089807322806
24257 1477.781000 32.6489509473569867737 -0.112620151658640088588 -0.176226738921707093422
24258 1477.788000 32.6487815149436073625 -0.112617225414800722905 -0.176214818495779107499
24259 1477.794000 32.6486363703286741611 -0.112614732235439468644 -0.176204632512473785555
24260 1477.804000 32.648394498690585408 -0.112610523185757552267 -0.176187625283056675807
24261 1477.812000 32.6482012030860389018 -0.112607107740141085261 -0.176174046375718929003
24262 1477.822000 32.6479595413475536247 -0.112602823749975308742 -0.176157037840645930293
24263 1477.831000 32.6477422062232278677 -0.11259896050159746983 -0.176141757766310164124
24264 1477.840000 32.647524975869735897 -0.112595113834341731263 -0.176126495254844667171
24265 1477.846000 32.6473802193158562091 -0.112592566423469833681 -0.176116332261657237979
24266 1477.853000 32.6472115056651901455 -0.112589669541086401239 -0.176104555313706057085
24267 1477.859000 32.6470668745860805871 -0.112587163929064121293 -0.17609441627543873099
24268 1477.866000 32.6468981865699703349 -0.112584211192069377772 -0.176082553200204106059
24269 1477.872000 32.6467537007518302516 -0.112581753532786571492 -0.176072439194835894671
24270 1477.878000 32.6466092882699570055 -0.11257931726118189375 -0.176062336291689963685
24271 1477.885000 32.6464408394924205936 -0.112576504692860415724 -0.176050545333827940242
24272 1477.891000 32.6462965972636567358 -0.112574107977076426357 -0.1760404640263429632
24273 1477.898000 32.6461285179125795253 -0.112571381266632672413 -0.176028779311678651442
24274 1477.904000 32.6459844570573665123 -0.112569009942310824246 -0.176018714711876439472
24275 1477.910000 32.6458404819905112504 -0.112566644659923303928 -0.17600865583010083526
24276 1477.916000 32.6456965931870186637 -0.112564281766819346275 -0.175998601321409847698
24277 1477.926000 32.6454569359956181529 -0.112560282205007633483 -0.175981801003257415372
24278 1477.935000 32.645241476568351402 -0.112556719974706176401 -0.175966726847395255051
24279 1477.945000 32.6450022305779867793 -0.112552741311377824118 -0.175949957770991816108
24280 1477.954000 32.6447871573219643437 -0.112549127688605157815 -0.17593487527133883086
24281 1477.964000 32.6445484879951735024 -0.112545131456554300953 -0.175918173380005565809
24282 1477.973000 32.6443337717307144885 -0.11254145927539351002 -0.175903071566447022356
24283 1477.981000 32.6441429482825782316 -0.112538123399062064967 -0.175889572636421298579
24284 1477.989000 32.6439524107914422757 -0.112534820688028169844 -0.175876149141570181644
24285 1477.998000 32.6437381264877330977 -0.112531099774052317786 -0.175861019241271121505
24286 1478.007000 32.643523991901339798 -0.112527374037286909125 -0.17584588148495111648
24287 1478.015000 32.6433338089815876515 -0.112524121116691563915 -0.175832469643397881764
24288 1478.023000 32.6431436121898457259 -0.112520764449354049308 -0.175818939967331722141
24289 1478.030000 32.6429774730732091825 -0.112517933044973525436 -0.175807224757102004142
24290 1478.036000 32.6428350576899148905 -0.112515468348064653914 -0.17579712672010297525
24291 1478.043000 32.6426689605398010485 -0.112512544797264565921 -0.175785298257140149003
24292 1478.050000 32.6425029286807273365 -0.112509694096738666058 -0.175773503755071558441
24293 1478.057000 32.6423371585536088446 -0.112506901150200455675 -0.175761796276185044974
24294 1478.066000 32.6421240464021593652 -0.112503257363912298472 -0.175746664984991279868
24295 1478.072000 32.6419820656622761135 -0.112500836121878833307 -0.175736581925605900301
24296 1478.079000 32.6418164844165517025 -0.112497960631448193358 -0.175724774408758444011
24297 1478.088000 32.6416037928003888169 -0.112494345101920273367 -0.175709663973861146546
24298 1478.097000 32.6413912779020449761 -0.112490734770640032902 -0.175694562283911670519
24299 1478.107000 32.6411552945101206546 -0.112486729760207362916 -0.17567777479509905092
24300 1478.116000 32.640943156692436844 -0.112483118303214321698 -0.175662689210053596378
24301 1478.125000 32.6407311976855396551 -0.112479501719676022731 -0.175647609478144756112
24302 1478.135000 32.6404959949759785331 -0.112475527339664288506 -0.175630925577708096874
24303 1478.145000 32.6402608779774254799 -0.112471433505957368881 -0.17561413036467671267
24304 1478.155000 32.6400259457874213354 -0.112467392257709547509 -0.175597368474596615684
24305 1478.164000 32.6398147478569313762 -0.112463743293376591814 -0.175582298783927892583
24306 1478.173000 32.6396037214464769249 -0.112460088950191341994 -0.17556722860559109689
24307 1478.183000 32.639369545855068111 -0.112456076837859964002 -0.175550548883283752399
24308 1478.193000 32.639135446965610754 -0.112451953600459356175 -0.175533752661736652811
24309 1478.203000 32.6389015254518639608 -0.11244789382397929467 -0.175516986379386868977
24310 1478.212000 32.6386912326447458099 -0.112444238388413456087 -0.175501911414137151679
24311 1478.222000 32.638457871121346443 -0.112440233877709544474 -0.175485227169589919072
24312 1478.232000 32.6382245874050980206 -0.112436125895063396274 -0.17546842842904350479
24313 1478.241000 32.6380148432475252207 -0.112432485838726226035 -0.175453354560347274393
24314 1478.250000 32.6378052715898050451 -0.112428850892955192742 -0.175438282422432562102
24315 1478.260000 32.6375725531722196138 -0.112424822432369203584 -0.175421521024651444476
24316 1478.268000 32.6373866504884659889 -0.112421593986523779551 -0.175408145657648423255
24317 1478.278000 32.6371543218116713092 -0.112417572812512231439 -0.175391391057755891003
24318 1478.287000 32.6369454708227664241 -0.112413951125277772336 -0.175376331217697578602
24319 1478.297000 32.6367137206743151978 -0.112409980194819306143 -0.175359668396501577892
24320 1478.307000 32.6364820575928646917 -0.112405899584993640428 -0.175342895171993251591
24321 1478.316000 32.636273778894434372 -0.112402277793080776491 -0.175327846802847131524
24322 1478.326000 32.6360425018046882428 -0.112398257236911061629 -0.175311112857629347594
24323 1478.335000 32.6358345980995636637 -0.112394632847833561562 -0.175296071025108302077
