8135 1338.299000 -0.327397050253938670661 0.0113613552576133560595 -0.0452186788449632087739 -0.023893274154278696525 -0.0404416669671521095131 0.998896182304801039109 2.98934907139328309711
8136 1338.306000 -0.327398622328118171776 0.0113572752378414375263 -0.0452193718053606405483 -0.0238983803881094997168 -0.0404347424935543736657 0.998896340474978994273 2.98936037273185295504
8137 1338.315000 -0.327399917562945064198 0.0113524250933089605742 -0.0452214120738940184019 -0.0239069545477214977225 -0.0404266498672368121414 0.998896462855267674996 2.98937362497685210627
8138 1338.322000 -0.32740077927557376114 0.0113478377273451818547 -0.0452239287899984104824 -0.0239161303605272511363 -0.0404189630989851902965 0.998896554269049996577 2.98938577666182814241
8139 1338.331000 -0.32740122390082715409 0.0113427448081738681956 -0.045227618129322556817 -0.0239265760990539262665 -0.040411470399006749199 0.998896607270425507252 2.9893990452116403489
8140 1338.341000 -0.32740121288259776966 0.0113380265792097593286 -0.045231744444255594928 -0.0239358130265918574164 -0.040406001152876500071 0.998896607224986965434 2.98941123970349798
8141 1338.349000 -0.327400930572628423576 0.0113341307577387931382 -0.0452352360981960327502 -0.023942139100433589699 -0.0404019859013654142332 0.998896618029374239178 2.98942074797392276508
8142 1338.359000 -0.32740037426103746343 0.0113309570616217832051 -0.0452385460896515198548 -0.023946447651373565374 -0.0404004902257230832929 0.998896575244104578672 2.98942853954682963291
8143 1338.369000 -0.327399606589439839954 0.0113286312153876300712 -0.0452411200687755643557 -0.0239481636877202017089 -0.0404004823013497521567 0.998896534424764559468 2.98943370116785089863
8144 1338.378000 -0.327398828069399683294 0.011327579099656896397 -0.0452425251911442033448 -0.0239476331709857249985 -0.0404018623830964748733 0.998896491325044766363 2.98943549109083006599
8145 1338.388000 -0.327397932399515090296 0.0113274922563834593708 -0.0452430895415222439349 -0.0239453397407898768701 -0.0404044381437227359544 0.998896442121498417954 2.98943453246835355586
8146 1338.398000 -0.327397064874439924775 0.0113283716108339860967 -0.0452427322375220930528 -0.0239418765483049786336 -0.0404076194648940248411 0.998896396447862988666 2.98943098253845773726
8147 1338.407000 -0.327396353146693852576 0.0113297849130243599713 -0.045241793503616664629 -0.0239382319757972424068 -0.0404106454123794658906 0.998896361384517206261 2.98942618301981033468
8148 1338.416000 -0.327395663031634254203 0.0113318399668506999967 -0.0452404038748903947198 -0.0239342086276725721228 -0.0404139077403684460199 0.998896325810902152575 2.98941970822757685511
8149 1338.423000 -0.327395284717954648812 0.0113333574580409303378 -0.0452391910324307019997 -0.0239313698134574377729 -0.040415989418458440896 0.998896309602842924491 2.98941513225785771013
8150 1338.430000 -0.327394992201066103998 0.0113348628096895109874 -0.0452379343413283341313 -0.0239287305544771261578 -0.0404178223430578451025 0.998896298667232174218 2.98941075336630435189
8151 1338.440000 -0.327394760720191135839 0.0113365865188068456332 -0.0452362892177009812134 -0.0239256418340832097136 -0.0404196691204177643852 0.998896297926377796372 2.98940596294083249518
8152 1338.449000 -0.327394658607978894516 0.0113380589909478739219 -0.0452349245043147038525 -0.0239233175644297836604 -0.0404210593450643682067 0.998896297339285421657 2.98940222495170315753
8153 1338.458000 -0.327394696355820524758 0.0113392685546425345949 -0.0452337482629102879961 -0.0239215728799307032759 -0.0404220409012415113348 0.998896299402660003963 2.98939966785464283916
8154 1338.468000 -0.327394861136162673709 0.0113397391751980068653 -0.0452329711881060414491 -0.0239206522308411037581 -0.0404222394451508731938 0.998896313415506553746 2.98939939358537198899
8155 1338.478000 -0.32739513896050131958 0.0113397649762630309267 -0.045232516585544987886 -0.0239204268656060328735 -0.0404219836463433276896 0.998896329163673546425 2.98940080117946305194
8156 1338.488000 -0.32739548446045424468 0.0113392439548276793143 -0.0452324299291233591913 -0.0239208736681821819425 -0.0404212374098707818981 0.998896348661464483776 2.98940397895146281471
8157 1338.497000 -0.327395819220947237316 0.0113383879567709316971 -0.0452326143249075357522 -0.0239217149906163113748 -0.0404202437728517424698 0.998896368721626126685 2.98940804617078326189
8158 1338.506000 -0.327396221251049945877 0.0113371062769612746673 -0.0452329822144784468585 -0.0239229151494631808728 -0.040418925920571086019 0.998896393305221175218 2.98941377803304142446
8159 1338.515000 -0.327396495816323795935 0.0113358333240997852243 -0.0452334821289387747911 -0.023924133374945547037 -0.0404177619831310314114 0.998896411225174363224 2.98941891614393773224
8160 1338.525000 -0.327396771813984521771 0.011334309162857290898 -0.0452341043929855579631 -0.0239255627759706948621 -0.0404162256919216797413 0.998896439150061654644 2.98942491013732558613
8161 1338.534000 -0.327396937555419931254 0.0113330080591454804978 -0.0452346711822050398522 -0.0239267908758732938956 -0.0404148972361333541636 0.998896463483465835154 2.98942992040749322413
8162 1338.543000 -0.327397021962038126119 0.0113318419115318869128 -0.0452352037916962379516 -0.0239278831664884727992 -0.040413656245342356732 0.998896487528139420675 2.9894343769159985591
8163 1338.552000 -0.327397023209736848237 0.011330864469339925818 -0.0452356746392891390096 -0.0239287998708598501074 -0.0404125279044228596925 0.998896511218812177546 2.9894381172939055169
8164 1338.561000 -0.327396943247139415867 0.0113301086208814315304 -0.0452360691191724256788 -0.023929545514815228624 -0.0404115564855905481934 0.998896532656844637899 2.98944103424007723291
8165 1338.570000 -0.327396789908862451135 0.0113295827908053148292 -0.0452363836865924962005 -0.0239301212448252836884 -0.040410734030413508755 0.998896552137573001673 2.98944312179500171212
8166 1338.580000 -0.327396558252358582664 0.0113292333808214570195 -0.0452366452599249208033 -0.0239305469451173875861 -0.0404099468748662163375 0.998896573783531471769 2.98944464053264979952
8167 1338.589000 -0.327396305044019897412 0.0113291086650460313262 -0.0452368118210494801756 -0.023930796252555747855 -0.0404093715039328046923 0.99889659108707329338 2.98944535762372343157
8168 1338.599000 -0.327396007925987608811 0.011329103457532763502 -0.0452369356871663644282 -0.0239309100949497699506 -0.0404088008023194555918 0.998896611446723037275 2.9894457546134751702
8169 1338.608000 -0.327395708801502927088 0.0113292391384655737052 -0.045237017844563826019 -0.0239309237659165868761 -0.0404083013501093310516 0.998896631323636374766 2.98944575121409883423
8170 1338.617000 -0.327395465312041833439 0.0113293200735526174844 -0.0452370591945822561608 -0.0239308512396357343788 -0.040407892357510633019 0.99889664960603918864 2.98944594403715502295
8171 1338.626000 -0.327395285940764446675 0.0113292960070023804309 -0.0452370795853438353862 -0.0239307171501751229925 -0.0404075195463092645687 0.99889666789953457382 2.98944650400130207402
8172 1338.635000 -0.327395132021634949204 0.0113292528673147891577 -0.0452370947902457562484 -0.0239305150885456459353 -0.0404070768646370773181 0.998896690647662732765 2.98944730784542977986
8173 1338.644000 -0.327395033822632353093 0.0113291081975091349754 -0.045237102448723545689 -0.0239302917296007888748 -0.0404066346459951847292 0.998896713887037046575 2.98944854429477491209
8174 1338.653000 -0.327395002800006662547 0.0113288307662827904959 -0.0452371049479623338341 -0.0239300186933672914824 -0.040406134090987762264 0.998896740676010086446 2.98945034491743655281
8175 1338.663000 -0.327395039024299450148 0.0113283749154568808698 -0.0452371035121176337523 -0.0239297080750446658493 -0.0404055469557653978985 0.998896771867167743153 2.98945294712480258426
8176 1338.673000 -0.327395144071724486512 0.0113277706402049316292 -0.045237099394418917031 -0.0239293978001004457867 -0.0404049100860089729914 0.998896805061396664271 2.98945614933355807707
8177 1338.682000 -0.32739528435666787054 0.0113271242803762960116 -0.0452370953939958339585 -0.0239291473788224330621 -0.0404043073026480251131 0.998896835442537489591 2.9894594344353966342
8178 1338.692000 -0.327395479216964935265 0.0113263159673240958181 -0.0452370938692625221278 -0.023928899961163888066 -0.0404035791512504516287 0.998896870822217120001 2.98946344049552692468
8179 1338.701000 -0.327395674012370019312 0.0113255388799021194934 -0.0452370988552169700503 -0.0239287224305206845665 -0.0404028742582833999553 0.998896903586407369779 2.98946723502109223958
8180 1338.711000 -0.327395889529727868172 0.0113246651356641234165 -0.045237116411061026322 -0.0239286143283481758659 -0.0404020677080609846854 0.99889693879861207737 2.98947146596520729744
8181 1338.720000 -0.327396068049095823049 0.0113238985257113691785 -0.0452371474928077166311 -0.0239286073760969705826 -0.0404013244469122873026 0.998896969027324610479 2.98947516680496905295
8182 1338.730000 -0.327396242810598203654 0.0113230822378210648632 -0.0452372027483896183009 -0.0239286707357396072338 -0.0404004440695557298646 0.998897003116839488079 2.98947911496194729253
8183 1338.739000 -0.327396358869629144905 0.0113224150572704962414 -0.0452372769798752225046 -0.023928834796548142938 -0.0403996529225684117281 0.998897031184403649817 2.98948236741295980679
8184 1338.749000 -0.327396446903741700218 0.0113217420953085935731 -0.0452373850374166719401 -0.023929085787156297721 -0.040398740408366974608 0.998897062077373609768 2.98948567977844437138
8185 1338.758000 -0.327396487285150639135 0.0113212003388934445702 -0.0452375058211718986123 -0.023929362109944184861 -0.0403978942173539301574 0.998897089680320759975 2.98948838495440583074
8186 1338.768000 -0.327396486054165380963 0.0113206738333286194981 -0.0452376639646311362597 -0.0239297370007125927149 -0.0403969736022737335723 0.998897117930998001967 2.98949105259772984766
8187 1338.777000 -0.327396448225224789841 0.0113202630717960488205 -0.0452378322148778155842 -0.0239301132185005954733 -0.0403960296514716335481 0.998897147092605908192 2.98949329539541874823
8188 1338.787000 -0.327396394709919380528 0.0113198126517979821837 -0.0452380142090625797513 -0.0239304603973183351029 -0.0403951838682147651438 0.998897172978993386216 2.98949553723641292535
8189 1338.797000 -0.327396317945136572369 0.0113194013237185205079 -0.0452382106342070072769 -0.0239308177459729848335 -0.0403942612954252336377 0.998897201726186567683 2.98949772054098783514
8190 1338.806000 -0.327396243966397548775 0.0113190364052835508446 -0.0452383857478146425568 -0.0239311079184942876452 -0.040393457175102426282 0.998897227291795308801 2.98949966619007190261
8191 1338.816000 -0.327396171407476899162 0.0113186117911729111629 -0.0452385713749882539814 -0.0239313585163596978522 -0.0403925693402807581278 0.998897257189973464264 2.98950192590283903016
8192 1338.825000 -0.327396122700554292884 0.0113182007953245011844 -0.0452387251321478556232 -0.023931512120689280021 -0.0403917778741119670727 0.998897285514274368978 2.98950410021301760111
8193 1338.835000 -0.327396089495176012552 0.011317711255422826383 -0.0452388767265016408792 -0.0239316233806954083152 -0.0403909358847884814026 0.998897316895343112542 2.98950666990744773344
8194 1338.845000 -0.327396084681944699035 0.0113171784103399588467 -0.0452390055405404722944 -0.0239316653642356914899 -0.0403901179059339143773 0.998897348964566500484 2.98950944456121625592
8195 1338.854000 -0.327396103654144621231 0.011316665896068427849 -0.0452391016736559889444 -0.0239316630984610888289 -0.0403894124567425114036 0.998897377543229381125 2.98951209573208398496
8196 1338.864000 -0.32739615321788118063 0.0113160561961417362176 -0.0452391882181056234624 -0.0239316081808929360941 -0.0403886307464937574507 0.998897410466309865207 2.98951523489398551803
8197 1338.874000 -0.327396226319302319219 0.0113154165632503855843 -0.0452392570163877849598 -0.0239315275721961873145 -0.040387860099363459554 0.998897443556972630674 2.98951851696729775654
8198 1338.883000 -0.327396309094897586256 0.0113148203195780165664 -0.0452393080005662612253 -0.023931438828342622982 -0.0403871578702051023391 0.998897474075679414618 2.9895215717408158973
8199 1338.893000 -0.32739640906123540498 0.0113141536609111578032 -0.0452393578815075414479 -0.0239313609577139867202 -0.0403863893822981323556 0.998897507012292518169 2.98952498477565775659
8200 1338.902000 -0.327396500281220470541 0.0113135587703734122322 -0.045239401540886334252 -0.0239313217554082136029 -0.0403857031635846130957 0.998897535695740024231 2.98952803115574150539
8201 1338.912000 -0.327396600890546785045 0.0113129041161630760487 -0.0452394539817316254648 -0.0239313009482028590802 -0.0403849140520386520881 0.998897568097918520102 2.9895313889135208818
8202 1338.921000 -0.327396686092897681863 0.011312325894387765049 -0.0452395083352993068737 -0.0239313079972562556264 -0.040384176777108718448 0.998897597736412290459 2.9895343596555745691
8203 1338.931000 -0.327396764399648543264 0.011311714044367596893 -0.0452395807213924888712 -0.0239313806665892372938 -0.0403833665224794385873 0.99889762875266752129 2.98953751086303132212
8204 1338.940000 -0.327396825075509489977 0.0113111779035063812066 -0.0452396577687140949431 -0.0239314631337761256347 -0.0403825963369731644192 0.998897657913643266525 2.98954028182904485433
8205 1338.950000 -0.327396875195106296097 0.0113106086572077879637 -0.0452397571547513144274 -0.0239316014064672143158 -0.040381738762143383481 0.998897689269861221995 2.98954323008526046124
8206 1338.960000 -0.327396909833105098642 0.0113100606898713235138 -0.0452398703917628666749 -0.0239317689087830479111 -0.0403808675946658035549 0.998897720474523298506 2.98954607539131433924
8207 1338.969000 -0.327396927644386159795 0.0113095856838110395137 -0.0452399824215084234158 -0.0239319461682261820645 -0.0403800880836618011904 0.998897747739455610372 2.98954854652984680641
8208 1338.979000 -0.327396939877761694593 0.0113090645835073975306 -0.0452401154729107496388 -0.0239321404398814760461 -0.040379204090059558907 0.998897778819744286416 2.98955126241463409187
8209 1338.988000 -0.327396947194943721549 0.0113085966961927221475 -0.0452402401385479796536 -0.0239323045649548309111 -0.0403783966958695741956 0.998897807525114811433 2.98955370412024201698
8210 1338.998000 -0.327396950684536780507 0.0113080808290193131349 -0.045240380699311938395 -0.0239324888680430038213 -0.0403775187556808454192 0.998897838597979870201 2.98955639738238243552
8211 1339.008000 -0.327396955263808520087 0.0113075598750156606359 -0.0452405200972579579766 -0.0239326567094157900695 -0.0403766502752461314829 0.998897869682071171127 2.98955911769261195587
8212 1339.017000 -0.327396961110649531435 0.0113070870869444832507 -0.0452406420815991555662 -0.0239327998399989777534 -0.04037589152917617219 0.998897896921923988955 2.98956158572173480437
8213 1339.027000 -0.327396976068517975289 0.0113065468824277322313 -0.0452407717514985013851 -0.0239329259460067320098 -0.0403750473902383458236 0.998897928020625491818 2.98956440505436749078
8214 1339.036000 -0.327396998361371427411 0.0113060465006795882181 -0.0452408820464951996754 -0.023933010072542039437 -0.0403742866193203472913 0.998897956754767113452 2.98956701565645532881
8215 1339.046000 -0.327397024846439732571 0.0113054864017300017026 -0.0452409927513005433175 -0.0239331044086250714631 -0.0403735652255874169492 0.998897983652155097012 2.98956981588722880971
8216 1339.055000 -0.327397062046009101888 0.0113049713299702252189 -0.0452410936353157683287 -0.0239331678823654220301 -0.0403727495205292719049 0.998898015100273983791 2.98957261936463947194
8217 1339.065000 -0.327397107536131826144 0.0113043908406140411471 -0.0452411946026170935786 -0.0239332261807058410685 -0.0403719452575385245874 0.998898046209274248497 2.98957564270126763262
8218 1339.075000 -0.327397158554890932436 0.0113038055199916782911 -0.0452412901654430654741 -0.0239332779518855905121 -0.0403711444057927651419 0.998898077336143663807 2.98957868982491925536
8219 1339.084000 -0.327397209432212621394 0.0113032736816508251609 -0.0452413730806284913877 -0.0239333133601941638879 -0.0403704112692925762285 0.998898106117711570562 2.98958145805812369744
8220 1339.094000 -0.327397265219609767684 0.0113026883333145426042 -0.0452414634895392658853 -0.0239333667872413322075 -0.0403696079378534494753 0.998898137303885103044 2.98958450366399963727
8221 1339.104000 -0.327397314254491644814 0.0113021116291424153499 -0.0452415512928672908233 -0.0239334365863080426873 -0.0403688984626657670907 0.998898164304089619669 2.98958738548023106318
8222 1339.113000 -0.327397366496674280256 0.0113015933789261842357 -0.045241636573885662953 -0.0239334990013137134668 -0.0403680792903145374551 0.998898195913860531547 2.98959020027002519981
8223 1339.120000 -0.327397405724309031871 0.0113011954797060613226 -0.0452417050733079570413 -0.0239335547719611296813 -0.0403674174817523351289 0.998898221322789048315 2.98959238890121703491
8224 1339.127000 -0.327397440793656790969 0.0113007977515772201765 -0.0452417727369824884676 -0.023933604802363180053 -0.0403668283961631721435 0.998898243929980500511 2.98959446011980611857
8225 1339.133000 -0.327397467484458859488 0.0113004633266498896033 -0.0452418321215471708197 -0.0239336602693271636999 -0.040366331150487412549 0.998898262695236516251 2.98959620202924991617
8226 1339.139000 -0.327397492558919700478 0.0113001317429952813365 -0.0452418929125596447349 -0.0239337192360666861646 -0.0403658320464460942945 0.998898281451483516236 2.98959793002800955364
8227 1339.145000 -0.327397516056135540197 0.0112998028084549985428 -0.0452419551017615578781 -0.0239337813542411376178 -0.0403653314424873566058 0.998898300192579968737 2.98959964524124899299
8228 1339.151000 -0.327397539051609065552 0.0112994200073733806755 -0.0452420259149368814144 -0.023933853529486643491 -0.0403648342222196546136 0.998898318555718423006 2.98960152534768175414
8229 1339.161000 -0.327397567680614121066 0.0112989377715472377739 -0.0452421235546953265372 -0.0239339649913491644972 -0.0403640929876976639612 0.998898345837589851648 2.9896040437704067827
8230 1339.170000 -0.327397597810871243684 0.011298451457877408885 -0.0452422234929139438497 -0.0239340597203645151503 -0.0403633268567506545144 0.998898374525835852644 2.98960658715249083528
8231 1339.180000 -0.327397627319604089813 0.0112979174869282869564 -0.0452423363856147286999 -0.0239341777535706304314 -0.0403624912237160946016 0.998898405463476635191 2.98960938266290154885
8232 1339.189000 -0.327397651179433091251 0.0112974412135845511673 -0.0452424389282313765825 -0.0239342937519734996754 -0.0403617544727568125507 0.998898432453708018386 2.98961187849512999293
8233 1339.198000 -0.327397678944541692392 0.0112969569004559601544 -0.0452425417643567695514 -0.0239343881880381345595 -0.0403609962956982468163 0.998898460825765166504 2.98961441929948978924
8234 1339.208000 -0.327397704509130527128 0.0112964227480787382518 -0.0452426516291937128034 -0.0239345076086358715672 -0.0403602716019558702132 0.998898487245700406056 2.98961710497870747361
8235 1339.217000 -0.327397734513739269158 0.0112959400764347794865 -0.0452427570992236238734 -0.0239346094414855797838 -0.0403594477094529058281 0.998898518094541776335 2.9896197575316052486
8236 1339.227000 -0.327397766905690335015 0.0112953934091200303147 -0.0452428648223212950819 -0.0239347016223880465491 -0.0403587072818211572978 0.998898545801718329429 2.98962251117888078156
8237 1339.236000 -0.327397800756514645304 0.0112949048481792643783 -0.0452429673786339039965 -0.0239347955269947065826 -0.0403578905944620355828 0.998898576548113092954 2.98962519452885056026
8238 1339.246000 -0.327397837629826937711 0.0112943577634054912601 -0.0452430755128026690359 -0.0239348930481546838533 -0.0403570823386951715861 0.998898606866523430803 2.98962806647492218559
8239 1339.256000 -0.327397871421717445717 0.0112938117618480073773 -0.0452431784573170264752 -0.0239349951977149352778 -0.0403563738027528651209 0.998898633044603689868 2.98963081370598127151
8240 1339.265000 -0.327397910355297472318 0.0112933171181241222281 -0.0452432766032049293869 -0.0239350806493420151244 -0.0403555631586612340023 0.998898663747457726814 2.98963352465226162025
8241 1339.274000 -0.327397948990123921487 0.0112928180367261633832 -0.0452433703701615036463 -0.0239351527140418823825 -0.0403548253167676507225 0.998898691829260942932 2.98963614051477977185
8242 1339.283000 -0.327397984103868389116 0.0112923269274090506964 -0.0452434634704802773886 -0.0239352443083007092317 -0.0403541117298232207555 0.99889871846268729616 2.98963871264076619383
8243 1339.293000 -0.327398025181153684571 0.0112917786183853452453 -0.0452435665615536705686 -0.0239353351397008536072 -0.0403533037420841719789 0.998898748927462221125 2.98964158356950981954
8244 1339.303000 -0.327398064626808427136 0.0112912280474144442743 -0.0452436663536484456882 -0.0239354145172938001518 -0.0403525682448869840724 0.998898776737626725719 2.98964435018447005632
8245 1339.312000 -0.327398103451487065829 0.0112907398411122780746 -0.0452437625276285934617 -0.0239355001889134735849 -0.0403517521190631459072 0.998898807653522013972 2.9896470217727020291
8246 1339.322000 -0.327398142209655962365 0.0112901993539048228765 -0.0452438661734630570566 -0.0239355942593481238467 -0.0403509404008269706443 0.998898838189444027158 2.98964985189918541764
8247 1339.332000 -0.327398175158973459009 0.0112896643977051548691 -0.0452439669688147541593 -0.0239356972773100487584 -0.0403502264112624436931 0.998898864562578703286 2.98965253859198032416
8248 1339.341000 -0.327398210841513936931 0.0112891844139822953436 -0.0452440646726942272138 -0.0239357870853492485375 -0.040349409773337022167 0.998898895398101838161 2.98965517047415341167
8249 1339.351000 -0.327398246523790126261 0.0112886520962872174967 -0.0452441700441270772126 -0.0239358852748872211191 -0.0403485983603166509237 0.998898925821058991659 2.98965796343151435366
8250 1339.361000 -0.327398280853873013818 0.0112881163782402177409 -0.0452442725729869446583 -0.0239359718547384990595 -0.040347861990812604327 0.998898953490361618535 2.98966066159767285271
8251 1339.370000 -0.327398314410700774779 0.0112876420361144643584 -0.0452443716609930157713 -0.0239360645730782410634 -0.0403470481014698012512 0.998898984143166912553 2.98966327045921431704
8252 1339.380000 -0.327398348661403049142 0.0112871139420373661766 -0.0452444782605309764323 -0.0239361651177585170458 -0.040346241505732932664 0.998899014313166855317 2.98966604855730588852
8253 1339.389000 -0.327398377566267495542 0.0112866426972989195021 -0.0452445743188987503647 -0.0239362658526299509898 -0.0403455298584750252089 0.998899040642982738447 2.98966852905470181767
8254 1339.399000 -0.327398412020529661071 0.0112861149598806470573 -0.0452446811166779400137 -0.0239363667549145238411 -0.0403447272429762401891 0.998899070642406905485 2.98967130860510676982
8255 1339.408000 -0.327398445258085923903 0.0112856360316970390223 -0.0452447772011765753097 -0.0239364474923659809047 -0.0403439940342518524319 0.998899098321151535096 2.98967383212320614305
8256 1339.418000 -0.327398475923869225479 0.0112851100172101648234 -0.0452448802812004391427 -0.02393655530477296553 -0.0403432917708574784177 0.99889912410074366278 2.98967648818738718219
8257 1339.427000 -0.327398510645734719393 0.0112846351918896251748 -0.0452449794947735253747 -0.0239366482923370274549 -0.0403424890023640556058 0.998899154294177415991 2.98967910557496407975
8258 1339.436000 -0.327398545812770058738 0.011284159988833659255 -0.0452450784143091505607 -0.0239367408671623052574 -0.0403416863962070548766 0.99889918449029102554 2.98968172417555422271
8259 1339.445000 -0.327398575859875862193 0.0112836822168919954229 -0.0452451703377512171045 -0.0239368277758195274751 -0.0403410545693013017354 0.998899207924537013703 2.98968412548477591173
8260 1339.455000 -0.327398612513642051081 0.0112831527018907792903 -0.0452452759929084236123 -0.0239369268986334357563 -0.0403402582975579751534 0.998899237706754816735 2.98968691355077309524
8261 1339.465000 -0.327398648465658359541 0.011282618740463462581 -0.0452453780760103813074 -0.0239370130410829981549 -0.0403395347215798338869 0.998899264863638447487 2.98968960985580967105
8262 1339.474000 -0.327398684359411329403 0.0112821440901998953227 -0.0452454761350156720034 -0.0239371041810543180861 -0.0403387332868530082419 0.998899295044419099909 2.98969222207629226062
8263 1339.483000 -0.3273987154745325312 0.0112816728152855764306 -0.045245570674743121331 -0.0239372024669182136003 -0.0403380293826826885617 0.998899321114785632147 2.98969470137744153249
8264 1339.493000 -0.327398751991025527275 0.0112811461651228222419 -0.0452456756270125659558 -0.0239373003451331355096 -0.0403372335310429805388 0.99889935090741199808 2.98969747210093750311
8265 1339.503000 -0.327398787451464556852 0.0112806159452406191968 -0.045245777178609419833 -0.0239373855399740882721 -0.040336510337120434766 0.998899378069349919151 2.98970014821127039184
8266 1339.513000 -0.327398823401036431768 0.0112800920149786522428 -0.0452458819945637247262 -0.0239374831579726235486 -0.04033571517754460517 0.998899407839036523882 2.98970290550346007308
8267 1339.522000 -0.327398858122169289508 0.0112796230530188106023 -0.0452459796413036546836 -0.0239375734935122312652 -0.0403349153965959286716 0.99889943796920444008 2.9897054879321385279
8268 1339.532000 -0.327398888896864137532 0.0112791043837188464938 -0.0452460810091146470313 -0.0239376785537903959133 -0.0403342181163015359169 0.998899463607024751255 2.98970810553341914684
8269 1339.541000 -0.32739892307848961206 0.011278637715923803958 -0.0452461787176413887668 -0.0239377690491124756056 -0.0403334209569980034482 0.998899493626289269876 2.98971067795847256221
8270 1339.551000 -0.327398957288931036214 0.0112781137848540508745 -0.0452462802292078747346 -0.0239378544196160517044 -0.0403327014305621053825 0.998899520633130699743 2.98971332649086507516
8271 1339.560000 -0.327398991150391061034 0.011277649138189434555 -0.0452463778961485207919 -0.0239379451651821062441 -0.0403319057958083510007 0.998899550583614348476 2.98971589054086406279
8272 1339.570000 -0.327399021325936456783 0.0112771344258427372309 -0.0452464793314693997095 -0.0239380508317458100265 -0.0403312126367208895195 0.998899576038366432407 2.98971849263095412752
8273 1339.579000 -0.327399055110522529954 0.011276670869529388519 -0.0452465770724494870114 -0.0239381420170836772821 -0.0403304201751051444313 0.998899605848990845836 2.98972105291128853466
8274 1339.589000 -0.32739908914648430116 0.0112761497227493664997 -0.0452466786351092067897 -0.0239382281549935793663 -0.0403297049380385436157 0.998899632662065939392 2.98972369136576965332
8275 1339.598000 -0.327399118512956222027 0.0112756894706442685472 -0.0452467729038590893431 -0.0239383270579503967812 -0.0403290093984208578015 0.998899658373456844629 2.9897261218234838509
8276 1339.608000 -0.327399153360392713985 0.0112751741221988298347 -0.0452468777257704554695 -0.0239384260658453591752 -0.040328224488451719365 0.998899687689959736581 2.98972884383057557756
8277 1339.617000 -0.327399186720310320098 0.0112747067278913901817 -0.0452469721286348700029 -0.0239385053436273996519 -0.0403275070851483938283 0.99889971475329319972 2.98973131290292126749
8278 1339.626000 -0.327399216298127349045 0.0112742472599812650763 -0.0452470663260434169395 -0.0239386045694897839353 -0.0403268136509732227912 0.998899740370386202137 2.98973373967249056449
8279 1339.635000 -0.327399250476756720207 0.0112737853733555198205 -0.0452471639344483242406 -0.0239386965093415296502 -0.0403260262171016639621 0.998899769956411165417 2.98973629210632596553
8280 1339.645000 -0.327399285544135665305 0.0112732713210427128864 -0.0452472686066910378955 -0.0239387957411790336382 -0.0403252439030530943076 0.998899799160366863582 2.98973900698237970985
8281 1339.655000 -0.327399319875131877833 0.0112727528759241288348 -0.0452473699567038506464 -0.0239388823665778287253 -0.0403245331079498531279 0.998899825778673866594 2.98974163264214221059
8282 1339.665000 -0.327399354868249170547 0.0112722400115241629115 -0.0452474745171517478415 -0.0239389814661168931487 -0.0403237517824003438571 0.998899854944706788729 2.98974434112243203643
8283 1339.674000 -0.327399388912733790846 0.0112717803076890742131 -0.0452475718565890638878 -0.0239390731094793994538 -0.0403229657176703629173 0.998899884480116795338 2.98974688100512375755
8284 1339.684000 -0.327399423703553349441 0.0112712689276216748713 -0.0452476762964375556209 -0.0239391719779114935107 -0.040322185569336407851 0.998899913602921518674 2.98974958165154092171
8285 1339.693000 -0.327399452979290961352 0.0112708131332472649699 -0.0452477702134826409441 -0.0239392708417751377825 -0.0403214964944284617876 0.998899939048959017995 2.98975198882188397675
8286 1339.703000 -0.327399487514069831295 0.0112703034467735701413 -0.0452478745336967677626 -0.0239393694889585284535 -0.0403207177114804984908 0.998899968120783299241 2.9897546812181361453
8287 1339.712000 -0.327399520403038268856 0.0112698418118399520949 -0.0452479683941704943773 -0.0239394482065107203073 -0.040320005037670240966 0.998899995001166107755 2.98975712042929231416
8288 1339.722000 -0.327399554690446181748 0.0112693338488397618025 -0.0452480726001338456888 -0.0239395467043558539399 -0.0403192278862990680088 0.998900024009531484204 2.98975980486884607146
8289 1339.732000 -0.327399588869718705109 0.011268826748433633661 -0.0452481767498899775659 -0.0239396451665250982466 -0.0403184516726576985812 0.998900052980287056492 2.98976248545825651348
8290 1339.741000 -0.327399617632711970039 0.0112683747514548161794 -0.045248270414878222212 -0.0239397437645606850354 -0.0403177663827823731801 0.998900078277297320817 2.98976487523146694514
8291 1339.751000 -0.327399651029835536686 0.0112678640800100877961 -0.0452483712387954165046 -0.0239398297750538849304 -0.0403170622134715189722 0.998900104637504004934 2.98976746481490396334
8292 1339.760000 -0.327399684180231964614 0.0112674109782234747185 -0.0452484680992155108292 -0.0239399209284102687523 -0.040316283429598594179 0.998900133885447849558 2.98976997314178305487
8293 1339.770000 -0.327399718143249862656 0.0112669066279073876863 -0.0452485720668519345034 -0.023940019513194146783 -0.0403155108687317034755 0.9989001627035111186 2.9897726417239738339
8294 1339.780000 -0.327399747609991409458 0.0112664053584420852105 -0.0452486726677415324049 -0.0239401256247710886305 -0.0403148333125183874759 0.998900187506266301618 2.98977518318416679577
8295 1339.789000 -0.327399780715457500158 0.0112659536532796339392 -0.0452487694732831083333 -0.0239402170222722150694 -0.0403140579240744006961 0.998900216609557523029 2.9897776851687289934
8296 1339.799000 -0.327399814652520937397 0.011265450923322598703 -0.0452488733317680247303 -0.0239403158305363759906 -0.0403132878496682070524 0.998900245320164081875 2.98978034633302103273
8297 1339.809000 -0.327399848581932828573 0.0112649487197614434769 -0.0452489771559432332748 -0.0239404147060750353837 -0.0403125185449029754814 0.998900273997493814981 2.98978300494190918357
8298 1339.818000 -0.327399881028736905453 0.0112644934939897141402 -0.0452490705929460834689 -0.0239404937538686343745 -0.0403118143234902082117 0.998900300522914785795 2.98978541512930728885
8299 1339.828000 -0.327399914919743739716 0.0112639923219461594167 -0.0452491743526092990435 -0.0239405927166072146628 -0.0403110463918865402633 0.998900329141585885395 2.98978806857675438735
8300 1339.837000 -0.327399943466704701489 0.0112635454596101691749 -0.0452492676823502901207 -0.0239406917874502855881 -0.0403103683251496008877 0.998900354130595413693 2.98979043447139858358
8301 1339.847000 -0.327399977274841491592 0.0112630454135821435335 -0.0452493713743844505615 -0.0239407907749869773573 -0.0403096017169226675247 0.998900382694136057538 2.98979308221365114306
8302 1339.856000 -0.327400009572742234365 0.0112625922187418528453 -0.0452494646887242196742 -0.0239408698699611934002 -0.0403088998959500038888 0.998900409119471754948 2.98979548214163326492
8303 1339.866000 -0.327400043255103079254 0.0112620934114259513975 -0.0452495683064002979235 -0.0239409688294282066434 -0.0403081346401563608839 0.998900437627964765674 2.98979812367935693374
8304 1339.876000 -0.327400072394750440985 0.0112615978251481719391 -0.0452496685834414547056 -0.0239410752196422930982 -0.040307463482611056993 0.998900462160732693917 2.98980063824601627331
8305 1339.885000 -0.327400105110530359465 0.0112611512873690994968 -0.0452497650375549564927 -0.0239411667574266941172 -0.0403066951947625012886 0.998900490968329446417 2.98980311351642846773
8306 1339.895000 -0.327400138559042874764 0.0112606545142585560276 -0.0452498685266911615521 -0.0239412656280195874914 -0.0403059321616252227982 0.99890051938754687022 2.9898057451513699867
8307 1339.903000 -0.327400165260240572085 0.0112602576076457818605 -0.0452499512836115960757 -0.0239413447037337238921 -0.0403053223198341706301 0.998900542099397936724 2.98980784802179444526
8308 1339.911000 -0.327400196356969208633 0.0112598586425884245044 -0.0452500372941778694624 -0.0239414162857787306271 -0.0403046199513239222778 0.998900568723839699103 2.98981007184374147911
8309 1339.920000 -0.327400223766248277268 0.0112594119697557344673 -0.0452501270617529094409 -0.0239415027082439668682 -0.0403040156994849269045 0.998900591033245244255 2.98981232931347751247
8310 1339.928000 -0.32740025032771041813 0.0112590164450247151584 -0.0452502097200526490206 -0.0239415817499686947589 -0.0403034075327072111028 0.998900613677137561019 2.98981442568877175958
8311 1339.937000 -0.327400282677164200518 0.0112585731814135742851 -0.0452503059229991538848 -0.0239416731679367167374 -0.04030264363346482831 0.998900642307368524797 2.98981688483237162401
8312 1339.942000 -0.327400303549799653879 0.0112582767645625671238 -0.0452503606537235925078 -0.0239417215513483688794 -0.04030218497551113499 0.998900659653079614486 2.98981845336878349073
8313 1339.950000 -0.327400323194842635122 0.0112579308959954455666 -0.0452504368679029489453 -0.0239417991175063758769 -0.0403017378583797533653 0.998900675833494289257 2.98982018069108113068
8314 1339.960000 -0.327400356245410750766 0.0112574384593077843342 -0.0452505400399682636281 -0.0239418979381041466259 -0.0403009802483863116551 0.998900704031256858606 2.98982279192423394676
8315 1339.969000 -0.327400384036478808714 0.0112569994749055317385 -0.0452506328314919228917 -0.0239419968777787733893 -0.0403003115705465250751 0.998900728637646562191 2.98982511990923782719
8316 1339.979000 -0.327400417018780975908 0.0112565081608723728535 -0.0452507359167600292649 -0.0239420957353449759264 -0.0402995554950633383395 0.998900756771512243759 2.98982772578661082363
8317 1339.989000 -0.327400449967030604537 0.0112560174241080612756 -0.0452508389584473508238 -0.0239421946145047352672 -0.0402988002048277824119 0.998900784872598257458 2.98983032887120714349
8318 1339.998000 -0.327400481512849339527 0.0112555725542385458293 -0.045250931683396139471 -0.0239422736378554698589 -0.0402981086297365745374 0.998900810878595724063 2.98983268894998754917
8319 1340.008000 -0.327400514391592456498 0.0112550829107298938636 -0.0452510346458365741995 -0.0239423725539328162426 -0.0402973547961838762799 0.99890083891891856549 2.98983528668195752687
8320 1340.018000 -0.327400547228669736022 0.0112545938487239628734 -0.0452511375680166236246 -0.0239424714847537474516 -0.0402966017167870199644 0.998900866927885155988 2.98983788154423546501
8321 1340.027000 -0.327400574820295109379 0.0112541578945791406752 -0.0452512301405706696134 -0.0239425705170603492222 -0.0402959370606863070963 0.998900891366824583706 2.98984019472995221633
8322 1340.037000 -0.327400607565806633925 0.0112536699605812716418 -0.0452513329875968289828 -0.0239426694643417904695 -0.040295185407305582348 0.998900919316781932267 2.98984278401286207583
8323 1340.047000 -0.327400640256853947552 0.0112531826337997492571 -0.0452514357951108447953 -0.0239427684144417306233 -0.0402944345075758880714 0.99890094723569411439 2.98984537029726205049
8324 1340.057000 -0.327400672325671771024 0.0112526909088623838784 -0.0452515354409409528702 -0.0239428549488942647716 -0.0402937520780808078324 0.998900972689668709137 2.98984787212101377207
8325 1340.066000 -0.327400704130750674903 0.0112522547158533953865 -0.045251631042447726383 -0.023942946431039252575 -0.0402929974223595332994 0.998901000937991834228 2.98985029557223525032
8326 1340.075000 -0.327400731477263395863 0.0112518214108382492294 -0.0452517234421576930448 -0.0239430454649586753335 -0.0402923360503795180421 0.998901025241973661295 2.9898525957245278839
8327 1340.083000 -0.327400761848143428967 0.0112514308775591934803 -0.0452518087899014959108 -0.0239431170994149448983 -0.0402916459483854960677 0.998901051361111291804 2.98985477701123958383
8328 1340.093000 -0.327400789866521824134 0.0112509489247576924958 -0.0452519081861111199805 -0.0239432235507852052281 -0.0402909902589423246644 0.998901075257180193212 2.98985722803232523148
8329 1340.102000 -0.327400820911144418979 0.01125050973973155434 -0.0452520005291061622188 -0.0239433026036183563279 -0.0402903058477277059568 0.998901100968022870319 2.98985956021932564042
8330 1340.111000 -0.327400848065496075101 0.0112500784481934339165 -0.0452520927902088365702 -0.0239434016244680636376 -0.0402896470239053894336 0.998901125167720671527 2.98986185060285558635
8331 1340.121000 -0.327400880321331744227 0.0112495957050576730896 -0.0452521952863444362758 -0.0239435005521312707644 -0.0402889018917384836294 0.998901152850304785424 2.9898644145622919055
8332 1340.131000 -0.3274009125258078301 0.0112491135626399604841 -0.0452522977379765101169 -0.0239435994805069808644 -0.0402881575512235856618 0.998901180500376129068 2.98986697561426950642
8333 1340.140000 -0.327400943390175613867 0.0112486764440615331917 -0.0452523899293922129972 -0.0239436785331389907772 -0.0402874758466381446831 0.9989012061000869247 2.9898692977977772145
8334 1340.148000 -0.32740096961765607908 0.0112482966052602703644 -0.045252474916043158859 -0.0239437700682074566805 -0.0402868145395341714643 0.998901230577467158511 2.98987142292936081134
8335 1340.158000 -0.327401001162597293792 0.0112478110208703366291 -0.0452525741579259399572 -0.023943856618275284609 -0.0402861392867693915432 0.998901255736326709744 2.98987389587034568805
8336 1340.167000 -0.327401028072792699142 0.0112473827077413154191 -0.0452526661956061740377 -0.0239439556520025693953 -0.0402854844236717052341 0.998901279773174111121 2.98987617178770337389
8337 1340.177000 -0.327401060066944193938 0.0112469032399851523452 -0.0452527684438890354102 -0.0239440546006179956484 -0.040284743672051058494 0.998901307275428362864 2.9898787197996914422
8338 1340.186000 -0.327401090745946643512 0.011246468509786569645 -0.0452528604534320824659 -0.0239441336744463245667 -0.0402840651787588141519 0.99890133274275572095 2.98988103030348417732
8339 1340.195000 -0.327401121908005132699 0.0112460391265666020261 -0.0452529555646106612654 -0.0239442251780847305265 -0.0402833214907221889844 0.998901360540817684353 2.98988341923483380569
8340 1340.205000 -0.327401149413478198547 0.0112455637658818372038 -0.0452530545115406787615 -0.0239443316851067275475 -0.0402826736336062210531 0.998901384114108559231 2.98988583927939188811
8341 1340.215000 -0.327401181234802884923 0.0112450864686528158309 -0.0452531565987516898319 -0.0239444306519767564911 -0.0402819357781057305057 0.998901411497011171292 2.98988837658386241714
8342 1340.225000 -0.327401213007388725007 0.0112446097462646204396 -0.0452532586445612283743 -0.0239445296217278280615 -0.0402811986809372968299 0.998901438848708966844 2.98989091104543458499
