2793 520.371000 24.1064546240448791536 -0.179967402018127942132 30.5930425829213739064
2794 520.378000 24.1061547476583690752 -0.179208464217438329102 30.5895095897458766387
2795 520.386000 24.1058429655009049952 -0.178609746237779587474 30.5859726809942955583
2796 520.393000 24.1055966953751195092 -0.178293002806859779419 30.5834214963670802945
2797 520.400000 24.1053768954350076115 -0.178134258666410444372 30.5814322071335418229
2798 520.407000 24.1051808797590325639 -0.178096656383987334005 30.5800182009758430013
2799 520.415000 24.1049871809341489381 -0.178157219944316796978 30.5790862088816126629
2800 520.422000 24.1048437373011417151 -0.178266451705075545942 30.5788219403591092771
2801 520.430000 24.1047013459304757532 -0.178425383240855134348 30.5790643651794731284
2802 520.438000 24.1045844897048517907 -0.178596429102101911246 30.5797792093932692126
2803 520.445000 24.104499246396073886 -0.178741433301287305779 30.5806904694263721467
2804 520.453000 24.1044178534578428241 -0.178893476525677302957 30.581939346261478363
2805 520.461000 24.1043479578957366982 -0.179026285503386700659 30.5832857752428672882
2806 520.468000 24.1042949577919394244 -0.179125935061921509606 30.5844534754088606121
2807 520.474000 24.1042568050184513595 -0.179197432445103888021 30.5853932087630653314
2808 520.482000 24.1042063449167187628 -0.179276265665398198967 30.5864956378577375062
2809 520.489000 24.1041662303614288021 -0.17932992187446908372 30.5872803985799492921
2810 520.497000 24.104121605818885854 -0.179375170936276251421 30.5879416608593714955
2811 520.505000 24.1040748049150899135 -0.179408101512862128146 30.5883451680622151514
2812 520.512000 24.1040346015652247047 -0.179426239275071675028 30.5884985888306886181
2813 520.520000 24.1039812401773900774 -0.179439350905646055612 30.588472906309529975
2814 520.527000 24.1039343444809546213 -0.179444396994473065465 30.5883108641038496955
2815 520.534000 24.1038811606690330791 -0.179446016294248028577 30.5880535483313806822
2816 520.541000 24.103827555614884659 -0.179444476507627653783 30.5877398293428335307
2817 520.548000 24.1037679209921904544 -0.1794418323698794282 30.5874033387748909263
2818 520.555000 24.1037084539976511621 -0.179437914324310193726 30.5870779616910368759
2819 520.563000 24.1036348507680919795 -0.179433781954493859478 30.5867510096360994964
2820 520.570000 24.1035709475884019071 -0.179430217099242478307 30.5865272874648574941
2821 520.578000 24.1034948252258054424 -0.179427292888973438645 30.5863561763225497714
2822 520.585000 24.1034315472941074177 -0.179423151199063241057 30.5862860397086926412
2823 520.593000 24.103356741246045658 -0.179421070722065451042 30.586289772821903199
2824 520.601000 24.1032894407666908876 -0.179417350328631902689 30.5863718416790995036
2825 520.608000 24.1032291910308273941 -0.179415488068981915371 30.5864890193952945197
2826 520.615000 24.1031756732829585133 -0.179410962067967777456 30.5866334924231679793
2827 520.620000 24.1031395412031805847 -0.179409066395598532084 30.586744124725512961
2828 520.628000 24.1030864281141745664 -0.179402813218638601533 30.5869155389761537833
2829 520.635000 24.1030464611330650371 -0.179396174566237270875 30.5870464970383650893
2830 520.643000 24.1030064278866937855 -0.179385777699332588098 30.5871574705276074724
2831 520.650000 24.1029785899257191772 -0.179374907827612783962 30.587212731874434013
2832 520.658000 24.1029521795969614573 -0.179358557499221998865 30.5872212800807723454
2833 520.665000 24.1029368246121649122 -0.179343888106549942396 30.5871830300484681686
2834 520.672000 24.1029266882116708359 -0.179325708015686730024 30.5871046624403106762
2835 520.680000 24.1029228366057033384 -0.1793029898713899839 30.5869759393485836085
2836 520.686000 24.1029221586787691933 -0.179284856297131284242 30.5868586229470764692
2837 520.691000 24.1029245307723236635 -0.179268194938176222974 30.5867531417407754191
2838 520.699000 24.1029348558799121349 -0.179243524126123016105 30.5865810704459022418
2839 520.706000 24.1029472445231291999 -0.179219960286941593086 30.5864367221769342109
2840 520.714000 24.1029667928713706715 -0.179196352687755078303 30.5862930507572805539
2841 520.721000 24.1029868047986752799 -0.179176003702611247315 30.586194369804360349
2842 520.728000 24.1030100474514057396 -0.179158463571664344771 30.5861273910028472756
2843 520.736000 24.1030380893575895129 -0.17914135060549563061 30.5860932416733284356
2844 520.743000 24.1030661978327813699 -0.179130034259570303234 30.5861024652464870144
2845 520.751000 24.1030973447842704616 -0.179121598682829480387 30.586153655476252311
2846 520.759000 24.10313391312836373 -0.179117477876644864976 30.5862448270818596541
2847 520.766000 24.1031624180482531017 -0.179119237798054969923 30.5863482774740269576
2848 520.773000 24.1031942342519620581 -0.179123324525741173252 30.5864688140704110708
2849 520.782000 24.1032367236780160624 -0.179133761645389688599 30.5866352725256334111
2850 520.790000 24.1032766716642967708 -0.179144488583491023892 30.5867820808039319047
2851 520.799000 24.1033216207638751882 -0.179161046941785723208 30.5869328182121051896
2852 520.807000 24.1033667246380893801 -0.179174461150282293698 30.5870451507442240313
2853 520.815000 24.1034090823284259386 -0.179188477618944436154 30.5871282960976031973
2854 520.824000 24.1034635741822853561 -0.179199797600523680341 30.5871855817460662763
2855 520.833000 24.1035183092815081807 -0.179209023842192088916 30.5872011240880254945
2856 520.841000 24.1035719949091813419 -0.179210944291692958474 30.587182967080760676
2857 520.849000 24.1036277159767955425 -0.179210538943128133704 30.5871388602127325385
2858 520.856000 24.103680430631808207 -0.179205027020644502844 30.5870831928207707051
2859 520.865000 24.103752140982290797 -0.179193835440449533714 30.5869952574999786066
2860 520.874000 24.1038283881545360998 -0.179175873826925374788 30.5868979108588519011
2861 520.882000 24.1039012734373336855 -0.179158939534548006245 30.5868121647826498588
2862 520.891000 24.1039869022922843556 -0.179134693247921444881 30.5867229302701026938
2863 520.898000 24.1040580785965872224 -0.179117042428328321346 30.5866644425778169136
2864 520.906000 24.1041422071430844198 -0.179095202963507421634 30.5866113968469583995
2865 520.914000 24.1042301588904450682 -0.17907482231510207793 30.5865758984724962488
2866 520.921000 24.1043089882155037174 -0.179058124766778070658 30.5865593713932568676
2867 520.928000 24.1043925601947996995 -0.179042708220642221573 30.5865572445341022956
2868 520.933000 24.1044504469267728552 -0.179034864849341335269 30.5865627796256269733
2869 520.939000 24.104523600702634667 -0.17902533786633023638 30.5865776500763786316
2870 520.945000 24.1045987367009821867 -0.179017108183432832602 30.5865997535046396649
2871 520.951000 24.104674008565396548 -0.179012917787627789945 30.586628257087472349
2872 520.957000 24.104751179330929034 -0.179008917756315333314 30.5866609788215590982
2873 520.964000 24.1048444492415896434 -0.179005868105478554986 30.5867033745719361093
2874 520.969000 24.1049088125979231734 -0.17900666880233362388 30.5867340476428672957
2875 520.976000 24.1050027410145446538 -0.179007163155438853153 30.5867773619126559481
2876 520.983000 24.1051003791541162968 -0.179008526352014668559 30.5868195256211095057
2877 520.989000 24.1051802371145242887 -0.179011670722772298081 30.5868513116853257827
2878 520.996000 24.1052781611440316567 -0.17901436959929148407 30.5868849073911057701
2879 521.002000 24.1053648756301797107 -0.17901638139813946804 30.5869095185710655471
2880 521.009000 24.1054627884015886252 -0.179019089721669383275 30.5869307338652092199
2881 521.016000 24.1055629260689094906 -0.179019401282546647414 30.5869454800741280565
2882 521.022000 24.1056518921752100937 -0.179020655287016244861 30.5869538745164781801
2883 521.030000 24.1057698714381558602 -0.179019168002753414903 30.5869567617437176921
2884 521.039000 24.1059067237563091624 -0.179015352855863257853 30.5869523695368350502
2885 521.047000 24.106027912734585783 -0.179009972151208673896 30.5869414460587698557
2886 521.055000 24.10615461829554107 -0.179002499402515002913 30.5869276783976253853
2887 521.064000 24.1062951282001769471 -0.178992923608777998457 30.5869078832225191888
2888 521.071000 24.1064098284677292838 -0.178983385208695167101 30.5868928473550383274
2889 521.080000 24.1065558470606582375 -0.178972388236107171622 30.5868732109543444153
2890 521.089000 24.1067085723893477223 -0.17895923243429470717 30.5868572266513609748
2891 521.097000 24.1068425132004193756 -0.178949121538643868279 30.5868447605248938714
2892 521.105000 24.1069812931048303994 -0.178937604964740648583 30.5868362998713365641
2893 521.114000 24.1071389758684304638 -0.178927865221552045982 30.5868315043842642353
2894 521.122000 24.1072812797476849767 -0.178918121143954389485 30.5868308633643337657
2895 521.131000 24.1074450274289269203 -0.178910658445406434147 30.5868348403452721129
2896 521.138000 24.1075741561621832432 -0.178904663633096400188 30.5868404686288855032
2897 521.145000 24.1077056709702617354 -0.178899523111972463818 30.586848208713835362
2898 521.153000 24.1078548047522787101 -0.178894493523761383136 30.5868577178300640185
2899 521.161000 24.1080094080571427639 -0.178889448896411978884 30.5868695557135801266
2900 521.169000 24.1081610043391982856 -0.178886235640132396085 30.586880500256327764
2901 521.176000 24.1082958801326867615 -0.178881903367212796718 30.5868901849886931643
2902 521.183000 24.1084336030948591656 -0.178879818834422554819 30.5869003510773502796
2903 521.190000 24.1085717261056196037 -0.17887612379565848153 30.5869092253684549121
2904 521.197000 24.1087133167838061354 -0.178871932044784465177 30.5869180158410038928
2905 521.204000 24.1088510384398624353 -0.178868925116633964434 30.5869241931996960204
2906 521.210000 24.1089721232367075743 -0.178865214032251418352 30.5869294712788928337
2907 521.217000 24.1091155505932128733 -0.178860692718407987556 30.5869348245793801766
2908 521.224000 24.1092576151476869484 -0.178856039927762000552 30.5869381919363831912
2909 521.230000 24.1093800457845333085 -0.178850644337806174988 30.5869401606523538817
2910 521.237000 24.1095257796342110623 -0.178846415831882488146 30.5869426762352354388
2911 521.244000 24.1096718311364170972 -0.178840399528386345684 30.5869438585482740223
2912 521.251000 24.1098213145169673055 -0.178833873881143773366 30.5869452927256695318
2913 521.258000 24.1099669110211323186 -0.178828664314961249815 30.5869447600883042071
2914 521.265000 24.1101158882277033513 -0.178822263981267770561 30.5869448998307831289
2915 521.271000 24.1102461224842095078 -0.178817078974463389285 30.5869454213138176613
2916 521.278000 24.1103961582802419628 -0.178811161398030799008 30.5869450077727549342
2917 521.285000 24.1105486188796618308 -0.178804115908463290285 30.5869449594889317723
2918 521.291000 24.1106792659720667871 -0.178800334810505084926 30.586945565054534768
2919 521.298000 24.1108334243056745549 -0.178794269458479343493 30.5869462051668605795
2920 521.305000 24.1109910439860541942 -0.178788065070210444585 30.5869480572923464479
2921 521.312000 24.1111447796750404393 -0.17878348434146823509 30.5869487511515707467
2922 521.319000 24.1113018844337929636 -0.178777944235453456479 30.5869507577807233645
2923 521.326000 24.1114608915941524003 -0.178773127335921017123 30.5869533559689195101
2924 521.333000 24.1116196613695201734 -0.178767934841989162287 30.5869557533487999024
2925 521.338000 24.1117332559862944663 -0.178763569459189974875 30.58695740512926875
2926 521.345000 24.1118949202140449017 -0.178759908452564564296 30.5869610068299984107
2927 521.352000 24.1120568136703283812 -0.178754754426143885881 30.5869642232771141721
2928 521.359000 24.1122220210527338224 -0.178749299299664876628 30.5869684098967091757
2929 521.367000 24.1124069154815217075 -0.178744538699003641113 30.5869717568369914318
2930 521.373000 24.1125475481785684906 -0.17874008615908285047 30.5869747545368539932
2931 521.380000 24.1127136314037073817 -0.178735412660634140902 30.5869785806084131252
2932 521.388000 24.1129030904190244655 -0.178729457182371070934 30.5869822441088494713
2933 521.394000 24.1130480847503001485 -0.17872420672244845874 30.5869856596523739256
2934 521.401000 24.1132136383571555882 -0.178720093577685729125 30.5869883002234281832
2935 521.408000 24.1133825073856087329 -0.178714610825264963445 30.5869916135995971729
2936 521.415000 24.1135530703495994942 -0.178709211460219730139 30.5869950807104515889
2937 521.422000 24.1137219832600422365 -0.178703986625084770834 30.5869975360275176968
2938 521.429000 24.1138929822960896843 -0.178697511878726844614 30.5870000773948795825
2939 521.433000 24.1139916033766716907 -0.178695294843468799328 30.587002292691572336
2940 521.440000 24.1141623607260875417 -0.178690017145530344322 30.5870044905603002405
2941 521.448000 24.1143611372638808632 -0.178682828238034913104 30.5870078425153799628
2942 521.454000 24.1145076054905516116 -0.178679427483833086487 30.5870094580152809272
2943 521.462000 24.1147066774969829339 -0.178672933548349094357 30.5870123756444982632
2944 521.469000 24.1148827214547800679 -0.178667548067061171535 30.5870152898216183246
2945 521.476000 24.1150570705589508691 -0.17866243498048592353 30.5870173124447326529
2946 521.483000 24.1152334719211154379 -0.178656155846128678055 30.5870195426627518032
2947 521.491000 24.1154346267171426632 -0.178651403499795635721 30.5870224248262942979
2948 521.496000 24.1155617322797724 -0.178647506582931048236 30.5870243065121094617
2949 521.501000 24.1156894279818558857 -0.178642933170075263183 30.5870259743423140719
2950 521.506000 24.1158167947815016419 -0.17864042433643095853 30.5870282129681960726
2951 521.511000 24.1159442839887958598 -0.1786367724741292351 30.5870297900462304597
2952 521.516000 24.116072213516449807 -0.178633038277037498043 30.5870316672103683686
2953 521.521000 24.1162030775199873744 -0.178628787251514431489 30.5870341640832990038
2954 521.526000 24.1163292079255704436 -0.178626202636651215672 30.5870352795996964801
2955 521.531000 24.1164585436104452754 -0.178622218445162600498 30.5870371866558059537
2956 521.537000 24.1166144842593190845 -0.178616985534930050594 30.5870392493359481989
2957 521.544000 24.1167955026526215079 -0.178613241432522357188 30.5870419954413108599
2958 521.550000 24.116952057300039769 -0.178608519071084853591 30.5870442438827936371
2959 521.556000 24.1171106751732331475 -0.178603299416081107154 30.5870470176503808091
2960 521.561000 24.1172397881279891863 -0.17860083397761955526 30.5870484541683111956
2961 521.567000 24.1173973915718171668 -0.178596090913977073589 30.5870506332334954891
2962 521.574000 24.117583577689806873 -0.178590084136064086717 30.5870537265997590737
2963 521.579000 24.1177137351259958109 -0.178587564705422280342 30.5870551529450018791
2964 521.586000 24.1178990671246502586 -0.178582025123410231826 30.5870576484546141671
2965 521.593000 24.1180873464094958081 -0.178576160074118084342 30.5870609752079936072
2966 521.600000 24.1182712165241035507 -0.178571732708313057891 30.5870627402281130003
2967 521.608000 24.118484135168269944 -0.178564648171660955711 30.587065415922207734
2968 521.616000 24.118698964667494522 -0.178559869124902126369 30.5870687602955051432
2969 521.624000 24.1189141375547215773 -0.178553485640616904639 30.5870718265350944876
2970 521.632000 24.1191301891212717123 -0.178547634004410843422 30.5870750244103675186
2971 521.640000 24.1193458630316648339 -0.17854143681050574366 30.587077737641113373
2972 521.649000 24.1195911634560467007 -0.178534668305674798505 30.5870816718005400503
2973 521.658000 24.119834521284040818 -0.178528003993321637832 30.5870845460999198906
2974 521.666000 24.1200548467544280129 -0.178521753831781981869 30.5870883306885481545
2975 521.674000 24.1202717093117868785 -0.178516297904464743551 30.5870907428486482615
2976 521.682000 24.12049258328674739 -0.178509435819979939142 30.5870942241223815472
2977 521.690000 24.1207105784834929807 -0.178504628415751792625 30.5870966496669183243
2978 521.699000 24.120959287803586335 -0.178496932398277075027 30.5871000305062139546
2979 521.706000 24.1211518989699094107 -0.178493137923720096572 30.5871028096404948826
2980 521.714000 24.1213737077091749939 -0.178486956585363537586 30.5871059128664768423
2981 521.722000 24.1215962998411939111 -0.178481301229074657 30.5871091172869249419
2982 521.730000 24.1218184180211032697 -0.178475280840016098383 30.5871118042760024025
2983 521.739000 24.1220708562477810233 -0.178468678368281730151 30.5871156685261276209
2984 521.746000 24.1222655234023584114 -0.178463724232852782858 30.5871178039692708239
2985 521.754000 24.122491235716633895 -0.178456882143980949396 30.5871211559195650409
2986 521.762000 24.1227139830190147052 -0.178452060921285932116 30.587123440332049995
2987 521.770000 24.1229384032619051936 -0.178445107651774181878 30.587126052687708011
2988 521.778000 24.1231645436394579463 -0.178440459168362597353 30.5871293201032905529
2989 521.786000 24.1233908350750319016 -0.178434192922376250179 30.5871323004715698346
2990 521.794000 24.1236178169078669953 -0.178428443878803577594 30.5871354024781005876
2991 521.801000 24.1238158493157008877 -0.178423055167446054092 30.5871376923113196256
2992 521.809000 24.1240455844663763685 -0.178416509562808078826 30.5871412947664786941
2993 521.816000 24.1242423140916351088 -0.178412148623523669766 30.5871430222982887415
2994 521.823000 24.124441702000428478 -0.178406669142239793224 30.5871456743233558484
2995 521.831000 24.124670320619216568 -0.17840117718926309931 30.5871487225866083293
2996 521.838000 24.124870547151783029 -0.178395670190329008742 30.5871512090868016287
2997 521.845000 24.1250734865285458852 -0.178389868778694477003 30.5871545394685568908
2998 521.852000 24.1252717710637831772 -0.178385530647294926476 30.5871563145108353865
