18127 1423.875000 32.326776187102922222 -0.110156274276277277302 4.30230341198366961208
18128 1423.883000 32.3265355942711067883 -0.110218494815929587971 4.30252375117522589676
18129 1423.893000 32.3262295605972909129 -0.110194349846457650965 4.30282694970494183906
18130 1423.902000 32.3259500822900989192 -0.110109858896977094722 4.30311767526775934556
18131 1423.911000 32.3256674271096287043 -0.109993354121269829027 4.30341142925647801576
18132 1423.921000 32.3253505065194701729 -0.10984918010807560862 4.3037197203288792835
18133 1423.930000 32.3250638204199276515 -0.109719108548287244687 4.30395959610209555279
18134 1423.940000 32.3247453867572644981 -0.109582378588924111984 4.30416190607888804465
18135 1423.949000 32.3244606390075333024 -0.109469818290264142568 4.30427173156050635328
18136 1423.959000 32.3241483175958279617 -0.109358516931582175347 4.30430526837931282103
18137 1423.967000 32.3239027767882234343 -0.109281025213885413239 4.3042657100671091186
18138 1423.976000 32.3236327252748480987 -0.109208036474007119665 4.30415736780683655383
18139 1423.986000 32.3233358249711102417 -0.109143877031224773022 4.30397427824665435026
18140 1423.995000 32.3230775324834809226 -0.109103551643071366994 4.30377153184666649821
18141 1424.004000 32.322825792004550749 -0.109080442816688882868 4.30355185928293426656
18142 1424.013000 32.3225798305736304883 -0.109073747734021300748 4.30333414439152317499
18143 1424.023000 32.3223114306923733352 -0.109083273534578500952 4.30311517071310589699
18144 1424.032000 32.3220732458057895542 -0.109104207949766551788 4.30295382951714255881
18145 1424.041000 32.3218373308528867938 -0.109133078995105881059 4.30283658757175846432
18146 1424.050000 32.3216024064679174899 -0.109166043882497898476 4.30276860793792970128
18147 1424.059000 32.3213682165739868424 -0.109199104048316189552 4.30275098740123773666
18148 1424.069000 32.321108235578421386 -0.109232143694518765709 4.30278641624535929111
18149 1424.078000 32.3208745650280562245 -0.109255539286326877613 4.30286075883189855773
18150 1424.088000 32.3206149260392194833 -0.109272228623527367652 4.30297902839842016931
18151 1424.097000 32.3203820689228820129 -0.109278440166924728505 4.30310595114963589936
18152 1424.106000 32.3201502627232883924 -0.109276622219322341878 4.30324091632215388614
18153 1424.116000 32.3198945839570797034 -0.109266586069454524344 4.3033877119089698482
18154 1424.125000 32.3196667947493949669 -0.109252415426788276887 4.30350712128384937927
18155 1424.135000 32.3194161318331296684 -0.109233614257257069524 4.30361681606472057382
18156 1424.143000 32.3192178965917591427 -0.109218057577052413132 4.30368318237602842657
18157 1424.153000 32.3189729508388623458 -0.109200462609424370219 4.30373672660351935804
18158 1424.162000 32.3187546157522191947 -0.109187599423527931242 4.30375725972461253832
18159 1424.170000 32.3185625128029556663 -0.1091796492448243866 4.30375520007352996288
18160 1424.180000 32.3183242550028921869 -0.10917434516258184285 4.3037299902307388777
18161 1424.189000 32.3181113783115208093 -0.109173847495898396209 4.30369081113561158247
18162 1424.199000 32.3178764571734618016 -0.109177047333901225401 4.30363580198249540132
18163 1424.208000 32.3176653362671473246 -0.109181838284433008202 4.30358185472376586489
18164 1424.217000 32.3174548677118380624 -0.109187408495797291796 4.30352887148576712661
18165 1424.226000 32.317245014181253282 -0.109192299535585998771 4.30348122798728471849
18166 1424.232000 32.3171051548605490211 -0.109194508613910445938 4.30345410066613887068
18167 1424.240000 32.3169190784027904328 -0.109195925280088673714 4.30342506144568837101
18168 1424.250000 32.3166871222070142267 -0.109194162540758005209 4.30340187273985375072
18169 1424.260000 32.3164560275157199953 -0.109188473377259301356 4.3033936480350076792
18170 1424.269000 32.3162490891721461139 -0.109180311893850939819 4.30339844660701320578
18171 1424.279000 32.3160208414189611403 -0.109168583308549116406 4.30341570508874937673
18172 1424.287000 32.3158395914205698318 -0.109157780454475106247 4.30343694001088650225
18173 1424.295000 32.3156596164794720494 -0.109146616365264598203 4.30346297923094311955
18174 1424.302000 32.315503273474199375 -0.109137177472371740827 4.30348841998388742525
18175 1424.309000 32.3153483589658492292 -0.109128362563748956826 4.30351533003655983833
18176 1424.316000 32.3151944281935996628 -0.10912065595299158538 4.30354253727603719426
18177 1424.326000 32.31497645909302463 -0.109112039635658658598 4.30358026293120943251
18178 1424.332000 32.3148470737769386574 -0.109108555542222179779 4.3036014189509081973
18179 1424.338000 32.3147179823866537163 -0.109106144301888169368 4.30362095648653042446
18180 1424.344000 32.3145898044995050213 -0.109105017873588852617 4.3036386253800200663
18181 1424.351000 32.3144409940535837222 -0.109105073947276781654 4.30365657830269121575
18182 1424.357000 32.3143140643852504468 -0.109106235861202785498 4.30366953659180406788
18183 1424.367000 32.3141036543684307958 -0.109109836752494956946 4.3036861238323851353
18184 1424.376000 32.313914863761688423 -0.109113975258390047407 4.30369591367704451557
18185 1424.386000 32.3137060953669461583 -0.109118993849718820544 4.30370162871371952917
18186 1424.396000 32.3134978218736321764 -0.109123171274916538898 4.30370295750855103023
18187 1424.405000 32.3133110229709430428 -0.109125651641527765534 4.30370136737990716114
18188 1424.414000 32.3131244262963690517 -0.109126314070867050376 4.30369809219054388905
18189 1424.424000 32.3129175342381600444 -0.109124701923268993542 4.30369356627079913125
18190 1424.431000 32.3127731553181121171 -0.109122172559525901225 4.30369044075487838796
18191 1424.440000 32.3125879067140573397 -0.1091171247259738325 4.30368716310819365845
18192 1424.450000 32.3123828562277424226 -0.109109643785697985052 4.30368513626201387723
18193 1424.459000 32.3121991518208417915 -0.109101789302200588572 4.30368522605970849071
18194 1424.469000 32.3119963252374944318 -0.109092418999928664203 4.30368785161950562212
18195 1424.478000 32.3118150513483044506 -0.109083875113240275079 4.30369266030857655636
18196 1424.487000 32.311634562129626147 -0.109075641399994871517 4.30369964744397304202
18197 1424.496000 32.311455434048518498 -0.109068409968483354122 4.30370858602986405828
18198 1424.506000 32.3112579605419512063 -0.109061723874215962815 4.3037205117591756931
18199 1424.515000 32.3110817954400388885 -0.109057040874814298315 4.30373267453644992031
18200 1424.524000 32.3109063501543332109 -0.109053487112879626819 4.30374567964393772712
18201 1424.530000 32.3107900788010624638 -0.109051959246774632373 4.3037545355070108144
18202 1424.536000 32.3106744450130278778 -0.109050763075526704893 4.30376355616525785308
18203 1424.541000 32.3105782916393806659 -0.109050179447711975689 4.30377094076383581722
18204 1424.548000 32.3104442059861085568 -0.109049523478104704033 4.30378122016328834576
18205 1424.554000 32.3103296235511336931 -0.109049391679837140434 4.30378963514555668013
18206 1424.561000 32.3101965081402653368 -0.109049196760230490688 4.30379913363873622956
18207 1424.567000 32.3100826550425068717 -0.109049221953938457741 4.30380670669087805891
18208 1424.572000 32.3099881006460591948 -0.109049029579895109809 4.30381276511509547333
18209 1424.578000 32.3098747452690844284 -0.109048874297887551932 4.3038194516906704834
18210 1424.585000 32.3097429420005752831 -0.10904824391194968547 4.30382673601246512618
18211 1424.591000 32.3096301272272157235 -0.109047590660673446306 4.30383232047363062378
18212 1424.598000 32.3094989034149548957 -0.109046257745471761313 4.30383835354246624405
18213 1424.606000 32.3093492673667626036 -0.109044358413327296953 4.30384441172501297501
18214 1424.615000 32.3091812807384712869 -0.109041496912502811067 4.30385044628158563995
18215 1424.621000 32.3090697330274565502 -0.109039141833487382427 4.30385416415907240406
18216 1424.627000 32.3089581625822503952 -0.109036578987663487772 4.30385757392640666552
18217 1424.633000 32.3088471015288760668 -0.109033707120113634859 4.30386093002582459377
18218 1424.638000 32.3087545402748048673 -0.109031278636338824217 4.30386356512346957004
18219 1424.644000 32.3086439683290578273 -0.109028100326721846813 4.30386682696198352716
18220 1424.649000 32.3085520156434427008 -0.109025501720674891648 4.30386950435881754373
18221 1424.657000 32.3084051447801741119 -0.10902108621869505134 4.30387399121412439484
18222 1424.666000 32.308240648748359547 -0.109016233635629095078 4.30387933119449961339
18223 1424.676000 32.3080587008256401305 -0.109011119303039749617 4.30388578878703143005
18224 1424.685000 32.307895863671305392 -0.10900675380289082117 4.30389222130264581523
18225 1424.695000 32.3077158374853112832 -0.109002225707188815651 4.3039001077190652822
18226 1424.705000 32.3075366980486506918 -0.108998179850800708257 4.30390863774535414876
18227 1424.714000 32.3073763206451332053 -0.10899496514831018279 4.30391680903280970938
18228 1424.723000 32.3072166018243649432 -0.108992111563555524323 4.30392534124905079551
18229 1424.733000 32.3070402048434246467 -0.108989211864625540338 4.30393518057372670427
18230 1424.742000 32.3068820707834305495 -0.108986608206280199962 4.30394426843831556795
18231 1424.752000 32.3067071942085917158 -0.108983955517928776668 4.30395430809666645899
18232 1424.762000 32.3065329415941562274 -0.108981193685968244522 4.30396426622986894017
18233 1424.772000 32.3063593965918656181 -0.10897844334817610723 4.30397395649563652142
18234 1424.781000 32.3062040807851502677 -0.108975777314929675454 4.30398250149913152995
18235 1424.791000 32.3060316579417872163 -0.108972495180659684211 4.30399164733088213097
18236 1424.800000 32.3058771473762007531 -0.108969429462780223461 4.30399956595252852765
18237 1424.810000 32.3057059067533529628 -0.108965823249834850572 4.30400804621214483348
18238 1424.819000 32.3055523685566186032 -0.108962475673743952598 4.30401542958745508827
18239 1424.829000 32.3053827046168606785 -0.108958678324932445314 4.30402347893931391809
18240 1424.839000 32.3052131773073227805 -0.1089546660756082197 4.30403135807516346034
18241 1424.848000 32.3050612501324749815 -0.108951131307284537764 4.30403835122883116071
18242 1424.858000 32.3048929813736123151 -0.108947181638605117282 4.30404613728032803266
18243 1424.868000 32.3047255347979103135 -0.108943406326559327768 4.30405394920530692815
18244 1424.877000 32.3045755203438105241 -0.10894002112394678139 4.30406112935950879717
18245 1424.887000 32.3044090998964676942 -0.108936254195334245032 4.30406919698347589787
18246 1424.897000 32.3042434543674090719 -0.10893262475823302371 4.30407739883952267235
18247 1424.906000 32.3040948798815037435 -0.108929516843552939842 4.30408486208039331444
18248 1424.915000 32.3039471102317534701 -0.10892641848509110325 4.30409250553459621358
18249 1424.925000 32.303783275867061775 -0.108922931274914577826 4.30410110320192007549
18250 1424.935000 32.3036202043746456525 -0.108919579538454602829 4.30410974457932660187
18251 1424.944000 32.303473869008698216 -0.108916537900732746103 4.30411756996578720447
18252 1424.953000 32.3033280383229950417 -0.10891352096676075456 4.30412540789330133606
18253 1424.962000 32.3031826750304347229 -0.108910319000025401781 4.30413334005057457432
18254 1424.971000 32.3030377806936073171 -0.108907202831933128118 4.30414117852041222534
18255 1424.980000 32.3028932530790129363 -0.108904075472410377667 4.30414897487975611767
18256 1424.989000 32.3027493689072215943 -0.10890093849031028117 4.30415676201920671673
18257 1424.997000 32.3026216333113680435 -0.10889801834504457545 4.30416366009021711392
18258 1425.006000 32.3024783257942971204 -0.108894830989421209644 4.30417131222214432995
18259 1425.015000 32.3023354588509121754 -0.108891627520039155352 4.30417892642878019416
18260 1425.024000 32.3021931993725033294 -0.108888378174997926817 4.3041865608738714144
18261 1425.034000 32.3020353955406065438 -0.10888473855467663276 4.30419495980222599485
18262 1425.043000 32.3018937636943377356 -0.108881545510949265254 4.30420244493493076021
18263 1425.052000 32.301752566622766949 -0.108878359254932693956 4.30420991993733981218
18264 1425.061000 32.3016119746168755 -0.108875144727550790535 4.30421744745289558409
18265 1425.071000 32.3014560228940226239 -0.108871556793329507529 4.30422576734075068572
18266 1425.080000 32.3013160576220741405 -0.108868414913633193564 4.3042332161006831015
18267 1425.089000 32.3011765256160714443 -0.108865278146945701487 4.30424068457873154614
18268 1425.099000 32.3010223255516990548 -0.108861835675825330272 4.30424905361572385232
18269 1425.109000 32.3008681444622709478 -0.108858249500069115268 4.30425742118614973464
18270 1425.119000 32.3007145568236282429 -0.108854707710098488893 4.30426579708728862528
18271 1425.128000 32.300576711848968614 -0.108851575029380531756 4.30427332909795978821
18272 1425.137000 32.3004394624600834618 -0.108848457242665813682 4.30428090845696331712
18273 1425.147000 32.3002871711914139041 -0.108844869316688533378 4.30428936096748593343
18274 1425.157000 32.3001354742559456668 -0.108841389873121210941 4.30429777944958491531
18275 1425.166000 32.2999992374827016306 -0.108838229348708015465 4.30430536113955408695
18276 1425.176000 32.2998481969993704865 -0.108834699549937422014 4.30431378826858868081
18277 1425.185000 32.2997128969661417841 -0.108831508619523259496 4.3043214324133032278
18278 1425.195000 32.2995627584607447602 -0.108827930990553586876 4.30432988342952516092
18279 1425.204000 32.2994280235815480751 -0.108824760027763492443 4.30433746295819208427
18280 1425.213000 32.2992935308051656307 -0.108821641952865075242 4.30434500480125592503
18281 1425.223000 32.2991449117554623172 -0.108818188121515821432 4.30435345127304991308
18282 1425.231000 32.2990259123629854798 -0.108815293504450669171 4.30436018081115001621
18283 1425.240000 32.298892477975968518 -0.108812146327629588605 4.30436771844779020313
18284 1425.249000 32.2987593939323858194 -0.108809040923297697945 4.30437523628774165729
18285 1425.259000 32.2986119557472193264 -0.108805471011167900763 4.30438366303093733478
18286 1425.268000 32.2984795774197692708 -0.108802316217147351796 4.304391186622095411
18287 1425.277000 32.2983474703100768011 -0.108799178204343982568 4.3043986930987134798
18288 1425.286000 32.2982157049913354285 -0.108796078695946249471 4.30440618471435598735
18289 1425.296000 32.2980697216907017832 -0.108792511556344131951 4.30441458890177042207
18290 1425.304000 32.2979531348592843187 -0.108789668168193340292 4.30442126882331876914
18291 1425.313000 32.2978222495418094695 -0.108786537348939546521 4.30442876095446536056
18292 1425.322000 32.2976918838870687978 -0.10878342416227378131 4.30443628678376644103
18293 1425.331000 32.2975616572580932484 -0.108780238622161920525 4.30444381937742104327
18294 1425.341000 32.2974172891976252231 -0.108776692902297925092 4.3044521750644806346
18295 1425.350000 32.297287645188553995 -0.108773558924880539567 4.30445967433126508439
18296 1425.359000 32.29715850740949179 -0.108770444112315234353 4.3044672085355015767
18297 1425.368000 32.2970294950215404128 -0.108767258779677314373 4.30447474962836107437
18298 1425.378000 32.2968864601068048614 -0.108763715536676630613 4.3044831136961567708
18299 1425.387000 32.2967580017331030717 -0.108760585663701461745 4.30449061863913762238
18300 1425.396000 32.2966300364986551585 -0.108757476426928401114 4.30449815610631780771
18301 1425.405000 32.2965021840632644512 -0.108754297722820872374 4.30450569765122281751
18302 1425.414000 32.2963746033674468094 -0.108751166294630788323 4.30451320093013745094
18303 1425.424000 32.2962331008132181864 -0.108747639907552151595 4.30452155796498914242
18304 1425.433000 32.2961062601290649354 -0.108744537562964746491 4.30452908710099801937
18305 1425.443000 32.295965405974520479 -0.108740973619336656064 4.30453746564784900386
18306 1425.452000 32.2958389888701304926 -0.108737835491982418046 4.30454496561593380477
18307 1425.460000 32.2957267766865925296 -0.108735125914550631587 4.30455159280429278112
18308 1425.469000 32.2956011149251551728 -0.108732019376719932224 4.30455913591397987261
18309 1425.479000 32.2954613443410138984 -0.108728446801778871889 4.30456748439822867169
18310 1425.488000 32.295335936944567834 -0.108725321711085717857 4.30457496259019922746
18311 1425.497000 32.2952107275479818327 -0.108722209470545921883 4.30458243428182996126
18312 1425.507000 32.2950721240963218861 -0.108718701362700259638 4.30459079675161238043
18313 1425.515000 32.2949612928862137551 -0.108715835412203448707 4.3045974829767157388
18314 1425.525000 32.2948231313287053013 -0.10871240657105755989 4.30460577598007976263
18315 1425.534000 32.2946990144191659056 -0.108709318292206064127 4.30461323794445416269
18316 1425.543000 32.2945753488575135748 -0.108706190670351171557 4.30462076887434719197
18317 1425.552000 32.2944515326315055859 -0.108702924441348131035 4.30462828027655142193
18318 1425.562000 32.2943144815492431121 -0.108699498046125123119 4.30463657084004847064
18319 1425.571000 32.2941913539005085454 -0.108696412715418827544 4.30464403043651255842
18320 1425.580000 32.2940686684152211683 -0.108693288523168757331 4.30465155911671093492
18321 1425.590000 32.2939322547632485794 -0.108689722316410608549 4.3046598899942729588
18322 1425.599000 32.2938098415913543704 -0.108686603865087189069 4.30466735567623270953
18323 1425.609000 32.293673994722674081 -0.108683122206937821108 4.30467565246221806063
18324 1425.618000 32.2935522378956463285 -0.108679976300964611924 4.30468317982200243677
18325 1425.627000 32.2934305656554982988 -0.108676841684230293672 4.30469065665686922983
18326 1425.637000 32.2932955629385887164 -0.108673321305804676529 4.30469897375362275938
18327 1425.646000 32.2931742460645097026 -0.108670244247288536044 4.30470641214698268584
18328 1425.656000 32.2930401327862099947 -0.10866683226471089696 4.30471475229904232407
18329 1425.665000 32.2929191785019824579 -0.108663575365521528071 4.30472224998379360272
18330 1425.674000 32.2927985685250575898 -0.108660477557982665386 4.30472969165195440411
18331 1425.684000 32.2926648984347153259 -0.108657058513199622496 4.30473796869381963859
18332 1425.694000 32.2925316125245416288 -0.108653564220309500898 4.30474630341791986154
