20493 911.728000 -0.321979534000742639854 0.0138119182377059133982 -0.0492560038804745609076 -0.027780212509886530875 -0.0468039590018232282143 0.998517726039283348705 2.97078743188923022345
20494 911.734000 -0.321980696777858010904 0.0138035591033670475281 -0.04925785019166086659 -0.0277785904441018062505 -0.0467981495106252198823 0.998518043460066784256 2.97080796973026828312
20495 911.740000 -0.321981501085012333796 0.0137973078704627175051 -0.0492586579514130082358 -0.0277765434390169034529 -0.0467951090414552642316 0.998518242900137797946 2.97082352087700796162
20496 911.748000 -0.321982227158183031968 0.0137915501779934841775 -0.0492584038915215294274 -0.02777362673831901968 -0.0467944733767408777014 0.998518353821898574374 2.9708387902993944607
20497 911.757000 -0.32198280817529273401 0.0137880166127906621243 -0.0492565753968067093771 -0.0277698708262376428579 -0.0467975702043685673481 0.998518313150670966394 2.97085011168644186341
20498 911.765000 -0.321983241111775619903 0.0137859442893722532186 -0.0492544212219501037486 -0.0277664961257041154052 -0.0468021702285159463264 0.998518191399036081357 2.97085890091704873939
20499 911.773000 -0.321983701306738256953 0.0137853625245911003833 -0.0492515894363115130927 -0.0277619177402610162186 -0.0468084655346050343416 0.998518023611831728736 2.97086449467199864571
20500 911.780000 -0.321984159880268738796 0.0137854791338230912856 -0.0492488926336600227329 -0.0277568784665723246319 -0.0468156376311769373277 0.99851782746778150468 2.97086907667476074479
20501 911.787000 -0.321984648484453239714 0.0137860223152713821243 -0.0492462072828667579705 -0.0277513029899750934826 -0.0468226116232540873208 0.998517655438869167206 2.97087202114747483961
20502 911.794000 -0.321985274754770012251 0.013787265564615821048 -0.0492432281020868251042 -0.0277438428224573152558 -0.0468317141734687220067 0.998517435868306324487 2.97087445599163979537
20503 911.801000 -0.32198591825053901605 0.013788758723085563565 -0.0492404160643034813361 -0.0277361534806071403925 -0.0468404904514654538139 0.9985172378303573959 2.97087571382185355873
20504 911.808000 -0.321986591139420685881 0.0137905991641199682229 -0.049237686038778170905 -0.0277280728711673529752 -0.046849464877866592305 0.998517041224389223508 2.97087593406903716087
20505 911.816000 -0.321987356271460301027 0.013793095023322935605 -0.049234713368187695004 -0.0277188188327635240404 -0.04685967727861495985 0.998516818950918039199 2.97087481144058163096
20506 911.824000 -0.321987981620093732804 0.0137955369303403366232 -0.0492323005707210326065 -0.0277111428937167440789 -0.0468682815449643075389 0.998516628176289278152 2.97087271339856462404
20507 911.831000 -0.321988606491786899522 0.0137987794877829535178 -0.0492296935348868897053 -0.0277031221573907152078 -0.0468776736917292241591 0.99851640984612000107 2.97086846933900883272
20508 911.839000 -0.321989026568813951901 0.0138017560267466622703 -0.049227713606225978471 -0.0276972601459782065414 -0.0468850744253546808382 0.998516224994133505533 2.97086373692633198829
20509 911.845000 -0.321989334188630738076 0.0138050297788157479151 -0.0492257775342893749704 -0.0276922482273672318498 -0.0468919651234060777534 0.998516040429486051444 2.97085761541513093675
20510 911.853000 -0.321989495428093353002 0.0138088701737764992655 -0.0492238995882356700218 -0.0276880880423792490042 -0.0468987337576740742628 0.99851583790768405624 2.97084955926849136887
20511 911.860000 -0.32198947348150441794 0.013812308885261435909 -0.0492224753624826566467 -0.0276857047111227459746 -0.0469037610596846066269 0.998515667855594757363 2.9708416550488445651
20512 911.867000 -0.321989326050748092545 0.0138152392397121164674 -0.0492214856697508543193 -0.0276846671197827944033 -0.0469073179217530250584 0.998515529539653390323 2.97083446986375454557
20513 911.875000 -0.321988983928047145522 0.0138191331681014866611 -0.0492202941399060428518 -0.0276843052806377033781 -0.0469112617222424699293 0.998515354295944623786 2.97082441978663602811
20514 911.880000 -0.321988626027847557598 0.0138219714974317023359 -0.0492195281633919026754 -0.0276847615217691543632 -0.0469136133710229621951 0.998515231160725380555 2.9708167914505909657
20515 911.888000 -0.321988094914265665647 0.0138251017779362165433 -0.0492189151962345583513 -0.0276861966427950703662 -0.0469155753793792859585 0.998515099185925403269 2.9708080804844265721
20516 911.895000 -0.321987392949137696263 0.013828428174158443123 -0.0492183803706023811908 -0.0276885395530382764917 -0.046917127825988551304 0.998514961276985468785 2.97079860681433993719
20517 911.901000 -0.32198690530540913235 0.0138303336421843857396 -0.0492182071656953601391 -0.0276904172915398566479 -0.0469176808256179592171 0.998514883222160865017 2.97079307726561747671
20518 911.908000 -0.32198608586101462592 0.0138330775934355672263 -0.0492180752659479858746 -0.0276937659915915540543 -0.0469181303694644960545 0.998514769228696530412 2.97078507651865786343
20519 911.915000 -0.321985341277476910804 0.0138351512855061520996 -0.0492181521425621160137 -0.0276969971564673955733 -0.0469181060119250314955 0.998514680751749539311 2.97077903417595701185
20520 911.922000 -0.321984698218763687461 0.0138366782732652644078 -0.0492183460762936619837 -0.0276998796127589964888 -0.0469178626176575408468 0.998514612230001041837 2.97077464429243631727
20521 911.930000 -0.321983856298325432643 0.0138383587928520568333 -0.0492187454410190211584 -0.0277037076708120839907 -0.0469173485942748491606 0.998514530180794834813 2.9707699779204239654
20522 911.939000 -0.321982951904858316627 0.0138397934207293016318 -0.0492193619108623886538 -0.0277078210105135662455 -0.0469166559640556909971 0.998514448592507819491 2.97076631972426241646
20523 911.948000 -0.321982144045032780966 0.0138407322179074643298 -0.0492201025296735567016 -0.0277115402857231081513 -0.0469160259009408359132 0.998514374983482722037 2.97076467701438318159
20524 911.956000 -0.321981426703794426647 0.0138413321887913866315 -0.0492208704629845950063 -0.0277146462225821496594 -0.0469156210393989400731 0.998514307802970124683 2.97076421012259617171
20525 911.965000 -0.321980780425306978287 0.0138417051114550233165 -0.0492216573983943542214 -0.0277170355827208898802 -0.0469154525961447618765 0.998514249395673458842 2.97076456744487593653
20526 911.974000 -0.321980278570028644047 0.0138418833757906339921 -0.0492223311558610265859 -0.0277185561869168449467 -0.0469156216233256803672 0.998514199243360600633 2.97076552979450836389
20527 911.982000 -0.321979803494200356173 0.0138420879335214054573 -0.0492229104726603777786 -0.0277194378326797302714 -0.0469161892774903541148 0.998514148097020659556 2.97076673885230446714
20528 911.991000 -0.321979415241460342756 0.013842265930997165943 -0.0492233587976121794716 -0.0277195941988558937352 -0.0469171242562185994429 0.998514099824823420093 2.97076817756815403371
20529 912.000000 -0.321979102579746989665 0.0138425230985143483953 -0.0492236138821042085167 -0.0277190793789860098761 -0.0469184089019539576904 0.998514053754122388185 2.97076940582492721177
20530 912.009000 -0.32197886209110548883 0.0138428999760860007434 -0.0492236563212176958526 -0.02771798105935912096 -0.0469199537335485694634 0.998514011653133803925 2.97077023894766067968
20531 912.018000 -0.321978703471748894938 0.0138433197080745744312 -0.0492235214422141464929 -0.0277166140326854312792 -0.046921468761958864957 0.998513978407805646853 2.97077068244989428436
20532 912.026000 -0.321978586708279612694 0.0138438938716242479487 -0.0492232176529342757565 -0.0277149664777908005808 -0.0469230215412510184847 0.998513951170725722051 2.9707705738172665022
20533 912.034000 -0.321978504325002412578 0.0138445827898756330249 -0.0492227760468134656335 -0.0277131678607142328818 -0.046924573881454427482 0.998513928141799955718 2.9707699991680027729
20534 912.041000 -0.321978446312548016728 0.0138453997852048156514 -0.0492222395417338948187 -0.0277113406944706416879 -0.0469260393637336431505 0.998513909981502578717 2.97076892442819140427
20535 912.048000 -0.321978413296405918675 0.0138461565133851070841 -0.0492216945496817687156 -0.0277097625797807362025 -0.0469272444081156661633 0.998513897144167494879 2.97076777640887756959
20536 912.056000 -0.32197839341610978714 0.0138470684003660100131 -0.0492210232190554569653 -0.0277080580805938482547 -0.0469284680344403612451 0.998513886936652994564 2.97076624633142571952
20537 912.063000 -0.321978382548737118718 0.0138478899977791565512 -0.0492204227106637914879 -0.0277067249018358927048 -0.0469293977768170458842 0.998513880233779960172 2.97076477672800765006
20538 912.069000 -0.321978376394730203547 0.0138485970435040552096 -0.0492199142026920610782 -0.0277057273474449090866 -0.0469300849766084160475 0.998513875615275159348 2.97076347410481966804
20539 912.077000 -0.321978374369922382137 0.0138495107871829357948 -0.0492192713015300667423 -0.0277046221182573812469 -0.0469308123803144072728 0.998513872093226506621 2.97076182465710525449
20540 912.085000 -0.321978371354986248054 0.0138503741078819710836 -0.0492186941655186616096 -0.0277038078290442989216 -0.0469313424794659400652 0.998513869770894402222 2.97076035167407237481
20541 912.092000 -0.321978364552062468196 0.01385107419742655048 -0.0492182594869169723339 -0.0277033500643607683012 -0.0469316686731537160981 0.998513867139943500639 2.97075924811248759383
20542 912.099000 -0.321978351755062452977 0.0138517108189553355552 -0.0492179018114401872763 -0.0277031283883157238013 -0.0469318834499211148814 0.998513863195370721115 2.97075836527746472981
20543 912.106000 -0.321978331837342479638 0.0138522732256325161598 -0.0492176296177231215045 -0.0277031211149528153181 -0.0469319863096931758073 0.998513858562572464983 2.97075777325278833629
20544 912.110000 -0.321978319374462029767 0.0138525557408175643143 -0.0492175125186922884923 -0.0277031974708015424347 -0.0469319942491394567763 0.998513856070957328548 2.97075759359104285551
20545 912.116000 -0.321978295487986843071 0.0138528545441323133747 -0.0492174159769417154942 -0.0277034042324447032923 -0.0469319863670863632321 0.998513850704922933943 2.97075754677124992398
20546 912.120000 -0.321978262801419501393 0.0138531700271369226374 -0.0492173449273446833585 -0.0277036836743068913547 -0.0469319640378107333367 0.998513844001387651517 2.97075746131269191608
20547 912.126000 -0.321978226813442569565 0.0138533908686976695024 -0.0492173403527097347299 -0.0277040608924457414097 -0.0469319019277161658676 0.998513836454715697499 2.97075771189224679958
20548 912.133000 -0.321978160755544084992 0.0138537397699992938238 -0.0492173671914739596644 -0.0277047230807584143886 -0.0469317710741722488033 0.998513824232223567989 2.97075817204728354071
20549 912.137000 -0.321978119213658375841 0.0138538732939316351633 -0.0492174217710713290952 -0.0277051123826078417312 -0.0469316993663670134485 0.998513816800975506638 2.97075855210279149432
20550 912.143000 -0.321978060922756603723 0.0138539836273722689886 -0.0492175413904362146766 -0.0277056620168334433174 -0.0469316045468464518309 0.998513806007141457854 2.97075921861375080724
20551 912.148000 -0.321977998878090754253 0.0138540985989477963281 -0.0492176600954899040596 -0.0277061931741987045597 -0.0469315112821217239603 0.998513795652603786124 2.97075988002620183792
20552 912.154000 -0.321977908857657424413 0.0138542528158480324207 -0.0492178259781924642979 -0.0277068856808917081402 -0.0469313728179173994537 0.998513782945078642861 2.97076084691591235654
20553 912.161000 -0.321977800469329000776 0.0138543564236963054337 -0.0492180440081814302156 -0.0277076141644912177231 -0.046931271460344169133 0.998513767494683679438 2.97076195922626773438
20554 912.165000 -0.321977733804081289737 0.0138544100925246087969 -0.049218172303703323911 -0.0277080119786511265556 -0.0469312311173034207856 0.998513758351884384012 2.97076259682221399672
20555 912.172000 -0.321977612326305617785 0.0138544932654213245188 -0.0492183969125854353655 -0.0277086439858524706537 -0.0469311669771813391727 0.998513743828609245945 2.97076374964674849721
20556 912.178000 -0.321977505310234279889 0.0138545603468316728957 -0.0492185809308937557982 -0.0277091074225563373246 -0.0469311229159936893485 0.99851373303910517798 2.9707647379656232367
20557 912.186000 -0.321977372234898917558 0.0138546190780721202584 -0.0492187952226319572202 -0.0277095935623896359734 -0.0469311232107281345316 0.99851371953458234465 2.9707658918483348387
20558 912.193000 -0.321977222899219095442 0.0138547732775451161447 -0.0492189575359467668125 -0.0277099288867119174229 -0.0469311329817336045367 0.998513709769747959122 2.97076690264850018508
20559 912.200000 -0.321977089903200619503 0.0138549065380931795549 -0.0492190758094781730114 -0.0277101254930530865872 -0.0469311904499824933401 0.998513701612605109048 2.97076771908990000526
20560 912.207000 -0.321976959638687221243 0.0138550644949851364807 -0.0492191518357299462316 -0.0277101937893926147938 -0.0469312670968013503914 0.998513696114802007386 2.97076842445954047989
20561 912.213000 -0.321976854201026230218 0.0138552175950252594999 -0.0492191816341404214663 -0.0277101485929264410024 -0.0469313395079366049711 0.998513693965660475982 2.97076895001293816989
20562 912.219000 -0.321976754349049987258 0.0138553923333617108604 -0.0492191766099902144882 -0.0277100216370406264577 -0.0469314328985794837479 0.998513693099378984996 2.97076936745210629098
20563 912.226000 -0.321976642097011822585 0.0138556246446654811322 -0.0492191324684938258383 -0.0277097907331333298542 -0.0469315678923642315423 0.998513693162337290232 2.97076973221411932968
20564 912.232000 -0.321976552764121959349 0.0138558461565410975802 -0.0492190615481636201123 -0.0277095267091217282995 -0.0469317043572602191071 0.998513694075188529276 2.97076994779427261406
20565 912.239000 -0.321976464629548209118 0.0138561135688754118178 -0.0492189460055000790883 -0.0277091327999267264537 -0.0469318481347932650594 0.99851369824861613278 2.9707701851228200951
20566 912.246000 -0.321976394864119663808 0.0138563331408402424377 -0.0492188185661886837274 -0.0277087632457813405618 -0.0469320094909547458339 0.998513700919787083876 2.97077039237292916951
20567 912.253000 -0.321976314346762770846 0.0138567061010189535031 -0.0492186347136174054406 -0.0277082388199442197774 -0.0469322000863475335963 0.998513706514112975299 2.97077045550118024053
20568 912.261000 -0.321976259268020092996 0.0138569839876659470917 -0.0492184455069682863515 -0.0277077547839418604492 -0.0469323962304619840546 0.998513710726547820684 2.9707706601764365395
20569 912.268000 -0.321976206263219877357 0.0138573656647729779451 -0.0492182328899695431534 -0.0277072236727160144121 -0.0469325977298612820321 0.998513715993264217019 2.97077075218457498096
20570 912.275000 -0.321976171081842565957 0.013857671604603882809 -0.0492180401146487464525 -0.0277067854882265020289 -0.0469327938322925269921 0.998513718934800009741 2.97077093451529661294
20571 912.282000 -0.321976144003296216312 0.0138579676239720256392 -0.0492178542506523097888 -0.0277063839610679311931 -0.0469329812135406629348 0.99851372126887250058 2.97077120121782378703
20572 912.290000 -0.321976125499241039307 0.0138582189795796346943 -0.0492176806329207572333 -0.0277060310880372327735 -0.0469331667850239400708 0.998513722337794340511 2.97077165120644171026
20573 912.297000 -0.321976108449784748089 0.0138585536581374828974 -0.0492174998553823878078 -0.0277057030794333539192 -0.0469333570685428400071 0.998513722495164790516 2.97077205997389448555
20574 912.304000 -0.321976100143095633754 0.0138587320919253912527 -0.0492173871332691748037 -0.027705512312879009007 -0.0469334931744494546213 0.998513721390910435893 2.97077264376451077865
20575 912.311000 -0.321976087860810278318 0.0138590277512323552939 -0.0492172480462597788931 -0.0277053258023480242223 -0.0469336542551210544882 0.998513718994609833501 2.97077325792304991481
20576 912.318000 -0.321976074617482010964 0.0138591821813726246565 -0.049217176417297427149 -0.0277052712068266877854 -0.0469337888431594074667 0.998513714183326572815 2.97077394259893390327
20577 912.325000 -0.321976057525785952507 0.0138594380206799386301 -0.0492170856341227966335 -0.0277052237164780966461 -0.0469339100866068420492 0.9985137098021249491 2.97077474363040483496
20578 912.332000 -0.321976037285549687716 0.0138596184164912258202 -0.0492170357752318779476 -0.0277052550598733890452 -0.0469340098056818672001 0.998513704245278521654 2.97077558416837517186
20579 912.339000 -0.321976010931649014868 0.0138597872513822484991 -0.0492170040048956897172 -0.0277053376878124597849 -0.0469341000216927373145 0.998513697712133607709 2.97077644865279300035
20580 912.346000 -0.32197597775116443275 0.0138599441675639010324 -0.04921698936660959256 -0.0277054532597192891552 -0.0469341656013904928724 0.998513691422894256178 2.97077735795016906195
20581 912.353000 -0.321975941756892258816 0.0138600864365015837704 -0.049216987436650379284 -0.0277055811915791240507 -0.0469341971224865317502 0.998513686391580890245 2.97077831154333038555
20582 912.360000 -0.321975893663646650644 0.0138602300308802127426 -0.0492169966108600420718 -0.0277057410704915421662 -0.0469342311805212852871 0.998513680354569999054 2.97077922511761283175
20583 912.368000 -0.32197583878169538929 0.0138603361958380515151 -0.0492170238069965237937 -0.0277059178084279530974 -0.0469342521139593099599 0.998513674466652401129 2.97078023799335078081
20584 912.375000 -0.321975769990679228094 0.0138605291825746393397 -0.0492170321921632930584 -0.0277060766769522161257 -0.0469342531334439178048 0.99851367001056945405 2.97078112723708498422
20585 912.382000 -0.32197570195325625475 0.013860672045452770984 -0.0492170502949945964932 -0.0277062155140263832731 -0.0469342502722242468916 0.998513666292692558812 2.9707819605324399248
20586 912.389000 -0.321975628985312012365 0.0138608205120929472987 -0.0492170643366827073595 -0.0277063361606279985605 -0.0469342503727315715767 0.998513662940324508988 2.9707827321773430107
20587 912.397000 -0.321975542397659464378 0.0138609922183744703472 -0.0492170752135576011765 -0.0277064288543082751226 -0.0469342315628996711863 0.998513661252434348015 2.9707836026475762381
20588 912.405000 -0.321975463158304386901 0.0138611178050988687049 -0.0492170831959482454887 -0.027706494233953816303 -0.046934236198040789334 0.99851365922042867318 2.97078439337943311926
20589 912.412000 -0.321975371856511649593 0.0138613418263759426152 -0.0492170663496500418455 -0.0277064963925277331358 -0.0469342258508891121971 0.998513659646891649224 2.97078504589352698773
20590 912.420000 -0.321975291964787802002 0.0138614821680683973637 -0.0492170528444987390171 -0.027706485614079755242 -0.0469342470318013238462 0.998513658950379356938 2.9707857558134405096
20591 912.427000 -0.321975202480346445189 0.0138617221066144533093 -0.0492170139345080998039 -0.0277064084271251218072 -0.046934261717223826893 0.998513660401863845095 2.97078633324949903383
20592 912.435000 -0.3219751170080755176 0.0138619345129569540576 -0.0492169676592831353834 -0.0277063035295473450437 -0.0469343036457848111764 0.9985136613417032736 2.97078698253246420435
20593 912.442000 -0.321975044751607986093 0.0138621262237529924849 -0.0492169181092839830294 -0.0277061865084882695542 -0.0469343571428875519502 0.998513662074155483594 2.9707875403528554159
20594 912.449000 -0.321974976615609920216 0.0138623219541450931613 -0.0492168598130800494239 -0.0277060537505741874553 -0.0469344321148486426365 0.998513662233835752602 2.97078808024717000436
20595 912.456000 -0.321974912819157521593 0.0138625177106570206254 -0.0492167958056885374019 -0.0277059029440601435612 -0.0469345139948664294427 0.998513662569581406103 2.97078864723570479356
20596 912.463000 -0.321974858010578290912 0.0138627067682278067029 -0.0492167261052288973477 -0.0277057294890222169381 -0.0469345912965337466738 0.998513663748928581576 2.97078926354801264864
20597 912.469000 -0.321974809137341833054 0.0138628766857262376161 -0.0492166639645268549907 -0.0277055985962067902184 -0.046934691473605953671 0.998513662672025348321 2.97078975584324522785
20598 912.477000 -0.321974753205652497456 0.0138630921487409453779 -0.049216578824618342769 -0.0277054064071177753859 -0.0469348087700993260585 0.998513662491170239655 2.97079049973430153742
20599 912.484000 -0.32197470737000682961 0.013863280973069028526 -0.0492165019941365536327 -0.0277052538637084962148 -0.0469349331691383195309 0.99851366087638282476 2.97079114435829083618
20600 912.489000 -0.321974677246176843592 0.0138634115404705944574 -0.049216447880395808312 -0.0277051472050818675674 -0.0469350179629514571711 0.998513659850060353307 2.9707916379006431562
20601 912.494000 -0.321974648649083317054 0.013863539613265238315 -0.0492163944679311071706 -0.0277050468012616513125 -0.046935103239587952495 0.998513658627476541341 2.97079214696349769298
20602 912.499000 -0.32197462131761911408 0.0138636650507033918484 -0.0492163421520130928144 -0.0277049536072478050364 -0.0469351880402184284957 0.998513657227205642108 2.97079267105485644862
20603 912.504000 -0.321974594975305450362 0.0138637877778499916948 -0.0492162912783603648248 -0.0277048683497254991104 -0.0469352714537671980577 0.998513655671911970479 2.97079320933190338394
20604 912.509000 -0.321974569337318827777 0.0138639077838234696383 -0.0492162421393741861264 -0.0277047915252350805682 -0.0469353526389041306177 0.99851365398736791068 2.97079376064359701459
20605 912.517000 -0.321974533783901450956 0.0138640358807466303886 -0.0492161839008839890885 -0.027704708113950541476 -0.0469354683712071701907 0.9985136508616676565 2.9707946667486000436
20606 912.525000 -0.321974490026667115039 0.0138642713599084876214 -0.0492160994702364879005 -0.0277045982952607502958 -0.0469355800699396141784 0.998513648658242658485 2.97079561591961516243
20607 912.534000 -0.32197444200023911387 0.0138644705683941566604 -0.0492160287684674929709 -0.0277045360289804795673 -0.0469357027386188008222 0.998513644619767215538 2.97079665727933628361
20608 912.542000 -0.321974398920030935312 0.0138646379469552528951 -0.0492159734322028391551 -0.0277044898943857448304 -0.0469357817031275312281 0.998513642188031513847 2.97079762929820567763
20609 912.550000 -0.321974358196966070622 0.0138647484119061373264 -0.0492159361474761858357 -0.0277044805444256539428 -0.0469358605435941309003 0.998513638741502562723 2.97079856204349468385
20610 912.558000 -0.321974304700019697822 0.0138649665975623167385 -0.0492158762568462998521 -0.0277044429670826944379 -0.046935915184656999688 0.998513637215667881897 2.97079953211064218266
20611 912.567000 -0.321974242654387843299 0.0138651526421572583031 -0.0492158307880503562148 -0.0277044397286849049256 -0.0469359790780409999456 0.998513634302158892275 2.97080057162125710235
20612 912.576000 -0.32197417677006373582 0.013865340219955987755 -0.0492157874754352159252 -0.0277044407885706119032 -0.0469360391058682921428 0.998513631451090954982 2.97080157523280474763
20613 912.584000 -0.321974116963879841702 0.0138655041611827380132 -0.0492157514346184127296 -0.027704432947087055672 -0.0469360763676078124318 0.998513629917135547842 2.97080247043581824329
20614 912.592000 -0.321974054223076844305 0.0138656686906850918489 -0.0492157170807176469474 -0.0277044169305334896103 -0.0469361050710329699709 0.998513629012293568721 2.97080336461360117184
20615 912.602000 -0.321973979347436878307 0.0138658245967811944582 -0.0492156842259799248707 -0.0277044108415739412377 -0.0469361612931326749321 0.998513626538459653226 2.97080442449672199601
20616 912.610000 -0.321973905173219221432 0.0138660509252466583596 -0.0492156361574506914791 -0.0277043620224677322739 -0.0469361928266894823381 0.998513626410708510228 2.97080527215204925895
20617 912.619000 -0.32197382721889716839 0.0138662494643666638072 -0.0492155922693876951568 -0.0277043217886746087619 -0.0469362549895615960294 0.998513624604984828537 2.97080618166346965836
20618 912.627000 -0.321973759758919730878 0.0138664226346486528507 -0.0492155519410874819908 -0.0277042645503268840368 -0.0469363006249112479917 0.998513624047951187102 2.97080702269085383804
20619 912.635000 -0.321973692976317560355 0.0138665982509489030955 -0.0492155079674032949755 -0.0277042013396075655074 -0.0469363610705322772954 0.998513622960443658627 2.97080784297750977174
20620 912.644000 -0.321973617312900250997 0.0138668003108978893367 -0.0492154548562083737906 -0.0277041261612638138601 -0.0469364485202412515252 0.998513620935612244978 2.97080874689272977918
20621 912.652000 -0.321973553624410491203 0.0138669746021450168011 -0.0492154059411389205314 -0.0277040411412901033117 -0.0469365172654864978852 0.998513620063055662435 2.97080959650777831627
20622 912.660000 -0.321973491890428065165 0.0138671493219144834064 -0.0492153535597242078325 -0.0277039545838932109445 -0.0469365997905110965416 0.998513618585404660877 2.97081043685368717533
20623 912.668000 -0.321973432963767292048 0.0138673220330915690501 -0.0492152984156623840573 -0.027703860346407933879 -0.0469366848489682977896 0.998513617201736258799 2.97081129492364803824
20624 912.676000 -0.321973371336224667427 0.0138674994098262997777 -0.0492152427388701796396 -0.0277037809749760381706 -0.0469367921287940983999 0.998513614361040691136 2.97081212961792662242
20625 912.684000 -0.321973326185416297562 0.013867604328759454077 -0.0492151991229530239025 -0.0277036963180350426228 -0.0469368655987314892242 0.998513613256266308049 2.97081305074978230252
20626 912.692000 -0.321973262255645598096 0.013867832477005690231 -0.0492151280187258857723 -0.0277035929805618738597 -0.0469369720812344778937 0.998513611117952004648 2.97081392340513827932
20627 912.700000 -0.321973209978110574969 0.0138679957709680855282 -0.049215069561982266455 -0.027703505086407821667 -0.0469370658765171436255 0.99851360914753239939 2.9708148289227676031
20628 912.707000 -0.321973163955845964601 0.0138681380252735960562 -0.0492150190159717643157 -0.0277034329300623327619 -0.0469371481489055178415 0.998513607282112691799 2.97081562801449727829
20629 912.714000 -0.321973118513871614521 0.013868279748070961796 -0.0492149680062196198671 -0.0277033684389343219656 -0.0469372356281405403444 0.998513604959254008619 2.97081641444347122061
20630 912.721000 -0.321973073209556426288 0.0138684185302007084023 -0.0492149185765815705418 -0.0277033042348583634362 -0.0469373138922266619488 0.998513603061597532218 2.97081722337975984161
20631 912.729000 -0.321973023266809987852 0.0138685729751725789899 -0.0492148629729822206791 -0.0277032322996109102442 -0.0469373955544639745452 0.998513601218690149963 2.97081815702666141021
20632 912.737000 -0.321972978430089540325 0.0138686700247525121488 -0.0492148226897578464079 -0.0277031839635342655437 -0.0469374714515870886111 0.998513598992028739154 2.97081909481034012188
20633 912.744000 -0.32197292707894265007 0.0138688605071799059276 -0.0492147627508111237815 -0.0277031130199129824176 -0.0469375409276087257604 0.998513597694430488083 2.97081990543531881954
20634 912.751000 -0.321972880503312963718 0.0138689945620679364047 -0.0492147178920408420733 -0.0277030637970648203894 -0.0469376059173006454639 0.998513596005085934948 2.97082071674306069653
20635 912.759000 -0.321972828154675483336 0.0138691449954468741523 -0.0492146677342941360478 -0.0277030072665153809242 -0.0469376730566032906999 0.998513594417433369976 2.97082164575384100047
20636 912.767000 -0.321972774571894992945 0.0138692940585073871962 -0.0492146197465895413048 -0.0277029496337581615517 -0.0469377310535798036861 0.998513593290111911571 2.97082258752618688646
20637 912.775000 -0.321972719902166026884 0.0138694446061180809426 -0.0492145719362507561012 -0.0277028976663701402561 -0.0469377946062266085403 0.99851359174444409561 2.97082350459948507648
20638 912.783000 -0.321972670653463299839 0.0138695399499929577364 -0.0492145380468469451074 -0.0277028617827833993636 -0.0469378548921521865367 0.998513589906099952032 2.97082442261752621704
20639 912.790000 -0.321972613485825898128 0.0138697292445008803913 -0.0492144849289337799059 -0.0277028028693095430823 -0.0469379134721765803318 0.998513588786884009885 2.97082520744688283187
20640 912.799000 -0.321972557469702769239 0.0138698413350832674973 -0.0492144457964194745325 -0.0277027550422354953974 -0.0469379784840365521514 0.998513587057733520425 2.97082624047138210699
20641 912.806000 -0.321972494850223611706 0.0138700384210850430344 -0.0492143933271717154421 -0.0277027061658616201301 -0.0469380533184157872073 0.998513584895951988862 2.97082698289743252218
20642 912.812000 -0.321972452142322229651 0.0138701497496548746546 -0.0492143598013392302715 -0.0277026589925922807345 -0.0469380928071376421484 0.998513584348439620086 2.97082767744472509008
20643 912.819000 -0.321972399794138108842 0.013870285805006828117 -0.0492143190673417219028 -0.0277026151642002331499 -0.0469381605672846285993 0.998513582379140118839 2.97082844027434989087
20644 912.827000 -0.321972341336843104198 0.0138704363756294683785 -0.0492142737643123800995 -0.0277025523887545199742 -0.0469382220888157550287 0.998513581228762991948 2.97082935543168602521
20645 912.834000 -0.321972289107447406931 0.0138705720815397361839 -0.0492142323491086622345 -0.0277025050974257017189 -0.0469382934131719678494 0.998513579187977895479 2.97083011946065544961
20646 912.841000 -0.321972236951021728579 0.0138707062029733117769 -0.049214191363718441663 -0.027702452774498405319 -0.046938359894635101055 0.998513577514436478921 2.97083090304550356819
20647 912.848000 -0.321972189443071432624 0.0138708332568939704532 -0.0492141494188230305129 -0.0277023854538186731222 -0.0469384112098447311978 0.998513576969919602888 2.97083172201914935684
20648 912.855000 -0.32197213755548309555 0.0138709663384444115836 -0.0492141082191785983468 -0.0277023336527301364263 -0.0469384822752558147907 0.998513575066402592206 2.97083250727834524696
20649 912.861000 -0.321972092500247275559 0.0138710828241792004378 -0.0492140714531897061068 -0.0277022917598898632541 -0.0469385521518410342434 0.998513572943872884657 2.97083316510516892706
20650 912.868000 -0.321972046346524432003 0.0138712075993252664796 -0.0492140282744818746696 -0.0277022215159170789867 -0.0469386065829092286039 0.998513572333965759853 2.97083399394279989991
20651 912.874000 -0.321972001590975553942 0.0138713228184812360777 -0.0492139916029500357197 -0.0277021817228551049672 -0.0469386793175461738969 0.998513570018814800022 2.97083465368268306861
20652 912.881000 -0.321971952088074664378 0.0138714522858478413181 -0.0492139483366002342124 -0.0277021242365012160258 -0.0469387512348472535351 0.998513568232950232684 2.97083545666947301811
20653 912.887000 -0.321971912218624423119 0.0138715582194993310161 -0.049213911603026613828 -0.0277020670534430420162 -0.0469388010624164492279 0.998513567477072094825 2.97083617257759158292
20654 912.895000 -0.321971864424695886076 0.0138716471020410465897 -0.049213874075602688507 -0.0277020205824179653609 -0.0469388838642589567574 0.998513564873922510046 2.97083709193805933779
20655 912.901000 -0.321971815410291295478 0.013871813657565471023 -0.0492138234585867834214 -0.0277019558814676387926 -0.0469389506631719063967 0.998513563528799275026 2.97083777597827092265
20656 912.909000 -0.321971772330233885206 0.0138718933260325583134 -0.0492137864314038039892 -0.0277018934635027518076 -0.0469390098466718960757 0.998513562478322458382 2.97083875002350294992
20657 912.915000 -0.321971723340311877237 0.0138720580695812674421 -0.0492137363634329375039 -0.0277018326575152427915 -0.0469390764997262913139 0.998513561031980967364 2.97083943463115707218
20658 912.923000 -0.321971671135869552671 0.0138721974930964553341 -0.049213685766399187238 -0.027701762923348992318 -0.046939149778839173166 0.998513559521841509437 2.97084037775802789483
20659 912.930000 -0.321971622979228322414 0.0138723212446834609501 -0.0492136432136736634568 -0.0277017115095767457733 -0.0469392197811818318032 0.998513557657468298068 2.97084119120393586044
20660 912.937000 -0.321971575497447037861 0.0138724440559223165248 -0.0492136003024498391856 -0.0277016569749133773071 -0.0469392863038646870888 0.998513556043245764648 2.97084201024038874195
20661 912.944000 -0.321971527918678890323 0.0138725678765585086483 -0.049213556699820762419 -0.0277016073400497379875 -0.0469393594847821379878 0.998513553980083012895 2.97084280966861102868
20662 912.951000 -0.321971480019393685446 0.0138726902074132983633 -0.0492135142259101793227 -0.0277015549098590732613 -0.0469394255223473111371 0.998513552330266618284 2.97084362600302709367
20663 912.957000 -0.321971441011760173279 0.0138727906353018175245 -0.049213478571711072318 -0.0277015026334153334486 -0.0469394698491431908161 0.998513551696787127199 2.9708443498029861729
20664 912.964000 -0.32197139294904597584 0.0138729137539215785502 -0.0492134357597311666854 -0.0277014547501111749184 -0.0469395414886273620869 0.998513549657471966015 2.97084514651353215342
20665 912.969000 -0.321971358955039588245 0.0138730000017083226344 -0.0492134058683473124551 -0.027701417254940324808 -0.0469395865099157122424 0.998513548581262844195 2.97084572928843959616
20666 912.975000 -0.321971319312634451926 0.0138731003308633603355 -0.0492133706891976982489 -0.0277013666798383434431 -0.0469396311102354552025 0.998513547887711072626 2.97084644901407690654
20667 912.981000 -0.321971276116304050419 0.0138732078279313903596 -0.049213334735814850962 -0.0277013294955911065776 -0.0469396961777418866846 0.99851354586050455886 2.97084712306365794632
20668 912.986000 -0.321971241781856654107 0.0138732938822464218348 -0.049213305230824469505 -0.027701292497497774503 -0.0469397411062805400284 0.998513544774853545327 2.97084770398291952986
20669 912.993000 -0.321971197040651913035 0.0138734088134732300168 -0.0492132636778535512145 -0.0277012287533117546046 -0.0469397893327772181005 0.998513544276166231661 2.97084854688081145824
20670 912.998000 -0.32197116252529606184 0.013873494706068835447 -0.0492132343678702566248 -0.0277011918619075175885 -0.0469398345008339851203 0.998513543176287710068 2.9708491269631385201
20671 913.003000 -0.321971127956532432446 0.0138735805106690660016 -0.0492132051185358299072 -0.0277011549634785698981 -0.0469398798235022354786 0.998513542069332293849 2.97084970686186755628
20672 913.009000 -0.321971083788214818 0.0138736877075279520233 -0.0492131703635857870038 -0.0277011211700780891898 -0.0469399473775221898197 0.998513539831141216929 2.97085037488972414366
20673 913.014000 -0.321971049153950195088 0.0138737732590489826201 -0.0492131412065618251139 -0.0277010841706649760252 -0.0469399931123699251656 0.998513538707603176547 2.97085095476242555534
20674 913.020000 -0.321971008876339059857 0.0138738726389474719553 -0.0492131067755221807136 -0.0277010338396638591818 -0.0469400389512586793672 0.9985135379490195362 2.97085167200561395262
20675 913.025000 -0.321970974249470298645 0.0138739578441001865788 -0.0492130776601854766361 -0.0277009966537038777867 -0.0469400851409482941512 0.998513536809267354677 2.97085225236378347446
20676 913.030000 -0.32197093964878475969 0.0138740428600338285003 -0.0492130485498408834499 -0.0277009593655740508911 -0.0469401315338616384465 0.998513535662792439673 2.97085283309642278482
20677 913.036000 -0.321970896062175548913 0.0138741487611868611479 -0.0492130132015878019036 -0.0277009218288868791502 -0.0469401986495288706114 0.998513533549031384595 2.97085350688822069642
20678 913.041000 -0.321970861562571042391 0.0138742332960703085992 -0.0492129840788959604936 -0.0277008843006694670252 -0.0469402454488169404434 0.998513532390105207348 2.97085408872047107565
20679 913.046000 -0.321970827125399372548 0.013874317586499327129 -0.0492129549427687551511 -0.0277008466637357307627 -0.0469402924050608266748 0.998513531226812856012 2.97085467114959778101
20680 913.052000 -0.321970787371142708189 0.0138744150750718282794 -0.0492129205833212735044 -0.0277007948402467965576 -0.0469403386911913175772 0.998513530488583267442 2.97085539361408512704
20681 913.059000 -0.321970738761778507708 0.0138745344404026717949 -0.0492128789937737662341 -0.0277007468146948272747 -0.0469404131885911152233 0.998513528318766718783 2.97085619103532616592
20682 913.066000 -0.321970690132811321327 0.0138746520801052916627 -0.0492128382190542834618 -0.0277006951509519185051 -0.0469404813381673682859 0.99851352654828617883 2.97085700744185565725
20683 913.073000 -0.321970645961612234043 0.0138747626544219859052 -0.0492127969025405176406 -0.0277006297841056250975 -0.0469405328759743556422 0.998513525938874546561 2.9708578579409725684
20684 913.080000 -0.321970597140098901967 0.0138748793997643948828 -0.0492127567585024447427 -0.0277005810771799032555 -0.0469406028385548415582 0.998513524001122254603 2.97085867278723370077
20685 913.087000 -0.321970549174511511126 0.0138749951641692990251 -0.0492127160021687340419 -0.0277005284452785764671 -0.046940670080973398437 0.998513522300124578557 2.97085949430956564044
20686 913.094000 -0.321970501339555681408 0.0138751118217222656204 -0.049212674284936010205 -0.0277004799669474631452 -0.0469407446266601885432 0.99851352014056138362 2.97086029757605629698
20687 913.102000 -0.32197045414671987551 0.0138751866278289080758 -0.0492126404152897281574 -0.0277004356306584549607 -0.0469408169945901843079 0.998513517968460995178 2.97086124796988126917
20688 913.109000 -0.321970410611614576979 0.0138752946946484028573 -0.0492125992661687217122 -0.0277003704606177576786 -0.0469408686990801030103 0.998513517345719359142 2.97086210323018162782
20689 913.116000 -0.321970362427359768631 0.0138754088229036415952 -0.0492125588553844334205 -0.0277003213836481444743 -0.0469409378930203333158 0.998513515454330979892 2.97086292240945759602
20690 913.123000 -0.321970309524293285541 0.0138755766406554285897 -0.0492125044259897753696 -0.0277002484754559873126 -0.0469410040946410325735 0.998513514364720466965 2.97086374282904408517
20691 913.130000 -0.321970261381732347772 0.0138756902153183182824 -0.0492124644120773002687 -0.027700200129514605113 -0.0469410729806293350319 0.998513512467513963955 2.97086456169425217055
20692 913.135000 -0.321970227965617417087 0.0138757702394574633509 -0.0492124352948459520274 -0.0277001623320968642927 -0.0469411194984034260691 0.998513511329221836732 2.97086515124548000699
20693 913.141000 -0.321970195279834336954 0.0138758097308653623875 -0.0492124131136972842171 -0.0277001320253030848539 -0.0469411709339516147743 0.99851350975193631232 2.97086587029682824834
20694 913.146000 -0.321970152330198100543 0.013875949968839016227 -0.0492123709597845626629 -0.027700086821171476803 -0.0469412327693188927147 0.99851350809901229244 2.97086642419151480965
20695 913.151000 -0.321970118902538848804 0.0138760295749551718081 -0.0492123419713516446761 -0.0277000492942262969975 -0.0469412790772319246657 0.998513506963071062472 2.97086701334946434727
20696 913.158000 -0.321970080980788664338 0.0138760821717705002537 -0.0492123144788674665717 -0.0277000049344325836864 -0.0469413283915036116944 0.998513505875345375173 2.97086786903732713583
20697 913.162000 -0.321970046795887365754 0.0138762009932557398018 -0.0492122789823389028552 -0.027699960517107616309 -0.0469413705878476208988 0.998513505123834077537 2.97086833161863417274
20698 913.168000 -0.321970008618250091992 0.0138762939653289431308 -0.0492122433585584911908 -0.0276999102904035184036 -0.0469414214788481110041 0.998513504124730721934 2.97086904551750841108
