7182 1056.205000 -0.389945975893741358931 -0.0215467074773505740115 -0.0610406445493116844858 -0.0105430018948022875824 -0.000970404954442454989461 0.999943950141842008428 3.11926759931077413057
7183 1056.211000 -0.389944210773964017314 -0.0215402661968289929617 -0.0610298009180113981698 -0.0105267571667677379416 -0.000980690490679171330071 0.999944111253080691881 3.11925375314089681211
7184 1056.217000 -0.389943517570040920628 -0.0215326037968091819896 -0.0610172687129915541915 -0.0105039768395295222275 -0.000994646856183453416736 0.999944337024909701839 3.11923791459602073317
7185 1056.221000 -0.389943596724107388596 -0.0215268693077321424112 -0.0610082633116484987501 -0.0104860431132693023709 -0.00100570170572219521297 0.999944514192615319104 3.11922634141757670889
7186 1056.225000 -0.389944058303411444921 -0.0215206792505798459592 -0.0609989386248279627512 -0.0104665584770206755022 -0.00101791912534640962597 0.999944705968435654242 3.11921402633623623402
7187 1056.229000 -0.389944787231713607678 -0.02151392919590484204 -0.0609895154555986848677 -0.0104463410580286509416 -0.00103129178890288305918 0.999944903680070606988 3.11920010339070596928
7188 1056.233000 -0.389945815366229187049 -0.0215068127566264005734 -0.0609801082861627513632 -0.0104255639452973721676 -0.00104524893482759308021 0.9999451060288692128 3.11918484603941603694
7189 1056.237000 -0.38994712799097813738 -0.0214994870161427376054 -0.0609708023484302474859 -0.0104045910704279962605 -0.00105966701705072392781 0.999945309299698714689 3.11916863525029031123
7190 1056.241000 -0.389948636853478247666 -0.0214919247534751910178 -0.0609617726720040054023 -0.0103839711784697395075 -0.00107438375595611166312 0.999945507936362387724 3.119151076422719715
7191 1056.245000 -0.389950272479909709755 -0.0214841543188522450525 -0.0609531427553417076703 -0.0103640925211193751787 -0.00108921622408221009139 0.999945698122768455995 3.11913220647907252214
7192 1056.249000 -0.389951976862837668136 -0.021476219076374848671 -0.0609450148434960217725 -0.0103452506158104827472 -0.00110397163725094518694 0.999945877053513454413 3.11911219932602223892
7193 1056.253000 -0.389953698378647795053 -0.0214681711405342173782 -0.0609374705058750021358 -0.0103276687834941583582 -0.00111847926709499750908 0.999946042675117330312 3.11909132337645589317
7194 1056.257000 -0.389955391456246636128 -0.0214600658945506145292 -0.0609305724243871735246 -0.0103115071603924936955 -0.00113259393759610935658 0.999946193577961217613 3.11906989603178219639
7195 1056.261000 -0.389957016724892802095 -0.021451959498450325764 -0.0609243645817891255057 -0.0102968693387002711154 -0.00114619707149182618877 0.999946328916754834104 3.11904825791552031689
7196 1056.265000 -0.389958541342246001182 -0.0214439071245163329071 -0.0609188730626752869557 -0.0102838091414977385318 -0.00115919520533975715058 0.999946448334118165313 3.11902675209125801459
7197 1056.269000 -0.389959939141728717527 -0.0214359616608308829744 -0.0609141070112594190666 -0.0102723375591704055992 -0.00117151782924053622127 0.999946551885172563168 3.11900570791678699578
7198 1056.276000 -0.389962024817918084807 -0.0214224610724132562278 -0.0609074846305522124568 -0.0102559943074720227169 -0.00119131675987282697679 0.999946696251926669952 3.11897088283093948391
7199 1056.283000 -0.389963605526767898013 -0.0214096702237311954653 -0.0609029237590186026119 -0.0102441009105109486627 -0.00120876067480255901254 0.999946797231815676099 3.1189397216936631807
7200 1056.291000 -0.389964782637596318882 -0.0213961538131136920493 -0.0608999327121486772052 -0.0102353271267405440681 -0.00122579985178176194965 0.999946866335072681586 3.11890974994889669247
7201 1056.298000 -0.389965296206408518209 -0.0213854298274342990993 -0.0608989177725798233598 -0.0102312307526587764617 -0.00123827063575199822036 0.999946892891376837298 3.11888894338287947505
7202 1056.306000 -0.389965370225128671322 -0.0213745183410331308915 -0.0608991352269161734245 -0.0102298715863752536642 -0.00124994258240584163282 0.999946892275218157664 3.11887132351117513096
7203 1056.312000 -0.389965128319030185367 -0.0213672814322045101498 -0.0608999705501764437843 -0.0102307152633381234774 -0.00125706032016407271909 0.999946874721128420305 3.1188620793995736058
7204 1056.319000 -0.389964594526484964465 -0.0213598251142060879815 -0.0609013778563611551942 -0.0102332670150885405441 -0.00126380185124261561896 0.999946840112552526314 3.11885497507212861024
7205 1056.327000 -0.389963741884276071659 -0.021352502774268075636 -0.0609032189377262042629 -0.0102377335818337987516 -0.0012697444385150189524 0.999946786864265413364 3.11885066672497313078
7206 1056.334000 -0.389963021751487393107 -0.021347106187960408763 -0.0609047392717581570487 -0.0102423964366037349022 -0.00127379918458800172297 0.999946733956800781762 3.11884364698608962385
7207 1056.341000 -0.389962209428562855962 -0.0213421763292036305304 -0.0609060618776714329803 -0.0102479621747096939777 -0.00127714798759542402101 0.99994667266023917751 3.1188328685202248991
7208 1056.348000 -0.389961277627103808374 -0.0213377748502181635581 -0.0609069994998218539051 -0.0102537503415686282598 -0.00127947408485583986534 0.99994661034977216918 3.11882307134258685011
7209 1056.354000 -0.389960418402705510932 -0.0213339562028563231588 -0.0609077002490484575858 -0.0102589614899793440256 -0.00128111928187910799684 0.999946554793071262779 3.11881449292393497785
7210 1056.359563 -0.389959685297033120666 -0.0213310749115912245966 -0.0609080029405689102329 -0.0102631416171277758953 -0.00128224340729575893641 0.999946510457430104424 3.11880813912983567704
7211 1056.364000 -0.389958939994581088584 -0.0213283042247604144592 -0.0609081352608414339223 -0.0102672127475538846331 -0.00128329674635843595139 0.999946467313054365711 3.11880214551890277974
7212 1056.369000 -0.389958187731991035019 -0.0213256144446294509942 -0.0609081169631842528345 -0.0102711349540355306037 -0.00128435169288498786562 0.99994642567863845084 3.11879645449776088384
7213 1056.373000 -0.389957583390748763197 -0.0213235024834161519813 -0.0609080110781566874678 -0.0102741434662740379474 -0.00128523557846436215467 0.99994639363595005932 3.11879207501586686035
7214 1056.377000 -0.389956978098345119488 -0.0213214122868929656374 -0.0609078405022556654269 -0.0102770224682986674458 -0.00128618008232297856112 0.999946362836518276573 3.11878781084539591362
7215 1056.382000 -0.389956221063133157134 -0.0213188132959884618645 -0.0609075612486532219636 -0.0102804230771633541702 -0.0012874725664195239231 0.999946326217435177419 3.11878258808344765995
7216 1056.387000 -0.389955463808328295361 -0.0213162124128524060884 -0.0609072391800984588861 -0.0102835890442868841538 -0.00128891161849504554994 0.999946291809319154353 3.11877742126360857355
7217 1056.392000 -0.38995470594070902326 -0.0213135946954190330649 -0.0609069062449152306971 -0.0102865091966534184797 -0.00129051128144125966564 0.999946259710580598323 3.11877224668108166128
7218 1056.397000 -0.389953946722751243481 -0.021310948837684366014 -0.0609065919788174953142 -0.0102891758528590258198 -0.00129227636366610197823 0.999946229995427704473 3.11876700688640706716
7219 1056.401000 -0.389953337875443117877 -0.0213088065562025696931 -0.0609063714503930708766 -0.0102911230706053472006 -0.00129380563498837880369 0.999946207979671708443 3.11876273437628537266
7220 1056.406000 -0.389952574586394207223 -0.0213060927340927193374 -0.0609061523272520499717 -0.0102933212104835206113 -0.00129585597600910843938 0.999946182699722574405 3.11875725769012923649
7221 1056.413000 -0.389951502070018884982 -0.0213022235933049419732 -0.0609059786497087862767 -0.010295952803201887521 -0.00129895894542657818448 0.999946151580940245651 3.11874927908078136696
7222 1056.420000 -0.389950427611799543826 -0.0212982771602564721625 -0.0609059807838437800021 -0.0102980572180820465628 -0.00130228578952559944336 0.999946125583401457249 3.11874088614841626921
7223 1056.427000 -0.389949357462461954071 -0.0212942660697548122317 -0.0609061590649492418104 -0.0102996262357984390279 -0.00130577665317830617607 0.999946104871024976646 3.11873205742248194028
7224 1056.434000 -0.389948191673342381414 -0.021289942544108930722 -0.0609065937640216603643 -0.0103010866168436396317 -0.00130961615411196146547 0.999946084806596413586 3.11872119404411884958
7225 1056.441000 -0.38994716591336164857 -0.0212858179755216619933 -0.0609070459662340857321 -0.0103015515647768701735 -0.00131318807730624155863 0.999946075332281192338 3.1187107207089335148
7226 1056.449000 -0.38994609130220320159 -0.0212813439850134782094 -0.0609075286724692632756 -0.010301197236775345642 -0.00131721517155779211349 0.999946073685816672061 3.1186988528565806611
7227 1056.456000 -0.389945210466521308135 -0.021277172984268632322 -0.0609080633077493799332 -0.0103004691639175423312 -0.00132081333454749398279 0.999946076439693909421 3.11868744519934093518
7228 1056.463000 -0.38994440495414550707 -0.0212731879441242395512 -0.0609084432517087714931 -0.0102991417862948551193 -0.00132428835233948643396 0.99994608551602692792 3.11867642300597980309
7229 1056.469000 -0.389943784165679541154 -0.0212698211057925634648 -0.0609086525625024272079 -0.0102976152801510494744 -0.00132719139709161406543 0.999946097388523025273 3.11866725803213107326
7230 1056.475187 -0.389943237193734693058 -0.0212665166860146435945 -0.0609087177237686017151 -0.0102957564010851421871 -0.00133002338085404974224 0.999946112767050920844 3.11865857586599570794
7231 1056.483000 -0.389942635744413124144 -0.0212622316254462880025 -0.0609085341648943068282 -0.0102928223314400508343 -0.00133370306008240356414 0.999946138071746815079 3.1186480319915355075
7232 1056.490000 -0.38994223850309817081 -0.0212586122765565377346 -0.0609080912314063638302 -0.0102899067097477706773 -0.0013368558486040965725 0.999946163869008031178 3.11863994707079372759
7233 1056.497000 -0.389941956677300194389 -0.0212551079964362170382 -0.0609073812435474079563 -0.0102867918251656077083 -0.00133998890707592030816 0.999946191724172095405 3.11863298924119858313
7234 1056.502000 -0.389941984065523605807 -0.0212529159635105879822 -0.0609066148614974683939 -0.0102840758101784088968 -0.00134208648649361290267 0.999946216847983015974 3.11862742105124679526
7235 1056.508000 -0.389941961880592491418 -0.0212500867205521991321 -0.060905631210765656669 -0.0102812884894065495467 -0.00134486654926753912073 0.999946241775507838057 3.11862049324256496163
7236 1056.512000 -0.389941967028480274138 -0.0212481825878694727261 -0.0609049010381901845257 -0.0102795054809056637946 -0.00134671348451607334612 0.999946257620807688049 3.1186159152998063071
7237 1056.518500 -0.389942026645305916954 -0.0212453514834814102819 -0.0609036993354660702304 -0.0102769131806281083241 -0.00134945290160786443914 0.999946280573283607929 3.11860922792560435468
7238 1056.526000 -0.389942192826202849165 -0.0212416484143143589891 -0.0609019464401487353733 -0.0102736851852574338079 -0.00135308668536717759644 0.999946308833197350374 3.11860076949022646531
7239 1056.534000 -0.389942425682670013032 -0.0212380185038357552352 -0.0609001084704563627747 -0.0102708528658252227356 -0.00135672625726035792071 0.999946332997561970757 3.11859283837602818679
7240 1056.542000 -0.389942684307987674774 -0.0212344401368825125287 -0.0608982862137656122403 -0.0102685530966684368526 -0.00136037339440438437635 0.999946351661692101054 3.11858536205916792028
7241 1056.550000 -0.3899429277818425299 -0.0212308914065587571451 -0.0608965771595611354838 -0.0102668935653786336931 -0.00136400879745445782407 0.999946363749835254175 3.11857823343523987702
7242 1056.558000 -0.389943117886364820635 -0.0212273534502540536795 -0.0608950679865335048335 -0.0102659428937081336625 -0.00136760075143727423234 0.999946368604180513273 3.11857133100839023498
7243 1056.567000 -0.389943226931277253655 -0.0212233677817455015924 -0.0608936948369279834603 -0.0102657482254441458774 -0.00137154308366635663621 0.999946365203124853949 3.11856368122464289172
7244 1056.575000 -0.389943202457461557398 -0.0212198086953392442422 -0.0608928139222596614966 -0.0102663238436072057347 -0.00137491839222928782446 0.999946354658165059703 3.11855685351982669928
7245 1056.583000 -0.38994304658318679202 -0.021216228086688847243 -0.0608922742368144531699 -0.0102675294504989272903 -0.00137813872259172831222 0.999946337846508770397 3.11854989178799524296
7246 1056.591000 -0.389942752737103381921 -0.0212126239749794755218 -0.0608920706283378118662 -0.0102692548385185707799 -0.00138118077125609617882 0.999946315931379725583 3.11854271328313181755
7247 1056.599000 -0.389942323932255974217 -0.0212089976568182562999 -0.0608921746803764776801 -0.0102713620466906175449 -0.00138403237411719175383 0.999946290345683164169 3.11853525939212783413
7248 1056.607000 -0.389941770091811579224 -0.0212055324103207487596 -0.0608924873165561722499 -0.0102736366032602690485 -0.00138660630920307771825 0.999946263413133307196 3.11852793653681148456
7249 1056.615000 -0.389941118602867453635 -0.0212017032819049947023 -0.0608930969042743366892 -0.0102760987188066157949 -0.00138918467150858150096 0.999946234535172173707 3.11851945617863979265
7250 1056.622000 -0.38994048326479147093 -0.0211985041913962217464 -0.0608936899052243546526 -0.0102781241899282758251 -0.00139121961643806483534 0.999946210888923325832 3.11851215534328130019
7251 1056.630000 -0.389939698676176282888 -0.021194834667880427248 -0.060894424404672450879 -0.0102802697306572064784 -0.00139345162203801721003 0.999946185725432923341 3.11850354066980406387
7252 1056.638000 -0.389938896937840118184 -0.0211911840877076450285 -0.060895137718173057706 -0.0102820700812187269813 -0.00139559122826186476733 0.999946164230839373843 3.11849474606780763253
7253 1056.646000 -0.389938096911823961488 -0.0211875365181967284522 -0.0608957729971356109822 -0.0102834678940830516469 -0.00139768428601729399925 0.999946146933277768554 3.11848576744378913617
7254 1056.654188 -0.389937333621001414041 -0.0211839168144635388302 -0.0608962659212817641885 -0.0102843919443209707437 -0.00139978860125195957859 0.999946134486356830173 3.11847675318470862749
7255 1056.662000 -0.389936622900702190009 -0.0211803093168382063072 -0.0608965815038455052233 -0.0102848335995712938246 -0.00140193335640147165831 0.999946126939193380423 3.11846769796346734438
7256 1056.670000 -0.389935991273580917493 -0.0211767354248674211092 -0.0608966855695093969847 -0.010284783973686349029 -0.00140416323864874068202 0.999946124320812534947 3.11845873691871533495
7257 1056.678000 -0.38993543762239007977 -0.0211731719418831385027 -0.0608965804657642384434 -0.0102843213122948834437 -0.00140651644105342231612 0.999946125772107063945 3.11844986685426972528
7258 1056.686000 -0.38993497769988955115 -0.0211696327147313859141 -0.0608962612510726419845 -0.0102834724156362824349 -0.00140899829659977562056 0.999946131008504268678 3.11844115622658835107
7259 1056.694000 -0.389934607882659933775 -0.0211661118454520326415 -0.0608957505157646378224 -0.01028233178971589383 -0.00141162813995415704557 0.999946139028978442376 3.11843263769460410373
7260 1056.702000 -0.389934323060327270305 -0.0211626100649408566134 -0.0608950780181531231561 -0.0102809938934310361736 -0.0014144111048526586405 0.999946148852921767869 3.11842434727015360707
7261 1056.710000 -0.38993410794004829123 -0.0211591087067305692881 -0.0608942843192565030908 -0.0102795558230997820248 -0.00141732247138185970051 0.999946159515147092733 3.11841621884254704966
7262 1056.717000 -0.389933968618110637916 -0.021156049192707013229 -0.060893521489623181342 -0.0102782842032027085105 -0.00141996702290394160792 0.999946168834848880813 3.11840925843662697403
7263 1056.726000 -0.389933841530483826787 -0.0211521218140315395151 -0.0608924947053844090039 -0.0102767105442276660693 -0.00142345500835849131903 0.999946180049820942948 3.11840050285589498458
7264 1056.733000 -0.389933756624063265761 -0.0211490515161799480515 -0.0608917020950294346493 -0.0102756518042149309899 -0.00142626123512241422507 0.999946186931520597518 3.11839378430407698772
7265 1056.741000 -0.389933669827255802165 -0.0211455338362390304896 -0.0608908309783816811822 -0.0102746044711931518861 -0.00142946868935759068692 0.999946193113522840967 3.11838616136171875581
7266 1056.748000 -0.389933593588273452735 -0.0211424544373994272028 -0.0608901209540621546346 -0.0102738644389458733119 -0.00143226860701640436833 0.999946196710666868057 3.11837954466552957911
7267 1056.755000 -0.389933492021164840313 -0.0211393485197515842988 -0.0608894867728877950408 -0.0102733542247378101253 -0.00143507062355161234962 0.999946197935308145333 3.11837290152895896256
7268 1056.763000 -0.38993335072127566221 -0.0211357853595186898077 -0.0608888574517171404787 -0.0102729947822970072574 -0.00143820762908202794648 0.999946197121134416896 3.11836525954743271072
7269 1056.769000 -0.389933221706757870972 -0.0211331085474182091277 -0.0608884581200061780759 -0.0102728887564366190566 -0.00144052171533622466217 0.999946194879397287636 3.11835951458463966901
7270 1056.777000 -0.389933006948879778975 -0.0211295113570095435818 -0.0608880291853263477808 -0.0102729529504242914767 -0.00144352250990953693763 0.999946189892456982484 3.11835171606764571806
7271 1056.784000 -0.389932784424647516097 -0.0211263586994000773789 -0.0608877406335225357381 -0.0102731674361782650967 -0.00144607857079729349228 0.999946183995716442183 3.11834483400392459274
7272 1056.791000 -0.389932523482961257422 -0.0211231850440364889165 -0.0608875307317813113661 -0.010273509232694839205 -0.00144855335116687421876 0.999946176902154482136 3.11833781670319876156
7273 1056.798000 -0.389932233493516355871 -0.021120011472941558478 -0.0608873819144031408479 -0.010273934411715628795 -0.00145096261290015432488 0.999946169040713761511 3.11833074044201419284
7274 1056.805000 -0.389931909878680205139 -0.021116819773627532042 -0.0608872897184786349145 -0.0102744267720021060369 -0.00145329922567576379396 0.9999461605885926474 3.11832353047974386584
7275 1056.811000 -0.389931617232054217315 -0.0211140897960791114329 -0.0608872363314080372598 -0.010274858681498346899 -0.00145525869305841173106 0.999946153300872331293 3.11831731670605183382
7276 1056.818000 -0.389931251449129046005 -0.0211108891431541316475 -0.0608872036548106371212 -0.0102753766229530460463 -0.00145749728539410210344 0.999946144718264151585 3.11830995698884771983
7277 1056.825000 -0.389930877764025241028 -0.0211076989498073935847 -0.0608871755651552090671 -0.0102758475862717510441 -0.00145969611796226183056 0.999946136671184371281 3.11830256759402058009
7278 1056.832000 -0.389930478118124201892 -0.021104700214878001352 -0.0608871496141882226349 -0.0102762915969721643078 -0.00146179960362464544769 0.999946129035426123366 3.11829561163940027768
7279 1056.838000 -0.389930155741630202204 -0.0211017585509053785808 -0.0608871183761492199005 -0.0102766034015180779404 -0.00146373390538008280211 0.999946123001425601906 3.11828868837330519526
7280 1056.844000 -0.389929826763837417136 -0.0210990300421555233845 -0.0608870665084149179092 -0.0102768567333134663855 -0.00146559676733525349676 0.999946117669246459236 3.11828229544822832509
7281 1056.851312 -0.3899294454300004098 -0.0210958412414250194578 -0.0608869816554182263779 -0.0102770757107121680357 -0.00146777161759009092297 0.999946112228711547765 3.11827479630348802786
7282 1056.858000 -0.389929081303947155934 -0.021092669958251649559 -0.0608868566587840651105 -0.010277183097607556217 -0.0014699587825502493689 0.99994610791219951107 3.11826734259374971359
7283 1056.864000 -0.389928771710755461832 -0.0210899453731581559834 -0.0608867244411988930985 -0.0102772339163149199759 -0.00147187795942081743952 0.999946104566792004498 3.11826096236374183945
7284 1056.871000 -0.389928415171441833387 -0.0210869793177478649648 -0.060886547844558436271 -0.0102772230582055101172 -0.00147404805567455756722 0.999946101481745563966 3.11825405050372417293
7285 1056.877000 -0.389928154760909362331 -0.0210840732771447013361 -0.0608863291426523650651 -0.0102770770657745029453 -0.00147607446491175272121 0.999946099992973791437 3.11824724545496501094
7286 1056.884000 -0.389927841562659582841 -0.0210809132802428494946 -0.0608860656734009283997 -0.0102769253829756591206 -0.00147842382648477209048 0.999946098081122558554 3.11823992616642531317
7287 1056.891000 -0.389927548512853550111 -0.0210777591927297745789 -0.0608857669927045652702 -0.0102766974705431821113 -0.00148078681103971086276 0.99994609692698899206 3.11823264310259506971
7288 1056.898000 -0.389927277634845415033 -0.0210746188413271640094 -0.0608854362536019461105 -0.0102764117226129148702 -0.0014831781909305729282 0.999946096319477173431 3.11822543264459595136
7289 1056.905000 -0.389927011683981583623 -0.0210714669387370469311 -0.0608850896378105924112 -0.0102761339590159376384 -0.00148562465579313643382 0.999946095542273871715 3.11821824413075798788
7290 1056.912000 -0.3899267614576351626 -0.0210683186081723448912 -0.0608847239325275291222 -0.0102758268427440534187 -0.0014880829236277241627 0.999946095043083071907 3.11821108331198226793
7291 1056.919000 -0.389926509194412629355 -0.0210653829109312649981 -0.0608843716745666174717 -0.010275553724581856091 -0.00149047205801864160457 0.999946094291435993995 3.11820448608546252345
7292 1056.926000 -0.389926288799969933407 -0.0210620232995230478867 -0.0608839692589403097545 -0.0102752288027783827973 -0.00149306160145323265839 0.999946093767111410244 3.11819686074064073011
7293 1056.933000 -0.389926044192477894157 -0.0210590741916623497287 -0.0608836160654755015331 -0.0102749924931787410542 -0.00149546549796101884908 0.999946092603101188701 3.11819025665259275115
7294 1056.940000 -0.389925818228512244268 -0.021055921136516657366 -0.0608832434136036965144 -0.0102747475573044082242 -0.00149797265459002300336 0.999946091367209577427 3.11818317693000990332
7295 1056.947000 -0.389925603167298739926 -0.0210525441409507643731 -0.0608828629649854971562 -0.010274505966482556929 -0.00150056333332162063557 0.999946089965267792543 3.11817553279661563437
7296 1056.954000 -0.389925374459409723737 -0.0210493782682497042325 -0.0608825145348563384617 -0.0102743265096208284681 -0.00150305232225658182664 0.999946088070997052277 3.11816841594267213367
7297 1056.960000 -0.389925169812233907152 -0.0210466489064348137583 -0.0608822341930626079187 -0.0102742165437157938201 -0.00150517360905762665607 0.999946086010050638748 3.11816226373090810142
7298 1056.967000 -0.389924932909418930915 -0.0210434690622222780876 -0.0608819165084320962356 -0.0102740901252968801216 -0.00150761232071474054334 0.999946083635106619525 3.1181550803490831747
7299 1056.974000 -0.389924681088804070406 -0.021040271597736508874 -0.0608816204837785840409 -0.0102740408334586370842 -0.00151007536003890910532 0.999946080425019423465 3.11814785263937288562
7300 1056.981000 -0.389924425134240582036 -0.0210370686083031915858 -0.0608813388097433350055 -0.0102739992237208272591 -0.0015124951636734096632 0.999946077195331017862 3.11814057779708742046
7301 1056.987000 -0.389924203380259071228 -0.0210343269699957285956 -0.0608811065985847069126 -0.010273979039507849173 -0.00151456161263213207914 0.999946074274916774094 3.11813435124549043209
7302 1056.993000 -0.389923972477070057696 -0.0210315708894197109236 -0.0608808887846821120138 -0.0102739829344937437516 -0.00151660978196728685533 0.999946071130553892914 3.1181280615679760615
7303 1056.999000 -0.389923743515727894149 -0.0210288219087233531346 -0.0608806743396063249074 -0.0102739702734135802953 -0.00151862858303855878701 0.999946068196704174191 3.11812177470850215855
7304 1057.005000 -0.389923502389555365344 -0.0210260602205585497848 -0.0608804709772965135794 -0.0102740079711349345526 -0.00152068081019053765422 0.999946064690532598895 3.11811546022648089505
7305 1057.011000 -0.389923260241688773853 -0.0210232967444897930753 -0.0608802718193393183066 -0.0102740304865622123637 -0.00152270055638027159393 0.999946061385601381311 3.11810911551317992974
7306 1057.018000 -0.389922978677146370163 -0.0210200806097028021491 -0.0608800396712180016956 -0.0102740483876490075466 -0.00152505424344640070494 0.999946057614750860587 3.11810173302701132414
7307 1057.025000 -0.389922689134586553106 -0.0210168522729605108945 -0.0608798159765907148655 -0.010274078343984286224 -0.00152740209214074639139 0.999946053723414829406 3.11809430443983304215
7308 1057.033000 -0.389922364490084216726 -0.0210131754582305596557 -0.0608795533214326195504 -0.0102740777055398396084 -0.00153007284579663319427 0.999946049646873169614 3.11808583613713752314
7309 1057.039000 -0.389922113221163824104 -0.0210104083004337902074 -0.0608793598129418328524 -0.0102740975691117501778 -0.00153209833520122113044 0.999946046341417260628 3.11807947412082775429
7310 1057.047000 -0.389921769795497474842 -0.0210069392555811140788 -0.0608791077632851868051 -0.0102741119073786052462 -0.00153469074199314966037 0.999946042218699537862 3.11807151872388255143
7311 1057.054000 -0.389921486036018893895 -0.0210037264053328578961 -0.0608788683725688811732 -0.010274088383740697869 -0.00153705242906690929539 0.999946038832952965869 3.11806413812360228022
7312 1057.061000 -0.389921215514788754852 -0.0210002901334213135098 -0.0608786115116078593856 -0.0102740319556790180022 -0.00153950799494702696493 0.999946035635177254974 3.1180561962903587947
7313 1057.068000 -0.389920939416896095153 -0.0209970829030196211307 -0.0608783576624655972664 -0.0102739722495051033491 -0.00154187731614640732153 0.999946032598038936356 3.11804883388519682441
7314 1057.075000 -0.389920659466254204695 -0.020993865966403145451 -0.0608781044776367866178 -0.0102739233639396396192 -0.00154426184850258406411 0.999946029420615833949 3.11804145873298965697
7315 1057.082000 -0.389920385738684704968 -0.020990654222959904962 -0.0608778419010775756481 -0.0102738510507232802538 -0.00154664642638452365375 0.999946026478139238236 3.1180340957950960501
7316 1057.090000 -0.38992007926722838107 -0.0209869932552449109386 -0.060877534369641203571 -0.0102737585594098318476 -0.00154938749652197473722 0.999946023184975940623 3.11802573172731589679
7317 1057.097000 -0.389919812005058430415 -0.0209837839499437302238 -0.0608772619780136720058 -0.0102736723376670429503 -0.00155178483585266362155 0.999946020353359665833 3.11801839222699372911
7318 1057.104000 -0.389919551772076378171 -0.0209805849693155167801 -0.0608769819784349755509 -0.0102735725525751244586 -0.00155419037379920079237 0.999946017642596829411 3.11801109541847765172
7319 1057.110000 -0.389919325716895692757 -0.0209778331218689363669 -0.0608767456107361173978 -0.0102734991387899692733 -0.00155625333583057456725 0.999946015188319936584 3.11800481437422805087
7320 1057.115000 -0.389919125443423886246 -0.0209757591813940075243 -0.0608765623359153254524 -0.0102734580656602316612 -0.00155787516335551858015 0.999946013084880735988 3.11800012013843508285
7321 1057.120000 -0.389918959587483848761 -0.0209732591483029855162 -0.0608763403906753958195 -0.0102733504621197943574 -0.00155968904970383670343 0.999946011362788711452 3.11799438180308952084
7322 1057.125000 -0.389918773039039323614 -0.0209709643681297019935 -0.0608761420288652793653 -0.0102732930979948702127 -0.0015614141508094696309 0.999946009259886081644 3.11798915306552437698
7323 1057.130000 -0.389918589003920512681 -0.0209686706630737886015 -0.0608759410140038703663 -0.0102732264380929437519 -0.00156313148610044824402 0.999946007261646618858 3.11798391831221444193
7324 1057.135000 -0.389918411228755146247 -0.0209663861446766040808 -0.0608757367197744481135 -0.0102731441140781511179 -0.0015648394377646846886 0.999946005436066154282 3.11797870561038648063
7325 1057.140000 -0.38991822472732651228 -0.0209640881327577480175 -0.0608755386292267053339 -0.0102730948618185938953 -0.00156656924648304000242 0.99994600323355264937 3.11797347225924337266
7326 1057.144000 -0.389918077625837300459 -0.0209622499530254698119 -0.0608753796326282486939 -0.0102730464810129439729 -0.0015679398445459487646 0.999946001582406873709 3.11796927382974198295
7327 1057.149000 -0.389917894457436076117 -0.0209599522932520515583 -0.0608751806388305935491 -0.0102729844074789418429 -0.00156965154131785385519 0.999945999534675999953 3.11796402356646895626
7328 1057.153188 -0.389917751222565167613 -0.0209581218367162203098 -0.0608750190926351242293 -0.0102729304985531115502 -0.00157102425164268528004 0.999945997932774721662 3.11795985321422541858
7329 1057.158000 -0.389917565826942535967 -0.020955819297836127818 -0.0608748250320380879241 -0.0102728808753454071284 -0.00157273533240072241682 0.999945995752818284075 3.11795459101995886542
7330 1057.163000 -0.389917381617838565422 -0.0209535174793119421954 -0.0608746292658234600115 -0.0102728253345520277595 -0.0015744422597410228596 0.999945993637264662901 3.11794932494281518132
7331 1057.170000 -0.389917126269498814928 -0.0209503011312304684988 -0.0608743547062669185244 -0.0102727467125975514134 -0.00157683504840670806781 0.999945990674600770909 3.11794197764011871143
7332 1057.176000 -0.389916902857140645899 -0.0209475329785345915079 -0.0608741255761988467321 -0.0102726913022700323819 -0.00157887844969994560647 0.999945988019477649544 3.11793563710708632186
7333 1057.183000 -0.389916648426843259756 -0.0209443133779805487626 -0.0608738543207767296428 -0.0102726066561439101366 -0.00158125105484415405532 0.999945985139992110646 3.11792825942299556274
7334 1057.190000 -0.389916383924999665478 -0.0209410785947145537678 -0.0608735914103600284086 -0.0102725579497305943844 -0.00158364412359873600079 0.999945981853249454829 3.11792085400730023537
7335 1057.197312 -0.389916122244342633341 -0.0209378451374148330522 -0.0608733272038343015131 -0.0102724936958719318542 -0.0015860204539166133323 0.999945978747046049229 3.11791343377161256356
7336 1057.205000 -0.389915824517113873693 -0.0209341549880934299499 -0.0608730264834270728969 -0.0102724235445051086807 -0.00158874202456683660464 0.999945975147308319109 3.11790497927301712977
7337 1057.213000 -0.389915524048726203077 -0.020930456442917591553 -0.0608727278202016858222 -0.0102723535647161190454 -0.00159145556390461861279 0.999945971551178147685 3.11789648600221891428
7338 1057.221000 -0.389915225552766142592 -0.0209267644457845486405 -0.0608724292970390656876 -0.0102722847554672144094 -0.00159417637192771528831 0.999945967924066203558 3.11788802377595386517
7339 1057.228000 -0.389914962399360076617 -0.0209235275882427712579 -0.0608721691265860162523 -0.0102722238744996259563 -0.00159655133596735103463 0.999945964760348360301 3.11788059021214403188
7340 1057.236000 -0.389914650027812226263 -0.0209200594642979693927 -0.0608718856334284144638 -0.0102721782466384924798 -0.00159917618747857422784 0.999945961034690466995 3.11787268214174284608
7341 1057.243000 -0.389914387288131325526 -0.0209168227580019336354 -0.0608716260955637772367 -0.0102721175869616536402 -0.00160155305195278053684 0.999945957853774047841 3.11786525143079185085
7342 1057.250000 -0.389914128657541825262 -0.0209135965926261560566 -0.0608713627669102211315 -0.0102720498823237645081 -0.00160393668530295135585 0.999945954728716501769 3.11785786236062589794
7343 1057.256000 -0.389913918166034101365 -0.0209105999560666305781 -0.0608711256633852546005 -0.0102719743830700250414 -0.0016060736572068726527 0.999945952074251520614 3.11785094802732443142
7344 1057.261000 -0.389913732238856558521 -0.0209082908433929175185 -0.0608709386497730542409 -0.0102719269401799848801 -0.0016077728377998550327 0.999945949831008484843 3.11784565037510841279
7345 1057.268000 -0.389913474638528378957 -0.0209050660383551488442 -0.0608706755697122625648 -0.0102718607760617954006 -0.00161015964823447966202 0.999945946670170893178 3.11783827112323796982
7346 1057.275000 -0.38991321508845799837 -0.0209018342197897014079 -0.0608704136713517085511 -0.0102717954978967049989 -0.00161253943915508953649 0.999945943505850864952 3.11783086090049099681
7347 1057.281000 -0.389912997303061614751 -0.0208990743669650973213 -0.0608701849877488418428 -0.0102717306588853852373 -0.00161458358622994496007 0.999945940873362526524 3.11782454721740887038
7348 1057.289000 -0.38991270104946473829 -0.0208953813828866886981 -0.0608698868763554862271 -0.0102716608610221166176 -0.00161730582602244302506 0.999945937191116906995 3.11781608623003414493
7349 1057.296000 -0.389912448707495751243 -0.0208921621071621148313 -0.0608696195370137943526 -0.0102715812036969032089 -0.0016196843376087100095 0.999945934159553573295 3.11780871612092091993
7350 1057.302500 -0.389912226520485127867 -0.0208893925435099971077 -0.0608693964802179340867 -0.010271533429201513965 -0.00162172972279943069032 0.999945931335149196251 3.1178023773839949051
7351 1057.309000 -0.389911970684350683847 -0.0208861646736413844594 -0.0608691323464426656265 -0.0102714633881767995055 -0.00162410660862256830267 0.999945928196914635144 3.11779497961192220146
7352 1057.316000 -0.389911717586223616205 -0.0208829442974091498975 -0.0608688672296395227868 -0.0102713935748289242333 -0.00162648955113824144128 0.999945925040834793229 3.11778761580899654859
7353 1057.323000 -0.389911462118685880895 -0.0208797157120693480103 -0.060868603807240052872 -0.0102713252575090119301 -0.00162886352829770889028 0.999945921878308774389 3.1177802149489148853
7354 1057.330000 -0.38991121049820587352 -0.0208764961726701885059 -0.0608683373042728237401 -0.0102712510664929607823 -0.00163124248766522523743 0.999945918762347618625 3.11777284952860211931
7355 1057.337000 -0.389910954809630727613 -0.0208732658937758538964 -0.0608680756290447544377 -0.0102711864766308214741 -0.00163361407489664468839 0.99994591555414458206 3.11776544282652157136
7356 1057.343000 -0.389910742484155581344 -0.0208705082169850127116 -0.0608678462563542466146 -0.0102711100234692716271 -0.00163563695648099682693 0.999945913032616262583 3.11775911986911724583
7357 1057.350000 -0.389910484733305806593 -0.0208672758498287432005 -0.0608675857196923908443 -0.0102710567842671275651 -0.00163801999485751071522 0.999945909678633948481 3.11775171816432594696
7358 1057.357000 -0.389910230638780663792 -0.0208640459534925847007 -0.0608673223842172705922 -0.010270985818041864987 -0.00164038663698741200674 0.999945906527951677845 3.11774430576667604953
7359 1057.364000 -0.389909978934975531839 -0.0208608230258024544834 -0.0608670583599374703798 -0.0102709153201138887745 -0.00164275969990779853111 0.999945903356304177656 3.11773692556272408183
7360 1057.370563 -0.389909760792944370955 -0.0208580529378659222661 -0.0608668337525892153006 -0.0102708565648424836325 -0.00164478647310231651524 0.999945900628070205585 3.11773056609302479103
7361 1057.377000 -0.389909510676070047985 -0.0208548306213469161752 -0.060866567839614610369 -0.0102707787675124211785 -0.00164715454862628465915 0.999945897529162186501 3.11772318016583582789
7362 1057.384000 -0.389909255181843161786 -0.0208515968153447917022 -0.0608663082895713886122 -0.0102707161563620110595 -0.00164952043198177892951 0.999945894272275093151 3.11771575724823835074
7363 1057.390000 -0.389909043102861341268 -0.0208488354155474710228 -0.06086608070813546989 -0.0102706332923699333176 -0.00165152772494913833642 0.999945891810125608856 3.11770941604941453917
7364 1057.398000 -0.389908750284325866797 -0.0208451401046474485423 -0.0608657833356550451165 -0.0102705745412496780855 -0.0016542521499553202325 0.999945887910149378008 3.11770094326223379255
7365 1057.405000 -0.389908497073522930521 -0.0208419083149401912491 -0.0608655211973780502221 -0.0102705025555568391776 -0.00165661389829687777722 0.999945884739593338075 3.11769351898723767746
7366 1057.413000 -0.389908210088929230164 -0.0208382222418852063039 -0.0608652212979976861562 -0.0102704218698172755619 -0.0016593202588025045361 0.999945881081018672631 3.11768506896917863003
7367 1057.418000 -0.389908029303832170953 -0.0208359139287706655874 -0.0608650344997185011042 -0.010270371461684258893 -0.00166100716129909359124 0.999945878798072396165 3.11767976684105363461
7368 1057.423000 -0.389907854602637105046 -0.0208336160620035716617 -0.0608648441773621401429 -0.0102703041332944840225 -0.00166268569967145695733 0.999945876699971036849 3.11767449089568282616
7369 1057.428000 -0.389907671222199381234 -0.0208313063215184238186 -0.0608646595047904331865 -0.0102702683572526536071 -0.00166438749994518358707 0.999945874236261023071 3.11766920001940439633
7370 1057.433000 -0.389907490700778569526 -0.0208289984198113571623 -0.0608644733300688217659 -0.0102702190719462342627 -0.00166607387510417717658 0.999945871934104668632 3.11766389931347287501
7371 1057.438000 -0.389907316456147345907 -0.0208267014413256630612 -0.0608642831502535855415 -0.0102701517835664252187 -0.00166775193086730433127 0.999945869827881916869 3.11765862580485197952
7372 1057.442000 -0.38990716974638561787 -0.020824854300461242973 -0.0608641353330077045092 -0.0102701245926039522877 -0.00166911567026788772855 0.999945867831720125452 3.11765439727413573578
7373 1057.447000 -0.389906989417013183363 -0.0208225467865163146874 -0.0608639500181849882332 -0.0102700768888283801988 -0.00167080129262406535708 0.999945865506597364458 3.11764909778112997429
7374 1057.452000 -0.389906810223162592077 -0.0208202412772472596203 -0.060863763208002463756 -0.0102700248242514075719 -0.00167248664086458551266 0.999945863223877351444 3.11764380269945684532
7375 1057.457000 -0.389906634068294177808 -0.0208179446499865659914 -0.0608635741672548941095 -0.0102699701485686085978 -0.00167417876807504704788 0.999945860953781906488 3.11763854574598919811
7376 1057.464000 -0.389906382366480952495 -0.020814716350074310286 -0.0608633152066102162125 -0.0102699042758420382854 -0.0016765382924942358496 0.999945857677063787428 3.11763113401225577803
7377 1057.471000 -0.389906135853445912076 -0.020811499498438371103 -0.060863050969486506836 -0.0102698259666239473387 -0.00167890029993645207435 0.999945854518332510885 3.11762376031258048314
7378 1057.479000 -0.389905848507672014858 -0.0208078117074834284539 -0.0608627558100087728832 -0.0102697527606771341763 -0.00168159653090309280099 0.999945850739599628731 3.11761529608660925561
7379 1057.486000 -0.389905603578724724301 -0.0208045972530132884659 -0.0608624915912608921431 -0.0102696709376645916451 -0.00168395207136614591045 0.99994584761588645172 3.11760792351993298865
7380 1057.494000 -0.389905316213427000083 -0.0208009112896460068853 -0.0608621971539883427349 -0.010269601856268659873 -0.00168665042704960600577 0.999945843777577003664 3.11759946914482055647
7381 1057.501000 -0.389905071779612422134 -0.0207976982809933014229 -0.0608619332731088896749 -0.010269520334254414809 -0.00168900324477540188933 0.999945840643453820462 3.11759209885806365392
7382 1057.508000 -0.389904820518496730841 -0.020794473935708723128 -0.060861676394275948665 -0.0102694613006362803209 -0.00169136211327190690186 0.999945837262597225781 3.11758470254782649178
7383 1057.515000 -0.389904577591718093377 -0.0207912627633656532655 -0.0608614130449870449624 -0.0102693744500081483167 -0.00169370478998777515209 0.999945834189277404924 3.11757733020478688957
7384 1057.521000 -0.389904361342925054323 -0.0207884994273920403751 -0.0608611930299540471179 -0.0102693300725631622011 -0.00169573325616297196014 0.999945831207163071674 3.11757099683176530647
7385 1057.529000 -0.389904082768449233853 -0.0207848277632680447646 -0.0608608937971033686631 -0.0102692282687754030124 -0.00169839910000260533099 0.999945827728312974791 3.11756256448085711241
7386 1057.537000 -0.389903796265482660566 -0.0207811465270981328424 -0.0608605993774299358634 -0.010269169598325167056 -0.00170110531844963868559 0.99994582373069418324 3.11755412197307180122
7387 1057.544000 -0.389903553693949911363 -0.0207779362740587586478 -0.0608603372315046978192 -0.0102690770254688732571 -0.00170343311434397663533 0.999945820718637579105 3.11754674789350127995
