27897 466.925000 -0.513579150562915143219 -0.0202814061061359351967 -0.0905618171666091598127 -0.0649724379139647867376 0.51717691109615071543 -0.853408826378401319523 2.9202124583692805615
27898 466.933000 -0.513591884627639272409 -0.0202853671096275035846 -0.0904839457011247655371 -0.0650353499243458005319 0.517198419503710260514 -0.853390999555937446175 2.92035826089191319355
27899 466.941000 -0.513597661941241678818 -0.0202337913597331331417 -0.0904328226654667194362 -0.0650246260824801497469 0.517204317644769151485 -0.853388242133931940181 2.92061587424863233764
27900 466.949000 -0.513608558054365449408 -0.0202240587350872406958 -0.09036551964530678549 -0.0650639352818668248446 0.517216560368395361635 -0.853377826057323263242 2.92083583276061320433
27901 466.957000 -0.513612424850645732377 -0.0201791069936258886386 -0.0903192416510336520963 -0.0650523696628813319354 0.517228293848968734281 -0.853371596224838491196 2.92109673059041918819
27902 466.964000 -0.513618798329086079235 -0.0201630916474408311556 -0.0902796203382779799407 -0.065070807370242345069 0.517243887221337406146 -0.853360739172095317251 2.92127415539325152594
27903 466.972000 -0.513622391048393134305 -0.0201474873644772282943 -0.0902380686765427014739 -0.0650826530101777378512 0.517251982956656974899 -0.853354928739831652962 2.92146543179490558728
27904 466.979000 -0.513620370711361129423 -0.0201043785250102427509 -0.0902245653228081478936 -0.0650528042304696629827 0.517259728032242627194 -0.853352510055347845963 2.92164332735476950376
27905 466.986000 -0.513620337903843982019 -0.0200701208402722201807 -0.0902243559292581626119 -0.0650350267550370148006 0.517274368664186523503 -0.853344990503863365383 2.92176442864645791175
27906 466.994000 -0.513618549627139042713 -0.0200572233691696695523 -0.0902166308174046222002 -0.0650303933474090239963 0.517282889631251352469 -0.853340178378953373439 2.9218372918692807616
27907 467.002000 -0.51361178007458585526 -0.019993328813485072154 -0.0902479537863388331376 -0.0649704449570898401323 0.51730813050162960387 -0.853329443649395558147 2.92191789930560164024
27908 467.010000 -0.513582430525133415422 -0.0203852139024001850764 -0.0902942736421729202911 -0.0651648278353273713304 0.51773918226082304983 -0.853053154478129016525 2.92094178925087266663
27909 467.018000 -0.513598883334639211284 -0.0199481917127305730109 -0.0902925633213293166168 -0.064906389400152045277 0.517316281480270867554 -0.853329376929249372452 2.92189679641754063155
27910 467.026000 -0.513595840237135670137 -0.0199560920927383117496 -0.0903138987199400555816 -0.0649071915371149943397 0.517328837731484747486 -0.853321703777746076724 2.92179428239364691322
27911 467.035000 -0.513588776919945755317 -0.0199472593625611219204 -0.0903435651274268058941 -0.0648773390378065972772 0.517339223337658693502 -0.853317677583068645575 2.92169194699367018586
27912 467.042500 -0.51358324176605352207 -0.019911626645471521696 -0.0903847976008647219226 -0.0648388892371222769206 0.51736810224844198558 -0.853303091063393304161 2.92162995523340374149
27913 467.050000 -0.513577333119168089048 -0.0199122289914215634676 -0.0904072392941841218583 -0.0648165843031244803818 0.5173630169514124022 -0.853307868878641406774 2.92153270682314536444
27914 467.059000 -0.513574154789762760132 -0.0199206962394877819256 -0.0904312972074869242389 -0.0648062027350134323145 0.51737098696837913181 -0.8533038251000834018 2.92140708195949905246
27915 467.066000 -0.513548295980384539305 -0.0203270521881099147654 -0.0904775881436428314197 -0.0650185906308274330634 0.517818868783685770651 -0.853015944753651611521 2.92035372599883835676
27916 467.074000 -0.513572149028018731798 -0.0199235826581744164543 -0.0904549324540955684837 -0.0648016360094984533724 0.517394498870179186945 -0.85328991586058733354 2.92126086173196775064
27917 467.082000 -0.513568544553533179453 -0.0198822217365707647196 -0.0904790721256146790452 -0.0647608361350260064437 0.517408880361419076799 -0.853284292968196411699 2.92127419410224664631
27918 467.089000 -0.51354417466691426597 -0.0203422871062607021897 -0.0905081704903520356531 -0.0649952063460584456012 0.517840957712396465773 -0.853004317496424691036 2.92016968933677345532
27919 467.097000 -0.513546745101202017914 -0.0203403908173924001523 -0.0904949966920949727678 -0.0650099771597108799792 0.517834931367367468091 -0.853006850339109168324 2.92019603628855772826
27920 467.105000 -0.51354832246163029108 -0.0203488631512371877241 -0.0904868354362467208762 -0.0650107606578357033467 0.517837053306436589928 -0.853005502456810948964 2.92018377492262315442
27921 467.112000 -0.513577202836514867812 -0.0199342233064335357107 -0.0904334062510529224088 -0.0648171887912008110044 0.517418029368429954751 -0.853274466348136084726 2.9212160058249159178
27922 467.120000 -0.513577904463581758066 -0.0199046890523499470094 -0.0904307737041775555609 -0.0647998959396012125245 0.517432752796867179157 -0.853266851471022991227 2.92129228999582668536
27923 467.128000 -0.513582000218075762632 -0.0199231838240497699521 -0.0904032083159644894721 -0.064827535865577323726 0.51742517882347904834 -0.853269344880670077558 2.92133279337155693511
27924 467.135000 -0.513585447584540499832 -0.0199351924958303151902 -0.0903786053423949464758 -0.064851825788621822455 0.517428600628367707515 -0.853265424087752077931 2.92136876497435427069
27925 467.142000 -0.513583648483765919934 -0.0198712613254879467972 -0.0903943502437633272795 -0.0648017396974974874135 0.517447999004316927518 -0.853257465750289378903 2.9214916964564241475
27926 467.150000 -0.51355998840306449349 -0.0203096150385539339633 -0.0904094557865444403699 -0.0650321219021274682381 0.517863994797768456557 -0.852987518087459317684 2.92052579818292201708
27927 467.157000 -0.513563272274796811523 -0.0203102601811400058918 -0.0903868176523180272275 -0.0650487511917878652445 0.517849814126348895194 -0.852994859291481999364 2.92059121038177460505
27928 467.165000 -0.513588785295125971331 -0.0198840107418804604156 -0.0903334179936999132066 -0.0648422098541215630174 0.517433162250044209607 -0.853263388658597965453 2.92166451522548209496
27929 467.171000 -0.51358837616577912577 -0.01986078510070243483 -0.0903405364270528365989 -0.0648226093807959813375 0.517437025010595963437 -0.853262535484389239571 2.92172082746186312363
27930 467.179000 -0.513591110492747526806 -0.0198717838882158381875 -0.0903237553808404758371 -0.0648502829066745362097 0.517437784430753278109 -0.853259972136462763181 2.92174375998859092718
27931 467.186000 -0.513589478537668675528 -0.0198567115937675793547 -0.0903182699781558129271 -0.0648409130467010319521 0.517443737528304525952 -0.853257074091981482233 2.92178488955686255224
27932 467.193000 -0.513590267696406921338 -0.019842140058927926205 -0.0903240995845717153934 -0.0648374725153210568207 0.517452967214354186964 -0.853251738280611626841 2.92180916001682033922
27933 467.200000 -0.513563940610099356476 -0.0202439587977697316168 -0.0903623253976867935044 -0.0650369239713328162189 0.517885428999901087366 -0.85297413850006931213 2.92082518039570171453
27934 467.207000 -0.513586231875282184234 -0.0198134090621255691544 -0.0903307939547674937364 -0.0648117224220608190155 0.517456027408599306128 -0.853251838752895119811 2.92185527888231932891
27935 467.213000 -0.513563730215035985083 -0.0202473161390033171148 -0.0903624850586856598333 -0.0650493550467497599898 0.517890431026680198023 -0.852970153556970256403 2.92081436650508674546
27936 467.220000 -0.513562793205297851706 -0.0202235225109285814138 -0.0903667764723222188827 -0.0650362852543530239879 0.517909091532505971855 -0.852959819984674738613 2.9208283423344454377
27937 467.225000 -0.513561946811900482679 -0.0202371741786188455436 -0.0903698532765122575228 -0.0650413191208231156182 0.51789848698640827962 -0.852965875040855636691 2.92080186505228267535
27938 467.230000 -0.513583529726942211724 -0.0198020985226208326435 -0.0903461045417793401358 -0.0648009675842513566124 0.517473843280553458257 -0.853241850896097275836 2.92181190234719867505
27939 467.234000 -0.513585761476388014124 -0.0198193805590322867649 -0.0903322221322322843617 -0.0648313058075369735844 0.517482221779077100621 -0.853234464804299874707 2.92178045069509328968
27940 467.239000 -0.5135599865730993141 -0.0202294125257795852357 -0.0903797972068930977052 -0.0650334563346064015166 0.517907890873790743846 -0.852960764705995355683 2.92076671207524984908
27941 467.243000 -0.513558542150391095227 -0.0202193864688062566182 -0.0903890734056849165512 -0.0650219673469175918346 0.517921787429129087954 -0.85295320262518070642 2.92075798771506578433
27942 467.250000 -0.513583308950296246742 -0.0198084840047632604332 -0.0903499539592566985879 -0.0648134760330661280348 0.517481552075826578552 -0.853236225547007953729 2.92174626273363768902
27943 467.257000 -0.513578577378487666216 -0.0197632949520448499003 -0.090373898260417931394 -0.0647640868782027312456 0.517498196078672867415 -0.853229881161080783158 2.92177360679568787205
27944 467.265000 -0.513555155153742948215 -0.0201991548496307758709 -0.0904014061998815177112 -0.0650023885921475474969 0.517923548441899361805 -0.852953625613179000631 2.92074704568822518524
27945 467.269000 -0.513577792779057906714 -0.0197579173127591309345 -0.0903781516754163793959 -0.06475768593547974461 0.517504857334839862837 -0.853226326801470036365 2.92175628723594416059
27946 467.275000 -0.51355367286611464106 -0.0202002727593844667864 -0.0904109892179288943126 -0.0649874647422891693616 0.517935988513293810165 -0.852947208934484168985 2.92070059753548916248
27947 467.282500 -0.513576598632842107328 -0.0197366384632170696611 -0.0903885689508311801488 -0.064736219335102665462 0.517515125835009914823 -0.85322172759381320617 2.92176333469737592452
27948 467.290000 -0.513581226151931136137 -0.0197884611438879295942 -0.0903625889108755631085 -0.0647915901983111691687 0.517504526346511672941 -0.853223953631428888578 2.92170328134060630632
27949 467.297000 -0.513579191784737432158 -0.0197452698396705407513 -0.0903807257432632932259 -0.0647548762083829526626 0.517531120672647948489 -0.853210610073826036803 2.92174047940859793471
27950 467.304562 -0.513580342084434371408 -0.0197685560528159699756 -0.0903615944344561272672 -0.0647791294553928254096 0.517506043386890768332 -0.85322397964722429542 2.92175095870155887567
27951 467.312000 -0.513555552964642503255 -0.0201938737125947620488 -0.0903990911401797853086 -0.0649885762505247183141 0.5179409003702485359 -0.852944141594621840774 2.92071654143938719272
27952 467.320000 -0.513580184128785699471 -0.0197355952508732092332 -0.0903731563891636002772 -0.0647513842479268408869 0.517540702892305248817 -0.853205062741493658329 2.92177680171539977394
27953 467.327000 -0.513582733123991608259 -0.0197721678189214204735 -0.0903505570322030993058 -0.0647856117256739721944 0.517519836237517849575 -0.853215121533850484603 2.92176489440327058489
27954 467.334000 -0.513581958508161240395 -0.0197564368815191203355 -0.0903480504051487331996 -0.0647776639463210485159 0.517516661222463869585 -0.853217650784845793588 2.92181893685377014336
27955 467.342000 -0.513557143599597143435 -0.0201771353130901394402 -0.0903851623522683028655 -0.064985424506234928943 0.517951894624766207009 -0.85293770549575276263 2.92079862300946624387
27956 467.349000 -0.51358123203067407303 -0.0197430737658255694988 -0.0903457957026746472096 -0.064763647635216040066 0.517527866369292377513 -0.853211918268978242175 2.92184901029090582369
27957 467.356000 -0.513557727682354081544 -0.0201672903503058546792 -0.0903785427545745340128 -0.0649843098117733053432 0.517957043147026618968 -0.85293466392958672273 2.92084368518847492524
27958 467.363000 -0.513581679936448542989 -0.019733023605436189607 -0.0903397432762046703747 -0.0647623814503145434074 0.517533219376338116113 -0.853208767413255797507 2.92189241733069904328
27959 467.370000 -0.513558066138378510601 -0.0201570390479191598188 -0.0903731352344067373483 -0.0649827515993781634762 0.517962495735847738842 -0.85293147145926384578 2.92088398182195252417
27960 467.376000 -0.51355833763730440733 -0.0201436808008919956969 -0.090369824543314727916 -0.0649858467226715197373 0.517966261211831868749 -0.85292894895880611017 2.92093044626562026167
27961 467.384000 -0.51355816365766993048 -0.0201469013498790788796 -0.0903692287354297130175 -0.0649812251308146127116 0.517968242130797063005 -0.852928098097624043383 2.9209166557768586614
27962 467.390000 -0.513560397633913701121 -0.0201327650057890224222 -0.0903608562602118831064 -0.0649905267460053753803 0.517989966887157815556 -0.852914195940903341331 2.92094074986209450984
27963 467.397000 -0.51358304898081730272 -0.0197089424443939419118 -0.0903271480011909322361 -0.0647686296264643746046 0.517542902351510236691 -0.853202419617926977047 2.92198713678493460222
27964 467.404000 -0.513585339807542173851 -0.0197317398330167301235 -0.0903166294114394474501 -0.064791964202833424169 0.517553751320200983166 -0.853194066944400808516 2.92193815791501076973
27965 467.412000 -0.513559004078316783115 -0.0201102066242181930222 -0.09035971123715291764 -0.0649811039062630907415 0.517988910107278432982 -0.85291555569176802365 2.92100166216311318834
27966 467.418000 -0.513583893544772740469 -0.0197100040180436912596 -0.0903237957310050187942 -0.0647745899758911808375 0.517557095416740442495 -0.853193357614346670204 2.92197183865679788184
27967 467.426000 -0.513558580391823671363 -0.02010108321506040574 -0.0903599547658354707025 -0.0649772544848365579684 0.517995937150416807526 -0.852911581288045450577 2.9210107578740989176
27968 467.433000 -0.51355595071144821695 -0.0201087759026106482896 -0.0903733254007759168047 -0.0649630986698134238466 0.518002408121760904436 -0.852908729578536362048 2.92096586120282841748
27969 467.440000 -0.513583220933413575615 -0.0196995434070957667338 -0.0903152000651517572472 -0.0647794152516597415703 0.517566045658730322643 -0.853187561876541988859 2.92199381258447576926
27970 467.447000 -0.513580800125965186709 -0.0196790981409035829752 -0.0903341750656723591062 -0.0647453066208109745405 0.517572277257889901136 -0.853186370662740389825 2.92199219866622339481
27971 467.455000 -0.513584511384522879318 -0.0197071348844122043453 -0.0903147637315703244454 -0.0647869712399507802214 0.517581722770389385246 -0.853177477792041449867 2.9219484496728811429
27972 467.461000 -0.513578227688871957746 -0.0196344173094901708332 -0.0903510108425868707638 -0.0647098764653558089499 0.51759205832632015909 -0.853177058438259638962 2.92203245956931967342
27973 467.468313 -0.513556426430219148394 -0.0200990798460257136249 -0.0903670071330640589657 -0.0649662986237569822778 0.518006780600863137032 -0.852905830261851516383 2.92096779637558512377
27974 467.475000 -0.513582594410761039683 -0.0196841068243297154239 -0.0903153080157285959029 -0.0647734016614741892059 0.517581357615577108966 -0.853178729625872489528 2.92199832336672171706
27975 467.483000 -0.513582421880214856635 -0.0196712465725111043668 -0.0903266252042713713166 -0.0647565182767571995148 0.517592368788269308055 -0.853173331224564401865 2.92199421365329525813
27976 467.490000 -0.513581165727466482096 -0.0196727192172914747137 -0.0903196651917139020638 -0.0647546969427353902304 0.51759105343777334074 -0.853174267441904499165 2.92199853248102847658
27977 467.497000 -0.513582346846308990251 -0.0196643149393820257376 -0.0903253680439441430927 -0.0647525363748541193942 0.517598406814435807455 -0.85316997034364805419 2.92200676124895597496
27978 467.504000 -0.513559128855805679947 -0.0200929004354491180795 -0.0903533740276234037525 -0.064981059424397136226 0.518024424545077022408 -0.852893989597080404153 2.92098541779050435707
27979 467.511000 -0.51355856217287365606 -0.0200694906697730587886 -0.0903560146537035480119 -0.0649669557268666014727 0.518044301131408313488 -0.85288299122966104715 2.92101315790388182947
27980 467.519000 -0.51355508690664708471 -0.0200678001208350123563 -0.0903692641048784162106 -0.0649454615875880575393 0.518040024033044499419 -0.852887226143654753052 2.92101321015656534286
27981 467.527000 -0.513582861654090949699 -0.0196625823125554446968 -0.0903167271275821387233 -0.0647575996481653121117 0.517603208355143395991 -0.853166673041246714781 2.92202726973253490428
27982 467.533000 -0.513582639375619209865 -0.0196561700474754859347 -0.0903077990764124399758 -0.064761625814073159324 0.517605395381873334415 -0.853165040595014301239 2.92205943870135120832
27983 467.540000 -0.513555209690614633544 -0.0200563077074739672112 -0.0903652372950346782776 -0.0649412721075326715425 0.518048185903470126412 -0.852882587616360487992 2.9210466825023551074
27984 467.546000 -0.513558711083044405754 -0.0200496780625253716301 -0.0903497928395449317884 -0.0649596059178286222568 0.518057806516921570683 -0.852875347695005392445 2.9210704884096916345
27985 467.553000 -0.513582711092512855799 -0.0196417758710562377622 -0.0903135042452060110563 -0.0647472014658035388557 0.517614757517477430682 -0.853160455425865049683 2.92208008955621245661
27986 467.560000 -0.513580542878189105771 -0.0195972019763160643091 -0.0903313684312908732332 -0.0647107797684127045157 0.51764098413040526836 -0.853147306466046084772 2.92212392037477464157
27987 467.565437 -0.513582877681109994938 -0.0196356143914677740148 -0.0903111117839474203395 -0.0647465526598551277537 0.517622127836789736044 -0.853156033028178772959 2.92209460977810664417
27988 467.569437 -0.513582899420273131241 -0.0196298994787278274776 -0.0903103935307221633577 -0.0647439589674715793022 0.517626984845427684512 -0.853153283025418485153 2.92210559503717703933
27989 467.575000 -0.513582699822636490339 -0.0196307270230823387169 -0.0903001260887573153902 -0.0647528717277057325186 0.517622089671925023069 -0.853155576601762000166 2.92213109270602888756
27990 467.579000 -0.513558704298665236188 -0.0200489915461236935246 -0.0903430491612020741821 -0.0649628422631532836951 0.518056349586796138773 -0.852875986165571364772 2.92110245925562983516
27991 467.585000 -0.513558167514209018556 -0.0200405098844058209007 -0.0903467948255734093488 -0.0649562184109730572645 0.518067235707728390715 -0.852869878103277190284 2.92110781568625732518
27992 467.591000 -0.51355889919375408148 -0.0200299165926856315156 -0.0903396532584103822971 -0.0649563567357109294953 0.51806817105355573716 -0.852869299401055158683 2.92113614621073169886
27993 467.599000 -0.513582898151683009402 -0.0196149006362634700795 -0.0903060089332242132976 -0.064741140882409814461 0.517639661845703757947 -0.853145805335470908126 2.92213907598421895884
27994 467.606000 -0.513557030110964318759 -0.0200168673776546998666 -0.0903447633016969259279 -0.0649383059164126974494 0.518070854283607218349 -0.85286904408974761882 2.92115393792845212673
27995 467.613000 -0.51358279760592817631 -0.0196073269878789049891 -0.0903043478235728003245 -0.0647391903814846930709 0.517645258142233055665 -0.853142557812943014284 2.92215424691021352643
27996 467.620000 -0.513556918511894888724 -0.0200094287144374077814 -0.0903432651510788914395 -0.064936055691872884843 0.518076530615066643826 -0.852865767338001345976 2.921167205664086719
27997 467.628000 -0.513556411424000436305 -0.0200048201614884541 -0.0903427459245573355462 -0.0649401127461342458913 0.51807208493642731284 -0.852868158959016575693 2.92119789024636045127
27998 467.634313 -0.513581303595300076026 -0.0196004469662891880888 -0.0903009073160005032443 -0.0647312742730201812202 0.517649742701274839796 -0.853140437449951605231 2.92216690105711718317
27999 467.641000 -0.513557765059405757491 -0.0200107128269331920045 -0.0903405338460376433618 -0.0649475887194837370187 0.518089779612068368486 -0.852856840847889929869 2.92116407232715546982
28000 467.647562 -0.513558469308403098275 -0.0200004857158504120718 -0.0903337349362280522813 -0.0649476142009479673334 0.518090781756344265219 -0.852856230128328784978 2.92118958583156729247
28001 467.653000 -0.513557244897249409732 -0.0200016176771760367803 -0.0903412957391408616425 -0.0649419590319410267032 0.51809737376584519275 -0.852852656239064477184 2.92117925463456806767
28002 467.659000 -0.513582085361514284472 -0.0195862681087299421445 -0.090290688102459132347 -0.0647395907521747804303 0.517655850906888370666 -0.853136100168728095383 2.92221581505305394444
28003 467.665000 -0.513582085132136656469 -0.0195817034986003717101 -0.0902993571491921553918 -0.0647293477565413777342 0.517659475190006657108 -0.853134678280645042392 2.92220519976115200578
28004 467.669000 -0.513557563440971143187 -0.019996839859895414182 -0.0903379103089533008752 -0.0649430539202832807222 0.518101063347948587179 -0.852850331479816037294 2.92118799241668947175
28005 467.674000 -0.513558784148265501379 -0.0200029756466117182578 -0.0903296966421961167182 -0.0649533373512362205426 0.518092096282325109691 -0.852854995727129860938 2.92118749099133889757
28006 467.680000 -0.513579338120374151444 -0.0195559469513951235398 -0.0903050507582163486386 -0.0647044631042282963884 0.517667203673290332588 -0.853131876497103980306 2.92223642406875461219
28007 467.688000 -0.513557888502767623251 -0.0199926950525102856138 -0.0903316929695412856871 -0.0649451588308325722387 0.518097837806156147344 -0.852852130679770281674 2.92120791214774788713
28008 467.696000 -0.5135829539082213957 -0.019577916085254901124 -0.0902853599995746547435 -0.0647405200394350344162 0.517678329914292967295 -0.853122389696913341339 2.92221743935278510662
28009 467.704000 -0.513557088127635230634 -0.0199783354278848246377 -0.0903359658638056700619 -0.0649346125198306672877 0.51811830124349744775 -0.852840502094882935147 2.92122179142637961036
28010 467.712000 -0.513558492349619588602 -0.019972292658186216463 -0.0903266871378897162614 -0.0649376279984862359029 0.518113287809758404912 -0.852843318238990955038 2.92124962186166081679
28011 467.720000 -0.513579241013924936432 -0.019538397121037717058 -0.0902984867321140888263 -0.0646988010099277671694 0.517680610152880138486 -0.853124170926846558949 2.9222840564326806323
28012 467.728000 -0.513557748706965577767 -0.0199714910822477755004 -0.0903259053223251506815 -0.0649367879406749087812 0.518112813855064358037 -0.852843670136054554654 2.92126090622472123215
28013 467.735000 -0.513579601669214014237 -0.0195059400517323573709 -0.0903099525403398967205 -0.0646816043037380661307 0.517710283948007776722 -0.853107468001052970941 2.92231341022660506823
28014 467.744000 -0.513581554696461273224 -0.0195367072399363315982 -0.0902904541283257588979 -0.0647148320728972853422 0.517701566480789909797 -0.853110238230155748518 2.92228303495988184224
28015 467.752000 -0.513554445629660460959 -0.019946122933533736582 -0.0903378099097201098244 -0.0649071076837365729117 0.518131783847130655829 -0.852834404758345931974 2.92128390236330037766
28016 467.760000 -0.513556216645137397769 -0.0199388750644227501219 -0.0903270792432085689594 -0.0649123745314356681568 0.518131183113510918048 -0.8528343688654227428 2.92131060927701513563
28017 467.768000 -0.513555754360732086283 -0.0199341690402349835942 -0.0903261702783440950659 -0.0649160241949466310096 0.518126750154479842614 -0.852836784254219604229 2.9213448336572551689
28018 467.776000 -0.513556644373874049414 -0.0199442483517286717198 -0.090326803040998410177 -0.0649228758582829496016 0.51814249098450404496 -0.852826699410063615581 2.9213014463078454952
28019 467.784000 -0.513582712117703676924 -0.0195342816368150908046 -0.0902763602348661958752 -0.0647237145713909500788 0.517708308974474507025 -0.853105472723549640435 2.92231802109307103876
28020 467.792000 -0.513556707085695229864 -0.0199137942269401908846 -0.0903186440878111229669 -0.0649130110075895050414 0.518142895376471401825 -0.852827204639260871843 2.92138338265751995593
28021 467.799000 -0.513579212362486714483 -0.0194983701179053843522 -0.0902915904592203055756 -0.0646827259295493089963 0.517712592710118935102 -0.853105981877802399538 2.92237104418780901938
28022 467.807000 -0.513583035930787690226 -0.0195260124709117632857 -0.0902711041560012722451 -0.064724372090717269268 0.517721470779619385993 -0.853097435438209483749 2.92233583118576056847
28023 467.814000 -0.513579267901356661952 -0.0194657516542087564992 -0.0903000472740556753282 -0.0646691648704492694222 0.517741295749992169739 -0.853089590717222345795 2.92239972376478274185
28024 467.822000 -0.513554097643274864993 -0.0199102794528371318528 -0.0903287817409797605395 -0.0648953166315003882048 0.518158155474448434141 -0.852819279680410713418 2.9213642237936356949
28025 467.830000 -0.513581606663340517471 -0.0195054040199791577093 -0.0902769678598403790826 -0.0647076148638086739995 0.517721319621167963554 -0.853098798374697819824 2.92237357809861553193
28026 467.837000 -0.513577556312350358425 -0.0194595568743974774162 -0.0902956957061085002669 -0.0646611295896159371521 0.517736332141650046346 -0.853093212199409034469 2.92242602369396387019
28027 467.845000 -0.513554962151305804952 -0.0198935411667528726232 -0.0903188861743836612916 -0.0649013625987639591886 0.518159575808813777087 -0.852817956618206918229 2.92142573091606649882
28028 467.852000 -0.513554068049993484024 -0.0198971766332995680937 -0.0903247849694662902076 -0.0648917580115773579008 0.518166832876223226734 -0.852814278169163331178 2.92139187700998670394
28029 467.860000 -0.51355569674447476558 -0.0198895692150465250303 -0.0903151408673240896352 -0.0648967110338579539208 0.518168954655211955185 -0.852812612083400645169 2.92141361423059864322
28030 467.868000 -0.513578901386309127908 -0.0194386536421891492621 -0.0902933261681286847278 -0.0646601230627698309039 0.51776076941179283164 -0.853078457202862239228 2.9224588364147492392
28031 467.876000 -0.513578381592696309177 -0.0194571228523306820335 -0.0902802169561451178792 -0.0646714627963182048243 0.517741710098632235137 -0.853089165048957931425 2.92245387117972299507
28032 467.883000 -0.513554973621128008077 -0.0198863885576753759987 -0.0903139916211335574969 -0.0648945317009218813897 0.518169134705195655322 -0.852812668523508121687 2.92143048312154673951
28033 467.891000 -0.513582579606495004398 -0.01948570838214714121 -0.0902608645499717449079 -0.0647122926479100774033 0.517752333719289414837 -0.853079621201022986199 2.92242009941123770389
28034 467.899000 -0.513556187980435674412 -0.0198620162666083496794 -0.0903060065664744310299 -0.0648967280804092494506 0.518183501487352704551 -0.852803771960915057981 2.92148813712529520359
28035 467.907000 -0.513580808750267792107 -0.0194551558864713425301 -0.0902718569376685930905 -0.0646857463694557738298 0.517757541701580059623 -0.853078473663333558541 2.92246694796448602816
28036 467.914000 -0.513581139383296636503 -0.0194642561206634021054 -0.0902668564992271382774 -0.0646939639701562679841 0.517752786741362824863 -0.853080736417943685801 2.92246047869682845644
28037 467.921000 -0.51357709739118051484 -0.0194184331043204157219 -0.0902855041758963278165 -0.0646474584013989189701 0.517767713148300612325 -0.853075202630705131668 2.92251337996051185897
28038 467.928000 -0.513556024306236147403 -0.0198653311665739004677 -0.0903076496571497688848 -0.0648972522606506146969 0.518202000102245596835 -0.852792491605695257562 2.92146904364221393635
28039 467.936000 -0.513579353883058975505 -0.0194220940680422497759 -0.0902774066140329539687 -0.0646642564498001726214 0.5177796838771083765 -0.853066663808823344439 2.92251292439666254808
28040 467.943000 -0.513553879145843383824 -0.0198506447923073800488 -0.0903130482370867182507 -0.0648776400521807738997 0.518205218371102671604 -0.852792028266105228695 2.92148885735325025692
28041 467.949000 -0.513576939614575733728 -0.0194038697721241500116 -0.090282150861203391834 -0.0646422925769812861674 0.517778532693957349586 -0.853069027155296866205 2.92254495786182300066
28042 467.957000 -0.513553803747679671332 -0.0198438940368731997488 -0.0903113610291857438206 -0.0648752963169274138311 0.518210376173212639017 -0.85278907237030676658 2.92150327812157950547
28043 467.965000 -0.513557395324721444041 -0.0198582178191020648772 -0.0902935201741068560466 -0.0649046416804421461011 0.518196830978768563369 -0.8527950702553898088 2.92150670710154081178
28044 467.972000 -0.513579322280435457415 -0.0194310275754990720298 -0.0902575104447419229725 -0.0646779013299336180687 0.517776354415620088112 -0.85306765024095554395 2.92252664833203334993
28045 467.980000 -0.513554334905062748184 -0.0198290223114768113244 -0.0903027328204149826174 -0.0648810611553060773149 0.518209617485596685249 -0.852789094822859916611 2.92156168661122084274
28046 467.988000 -0.513554477675812526272 -0.0198356580970229789962 -0.0903009710223255102068 -0.064878234010181098923 0.518207494257847400831 -0.852790600116302588418 2.92154196769391116817
28047 467.994000 -0.513579244881878227424 -0.0194079614662901259181 -0.0902594621905679905804 -0.0646692863935168921197 0.517777212019848387392 -0.853067782834579957374 2.9225919084310874041
28048 468.002000 -0.513554407474405949507 -0.0198289980819860954531 -0.0902991210469601679467 -0.0648758910994136628325 0.518212390373433251511 -0.852787803159443247303 2.9215580876173739
28049 468.009000 -0.513577752066228687688 -0.0193963020051157834789 -0.0902626657389994507819 -0.0646532335812976949319 0.517788437367930343136 -0.853062186194862848154 2.92259289110205378037
28050 468.016000 -0.513555550119991988112 -0.0198237200886889758378 -0.0902980301149852726539 -0.0648836139275282691719 0.518234940991136872057 -0.852773511889069024683 2.92155441656300052244
28051 468.024000 -0.51358140226271464801 -0.0194179365043654454659 -0.0902474511951327773573 -0.0646868774766510834517 0.517797318879380297219 -0.85305424472517932255 2.92256464082278410999
28052 468.031000 -0.513556551011954631747 -0.019806506691331667025 -0.0902887928612466916789 -0.0648829451300711318451 0.518242212564597903857 -0.852769143758965064706 2.92159303861964358973
28053 468.039000 -0.513553012470630121378 -0.0198050643838224259274 -0.0903022372665228528765 -0.0648613820047358735632 0.518237929550116160904 -0.852773386955787193742 2.92159119905612429946
28054 468.046000 -0.513554792358417944165 -0.0197951525191854341146 -0.0902943006968249944899 -0.0648650970969574386382 0.518246256548009820442 -0.852768043932567110232 2.9216058650264224994
28055 468.055000 -0.513576929025698292186 -0.0193418885602169021709 -0.0902721192890170165413 -0.0646262098868832929321 0.517819224603938255136 -0.853045546044425728738 2.92267922469838170585
28056 468.063000 -0.513555093861338574079 -0.0198037203706040894347 -0.0902925906086913532267 -0.0648776840188847736535 0.518250955705227389636 -0.852764230621198437987 2.92159969121763340993
28057 468.071000 -0.513581117580207857642 -0.019394762724219562211 -0.0902413103483197115429 -0.0646788980567163523938 0.517814029798140618155 -0.853044706149905906933 2.92261830512852682773
28058 468.078000 -0.513554213721981955842 -0.0197839924307085524013 -0.0902884277286308128962 -0.0648682096706663241514 0.518241062585627854098 -0.852770963638093126846 2.92166648293423225624
28059 468.086500 -0.51357981110732764396 -0.0193708587234443889435 -0.0902509096840821561925 -0.0646586229236657955566 0.517822461101625775015 -0.853041125186980941919 2.92264568317409301201
28060 468.095000 -0.513578802125221778319 -0.0193758015331607739984 -0.0902460404966197587973 -0.0646571145369233685196 0.517817642176494619122 -0.853044164736231458335 2.92264797857085101285
28061 468.102000 -0.513554550991163094587 -0.0197697216046771942488 -0.0902872676131194068505 -0.0648578079730861983832 0.518265761399026247958 -0.852756744509484354566 2.92166075912175093876
28062 468.110000 -0.513577643250829662946 -0.0193242645704075517721 -0.0902644589933217361688 -0.0646243837861122383259 0.517849634505741285295 -0.853027224103976355885 2.92270105339854291415
28063 468.118000 -0.513552632139066655981 -0.0197689022491416462046 -0.0902930433505021584617 -0.0648503621771418931052 0.518266254569278661535 -0.852757011053104974074 2.92166662089212803011
28064 468.126000 -0.51357998707326901755 -0.019364184857159225106 -0.0902413407964331171218 -0.0646624031745205302135 0.517829295213295681677 -0.85303669008700744314 2.92267639611731855354
28065 468.134000 -0.513578253287416908179 -0.0193297911739573786971 -0.0902535514773983443826 -0.0646353771109606511924 0.517850166224668506665 -0.85302606839815098283 2.92271256907531951086
28066 468.147000 -0.513552113919147346088 -0.0197457770991288882045 -0.0902885278429549076318 -0.0648412753121899720909 0.518275803673973411989 -0.852751898468708358081 2.92171664650848139644
28067 468.150000 -0.51355340012183237075 -0.0197480420533084240209 -0.0902827338677964497116 -0.0648543195159247826131 0.5182715932145322002 -0.852753465491050799407 2.92173574798833168842
28068 468.158000 -0.513553624308243139573 -0.019756133869240175005 -0.0902805359258887218932 -0.0648532868214752034053 0.518268366845836214729 -0.852755504887187099072 2.92171315024148059436
28069 468.166000 -0.513577291511507771915 -0.0192985658908219961938 -0.0902574604013284820248 -0.0646162324904648727175 0.517868270377299766416 -0.853016527996475648621 2.92276136002385289459
28070 468.178000 -0.513556159123583877424 -0.0197416944580636119499 -0.0902718853701336004791 -0.064860612000845918601 0.51828712655407749299 -0.852743546125793616675 2.92174354300281757801
28071 468.186000 -0.513577979227563763409 -0.0193131015721604605562 -0.0902397495827628320919 -0.0646368574667674639089 0.517851043106527852977 -0.853025423894447465401 2.92278135277652717505
28072 468.189000 -0.513579242873173691386 -0.0193221422120032279568 -0.0902378490421872347937 -0.0646433388952535187277 0.51785886804284975149 -0.853020182367247192801 2.92275480387570496532
28073 468.197000 -0.513577898317300496345 -0.0192995871904480982562 -0.0902459706427581886956 -0.0646255653238258370719 0.517873061805563250637 -0.853012912072676376951 2.92277795472696588774
28074 468.208000 -0.51357612589653922619 -0.0192909482121270299537 -0.0902524349945522108563 -0.0646077255437643577229 0.517871073082934674225 -0.853015470823355714813 2.9227883458121781679
28075 468.216000 -0.513579132233548896203 -0.0193119680315249273028 -0.0902326680051637602942 -0.0646429940080399528801 0.517870258398615890272 -0.85301329344379350772 2.92277516995732833394
28076 468.223000 -0.513556179606537765991 -0.01972844499935468357 -0.0902646374440584930987 -0.0648609920031036762955 0.518300586411798769326 -0.852735336339217608881 2.92177395922890870139
28077 468.231000 -0.513554946790257149658 -0.019726657020912231888 -0.0902693631335520496606 -0.0648557856489986456205 0.518305716143120265293 -0.852732614411585876368 2.921773531914848121
28078 468.235000 -0.513552011508047523414 -0.0197076463351316434613 -0.09027488711318407133 -0.0648325148264353168237 0.518302111667549803009 -0.852736574835534222316 2.92180547714726879249
28079 468.242000 -0.513578937497806142787 -0.0192995367530040366766 -0.0902325158401654781049 -0.0646368812778934237473 0.517877303840213021324 -0.853009479282533678024 2.922798603951039631
28080 468.250000 -0.51355591543561096568 -0.0197159046003848419104 -0.0902613453917582991837 -0.0648573291041880523045 0.518309314903243167905 -0.852730309620809645565 2.92180077650670400047
28081 468.256500 -0.513574337475493081229 -0.0192443376660998040351 -0.0902531751745511146012 -0.0645820394982841439191 0.517890474400185207848 -0.853005636968357516814 2.92287365288419698217
28082 468.262000 -0.513555263941729012167 -0.0197172524809588259331 -0.0902609079075274850501 -0.0648575681595077585539 0.51830952025786747317 -0.852730166619250051774 2.92180586631801508801
28083 468.267000 -0.513576959687962242285 -0.0192829961102924385408 -0.0902335197145233275373 -0.0646187290378858053552 0.517883406092204068294 -0.853007149765971139921 2.92283182480492431665
28084 468.272000 -0.513578823867689382432 -0.0192922054290605472782 -0.0902163752798080254003 -0.0646449249935171776915 0.51788030101817594808 -0.85300705008218202785 2.92285062217334568047
28085 468.277000 -0.513576761961509142829 -0.0192804328198699151398 -0.0902321810905291621374 -0.0646172718718690253237 0.51788069962480998143 -0.853008903313414501568 2.92284565786187489067
28086 468.285000 -0.513576583625991345272 -0.0192440222291046306169 -0.0902432360520381005031 -0.0645985265995589474919 0.517909569174670347813 -0.852992795115218749302 2.92288049472500777171
28087 468.293000 -0.513576572994110192028 -0.019272642010341643759 -0.0902302762441410666217 -0.0646147483842563208345 0.517886533930151049532 -0.853005552306111081151 2.92286214290625734336
28088 468.302000 -0.513575787463272370736 -0.0192555843069919588317 -0.0902316716113202021976 -0.0646046406893074492972 0.517892025489257612492 -0.853002983779095336203 2.92288857937528412378
28089 468.307000 -0.513577982413932487837 -0.0192829188404844212301 -0.090218691774800477412 -0.0646309113918258210107 0.517892535458788216829 -0.853000684061114844425 2.92284988071426177214
28090 468.310000 -0.513577420243673365974 -0.019274407659054845765 -0.0902169327118273606247 -0.0646288575602765175132 0.517895633392997600808 -0.852998958781849614397 2.9228663461093207232
28091 468.315000 -0.513553793237643385616 -0.019687684926844323946 -0.0902623628891971729882 -0.0648410707044021206169 0.51833716842253296786 -0.852714615438024181593 2.92185348945645451124
28092 468.321000 -0.513554023230998191174 -0.0196650685741785562211 -0.0902551013561704446042 -0.0648350127526355346497 0.518333047338281227567 -0.852717581124241008617 2.92191578683373931469
28093 468.328000 -0.513576383087927634818 -0.0192568941447855447591 -0.0902261406616974154238 -0.0646100999065114117714 0.51789860428922984692 -0.852998576004285191665 2.92289546679451062161
28094 468.334000 -0.513576305970728230754 -0.0192219416381322998066 -0.0902373901826379748448 -0.0645918640121727616332 0.517926331333285805414 -0.852983121998950544196 2.92292841470666386883
28095 468.342000 -0.51357992688272990911 -0.0192753861043454439994 -0.090207283457327286369 -0.0646444554328512721586 0.517909198605166376517 -0.852989540605243568017 2.92287587188395203697
28096 468.344438 -0.513578491084339949779 -0.0192621372446973547488 -0.090207731235449714613 -0.0646371147291370656829 0.51790472701821410606 -0.852992811887463453502 2.92291383377474600636
28097 468.353000 -0.513553125693594014756 -0.0196543010849014113117 -0.0902576350219158607402 -0.0648190192686805971567 0.518345546278931146311 -0.852711199289561738723 2.92192085432345338702
28098 468.359000 -0.513575820919305092715 -0.0192370960796578935326 -0.0902216065814381434906 -0.0646040259715665587947 0.517910332835971987109 -0.852991914949958962566 2.92293546126182990363
28099 468.365000 -0.513578524092158539283 -0.0192486351984976870877 -0.0902140334975853885879 -0.0646231151695029482074 0.517915744974275060741 -0.852987182842468549815 2.92292550517874438754
28100 468.370000 -0.513577154607888997084 -0.0192409267847648279837 -0.0902135614510957972723 -0.0646185566557135604437 0.517904392650006650811 -0.852994420972118749802 2.92295976263835699527
28101 468.376000 -0.51355321502342909934 -0.0196469559254665165904 -0.0902553037547028647047 -0.0648172828848550958147 0.518353328925626355428 -0.852706600321087138106 2.92193614192012907083
