6920 810.060000 -0.389559003315253171706 -0.00239801758366364834579 -0.0566314070801179139658 -0.0123858806241943369963 -0.00807061176322142019568 0.999890721622583411587 3.09375200066230648943
6921 810.065000 -0.389555273919948652495 -0.00239732840493632037154 -0.0566276692289322813867 -0.0123918902505246800172 -0.00806796765204092179713 0.999890668500303836375 3.09374852060588745317
6922 810.071000 -0.389550849597023074455 -0.00239473853178539869066 -0.0566214329077799893852 -0.0123934790049365396725 -0.00806816090740448618734 0.999890647249851216571 3.09374073400053806182
6923 810.078000 -0.389548753752169962805 -0.00239164893715934157373 -0.0566093349266442585899 -0.0123810291705940770518 -0.00807311428967012051361 0.999890761504647063163 3.09373351256488282601
6924 810.085000 -0.389547132338357804393 -0.00238629429791465709487 -0.056595770129206669774 -0.0123618317324325505818 -0.00808278882247460278565 0.999890920871406962966 3.09372185767726337602
6925 810.092000 -0.389546438125860039481 -0.00237830633397597811934 -0.0565805230990113622314 -0.0123345536560354514938 -0.00809881660436549168092 0.99989112805130708761 3.09370560101010116938
6926 810.100000 -0.389547373916922290427 -0.0023701120764419120017 -0.0565630843991818260674 -0.0123020484656529271311 -0.00811623756402544103972 0.999891387247311413944 3.09368966107166354362
6927 810.105000 -0.38954830133958784355 -0.00236213491804322921891 -0.056551440077820244734 -0.0122770126611275870454 -0.00813311220020956383847 0.999891557843177958276 3.09367441564996425996
6928 810.112000 -0.389550092495919875191 -0.00235212208668228277275 -0.0565368722644367938113 -0.012245894808236939405 -0.00815393939865763882346 0.99989176980942706674 3.09365539458851479537
6929 810.120000 -0.389552203744374103689 -0.00234150508000342339257 -0.0565232062191071277235 -0.012216121429807241805 -0.00817520976805206391058 0.999891960324944539806 3.09363510023008858596
6930 810.128000 -0.389554393611996230273 -0.00232883133123288005653 -0.0565111116650456879462 -0.0121878004160132901584 -0.00819970950453859613594 0.999892105321899538062 3.09361014676440326809
6931 810.134000 -0.389556143814540511983 -0.00231774658482517470146 -0.0565027313499914529693 -0.0121669839034025673019 -0.0082201743580103004555 0.999892190806698000216 3.09358831495724029281
6932 810.141000 -0.389557740061783730479 -0.00230701515913929499149 -0.0564961983541747911342 -0.0121496284933412263679 -0.00823922472874547527633 0.999892245046106409312 3.09356735632070067865
6933 810.148000 -0.389559146686656532221 -0.00229697581473564498011 -0.0564916032409679899629 -0.0121357498261517211813 -0.00825659576749807229412 0.999892270298400220874 3.09354716623793324359
6934 810.156000 -0.389559788605361667635 -0.00228684005297838648801 -0.0564896807220558877516 -0.0121273303195148784983 -0.00827281701036068628508 0.999892238372733110907 3.09352551933442043719
6935 810.164000 -0.389560405188807745702 -0.00227661635287580970538 -0.0564884705461489930456 -0.0121198209236171514092 -0.00828845523694094442335 0.999892199914853119225 3.09350409622227751072
6936 810.171000 -0.389560614193699361607 -0.00226730261585948895953 -0.0564879953853186789203 -0.0121151400916961939774 -0.00830189688331810227151 0.999892145128011944344 3.0934835751323581654
6937 810.179000 -0.389560295068290818321 -0.00225880028916625955754 -0.0564892065469718429593 -0.0121142623255561000806 -0.00831287973469830611395 0.999892064514377509887 3.0934642203712541253
6938 810.186000 -0.389559780499094787665 -0.00225219579225831344552 -0.0564906459142346384361 -0.0121152404921131811449 -0.00832054270309197374633 0.999891988925275976285 3.0934488011828302767
6939 810.193000 -0.389559094866158750481 -0.00224632705683415088635 -0.0564921526745950433601 -0.0121174694995012030563 -0.00832652895463410237797 0.999891912082749190205 3.09343480513018986855
6940 810.201000 -0.389558248328633394131 -0.00224107336671332951772 -0.0564938357916333067088 -0.0121210453640983508578 -0.00833105015512410410072 0.999891831081039406115 3.09342208204859892007
6941 810.207000 -0.389557426651112259641 -0.00223661659002276878849 -0.0564945179493422031114 -0.0121243888420468886452 -0.00833419151959072408709 0.999891764365984481167 3.09341117628370421144
6942 810.215000 -0.389556494566684008429 -0.00223252006388943973619 -0.0564952114231228319507 -0.0121287362997559416272 -0.00833632412421649038325 0.999891693862823727201 3.09340113193436661021
6943 810.222000 -0.3895554407427011534 -0.00222857259363381599374 -0.0564952965327710429633 -0.0121337703862545009253 -0.00833768456778721279987 0.999891621443174893891 3.09339155775643304125
6944 810.230000 -0.389554522545310089043 -0.00222535352985253880725 -0.0564948497785673700577 -0.012138207139373512547 -0.00833827690463385777508 0.999891562653522747439 3.09338387396845870825
6945 810.238000 -0.389553459964178616648 -0.00222206730051951583532 -0.0564940223939651015028 -0.0121433977137932226642 -0.00833854944157592058163 0.999891497356175884548 3.09337628623104965442
6946 810.245000 -0.389552356254812937042 -0.00221906298487991584731 -0.0564932025130855733352 -0.0121488203444887702537 -0.00833864464868673549436 0.999891430691182692136 3.09336963325852165596
6947 810.253000 -0.389551451558453609714 -0.00221642743673859882528 -0.0564919150625077248762 -0.0121527768391190057334 -0.00833880110623932621627 0.999891381306594162481 3.09336394486821131267
6948 810.260000 -0.389550319593864602385 -0.00221358463148572373255 -0.0564910626708374774552 -0.0121577419653563362223 -0.00833920208288732069113 0.999891317603530671576 3.09335802811882043528
6949 810.268000 -0.38954918567343882474 -0.00221065913817235790498 -0.0564901304464443532183 -0.0121620216566164871669 -0.00834002369575099176957 0.999891258704654450895 3.09335200183695802068
6950 810.275000 -0.389548160357179318325 -0.00220805496095098814646 -0.0564895624976469931666 -0.0121654150066831025917 -0.00834110989147635387142 0.999891208363936634385 3.09334662403055693503
6951 810.282000 -0.389547100212555785781 -0.00220539254866221117943 -0.0564892790974020411743 -0.0121684612022185771607 -0.00834257459972064831233 0.999891159077335944794 3.09334104905120055307
6952 810.290000 -0.389546013014520131623 -0.00220262001705485684425 -0.0564892517082137418649 -0.0121710681454091397546 -0.0083444307260770456125 0.999891111859715242538 3.09333509395524419716
6953 810.296000 -0.389544881078403348873 -0.00219987487146115767711 -0.0564896183757584852136 -0.0121733766347758010085 -0.0083465442716028990372 0.999891066116719517964 3.09332904830153143649
6954 810.304000 -0.389543617206731751512 -0.00219702762770602631412 -0.0564900420546304085634 -0.0121750384930542215889 -0.00834907915898389779708 0.99989102471963897667 3.09332260179840989878
6955 810.311000 -0.389542446358076110968 -0.00219376928571629950526 -0.0564910869784650618297 -0.012176575000973058685 -0.00835190870090847872764 0.99989098237872786612 3.09331486431845892326
6956 810.318000 -0.389541327168985540563 -0.00219088535281472150326 -0.0564919886807564997078 -0.0121772818075967549645 -0.00835468625555257568549 0.99989095056678545248 3.09330781992570180705
6957 810.325000 -0.389540258311148857029 -0.0021880243509185492122 -0.0564929046353379454848 -0.0121774146290904820844 -0.00835752492588419902686 0.999890925226379234658 3.09330063050050840801
6958 810.332000 -0.38953925756194929253 -0.00218519681845183010721 -0.0564937474192491601022 -0.0121769828449306560803 -0.0083603882882999722842 0.999890906547540869731 3.09329334607084138753
6959 810.340000 -0.389538332139159615419 -0.00218236060873211370342 -0.056494534502377735663 -0.0121761233159362776413 -0.00836325405887307533892 0.999890893049107498669 3.0932859024010204152
6960 810.348000 -0.389537426949249365737 -0.00217926132567561672837 -0.056494998384480486775 -0.0121743094411583385045 -0.00836646749752256724264 0.999890888252935150504 3.09327765341708671443
6961 810.355000 -0.389536690299724430719 -0.00217632413040872623247 -0.056495033166784475176 -0.0121718091004662642279 -0.00836958303782886145483 0.999890892619287097176 3.09326978812196751178
6962 810.363000 -0.389536118301160527722 -0.00217342720705745919701 -0.056494708582477279335 -0.0121689045162027831282 -0.00837265155305870652225 0.999890902283267268835 3.09326208385889200869
6963 810.370000 -0.389535767420948475515 -0.00217098250115333683136 -0.0564940610679249416437 -0.0121660216524250956727 -0.00837523919624238825932 0.999890915693086190785 3.09325568088093527663
6964 810.378000 -0.389535559873678216558 -0.00216854336347912244123 -0.0564930171244033552114 -0.0121628734877554239846 -0.00837780552531288726092 0.999890932493689876814 3.09324943938825613898
6965 810.385000 -0.389535437244192594974 -0.00216597958685201550169 -0.0564916434946565598763 -0.0121594242105443235691 -0.00838064162952335822698 0.999890950678495427084 3.09324312402919998632
6966 810.393000 -0.389535456450096517766 -0.00216341922426471636523 -0.056489913596386637229 -0.0121559693973858351512 -0.00838341651129576731494 0.999890969423970599195 3.09323709206847485831
6967 810.401000 -0.389535574123003214275 -0.0021611512319023996713 -0.0564881085767490048744 -0.0121530077295916773966 -0.00838585994578464576088 0.999890984935904891806 3.09323199142728455513
6968 810.408000 -0.389535720042398281304 -0.00215875904225889007557 -0.056486265959253760538 -0.0121503898709623692209 -0.00838851410951505990776 0.999890994487408146796 3.09322692963112988451
6969 810.416000 -0.389535905293104001146 -0.00215631280906421630289 -0.0564843228464739846584 -0.0121481680684895464867 -0.0083911606806372513595 0.999890999276926928374 3.09322199021883292858
6970 810.424000 -0.389536067817312703365 -0.00215387202197859541075 -0.05648252175118368551 -0.012146619360188225592 -0.0083937582349326283343 0.999890996289501732264 3.093217269794831914
6971 810.432000 -0.389536174509324206738 -0.00215164764408559217382 -0.0564810529786594767154 -0.0121457306013096569958 -0.00839599495007841735428 0.999890988306704753263 3.09321304476858660593
6972 810.439000 -0.389536183891585008343 -0.00214926813850208845574 -0.0564798461482076685769 -0.0121456597234538415941 -0.00839836446099136157972 0.999890969268280804805 3.09320867625447704086
6973 810.447000 -0.389536092095950581271 -0.00214678391723533519217 -0.0564788995612521826928 -0.0121461915929478563719 -0.00840068208058910095848 0.999890943338506477112 3.09320405750966775926
6974 810.455000 -0.389535906190690506268 -0.00214450398708562446973 -0.0564783684963477000673 -0.0121471650502031659757 -0.00840263948715667431666 0.999890915065684504626 3.09319970700417412601
6975 810.462000 -0.389535561930440255018 -0.00214205918192103333605 -0.0564781142252454848585 -0.0121488189809232146471 -0.00840465033989275592252 0.999890878071218902612 3.09319499896272942507
6976 810.470000 -0.389535145704833329905 -0.00213974017431125445102 -0.0564782017545559789085 -0.0121506502869307246584 -0.00840637277261887909396 0.999890841339399649712 3.09319030118280835495
6977 810.477000 -0.389534566184098096642 -0.00213726591188737003943 -0.056478488179338426356 -0.0121528826942172204356 -0.0084080865263684127775 0.999890799799250884483 3.09318515662740933791
6978 810.485000 -0.389533862692905186176 -0.00213467934673418303568 -0.0564790423200305924389 -0.0121553406304927870407 -0.00840975338379169878866 0.999890755903953931671 3.09317951604887619865
6979 810.492000 -0.389533178686535419555 -0.00213241585392307062691 -0.0564796559349259180705 -0.0121574600781490030355 -0.00841108604593551051343 0.999890718926811472578 3.09317437988451260367
6980 810.500000 -0.389532339527673854285 -0.00212983096432397232822 -0.056480425787577115404 -0.0121597414640392566254 -0.00841252991467850499974 0.99989067903844497387 3.09316830768422601494
6981 810.507000 -0.389531579901979674307 -0.0021275788165795355214 -0.0564811042836982912796 -0.0121615080878925661823 -0.00841372537518010263358 0.999890647494184325872 3.09316284981741373983
6982 810.514000 -0.3895308139931661362 -0.00212533562100337622414 -0.0564817343004475058699 -0.0121630031374809557954 -0.0084149001877124665616 0.999890619422698856411 3.09315729045496645711
6983 810.522000 -0.389529955746442502207 -0.00212278653019611161096 -0.0564823418502119339868 -0.012164311865366378082 -0.00841623966946599202932 0.999890592228303898281 3.09315085653850729841
6984 810.530000 -0.389529140363200299113 -0.00212025742669863298193 -0.0564827812827065067758 -0.0121651534782210527658 -0.00841761124419466988389 0.999890570443482507024 3.09314439860564105444
6985 810.538000 -0.3895284792826417819 -0.00211796708677726951142 -0.0564829968023219247675 -0.0121654875601974413885 -0.00841887446721595496257 0.999890555743541353806 3.09313852890748597346
6986 810.544000 -0.389527869998749110003 -0.00211587466281937166407 -0.0564830539253113605991 -0.0121655037151463790018 -0.0084201936549624257361 0.999890544438824968587 3.09313318518337165841
6987 810.550000 -0.389527406651989260844 -0.00211402154364696403394 -0.0564829628623107760088 -0.0121652307700897827081 -0.00842138423278141964867 0.999890537732963435857 3.09312848418027774855
6988 810.558000 -0.389526931807821552578 -0.00211176823067112757679 -0.0564826608485208270238 -0.0121645971348169502219 -0.00842288835608072036787 0.999890532772607310008 3.09312283666542153782
6989 810.566000 -0.389526402292153461904 -0.00210910297544016685917 -0.0564821558432415937734 -0.0121635933965248896338 -0.00842492428996064260383 0.999890527831118314239 3.09311629893299677718
6990 810.574000 -0.38952602404638236866 -0.00210665534818689319241 -0.0564814943889541190569 -0.0121624225959217745902 -0.00842688703204137572189 0.99989052553344437424 3.09311043846199495988
6991 810.582000 -0.389525761327400910083 -0.00210441558617633067002 -0.0564807475865695615691 -0.0121612114405225662378 -0.00842873574463581798355 0.999890524682600534412 3.09310519064689870561
6992 810.590000 -0.389525462741707628744 -0.00210175644370523420981 -0.0564798495648063808572 -0.0121598408525859374985 -0.00843115211780365823857 0.999890520979375252431 3.09309915470159912942
6993 810.598000 -0.389525249220874336675 -0.00209929454116806373312 -0.0564789538990836878507 -0.0121586059020921503915 -0.00843341502113007651653 0.999890516913526261611 3.09309368842102472286
6994 810.605000 -0.389525081550668339503 -0.00209712952377003264762 -0.0564781747638598424777 -0.0121576280105618345778 -0.00843543082543344452384 0.999890511800140102672 3.0930889723946672909
6995 810.613000 -0.389524895779682578389 -0.00209463751353939926086 -0.0564773235524293620857 -0.0121566950972654443108 -0.00843776939227432708213 0.999890503411246078791 3.09308361856919811217
6996 810.622000 -0.389524707946914017231 -0.00209201846387707278072 -0.0564765046146883803457 -0.0121559378616773461346 -0.00844016335848324535107 0.999890492412636611164 3.09307801107839175359
6997 810.630000 -0.389524456902803517533 -0.00208927211917338479311 -0.0564757770980776480085 -0.0121554938885686403954 -0.00844271346702112936156 0.999890476281096840516 3.09307221824627864848
6998 810.638000 -0.389524241945453042479 -0.00208692581606527340771 -0.0564752550381398890633 -0.0121552961457638310228 -0.00844474479815189409126 0.999890461531113383664 3.09306719385445738624
6999 810.645000 -0.389523950976620070286 -0.00208445739063974110408 -0.0564748069725524853846 -0.0121553478774072999669 -0.00844688502848875248652 0.999890442824259984 3.09306194068802708941
7000 810.653000 -0.389523618614275923822 -0.00208185861363553714742 -0.0564744485605933460581 -0.0121555893694891489765 -0.00844900720073773342511 0.999890421958527508828 3.09305631462559871281
7001 810.660000 -0.389523294725423963047 -0.00207957560196523954729 -0.0564742172377725032417 -0.0121559322120377028692 -0.00845078339718260442004 0.999890402780239773151 3.09305130843376563377
7002 810.669000 -0.389522881255536579381 -0.00207683351717283509047 -0.0564740392175564140387 -0.0121564684548110708839 -0.0084527932279617433442 0.999890379272324270055 3.09304518381361592816
7003 810.676000 -0.389522431471296615157 -0.00207431322238994493914 -0.0564739212800196427322 -0.0121570760202134916378 -0.00845462534264711414178 0.999890356395617074803 3.09303952578225915815
7004 810.684000 -0.389521948756799130109 -0.00207166953010765519591 -0.0564738573999745280263 -0.0121577357621089621187 -0.0084564374156379899794 0.999890333050267199333 3.09303347933414674031
7005 810.692000 -0.389521443521554655565 -0.00206902498252426554279 -0.0564738208697042332052 -0.0121583905027414229671 -0.00845819147384049320471 0.999890310252766978394 3.09302735568910858177
7006 810.700000 -0.389520927130112770698 -0.00206638834236840679415 -0.0564737906588875376857 -0.0121589879709338970909 -0.00845989083078885206746 0.999890288611032462818 3.09302119087529714392
7007 810.708000 -0.389520399003504436131 -0.00206374650771983577519 -0.0564737518190609466551 -0.0121595339965708711116 -0.00846158426267604353577 0.999890267641780794428 3.09301496452753088562
7008 810.715000 -0.389519933843934351714 -0.0020614333489276182379 -0.0564736981902847073878 -0.0121599528816214094706 -0.00846307892257652967516 0.999890249897991023609 3.09300948807370534865
7009 810.723000 -0.389519418667368888531 -0.00205881162474805473953 -0.056473599235417747122 -0.0121602910183015375245 -0.00846476035176008806404 0.999890231552712727137 3.09300327048703538324
7010 810.731000 -0.389518909875694929745 -0.00205618618001104317555 -0.0564734595782721837676 -0.0121605407173126199571 -0.0084664837569736785261 0.999890213924636728215 3.09299704489548155095
7011 810.739000 -0.389518419549776451216 -0.00205356927712854655382 -0.0564732703138687286426 -0.0121606756469776356583 -0.00846824021619900328683 0.999890197409420311558 3.0929908558183352163
7012 810.747000 -0.389517949447484357339 -0.00205095872231180224518 -0.0564730317852767949027 -0.0121607069177790370895 -0.00847003868042562647889 0.999890181795986987545 3.09298471038186439941
7013 810.755000 -0.389517500678092654098 -0.00204835288803715447406 -0.0564727465102060829927 -0.012160648055035231177 -0.00847188303658100508309 0.999890166886691633685 3.09297861280197361467
7014 810.763000 -0.3895170730065632414 -0.00204574988482275751597 -0.0564724195886150276413 -0.0121605162694937898177 -0.00847377367508200286805 0.99989015246864143549 3.09297256320480817848
7015 810.771000 -0.389516664940692924901 -0.00204314755281725804817 -0.0564720580597321761274 -0.0121603309916334043073 -0.00847570790921616142033 0.999890138328012212376 3.09296655763824812624
7016 810.779000 -0.389516273967711157411 -0.00204054358416015657607 -0.0564716702005344517445 -0.0121601123605814750994 -0.0084776804698846151831 0.99989012426427570368 3.09296058860360378873
7017 810.787000 -0.389515896656955018518 -0.00203793535051327275379 -0.056471265070072156067 -0.0121598872040829027869 -0.00847969320526056717646 0.999890109935251181206 3.0929546444350255463
7018 810.795000 -0.389515529334324039912 -0.00203532059751441660178 -0.0564708511033364390919 -0.0121596590619382962511 -0.00848171921340321217919 0.999890095525844402324 3.09294871364184098539
7019 810.803000 -0.389515168669429978632 -0.00203269848577810512483 -0.0564704363126933284178 -0.0121594491394413136559 -0.00848375902178636828732 0.999890080773624623234 3.09294278647973719387
7020 810.811000 -0.389514810628099117373 -0.002030067003707527757 -0.0564700279077642308678 -0.0121592697945488038141 -0.0084858039254076065433 0.999890065602115574173 3.09293684927429124443
7021 810.819000 -0.389514500902113869341 -0.00202762964262509243901 -0.0564696577748721173506 -0.0121591155365782591091 -0.00848764492436513556806 0.999890051852205363758 3.09293132389976577201
7022 810.826000 -0.38951413469171952686 -0.00202510390065711908328 -0.0564692982406615265334 -0.0121590428778220079054 -0.0084896247196814787761 0.999890035928158615874 3.09292565068397040662
7023 810.833000 -0.389513789999031800892 -0.00202368018331426473277 -0.0564691136887588429616 -0.0121591638324846287172 -0.00849102300098579509946 0.999890022584129845029 3.09292263928152300068
7024 810.840000 -0.389513533247884236044 -0.00202063285004000373415 -0.0564687017389546574986 -0.0121589610896812461843 -0.00849295665645925963727 0.999890008627174586842 3.09291549868385606814
7025 810.845000 -0.389513249072528267014 -0.00201876121817111007714 -0.0564684677056671857631 -0.0121589781915592571454 -0.00849438928842183825496 0.999889996249564538822 3.09291127545322508396
7026 810.850000 -0.389513006545750217757 -0.00201707953291260441708 -0.0564682679615701732523 -0.0121590056477143826363 -0.00849563028419442894945 0.999889985372257372731 3.09290744569512909834
7027 810.857000 -0.389512718315042805184 -0.00201493268635608187289 -0.0564680219707974703769 -0.0121590223996493225489 -0.00849714819672489109215 0.999889972270353255546 3.0929025158200649237
7028 810.862000 -0.389512467995810018895 -0.00201324196098787849829 -0.0564678386534255769003 -0.0121590790743370397164 -0.00849837187576498939712 0.999889961181491759845 3.09289864533004799085
7029 810.867000 -0.389512165703383372861 -0.00201135051788584257385 -0.0564676387236029836414 -0.0121591546913095791688 -0.00849975781352988596362 0.99988994848148382566 3.09289433217929943254
7030 810.874000 -0.389511808777458001796 -0.00200898207841327097051 -0.0564673982663715795516 -0.0121592501820882038094 -0.00850144102732335732453 0.999889933010363218813 3.0928888838393988614
7031 810.879000 -0.38951154980655455784 -0.00200728574385831450011 -0.0564672322000588366997 -0.0121593327321691917209 -0.00850264447209335590128 0.999889921773636891622 3.09288496989469674503
7032 810.885000 -0.389511233673430823377 -0.00200524453857912681939 -0.0564670370375464567014 -0.0121594361432802167133 -0.00850408125923336928598 0.999889908297215357358 3.09288025503400332283
7033 810.892000 -0.389510924919254875043 -0.00200307921483225534129 -0.0564668289285635699448 -0.0121595017319384348514 -0.00850554843325431776668 0.999889895020186991736 3.09287522006723891721
7034 810.896000 -0.389510655410504003093 -0.00200151052338821879711 -0.0564666839186665422967 -0.0121596073087274769708 -0.00850669111958712344246 0.999889884015381813498 3.09287161428463663881
7035 810.904000 -0.389510231301525677861 -0.00199879149179547563331 -0.0564664296339999760566 -0.012159727554392051746 -0.00850858434715530582981 0.999889866444405139845 3.09286531116355378757
7036 810.912000 -0.389509807330196744513 -0.00199607365236266270578 -0.0564661729386077698711 -0.0121598360387182476139 -0.00851047906019034190728 0.999889849000217378894 3.09285900936998547905
7037 810.919000 -0.389509438751196201967 -0.00199369901457440486942 -0.0564659444048695446927 -0.0121599158780014374864 -0.00851213810401295345454 0.999889833907084968345 3.09285350494560651313
7038 810.928000 -0.389509019132441958178 -0.00199084185178596481669 -0.0564656633935364110632 -0.0121599808482359995898 -0.00851409878455018989674 0.999889816423618404961 3.09284686087275151323
7039 810.935000 -0.38950859785594860174 -0.00198826627692505085096 -0.056465406772048358508 -0.0121600663761850351363 -0.00851595853718140581579 0.99988979954588985688 3.09284092675465593913
7040 810.943000 -0.389508183420681997067 -0.00198555332772497967683 -0.0564651269517771753348 -0.0121601151278811058648 -0.00851788025559005457232 0.99988978258407479327 3.09283465751043928904
7041 810.951000 -0.38950777816462922587 -0.00198285000045046125999 -0.0564648375618802822462 -0.0121601283718817121393 -0.00851979374746055645451 0.999889766120485856682 3.09282842170029637074
7042 810.959000 -0.389507370506724737158 -0.00198013647395838812346 -0.0564645447045432277711 -0.0121601527146508719274 -0.00852173418839477503361 0.999889749288579543496 3.09282216947674148955
7043 810.967000 -0.389507017563549051697 -0.00197761595266559946082 -0.0564642653846721478961 -0.0121601563433482960652 -0.00852350883662228095417 0.999889734118126427553 3.09281634030054730644
7044 810.974000 -0.389506614935872741423 -0.00197504445914797183148 -0.0564639790241632313905 -0.0121601827740351556978 -0.00852540587479200771825 0.999889717623684726178 3.09281045731223658279
7045 810.982000 -0.389506222937860080435 -0.00197233738102658723995 -0.0564636690775234678652 -0.0121601620482241646465 -0.0085273466262986846731 0.999889701326339253029 3.09280424217963645361
7046 810.990000 -0.389505877410765255497 -0.00196981040880130249537 -0.056463379918035544458 -0.0121601516001249836813 -0.0085291328854333187115 0.99988968621807716719 3.09279841029818536313
7047 810.998000 -0.389505436825908546439 -0.00196689925308212668759 -0.0564630455084020738132 -0.0121601500482857553809 -0.00853126618747042722579 0.999889668037449830251 3.09279175811596651613
7048 811.006000 -0.389505045883231926229 -0.00196417493529641145472 -0.0564627327604807632833 -0.0121601515887910446856 -0.0085332356506651035194 0.999889651212906627187 3.0927855033958184805
7049 811.014000 -0.389504655263703980506 -0.00196144586187101208768 -0.0564624206671021158788 -0.012160149055541221233 -0.00853519428501294669109 0.999889634526463066955 3.09277923487023320703
7050 811.021000 -0.389504314122473771498 -0.00195905554797523888053 -0.0564621483609876323451 -0.0121601421544905111821 -0.00853689774420942487643 0.999889620067979101314 3.09277374284202632992
7051 811.029000 -0.389503923229405690787 -0.00195631810824061207893 -0.0564618396959284257752 -0.012160154154726286746 -0.00853886079234882078293 0.999889603159920037356 3.092767446165501255
7052 811.037000 -0.389503531366977462369 -0.00195357552762153233172 -0.0564615334458144352281 -0.0121601642267374163847 -0.00854081138558867442034 0.999889586377843309073 3.09276113183839074239
7053 811.045000 -0.389503192233866202265 -0.00195103172477238771126 -0.0564612483942274270832 -0.0121601510991216233554 -0.00854257244807749352433 0.999889571493380535649 3.09275524468748219675
7054 811.053000 -0.389502743235802140198 -0.00194807559711908861652 -0.0564609289225490723618 -0.0121602043680267904446 -0.00854471034365356964246 0.999889552578119067405 3.09274845377750962072
7055 811.061000 -0.389502403032645716507 -0.00194552462628463712288 -0.0564606496059448861868 -0.0121601948273907037312 -0.00854646069726503962438 0.999889537734698907734 3.09274253764624251772
7056 811.068000 -0.389502002980601336191 -0.00194290979178499481628 -0.0564603702542586724511 -0.0121602486473110435461 -0.00854835243901585009607 0.999889520908892270867 3.09273652822607125756
7057 811.076000 -0.38950166057818530474 -0.00194035174591085726736 -0.0564600953917259035242 -0.012160246119859432698 -0.00855010066937942486698 0.999889505991961025089 3.09273058836285397177
7058 811.083000 -0.389501260291683637504 -0.00193773392414098733633 -0.0564598198322643074487 -0.0121602991981394209509 -0.00855198345406165544302 0.999889489244893070463 3.09272456369241943719
7059 811.092000 -0.389500864991826734052 -0.00193482268835203693319 -0.0564595101289166872993 -0.0121603136766442986028 -0.00855398815901302518594 0.999889471920702321839 3.09271780915331717665
7060 811.100000 -0.389500466844350023976 -0.00193205597259381040703 -0.0564592195528970108853 -0.0121603474691614702602 -0.0085559283115553552701 0.999889454909969943586 3.09271141113964098679
7061 811.107000 -0.389500066362348129623 -0.00192943613376259483563 -0.0564589457278615799996 -0.012160401661093047862 -0.00855781176994678711989 0.999889438132612107246 3.09270538134702821509
7062 811.115000 -0.3894996684617978433 -0.00192666832074251705154 -0.0564586548277827213194 -0.0121604362208415795604 -0.0085597579872229521275 0.999889421053207771983 3.0926989859259750304
7063 811.123000 -0.389499271644106415113 -0.00192390039294812031229 -0.0564583642173521749186 -0.0121604681763942713835 -0.00856170145986907306368 0.999889404025186556701 3.0926925892304488741
7064 811.131000 -0.389498876129454052464 -0.00192113341715406367796 -0.0564580726157218326655 -0.0121604977023281497772 -0.00856364645164804823285 0.999889387009924690553 3.09268619773911224158
7065 811.138000 -0.389498531278527515553 -0.00191871362644541838469 -0.0564578164610124721978 -0.0121605217023205199739 -0.00856535035853011120222 0.999889372123317965446 3.09268061193238397166
7066 811.145000 -0.389498187615354707347 -0.00191629394288564663257 -0.0564575603646734133778 -0.0121605429517317748661 -0.00856705085836785909525 0.99988935729645067596 3.09267502500068980353
7067 811.153000 -0.389497768635915342372 -0.00191471610654188545766 -0.0564574057570125520389 -0.0121607481401096555185 -0.0085685282937776902773 0.999889342141194847891 3.09267160647730721124
7068 811.161000 -0.389497455225762845288 -0.00191095766017801991024 -0.0564569918230658773783 -0.0121605667859109468215 -0.0085707619807504648729 0.999889325202801937387 3.09266268344953587643
7069 811.168000 -0.389497059706442272375 -0.0019083368694274563046 -0.056456715960739894955 -0.0121606151499198730098 -0.00857264934109904300219 0.999889308434913748336 3.0926566623283680002
7070 811.176000 -0.389496668877391816199 -0.001905567780749442032 -0.0564564213818189164495 -0.0121606380730996492534 -0.00857459573023052618046 0.999889291466669272168 3.09265027219850630047
7071 811.184000 -0.389496277649682531852 -0.00190279648412681242492 -0.0564561265420375699153 -0.0121606631774578560767 -0.00857654503134203972936 0.999889274443130360304 3.09264387825123199249
7072 811.192000 -0.389495887416471009423 -0.00190002409589845426552 -0.0564558320607053271134 -0.0121606858460708636138 -0.0085784893979363105454 0.999889257487749261166 3.09263747776299746661
7073 811.201000 -0.389495506499715482551 -0.00189711024678002786528 -0.0564555175981871770752 -0.0121606639172138521199 -0.00858047474959458891797 0.999889240719272875957 3.09263072381580128578
7074 811.209000 -0.389495116243153360891 -0.00189433327270435887535 -0.0564552237425293285122 -0.0121606877590708234438 -0.00858241875622529036549 0.999889223745070165883 3.09262430995485093632
7075 811.216000 -0.389494724232498534811 -0.00189170751733717598664 -0.0564549458159086525733 -0.0121607297622812384613 -0.00858430117060166204823 0.999889207074994401658 3.09261827145008094675
7076 811.225000 -0.389494256257894300166 -0.00188994127568309095572 -0.0564547712347078026185 -0.0121609673074028010881 -0.00858596712297400588287 0.999889189881914441926 3.09261444426274900721
7077 811.233000 -0.389493896431843233952 -0.00188579937585652565937 -0.0564543201222759277735 -0.0121607852264553131794 -0.00858843951070941205583 0.99988917086317452565 3.09260461488073401526
7078 811.241000 -0.389493482128092871619 -0.0018842349311276344534 -0.0564541649839962536572 -0.0121609841059298669913 -0.00858990273445209458203 0.999889155875083868175 3.09260122167022011297
7079 811.250000 -0.389493073725792060547 -0.00187989112105695858196 -0.0564536943586337186529 -0.0121608123006584877002 -0.00859254640246442241702 0.999889135249758309598 3.09259095059890709578
7080 811.258000 -0.389492685630554613674 -0.00187710648185250095557 -0.0564534004717938964202 -0.0121608311448166313273 -0.00859448520557832933153 0.999889118357589978814 3.09258450745127877468
7081 811.266000 -0.389492297682488775035 -0.00187432063868987579258 -0.0564531069718088515663 -0.0121608570637501134382 -0.00859643325793326730511 0.999889101296097315696 3.09257806032303816934
7082 811.274000 -0.38949190979216918862 -0.00187153338706672793881 -0.0564528135857397389552 -0.0121608761265140641328 -0.00859837215146592656612 0.999889084392954319291 3.09257160944265629965
7083 811.282000 -0.389491521313588717756 -0.00186874466768029504071 -0.0564525196071875706716 -0.0121608996444202421827 -0.00860031824712935953625 0.999889067369918893569 3.0925651581266060397
7084 811.290000 -0.38949113359906423204 -0.00186595510516064178388 -0.0564522272381855066969 -0.0121609199867344225376 -0.00860225724104686333138 0.999889050442815396913 3.09255870079298622599
7085 811.299000 -0.38949066789323028015 -0.00186420046793569485141 -0.0564520544969541390734 -0.0121611466687677645393 -0.0086038965629889867931 0.999889033581043973342 3.09255489223185930925
7086 811.307000 -0.38949028926166834319 -0.00186126930376484794188 -0.0564517423018287417547 -0.0121611242165281432243 -0.0086058808084559686169 0.999889016778012451603 3.09254808502835221162
7087 811.315000 -0.38948990308835984564 -0.00185847906937444294281 -0.0564514499937442820743 -0.0121611439963477847848 -0.00860781877841521742001 0.999888999855773064063 3.09254162716193725657
7088 811.323000 -0.389489596320514497307 -0.00185465156457660651501 -0.0564510372018440093056 -0.0121609563779555528151 -0.00861006232167716052672 0.99988898282098814807 3.0925325182792970935
7089 811.331000 -0.389489158411758462641 -0.00185166440513503992651 -0.0564507266281400188479 -0.0121610104249684023575 -0.00861219281521105779753 0.999888963815661502288 3.09252563333347341157
7090 811.339000 -0.389488773909185959088 -0.00184887493292585757682 -0.0564504343679970155279 -0.0121610295285989565561 -0.00861413146403315448107 0.999888946883564999624 3.09251917943168397329
7091 811.347000 -0.389488362173696089918 -0.0018473236570820455657 -0.0564502816355726411146 -0.0121612350494187722999 -0.00861558753477361695394 0.999888931838683547859 3.09251581875334169425
7092 811.355000 -0.38948800426802632213 -0.00184329341234307090072 -0.056449850628005268649 -0.0121610748303716906943 -0.00861801334658604013816 0.999888912882290314954 3.09250626735778721965
7093 811.363000 -0.389487619915173666207 -0.00184050257136736091293 -0.0564495589539111275457 -0.0121610971423355383736 -0.00861995332769712081789 0.99988889588839979794 3.09249981167999088427
7094 811.371000 -0.389487236398536385007 -0.00183771180035531469382 -0.0564492679904737282293 -0.012161117690056079052 -0.00862188842347576256397 0.999888878954327653403 3.09249335289205840027
7095 811.379000 -0.389486858903006605281 -0.00183493050997137396516 -0.0564489744099496010277 -0.012161116300993165748 -0.00862380555000118176334 0.999888862438295999979 3.09248691814450005211
7096 811.387000 -0.389486475251413777343 -0.00183213849587515005199 -0.0564486843609973421021 -0.0121611388040154862894 -0.00862574026075044013318 0.999888845476307630555 3.09248045594093934341
7097 811.395000 -0.389486093061136517957 -0.0018293479651213138612 -0.0564483933482895494649 -0.0121611578145797358252 -0.00862767275140481799955 0.999888828572208510082 3.09247399616396778654
7098 811.402000 -0.389485759302330813991 -0.00182690714442170984433 -0.0564481385174219960077 -0.0121611738369077834743 -0.00862936383882352726904 0.999888813784135410678 3.09246834670092196617
7099 811.410000 -0.38948537725644494234 -0.00182411539048138492472 -0.0564478480265897114565 -0.0121611931229865955634 -0.00863129434238043419247 0.999888796886834074762 3.0924618816889197781
7100 811.418000 -0.389484996457592103081 -0.00182132516404288251691 -0.056447556573521420753 -0.0121612164866519451706 -0.008633233355959609584 0.999888779862733723114 3.09245542023428487965
7101 811.426000 -0.389484614356208902475 -0.00181853193982158727396 -0.0564472670019355513005 -0.0121612367932152770633 -0.00863516259740071054352 0.999888762956448018393 3.09244894966488237387
7102 811.434000 -0.389484233436427740305 -0.00181573999566616087198 -0.0564469764248062347289 -0.0121612542570431886313 -0.00863709106239473473066 0.99988874608772138064 3.09244248206197669404
7103 811.442000 -0.389483851115039192425 -0.00181294561557670012505 -0.0564466860738841308409 -0.0121612779127775461063 -0.00863902544509000808182 0.999888729088835748193 3.09243600986481537163
7104 811.447000 -0.389483611610121016611 -0.00181119754751687782324 -0.0564465051196916672849 -0.0121612925281936751915 -0.00864023264630284400234 0.999888718480142379974 3.09243195954934613212
7105 811.453000 -0.389483329948308254487 -0.00180910877826504726956 -0.0564462864334951824885 -0.0121612946285540052954 -0.00864166973083856093663 0.999888706035437002662 3.09242711921982849077
7106 811.459000 -0.389483045759455193124 -0.00180701640158268533876 -0.0564460679631150971658 -0.0121612991647169696452 -0.00864310730696101273129 0.999888693554791041507 3.0924222738772315644
7107 811.467000 -0.389482665708900832602 -0.00180422325596421399829 -0.05644577780881041007 -0.0121613159542058486828 -0.00864503355201220319293 0.999888676698134526433 3.09241580089089218575
7108 811.473000 -0.389482431550452645741 -0.00180232040025829574198 -0.0564455785803615189833 -0.0121613097917760547978 -0.00864630787893510589781 0.999888665754448457967 3.09241136193992138814
7109 811.478000 -0.389482144634484217516 -0.00180038486875069760756 -0.0564453781993909248227 -0.0121613370813617727162 -0.00864768270583404601026 0.999888653533088533898 3.0924069076083151586
7110 811.483000 -0.38948190708489849321 -0.00179863819763469590801 -0.0564451973350780927818 -0.0121613547791368011713 -0.00864889446529741763581 0.999888642837023167154 3.09240285791969515827
7111 811.489000 -0.389481619592981942457 -0.001796538594142147241 -0.0564449804276827282745 -0.0121613765286013846695 -0.0086503466026782195597 0.999888630010654311242 3.09239799272613025138
7112 811.493500 -0.389481422659680331932 -0.00179578647693847065839 -0.056444902195652409127 -0.0121614527184318033104 -0.00865104393290208432965 0.9998886230509117512 3.09239636637535353358
7113 811.500000 -0.389481151757896548737 -0.00179289424184796066658 -0.0564445995234539310559 -0.0121613690960931213059 -0.00865281334321728670678 0.999888608757473762445 3.09238952040266168453
7114 811.507000 -0.38948077043713741352 -0.0017902603318248498307 -0.0564443269536126224217 -0.0121614069337328753462 -0.00865467511458249336154 0.99988859218417580621 3.09238344461830072518
7115 811.512000 -0.389480538057021430376 -0.00178852186522533620344 -0.0564441440321449966477 -0.0121613994815071759653 -0.00865586254942310104332 0.999888581996102643323 3.0923794175657230987
7116 811.520000 -0.389480159504454470643 -0.00178572912682182713406 -0.0564438552538727156271 -0.0121614177122951350879 -0.00865778699846681161489 0.99988856511289103679 3.0923729456280515393
7117 811.528000 -0.389479828915106518483 -0.00178311982603473681563 -0.0564435859757271007897 -0.0121614265555157561455 -0.00865954803966418641681 0.999888549755363453819 3.09236686819601525045
7118 811.536000 -0.389479456495160969443 -0.00178033968593298156172 -0.0564432950065186303523 -0.0121614234226595889499 -0.00866145473965802478733 0.9998885332786487945 3.09236042887311324279
7119 811.543000 -0.389479076640614152449 -0.00177770782401047693772 -0.0564430226807145427048 -0.0121614607062861691117 -0.00866331285408691691152 0.999888516727680864982 3.09235435696787863691
7120 811.551000 -0.389478700512175923798 -0.00177491835289906576753 -0.0564427336338324883713 -0.0121614827402804093898 -0.00866524210952468107449 0.99988849974221671868 3.09234789129850540235
7121 811.558000 -0.389478371876045836864 -0.00177247849071042636038 -0.0564424804798211721124 -0.0121614887813915936027 -0.00866691294374548164281 0.99988848518754613881 3.09234223740795322044
7122 811.566000 -0.389477997064065051269 -0.00176969114392046180523 -0.0564421907884093132513 -0.01216150863865506776 -0.00866884046740259810171 0.999888468236624250451 3.09233577693392458485
7123 811.574000 -0.389477620984206185373 -0.00176690153153381867071 -0.0564419030739588684087 -0.0121615257314398768351 -0.00867075801115939348573 0.999888451402152989012 3.09232930951967999178
7124 811.582000 -0.389477246105781493846 -0.00176411389969302178499 -0.0564416144570055386409 -0.0121615402793955208055 -0.00867267446783995428483 0.999888434604385034632 3.09232284704484206017
