23846 1476.670000 -0.317459592272660739987 0.0255446367138128307972 -0.0547518223215102545209 -0.0312157919801333040566 -0.0571572173870926250605 0.997877059978641622884 2.95356817659508852358
23847 1476.676000 -0.317462923523591566966 0.0255358616378829200722 -0.0547527232572602579053 -0.0312188510318234836716 -0.0571383373408626826784 0.997878045527696100336 2.95358838442719484618
23848 1476.683000 -0.31746669720144760074 0.0255245433682773498196 -0.0547547329878172173157 -0.0312255034588509103322 -0.0571141461209550491129 0.997879222274226540534 2.95361401484912589055
23849 1476.691000 -0.31747082533944837035 0.0255104134313652239352 -0.0547581590814687074742 -0.0312360103359122752431 -0.0570848874281449994439 0.997880567646054039699 2.95364567558260793234
23850 1476.700500 -0.317475194168799212946 0.0254934556169355147626 -0.0547631510695123918664 -0.0312495122022197965861 -0.0570518052206911013835 0.99788203687018228738 2.95368351603719281329
23851 1476.709000 -0.317479243265326116497 0.0254760001802091309853 -0.0547689143964812941157 -0.0312625849137518549425 -0.0570205296061395069951 0.997883415028001041769 2.95372255689052476413
23852 1476.718000 -0.317482953763800979097 0.0254587321318352315103 -0.0547749679073119000172 -0.031273473103665676287 -0.0569926699690965973821 0.997884665404689008561 2.95376146201718992046
23853 1476.726000 -0.317485952236406354654 0.0254440680572372117385 -0.0547802263111800274986 -0.0312804882073589723968 -0.0569716092949861252492 0.997885648154060223014 2.95379482484470878845
23854 1476.735000 -0.317488965636851694363 0.0254288563641070913812 -0.0547856586418560553842 -0.0312850949224854762987 -0.0569524965652992709586 0.997886594744448185423 2.95382981481767847853
23855 1476.741000 -0.317490749372155989239 0.0254196845657970807442 -0.0547888580791043300344 -0.0312863263068009003764 -0.0569424486500994531113 0.997887129553215013189 2.95385111522993160094
23856 1476.746000 -0.317492091483587812739 0.0254127171984892680223 -0.0547912144000659157017 -0.0312863546254385296863 -0.0569356426882815097601 0.997887517010772051584 2.95386739944909759714
23857 1476.751000 -0.317493298776872046041 0.0254064041209800077492 -0.0547932649844858898902 -0.0312855969959515700651 -0.0569301667059005783722 0.997887853187644280339 2.95388222801672073459
23858 1476.756000 -0.317494369579030544237 0.0254007662478632802172 -0.0547949975146559409289 -0.0312841769878593467524 -0.056925911588792559026 0.997888140454619043673 2.95389552347023753853
23859 1476.761000 -0.317495304324816818298 0.0253958091543592529016 -0.0547964086325383736842 -0.0312822191653864545291 -0.0569227556468933082456 0.997888381861244400106 2.95390724585717645567
23860 1476.766000 -0.317496105885123502954 0.0253915238531783604703 -0.0547975030590012457399 -0.0312798430429626628246 -0.0569205699818664881406 0.997888581021021181527 2.95391739291605581741
23861 1476.771000 -0.317496779738112189229 0.0253878878997444018539 -0.0547982926293238692406 -0.0312771590182494077514 -0.0569192228168862099369 0.997888741993649630579 2.95392599896292962214
23862 1476.776000 -0.31749733397546830993 0.0253848667663636382019 -0.054798795285691925816 -0.031274266043220158573 -0.0569185828574410163094 0.997888869167783965075 2.95393313259575407415
23863 1476.781000 -0.317497779151174497336 0.0253824154260846243658 -0.0547990340553783927824 -0.0312712507017702950884 -0.0569185218144414376007 0.997888967147150141024 2.95393889337589765631
23864 1476.786000 -0.317498127991933387637 0.0253804800890123499757 -0.0547990360340146059892 -0.0312681873257211265238 -0.056918916252855021598 0.997889040642277014292 2.95394340767677521242
23865 1476.792000 -0.317498439949704502894 0.0253787529409809156644 -0.0547987684756894577465 -0.0312645356568478569037 -0.056919826240705552467 0.997889103152694745269 2.95394738968854753125
23866 1476.800000 -0.317498720283870494718 0.0253772712766466949919 -0.0547980460820983034109 -0.0312598508332682725741 -0.0569214739336789954383 0.997889155934214677757 2.95395074087481201985
23867 1476.809000 -0.317498928628317078626 0.0253763992934472881746 -0.0547968913422046677297 -0.0312550124172049359483 -0.0569234684169364554829 0.997889193719516343073 2.95395268172706382259
23868 1476.819000 -0.317499137741559245285 0.025375946320836128417 -0.0547954066117450830364 -0.0312503581314037201522 -0.0569253034561987419915 0.997889234806688674162 2.9539538063513495203
23869 1476.828000 -0.317499396542232359408 0.0253755990429000953534 -0.0547940763240343173268 -0.0312469248946092847952 -0.0569262087915048328735 0.997889290671693962587 2.95395496175422334062
23870 1476.837000 -0.317499789080371797034 0.025374987304225493645 -0.0547928973952018505411 -0.03124424942089690585 -0.0569261457719055438687 0.99788937804031185852 2.95395710660362142974
23871 1476.847000 -0.317500374502028948065 0.0253737320148798919939 -0.054791937246024165209 -0.0312422540456335183501 -0.056924869213415128788 0.997889513336613798167 2.95396125726508040898
23872 1476.856000 -0.317501216352626125516 0.0253718850073571255965 -0.0547913134691902503626 -0.0312409724104739036643 -0.0569223784673800331513 0.997889695543783150633 2.95396734342362510262
23873 1476.865000 -0.31750218932277435302 0.0253693444638810224057 -0.0547910751825056857589 -0.0312403675283069656721 -0.0569189522870451811154 0.997889909913533990071 2.95397541554211384707
23874 1476.875000 -0.317503460856367880627 0.0253657265763566099059 -0.0547911822695619360468 -0.0312402061570113201427 -0.0569141620657915292547 0.997890188184860527087 2.95398672352942881503
23875 1476.884000 -0.31750473213207713874 0.0253618623040783967848 -0.0547915638315445846507 -0.0312403668320838621975 -0.0569092216051188884429 0.997890464919119368759 2.95399867042150710006
23876 1476.894000 -0.317506221559399337551 0.0253570810145755075327 -0.0547922257580810423416 -0.0312407178061996533558 -0.0569033623988824677209 0.997890788061827294086 2.95401334635535128825
23877 1476.904000 -0.317507742943151427539 0.0253519661134682973425 -0.0547930533631466182287 -0.0312411331839992888193 -0.0568974700478750983201 0.997891111043449852147 2.95402924827272350683
23878 1476.913000 -0.317509086735454748585 0.0253472707754391762824 -0.0547938494922320315506 -0.0312414614379033506175 -0.0568924272385790824602 0.997891388283377867019 2.95404376915864075315
23879 1476.923000 -0.317510422393774360827 0.0253423178271496019054 -0.0547947355810496083972 -0.0312416360128340044044 -0.0568871905185949836015 0.997891681363334392962 2.95405879856465514166
23880 1476.933000 -0.317511563368287896836 0.0253377816064930955209 -0.0547955626799560627238 -0.0312416829906485213342 -0.0568826009610606600497 0.997891941520632097529 2.95407250558953116126
23881 1476.942000 -0.317512396693119425262 0.0253341592000202175949 -0.0547962309745801401384 -0.0312416512273580304626 -0.0568790930429889374231 0.997892142469914089631 2.95408343219301228189
23882 1476.952000 -0.317513100546100934807 0.0253306960538740195965 -0.0547968784373197431714 -0.0312415697633027164559 -0.0568758692471873217311 0.997892328769041880854 2.95409386307154342433
23883 1476.962000 -0.31751357825646403521 0.0253278209974673665372 -0.0547974319160968725839 -0.0312414819776411258057 -0.0568732757607416303247 0.997892479332359472188 2.95410250643261962367
23884 1476.971000 -0.317513836107407965148 0.0253256870889081997511 -0.054797864947545106562 -0.0312414258212448461838 -0.0568713716288140186395 0.997892589611583669118 2.95410890728260122629
23885 1476.981000 -0.317513971519872539861 0.0253237204731292173121 -0.054798292904274653603 -0.0312414020515932415456 -0.0568695924753755757686 0.997892691750738802803 2.95411479877459015597
23886 1476.990000 -0.317513998459039159528 0.025322208754897327504 -0.0547986479691666972247 -0.0312414104559311442411 -0.056868163362694484908 0.997892772931279425919 2.95411933620450284366
23887 1476.999000 -0.317513979136255675151 0.0253208304227106537065 -0.0547989874205133398188 -0.031241430746017727349 -0.0568667890262987696381 0.997892850616127091712 2.95412350030708559245
23888 1477.009000 -0.317513966692040960904 0.0253193521235547738812 -0.0547993262827934091153 -0.0312414250876802794543 -0.0568653847385815480742 0.997892930818243595326 2.95412805416615542597
23889 1477.018000 -0.31751398129086882971 0.0253178963805526895114 -0.0547996764770329047867 -0.0312413420628746586749 -0.056863662140555368274 0.997893031579074163417 2.95413259263426386525
23890 1477.028000 -0.317514092749646981151 0.0253161363497016178581 -0.054800022785974872308 -0.0312411449836861726537 -0.0568617803233920568462 0.997893144980244173325 2.95413819467838489885
23891 1477.037000 -0.317514301860064185323 0.0253143357376309149909 -0.054800316322593647933 -0.0312408187714246603217 -0.0568599008696134555763 0.997893262285896365249 2.95414405180321359978
23892 1477.047000 -0.317514670804722731745 0.025312067726458768735 -0.0548006133769653458465 -0.0312402718209744134636 -0.0568576211518073346141 0.997893409304575484953 2.95415156291013758505
23893 1477.056000 -0.317515126889281684708 0.0253097941332152166771 -0.0548008456360307705246 -0.0312396170724102972827 -0.0568554386579500012355 0.997893554153037487531 2.95415918004064215197
23894 1477.066000 -0.317515764572150027689 0.0253070352127306164025 -0.0548010597358893694619 -0.0312387202755418334765 -0.0568529023353960064058 0.997893726732254959799 2.95416853191733430606
23895 1477.076000 -0.317516511989281657868 0.0253040936813251418624 -0.0548012293228650193555 -0.0312377015818863616736 -0.0568503177331209641476 0.997893905870520958601 2.95417858355528961667
23896 1477.085000 -0.317517258021905168786 0.0253013378076465053623 -0.054801348577903821746 -0.0312367135686304406295 -0.0568479696410533058559 0.997894070567172608577 2.95418809011419769561
23897 1477.095000 -0.317518132328982349843 0.0252982252835389984091 -0.0548014560817262144643 -0.0312356044658632162059 -0.0568453764216405588172 0.997894253011377019291 2.95419890570093723881
23898 1477.104000 -0.317518926849350402453 0.0252954410216132408173 -0.0548015420347574069848 -0.031234658683036004706 -0.0568430916708551892125 0.997894412764323002207 2.95420860583295441515
23899 1477.114000 -0.317519785712132018851 0.0252924185833519228617 -0.0548016436008966559279 -0.0312337217226451510643 -0.0568406131868903000126 0.997894583270142132569 2.95421915228552300903
23900 1477.123000 -0.317520511399865423829 0.0252898003844654120642 -0.054801756071943721893 -0.0312330215446271243496 -0.0568384354212125367245 0.997894729229522270408 2.95422828091708655762
23901 1477.133000 -0.317521246379829036321 0.0252870268337325870833 -0.0548019182530900539341 -0.0312324278735725997802 -0.0568360644108879126124 0.997894882856608100852 2.95423791812188785144
23902 1477.143000 -0.317521889636830589865 0.0252844085209633778755 -0.0548021332321669829568 -0.0312320451517229778771 -0.0568337349797851179578 0.997895027507346821238 2.95424694882607541402
23903 1477.152000 -0.317522388298208224633 0.0252821773064777072237 -0.0548023764972789123595 -0.0312318675571874801444 -0.0568316553686732395256 0.997895151504879618365 2.95425457442877181791
23904 1477.162000 -0.317522859531097711994 0.0252798151953885254228 -0.054802701718839753886 -0.0312318259151065230617 -0.0568293480532063924326 0.997895284210651101198 2.9542625592745577201
23905 1477.172000 -0.317523252880437312218 0.0252775522140857612785 -0.0548030798870073054818 -0.0312319098617725512956 -0.0568270387258559134258 0.997895413094997740799 2.95427010104242393496
23906 1477.181000 -0.317523562835423545092 0.0252755583429371301352 -0.0548034550926112459801 -0.031232033004461503406 -0.056824935177653239371 0.997895529029198424809 2.95427669954661986651
23907 1477.190000 -0.317523846091746442255 0.02527358004303121089 -0.0548038520794884506659 -0.0312321625943809064174 -0.0568228147914118936201 0.997895645715953016897 2.95428320766799012986
23908 1477.199000 -0.317524120305594570457 0.0252715910363268195238 -0.0548042583097188631958 -0.0312322576811766700056 -0.0568206801665342778329 0.997895764288810327436 2.95428973722657106649
23909 1477.209000 -0.317524435782193914513 0.025269338556665688067 -0.0548047059855452933785 -0.0312322774087961073375 -0.0568182916010599795009 0.99789589967460889941 2.95429716316139900911
23910 1477.219000 -0.317524780759221636472 0.02526702489690830708 -0.0548051319742437897942 -0.0312321759347989995337 -0.0568159078137306858269 0.997896038576002841758 2.95430482611813038929
23911 1477.228000 -0.317525126676243107937 0.0252648802420485756037 -0.0548054884877110723429 -0.0312319688077930743275 -0.0568137757842688759236 0.997896166444948162777 2.95431198922473958746
23912 1477.237000 -0.317525514181055179552 0.0252626726960479830453 -0.0548058123804781791022 -0.031231645710545870992 -0.0568116615219382350976 0.997896296927354820028 2.95431943316400635879
23913 1477.246000 -0.317525945423607736107 0.0252604060997273435762 -0.0548061007150545398403 -0.031231214342286570812 -0.056809570649146878818 0.99789642946217904651 2.95432715110938159953
23914 1477.256000 -0.317526470906125846128 0.0252578339893518646897 -0.0548063797866380486568 -0.0312306353612419179688 -0.056807289017198669967 0.997896577471558243744 2.95433597658126556595
23915 1477.265000 -0.317526984562205571994 0.025255475598758243827 -0.0548065976008454969204 -0.0312300366948971286352 -0.0568052533979471335757 0.997896712087193216156 2.95434415168492048309
23916 1477.271000 -0.317527343164562825262 0.0252538900957272119396 -0.0548067281469399175675 -0.0312296138195948362604 -0.0568039092224924269114 0.997896801837605651464 2.95434967653402669185
23917 1477.277000 -0.317527711488449382315 0.0252522991429486240444 -0.0548068494571582881525 -0.0312291815081001400412 -0.0568025735715501564616 0.997896891396091390014 2.95435523823072632155
23918 1477.286000 -0.317528275696644546322 0.0252499118424072271916 -0.0548070193723451740131 -0.0312285327931957450154 -0.0568005816803473784216 0.997897025078418820065 2.95436360640920536724
23919 1477.296000 -0.317528898822981742178 0.025247406617462116174 -0.0548071968434028639061 -0.0312278413401096965885 -0.0567983549123641517919 0.997897173462519604392 2.95437245349617993995
23920 1477.305000 -0.317529472202921381196 0.0252449195794509848034 -0.0548073651844744741402 -0.0312272583884344659411 -0.0567963900661379861301 0.997897303538293534153 2.95438112216083004213
23921 1477.315000 -0.317530083828864329032 0.0252423386861602983 -0.0548075602836488873226 -0.0312266789773139145925 -0.0567941641901774096901 0.997897448355284266697 2.95439016231333972939
23922 1477.324000 -0.317530612898086039841 0.0252400545647396661042 -0.0548077510854828031661 -0.031226229938258662916 -0.0567921514698013704669 0.997897576956309761975 2.95439811337209734532
23923 1477.334000 -0.317531175180454594553 0.0252375557048865190035 -0.0548079845838061602281 -0.0312258047399107223352 -0.0567898890243184739646 0.997897719018813300629 2.95440676401461210787
23924 1477.344000 -0.317531706029965832272 0.0252350979442354031446 -0.0548082443040381062094 -0.0312254579064680029554 -0.0567876044572004703981 0.997897859882735827064 2.95441521256739392243
23925 1477.352000 -0.317532108585898142916 0.0252331577232856318904 -0.0548084707118533312475 -0.0312252287925447909178 -0.0567857629232939795094 0.997897971846858133915 2.95442184205910995942
23926 1477.359000 -0.317532450874485949743 0.0252314699614062977473 -0.054808679072447887004 -0.0312250457466932973549 -0.0567841350300741093404 0.997898070209078613679 2.95442758954219319989
23927 1477.365000 -0.317532734795692384022 0.0252300319091614787259 -0.0548088658756934188343 -0.0312249050558120848364 -0.0567827365928535027217 0.997898154186729557935 2.95443246991774266519
23928 1477.371000 -0.317533012756141264088 0.0252285980578926677387 -0.0548090583873162562334 -0.0312247715541789198912 -0.0567813344100840042272 0.997898238150563998694 2.95443732605779052491
23929 1477.377000 -0.317533286319491403482 0.025227166189940412877 -0.0548092552990288167658 -0.0312246409299889692013 -0.0567799303050764564427 0.997898322131741011276 2.95444216912577095613
23930 1477.384000 -0.317533599358697127268 0.0252255002757782731404 -0.0548094886897644018031 -0.0312244939990351938475 -0.0567783029225831029074 0.997898419325201513352 2.95444778298045562792
23931 1477.393000 -0.317534003727372948767 0.0252233471222185964833 -0.0548097913907490685848 -0.031224284431569996473 -0.0567762013500449705394 0.997898545455396246417 2.95445506573275951112
23932 1477.402000 -0.317534410766943664406 0.0252211836617195622745 -0.0548100929196009001299 -0.0312240531372298471546 -0.056774109829995374199 0.997898671689012251029 2.95446239781199082586
23933 1477.412000 -0.317534872114199007154 0.0252187603030139748106 -0.0548104228876917648483 -0.0312237593879121783091 -0.0567717954672940852689 0.997898812550203184735 2.95447065314039924999
23934 1477.421000 -0.31753529663744473055 0.0252165654619382478829 -0.0548107106059335727477 -0.0312234643384368681929 -0.0567697371992627181081 0.99789893887759650859 2.95447814672567954375
23935 1477.430000 -0.317535732609780352309 0.0252143547787231983581 -0.0548109883875817424648 -0.0312231374227589300596 -0.0567676969308796228186 0.9978990651737494888 2.95448572539903508982
23936 1477.439000 -0.317536180418029445605 0.0252121296940723410573 -0.0548112554489445236161 -0.0312227814011155520302 -0.0567656738372456642905 0.997899191399302387673 2.95449338336977529451
23937 1477.448000 -0.317536639358008632161 0.0252098928136935303279 -0.0548115119731400132763 -0.0312224011154303600357 -0.0567636656662743530055 0.997899317530939522491 2.95450110814587674213
23938 1477.458000 -0.317537161963906244821 0.0252073960038954672513 -0.0548117850946106266452 -0.0312219537962392899855 -0.0567614444473902232668 0.997899457874084405695 2.95450975667240767208
23939 1477.467000 -0.317537638356383045135 0.0252051459528448013048 -0.0548120234679273787837 -0.0312215435028474798396 -0.0567594560377543758123 0.997899583811717061366 2.95451756190827730109
23940 1477.477000 -0.317538128668411190336 0.0252027607614598546382 -0.0548122642325856723744 -0.0312211290425456339248 -0.0567574834361318364406 0.997899708976461297105 2.9545258087199064434
23941 1477.486000 -0.317538652289033218601 0.0252004044349714920181 -0.0548125111341679280286 -0.0312206802801562634253 -0.0567552738203931997352 0.997899848690446678035 2.95453400011411204673
23942 1477.496000 -0.317539187048754001363 0.0251979159090680235322 -0.0548127647345585736205 -0.031220233643001641527 -0.0567530616034896129296 0.997899988480763000531 2.95454262360847863533
23943 1477.503000 -0.317539559356224243558 0.0251961784171234812191 -0.0548129444492243614317 -0.0312199264400882629811 -0.0567514992337770154962 0.997900086946480913141 2.95454864849579701414
23944 1477.508000 -0.317539821832827917625 0.0251949461984511298429 -0.0548130720558378387031 -0.0312197176727123486273 -0.0567503934108207486187 0.997900156366433921384 2.95455289028313616839
23945 1477.515000 -0.317540189110532500294 0.0251932189215541210703 -0.05481325450730366311 -0.0312194250364198899739 -0.0567488234924135720449 0.997900254801361463741 2.9545588628197028136
23946 1477.520000 -0.317540447301635220256 0.0251919944714046294132 -0.0548133848232850856563 -0.0312192270137310497191 -0.0567477117114874377024 0.997900324220898804484 2.9545630643312601471
23947 1477.526000 -0.317540755850310607578 0.0251905256156954582281 -0.0548135440484007613327 -0.0312189911697815167257 -0.0567463656804861743543 0.997900408143216344214 2.95456811515573347648
23948 1477.530000 -0.317540961066430926785 0.0251895457060175298469 -0.0548136522130006909048 -0.0312188339644249128468 -0.0567454593139047266948 0.997900464602134440462 2.9545714955705428828
23949 1477.540000 -0.317541259894560001786 0.0251876630943749582614 -0.0548138304564044498424 -0.0312186524699432123298 -0.0567443945637709223906 0.997900530826370424364 2.95457780050402885053
23950 1477.540000 -0.317541467548465738968 0.0251871100627822433471 -0.0548139236818438874144 -0.0312184555470140512323 -0.0567432037128004426729 0.997900604702526061729 2.95457984984195798361
23951 1477.550000 -0.317541762026681384512 0.0251852321826736974542 -0.0548141073466142936255 -0.031218282865179660529 -0.0567421312188046075842 0.997900671088910340423 2.95458614303879940621
23952 1477.555000 -0.317542012005558649257 0.0251840191522788164891 -0.0548142470262048195351 -0.0312181010004988108986 -0.0567410013382042902053 0.99790074102440695647 2.95459029688063257169
23953 1477.560000 -0.31754225678251724041 0.0251828129269698886006 -0.054814388765989291441 -0.0312179272617916746257 -0.0567398742049674484345 0.997900810548163597069 2.95459441851657667044
23954 1477.566000 -0.317542510262066590698 0.0251814755940700137071 -0.0548145393460939406305 -0.0312177568490297520365 -0.056738763412087833693 0.99790087903748325715 2.95459895011503315132
23955 1477.570000 -0.317542785361941859446 0.0251802935389472126726 -0.0548146922581659312712 -0.0312175439323984157958 -0.0567373894118795782382 0.997900963820334996335 2.95460304334127110693
23956 1477.570000 -0.317542944960489237349 0.0251798576358834812206 -0.0548147703480460143921 -0.0312173937617632180075 -0.0567364391686644223278 0.997901022545414240206 2.9546046531621628084
23957 1477.581000 -0.317543479300103403951 0.0251772083392644493993 -0.0548150862187485737875 -0.0312170137963738471287 -0.0567339736429214175351 0.997901174608147867318 2.95461370035227943731
23958 1477.581000 -0.317543479300103403951 0.0251772083392644493993 -0.0548150862187485737875 -0.0312170137963738471287 -0.0567339736429214175351 0.997901174608147867318 2.95461370035227943731
23959 1477.586000 -0.317543725254629427557 0.0251759975915905945265 -0.0548152306053034527045 -0.0312168316484808076872 -0.0567328420699173968655 0.997901244639217921417 2.9546178627109620507
23960 1477.597000 -0.317544259733764544507 0.0251733444960215019259 -0.0548155486946719366914 -0.0312164472434620539343 -0.0567303874368905169945 0.997901396212449554035 2.95462695280517406715
23961 1477.602000 -0.317544457374571598152 0.0251728028562090491715 -0.0548156449618802388279 -0.0312162626989145736145 -0.0567292266914116091736 0.997901467972718614341 2.95462893349711031021
23962 1477.608000 -0.317544742325239881531 0.0251714851013587273543 -0.0548158077794191553322 -0.0312160450029316978438 -0.0567278820875738512552 0.997901551220476523696 2.95463348702907424581
23963 1477.613000 -0.317545045778238166356 0.0251694739153440656676 -0.0548160065584105474223 -0.0312158670678754045225 -0.0567268293695014289013 0.997901616630058607704 2.95464024896163524048
23964 1477.619000 -0.317545300038604261239 0.0251681323008075934211 -0.0548161584399515233734 -0.0312156889655573789588 -0.0567257373200381054268 0.997901684279520417853 2.95464483348257944684
23965 1477.624000 -0.317545542044831485828 0.0251674740448670636317 -0.0548162733089253284557 -0.03121545786161855629 -0.0567243444159303625285 0.99790177068741225952 2.95464727269215865491
23966 1477.629000 -0.317545789240993858726 0.0251662633139008232175 -0.0548164139914022602307 -0.0312152759838933910319 -0.0567232497864218684902 0.997901838598825530191 2.95465142911353151334
23967 1477.634000 -0.317545881117085648793 0.0251649364757434504392 -0.0548165044330327991262 -0.0312152898277167252516 -0.0567233638282817059784 0.997901831683345452717 2.95465570969230562071
23968 1477.640000 -0.317546386679841530221 0.0251629238056997814321 -0.0548167670641863322145 -0.0312148623384987111695 -0.056720876384715145091 0.997901986445231092837 2.95466281460313417995
23969 1477.645000 -0.317546589494094422257 0.0251623746001814717344 -0.0548168616617585591211 -0.0312146701585389839406 -0.0567197230333196383834 0.997902058012667403375 2.95466485512650667289
23970 1477.645000 -0.31754663552299083884 0.0251617104543504430114 -0.0548169066913429675614 -0.0312146766744958899242 -0.0567197813551708826529 0.997902054493890799947 2.9546669983436757434
23971 1477.655000 -0.317547093135067848291 0.0251599414471514529201 -0.0548171379247852086358 -0.0312142866049122703898 -0.0567175257041676664227 0.99790219490175657846 2.95467325444675532609
23972 1477.660500 -0.317547343094439604716 0.0251587282838617101732 -0.0548172756382815928866 -0.0312140987076902423625 -0.0567164308771136160825 0.997902263004963874238 2.95467743807132521283
23973 1477.668000 -0.317547726192140222778 0.0251570523337861298718 -0.054817476485666247199 -0.0312137941023897177995 -0.0567146598435639970326 0.997902373189162528178 2.95468326471752007478
23974 1477.676000 -0.317548122168319402192 0.0251552370297495331286 -0.0548176867766085595957 -0.0312134806576310590287 -0.0567128830265329203497 0.997902483975290355289 2.9546895726866986287
23975 1477.676000 -0.317548196065129184618 0.0251541761323884824342 -0.0548177563402766285239 -0.0312134874312172093391 -0.0567129735707320795091 0.997902478617598398536 2.95469299466885804151
23976 1477.693000 -0.317549047811100659811 0.0251500576092729931366 -0.0548182196361585646893 -0.0312128423591790139791 -0.0567092403378249357293 0.997902710955415828131 2.95470718042570990036
23977 1477.703000 -0.317549549058808333601 0.0251476384018466808667 -0.0548184908228789222195 -0.0312124590712711535989 -0.0567070363303293495383 0.997902848191823954593 2.9547155060030831919
23978 1477.712000 -0.31754995486711656838 0.0251455781919518624179 -0.0548187178232455302185 -0.03121216150349254842 -0.0567052884457875383539 0.997902956823237263784 2.95472255710249687155
23979 1477.720000 -0.31755031848744158518 0.0251445992806421901589 -0.0548188847584832883442 -0.0312118148851562096646 -0.0567032088720854088315 0.997903085833079961375 2.95472617062784781439
23980 1477.729000 -0.317550763120610091139 0.0251424347125285274629 -0.0548191304535830814526 -0.0312114781423075658695 -0.056701227550104454922 0.997903208946881559172 2.95473360147350838645
23981 1477.738000 -0.317551279286176546535 0.0251392193836000241158 -0.0548194472419607781166 -0.0312111521537094954715 -0.0566993336837702949227 0.997903326751171104725 2.95474441617547300964
23982 1477.747000 -0.317551720829642336597 0.0251370631423229115575 -0.0548196940858337450342 -0.0312108188533569523571 -0.0566973553095415083725 0.997903449581875490182 2.95475181444537682296
23983 1477.756000 -0.317552161331437987624 0.0251349096919638095859 -0.0548199412731999874415 -0.0312104866990179433128 -0.0566953798043699705445 0.997903572209684508465 2.95475920351610632508
23984 1477.765000 -0.317552519271167177362 0.0251339407746176725367 -0.0548201088008745257563 -0.031210144055855475187 -0.0566933101786200877026 0.997903700508723234819 2.95476277460011482745
23985 1477.765000 -0.317552601115290322742 0.0251327584487818292414 -0.0548201886921126924079 -0.0312101554739232824043 -0.0566934077231708855038 0.99790369460986982908 2.95476658678973969074
23986 1477.781000 -0.317553383714527404091 0.0251289360182481782968 -0.054820627948662478679 -0.0312095644318808838891 -0.0566899078234102474227 0.997903911926867670523 2.95477971572402431377
23987 1477.788000 -0.317553722674632110667 0.0251272702816156649763 -0.0548208203601455307252 -0.0312093152764158950074 -0.0566883925411812844564 0.997904005799693183398 2.95478542217318462804
23988 1477.794000 -0.317554015602846351207 0.0251258385940820762328 -0.0548209852691028676208 -0.0312090957515124903243 -0.0566870863320452708645 0.997904086866847173098 2.95479034373317706041
23989 1477.804000 -0.317554505177112533776 0.0251234496560061616732 -0.0548212607795302842018 -0.0312087269537730770119 -0.0566849052521967156082 0.997904222297147147636 2.95479857458818973015
23990 1477.812000 -0.317554895105646439735 0.0251215444242550399456 -0.0548214794040717268153 -0.0312084380802669404675 -0.0566831761426399363679 0.997904329550169166829 2.95480511461671957463
23991 1477.822000 -0.317555385308667059707 0.0251191560969252491997 -0.0548217543239758256512 -0.03120806993334509713 -0.0566810008645825674778 0.997904464621751530196 2.95481334947199192342
23992 1477.831000 -0.317555825693168258805 0.0251170098744483531739 -0.0548220006664936060359 -0.0312077418114372964753 -0.0566790516108419267782 0.997904585599007187824 2.95482073752451190884
23993 1477.840000 -0.317556266133124986961 0.0251148642918533233914 -0.0548222467258597939699 -0.0312074139191922880765 -0.0566771036545739154144 0.997904706491458903805 2.95482812376957504341
23994 1477.840000 -0.317556266133124986961 0.0251148642918533233914 -0.0548222467258597939699 -0.0312074139191922880765 -0.0566771036545739154144 0.997904706491458903805 2.95482812376957504341
23995 1477.852000 -0.31755679906760392317 0.0251127888113688718663 -0.0548225209766198262606 -0.0312069688005374712425 -0.0566744410756767694193 0.997904871632081857946 2.95483543775439638779
23996 1477.859000 -0.317557142898884592341 0.0251111199014697125675 -0.0548227111745109574326 -0.0312067102438427293465 -0.0566729241916356443753 0.99790496586565102799 2.95484118376353732671
23997 1477.866000 -0.317557536268798290546 0.0251086754655827984473 -0.0548229552636699604684 -0.0312064710171943149319 -0.0566714877824472315626 0.997905054922148759822 2.95484940833732823151
23998 1477.872000 -0.317557829110446387944 0.0251072484711048413142 -0.0548231187056293228776 -0.031206252849725415327 -0.056670190736134037901 0.997905135403666099236 2.95485431720718549897
23999 1477.878000 -0.317558121673938598128 0.0251058223836821657604 -0.0548232820581195656739 -0.031206034735382841977 -0.0566688939325768262223 0.997905215867996409074 2.95485922188192118298
24000 1477.885000 -0.317558422942755991247 0.0251042666217378626636 -0.0548234542744539116166 -0.0312058181251796580569 -0.056667608311640603469 0.997905295648528478658 2.95486454343110294118
24001 1477.891000 -0.317558755592363350928 0.0251027328022043680344 -0.0548236365636618205865 -0.0312055590492295135963 -0.0566660779562124031217 0.997905390652583768052 2.95486985910717070425
24002 1477.898000 -0.317558818546652854575 0.0251018220445185652467 -0.0548236981055251204609 -0.031205567876540211969 -0.0566661534540767661272 0.997905386089393720006 2.95487279579862827106
24003 1477.904000 -0.317559151179388876596 0.0251002906791296387379 -0.0548238790305431572536 -0.0312053088194253619436 -0.0566646281491930761676 0.997905480803767397369 2.95487808923028483221
24004 1477.910000 -0.317559442278478654131 0.0250988696214728759792 -0.0548240419952772950474 -0.031205090920427717982 -0.056663333082694299081 0.997905561155266740414 2.95488297241477626542
24005 1477.916000 -0.31755996967304256362 0.0250968100561940674065 -0.0548243147569235367289 -0.0312046473350614979314 -0.0566606802046206864398 0.997905725659214870582 2.95489021272025009779
24006 1477.926000 -0.317560450411043027064 0.0250944519040543698174 -0.0548245858935213145613 -0.0312042917756079618563 -0.0566585368070550224329 0.997905858476472951146 2.95489829562736439073
24007 1477.935000 -0.317560884845977109414 0.0250923276571967598936 -0.0548248297809778781242 -0.0312039655817979051655 -0.0566566004455801436324 0.997905978616181910112 2.95490559233304717068
24008 1477.945000 -0.317561368037767854933 0.0250899667918423607826 -0.0548251014201631275968 -0.0312036002706694466646 -0.0566544443895531171784 0.997906112447989435132 2.95491371728205276526
24009 1477.954000 -0.317561801452915126731 0.0250878469653767512126 -0.0548253449292932168446 -0.0312032748722655059459 -0.0566525131519270003233 0.997906232263741643784 2.95492099999025192858
24010 1477.964000 -0.317562194982417722589 0.0250867850781276192917 -0.0548255265519535309182 -0.0312028965526286589105 -0.056650258566621813916 0.997906372086610482519 2.954924924191426161
24011 1477.973000 -0.317562716952551449268 0.0250833757945560439917 -0.0548258576660658886182 -0.0312025856878009634487 -0.0566484409266054672605 0.997906484990943587476 2.95493636702600337429
24012 1477.981000 -0.317562788136989238019 0.0250823421498323761991 -0.0548259287251973634336 -0.0312025975773927988222 -0.0566485289156022156498 0.997906479624279030283 2.95493970119071791558
24013 1477.990000 -0.317563523274828396481 0.0250795135750984110601 -0.0548263084650925519581 -0.0312019771514065527573 -0.0566448015018146122657 0.997906710612100789071 2.95494966863602215312
24014 1477.990000 -0.317563523274828396481 0.0250795135750984110601 -0.0548263084650925519581 -0.0312019771514065527573 -0.0566448015018146122657 0.997906710612100789071 2.95494966863602215312
24015 1478.007000 -0.317564347159993209946 0.0250753987522834911883 -0.0548267750705995066118 -0.0312013733857068945032 -0.0566411950264771729691 0.997906934200188056039 2.95496377450392166963
24016 1478.015000 -0.317564733621726269508 0.0250735184825106628692 -0.0548269907872248191127 -0.0312010805570136114107 -0.0566394807017235671354 0.997907040659556376916 2.95497025778614386127
24017 1478.023000 -0.317565115591262880912 0.0250716458695979388382 -0.0548272071655036552507 -0.0312007992791290302004 -0.0566377815452758157089 0.997907145893831670769 2.95497669492567327509
24018 1478.030000 -0.317565452594346875337 0.0250700050076683618461 -0.0548273949329887710924 -0.0312005461616778542733 -0.0566362894320007956295 0.997907238493933146373 2.95498233988391945104
24019 1478.036000 -0.317565739927571810686 0.0250686007381605083233 -0.0548275565164884071123 -0.0312003327905259059127 -0.0566350139671088076421 0.9979073175534417528 2.95498716864908006485
24020 1478.043000 -0.31756580176975301999 0.0250677010514072026726 -0.0548276187974010217885 -0.0312003438310226623165 -0.0566350907879032555714 0.997907312848378746928 2.95499007084937126422
24021 1478.050000 -0.317566408105143527241 0.0250653285463686495427 -0.0548279341649724888397 -0.0311998395623516652786 -0.0566320434098233072007 0.997907501560395870932 2.95499841704184262881
24022 1478.057000 -0.317566744178584825509 0.0250636913871766855988 -0.0548281216827222334098 -0.0311995874019881970496 -0.0566305542844854695184 0.997907593952154448047 2.95500404784937176217
24023 1478.066000 -0.317567173805567093403 0.0250615902751580472974 -0.054828363691132322999 -0.0311992684948517243204 -0.0566286451481963423737 0.99790771226304564312 2.95501127048054845758
24024 1478.072000 -0.317567226678080571922 0.0250608210951736021244 -0.0548284168089976792215 -0.0311992777612984766022 -0.0566287101126706771126 0.997907708286767558548 2.95501375131598020829
24025 1478.079000 -0.317567790791955961716 0.0250585635353821750693 -0.0548287129360204572581 -0.0311988154871560147141 -0.0566259006344064647065 0.99790788216625525564 2.95502165599610355784
24026 1478.088000 -0.317568219165784759728 0.0250564671141148623268 -0.0548289545659562671531 -0.0311984971686134412994 -0.0566239950624187332595 0.997908000247312965136 2.9550288605326970881
24027 1478.097000 -0.317568647020792571567 0.0250543726918411140125 -0.0548291960177079013006 -0.0311981790646884797613 -0.0566220911320136216505 0.997908118224762108461 2.95503605759378951134
24028 1478.107000 -0.31756873484068331992 0.0250530942170636150568 -0.0548292844724513894761 -0.0311981947470316919868 -0.0566221989602736230918 0.997908111616209625439 2.95504018098149767724
24029 1478.116000 -0.317569549737569289949 0.0250499545618204227937 -0.0548297059882496273797 -0.0311975049898559793349 -0.0566180702453815409836 0.997908367438662735616 2.95505125347049713014
24030 1478.125000 -0.317569976091302441645 0.0250478663240977471316 -0.054829946837201805343 -0.0311971876458336065674 -0.0566161720193905232401 0.997908485057052541123 2.95505842854411238108
24031 1478.135000 -0.317570063639693755952 0.0250465920465469081557 -0.0548300347418302080893 -0.0311972028861919326026 -0.0566162792976514436805 0.997908478494179407292 2.95506253825382847467
24032 1478.145000 -0.317570920950711876873 0.0250432357051816080473 -0.0548304804965692935137 -0.0311964868621630100898 -0.0566119680707600839153 0.997908745466545066272 2.95507432465149966205
24033 1478.155000 -0.317571008286132994147 0.0250419629987484841649 -0.0548305688083852091341 -0.0311965028830160882867 -0.0566120759248814817144 0.997908738847067877664 2.95507842968781408999
24034 1478.155000 -0.317571394339833001919 0.0250409190049220159446 -0.0548307482813406021904 -0.0311961322622505039803 -0.0566098587317452953127 0.997908876213779438835 2.95508230063507459917
24035 1478.173000 -0.317572243387027497441 0.0250367599283238331798 -0.054831228216175892376 -0.0311955012148113081105 -0.0566060809780112444978 0.997909110240139840542 2.95509659371582689147
24036 1478.183000 -0.317572716098299623333 0.0250344504603741448145 -0.0548314937824607856465 -0.031195147516717959546 -0.0566039820170569293878 0.997909240357670479504 2.95510453342078527328
24037 1478.193000 -0.317573184124887941682 0.0250321495896816369198 -0.0548317599151103146626 -0.0311948054999329725534 -0.0566018991597929815862 0.997909369192075623722 2.9551124239359118917
24038 1478.203000 -0.317573655531152021503 0.0250298426865272309605 -0.0548320268152593104372 -0.0311944536105332112519 -0.0565998003667496918379 0.997909499234466812467 2.95512036783887177549
24039 1478.212000 -0.317574078431983986004 0.0250277710289626489915 -0.0548322661159963142818 -0.0311941403388197070756 -0.0565979197309598239252 0.997909615692047391455 2.95512748815345993592
24040 1478.222000 -0.31757454947689606195 0.0250254694019409681949 -0.0548325310620446718102 -0.0311937888655927364479 -0.0565958286382898453915 0.997909745276071680209 2.9551354011834005675
24041 1478.232000 -0.317575015766646040483 0.0250231764518273683273 -0.054832796595066554679 -0.0311934490089223054321 -0.056593753435471946811 0.997909873591304230622 2.95514326424196660525
24042 1478.241000 -0.317575437423244122392 0.0250211102267604498794 -0.0548330355004576219802 -0.03119313709508811025 -0.0565918777939991915482 0.997909989711454947781 2.95515036527960228696
24043 1478.250000 -0.317575858661263310534 0.0250190457595887011388 -0.0548332742769338868372 -0.0311928255605620277646 -0.0565900037069813066637 0.997910105727961793676 2.95515745997698431324
24044 1478.260000 -0.317576327303596417373 0.0250167508557915946321 -0.0548335402902825619353 -0.0311924765652004214178 -0.0565879159180388349726 0.99791023503007647566 2.95516536126516671246
24045 1478.268000 -0.317576699841721876716 0.0250149222216810435127 -0.0548337514206137174866 -0.0311922035648806543484 -0.0565862602925106122909 0.997910337446644146731 2.95517162990752302321
24046 1478.278000 -0.317577167510118330007 0.0250126313787553435086 -0.0548340171140637641645 -0.0311918553338392974539 -0.0565841761130335685337 0.997910466512122673599 2.95517951661409217223
24047 1478.287000 -0.317577586955231416788 0.0250105744073338617794 -0.0548342552993995036026 -0.031191545223017657501 -0.0565823087062939031333 0.997910582090432596303 2.95518658443087600673
24048 1478.297000 -0.317578054083772876037 0.0250082893313509496691 -0.0548345189640338237513 -0.0311911971372058095808 -0.0565802324783528029495 0.997910710692015312517 2.95519443826782568507
24049 1478.307000 -0.317578516410981448459 0.0250060131277665687044 -0.0548347831672076069243 -0.0311908605661199087034 -0.0565781723647971745983 0.997910838015603540718 2.95520224158883504373
24050 1478.316000 -0.317578934489250674922 0.025003962090321536077 -0.0548350208342402237194 -0.0311905515558141173404 -0.0565763105176779676486 0.997910953232727826467 2.9552092886954515194
24051 1478.326000 -0.317579399651252203274 0.025001682133916867945 -0.0548352855799549357418 -0.0311902053607567043836 -0.0565742365309029326959 0.997911081635282304347 2.95521713738827696005
